 ph         7.4   7.4   7.4   7.4   7.4
GLU A0003 -0.99 -0.99 -0.99 -0.99 -0.99
ASP A0004 -1.00 -1.00 -1.00 -1.00 -1.00
ARG A0006  1.00  1.00  1.00  1.00  1.00
GLU A0008 -1.00 -1.00 -1.00 -1.00 -1.00
ARG A0011  1.00  1.00  1.00  1.00  1.00
ASP A0012 -1.00 -1.00 -1.00 -1.00 -1.00
ARG A0013  1.00  1.00  1.00  1.00  1.00
LYS A0018  1.00  1.00  1.00  1.00  1.00
GLU A0022 -0.99 -0.99 -0.99 -0.99 -0.99
GLU A0032 -1.00 -1.00 -1.00 -1.00 -1.00
ASP A0037 -1.00 -1.00 -1.00 -1.00 -1.00
LYS A0038  1.00  1.00  1.00  1.00  1.00
ASP A0039 -1.00 -1.00 -1.00 -1.00 -1.00
LYS A0040  0.98  0.98  0.98  0.98  0.98
ARG A0043  1.00  1.00  1.00  1.00  1.00
LYS A0046  1.00  1.00  1.00  1.00  1.00
LYS A0050  0.00  0.00  0.00  0.00  0.00
LYS A0053  1.00  1.00  1.00  1.00  1.00
ASP A0055 -1.00 -1.00 -1.00 -1.00 -1.00
GLU A0058 -1.00 -1.00 -1.00 -1.00 -1.00
LYS A0059  1.00  1.00  1.00  1.00  1.00
ASP A0060 -1.00 -1.00 -1.00 -1.00 -1.00
ASP A0063 -0.99 -0.99 -0.99 -0.99 -0.99
GLU A0067 -0.98 -0.98 -0.98 -0.98 -0.98
GLU A0069 -1.00 -1.00 -1.00 -1.00 -1.00
LYS A0072  1.00  1.00  1.00  1.00  1.00
LYS A0076  1.00  1.00  1.00  1.00  1.00
HIS A0077  0.00  0.00  0.00  0.00  0.00
LYS A0078  0.98  0.98  0.98  0.98  0.98
CYS A0087  0.00  0.00  0.00  0.00  0.00
ASP A0090 -1.00 -1.00 -1.00 -1.00 -1.00
TYR A0094  0.00  0.00  0.00  0.00 -0.00
GLU A0098 -1.00 -1.00 -1.00 -1.00 -1.00
TYR A0099 -0.00 -0.00 -0.00 -0.00 -0.00
LYS A0102  1.00  1.00  1.00  1.00  1.00
ARG A0106  1.00  1.00  1.00  1.00  1.00
GLU A0107 -1.00 -1.00 -1.00 -1.00 -1.00
TYR A0108  0.00 -0.00 -0.00  0.00  0.00
ARG A0112  1.00  1.00  1.00  1.00  1.00
ARG A0113  1.00  1.00  1.00  1.00  1.00
GLU A0118 -1.00 -1.00 -1.00 -1.00 -1.00
TYR A0119 -0.00 -0.00 -0.00 -0.00 -0.00
TYR A0121 -0.01 -0.01 -0.01 -0.01 -0.01
HIS A0125  0.61  0.61  0.61  0.61  0.61
GLU A0128 -0.01 -0.01 -0.01 -0.01 -0.01
GLU A0129 -0.99 -0.98 -0.99 -0.98 -0.98
LYS A0134  1.00  1.00  1.00  1.00  1.00
ASP A0135 -1.00 -1.00 -1.00 -1.00 -1.00
CYS A0139  0.00  0.00  0.00  0.00  0.00
TYR A0141 -0.00 -0.00 -0.00  0.00  0.00
ARG A0145  1.00  1.00  1.00  1.00  1.00
GLU A0148 -1.00 -1.00 -1.00 -1.00 -1.00
TYR A0149  0.00  0.00  0.00  0.00  0.00
LYS A0153  1.00  1.00  1.00  1.00  1.00
LYS A0154  1.00  1.00  1.00  1.00  1.00
CYS A0155  0.00  0.00 -0.00  0.00  0.00
HIS A0157  0.00  0.00  0.00  0.00  0.00
ARG A0158  1.00  1.00  1.00  1.00  1.00
ASP A0159 -1.00 -1.00 -1.00 -1.00 -1.00
ARG A0163  1.00  1.00  1.00  1.00  1.00
GLU A0169 -1.00 -1.00 -1.00 -1.00 -1.00
ASP A0170 -1.00 -1.00 -1.00 -1.00 -1.00
LYS A0174  1.00  1.00  1.00  1.00  1.00
ASP A0177 -0.07 -0.07 -0.07 -0.07 -0.07
ARG A0182  1.00  1.00  1.00  1.00  1.00
ASP A0183 -1.00 -1.00 -1.00 -1.00 -1.00
HIS A0185  0.03  0.03  0.03  0.03  0.03
HIS A0186  0.00  0.00  0.00  0.00  0.00
ASP A0188 -1.00 -1.00 -1.00 -1.00 -1.00
TYR A0189  0.00  0.00  0.00  0.00  0.00
TYR A0190 -0.00 -0.00 -0.00 -0.00 -0.00
LYS A0191  1.00  1.00  1.00  1.00  1.00
LYS A0192  1.00  1.00  1.00  1.00  1.00
ARG A0197  1.00  1.00  1.00  1.00  1.00
LYS A0201  0.87  0.87  0.88  0.88  0.88
GLU A0206 -1.00 -1.00 -1.00 -1.00 -1.00
ASP A0210 -1.00 -1.00 -1.00 -1.00 -1.00
ARG A0211  1.00  1.00  1.00  1.00  1.00
TYR A0213  0.00  0.00  0.00  0.00  0.00
HIS A0215  0.05  0.05  0.05  0.05  0.05
ASP A0218 -1.00 -1.00 -1.00 -1.00 -1.00
GLU A0228 -1.00 -1.00 -1.00 -1.00 -1.00
TYR A0237 -0.00 -0.00 -0.00 -0.00 -0.00
GLU A0243 -0.99 -0.99 -0.99 -0.99 -0.99
GLU A0244 -1.00 -1.00 -1.00 -1.00 -1.00
LYS A0247  1.00  1.00  1.00  1.00  1.00
LYS A0250  1.00  1.00  1.00  1.00  1.00
GLU A0251 -1.00 -1.00 -1.00 -1.00 -1.00
HIS A0253  0.01  0.01  0.01  0.01  0.01
ARG A0254  1.00  1.00  1.00  1.00  1.00
ASP A0256 -1.00 -1.00 -1.00 -1.00 -1.00
LYS A0257  1.00  1.00  1.00  1.00  1.00
CYS A0261  0.00  0.00  0.00  0.00  0.00
GLU A0264 -1.00 -1.00 -1.00 -1.00 -1.00
TYR A0266  0.00  0.00  0.00  0.00  0.00
ARG A0270  1.00  1.00  1.00  1.00  1.00
ASP A0271 -0.99 -0.99 -0.99 -0.99 -0.99
CYS A0272  0.00  0.00  0.00  0.00  0.00
HIS A0274  0.00  0.00  0.00  0.00  0.00
ARG A0280  1.00  1.00  1.00  1.00  1.00
LYS A0284  1.00  1.00  1.00  1.00  1.00
GLU A0288 -1.00 -1.00 -1.00 -1.00 -1.00
ASP A0289 -1.00 -1.00 -1.00 -1.00 -1.00
ASP A0291 -1.00 -1.00 -1.00 -1.00 -1.00
ARG A0292  1.00  1.00  1.00  1.00  1.00
GLU A0301 -1.00 -1.00 -1.00 -1.00 -1.00
GLU B0006 -1.00 -1.00 -1.00 -1.00 -1.00
TYR B0007 -0.00 -0.00 -0.00 -0.00 -0.00
GLU B0008 -0.99 -0.99 -0.99 -0.99 -0.99
GLU B0011 -1.00 -1.00 -1.00 -1.00 -1.00
ASP B0012 -1.00 -1.00 -1.00 -1.00 -1.00
ARG B0014  1.00  1.00  1.00  1.00  1.00
GLU B0016 -1.00 -1.00 -1.00 -1.00 -1.00
ARG B0019  1.00  1.00  1.00  1.00  1.00
ASP B0020 -1.00 -1.00 -1.00 -1.00 -1.00
ARG B0021  1.00  1.00  1.00  1.00  1.00
LYS B0026  1.00  1.00  1.00  1.00  1.00
GLU B0030 -1.00 -1.00 -1.00 -1.00 -1.00
GLU B0040 -1.00 -1.00 -1.00 -1.00 -1.00
ASP B0045 -1.00 -1.00 -1.00 -1.00 -1.00
LYS B0046  1.00  1.00  1.00  1.00  1.00
ASP B0047 -1.00 -1.00 -1.00 -1.00 -1.00
LYS B0048  0.00  0.00  0.00  0.00  0.00
ARG B0051  0.00  0.00  0.00  0.00  0.00
LYS B0054  1.00  1.00  1.00  1.00  1.00
LYS B0058  1.00  1.00  1.00  1.00  1.00
LYS B0061  1.00  1.00  1.00  1.00  1.00
ASP B0063 -1.00 -1.00 -1.00 -1.00 -1.00
GLU B0066 -0.96 -0.96 -0.96 -0.96 -0.96
LYS B0067  1.00  1.00  1.00  1.00  1.00
ASP B0068 -0.97 -0.97 -0.97 -0.97 -0.97
ASP B0071 -0.98 -0.98 -0.98 -0.98 -0.98
GLU B0075 -1.00 -1.00 -1.00 -1.00 -1.00
GLU B0077 -1.00 -1.00 -1.00 -1.00 -1.00
LYS B0080  1.00  1.00  1.00  1.00  1.00
LYS B0084  0.98  0.98  0.98  0.98  0.98
HIS B0085  0.00  0.00  0.00  0.00  0.00
LYS B0086  1.00  1.00  1.00  1.00  1.00
CYS B0095  0.00  0.00  0.00  0.00  0.00
ASP B0098 -1.00 -1.00 -1.00 -1.00 -1.00
TYR B0102  0.00  0.00  0.00  0.00  0.00
GLU B0106 -1.00 -1.00 -1.00 -1.00 -1.00
TYR B0107 -0.00 -0.00 -0.00 -0.00 -0.00
LYS B0110  1.00  1.00  1.00  1.00  1.00
ARG B0114  1.00  1.00  1.00  1.00  1.00
GLU B0115 -1.00 -1.00 -1.00 -1.00 -1.00
TYR B0116  0.00  0.00  0.00  0.00  0.00
ARG B0120  1.00  1.00  1.00  1.00  1.00
ARG B0121  1.00  1.00  1.00  1.00  1.00
GLU B0126 -1.00 -1.00 -1.00 -1.00 -1.00
TYR B0127 -0.00 -0.00 -0.00 -0.00 -0.00
TYR B0129 -0.00 -0.00 -0.00 -0.00 -0.00
HIS B0133  0.35  0.35  0.35  0.35  0.35
GLU B0136 -1.00 -1.00 -1.00 -1.00 -1.00
GLU B0137 -0.96 -0.96 -0.96 -0.96 -0.96
LYS B0142  1.00  1.00  1.00  1.00  1.00
ASP B0143 -1.00 -1.00 -1.00 -1.00 -1.00
CYS B0147  0.00  0.00  0.00  0.00  0.00
TYR B0149 -0.00 -0.00 -0.00 -0.00 -0.00
ARG B0153  1.00  1.00  1.00  1.00  1.00
GLU B0156 -0.99 -0.99 -0.99 -0.99 -0.99
TYR B0157  0.00  0.00  0.00  0.00  0.00
LYS B0161  1.00  1.00  1.00  1.00  1.00
LYS B0162  1.00  1.00  1.00  1.00  1.00
CYS B0163  0.00  0.00  0.00  0.00 -0.00
HIS B0165  0.00  0.00  0.00  0.00  0.00
ARG B0166  1.00  1.00  1.00  1.00  1.00
ASP B0167 -0.99 -0.99 -0.99 -0.99 -0.99
ARG B0171  1.00  1.00  1.00  1.00  1.00
GLU B0177 -1.00 -1.00 -1.00 -1.00 -1.00
ASP B0178 -1.00 -1.00 -1.00 -1.00 -1.00
LYS B0182  1.00  1.00  1.00  1.00  1.00
ASP B0185 -0.03 -0.04 -0.03 -0.03 -0.04
ARG B0190  0.00  0.00  0.00  0.00  0.00
ASP B0191 -1.00 -1.00 -1.00 -1.00 -1.00
HIS B0193  0.27  0.27  0.27  0.27  0.27
HIS B0194  0.00  0.00  0.00  0.00  0.00
ASP B0196 -1.00 -1.00 -1.00 -1.00 -1.00
TYR B0197 -0.00 -0.00 -0.00  0.00 -0.00
TYR B0198 -0.00 -0.00 -0.00 -0.00 -0.00
LYS B0199  0.00  0.00  0.00  0.00  0.00
LYS B0200  1.00  1.00  1.00  1.00  1.00
ARG B0205  1.00  1.00  1.00  1.00  1.00
LYS B0209  0.99  0.99  0.99  0.99  0.99
GLU B0214 -1.00 -1.00 -1.00 -1.00 -1.00
ASP B0218 -1.00 -1.00 -1.00 -1.00 -1.00
ARG B0219  1.00  1.00  1.00  1.00  1.00
TYR B0221  0.00  0.00  0.00  0.00  0.00
HIS B0223  0.00  0.00  0.00  0.00  0.00
ASP B0226 -1.00 -1.00 -1.00 -1.00 -1.00
GLU B0236 -0.97 -0.97 -0.97 -0.97 -0.97
TYR B0245 -0.00 -0.00  0.00 -0.00 -0.00
GLU B0251 -1.00 -1.00 -1.00 -1.00 -1.00
GLU B0252 -1.00 -1.00 -1.00 -1.00 -1.00
LYS B0255  1.00  1.00  1.00  1.00  1.00
LYS B0258  1.00  1.00  1.00  1.00  1.00
GLU B0259 -1.00 -1.00 -1.00 -1.00 -1.00
HIS B0261  0.01  0.01  0.01  0.01  0.01
ARG B0262  1.00  1.00  1.00  1.00  1.00
ASP B0264 -1.00 -1.00 -1.00 -1.00 -1.00
LYS B0265  1.00  1.00  1.00  1.00  1.00
CYS B0269  0.00  0.00  0.00  0.00  0.00
GLU B0272 -1.00 -1.00 -1.00 -1.00 -1.00
TYR B0274 -0.00 -0.00 -0.00 -0.00  0.00
ARG B0278  1.00  1.00  1.00  1.00  1.00
ASP B0279 -0.98 -0.98 -0.98 -0.98 -0.98
CYS B0280  0.00  0.00  0.00  0.00  0.00
HIS B0282  0.06  0.06  0.07  0.06  0.06
ARG B0288  1.00  1.00  1.00  1.00  1.00
LYS B0292  1.00  1.00  1.00  1.00  1.00
GLU B0296 -1.00 -1.00 -1.00 -1.00 -1.00
ASP B0297 -1.00 -1.00 -1.00 -1.00 -1.00
ASP B0299 -1.00 -1.00 -1.00 -1.00 -1.00
ARG B0300  1.00  1.00  1.00  1.00  1.00

Tot Protn  -7.6  -7.7  -7.7  -7.7  -7.6
Tot Elec    0.0   0.0   0.0   0.0   0.0
Net crg    -7.6  -7.7  -7.6  -7.6  -7.6
