iConf CONFORMER     FL  occ    crg   Em0  pKa0 ne nH    vdw0    vdw1    tors    epol   dsolv   extra    history
00001 ASN01A0002_001 f 0.00  0.000     0  0.00  0  0  -2.009  -0.800   1.186   0.006   0.646   0.000 01O000M000t
00002 ASN01A0002_002 f 0.00  0.000     0  0.00  0  0  -2.187  -0.182   1.208   0.574  -0.172   0.000 01R001M000t
00003 ASN01A0003_001 f 0.00  0.000     0  0.00  0  0  -1.869   0.192   0.587   0.112   0.156   0.000 01O000M000t
00004 ASN01A0003_002 f 0.00  0.000     0  0.00  0  0  -2.155   1.197   0.591   0.321   0.172   0.000 01R001M000t
00005 TYR01A0004_001 f 0.00  0.000     0  0.00  0  0  -6.957  -3.499   0.073   0.269   0.105   0.000 01O000M000t
00006 TYR01A0004_002 f 0.00  0.000     0  0.00  0  0  -6.957  -3.499   0.073   0.268  -0.078   0.000 01O000M000t
00007 TYR-1A0004_003 f 0.00 -1.000     0 10.20  0 -1  -6.957  -3.499   0.073  -0.049  -0.437   0.000 -1O000M000t
00008 VAL01A0005_001 f 0.00  0.000     0  0.00  0  0  -5.281  -0.568   0.054   0.000   0.000   0.000 01O000M000t
00009 TYR01A0006_001 f 0.00  0.000     0  0.00  0  0  -4.280  -4.091   0.712   0.090   0.375   0.000 01O000M000t
00010 TYR-1A0006_002 f 0.00 -1.000     0 10.20  0 -1  -4.280  -4.091   0.712  -0.250   0.599   0.000 -1O000M000t
00011 ILE01A0007_001 f 0.00  0.000     0  0.00  0  0   0.977   3.002   0.846   0.000   0.000   0.000 01O000M000t
00012 ASP01A0008_001 f 0.00  0.000     0  0.00  0  0  -1.543   0.993   2.727   3.331   1.322   0.000 01O000M000t
00013 ASP01A0008_002 f 0.00  0.000     0  0.00  0  0  -1.543   0.993   0.007   0.018   0.981   0.000 01O000M000t
00014 ASP02A0008_003 f 0.00  0.000     0  0.00  0  0  -1.561   0.051   2.727  -1.164   0.533   0.000 02O000M000t
00015 ASP02A0008_004 f 0.00  0.000     0  0.00  0  0  -1.561   0.051   0.007  -1.111   1.320   0.000 02O000M000t
00016 ASP-1A0008_005 f 0.00 -1.000     0  4.75  0 -1  -1.556   0.112   0.007  -4.007   3.340   0.000 -1O000M000t
00017 PRO01A0009_001 f 0.00  0.000     0  0.00  0  0  -1.615  -1.856   0.000   0.000   0.000   0.000 01O000M000t
00018 THR01A0010_001 f 0.00  0.000     0  0.00  0  0  -3.980   0.019   0.413   0.845   1.201   0.000 01O000M000t
00019 THR01A0010_002 f 0.00  0.000     0  0.00  0  0  -3.980   0.019   0.038  -1.403   0.370   0.000 01O000M000t
00020 GLN01A0011_001 f 0.00  0.000     0  0.00  0  0  -2.657  -2.016   0.657   0.274   0.289   0.000 01O000M000t
00021 GLN01A0011_002 f 0.00  0.000     0  0.00  0  0  -2.391  -1.949   0.656   0.041  -0.087   0.000 01R001M000t
00022 LEU01A0012_001 f 0.00  0.000     0  0.00  0  0   0.292  -6.344   0.534   0.000   0.000   0.000 01O000M000t
00023 PRO01A0013_001 f 0.00  0.000     0  0.00  0  0  -6.061   2.339   0.000   0.000   0.000   0.000 01O000M000t
00024 TYR01A0014_001 f 0.00  0.000     0  0.00  0  0   2.459  -6.248   0.095   0.279   2.420   0.000 01O000M000t
00025 TYR01A0014_002 f 0.00  0.000     0  0.00  0  0   2.459  -6.248   0.095   0.410   2.545   0.000 01O000M000t
00026 TYR-1A0014_003 f 0.00 -1.000     0 10.20  0 -1   2.459  -6.248   0.095  -1.206  11.887   0.000 -1O000M000t
00027 ASP01A0015_001 f 0.00  0.000     0  0.00  0  0  -2.556  11.161   2.776   2.568   0.848   0.000 01O000M000t
00028 ASP01A0015_002 f 0.00  0.000     0  0.00  0  0  -2.556  11.161   0.056  -0.043   0.859   0.000 01O000M000t
00029 ASP02A0015_003 f 0.00  0.000     0  0.00  0  0  -2.353   7.894   2.776  -0.866   0.407   0.000 02O000M000t
00030 ASP02A0015_004 f 0.00  0.000     0  0.00  0  0  -2.353   7.894   0.056  -0.809   1.119   0.000 02O000M000t
00031 ASP-1A0015_005 f 0.00 -1.000     0  4.75  0 -1  -2.396   7.963   0.056  -4.041   2.909   0.000 -1O000M000t
00032 HIS01A0016_001 f 0.00  0.000     0  0.00  0  0  -8.458   0.150   0.039   0.533   1.352   0.000 01O000M000t
00033 HIS01A0016_002 f 0.00  0.000     0  0.00  0  0  -8.149   5.291   0.039   0.394   0.518   0.000 01R001M000t
00034 HIS02A0016_003 f 0.00  0.000     0  0.00  0  0  -8.471  -0.067   0.039   0.070   1.409   0.000 02O000M000t
00035 HIS02A0016_004 f 0.00  0.000     0  0.00  0  0  -8.163   5.308   0.039   0.352   0.623   0.000 02R001M000t
00036 HIS+1A0016_005 f 0.00  1.000     0  6.98  0  1  -8.498  -0.070   0.039   0.477   2.088   0.000 +1O000M000t
00037 HIS+1A0016_006 f 0.00  1.000     0  6.98  0  1  -8.189   5.283   0.039   0.621   0.682   0.000 +1R001M000t
00038 LYS01A0017_001 f 0.00  0.000     0  0.00  0  0  -0.093   0.035   2.065   0.049   0.547   0.000 01O000M000t
00039 LYS+1A0017_002 f 0.00  1.000     0 10.40  0  1  -0.075   0.026   2.065   0.280   2.484   0.000 +1O000M000t
00040 TRP01A0018_001 f 0.00  0.000     0  0.00  0  0   1.446  -9.608   0.195   0.000   0.000   0.000 01O000M000t
00041 GLU01A0019_001 f 0.00  0.000     0  0.00  0  0   0.363  -1.676   3.845  -1.620   0.905   0.000 01O000M000t
00042 GLU01A0019_002 f 0.00  0.000     0  0.00  0  0   0.363 997.324   1.125   5.488   2.608   0.000 01O000M000t
00043 GLU02A0019_003 f 0.00  0.000     0  0.00  0  0   0.467  -2.913   3.845  -1.615   1.633   0.000 02O000M000t
00044 GLU02A0019_004 f 0.00  0.000     0  0.00  0  0   0.467  -2.913   1.125  -0.545   2.509   0.000 02O000M000t
00045 GLU-1A0019_005 f 0.00 -1.000     0  4.75  0 -1   0.228  -2.837   1.125  -5.008   6.971   0.000 -1O000M000t
00046 PHE01A0020_001 f 0.00  0.000     0  0.00  0  0   3.492  -9.965   0.046   0.000   0.000   0.000 01O000M000t
00047 PRO01A0021_001 f 0.00  0.000     0  0.00  0  0  -3.406   0.881   0.000   0.000   0.000   0.000 01O000M000t
00048 ARG01A0022_001 f 0.00  0.000     0  0.00  0  0   1.265  -5.677   1.968  -2.912   3.496   0.000 01O000M000t
00049 ARG02A0022_002 f 0.00  0.000     0  0.00  0  0   1.219  -5.537   1.968  -1.492   4.387   0.000 02O000M000t
00050 ARG02A0022_003 f 0.00  0.000     0  0.00  0  0   1.223  -6.454   1.968  -1.961   4.361   0.000 02O000M000t
00051 ARG03A0022_004 f 0.00  0.000     0  0.00  0  0   1.226  -5.804   1.968  -1.071   4.321   0.000 03O000M000t
00052 ARG03A0022_005 f 0.00  0.000     0  0.00  0  0   1.249  -5.768   1.968  -3.408   4.305   0.000 03O000M000t
00053 ARG+1A0022_006 f 0.00  1.000     0 12.50  0  1   1.179  -5.809   1.968  -5.410   5.239   0.000 +1O000M000t
00054 ASN01A0023_001 f 0.00  0.000     0  0.00  0  0  -3.554   1.739   0.465   0.210   0.185   0.000 01O000M000t
00055 ASN01A0023_002 f 0.00  0.000     0  0.00  0  0  -3.460   0.239   0.465   0.163  -0.107   0.000 01R001M000t
00056 ARG01A0024_001 f 0.00  0.000     0  0.00  0  0  -4.616  -3.004   1.749  -0.129   0.405   0.000 01O000M000t
00057 ARG02A0024_002 f 0.00  0.000     0  0.00  0  0  -4.657  -3.005   1.749  -0.035   1.746   0.000 02O000M000t
00058 ARG03A0024_003 f 0.00  0.000     0  0.00  0  0  -4.657  -3.012   1.749  -0.093   1.518   0.000 03O000M000t
00059 ARG+1A0024_004 f 0.00  1.000     0 12.50  0  1  -4.700  -3.015   1.749  -0.591   1.220   0.000 +1O000M000t
00060 LEU01A0025_001 f 0.00  0.000     0  0.00  0  0   2.138  -3.977   1.462   0.000   0.000   0.000 01O000M000t
00061 SER01A0026_001 f 0.00  0.000     0  0.00  0  0  -3.117  -1.655   0.376  -0.033  -0.116   0.000 01O000M000t
00062 PHE01A0027_001 f 0.00  0.000     0  0.00  0  0   0.767  -4.105   0.007   0.000   0.000   0.000 01O000M000t
00063 LYS01A0029_001 f 0.00  0.000     0  0.00  0  0  -5.215  -1.364   4.322  -0.022   0.267   0.000 01O000M000t
00064 LYS+1A0029_002 f 0.00  1.000     0 10.40  0  1  -5.258  -1.371   4.322   0.086   1.255   0.000 +1O000M000t
00065 THR01A0030_001 f 0.00  0.000     0  0.00  0  0  -2.581  -2.442   0.386  -0.066   0.818   0.000 01O000M000t
00066 THR01A0030_002 f 0.00  0.000     0  0.00  0  0  -2.581  -2.442   0.386  -0.192   0.177   0.000 01O000M000t
00067 LEU01A0031_001 f 0.00  0.000     0  0.00  0  0   1.636  -2.054   0.432   0.000   0.000   0.000 01O000M000t
00068 ALA01A0033_001 f 0.00  0.000     0  0.00  0  0  -1.681  -1.377   0.000   0.000   0.000   0.000 01O000M000t
00069 ALA01A0035_001 f 0.00  0.000     0  0.00  0  0  -2.263  -0.184   0.000   0.000   0.000   0.000 01O000M000t
00070 PHE01A0036_001 f 0.00  0.000     0  0.00  0  0   0.038  -4.764   0.001   0.000   0.000   0.000 01O000M000t
00071 LYS01A0038_001 f 0.00  0.000     0  0.00  0  0  -2.822  -3.635   1.042  -0.048   0.090   0.000 01O000M000t
00072 LYS+1A0038_002 f 0.00  1.000     0 10.40  0  1  -2.866  -3.642   1.042   0.118   0.632   0.000 +1O000M000t
00073 VAL01A0039_001 f 0.00  0.000     0  0.00  0  0   0.511  -2.378   0.271   0.000   0.000   0.000 01O000M000t
00074 VAL01A0040_001 f 0.00  0.000     0  0.00  0  0   0.538   0.357   0.491   0.000   0.000   0.000 01O000M000t
00075 GLU01A0041_001 f 0.00  0.000     0  0.00  0  0   1.196  -3.668   3.125   0.442   1.352   0.000 01O000M000t
00076 GLU01A0041_002 f 0.00  0.000     0  0.00  0  0   1.196  -3.668   0.405   0.067   1.022   0.000 01O000M000t
00077 GLU02A0041_003 f 0.00  0.000     0  0.00  0  0   0.739  -3.659   3.125   0.162   0.843   0.000 02O000M000t
00078 GLU02A0041_004 f 0.00  0.000     0  0.00  0  0   0.739  -3.659   0.405   0.056   0.907   0.000 02O000M000t
00079 GLU-1A0041_005 f 0.00 -1.000     0  4.75  0 -1   0.723  -3.618   0.405  -0.609   2.707   0.000 -1O000M000t
00080 ALA01A0042_001 f 0.00  0.000     0  0.00  0  0   0.000  -2.116   0.000   0.000   0.000   0.000 01O000M000t
00081 THR01A0043_001 f 0.00  0.000     0  0.00  0  0  -2.153  -2.575   0.376  -0.123   0.149   0.000 01O000M000t
00082 ALA01A0044_001 f 0.00  0.000     0  0.00  0  0   0.000  -1.773   0.000   0.000   0.000   0.000 01O000M000t
00083 TYR01A0045_001 f 0.00  0.000     0  0.00  0  0  -2.321  -6.039   0.000   0.137   0.420   0.000 01O000M000t
00084 TYR01A0045_002 f 0.00  0.000     0  0.00  0  0  -2.321  -6.039   0.000   0.083   0.697   0.000 01O000M000t
00085 TYR-1A0045_003 f 0.00 -1.000     0 10.20  0 -1  -2.321  -6.039   0.000  -0.028   1.284   0.000 -1O000M000t
00086 LEU01A0047_001 f 0.00  0.000     0  0.00  0  0   1.539  -4.338   0.502   0.000   0.000   0.000 01O000M000t
00087 ILE01A0048_001 f 0.00  0.000     0  0.00  0  0  -4.477   5.474   1.082   0.000   0.000   0.000 01O000M000t
00088 ALA01A0049_001 f 0.00  0.000     0  0.00  0  0  -3.277  -0.229   0.000   0.000   0.000   0.000 01O000M000t
00089 ALA01A0050_001 f 0.00  0.000     0  0.00  0  0  -2.299  -0.530   0.000   0.000   0.000   0.000 01O000M000t
00090 MET01A0051_001 f 0.00  0.000     0  0.00  0  0  -2.027  -4.688   0.673  -0.021   0.080   0.000 01O000M000t
00091 THR01A0052_001 f 0.00  0.000     0  0.00  0  0  -1.849  -1.615   0.396  -0.203   0.078   0.000 01O000M000t
00092 THR01A0052_002 f 0.00  0.000     0  0.00  0  0  -1.849  -1.615   0.021  -0.281  -0.113   0.000 01O000M000t
00093 VAL01A0053_001 f 0.00  0.000     0  0.00  0  0   0.523  -2.240   0.000   0.000   0.000   0.000 01O000M000t
00094 ALA01A0054_001 f 0.00  0.000     0  0.00  0  0   0.000  -2.140   0.000   0.000   0.000   0.000 01O000M000t
00095 VAL01A0055_001 f 0.00  0.000     0  0.00  0  0   0.626  -3.130   0.065   0.000   0.000   0.000 01O000M000t
00096 LYS01A0056_001 f 0.00  0.000     0  0.00  0  0   0.569  -6.229   1.614  -0.170   1.208   0.000 01O000M000t
00097 LYS+1A0056_002 f 0.00  1.000     0 10.40  0  1   0.528  -6.318   1.614  -0.703   9.386   0.000 +1O000M000t
00098 MET01A0057_001 f 0.00  0.000     0  0.00  0  0  -0.326  -4.148   0.494   0.103   0.069   0.000 01O000M000t
00099 LEU01A0058_001 f 0.00  0.000     0  0.00  0  0   1.794  -1.463   2.647   0.000   0.000   0.000 01O000M000t
00100 LYS01A0059_001 f 0.00  0.000     0  0.00  0  0  -0.906   1.460   2.142   0.219   0.470   0.000 01O000M000t
00101 LYS+1A0059_002 f 0.00  1.000     0 10.40  0  1  -0.953   1.415   2.142  -2.455   2.509   0.000 +1O000M000t
00102 PRO01A0060_001 f 0.00  0.000     0  0.00  0  0  -6.817  -0.412   0.000   0.000   0.000   0.000 01O000M000t
00103 SER01A0061_001 f 0.00  0.000     0  0.00  0  0  -2.335  -0.939   0.460   0.942   1.628   0.000 01O000M000t
00104 ALA01A0062_001 f 0.00  0.000     0  0.00  0  0  -0.155  -2.173   0.000   0.000   0.000   0.000 01O000M000t
00105 HIS01A0063_001 f 0.00  0.000     0  0.00  0  0  -6.208  -3.087   0.535   0.856   0.697   0.000 01O000M000t
00106 HIS01A0063_002 f 0.00  0.000     0  0.00  0  0  -6.685  -3.108   0.535   0.374   0.938   0.000 01R001M000t
00107 HIS02A0063_003 f 0.00  0.000     0  0.00  0  0  -6.225  -3.135   0.535   0.648   0.839   0.000 02O000M000t
00108 HIS02A0063_004 f 0.00  0.000     0  0.00  0  0  -6.699  -3.113   0.535   0.796   0.808   0.000 02R001M000t
00109 HIS+1A0063_005 f 0.00  1.000     0  6.98  0  1  -6.251  -3.144   0.535   1.601   0.365   0.000 +1O000M000t
00110 HIS+1A0063_006 f 0.00  1.000     0  6.98  0  1  -6.725  -3.129   0.535   1.648   0.684   0.000 +1R001M000t
00111 LEU01A0064_001 f 0.00  0.000     0  0.00  0  0  -6.406  -0.625   0.493   0.000   0.000   0.000 01O000M000t
00112 THR01A0065_001 f 0.00  0.000     0  0.00  0  0  -5.058   5.957   2.023  -0.300  -0.013   0.000 01O000M000t
00113 THR01A0065_002 f 0.00  0.000     0  0.00  0  0  -5.058   5.957   1.648  -0.433  -0.257   0.000 01O000M000t
00114 GLU01A0066_001 f 0.00  0.000     0  0.00  0  0   0.443  -2.297   3.774  -2.221   1.178   0.000 01O000M000t
00115 GLU01A0066_002 f 0.00  0.000     0  0.00  0  0   0.443  -2.297   1.054  -1.929   2.056   0.000 01O000M000t
00116 GLU02A0066_003 f 0.00  0.000     0  0.00  0  0   0.779  -1.196   3.774   2.392   1.920   0.000 02O000M000t
00117 GLU02A0066_004 f 0.00  0.000     0  0.00  0  0   0.779  -1.196   1.054   0.211   2.310   0.000 02O000M000t
00118 GLU-1A0066_005 f 0.00 -1.000     0  4.75  0 -1   0.464  -2.225   1.054  -6.259   7.318   0.000 -1O000M000t
00119 ARG01A0067_001 f 0.00  0.000     0  0.00  0  0  -2.019   0.139   2.749  -0.851   1.347   0.000 01O000M000t
00120 ARG02A0067_002 f 0.00  0.000     0  0.00  0  0  -1.993   0.121   2.749  -0.816   1.970   0.000 02O000M000t
00121 ARG03A0067_003 f 0.00  0.000     0  0.00  0  0  -2.055  -0.168   2.749   0.632   2.109   0.000 03O000M000t
00122 ARG+1A0067_004 f 0.00  1.000     0 12.50  0  1  -2.098   0.113   2.749  -1.007   2.752   0.000 +1O000M000t
00123 GLU01A0068_001 f 0.00  0.000     0  0.00  0  0   1.639  -3.190   4.055   0.014   0.412   0.000 01O000M000t
00124 GLU01A0068_002 f 0.00  0.000     0  0.00  0  0   1.639  -3.190   1.335   0.025   0.922   0.000 01O000M000t
00125 GLU02A0068_003 f 0.00  0.000     0  0.00  0  0   0.776  -3.259   4.055  -0.063  -0.033   0.000 02O000M000t
00126 GLU02A0068_004 f 0.00  0.000     0  0.00  0  0   0.776  -3.259   1.335  -0.005   0.806   0.000 02O000M000t
00127 GLU-1A0068_005 f 0.00 -1.000     0  4.75  0 -1   0.803  -3.211   1.335  -0.247   1.559   0.000 -1O000M000t
00128 ALA01A0069_001 f 0.00  0.000     0  0.00  0  0  -1.957  -1.125   0.000   0.000   0.000   0.000 01O000M000t
00129 LEU01A0070_001 f 0.00  0.000     0  0.00  0  0   1.624  -6.451   0.616   0.000   0.000   0.000 01O000M000t
00130 MET01A0071_001 f 0.00  0.000     0  0.00  0  0   1.872  -3.511   0.207  -0.009   0.083   0.000 01O000M000t
00131 SER01A0072_001 f 0.00  0.000     0  0.00  0  0  -0.676  -3.287   0.770   0.150   1.148   0.000 01O000M000t
00132 GLU01A0073_001 f 0.00  0.000     0  0.00  0  0   1.992  -1.359   3.312   0.072   1.865   0.000 01O000M000t
00133 GLU01A0073_002 f 0.00  0.000     0  0.00  0  0   1.992  -1.359   0.592  -0.094   2.430   0.000 01O000M000t
00134 GLU02A0073_003 f 0.00  0.000     0  0.00  0  0   2.604  -1.387   3.312   0.277   1.962   0.000 02O000M000t
00135 GLU02A0073_004 f 0.00  0.000     0  0.00  0  0   2.604  -1.387   0.592   0.183   2.358   0.000 02O000M000t
00136 GLU-1A0073_005 f 0.00 -1.000     0  4.75  0 -1   1.970  -1.301   0.592  -0.874   8.972   0.000 -1O000M000t
00137 LEU01A0074_001 f 0.00  0.000     0  0.00  0  0   1.599  -3.367   0.559   0.000   0.000   0.000 01O000M000t
00138 LYS01A0075_001 f 0.00  0.000     0  0.00  0  0  -1.578  -9.143   1.604   0.055   0.347   0.000 01O000M000t
00139 LYS+1A0075_002 f 0.00  1.000     0 10.40  0  1  -1.619  -9.200   1.604  -1.350   2.142   0.000 +1O000M000t
00140 VAL01A0076_001 f 0.00  0.000     0  0.00  0  0   0.482   0.250   0.448   0.000   0.000   0.000 01O000M000t
00141 LEU01A0077_001 f 0.00  0.000     0  0.00  0  0   1.575  -2.560   0.494   0.000   0.000   0.000 01O000M000t
00142 SER01A0078_001 f 0.00  0.000     0  0.00  0  0  -0.638  -2.339   0.726  -0.277   0.454   0.000 01O000M000t
00143 TYR01A0079_001 f 0.00  0.000     0  0.00  0  0   0.711  -2.129   0.556  -2.087   1.770   0.000 01O000M000t
00144 TYR01A0079_002 f 0.00  0.000     0  0.00  0  0   0.711  -2.129   0.556   0.893   1.171   0.000 01O000M000t
00145 TYR-1A0079_003 f 0.00 -1.000     0 10.20  0 -1   0.711  -2.129   0.556   1.963   4.862   0.000 -1O000M000t
00146 LEU01A0080_001 f 0.00  0.000     0  0.00  0  0   1.717  -3.594   0.850   0.000   0.000   0.000 01O000M000t
00147 ASN01A0082_001 f 0.00  0.000     0  0.00  0  0  -1.323  -3.796   0.596  -0.583   1.287   0.000 01O000M000t
00148 ASN01A0082_002 f 0.00  0.000     0  0.00  0  0  -1.171  -2.866   0.594   0.383   1.214   0.000 01R001M000t
00149 HIS01A0083_001 f 0.00  0.000     0  0.00  0  0  -3.817  -2.785   0.083   0.741   2.235   0.000 01O000M000t
00150 HIS01A0083_002 f 0.00  0.000     0  0.00  0  0  -3.744  -5.674   0.083  -0.585   1.332   0.000 01R001M000t
00151 HIS02A0083_003 f 0.00  0.000     0  0.00  0  0  -3.837  -2.917   0.083  -0.589   1.532   0.000 02O000M000t
00152 HIS02A0083_004 f 0.00  0.000     0  0.00  0  0  -3.756  -5.583   0.083   0.949   1.533   0.000 02R001M000t
00153 HIS+1A0083_005 f 0.00  1.000     0  6.98  0  1  -3.864  -2.928   0.083  -1.074   3.285   0.000 +1O000M000t
00154 HIS+1A0083_006 f 0.00  1.000     0  6.98  0  1  -3.782  -5.700   0.083  -1.277   2.242   0.000 +1R001M000t
00155 MET01A0084_001 f 0.00  0.000     0  0.00  0  0  -2.539  -0.417   1.537   0.064   0.043   0.000 01O000M000t
00156 ASN01A0085_001 f 0.00  0.000     0  0.00  0  0  -0.126  -4.385   0.926   0.708   2.210   0.000 01O000M000t
00157 ASN01A0085_002 f 0.00  0.000     0  0.00  0  0  -0.157  -3.612   0.931  -1.208   1.773   0.000 01R001M000t
00158 ILE01A0086_001 f 0.00  0.000     0  0.00  0  0   1.046   1.635   0.642   0.000   0.000   0.000 01O000M000t
00159 VAL01A0087_001 f 0.00  0.000     0  0.00  0  0   0.464  -1.563   0.015   0.000   0.000   0.000 01O000M000t
00160 ASN01A0088_001 f 0.00  0.000     0  0.00  0  0  -0.927   3.235   0.782  -2.256   1.469   0.000 01O000M000t
00161 ASN01A0088_002 f 0.00  0.000     0  0.00  0  0  -1.045  -1.623   0.782   2.303   1.742   0.000 01R001M000t
00162 LEU01A0089_001 f 0.00  0.000     0  0.00  0  0   2.069  -4.916   0.733   0.000   0.000   0.000 01O000M000t
00163 LEU01A0090_001 f 0.00  0.000     0  0.00  0  0   0.335  -5.129   0.459   0.000   0.000   0.000 01O000M000t
00164 ALA01A0092_001 f 0.00  0.000     0  0.00  0  0   0.000  -1.630   0.000   0.000   0.000   0.000 01O000M000t
00165 CYS01A0093_001 f 0.00  0.000     0  0.00  0  0  -0.002  -2.421   0.104  -0.926   0.956   0.000 01O000M000t
00166 CYS01A0093_002 f 0.00  0.000     0  0.00  0  0  -0.002  -2.358   0.104   0.376   0.961   0.000 01O000M000t
00167 CYS01A0093_003 f 0.00  0.000     0  0.00  0  0  -0.002  -2.363   0.104   0.074   0.948   0.000 01O000M000t
00168 CYS-1A0093_004 f 0.00 -1.000     0  9.10  0 -1   0.000  -2.264   0.104  -0.295  10.742   0.000 -1O000M000t
00169 THR01A0094_001 f 0.00  0.000     0  0.00  0  0  -0.146  -1.229   0.411   0.724   1.335   0.000 01O000M000t
00170 THR01A0094_002 f 0.00  0.000     0  0.00  0  0  -0.146  -1.229   0.411  -0.334   1.155   0.000 01O000M000t
00171 THR01A0094_003 f 0.00  0.000     0  0.00  0  0  -0.146  -1.229   0.036  -1.107   0.883   0.000 01O000M000t
00172 ILE01A0095_001 f 0.00  0.000     0  0.00  0  0  -4.603   0.842   0.419   0.000   0.000   0.000 01O000M000t
00173 PRO01A0098_001 f 0.00  0.000     0  0.00  0  0  -3.521  -1.965   0.000   0.000   0.000   0.000 01O000M000t
00174 THR01A0099_001 f 0.00  0.000     0  0.00  0  0  -0.019  -2.231   0.375  -0.470   1.153   0.000 01O000M000t
00175 THR01A0099_002 f 0.00  0.000     0  0.00  0  0  -0.019  -2.231   0.375  -0.076   0.818   0.000 01O000M000t
00176 THR01A0099_003 f 0.00  0.000     0  0.00  0  0  -0.019  -2.231   0.000  -0.161   1.553   0.000 01O000M000t
00177 LEU01A0100_001 f 0.00  0.000     0  0.00  0  0   2.573  -6.006   0.863   0.000   0.000   0.000 01O000M000t
00178 VAL01A0101_001 f 0.00  0.000     0  0.00  0  0   0.664  -2.395   0.126   0.000   0.000   0.000 01O000M000t
00179 ILE01A0102_001 f 0.00  0.000     0  0.00  0  0   1.672  -4.057   0.687   0.000   0.000   0.000 01O000M000t
00180 THR01A0103_001 f 0.00  0.000     0  0.00  0  0   0.207  -2.158   0.537  -0.027   1.993   0.000 01O000M000t
00181 THR01A0103_002 f 0.00  0.000     0  0.00  0  0   0.207  -2.158   0.537  -1.589   1.989   0.000 01O000M000t
00182 GLU01A0104_001 f 0.00  0.000     0  0.00  0  0   0.230  -3.510   3.304   4.063   1.858   0.000 01O000M000t
00183 GLU01A0104_002 f 0.00  0.000     0  0.00  0  0   0.230  -3.510   0.584  -0.556   2.162   0.000 01O000M000t
00184 GLU02A0104_003 f 0.00  0.000     0  0.00  0  0   0.293  -3.924   3.304  -0.031   1.359   0.000 02O000M000t
00185 GLU02A0104_004 f 0.00  0.000     0  0.00  0  0   0.293  -3.924   0.584  -0.354   2.170   0.000 02O000M000t
00186 GLU-1A0104_005 f 0.00 -1.000     0  4.75  0 -1   0.136  -3.851   0.584  -1.656   6.990   0.000 -1O000M000t
00187 TYR01A0105_001 f 0.00  0.000     0  0.00  0  0   2.861  -8.999   0.014   0.002   1.147   0.000 01O000M000t
00188 TYR-1A0105_002 f 0.00 -1.000     0 10.20  0 -1   2.861  -8.999   0.014  -1.219   4.035   0.000 -1O000M000t
00189 CYS01A0106_001 f 0.00  0.000     0  0.00  0  0  -0.002  -3.422   0.000  -0.352   0.950   0.000 01O000M000t
00190 CYS01A0106_002 f 0.00  0.000     0  0.00  0  0  -0.002  -3.454   0.000  -0.296   0.990   0.000 01O000M000t
00191 CYS01A0106_003 f 0.00  0.000     0  0.00  0  0  -0.002  -3.418   0.000  -0.236   0.982   0.000 01O000M000t
00192 CYS-1A0106_004 f 0.00 -1.000     0  9.10  0 -1   0.000  -3.371   0.000  -4.775  12.855   0.000 -1O000M000t
00193 CYS01A0107_001 f 0.00  0.000     0  0.00  0  0  -1.009  -3.119   0.027   1.065   0.836   0.000 01O000M000t
00194 CYS01A0107_002 f 0.00  0.000     0  0.00  0  0  -1.009  -3.013   0.027  -0.460   0.818   0.000 01O000M000t
00195 CYS01A0107_003 f 0.00  0.000     0  0.00  0  0  -1.010  -2.969   0.027  -0.920   0.566   0.000 01O000M000t
00196 CYS-1A0107_004 f 0.00 -1.000     0  9.10  0 -1  -1.007  -2.924   0.027  -6.192   6.613   0.000 -1O000M000t
00197 TYR01A0108_001 f 0.00  0.000     0  0.00  0  0   0.344  -4.772   0.000  -0.051   0.542   0.000 01O000M000t
00198 TYR01A0108_002 f 0.00  0.000     0  0.00  0  0   0.344  -4.772   0.000   0.658   1.346   0.000 01O000M000t
00199 TYR-1A0108_003 f 0.00 -1.000     0 10.20  0 -1   0.344  -4.772   0.000  -1.091   1.804   0.000 -1O000M000t
00200 ASP01A0110_001 f 0.00  0.000     0  0.00  0  0  -0.334  -4.911   4.602  -1.215   0.775   0.000 01O000M000t
00201 ASP01A0110_002 f 0.00  0.000     0  0.00  0  0  -0.334  -4.911   1.882  -0.900   1.986   0.000 01O000M000t
00202 ASP02A0110_003 f 0.00  0.000     0  0.00  0  0  -0.210  -4.687   4.602   1.740   1.617   0.000 02O000M000t
00203 ASP02A0110_004 f 0.00  0.000     0  0.00  0  0  -0.210  -4.687   1.882   1.009   1.316   0.000 02O000M000t
00204 ASP-1A0110_005 f 0.00 -1.000     0  4.75  0 -1  -0.308  -4.890   1.882  -5.246   5.186   0.000 -1O000M000t
00205 LEU01A0111_001 f 0.00  0.000     0  0.00  0  0   1.758  -1.566   0.884   0.000   0.000   0.000 01O000M000t
00206 LEU01A0112_001 f 0.00  0.000     0  0.00  0  0   0.699  -2.999   0.520   0.000   0.000   0.000 01O000M000t
00207 ASN01A0113_001 f 0.00  0.000     0  0.00  0  0  -2.058  -1.788   0.475   0.254   0.325   0.000 01O000M000t
00208 ASN01A0113_002 f 0.00  0.000     0  0.00  0  0  -2.274  -1.091   0.474   0.366   0.132   0.000 01R001M000t
00209 PHE01A0114_001 f 0.00  0.000     0  0.00  0  0   4.365  -5.549   0.037   0.000   0.000   0.000 01O000M000t
00210 LEU01A0115_001 f 0.00  0.000     0  0.00  0  0   1.909  -4.710   0.510   0.000   0.000   0.000 01O000M000t
00211 ARG01A0116_001 f 0.00  0.000     0  0.00  0  0  -4.503  -6.024   0.928   0.471   1.579   0.000 01O000M000t
00212 ARG02A0116_002 f 0.00  0.000     0  0.00  0  0  -4.545  -6.015   0.928   0.127   2.294   0.000 02O000M000t
00213 ARG03A0116_003 f 0.00  0.000     0  0.00  0  0  -4.486  -6.118   0.928  -0.620   2.085   0.000 03O000M000t
00214 ARG+1A0116_004 f 0.00  1.000     0 12.50  0  1  -4.589  -6.128   0.928  -1.684   2.533   0.000 +1O000M000t
00215 ARG01A0117_001 f 0.00  0.000     0  0.00  0  0  -4.999  -3.272   1.941   0.063   1.070   0.000 01O000M000t
00216 ARG02A0117_002 f 0.00  0.000     0  0.00  0  0  -5.021  -3.290   1.941   0.026   2.370   0.000 02O000M000t
00217 ARG03A0117_003 f 0.00  0.000     0  0.00  0  0  -5.027  -3.281   1.941   0.055   2.079   0.000 03O000M000t
00218 ARG+1A0117_004 f 0.00  1.000     0 12.50  0  1  -5.070  -3.294   1.941  -0.146   1.200   0.000 +1O000M000t
00219 LYS01A0118_001 f 0.00  0.000     0  0.00  0  0   1.749  -2.674   2.361  -0.730   0.444   0.000 01O000M000t
00220 LYS+1A0118_002 f 0.00  1.000     0 10.40  0  1   1.703  -2.822   2.361  -2.225   2.846   0.000 +1O000M000t
00221 ARG01A0119_001 f 0.00  0.000     0  0.00  0  0  -0.134  -6.529   0.759   0.983   1.769   0.000 01O000M000t
00222 ARG02A0119_002 f 0.00  0.000     0  0.00  0  0  -0.223  -6.467   0.759   0.446   2.676   0.000 02O000M000t
00223 ARG03A0119_003 f 0.00  0.000     0  0.00  0  0  -0.217  -6.557   0.759   0.477   2.347   0.000 03O000M000t
00224 ARG+1A0119_004 f 0.00  1.000     0 12.50  0  1  -0.261  -6.590   0.759  -1.170   2.739   0.000 +1O000M000t
00225 ASP01A0120_001 f 0.00  0.000     0  0.00  0  0  -3.537   0.311   3.425   0.525  -0.195   0.000 01O000M000t
00226 ASP01A0120_002 f 0.00  0.000     0  0.00  0  0  -3.537   0.311   0.705   0.214   0.411   0.000 01O000M000t
00227 ASP02A0120_003 f 0.00  0.000     0  0.00  0  0  -3.453  -0.193   3.425   0.241  -0.619   0.000 02O000M000t
00228 ASP02A0120_004 f 0.00  0.000     0  0.00  0  0  -3.453  -0.193   0.705   0.199   0.529   0.000 02O000M000t
00229 ASP-1A0120_005 f 0.00 -1.000     0  4.75  0 -1  -3.370  -0.156   0.705  -0.160   0.140   0.000 -1O000M000t
00230 SER01A0121_001 f 0.00  0.000     0  0.00  0  0  -1.536  -1.817   0.792  -1.621   1.816   0.000 01O000M000t
00231 SER01A0121_002 f 0.00  0.000     0  0.00  0  0  -1.536  -1.817   0.417  -0.490   1.754   0.000 01O000M000t
00232 PHE01A0122_001 f 0.00  0.000     0  0.00  0  0   3.681 -10.213   0.085   0.000   0.000   0.000 01O000M000t
00233 ILE01A0123_001 f 0.00  0.000     0  0.00  0  0  -5.216   1.304   0.801   0.000   0.000   0.000 01O000M000t
00234 CYS01A0124_001 f 0.00  0.000     0  0.00  0  0  -4.061  -0.951   0.000  -0.104   0.552   0.000 01O000M000t
00235 CYS01A0124_002 f 0.00  0.000     0  0.00  0  0  -4.061  -0.978   0.000  -0.232   0.178   0.000 01O000M000t
00236 CYS01A0124_003 f 0.00  0.000     0  0.00  0  0  -4.062  -0.935   0.000  -0.193   0.095   0.000 01O000M000t
00237 CYS-1A0124_004 f 0.00 -1.000     0  9.10  0 -1  -4.060  -0.925   0.000  -0.991   1.594   0.000 -1O000M000t
00238 SER01A0125_001 f 0.00  0.000     0  0.00  0  0  -2.342   1.789   2.114  -0.088   0.858   0.000 01O000M000t
00239 LEU01A0126_001 f 0.00  0.000     0  0.00  0  0  -8.163  10.295   3.247   0.000   0.000   0.000 01O000M000t
00240 ALA01A0127_001 f 0.00  0.000     0  0.00  0  0  -0.670   0.889   0.000   0.000   0.000   0.000 01O000M000t
00241 LEU01A0128_001 f 0.00  0.000     0  0.00  0  0   2.080   5.889   3.082   0.000   0.000   0.000 01O000M000t
00242 ASP01A0129_001 f 0.00  0.000     0  0.00  0  0  -1.427   2.320   2.806   2.976   1.230   0.000 01O000M000t
00243 ASP01A0129_002 f 0.00  0.000     0  0.00  0  0  -1.427   2.320   0.086  -0.187   0.864   0.000 01O000M000t
00244 ASP02A0129_003 f 0.00  0.000     0  0.00  0  0  -1.486   0.970   2.806  -1.243   0.185   0.000 02O000M000t
00245 ASP02A0129_004 f 0.00  0.000     0  0.00  0  0  -1.486   0.970   0.086  -1.255   1.107   0.000 02O000M000t
00246 ASP-1A0129_005 f 0.00 -1.000     0  4.75  0 -1  -1.488   1.043   0.086  -3.622   2.413   0.000 -1O000M000t
00247 LEU01A0130_001 f 0.00  0.000     0  0.00  0  0   0.519   0.458   0.927   0.000   0.000   0.000 01O000M000t
00248 GLU01A0131_001 f 0.00  0.000     0  0.00  0  0  -0.012  -4.016   3.600   1.437   2.219   0.000 01O000M000t
00249 GLU01A0131_002 f 0.00  0.000     0  0.00  0  0  -0.012  -4.016   0.880   0.718   2.907   0.000 01O000M000t
00250 GLU02A0131_003 f 0.00  0.000     0  0.00  0  0  -0.143  -3.803   3.600   0.218   1.750   0.000 02O000M000t
00251 GLU02A0131_004 f 0.00  0.000     0  0.00  0  0  -0.143  -3.803   0.880  -1.572   2.675   0.000 02O000M000t
00252 GLU-1A0131_005 f 0.00 -1.000     0  4.75  0 -1  -0.246  -4.195   0.880   0.515   8.318   0.000 -1O000M000t
00253 ASP01A0132_001 f 0.00  0.000     0  0.00  0  0  -0.066  -0.211   3.721   4.685   1.667   0.000 01O000M000t
00254 ASP01A0132_002 f 0.00  0.000     0  0.00  0  0  -0.066  -0.211   1.001  -0.378   1.232   0.000 01O000M000t
00255 ASP02A0132_003 f 0.00  0.000     0  0.00  0  0  -0.185  -0.766   3.721  -0.628   1.055   0.000 02O000M000t
00256 ASP02A0132_004 f 0.00  0.000     0  0.00  0  0  -0.185  -0.766   1.001  -0.830   1.636   0.000 02O000M000t
00257 ASP-1A0132_005 f 0.00 -1.000     0  4.75  0 -1  -0.269  -0.819   1.001  -3.232   4.633   0.000 -1O000M000t
00258 LEU01A0133_001 f 0.00  0.000     0  0.00  0  0   1.655  -1.961   0.476   0.000   0.000   0.000 01O000M000t
00259 LEU01A0134_001 f 0.00  0.000     0  0.00  0  0   1.641  -4.222   0.493   0.000   0.000   0.000 01O000M000t
00260 SER01A0135_001 f 0.00  0.000     0  0.00  0  0  -2.084  -1.562   0.381  -0.051   1.280   0.000 01O000M000t
00261 SER01A0135_002 f 0.00  0.000     0  0.00  0  0  -2.084  -1.562   0.006  -0.574   0.254   0.000 01O000M000t
00262 PHE01A0136_001 f 0.00  0.000     0  0.00  0  0   4.112  -4.813   0.005   0.000   0.000   0.000 01O000M000t
00263 SER01A0137_001 f 0.00  0.000     0  0.00  0  0   0.000  11.054   0.376  -1.345   1.989   0.000 01O000M000t
00264 TYR01A0138_001 f 0.00  0.000     0  0.00  0  0   1.262  -6.499   0.061   0.322   0.775   0.000 01O000M000t
00265 TYR01A0138_002 f 0.00  0.000     0  0.00  0  0   1.262  -6.499   0.061   0.332   0.670   0.000 01O000M000t
00266 TYR-1A0138_003 f 0.00 -1.000     0 10.20  0 -1   1.262  -6.499   0.061  -0.046   2.287   0.000 -1O000M000t
00267 GLN01A0139_001 f 0.00  0.000     0  0.00  0  0   0.052  -3.862   1.466  -1.961   2.382   0.000 01O000M000t
00268 GLN01A0139_002 f 0.00  0.000     0  0.00  0  0   0.300  -0.228   1.483   1.028   2.142   0.000 01R001M000t
00269 VAL01A0140_001 f 0.00  0.000     0  0.00  0  0   0.708  -0.277   0.008   0.000   0.000   0.000 01O000M000t
00270 ALA01A0141_001 f 0.00  0.000     0  0.00  0  0   0.000  -2.487   0.000   0.000   0.000   0.000 01O000M000t
00271 LYS01A0142_001 f 0.00  0.000     0  0.00  0  0  -0.248  -1.424   4.244  -0.035   0.079   0.000 01O000M000t
00272 LYS+1A0142_002 f 0.00  1.000     0 10.40  0  1  -0.311  -1.430   4.244   0.257   0.265   0.000 +1O000M000t
00273 MET01A0144_001 f 0.00  0.000     0  0.00  0  0   1.338  -4.304   0.498  -0.009   0.095   0.000 01O000M000t
00274 ALA01A0145_001 f 0.00  0.000     0  0.00  0  0  -0.567  -1.345   0.000   0.000   0.000   0.000 01O000M000t
00275 PHE01A0146_001 f 0.00  0.000     0  0.00  0  0   1.817  -4.998   0.000   0.000   0.000   0.000 01O000M000t
00276 LEU01A0147_001 f 0.00  0.000     0  0.00  0  0   1.825  -1.504   2.927   0.000   0.000   0.000 01O000M000t
00277 ALA01A0148_001 f 0.00  0.000     0  0.00  0  0  -0.979  -1.869   0.000   0.000   0.000   0.000 01O000M000t
00278 SER01A0149_001 f 0.00  0.000     0  0.00  0  0  -2.600  -0.655   1.094  -1.788   1.542   0.000 01O000M000t
00279 SER01A0149_002 f 0.00  0.000     0  0.00  0  0  -2.600  -0.655   1.095   0.143   0.776   0.000 01O000M000t
00280 LYS01A0150_001 f 0.00  0.000     0  0.00  0  0  -1.906  -3.307   3.637  -0.017   0.447   0.000 01O000M000t
00281 LYS+1A0150_002 f 0.00  1.000     0 10.40  0  1  -1.959  -3.371   3.637  -1.922   2.578   0.000 +1O000M000t
00282 ASN01A0151_001 f 0.00  0.000     0  0.00  0  0  -0.548   4.456   3.061  -0.269   1.914   0.000 01O000M000t
00283 CYS01A0152_001 f 0.00  0.000     0  0.00  0  0  -0.002  -2.825   0.003  -0.006   0.896   0.000 01O000M000t
00284 CYS01A0152_002 f 0.00  0.000     0  0.00  0  0  -0.002  -2.768   0.003  -0.336   0.531   0.000 01O000M000t
00285 CYS01A0152_003 f 0.00  0.000     0  0.00  0  0  -0.003  -2.749   0.003  -0.283   0.908   0.000 01O000M000t
00286 CYS-1A0152_004 f 0.00 -1.000     0  9.10  0 -1   0.000  -2.728   0.003  -1.452   8.584   0.000 -1O000M000t
00287 ILE01A0153_001 f 0.00  0.000     0  0.00  0  0   2.727  -2.548   0.479   0.000   0.000   0.000 01O000M000t
00288 HIS01A0154_001 f 0.00  0.000     0  0.00  0  0  -0.183  -3.334   0.318  -3.882   3.916   0.000 01O000M000t
00289 HIS02A0154_002 f 0.00  0.000     0  0.00  0  0  -0.201  -3.442   0.318   5.447   3.929   0.000 02O000M000t
00290 HIS+1A0154_003 f 0.00  1.000     0  6.98  0  1  -0.228  -3.259   0.318   5.027  11.362   0.000 +1O000M000t
00291 ARG01A0155_001 f 0.00  0.000     0  0.00  0  0  -3.273   8.708   0.500  -0.177   1.156   0.000 01O000M000t
00292 ARG02A0155_002 f 0.00  0.000     0  0.00  0  0  -3.252   8.691   0.500  -0.107   1.662   0.000 02O000M000t
00293 ARG03A0155_003 f 0.00  0.000     0  0.00  0  0  -3.317   8.692   0.500  -0.020   1.888   0.000 03O000M000t
00294 ARG+1A0155_004 f 0.00  1.000     0 12.50  0  1  -3.355   8.686   0.500   0.365   1.846   0.000 +1O000M000t
00295 ASP01A0156_001 f 0.00  0.000     0  0.00  0  0  -0.271   1.111   3.311  -0.304   1.349   0.000 01O000M000t
00296 ASP01A0156_002 f 0.00  0.000     0  0.00  0  0  -0.271   1.111   0.591  -0.092   2.605   0.000 01O000M000t
00297 ASP02A0156_003 f 0.00  0.000     0  0.00  0  0  -0.276   1.800   3.311   0.832   1.801   0.000 02O000M000t
00298 ASP02A0156_004 f 0.00  0.000     0  0.00  0  0  -0.276   1.800   0.591   0.148   2.487   0.000 02O000M000t
00299 ASP-1A0156_005 f 0.00 -1.000     0  4.75  0 -1  -0.280   1.172   0.591  -1.782   8.855   0.000 -1O000M000t
00300 LEU01A0157_001 f 0.00  0.000     0  0.00  0  0   1.514  -3.724   0.498   0.000   0.000   0.000 01O000M000t
00301 ALA01A0158_001 f 0.00  0.000     0  0.00  0  0   0.000  -0.386   0.000   0.000   0.000   0.000 01O000M000t
00302 ALA01A0159_001 f 0.00  0.000     0  0.00  0  0   0.000  -1.553   0.000   0.000   0.000   0.000 01O000M000t
00303 ARG01A0160_001 f 0.00  0.000     0  0.00  0  0   0.847  -3.905   0.639  -0.169   4.187   0.000 01O000M000t
00304 ARG02A0160_002 f 0.00  0.000     0  0.00  0  0   0.825  -3.889   0.639  -0.325   4.718   0.000 02O000M000t
00305 ARG02A0160_003 f 0.00  0.000     0  0.00  0  0   0.828  -3.894   0.639  -0.226   4.692   0.000 02O000M000t
00306 ARG03A0160_004 f 0.00  0.000     0  0.00  0  0   0.920  -3.901   0.639  -0.230   4.372   0.000 03O000M000t
00307 ARG+1A0160_005 f 0.00  1.000     0 12.50  0  1   0.785  -3.917   0.639   3.187   8.780   0.000 +1O000M000t
00308 ASN01A0161_001 f 0.00  0.000     0  0.00  0  0   0.287   0.947   1.247  -3.294   3.223   0.000 01O000M000t
00309 ASN01A0161_002 f 0.00  0.000     0  0.00  0  0   0.095   0.009   1.253   1.948   3.294   0.000 01R001M000t
00310 ILE01A0162_001 f 0.00  0.000     0  0.00  0  0   3.348  -4.118   0.837   0.000   0.000   0.000 01O000M000t
00311 LEU01A0163_001 f 0.00  0.000     0  0.00  0  0   1.900  -3.248   0.442   0.000   0.000   0.000 01O000M000t
00312 LEU01A0164_001 f 0.00  0.000     0  0.00  0  0   2.168  -5.048   0.799   0.000   0.000   0.000 01O000M000t
00313 THR01A0165_001 f 0.00  0.000     0  0.00  0  0  -0.221 999.000   0.392   2.945   1.165   0.000 01O000M000t
00314 THR01A0165_002 f 0.00  0.000     0  0.00  0  0  -0.221   2.027   0.392   1.308   1.578   0.000 01O000M000t
00315 THR01A0165_003 f 0.00  0.000     0  0.00  0  0  -0.221   2.027   0.017  -2.784   0.888   0.000 01O000M000t
00316 HIS01A0166_001 f 0.00  0.000     0  0.00  0  0  -5.261   4.134   0.064   0.139   2.390   0.000 01O000M000t
00317 HIS02A0166_002 f 0.00  0.000     0  0.00  0  0  -5.280   3.517   0.064   0.166   2.427   0.000 02O000M000t
00318 HIS+1A0166_003 f 0.00  1.000     0  6.98  0  1  -5.306   5.300   0.064   2.308   3.971   0.000 +1O000M000t
00319 ARG01A0168_001 f 0.00  0.000     0  0.00  0  0  -1.550  -1.666   0.688  -1.176   2.133   0.000 01O000M000t
00320 ARG02A0168_002 f 0.00  0.000     0  0.00  0  0  -1.597  -1.526   0.688   0.426   3.306   0.000 02O000M000t
00321 ARG03A0168_003 f 0.00  0.000     0  0.00  0  0  -1.591  -1.567   0.688  -0.523   2.914   0.000 03O000M000t
00322 ARG03A0168_004 f 0.00  0.000     0  0.00  0  0  -1.530  -1.658   0.688  -1.292   2.989   0.000 03O000M000t
00323 ARG+1A0168_005 f 0.00  1.000     0 12.50  0  1  -1.634  -1.677   0.688  -1.313   3.424   0.000 +1O000M000t
00324 ILE01A0169_001 f 0.00  0.000     0  0.00  0  0  -1.103  -2.366   0.724   0.000   0.000   0.000 01O000M000t
00325 THR01A0170_001 f 0.00  0.000     0  0.00  0  0   0.191  -4.118   0.376   0.545   1.809   0.000 01O000M000t
00326 LYS01A0171_001 f 0.00  0.000     0  0.00  0  0   1.805  -2.634   2.753  -0.267   0.906   0.000 01O000M000t
00327 LYS+1A0171_002 f 0.00  1.000     0 10.40  0  1   1.751  -2.754   2.753  -4.279   6.943   0.000 +1O000M000t
00328 ILE01A0172_001 f 0.00  0.000     0  0.00  0  0   1.591  -2.115   0.527   0.000   0.000   0.000 01O000M000t
00329 CYS01A0173_001 f 0.00  0.000     0  0.00  0  0  -0.002  -3.071   0.275  -0.322   0.995   0.000 01O000M000t
00330 CYS01A0173_002 f 0.00  0.000     0  0.00  0  0  -0.002  -2.982   0.275   0.140   0.991   0.000 01O000M000t
00331 CYS01A0173_003 f 0.00  0.000     0  0.00  0  0  -0.002  -2.881   0.275  -0.334   0.989   0.000 01O000M000t
00332 CYS-1A0173_004 f 0.00 -1.000     0  9.10  0 -1   0.000  -2.838   0.275  -4.994  14.499   0.000 -1O000M000t
00333 ASP01A0174_001 f 0.00  0.000     0  0.00  0  0  -0.499   0.238   3.217   2.800   1.676   0.000 01O000M000t
00334 ASP01A0174_002 f 0.00  0.000     0  0.00  0  0  -0.499   0.238   0.497  -0.016   1.043   0.000 01O000M000t
00335 ASP02A0174_003 f 0.00  0.000     0  0.00  0  0  -0.447  -0.391   3.217  -0.662   1.055   0.000 02O000M000t
00336 ASP02A0174_004 f 0.00  0.000     0  0.00  0  0  -0.447  -0.391   0.497  -0.559   1.608   0.000 02O000M000t
00337 ASP-1A0174_005 f 0.00 -1.000     0  4.75  0 -1  -0.496  -0.315   0.497  -2.901   5.708   0.000 -1O000M000t
00338 PHE01A0175_001 f 0.00  0.000     0  0.00  0  0   3.994  -5.541   0.386   0.000   0.000   0.000 01O000M000t
00339 LEU01A0177_001 f 0.00  0.000     0  0.00  0  0  -0.257  -0.673   0.672   0.000   0.000   0.000 01O000M000t
00340 ALA01A0178_001 f 0.00  0.000     0  0.00  0  0   0.000  -2.236   0.000   0.000   0.000   0.000 01O000M000t
00341 ARG01A0179_001 f 0.00  0.000     0  0.00  0  0   1.157  -4.713   0.972   0.140   2.400   0.000 01O000M000t
00342 ARG02A0179_002 f 0.00  0.000     0  0.00  0  0   1.127  -4.681   0.972   0.201   3.264   0.000 02O000M000t
00343 ARG03A0179_003 f 0.00  0.000     0  0.00  0  0   1.131  -4.686   0.972  -0.797   3.480   0.000 03O000M000t
00344 ARG03A0179_004 f 0.00  0.000     0  0.00  0  0   1.163  -4.702   0.972  -0.081   3.336   0.000 03O000M000t
00345 ARG+1A0179_005 f 0.00  1.000     0 12.50  0  1   1.083  -4.726   0.972   1.817   3.903   0.000 +1O000M000t
00346 ASP01A0180_001 f 0.00  0.000     0  0.00  0  0  -1.550   2.620   3.057   1.470   0.705   0.000 01O000M000t
00347 ASP01A0180_002 f 0.00  0.000     0  0.00  0  0  -1.550   2.620   0.337   0.113   1.039   0.000 01O000M000t
00348 ASP02A0180_003 f 0.00  0.000     0  0.00  0  0  -1.499   1.917   3.057  -0.458   0.061   0.000 02O000M000t
00349 ASP02A0180_004 f 0.00  0.000     0  0.00  0  0  -1.499   1.917   0.337  -0.312   1.416   0.000 02O000M000t
00350 ASP-1A0180_005 f 0.00 -1.000     0  4.75  0 -1  -1.540   2.001   0.337  -2.172   2.949   0.000 -1O000M000t
00351 ILE01A0181_001 f 0.00  0.000     0  0.00  0  0   7.693  -1.406   0.661   0.000   0.000   0.000 01O000M000t
00352 LYS01A0182_001 f 0.00  0.000     0  0.00  0  0  -3.229   4.290   3.020  -0.152   0.296   0.000 01O000M000t
00353 LYS+1A0182_002 f 0.00  1.000     0 10.40  0  1  -3.280   4.282   3.020   0.900   1.456   0.000 +1O000M000t
00354 ASN01A0183_001 f 0.00  0.000     0  0.00  0  0  -2.825  -0.853   0.980   0.461   0.606   0.000 01O000M000t
00355 ASN01A0183_002 f 0.00  0.000     0  0.00  0  0  -2.985  -0.659   1.020  -0.036   0.095   0.000 01R001M000t
00356 ASP01A0184_001 f 0.00  0.000     0  0.00  0  0  -0.954   1.079   2.898   2.762   1.558   0.000 01O000M000t
00357 ASP01A0184_002 f 0.00  0.000     0  0.00  0  0  -0.954   1.079   0.178   0.038   1.519   0.000 01O000M000t
00358 ASP02A0184_003 f 0.00  0.000     0  0.00  0  0  -0.780  -0.263   2.898  -1.368   1.230   0.000 02O000M000t
00359 ASP02A0184_004 f 0.00  0.000     0  0.00  0  0  -0.780  -0.263   0.178  -1.140   2.045   0.000 02O000M000t
00360 ASP-1A0184_005 f 0.00 -1.000     0  4.75  0 -1  -0.837  -0.198   0.178  -4.378   5.872   0.000 -1O000M000t
00361 SER01A0185_001 f 0.00  0.000     0  0.00  0  0  -5.711   0.178   0.642   0.188  -0.202   0.000 01O000M000t
00362 SER01A0185_002 f 0.00  0.000     0  0.00  0  0  -5.711   0.178   0.267  -0.653  -0.192   0.000 01O000M000t
00363 ASN01A0186_001 f 0.00  0.000     0  0.00  0  0  -0.228  -1.772   0.867   0.544   0.905   0.000 01O000M000t
00364 ASN01A0186_002 f 0.00  0.000     0  0.00  0  0  -0.457  -1.577   0.874   0.207   0.545   0.000 01R001M000t
00365 TYR01A0187_001 f 0.00  0.000     0  0.00  0  0   3.893  -8.849   0.165   0.029   2.239   0.000 01O000M000t
00366 TYR01A0187_002 f 0.00  0.000     0  0.00  0  0   3.893  -8.849   0.165   0.296   2.292   0.000 01O000M000t
00367 TYR-1A0187_003 f 0.00 -1.000     0 10.20  0 -1   3.893  -8.849   0.165  -2.299   9.258   0.000 -1O000M000t
00368 VAL01A0188_001 f 0.00  0.000     0  0.00  0  0  -1.045  -0.654   0.535   0.000   0.000   0.000 01O000M000t
00369 VAL01A0189_001 f 0.00  0.000     0  0.00  0  0  -4.535   0.719   0.002   0.000   0.000   0.000 01O000M000t
00370 LYS01A0190_001 f 0.00  0.000     0  0.00  0  0  -1.557  -1.522   3.261  -0.214   0.400   0.000 01O000M000t
00371 LYS+1A0190_002 f 0.00  1.000     0 10.40  0  1  -1.603  -1.548   3.261  -0.874   1.358   0.000 +1O000M000t
00372 ASN01A0192_001 f 0.00  0.000     0  0.00  0  0  -3.642   4.406   0.568  -0.063   0.128   0.000 01O000M000t
00373 ALA01A0193_001 f 0.00  0.000     0  0.00  0  0  -1.494  -0.986   0.000   0.000   0.000   0.000 01O000M000t
00374 ARG01A0194_001 f 0.00  0.000     0  0.00  0  0  -0.604  -5.845   2.185  -0.294   1.360   0.000 01O000M000t
00375 ARG02A0194_002 f 0.00  0.000     0  0.00  0  0  -0.626  -5.786   2.185   0.140   2.406   0.000 02O000M000t
00376 ARG03A0194_003 f 0.00  0.000     0  0.00  0  0  -0.634  -5.852   2.185  -0.269   2.188   0.000 03O000M000t
00377 ARG+1A0194_004 f 0.00  1.000     0 12.50  0  1  -0.677  -5.858   2.185  -0.093   1.902   0.000 +1O000M000t
00378 LEU01A0195_001 f 0.00  0.000     0  0.00  0  0  -0.269  -3.106   0.432   0.000   0.000   0.000 01O000M000t
00379 PRO01A0196_001 f 0.00  0.000     0  0.00  0  0  -0.017   0.492   0.000   0.000   0.000   0.000 01O000M000t
00380 VAL01A0197_001 f 0.00  0.000     0  0.00  0  0   0.545   1.127   0.083   0.000   0.000   0.000 01O000M000t
00381 LYS01A0198_001 f 0.00  0.000     0  0.00  0  0  -0.633  -1.975   1.412  -0.232   0.707   0.000 01O000M000t
00382 LYS+1A0198_002 f 0.00  1.000     0 10.40  0  1  -0.677  -2.134   1.412  -5.039   4.955   0.000 +1O000M000t
00383 TRP01A0199_001 f 0.00  0.000     0  0.00  0  0   2.735 -10.093   0.514   0.000   0.000   0.000 01O000M000t
00384 MET01A0200_001 f 0.00  0.000     0  0.00  0  0   0.612  -3.829   0.247  -0.071   0.089   0.000 01O000M000t
00385 ALA01A0201_001 f 0.00  0.000     0  0.00  0  0   0.000  -1.976   0.000   0.000   0.000   0.000 01O000M000t
00386 PRO01A0202_001 f 0.00  0.000     0  0.00  0  0  -0.375  -1.097   0.000   0.000   0.000   0.000 01O000M000t
00387 GLU01A0203_001 f 0.00  0.000     0  0.00  0  0   2.763   0.891   5.085   2.290   1.831   0.000 01O000M000t
00388 GLU01A0203_002 f 0.00  0.000     0  0.00  0  0   2.763   0.891   2.365  -0.510   2.779   0.000 01O000M000t
00389 GLU02A0203_003 f 0.00  0.000     0  0.00  0  0   2.233   0.469   5.085  -0.328   1.837   0.000 02O000M000t
00390 GLU02A0203_004 f 0.00  0.000     0  0.00  0  0   2.233   0.469   2.365  -0.625   2.711   0.000 02O000M000t
00391 GLU-1A0203_005 f 0.00 -1.000     0  4.75  0 -1   2.151   0.592   2.365  -5.252   9.562   0.000 -1O000M000t
00392 SER01A0204_001 f 0.00  0.000     0  0.00  0  0   0.000   5.934   1.186  -2.425   1.751   0.000 01O000M000t
00393 SER01A0204_002 f 0.00  0.000     0  0.00  0  0   0.000   5.934   1.186   0.047   1.706   0.000 01O000M000t
00394 ILE01A0205_001 f 0.00  0.000     0  0.00  0  0   1.235   2.349   0.724   0.000   0.000   0.000 01O000M000t
00395 PHE01A0206_001 f 0.00  0.000     0  0.00  0  0   1.096  -5.270   0.001   0.000   0.000   0.000 01O000M000t
00396 ASN01A0207_001 f 0.00  0.000     0  0.00  0  0  -2.502   2.909   1.233   0.532   0.732   0.000 01O000M000t
00397 ASN01A0207_002 f 0.00  0.000     0  0.00  0  0  -2.484   1.880   1.221  -0.381   0.413   0.000 01R001M000t
00398 CYS01A0208_001 f 0.00  0.000     0  0.00  0  0  -4.531   0.167   0.179  -0.165  -0.007   0.000 01O000M000t
00399 CYS01A0208_002 f 0.00  0.000     0  0.00  0  0  -4.531   0.123   0.179  -0.050   0.088   0.000 01O000M000t
00400 CYS01A0208_003 f 0.00  0.000     0  0.00  0  0  -4.532   0.192   0.179  -0.129   0.021   0.000 01O000M000t
00401 CYS-1A0208_004 f 0.00 -1.000     0  9.10  0 -1  -4.529   0.208   0.179  -0.394   0.639   0.000 -1O000M000t
00402 VAL01A0209_001 f 0.00  0.000     0  0.00  0  0  -3.507   4.506   0.000   0.000   0.000   0.000 01O000M000t
00403 TYR01A0210_001 f 0.00  0.000     0  0.00  0  0   2.876  -5.337   0.010   0.277   1.130   0.000 01O000M000t
00404 TYR-1A0210_002 f 0.00 -1.000     0 10.20  0 -1   2.876  -5.337   0.010  -0.706   4.280   0.000 -1O000M000t
00405 THR01A0211_001 f 0.00  0.000     0  0.00  0  0  -2.267   1.431   0.563   0.162   1.572   0.000 01O000M000t
00406 THR01A0211_002 f 0.00  0.000     0  0.00  0  0  -2.267   1.431   0.563   3.214   1.713   0.000 01O000M000t
00407 PHE01A0212_001 f 0.00  0.000     0  0.00  0  0   2.345  -5.242   0.018   0.000   0.000   0.000 01O000M000t
00408 GLU01A0213_001 f 0.00  0.000     0  0.00  0  0   2.300  -3.651   4.042  -1.066   0.072   0.000 01O000M000t
00409 GLU01A0213_002 f 0.00  0.000     0  0.00  0  0   2.300  -3.651   1.322  -0.859   1.097   0.000 01O000M000t
00410 GLU02A0213_003 f 0.00  0.000     0  0.00  0  0   3.083  -3.412   4.042   1.793   0.867   0.000 02O000M000t
00411 GLU02A0213_004 f 0.00  0.000     0  0.00  0  0   3.083  -3.412   1.322  -0.177   0.890   0.000 02O000M000t
00412 GLU-1A0213_005 f 0.00 -1.000     0  4.75  0 -1   2.266  -3.593   1.322  -2.880   2.246   0.000 -1O000M000t
00413 SER01A0214_001 f 0.00  0.000     0  0.00  0  0  -0.156  -1.413   0.572   2.021   1.717   0.000 01O000M000t
00414 SER01A0214_002 f 0.00  0.000     0  0.00  0  0  -0.156  -1.413   0.572  -1.346   1.277   0.000 01O000M000t
00415 SER01A0214_003 f 0.00  0.000     0  0.00  0  0  -0.156  -1.413   0.196  -0.509   1.727   0.000 01O000M000t
00416 ASP01A0215_001 f 0.00  0.000     0  0.00  0  0   0.180  -1.945   4.017  -2.587   1.159   0.000 01O000M000t
00417 ASP01A0215_002 f 0.00  0.000     0  0.00  0  0   0.180 997.055   1.297   3.296   1.846   0.000 01O000M000t
00418 ASP02A0215_003 f 0.00  0.000     0  0.00  0  0   0.100  -1.958   4.017  -1.491   1.347   0.000 02O000M000t
00419 ASP02A0215_004 f 0.00  0.000     0  0.00  0  0   0.100  -1.958   1.297   2.168   1.965   0.000 02O000M000t
00420 ASP-1A0215_005 f 0.00 -1.000     0  4.75  0 -1   0.097  -2.488   1.297  -9.529   7.455   0.000 -1O000M000t
00421 VAL01A0216_001 f 0.00  0.000     0  0.00  0  0   0.560   0.075   0.376   0.000   0.000   0.000 01O000M000t
00422 TRP01A0217_001 f 0.00  0.000     0  0.00  0  0   2.879 -12.872   0.018   0.000   0.000   0.000 01O000M000t
00423 SER01A0218_001 f 0.00  0.000     0  0.00  0  0  -0.060  -3.067   0.431  -2.186   1.146   0.000 01O000M000t
00424 SER01A0218_002 f 0.00  0.000     0  0.00  0  0  -0.060  -3.067   0.431   0.233   0.971   0.000 01O000M000t
00425 TYR01A0219_001 f 0.00  0.000     0  0.00  0  0   4.467  -6.692   0.070  -1.115   2.695   0.000 01O000M000t
00426 TYR01A0219_002 f 0.00  0.000     0  0.00  0  0   4.467  -6.692   0.070   0.718   2.695   0.000 01O000M000t
00427 TYR-1A0219_003 f 0.00 -1.000     0 10.20  0 -1   4.467  -6.692   0.070  -0.945  15.869   0.000 -1O000M000t
00428 ILE01A0221_001 f 0.00  0.000     0  0.00  0  0   3.875  -3.493   0.552   0.000   0.000   0.000 01O000M000t
00429 PHE01A0222_001 f 0.00  0.000     0  0.00  0  0   4.784  -5.946   0.221   0.000   0.000   0.000 01O000M000t
00430 LEU01A0223_001 f 0.00  0.000     0  0.00  0  0   1.831  -0.130   1.005   0.000   0.000   0.000 01O000M000t
00431 TRP01A0224_001 f 0.00  0.000     0  0.00  0  0   1.478 -10.937   0.337   0.000   0.000   0.000 01O000M000t
00432 GLU01A0225_001 f 0.00  0.000     0  0.00  0  0   0.955  -5.291   3.996  -2.727   2.217   0.000 01O000M000t
00433 GLU01A0225_002 f 0.00  0.000     0  0.00  0  0   0.955  -5.291   1.276  -0.500   2.736   0.000 01O000M000t
00434 GLU02A0225_003 f 0.00  0.000     0  0.00  0  0   0.892  -4.806   3.996  -0.899   2.359   0.000 02O000M000t
00435 GLU02A0225_004 f 0.00  0.000     0  0.00  0  0   0.892  -4.806   1.276   3.574   2.622   0.000 02O000M000t
00436 GLU-1A0225_005 f 0.00 -1.000     0  4.75  0 -1   0.784  -5.183   1.276  -8.147  12.615   0.000 -1O000M000t
00437 LEU01A0226_001 f 0.00  0.000     0  0.00  0  0   1.533  -4.103   0.421   0.000   0.000   0.000 01O000M000t
00438 PHE01A0227_001 f 0.00  0.000     0  0.00  0  0   4.298  -3.310   0.206   0.000   0.000   0.000 01O000M000t
00439 SER01A0228_001 f 0.00  0.000     0  0.00  0  0  -0.384   0.487   1.263  -0.519   1.924   0.000 01O000M000t
00440 LEU01A0229_001 f 0.00  0.000     0  0.00  0  0   1.097   5.254   0.518   0.000   0.000   0.000 01O000M000t
00441 SER01A0231_001 f 0.00  0.000     0  0.00  0  0  -1.643  -1.865   0.390  -0.096   0.338   0.000 01O000M000t
00442 SER01A0231_002 f 0.00  0.000     0  0.00  0  0  -1.643  -1.865   0.390  -0.976   1.132   0.000 01O000M000t
00443 SER01A0232_001 f 0.00  0.000     0  0.00  0  0  -2.855  -0.955   0.554  -0.078   0.063   0.000 01O000M000t
00444 SER01A0232_002 f 0.00  0.000     0  0.00  0  0  -2.855  -0.955   0.179  -0.341  -0.018   0.000 01O000M000t
00445 PRO01A0233_001 f 0.00  0.000     0  0.00  0  0   0.237  -1.522   0.000   0.000   0.000   0.000 01O000M000t
00446 TYR01A0234_001 f 0.00  0.000     0  0.00  0  0   4.100  -3.535   0.044  -0.662   1.909   0.000 01O000M000t
00447 TYR01A0234_002 f 0.00  0.000     0  0.00  0  0   4.100  -3.535   0.044   0.054   1.798   0.000 01O000M000t
00448 TYR-1A0234_003 f 0.00 -1.000     0 10.20  0 -1   4.100  -3.535   0.044   0.999   8.774   0.000 -1O000M000t
00449 PRO01A0235_001 f 0.00  0.000     0  0.00  0  0  -4.474  -1.190   0.000   0.000   0.000   0.000 01O000M000t
00450 MET01A0237_001 f 0.00  0.000     0  0.00  0  0  -1.535  -0.734   2.870   0.043   0.053   0.000 01O000M000t
00451 PRO01A0238_001 f 0.00  0.000     0  0.00  0  0  -5.243   0.841   0.000   0.000   0.000   0.000 01O000M000t
00452 VAL01A0239_001 f 0.00  0.000     0  0.00  0  0   0.072   0.175   0.003   0.000   0.000   0.000 01O000M000t
00453 ASP01A0240_001 f 0.00  0.000     0  0.00  0  0  -1.344   2.109   3.158  -1.391   0.233   0.000 01O000M000t
00454 ASP01A0240_002 f 0.00  0.000     0  0.00  0  0  -1.344   2.109   0.438  -1.400   1.142   0.000 01O000M000t
00455 ASP02A0240_003 f 0.00  0.000     0  0.00  0  0  -1.374   3.420   3.158   3.194   1.576   0.000 02O000M000t
00456 ASP02A0240_004 f 0.00  0.000     0  0.00  0  0  -1.374   3.420   0.438  -0.313   1.516   0.000 02O000M000t
00457 ASP-1A0240_005 f 0.00 -1.000     0  4.75  0 -1  -1.381   2.210   0.438  -3.483   3.558   0.000 -1O000M000t
00458 SER01A0241_001 f 0.00  0.000     0  0.00  0  0  -5.597  -0.564   0.395  -0.266  -0.158   0.000 01O000M000t
00459 SER01A0241_002 f 0.00  0.000     0  0.00  0  0  -5.597  -0.564   0.020  -0.372  -0.300   0.000 01O000M000t
00460 LYS01A0242_001 f 0.00  0.000     0  0.00  0  0  -7.322  -1.267   3.748  -0.012  -0.031   0.000 01O000M000t
00461 LYS+1A0242_002 f 0.00  1.000     0 10.40  0  1  -7.369  -1.269   3.748   0.078  -0.057   0.000 +1O000M000t
00462 PHE01A0243_001 f 0.00  0.000     0  0.00  0  0   4.809  -6.512   0.129   0.000   0.000   0.000 01O000M000t
00463 TYR01A0244_001 f 0.00  0.000     0  0.00  0  0   2.312  -4.725   0.208   0.052   1.548   0.000 01O000M000t
00464 TYR-1A0244_002 f 0.00 -1.000     0 10.20  0 -1   2.312  -4.725   0.208  -0.770   5.489   0.000 -1O000M000t
00465 LYS01A0245_001 f 0.00  0.000     0  0.00  0  0  -7.610  -1.791   1.573  -0.007  -0.033   0.000 01O000M000t
00466 LYS+1A0245_002 f 0.00  1.000     0 10.40  0  1  -7.654  -1.794   1.573   0.063  -0.377   0.000 +1O000M000t
00467 MET01A0246_001 f 0.00  0.000     0  0.00  0  0  -1.707  -1.849   0.314   0.032   0.067   0.000 01O000M000t
00468 ILE01A0247_001 f 0.00  0.000     0  0.00  0  0   1.100   0.739   0.454   0.000   0.000   0.000 01O000M000t
00469 LYS01A0248_001 f 0.00  0.000     0  0.00  0  0  -6.113  -2.057   3.296  -0.005  -0.089   0.000 01O000M000t
00470 LYS+1A0248_002 f 0.00  1.000     0 10.40  0  1  -6.154  -2.060   3.296  -0.008   0.036   0.000 +1O000M000t
00471 GLU01A0249_001 f 0.00  0.000     0  0.00  0  0  -0.411  -3.225   4.161   0.173   1.381   0.000 01O000M000t
00472 GLU01A0249_002 f 0.00  0.000     0  0.00  0  0  -0.411  -3.225   1.441   0.020   0.721   0.000 01O000M000t
00473 GLU02A0249_003 f 0.00  0.000     0  0.00  0  0  -0.666  -3.186   4.161  -0.027   0.002   0.000 02O000M000t
00474 GLU02A0249_004 f 0.00  0.000     0  0.00  0  0  -0.666  -3.186   1.441  -0.013   0.955   0.000 02O000M000t
00475 GLU-1A0249_005 f 0.00 -1.000     0  4.75  0 -1  -0.773  -3.157   1.441  -0.072   2.067   0.000 -1O000M000t
00476 PHE01A0251_001 f 0.00  0.000     0  0.00  0  0  -2.066   2.342   0.976   0.000   0.000   0.000 01O000M000t
00477 ARG01A0252_001 f 0.00  0.000     0  0.00  0  0   0.016  -4.502   0.640  -1.680   2.599   0.000 01O000M000t
00478 ARG02A0252_002 f 0.00  0.000     0  0.00  0  0  -0.003  -4.482   0.640  -1.295   3.631   0.000 02O000M000t
00479 ARG02A0252_003 f 0.00  0.000     0  0.00  0  0   0.049  -4.737   0.640  -0.203   3.525   0.000 02O000M000t
00480 ARG03A0252_004 f 0.00  0.000     0  0.00  0  0  -0.007  -4.442   0.640  -1.775   3.344   0.000 03O000M000t
00481 ARG+1A0252_005 f 0.00  1.000     0 12.50  0  1  -0.049  -4.591   0.640  -6.553   4.685   0.000 +1O000M000t
00482 MET01A0253_001 f 0.00  0.000     0  0.00  0  0  -0.257  -3.969   0.935  -0.262   0.092   0.000 01O000M000t
00483 LEU01A0254_001 f 0.00  0.000     0  0.00  0  0  -8.253  -1.273   0.563   0.000   0.000   0.000 01O000M000t
00484 SER01A0255_001 f 0.00  0.000     0  0.00  0  0  -1.521  -0.331   0.404  -1.418   1.126   0.000 01O000M000t
00485 SER01A0255_002 f 0.00  0.000     0  0.00  0  0  -1.521  -0.331   0.404   0.456   1.567   0.000 01O000M000t
00486 PRO01A0256_001 f 0.00  0.000     0  0.00  0  0   0.244  -4.237   0.000   0.000   0.000   0.000 01O000M000t
00487 GLU01A0257_001 f 0.00  0.000     0  0.00  0  0  -1.622   1.748   3.557   0.038  -0.703   0.000 01O000M000t
00488 GLU01A0257_002 f 0.00  0.000     0  0.00  0  0  -1.622   1.748   0.837   0.028   0.642   0.000 01O000M000t
00489 GLU02A0257_003 f 0.00  0.000     0  0.00  0  0  -0.911   1.728   3.557   0.361   0.301   0.000 02O000M000t
00490 GLU02A0257_004 f 0.00  0.000     0  0.00  0  0  -0.911   1.728   0.837   0.058   0.603   0.000 02O000M000t
00491 GLU-1A0257_005 f 0.00 -1.000     0  4.75  0 -1  -1.469   1.765   0.837  -0.155   0.294   0.000 -1O000M000t
00492 HIS01A0258_001 f 0.00  0.000     0  0.00  0  0  -1.316  -2.037   0.082   0.234   1.600   0.000 01O000M000t
00493 HIS01A0258_002 f 0.00  0.000     0  0.00  0  0  -1.904  -1.915   0.082   0.402   1.878   0.000 01R001M000t
00494 HIS02A0258_003 f 0.00  0.000     0  0.00  0  0  -1.332  -2.090   0.082   0.307   1.192   0.000 02O000M000t
00495 HIS02A0258_004 f 0.00  0.000     0  0.00  0  0  -1.918  -1.944   0.082   0.257   1.749   0.000 02R001M000t
00496 HIS+1A0258_005 f 0.00  1.000     0  6.98  0  1  -1.359  -2.099   0.082   0.721   1.419   0.000 +1O000M000t
00497 HIS+1A0258_006 f 0.00  1.000     0  6.98  0  1  -1.944  -1.957   0.082   0.722   2.052   0.000 +1R001M000t
00498 ALA01A0259_001 f 0.00  0.000     0  0.00  0  0   0.000  -2.123   0.000   0.000   0.000   0.000 01O000M000t
00499 PRO01A0260_001 f 0.00  0.000     0  0.00  0  0  -1.149  -1.998   0.000   0.000   0.000   0.000 01O000M000t
00500 ALA01A0261_001 f 0.00  0.000     0  0.00  0  0  -4.926  -0.472   0.000   0.000   0.000   0.000 01O000M000t
00501 GLU01A0262_001 f 0.00  0.000     0  0.00  0  0  -1.114  -1.600   3.144   0.451   0.093   0.000 01O000M000t
00502 GLU01A0262_002 f 0.00  0.000     0  0.00  0  0  -1.114  -1.600   0.424   0.199   0.624   0.000 01O000M000t
00503 GLU02A0262_003 f 0.00  0.000     0  0.00  0  0  -1.213  -1.663   3.144  -0.040   1.487   0.000 02O000M000t
00504 GLU02A0262_004 f 0.00  0.000     0  0.00  0  0  -1.213  -1.663   0.424   0.111   1.104   0.000 02O000M000t
00505 GLU-1A0262_005 f 0.00 -1.000     0  4.75  0 -1  -1.268  -1.610   0.424  -0.173   2.642   0.000 -1O000M000t
00506 MET01A0263_001 f 0.00  0.000     0  0.00  0  0  -0.030  -2.651   0.543   0.064   0.099   0.000 01O000M000t
00507 TYR01A0264_001 f 0.00  0.000     0  0.00  0  0   2.123  -4.822   0.007  -2.042   1.858   0.000 01O000M000t
00508 TYR01A0264_002 f 0.00  0.000     0  0.00  0  0   2.123  -4.822   0.007   0.764   1.320   0.000 01O000M000t
00509 TYR-1A0264_003 f 0.00 -1.000     0 10.20  0 -1   2.123  -4.822   0.007   0.783   5.262   0.000 -1O000M000t
00510 ASP01A0265_001 f 0.00  0.000     0  0.00  0  0  -1.714  -2.316   3.004   0.693   1.011   0.000 01O000M000t
00511 ASP01A0265_002 f 0.00  0.000     0  0.00  0  0  -1.714  -2.316   0.284   0.207   0.917   0.000 01O000M000t
00512 ASP02A0265_003 f 0.00  0.000     0  0.00  0  0  -1.588  -2.613   3.004   0.482   0.542   0.000 02O000M000t
00513 ASP02A0265_004 f 0.00  0.000     0  0.00  0  0  -1.588  -2.613   0.284   0.229   0.488   0.000 02O000M000t
00514 ASP-1A0265_005 f 0.00 -1.000     0  4.75  0 -1  -1.613  -2.661   0.284  -0.389   1.907   0.000 -1O000M000t
00515 ILE01A0266_001 f 0.00  0.000     0  0.00  0  0   1.410  -1.058   0.806   0.000   0.000   0.000 01O000M000t
00516 MET01A0267_001 f 0.00  0.000     0  0.00  0  0   0.193  -7.395   1.505   0.061   0.099   0.000 01O000M000t
00517 LYS01A0268_001 f 0.00  0.000     0  0.00  0  0  -4.179  -3.834   2.504   0.001  -0.109   0.000 01O000M000t
00518 LYS+1A0268_002 f 0.00  1.000     0 10.40  0  1  -4.228  -3.842   2.504  -0.108   0.427   0.000 +1O000M000t
00519 THR01A0269_001 f 0.00  0.000     0  0.00  0  0  -3.303   1.832   0.392  -1.098   1.656   0.000 01O000M000t
00520 THR01A0269_002 f 0.00  0.000     0  0.00  0  0  -3.303   1.832   0.017  -0.129   1.019   0.000 01O000M000t
00521 CYS01A0270_001 f 0.00  0.000     0  0.00  0  0  -0.002  -4.530   0.131   0.143   0.992   0.000 01O000M000t
00522 CYS01A0270_002 f 0.00  0.000     0  0.00  0  0  -0.002  -4.616   0.131  -0.255   0.978   0.000 01O000M000t
00523 CYS01A0270_003 f 0.00  0.000     0  0.00  0  0  -0.002  -4.556   0.131   0.307   0.994   0.000 01O000M000t
00524 CYS-1A0270_004 f 0.00 -1.000     0  9.10  0 -1   0.000  -4.465   0.131   1.314  14.342   0.000 -1O000M000t
00525 TRP01A0271_001 f 0.00  0.000     0  0.00  0  0   2.812 -12.905   0.026   0.000   0.000   0.000 01O000M000t
00526 ASP01A0272_001 f 0.00  0.000     0  0.00  0  0  -1.088  -1.486   4.094  -1.168   0.137   0.000 01O000M000t
00527 ASP01A0272_002 f 0.00  0.000     0  0.00  0  0  -1.088  -1.486   1.374  -1.067   1.328   0.000 01O000M000t
00528 ASP02A0272_003 f 0.00  0.000     0  0.00  0  0  -1.086   0.048   4.094   3.010   1.650   0.000 02O000M000t
00529 ASP02A0272_004 f 0.00  0.000     0  0.00  0  0  -1.086   0.048   1.374  -0.423   1.171   0.000 02O000M000t
00530 ASP-1A0272_005 f 0.00 -1.000     0  4.75  0 -1  -1.000  -1.414   1.374  -2.323   3.480   0.000 -1O000M000t
00531 ALA01A0273_001 f 0.00  0.000     0  0.00  0  0  -3.071  -0.690   0.000   0.000   0.000   0.000 01O000M000t
00532 ASP01A0274_001 f 0.00  0.000     0  0.00  0  0  -1.829  -0.162   2.761  -1.048   0.719   0.000 01O000M000t
00533 ASP01A0274_002 f 0.00  0.000     0  0.00  0  0  -1.829  -0.162   0.041  -1.108   1.355   0.000 01O000M000t
00534 ASP02A0274_003 f 0.00  0.000     0  0.00  0  0  -1.831   0.692   2.761   3.328   1.528   0.000 02O000M000t
00535 ASP02A0274_004 f 0.00  0.000     0  0.00  0  0  -1.831   0.692   0.041   0.089   1.495   0.000 02O000M000t
00536 ASP-1A0274_005 f 0.00 -1.000     0  4.75  0 -1  -1.735  -0.098   0.041  -4.048   3.647   0.000 -1O000M000t
00537 PRO01A0275_001 f 0.00  0.000     0  0.00  0  0  -2.199   0.546   0.000   0.000   0.000   0.000 01O000M000t
00538 LEU01A0276_001 f 0.00  0.000     0  0.00  0  0  -6.722  -0.041   0.414   0.000   0.000   0.000 01O000M000t
00539 LYS01A0277_001 f 0.00  0.000     0  0.00  0  0  -6.100  -1.782   1.494  -0.013   0.382   0.000 01O000M000t
00540 LYS+1A0277_002 f 0.00  1.000     0 10.40  0  1  -6.178  -1.793   1.494   0.413   1.917   0.000 +1O000M000t
00541 ARG01A0278_001 f 0.00  0.000     0  0.00  0  0   1.721 -13.358   1.076   0.914   4.421   0.000 01O000M000t
00542 ARG02A0278_002 f 0.00  0.000     0  0.00  0  0   1.680 -13.374   1.076  -2.703   4.927   0.000 02O000M000t
00543 ARG02A0278_003 f 0.00  0.000     0  0.00  0  0   1.741 -13.316   1.076  -0.923   4.914   0.000 02O000M000t
00544 ARG03A0278_004 f 0.00  0.000     0  0.00  0  0   1.676 -13.398   1.076  -2.472   4.837   0.000 03O000M000t
00545 ARG03A0278_005 f 0.00  0.000     0  0.00  0  0   1.681 -13.291   1.076   0.254   4.837   0.000 03O000M000t
00546 ARG+1A0278_006 f 0.00  1.000     0 12.50  0  1   1.637 -13.447   1.076  -5.873  10.706   0.000 +1O000M000t
00547 PRO01A0279_001 f 0.00  0.000     0  0.00  0  0  -0.449  -4.363   0.000   0.000   0.000   0.000 01O000M000t
00548 THR01A0280_001 f 0.00  0.000     0  0.00  0  0  -3.701  -0.734   0.439  -0.027   1.556   0.000 01O000M000t
00549 THR01A0280_002 f 0.00  0.000     0  0.00  0  0  -3.701  -0.734   0.064  -1.896   0.934   0.000 01O000M000t
00550 PHE01A0281_001 f 0.00  0.000     0  0.00  0  0   4.584  -9.707   0.426   0.000   0.000   0.000 01O000M000t
00551 LYS01A0282_001 f 0.00  0.000     0  0.00  0  0  -7.709  -0.901   5.071  -0.035   0.025   0.000 01O000M000t
00552 LYS+1A0282_002 f 0.00  1.000     0 10.40  0  1  -7.761  -0.903   5.071   0.383  -0.031   0.000 +1O000M000t
00553 GLN01A0283_001 f 0.00  0.000     0  0.00  0  0  -1.824  -2.395   0.649  -1.147   0.556   0.000 01O000M000t
00554 GLN01A0283_002 f 0.00  0.000     0  0.00  0  0  -1.563  -1.077   0.635   2.593   0.421   0.000 01R001M000t
00555 ILE01A0284_001 f 0.00  0.000     0  0.00  0  0   1.452  -2.521   0.777   0.000   0.000   0.000 01O000M000t
00556 VAL01A0285_001 f 0.00  0.000     0  0.00  0  0  -0.519  -1.713   0.158   0.000   0.000   0.000 01O000M000t
00557 GLN01A0286_001 f 0.00  0.000     0  0.00  0  0  -2.235  -1.502   1.510   0.039  -0.089   0.000 01O000M000t
00558 GLN01A0286_002 f 0.00  0.000     0  0.00  0  0  -1.483  -1.547   1.510   0.082  -0.206   0.000 01R001M000t
00559 LEU01A0287_001 f 0.00  0.000     0  0.00  0  0  -2.281  -3.780   0.515   0.000   0.000   0.000 01O000M000t
00560 ILE01A0288_001 f 0.00  0.000     0  0.00  0  0   2.411  -0.908   0.417   0.000   0.000   0.000 01O000M000t
00561 GLU01A0289_001 f 0.00  0.000     0  0.00  0  0  -1.244  -2.621   4.008   0.611   0.122   0.000 01O000M000t
00562 GLU01A0289_002 f 0.00  0.000     0  0.00  0  0  -1.244  -2.621   1.288   0.144   0.867   0.000 01O000M000t
00563 GLU02A0289_003 f 0.00  0.000     0  0.00  0  0  -1.478  -2.830   4.008   0.050  -0.391   0.000 02O000M000t
00564 GLU02A0289_004 f 0.00  0.000     0  0.00  0  0  -1.478  -2.830   1.288   0.072   1.016   0.000 02O000M000t
00565 GLU-1A0289_005 f 0.00 -1.000     0  4.75  0 -1  -1.476  -2.772   1.288  -0.378   1.160   0.000 -1O000M000t
00566 LYS01A0290_001 f 0.00  0.000     0  0.00  0  0  -4.843  -0.117   2.433  -0.015   0.156   0.000 01O000M000t
00567 LYS+1A0290_002 f 0.00  1.000     0 10.40  0  1  -4.890  -0.123   2.433   0.026   0.207   0.000 +1O000M000t
00568 GLN01A0291_001 f 0.00  0.000     0  0.00  0  0   0.159  -3.404   2.173   0.008   1.174   0.000 01O000M000t
00569 GLN01A0291_002 f 0.00  0.000     0  0.00  0  0   0.561  -3.315   2.187   0.273   1.142   0.000 01R001M000t
00570 ILE01A0292_001 f 0.00  0.000     0  0.00  0  0  -1.032  -1.500   0.769   0.000   0.000   0.000 01O000M000t
00571 SER01A0293_001 f 0.00  0.000     0  0.00  0  0  -3.373  -1.559   1.309  -0.141  -0.273   0.000 01O000M000t
00572 SER01A0293_002 f 0.00  0.000     0  0.00  0  0  -3.373  -1.559   0.934  -0.420  -0.200   0.000 01O000M000t
00573 GLU01A0294_001 f 0.00  0.000     0  0.00  0  0  -0.558  -3.819   4.912  -0.488   1.308   0.000 01O000M000t
00574 GLU01A0294_002 f 0.00  0.000     0  0.00  0  0  -0.558  -3.819   2.192   0.091   1.218   0.000 01O000M000t
00575 GLU02A0294_003 f 0.00  0.000     0  0.00  0  0  -0.957  -3.973   4.912   0.003   0.274   0.000 02O000M000t
00576 GLU02A0294_004 f 0.00  0.000     0  0.00  0  0  -0.957  -3.973   2.192   0.062   1.345   0.000 02O000M000t
00577 GLU-1A0294_005 f 0.00 -1.000     0  4.75  0 -1  -0.930  -3.942   2.192   0.026   3.237   0.000 -1O000M000t
00578 SER01A0295_001 f 0.00  0.000     0  0.00  0  0  -0.421  -1.973   0.857   0.158   0.624   0.000 01O000M000t
00579 THR01A0296_001 f 0.00  0.000     0  0.00  0  0  -4.220   3.860   0.376   0.233   0.357   0.000 01O000M000t
00580 THR01A0296_002 f 0.00  0.000     0  0.00  0  0  -4.220   3.860   0.376  -2.235   1.467   0.000 01O000M000t
00581 THR01A0296_003 f 0.00  0.000     0  0.00  0  0  -4.220   3.860   0.001   0.217   0.231   0.000 01O000M000t
00582 ASN01A0297_001 f 0.00  0.000     0  0.00  0  0  -3.927  13.255   1.252   0.197  -0.110   0.000 01O000M000t
00583 ASN01A0297_002 f 0.00  0.000     0  0.00  0  0  -3.922  13.459   1.232   0.381  -0.375   0.000 01R001M000t
00584 0LI11B0001_001 f 0.00  1.004     0  0.00  0  0 148.465 212.378   0.000  -3.610   8.097   0.316 11O000M000t
00585 0LI11B0001_002 f 0.00  1.004     0  0.00  0  0 180.905 212.382   0.000  -3.189   8.520   0.316 11O000M000t
00586 0LI12B0001_003 f 0.00  1.002     0  0.00  0  0 141.474 216.766   0.000  -7.015   8.157   0.573 12O000M000t
00587 0LI12B0001_004 f 0.00  1.002     0  0.00  0  0 173.915 216.770   0.000  -6.569   8.386   0.573 12O000M000t
00588 0LI01B0001_005 f 0.00 -0.002     0  0.00  0  0 138.940 212.438   0.000  -3.561   6.339   2.030 01O000M000t
00589 0LI01B0001_006 f 0.00 -0.002     0  0.00  0  0 171.380 212.442   0.000  -3.158   6.403   2.030 01O000M000t
00590 0LIDMB0001_007 f 0.00  0.000     0  0.00  0  0   0.000   0.000   0.000   0.000   0.000   0.000         DMt
