iConf CONFORMER     FL  occ    crg   Em0  pKa0 ne nH    vdw0    vdw1    tors    epol   dsolv   extra    history
00001 ALA01A0001_001 f 0.00  0.000     0  0.00  0  0  -5.080   0.378   0.000   0.000   0.000   0.000 01O000M000t
00002 MET01A0002_001 f 0.00  0.000     0  0.00  0  0  -4.418  -1.824   0.683   0.061   0.047   0.000 01O000M000t
00003 GLU01A0004_001 f 0.00  0.000     0  0.00  0  0   2.744   0.305   3.543  -0.796   0.717   0.000 01O000M000t
00004 GLU01A0004_002 f 0.00  0.000     0  0.00  0  0   2.744   0.305   0.823  -0.838   1.488   0.000 01O000M000t
00005 GLU02A0004_003 f 0.00  0.000     0  0.00  0  0   1.858   1.087   3.543  -0.652   0.154   0.000 02O000M000t
00006 GLU02A0004_004 f 0.00  0.000     0  0.00  0  0   1.858   1.087   0.823   3.328   2.223   0.000 02O000M000t
00007 GLU-1A0004_005 f 0.00 -1.000     0  4.75  0 -1   1.835   0.311   0.823  -1.767   3.527   0.000 -1O000M000t
00008 ALA01A0005_001 f 0.00  0.000     0  0.00  0  0  -4.272  -0.361   0.000   0.000   0.000   0.000 01O000M000t
00009 PRO01A0006_001 f 0.00  0.000     0  0.00  0  0  -5.322  -0.484   0.000   0.000   0.000   0.000 01O000M000t
00010 ASN01A0007_001 f 0.00  0.000     0  0.00  0  0  -0.730  -0.019   0.239  -0.976   1.585   0.000 01O000M000t
00011 ASN01A0007_002 f 0.00  0.000     0  0.00  0  0  -0.975   2.447   0.238   2.029   1.177   0.000 01R001M000t
00012 GLN01A0008_001 f 0.00  0.000     0  0.00  0  0  -3.073  -0.230   1.273   0.028  -0.146   0.000 01O000M000t
00013 GLN01A0008_002 f 0.00  0.000     0  0.00  0  0  -3.159  -0.259   1.327   0.069  -0.093   0.000 01R001M000t
00014 ALA01A0009_001 f 0.00  0.000     0  0.00  0  0  -0.876  -1.391   0.000   0.000   0.000   0.000 01O000M000t
00015 LEU01A0010_001 f 0.00  0.000     0  0.00  0  0  -4.416  -3.273   0.477   0.000   0.000   0.000 01O000M000t
00016 LEU01A0011_001 f 0.00  0.000     0  0.00  0  0  -1.797  -1.297   0.461   0.000   0.000   0.000 01O000M000t
00017 ARG01A0012_001 f 0.00  0.000     0  0.00  0  0  -1.984  -3.551   0.906  -0.162   1.656   0.000 01O000M000t
00018 ARG02A0012_002 f 0.00  0.000     0  0.00  0  0  -2.020  -3.557   0.906  -0.136   2.898   0.000 02O000M000t
00019 ARG02A0012_003 f 0.00  0.000     0  0.00  0  0  -1.960  -3.554   0.906   0.044   2.407   0.000 02O000M000t
00020 ARG03A0012_004 f 0.00  0.000     0  0.00  0  0  -2.026  -3.556   0.906  -0.237   2.854   0.000 03O000M000t
00021 ARG03A0012_005 f 0.00  0.000     0  0.00  0  0  -2.022  -3.557   0.906  -0.187   2.406   0.000 03O000M000t
00022 ARG+1A0012_006 f 0.00  1.000     0 12.50  0  1  -2.064  -3.564   0.906   0.032   3.275   0.000 +1O000M000t
00023 ILE01A0013_001 f 0.00  0.000     0  0.00  0  0  -3.706   0.512   0.399   0.000   0.000   0.000 01O000M000t
00024 LEU01A0014_001 f 0.00  0.000     0  0.00  0  0   1.810  -3.251   0.484   0.000   0.000   0.000 01O000M000t
00025 LYS01A0015_001 f 0.00  0.000     0  0.00  0  0  -8.133  -0.727   1.764  -0.031  -0.137   0.000 01O000M000t
00026 LYS+1A0015_002 f 0.00  1.000     0 10.40  0  1  -8.177  -0.729   1.764   0.247  -0.128   0.000 +1O000M000t
00027 GLU01A0016_001 f 0.00  0.000     0  0.00  0  0  -1.453  -0.983   5.692   0.082   0.689   0.000 01O000M000t
00028 GLU01A0016_002 f 0.00  0.000     0  0.00  0  0  -1.453  -0.983   2.972   0.089   1.195   0.000 01O000M000t
00029 GLU02A0016_003 f 0.00  0.000     0  0.00  0  0  -1.521  -0.977   5.692   0.052   0.128   0.000 02O000M000t
00030 GLU02A0016_004 f 0.00  0.000     0  0.00  0  0  -1.521  -0.977   2.972   0.063   1.323   0.000 02O000M000t
00031 GLU-1A0016_005 f 0.00 -1.000     0  4.75  0 -1  -1.546  -0.946   2.972  -0.585   2.885   0.000 -1O000M000t
00032 THR01A0017_001 f 0.00  0.000     0  0.00  0  0  -6.323  -0.509   0.459   0.516   0.611   0.000 01O000M000t
00033 GLU01A0018_001 f 0.00  0.000     0  0.00  0  0   0.434  -4.652   3.890   0.899   2.091   0.000 01O000M000t
00034 GLU01A0018_002 f 0.00  0.000     0  0.00  0  0   0.434  -4.652   1.170  -0.809   2.253   0.000 01O000M000t
00035 GLU02A0018_003 f 0.00  0.000     0  0.00  0  0   0.506  -4.705   3.890  -0.141   1.662   0.000 02O000M000t
00036 GLU02A0018_004 f 0.00  0.000     0  0.00  0  0   0.506  -4.705   1.170  -0.868   1.786   0.000 02O000M000t
00037 GLU-1A0018_005 f 0.00 -1.000     0  4.75  0 -1   0.365  -4.827   1.170  -3.451   6.732   0.000 -1O000M000t
00038 PHE01A0019_001 f 0.00  0.000     0  0.00  0  0   4.851  -8.298   0.005   0.000   0.000   0.000 01O000M000t
00039 LYS01A0020_001 f 0.00  0.000     0  0.00  0  0  -2.364   0.039   3.304  -0.009   0.508   0.000 01O000M000t
00040 LYS+1A0020_002 f 0.00  1.000     0 10.40  0  1  -2.425   0.031   3.304  -0.233   1.816   0.000 +1O000M000t
00041 LYS01A0021_001 f 0.00  0.000     0  0.00  0  0  -1.327  -1.899   5.869   0.022   0.655   0.000 01O000M000t
00042 LYS+1A0021_002 f 0.00  1.000     0 10.40  0  1  -1.377  -1.905   5.869   0.717   5.226   0.000 +1O000M000t
00043 ILE01A0022_001 f 0.00  0.000     0  0.00  0  0  -1.415  19.654   0.837   0.000   0.000   0.000 01O000M000t
00044 LYS01A0023_001 f 0.00  0.000     0  0.00  0  0  42.898  -0.060   5.924  -0.010   0.098   0.000 01O000M000t
00045 LYS+1A0023_002 f 0.00  1.000     0 10.40  0  1  42.840  -0.063   5.924   0.077   0.327   0.000 +1O000M000t
00046 VAL01A0024_001 f 0.00  0.000     0  0.00  0  0  -3.484   1.263   0.006   0.000   0.000   0.000 01O000M000t
00047 LEU01A0025_001 f 0.00  0.000     0  0.00  0  0   1.245  -5.764   0.611   0.000   0.000   0.000 01O000M000t
00048 SER01A0027_001 f 0.00  0.000     0  0.00  0  0  -2.739 999.000   2.686  -0.052   0.358   0.000 01O000M000t
00049 SER01A0027_002 f 0.00  0.000     0  0.00  0  0  -2.739 999.000   2.311  -0.563  -0.064   0.000 01O000M000t
00050 ALA01A0029_001 f 0.00  0.000     0  0.00  0  0  -3.963  -1.014   0.000   0.000   0.000   0.000 01O000M000t
00051 PHE01A0030_001 f 0.00  0.000     0  0.00  0  0  -4.263 402.330   2.592   0.000   0.000   0.000 01O000M000t
00052 THR01A0032_001 f 0.00  0.000     0  0.00  0  0   0.052  -3.065   0.522   0.395   1.681   0.000 01O000M000t
00053 THR01A0032_002 f 0.00  0.000     0  0.00  0  0   0.052  -3.065   0.522   0.032   1.689   0.000 01O000M000t
00054 THR01A0032_003 f 0.00  0.000     0  0.00  0  0   0.052  -3.065   0.147  -1.251   0.787   0.000 01O000M000t
00055 VAL01A0033_001 f 0.00  0.000     0  0.00  0  0  -0.014  -2.812   0.016   0.000   0.000   0.000 01O000M000t
00056 TYR01A0034_001 f 0.00  0.000     0  0.00  0  0   1.351  -6.520   0.028   0.156   1.236   0.000 01O000M000t
00057 TYR01A0034_002 f 0.00  0.000     0  0.00  0  0   1.351  -6.520   0.028  -0.021   0.981   0.000 01O000M000t
00058 TYR-1A0034_003 f 0.00 -1.000     0 10.20  0 -1   1.351  -6.520   0.028  -1.129   3.267   0.000 -1O000M000t
00059 LYS01A0035_001 f 0.00  0.000     0  0.00  0  0  -1.356  -1.476   4.030  -0.080   0.152   0.000 01O000M000t
00060 LYS+1A0035_002 f 0.00  1.000     0 10.40  0  1  -1.426  -1.485   4.030   0.497   1.306   0.000 +1O000M000t
00061 LEU01A0037_001 f 0.00  0.000     0  0.00  0  0  -0.816  -4.133   1.801   0.000   0.000   0.000 01O000M000t
00062 TRP01A0038_001 f 0.00  0.000     0  0.00  0  0   3.731  -7.380   0.062   0.000   0.000   0.000 01O000M000t
00063 ILE01A0039_001 f 0.00  0.000     0  0.00  0  0  -1.758   0.098   0.441   0.000   0.000   0.000 01O000M000t
00064 PRO01A0040_001 f 0.00  0.000     0  0.00  0  0   0.304  -1.780   0.000   0.000   0.000   0.000 01O000M000t
00065 GLU01A0041_001 f 0.00  0.000     0  0.00  0  0   2.477  21.487   7.243   1.767   0.752   0.000 01O000M000t
00066 GLU01A0041_002 f 0.00  0.000     0  0.00  0  0   2.477  21.487   4.523   0.056   0.716   0.000 01O000M000t
00067 GLU02A0041_003 f 0.00  0.000     0  0.00  0  0   1.745  21.546   7.243  -0.006  -0.027   0.000 02O000M000t
00068 GLU02A0041_004 f 0.00  0.000     0  0.00  0  0   1.745  21.546   4.523  -0.099   1.003   0.000 02O000M000t
00069 GLU-1A0041_005 f 0.00 -1.000     0  4.75  0 -1   1.673  21.571   4.523  -0.934   1.312   0.000 -1O000M000t
00070 GLU01A0043_001 f 0.00  0.000     0  0.00  0  0  -2.562 999.000   5.143   1.285  -0.365   0.000 01O000M000t
00071 GLU01A0043_002 f 0.00  0.000     0  0.00  0  0  -2.562 999.000   2.423   1.224   0.840   0.000 01O000M000t
00072 GLU02A0043_003 f 0.00  0.000     0  0.00  0  0  -2.538 999.000   5.143   1.792   0.938   0.000 02O000M000t
00073 GLU02A0043_004 f 0.00  0.000     0  0.00  0  0  -2.538 999.000   2.423   1.022   1.059   0.000 02O000M000t
00074 GLU-1A0043_005 f 0.00 -1.000     0  4.75  0 -1  -2.517 999.000   2.423   0.723   1.672   0.000 -1O000M000t
00075 LYS01A0044_001 f 0.00  0.000     0  0.00  0  0  55.970 999.000   4.016  -0.296   0.573   0.000 01O000M000t
00076 LYS+1A0044_002 f 0.00  1.000     0 10.40  0  1  55.894 999.000   4.016   1.955   2.806   0.000 +1O000M000t
00077 VAL01A0045_001 f 0.00  0.000     0  0.00  0  0  -0.697  -0.238   0.000   0.000   0.000   0.000 01O000M000t
00078 LYS01A0046_001 f 0.00  0.000     0  0.00  0  0  -1.382  -2.832   1.506   0.010   0.389   0.000 01O000M000t
00079 LYS+1A0046_002 f 0.00  1.000     0 10.40  0  1  -1.460  -2.847   1.506   0.609   2.155   0.000 +1O000M000t
00080 ILE01A0047_001 f 0.00  0.000     0  0.00  0  0   2.005  -4.262   0.972   0.000   0.000   0.000 01O000M000t
00081 PRO01A0048_001 f 0.00  0.000     0  0.00  0  0  -1.070  -1.915   0.000   0.000   0.000   0.000 01O000M000t
00082 VAL01A0049_001 f 0.00  0.000     0  0.00  0  0   0.675  -4.061   0.042   0.000   0.000   0.000 01O000M000t
00083 ALA01A0050_001 f 0.00  0.000     0  0.00  0  0   0.000  -2.029   0.000   0.000   0.000   0.000 01O000M000t
00084 ILE01A0051_001 f 0.00  0.000     0  0.00  0  0   1.690  -2.645   0.572   0.000   0.000   0.000 01O000M000t
00085 LYS01A0052_001 f 0.00  0.000     0  0.00  0  0   0.057  -3.487   1.353   0.169   0.745   0.000 01O000M000t
00086 LYS+1A0052_002 f 0.00  1.000     0 10.40  0  1   0.008  -3.496   1.353   2.001   5.105   0.000 +1O000M000t
00087 GLU01A0053_001 f 0.00  0.000     0  0.00  0  0   0.792  13.603   3.337   0.362   1.755   0.000 01O000M000t
00088 GLU01A0053_002 f 0.00  0.000     0  0.00  0  0   0.792  13.603   0.617   0.135   1.165   0.000 01O000M000t
00089 GLU02A0053_003 f 0.00  0.000     0  0.00  0  0   0.573  13.629   3.337   0.423   1.297   0.000 02O000M000t
00090 GLU02A0053_004 f 0.00  0.000     0  0.00  0  0   0.573  13.629   0.617   0.120   1.451   0.000 02O000M000t
00091 GLU-1A0053_005 f 0.00 -1.000     0  4.75  0 -1   0.551  13.674   0.617  -1.176   4.169   0.000 -1O000M000t
00092 LEU01A0054_001 f 0.00  0.000     0  0.00  0  0   2.710 106.140   2.615   0.000   0.000   0.000 01O000M000t
00093 ARG01A0055_001 f 0.00  0.000     0  0.00  0  0  -4.223 999.000  17.685  -0.814   1.347   0.000 01O000M000t
00094 ARG02A0055_002 f 0.00  0.000     0  0.00  0  0  -4.282 999.000  17.685   0.869   2.265   0.000 02O000M000t
00095 ARG03A0055_003 f 0.00  0.000     0  0.00  0  0  -4.287 999.000  17.685   0.793   2.140   0.000 03O000M000t
00096 ARG+1A0055_004 f 0.00  1.000     0 12.50  0  1  -4.324 999.000  17.685   3.084   3.202   0.000 +1O000M000t
00097 GLU01A0056_001 f 0.00  0.000     0  0.00  0  0  -1.331 608.205   5.479   2.678   1.133   0.000 01O000M000t
00098 GLU01A0056_002 f 0.00  0.000     0  0.00  0  0  -1.331 608.205   2.759  -0.014   0.763   0.000 01O000M000t
00099 GLU02A0056_003 f 0.00  0.000     0  0.00  0  0  -1.399 511.654   5.479  -0.218   0.297   0.000 02O000M000t
00100 GLU02A0056_004 f 0.00  0.000     0  0.00  0  0  -1.399 511.654   2.759  -0.263   0.976   0.000 02O000M000t
00101 GLU-1A0056_005 f 0.00 -1.000     0  4.75  0 -1  -1.519 511.688   2.759  -2.048   2.561   0.000 -1O000M000t
00102 ALA01A0057_001 f 0.00  0.000     0  0.00  0  0  -4.494   5.783   0.000   0.000   0.000   0.000 01O000M000t
00103 THR01A0058_001 f 0.00  0.000     0  0.00  0  0  -5.812  27.685   3.149   0.461   0.589   0.000 01O000M000t
00104 SER01A0059_001 f 0.00  0.000     0  0.00  0  0  -0.662 999.000   0.564  -1.034   0.659   0.000 01O000M000t
00105 SER01A0059_002 f 0.00  0.000     0  0.00  0  0  -0.662 999.000   0.564  -1.010   0.760   0.000 01O000M000t
00106 SER01A0059_003 f 0.00  0.000     0  0.00  0  0  -0.662 999.000   0.189  -1.164   0.483   0.000 01O000M000t
00107 PRO01A0060_001 f 0.00  0.000     0  0.00  0  0  -5.896 999.000   0.000   0.000   0.000   0.000 01O000M000t
00108 LYS01A0061_001 f 0.00  0.000     0  0.00  0  0 999.000  -2.407   4.262   0.394   0.569   0.000 01O000M000t
00109 LYS+1A0061_002 f 0.00  1.000     0 10.40  0  1 999.000  -2.517   4.262   1.630   2.654   0.000 +1O000M000t
00110 ALA01A0062_001 f 0.00  0.000     0  0.00  0  0  -1.938  -1.341   0.000   0.000   0.000   0.000 01O000M000t
00111 ASN01A0063_001 f 0.00  0.000     0  0.00  0  0  -0.366   3.206   0.916   0.696   1.272   0.000 01O000M000t
00112 ASN01A0063_002 f 0.00  0.000     0  0.00  0  0   0.072  -0.653   0.286   0.050   1.324   0.000 01R001M000t
00113 LYS01A0064_001 f 0.00  0.000     0  0.00  0  0  -8.240  -1.909   1.416  -0.008   0.078   0.000 01O000M000t
00114 LYS+1A0064_002 f 0.00  1.000     0 10.40  0  1  -8.290  -1.915   1.416   0.014  -0.054   0.000 +1O000M000t
00115 GLU01A0065_001 f 0.00  0.000     0  0.00  0  0  -1.370   4.850   5.732   0.716   0.522   0.000 01O000M000t
00116 GLU01A0065_002 f 0.00  0.000     0  0.00  0  0  -1.370   4.850   3.012   0.137   0.751   0.000 01O000M000t
00117 GLU02A0065_003 f 0.00  0.000     0  0.00  0  0  -1.341   3.279   5.732   0.135   0.146   0.000 02O000M000t
00118 GLU02A0065_004 f 0.00  0.000     0  0.00  0  0  -1.341   3.279   3.012   0.011   1.124   0.000 02O000M000t
00119 GLU-1A0065_005 f 0.00 -1.000     0  4.75  0 -1  -1.384   3.331   3.012   0.287   1.796   0.000 -1O000M000t
00120 ILE01A0066_001 f 0.00  0.000     0  0.00  0  0   2.944  -3.887   2.326   0.000   0.000   0.000 01O000M000t
00121 LEU01A0067_001 f 0.00  0.000     0  0.00  0  0  -2.847  -1.162   0.559   0.000   0.000   0.000 01O000M000t
00122 ASP01A0068_001 f 0.00  0.000     0  0.00  0  0  -1.806  -3.153   3.186   0.553  -0.190   0.000 01O000M000t
00123 ASP01A0068_002 f 0.00  0.000     0  0.00  0  0  -1.806  -3.153   0.466   0.280   0.783   0.000 01O000M000t
00124 ASP02A0068_003 f 0.00  0.000     0  0.00  0  0  -1.649  -3.409   3.186   0.163   0.402   0.000 02O000M000t
00125 ASP02A0068_004 f 0.00  0.000     0  0.00  0  0  -1.649  -3.409   0.466   0.200   0.567   0.000 02O000M000t
00126 ASP-1A0068_005 f 0.00 -1.000     0  4.75  0 -1  -1.710  -3.337   0.466   0.326   1.256   0.000 -1O000M000t
00127 GLU01A0069_001 f 0.00  0.000     0  0.00  0  0   2.203  -6.701   3.183  -0.542   2.033   0.000 01O000M000t
00128 GLU01A0069_002 f 0.00  0.000     0  0.00  0  0   2.203  -6.701   0.463  -0.568   2.104   0.000 01O000M000t
00129 GLU02A0069_003 f 0.00  0.000     0  0.00  0  0   1.697  -6.681   3.183   1.527   2.044   0.000 02O000M000t
00130 GLU02A0069_004 f 0.00  0.000     0  0.00  0  0   1.697  -6.681   0.463   0.363   2.418   0.000 02O000M000t
00131 GLU-1A0069_005 f 0.00 -1.000     0  4.75  0 -1   1.650  -6.592   0.463  -3.707   8.924   0.000 -1O000M000t
00132 ALA01A0070_001 f 0.00  0.000     0  0.00  0  0   0.000  -1.593   0.000   0.000   0.000   0.000 01O000M000t
00133 TYR01A0071_001 f 0.00  0.000     0  0.00  0  0  -2.392  -3.654   0.023   0.275   0.603   0.000 01O000M000t
00134 TYR01A0071_002 f 0.00  0.000     0  0.00  0  0  -2.392  -3.654   0.023   0.349   0.524   0.000 01O000M000t
00135 TYR-1A0071_003 f 0.00 -1.000     0 10.20  0 -1  -2.392  -3.654   0.023   0.500   1.396   0.000 -1O000M000t
00136 VAL01A0072_001 f 0.00  0.000     0  0.00  0  0   0.223  -0.715   0.114   0.000   0.000   0.000 01O000M000t
00137 MET01A0073_001 f 0.00  0.000     0  0.00  0  0   0.065  -6.660   3.357  -0.104   0.098   0.000 01O000M000t
00138 ALA01A0074_001 f 0.00  0.000     0  0.00  0  0  -0.103  -1.912   0.000   0.000   0.000   0.000 01O000M000t
00139 SER01A0075_001 f 0.00  0.000     0  0.00  0  0  -0.068  -1.049   0.376   0.476   1.193   0.000 01O000M000t
00140 SER01A0075_002 f 0.00  0.000     0  0.00  0  0  -0.068  -1.049   0.376  -1.494   1.274   0.000 01O000M000t
00141 SER01A0075_003 f 0.00  0.000     0  0.00  0  0  -0.068  -1.049   0.001   0.005   1.119   0.000 01O000M000t
00142 VAL01A0076_001 f 0.00  0.000     0  0.00  0  0   0.784  -2.346   0.048   0.000   0.000   0.000 01O000M000t
00143 ASP01A0077_001 f 0.00  0.000     0  0.00  0  0  -1.451   0.979   2.906   0.926   0.398   0.000 01O000M000t
00144 ASP01A0077_002 f 0.00  0.000     0  0.00  0  0  -1.451   0.979   0.186   0.150   0.454   0.000 01O000M000t
00145 ASP02A0077_003 f 0.00  0.000     0  0.00  0  0  -1.463   0.552   2.906   0.074  -0.251   0.000 02O000M000t
00146 ASP02A0077_004 f 0.00  0.000     0  0.00  0  0  -1.463   0.552   0.186   0.060   0.901   0.000 02O000M000t
00147 ASP-1A0077_005 f 0.00 -1.000     0  4.75  0 -1  -1.404   0.597   0.186  -0.235   1.334   0.000 -1O000M000t
00148 ASN01A0078_001 f 0.00  0.000     0  0.00  0  0  -0.525  -4.469   1.192  -1.957   2.071   0.000 01O000M000t
00149 ASN01A0078_002 f 0.00  0.000     0  0.00  0  0  -0.412  -4.031   1.190   2.534   1.497   0.000 01R001M000t
00150 PRO01A0079_001 f 0.00  0.000     0  0.00  0  0  -5.310   0.312   0.000   0.000   0.000   0.000 01O000M000t
00151 HIS01A0080_001 f 0.00  0.000     0  0.00  0  0  -1.256  -6.959   0.001   1.433   2.671   0.000 01O000M000t
00152 HIS01A0080_002 f 0.00  0.000     0  0.00  0  0  -1.544   2.928   0.001  -0.330   1.881   0.000 01R001M000t
00153 HIS02A0080_003 f 0.00  0.000     0  0.00  0  0  -1.273  -7.063   0.001  -1.311   1.943   0.000 02O000M000t
00154 HIS02A0080_004 f 0.00  0.000     0  0.00  0  0  -1.557   2.915   0.001  -0.299   2.099   0.000 02R001M000t
00155 HIS+1A0080_005 f 0.00  1.000     0  6.98  0  1  -1.300  -7.076   0.001  -1.007   4.804   0.000 +1O000M000t
00156 HIS+1A0080_006 f 0.00  1.000     0  6.98  0  1  -1.584   2.886   0.001   0.127   3.637   0.000 +1R001M000t
00157 VAL01A0081_001 f 0.00  0.000     0  0.00  0  0   0.664  -2.263   0.226   0.000   0.000   0.000 01O000M000t
00158 CYS01A0082_001 f 0.00  0.000     0  0.00  0  0  -0.002  -3.071   0.101  -0.104   0.647   0.000 01O000M000t
00159 CYS01A0082_002 f 0.00  0.000     0  0.00  0  0  -0.002  -3.193   0.101  -0.013   0.884   0.000 01O000M000t
00160 CYS01A0082_003 f 0.00  0.000     0  0.00  0  0  -0.002  -3.065   0.101  -0.004   0.779   0.000 01O000M000t
00161 CYS-1A0082_004 f 0.00 -1.000     0  9.10  0 -1   0.000  -3.024   0.101  -1.984   9.331   0.000 -1O000M000t
00162 ARG01A0083_001 f 0.00  0.000     0  0.00  0  0  11.894  -6.108   3.475   0.812   2.128   0.000 01O000M000t
00163 ARG02A0083_002 f 0.00  0.000     0  0.00  0  0  13.634  -6.229   3.475  -0.759   2.678   0.000 02O000M000t
00164 ARG03A0083_003 f 0.00  0.000     0  0.00  0  0  13.570  -6.198   3.475  -0.821   2.628   0.000 03O000M000t
00165 ARG+1A0083_004 f 0.00  1.000     0 12.50  0  1  13.531  -6.242   3.475  -3.817   4.357   0.000 +1O000M000t
00166 LEU01A0084_001 f 0.00  0.000     0  0.00  0  0   1.973  -7.968   0.873   0.000   0.000   0.000 01O000M000t
00167 LEU01A0085_001 f 0.00  0.000     0  0.00  0  0   1.453  -4.779   0.479   0.000   0.000   0.000 01O000M000t
00168 ILE01A0087_001 f 0.00  0.000     0  0.00  0  0   2.431  -2.815   0.461   0.000   0.000   0.000 01O000M000t
00169 CYS01A0088_001 f 0.00  0.000     0  0.00  0  0  -0.145  -3.863   0.008  -0.006   0.708   0.000 01O000M000t
00170 CYS01A0088_002 f 0.00  0.000     0  0.00  0  0  -0.145  -3.902   0.008  -0.536   0.565   0.000 01O000M000t
00171 CYS01A0088_003 f 0.00  0.000     0  0.00  0  0  -0.145  -3.822   0.008  -0.160   0.866   0.000 01O000M000t
00172 CYS-1A0088_004 f 0.00 -1.000     0  9.10  0 -1  -0.143  -3.739   0.008  -2.712   8.154   0.000 -1O000M000t
00173 LEU01A0089_001 f 0.00  0.000     0  0.00  0  0  -3.468   0.580   0.408   0.000   0.000   0.000 01O000M000t
00174 THR01A0090_001 f 0.00  0.000     0  0.00  0  0  -1.438  17.146   1.499   0.485   1.617   0.000 01O000M000t
00175 THR01A0090_002 f 0.00  0.000     0  0.00  0  0  -1.438  17.146   1.499  -3.352   1.508   0.000 01O000M000t
00176 THR01A0090_003 f 0.00  0.000     0  0.00  0  0  -1.438  17.146   1.124   0.210   1.136   0.000 01O000M000t
00177 SER01A0091_001 f 0.00  0.000     0  0.00  0  0  -4.243   1.453   2.613   0.253   0.277   0.000 01O000M000t
00178 THR01A0092_001 f 0.00  0.000     0  0.00  0  0   0.150  16.134   1.766  -0.754   1.850   0.000 01O000M000t
00179 VAL01A0093_001 f 0.00  0.000     0  0.00  0  0  -0.181  -0.582   0.173   0.000   0.000   0.000 01O000M000t
00180 GLN01A0094_001 f 0.00  0.000     0  0.00  0  0   0.716  -4.773   1.335  -0.093   3.099   0.000 01O000M000t
00181 GLN01A0094_002 f 0.00  0.000     0  0.00  0  0   0.921  -4.899   1.273   0.113   2.818   0.000 01R001M000t
00182 LEU01A0095_001 f 0.00  0.000     0  0.00  0  0   1.829  -5.233   0.685   0.000   0.000   0.000 01O000M000t
00183 ILE01A0096_001 f 0.00  0.000     0  0.00  0  0   2.123  -5.803   1.126   0.000   0.000   0.000 01O000M000t
00184 THR01A0097_001 f 0.00  0.000     0  0.00  0  0   0.117  -1.775   0.676   0.798   1.146   0.000 01O000M000t
00185 THR01A0097_002 f 0.00  0.000     0  0.00  0  0   0.117  -1.775   0.676  -2.244   1.572   0.000 01O000M000t
00186 THR01A0097_003 f 0.00  0.000     0  0.00  0  0   0.117  -1.775   0.301  -0.527   1.555   0.000 01O000M000t
00187 GLN01A0098_001 f 0.00  0.000     0  0.00  0  0   1.135  -3.168   0.669   0.986   2.233   0.000 01O000M000t
00188 GLN01A0098_002 f 0.00  0.000     0  0.00  0  0   1.792  -3.131   0.683  -1.002   2.557   0.000 01R001M000t
00189 LEU01A0099_001 f 0.00  0.000     0  0.00  0  0   1.583  -6.912   0.535   0.000   0.000   0.000 01O000M000t
00190 MET01A0100_001 f 0.00  0.000     0  0.00  0  0   0.221  -6.095   0.886   0.097   0.091   0.000 01O000M000t
00191 PRO01A0101_001 f 0.00  0.000     0  0.00  0  0  -3.255  -0.952   0.000   0.000   0.000   0.000 01O000M000t
00192 PHE01A0102_001 f 0.00  0.000     0  0.00  0  0  -1.425  -5.076   0.091   0.000   0.000   0.000 01O000M000t
00193 CYS01A0104_001 f 0.00  0.000     0  0.00  0  0  -0.002  -3.989   0.370  -0.660   0.764   0.000 01O000M000t
00194 CYS01A0104_002 f 0.00  0.000     0  0.00  0  0  -0.002  -4.140   0.370   1.684   0.863   0.000 01O000M000t
00195 CYS01A0104_003 f 0.00  0.000     0  0.00  0  0  -0.003  -3.957   0.370  -1.007   0.432   0.000 01O000M000t
00196 CYS-1A0104_004 f 0.00 -1.000     0  9.10  0 -1   0.000  -3.915   0.370  -6.467   6.546   0.000 -1O000M000t
00197 LEU01A0105_001 f 0.00  0.000     0  0.00  0  0   1.678  -4.595   0.480   0.000   0.000   0.000 01O000M000t
00198 LEU01A0106_001 f 0.00  0.000     0  0.00  0  0   0.762  -4.177   0.472   0.000   0.000   0.000 01O000M000t
00199 ASP01A0107_001 f 0.00  0.000     0  0.00  0  0  -1.119  -0.554   3.148   1.092   1.322   0.000 01O000M000t
00200 ASP01A0107_002 f 0.00  0.000     0  0.00  0  0  -1.119  -0.554   0.428   0.314   1.317   0.000 01O000M000t
00201 ASP02A0107_003 f 0.00  0.000     0  0.00  0  0  -1.152  -1.011   3.148   0.238  -0.193   0.000 02O000M000t
00202 ASP02A0107_004 f 0.00  0.000     0  0.00  0  0  -1.152  -1.011   0.428   0.242   0.767   0.000 02O000M000t
00203 ASP-1A0107_005 f 0.00 -1.000     0  4.75  0 -1  -1.137  -0.966   0.428  -1.368   2.538   0.000 -1O000M000t
00204 TYR01A0108_001 f 0.00  0.000     0  0.00  0  0   3.916  -6.491   0.061   0.173   1.180   0.000 01O000M000t
00205 TYR-1A0108_002 f 0.00 -1.000     0 10.20  0 -1   3.916  -6.491   0.061  -0.617   5.428   0.000 -1O000M000t
00206 VAL01A0109_001 f 0.00  0.000     0  0.00  0  0   0.663  -4.984   0.006   0.000   0.000   0.000 01O000M000t
00207 ARG01A0110_001 f 0.00  0.000     0  0.00  0  0  -3.872  -5.597   0.637   0.337   2.037   0.000 01O000M000t
00208 ARG02A0110_002 f 0.00  0.000     0  0.00  0  0  -3.854  -5.469   0.637  -1.441   2.366   0.000 02O000M000t
00209 ARG03A0110_003 f 0.00  0.000     0  0.00  0  0  -3.912  -5.361   0.637  -0.378   2.336   0.000 03O000M000t
00210 ARG+1A0110_004 f 0.00  1.000     0 12.50  0  1  -3.955  -5.477   0.637  -2.656   3.673   0.000 +1O000M000t
00211 GLU01A0111_001 f 0.00  0.000     0  0.00  0  0  -3.152 999.000   3.855  -6.649   0.246   0.000 01O000M000t
00212 GLU01A0111_002 f 0.00  0.000     0  0.00  0  0  -3.152 999.000   1.135   1.727   0.559   0.000 01O000M000t
00213 GLU02A0111_003 f 0.00  0.000     0  0.00  0  0  -3.089 901.634   3.855   2.234  -0.203   0.000 02O000M000t
00214 GLU02A0111_004 f 0.00  0.000     0  0.00  0  0  -3.089 901.634   1.135   2.194   0.968   0.000 02O000M000t
00215 GLU-1A0111_005 f 0.00 -1.000     0  4.75  0 -1  -3.020 901.670   1.135   2.662   1.100   0.000 -1O000M000t
00216 HIS01A0112_001 f 0.00  0.000     0  0.00  0  0  -3.363  -2.389   0.009   0.725   2.370   0.000 01O000M000t
00217 HIS01A0112_002 f 0.00  0.000     0  0.00  0  0  -3.501   3.594   0.009  -0.088   0.963   0.000 01R001M000t
00218 HIS02A0112_003 f 0.00  0.000     0  0.00  0  0  -3.384  -2.538   0.009  -0.837   1.835   0.000 02O000M000t
00219 HIS02A0112_004 f 0.00  0.000     0  0.00  0  0  -3.513   3.586   0.009  -0.253   1.343   0.000 02R001M000t
00220 HIS+1A0112_005 f 0.00  1.000     0  6.98  0  1  -3.411  -2.544   0.009  -1.051   3.078   0.000 +1O000M000t
00221 HIS+1A0112_006 f 0.00  1.000     0  6.98  0  1  -3.540   3.567   0.009  -0.330   1.502   0.000 +1R001M000t
00222 LYS01A0113_001 f 0.00  0.000     0  0.00  0  0  -2.597  -2.117   3.245   0.059   0.182   0.000 01O000M000t
00223 LYS+1A0113_002 f 0.00  1.000     0 10.40  0  1  -2.675  -2.125   3.245  -0.469   0.512   0.000 +1O000M000t
00224 ASP01A0114_001 f 0.00  0.000     0  0.00  0  0  -2.706  -0.042   3.007   0.416  -0.252   0.000 01O000M000t
00225 ASP01A0114_002 f 0.00  0.000     0  0.00  0  0  -2.706  -0.042   0.287   0.223   0.521   0.000 01O000M000t
00226 ASP02A0114_003 f 0.00  0.000     0  0.00  0  0  -2.855  -0.394   3.007   0.332  -0.438   0.000 02O000M000t
00227 ASP02A0114_004 f 0.00  0.000     0  0.00  0  0  -2.855  -0.394   0.287   0.276   0.818   0.000 02O000M000t
00228 ASP-1A0114_005 f 0.00 -1.000     0  4.75  0 -1  -2.772  -0.355   0.287  -0.138   0.517   0.000 -1O000M000t
00229 ASN01A0115_001 f 0.00  0.000     0  0.00  0  0  -2.398   2.180   3.656   0.307   0.201   0.000 01O000M000t
00230 ASN01A0115_002 f 0.00  0.000     0  0.00  0  0  -2.207   2.091   3.611   0.153  -0.205   0.000 01R001M000t
00231 ILE01A0116_001 f 0.00  0.000     0  0.00  0  0   1.717  -2.324   0.715   0.000   0.000   0.000 01O000M000t
00232 SER01A0118_001 f 0.00  0.000     0  0.00  0  0   0.000  -3.004   0.550   0.343   1.379   0.000 01O000M000t
00233 SER01A0118_002 f 0.00  0.000     0  0.00  0  0   0.000  -3.004   0.175  -0.850   1.644   0.000 01O000M000t
00234 GLN01A0119_001 f 0.00  0.000     0  0.00  0  0  -1.699  -3.455   1.212  -0.009   0.982   0.000 01O000M000t
00235 GLN01A0119_002 f 0.00  0.000     0  0.00  0  0  -1.550  -3.437   1.219  -0.107   1.614   0.000 01R001M000t
00236 TYR01A0120_001 f 0.00  0.000     0  0.00  0  0   0.701  -5.414   0.527   0.622   1.049   0.000 01O000M000t
00237 TYR01A0120_002 f 0.00  0.000     0  0.00  0  0   0.701  -5.414   0.527   0.449   0.375   0.000 01O000M000t
00238 TYR-1A0120_003 f 0.00 -1.000     0 10.20  0 -1   0.701  -5.414   0.527  -0.147   0.100   0.000 -1O000M000t
00239 LEU01A0121_001 f 0.00  0.000     0  0.00  0  0   1.794  -5.612   0.793   0.000   0.000   0.000 01O000M000t
00240 LEU01A0122_001 f 0.00  0.000     0  0.00  0  0   1.522  -6.953   0.573   0.000   0.000   0.000 01O000M000t
00241 ASN01A0123_001 f 0.00  0.000     0  0.00  0  0  -1.023  -2.700   0.830   0.065   0.516   0.000 01O000M000t
00242 ASN01A0123_002 f 0.00  0.000     0  0.00  0  0  -1.261  -1.550   0.816   0.355   0.839   0.000 01R001M000t
00243 TRP01A0124_001 f 0.00  0.000     0  0.00  0  0   2.871  -8.213   0.069   0.000   0.000   0.000 01O000M000t
00244 CYS01A0125_001 f 0.00  0.000     0  0.00  0  0  -0.002  -3.258   0.000   0.113   0.996   0.000 01O000M000t
00245 CYS01A0125_002 f 0.00  0.000     0  0.00  0  0  -0.002  -3.343   0.000  -0.825   0.995   0.000 01O000M000t
00246 CYS01A0125_003 f 0.00  0.000     0  0.00  0  0  -0.003  -3.234   0.000  -0.056   0.995   0.000 01O000M000t
00247 CYS-1A0125_004 f 0.00 -1.000     0  9.10  0 -1   0.000  -3.203   0.000  -2.264  15.195   0.000 -1O000M000t
00248 VAL01A0126_001 f 0.00  0.000     0  0.00  0  0  -0.097  -2.004   0.064   0.000   0.000   0.000 01O000M000t
00249 GLN01A0127_001 f 0.00  0.000     0  0.00  0  0   0.697  -4.095   0.390  -2.708   2.241   0.000 01O000M000t
00250 GLN01A0127_002 f 0.00  0.000     0  0.00  0  0   1.500  -3.408   0.388   1.906   1.839   0.000 01R001M000t
00251 ILE01A0128_001 f 0.00  0.000     0  0.00  0  0   2.432  -2.433   0.626   0.000   0.000   0.000 01O000M000t
00252 ALA01A0129_001 f 0.00  0.000     0  0.00  0  0   0.000  -3.114   0.000   0.000   0.000   0.000 01O000M000t
00253 LYS01A0130_001 f 0.00  0.000     0  0.00  0  0  -4.171  -3.559   1.298  -0.019   0.070   0.000 01O000M000t
00254 LYS+1A0130_002 f 0.00  1.000     0 10.40  0  1  -4.216  -3.564   1.298   0.069   0.520   0.000 +1O000M000t
00255 MET01A0132_001 f 0.00  0.000     0  0.00  0  0   0.972  -4.230   0.303  -0.018   0.098   0.000 01O000M000t
00256 ASN01A0133_001 f 0.00  0.000     0  0.00  0  0  -0.683  -4.692   1.101  -0.009   0.794   0.000 01O000M000t
00257 ASN01A0133_002 f 0.00  0.000     0  0.00  0  0  -0.823  -4.695   1.037   0.899   0.624   0.000 01R001M000t
00258 TYR01A0134_001 f 0.00  0.000     0  0.00  0  0   1.643  -6.935   0.232  -1.099   1.434   0.000 01O000M000t
00259 TYR01A0134_002 f 0.00  0.000     0  0.00  0  0   1.643  -6.935   0.232   1.245   1.981   0.000 01O000M000t
00260 TYR-1A0134_003 f 0.00 -1.000     0 10.20  0 -1   1.643  -6.935   0.232  -2.921   5.522   0.000 -1O000M000t
00261 LEU01A0135_001 f 0.00  0.000     0  0.00  0  0   1.723  -3.173   0.463   0.000   0.000   0.000 01O000M000t
00262 GLU01A0136_001 f 0.00  0.000     0  0.00  0  0   0.053  -4.003   3.182  -0.598   0.085   0.000 01O000M000t
00263 GLU01A0136_002 f 0.00  0.000     0  0.00  0  0   0.053  -4.003   0.462  -0.202   2.170   0.000 01O000M000t
00264 GLU02A0136_003 f 0.00  0.000     0  0.00  0  0   0.300  -4.050   3.182   0.362   1.727   0.000 02O000M000t
00265 GLU02A0136_004 f 0.00  0.000     0  0.00  0  0   0.300  -4.050   0.462   0.540   1.997   0.000 02O000M000t
00266 GLU-1A0136_005 f 0.00 -1.000     0  4.75  0 -1  -0.012  -3.962   0.462  -1.924   5.166   0.000 -1O000M000t
00267 ASP01A0137_001 f 0.00  0.000     0  0.00  0  0  -2.609  -1.777   3.381   0.365  -0.054   0.000 01O000M000t
00268 ASP01A0137_002 f 0.00  0.000     0  0.00  0  0  -2.609  -1.777   0.661   0.191   0.646   0.000 01O000M000t
00269 ASP02A0137_003 f 0.00  0.000     0  0.00  0  0  -2.431  -2.106   3.381   0.113  -0.095   0.000 02O000M000t
00270 ASP02A0137_004 f 0.00  0.000     0  0.00  0  0  -2.431  -2.106   0.661   0.141   0.685   0.000 02O000M000t
00271 ASP-1A0137_005 f 0.00 -1.000     0  4.75  0 -1  -2.495  -2.027   0.661  -0.093   1.215   0.000 -1O000M000t
00272 ARG01A0138_001 f 0.00  0.000     0  0.00  0  0  -1.981  -3.072   0.994  -0.402   0.955   0.000 01O000M000t
00273 ARG02A0138_002 f 0.00  0.000     0  0.00  0  0  -2.034  -3.110   0.994  -0.745   1.960   0.000 02O000M000t
00274 ARG03A0138_003 f 0.00  0.000     0  0.00  0  0  -2.038  -3.104   0.994  -0.760   2.050   0.000 03O000M000t
00275 ARG+1A0138_004 f 0.00  1.000     0 12.50  0  1  -2.078  -3.121   0.994  -1.635   2.957   0.000 +1O000M000t
00276 ARG01A0139_001 f 0.00  0.000     0  0.00  0  0  -2.147  -4.167   0.754  -0.231   0.899   0.000 01O000M000t
00277 ARG02A0139_002 f 0.00  0.000     0  0.00  0  0  -2.180  -4.165   0.754  -0.330   2.075   0.000 02O000M000t
00278 ARG03A0139_003 f 0.00  0.000     0  0.00  0  0  -2.184  -4.177   0.754  -0.323   2.029   0.000 03O000M000t
00279 ARG+1A0139_004 f 0.00  1.000     0 12.50  0  1  -2.222  -4.193   0.754  -1.085   1.206   0.000 +1O000M000t
00280 LEU01A0140_001 f 0.00  0.000     0  0.00  0  0   1.772  -5.785   0.799   0.000   0.000   0.000 01O000M000t
00281 VAL01A0141_001 f 0.00  0.000     0  0.00  0  0   0.828  -4.785   0.025   0.000   0.000   0.000 01O000M000t
00282 HIS01A0142_001 f 0.00  0.000     0  0.00  0  0  -0.177  -5.477   0.048  -3.859   3.956   0.000 01O000M000t
00283 HIS02A0142_002 f 0.00  0.000     0  0.00  0  0  -0.195  -5.604   0.048   5.329   3.952   0.000 02O000M000t
00284 HIS+1A0142_003 f 0.00  1.000     0  6.98  0  1  -0.222  -5.531   0.048   4.041  11.801   0.000 +1O000M000t
00285 ARG01A0143_001 f 0.00  0.000     0  0.00  0  0   0.995  -0.667   0.415  -1.343   3.509   0.000 01O000M000t
00286 ARG02A0143_002 f 0.00  0.000     0  0.00  0  0   0.955  -0.658   0.415  -1.195   3.870   0.000 02O000M000t
00287 ARG02A0143_003 f 0.00  0.000     0  0.00  0  0   1.012  -0.743   0.415   1.280   3.897   0.000 02O000M000t
00288 ARG03A0143_004 f 0.00  0.000     0  0.00  0  0   0.950  -0.673   0.415  -0.994   3.724   0.000 03O000M000t
00289 ARG03A0143_005 f 0.00  0.000     0  0.00  0  0   0.956  -0.672   0.415  -1.121   3.839   0.000 03O000M000t
00290 ARG+1A0143_006 f 0.00  1.000     0 12.50  0  1   0.911  -0.688   0.415  -2.489   7.437   0.000 +1O000M000t
00291 ASP01A0144_001 f 0.00  0.000     0  0.00  0  0  -0.431  -0.422   3.341   0.476   1.364   0.000 01O000M000t
00292 ASP01A0144_002 f 0.00  0.000     0  0.00  0  0  -0.431  -0.422   0.621   0.040   1.750   0.000 01O000M000t
00293 ASP02A0144_003 f 0.00  0.000     0  0.00  0  0  -0.421  -0.854   3.341   0.048   1.250   0.000 02O000M000t
00294 ASP02A0144_004 f 0.00  0.000     0  0.00  0  0  -0.421  -0.854   0.621   0.002   2.141   0.000 02O000M000t
00295 ASP-1A0144_005 f 0.00 -1.000     0  4.75  0 -1  -0.431  -0.789   0.621  -0.299   7.341   0.000 -1O000M000t
00296 LEU01A0145_001 f 0.00  0.000     0  0.00  0  0   1.519  -4.137   0.493   0.000   0.000   0.000 01O000M000t
00297 ALA01A0146_001 f 0.00  0.000     0  0.00  0  0   0.000  -0.572   0.000   0.000   0.000   0.000 01O000M000t
00298 ALA01A0147_001 f 0.00  0.000     0  0.00  0  0   0.000  -1.897   0.000   0.000   0.000   0.000 01O000M000t
00299 ARG01A0148_001 f 0.00  0.000     0  0.00  0  0  -2.667  -2.625   0.660  -0.077   2.518   0.000 01O000M000t
00300 ARG02A0148_002 f 0.00  0.000     0  0.00  0  0  -2.693  -2.614   0.660  -0.317   3.382   0.000 02O000M000t
00301 ARG02A0148_003 f 0.00  0.000     0  0.00  0  0  -2.688  -2.617   0.660  -0.100   3.487   0.000 02O000M000t
00302 ARG03A0148_004 f 0.00  0.000     0  0.00  0  0  -2.616  -2.624   0.660  -0.327   3.108   0.000 03O000M000t
00303 ARG+1A0148_005 f 0.00  1.000     0 12.50  0  1  -2.733  -2.635   0.660   1.539   4.452   0.000 +1O000M000t
00304 ASN01A0149_001 f 0.00  0.000     0  0.00  0  0  -0.223   1.358   0.441  -2.138   1.849   0.000 01O000M000t
00305 ASN01A0149_002 f 0.00  0.000     0  0.00  0  0  -0.426   0.052   0.457   1.375   1.923   0.000 01R001M000t
00306 VAL01A0150_001 f 0.00  0.000     0  0.00  0  0   0.510  -2.898   0.000   0.000   0.000   0.000 01O000M000t
00307 LEU01A0151_001 f 0.00  0.000     0  0.00  0  0   1.695  -4.190   0.460   0.000   0.000   0.000 01O000M000t
00308 VAL01A0152_001 f 0.00  0.000     0  0.00  0  0   0.599  -3.053   0.068   0.000   0.000   0.000 01O000M000t
00309 LYS01A0153_001 f 0.00  0.000     0  0.00  0  0  -1.015  -1.992   0.968   0.031   0.711   0.000 01O000M000t
00310 LYS+1A0153_002 f 0.00  1.000     0 10.40  0  1  -1.056  -1.999   0.968   1.023   3.045   0.000 +1O000M000t
00311 THR01A0154_001 f 0.00  0.000     0  0.00  0  0  -2.863   0.914   0.554  -0.909   1.605   0.000 01O000M000t
00312 THR01A0154_002 f 0.00  0.000     0  0.00  0  0  -2.863   0.914   0.554   3.419   1.680   0.000 01O000M000t
00313 PRO01A0155_001 f 0.00  0.000     0  0.00  0  0  -1.457  -1.267   0.000   0.000   0.000   0.000 01O000M000t
00314 GLN01A0156_001 f 0.00  0.000     0  0.00  0  0  -1.155  -1.264   1.012   0.079   0.716   0.000 01O000M000t
00315 HIS01A0157_001 f 0.00  0.000     0  0.00  0  0  -2.800   1.119   0.105  -2.161   2.249   0.000 01O000M000t
00316 HIS02A0157_002 f 0.00  0.000     0  0.00  0  0  -2.820  -0.320   0.105   2.002   2.163   0.000 02O000M000t
00317 HIS+1A0157_003 f 0.00  1.000     0  6.98  0  1  -2.847   1.106   0.105  -2.523   4.453   0.000 +1O000M000t
00318 VAL01A0158_001 f 0.00  0.000     0  0.00  0  0   0.504  -3.146   0.003   0.000   0.000   0.000 01O000M000t
00319 LYS01A0159_001 f 0.00  0.000     0  0.00  0  0   0.702  -7.334   1.222   0.225   0.796   0.000 01O000M000t
00320 LYS+1A0159_002 f 0.00  1.000     0 10.40  0  1   0.661  -7.356   1.222  -0.283   5.348   0.000 +1O000M000t
00321 ILE01A0160_001 f 0.00  0.000     0  0.00  0  0   2.130  -2.995   0.606   0.000   0.000   0.000 01O000M000t
00322 THR01A0161_001 f 0.00  0.000     0  0.00  0  0   0.154   2.094   0.935   3.055   1.786   0.000 01O000M000t
00323 THR01A0161_002 f 0.00  0.000     0  0.00  0  0   0.154   2.094   0.560  -1.428   1.965   0.000 01O000M000t
00324 ASP01A0162_001 f 0.00  0.000     0  0.00  0  0  -0.973   0.835   3.353   3.818   1.307   0.000 01O000M000t
00325 ASP01A0162_002 f 0.00  0.000     0  0.00  0  0  -0.973   0.835   0.633  -0.447   0.654   0.000 01O000M000t
00326 ASP02A0162_003 f 0.00  0.000     0  0.00  0  0  -0.939   0.148   3.353  -1.083   0.265   0.000 02O000M000t
00327 ASP02A0162_004 f 0.00  0.000     0  0.00  0  0  -0.939   0.148   0.633  -1.087   1.136   0.000 02O000M000t
00328 ASP-1A0162_005 f 0.00 -1.000     0  4.75  0 -1  -0.964   0.201   0.633  -3.446   3.146   0.000 -1O000M000t
00329 PHE01A0163_001 f 0.00  0.000     0  0.00  0  0   4.710  -5.969   0.169   0.000   0.000   0.000 01O000M000t
00330 LEU01A0165_001 f 0.00  0.000     0  0.00  0  0  -0.795  -3.129   0.495   0.000   0.000   0.000 01O000M000t
00331 ALA01A0166_001 f 0.00  0.000     0  0.00  0  0   0.000  -2.456   0.000   0.000   0.000   0.000 01O000M000t
00332 LYS01A0167_001 f 0.00  0.000     0  0.00  0  0  -1.966  -2.815   0.994   0.124   0.209   0.000 01O000M000t
00333 LYS+1A0167_002 f 0.00  1.000     0 10.40  0  1  -2.017  -2.826   0.994  -1.088   0.903   0.000 +1O000M000t
00334 LEU01A0168_001 f 0.00  0.000     0  0.00  0  0  -2.850  -3.396   0.555   0.000   0.000   0.000 01O000M000t
00335 LEU01A0169_001 f 0.00  0.000     0  0.00  0  0   1.494  -8.082   0.548   0.000   0.000   0.000 01O000M000t
00336 ALA01A0171_001 f 0.00  0.000     0  0.00  0  0  -0.052  -1.520   0.000   0.000   0.000   0.000 01O000M000t
00337 GLU01A0172_001 f 0.00  0.000     0  0.00  0  0  -0.713   5.955   6.010  -0.377   0.097   0.000 01O000M000t
00338 GLU01A0172_002 f 0.00  0.000     0  0.00  0  0  -0.713   5.955   3.290  -0.042   1.412   0.000 01O000M000t
00339 GLU02A0172_003 f 0.00  0.000     0  0.00  0  0  -0.273   8.167   6.010  -0.189   0.339   0.000 02O000M000t
00340 GLU02A0172_004 f 0.00  0.000     0  0.00  0  0  -0.273   8.167   3.290   0.792   1.574   0.000 02O000M000t
00341 GLU-1A0172_005 f 0.00 -1.000     0  4.75  0 -1  -0.688   6.018   3.290  -1.133   2.489   0.000 -1O000M000t
00342 GLU01A0173_001 f 0.00  0.000     0  0.00  0  0  -0.603  -2.768   5.678   0.879   1.205   0.000 01O000M000t
00343 GLU01A0173_002 f 0.00  0.000     0  0.00  0  0  -0.603  -2.768   2.958  -0.314   0.672   0.000 01O000M000t
00344 GLU02A0173_003 f 0.00  0.000     0  0.00  0  0  -1.069  -3.163   5.678  -0.632  -0.173   0.000 02O000M000t
00345 GLU02A0173_004 f 0.00  0.000     0  0.00  0  0  -1.069  -3.163   2.958  -0.645   1.006   0.000 02O000M000t
00346 GLU-1A0173_005 f 0.00 -1.000     0  4.75  0 -1  -1.018  -3.111   2.958  -1.476   1.463   0.000 -1O000M000t
00347 LYS01A0174_001 f 0.00  0.000     0  0.00  0  0  -8.744  -1.146   1.984  -0.014   0.021   0.000 01O000M000t
00348 LYS+1A0174_002 f 0.00  1.000     0 10.40  0  1  -8.787  -1.147   1.984   0.205   0.138   0.000 +1O000M000t
00349 GLU01A0175_001 f 0.00  0.000     0  0.00  0  0  -0.315  -1.619   2.977   0.154  -0.052   0.000 01O000M000t
00350 GLU01A0175_002 f 0.00  0.000     0  0.00  0  0  -0.315  -1.619   0.257   0.029   0.690   0.000 01O000M000t
00351 GLU02A0175_003 f 0.00  0.000     0  0.00  0  0  -0.710  -1.606   2.977   0.220  -0.061   0.000 02O000M000t
00352 GLU02A0175_004 f 0.00  0.000     0  0.00  0  0  -0.710  -1.606   0.257   0.101   0.857   0.000 02O000M000t
00353 GLU-1A0175_005 f 0.00 -1.000     0  4.75  0 -1  -0.745  -1.577   0.257  -0.546   1.093   0.000 -1O000M000t
00354 TYR01A0176_001 f 0.00  0.000     0  0.00  0  0   0.563  -7.131   0.145   0.082   0.994   0.000 01O000M000t
00355 TYR-1A0176_002 f 0.00 -1.000     0 10.20  0 -1   0.563  -7.131   0.145   0.144   3.701   0.000 -1O000M000t
00356 HIS01A0177_001 f 0.00  0.000     0  0.00  0  0  -5.990  -4.963   0.151   0.496   1.008   0.000 01O000M000t
00357 HIS01A0177_002 f 0.00  0.000     0  0.00  0  0  -5.792  -4.532   0.151   0.957   1.571   0.000 01R001M000t
00358 HIS02A0177_003 f 0.00  0.000     0  0.00  0  0  -6.011  -4.950   0.151   0.652   1.000   0.000 02O000M000t
00359 HIS02A0177_004 f 0.00  0.000     0  0.00  0  0  -5.803  -4.605   0.151   0.237   1.795   0.000 02R001M000t
00360 HIS+1A0177_005 f 0.00  1.000     0  6.98  0  1  -6.038  -5.026   0.151  -0.921   0.730   0.000 +1O000M000t
00361 HIS+1A0177_006 f 0.00  1.000     0  6.98  0  1  -5.829  -4.625   0.151  -0.830   2.081   0.000 +1R001M000t
00362 ALA01A0178_001 f 0.00  0.000     0  0.00  0  0  -0.309  -1.416   0.000   0.000   0.000   0.000 01O000M000t
00363 GLU01A0179_001 f 0.00  0.000     0  0.00  0  0  -3.384  -0.108   8.146   0.726  -0.750   0.000 01O000M000t
00364 GLU01A0179_002 f 0.00  0.000     0  0.00  0  0  -3.384  -0.108   5.426   0.170   0.310   0.000 01O000M000t
00365 GLU02A0179_003 f 0.00  0.000     0  0.00  0  0  -3.260  -0.122   8.146   0.048  -0.458   0.000 02O000M000t
00366 GLU02A0179_004 f 0.00  0.000     0  0.00  0  0  -3.260  -0.122   5.426   0.047   0.567   0.000 02O000M000t
00367 GLU-1A0179_005 f 0.00 -1.000     0  4.75  0 -1  -3.284  -0.091   5.426  -0.644   0.369   0.000 -1O000M000t
00368 LYS01A0182_001 f 0.00  0.000     0  0.00  0  0  -4.498   0.733   6.381  -0.029   0.034   0.000 01O000M000t
00369 LYS+1A0182_002 f 0.00  1.000     0 10.40  0  1  -4.551   0.731   6.381   0.242  -0.271   0.000 +1O000M000t
00370 VAL01A0183_001 f 0.00  0.000     0  0.00  0  0  -0.057   2.113   0.580   0.000   0.000   0.000 01O000M000t
00371 PRO01A0184_001 f 0.00  0.000     0  0.00  0  0  -1.754   0.822   0.000   0.000   0.000   0.000 01O000M000t
00372 ILE01A0185_001 f 0.00  0.000     0  0.00  0  0   1.039   0.085   0.744   0.000   0.000   0.000 01O000M000t
00373 LYS01A0186_001 f 0.00  0.000     0  0.00  0  0  -0.894  -3.053   0.931   0.269   0.648   0.000 01O000M000t
00374 LYS+1A0186_002 f 0.00  1.000     0 10.40  0  1  -0.944  -2.933   0.931  -3.186   3.823   0.000 +1O000M000t
00375 TRP01A0187_001 f 0.00  0.000     0  0.00  0  0   1.368  -9.015   0.534   0.000   0.000   0.000 01O000M000t
00376 MET01A0188_001 f 0.00  0.000     0  0.00  0  0   0.019  -6.855   1.025   0.027   0.091   0.000 01O000M000t
00377 ALA01A0189_001 f 0.00  0.000     0  0.00  0  0   0.000  -1.788   0.000   0.000   0.000   0.000 01O000M000t
00378 LEU01A0190_001 f 0.00  0.000     0  0.00  0  0   1.553  -3.532   0.457   0.000   0.000   0.000 01O000M000t
00379 GLU01A0191_001 f 0.00  0.000     0  0.00  0  0   1.188  -4.275   3.933  -0.351   1.424   0.000 01O000M000t
00380 GLU01A0191_002 f 0.00  0.000     0  0.00  0  0   1.188  -4.275   1.213  -0.550   2.446   0.000 01O000M000t
00381 GLU02A0191_003 f 0.00  0.000     0  0.00  0  0   1.646  -3.729   3.933   0.995   1.498   0.000 02O000M000t
00382 GLU02A0191_004 f 0.00  0.000     0  0.00  0  0   1.646  -3.729   1.213  -0.353   2.373   0.000 02O000M000t
00383 GLU-1A0191_005 f 0.00 -1.000     0  4.75  0 -1   1.138  -4.147   1.213  -4.632   8.428   0.000 -1O000M000t
00384 SER01A0192_001 f 0.00  0.000     0  0.00  0  0   0.000  -0.155   0.380  -3.056   1.756   0.000 01O000M000t
00385 SER01A0192_002 f 0.00  0.000     0  0.00  0  0   0.000  -0.155   0.380   1.038   1.814   0.000 01O000M000t
00386 SER01A0192_003 f 0.00  0.000     0  0.00  0  0   0.000  -0.155   0.005   0.451   1.213   0.000 01O000M000t
00387 ILE01A0193_001 f 0.00  0.000     0  0.00  0  0   2.382  -3.745   0.440   0.000   0.000   0.000 01O000M000t
00388 LEU01A0194_001 f 0.00  0.000     0  0.00  0  0  -0.926  -2.886   0.422   0.000   0.000   0.000 01O000M000t
00389 HIS01A0195_001 f 0.00  0.000     0  0.00  0  0  -6.570  -3.293   0.000   0.129   0.919   0.000 01O000M000t
00390 HIS01A0195_002 f 0.00  0.000     0  0.00  0  0  -6.133  -3.368   0.000   0.473   0.556   0.000 01R001M000t
00391 HIS02A0195_003 f 0.00  0.000     0  0.00  0  0  -6.592  -3.341   0.000   0.330   0.741   0.000 02O000M000t
00392 HIS02A0195_004 f 0.00  0.000     0  0.00  0  0  -6.144  -3.410   0.000   0.174   0.727   0.000 02R001M000t
00393 HIS+1A0195_005 f 0.00  1.000     0  6.98  0  1  -6.619  -3.348   0.000   0.767   0.768   0.000 +1O000M000t
00394 HIS+1A0195_006 f 0.00  1.000     0  6.98  0  1  -6.170  -3.418   0.000   0.707   0.212   0.000 +1R001M000t
00395 ARG01A0196_001 f 0.00  0.000     0  0.00  0  0  -4.630  -3.294   0.772   1.039   1.275   0.000 01O000M000t
00396 ARG02A0196_002 f 0.00  0.000     0  0.00  0  0  -4.693  -3.407   0.772  -1.088   1.918   0.000 02O000M000t
00397 ARG03A0196_003 f 0.00  0.000     0  0.00  0  0  -4.698  -3.403   0.772  -1.089   1.755   0.000 03O000M000t
00398 ARG03A0196_004 f 0.00  0.000     0  0.00  0  0  -4.692  -3.360   0.772  -0.559   1.579   0.000 03O000M000t
00399 ARG+1A0196_005 f 0.00  1.000     0 12.50  0  1  -4.737  -3.412   0.772  -3.452   2.595   0.000 +1O000M000t
00400 ILE01A0197_001 f 0.00  0.000     0  0.00  0  0  -0.442  -2.320   0.764   0.000   0.000   0.000 01O000M000t
00401 TYR01A0198_001 f 0.00  0.000     0  0.00  0  0   4.411  -8.282   0.002   0.065   1.918   0.000 01O000M000t
00402 TYR-1A0198_002 f 0.00 -1.000     0 10.20  0 -1   4.411  -8.282   0.002   0.161   8.231   0.000 -1O000M000t
00403 THR01A0199_001 f 0.00  0.000     0  0.00  0  0  -0.680   0.381   0.394  -0.098   1.513   0.000 01O000M000t
00404 THR01A0199_002 f 0.00  0.000     0  0.00  0  0  -0.680   0.381   0.019  -2.513   1.131   0.000 01O000M000t
00405 HIS01A0200_001 f 0.00  0.000     0  0.00  0  0  -1.556  -6.980   0.000  -0.067   2.303   0.000 01O000M000t
00406 HIS01A0200_002 f 0.00  0.000     0  0.00  0  0  -1.370  -7.314   0.000   0.405   2.376   0.000 01R001M000t
00407 HIS02A0200_003 f 0.00  0.000     0  0.00  0  0  -1.572  -7.028   0.000   0.430   2.111   0.000 02O000M000t
00408 HIS02A0200_004 f 0.00  0.000     0  0.00  0  0  -1.384  -7.129   0.000   0.221   2.453   0.000 02R001M000t
00409 HIS+1A0200_005 f 0.00  1.000     0  6.98  0  1  -1.599  -7.083   0.000   1.711   4.812   0.000 +1O000M000t
00410 HIS+1A0200_006 f 0.00  1.000     0  6.98  0  1  -1.410  -7.340   0.000   1.594   5.267   0.000 +1R001M000t
00411 GLN01A0201_001 f 0.00  0.000     0  0.00  0  0   0.188  -6.447   1.219  -2.425   3.132   0.000 01O000M000t
00412 GLN01A0201_002 f 0.00  0.000     0  0.00  0  0   0.076  -6.268   1.160   2.116   2.805   0.000 01R001M000t
00413 SER01A0202_001 f 0.00  0.000     0  0.00  0  0   0.000  -0.702   0.438   2.736   1.782   0.000 01O000M000t
00414 SER01A0202_002 f 0.00  0.000     0  0.00  0  0   0.000  -0.702   0.438  -1.530   1.344   0.000 01O000M000t
00415 ASP01A0203_001 f 0.00  0.000     0  0.00  0  0   0.043  -1.274   3.829  -2.087   1.835   0.000 01O000M000t
00416 ASP01A0203_002 f 0.00  0.000     0  0.00  0  0   0.043  -1.274   1.109   2.558   2.640   0.000 01O000M000t
00417 ASP02A0203_003 f 0.00  0.000     0  0.00  0  0   0.121  -1.032   3.829  -2.620   1.715   0.000 02O000M000t
00418 ASP02A0203_004 f 0.00  0.000     0  0.00  0  0   0.121 997.968   1.109   4.322   2.610   0.000 02O000M000t
00419 ASP-1A0203_005 f 0.00 -1.000     0  4.75  0 -1   0.044  -1.719   1.109 -10.250  12.011   0.000 -1O000M000t
00420 VAL01A0204_001 f 0.00  0.000     0  0.00  0  0   0.795  -2.100   0.311   0.000   0.000   0.000 01O000M000t
00421 TRP01A0205_001 f 0.00  0.000     0  0.00  0  0   2.832 -12.872   0.031   0.000   0.000   0.000 01O000M000t
00422 SER01A0206_001 f 0.00  0.000     0  0.00  0  0  -0.060  -1.666   0.433  -2.582   1.189   0.000 01O000M000t
00423 SER01A0206_002 f 0.00  0.000     0  0.00  0  0  -0.060  -1.666   0.058   0.670   0.794   0.000 01O000M000t
00424 TYR01A0207_001 f 0.00  0.000     0  0.00  0  0   4.517  -6.196   0.031  -1.329   2.665   0.000 01O000M000t
00425 TYR01A0207_002 f 0.00  0.000     0  0.00  0  0   4.517  -6.196   0.031   0.683   2.636   0.000 01O000M000t
00426 TYR-1A0207_003 f 0.00 -1.000     0 10.20  0 -1   4.517  -6.196   0.031  -0.529  15.395   0.000 -1O000M000t
00427 VAL01A0209_001 f 0.00  0.000     0  0.00  0  0   0.620  -3.411   0.001   0.000   0.000   0.000 01O000M000t
00428 THR01A0210_001 f 0.00  0.000     0  0.00  0  0   0.218  -2.874   0.376   1.256   1.992   0.000 01O000M000t
00429 THR01A0210_002 f 0.00  0.000     0  0.00  0  0   0.218  -2.874   0.376  -2.426   1.994   0.000 01O000M000t
00430 THR01A0210_003 f 0.00  0.000     0  0.00  0  0   0.218  -2.874   0.001   0.037   1.995   0.000 01O000M000t
00431 VAL01A0211_001 f 0.00  0.000     0  0.00  0  0   0.535  -0.518   0.123   0.000   0.000   0.000 01O000M000t
00432 TRP01A0212_001 f 0.00  0.000     0  0.00  0  0   2.474 -10.054   0.147   0.000   0.000   0.000 01O000M000t
00433 GLU01A0213_001 f 0.00  0.000     0  0.00  0  0   0.536  -4.337   3.911  -2.896   2.577   0.000 01O000M000t
00434 GLU01A0213_002 f 0.00  0.000     0  0.00  0  0   0.536  -4.337   1.191  -0.775   2.889   0.000 01O000M000t
00435 GLU02A0213_003 f 0.00  0.000     0  0.00  0  0   0.509  -3.727   3.911  -1.225   2.593   0.000 02O000M000t
00436 GLU02A0213_004 f 0.00  0.000     0  0.00  0  0   0.509  -3.727   1.191   3.237   2.610   0.000 02O000M000t
00437 GLU-1A0213_005 f 0.00 -1.000     0  4.75  0 -1   0.411  -4.234   1.191  -7.594  11.807   0.000 -1O000M000t
00438 LEU01A0214_001 f 0.00  0.000     0  0.00  0  0   1.616  -2.468   0.439   0.000   0.000   0.000 01O000M000t
00439 MET01A0215_001 f 0.00  0.000     0  0.00  0  0  -0.045  -2.519   0.452  -0.042   0.099   0.000 01O000M000t
00440 THR01A0216_001 f 0.00  0.000     0  0.00  0  0  -0.390  -2.556   0.392  -1.469   1.949   0.000 01O000M000t
00441 THR01A0216_002 f 0.00  0.000     0  0.00  0  0  -0.390  -2.556   0.392   2.077   1.928   0.000 01O000M000t
00442 PHE01A0217_001 f 0.00  0.000     0  0.00  0  0   3.183  -5.333   0.001   0.000   0.000   0.000 01O000M000t
00443 SER01A0219_001 f 0.00  0.000     0  0.00  0  0  -2.185  -1.663   0.429  -0.367  -0.041   0.000 01O000M000t
00444 LYS01A0220_001 f 0.00  0.000     0  0.00  0  0  -6.529  -1.301   1.120  -0.015  -0.064   0.000 01O000M000t
00445 LYS+1A0220_002 f 0.00  1.000     0 10.40  0  1  -6.578  -1.303   1.120   0.218   0.012   0.000 +1O000M000t
00446 PRO01A0221_001 f 0.00  0.000     0  0.00  0  0   0.363  -2.152   0.000   0.000   0.000   0.000 01O000M000t
00447 TYR01A0222_001 f 0.00  0.000     0  0.00  0  0   3.909  -3.115   0.351   0.145   1.980   0.000 01O000M000t
00448 TYR-1A0222_002 f 0.00 -1.000     0 10.20  0 -1   3.909  -3.115   0.351   1.378   9.264   0.000 -1O000M000t
00449 ASP01A0223_001 f 0.00  0.000     0  0.00  0  0  -2.470  -2.176   3.480   0.953   0.095   0.000 01O000M000t
00450 ASP01A0223_002 f 0.00  0.000     0  0.00  0  0  -2.470  -2.176   0.760   0.391   0.595   0.000 01O000M000t
00451 ASP02A0223_003 f 0.00  0.000     0  0.00  0  0  -2.379  -2.318   3.480   0.316  -0.179   0.000 02O000M000t
00452 ASP02A0223_004 f 0.00  0.000     0  0.00  0  0  -2.379  -2.318   0.760   0.245   0.935   0.000 02O000M000t
00453 ASP-1A0223_005 f 0.00 -1.000     0  4.75  0 -1  -2.423  -2.274   0.760  -0.921   0.879   0.000 -1O000M000t
00454 ILE01A0225_001 f 0.00  0.000     0  0.00  0  0  -0.847  -0.617   0.628   0.000   0.000   0.000 01O000M000t
00455 PRO01A0226_001 f 0.00  0.000     0  0.00  0  0  -3.953  -1.446   0.000   0.000   0.000   0.000 01O000M000t
00456 ALA01A0227_001 f 0.00  0.000     0  0.00  0  0  -2.898  -0.653   0.000   0.000   0.000   0.000 01O000M000t
00457 SER01A0228_001 f 0.00  0.000     0  0.00  0  0  -4.403  -0.544   0.395   0.317   0.616   0.000 01O000M000t
00458 GLU01A0229_001 f 0.00  0.000     0  0.00  0  0  -0.570  -2.152   3.015   0.163  -0.010   0.000 01O000M000t
00459 GLU01A0229_002 f 0.00  0.000     0  0.00  0  0  -0.570  -2.152   0.295   0.068   0.979   0.000 01O000M000t
00460 GLU02A0229_003 f 0.00  0.000     0  0.00  0  0   0.041  -2.162   3.015   0.148   0.318   0.000 02O000M000t
00461 GLU02A0229_004 f 0.00  0.000     0  0.00  0  0   0.041  -2.162   0.295   0.046   0.724   0.000 02O000M000t
00462 GLU-1A0229_005 f 0.00 -1.000     0  4.75  0 -1  -0.542  -2.112   0.295  -0.317   1.561   0.000 -1O000M000t
00463 ILE01A0230_001 f 0.00  0.000     0  0.00  0  0   1.753   0.615   0.666   0.000   0.000   0.000 01O000M000t
00464 SER01A0231_001 f 0.00  0.000     0  0.00  0  0  -1.313  -1.144   0.386  -0.032   1.136   0.000 01O000M000t
00465 SER01A0231_002 f 0.00  0.000     0  0.00  0  0  -1.313  -1.144   0.011  -0.745   0.758   0.000 01O000M000t
00466 SER01A0232_001 f 0.00  0.000     0  0.00  0  0  -2.977  -1.198   0.894  -0.454   1.112   0.000 01O000M000t
00467 SER01A0232_002 f 0.00  0.000     0  0.00  0  0  -2.977  -1.198   0.894   0.088   0.534   0.000 01O000M000t
00468 ILE01A0233_001 f 0.00  0.000     0  0.00  0  0   1.047  -2.791   0.963   0.000   0.000   0.000 01O000M000t
00469 LEU01A0234_001 f 0.00  0.000     0  0.00  0  0   1.446  -3.275   0.482   0.000   0.000   0.000 01O000M000t
00470 GLU01A0235_001 f 0.00  0.000     0  0.00  0  0  -1.964  -1.063   4.242  -0.180   0.956   0.000 01O000M000t
00471 GLU01A0235_002 f 0.00  0.000     0  0.00  0  0  -1.964  -1.063   1.522  -0.005   0.629   0.000 01O000M000t
00472 GLU02A0235_003 f 0.00  0.000     0  0.00  0  0  -2.006  -1.026   4.242  -0.013  -0.122   0.000 02O000M000t
00473 GLU02A0235_004 f 0.00  0.000     0  0.00  0  0  -2.006  -1.026   1.522  -0.015   0.750   0.000 02O000M000t
00474 GLU-1A0235_005 f 0.00 -1.000     0  4.75  0 -1  -1.943  -0.993   1.522   0.115   1.731   0.000 -1O000M000t
00475 LYS01A0236_001 f 0.00  0.000     0  0.00  0  0  -6.273  -1.757   0.975   0.061   0.232   0.000 01O000M000t
00476 LYS+1A0236_002 f 0.00  1.000     0 10.40  0  1  -6.357  -1.787   0.975  -0.330   1.039   0.000 +1O000M000t
00477 GLU01A0238_001 f 0.00  0.000     0  0.00  0  0  -0.544  -1.858   3.117   0.104  -0.202   0.000 01O000M000t
00478 GLU01A0238_002 f 0.00  0.000     0  0.00  0  0  -0.544  -1.858   0.397   0.085   0.591   0.000 01O000M000t
00479 GLU02A0238_003 f 0.00  0.000     0  0.00  0  0  -0.233  -1.867   3.117   0.096   0.157   0.000 02O000M000t
00480 GLU02A0238_004 f 0.00  0.000     0  0.00  0  0  -0.233  -1.867   0.397   0.065   0.839   0.000 02O000M000t
00481 GLU-1A0238_005 f 0.00 -1.000     0  4.75  0 -1  -0.693  -1.819   0.397  -0.053   1.267   0.000 -1O000M000t
00482 ARG01A0239_001 f 0.00  0.000     0  0.00  0  0  -0.156  -4.123   0.666  -1.752   3.253   0.000 01O000M000t
00483 ARG02A0239_002 f 0.00  0.000     0  0.00  0  0  -0.176  -4.043   0.666  -2.096   3.841   0.000 02O000M000t
00484 ARG03A0239_003 f 0.00  0.000     0  0.00  0  0  -0.173  -3.953   0.666  -2.007   3.951   0.000 03O000M000t
00485 ARG03A0239_004 f 0.00  0.000     0  0.00  0  0  -0.092  -4.258   0.666  -0.881   3.864   0.000 03O000M000t
00486 ARG+1A0239_005 f 0.00  1.000     0 12.50  0  1  -0.219  -4.135   0.666  -7.393   7.066   0.000 +1O000M000t
00487 LEU01A0240_001 f 0.00  0.000     0  0.00  0  0   1.653  -3.668   0.706   0.000   0.000   0.000 01O000M000t
00488 PRO01A0241_001 f 0.00  0.000     0  0.00  0  0  -5.206  -0.716   0.000   0.000   0.000   0.000 01O000M000t
00489 GLN01A0242_001 f 0.00  0.000     0  0.00  0  0   0.182  -4.370   0.798  -0.721   0.726   0.000 01O000M000t
00490 GLN01A0242_002 f 0.00  0.000     0  0.00  0  0   1.432  -4.347   0.800   0.395   0.864   0.000 01R001M000t
00491 PRO01A0243_001 f 0.00  0.000     0  0.00  0  0   0.228  -3.090   0.000   0.000   0.000   0.000 01O000M000t
00492 PRO01A0244_001 f 0.00  0.000     0  0.00  0  0  -6.497   0.070   0.000   0.000   0.000   0.000 01O000M000t
00493 ILE01A0245_001 f 0.00  0.000     0  0.00  0  0   0.995  -3.272   0.476   0.000   0.000   0.000 01O000M000t
00494 CYS01A0246_001 f 0.00  0.000     0  0.00  0  0  -0.002  -3.597   0.142  -0.187   0.991   0.000 01O000M000t
00495 CYS01A0246_002 f 0.00  0.000     0  0.00  0  0  -0.002  -3.639   0.142   0.059   0.986   0.000 01O000M000t
00496 CYS01A0246_003 f 0.00  0.000     0  0.00  0  0  -0.002  -3.592   0.142  -0.270   0.991   0.000 01O000M000t
00497 CYS-1A0246_004 f 0.00 -1.000     0  9.10  0 -1   0.000  -3.553   0.142  -4.328  13.758   0.000 -1O000M000t
00498 THR01A0247_001 f 0.00  0.000     0  0.00  0  0  -1.232  -1.375   0.401  -2.107   1.911   0.000 01O000M000t
00499 THR01A0247_002 f 0.00  0.000     0  0.00  0  0  -1.232  -1.375   0.026  -0.984   1.667   0.000 01O000M000t
00500 ILE01A0248_001 f 0.00  0.000     0  0.00  0  0  -5.082   0.051   0.551   0.000   0.000   0.000 01O000M000t
00501 ASP01A0249_001 f 0.00  0.000     0  0.00  0  0  -1.252  -0.945   3.636   2.634   0.900   0.000 01O000M000t
00502 ASP01A0249_002 f 0.00  0.000     0  0.00  0  0  -1.252  -0.945   0.916   0.132   0.717   0.000 01O000M000t
00503 ASP02A0249_003 f 0.00  0.000     0  0.00  0  0  -1.139  -1.160   3.636   0.103  -0.063   0.000 02O000M000t
00504 ASP02A0249_004 f 0.00  0.000     0  0.00  0  0  -1.139  -1.160   0.916  -0.043   0.845   0.000 02O000M000t
00505 ASP-1A0249_005 f 0.00 -1.000     0  4.75  0 -1  -1.225  -1.133   0.916  -1.752   1.328   0.000 -1O000M000t
00506 VAL01A0250_001 f 0.00  0.000     0  0.00  0  0   0.608  -1.592   0.021   0.000   0.000   0.000 01O000M000t
00507 TYR01A0251_001 f 0.00  0.000     0  0.00  0  0   2.047  -6.888   0.248  -1.951   1.907   0.000 01O000M000t
00508 TYR01A0251_002 f 0.00  0.000     0  0.00  0  0   2.047  -6.888   0.248   0.891   1.215   0.000 01O000M000t
00509 TYR-1A0251_003 f 0.00 -1.000     0 10.20  0 -1   2.047  -6.888   0.248   1.319   5.268   0.000 -1O000M000t
00510 MET01A0252_001 f 0.00  0.000     0  0.00  0  0  -3.018  -2.153   0.329   0.053   0.046   0.000 01O000M000t
00511 ILE01A0253_001 f 0.00  0.000     0  0.00  0  0   2.534  -0.901   0.460   0.000   0.000   0.000 01O000M000t
00512 MET01A0254_001 f 0.00  0.000     0  0.00  0  0   0.986  -3.889   3.007   0.067   0.097   0.000 01O000M000t
00513 VAL01A0255_001 f 0.00  0.000     0  0.00  0  0  -2.168  -1.134   0.226   0.000   0.000   0.000 01O000M000t
00514 LYS01A0256_001 f 0.00  0.000     0  0.00  0  0  -3.471  -3.836   1.284   0.031  -0.150   0.000 01O000M000t
00515 LYS+1A0256_002 f 0.00  1.000     0 10.40  0  1  -3.521  -3.843   1.284  -0.073   0.157   0.000 +1O000M000t
00516 CYS01A0257_001 f 0.00  0.000     0  0.00  0  0  -0.002  -4.482   0.081   0.084   0.928   0.000 01O000M000t
00517 CYS01A0257_002 f 0.00  0.000     0  0.00  0  0  -0.002  -4.561   0.081  -0.458   0.922   0.000 01O000M000t
00518 CYS01A0257_003 f 0.00  0.000     0  0.00  0  0  -0.003  -4.497   0.081   0.319   0.611   0.000 01O000M000t
00519 CYS-1A0257_004 f 0.00 -1.000     0  9.10  0 -1   0.000  -4.421   0.081   1.293  12.619   0.000 -1O000M000t
00520 TRP01A0258_001 f 0.00  0.000     0  0.00  0  0   3.347 -13.023   0.094   0.000   0.000   0.000 01O000M000t
00521 MET01A0259_001 f 0.00  0.000     0  0.00  0  0  -2.567  -3.332   3.826  -0.095   0.052   0.000 01O000M000t
00522 ILE01A0260_001 f 0.00  0.000     0  0.00  0  0  -2.735   1.029   0.899   0.000   0.000   0.000 01O000M000t
00523 ASP01A0261_001 f 0.00  0.000     0  0.00  0  0  -2.591  -1.814   3.147   0.822  -0.035   0.000 01O000M000t
00524 ASP01A0261_002 f 0.00  0.000     0  0.00  0  0  -2.591  -1.814   0.427   0.307   0.945   0.000 01O000M000t
00525 ASP02A0261_003 f 0.00  0.000     0  0.00  0  0  -2.584  -2.227   3.147   0.299   0.020   0.000 02O000M000t
00526 ASP02A0261_004 f 0.00  0.000     0  0.00  0  0  -2.584  -2.227   0.427   0.161   0.969   0.000 02O000M000t
00527 ASP-1A0261_005 f 0.00 -1.000     0  4.75  0 -1  -2.587  -2.149   0.427  -2.283   1.817   0.000 -1O000M000t
00528 ALA01A0262_001 f 0.00  0.000     0  0.00  0  0  -0.979  -0.877   0.000   0.000   0.000   0.000 01O000M000t
00529 ASP01A0263_001 f 0.00  0.000     0  0.00  0  0  -1.727   0.461   3.269   0.440  -0.103   0.000 01O000M000t
00530 ASP01A0263_002 f 0.00  0.000     0  0.00  0  0  -1.727   0.461   0.549   0.292   0.624   0.000 01O000M000t
00531 ASP02A0263_003 f 0.00  0.000     0  0.00  0  0  -1.666   0.043   3.269   0.317  -0.327   0.000 02O000M000t
00532 ASP02A0263_004 f 0.00  0.000     0  0.00  0  0  -1.666   0.043   0.549   0.288   0.779   0.000 02O000M000t
00533 ASP-1A0263_005 f 0.00 -1.000     0  4.75  0 -1  -1.678   0.079   0.549  -0.848   0.627   0.000 -1O000M000t
00534 SER01A0264_001 f 0.00  0.000     0  0.00  0  0  -1.769   0.017   0.565  -0.276  -0.120   0.000 01O000M000t
00535 SER01A0264_002 f 0.00  0.000     0  0.00  0  0  -1.769   0.017   0.565   0.175   0.802   0.000 01O000M000t
00536 SER01A0264_003 f 0.00  0.000     0  0.00  0  0  -1.769   0.017   0.190  -0.297  -0.004   0.000 01O000M000t
00537 ARG01A0265_001 f 0.00  0.000     0  0.00  0  0   1.816   8.585   2.555  -0.213   4.300   0.000 01O000M000t
00538 ARG02A0265_002 f 0.00  0.000     0  0.00  0  0   1.775   8.525   2.555  -2.250   4.759   0.000 02O000M000t
00539 ARG02A0265_003 f 0.00  0.000     0  0.00  0  0   1.832   8.436   2.555   0.815   4.754   0.000 02O000M000t
00540 ARG03A0265_004 f 0.00  0.000     0  0.00  0  0   1.771   8.533   2.555  -2.640   4.752   0.000 03O000M000t
00541 ARG03A0265_005 f 0.00  0.000     0  0.00  0  0   1.776   8.237   2.555  -0.399   4.704   0.000 03O000M000t
00542 ARG+1A0265_006 f 0.00  1.000     0 12.50  0  1   1.731   8.456   2.555  -5.952  10.524   0.000 +1O000M000t
00543 PRO01A0266_001 f 0.00  0.000     0  0.00  0  0  -0.190  -3.543   0.000   0.000   0.000   0.000 01O000M000t
00544 LYS01A0267_001 f 0.00  0.000     0  0.00  0  0  -3.531  -2.753   1.997   0.018   0.648   0.000 01O000M000t
00545 LYS+1A0267_002 f 0.00  1.000     0 10.40  0  1  -3.569  -2.769   1.997   1.295   4.592   0.000 +1O000M000t
00546 PHE01A0268_001 f 0.00  0.000     0  0.00  0  0   4.313  -9.477   0.425   0.000   0.000   0.000 01O000M000t
00547 ARG01A0269_001 f 0.00  0.000     0  0.00  0  0  -6.240  -2.337   0.483   0.031   0.258   0.000 01O000M000t
00548 ARG02A0269_002 f 0.00  0.000     0  0.00  0  0  -6.272  -2.337   0.483   0.022   1.583   0.000 02O000M000t
00549 ARG03A0269_003 f 0.00  0.000     0  0.00  0  0  -6.275  -2.341   0.483   0.015   1.277   0.000 03O000M000t
00550 ARG+1A0269_004 f 0.00  1.000     0 12.50  0  1  -6.319  -2.344   0.483   0.610   0.080   0.000 +1O000M000t
00551 GLU01A0270_001 f 0.00  0.000     0  0.00  0  0  -0.409  -1.931   3.180   1.742   1.144   0.000 01O000M000t
00552 GLU01A0270_002 f 0.00  0.000     0  0.00  0  0  -0.409  -1.931   0.460  -0.299   0.826   0.000 01O000M000t
00553 GLU02A0270_003 f 0.00  0.000     0  0.00  0  0  -0.683  -2.220   3.180  -0.681  -0.207   0.000 02O000M000t
00554 GLU02A0270_004 f 0.00  0.000     0  0.00  0  0  -0.683  -2.220   0.460  -0.881   1.052   0.000 02O000M000t
00555 GLU-1A0270_005 f 0.00 -1.000     0  4.75  0 -1  -0.776  -2.182   0.460  -2.335   1.383   0.000 -1O000M000t
00556 LEU01A0271_001 f 0.00  0.000     0  0.00  0  0   1.877  -4.708   0.565   0.000   0.000   0.000 01O000M000t
00557 ILE01A0272_001 f 0.00  0.000     0  0.00  0  0   0.010  -1.641   0.509   0.000   0.000   0.000 01O000M000t
00558 ILE01A0273_001 f 0.00  0.000     0  0.00  0  0  -2.595  -1.298   0.652   0.000   0.000   0.000 01O000M000t
00559 GLU01A0274_001 f 0.00  0.000     0  0.00  0  0  -1.263  -1.823   3.411   0.149   0.200   0.000 01O000M000t
00560 GLU01A0274_002 f 0.00  0.000     0  0.00  0  0  -1.263  -1.823   0.691   0.102   1.147   0.000 01O000M000t
00561 GLU02A0274_003 f 0.00  0.000     0  0.00  0  0  -1.149  -1.771   3.411   0.226  -0.315   0.000 02O000M000t
00562 GLU02A0274_004 f 0.00  0.000     0  0.00  0  0  -1.149  -1.771   0.691   0.074   1.000   0.000 02O000M000t
00563 GLU-1A0274_005 f 0.00 -1.000     0  4.75  0 -1  -1.332  -1.762   0.691  -0.385   1.952   0.000 -1O000M000t
00564 PHE01A0275_001 f 0.00  0.000     0  0.00  0  0   4.566  -6.569   0.762   0.000   0.000   0.000 01O000M000t
00565 SER01A0276_001 f 0.00  0.000     0  0.00  0  0  -1.609   1.052   0.444   0.374   0.566   0.000 01O000M000t
00566 SER01A0276_002 f 0.00  0.000     0  0.00  0  0  -1.609   1.052   0.445  -1.857   1.463   0.000 01O000M000t
00567 LYS01A0277_001 f 0.00  0.000     0  0.00  0  0  -4.897   1.156   2.241  -0.002   0.164   0.000 01O000M000t
00568 LYS+1A0277_002 f 0.00  1.000     0 10.40  0  1  -4.945   1.151   2.241   0.036   0.897   0.000 +1O000M000t
00569 MET01A0278_001 f 0.00  0.000     0  0.00  0  0  -0.507  -5.336   0.136  -0.031   0.092   0.000 01O000M000t
00570 ALA01A0279_001 f 0.00  0.000     0  0.00  0  0  -0.412  -1.799   0.000   0.000   0.000   0.000 01O000M000t
00571 ARG01A0280_001 f 0.00  0.000     0  0.00  0  0  -8.228  -3.955   0.591   0.055   0.920   0.000 01O000M000t
00572 ARG02A0280_002 f 0.00  0.000     0  0.00  0  0  -8.274  -3.947   0.591   0.007   2.070   0.000 02O000M000t
00573 ARG03A0280_003 f 0.00  0.000     0  0.00  0  0  -8.194  -3.923   0.591   0.150   1.535   0.000 03O000M000t
00574 ARG+1A0280_004 f 0.00  1.000     0 12.50  0  1  -8.313  -3.967   0.591  -0.104   0.757   0.000 +1O000M000t
00575 ASP01A0281_001 f 0.00  0.000     0  0.00  0  0  -2.401  -0.503   2.864   1.652   0.660   0.000 01O000M000t
00576 ASP01A0281_002 f 0.00  0.000     0  0.00  0  0  -2.401  -0.503   0.144  -0.040   0.826   0.000 01O000M000t
00577 ASP02A0281_003 f 0.00  0.000     0  0.00  0  0  -2.266  -1.011   2.864  -0.283   0.147   0.000 02O000M000t
00578 ASP02A0281_004 f 0.00  0.000     0  0.00  0  0  -2.266  -1.011   0.144  -0.231   0.982   0.000 02O000M000t
00579 ASP-1A0281_005 f 0.00 -1.000     0  4.75  0 -1  -2.355  -0.954   0.144  -1.112   1.928   0.000 -1O000M000t
00580 PRO01A0282_001 f 0.00  0.000     0  0.00  0  0  -1.318  -3.958   0.000   0.000   0.000   0.000 01O000M000t
00581 GLN01A0283_001 f 0.00  0.000     0  0.00  0  0  -1.622  -2.244   1.055   0.245   0.207   0.000 01O000M000t
00582 GLN01A0283_002 f 0.00  0.000     0  0.00  0  0  -1.188  -2.246   1.047  -0.060   0.125   0.000 01R001M000t
00583 ARG01A0284_001 f 0.00  0.000     0  0.00  0  0  -7.416   1.460   0.475   0.046   0.250   0.000 01O000M000t
00584 ARG02A0284_002 f 0.00  0.000     0  0.00  0  0  -7.454   1.454   0.475   0.041   1.145   0.000 02O000M000t
00585 ARG03A0284_003 f 0.00  0.000     0  0.00  0  0  -7.453   1.454   0.475   0.036   1.028   0.000 03O000M000t
00586 ARG+1A0284_004 f 0.00  1.000     0 12.50  0  1  -7.496   1.453   0.475   0.087   0.411   0.000 +1O000M000t
00587 TYR01A0285_001 f 0.00  0.000     0  0.00  0  0   2.987  -6.797   0.020   0.123   0.828   0.000 01O000M000t
00588 TYR01A0285_002 f 0.00  0.000     0  0.00  0  0   2.987  -6.797   0.020   0.048   0.966   0.000 01O000M000t
00589 TYR-1A0285_003 f 0.00 -1.000     0 10.20  0 -1   2.987  -6.797   0.020  -0.371   3.224   0.000 -1O000M000t
00590 LEU01A0286_001 f 0.00  0.000     0  0.00  0  0   1.829  -5.893   0.407   0.000   0.000   0.000 01O000M000t
00591 VAL01A0287_001 f 0.00  0.000     0  0.00  0  0  -5.662   1.556   0.021   0.000   0.000   0.000 01O000M000t
00592 ILE01A0288_001 f 0.00  0.000     0  0.00  0  0   6.157  -2.863   0.409   0.000   0.000   0.000 01O000M000t
00593 GLN01A0289_001 f 0.00  0.000     0  0.00  0  0  -3.072  -0.726   0.874   0.153  -0.390   0.000 01O000M000t
00594 GLN01A0289_002 f 0.00  0.000     0  0.00  0  0  -2.698  -0.763   0.916  -0.005  -0.184   0.000 01R001M000t
00595 ASP01A0291_001 f 0.00  0.000     0  0.00  0  0  -0.023   2.224   4.088   1.536   2.000   0.000 01O000M000t
00596 ASP01A0291_002 f 0.00  0.000     0  0.00  0  0  -0.023   2.224   1.368   2.444   2.171   0.000 01O000M000t
00597 ASP02A0291_003 f 0.00  0.000     0  0.00  0  0   0.008   0.685   4.088  -2.264   1.033   0.000 02O000M000t
00598 ASP02A0291_004 f 0.00  0.000     0  0.00  0  0   0.008   0.685   1.368  -0.659   2.295   0.000 02O000M000t
00599 ASP-1A0291_005 f 0.00 -1.000     0  4.75  0 -1  -0.060   0.822   1.368  -6.702   6.948   0.000 -1O000M000t
00600 GLU01A0292_001 f 0.00  0.000     0  0.00  0  0  -1.423  12.306   8.794   0.458   0.579   0.000 01O000M000t
00601 GLU01A0292_002 f 0.00  0.000     0  0.00  0  0  -1.423  12.306   6.074   0.559   1.796   0.000 01O000M000t
00602 GLU02A0292_003 f 0.00  0.000     0  0.00  0  0  -1.485  15.477   8.794  -0.437   1.411   0.000 02O000M000t
00603 GLU02A0292_004 f 0.00  0.000     0  0.00  0  0  -1.485  15.477   6.074   0.291   2.235   0.000 02O000M000t
00604 GLU-1A0292_005 f 0.00 -1.000     0  4.75  0 -1  -1.500  12.208   6.074   0.692   4.607   0.000 -1O000M000t
00605 ARG01A0293_001 f 0.00  0.000     0  0.00  0  0  -4.522  51.994   4.040  -0.287   0.432   0.000 01O000M000t
00606 ARG02A0293_002 f 0.00  0.000     0  0.00  0  0  -4.563  51.979   4.040  -0.287   1.742   0.000 02O000M000t
00607 ARG03A0293_003 f 0.00  0.000     0  0.00  0  0  -4.560  51.978   4.040  -0.277   1.621   0.000 03O000M000t
00608 ARG03A0293_004 f 0.00  0.000     0  0.00  0  0  -4.511  51.980   4.040  -0.283   1.253   0.000 03O000M000t
00609 ARG+1A0293_005 f 0.00  1.000     0 12.50  0  1  -4.603  51.972   4.040  -0.451   0.569   0.000 +1O000M000t
00610 MET01A0294_001 f 0.00  0.000     0  0.00  0  0  -3.614 999.000   2.116   0.329   0.053   0.000 01O000M000t
00611 HIS01A0295_001 f 0.00  0.000     0  0.00  0  0  -8.395   4.257   1.096   0.582   0.642   0.000 01O000M000t
00612 HIS01A0295_002 f 0.00  0.000     0  0.00  0  0  -8.244   4.260   1.096   0.464   0.183   0.000 01R001M000t
00613 HIS02A0295_003 f 0.00  0.000     0  0.00  0  0  -8.409   4.249   1.096   0.365   0.209   0.000 02O000M000t
00614 HIS02A0295_004 f 0.00  0.000     0  0.00  0  0  -8.254   4.250   1.096   0.396   0.468   0.000 02R001M000t
00615 HIS+1A0295_005 f 0.00  1.000     0  6.98  0  1  -8.436   4.245   1.096   0.855   0.021   0.000 +1O000M000t
00616 HIS+1A0295_006 f 0.00  1.000     0  6.98  0  1  -8.281   4.246   1.096   0.847   0.056   0.000 +1R001M000t
00617 LEU01A0296_001 f 0.00  0.000     0  0.00  0  0  -4.631  53.800   3.206   0.000   0.000   0.000 01O000M000t
00618 PRO01A0297_001 f 0.00  0.000     0  0.00  0  0  -4.198  87.858   0.000   0.000   0.000   0.000 01O000M000t
00619 SER01A0298_001 f 0.00  0.000     0  0.00  0  0  -3.201   0.859   1.719  -0.288  -0.186   0.000 01O000M000t
00620 PRO01A0299_001 f 0.00  0.000     0  0.00  0  0  -3.219 999.000   0.000   0.000   0.000   0.000 01O000M000t
00621 THR01A0300_001 f 0.00  0.000     0  0.00  0  0  -4.325   6.153   1.622  -2.151   0.831   0.000 01O000M000t
00622 THR01A0300_002 f 0.00  0.000     0  0.00  0  0  -4.325   6.153   1.622   0.590   0.756   0.000 01O000M000t
00623 THR01A0300_003 f 0.00  0.000     0  0.00  0  0  -4.325   6.153   1.247  -0.648   0.385   0.000 01O000M000t
00624 ASP01A0301_001 f 0.00  0.000     0  0.00  0  0  -0.881 153.169   5.539   2.106   0.276   0.000 01O000M000t
00625 ASP01A0301_002 f 0.00  0.000     0  0.00  0  0  -0.881 153.169   2.819   0.317   0.979   0.000 01O000M000t
00626 ASP02A0301_003 f 0.00  0.000     0  0.00  0  0  -1.239 153.195   5.539   0.800   1.321   0.000 02O000M000t
00627 ASP02A0301_004 f 0.00  0.000     0  0.00  0  0  -1.239 153.195   2.819   0.072   1.123   0.000 02O000M000t
00628 ASP-1A0301_005 f 0.00 -1.000     0  4.75  0 -1  -1.059 153.268   2.819  -1.886   1.886   0.000 -1O000M000t
00629 SER01A0302_001 f 0.00  0.000     0  0.00  0  0  -4.376   9.173   0.575   0.146   0.284   0.000 01O000M000t
00630 ASN01A0303_001 f 0.00  0.000     0  0.00  0  0  -3.929  32.859   2.619   0.549   0.057   0.000 01O000M000t
00631 ASN01A0303_002 f 0.00  0.000     0  0.00  0  0  -4.108  32.748   2.718   0.166  -0.307   0.000 01R001M000t
00632 PHE01A0304_001 f 0.00  0.000     0  0.00  0  0  -6.085  19.670   0.043   0.000   0.000   0.000 01O000M000t
00633 TYR01A0305_001 f 0.00  0.000     0  0.00  0  0 999.000 501.351   1.146   0.354   0.393   0.000 01O000M000t
00634 TYR01A0305_002 f 0.00  0.000     0  0.00  0  0  52.377 501.351   1.146   0.233   0.753   0.000 01O000M000t
00635 TYR-1A0305_003 f 0.00 -1.000     0 10.20  0 -1  52.377 501.351   1.146  -0.232   1.007   0.000 -1O000M000t
00636 ARG01A0306_001 f 0.00  0.000     0  0.00  0  0  -1.460 999.000  11.714   0.060   1.165   0.000 01O000M000t
00637 ARG02A0306_002 f 0.00  0.000     0  0.00  0  0  -1.462 999.000  11.714   0.009   2.459   0.000 02O000M000t
00638 ARG02A0306_003 f 0.00  0.000     0  0.00  0  0  -1.412 999.000  11.714   0.140   2.047   0.000 02O000M000t
00639 ARG03A0306_004 f 0.00  0.000     0  0.00  0  0  -1.469 999.000  11.714  -0.015   1.940   0.000 03O000M000t
00640 ARG+1A0306_005 f 0.00  1.000     0 12.50  0  1  -1.514 999.000  11.714   0.582   2.181   0.000 +1O000M000t
00641 ALA01A0307_001 f 0.00  0.000     0  0.00  0  0  -2.898   0.286   0.000   0.000   0.000   0.000 01O000M000t
00642 LEU01A0308_001 f 0.00  0.000     0  0.00  0  0  -6.350  10.532   3.363   0.000   0.000   0.000 01O000M000t
00643 MET01A0309_001 f 0.00  0.000     0  0.00  0  0  -2.092 117.995   3.982   0.100   0.057   0.000 01O000M000t
00644 ASP01A0310_001 f 0.00  0.000     0  0.00  0  0  -1.143   0.767   5.608   0.319  -0.362   0.000 01O000M000t
00645 ASP01A0310_002 f 0.00  0.000     0  0.00  0  0  -1.143   0.767   2.888   0.417   0.601   0.000 01O000M000t
00646 ASP02A0310_003 f 0.00  0.000     0  0.00  0  0  -1.033   0.823   5.608   0.384   0.039   0.000 02O000M000t
00647 ASP02A0310_004 f 0.00  0.000     0  0.00  0  0  -1.033   0.823   2.888   0.283   0.750   0.000 02O000M000t
00648 ASP-1A0310_005 f 0.00 -1.000     0  4.75  0 -1  -1.286   0.811   2.888  -0.705   0.735   0.000 -1O000M000t
00649 GLU01A0311_001 f 0.00  0.000     0  0.00  0  0  -2.310  14.941   4.233   0.103  -0.886   0.000 01O000M000t
00650 GLU01A0311_002 f 0.00  0.000     0  0.00  0  0  -2.310  14.941   1.513   0.055   0.367   0.000 01O000M000t
00651 GLU02A0311_003 f 0.00  0.000     0  0.00  0  0  -2.015  14.921   4.233   0.188  -0.248   0.000 02O000M000t
00652 GLU02A0311_004 f 0.00  0.000     0  0.00  0  0  -2.015  14.921   1.513   0.052   0.544   0.000 02O000M000t
00653 GLU-1A0311_005 f 0.00 -1.000     0  4.75  0 -1  -2.163  14.959   1.513  -0.287   0.049   0.000 -1O000M000t
00654 GLU01A0312_001 f 0.00  0.000     0  0.00  0  0 999.000  18.601   5.736   1.064   0.472   0.000 01O000M000t
00655 GLU01A0312_002 f 0.00  0.000     0  0.00  0  0 286.943  18.601   3.016  -0.098   0.286   0.000 01O000M000t
00656 GLU02A0312_003 f 0.00  0.000     0  0.00  0  0 229.503  18.284   5.736  -0.372  -0.568   0.000 02O000M000t
00657 GLU02A0312_004 f 0.00  0.000     0  0.00  0  0 229.503  18.284   3.016  -0.250   0.866   0.000 02O000M000t
00658 GLU-1A0312_005 f 0.00 -1.000     0  4.75  0 -1 229.481  18.318   3.016  -0.840   0.807   0.000 -1O000M000t
00659 ASP01A0313_001 f 0.00  0.000     0  0.00  0  0  -0.834 312.268   5.526   0.525   0.832   0.000 01O000M000t
00660 ASP01A0313_002 f 0.00  0.000     0  0.00  0  0  -0.834 312.268   2.806   0.104   2.194   0.000 01O000M000t
00661 ASP02A0313_003 f 0.00  0.000     0  0.00  0  0  -0.948 317.078   5.526   1.781   2.173   0.000 02O000M000t
00662 ASP02A0313_004 f 0.00  0.000     0  0.00  0  0  -0.948 317.078   2.806   0.126   2.171   0.000 02O000M000t
00663 ASP-1A0313_005 f 0.00 -1.000     0  4.75  0 -1  -0.821 311.555   2.806  -2.869   6.561   0.000 -1O000M000t
00664 MET01A0314_001 f 0.00  0.000     0  0.00  0  0  -3.835 999.000   4.857   0.109   0.057   0.000 01O000M000t
00665 ASP01A0315_001 f 0.00  0.000     0  0.00  0  0  -3.866   2.402   4.535   0.700  -0.730   0.000 01O000M000t
00666 ASP01A0315_002 f 0.00  0.000     0  0.00  0  0  -3.866   2.402   1.815   0.241   0.355   0.000 01O000M000t
00667 ASP02A0315_003 f 0.00  0.000     0  0.00  0  0  -3.779   1.757   4.535   0.380  -0.779   0.000 02O000M000t
00668 ASP02A0315_004 f 0.00  0.000     0  0.00  0  0  -3.779   1.757   1.815   0.270   0.381   0.000 02O000M000t
00669 ASP-1A0315_005 f 0.00 -1.000     0  4.75  0 -1  -3.748   1.788   1.815  -0.453  -0.334   0.000 -1O000M000t
00670 ASP01A0316_001 f 0.00  0.000     0  0.00  0  0  -2.046   4.270   2.740   0.591   0.561   0.000 01O000M000t
00671 ASP01A0316_002 f 0.00  0.000     0  0.00  0  0  -2.046   4.270   0.020   0.058   0.818   0.000 01O000M000t
00672 ASP02A0316_003 f 0.00  0.000     0  0.00  0  0  -1.979   2.893   2.740   0.217   1.098   0.000 02O000M000t
00673 ASP02A0316_004 f 0.00  0.000     0  0.00  0  0  -1.979   2.893   0.020   0.045   0.906   0.000 02O000M000t
00674 ASP-1A0316_005 f 0.00 -1.000     0  4.75  0 -1  -1.993   2.968   0.020  -0.550   1.990   0.000 -1O000M000t
00675 VAL01A0317_001 f 0.00  0.000     0  0.00  0  0  -0.535   4.685   0.099   0.000   0.000   0.000 01O000M000t
00676 VAL01A0318_001 f 0.00  0.000     0  0.00  0  0  -1.204  -0.615   0.024   0.000   0.000   0.000 01O000M000t
00677 ASP01A0319_001 f 0.00  0.000     0  0.00  0  0  -0.308  -0.701   3.705  -1.512   1.146   0.000 01O000M000t
00678 ASP01A0319_002 f 0.00  0.000     0  0.00  0  0  -0.308  -0.701   0.985  -1.120   2.459   0.000 01O000M000t
00679 ASP02A0319_003 f 0.00  0.000     0  0.00  0  0  -0.236   0.160   3.705   2.087   1.814   0.000 02O000M000t
00680 ASP02A0319_004 f 0.00  0.000     0  0.00  0  0  -0.236   0.160   0.985   0.600   2.198   0.000 02O000M000t
00681 ASP-1A0319_005 f 0.00 -1.000     0  4.75  0 -1  -0.242  -0.681   0.985  -6.522   6.837   0.000 -1O000M000t
00682 ALA01A0320_001 f 0.00  0.000     0  0.00  0  0  -0.103  -1.352   0.000   0.000   0.000   0.000 01O000M000t
00683 ASP01A0321_001 f 0.00  0.000     0  0.00  0  0  -0.557   0.048   3.122   0.574   0.777   0.000 01O000M000t
00684 ASP01A0321_002 f 0.00  0.000     0  0.00  0  0  -0.557   0.048   0.402   0.240   1.833   0.000 01O000M000t
00685 ASP02A0321_003 f 0.00  0.000     0  0.00  0  0  -0.541  -0.460   3.122   0.722   1.037   0.000 02O000M000t
00686 ASP02A0321_004 f 0.00  0.000     0  0.00  0  0  -0.541  -0.460   0.402   0.416   1.600   0.000 02O000M000t
00687 ASP-1A0321_005 f 0.00 -1.000     0  4.75  0 -1  -0.587  -0.414   0.402  -1.283   4.994   0.000 -1O000M000t
00688 GLU01A0322_001 f 0.00  0.000     0  0.00  0  0  -1.918  -2.592   4.354  -0.326   0.003   0.000 01O000M000t
00689 GLU01A0322_002 f 0.00  0.000     0  0.00  0  0  -1.918  -2.592   1.634  -0.027   1.317   0.000 01O000M000t
00690 GLU02A0322_003 f 0.00  0.000     0  0.00  0  0  -1.760  -2.621   4.354   0.130   0.027   0.000 02O000M000t
00691 GLU02A0322_004 f 0.00  0.000     0  0.00  0  0  -1.760  -2.621   1.634   0.226   1.258   0.000 02O000M000t
00692 GLU-1A0322_005 f 0.00 -1.000     0  4.75  0 -1  -1.953  -2.545   1.634  -1.177   2.499   0.000 -1O000M000t
00693 TYR01A0323_001 f 0.00  0.000     0  0.00  0  0   2.975  -3.922   0.044  -0.026   1.506   0.000 01O000M000t
00694 TYR01A0323_002 f 0.00  0.000     0  0.00  0  0   2.975  -3.922   0.044  -0.060   1.708   0.000 01O000M000t
00695 TYR-1A0323_003 f 0.00 -1.000     0 10.20  0 -1   2.975  -3.922   0.044  -0.596   4.907   0.000 -1O000M000t
00696 LEU01A0324_001 f 0.00  0.000     0  0.00  0  0  -5.921   2.017   1.903   0.000   0.000   0.000 01O000M000t
00697 ILE01A0325_001 f 0.00  0.000     0  0.00  0  0   0.138  -1.406   0.763   0.000   0.000   0.000 01O000M000t
00698 PRO01A0326_001 f 0.00  0.000     0  0.00  0  0  -6.881  -0.388   0.000   0.000   0.000   0.000 01O000M000t
00699 GLN01A0327_001 f 0.00  0.000     0  0.00  0  0  -0.333  -1.231   0.297  -0.193   0.362   0.000 01O000M000t
00700 GLN01A0327_002 f 0.00  0.000     0  0.00  0  0   0.704  -1.216   0.297   0.203   0.682   0.000 01R001M000t
00701 IRE01B0001_001 f 0.00 -0.454     0  0.00  0  0   0.000 165.032   0.000  -3.125   4.487   0.212 01O000M000t
00702 IRE+1B0001_002 f 0.00  0.582     0  0.00  0  0   0.000 164.999   0.000  -2.895   4.975   0.717 +1O000M000t
00703 IRE+2B0001_003 f 0.00  0.995     0  0.00  0  0   0.000 375.535   0.000   3.278   8.362   3.728 +2O000M000t
00704 IRE+2B0001_004 f 0.00  0.995     0  0.00  0  0   0.000 197.757   0.000   2.424   8.323   3.728 +2O000M000t
00705 IRE+3B0001_005 f 0.00  0.529     0  0.00  0  0   0.000 168.898   0.000   2.059   4.886   4.395 +3O000M000t
00706 IRE+3B0001_006 f 0.00  0.529     0  0.00  0  0   0.000 165.069   0.000   1.531   4.826   4.395 +3O000M000t
00707 IRE+aB0001_007 f 0.00  1.995     0  0.00  0  0   0.000 696.389   0.000  -2.418  11.902   4.412 +aO000M000t
00708 IREDMB0001_008 t 0.00  0.000     0  0.00  0  0   0.000   0.000   0.000   0.000   0.000   0.000         DMt
