   Doing pairwise     1 of   627 conformers.    3 seconds
   Doing pairwise     2 of   627 conformers.    4 seconds
   Doing pairwise     3 of   627 conformers.    0 seconds
   Doing pairwise     4 of   627 conformers.    3 seconds
   Doing pairwise     5 of   627 conformers.    4 seconds
   Doing pairwise     6 of   627 conformers.    4 seconds
   Doing pairwise     7 of   627 conformers.    3 seconds
   Doing pairwise     8 of   627 conformers.    4 seconds
   Doing pairwise     9 of   627 conformers.    3 seconds
   Doing pairwise    10 of   627 conformers.    4 seconds
   Doing pairwise    11 of   627 conformers.    4 seconds
   Doing pairwise    12 of   627 conformers.    0 seconds
   Doing pairwise    13 of   627 conformers.    0 seconds
   Doing pairwise    14 of   627 conformers.    3 seconds
   Doing pairwise    15 of   627 conformers.    3 seconds
   Doing pairwise    16 of   627 conformers.    4 seconds
   Doing pairwise    17 of   627 conformers.    4 seconds
   Doing pairwise    18 of   627 conformers.    4 seconds
   Doing pairwise    19 of   627 conformers.    3 seconds
   Doing pairwise    20 of   627 conformers.    3 seconds
   Doing pairwise    21 of   627 conformers.    0 seconds
   Doing pairwise    22 of   627 conformers.    4 seconds
   Doing pairwise    23 of   627 conformers.    3 seconds
   Doing pairwise    24 of   627 conformers.    4 seconds
   Doing pairwise    25 of   627 conformers.    3 seconds
   Doing pairwise    26 of   627 conformers.    3 seconds
   Doing pairwise    27 of   627 conformers.    4 seconds
   Doing pairwise    28 of   627 conformers.    0 seconds
   Doing pairwise    29 of   627 conformers.    3 seconds
   Doing pairwise    30 of   627 conformers.    4 seconds
   Doing pairwise    31 of   627 conformers.    3 seconds
   Doing pairwise    32 of   627 conformers.    4 seconds
   Doing pairwise    33 of   627 conformers.    3 seconds
   Doing pairwise    34 of   627 conformers.    4 seconds
   Doing pairwise    35 of   627 conformers.    3 seconds
   Doing pairwise    36 of   627 conformers.    0 seconds
   Doing pairwise    37 of   627 conformers.    0 seconds
   Doing pairwise    38 of   627 conformers.    4 seconds
   Doing pairwise    39 of   627 conformers.    3 seconds
   Doing pairwise    40 of   627 conformers.    4 seconds
   Doing pairwise    41 of   627 conformers.    3 seconds
   Doing pairwise    42 of   627 conformers.    4 seconds
   Doing pairwise    43 of   627 conformers.    3 seconds
   Doing pairwise    44 of   627 conformers.    3 seconds
   Doing pairwise    45 of   627 conformers.    3 seconds
   Doing pairwise    46 of   627 conformers.    0 seconds
   Doing pairwise    47 of   627 conformers.    4 seconds
   Doing pairwise    48 of   627 conformers.    0 seconds
   Doing pairwise    49 of   627 conformers.    0 seconds
   Doing pairwise    50 of   627 conformers.    3 seconds
   Doing pairwise    51 of   627 conformers.    4 seconds
   Doing pairwise    52 of   627 conformers.    4 seconds
   Doing pairwise    53 of   627 conformers.    3 seconds
   Doing pairwise    54 of   627 conformers.    4 seconds
   Doing pairwise    55 of   627 conformers.    0 seconds
   Doing pairwise    56 of   627 conformers.    4 seconds
   Doing pairwise    57 of   627 conformers.    4 seconds
   Doing pairwise    58 of   627 conformers.    4 seconds
   Doing pairwise    59 of   627 conformers.    3 seconds
   Doing pairwise    60 of   627 conformers.    4 seconds
   Doing pairwise    61 of   627 conformers.    4 seconds
   Doing pairwise    62 of   627 conformers.    0 seconds
   Doing pairwise    63 of   627 conformers.    0 seconds
   Doing pairwise    64 of   627 conformers.    3 seconds
   Doing pairwise    65 of   627 conformers.    4 seconds
   Doing pairwise    66 of   627 conformers.    4 seconds
   Doing pairwise    67 of   627 conformers.    3 seconds
   Doing pairwise    68 of   627 conformers.    4 seconds
   Doing pairwise    69 of   627 conformers.    0 seconds
   Doing pairwise    70 of   627 conformers.    3 seconds
   Doing pairwise    71 of   627 conformers.    4 seconds
   Doing pairwise    72 of   627 conformers.    4 seconds
   Doing pairwise    73 of   627 conformers.    3 seconds
   Doing pairwise    74 of   627 conformers.    4 seconds
   Doing pairwise    75 of   627 conformers.    4 seconds
   Doing pairwise    76 of   627 conformers.    3 seconds
   Doing pairwise    77 of   627 conformers.    4 seconds
   Doing pairwise    78 of   627 conformers.    3 seconds
   Doing pairwise    79 of   627 conformers.    4 seconds
   Doing pairwise    80 of   627 conformers.    0 seconds
   Doing pairwise    81 of   627 conformers.    3 seconds
   Doing pairwise    82 of   627 conformers.    3 seconds
   Doing pairwise    83 of   627 conformers.    0 seconds
   Doing pairwise    84 of   627 conformers.    3 seconds
   Doing pairwise    85 of   627 conformers.    3 seconds
   Doing pairwise    86 of   627 conformers.    4 seconds
   Doing pairwise    87 of   627 conformers.    3 seconds
   Doing pairwise    88 of   627 conformers.    3 seconds
   Doing pairwise    89 of   627 conformers.    3 seconds
   Doing pairwise    90 of   627 conformers.    0 seconds
   Doing pairwise    91 of   627 conformers.    3 seconds
   Doing pairwise    92 of   627 conformers.    0 seconds
   Doing pairwise    93 of   627 conformers.    0 seconds
   Doing pairwise    94 of   627 conformers.    4 seconds
   Doing pairwise    95 of   627 conformers.    3 seconds
   Doing pairwise    96 of   627 conformers.    0 seconds
   Doing pairwise    97 of   627 conformers.    0 seconds
   Doing pairwise    98 of   627 conformers.    1 seconds
   Doing pairwise    99 of   627 conformers.    4 seconds
   Doing pairwise   100 of   627 conformers.    4 seconds
   Doing pairwise   101 of   627 conformers.    4 seconds
   Doing pairwise   102 of   627 conformers.    3 seconds
   Doing pairwise   103 of   627 conformers.    4 seconds
   Doing pairwise   104 of   627 conformers.    0 seconds
   Doing pairwise   105 of   627 conformers.    0 seconds
   Doing pairwise   106 of   627 conformers.    3 seconds
   Doing pairwise   107 of   627 conformers.    4 seconds
   Doing pairwise   108 of   627 conformers.    3 seconds
   Doing pairwise   109 of   627 conformers.    4 seconds
   Doing pairwise   110 of   627 conformers.    3 seconds
   Doing pairwise   111 of   627 conformers.    0 seconds
   Doing pairwise   112 of   627 conformers.    4 seconds
   Doing pairwise   113 of   627 conformers.    3 seconds
   Doing pairwise   114 of   627 conformers.    4 seconds
   Doing pairwise   115 of   627 conformers.    3 seconds
   Doing pairwise   116 of   627 conformers.    4 seconds
   Doing pairwise   117 of   627 conformers.    3 seconds
   Doing pairwise   118 of   627 conformers.    4 seconds
   Doing pairwise   119 of   627 conformers.    4 seconds
   Doing pairwise   120 of   627 conformers.    3 seconds
   Doing pairwise   121 of   627 conformers.    3 seconds
   Doing pairwise   122 of   627 conformers.    4 seconds
   Doing pairwise   123 of   627 conformers.    4 seconds
   Doing pairwise   124 of   627 conformers.    3 seconds
   Doing pairwise   125 of   627 conformers.    4 seconds
   Doing pairwise   126 of   627 conformers.    4 seconds
   Doing pairwise   127 of   627 conformers.    4 seconds
   Doing pairwise   128 of   627 conformers.    3 seconds
   Doing pairwise   129 of   627 conformers.    4 seconds
   Doing pairwise   130 of   627 conformers.    4 seconds
   Doing pairwise   131 of   627 conformers.    4 seconds
   Doing pairwise   132 of   627 conformers.    3 seconds
   Doing pairwise   133 of   627 conformers.    4 seconds
   Doing pairwise   134 of   627 conformers.    4 seconds
   Doing pairwise   135 of   627 conformers.    0 seconds
   Doing pairwise   136 of   627 conformers.    4 seconds
   Doing pairwise   137 of   627 conformers.    4 seconds
   Doing pairwise   138 of   627 conformers.    4 seconds
   Doing pairwise   139 of   627 conformers.    4 seconds
   Doing pairwise   140 of   627 conformers.    4 seconds
   Doing pairwise   141 of   627 conformers.    0 seconds
   Doing pairwise   142 of   627 conformers.    0 seconds
   Doing pairwise   143 of   627 conformers.    4 seconds
   Doing pairwise   144 of   627 conformers.    4 seconds
   Doing pairwise   145 of   627 conformers.    4 seconds
   Doing pairwise   146 of   627 conformers.    4 seconds
   Doing pairwise   147 of   627 conformers.    5 seconds
   Doing pairwise   148 of   627 conformers.    4 seconds
   Doing pairwise   149 of   627 conformers.    0 seconds
   Doing pairwise   150 of   627 conformers.    0 seconds
   Doing pairwise   151 of   627 conformers.    0 seconds
   Doing pairwise   152 of   627 conformers.    0 seconds
   Doing pairwise   153 of   627 conformers.    4 seconds
   Doing pairwise   154 of   627 conformers.    4 seconds
   Doing pairwise   155 of   627 conformers.    4 seconds
   Doing pairwise   156 of   627 conformers.    4 seconds
   Doing pairwise   157 of   627 conformers.    0 seconds
   Doing pairwise   158 of   627 conformers.    4 seconds
   Doing pairwise   159 of   627 conformers.    4 seconds
   Doing pairwise   160 of   627 conformers.    4 seconds
   Doing pairwise   161 of   627 conformers.    4 seconds
   Doing pairwise   162 of   627 conformers.    4 seconds
   Doing pairwise   163 of   627 conformers.    4 seconds
   Doing pairwise   164 of   627 conformers.    4 seconds
   Doing pairwise   165 of   627 conformers.    4 seconds
   Doing pairwise   166 of   627 conformers.    0 seconds
   Doing pairwise   167 of   627 conformers.    0 seconds
   Doing pairwise   168 of   627 conformers.    4 seconds
   Doing pairwise   169 of   627 conformers.    4 seconds
   Doing pairwise   170 of   627 conformers.    4 seconds
   Doing pairwise   171 of   627 conformers.    4 seconds
   Doing pairwise   172 of   627 conformers.    4 seconds
   Doing pairwise   173 of   627 conformers.    4 seconds
   Doing pairwise   174 of   627 conformers.    4 seconds
   Doing pairwise   175 of   627 conformers.    5 seconds
   Doing pairwise   176 of   627 conformers.    4 seconds
   Doing pairwise   177 of   627 conformers.    0 seconds
   Doing pairwise   178 of   627 conformers.    0 seconds
   Doing pairwise   179 of   627 conformers.    3 seconds
   Doing pairwise   180 of   627 conformers.    4 seconds
   Doing pairwise   181 of   627 conformers.    4 seconds
   Doing pairwise   182 of   627 conformers.    0 seconds
   Doing pairwise   183 of   627 conformers.    4 seconds
   Doing pairwise   184 of   627 conformers.    3 seconds
   Doing pairwise   185 of   627 conformers.    4 seconds
   Doing pairwise   186 of   627 conformers.    0 seconds
   Doing pairwise   187 of   627 conformers.    0 seconds
   Doing pairwise   188 of   627 conformers.    3 seconds
   Doing pairwise   189 of   627 conformers.    4 seconds
   Doing pairwise   190 of   627 conformers.    4 seconds
   Doing pairwise   191 of   627 conformers.    4 seconds
   Doing pairwise   192 of   627 conformers.    3 seconds
   Doing pairwise   193 of   627 conformers.    0 seconds
   Doing pairwise   194 of   627 conformers.    0 seconds
   Doing pairwise   195 of   627 conformers.    0 seconds
   Doing pairwise   196 of   627 conformers.    5 seconds
   Doing pairwise   197 of   627 conformers.    4 seconds
   Doing pairwise   198 of   627 conformers.    4 seconds
   Doing pairwise   199 of   627 conformers.    4 seconds
   Doing pairwise   200 of   627 conformers.    4 seconds
   Doing pairwise   201 of   627 conformers.    4 seconds
   Doing pairwise   202 of   627 conformers.    0 seconds
   Doing pairwise   203 of   627 conformers.    4 seconds
   Doing pairwise   204 of   627 conformers.    0 seconds
   Doing pairwise   205 of   627 conformers.    4 seconds
   Doing pairwise   206 of   627 conformers.    5 seconds
   Doing pairwise   207 of   627 conformers.    4 seconds
   Doing pairwise   208 of   627 conformers.    4 seconds
   Doing pairwise   209 of   627 conformers.    4 seconds
   Doing pairwise   210 of   627 conformers.    0 seconds
   Doing pairwise   211 of   627 conformers.    4 seconds
   Doing pairwise   212 of   627 conformers.    4 seconds
   Doing pairwise   213 of   627 conformers.    4 seconds
   Doing pairwise   214 of   627 conformers.    4 seconds
   Doing pairwise   215 of   627 conformers.    4 seconds
   Doing pairwise   216 of   627 conformers.    0 seconds
   Doing pairwise   217 of   627 conformers.    0 seconds
   Doing pairwise   218 of   627 conformers.    4 seconds
   Doing pairwise   219 of   627 conformers.    4 seconds
   Doing pairwise   220 of   627 conformers.    4 seconds
   Doing pairwise   221 of   627 conformers.    4 seconds
   Doing pairwise   222 of   627 conformers.    4 seconds
   Doing pairwise   223 of   627 conformers.    4 seconds
   Doing pairwise   224 of   627 conformers.    4 seconds
   Doing pairwise   225 of   627 conformers.    4 seconds
   Doing pairwise   226 of   627 conformers.    4 seconds
   Doing pairwise   227 of   627 conformers.    4 seconds
   Doing pairwise   228 of   627 conformers.    4 seconds
   Doing pairwise   229 of   627 conformers.    4 seconds
   Doing pairwise   230 of   627 conformers.    4 seconds
   Doing pairwise   231 of   627 conformers.    3 seconds
   Doing pairwise   232 of   627 conformers.    4 seconds
   Doing pairwise   233 of   627 conformers.    4 seconds
   Doing pairwise   234 of   627 conformers.    0 seconds
   Doing pairwise   235 of   627 conformers.    4 seconds
   Doing pairwise   236 of   627 conformers.    3 seconds
   Doing pairwise   237 of   627 conformers.    4 seconds
   Doing pairwise   238 of   627 conformers.    3 seconds
   Doing pairwise   239 of   627 conformers.    0 seconds
   Doing pairwise   240 of   627 conformers.    3 seconds
   Doing pairwise   241 of   627 conformers.    4 seconds
   Doing pairwise   242 of   627 conformers.    0 seconds
   Doing pairwise   243 of   627 conformers.    4 seconds
   Doing pairwise   244 of   627 conformers.    3 seconds
   Doing pairwise   245 of   627 conformers.    4 seconds
   Doing pairwise   246 of   627 conformers.    0 seconds
   Doing pairwise   247 of   627 conformers.    0 seconds
   Doing pairwise   248 of   627 conformers.    4 seconds
   Doing pairwise   249 of   627 conformers.    0 seconds
   Doing pairwise   250 of   627 conformers.    4 seconds
   Doing pairwise   251 of   627 conformers.    4 seconds
   Doing pairwise   252 of   627 conformers.    3 seconds
   Doing pairwise   253 of   627 conformers.    4 seconds
   Doing pairwise   254 of   627 conformers.    4 seconds
   Doing pairwise   255 of   627 conformers.    0 seconds
   Doing pairwise   256 of   627 conformers.    0 seconds
   Doing pairwise   257 of   627 conformers.    4 seconds
   Doing pairwise   258 of   627 conformers.    4 seconds
   Doing pairwise   259 of   627 conformers.    4 seconds
   Doing pairwise   260 of   627 conformers.    4 seconds
   Doing pairwise   261 of   627 conformers.    4 seconds
   Doing pairwise   262 of   627 conformers.    4 seconds
   Doing pairwise   263 of   627 conformers.    0 seconds
   Doing pairwise   264 of   627 conformers.    0 seconds
   Doing pairwise   265 of   627 conformers.    4 seconds
   Doing pairwise   266 of   627 conformers.    4 seconds
   Doing pairwise   267 of   627 conformers.    4 seconds
   Doing pairwise   268 of   627 conformers.    4 seconds
   Doing pairwise   269 of   627 conformers.    4 seconds
   Doing pairwise   270 of   627 conformers.    4 seconds
   Doing pairwise   271 of   627 conformers.    4 seconds
   Doing pairwise   272 of   627 conformers.    5 seconds
   Doing pairwise   273 of   627 conformers.    4 seconds
   Doing pairwise   274 of   627 conformers.    4 seconds
   Doing pairwise   275 of   627 conformers.    4 seconds
   Doing pairwise   276 of   627 conformers.    0 seconds
   Doing pairwise   277 of   627 conformers.    0 seconds
   Doing pairwise   278 of   627 conformers.    4 seconds
   Doing pairwise   279 of   627 conformers.    4 seconds
   Doing pairwise   280 of   627 conformers.    4 seconds
   Doing pairwise   281 of   627 conformers.    4 seconds
   Doing pairwise   282 of   627 conformers.    4 seconds
   Doing pairwise   283 of   627 conformers.    4 seconds
   Doing pairwise   284 of   627 conformers.    5 seconds
   Doing pairwise   285 of   627 conformers.    4 seconds
   Doing pairwise   286 of   627 conformers.    4 seconds
   Doing pairwise   287 of   627 conformers.    4 seconds
   Doing pairwise   288 of   627 conformers.    4 seconds
   Doing pairwise   289 of   627 conformers.    4 seconds
   Doing pairwise   290 of   627 conformers.    0 seconds
   Doing pairwise   291 of   627 conformers.    4 seconds
   Doing pairwise   292 of   627 conformers.    4 seconds
   Doing pairwise   293 of   627 conformers.    4 seconds
   Doing pairwise   294 of   627 conformers.    4 seconds
   Doing pairwise   295 of   627 conformers.    4 seconds
   Doing pairwise   296 of   627 conformers.    4 seconds
   Doing pairwise   297 of   627 conformers.    3 seconds
   Doing pairwise   298 of   627 conformers.    4 seconds
   Doing pairwise   299 of   627 conformers.    4 seconds
   Doing pairwise   300 of   627 conformers.    4 seconds
   Doing pairwise   301 of   627 conformers.    4 seconds
   Doing pairwise   302 of   627 conformers.    4 seconds
   Doing pairwise   303 of   627 conformers.    3 seconds
   Doing pairwise   304 of   627 conformers.    4 seconds
   Doing pairwise   305 of   627 conformers.    4 seconds
   Doing pairwise   306 of   627 conformers.    4 seconds
   Doing pairwise   307 of   627 conformers.    4 seconds
   Doing pairwise   308 of   627 conformers.    3 seconds
   Doing pairwise   309 of   627 conformers.    0 seconds
   Doing pairwise   310 of   627 conformers.    0 seconds
   Doing pairwise   311 of   627 conformers.    5 seconds
   Doing pairwise   312 of   627 conformers.    5 seconds
   Doing pairwise   313 of   627 conformers.    4 seconds
   Doing pairwise   314 of   627 conformers.    5 seconds
   Doing pairwise   315 of   627 conformers.    4 seconds
   Doing pairwise   316 of   627 conformers.    4 seconds
   Doing pairwise   317 of   627 conformers.    4 seconds
   Doing pairwise   318 of   627 conformers.    4 seconds
   Doing pairwise   319 of   627 conformers.    5 seconds
   Doing pairwise   320 of   627 conformers.    4 seconds
   Doing pairwise   321 of   627 conformers.    5 seconds
   Doing pairwise   322 of   627 conformers.    4 seconds
   Doing pairwise   323 of   627 conformers.    0 seconds
   Doing pairwise   324 of   627 conformers.    0 seconds
   Doing pairwise   325 of   627 conformers.    0 seconds
   Doing pairwise   326 of   627 conformers.    4 seconds
   Doing pairwise   327 of   627 conformers.    5 seconds
   Doing pairwise   328 of   627 conformers.    4 seconds
   Doing pairwise   329 of   627 conformers.    4 seconds
   Doing pairwise   330 of   627 conformers.    5 seconds
   Doing pairwise   331 of   627 conformers.    4 seconds
   Doing pairwise   332 of   627 conformers.    4 seconds
   Doing pairwise   333 of   627 conformers.    5 seconds
   Doing pairwise   334 of   627 conformers.    4 seconds
   Doing pairwise   335 of   627 conformers.    5 seconds
   Doing pairwise   336 of   627 conformers.    4 seconds
   Doing pairwise   337 of   627 conformers.    0 seconds
   Doing pairwise   338 of   627 conformers.    0 seconds
   Doing pairwise   339 of   627 conformers.    4 seconds
   Doing pairwise   340 of   627 conformers.    4 seconds
   Doing pairwise   341 of   627 conformers.    4 seconds
   Doing pairwise   342 of   627 conformers.    4 seconds
   Doing pairwise   343 of   627 conformers.    4 seconds
   Doing pairwise   344 of   627 conformers.    4 seconds
   Doing pairwise   345 of   627 conformers.    0 seconds
   Doing pairwise   346 of   627 conformers.    0 seconds
   Doing pairwise   347 of   627 conformers.    4 seconds
   Doing pairwise   348 of   627 conformers.    4 seconds
   Doing pairwise   349 of   627 conformers.    4 seconds
   Doing pairwise   350 of   627 conformers.    4 seconds
   Doing pairwise   351 of   627 conformers.    4 seconds
   Doing pairwise   352 of   627 conformers.    4 seconds
   Doing pairwise   353 of   627 conformers.    0 seconds
   Doing pairwise   354 of   627 conformers.    0 seconds
   Doing pairwise   355 of   627 conformers.    4 seconds
   Doing pairwise   356 of   627 conformers.    4 seconds
   Doing pairwise   357 of   627 conformers.    0 seconds
   Doing pairwise   358 of   627 conformers.    0 seconds
   Doing pairwise   359 of   627 conformers.    5 seconds
   Doing pairwise   360 of   627 conformers.    4 seconds
   Doing pairwise   361 of   627 conformers.    4 seconds
   Doing pairwise   362 of   627 conformers.    5 seconds
   Doing pairwise   363 of   627 conformers.    4 seconds
   Doing pairwise   364 of   627 conformers.    0 seconds
   Doing pairwise   365 of   627 conformers.    4 seconds
   Doing pairwise   366 of   627 conformers.    0 seconds
   Doing pairwise   367 of   627 conformers.    5 seconds
   Doing pairwise   368 of   627 conformers.    4 seconds
   Doing pairwise   369 of   627 conformers.    4 seconds
   Doing pairwise   370 of   627 conformers.    4 seconds
   Doing pairwise   371 of   627 conformers.    5 seconds
   Doing pairwise   372 of   627 conformers.    4 seconds
   Doing pairwise   373 of   627 conformers.    4 seconds
   Doing pairwise   374 of   627 conformers.    4 seconds
   Doing pairwise   375 of   627 conformers.    4 seconds
   Doing pairwise   376 of   627 conformers.    4 seconds
   Doing pairwise   377 of   627 conformers.    5 seconds
   Doing pairwise   378 of   627 conformers.    0 seconds
   Doing pairwise   379 of   627 conformers.    4 seconds
   Doing pairwise   380 of   627 conformers.    4 seconds
   Doing pairwise   381 of   627 conformers.    4 seconds
   Doing pairwise   382 of   627 conformers.    4 seconds
   Doing pairwise   383 of   627 conformers.    3 seconds
   Doing pairwise   384 of   627 conformers.    4 seconds
   Doing pairwise   385 of   627 conformers.    4 seconds
   Doing pairwise   386 of   627 conformers.    0 seconds
   Doing pairwise   387 of   627 conformers.    4 seconds
   Doing pairwise   388 of   627 conformers.    4 seconds
   Doing pairwise   389 of   627 conformers.    3 seconds
   Doing pairwise   390 of   627 conformers.    4 seconds
   Doing pairwise   391 of   627 conformers.    3 seconds
   Doing pairwise   392 of   627 conformers.    4 seconds
   Doing pairwise   393 of   627 conformers.    4 seconds
   Doing pairwise   394 of   627 conformers.    4 seconds
   Doing pairwise   395 of   627 conformers.    3 seconds
   Doing pairwise   396 of   627 conformers.    4 seconds
   Doing pairwise   397 of   627 conformers.    4 seconds
   Doing pairwise   398 of   627 conformers.    4 seconds
   Doing pairwise   399 of   627 conformers.    4 seconds
   Doing pairwise   400 of   627 conformers.    3 seconds
   Doing pairwise   401 of   627 conformers.    4 seconds
   Doing pairwise   402 of   627 conformers.    4 seconds
   Doing pairwise   403 of   627 conformers.    0 seconds
   Doing pairwise   404 of   627 conformers.    4 seconds
   Doing pairwise   405 of   627 conformers.    0 seconds
   Doing pairwise   406 of   627 conformers.    0 seconds
   Doing pairwise   407 of   627 conformers.    0 seconds
   Doing pairwise   408 of   627 conformers.    4 seconds
   Doing pairwise   409 of   627 conformers.    4 seconds
   Doing pairwise   410 of   627 conformers.    0 seconds
   Doing pairwise   411 of   627 conformers.    4 seconds
   Doing pairwise   412 of   627 conformers.    0 seconds
   Doing pairwise   413 of   627 conformers.    0 seconds
   Doing pairwise   414 of   627 conformers.    4 seconds
   Doing pairwise   415 of   627 conformers.    4 seconds
   Doing pairwise   416 of   627 conformers.    4 seconds
   Doing pairwise   417 of   627 conformers.    4 seconds
   Doing pairwise   418 of   627 conformers.    4 seconds
   Doing pairwise   419 of   627 conformers.    0 seconds
   Doing pairwise   420 of   627 conformers.    0 seconds
   Doing pairwise   421 of   627 conformers.    3 seconds
   Doing pairwise   422 of   627 conformers.    4 seconds
   Doing pairwise   423 of   627 conformers.    4 seconds
   Doing pairwise   424 of   627 conformers.    3 seconds
   Doing pairwise   425 of   627 conformers.    4 seconds
   Doing pairwise   426 of   627 conformers.    3 seconds
   Doing pairwise   427 of   627 conformers.    0 seconds
   Doing pairwise   428 of   627 conformers.    0 seconds
   Doing pairwise   429 of   627 conformers.    4 seconds
   Doing pairwise   430 of   627 conformers.    4 seconds
   Doing pairwise   431 of   627 conformers.    4 seconds
   Doing pairwise   432 of   627 conformers.    4 seconds
   Doing pairwise   433 of   627 conformers.    4 seconds
   Doing pairwise   434 of   627 conformers.    4 seconds
   Doing pairwise   435 of   627 conformers.    4 seconds
   Doing pairwise   436 of   627 conformers.    4 seconds
   Doing pairwise   437 of   627 conformers.    4 seconds
   Doing pairwise   438 of   627 conformers.    5 seconds
   Doing pairwise   439 of   627 conformers.    4 seconds
   Doing pairwise   440 of   627 conformers.    5 seconds
   Doing pairwise   441 of   627 conformers.    4 seconds
   Doing pairwise   442 of   627 conformers.    4 seconds
   Doing pairwise   443 of   627 conformers.    4 seconds
   Doing pairwise   444 of   627 conformers.    4 seconds
   Doing pairwise   445 of   627 conformers.    0 seconds
   Doing pairwise   446 of   627 conformers.    4 seconds
   Doing pairwise   447 of   627 conformers.    5 seconds
   Doing pairwise   448 of   627 conformers.    0 seconds
   Doing pairwise   449 of   627 conformers.    0 seconds
   Doing pairwise   450 of   627 conformers.    0 seconds
   Doing pairwise   451 of   627 conformers.    0 seconds
   Doing pairwise   452 of   627 conformers.    0 seconds
   Doing pairwise   453 of   627 conformers.    4 seconds
   Doing pairwise   454 of   627 conformers.    5 seconds
   Doing pairwise   455 of   627 conformers.    4 seconds
   Doing pairwise   456 of   627 conformers.    4 seconds
   Doing pairwise   457 of   627 conformers.    4 seconds
   Doing pairwise   458 of   627 conformers.    0 seconds
   Doing pairwise   459 of   627 conformers.    0 seconds
   Doing pairwise   460 of   627 conformers.    4 seconds
   Doing pairwise   461 of   627 conformers.    1 seconds
   Doing pairwise   462 of   627 conformers.    3 seconds
   Doing pairwise   463 of   627 conformers.    4 seconds
   Doing pairwise   464 of   627 conformers.    4 seconds
   Doing pairwise   465 of   627 conformers.    4 seconds
   Doing pairwise   466 of   627 conformers.    0 seconds
   Doing pairwise   467 of   627 conformers.    4 seconds
   Doing pairwise   468 of   627 conformers.    4 seconds
   Doing pairwise   469 of   627 conformers.    0 seconds
   Doing pairwise   470 of   627 conformers.    4 seconds
   Doing pairwise   471 of   627 conformers.    3 seconds
   Doing pairwise   472 of   627 conformers.    4 seconds
   Doing pairwise   473 of   627 conformers.    4 seconds
   Doing pairwise   474 of   627 conformers.    3 seconds
   Doing pairwise   475 of   627 conformers.    4 seconds
   Doing pairwise   476 of   627 conformers.    4 seconds
   Doing pairwise   477 of   627 conformers.    4 seconds
   Doing pairwise   478 of   627 conformers.    3 seconds
   Doing pairwise   479 of   627 conformers.    4 seconds
   Doing pairwise   480 of   627 conformers.    4 seconds
   Doing pairwise   481 of   627 conformers.    3 seconds
   Doing pairwise   482 of   627 conformers.    4 seconds
   Doing pairwise   483 of   627 conformers.    3 seconds
   Doing pairwise   484 of   627 conformers.    4 seconds
   Doing pairwise   485 of   627 conformers.    0 seconds
   Doing pairwise   486 of   627 conformers.    0 seconds
   Doing pairwise   487 of   627 conformers.    3 seconds
   Doing pairwise   488 of   627 conformers.    4 seconds
   Doing pairwise   489 of   627 conformers.    3 seconds
   Doing pairwise   490 of   627 conformers.    4 seconds
   Doing pairwise   491 of   627 conformers.    3 seconds
   Doing pairwise   492 of   627 conformers.    0 seconds
   Doing pairwise   493 of   627 conformers.    0 seconds
   Doing pairwise   494 of   627 conformers.    4 seconds
   Doing pairwise   495 of   627 conformers.    4 seconds
   Doing pairwise   496 of   627 conformers.    3 seconds
   Doing pairwise   497 of   627 conformers.    4 seconds
   Doing pairwise   498 of   627 conformers.    4 seconds
   Doing pairwise   499 of   627 conformers.    4 seconds
   Doing pairwise   500 of   627 conformers.    4 seconds
   Doing pairwise   501 of   627 conformers.    4 seconds
   Doing pairwise   502 of   627 conformers.    3 seconds
   Doing pairwise   503 of   627 conformers.    4 seconds
   Doing pairwise   504 of   627 conformers.    4 seconds
   Doing pairwise   505 of   627 conformers.    4 seconds
   Doing pairwise   506 of   627 conformers.    4 seconds
   Doing pairwise   507 of   627 conformers.    3 seconds
   Doing pairwise   508 of   627 conformers.    4 seconds
   Doing pairwise   509 of   627 conformers.    0 seconds
   Doing pairwise   510 of   627 conformers.    0 seconds
   Doing pairwise   511 of   627 conformers.    4 seconds
   Doing pairwise   512 of   627 conformers.    3 seconds
   Doing pairwise   513 of   627 conformers.    4 seconds
   Doing pairwise   514 of   627 conformers.    4 seconds
   Doing pairwise   515 of   627 conformers.    3 seconds
   Doing pairwise   516 of   627 conformers.    4 seconds
   Doing pairwise   517 of   627 conformers.    4 seconds
   Doing pairwise   518 of   627 conformers.    4 seconds
   Doing pairwise   519 of   627 conformers.    0 seconds
   Doing pairwise   520 of   627 conformers.    0 seconds
   Doing pairwise   521 of   627 conformers.    0 seconds
   Doing pairwise   522 of   627 conformers.    4 seconds
   Doing pairwise   523 of   627 conformers.    4 seconds
   Doing pairwise   524 of   627 conformers.    4 seconds
   Doing pairwise   525 of   627 conformers.    4 seconds
   Doing pairwise   526 of   627 conformers.    3 seconds
   Doing pairwise   527 of   627 conformers.    4 seconds
   Doing pairwise   528 of   627 conformers.    4 seconds
   Doing pairwise   529 of   627 conformers.    0 seconds
   Doing pairwise   530 of   627 conformers.    4 seconds
   Doing pairwise   531 of   627 conformers.    4 seconds
   Doing pairwise   532 of   627 conformers.    3 seconds
   Doing pairwise   533 of   627 conformers.    4 seconds
   Doing pairwise   534 of   627 conformers.    4 seconds
   Doing pairwise   535 of   627 conformers.    4 seconds
   Doing pairwise   536 of   627 conformers.    4 seconds
   Doing pairwise   537 of   627 conformers.    5 seconds
   Doing pairwise   538 of   627 conformers.    4 seconds
   Doing pairwise   539 of   627 conformers.    0 seconds
   Doing pairwise   540 of   627 conformers.    4 seconds
   Doing pairwise   541 of   627 conformers.    3 seconds
   Doing pairwise   542 of   627 conformers.    4 seconds
   Doing pairwise   543 of   627 conformers.    4 seconds
   Doing pairwise   544 of   627 conformers.    3 seconds
   Doing pairwise   545 of   627 conformers.    4 seconds
   Doing pairwise   546 of   627 conformers.    4 seconds
   Doing pairwise   547 of   627 conformers.    4 seconds
   Doing pairwise   548 of   627 conformers.    3 seconds
   Doing pairwise   549 of   627 conformers.    4 seconds
   Doing pairwise   550 of   627 conformers.    0 seconds
   Doing pairwise   551 of   627 conformers.    3 seconds
   Doing pairwise   552 of   627 conformers.    4 seconds
   Doing pairwise   553 of   627 conformers.    4 seconds
   Doing pairwise   554 of   627 conformers.    3 seconds
   Doing pairwise   555 of   627 conformers.    4 seconds
   Doing pairwise   556 of   627 conformers.    4 seconds
   Doing pairwise   557 of   627 conformers.    3 seconds
   Doing pairwise   558 of   627 conformers.    4 seconds
   Doing pairwise   559 of   627 conformers.    4 seconds
   Doing pairwise   560 of   627 conformers.    3 seconds
   Doing pairwise   561 of   627 conformers.    4 seconds
   Doing pairwise   562 of   627 conformers.    4 seconds
   Doing pairwise   563 of   627 conformers.    4 seconds
   Doing pairwise   564 of   627 conformers.    4 seconds
   Doing pairwise   565 of   627 conformers.    4 seconds
   Doing pairwise   566 of   627 conformers.    4 seconds
   Doing pairwise   567 of   627 conformers.    0 seconds
   Doing pairwise   568 of   627 conformers.    4 seconds
   Doing pairwise   569 of   627 conformers.    0 seconds
   Doing pairwise   570 of   627 conformers.    0 seconds
   Doing pairwise   571 of   627 conformers.    0 seconds
   Doing pairwise   572 of   627 conformers.    0 seconds
   Doing pairwise   573 of   627 conformers.    0 seconds
   Doing pairwise   574 of   627 conformers.    4 seconds
   Doing pairwise   575 of   627 conformers.    4 seconds
   Doing pairwise   576 of   627 conformers.    3 seconds
   Doing pairwise   577 of   627 conformers.    4 seconds
   Doing pairwise   578 of   627 conformers.    4 seconds
   Doing pairwise   579 of   627 conformers.    4 seconds
   Doing pairwise   580 of   627 conformers.    3 seconds
   Doing pairwise   581 of   627 conformers.    4 seconds
   Doing pairwise   582 of   627 conformers.    4 seconds
   Doing pairwise   583 of   627 conformers.    0 seconds
   Doing pairwise   584 of   627 conformers.    4 seconds
   Doing pairwise   585 of   627 conformers.    4 seconds
   Doing pairwise   586 of   627 conformers.    4 seconds
   Doing pairwise   587 of   627 conformers.    3 seconds
   Doing pairwise   588 of   627 conformers.    4 seconds
   Doing pairwise   589 of   627 conformers.    4 seconds
   Doing pairwise   590 of   627 conformers.    3 seconds
   Doing pairwise   591 of   627 conformers.    4 seconds
   Doing pairwise   592 of   627 conformers.    4 seconds
   Doing pairwise   593 of   627 conformers.    3 seconds
   Doing pairwise   594 of   627 conformers.    4 seconds
   Doing pairwise   595 of   627 conformers.    4 seconds
   Doing pairwise   596 of   627 conformers.    4 seconds
   Doing pairwise   597 of   627 conformers.    4 seconds
   Doing pairwise   598 of   627 conformers.    4 seconds
   Doing pairwise   599 of   627 conformers.    3 seconds
   Doing pairwise   600 of   627 conformers.    4 seconds
   Doing pairwise   601 of   627 conformers.    3 seconds
   Doing pairwise   602 of   627 conformers.    4 seconds
   Doing pairwise   603 of   627 conformers.    3 seconds
   Doing pairwise   604 of   627 conformers.    4 seconds
   Doing pairwise   605 of   627 conformers.    3 seconds
   Doing pairwise   606 of   627 conformers.    0 seconds
   Doing pairwise   607 of   627 conformers.    4 seconds
   Doing pairwise   608 of   627 conformers.    3 seconds
   Doing pairwise   609 of   627 conformers.    4 seconds
   Doing pairwise   610 of   627 conformers.    3 seconds
   Doing pairwise   611 of   627 conformers.    3 seconds
   Doing pairwise   612 of   627 conformers.    0 seconds
   Doing pairwise   613 of   627 conformers.    0 seconds
   Doing pairwise   614 of   627 conformers.    4 seconds
   Doing pairwise   615 of   627 conformers.    3 seconds
   Doing pairwise   616 of   627 conformers.    4 seconds
   Doing pairwise   617 of   627 conformers.    0 seconds
   Doing pairwise   618 of   627 conformers.    0 seconds
   Doing pairwise   619 of   627 conformers.    0 seconds
   Doing pairwise   620 of   627 conformers.    0 seconds
   Doing pairwise   621 of   627 conformers.    4 seconds
   Doing pairwise   622 of   627 conformers.    3 seconds
   Doing pairwise   623 of   627 conformers.    4 seconds
   Doing pairwise   624 of   627 conformers.    4 seconds
   Doing pairwise   625 of   627 conformers.    3 seconds
   Doing pairwise   626 of   627 conformers.    3 seconds
   Doing pairwise   627 of   627 conformers.    4 seconds
   Doing rxn     1 of   627 conformers.    3 seconds
   Doing rxn     2 of   627 conformers.    4 seconds
   Doing rxn     3 of   627 conformers.    0 seconds
   Doing rxn     4 of   627 conformers.    3 seconds
   Doing rxn     5 of   627 conformers.    4 seconds
   Doing rxn     6 of   627 conformers.    4 seconds
   Doing rxn     7 of   627 conformers.    4 seconds
   Doing rxn     8 of   627 conformers.    4 seconds
   Doing rxn     9 of   627 conformers.    4 seconds
   Doing rxn    10 of   627 conformers.    4 seconds
   Doing rxn    11 of   627 conformers.    3 seconds
   Doing rxn    12 of   627 conformers.    0 seconds
   Doing rxn    13 of   627 conformers.    0 seconds
   Doing rxn    14 of   627 conformers.    4 seconds
   Doing rxn    15 of   627 conformers.    3 seconds
   Doing rxn    16 of   627 conformers.    4 seconds
   Doing rxn    17 of   627 conformers.    4 seconds
   Doing rxn    18 of   627 conformers.    4 seconds
   Doing rxn    19 of   627 conformers.    3 seconds
   Doing rxn    20 of   627 conformers.    4 seconds
   Doing rxn    21 of   627 conformers.    0 seconds
   Doing rxn    22 of   627 conformers.    4 seconds
   Doing rxn    23 of   627 conformers.    3 seconds
   Doing rxn    24 of   627 conformers.    4 seconds
   Doing rxn    25 of   627 conformers.    4 seconds
   Doing rxn    26 of   627 conformers.    3 seconds
   Doing rxn    27 of   627 conformers.    4 seconds
   Doing rxn    28 of   627 conformers.    0 seconds
   Doing rxn    29 of   627 conformers.    4 seconds
   Doing rxn    30 of   627 conformers.    4 seconds
   Doing rxn    31 of   627 conformers.    3 seconds
   Doing rxn    32 of   627 conformers.    4 seconds
   Doing rxn    33 of   627 conformers.    4 seconds
   Doing rxn    34 of   627 conformers.    4 seconds
   Doing rxn    35 of   627 conformers.    3 seconds
   Doing rxn    36 of   627 conformers.    0 seconds
   Doing rxn    37 of   627 conformers.    0 seconds
   Doing rxn    38 of   627 conformers.    4 seconds
   Doing rxn    39 of   627 conformers.    4 seconds
   Doing rxn    40 of   627 conformers.    4 seconds
   Doing rxn    41 of   627 conformers.    3 seconds
   Doing rxn    42 of   627 conformers.    4 seconds
   Doing rxn    43 of   627 conformers.    3 seconds
   Doing rxn    44 of   627 conformers.    4 seconds
   Doing rxn    45 of   627 conformers.    4 seconds
   Doing rxn    46 of   627 conformers.    0 seconds
   Doing rxn    47 of   627 conformers.    3 seconds
   Doing rxn    48 of   627 conformers.    0 seconds
   Doing rxn    49 of   627 conformers.    0 seconds
   Doing rxn    50 of   627 conformers.    4 seconds
   Doing rxn    51 of   627 conformers.    4 seconds
   Doing rxn    52 of   627 conformers.    3 seconds
   Doing rxn    53 of   627 conformers.    4 seconds
   Doing rxn    54 of   627 conformers.    4 seconds
   Doing rxn    55 of   627 conformers.    0 seconds
   Doing rxn    56 of   627 conformers.    4 seconds
   Doing rxn    57 of   627 conformers.    4 seconds
   Doing rxn    58 of   627 conformers.    4 seconds
   Doing rxn    59 of   627 conformers.    4 seconds
   Doing rxn    60 of   627 conformers.    4 seconds
   Doing rxn    61 of   627 conformers.    4 seconds
   Doing rxn    62 of   627 conformers.    0 seconds
   Doing rxn    63 of   627 conformers.    0 seconds
   Doing rxn    64 of   627 conformers.    4 seconds
   Doing rxn    65 of   627 conformers.    3 seconds
   Doing rxn    66 of   627 conformers.    4 seconds
   Doing rxn    67 of   627 conformers.    4 seconds
   Doing rxn    68 of   627 conformers.    4 seconds
   Doing rxn    69 of   627 conformers.    0 seconds
   Doing rxn    70 of   627 conformers.    4 seconds
   Doing rxn    71 of   627 conformers.    4 seconds
   Doing rxn    72 of   627 conformers.    4 seconds
   Doing rxn    73 of   627 conformers.    3 seconds
   Doing rxn    74 of   627 conformers.    4 seconds
   Doing rxn    75 of   627 conformers.    4 seconds
   Doing rxn    76 of   627 conformers.    4 seconds
   Doing rxn    77 of   627 conformers.    4 seconds
   Doing rxn    78 of   627 conformers.    3 seconds
   Doing rxn    79 of   627 conformers.    4 seconds
   Doing rxn    80 of   627 conformers.    0 seconds
   Doing rxn    81 of   627 conformers.    4 seconds
   Doing rxn    82 of   627 conformers.    3 seconds
   Doing rxn    83 of   627 conformers.    0 seconds
   Doing rxn    84 of   627 conformers.    3 seconds
   Doing rxn    85 of   627 conformers.    4 seconds
   Doing rxn    86 of   627 conformers.    3 seconds
   Doing rxn    87 of   627 conformers.    3 seconds
   Doing rxn    88 of   627 conformers.    4 seconds
   Doing rxn    89 of   627 conformers.    3 seconds
   Doing rxn    90 of   627 conformers.    0 seconds
   Doing rxn    91 of   627 conformers.    3 seconds
   Doing rxn    92 of   627 conformers.    0 seconds
   Doing rxn    93 of   627 conformers.    0 seconds
   Doing rxn    94 of   627 conformers.    4 seconds
   Doing rxn    95 of   627 conformers.    4 seconds
   Doing rxn    96 of   627 conformers.    0 seconds
   Doing rxn    97 of   627 conformers.    0 seconds
   Doing rxn    98 of   627 conformers.    0 seconds
   Doing rxn    99 of   627 conformers.    4 seconds
   Doing rxn   100 of   627 conformers.    5 seconds
   Doing rxn   101 of   627 conformers.    4 seconds
   Doing rxn   102 of   627 conformers.    4 seconds
   Doing rxn   103 of   627 conformers.    4 seconds
   Doing rxn   104 of   627 conformers.    0 seconds
   Doing rxn   105 of   627 conformers.    0 seconds
   Doing rxn   106 of   627 conformers.    3 seconds
   Doing rxn   107 of   627 conformers.    4 seconds
   Doing rxn   108 of   627 conformers.    4 seconds
   Doing rxn   109 of   627 conformers.    3 seconds
   Doing rxn   110 of   627 conformers.    4 seconds
   Doing rxn   111 of   627 conformers.    0 seconds
   Doing rxn   112 of   627 conformers.    4 seconds
   Doing rxn   113 of   627 conformers.    4 seconds
   Doing rxn   114 of   627 conformers.    3 seconds
   Doing rxn   115 of   627 conformers.    4 seconds
   Doing rxn   116 of   627 conformers.    4 seconds
   Doing rxn   117 of   627 conformers.    4 seconds
   Doing rxn   118 of   627 conformers.    3 seconds
   Doing rxn   119 of   627 conformers.    4 seconds
   Doing rxn   120 of   627 conformers.    4 seconds
   Doing rxn   121 of   627 conformers.    3 seconds
   Doing rxn   122 of   627 conformers.    4 seconds
   Doing rxn   123 of   627 conformers.    4 seconds
   Doing rxn   124 of   627 conformers.    3 seconds
   Doing rxn   125 of   627 conformers.    4 seconds
   Doing rxn   126 of   627 conformers.    4 seconds
   Doing rxn   127 of   627 conformers.    4 seconds
   Doing rxn   128 of   627 conformers.    4 seconds
   Doing rxn   129 of   627 conformers.    4 seconds
   Doing rxn   130 of   627 conformers.    4 seconds
   Doing rxn   131 of   627 conformers.    3 seconds
   Doing rxn   132 of   627 conformers.    4 seconds
   Doing rxn   133 of   627 conformers.    4 seconds
   Doing rxn   134 of   627 conformers.    4 seconds
   Doing rxn   135 of   627 conformers.    0 seconds
   Doing rxn   136 of   627 conformers.    4 seconds
   Doing rxn   137 of   627 conformers.    4 seconds
   Doing rxn   138 of   627 conformers.    4 seconds
   Doing rxn   139 of   627 conformers.    4 seconds
   Doing rxn   140 of   627 conformers.    4 seconds
   Doing rxn   141 of   627 conformers.    0 seconds
   Doing rxn   142 of   627 conformers.    0 seconds
   Doing rxn   143 of   627 conformers.    4 seconds
   Doing rxn   144 of   627 conformers.    4 seconds
   Doing rxn   145 of   627 conformers.    5 seconds
   Doing rxn   146 of   627 conformers.    4 seconds
   Doing rxn   147 of   627 conformers.    4 seconds
   Doing rxn   148 of   627 conformers.    4 seconds
   Doing rxn   149 of   627 conformers.    0 seconds
   Doing rxn   150 of   627 conformers.    0 seconds
   Doing rxn   151 of   627 conformers.    0 seconds
   Doing rxn   152 of   627 conformers.    0 seconds
   Doing rxn   153 of   627 conformers.    5 seconds
   Doing rxn   154 of   627 conformers.    4 seconds
   Doing rxn   155 of   627 conformers.    4 seconds
   Doing rxn   156 of   627 conformers.    3 seconds
   Doing rxn   157 of   627 conformers.    0 seconds
   Doing rxn   158 of   627 conformers.    4 seconds
   Doing rxn   159 of   627 conformers.    4 seconds
   Doing rxn   160 of   627 conformers.    4 seconds
   Doing rxn   161 of   627 conformers.    4 seconds
   Doing rxn   162 of   627 conformers.    4 seconds
   Doing rxn   163 of   627 conformers.    4 seconds
   Doing rxn   164 of   627 conformers.    4 seconds
   Doing rxn   165 of   627 conformers.    4 seconds
   Doing rxn   166 of   627 conformers.    0 seconds
   Doing rxn   167 of   627 conformers.    0 seconds
   Doing rxn   168 of   627 conformers.    4 seconds
   Doing rxn   169 of   627 conformers.    4 seconds
   Doing rxn   170 of   627 conformers.    4 seconds
   Doing rxn   171 of   627 conformers.    4 seconds
   Doing rxn   172 of   627 conformers.    5 seconds
   Doing rxn   173 of   627 conformers.    4 seconds
   Doing rxn   174 of   627 conformers.    4 seconds
   Doing rxn   175 of   627 conformers.    4 seconds
   Doing rxn   176 of   627 conformers.    4 seconds
   Doing rxn   177 of   627 conformers.    0 seconds
   Doing rxn   178 of   627 conformers.    0 seconds
   Doing rxn   179 of   627 conformers.    4 seconds
   Doing rxn   180 of   627 conformers.    4 seconds
   Doing rxn   181 of   627 conformers.    4 seconds
   Doing rxn   182 of   627 conformers.    0 seconds
   Doing rxn   183 of   627 conformers.    3 seconds
   Doing rxn   184 of   627 conformers.    4 seconds
   Doing rxn   185 of   627 conformers.    4 seconds
   Doing rxn   186 of   627 conformers.    0 seconds
   Doing rxn   187 of   627 conformers.    0 seconds
   Doing rxn   188 of   627 conformers.    4 seconds
   Doing rxn   189 of   627 conformers.    3 seconds
   Doing rxn   190 of   627 conformers.    4 seconds
   Doing rxn   191 of   627 conformers.    4 seconds
   Doing rxn   192 of   627 conformers.    4 seconds
   Doing rxn   193 of   627 conformers.    0 seconds
   Doing rxn   194 of   627 conformers.    0 seconds
   Doing rxn   195 of   627 conformers.    0 seconds
   Doing rxn   196 of   627 conformers.    4 seconds
   Doing rxn   197 of   627 conformers.    4 seconds
   Doing rxn   198 of   627 conformers.    5 seconds
   Doing rxn   199 of   627 conformers.    4 seconds
   Doing rxn   200 of   627 conformers.    4 seconds
   Doing rxn   201 of   627 conformers.    4 seconds
   Doing rxn   202 of   627 conformers.    0 seconds
   Doing rxn   203 of   627 conformers.    4 seconds
   Doing rxn   204 of   627 conformers.    0 seconds
   Doing rxn   205 of   627 conformers.    4 seconds
   Doing rxn   206 of   627 conformers.    4 seconds
   Doing rxn   207 of   627 conformers.    5 seconds
   Doing rxn   208 of   627 conformers.    4 seconds
   Doing rxn   209 of   627 conformers.    4 seconds
   Doing rxn   210 of   627 conformers.    0 seconds
   Doing rxn   211 of   627 conformers.    5 seconds
   Doing rxn   212 of   627 conformers.    4 seconds
   Doing rxn   213 of   627 conformers.    4 seconds
   Doing rxn   214 of   627 conformers.    4 seconds
   Doing rxn   215 of   627 conformers.    4 seconds
   Doing rxn   216 of   627 conformers.    0 seconds
   Doing rxn   217 of   627 conformers.    0 seconds
   Doing rxn   218 of   627 conformers.    4 seconds
   Doing rxn   219 of   627 conformers.    4 seconds
   Doing rxn   220 of   627 conformers.    4 seconds
   Doing rxn   221 of   627 conformers.    4 seconds
   Doing rxn   222 of   627 conformers.    4 seconds
   Doing rxn   223 of   627 conformers.    4 seconds
   Doing rxn   224 of   627 conformers.    4 seconds
   Doing rxn   225 of   627 conformers.    4 seconds
   Doing rxn   226 of   627 conformers.    4 seconds
   Doing rxn   227 of   627 conformers.    4 seconds
   Doing rxn   228 of   627 conformers.    4 seconds
   Doing rxn   229 of   627 conformers.    4 seconds
   Doing rxn   230 of   627 conformers.    4 seconds
   Doing rxn   231 of   627 conformers.    4 seconds
   Doing rxn   232 of   627 conformers.    4 seconds
   Doing rxn   233 of   627 conformers.    4 seconds
   Doing rxn   234 of   627 conformers.    0 seconds
   Doing rxn   235 of   627 conformers.    3 seconds
   Doing rxn   236 of   627 conformers.    4 seconds
   Doing rxn   237 of   627 conformers.    4 seconds
   Doing rxn   238 of   627 conformers.    3 seconds
   Doing rxn   239 of   627 conformers.    0 seconds
   Doing rxn   240 of   627 conformers.    4 seconds
   Doing rxn   241 of   627 conformers.    4 seconds
   Doing rxn   242 of   627 conformers.    0 seconds
   Doing rxn   243 of   627 conformers.    3 seconds
   Doing rxn   244 of   627 conformers.    4 seconds
   Doing rxn   245 of   627 conformers.    4 seconds
   Doing rxn   246 of   627 conformers.    0 seconds
   Doing rxn   247 of   627 conformers.    0 seconds
   Doing rxn   248 of   627 conformers.    4 seconds
   Doing rxn   249 of   627 conformers.    0 seconds
   Doing rxn   250 of   627 conformers.    4 seconds
   Doing rxn   251 of   627 conformers.    3 seconds
   Doing rxn   252 of   627 conformers.    4 seconds
   Doing rxn   253 of   627 conformers.    4 seconds
   Doing rxn   254 of   627 conformers.    4 seconds
   Doing rxn   255 of   627 conformers.    0 seconds
   Doing rxn   256 of   627 conformers.    0 seconds
   Doing rxn   257 of   627 conformers.    4 seconds
   Doing rxn   258 of   627 conformers.    4 seconds
   Doing rxn   259 of   627 conformers.    5 seconds
   Doing rxn   260 of   627 conformers.    4 seconds
   Doing rxn   261 of   627 conformers.    4 seconds
   Doing rxn   262 of   627 conformers.    4 seconds
   Doing rxn   263 of   627 conformers.    0 seconds
   Doing rxn   264 of   627 conformers.    0 seconds
   Doing rxn   265 of   627 conformers.    4 seconds
   Doing rxn   266 of   627 conformers.    4 seconds
   Doing rxn   267 of   627 conformers.    4 seconds
   Doing rxn   268 of   627 conformers.    4 seconds
   Doing rxn   269 of   627 conformers.    4 seconds
   Doing rxn   270 of   627 conformers.    4 seconds
   Doing rxn   271 of   627 conformers.    4 seconds
   Doing rxn   272 of   627 conformers.    4 seconds
   Doing rxn   273 of   627 conformers.    4 seconds
   Doing rxn   274 of   627 conformers.    4 seconds
   Doing rxn   275 of   627 conformers.    5 seconds
   Doing rxn   276 of   627 conformers.    0 seconds
   Doing rxn   277 of   627 conformers.    0 seconds
   Doing rxn   278 of   627 conformers.    4 seconds
   Doing rxn   279 of   627 conformers.    4 seconds
   Doing rxn   280 of   627 conformers.    3 seconds
   Doing rxn   281 of   627 conformers.    5 seconds
   Doing rxn   282 of   627 conformers.    5 seconds
   Doing rxn   283 of   627 conformers.    4 seconds
   Doing rxn   284 of   627 conformers.    4 seconds
   Doing rxn   285 of   627 conformers.    5 seconds
   Doing rxn   286 of   627 conformers.    4 seconds
   Doing rxn   287 of   627 conformers.    3 seconds
   Doing rxn   288 of   627 conformers.    4 seconds
   Doing rxn   289 of   627 conformers.    4 seconds
   Doing rxn   290 of   627 conformers.    0 seconds
   Doing rxn   291 of   627 conformers.    4 seconds
   Doing rxn   292 of   627 conformers.    5 seconds
   Doing rxn   293 of   627 conformers.    4 seconds
   Doing rxn   294 of   627 conformers.    4 seconds
   Doing rxn   295 of   627 conformers.    4 seconds
   Doing rxn   296 of   627 conformers.    3 seconds
   Doing rxn   297 of   627 conformers.    4 seconds
   Doing rxn   298 of   627 conformers.    4 seconds
   Doing rxn   299 of   627 conformers.    5 seconds
   Doing rxn   300 of   627 conformers.    3 seconds
   Doing rxn   301 of   627 conformers.    4 seconds
   Doing rxn   302 of   627 conformers.    4 seconds
   Doing rxn   303 of   627 conformers.    4 seconds
   Doing rxn   304 of   627 conformers.    4 seconds
   Doing rxn   305 of   627 conformers.    4 seconds
   Doing rxn   306 of   627 conformers.    4 seconds
   Doing rxn   307 of   627 conformers.    4 seconds
   Doing rxn   308 of   627 conformers.    4 seconds
   Doing rxn   309 of   627 conformers.    0 seconds
   Doing rxn   310 of   627 conformers.    0 seconds
   Doing rxn   311 of   627 conformers.    4 seconds
   Doing rxn   312 of   627 conformers.    5 seconds
   Doing rxn   313 of   627 conformers.    4 seconds
   Doing rxn   314 of   627 conformers.    4 seconds
   Doing rxn   315 of   627 conformers.    4 seconds
   Doing rxn   316 of   627 conformers.    4 seconds
   Doing rxn   317 of   627 conformers.    5 seconds
   Doing rxn   318 of   627 conformers.    4 seconds
   Doing rxn   319 of   627 conformers.    4 seconds
   Doing rxn   320 of   627 conformers.    5 seconds
   Doing rxn   321 of   627 conformers.    4 seconds
   Doing rxn   322 of   627 conformers.    4 seconds
   Doing rxn   323 of   627 conformers.    1 seconds
   Doing rxn   324 of   627 conformers.    0 seconds
   Doing rxn   325 of   627 conformers.    0 seconds
   Doing rxn   326 of   627 conformers.    4 seconds
   Doing rxn   327 of   627 conformers.    4 seconds
   Doing rxn   328 of   627 conformers.    4 seconds
   Doing rxn   329 of   627 conformers.    4 seconds
   Doing rxn   330 of   627 conformers.    5 seconds
   Doing rxn   331 of   627 conformers.    4 seconds
   Doing rxn   332 of   627 conformers.    4 seconds
   Doing rxn   333 of   627 conformers.    5 seconds
   Doing rxn   334 of   627 conformers.    4 seconds
   Doing rxn   335 of   627 conformers.    4 seconds
   Doing rxn   336 of   627 conformers.    4 seconds
   Doing rxn   337 of   627 conformers.    0 seconds
   Doing rxn   338 of   627 conformers.    0 seconds
   Doing rxn   339 of   627 conformers.    4 seconds
   Doing rxn   340 of   627 conformers.    4 seconds
   Doing rxn   341 of   627 conformers.    3 seconds
   Doing rxn   342 of   627 conformers.    4 seconds
   Doing rxn   343 of   627 conformers.    4 seconds
   Doing rxn   344 of   627 conformers.    4 seconds
   Doing rxn   345 of   627 conformers.    0 seconds
   Doing rxn   346 of   627 conformers.    0 seconds
   Doing rxn   347 of   627 conformers.    3 seconds
   Doing rxn   348 of   627 conformers.    4 seconds
   Doing rxn   349 of   627 conformers.    4 seconds
   Doing rxn   350 of   627 conformers.    4 seconds
   Doing rxn   351 of   627 conformers.    4 seconds
   Doing rxn   352 of   627 conformers.    3 seconds
   Doing rxn   353 of   627 conformers.    1 seconds
   Doing rxn   354 of   627 conformers.    0 seconds
   Doing rxn   355 of   627 conformers.    3 seconds
   Doing rxn   356 of   627 conformers.    4 seconds
   Doing rxn   357 of   627 conformers.    0 seconds
   Doing rxn   358 of   627 conformers.    0 seconds
   Doing rxn   359 of   627 conformers.    4 seconds
   Doing rxn   360 of   627 conformers.    5 seconds
   Doing rxn   361 of   627 conformers.    4 seconds
   Doing rxn   362 of   627 conformers.    4 seconds
   Doing rxn   363 of   627 conformers.    4 seconds
   Doing rxn   364 of   627 conformers.    0 seconds
   Doing rxn   365 of   627 conformers.    5 seconds
   Doing rxn   366 of   627 conformers.    0 seconds
   Doing rxn   367 of   627 conformers.    4 seconds
   Doing rxn   368 of   627 conformers.    4 seconds
   Doing rxn   369 of   627 conformers.    4 seconds
   Doing rxn   370 of   627 conformers.    4 seconds
   Doing rxn   371 of   627 conformers.    4 seconds
   Doing rxn   372 of   627 conformers.    4 seconds
   Doing rxn   373 of   627 conformers.    4 seconds
   Doing rxn   374 of   627 conformers.    4 seconds
   Doing rxn   375 of   627 conformers.    5 seconds
   Doing rxn   376 of   627 conformers.    4 seconds
   Doing rxn   377 of   627 conformers.    4 seconds
   Doing rxn   378 of   627 conformers.    0 seconds
   Doing rxn   379 of   627 conformers.    4 seconds
   Doing rxn   380 of   627 conformers.    4 seconds
   Doing rxn   381 of   627 conformers.    3 seconds
   Doing rxn   382 of   627 conformers.    4 seconds
   Doing rxn   383 of   627 conformers.    5 seconds
   Doing rxn   384 of   627 conformers.    3 seconds
   Doing rxn   385 of   627 conformers.    4 seconds
   Doing rxn   386 of   627 conformers.    0 seconds
   Doing rxn   387 of   627 conformers.    4 seconds
   Doing rxn   388 of   627 conformers.    3 seconds
   Doing rxn   389 of   627 conformers.    4 seconds
   Doing rxn   390 of   627 conformers.    3 seconds
   Doing rxn   391 of   627 conformers.    4 seconds
   Doing rxn   392 of   627 conformers.    3 seconds
   Doing rxn   393 of   627 conformers.    4 seconds
   Doing rxn   394 of   627 conformers.    3 seconds
   Doing rxn   395 of   627 conformers.    4 seconds
   Doing rxn   396 of   627 conformers.    3 seconds
   Doing rxn   397 of   627 conformers.    4 seconds
   Doing rxn   398 of   627 conformers.    4 seconds
   Doing rxn   399 of   627 conformers.    4 seconds
   Doing rxn   400 of   627 conformers.    4 seconds
   Doing rxn   401 of   627 conformers.    3 seconds
   Doing rxn   402 of   627 conformers.    4 seconds
   Doing rxn   403 of   627 conformers.    0 seconds
   Doing rxn   404 of   627 conformers.    4 seconds
   Doing rxn   405 of   627 conformers.    0 seconds
   Doing rxn   406 of   627 conformers.    0 seconds
   Doing rxn   407 of   627 conformers.    0 seconds
   Doing rxn   408 of   627 conformers.    4 seconds
   Doing rxn   409 of   627 conformers.    3 seconds
   Doing rxn   410 of   627 conformers.    0 seconds
   Doing rxn   411 of   627 conformers.    5 seconds
   Doing rxn   412 of   627 conformers.    0 seconds
   Doing rxn   413 of   627 conformers.    0 seconds
   Doing rxn   414 of   627 conformers.    4 seconds
   Doing rxn   415 of   627 conformers.    3 seconds
   Doing rxn   416 of   627 conformers.    4 seconds
   Doing rxn   417 of   627 conformers.    4 seconds
   Doing rxn   418 of   627 conformers.    4 seconds
   Doing rxn   419 of   627 conformers.    0 seconds
   Doing rxn   420 of   627 conformers.    0 seconds
   Doing rxn   421 of   627 conformers.    3 seconds
   Doing rxn   422 of   627 conformers.    4 seconds
   Doing rxn   423 of   627 conformers.    3 seconds
   Doing rxn   424 of   627 conformers.    4 seconds
   Doing rxn   425 of   627 conformers.    3 seconds
   Doing rxn   426 of   627 conformers.    4 seconds
   Doing rxn   427 of   627 conformers.    0 seconds
   Doing rxn   428 of   627 conformers.    0 seconds
   Doing rxn   429 of   627 conformers.    4 seconds
   Doing rxn   430 of   627 conformers.    3 seconds
   Doing rxn   431 of   627 conformers.    4 seconds
   Doing rxn   432 of   627 conformers.    4 seconds
   Doing rxn   433 of   627 conformers.    4 seconds
   Doing rxn   434 of   627 conformers.    4 seconds
   Doing rxn   435 of   627 conformers.    4 seconds
   Doing rxn   436 of   627 conformers.    3 seconds
   Doing rxn   437 of   627 conformers.    5 seconds
   Doing rxn   438 of   627 conformers.    4 seconds
   Doing rxn   439 of   627 conformers.    4 seconds
   Doing rxn   440 of   627 conformers.    4 seconds
   Doing rxn   441 of   627 conformers.    4 seconds
   Doing rxn   442 of   627 conformers.    4 seconds
   Doing rxn   443 of   627 conformers.    4 seconds
   Doing rxn   444 of   627 conformers.    3 seconds
   Doing rxn   445 of   627 conformers.    0 seconds
   Doing rxn   446 of   627 conformers.    5 seconds
   Doing rxn   447 of   627 conformers.    4 seconds
   Doing rxn   448 of   627 conformers.    0 seconds
   Doing rxn   449 of   627 conformers.    0 seconds
   Doing rxn   450 of   627 conformers.    0 seconds
   Doing rxn   451 of   627 conformers.    0 seconds
   Doing rxn   452 of   627 conformers.    0 seconds
   Doing rxn   453 of   627 conformers.    4 seconds
   Doing rxn   454 of   627 conformers.    4 seconds
   Doing rxn   455 of   627 conformers.    4 seconds
   Doing rxn   456 of   627 conformers.    4 seconds
   Doing rxn   457 of   627 conformers.    4 seconds
   Doing rxn   458 of   627 conformers.    0 seconds
   Doing rxn   459 of   627 conformers.    0 seconds
   Doing rxn   460 of   627 conformers.    4 seconds
   Doing rxn   461 of   627 conformers.    0 seconds
   Doing rxn   462 of   627 conformers.    4 seconds
   Doing rxn   463 of   627 conformers.    3 seconds
   Doing rxn   464 of   627 conformers.    4 seconds
   Doing rxn   465 of   627 conformers.    4 seconds
   Doing rxn   466 of   627 conformers.    0 seconds
   Doing rxn   467 of   627 conformers.    4 seconds
   Doing rxn   468 of   627 conformers.    4 seconds
   Doing rxn   469 of   627 conformers.    0 seconds
   Doing rxn   470 of   627 conformers.    3 seconds
   Doing rxn   471 of   627 conformers.    4 seconds
   Doing rxn   472 of   627 conformers.    3 seconds
   Doing rxn   473 of   627 conformers.    4 seconds
   Doing rxn   474 of   627 conformers.    3 seconds
   Doing rxn   475 of   627 conformers.    4 seconds
   Doing rxn   476 of   627 conformers.    4 seconds
   Doing rxn   477 of   627 conformers.    4 seconds
   Doing rxn   478 of   627 conformers.    3 seconds
   Doing rxn   479 of   627 conformers.    4 seconds
   Doing rxn   480 of   627 conformers.    4 seconds
   Doing rxn   481 of   627 conformers.    3 seconds
   Doing rxn   482 of   627 conformers.    4 seconds
   Doing rxn   483 of   627 conformers.    3 seconds
   Doing rxn   484 of   627 conformers.    3 seconds
   Doing rxn   485 of   627 conformers.    0 seconds
   Doing rxn   486 of   627 conformers.    0 seconds
   Doing rxn   487 of   627 conformers.    4 seconds
   Doing rxn   488 of   627 conformers.    3 seconds
   Doing rxn   489 of   627 conformers.    4 seconds
   Doing rxn   490 of   627 conformers.    3 seconds
   Doing rxn   491 of   627 conformers.    4 seconds
   Doing rxn   492 of   627 conformers.    0 seconds
   Doing rxn   493 of   627 conformers.    0 seconds
   Doing rxn   494 of   627 conformers.    3 seconds
   Doing rxn   495 of   627 conformers.    4 seconds
   Doing rxn   496 of   627 conformers.    3 seconds
   Doing rxn   497 of   627 conformers.    4 seconds
   Doing rxn   498 of   627 conformers.    3 seconds
   Doing rxn   499 of   627 conformers.    4 seconds
   Doing rxn   500 of   627 conformers.    4 seconds
   Doing rxn   501 of   627 conformers.    4 seconds
   Doing rxn   502 of   627 conformers.    4 seconds
   Doing rxn   503 of   627 conformers.    4 seconds
   Doing rxn   504 of   627 conformers.    3 seconds
   Doing rxn   505 of   627 conformers.    4 seconds
   Doing rxn   506 of   627 conformers.    3 seconds
   Doing rxn   507 of   627 conformers.    4 seconds
   Doing rxn   508 of   627 conformers.    4 seconds
   Doing rxn   509 of   627 conformers.    0 seconds
   Doing rxn   510 of   627 conformers.    0 seconds
   Doing rxn   511 of   627 conformers.    3 seconds
   Doing rxn   512 of   627 conformers.    4 seconds
   Doing rxn   513 of   627 conformers.    3 seconds
   Doing rxn   514 of   627 conformers.    4 seconds
   Doing rxn   515 of   627 conformers.    4 seconds
   Doing rxn   516 of   627 conformers.    4 seconds
   Doing rxn   517 of   627 conformers.    4 seconds
   Doing rxn   518 of   627 conformers.    4 seconds
   Doing rxn   519 of   627 conformers.    0 seconds
   Doing rxn   520 of   627 conformers.    0 seconds
   Doing rxn   521 of   627 conformers.    0 seconds
   Doing rxn   522 of   627 conformers.    4 seconds
   Doing rxn   523 of   627 conformers.    3 seconds
   Doing rxn   524 of   627 conformers.    4 seconds
   Doing rxn   525 of   627 conformers.    4 seconds
   Doing rxn   526 of   627 conformers.    3 seconds
   Doing rxn   527 of   627 conformers.    4 seconds
   Doing rxn   528 of   627 conformers.    3 seconds
   Doing rxn   529 of   627 conformers.    0 seconds
   Doing rxn   530 of   627 conformers.    4 seconds
   Doing rxn   531 of   627 conformers.    4 seconds
   Doing rxn   532 of   627 conformers.    4 seconds
   Doing rxn   533 of   627 conformers.    4 seconds
   Doing rxn   534 of   627 conformers.    3 seconds
   Doing rxn   535 of   627 conformers.    4 seconds
   Doing rxn   536 of   627 conformers.    4 seconds
   Doing rxn   537 of   627 conformers.    4 seconds
   Doing rxn   538 of   627 conformers.    4 seconds
   Doing rxn   539 of   627 conformers.    0 seconds
   Doing rxn   540 of   627 conformers.    4 seconds
   Doing rxn   541 of   627 conformers.    4 seconds
   Doing rxn   542 of   627 conformers.    4 seconds
   Doing rxn   543 of   627 conformers.    3 seconds
   Doing rxn   544 of   627 conformers.    5 seconds
   Doing rxn   545 of   627 conformers.    3 seconds
   Doing rxn   546 of   627 conformers.    4 seconds
   Doing rxn   547 of   627 conformers.    3 seconds
   Doing rxn   548 of   627 conformers.    4 seconds
   Doing rxn   549 of   627 conformers.    3 seconds
   Doing rxn   550 of   627 conformers.    0 seconds
   Doing rxn   551 of   627 conformers.    4 seconds
   Doing rxn   552 of   627 conformers.    4 seconds
   Doing rxn   553 of   627 conformers.    3 seconds
   Doing rxn   554 of   627 conformers.    4 seconds
   Doing rxn   555 of   627 conformers.    4 seconds
   Doing rxn   556 of   627 conformers.    3 seconds
   Doing rxn   557 of   627 conformers.    3 seconds
   Doing rxn   558 of   627 conformers.    4 seconds
   Doing rxn   559 of   627 conformers.    4 seconds
   Doing rxn   560 of   627 conformers.    3 seconds
   Doing rxn   561 of   627 conformers.    4 seconds
   Doing rxn   562 of   627 conformers.    4 seconds
   Doing rxn   563 of   627 conformers.    3 seconds
   Doing rxn   564 of   627 conformers.    4 seconds
   Doing rxn   565 of   627 conformers.    4 seconds
   Doing rxn   566 of   627 conformers.    4 seconds
   Doing rxn   567 of   627 conformers.    0 seconds
   Doing rxn   568 of   627 conformers.    4 seconds
   Doing rxn   569 of   627 conformers.    0 seconds
   Doing rxn   570 of   627 conformers.    0 seconds
   Doing rxn   571 of   627 conformers.    0 seconds
   Doing rxn   572 of   627 conformers.    0 seconds
   Doing rxn   573 of   627 conformers.    0 seconds
   Doing rxn   574 of   627 conformers.    3 seconds
   Doing rxn   575 of   627 conformers.    4 seconds
   Doing rxn   576 of   627 conformers.    4 seconds
   Doing rxn   577 of   627 conformers.    3 seconds
   Doing rxn   578 of   627 conformers.    4 seconds
   Doing rxn   579 of   627 conformers.    3 seconds
   Doing rxn   580 of   627 conformers.    4 seconds
   Doing rxn   581 of   627 conformers.    4 seconds
   Doing rxn   582 of   627 conformers.    4 seconds
   Doing rxn   583 of   627 conformers.    0 seconds
   Doing rxn   584 of   627 conformers.    3 seconds
   Doing rxn   585 of   627 conformers.    4 seconds
   Doing rxn   586 of   627 conformers.    4 seconds
   Doing rxn   587 of   627 conformers.    4 seconds
   Doing rxn   588 of   627 conformers.    3 seconds
   Doing rxn   589 of   627 conformers.    4 seconds
   Doing rxn   590 of   627 conformers.    3 seconds
   Doing rxn   591 of   627 conformers.    4 seconds
   Doing rxn   592 of   627 conformers.    3 seconds
   Doing rxn   593 of   627 conformers.    4 seconds
   Doing rxn   594 of   627 conformers.    4 seconds
   Doing rxn   595 of   627 conformers.    3 seconds
   Doing rxn   596 of   627 conformers.    4 seconds
   Doing rxn   597 of   627 conformers.    4 seconds
   Doing rxn   598 of   627 conformers.    4 seconds
   Doing rxn   599 of   627 conformers.    3 seconds
   Doing rxn   600 of   627 conformers.    3 seconds
   Doing rxn   601 of   627 conformers.    4 seconds
   Doing rxn   602 of   627 conformers.    4 seconds
   Doing rxn   603 of   627 conformers.    3 seconds
   Doing rxn   604 of   627 conformers.    4 seconds
   Doing rxn   605 of   627 conformers.    4 seconds
   Doing rxn   606 of   627 conformers.    0 seconds
   Doing rxn   607 of   627 conformers.    3 seconds
   Doing rxn   608 of   627 conformers.    4 seconds
   Doing rxn   609 of   627 conformers.    4 seconds
   Doing rxn   610 of   627 conformers.    4 seconds
   Doing rxn   611 of   627 conformers.    3 seconds
   Doing rxn   612 of   627 conformers.    0 seconds
   Doing rxn   613 of   627 conformers.    0 seconds
   Doing rxn   614 of   627 conformers.    4 seconds
   Doing rxn   615 of   627 conformers.    3 seconds
   Doing rxn   616 of   627 conformers.    4 seconds
   Doing rxn   617 of   627 conformers.    0 seconds
   Doing rxn   618 of   627 conformers.    0 seconds
   Doing rxn   619 of   627 conformers.    0 seconds
   Doing rxn   620 of   627 conformers.    0 seconds
   Doing rxn   621 of   627 conformers.    3 seconds
   Doing rxn   622 of   627 conformers.    4 seconds
   Doing rxn   623 of   627 conformers.    4 seconds
   Doing rxn   624 of   627 conformers.    4 seconds
   Doing rxn   625 of   627 conformers.    4 seconds
   Doing rxn   626 of   627 conformers.    3 seconds
   Doing rxn   627 of   627 conformers.    4 seconds
