 ph              7.4
MET01A0001_001 0.000
ALA01A0002_001 0.000
LEU01A0003_001 0.000
GLU01A0005_001 0.000
GLU01A0005_002 0.000
GLU02A0005_003 0.000
GLU02A0005_004 0.000
GLU-1A0005_005 0.000
LEU01A0006_001 0.000
LYS01A0007_001 0.000
LYS+1A0007_002 0.000
ASP01A0008_001 0.000
ASP01A0008_002 0.000
ASP02A0008_003 0.000
ASP02A0008_004 0.000
ASP-1A0008_005 0.000
ASP01A0009_001 0.000
ASP01A0009_002 0.000
ASP02A0009_003 0.000
ASP02A0009_004 0.000
ASP-1A0009_005 0.000
ASP01A0010_001 0.000
ASP01A0010_002 0.000
ASP02A0010_003 0.000
ASP02A0010_004 0.000
ASP-1A0010_005 0.000
PHE01A0011_001 0.000
GLU01A0012_001 0.000
GLU01A0012_002 0.000
GLU02A0012_003 0.000
GLU02A0012_004 0.000
GLU-1A0012_005 0.000
LYS01A0013_001 0.000
LYS+1A0013_002 0.000
ILE01A0014_001 0.000
SER01A0015_001 0.406
SER01A0015_002 0.406
GLU01A0016_001 0.000
GLU01A0016_002 0.000
GLU02A0016_003 0.000
GLU02A0016_004 0.000
GLU-1A0016_005 0.000
LEU01A0017_001 0.000
ALA01A0019_001 0.000
ASN01A0021_001 0.367
ASN01A0021_002 0.367
VAL01A0024_001 0.000
VAL01A0025_001 0.000
PHE01A0026_001 0.000
LYS01A0027_001 0.000
LYS+1A0027_002 0.000
VAL01A0028_001 0.000
SER01A0029_001 0.000
HIS01A0030_001 0.271
HIS02A0030_002 0.271
HIS+1A0030_003 0.000
LYS01A0031_001 0.000
LYS+1A0031_002 0.000
PRO01A0032_001 0.000
SER01A0033_001 0.121
SER01A0033_002 0.121
LEU01A0035_001 0.000
VAL01A0036_001 0.000
MET01A0037_001 0.000
ALA01A0038_001 0.000
ARG01A0039_001 0.000
ARG02A0039_002 0.000
ARG03A0039_003 0.000
ARG03A0039_004 0.000
ARG+1A0039_005 0.000
LYS01A0040_001 0.000
LYS+1A0040_002 0.000
LEU01A0041_001 0.000
ILE01A0042_001 0.000
HIS01A0043_001 0.000
HIS02A0043_002 0.000
HIS+1A0043_003 0.000
LEU01A0044_001 0.000
GLU01A0045_001 0.000
GLU01A0045_002 0.000
GLU02A0045_003 0.000
GLU02A0045_004 0.000
GLU-1A0045_005 0.000
ILE01A0046_001 0.000
LYS01A0047_001 0.000
LYS+1A0047_002 0.000
PRO01A0048_001 0.000
ALA01A0049_001 0.000
ILE01A0050_001 0.000
ARG01A0051_001 0.000
ARG02A0051_002 0.000
ARG02A0051_003 0.000
ARG03A0051_004 0.000
ARG03A0051_005 0.000
ARG+1A0051_006 0.000
ASN01A0052_001 0.147
ASN01A0052_002 0.147
GLN01A0053_001 0.377
GLN01A0053_002 0.377
ILE01A0054_001 0.000
ILE01A0055_001 0.000
ARG01A0056_001 0.000
ARG02A0056_002 0.000
ARG03A0056_003 0.000
ARG+1A0056_004 0.000
GLU01A0057_001 0.000
GLU01A0057_002 0.000
GLU02A0057_003 0.000
GLU02A0057_004 0.000
GLU-1A0057_005 0.000
LEU01A0058_001 0.000
GLN01A0059_001 0.040
GLN01A0059_002 0.040
VAL01A0060_001 0.000
LEU01A0061_001 0.000
HIS01A0062_001 0.426
HIS01A0062_002 0.426
HIS02A0062_003 0.426
HIS02A0062_004 0.426
HIS+1A0062_005 0.000
HIS+1A0062_006 0.000
GLU01A0063_001 0.000
GLU01A0063_002 0.000
GLU02A0063_003 0.000
GLU02A0063_004 0.000
GLU-1A0063_005 0.000
CYS01A0064_001 0.597
CYS01A0064_002 0.597
CYS01A0064_003 0.597
CYS-1A0064_004 0.000
ASN01A0065_001 0.077
ASN01A0065_002 0.077
SER01A0066_001 0.000
SER01A0066_002 0.000
PRO01A0067_001 0.000
TYR01A0068_001 0.000
TYR-1A0068_002 0.000
ILE01A0069_001 0.000
VAL01A0070_001 0.000
PHE01A0072_001 0.000
TYR01A0073_001 0.000
TYR-1A0073_002 0.000
ALA01A0075_001 0.000
PHE01A0076_001 0.000
TYR01A0077_001 0.383
TYR01A0077_002 0.383
TYR-1A0077_003 0.000
SER01A0078_001 0.310
SER01A0078_002 0.310
ASP01A0079_001 0.000
ASP01A0079_002 0.000
ASP02A0079_003 0.000
ASP02A0079_004 0.000
ASP-1A0079_005 0.000
GLU01A0081_001 0.185
GLU01A0081_002 0.185
GLU02A0081_003 0.185
GLU02A0081_004 0.185
GLU-1A0081_005 0.000
ILE01A0082_001 0.000
SER01A0083_001 0.020
SER01A0083_002 0.020
ILE01A0084_001 0.000
CYS01A0085_001 0.631
CYS01A0085_002 0.631
CYS01A0085_003 0.631
CYS-1A0085_004 0.000
MET01A0086_001 0.000
GLU01A0087_001 0.000
GLU01A0087_002 0.000
GLU02A0087_003 0.000
GLU02A0087_004 0.000
GLU-1A0087_005 0.000
HIS01A0088_001 0.730
HIS01A0088_002 0.730
HIS02A0088_003 0.730
HIS02A0088_004 0.730
HIS+1A0088_005 0.000
HIS+1A0088_006 0.000
MET01A0089_001 0.000
ASP01A0090_001 0.000
ASP01A0090_002 0.000
ASP02A0090_003 0.000
ASP02A0090_004 0.000
ASP-1A0090_005 0.000
SER01A0093_001 0.044
SER01A0093_002 0.044
LEU01A0094_001 0.000
ASP01A0095_001 0.000
ASP01A0095_002 0.000
ASP02A0095_003 0.000
ASP02A0095_004 0.000
ASP-1A0095_005 0.000
GLN01A0096_001 0.045
GLN01A0096_002 0.045
VAL01A0097_001 0.000
LEU01A0098_001 0.000
LYS01A0099_001 0.000
LYS+1A0099_002 0.000
LYS01A0100_001 0.000
LYS+1A0100_002 0.000
ALA01A0101_001 0.000
ARG01A0103_001 0.000
ARG02A0103_002 0.000
ARG03A0103_003 0.000
ARG+1A0103_004 0.000
ILE01A0104_001 0.000
PRO01A0105_001 0.000
GLU01A0106_001 0.000
GLU01A0106_002 0.000
GLU02A0106_003 0.000
GLU02A0106_004 0.000
GLU-1A0106_005 0.000
GLN01A0107_001 0.019
GLN01A0107_002 0.019
ILE01A0108_001 0.000
LEU01A0109_001 0.000
LYS01A0111_001 0.000
LYS+1A0111_002 0.000
VAL01A0112_001 0.000
SER01A0113_001 0.107
SER01A0113_002 0.107
ILE01A0114_001 0.000
ALA01A0115_001 0.000
VAL01A0116_001 0.000
ILE01A0117_001 0.000
LYS01A0118_001 0.000
LYS+1A0118_002 0.000
LEU01A0120_001 0.000
THR01A0121_001 0.228
THR01A0121_002 0.228
TYR01A0122_001 0.047
TYR01A0122_002 0.047
TYR-1A0122_003 0.000
LEU01A0123_001 0.000
ARG01A0124_001 0.000
ARG02A0124_002 0.000
ARG03A0124_003 0.000
ARG+1A0124_004 0.000
GLU01A0125_001 0.000
GLU01A0125_002 0.000
GLU02A0125_003 0.000
GLU02A0125_004 0.000
GLU-1A0125_005 0.000
LYS01A0126_001 0.000
LYS+1A0126_002 0.000
HIS01A0127_001 0.400
HIS02A0127_002 0.400
HIS+1A0127_003 0.000
LYS01A0128_001 0.000
LYS+1A0128_002 0.000
ILE01A0129_001 0.000
MET01A0130_001 0.000
HIS01A0131_001 0.000
HIS02A0131_002 0.000
HIS+1A0131_003 0.000
ARG01A0132_001 0.000
ARG02A0132_002 0.000
ARG03A0132_003 0.000
ARG+1A0132_004 0.000
ASP01A0133_001 0.000
ASP01A0133_002 0.000
ASP02A0133_003 0.000
ASP02A0133_004 0.000
ASP-1A0133_005 0.000
VAL01A0134_001 0.000
LYS01A0135_001 0.000
LYS+1A0135_002 0.000
PRO01A0136_001 0.000
SER01A0137_001 0.411
SER01A0137_002 0.411
ASN01A0138_001 0.000
ILE01A0139_001 0.000
LEU01A0140_001 0.000
VAL01A0141_001 0.000
ASN01A0142_001 0.000
SER01A0143_001 0.163
SER01A0143_002 0.163
SER01A0143_003 0.163
ARG01A0144_001 0.000
ARG02A0144_002 0.000
ARG03A0144_003 0.000
ARG03A0144_004 0.000
ARG+1A0144_005 0.000
GLU01A0146_001 0.000
GLU01A0146_002 0.000
GLU02A0146_003 0.000
GLU02A0146_004 0.000
GLU-1A0146_005 0.000
ILE01A0147_001 0.000
LYS01A0148_001 0.000
LYS+1A0148_002 0.000
LEU01A0149_001 0.000
CYS01A0150_001 0.618
CYS01A0150_002 0.618
CYS01A0150_003 0.618
CYS-1A0150_004 0.000
ASP01A0151_001 0.000
ASP01A0151_002 0.000
ASP02A0151_003 0.000
ASP02A0151_004 0.000
ASP-1A0151_005 0.000
PHE01A0152_001 0.000
VAL01A0154_001 0.000
SER01A0155_001 0.382
SER01A0155_002 0.382
SER01A0155_003 0.382
GLN01A0157_001 0.213
GLN01A0157_002 0.213
LEU01A0158_001 0.000
ILE01A0159_001 0.000
ASP01A0160_001 0.000
ASP01A0160_002 0.000
ASP02A0160_003 0.000
ASP02A0160_004 0.000
ASP-1A0160_005 0.000
GLU01A0161_001 0.402
GLU01A0161_002 0.402
GLU02A0161_003 0.402
GLU02A0161_004 0.402
GLU-1A0161_005 0.000
MET01A0162_001 0.000
ALA01A0163_001 0.000
ASN01A0164_001 0.408
ASN01A0164_002 0.408
GLU01A0165_001 0.000
GLU01A0165_002 0.000
GLU02A0165_003 0.000
GLU02A0165_004 0.000
GLU-1A0165_005 0.000
PHE01A0166_001 0.000
VAL01A0167_001 0.000
THR01A0169_001 0.358
THR01A0169_002 0.358
THR01A0169_003 0.358
ARG01A0170_001 0.000
ARG02A0170_002 0.000
ARG02A0170_003 0.000
ARG03A0170_004 0.000
ARG+1A0170_005 0.000
SER01A0171_001 0.384
SER01A0171_002 0.384
TYR01A0172_001 0.287
TYR01A0172_002 0.287
TYR-1A0172_003 0.000
MET01A0173_001 0.000
SER01A0174_001 0.050
SER01A0174_002 0.050
SER01A0174_003 0.050
PRO01A0175_001 0.000
GLU01A0176_001 0.000
GLU01A0176_002 0.000
GLU02A0176_003 0.000
GLU02A0176_004 0.000
GLU-1A0176_005 0.000
ARG01A0177_001 0.000
ARG02A0177_002 0.000
ARG03A0177_003 0.000
ARG+1A0177_004 0.000
LEU01A0178_001 0.000
GLN01A0179_001 0.403
GLN01A0179_002 0.403
THR01A0181_001 0.000
HIS01A0182_001 0.801
HIS01A0182_002 0.801
HIS02A0182_003 0.801
HIS02A0182_004 0.801
HIS+1A0182_005 0.391
HIS+1A0182_006 0.391
TYR01A0183_001 0.322
TYR01A0183_002 0.322
TYR-1A0183_003 0.000
SER01A0184_001 0.388
SER01A0184_002 0.388
SER01A0184_003 0.388
VAL01A0185_001 0.000
GLN01A0186_001 0.324
GLN01A0186_002 0.324
SER01A0187_001 0.582
SER01A0187_002 0.582
SER01A0187_003 0.582
ASP01A0188_001 0.000
ASP01A0188_002 0.000
ASP02A0188_003 0.000
ASP02A0188_004 0.000
ASP-1A0188_005 0.000
ILE01A0189_001 0.000
TRP01A0190_001 0.000
SER01A0191_001 0.206
SER01A0191_002 0.206
MET01A0192_001 0.000
LEU01A0194_001 0.000
SER01A0195_001 0.122
SER01A0195_002 0.122
SER01A0195_003 0.122
LEU01A0196_001 0.000
VAL01A0197_001 0.000
GLU01A0198_001 0.000
GLU01A0198_002 0.000
GLU02A0198_003 0.000
GLU02A0198_004 0.000
GLU-1A0198_005 0.000
MET01A0199_001 0.000
ALA01A0200_001 0.000
VAL01A0201_001 0.000
ARG01A0203_001 0.000
ARG02A0203_002 0.000
ARG03A0203_003 0.000
ARG+1A0203_004 0.000
TYR01A0204_001 0.000
TYR01A0204_002 0.000
TYR-1A0204_003 0.000
PRO01A0205_001 0.000
ARG01A0206_001 0.000
ARG02A0206_002 0.000
ARG03A0206_003 0.000
ARG+1A0206_004 0.000
PRO01A0207_001 0.000
PRO01A0208_001 0.000
MET01A0209_001 0.000
ALA01A0210_001 0.000
ILE01A0211_001 0.000
PHE01A0212_001 0.000
GLU01A0213_001 0.000
GLU01A0213_002 0.000
GLU02A0213_003 0.000
GLU02A0213_004 0.000
GLU-1A0213_005 0.000
LEU01A0214_001 0.000
LEU01A0215_001 0.000
ASP01A0216_001 0.000
ASP01A0216_002 0.000
ASP02A0216_003 0.000
ASP02A0216_004 0.000
ASP-1A0216_005 0.000
TYR01A0217_001 0.381
TYR01A0217_002 0.381
TYR-1A0217_003 0.000
ILE01A0218_001 0.000
VAL01A0219_001 0.000
ASN01A0220_001 0.372
ASN01A0220_002 0.372
GLU01A0221_001 0.000
GLU01A0221_002 0.000
GLU02A0221_003 0.000
GLU02A0221_004 0.000
GLU-1A0221_005 0.000
PRO01A0222_001 0.000
PRO01A0223_001 0.000
PRO01A0224_001 0.000
LYS01A0225_001 0.000
LYS+1A0225_002 0.000
LEU01A0226_001 0.000
PRO01A0227_001 0.000
SER01A0228_001 0.000
ALA01A0229_001 0.000
VAL01A0230_001 0.000
PHE01A0231_001 0.000
SER01A0232_001 0.291
SER01A0232_002 0.291
SER01A0232_003 0.291
LEU01A0233_001 0.000
GLU01A0234_001 0.000
GLU01A0234_002 0.000
GLU02A0234_003 0.000
GLU02A0234_004 0.000
GLU-1A0234_005 0.000
PHE01A0235_001 0.000
GLN01A0236_001 0.091
GLN01A0236_002 0.091
ASP01A0237_001 0.000
ASP01A0237_002 0.000
ASP02A0237_003 0.000
ASP02A0237_004 0.000
ASP-1A0237_005 0.000
PHE01A0238_001 0.000
VAL01A0239_001 0.000
ASN01A0240_001 0.271
ASN01A0240_002 0.271
LYS01A0241_001 0.000
LYS+1A0241_002 0.000
CYS01A0242_001 0.625
CYS01A0242_002 0.625
CYS01A0242_003 0.625
CYS-1A0242_004 0.000
LEU01A0243_001 0.000
ILE01A0244_001 0.000
LYS01A0245_001 0.000
LYS+1A0245_002 0.000
ASN01A0246_001 0.000
ASN01A0246_002 0.000
PRO01A0247_001 0.000
ALA01A0248_001 0.000
GLU01A0249_001 0.000
GLU01A0249_002 0.000
GLU02A0249_003 0.000
GLU02A0249_004 0.000
GLU-1A0249_005 0.000
ARG01A0250_001 0.000
ARG02A0250_002 0.000
ARG02A0250_003 0.000
ARG03A0250_004 0.000
ARG03A0250_005 0.000
ARG+1A0250_006 0.000
ALA01A0251_001 0.000
ASP01A0252_001 0.000
ASP01A0252_002 0.000
ASP02A0252_003 0.000
ASP02A0252_004 0.000
ASP-1A0252_005 0.000
LEU01A0253_001 0.000
LYS01A0254_001 0.000
LYS+1A0254_002 0.000
GLN01A0255_001 0.000
GLN01A0255_002 0.000
LEU01A0256_001 0.000
MET01A0257_001 0.000
VAL01A0258_001 0.000
HIS01A0259_001 0.039
HIS02A0259_002 0.039
HIS+1A0259_003 0.000
ALA01A0260_001 0.000
PHE01A0261_001 0.000
ILE01A0262_001 0.000
LYS01A0263_001 0.000
LYS+1A0263_002 0.000
ARG01A0264_001 0.405
ARG02A0264_002 0.405
ARG02A0264_003 0.405
ARG03A0264_004 0.405
ARG03A0264_005 0.405
ARG+1A0264_006 0.000
SER01A0265_001 0.382
SER01A0265_002 0.382
SER01A0265_003 0.382
ASP01A0266_001 0.000
ASP01A0266_002 0.000
ASP02A0266_003 0.000
ASP02A0266_004 0.000
ASP-1A0266_005 0.000
ALA01A0267_001 0.000
GLU01A0268_001 0.279
GLU01A0268_002 0.279
GLU02A0268_003 0.279
GLU02A0268_004 0.279
GLU-1A0268_005 0.000
GLU01A0269_001 0.000
GLU01A0269_002 0.000
GLU02A0269_003 0.000
GLU02A0269_004 0.000
GLU-1A0269_005 0.000
VAL01A0270_001 0.000
ASP01A0271_001 0.000
ASP01A0271_002 0.000
ASP02A0271_003 0.000
ASP02A0271_004 0.000
ASP-1A0271_005 0.000
PHE01A0272_001 0.000
ALA01A0273_001 0.000
TRP01A0275_001 0.000
LEU01A0276_001 0.000
CYS01A0277_001 0.557
CYS01A0277_002 0.557
CYS01A0277_003 0.557
CYS-1A0277_004 0.000
SER01A0278_001 0.311
SER01A0278_002 0.311
THR01A0279_001 0.403
THR01A0279_002 0.403
ILE01A0280_001 0.000
LEU01A0282_001 0.000
EUI+1B0001_001 0.605
EUI+1B0001_002 0.605
EUI+1B0001_003 0.605
EUI01B0001_004 0.605
EUI01B0001_005 0.605
EUI01B0001_006 0.605
EUI02B0001_007 0.605
EUIDMB0001_008 0.000
