MET A0001_ R f 00 S f  0.0 H f 00 M 000
ALA A0002_ R f 00 S f  0.0 H f 00 M 000
LEU A0003_ R f 00 S f  0.0 H f 00 M 000
GLY A0004_ R f 00 S f  0.0 H f 00 M 000
GLU A0005_ R f 00 S f  0.0 H f 00 M 000
LEU A0006_ R f 00 S f  0.0 H f 00 M 000
LYS A0007_ R f 00 S f  0.0 H f 00 M 000
ASP A0008_ R f 00 S f  0.0 H f 00 M 000
ASP A0009_ R f 00 S f  0.0 H f 00 M 000
ASP A0010_ R f 00 S f  0.0 H f 00 M 000
PHE A0011_ R f 00 S f  0.0 H f 00 M 000
GLU A0012_ R f 00 S f  0.0 H f 00 M 000
LYS A0013_ R f 00 S f  0.0 H f 00 M 000
ILE A0014_ R f 00 S f  0.0 H f 00 M 000
SER A0015_ R f 00 S f  0.0 H f 00 M 000
GLU A0016_ R f 00 S f  0.0 H f 00 M 000
LEU A0017_ R f 00 S f  0.0 H f 00 M 000
GLY A0018_ R f 00 S f  0.0 H f 00 M 000
ALA A0019_ R f 00 S f  0.0 H f 00 M 000
GLY A0020_ R f 00 S f  0.0 H f 00 M 000
ASN A0021_ R f 00 S f  0.0 H f 00 M 000
GLY A0022_ R f 00 S f  0.0 H f 00 M 000
GLY A0023_ R f 00 S f  0.0 H f 00 M 000
VAL A0024_ R f 00 S f  0.0 H f 00 M 000
VAL A0025_ R f 00 S f  0.0 H f 00 M 000
PHE A0026_ R f 00 S f  0.0 H f 00 M 000
LYS A0027_ R f 00 S f  0.0 H f 00 M 000
VAL A0028_ R f 00 S f  0.0 H f 00 M 000
SER A0029_ R f 00 S f  0.0 H f 00 M 000
HIS A0030_ R f 00 S f  0.0 H f 00 M 000
LYS A0031_ R f 00 S f  0.0 H f 00 M 000
PRO A0032_ R f 00 S f  0.0 H f 00 M 000
SER A0033_ R f 00 S f  0.0 H f 00 M 000
GLY A0034_ R f 00 S f  0.0 H f 00 M 000
LEU A0035_ R f 00 S f  0.0 H f 00 M 000
VAL A0036_ R f 00 S f  0.0 H f 00 M 000
MET A0037_ R f 00 S f  0.0 H f 00 M 000
ALA A0038_ R f 00 S f  0.0 H f 00 M 000
ARG A0039_ R f 00 S f  0.0 H f 00 M 000
LYS A0040_ R f 00 S f  0.0 H f 00 M 000
LEU A0041_ R f 00 S f  0.0 H f 00 M 000
ILE A0042_ R f 00 S f  0.0 H f 00 M 000
HIS A0043_ R f 00 S f  0.0 H f 00 M 000
LEU A0044_ R f 00 S f  0.0 H f 00 M 000
GLU A0045_ R f 00 S f  0.0 H f 00 M 000
ILE A0046_ R f 00 S f  0.0 H f 00 M 000
LYS A0047_ R f 00 S f  0.0 H f 00 M 000
PRO A0048_ R f 00 S f  0.0 H f 00 M 000
ALA A0049_ R f 00 S f  0.0 H f 00 M 000
ILE A0050_ R f 00 S f  0.0 H f 00 M 000
ARG A0051_ R f 00 S f  0.0 H f 00 M 000
ASN A0052_ R f 00 S f  0.0 H f 00 M 000
GLN A0053_ R f 00 S f  0.0 H f 00 M 000
ILE A0054_ R f 00 S f  0.0 H f 00 M 000
ILE A0055_ R f 00 S f  0.0 H f 00 M 000
ARG A0056_ R f 00 S f  0.0 H f 00 M 000
GLU A0057_ R f 00 S f  0.0 H f 00 M 000
LEU A0058_ R f 00 S f  0.0 H f 00 M 000
GLN A0059_ R f 00 S f  0.0 H f 00 M 000
VAL A0060_ R f 00 S f  0.0 H f 00 M 000
LEU A0061_ R f 00 S f  0.0 H f 00 M 000
HIS A0062_ R f 00 S f  0.0 H f 00 M 000
GLU A0063_ R f 00 S f  0.0 H f 00 M 000
CYS A0064_ R f 00 S f  0.0 H f 00 M 000
ASN A0065_ R f 00 S f  0.0 H f 00 M 000
SER A0066_ R f 00 S f  0.0 H f 00 M 000
PRO A0067_ R f 00 S f  0.0 H f 00 M 000
TYR A0068_ R f 00 S f  0.0 H f 00 M 000
ILE A0069_ R f 00 S f  0.0 H f 00 M 000
VAL A0070_ R f 00 S f  0.0 H f 00 M 000
GLY A0071_ R f 00 S f  0.0 H f 00 M 000
PHE A0072_ R f 00 S f  0.0 H f 00 M 000
TYR A0073_ R f 00 S f  0.0 H f 00 M 000
GLY A0074_ R f 00 S f  0.0 H f 00 M 000
ALA A0075_ R f 00 S f  0.0 H f 00 M 000
PHE A0076_ R f 00 S f  0.0 H f 00 M 000
TYR A0077_ R f 00 S f  0.0 H f 00 M 000
SER A0078_ R f 00 S f  0.0 H f 00 M 000
ASP A0079_ R f 00 S f  0.0 H f 00 M 000
GLY A0080_ R f 00 S f  0.0 H f 00 M 000
GLU A0081_ R f 00 S f  0.0 H f 00 M 000
ILE A0082_ R f 00 S f  0.0 H f 00 M 000
SER A0083_ R f 00 S f  0.0 H f 00 M 000
ILE A0084_ R f 00 S f  0.0 H f 00 M 000
CYS A0085_ R f 00 S f  0.0 H f 00 M 000
MET A0086_ R f 00 S f  0.0 H f 00 M 000
GLU A0087_ R f 00 S f  0.0 H f 00 M 000
HIS A0088_ R f 00 S f  0.0 H f 00 M 000
MET A0089_ R f 00 S f  0.0 H f 00 M 000
ASP A0090_ R f 00 S f  0.0 H f 00 M 000
GLY A0091_ R f 00 S f  0.0 H f 00 M 000
GLY A0092_ R f 00 S f  0.0 H f 00 M 000
SER A0093_ R f 00 S f  0.0 H f 00 M 000
LEU A0094_ R f 00 S f  0.0 H f 00 M 000
ASP A0095_ R f 00 S f  0.0 H f 00 M 000
GLN A0096_ R f 00 S f  0.0 H f 00 M 000
VAL A0097_ R f 00 S f  0.0 H f 00 M 000
LEU A0098_ R f 00 S f  0.0 H f 00 M 000
LYS A0099_ R f 00 S f  0.0 H f 00 M 000
LYS A0100_ R f 00 S f  0.0 H f 00 M 000
ALA A0101_ R f 00 S f  0.0 H f 00 M 000
GLY A0102_ R f 00 S f  0.0 H f 00 M 000
ARG A0103_ R f 00 S f  0.0 H f 00 M 000
ILE A0104_ R f 00 S f  0.0 H f 00 M 000
PRO A0105_ R f 00 S f  0.0 H f 00 M 000
GLU A0106_ R f 00 S f  0.0 H f 00 M 000
GLN A0107_ R f 00 S f  0.0 H f 00 M 000
ILE A0108_ R f 00 S f  0.0 H f 00 M 000
LEU A0109_ R f 00 S f  0.0 H f 00 M 000
GLY A0110_ R f 00 S f  0.0 H f 00 M 000
LYS A0111_ R f 00 S f  0.0 H f 00 M 000
VAL A0112_ R f 00 S f  0.0 H f 00 M 000
SER A0113_ R f 00 S f  0.0 H f 00 M 000
ILE A0114_ R f 00 S f  0.0 H f 00 M 000
ALA A0115_ R f 00 S f  0.0 H f 00 M 000
VAL A0116_ R f 00 S f  0.0 H f 00 M 000
ILE A0117_ R f 00 S f  0.0 H f 00 M 000
LYS A0118_ R f 00 S f  0.0 H f 00 M 000
GLY A0119_ R f 00 S f  0.0 H f 00 M 000
LEU A0120_ R f 00 S f  0.0 H f 00 M 000
THR A0121_ R f 00 S f  0.0 H f 00 M 000
TYR A0122_ R f 00 S f  0.0 H f 00 M 000
LEU A0123_ R f 00 S f  0.0 H f 00 M 000
ARG A0124_ R f 00 S f  0.0 H f 00 M 000
GLU A0125_ R f 00 S f  0.0 H f 00 M 000
LYS A0126_ R f 00 S f  0.0 H f 00 M 000
HIS A0127_ R f 00 S f  0.0 H f 00 M 000
LYS A0128_ R f 00 S f  0.0 H f 00 M 000
ILE A0129_ R f 00 S f  0.0 H f 00 M 000
MET A0130_ R f 00 S f  0.0 H f 00 M 000
HIS A0131_ R f 00 S f  0.0 H f 00 M 000
ARG A0132_ R f 00 S f  0.0 H f 00 M 000
ASP A0133_ R f 00 S f  0.0 H f 00 M 000
VAL A0134_ R f 00 S f  0.0 H f 00 M 000
LYS A0135_ R f 00 S f  0.0 H f 00 M 000
PRO A0136_ R f 00 S f  0.0 H f 00 M 000
SER A0137_ R f 00 S f  0.0 H f 00 M 000
ASN A0138_ R f 00 S f  0.0 H f 00 M 000
ILE A0139_ R f 00 S f  0.0 H f 00 M 000
LEU A0140_ R f 00 S f  0.0 H f 00 M 000
VAL A0141_ R f 00 S f  0.0 H f 00 M 000
ASN A0142_ R f 00 S f  0.0 H f 00 M 000
SER A0143_ R f 00 S f  0.0 H f 00 M 000
ARG A0144_ R f 00 S f  0.0 H f 00 M 000
GLY A0145_ R f 00 S f  0.0 H f 00 M 000
GLU A0146_ R f 00 S f  0.0 H f 00 M 000
ILE A0147_ R f 00 S f  0.0 H f 00 M 000
LYS A0148_ R f 00 S f  0.0 H f 00 M 000
LEU A0149_ R f 00 S f  0.0 H f 00 M 000
CYS A0150_ R f 00 S f  0.0 H f 00 M 000
ASP A0151_ R f 00 S f  0.0 H f 00 M 000
PHE A0152_ R f 00 S f  0.0 H f 00 M 000
GLY A0153_ R f 00 S f  0.0 H f 00 M 000
VAL A0154_ R f 00 S f  0.0 H f 00 M 000
SER A0155_ R f 00 S f  0.0 H f 00 M 000
GLY A0156_ R f 00 S f  0.0 H f 00 M 000
GLN A0157_ R f 00 S f  0.0 H f 00 M 000
LEU A0158_ R f 00 S f  0.0 H f 00 M 000
ILE A0159_ R f 00 S f  0.0 H f 00 M 000
ASP A0160_ R f 00 S f  0.0 H f 00 M 000
GLU A0161_ R f 00 S f  0.0 H f 00 M 000
MET A0162_ R f 00 S f  0.0 H f 00 M 000
ALA A0163_ R f 00 S f  0.0 H f 00 M 000
ASN A0164_ R f 00 S f  0.0 H f 00 M 000
GLU A0165_ R f 00 S f  0.0 H f 00 M 000
PHE A0166_ R f 00 S f  0.0 H f 00 M 000
VAL A0167_ R f 00 S f  0.0 H f 00 M 000
GLY A0168_ R f 00 S f  0.0 H f 00 M 000
THR A0169_ R f 00 S f  0.0 H f 00 M 000
ARG A0170_ R f 00 S f  0.0 H f 00 M 000
SER A0171_ R f 00 S f  0.0 H f 00 M 000
TYR A0172_ R f 00 S f  0.0 H f 00 M 000
MET A0173_ R f 00 S f  0.0 H f 00 M 000
SER A0174_ R f 00 S f  0.0 H f 00 M 000
PRO A0175_ R f 00 S f  0.0 H f 00 M 000
GLU A0176_ R f 00 S f  0.0 H f 00 M 000
ARG A0177_ R f 00 S f  0.0 H f 00 M 000
LEU A0178_ R f 00 S f  0.0 H f 00 M 000
GLN A0179_ R f 00 S f  0.0 H f 00 M 000
GLY A0180_ R f 00 S f  0.0 H f 00 M 000
THR A0181_ R f 00 S f  0.0 H f 00 M 000
HIS A0182_ R f 00 S f  0.0 H f 00 M 000
TYR A0183_ R f 00 S f  0.0 H f 00 M 000
SER A0184_ R f 00 S f  0.0 H f 00 M 000
VAL A0185_ R f 00 S f  0.0 H f 00 M 000
GLN A0186_ R f 00 S f  0.0 H f 00 M 000
SER A0187_ R f 00 S f  0.0 H f 00 M 000
ASP A0188_ R f 00 S f  0.0 H f 00 M 000
ILE A0189_ R f 00 S f  0.0 H f 00 M 000
TRP A0190_ R f 00 S f  0.0 H f 00 M 000
SER A0191_ R f 00 S f  0.0 H f 00 M 000
MET A0192_ R f 00 S f  0.0 H f 00 M 000
GLY A0193_ R f 00 S f  0.0 H f 00 M 000
LEU A0194_ R f 00 S f  0.0 H f 00 M 000
SER A0195_ R f 00 S f  0.0 H f 00 M 000
LEU A0196_ R f 00 S f  0.0 H f 00 M 000
VAL A0197_ R f 00 S f  0.0 H f 00 M 000
GLU A0198_ R f 00 S f  0.0 H f 00 M 000
MET A0199_ R f 00 S f  0.0 H f 00 M 000
ALA A0200_ R f 00 S f  0.0 H f 00 M 000
VAL A0201_ R f 00 S f  0.0 H f 00 M 000
GLY A0202_ R f 00 S f  0.0 H f 00 M 000
ARG A0203_ R f 00 S f  0.0 H f 00 M 000
TYR A0204_ R f 00 S f  0.0 H f 00 M 000
PRO A0205_ R f 00 S f  0.0 H f 00 M 000
ARG A0206_ R f 00 S f  0.0 H f 00 M 000
PRO A0207_ R f 00 S f  0.0 H f 00 M 000
PRO A0208_ R f 00 S f  0.0 H f 00 M 000
MET A0209_ R f 00 S f  0.0 H f 00 M 000
ALA A0210_ R f 00 S f  0.0 H f 00 M 000
ILE A0211_ R f 00 S f  0.0 H f 00 M 000
PHE A0212_ R f 00 S f  0.0 H f 00 M 000
GLU A0213_ R f 00 S f  0.0 H f 00 M 000
LEU A0214_ R f 00 S f  0.0 H f 00 M 000
LEU A0215_ R f 00 S f  0.0 H f 00 M 000
ASP A0216_ R f 00 S f  0.0 H f 00 M 000
TYR A0217_ R f 00 S f  0.0 H f 00 M 000
ILE A0218_ R f 00 S f  0.0 H f 00 M 000
VAL A0219_ R f 00 S f  0.0 H f 00 M 000
ASN A0220_ R f 00 S f  0.0 H f 00 M 000
GLU A0221_ R f 00 S f  0.0 H f 00 M 000
PRO A0222_ R f 00 S f  0.0 H f 00 M 000
PRO A0223_ R f 00 S f  0.0 H f 00 M 000
PRO A0224_ R f 00 S f  0.0 H f 00 M 000
LYS A0225_ R f 00 S f  0.0 H f 00 M 000
LEU A0226_ R f 00 S f  0.0 H f 00 M 000
PRO A0227_ R f 00 S f  0.0 H f 00 M 000
SER A0228_ R f 00 S f  0.0 H f 00 M 000
ALA A0229_ R f 00 S f  0.0 H f 00 M 000
VAL A0230_ R f 00 S f  0.0 H f 00 M 000
PHE A0231_ R f 00 S f  0.0 H f 00 M 000
SER A0232_ R f 00 S f  0.0 H f 00 M 000
LEU A0233_ R f 00 S f  0.0 H f 00 M 000
GLU A0234_ R f 00 S f  0.0 H f 00 M 000
PHE A0235_ R f 00 S f  0.0 H f 00 M 000
GLN A0236_ R f 00 S f  0.0 H f 00 M 000
ASP A0237_ R f 00 S f  0.0 H f 00 M 000
PHE A0238_ R f 00 S f  0.0 H f 00 M 000
VAL A0239_ R f 00 S f  0.0 H f 00 M 000
ASN A0240_ R f 00 S f  0.0 H f 00 M 000
LYS A0241_ R f 00 S f  0.0 H f 00 M 000
CYS A0242_ R f 00 S f  0.0 H f 00 M 000
LEU A0243_ R f 00 S f  0.0 H f 00 M 000
ILE A0244_ R f 00 S f  0.0 H f 00 M 000
LYS A0245_ R f 00 S f  0.0 H f 00 M 000
ASN A0246_ R f 00 S f  0.0 H f 00 M 000
PRO A0247_ R f 00 S f  0.0 H f 00 M 000
ALA A0248_ R f 00 S f  0.0 H f 00 M 000
GLU A0249_ R f 00 S f  0.0 H f 00 M 000
ARG A0250_ R f 00 S f  0.0 H f 00 M 000
ALA A0251_ R f 00 S f  0.0 H f 00 M 000
ASP A0252_ R f 00 S f  0.0 H f 00 M 000
LEU A0253_ R f 00 S f  0.0 H f 00 M 000
LYS A0254_ R f 00 S f  0.0 H f 00 M 000
GLN A0255_ R f 00 S f  0.0 H f 00 M 000
LEU A0256_ R f 00 S f  0.0 H f 00 M 000
MET A0257_ R f 00 S f  0.0 H f 00 M 000
VAL A0258_ R f 00 S f  0.0 H f 00 M 000
HIS A0259_ R f 00 S f  0.0 H f 00 M 000
ALA A0260_ R f 00 S f  0.0 H f 00 M 000
PHE A0261_ R f 00 S f  0.0 H f 00 M 000
ILE A0262_ R f 00 S f  0.0 H f 00 M 000
LYS A0263_ R f 00 S f  0.0 H f 00 M 000
ARG A0264_ R f 00 S f  0.0 H f 00 M 000
SER A0265_ R f 00 S f  0.0 H f 00 M 000
ASP A0266_ R f 00 S f  0.0 H f 00 M 000
ALA A0267_ R f 00 S f  0.0 H f 00 M 000
GLU A0268_ R f 00 S f  0.0 H f 00 M 000
GLU A0269_ R f 00 S f  0.0 H f 00 M 000
VAL A0270_ R f 00 S f  0.0 H f 00 M 000
ASP A0271_ R f 00 S f  0.0 H f 00 M 000
PHE A0272_ R f 00 S f  0.0 H f 00 M 000
ALA A0273_ R f 00 S f  0.0 H f 00 M 000
GLY A0274_ R f 00 S f  0.0 H f 00 M 000
TRP A0275_ R f 00 S f  0.0 H f 00 M 000
LEU A0276_ R f 00 S f  0.0 H f 00 M 000
CYS A0277_ R f 00 S f  0.0 H f 00 M 000
SER A0278_ R f 00 S f  0.0 H f 00 M 000
THR A0279_ R f 00 S f  0.0 H f 00 M 000
ILE A0280_ R f 00 S f  0.0 H f 00 M 000
GLY A0281_ R f 00 S f  0.0 H f 00 M 000
LEU A0282_ R f 00 S f  0.0 H f 00 M 000
EUI B0001_ R f 00 S f  0.0 H f 00 M 000
ACP B0002_ R f 00 S f  0.0 H f 00 M 000
MG_ B0003_ R f 00 S f  0.0 H f 00 M 000
