CONFORMER         crg  vdw0  vdw1  tors  epol  self   occ  Hb     history    ASA
MET01A0001_001  0.000 -6.39 -1.86  0.93  0.00 -7.33 1.000  00  01O000M000  0.555
ALA01A0002_001  0.000 -3.45 -0.51  0.00  0.00 -3.96 1.000  00  01O000M000  0.609
LEU01A0003_001  0.000  2.01 -3.30  1.09  0.00 -0.19 1.000  00  01O000M000  0.064
GLU01A0005_001  0.000 -3.20  0.83  3.94  0.00  1.56 1.000  00  01O000M000  0.848
GLU01A0005_002  0.000 -3.20  0.83  1.22  0.00 -1.16 1.000  00  01O000M000  0.848
GLU02A0005_003  0.000 -3.01  0.83  3.94  0.00  1.76 1.000  00  02O000M000  0.793
GLU02A0005_004  0.000 -3.01  0.83  1.22  0.00 -0.96 1.000  00  02O000M000  0.793
GLU-1A0005_005 -1.000 -3.07  0.85  1.22  0.00 -1.00 1.000  00  -1O000M000  0.805
LEU01A0006_001  0.000  1.71 -0.07  0.80  0.00  2.43 1.000  00  01O000M000  0.039
LYS01A0007_001  0.000 -4.81 -2.98  2.61  0.00 -5.17 1.000  00  01O000M000  0.492
LYS+1A0007_002  1.000 -4.88 -2.99  2.61  0.00 -5.25 1.000  00  +1O000M000  0.492
ASP01A0008_001  0.000 -1.10 -0.46  4.40  0.00  2.85 1.000  00  01O000M000  0.327
ASP01A0008_002  0.000 -1.10 -0.46  1.68  0.00  0.13 1.000  00  01O000M000  0.327
ASP02A0008_003  0.000 -0.91 -0.91  4.40  0.00  2.59 1.000  00  02O000M000  0.309
ASP02A0008_004  0.000 -0.91 -0.91  1.68  0.00 -0.13 1.000  00  02O000M000  0.309
ASP-1A0008_005 -1.000 -1.08 -0.85  1.68  0.00 -0.25 1.000  00  -1O000M000  0.324
ASP01A0009_001  0.000 -3.16  0.98  5.37  0.00  3.19 1.000  00  01O000M000  0.773
ASP01A0009_002  0.000 -3.16  0.98  2.65  0.00  0.47 1.000  00  01O000M000  0.773
ASP02A0009_003  0.000 -3.00  0.56  5.37  0.00  2.93 1.000  00  02O000M000  0.790
ASP02A0009_004  0.000 -3.00  0.56  2.65  0.00  0.21 1.000  00  02O000M000  0.790
ASP-1A0009_005 -1.000 -3.07  0.60  2.65  0.00  0.17 1.000  00  -1O000M000  0.777
ASP01A0010_001  0.000 -1.07 -1.41  2.87  0.00  0.39 1.000  00  01O000M000  0.264
ASP01A0010_002  0.000 -1.07 -1.41  0.15  0.00 -2.33 1.000  00  01O000M000  0.264
ASP02A0010_003  0.000 -0.92 -1.95  2.87  0.00  0.00 1.000  00  02O000M000  0.255
ASP02A0010_004  0.000 -0.92 -1.95  0.15  0.00 -2.72 1.000  00  02O000M000  0.255
ASP-1A0010_005 -1.000 -1.03 -1.86  0.15  0.00 -2.74 1.000  00  -1O000M000  0.260
PHE01A0011_001  0.000  5.11 -6.05  0.20  0.00 -0.74 1.000  00  01O000M000  0.000
GLU01A0012_001  0.000  5.04 -2.04  6.05  0.00  9.05 1.000  00  01O000M000  0.574
GLU01A0012_002  0.000  5.04 -2.04  3.33  0.00  6.33 1.000  00  01O000M000  0.574
GLU02A0012_003  0.000  3.55 -2.01  6.05  0.00  7.60 1.000  00  02O000M000  0.580
GLU02A0012_004  0.000  3.55 -2.01  3.33  0.00  4.88 1.000  00  02O000M000  0.580
GLU-1A0012_005 -1.000  3.47 -1.96  3.33  0.00  4.85 1.000  00  -1O000M000  0.590
LYS01A0013_001  0.000 -6.41 -2.05  0.85  0.00 -7.62 1.000  00  01O000M000  0.559
LYS+1A0013_002  1.000 -6.46 -2.06  0.85  0.00 -7.66 1.000  00  +1O000M000  0.559
ILE01A0014_001  0.000 -1.95 -0.34  0.43  0.00 -1.86 1.000  00  01O000M000  0.339
SER01A0015_001  0.000 -2.38  0.73  0.38  0.00 -1.27 0.661  00  01O000M000  0.397
SER01A0015_002  0.000 -2.38  0.73  0.38  0.00 -1.27 0.661  00  01O000M000  0.397
GLU01A0016_001  0.000 -1.87 -3.30  3.50  0.00 -1.68 1.000  00  01O000M000  0.663
GLU01A0016_002  0.000 -1.87 -3.30  0.78  0.00 -4.40 1.000  00  01O000M000  0.663
GLU02A0016_003  0.000 -2.14 -3.32  3.50  0.00 -1.96 1.000  00  02O000M000  0.671
GLU02A0016_004  0.000 -2.14 -3.32  0.78  0.00 -4.68 1.000  00  02O000M000  0.671
GLU-1A0016_005 -1.000 -2.18 -3.27  0.78  0.00 -4.67 1.000  00  -1O000M000  0.657
LEU01A0017_001  0.000 -0.00 -3.08  0.57  0.00 -2.52 1.000  00  01O000M000  0.140
ALA01A0019_001  0.000 -3.38 -0.98  0.00  0.00 -4.36 1.000  00  01O000M000  0.614
ASN01A0021_001  0.000 -1.50 -2.07  1.10  0.00 -2.47 0.749  00  01O000M000  0.378
ASN01A0021_002  0.000 -1.32 -2.23  1.05  0.00 -2.51 0.751  00  01R001M000  0.361
VAL01A0024_001  0.000 -0.82 -2.53  0.00  0.00 -3.35 1.000  00  01O000M000  0.163
VAL01A0025_001  0.000  1.15 -4.51  0.36  0.00 -3.00 1.000  00  01O000M000  0.000
PHE01A0026_001  0.000  2.99 -6.98  0.02  0.00 -3.97 1.000  00  01O000M000  0.085
LYS01A0027_001  0.000 -1.77 -3.61  1.26  0.00 -4.12 1.000  00  01O000M000  0.231
LYS+1A0027_002  1.000 -1.82 -3.62  1.26  0.00 -4.17 1.000  00  +1O000M000  0.231
VAL01A0028_001  0.000  0.30 -1.46  0.00  0.00 -1.16 1.000  00  01O000M000  0.000
SER01A0029_001  0.000 -1.33 -1.97  0.68  0.00 -2.63 0.674  00  01O000M000  0.227
HIS01A0030_001  0.000 -0.12 -5.63  0.05  0.00 -5.70 1.000  00  01O000M000  0.004
HIS02A0030_002  0.000 -0.14 -5.69  0.05  0.00 -5.78 1.000  00  02O000M000  0.004
HIS+1A0030_003  1.000 -0.17 -5.72  0.05  0.00 -5.84 1.000  00  +1O000M000  0.004
LYS01A0031_001  0.000  6.77 50.16  1.40  0.00 58.33 1.000  00  01O000M000  0.415
LYS+1A0031_002  1.000  6.72 50.35  1.40  0.00 58.48 1.000  00  +1O000M000  0.415
PRO01A0032_001  0.000 -2.72 -1.58  0.00  0.00 -4.29 1.000  00  01O000M000  0.318
SER01A0033_001  0.000 -1.34 -1.69  0.75  0.00 -2.27 0.626  00  01O000M000  0.222
SER01A0033_002  0.000 -1.34 -1.69  0.37  0.00 -2.65 0.626  00  01O000M000  0.222
LEU01A0035_001  0.000 -0.82 -3.08  0.81  0.00 -3.09 1.000  00  01O000M000  0.296
VAL01A0036_001  0.000 -3.85  0.70  0.02  0.00 -3.13 1.000  00  01O000M000  0.407
MET01A0037_001  0.000  0.62 -6.20  0.13  0.00 -5.45 1.000  00  01O000M000  0.000
ALA01A0038_001  0.000  0.00 -3.07  0.00  0.00 -3.07 1.000  00  01O000M000  0.000
ARG01A0039_001  0.000  1.88 -5.65  1.17  0.00 -2.60 1.000  00  01O000M000  0.039
ARG02A0039_002  0.000  1.90 -5.65  1.17  0.00 -2.58 1.000  00  02O000M000  0.039
ARG03A0039_003  0.000  1.84 -5.63  1.17  0.00 -2.62 1.000  00  03O000M000  0.039
ARG03A0039_004  0.000  1.84 -5.65  1.17  0.00 -2.64 1.000  00  03O000M000  0.039
ARG+1A0039_005  1.000  1.80 -5.67  1.17  0.00 -2.70 1.000  00  +1O000M000  0.039
LYS01A0040_001  0.000  6.09 -6.61  2.65  0.00  2.13 1.000  00  01O000M000  0.000
LYS+1A0040_002  1.000  6.04 -6.69  2.65  0.00  2.00 1.000  00  +1O000M000  0.000
LEU01A0041_001  0.000  8.52 -4.06  0.35  0.00  4.81 1.000  00  01O000M000  0.068
ILE01A0042_001  0.000  3.29 -0.58  2.54  0.00  5.26 1.000  00  01O000M000  0.000
HIS01A0043_001  0.000 -6.11  4.86  1.48  0.00  0.23 1.000  00  01O000M000  0.516
HIS02A0043_002  0.000 -6.13  5.02  1.48  0.00  0.37 1.000  00  02O000M000  0.516
HIS+1A0043_003  1.000 -6.15  5.01  1.48  0.00  0.34 1.000  00  +1O000M000  0.516
LEU01A0044_001  0.000  0.87 11.13  0.67  0.00 12.67 1.000  00  01O000M000  0.030
GLU01A0045_001  0.000 -2.85 12.27  4.20  0.00 13.62 1.000  00  01O000M000  0.785
GLU01A0045_002  0.000 -2.85 12.27  1.48  0.00 10.90 1.000  00  01O000M000  0.785
GLU02A0045_003  0.000 -2.84  9.99  4.20  0.00 11.34 1.000  00  02O000M000  0.774
GLU02A0045_004  0.000 -2.84  9.99  1.48  0.00  8.62 1.000  00  02O000M000  0.774
GLU-1A0045_005 -1.000 -2.92 10.00  1.48  0.00  8.55 1.000  00  -1O000M000  0.781
ILE01A0046_001  0.000  0.26  1.59  0.87  0.00  2.72 1.000  00  01O000M000  0.082
LYS01A0047_001  0.000 -8.83 -1.66  1.22  0.00 -9.27 1.000  00  01O000M000  0.764
LYS+1A0047_002  1.000 -8.87 -1.67  1.22  0.00 -9.31 1.000  00  +1O000M000  0.764
PRO01A0048_001  0.000 -5.67  1.27  0.00  0.00 -4.40 1.000  00  01O000M000  0.613
ALA01A0049_001  0.000 -3.31  0.01  0.00  0.00 -3.31 1.000  00  01O000M000  0.617
ILE01A0050_001  0.000 -1.96 -0.50  0.45  0.00 -2.01 1.000  00  01O000M000  0.276
ARG01A0051_001  0.000  1.45 11.48  3.75  0.00 16.68 1.000  00  01O000M000  0.153
ARG02A0051_002  0.000  1.43 11.57  3.75  0.00 16.75 1.000  00  02O000M000  0.153
ARG02A0051_003  0.000  1.53  9.24  3.75  0.00 14.53 1.000  00  02O000M000  0.153
ARG03A0051_004  0.000  1.42 11.48  3.75  0.00 16.65 1.000  00  03O000M000  0.153
ARG03A0051_005  0.000  1.43 11.48  3.75  0.00 16.65 1.000  00  03O000M000  0.153
ARG+1A0051_006  1.000  1.38 11.47  3.75  0.00 16.60 1.000  00  +1O000M000  0.153
ASN01A0052_001  0.000 -2.35 -1.03  1.73  0.00 -1.65 0.750  00  01O000M000  0.549
ASN01A0052_002  0.000 -2.46  0.26  1.72  0.00 -0.48 0.750  00  01R001M000  0.534
GLN01A0053_001  0.000 -1.71 -0.98  3.61  0.00  0.91 0.757  00  01O000M000  0.427
GLN01A0053_002  0.000 -1.74 -0.90  3.62  0.00  0.97 0.743  00  01R001M000  0.415
ILE01A0054_001  0.000  2.93 -3.72  0.83  0.00  0.04 1.000  00  01O000M000  0.000
ILE01A0055_001  0.000  0.96 88.38  1.23  0.00 90.56 1.000  00  01O000M000  0.108
ARG01A0056_001  0.000 -7.98 -2.67  1.96  0.00 -8.69 1.000  00  01O000M000  0.695
ARG02A0056_002  0.000 -8.02 -2.71  1.96  0.00 -8.77 1.000  00  02O000M000  0.695
ARG03A0056_003  0.000 -8.02 -2.70  1.96  0.00 -8.77 1.000  00  03O000M000  0.695
ARG+1A0056_004  1.000 -8.07 -2.71  1.96  0.00 -8.82 1.000  00  +1O000M000  0.695
GLU01A0057_001  0.000 -0.24 -5.02  4.23  0.00 -1.03 1.000  00  01O000M000  0.247
GLU01A0057_002  0.000 -0.24 -5.02  1.51  0.00 -3.75 1.000  00  01O000M000  0.247
GLU02A0057_003  0.000 -0.54 -5.52  4.23  0.00 -1.83 1.000  00  02O000M000  0.277
GLU02A0057_004  0.000 -0.54 -5.52  1.51  0.00 -4.55 1.000  00  02O000M000  0.277
GLU-1A0057_005 -1.000 -0.48 -5.44  1.51  0.00 -4.42 1.000  00  -1O000M000  0.255
LEU01A0058_001  0.000  1.30 -2.28  0.99  0.00  0.02 1.000  00  01O000M000  0.000
GLN01A0059_001  0.000 -0.92 -3.03  1.04  0.00 -2.92 0.748  00  01O000M000  0.250
GLN01A0059_002  0.000 -0.85 -3.33  1.05  0.00 -3.14 0.752  00  01R001M000  0.257
VAL01A0060_001  0.000 -2.84  1.27  0.19  0.00 -1.39 1.000  00  01O000M000  0.344
LEU01A0061_001  0.000  1.30 -3.62  0.53  0.00 -1.79 1.000  00  01O000M000  0.000
HIS01A0062_001  0.000 -2.22 -5.94  0.55  0.00 -7.62 0.755  00  01O000M000  0.187
HIS01A0062_002  0.000 -1.88 -2.68  0.55  0.00 -4.01 0.745  00  01R001M000  0.162
HIS02A0062_003  0.000 -2.24 -5.90  0.55  0.00 -7.59 0.755  00  02O000M000  0.187
HIS02A0062_004  0.000 -1.89 -2.70  0.55  0.00 -4.05 0.745  00  02R001M000  0.162
HIS+1A0062_005  1.000 -2.27 -6.02  0.55  0.00 -7.74 0.755  00  +1O000M000  0.187
HIS+1A0062_006  1.000 -1.92 -2.74  0.55  0.00 -4.11 0.745  00  +1R001M000  0.162
GLU01A0063_001  0.000 -1.06 -1.06  4.67  0.00  2.55 1.000  00  01O000M000  0.637
GLU01A0063_002  0.000 -1.06 -1.06  1.95  0.00 -0.17 1.000  00  01O000M000  0.637
GLU02A0063_003  0.000 -1.28 -1.07  4.67  0.00  2.32 1.000  00  02O000M000  0.652
GLU02A0063_004  0.000 -1.28 -1.07  1.95  0.00 -0.40 1.000  00  02O000M000  0.652
GLU-1A0063_005 -1.000 -1.31 -1.02  1.95  0.00 -0.38 1.000  00  -1O000M000  0.647
CYS01A0064_001  0.000 -0.00 -2.34  0.25  0.00 -2.10 1.000  00  01O000M000  0.000
CYS01A0064_002  0.000 -0.00 -2.41  0.25  0.00 -2.17 1.000  00  01O000M000  0.000
CYS01A0064_003  0.000 -0.00 -2.33  0.25  0.00 -2.08 1.000  00  01O000M000  0.000
CYS-1A0064_004 -1.000  0.00 -2.30  0.25  0.00 -2.05 1.000  00  -1O000M000  0.000
ASN01A0065_001  0.000 -3.16 -0.06  0.53  0.00 -2.69 0.752  00  01O000M000  0.664
ASN01A0065_002  0.000 -3.31 -1.12  0.53  0.00 -3.90 0.748  00  01R001M000  0.752
SER01A0066_001  0.000  0.00  1.52  1.21  0.00  2.73 0.668  00  01O000M000  0.000
SER01A0066_002  0.000  0.00  1.52  1.21  0.00  2.73 0.668  00  01O000M000  0.000
PRO01A0067_001  0.000 -5.03  1.81  0.00  0.00 -3.22 1.000  00  01O000M000  0.534
TYR01A0068_001  0.000 -0.10 -6.95  0.35  0.00 -6.70 1.000  00  01O000M000  0.289
TYR-1A0068_002 -1.000 -0.10 -6.95  0.35  0.00 -6.70 1.000  00  -1O000M000  0.289
ILE01A0069_001  0.000  1.45  8.19  0.35  0.00  9.99 1.000  00  01O000M000  0.000
VAL01A0070_001  0.000  0.72 16.53  0.29  0.00 17.53 1.000  00  01O000M000  0.000
PHE01A0072_001  0.000  2.90 -7.49  0.43  0.00 -4.16 1.000  00  01O000M000  0.000
TYR01A0073_001  0.000  0.42 -5.41  0.08  0.00 -4.92 1.000  00  01O000M000  0.267
TYR-1A0073_002 -1.000  0.42 -5.41  0.08  0.00 -4.92 1.000  00  -1O000M000  0.267
ALA01A0075_001  0.000  0.00 -1.53  0.00  0.00 -1.53 1.000  00  01O000M000  0.000
PHE01A0076_001  0.000  2.98 -7.97  0.04  0.00 -4.95 1.000  00  01O000M000  0.083
TYR01A0077_001  0.000  0.52 48.61  0.09  0.00 49.22 1.000  00  01O000M000  0.266
TYR01A0077_002  0.000  0.52 48.61  0.09  0.00 49.22 1.000  00  01O000M000  0.266
TYR-1A0077_003 -1.000  0.52 48.61  0.09  0.00 49.22 1.000  00  -1O000M000  0.266
SER01A0078_001  0.000 -0.86  1.05  2.48  0.00  2.66 0.664  00  01O000M000  0.140
SER01A0078_002  0.000 -0.86  1.05  2.10  0.00  2.29 0.664  00  01O000M000  0.140
ASP01A0079_001  0.000 -3.51  0.56  4.75  0.00  1.80 1.000  00  01O000M000  0.880
ASP01A0079_002  0.000 -3.51  0.56  2.03  0.00 -0.92 1.000  00  01O000M000  0.880
ASP02A0079_003  0.000 -3.40  0.33  4.75  0.00  1.68 1.000  00  02O000M000  0.879
ASP02A0079_004  0.000 -3.40  0.33  2.03  0.00 -1.04 1.000  00  02O000M000  0.879
ASP-1A0079_005 -1.000 -3.44  0.35  2.03  0.00 -1.05 1.000  00  -1O000M000  0.893
GLU01A0081_001  0.000 -0.07 -5.09  4.20  0.00 -0.96 1.000  00  01O000M000  0.244
GLU01A0081_002  0.000 -0.07 -5.09  1.48  0.00 -3.68 1.000  00  01O000M000  0.244
GLU02A0081_003  0.000 -0.24 -5.10  4.20  0.00 -1.14 1.000  00  02O000M000  0.251
GLU02A0081_004  0.000 -0.24 -5.10  1.48  0.00 -3.86 1.000  00  02O000M000  0.251
GLU-1A0081_005 -1.000 -0.29 -5.03  1.48  0.00 -3.84 1.000  00  -1O000M000  0.248
ILE01A0082_001  0.000  1.35  1.96  1.42  0.00  4.73 1.000  00  01O000M000  0.000
SER01A0083_001  0.000 -0.06 -1.93  2.91  0.00  0.91 0.670  00  01O000M000  0.010
SER01A0083_002  0.000 -0.06 -1.93  2.91  0.00  0.91 0.670  00  01O000M000  0.010
ILE01A0084_001  0.000  5.54 -1.79  0.46  0.00  4.20 1.000  00  01O000M000  0.000
CYS01A0085_001  0.000 -0.00  0.67  0.11  0.00  0.78 1.000  00  01O000M000  0.000
CYS01A0085_002  0.000 -0.00  0.63  0.11  0.00  0.73 1.000  00  01O000M000  0.000
CYS01A0085_003  0.000 -0.00  0.70  0.11  0.00  0.80 1.000  00  01O000M000  0.000
CYS-1A0085_004 -1.000  0.00  0.72  0.11  0.00  0.83 1.000  00  -1O000M000  0.000
MET01A0086_001  0.000  0.29 -7.64  1.56  0.00 -5.78 1.000  00  01O000M000  0.000
GLU01A0087_001  0.000  1.16 -4.32  3.43  0.00  0.27 1.000  00  01O000M000  0.187
GLU01A0087_002  0.000  1.16 -4.32  0.71  0.00 -2.45 1.000  00  01O000M000  0.187
GLU02A0087_003  0.000  0.68 -4.34  3.43  0.00 -0.23 1.000  00  02O000M000  0.203
GLU02A0087_004  0.000  0.68 -4.34  0.71  0.00 -2.95 1.000  00  02O000M000  0.203
GLU-1A0087_005 -1.000  0.70 -4.29  0.71  0.00 -2.88 1.000  00  -1O000M000  0.191
HIS01A0088_001  0.000 -0.99 -7.90  0.01  0.00 -8.88 0.754  00  01O000M000  0.076
HIS01A0088_002  0.000 -1.13 -7.78  0.01  0.00 -8.90 0.746  00  01R001M000  0.093
HIS02A0088_003  0.000 -1.01 -7.91  0.01  0.00 -8.92 0.754  00  02O000M000  0.076
HIS02A0088_004  0.000 -1.14 -7.84  0.01  0.00 -8.97 0.746  00  02R001M000  0.093
HIS+1A0088_005  1.000 -1.04 -7.94  0.01  0.00 -8.97 0.754  00  +1O000M000  0.076
HIS+1A0088_006  1.000 -1.17 -7.88  0.01  0.00 -9.03 0.746  00  +1R001M000  0.093
MET01A0089_001  0.000  0.50 -6.86  1.71  0.00 -4.64 1.000  00  01O000M000  0.000
ASP01A0090_001  0.000 -1.43 12.45  2.76  0.00 13.78 1.000  00  01O000M000  0.335
ASP01A0090_002  0.000 -1.43 12.45  0.04  0.00 11.06 1.000  00  01O000M000  0.335
ASP02A0090_003  0.000 -1.39  8.36  2.76  0.00  9.74 1.000  00  02O000M000  0.347
ASP02A0090_004  0.000 -1.39  8.36  0.04  0.00  7.02 1.000  00  02O000M000  0.347
ASP-1A0090_005 -1.000 -1.43  8.44  0.04  0.00  7.05 1.000  00  -1O000M000  0.342
SER01A0093_001  0.000  0.00 -4.21  0.38  0.00 -3.83 0.667  00  01O000M000  0.000
SER01A0093_002  0.000  0.00 -4.21  0.38  0.00 -3.83 0.667  00  01O000M000  0.000
LEU01A0094_001  0.000  2.52 -0.39  0.43  0.00  2.56 1.000  00  01O000M000  0.000
ASP01A0095_001  0.000 -0.87 -3.83  3.50  0.00 -1.20 1.000  00  01O000M000  0.276
ASP01A0095_002  0.000 -0.87 -3.83  0.78  0.00 -3.92 1.000  00  01O000M000  0.276
ASP02A0095_003  0.000 -0.73 -3.93  3.50  0.00 -1.16 1.000  00  02O000M000  0.268
ASP02A0095_004  0.000 -0.73 -3.93  0.78  0.00 -3.88 1.000  00  02O000M000  0.268
ASP-1A0095_005 -1.000 -0.86 -3.87  0.78  0.00 -3.95 1.000  00  -1O000M000  0.274
GLN01A0096_001  0.000 -1.43 -6.14  1.42  0.00 -6.14 0.754  00  01O000M000  0.333
GLN01A0096_002  0.000 -1.23 -5.39  1.42  0.00 -5.21 0.746  00  01R001M000  0.297
VAL01A0097_001  0.000  0.88  3.11  0.00  0.00  3.99 1.000  00  01O000M000  0.000
LEU01A0098_001  0.000  1.08 -6.86  0.56  0.00 -5.22 1.000  00  01O000M000  0.035
LYS01A0099_001  0.000 -5.81 -0.10  4.57  0.00 -1.34 1.000  00  01O000M000  0.616
LYS+1A0099_002  1.000 -5.85 -0.12  4.57  0.00 -1.40 1.000  00  +1O000M000  0.616
LYS01A0100_001  0.000 -2.13 -3.69  1.77  0.00 -4.06 1.000  00  01O000M000  0.471
LYS+1A0100_002  1.000 -2.17 -3.71  1.77  0.00 -4.12 1.000  00  +1O000M000  0.471
ALA01A0101_001  0.000 -0.05 -2.18  0.00  0.00 -2.23 1.000  00  01O000M000  0.009
ARG01A0103_001  0.000 -7.35 -3.21  0.87  0.00 -9.69 1.000  00  01O000M000  0.639
ARG02A0103_002  0.000 -7.33 -3.23  0.87  0.00 -9.68 1.000  00  02O000M000  0.639
ARG03A0103_003  0.000 -7.39 -3.23  0.87  0.00 -9.75 1.000  00  03O000M000  0.639
ARG+1A0103_004  1.000 -7.43 -3.23  0.87  0.00 -9.80 1.000  00  +1O000M000  0.639
ILE01A0104_001  0.000  1.53 -4.22  0.52  0.00 -2.17 1.000  00  01O000M000  0.000
PRO01A0105_001  0.000 -2.57  0.97  0.00  0.00 -1.60 1.000  00  01O000M000  0.293
GLU01A0106_001  0.000  1.43  0.92  6.95  0.00  9.30 1.000  00  01O000M000  0.112
GLU01A0106_002  0.000  1.43  0.92  4.23  0.00  6.58 1.000  00  01O000M000  0.112
GLU02A0106_003  0.000  1.13  0.61  6.95  0.00  8.69 1.000  00  02O000M000  0.120
GLU02A0106_004  0.000  1.13  0.61  4.23  0.00  5.97 1.000  00  02O000M000  0.120
GLU-1A0106_005 -1.000  1.04  0.70  4.23  0.00  5.97 1.000  00  -1O000M000  0.120
GLN01A0107_001  0.000  2.13 -2.36  1.25  0.00  1.02 0.752  00  01O000M000  0.496
GLN01A0107_002  0.000  0.40 -2.67  1.24  0.00 -1.03 0.748  00  01R001M000  0.464
ILE01A0108_001  0.000  3.37 -0.69  1.09  0.00  3.77 1.000  00  01O000M000  0.022
LEU01A0109_001  0.000  1.43 -7.16  0.45  0.00 -5.29 1.000  00  01O000M000  0.000
LYS01A0111_001  0.000 -1.90 -2.77  0.81  0.00 -3.86 1.000  00  01O000M000  0.163
LYS+1A0111_002  1.000 -1.95 -2.73  0.81  0.00 -3.87 1.000  00  +1O000M000  0.163
VAL01A0112_001  0.000  0.59 -1.01  0.40  0.00 -0.02 1.000  00  01O000M000  0.000
SER01A0113_001  0.000  0.00 -1.00  0.54  0.00 -0.46 0.672  00  01O000M000  0.000
SER01A0113_002  0.000  0.00 -1.00  0.54  0.00 -0.46 0.672  00  01O000M000  0.000
ILE01A0114_001  0.000  5.27 -0.03  0.46  0.00  5.70 1.000  00  01O000M000  0.062
ALA01A0115_001  0.000 -0.26 -1.90  0.00  0.00 -2.16 1.000  00  01O000M000  0.047
VAL01A0116_001  0.000  0.80 -1.01  0.01  0.00 -0.20 1.000  00  01O000M000  0.000
ILE01A0117_001  0.000  1.12 42.55  0.39  0.00 44.06 1.000  00  01O000M000  0.000
LYS01A0118_001  0.000 -1.70 -3.65  1.23  0.00 -4.12 1.000  00  01O000M000  0.284
LYS+1A0118_002  1.000 -1.75 -3.66  1.23  0.00 -4.18 1.000  00  +1O000M000  0.284
LEU01A0120_001  0.000  2.22 -3.92  0.42  0.00 -1.28 1.000  00  01O000M000  0.000
THR01A0121_001  0.000 -2.10  0.39  0.57  0.00 -1.14 0.660  00  01O000M000  0.250
THR01A0121_002  0.000 -2.10  0.39  0.57  0.00 -1.14 0.660  00  01O000M000  0.250
TYR01A0122_001  0.000  1.82 -6.13  0.03  0.00 -4.28 1.000  00  01O000M000  0.118
TYR01A0122_002  0.000  1.82 -6.13  0.03  0.00 -4.28 1.000  00  01O000M000  0.118
TYR-1A0122_003 -1.000  1.82 -6.13  0.03  0.00 -4.28 1.000  00  -1O000M000  0.118
LEU01A0123_001  0.000  1.21 -5.18  0.96  0.00 -3.01 1.000  00  01O000M000  0.000
ARG01A0124_001  0.000 -0.80 -3.14  1.93  0.00 -2.01 1.000  00  01O000M000  0.305
ARG02A0124_002  0.000 -0.85 -3.16  1.93  0.00 -2.08 1.000  00  02O000M000  0.305
ARG03A0124_003  0.000 -0.85 -3.15  1.93  0.00 -2.07 1.000  00  03O000M000  0.305
ARG+1A0124_004  1.000 -0.90 -3.16  1.93  0.00 -2.13 1.000  00  +1O000M000  0.305
GLU01A0125_001  0.000 -1.40 -2.66  3.16  0.00 -0.90 1.000  00  01O000M000  0.500
GLU01A0125_002  0.000 -1.40 -2.66  0.44  0.00 -3.62 1.000  00  01O000M000  0.500
GLU02A0125_003  0.000 -1.63 -2.63  3.16  0.00 -1.10 1.000  00  02O000M000  0.523
GLU02A0125_004  0.000 -1.63 -2.63  0.44  0.00 -3.82 1.000  00  02O000M000  0.523
GLU-1A0125_005 -1.000 -1.57 -2.60  0.44  0.00 -3.74 1.000  00  -1O000M000  0.516
LYS01A0126_001  0.000 -6.04  0.12  2.44  0.00 -3.49 1.000  00  01O000M000  0.523
LYS+1A0126_002  1.000 -6.12  0.11  2.44  0.00 -3.57 1.000  00  +1O000M000  0.523
HIS01A0127_001  0.000 -0.72 -3.65  0.00  0.00 -4.37 1.000  00  01O000M000  0.051
HIS02A0127_002  0.000 -0.74 -3.60  0.00  0.00 -4.34 1.000  00  02O000M000  0.051
HIS+1A0127_003  1.000 -0.77 -3.68  0.00  0.00 -4.45 1.000  00  +1O000M000  0.051
LYS01A0128_001  0.000 -7.98  1.76  4.02  0.00 -2.20 1.000  00  01O000M000  0.805
LYS+1A0128_002  1.000 -8.04  1.76  4.02  0.00 -2.27 1.000  00  +1O000M000  0.805
ILE01A0129_001  0.000  1.42  2.17  0.69  0.00  4.28 1.000  00  01O000M000  0.045
MET01A0130_001  0.000 -0.38 -0.35  7.43  0.00  6.70 1.000  00  01O000M000  0.172
HIS01A0131_001  0.000 -0.21 -3.93  0.18  0.00 -3.96 1.000  00  01O000M000  0.000
HIS02A0131_002  0.000 -0.22 -3.94  0.18  0.00 -3.98 1.000  00  02O000M000  0.000
HIS+1A0131_003  1.000 -0.25 -4.02  0.18  0.00 -4.09 1.000  00  +1O000M000  0.000
ARG01A0132_001  0.000  0.19 -2.29  1.24  0.00 -0.85 1.000  00  01O000M000  0.238
ARG02A0132_002  0.000  0.16 -2.29  1.24  0.00 -0.89 1.000  00  02O000M000  0.238
ARG03A0132_003  0.000  0.15 -2.29  1.24  0.00 -0.90 1.000  00  03O000M000  0.238
ARG+1A0132_004  1.000  0.11 -2.30  1.24  0.00 -0.95 1.000  00  +1O000M000  0.238
ASP01A0133_001  0.000  0.07 -1.15  3.56  0.00  2.48 1.000  00  01O000M000  0.000
ASP01A0133_002  0.000  0.07 -1.15  0.84  0.00 -0.24 1.000  00  01O000M000  0.000
ASP02A0133_003  0.000  0.12 -1.46  3.56  0.00  2.22 1.000  00  02O000M000  0.000
ASP02A0133_004  0.000  0.12 -1.46  0.84  0.00 -0.50 1.000  00  02O000M000  0.000
ASP-1A0133_005 -1.000  0.06 -1.36  0.84  0.00 -0.46 1.000  00  -1O000M000  0.000
VAL01A0134_001  0.000  0.62 -2.51  0.01  0.00 -1.87 1.000  00  01O000M000  0.000
LYS01A0135_001  0.000  0.58 -2.58  2.48  0.00  0.48 1.000  00  01O000M000  0.050
LYS+1A0135_002  1.000  0.54 -2.04  2.48  0.00  0.97 1.000  00  +1O000M000  0.050
PRO01A0136_001  0.000  0.06 -3.72  0.00  0.00 -3.66 1.000  00  01O000M000  0.015
SER01A0137_001  0.000 -0.42 -2.68  0.49  0.00 -2.62 0.667  00  01O000M000  0.074
SER01A0137_002  0.000 -0.42 -2.68  0.49  0.00 -2.62 0.667  00  01O000M000  0.074
ASN01A0138_001  0.000  0.27 14.56  0.36  0.00 15.19 1.000  00  01O000M000  0.000
ILE01A0139_001  0.000  3.64 -3.61  0.60  0.00  0.63 1.000  00  01O000M000  0.000
LEU01A0140_001  0.000  1.60 -7.92  0.51  0.00 -5.81 1.000  00  01O000M000  0.000
VAL01A0141_001  0.000  1.03  9.10  0.00  0.00 10.13 1.000  00  01O000M000  0.000
ASN01A0142_001  0.000 -0.16 -1.28  0.25  0.00 -1.18 1.000  00  01O000M000  0.058
SER01A0143_001  0.000 -1.93  0.82  0.38  0.00 -0.74 0.665  00  01O000M000  0.318
SER01A0143_002  0.000 -1.93  0.82  0.38  0.00 -0.74 0.665  00  01O000M000  0.318
SER01A0143_003  0.000 -1.93  0.82  0.00  0.00 -1.12 0.665  00  01O000M000  0.318
ARG01A0144_001  0.000 -7.23  0.16  1.61  0.00 -5.47 1.000  00  01O000M000  0.717
ARG02A0144_002  0.000 -7.30  0.14  1.61  0.00 -5.55 1.000  00  02O000M000  0.717
ARG03A0144_003  0.000 -7.31  0.15  1.61  0.00 -5.56 1.000  00  03O000M000  0.717
ARG03A0144_004  0.000 -7.30  0.15  1.61  0.00 -5.55 1.000  00  03O000M000  0.717
ARG+1A0144_005  1.000 -7.35  0.14  1.61  0.00 -5.60 1.000  00  +1O000M000  0.717
GLU01A0146_001  0.000 -0.28 -2.34  3.98  0.00  1.36 1.000  00  01O000M000  0.290
GLU01A0146_002  0.000 -0.28 -2.34  1.26  0.00 -1.36 1.000  00  01O000M000  0.290
GLU02A0146_003  0.000 -0.54 -2.33  3.98  0.00  1.11 1.000  00  02O000M000  0.306
GLU02A0146_004  0.000 -0.54 -2.33  1.26  0.00 -1.61 1.000  00  02O000M000  0.306
GLU-1A0146_005 -1.000 -0.53 -2.30  1.26  0.00 -1.57 1.000  00  -1O000M000  0.292
ILE01A0147_001  0.000  0.73 -0.54  0.84  0.00  1.03 1.000  00  01O000M000  0.047
LYS01A0148_001  0.000  0.79 -8.47  2.75  0.00 -4.93 1.000  00  01O000M000  0.051
LYS+1A0148_002  1.000  0.74 -8.51  2.75  0.00 -5.02 1.000  00  +1O000M000  0.051
LEU01A0149_001  0.000  2.33 -7.14  0.53  0.00 -4.28 1.000  00  01O000M000  0.000
CYS01A0150_001  0.000 -0.00 -1.10  0.05  0.00 -1.06 1.000  00  01O000M000  0.000
CYS01A0150_002  0.000 -0.00 -1.05  0.05  0.00 -1.00 1.000  00  01O000M000  0.000
CYS01A0150_003  0.000 -0.00 -0.96  0.05  0.00 -0.91 1.000  00  01O000M000  0.000
CYS-1A0150_004 -1.000  0.00 -0.88  0.05  0.00 -0.84 1.000  00  -1O000M000  0.000
ASP01A0151_001  0.000  0.06 58.58  2.79  0.00 61.43 1.000  00  01O000M000  0.000
ASP01A0151_002  0.000  0.06 58.58  0.07  0.00 58.71 1.000  00  01O000M000  0.000
ASP02A0151_003  0.000  0.13 71.12  2.79  0.00 74.04 1.000  00  02O000M000  0.000
ASP02A0151_004  0.000  0.13 71.12  0.07  0.00 71.32 1.000  00  02O000M000  0.000
ASP-1A0151_005 -1.000  0.06 58.18  0.07  0.00 58.31 1.000  00  -1O000M000  0.000
PHE01A0152_001  0.000  4.75 -6.44  0.75  0.00 -0.94 1.000  00  01O000M000  0.000
VAL01A0154_001  0.000  0.47  0.65  2.80  0.00  3.92 1.000  00  01O000M000  0.000
SER01A0155_001  0.000  0.00 -3.17  0.63  0.00 -2.53 0.666  00  01O000M000  0.000
SER01A0155_002  0.000  0.00 -3.17  0.63  0.00 -2.53 0.666  00  01O000M000  0.000
SER01A0155_003  0.000  0.00 -3.17  0.26  0.00 -2.91 0.666  00  01O000M000  0.000
GLN01A0157_001  0.000 -0.82 -3.17  0.92  0.00 -3.08 0.756  00  01O000M000  0.331
GLN01A0157_002  0.000 -0.68 -3.07  0.94  0.00 -2.81 0.744  00  01R001M000  0.368
LEU01A0158_001  0.000  2.26  2.97  2.98  0.00  8.22 1.000  00  01O000M000  0.000
ILE01A0159_001  0.000 -0.32 -3.28  0.88  0.00 -2.72 1.000  00  01O000M000  0.112
ASP01A0160_001  0.000 -2.17  4.31  4.20  0.00  6.33 1.000  00  01O000M000  0.512
ASP01A0160_002  0.000 -2.17  4.31  1.48  0.00  3.61 1.000  00  01O000M000  0.512
ASP02A0160_003  0.000 -2.32  2.76  4.20  0.00  4.63 1.000  00  02O000M000  0.567
ASP02A0160_004  0.000 -2.32  2.76  1.48  0.00  1.91 1.000  00  02O000M000  0.567
ASP-1A0160_005 -1.000 -2.27  2.82  1.48  0.00  2.03 1.000  00  -1O000M000  0.549
GLU01A0161_001  0.000 -0.42 -3.04  5.63  0.00  2.17 1.000  00  01O000M000  0.193
GLU01A0161_002  0.000 -0.42 -3.04  2.91  0.00 -0.55 1.000  00  01O000M000  0.193
GLU02A0161_003  0.000 -0.39 -3.21  5.63  0.00  2.02 1.000  00  02O000M000  0.201
GLU02A0161_004  0.000 -0.39 -3.21  2.91  0.00 -0.70 1.000  00  02O000M000  0.201
GLU-1A0161_005 -1.000 -0.42 -3.15  2.91  0.00 -0.66 1.000  00  -1O000M000  0.187
MET01A0162_001  0.000 -0.02  1.27  4.36  0.00  5.60 1.000  00  01O000M000  0.000
ALA01A0163_001  0.000 -1.84 -1.90  0.00  0.00 -3.73 1.000  00  01O000M000  0.324
ASN01A0164_001  0.000 -2.57 -2.79  1.46  0.00 -3.89 0.748  00  01O000M000  0.643
ASN01A0164_002  0.000 -2.69 -2.54  1.43  0.00 -3.79 0.752  00  01R001M000  0.654
GLU01A0165_001  0.000 -2.97 -2.97  3.92  0.00 -2.02 1.000  00  01O000M000  0.625
GLU01A0165_002  0.000 -2.97 -2.97  1.20  0.00 -4.74 1.000  00  01O000M000  0.625
GLU02A0165_003  0.000 -2.95 -3.09  3.92  0.00 -2.12 1.000  00  02O000M000  0.620
GLU02A0165_004  0.000 -2.95 -3.09  1.20  0.00 -4.84 1.000  00  02O000M000  0.620
GLU-1A0165_005 -1.000 -2.95 -3.05  1.20  0.00 -4.80 1.000  00  -1O000M000  0.611
PHE01A0166_001  0.000  0.73 -5.55  1.33  0.00 -3.49 1.000  00  01O000M000  0.232
VAL01A0167_001  0.000 -3.34  3.25  1.50  0.00  1.42 1.000  00  01O000M000  0.393
THR01A0169_001  0.000 -1.04  4.74  3.12  0.00  6.82 0.668  00  01O000M000  0.131
THR01A0169_002  0.000 -1.04  4.74  3.12  0.00  6.82 0.668  00  01O000M000  0.131
THR01A0169_003  0.000 -1.04  4.74  2.74  0.00  6.45 0.668  00  01O000M000  0.131
ARG01A0170_001  0.000  0.55  5.23  4.31  0.00 10.08 1.000  00  01O000M000  0.311
ARG02A0170_002  0.000  0.53  5.29  4.31  0.00 10.13 1.000  00  02O000M000  0.311
ARG02A0170_003  0.000  0.64  4.74  4.31  0.00  9.69 1.000  00  02O000M000  0.311
ARG03A0170_004  0.000  0.52  5.22  4.31  0.00 10.05 1.000  00  03O000M000  0.311
ARG+1A0170_005  1.000  0.48  5.22  4.31  0.00 10.01 1.000  00  +1O000M000  0.311
SER01A0171_001  0.000 -1.48 -1.21  0.38  0.00 -2.31 0.664  00  01O000M000  0.241
SER01A0171_002  0.000 -1.48 -1.21  0.38  0.00 -2.31 0.664  00  01O000M000  0.241
TYR01A0172_001  0.000  3.50 -7.57  1.50  0.00 -2.57 1.000  00  01O000M000  0.063
TYR01A0172_002  0.000  3.50 -7.57  1.50  0.00 -2.57 1.000  00  01O000M000  0.063
TYR-1A0172_003 -1.000  3.50 -7.57  1.50  0.00 -2.57 1.000  00  -1O000M000  0.063
MET01A0173_001  0.000 -0.16  0.75  3.53  0.00  4.12 1.000  00  01O000M000  0.067
SER01A0174_001  0.000  0.00 -2.87  0.40  0.00 -2.47 0.667  00  01O000M000  0.000
SER01A0174_002  0.000  0.00 -2.87  0.40  0.00 -2.47 0.667  00  01O000M000  0.000
SER01A0174_003  0.000  0.00 -2.87  0.03  0.00 -2.84 0.667  00  01O000M000  0.000
PRO01A0175_001  0.000  0.29 -2.77  0.00  0.00 -2.48 1.000  00  01O000M000  0.010
GLU01A0176_001  0.000  1.96 -2.99  4.67  0.00  3.64 1.000  00  01O000M000  0.013
GLU01A0176_002  0.000  1.96 -2.99  1.95  0.00  0.92 1.000  00  01O000M000  0.013
GLU02A0176_003  0.000  1.59 -3.27  4.67  0.00  3.00 1.000  00  02O000M000  0.013
GLU02A0176_004  0.000  1.59 -3.27  1.95  0.00  0.28 1.000  00  02O000M000  0.013
GLU-1A0176_005 -1.000  1.53 -3.13  1.95  0.00  0.34 1.000  00  -1O000M000  0.013
ARG01A0177_001  0.000 -0.90 -2.71  0.96  0.00 -2.65 1.000  00  01O000M000  0.194
ARG02A0177_002  0.000 -0.88 -2.65  0.96  0.00 -2.57 1.000  00  02O000M000  0.194
ARG03A0177_003  0.000 -0.95 -2.72  0.96  0.00 -2.71 1.000  00  03O000M000  0.194
ARG+1A0177_004  1.000 -0.99 -2.73  0.96  0.00 -2.75 1.000  00  +1O000M000  0.194
LEU01A0178_001  0.000  1.13 -6.81  0.64  0.00 -5.04 1.000  00  01O000M000  0.013
GLN01A0179_001  0.000 -1.94 -2.95  1.92  0.00 -2.97 0.749  00  01O000M000  0.500
GLN01A0179_002  0.000 -2.01 -2.85  1.95  0.00 -2.91 0.751  00  01R001M000  0.505
THR01A0181_001  0.000 -3.68  3.80  0.38  0.00  0.50 0.667  00  01O000M000  0.424
HIS01A0182_001  0.000-10.10 -1.00  0.17  0.00-10.94 0.748  00  01O000M000  0.838
HIS01A0182_002  0.000-10.35 -1.27  0.17  0.00-11.45 0.752  00  01R001M000  0.875
HIS02A0182_003  0.000-10.12 -1.01  0.17  0.00-10.96 0.748  00  02O000M000  0.838
HIS02A0182_004  0.000-10.36 -1.38  0.17  0.00-11.56 0.752  00  02R001M000  0.875
HIS+1A0182_005  1.000-10.15 -1.01  0.17  0.00-10.99 0.748  00  +1O000M000  0.838
HIS+1A0182_006  1.000-10.38 -1.38  0.17  0.00-11.59 0.752  00  +1R001M000  0.875
TYR01A0183_001  0.000  2.07 -3.84  2.01  0.00  0.25 1.000  00  01O000M000  0.049
TYR01A0183_002  0.000  2.07 -3.84  2.01  0.00  0.25 1.000  00  01O000M000  0.049
TYR-1A0183_003 -1.000  2.07 -3.84  2.01  0.00  0.25 1.000  00  -1O000M000  0.049
SER01A0184_001  0.000 -0.64  4.56  0.62  0.00  4.54 0.671  00  01O000M000  0.106
SER01A0184_002  0.000 -0.64  4.56  0.62  0.00  4.54 0.671  00  01O000M000  0.106
SER01A0184_003  0.000 -0.64  4.56  0.25  0.00  4.17 0.671  00  01O000M000  0.106
VAL01A0185_001  0.000 -1.96  7.93  0.29  0.00  6.26 1.000  00  01O000M000  0.218
GLN01A0186_001  0.000 -0.30 -5.40  0.51  0.00 -5.19 0.752  00  01O000M000  0.185
GLN01A0186_002  0.000 -0.59 -5.43  0.53  0.00 -5.49 0.748  00  01R001M000  0.197
SER01A0187_001  0.000  0.00 -2.58  1.42  0.00 -1.16 0.666  00  01O000M000  0.000
SER01A0187_002  0.000  0.00 -2.58  1.42  0.00 -1.16 0.666  00  01O000M000  0.000
SER01A0187_003  0.000  0.00 -2.58  1.04  0.00 -1.54 0.666  00  01O000M000  0.000
ASP01A0188_001  0.000  0.11 -2.29  3.08  0.00  0.91 1.000  00  01O000M000  0.000
ASP01A0188_002  0.000  0.11 -2.29  0.36  0.00 -1.81 1.000  00  01O000M000  0.000
ASP02A0188_003  0.000  0.19 -2.48  3.08  0.00  0.79 1.000  00  02O000M000  0.000
ASP02A0188_004  0.000  0.19 -2.48  0.36  0.00 -1.93 1.000  00  02O000M000  0.000
ASP-1A0188_005 -1.000  0.11 -2.89  0.36  0.00 -2.42 1.000  00  -1O000M000  0.000
ILE01A0189_001  0.000  1.67 -1.07  1.19  0.00  1.80 1.000  00  01O000M000  0.000
TRP01A0190_001  0.000  2.76-12.14  0.08  0.00 -9.29 1.000  00  01O000M000  0.000
SER01A0191_001  0.000 -0.06 -2.40  0.38  0.00 -2.08 0.670  00  01O000M000  0.009
SER01A0191_002  0.000 -0.06 -2.40  0.00  0.00 -2.46 0.670  00  01O000M000  0.009
MET01A0192_001  0.000  0.61 -4.40  0.03  0.00 -3.76 1.000  00  01O000M000  0.000
LEU01A0194_001  0.000  2.58 -4.53  0.71  0.00 -1.24 1.000  00  01O000M000  0.000
SER01A0195_001  0.000  0.00  0.05  1.32  0.00  1.37 0.668  00  01O000M000  0.000
SER01A0195_002  0.000  0.00  0.05  1.32  0.00  1.37 0.668  00  01O000M000  0.000
SER01A0195_003  0.000  0.00  0.05  0.95  0.00  0.99 0.668  00  01O000M000  0.000
LEU01A0196_001  0.000  1.53 -5.70  0.53  0.00 -3.63 1.000  00  01O000M000  0.000
VAL01A0197_001  0.000  0.40 21.78  0.01  0.00 22.19 1.000  00  01O000M000  0.000
GLU01A0198_001  0.000  0.56 -3.76  4.25  0.00  1.05 1.000  00  01O000M000  0.144
GLU01A0198_002  0.000  0.56 -3.76  1.53  0.00 -1.67 1.000  00  01O000M000  0.144
GLU02A0198_003  0.000  0.25 -3.74  4.25  0.00  0.75 1.000  00  02O000M000  0.151
GLU02A0198_004  0.000  0.25 -3.74  1.53  0.00 -1.97 1.000  00  02O000M000  0.151
GLU-1A0198_005 -1.000  0.23 -3.67  1.53  0.00 -1.92 1.000  00  -1O000M000  0.147
MET01A0199_001  0.000 -0.19 -5.47  0.58  0.00 -5.08 1.000  00  01O000M000  0.000
ALA01A0200_001  0.000  0.00 -1.13  0.00  0.00 -1.13 1.000  00  01O000M000  0.000
VAL01A0201_001  0.000 -0.44 -2.21  0.08  0.00 -2.57 1.000  00  01O000M000  0.098
ARG01A0203_001  0.000 -7.44 -4.90  0.92  0.00-11.42 1.000  00  01O000M000  0.537
ARG02A0203_002  0.000 -7.48 -4.88  0.92  0.00-11.44 1.000  00  02O000M000  0.537
ARG03A0203_003  0.000 -7.48 -4.77  0.92  0.00-11.34 1.000  00  03O000M000  0.537
ARG+1A0203_004  1.000 -7.52 -4.92  0.92  0.00-11.52 1.000  00  +1O000M000  0.537
TYR01A0204_001  0.000  1.46 -1.33  0.00  0.00  0.13 1.000  00  01O000M000  0.201
TYR01A0204_002  0.000  1.46 -1.33  0.00  0.00  0.13 1.000  00  01O000M000  0.201
TYR-1A0204_003 -1.000  1.46 -1.33  0.00  0.00  0.13 1.000  00  -1O000M000  0.201
PRO01A0205_001  0.000  0.07  0.98  0.00  0.00  1.05 1.000  00  01O000M000  0.016
ARG01A0206_001  0.000  1.23  2.02  2.93  0.00  6.18 1.000  00  01O000M000  0.003
ARG02A0206_002  0.000  1.24  2.05  2.93  0.00  6.23 1.000  00  02O000M000  0.003
ARG03A0206_003  0.000  1.18  2.07  2.93  0.00  6.19 1.000  00  03O000M000  0.003
ARG+1A0206_004  1.000  1.14  2.00  2.93  0.00  6.07 1.000  00  +1O000M000  0.003
PRO01A0207_001  0.000 -3.70 -1.32  0.00  0.00 -5.02 1.000  00  01O000M000  0.389
PRO01A0208_001  0.000 -6.78  1.53  0.00  0.00 -5.25 1.000  00  01O000M000  0.736
MET01A0209_001  0.000  0.50 -4.91  0.45  0.00 -3.96 1.000  00  01O000M000  0.086
ALA01A0210_001  0.000 -2.33 -0.63  0.00  0.00 -2.96 1.000  00  01O000M000  0.430
ILE01A0211_001  0.000 -3.97  2.75  0.57  0.00 -0.65 1.000  00  01O000M000  0.361
PHE01A0212_001  0.000 -8.13  0.50  1.93  0.00 -5.70 1.000  00  01O000M000  0.758
GLU01A0213_001  0.000 -0.41 -1.83  3.67  0.00  1.43 1.000  00  01O000M000  0.677
GLU01A0213_002  0.000 -0.41 -1.83  0.95  0.00 -1.29 1.000  00  01O000M000  0.677
GLU02A0213_003  0.000 -0.83 -1.89  3.67  0.00  0.94 1.000  00  02O000M000  0.654
GLU02A0213_004  0.000 -0.83 -1.89  0.95  0.00 -1.78 1.000  00  02O000M000  0.654
GLU-1A0213_005 -1.000 -0.85 -1.86  0.95  0.00 -1.76 1.000  00  -1O000M000  0.654
LEU01A0214_001  0.000  0.76 -3.86  0.65  0.00 -2.45 1.000  00  01O000M000  0.060
LEU01A0215_001  0.000  0.11 -4.34  0.51  0.00 -3.72 1.000  00  01O000M000  0.127
ASP01A0216_001  0.000 -2.67 -1.55  3.08  0.00 -1.13 1.000  00  01O000M000  0.599
ASP01A0216_002  0.000 -2.67 -1.55  0.36  0.00 -3.85 1.000  00  01O000M000  0.599
ASP02A0216_003  0.000 -2.69 -1.97  3.08  0.00 -1.58 1.000  00  02O000M000  0.618
ASP02A0216_004  0.000 -2.69 -1.97  0.36  0.00 -4.30 1.000  00  02O000M000  0.618
ASP-1A0216_005 -1.000 -2.62 -1.91  0.36  0.00 -4.17 1.000  00  -1O000M000  0.610
TYR01A0217_001  0.000  0.39 -3.42  0.30  0.00 -2.73 1.000  00  01O000M000  0.267
TYR01A0217_002  0.000  0.39 -3.42  0.30  0.00 -2.73 1.000  00  01O000M000  0.267
TYR-1A0217_003 -1.000  0.39 -3.42  0.30  0.00 -2.73 1.000  00  -1O000M000  0.267
ILE01A0218_001  0.000  3.08  2.03  0.73  0.00  5.84 1.000  00  01O000M000  0.004
VAL01A0219_001  0.000 -1.03  1.90  0.02  0.00  0.88 1.000  00  01O000M000  0.164
ASN01A0220_001  0.000 -2.43 -1.21  1.08  0.00 -2.56 0.750  00  01O000M000  0.612
ASN01A0220_002  0.000 -2.68 -2.34  1.10  0.00 -3.92 0.750  00  01R001M000  0.606
GLU01A0221_001  0.000 -2.05 -3.03  3.30  0.00 -1.77 1.000  00  01O000M000  0.560
GLU01A0221_002  0.000 -2.05 -3.03  0.58  0.00 -4.49 1.000  00  01O000M000  0.560
GLU02A0221_003  0.000 -1.99 -3.08  3.30  0.00 -1.76 1.000  00  02O000M000  0.538
GLU02A0221_004  0.000 -1.99 -3.08  0.58  0.00 -4.48 1.000  00  02O000M000  0.538
GLU-1A0221_005 -1.000 -2.09 -3.02  0.58  0.00 -4.53 1.000  00  -1O000M000  0.550
PRO01A0222_001  0.000 -5.30 -0.52  0.00  0.00 -5.81 1.000  00  01O000M000  0.566
PRO01A0223_001  0.000 -0.76 -1.70  0.00  0.00 -2.46 1.000  00  01O000M000  0.131
PRO01A0224_001  0.000  0.28 -1.91  0.00  0.00 -1.62 1.000  00  01O000M000  0.022
LYS01A0225_001  0.000 -6.81 -2.63  1.32  0.00 -8.12 1.000  00  01O000M000  0.605
LYS+1A0225_002  1.000 -6.86 -2.63  1.32  0.00 -8.17 1.000  00  +1O000M000  0.605
LEU01A0226_001  0.000  1.45  0.55  1.63  0.00  3.63 1.000  00  01O000M000  0.000
PRO01A0227_001  0.000 -3.25 -1.88  0.00  0.00 -5.13 1.000  00  01O000M000  0.373
SER01A0228_001  0.000 -4.30  0.76  0.67  0.00 -2.88 0.664  00  01O000M000  0.723
ALA01A0229_001  0.000 -4.43 -0.52  0.00  0.00 -4.94 1.000  00  01O000M000  0.796
VAL01A0230_001  0.000 -5.07  1.40  0.78  0.00 -2.90 1.000  00  01O000M000  0.570
PHE01A0231_001  0.000  3.25 -5.91  0.03  0.00 -2.63 1.000  00  01O000M000  0.040
SER01A0232_001  0.000 -1.32 -1.77  0.64  0.00 -2.45 0.666  00  01O000M000  0.220
SER01A0232_002  0.000 -1.32 -1.77  0.64  0.00 -2.45 0.666  00  01O000M000  0.220
SER01A0232_003  0.000 -1.32 -1.77  0.27  0.00 -2.82 0.666  00  01O000M000  0.220
LEU01A0233_001  0.000 -8.15 -1.90  0.51  0.00 -9.53 1.000  00  01O000M000  0.734
GLU01A0234_001  0.000 -1.44 -2.76  4.83  0.00  0.64 1.000  00  01O000M000  0.469
GLU01A0234_002  0.000 -1.44 -2.76  2.11  0.00 -2.08 1.000  00  01O000M000  0.469
GLU02A0234_003  0.000 -1.44 -2.77  4.83  0.00  0.62 1.000  00  02O000M000  0.471
GLU02A0234_004  0.000 -1.44 -2.77  2.11  0.00 -2.10 1.000  00  02O000M000  0.471
GLU-1A0234_005 -1.000 -1.50 -2.72  2.11  0.00 -2.11 1.000  00  -1O000M000  0.469
PHE01A0235_001  0.000  3.61 -2.56  0.19  0.00  1.24 1.000  00  01O000M000  0.000
GLN01A0236_001  0.000  0.83  6.79  0.56  0.00  8.18 0.753  00  01O000M000  0.142
GLN01A0236_002  0.000  1.44  5.21  0.55  0.00  7.20 0.747  00  01R001M000  0.158
ASP01A0237_001  0.000 -1.73 -3.17  3.59  0.00 -1.32 1.000  00  01O000M000  0.464
ASP01A0237_002  0.000 -1.73 -3.17  0.87  0.00 -4.04 1.000  00  01O000M000  0.464
ASP02A0237_003  0.000 -1.79 -3.27  3.59  0.00 -1.47 1.000  00  02O000M000  0.485
ASP02A0237_004  0.000 -1.79 -3.27  0.87  0.00 -4.19 1.000  00  02O000M000  0.485
ASP-1A0237_005 -1.000 -1.71 -3.21  0.87  0.00 -4.05 1.000  00  -1O000M000  0.463
PHE01A0238_001  0.000  3.58 -1.49  0.14  0.00  2.23 1.000  00  01O000M000  0.000
VAL01A0239_001  0.000  0.40 -1.24  1.45  0.00  0.61 1.000  00  01O000M000  0.000
ASN01A0240_001  0.000 -0.91 -2.57  0.37  0.00 -3.10 0.752  00  01O000M000  0.219
ASN01A0240_002  0.000 -0.72 -3.18  0.36  0.00 -3.54 0.748  00  01R001M000  0.226
LYS01A0241_001  0.000 -2.63 -1.25  2.11  0.00 -1.77 1.000  00  01O000M000  0.377
LYS+1A0241_002  1.000 -2.70 -1.26  2.11  0.00 -1.85 1.000  00  +1O000M000  0.377
CYS01A0242_001  0.000 -0.00 -4.97  0.08  0.00 -4.89 1.000  00  01O000M000  0.000
CYS01A0242_002  0.000 -0.00 -5.03  0.08  0.00 -4.95 1.000  00  01O000M000  0.000
CYS01A0242_003  0.000 -0.00 -4.97  0.08  0.00 -4.90 1.000  00  01O000M000  0.000
CYS-1A0242_004 -1.000  0.00 -4.93  0.08  0.00 -4.85 1.000  00  -1O000M000  0.000
LEU01A0243_001  0.000  1.68 -7.73  0.55  0.00 -5.49 1.000  00  01O000M000  0.000
ILE01A0244_001  0.000 -2.88 13.12  0.43  0.00 10.67 1.000  00  01O000M000  0.277
LYS01A0245_001  0.000 -2.28 27.50  2.84  0.00 28.06 1.000  00  01O000M000  0.245
LYS+1A0245_002  1.000 -2.32 32.62  2.84  0.00 33.13 1.000  00  +1O000M000  0.245
ASN01A0246_001  0.000 -2.36 -2.11  0.42  0.00 -4.04 0.754  00  01O000M000  0.557
ASN01A0246_002  0.000 -2.36 -1.03  0.42  0.00 -2.96 0.746  00  01R001M000  0.518
PRO01A0247_001  0.000 -1.88 -1.14  0.00  0.00 -3.02 1.000  00  01O000M000  0.247
ALA01A0248_001  0.000 -3.84 -0.66  0.00  0.00 -4.50 1.000  00  01O000M000  0.707
GLU01A0249_001  0.000 -3.25 -2.50  3.83  0.00 -1.92 1.000  00  01O000M000  0.750
GLU01A0249_002  0.000 -3.25 -2.50  1.11  0.00 -4.64 1.000  00  01O000M000  0.750
GLU02A0249_003  0.000 -3.34 -2.51  3.83  0.00 -2.02 1.000  00  02O000M000  0.752
GLU02A0249_004  0.000 -3.34 -2.51  1.11  0.00 -4.74 1.000  00  02O000M000  0.752
GLU-1A0249_005 -1.000 -3.26 -2.48  1.11  0.00 -4.63 1.000  00  -1O000M000  0.744
ARG01A0250_001  0.000  7.91 -6.11  1.00  0.00  2.80 1.000  00  01O000M000  0.000
ARG02A0250_002  0.000  7.84 -5.87  1.00  0.00  2.96 1.000  00  02O000M000  0.000
ARG02A0250_003  0.000  7.89 -5.82  1.00  0.00  3.06 1.000  00  02O000M000  0.000
ARG03A0250_004  0.000  7.83 -5.82  1.00  0.00  3.00 1.000  00  03O000M000  0.000
ARG03A0250_005  0.000  7.84 -6.19  1.00  0.00  2.65 1.000  00  03O000M000  0.000
ARG+1A0250_006  1.000  7.79 -5.93  1.00  0.00  2.85 1.000  00  +1O000M000  0.000
ALA01A0251_001  0.000 -0.10 -1.59  0.00  0.00 -1.69 1.000  00  01O000M000  0.019
ASP01A0252_001  0.000 -1.25  4.70  2.79  0.00  6.24 1.000  00  01O000M000  0.323
ASP01A0252_002  0.000 -1.25  4.70  0.07  0.00  3.52 1.000  00  01O000M000  0.323
ASP02A0252_003  0.000 -1.12  2.96  2.79  0.00  4.63 1.000  00  02O000M000  0.309
ASP02A0252_004  0.000 -1.12  2.96  0.07  0.00  1.91 1.000  00  02O000M000  0.309
ASP-1A0252_005 -1.000 -1.15  3.03  0.07  0.00  1.95 1.000  00  -1O000M000  0.302
LEU01A0253_001  0.000  2.22 -4.19  0.57  0.00 -1.39 1.000  00  01O000M000  0.044
LYS01A0254_001  0.000 -9.98 -1.05  1.58  0.00 -9.46 1.000  00  01O000M000  0.869
LYS+1A0254_002  1.000-10.02 -1.06  1.58  0.00 -9.50 1.000  00  +1O000M000  0.869
GLN01A0255_001  0.000  0.10 -3.09  0.59  0.00 -2.40 0.752  00  01O000M000  0.577
GLN01A0255_002  0.000  2.41 -2.80  0.60  0.00  0.21 0.748  00  01R001M000  0.524
LEU01A0256_001  0.000  4.41 -5.13  0.41  0.00 -0.31 1.000  00  01O000M000  0.000
MET01A0257_001  0.000 -3.15 -3.74  2.11  0.00 -4.78 1.000  00  01O000M000  0.251
VAL01A0258_001  0.000 -5.95  0.88  0.01  0.00 -5.06 1.000  00  01O000M000  0.614
HIS01A0259_001  0.000 -0.70 -6.21  0.42  0.00 -6.49 1.000  00  01O000M000  0.047
HIS02A0259_002  0.000 -0.72 -6.26  0.42  0.00 -6.56 1.000  00  02O000M000  0.047
HIS+1A0259_003  1.000 -0.75 -6.31  0.42  0.00 -6.64 1.000  00  +1O000M000  0.047
ALA01A0260_001  0.000 -2.73 -0.83  0.00  0.00 -3.56 1.000  00  01O000M000  0.487
PHE01A0261_001  0.000  4.21 -9.13  0.02  0.00 -4.90 1.000  00  01O000M000  0.000
ILE01A0262_001  0.000  0.69 -1.99  0.39  0.00 -0.91 1.000  00  01O000M000  0.008
LYS01A0263_001  0.000 -5.63 -3.20  1.34  0.00 -7.49 1.000  00  01O000M000  0.624
LYS+1A0263_002  1.000 -5.70 -3.21  1.34  0.00 -7.56 1.000  00  +1O000M000  0.624
ARG01A0264_001  0.000 -3.06 -4.53  1.96  0.00 -5.62 1.000  00  01O000M000  0.298
ARG02A0264_002  0.000 -3.10 -4.52  1.96  0.00 -5.66 1.000  00  02O000M000  0.298
ARG02A0264_003  0.000 -3.04 -4.53  1.96  0.00 -5.61 1.000  00  02O000M000  0.298
ARG03A0264_004  0.000 -3.11 -4.53  1.96  0.00 -5.68 1.000  00  03O000M000  0.298
ARG03A0264_005  0.000 -3.10 -4.53  1.96  0.00 -5.67 1.000  00  03O000M000  0.298
ARG+1A0264_006  1.000 -3.15 -4.55  1.96  0.00 -5.73 1.000  00  +1O000M000  0.298
SER01A0265_001  0.000  0.00 -2.33  0.50  0.00 -1.84 0.666  00  01O000M000  0.000
SER01A0265_002  0.000  0.00 -2.33  0.50  0.00 -1.84 0.666  00  01O000M000  0.000
SER01A0265_003  0.000  0.00 -2.33  0.12  0.00 -2.21 0.666  00  01O000M000  0.000
ASP01A0266_001  0.000 -1.82  6.68  4.91  0.00  9.78 1.000  00  01O000M000  0.427
ASP01A0266_002  0.000 -1.82  6.68  2.19  0.00  7.06 1.000  00  01O000M000  0.427
ASP02A0266_003  0.000 -1.76  6.04  4.91  0.00  9.20 1.000  00  02O000M000  0.430
ASP02A0266_004  0.000 -1.76  6.04  2.19  0.00  6.48 1.000  00  02O000M000  0.430
ASP-1A0266_005 -1.000 -1.81  6.10  2.19  0.00  6.49 1.000  00  -1O000M000  0.427
ALA01A0267_001  0.000 -3.79 -1.18  0.00  0.00 -4.97 1.000  00  01O000M000  0.691
GLU01A0268_001  0.000  8.74 -4.48  4.15  0.00  8.42 1.000  00  01O000M000  0.234
GLU01A0268_002  0.000  8.74 -4.48  1.43  0.00  5.70 1.000  00  01O000M000  0.234
GLU02A0268_003  0.000  6.71 -4.50  4.15  0.00  6.36 1.000  00  02O000M000  0.231
GLU02A0268_004  0.000  6.71 -4.50  1.43  0.00  3.64 1.000  00  02O000M000  0.231
GLU-1A0268_005 -1.000  6.66 -4.43  1.43  0.00  3.66 1.000  00  -1O000M000  0.242
GLU01A0269_001  0.000 -3.42  0.22  3.21  0.00  0.02 1.000  00  01O000M000  0.970
GLU01A0269_002  0.000 -3.42  0.22  0.49  0.00 -2.70 1.000  00  01O000M000  0.970
GLU02A0269_003  0.000 -3.64  0.23  3.21  0.00 -0.20 1.000  00  02O000M000  0.975
GLU02A0269_004  0.000 -3.64  0.23  0.49  0.00 -2.92 1.000  00  02O000M000  0.975
GLU-1A0269_005 -1.000 -3.66  0.25  0.49  0.00 -2.92 1.000  00  -1O000M000  0.984
VAL01A0270_001  0.000 -0.43 -1.69  0.00  0.00 -2.12 1.000  00  01O000M000  0.101
ASP01A0271_001  0.000 -2.84  0.04  2.83  0.00  0.04 1.000  00  01O000M000  0.647
ASP01A0271_002  0.000 -2.84  0.04  0.11  0.00 -2.68 1.000  00  01O000M000  0.647
ASP02A0271_003  0.000 -2.70 -0.58  2.83  0.00 -0.46 1.000  00  02O000M000  0.655
ASP02A0271_004  0.000 -2.70 -0.58  0.11  0.00 -3.18 1.000  00  02O000M000  0.655
ASP-1A0271_005 -1.000 -2.72 -0.69  0.11  0.00 -3.31 1.000  00  -1O000M000  0.651
PHE01A0272_001  0.000  3.51  1.92  0.03  0.00  5.45 1.000  00  01O000M000  0.030
ALA01A0273_001  0.000 -1.58 -1.46  0.00  0.00 -3.04 1.000  00  01O000M000  0.279
TRP01A0275_001  0.000 -0.43 -6.84  0.02  0.00 -7.25 1.000  00  01O000M000  0.187
LEU01A0276_001  0.000  2.73 -1.22  3.06  0.00  4.58 1.000  00  01O000M000  0.000
CYS01A0277_001  0.000 -2.48 -3.16  0.04  0.00 -5.60 1.000  00  01O000M000  0.332
CYS01A0277_002  0.000 -2.48 -3.21  0.04  0.00 -5.64 1.000  00  01O000M000  0.332
CYS01A0277_003  0.000 -2.48 -3.11  0.04  0.00 -5.55 1.000  00  01O000M000  0.332
CYS-1A0277_004 -1.000 -2.47 -3.08  0.04  0.00 -5.51 1.000  00  -1O000M000  0.332
SER01A0278_001  0.000 -3.43  0.88  0.41  0.00 -2.14 0.672  00  01O000M000  0.557
SER01A0278_002  0.000 -3.43  0.88  0.03  0.00 -2.52 0.672  00  01O000M000  0.557
THR01A0279_001  0.000 -0.68  0.35  1.66  0.00  1.34 0.674  00  01O000M000  0.106
THR01A0279_002  0.000 -0.68  0.35  1.29  0.00  0.97 0.674  00  01O000M000  0.106
ILE01A0280_001  0.000 -0.15 -3.31  2.55  0.00 -0.91 1.000  00  01O000M000  0.103
LEU01A0282_001  0.000 -0.39 -3.87  1.17  0.00 -3.09 1.000  00  01O000M000  0.234
EUI+1B0001_001  1.000999.00217.34  0.00  0.00999.00 0.000  00  +1O000M000  0.016
EUI+1B0001_002  1.000999.00217.36  0.00  0.00999.00 0.000  00  +1O000M000  0.016
EUI+1B0001_003  1.000999.00232.65  0.00  0.00999.00 0.000  00  +1O000M000  0.016
EUI01B0001_004  0.000999.00217.21  0.00  0.00999.00 0.000  00  01O000M000  0.016
EUI01B0001_005  0.000999.00217.23  0.00  0.00999.00 0.000  00  01O000M000  0.016
EUI01B0001_006  0.000999.00232.52  0.00  0.00999.00 0.000  00  01O000M000  0.016
EUI02B0001_007 -0.000999.00217.61  0.00  0.00999.00 0.000  00  02O000M000  0.016
EUIDMB0001_008  0.000  0.00  0.00  0.00  0.00  0.00 0.000  00  DMO000M000   -nan
