   confID        vdw0    sas     sum
MET01A0001_001   0.366  -6.711  -6.345
ALA01A0002_001   0.000  -3.448  -3.448
LEU01A0003_001   2.782  -0.773   2.009
GLU01A0005_001   0.827  -4.026  -3.199
GLU01A0005_002   0.827  -4.026  -3.199
GLU02A0005_003   0.761  -3.770  -3.008
GLU02A0005_004   0.761  -3.770  -3.008
GLU-1A0005_005   0.644  -3.711  -3.067
LEU01A0006_001   2.169  -0.464   1.706
LYS01A0007_001   1.153  -6.017  -4.864
LYS+1A0007_002   1.089  -6.017  -4.928
ASP01A0008_001   0.373  -1.470  -1.098
ASP01A0008_002   0.373  -1.470  -1.098
ASP02A0008_003   0.460  -1.366  -0.906
ASP02A0008_004   0.460  -1.366  -0.906
ASP-1A0008_005   0.337  -1.421  -1.083
ASP01A0009_001   0.311  -3.467  -3.157
ASP01A0009_002   0.311  -3.467  -3.157
ASP02A0009_003   0.420  -3.417  -2.997
ASP02A0009_004   0.420  -3.417  -2.997
ASP-1A0009_005   0.294  -3.359  -3.066
ASP01A0010_001   0.116  -1.183  -1.067
ASP01A0010_002   0.116  -1.183  -1.067
ASP02A0010_003   0.196  -1.117  -0.921
ASP02A0010_004   0.196  -1.117  -0.921
ASP-1A0010_005   0.111  -1.137  -1.026
PHE01A0011_001   5.111   0.000   5.111
GLU01A0012_001   7.734  -2.693   5.041
GLU01A0012_002   7.734  -2.693   5.041
GLU02A0012_003   6.239  -2.689   3.550
GLU02A0012_004   6.239  -2.689   3.550
GLU-1A0012_005   6.168  -2.696   3.473
LYS01A0013_001   0.737  -7.150  -6.412
LYS+1A0013_002   0.692  -7.150  -6.457
ILE01A0014_001   2.066  -4.015  -1.949
SER01A0015_001   0.000  -2.425  -2.425
SER01A0015_002   0.000  -2.425  -2.425
GLU01A0016_001   1.209  -3.082  -1.873
GLU01A0016_002   1.209  -3.082  -1.873
GLU02A0016_003   1.037  -3.180  -2.144
GLU02A0016_004   1.037  -3.180  -2.144
GLU-1A0016_005   0.932  -3.114  -2.182
LEU01A0017_001   1.643  -1.645  -0.002
ALA01A0019_001   0.000  -3.380  -3.380
ASN01A0021_001   0.262  -1.757  -1.495
ASN01A0021_002   0.345  -1.669  -1.324
VAL01A0024_001   0.774  -1.597  -0.823
VAL01A0025_001   1.155   0.000   1.155
PHE01A0026_001   4.146  -1.162   2.984
LYS01A0027_001   1.117  -2.891  -1.774
LYS+1A0027_002   1.067  -2.891  -1.824
VAL01A0028_001   0.301   0.000   0.301
SER01A0029_001   0.000  -1.379  -1.379
HIS01A0030_001  -0.069  -0.047  -0.116
HIS02A0030_002  -0.091  -0.047  -0.138
HIS+1A0030_003  -0.118  -0.047  -0.165
LYS01A0031_001  11.817  -5.071   6.746
LYS+1A0031_002  11.775  -5.071   6.704
PRO01A0032_001   0.392  -3.107  -2.715
SER01A0033_001   0.000  -1.335  -1.335
SER01A0033_002   0.000  -1.335  -1.335
LEU01A0035_001   2.616  -3.432  -0.816
VAL01A0036_001   0.368  -4.221  -3.853
MET01A0037_001   0.615   0.000   0.615
ALA01A0038_001   0.000   0.000   0.000
ARG01A0039_001   2.452  -0.578   1.874
ARG02A0039_002   2.478  -0.578   1.900
ARG03A0039_003   2.412  -0.578   1.834
ARG03A0039_004   2.417  -0.578   1.839
ARG+1A0039_005   2.374  -0.578   1.796
LYS01A0040_001   6.092   0.000   6.092
LYS+1A0040_002   6.038   0.000   6.038
LEU01A0041_001   9.326  -0.789   8.537
ILE01A0042_001   3.298   0.000   3.298
HIS01A0043_001  -0.294  -5.819  -6.113
HIS02A0043_002  -0.308  -5.819  -6.126
HIS+1A0043_003  -0.334  -5.819  -6.153
LEU01A0044_001   1.232  -0.361   0.872
GLU01A0045_001   0.934  -3.783  -2.849
GLU01A0045_002   0.934  -3.783  -2.849
GLU02A0045_003   0.752  -3.595  -2.843
GLU02A0045_004   0.752  -3.595  -2.843
GLU-1A0045_005   0.697  -3.620  -2.922
ILE01A0046_001   1.233  -0.979   0.255
LYS01A0047_001   0.839  -9.665  -8.826
LYS+1A0047_002   0.794  -9.665  -8.872
PRO01A0048_001   0.228  -5.898  -5.670
ALA01A0049_001   0.000  -3.313  -3.313
ILE01A0050_001   1.351  -3.310  -1.959
ARG01A0051_001   3.475  -2.027   1.448
ARG02A0051_002   3.461  -2.027   1.435
ARG02A0051_003   3.561  -2.027   1.535
ARG03A0051_004   3.450  -2.027   1.423
ARG03A0051_005   3.454  -2.027   1.427
ARG+1A0051_006   3.410  -2.027   1.384
ASN01A0052_001   0.208  -2.555  -2.346
ASN01A0052_002   0.039  -2.503  -2.464
GLN01A0053_001   0.383  -2.097  -1.714
GLN01A0053_002   0.316  -2.061  -1.745
ILE01A0054_001   2.931   0.000   2.931
ILE01A0055_001   2.242  -1.288   0.955
ARG01A0056_001   1.810  -9.790  -7.980
ARG02A0056_002   1.770  -9.790  -8.020
ARG03A0056_003   1.768  -9.790  -8.022
ARG+1A0056_004   1.724  -9.790  -8.066
GLU01A0057_001   0.918  -1.153  -0.236
GLU01A0057_002   0.918  -1.153  -0.236
GLU02A0057_003   0.729  -1.269  -0.540
GLU02A0057_004   0.729  -1.269  -0.540
GLU-1A0057_005   0.666  -1.150  -0.484
LEU01A0058_001   1.304   0.000   1.304
GLN01A0059_001   0.310  -1.234  -0.924
GLN01A0059_002   0.420  -1.270  -0.850
VAL01A0060_001   0.591  -3.432  -2.841
LEU01A0061_001   1.297   0.000   1.297
HIS01A0062_001  -0.066  -2.152  -2.218
HIS01A0062_002   0.022  -1.898  -1.877
HIS02A0062_003  -0.088  -2.152  -2.241
HIS02A0062_004   0.010  -1.898  -1.888
HIS+1A0062_005  -0.115  -2.152  -2.268
HIS+1A0062_006  -0.016  -1.898  -1.914
GLU01A0063_001   1.821  -2.883  -1.061
GLU01A0063_002   1.821  -2.883  -1.061
GLU02A0063_003   1.606  -2.889  -1.283
GLU02A0063_004   1.606  -2.889  -1.283
GLU-1A0063_005   1.503  -2.812  -1.309
CYS01A0064_001  -0.002   0.000  -0.002
CYS01A0064_002  -0.002   0.000  -0.002
CYS01A0064_003  -0.003   0.000  -0.003
CYS-1A0064_004   0.000   0.000   0.000
ASN01A0065_001  -0.032  -3.128  -3.160
ASN01A0065_002   0.107  -3.421  -3.314
SER01A0066_001   0.000   0.000   0.000
SER01A0066_002   0.000   0.000   0.000
PRO01A0067_001   0.167  -5.197  -5.030
TYR01A0068_001   4.084  -4.188  -0.104
TYR-1A0068_002   4.084  -4.188  -0.104
ILE01A0069_001   1.448   0.000   1.448
VAL01A0070_001   0.717   0.000   0.717
PHE01A0072_001   2.897   0.000   2.897
TYR01A0073_001   4.158  -3.740   0.418
TYR-1A0073_002   4.158  -3.740   0.418
ALA01A0075_001   0.000   0.000   0.000
PHE01A0076_001   4.108  -1.131   2.977
TYR01A0077_001   4.346  -3.830   0.516
TYR01A0077_002   4.346  -3.830   0.516
TYR-1A0077_003   4.346  -3.830   0.516
SER01A0078_001   0.000  -0.865  -0.865
SER01A0078_002   0.000  -0.865  -0.865
ASP01A0079_001   0.350  -3.859  -3.508
ASP01A0079_002   0.350  -3.859  -3.508
ASP02A0079_003   0.423  -3.820  -3.397
ASP02A0079_004   0.423  -3.820  -3.397
ASP-1A0079_005   0.312  -3.747  -3.435
GLU01A0081_001   1.045  -1.118  -0.073
GLU01A0081_002   1.045  -1.118  -0.073
GLU02A0081_003   0.872  -1.115  -0.243
GLU02A0081_004   0.872  -1.115  -0.243
GLU-1A0081_005   0.801  -1.094  -0.293
ILE01A0082_001   1.352   0.000   1.352
SER01A0083_001   0.000  -0.060  -0.060
SER01A0083_002   0.000  -0.060  -0.060
ILE01A0084_001   5.534   0.000   5.534
CYS01A0085_001  -0.002   0.000  -0.002
CYS01A0085_002  -0.002   0.000  -0.002
CYS01A0085_003  -0.002   0.000  -0.002
CYS-1A0085_004   0.000   0.000   0.000
MET01A0086_001   0.290   0.000   0.290
GLU01A0087_001   2.005  -0.845   1.160
GLU01A0087_002   2.005  -0.845   1.160
GLU02A0087_003   1.595  -0.917   0.677
GLU02A0087_004   1.595  -0.917   0.677
GLU-1A0087_005   1.527  -0.831   0.696
HIS01A0088_001  -0.118  -0.874  -0.991
HIS01A0088_002  -0.042  -1.086  -1.129
HIS02A0088_003  -0.139  -0.874  -1.013
HIS02A0088_004  -0.053  -1.086  -1.139
HIS+1A0088_005  -0.166  -0.874  -1.040
HIS+1A0088_006  -0.079  -1.086  -1.165
MET01A0089_001   0.502   0.000   0.502
ASP01A0090_001   0.028  -1.457  -1.429
ASP01A0090_002   0.028  -1.457  -1.429
ASP02A0090_003   0.088  -1.477  -1.389
ASP02A0090_004   0.088  -1.477  -1.389
ASP-1A0090_005   0.028  -1.456  -1.428
SER01A0093_001   0.000   0.000   0.000
SER01A0093_002   0.000   0.000   0.000
LEU01A0094_001   2.520   0.000   2.520
ASP01A0095_001   0.328  -1.196  -0.869
ASP01A0095_002   0.328  -1.196  -0.869
ASP02A0095_003   0.442  -1.174  -0.733
ASP02A0095_004   0.442  -1.174  -0.733
ASP-1A0095_005   0.311  -1.172  -0.860
GLN01A0096_001   0.183  -1.609  -1.426
GLN01A0096_002   0.193  -1.427  -1.234
VAL01A0097_001   0.879   0.000   0.879
LEU01A0098_001   1.489  -0.412   1.077
LYS01A0099_001   1.996  -7.808  -5.811
LYS+1A0099_002   1.955  -7.808  -5.852
LYS01A0100_001   3.782  -5.917  -2.134
LYS+1A0100_002   3.743  -5.917  -2.174
ALA01A0101_001   0.000  -0.052  -0.052
ARG01A0103_001   1.774  -9.122  -7.348
ARG02A0103_002   1.794  -9.122  -7.328
ARG03A0103_003   1.729  -9.122  -7.393
ARG+1A0103_004   1.691  -9.122  -7.432
ILE01A0104_001   1.532   0.000   1.532
PRO01A0105_001   0.234  -2.802  -2.568
GLU01A0106_001   1.932  -0.506   1.426
GLU01A0106_002   1.932  -0.506   1.426
GLU02A0106_003   1.666  -0.539   1.127
GLU02A0106_004   1.666  -0.539   1.127
GLU-1A0106_005   1.567  -0.534   1.034
GLN01A0107_001   4.603  -2.482   2.121
GLN01A0107_002   2.676  -2.277   0.399
ILE01A0108_001   3.628  -0.258   3.371
LEU01A0109_001   1.427   0.000   1.427
LYS01A0111_001   0.234  -2.139  -1.905
LYS+1A0111_002   0.189  -2.139  -1.950
VAL01A0112_001   0.588   0.000   0.588
SER01A0113_001   0.000   0.000   0.000
SER01A0113_002   0.000   0.000   0.000
ILE01A0114_001   5.989  -0.721   5.267
ALA01A0115_001   0.000  -0.258  -0.258
VAL01A0116_001   0.802   0.000   0.802
ILE01A0117_001   1.115   0.000   1.115
LYS01A0118_001   1.847  -3.543  -1.696
LYS+1A0118_002   1.797  -3.543  -1.746
LEU01A0120_001   2.217   0.000   2.217
THR01A0121_001   0.079  -2.177  -2.098
THR01A0121_002   0.079  -2.177  -2.098
TYR01A0122_001   3.540  -1.721   1.819
TYR01A0122_002   3.540  -1.721   1.819
TYR-1A0122_003   3.540  -1.721   1.819
LEU01A0123_001   1.212   0.000   1.212
ARG01A0124_001   3.460  -4.263  -0.802
ARG02A0124_002   3.404  -4.263  -0.859
ARG03A0124_003   3.406  -4.263  -0.856
ARG+1A0124_004   3.360  -4.263  -0.903
GLU01A0125_001   0.972  -2.368  -1.396
GLU01A0125_002   0.972  -2.368  -1.396
GLU02A0125_003   0.781  -2.409  -1.628
GLU02A0125_004   0.781  -2.409  -1.628
GLU-1A0125_005   0.709  -2.282  -1.573
LYS01A0126_001   0.599  -6.641  -6.042
LYS+1A0126_002   0.522  -6.641  -6.119
HIS01A0127_001  -0.129  -0.595  -0.724
HIS02A0127_002  -0.149  -0.595  -0.744
HIS+1A0127_003  -0.175  -0.595  -0.770
LYS01A0128_001   1.817  -9.795  -7.978
LYS+1A0128_002   1.753  -9.795  -8.042
ILE01A0129_001   1.934  -0.515   1.419
MET01A0130_001   1.627  -2.008  -0.381
HIS01A0131_001  -0.205   0.000  -0.205
HIS02A0131_002  -0.221   0.000  -0.221
HIS+1A0131_003  -0.247   0.000  -0.247
ARG01A0132_001   3.465  -3.270   0.195
ARG02A0132_002   3.429  -3.270   0.158
ARG03A0132_003   3.420  -3.270   0.150
ARG+1A0132_004   3.381  -3.270   0.110
ASP01A0133_001   0.067   0.000   0.067
ASP01A0133_002   0.067   0.000   0.067
ASP02A0133_003   0.121   0.000   0.121
ASP02A0133_004   0.121   0.000   0.121
ASP-1A0133_005   0.059   0.000   0.059
VAL01A0134_001   0.622   0.000   0.622
LYS01A0135_001   1.201  -0.621   0.580
LYS+1A0135_002   1.156  -0.621   0.535
PRO01A0136_001   0.205  -0.148   0.058
SER01A0137_001   0.000  -0.421  -0.421
SER01A0137_002   0.000  -0.421  -0.421
ASN01A0138_001   0.269   0.000   0.269
ILE01A0139_001   3.639   0.000   3.639
LEU01A0140_001   1.601   0.000   1.601
VAL01A0141_001   1.028   0.000   1.028
ASN01A0142_001   0.104  -0.262  -0.158
SER01A0143_001   0.000  -1.933  -1.933
SER01A0143_002   0.000  -1.933  -1.933
SER01A0143_003   0.000  -1.933  -1.933
ARG01A0144_001   2.847 -10.078  -7.230
ARG02A0144_002   2.777 -10.078  -7.300
ARG03A0144_003   2.772 -10.078  -7.305
ARG03A0144_004   2.778 -10.078  -7.299
ARG+1A0144_005   2.734 -10.078  -7.343
GLU01A0146_001   1.066  -1.342  -0.275
GLU01A0146_002   1.066  -1.342  -0.275
GLU02A0146_003   0.900  -1.436  -0.536
GLU02A0146_004   0.900  -1.436  -0.536
GLU-1A0146_005   0.808  -1.335  -0.526
ILE01A0147_001   1.299  -0.567   0.733
LYS01A0148_001   1.429  -0.642   0.787
LYS+1A0148_002   1.381  -0.642   0.738
LEU01A0149_001   2.330   0.000   2.330
CYS01A0150_001  -0.002   0.000  -0.002
CYS01A0150_002  -0.002   0.000  -0.002
CYS01A0150_003  -0.003   0.000  -0.003
CYS-1A0150_004   0.000   0.000   0.000
ASP01A0151_001   0.059   0.000   0.059
ASP01A0151_002   0.059   0.000   0.059
ASP02A0151_003   0.126   0.000   0.126
ASP02A0151_004   0.126   0.000   0.126
ASP-1A0151_005   0.056   0.000   0.056
PHE01A0152_001   4.749   0.000   4.749
VAL01A0154_001   0.475   0.000   0.475
SER01A0155_001   0.000   0.000   0.000
SER01A0155_002   0.000   0.000   0.000
SER01A0155_003   0.000   0.000   0.000
GLN01A0157_001   0.815  -1.639  -0.824
GLN01A0157_002   1.132  -1.811  -0.679
LEU01A0158_001   2.266   0.000   2.266
ILE01A0159_001   1.046  -1.372  -0.325
ASP01A0160_001   0.116  -2.287  -2.171
ASP01A0160_002   0.116  -2.287  -2.171
ASP02A0160_003   0.199  -2.522  -2.323
ASP02A0160_004   0.199  -2.522  -2.323
ASP-1A0160_005   0.112  -2.377  -2.266
GLU01A0161_001   0.508  -0.924  -0.416
GLU01A0161_002   0.508  -0.924  -0.416
GLU02A0161_003   0.563  -0.953  -0.391
GLU02A0161_004   0.563  -0.953  -0.391
GLU-1A0161_005   0.439  -0.861  -0.423
MET01A0162_001  -0.024   0.000  -0.024
ALA01A0163_001   0.000  -1.835  -1.835
ASN01A0164_001   0.485  -3.051  -2.566
ASN01A0164_002   0.352  -3.040  -2.688
GLU01A0165_001   0.079  -3.045  -2.966
GLU01A0165_002   0.079  -3.045  -2.966
GLU02A0165_003   0.078  -3.032  -2.954
GLU02A0165_004   0.078  -3.032  -2.954
GLU-1A0165_005   0.019  -2.967  -2.948
PHE01A0166_001   3.948  -3.220   0.728
VAL01A0167_001   0.628  -3.963  -3.335
THR01A0169_001   0.107  -1.149  -1.042
THR01A0169_002   0.107  -1.149  -1.042
THR01A0169_003   0.107  -1.149  -1.042
ARG01A0170_001   4.914  -4.375   0.539
ARG02A0170_002   4.897  -4.375   0.522
ARG02A0170_003   5.003  -4.375   0.628
ARG03A0170_004   4.888  -4.375   0.513
ARG+1A0170_005   4.844  -4.375   0.469
SER01A0171_001   0.000  -1.476  -1.476
SER01A0171_002   0.000  -1.476  -1.476
TYR01A0172_001   4.413  -0.910   3.502
TYR01A0172_002   4.413  -0.910   3.502
TYR-1A0172_003   4.413  -0.910   3.502
MET01A0173_001   0.625  -0.787  -0.162
SER01A0174_001   0.000   0.000   0.000
SER01A0174_002   0.000   0.000   0.000
SER01A0174_003   0.000   0.000   0.000
PRO01A0175_001   0.397  -0.103   0.294
GLU01A0176_001   2.028  -0.064   1.964
GLU01A0176_002   2.028  -0.064   1.964
GLU02A0176_003   1.659  -0.064   1.595
GLU02A0176_004   1.659  -0.064   1.595
GLU-1A0176_005   1.591  -0.064   1.527
ARG01A0177_001   1.924  -2.827  -0.903
ARG02A0177_002   1.943  -2.827  -0.884
ARG03A0177_003   1.877  -2.827  -0.950
ARG+1A0177_004   1.839  -2.827  -0.988
LEU01A0178_001   1.289  -0.155   1.135
GLN01A0179_001   0.555  -2.490  -1.935
GLN01A0179_002   0.512  -2.519  -2.007
THR01A0181_001   0.118  -3.793  -3.675
HIS01A0182_001  -0.226  -9.876 -10.102
HIS01A0182_002  -0.194 -10.153 -10.347
HIS02A0182_003  -0.246  -9.876 -10.122
HIS02A0182_004  -0.203 -10.153 -10.356
HIS+1A0182_005  -0.273  -9.876 -10.149
HIS+1A0182_006  -0.230 -10.153 -10.383
TYR01A0183_001   2.768  -0.699   2.069
TYR01A0183_002   2.768  -0.699   2.069
TYR-1A0183_003   2.768  -0.699   2.069
SER01A0184_001   0.000  -0.644  -0.644
SER01A0184_002   0.000  -0.644  -0.644
SER01A0184_003   0.000  -0.644  -0.644
VAL01A0185_001   0.232  -2.196  -1.963
GLN01A0186_001   0.606  -0.910  -0.304
GLN01A0186_002   0.398  -0.984  -0.586
SER01A0187_001   0.000   0.000   0.000
SER01A0187_002   0.000   0.000   0.000
SER01A0187_003   0.000   0.000   0.000
ASP01A0188_001   0.112   0.000   0.112
ASP01A0188_002   0.112   0.000   0.112
ASP02A0188_003   0.191   0.000   0.191
ASP02A0188_004   0.191   0.000   0.191
ASP-1A0188_005   0.108   0.000   0.108
ILE01A0189_001   1.673   0.000   1.673
TRP01A0190_001   2.758   0.000   2.758
SER01A0191_001   0.000  -0.060  -0.060
SER01A0191_002   0.000  -0.060  -0.060
MET01A0192_001   0.607   0.000   0.607
LEU01A0194_001   2.578   0.000   2.578
SER01A0195_001   0.000   0.000   0.000
SER01A0195_002   0.000   0.000   0.000
SER01A0195_003   0.000   0.000   0.000
LEU01A0196_001   1.531   0.000   1.531
VAL01A0197_001   0.403   0.000   0.403
GLU01A0198_001   1.225  -0.662   0.563
GLU01A0198_002   1.225  -0.662   0.563
GLU02A0198_003   0.928  -0.683   0.245
GLU02A0198_004   0.928  -0.683   0.245
GLU-1A0198_005   0.881  -0.655   0.226
MET01A0199_001  -0.193   0.000  -0.193
ALA01A0200_001   0.000   0.000   0.000
VAL01A0201_001   0.539  -0.979  -0.440
ARG01A0203_001   0.304  -7.747  -7.443
ARG02A0203_002   0.269  -7.747  -7.478
ARG03A0203_003   0.264  -7.747  -7.483
ARG+1A0203_004   0.226  -7.747  -7.521
TYR01A0204_001   4.364  -2.901   1.463
TYR01A0204_002   4.364  -2.901   1.463
TYR-1A0204_003   4.364  -2.901   1.463
PRO01A0205_001   0.221  -0.155   0.066
ARG01A0206_001   1.275  -0.048   1.227
ARG02A0206_002   1.290  -0.048   1.242
ARG03A0206_003   1.227  -0.048   1.179
ARG+1A0206_004   1.189  -0.048   1.141
PRO01A0207_001   0.124  -3.825  -3.700
PRO01A0208_001   0.247  -7.026  -6.779
MET01A0209_001   1.510  -1.007   0.503
ALA01A0210_001   0.000  -2.334  -2.334
ILE01A0211_001   0.393  -4.359  -3.966
PHE01A0212_001   2.692 -10.822  -8.130
GLU01A0213_001   2.654  -3.061  -0.407
GLU01A0213_002   2.654  -3.061  -0.407
GLU02A0213_003   2.167  -3.000  -0.833
GLU02A0213_004   2.167  -3.000  -0.833
GLU-1A0213_005   2.072  -2.928  -0.856
LEU01A0214_001   1.460  -0.702   0.758
LEU01A0215_001   1.602  -1.494   0.108
ASP01A0216_001   0.073  -2.740  -2.667
ASP01A0216_002   0.073  -2.740  -2.667
ASP02A0216_003   0.127  -2.815  -2.688
ASP02A0216_004   0.127  -2.815  -2.688
ASP-1A0216_005   0.064  -2.687  -2.623
TYR01A0217_001   4.116  -3.730   0.387
TYR01A0217_002   4.116  -3.730   0.387
TYR-1A0217_003   4.116  -3.730   0.387
ILE01A0218_001   3.127  -0.052   3.075
VAL01A0219_001   0.565  -1.597  -1.032
ASN01A0220_001   0.466  -2.893  -2.428
ASN01A0220_002   0.303  -2.981  -2.677
GLU01A0221_001   0.680  -2.724  -2.044
GLU01A0221_002   0.680  -2.724  -2.044
GLU02A0221_003   0.561  -2.548  -1.987
GLU02A0221_004   0.561  -2.548  -1.987
GLU-1A0221_005   0.492  -2.584  -2.092
PRO01A0222_001   0.186  -5.484  -5.298
PRO01A0223_001   0.451  -1.214  -0.763
PRO01A0224_001   0.491  -0.206   0.285
LYS01A0225_001   0.728  -7.541  -6.812
LYS+1A0225_002   0.683  -7.541  -6.858
LEU01A0226_001   1.444   0.000   1.444
PRO01A0227_001   0.254  -3.503  -3.249
SER01A0228_001   0.000  -4.305  -4.305
ALA01A0229_001   0.000  -4.427  -4.427
VAL01A0230_001   0.710  -5.782  -5.073
PHE01A0231_001   3.827  -0.574   3.253
SER01A0232_001   0.000  -1.316  -1.316
SER01A0232_002   0.000  -1.316  -1.316
SER01A0232_003   0.000  -1.316  -1.316
LEU01A0233_001   0.897  -9.043  -8.146
GLU01A0234_001   0.862  -2.298  -1.437
GLU01A0234_002   0.862  -2.298  -1.437
GLU02A0234_003   0.885  -2.325  -1.440
GLU02A0234_004   0.885  -2.325  -1.440
GLU-1A0234_005   0.716  -2.218  -1.502
PHE01A0235_001   3.613   0.000   3.613
GLN01A0236_001   1.493  -0.669   0.824
GLN01A0236_002   2.175  -0.738   1.437
ASP01A0237_001   0.303  -2.033  -1.730
ASP01A0237_002   0.303  -2.033  -1.730
ASP02A0237_003   0.356  -2.143  -1.786
ASP02A0237_004   0.356  -2.143  -1.786
ASP-1A0237_005   0.262  -1.968  -1.706
PHE01A0238_001   3.576   0.000   3.576
VAL01A0239_001   0.400   0.000   0.400
ASN01A0240_001   0.127  -1.035  -0.908
ASN01A0240_002   0.352  -1.071  -0.719
LYS01A0241_001   2.031  -4.659  -2.628
LYS+1A0241_002   1.962  -4.659  -2.697
CYS01A0242_001  -0.002   0.000  -0.002
CYS01A0242_002  -0.002   0.000  -0.002
CYS01A0242_003  -0.002   0.000  -0.002
CYS-1A0242_004   0.000   0.000   0.000
LEU01A0243_001   1.684   0.000   1.684
ILE01A0244_001   0.575  -3.451  -2.877
LYS01A0245_001   0.825  -3.100  -2.275
LYS+1A0245_002   0.777  -3.100  -2.323
ASN01A0246_001   0.216  -2.571  -2.355
ASN01A0246_002   0.041  -2.397  -2.356
PRO01A0247_001   0.476  -2.353  -1.877
ALA01A0248_001   0.000  -3.844  -3.844
GLU01A0249_001   0.227  -3.476  -3.249
GLU01A0249_002   0.227  -3.476  -3.249
GLU02A0249_003   0.171  -3.510  -3.339
GLU02A0249_004   0.171  -3.510  -3.339
GLU-1A0249_005   0.115  -3.372  -3.257
ARG01A0250_001   7.918   0.000   7.918
ARG02A0250_002   7.844   0.000   7.844
ARG02A0250_003   7.897   0.000   7.897
ARG03A0250_004   7.838   0.000   7.838
ARG03A0250_005   7.847   0.000   7.847
ARG+1A0250_006   7.799   0.000   7.799
ALA01A0251_001   0.000  -0.103  -0.103
ASP01A0252_001   0.131  -1.384  -1.253
ASP01A0252_002   0.131  -1.384  -1.253
ASP02A0252_003   0.219  -1.340  -1.121
ASP02A0252_004   0.219  -1.340  -1.121
ASP-1A0252_005   0.127  -1.275  -1.148
LEU01A0253_001   2.737  -0.515   2.221
LYS01A0254_001   0.955 -10.930  -9.975
LYS+1A0254_002   0.909 -10.930 -10.021
GLN01A0255_001   2.824  -2.727   0.096
GLN01A0255_002   4.843  -2.430   2.412
LEU01A0256_001   4.422   0.000   4.422
MET01A0257_001  -0.081  -3.065  -3.146
VAL01A0258_001   0.208  -6.159  -5.951
HIS01A0259_001  -0.157  -0.545  -0.702
HIS02A0259_002  -0.175  -0.545  -0.720
HIS+1A0259_003  -0.202  -0.545  -0.747
ALA01A0260_001   0.000  -2.730  -2.730
PHE01A0261_001   4.207   0.000   4.207
ILE01A0262_001   0.794  -0.103   0.691
LYS01A0263_001   2.022  -7.649  -5.627
LYS+1A0263_002   1.957  -7.649  -5.691
ARG01A0264_001   1.241  -4.300  -3.059
ARG02A0264_002   1.198  -4.300  -3.103
ARG02A0264_003   1.255  -4.300  -3.045
ARG03A0264_004   1.193  -4.300  -3.108
ARG03A0264_005   1.199  -4.300  -3.102
ARG+1A0264_006   1.154  -4.300  -3.146
SER01A0265_001   0.000   0.000   0.000
SER01A0265_002   0.000   0.000   0.000
SER01A0265_003   0.000   0.000   0.000
ASP01A0266_001   0.055  -1.870  -1.816
ASP01A0266_002   0.055  -1.870  -1.816
ASP02A0266_003   0.121  -1.877  -1.756
ASP02A0266_004   0.121  -1.877  -1.756
ASP-1A0266_005   0.052  -1.861  -1.808
ALA01A0267_001   0.000  -3.792  -3.792
GLU01A0268_001   9.843  -1.091   8.752
GLU01A0268_002   9.843  -1.091   8.752
GLU02A0268_003   7.800  -1.086   6.714
GLU02A0268_004   7.800  -1.086   6.714
GLU-1A0268_005   7.761  -1.089   6.672
GLU01A0269_001   0.905  -4.323  -3.418
GLU01A0269_002   0.905  -4.323  -3.418
GLU02A0269_003   0.752  -4.392  -3.640
GLU02A0269_004   0.752  -4.392  -3.640
GLU-1A0269_005   0.672  -4.332  -3.660
VAL01A0270_001   0.603  -1.030  -0.427
ASP01A0271_001   0.033  -2.868  -2.835
ASP01A0271_002   0.033  -2.868  -2.835
ASP02A0271_003   0.089  -2.792  -2.703
ASP02A0271_004   0.089  -2.792  -2.703
ASP-1A0271_005   0.030  -2.752  -2.722
PHE01A0272_001   3.924  -0.412   3.512
ALA01A0273_001   0.000  -1.578  -1.578
TRP01A0275_001   2.654  -3.081  -0.427
LEU01A0276_001   2.731   0.000   2.731
CYS01A0277_001  -0.002  -2.475  -2.476
CYS01A0277_002  -0.002  -2.475  -2.476
CYS01A0277_003  -0.002  -2.475  -2.477
CYS-1A0277_004   0.000  -2.475  -2.475
SER01A0278_001   0.000  -3.428  -3.428
SER01A0278_002   0.000  -3.428  -3.428
THR01A0279_001   0.227  -0.903  -0.676
THR01A0279_002   0.227  -0.903  -0.676
ILE01A0280_001   1.089  -1.236  -0.147
LEU01A0282_001   2.343  -2.730  -0.387
EUI+1B0001_00131227.355  -0.81231226.543
EUI+1B0001_00231226.082  -0.81231225.270
EUI+1B0001_00331221.496  -0.81231220.684
EUI01B0001_00431227.305  -0.81231226.492
EUI01B0001_00531260.355  -0.81231259.543
EUI01B0001_00631220.662  -0.81231219.850
EUI02B0001_00734577.648  -0.81234576.836
