 ph         7.4   7.4   7.4   7.4   7.4
NTG A0001  0.86  0.86  0.86  0.86  0.86
GLU A0002 -1.00 -1.00 -1.00 -1.00 -1.00
ARG A0010  1.00  1.00  1.00  1.00  1.00
LYS A0013  1.00  1.00  1.00  1.00  1.00
GLU A0014 -1.00 -1.00 -1.00 -1.00 -1.00
GLU A0016 -0.91 -0.91 -0.91 -0.91 -0.91
LYS A0018  1.00  1.00  1.00  1.00  1.00
LYS A0019  1.00  1.00  1.00  1.00  1.00
LYS A0021  1.00  1.00  1.00  1.00  1.00
TYR A0032 -0.00 -0.00 -0.00 -0.00 -0.00
LYS A0033  1.00  1.00  1.00  1.00  1.00
GLU A0039 -1.00 -1.00 -1.00 -1.00 -1.00
GLU A0041 -1.00 -1.00 -1.00 -1.00 -1.00
LYS A0042  1.00  1.00  1.00  1.00  1.00
LYS A0044  1.00  1.00  1.00  1.00  1.00
LYS A0050  1.00  1.00  1.00  1.00  1.00
GLU A0051 -1.00 -1.00 -1.00 -1.00 -1.00
ARG A0053  1.00  1.00  1.00  1.00  1.00
GLU A0054 -1.00 -1.00 -1.00 -1.00 -1.00
LYS A0059  1.00  1.00  1.00  1.00  1.00
LYS A0062  1.00  1.00  1.00  1.00  1.00
GLU A0063 -1.00 -1.00 -1.00 -1.00 -1.00
ASP A0066 -0.99 -0.99 -1.00 -0.99 -1.00
GLU A0067 -0.89 -0.90 -0.90 -0.90 -0.90
TYR A0069 -0.00 -0.00 -0.00 -0.00 -0.00
ASP A0075 -1.00 -1.00 -1.00 -1.00 -1.00
HIS A0078  0.00  0.00  0.00  0.00  0.00
CYS A0080  0.00 -0.00  0.00 -0.00  0.00
ARG A0081  1.00  1.00  1.00  1.00  1.00
CYS A0086  0.00  0.00  0.00  0.00  0.00
CYS A0102 -0.00 -0.00 -0.00 -0.00 -0.00
ASP A0105 -1.00 -1.00 -1.00 -1.00 -1.00
TYR A0106 -0.00 -0.00 -0.00 -0.00 -0.00
ARG A0108  1.00  1.00  1.00  1.00  1.00
GLU A0109 -1.00 -1.00 -1.00 -1.00 -1.00
HIS A0110  0.69  0.69  0.69  0.69  0.69
LYS A0111  1.00  0.99  0.99  0.99  0.99
ASP A0112 -1.00 -1.00 -1.00 -1.00 -1.00
TYR A0118 -0.02 -0.02 -0.02 -0.02 -0.02
CYS A0123  0.00  0.00  0.00  0.00  0.00
LYS A0128  1.00  1.00  1.00  1.00  1.00
TYR A0132 -0.00 -0.00 -0.00 -0.00 -0.00
GLU A0134 -1.00 -1.00 -1.00 -1.00 -1.00
ASP A0135 -1.00 -1.00 -1.00 -1.00 -1.00
ARG A0136  1.00  1.00  1.00  1.00  1.00
ARG A0137  1.00  1.00  1.00  1.00  1.00
HIS A0140  0.06  0.06  0.06  0.06  0.06
ARG A0141  1.00  1.00  1.00  1.00  1.00
ASP A0142 -0.86 -0.86 -0.86 -0.86 -0.86
ARG A0146  1.00  1.00  1.00  1.00  1.00
LYS A0151  0.99  0.99  0.99  0.99  0.99
HIS A0155  0.00  0.00  0.00  0.00  0.00
LYS A0157  0.90  0.90  0.90  0.90  0.90
ASP A0160 -0.98 -0.98 -0.99 -0.98 -0.99
LYS A0165  1.00  1.00  1.00  1.00  1.00
GLU A0170 -1.00 -1.00 -1.00 -1.00 -1.00
GLU A0171 -1.00 -1.00 -1.00 -1.00 -1.00
LYS A0172  1.00  1.00  1.00  1.00  1.00
GLU A0173 -1.00 -1.00 -1.00 -1.00 -1.00
TYR A0174 -0.00 -0.00 -0.00 -0.00 -0.00
HIS A0175  0.68  0.68  0.68  0.68  0.68
GLU A0177 -1.00 -1.00 -1.00 -1.00 -1.00
LYS A0180  0.98  0.98  0.98  0.98  0.98
LYS A0184  0.97  0.97  0.97  0.97  0.97
GLU A0189 -1.00 -1.00 -1.00 -1.00 -1.00
HIS A0193  0.61  0.61  0.61  0.61  0.61
ARG A0194  1.00  1.00  1.00  1.00  1.00
TYR A0196 -0.00 -0.00 -0.00 -0.00 -0.00
HIS A0198  0.57  0.57  0.56  0.56  0.56
ASP A0201 -1.00 -1.00 -1.00 -1.00 -1.00
TYR A0205  0.00  0.00  0.00  0.00  0.00
GLU A0211 -0.54 -0.53 -0.54 -0.53 -0.53
LYS A0218  1.00  1.00  1.00  1.00  1.00
TYR A0220  0.00  0.00  0.00  0.00  0.00
ASP A0221 -1.00 -1.00 -1.00 -1.00 -1.00
GLU A0227 -1.00 -1.00 -1.00 -1.00 -1.00
GLU A0233 -1.00 -1.00 -1.00 -1.00 -1.00
LYS A0234  1.00  1.00  1.00  1.00  1.00
GLU A0236 -1.00 -1.00 -1.00 -1.00 -1.00
ARG A0237  1.00  1.00  1.00  1.00  1.00
CYS A0244  0.00  0.00  0.00  0.00  0.00
ASP A0247 -1.00 -1.00 -1.00 -1.00 -1.00
TYR A0249 -0.00 -0.00 -0.00 -0.00 -0.00
LYS A0254  1.00  1.00  1.00  1.00  1.00
CYS A0255  0.00  0.00  0.00  0.00  0.00
ASP A0259 -1.00 -1.00 -1.00 -1.00 -1.00
ASP A0261 -1.00 -1.00 -1.00 -1.00 -1.00
ARG A0263  1.00  1.00  1.00  1.00  1.00
LYS A0265  1.00  1.00  1.00  1.00  1.00
ARG A0267  1.00  1.00  1.00  1.00  1.00
GLU A0268 -1.00 -1.00 -1.00 -1.00 -1.00
GLU A0272 -1.00 -1.00 -1.00 -1.00 -1.00
LYS A0275  1.00  1.00  1.00  1.00  1.00
ARG A0278  1.00  1.00  1.00  1.00  1.00
ASP A0279 -1.00 -1.00 -1.00 -1.00 -1.00
ARG A0282  1.00  1.00  1.00  1.00  1.00
TYR A0283 -0.00 -0.00 -0.00 -0.00 -0.00
ASP A0289 -0.99 -0.99 -0.99 -0.99 -0.99
GLU A0290 -1.00 -1.00 -1.00 -1.00 -1.00
ARG A0291  1.00  1.00  1.00  1.00  1.00
HIS A0293  0.00  0.00  0.00  0.00  0.00
ASP A0299 -1.00 -1.00 -1.00 -1.00 -1.00
TYR A0303 -0.01 -0.01 -0.01 -0.01 -0.01
ARG A0304  1.00  1.00  1.00  1.00  1.00
ASP A0308 -0.98 -0.98 -0.98 -0.98 -0.98
GLU A0309 -0.79 -0.79 -0.79 -0.79 -0.79
GLU A0310 -0.93 -0.93 -0.93 -0.92 -0.92
ASP A0311 -1.00 -1.00 -1.00 -1.00 -1.00
ASP A0313 -0.98 -0.98 -0.98 -0.98 -0.98
ASP A0314 -1.00 -1.00 -1.00 -1.00 -1.00
ASP A0317 -1.00 -1.00 -1.00 -1.00 -1.00
ASP A0319 -1.00 -1.00 -1.00 -1.00 -1.00
GLU A0320 -0.99 -0.99 -0.99 -0.99 -0.99
TYR A0321 -0.00 -0.00 -0.00 -0.00 -0.00
CTR A0321 -1.00 -1.00 -1.00 -1.00 -1.00

Tot Protn  -4.6  -4.6  -4.6  -4.6  -4.6
Tot Elec    0.0   0.0   0.0   0.0   0.0
Net crg    -3.6  -3.6  -3.6  -3.6  -3.6
