iConf CONFORMER     FL  occ    crg   Em0  pKa0 ne nH    vdw0    vdw1    tors    epol   dsolv   extra    history
00001 TRP01A0001_001 f 0.00  0.000     0  0.00  0  0  -2.062  -7.028   0.009   0.000   0.000   0.000 01O000M000t
00002 GLU01A0002_001 f 0.00  0.000     0  0.00  0  0   0.580  -5.384   4.128  -0.570   1.093   0.000 01O000M000t
00003 GLU01A0002_002 f 0.00  0.000     0  0.00  0  0   0.580  -5.384   1.408   0.563   1.826   0.000 01O000M000t
00004 GLU02A0002_003 f 0.00  0.000     0  0.00  0  0   0.128  -5.275   4.128  -1.291   0.257   0.000 02O000M000t
00005 GLU02A0002_004 f 0.00  0.000     0  0.00  0  0   0.128  -5.275   1.408   2.266   2.230   0.000 02O000M000t
00006 GLU-1A0002_005 f 0.00 -1.000     0  4.75  0 -1   0.090  -5.327   1.408  -3.922   5.172   0.000 -1O000M000t
00007 MET01A0003_001 f 0.00  0.000     0  0.00  0  0   0.860  -4.139   1.188  -0.012   0.084   0.000 01O000M000t
00008 GLU01A0004_001 f 0.00  0.000     0  0.00  0  0  -2.120  -1.906   4.693   0.601  -0.055   0.000 01O000M000t
00009 GLU01A0004_002 f 0.00  0.000     0  0.00  0  0  -2.120  -1.906   1.973   0.166   0.643   0.000 01O000M000t
00010 GLU02A0004_003 f 0.00  0.000     0  0.00  0  0  -2.260  -2.061   4.693   0.150  -0.473   0.000 02O000M000t
00011 GLU02A0004_004 f 0.00  0.000     0  0.00  0  0  -2.260  -2.061   1.973   0.084   0.600   0.000 02O000M000t
00012 GLU-1A0004_005 f 0.00 -1.000     0  4.75  0 -1  -2.267  -2.011   1.973  -0.955   0.526   0.000 -1O000M000t
00013 ARG01A0005_001 f 0.00  0.000     0  0.00  0  0  37.966  -1.700  18.316  -0.102   1.194   0.000 01O000M000t
00014 ARG02A0005_002 f 0.00  0.000     0  0.00  0  0  37.901  -1.728  18.316  -0.025   1.828   0.000 02O000M000t
00015 ARG03A0005_003 f 0.00  0.000     0  0.00  0  0  37.899  -1.724  18.316   0.050   2.484   0.000 03O000M000t
00016 ARG+1A0005_004 f 0.00  1.000     0 12.50  0  1  37.854  -1.731  18.316   0.272   1.738   0.000 +1O000M000t
00017 THR01A0006_001 f 0.00  0.000     0  0.00  0  0  -5.908   1.174   0.589  -0.362  -0.285   0.000 01O000M000t
00018 ASP01A0007_001 f 0.00  0.000     0  0.00  0  0  -0.769  -2.550   3.610   0.615   0.673   0.000 01O000M000t
00019 ASP01A0007_002 f 0.00  0.000     0  0.00  0  0  -0.769  -2.550   0.890   0.083   1.121   0.000 01O000M000t
00020 ASP02A0007_003 f 0.00  0.000     0  0.00  0  0  -0.750  -2.667   3.610   0.791   1.077   0.000 02O000M000t
00021 ASP02A0007_004 f 0.00  0.000     0  0.00  0  0  -0.750  -2.667   0.890   0.124   1.142   0.000 02O000M000t
00022 ASP-1A0007_005 f 0.00 -1.000     0  4.75  0 -1  -0.795  -2.581   0.890  -1.352   3.113   0.000 -1O000M000t
00023 ILE01A0008_001 f 0.00  0.000     0  0.00  0  0   1.674  -0.921   3.196   0.000   0.000   0.000 01O000M000t
00024 THR01A0009_001 f 0.00  0.000     0  0.00  0  0  -3.661   1.920   2.407  -0.304   1.376   0.000 01O000M000t
00025 THR01A0009_002 f 0.00  0.000     0  0.00  0  0  -3.661   1.920   2.407   0.643   1.604   0.000 01O000M000t
00026 MET01A0010_001 f 0.00  0.000     0  0.00  0  0  -2.045  -2.419   1.149  -0.031   0.089   0.000 01O000M000t
00027 LYS01A0011_001 f 0.00  0.000     0  0.00  0  0  -3.052   2.459   3.196  -0.037   0.096   0.000 01O000M000t
00028 LYS+1A0011_002 f 0.00  1.000     0 10.40  0  1  -3.102   2.453   3.196   0.289   0.514   0.000 +1O000M000t
00029 HIS01A0012_001 f 0.00  0.000     0  0.00  0  0  -8.277  -1.838   2.799   0.307   0.449   0.000 01O000M000t
00030 HIS01A0012_002 f 0.00  0.000     0  0.00  0  0  -8.244  -1.864   2.799   0.379   0.106   0.000 01R001M000t
00031 HIS02A0012_003 f 0.00  0.000     0  0.00  0  0  -8.283  -1.860   2.799   0.214   0.394   0.000 02O000M000t
00032 HIS02A0012_004 f 0.00  0.000     0  0.00  0  0  -8.263  -1.871   2.799   0.249   0.379   0.000 02R001M000t
00033 HIS+1A0012_005 f 0.00  1.000     0  6.98  0  1  -8.312  -1.866   2.799   0.838  -0.329   0.000 +1O000M000t
00034 HIS+1A0012_006 f 0.00  1.000     0  6.98  0  1  -8.291  -1.880   2.799   0.926  -0.312   0.000 +1R001M000t
00035 LYS01A0013_001 f 0.00  0.000     0  0.00  0  0  -2.832  -4.999   3.045   0.016   0.286   0.000 01O000M000t
00036 LYS+1A0013_002 f 0.00  1.000     0 10.40  0  1  -2.878  -5.012   3.045  -0.089   1.098   0.000 +1O000M000t
00037 LEU01A0014_001 f 0.00  0.000     0  0.00  0  0   2.347  -5.462   0.930   0.000   0.000   0.000 01O000M000t
00038 GLN01A0018_001 f 0.00  0.000     0  0.00  0  0   1.032   3.990   2.134   0.212   0.476   0.000 01O000M000t
00039 GLN01A0018_002 f 0.00  0.000     0  0.00  0  0   2.622   4.217   2.133  -0.392   1.086   0.000 01R001M000t
00040 TYR01A0019_001 f 0.00  0.000     0  0.00  0  0   4.047  -6.060   0.015  -0.077   1.584   0.000 01O000M000t
00041 TYR01A0019_002 f 0.00  0.000     0  0.00  0  0   4.047  -6.060   0.015   0.122   2.021   0.000 01O000M000t
00042 TYR-1A0019_003 f 0.00 -1.000     0 10.20  0 -1   4.047  -6.060   0.015  -2.032   7.866   0.000 -1O000M000t
00043 GLU01A0021_001 f 0.00  0.000     0  0.00  0  0  -0.736  -1.297   3.365   0.273   0.864   0.000 01O000M000t
00044 GLU01A0021_002 f 0.00  0.000     0  0.00  0  0  -0.736  -1.297   0.645   0.085   1.367   0.000 01O000M000t
00045 GLU02A0021_003 f 0.00  0.000     0  0.00  0  0  -0.915  -1.323   3.365   0.141  -0.002   0.000 02O000M000t
00046 GLU02A0021_004 f 0.00  0.000     0  0.00  0  0  -0.915  -1.323   0.645   0.059   1.358   0.000 02O000M000t
00047 GLU-1A0021_005 f 0.00 -1.000     0  4.75  0 -1  -1.012  -1.272   0.645  -0.438   2.879   0.000 -1O000M000t
00048 VAL01A0022_001 f 0.00  0.000     0  0.00  0  0   0.782  -4.563   0.084   0.000   0.000   0.000 01O000M000t
00049 TYR01A0023_001 f 0.00  0.000     0  0.00  0  0   0.945  -9.412   0.017   0.132   1.482   0.000 01O000M000t
00050 TYR01A0023_002 f 0.00  0.000     0  0.00  0  0   0.945  -9.412   0.017   0.010   0.852   0.000 01O000M000t
00051 TYR-1A0023_003 f 0.00 -1.000     0 10.20  0 -1   0.945  -9.412   0.017  -0.165   2.944   0.000 -1O000M000t
00052 GLU01A0024_001 f 0.00  0.000     0  0.00  0  0  -1.223  -3.631   4.659   0.167   0.308   0.000 01O000M000t
00053 GLU01A0024_002 f 0.00  0.000     0  0.00  0  0  -1.223  -3.631   1.939   0.090   0.906   0.000 01O000M000t
00054 GLU02A0024_003 f 0.00  0.000     0  0.00  0  0  -1.347  -3.630   4.659   0.098   0.896   0.000 02O000M000t
00055 GLU02A0024_004 f 0.00  0.000     0  0.00  0  0  -1.347  -3.630   1.939   0.062   0.796   0.000 02O000M000t
00056 GLU-1A0024_005 f 0.00 -1.000     0  4.75  0 -1  -1.287  -3.586   1.939  -0.449   1.800   0.000 -1O000M000t
00057 VAL01A0026_001 f 0.00  0.000     0  0.00  0  0  -1.408  -3.449   0.769   0.000   0.000   0.000 01O000M000t
00058 TRP01A0027_001 f 0.00  0.000     0  0.00  0  0  -0.283   4.818   0.760   0.000   0.000   0.000 01O000M000t
00059 LYS01A0028_001 f 0.00  0.000     0  0.00  0  0  -3.290  -3.171   1.096   0.208   0.408   0.000 01O000M000t
00060 LYS+1A0028_002 f 0.00  1.000     0 10.40  0  1  -3.343  -3.132   1.096  -1.394   1.833   0.000 +1O000M000t
00061 LYS01A0029_001 f 0.00  0.000     0  0.00  0  0  -2.461  -1.520   3.968  -0.050  -0.013   0.000 01O000M000t
00062 LYS+1A0029_002 f 0.00  1.000     0 10.40  0  1  -2.506  -1.523   3.968   0.148   0.256   0.000 +1O000M000t
00063 TYR01A0030_001 f 0.00  0.000     0  0.00  0  0  -2.713  -2.601   0.502   0.239   0.447   0.000 01O000M000t
00064 TYR-1A0030_002 f 0.00 -1.000     0 10.20  0 -1  -2.713  -2.601   0.502  -0.177   0.876   0.000 -1O000M000t
00065 SER01A0031_001 f 0.00  0.000     0  0.00  0  0  -4.865  -0.251   0.396  -0.060  -0.272   0.000 01O000M000t
00066 SER01A0031_002 f 0.00  0.000     0  0.00  0  0  -4.865  -0.251   0.021  -0.243  -0.177   0.000 01O000M000t
00067 LEU01A0032_001 f 0.00  0.000     0  0.00  0  0  -2.542  -4.355   0.819   0.000   0.000   0.000 01O000M000t
00068 THR01A0033_001 f 0.00  0.000     0  0.00  0  0  -2.825  -0.759   2.510  -0.216  -0.232   0.000 01O000M000t
00069 THR01A0033_002 f 0.00  0.000     0  0.00  0  0  -2.825  -0.759   2.510   0.119   0.026   0.000 01O000M000t
00070 VAL01A0034_001 f 0.00  0.000     0  0.00  0  0   0.392  -6.089   0.093   0.000   0.000   0.000 01O000M000t
00071 ALA01A0035_001 f 0.00  0.000     0  0.00  0  0   0.000  -1.853   0.000   0.000   0.000   0.000 01O000M000t
00072 VAL01A0036_001 f 0.00  0.000     0  0.00  0  0   0.435  -4.162   0.027   0.000   0.000   0.000 01O000M000t
00073 LYS01A0037_001 f 0.00  0.000     0  0.00  0  0  -0.737  -4.583   1.477   0.067   0.293   0.000 01O000M000t
00074 LYS+1A0037_002 f 0.00  1.000     0 10.40  0  1  -0.781  -4.593   1.477  -0.019   3.176   0.000 +1O000M000t
00075 THR01A0038_001 f 0.00  0.000     0  0.00  0  0  -0.817   2.577   0.592  -0.059   1.878   0.000 01O000M000t
00076 THR01A0038_002 f 0.00  0.000     0  0.00  0  0  -0.817   2.577   0.217  -0.028   1.353   0.000 01O000M000t
00077 LEU01A0039_001 f 0.00  0.000     0  0.00  0  0   0.941  -1.244   1.378   0.000   0.000   0.000 01O000M000t
00078 LYS01A0040_001 f 0.00  0.000     0  0.00  0  0 999.000 999.000   4.619  -0.313   0.302   0.000 01O000M000t
00079 LYS+1A0040_002 f 0.00  1.000     0 10.40  0  1 999.000 999.000   4.619   1.485   1.420   0.000 +1O000M000t
00080 GLU01A0041_001 f 0.00  0.000     0  0.00  0  0 999.000 999.000   7.327   0.694   0.351   0.000 01O000M000t
00081 GLU01A0041_002 f 0.00  0.000     0  0.00  0  0 999.000 999.000   4.607  -1.851   1.335   0.000 01O000M000t
00082 GLU02A0041_003 f 0.00  0.000     0  0.00  0  0 999.000 999.000   7.327  -0.193   1.334   0.000 02O000M000t
00083 GLU02A0041_004 f 0.00  0.000     0  0.00  0  0 999.000 999.000   4.607  -3.408   1.907   0.000 02O000M000t
00084 GLU-1A0041_005 f 0.00 -1.000     0  4.75  0 -1 999.000 999.000   4.607  -7.856   4.834   0.000 -1O000M000t
00085 ASP01A0042_001 f 0.00  0.000     0  0.00  0  0  -1.830 369.456   4.633  -0.000   0.860   0.000 01O000M000t
00086 ASP01A0042_002 f 0.00  0.000     0  0.00  0  0  -1.830 369.456   1.913   1.077   0.665   0.000 01O000M000t
00087 ASP02A0042_003 f 0.00  0.000     0  0.00  0  0  -1.767 298.121   4.633   1.832  -0.371   0.000 02O000M000t
00088 ASP02A0042_004 f 0.00  0.000     0  0.00  0  0  -1.767 298.121   1.913   1.599   0.794   0.000 02O000M000t
00089 ASP-1A0042_005 f 0.00 -1.000     0  4.75  0 -1  -1.781 298.159   1.913   1.837   0.996   0.000 -1O000M000t
00090 THR01A0043_001 f 0.00  0.000     0  0.00  0  0  -2.342  -0.091   1.200  -0.790   0.844   0.000 01O000M000t
00091 THR01A0043_002 f 0.00  0.000     0  0.00  0  0  -2.342  -0.091   1.200   1.250   1.645   0.000 01O000M000t
00092 MET01A0044_001 f 0.00  0.000     0  0.00  0  0 232.148   3.736   3.985  -0.021   0.037   0.000 01O000M000t
00093 GLU01A0045_001 f 0.00  0.000     0  0.00  0  0   0.938  -1.121   5.323   0.397   0.004   0.000 01O000M000t
00094 GLU01A0045_002 f 0.00  0.000     0  0.00  0  0   0.938  -1.121   2.603   0.104   0.995   0.000 01O000M000t
00095 GLU02A0045_003 f 0.00  0.000     0  0.00  0  0   0.299  -1.100   5.323   0.041  -0.274   0.000 02O000M000t
00096 GLU02A0045_004 f 0.00  0.000     0  0.00  0  0   0.299  -1.100   2.603   0.048   1.004   0.000 02O000M000t
00097 GLU-1A0045_005 f 0.00 -1.000     0  4.75  0 -1   0.399  -1.075   2.603  -0.644   1.073   0.000 -1O000M000t
00098 VAL01A0046_001 f 0.00  0.000     0  0.00  0  0  -3.267  -0.834   0.194   0.000   0.000   0.000 01O000M000t
00099 GLU01A0047_001 f 0.00  0.000     0  0.00  0  0  -2.519   0.712   5.430   0.438  -0.187   0.000 01O000M000t
00100 GLU01A0047_002 f 0.00  0.000     0  0.00  0  0  -2.519   0.712   2.710   0.208   0.711   0.000 01O000M000t
00101 GLU02A0047_003 f 0.00  0.000     0  0.00  0  0  -2.729   0.571   5.430   0.241  -0.257   0.000 02O000M000t
00102 GLU02A0047_004 f 0.00  0.000     0  0.00  0  0  -2.729   0.571   2.710   0.131   0.700   0.000 02O000M000t
00103 GLU-1A0047_005 f 0.00 -1.000     0  4.75  0 -1  -2.660   0.607   2.710  -0.519   0.694   0.000 -1O000M000t
00104 GLU01A0048_001 f 0.00  0.000     0  0.00  0  0  -2.204  -1.013   3.221   0.301   0.209   0.000 01O000M000t
00105 GLU01A0048_002 f 0.00  0.000     0  0.00  0  0  -2.204  -1.013   0.501   0.101   0.568   0.000 01O000M000t
00106 GLU02A0048_003 f 0.00  0.000     0  0.00  0  0  -2.481  -0.997   3.221   0.058  -0.562   0.000 02O000M000t
00107 GLU02A0048_004 f 0.00  0.000     0  0.00  0  0  -2.481  -0.997   0.501   0.044   0.782   0.000 02O000M000t
00108 GLU-1A0048_005 f 0.00 -1.000     0  4.75  0 -1  -2.356  -0.979   0.501  -0.516   0.318   0.000 -1O000M000t
00109 PHE01A0049_001 f 0.00  0.000     0  0.00  0  0   4.019  -8.941   0.190   0.000   0.000   0.000 01O000M000t
00110 LEU01A0050_001 f 0.00  0.000     0  0.00  0  0  -2.016  -3.761   0.538   0.000   0.000   0.000 01O000M000t
00111 LYS01A0051_001 f 0.00  0.000     0  0.00  0  0  15.246 999.000   3.215  -1.187   0.871   0.000 01O000M000t
00112 LYS+1A0051_002 f 0.00  1.000     0 10.40  0  1  17.324 999.000   3.215   0.815   5.651   0.000 +1O000M000t
00113 GLU01A0052_001 f 0.00  0.000     0  0.00  0  0   1.206  -2.239   2.955   0.260   1.317   0.000 01O000M000t
00114 GLU01A0052_002 f 0.00  0.000     0  0.00  0  0   1.206  -2.239   0.235   0.130   2.182   0.000 01O000M000t
00115 GLU02A0052_003 f 0.00  0.000     0  0.00  0  0   0.950  -2.219   2.955   0.173   1.931   0.000 02O000M000t
00116 GLU02A0052_004 f 0.00  0.000     0  0.00  0  0   0.950  -2.219   0.235   0.061   1.249   0.000 02O000M000t
00117 GLU-1A0052_005 f 0.00 -1.000     0  4.75  0 -1   0.820  -2.167   0.235  -0.390   5.961   0.000 -1O000M000t
00118 ALA01A0053_001 f 0.00  0.000     0  0.00  0  0  -0.155  -1.631   0.000   0.000   0.000   0.000 01O000M000t
00119 ALA01A0054_001 f 0.00  0.000     0  0.00  0  0  -2.318   0.263   0.000   0.000   0.000   0.000 01O000M000t
00120 VAL01A0055_001 f 0.00  0.000     0  0.00  0  0   0.135   1.310   0.295   0.000   0.000   0.000 01O000M000t
00121 MET01A0056_001 f 0.00  0.000     0  0.00  0  0   0.706  -4.745   2.381   0.008   0.086   0.000 01O000M000t
00122 LYS01A0057_001 f 0.00  0.000     0  0.00  0  0  -2.757  -1.160   2.558   0.005   0.274   0.000 01O000M000t
00123 LYS+1A0057_002 f 0.00  1.000     0 10.40  0  1  -2.802  -1.183   2.558   0.152   1.829   0.000 +1O000M000t
00124 GLU01A0058_001 f 0.00  0.000     0  0.00  0  0  -2.141  -2.711   4.612   0.322  -0.082   0.000 01O000M000t
00125 GLU01A0058_002 f 0.00  0.000     0  0.00  0  0  -2.141  -2.711   1.892   0.257   0.683   0.000 01O000M000t
00126 GLU02A0058_003 f 0.00  0.000     0  0.00  0  0  -2.335  -2.922   4.612  -1.025   0.358   0.000 02O000M000t
00127 GLU02A0058_004 f 0.00  0.000     0  0.00  0  0  -2.335  -2.922   1.892   0.178   0.752   0.000 02O000M000t
00128 GLU-1A0058_005 f 0.00 -1.000     0  4.75  0 -1  -2.277  -2.917   1.892   0.744   1.431   0.000 -1O000M000t
00129 ILE01A0059_001 f 0.00  0.000     0  0.00  0  0  11.886  -4.230   1.232   0.000   0.000   0.000 01O000M000t
00130 LYS01A0060_001 f 0.00  0.000     0  0.00  0  0 999.000  -3.281   5.328  -0.290   0.528   0.000 01O000M000t
00131 LYS+1A0060_002 f 0.00  1.000     0 10.40  0  1 999.000  -3.355   5.328  -1.431   2.754   0.000 +1O000M000t
00132 HIS01A0061_001 f 0.00  0.000     0  0.00  0  0  -1.206 999.000   0.002   1.650   2.335   0.000 01O000M000t
00133 HIS01A0061_002 f 0.00  0.000     0  0.00  0  0  -1.160  -4.864   0.002  -2.756   2.532   0.000 01R001M000t
00134 HIS02A0061_003 f 0.00  0.000     0  0.00  0  0  -1.228 999.000   0.002   1.196   2.394   0.000 02O000M000t
00135 HIS02A0061_004 f 0.00  0.000     0  0.00  0  0  -1.172  -4.542   0.002   4.109   2.584   0.000 02R001M000t
00136 HIS+1A0061_005 f 0.00  1.000     0  6.98  0  1  -1.255 999.000   0.002   5.533   4.838   0.000 +1O000M000t
00137 HIS+1A0061_006 f 0.00  1.000     0  6.98  0  1  -1.199  -4.585   0.002   8.116   4.980   0.000 +1R001M000t
00138 PRO01A0062_001 f 0.00  0.000     0  0.00  0  0  -5.850  -0.538   0.000   0.000   0.000   0.000 01O000M000t
00139 ASN01A0063_001 f 0.00  0.000     0  0.00  0  0  -0.243  -5.136   0.923  -1.115   1.683   0.000 01O000M000t
00140 ASN01A0063_002 f 0.00  0.000     0  0.00  0  0  -0.165  -5.489   0.890   1.105   1.783   0.000 01R001M000t
00141 LEU01A0064_001 f 0.00  0.000     0  0.00  0  0   1.644  -4.095   2.022   0.000   0.000   0.000 01O000M000t
00142 VAL01A0065_001 f 0.00  0.000     0  0.00  0  0   1.000  -2.323   0.907   0.000   0.000   0.000 01O000M000t
00143 GLN01A0066_001 f 0.00  0.000     0  0.00  0  0  -0.968  -1.998   4.156   0.138   0.259   0.000 01O000M000t
00144 GLN01A0066_002 f 0.00  0.000     0  0.00  0  0  -0.738  -2.120   4.143  -0.035   0.003   0.000 01R001M000t
00145 LEU01A0067_001 f 0.00  0.000     0  0.00  0  0   2.254  -6.261   0.645   0.000   0.000   0.000 01O000M000t
00146 LEU01A0068_001 f 0.00  0.000     0  0.00  0  0   1.173  -6.762   0.601   0.000   0.000   0.000 01O000M000t
00147 VAL01A0070_001 f 0.00  0.000     0  0.00  0  0   0.410  -2.703   0.420   0.000   0.000   0.000 01O000M000t
00148 CYS01A0071_001 f 0.00  0.000     0  0.00  0  0  -0.146  -3.342   0.031  -0.985   0.919   0.000 01O000M000t
00149 CYS01A0071_002 f 0.00  0.000     0  0.00  0  0  -0.146  -3.310   0.031   0.157   0.939   0.000 01O000M000t
00150 CYS01A0071_003 f 0.00  0.000     0  0.00  0  0  -0.146  -3.279   0.031   0.134   0.955   0.000 01O000M000t
00151 CYS-1A0071_004 f 0.00 -1.000     0  9.10  0 -1  -0.144  -3.219   0.031  -0.765  10.325   0.000 -1O000M000t
00152 THR01A0072_001 f 0.00  0.000     0  0.00  0  0  -0.406  -0.820   0.395   0.726   1.315   0.000 01O000M000t
00153 THR01A0072_002 f 0.00  0.000     0  0.00  0  0  -0.406  -0.820   0.020  -0.832   0.273   0.000 01O000M000t
00154 ARG01A0073_001 f 0.00  0.000     0  0.00  0  0   0.764   4.303  17.406   0.155   0.605   0.000 01O000M000t
00155 ARG02A0073_002 f 0.00  0.000     0  0.00  0  0   0.959   4.294  17.406   0.212   0.394   0.000 02O000M000t
00156 ARG03A0073_003 f 0.00  0.000     0  0.00  0  0   0.924   4.292  17.406   0.188   0.970   0.000 03O000M000t
00157 ARG+1A0073_004 f 0.00  1.000     0 12.50  0  1   0.884   4.291  17.406   0.477  -0.708   0.000 +1O000M000t
00158 GLU01A0074_001 f 0.00  0.000     0  0.00  0  0  -2.802  76.877   7.824  -4.000   0.315   0.000 01O000M000t
00159 GLU01A0074_002 f 0.00  0.000     0  0.00  0  0  -2.802  76.877   5.104   0.330   0.507   0.000 01O000M000t
00160 GLU02A0074_003 f 0.00  0.000     0  0.00  0  0  -2.881  74.507   7.824   0.642  -0.741   0.000 02O000M000t
00161 GLU02A0074_004 f 0.00  0.000     0  0.00  0  0  -2.881  74.507   5.104   0.566   0.837   0.000 02O000M000t
00162 GLU-1A0074_005 f 0.00 -1.000     0  4.75  0 -1  -2.828  74.533   5.104   1.544   0.873   0.000 -1O000M000t
00163 PRO01A0075_001 f 0.00  0.000     0  0.00  0  0  -4.486  -1.767   0.000   0.000   0.000   0.000 01O000M000t
00164 PRO01A0076_001 f 0.00  0.000     0  0.00  0  0  -2.852  -1.904   0.000   0.000   0.000   0.000 01O000M000t
00165 PHE01A0077_001 f 0.00  0.000     0  0.00  0  0   1.820  -3.003   0.286   0.000   0.000   0.000 01O000M000t
00166 TYR01A0078_001 f 0.00  0.000     0  0.00  0  0   3.488  -4.249   0.310   0.483   1.619   0.000 01O000M000t
00167 TYR01A0078_002 f 0.00  0.000     0  0.00  0  0   3.488  -4.249   0.310   0.502   1.297   0.000 01O000M000t
00168 TYR-1A0078_003 f 0.00 -1.000     0 10.20  0 -1   3.488  -4.249   0.310   0.525   5.444   0.000 -1O000M000t
00169 ILE01A0079_001 f 0.00  0.000     0  0.00  0  0   3.274  -2.301   0.610   0.000   0.000   0.000 01O000M000t
00170 ILE01A0080_001 f 0.00  0.000     0  0.00  0  0   1.623  -4.907   0.892   0.000   0.000   0.000 01O000M000t
00171 THR01A0081_001 f 0.00  0.000     0  0.00  0  0   0.084   0.090   0.517   0.208   1.989   0.000 01O000M000t
00172 THR01A0081_002 f 0.00  0.000     0  0.00  0  0   0.084   0.090   0.517  -1.729   1.981   0.000 01O000M000t
00173 THR01A0081_003 f 0.00  0.000     0  0.00  0  0   0.084   0.090   0.142  -0.055   1.988   0.000 01O000M000t
00174 GLU01A0082_001 f 0.00  0.000     0  0.00  0  0   0.134  -2.056   4.057   3.706   1.989   0.000 01O000M000t
00175 GLU01A0082_002 f 0.00  0.000     0  0.00  0  0   0.134  -2.056   1.337  -0.395   2.255   0.000 01O000M000t
00176 GLU02A0082_003 f 0.00  0.000     0  0.00  0  0   0.110  -2.586   4.057  -0.898   1.537   0.000 02O000M000t
00177 GLU02A0082_004 f 0.00  0.000     0  0.00  0  0   0.110  -2.586   1.337  -1.005   1.915   0.000 02O000M000t
00178 GLU-1A0082_005 f 0.00 -1.000     0  4.75  0 -1  -0.013  -2.527   1.337  -3.212   7.560   0.000 -1O000M000t
00179 PHE01A0083_001 f 0.00  0.000     0  0.00  0  0   1.582  -6.263   0.825   0.000   0.000   0.000 01O000M000t
00180 MET01A0084_001 f 0.00  0.000     0  0.00  0  0  -0.318  -5.250   3.793  -0.005   0.093   0.000 01O000M000t
00181 THR01A0085_001 f 0.00  0.000     0  0.00  0  0  -3.015   1.468   0.858  -0.613   0.245   0.000 01O000M000t
00182 THR01A0085_002 f 0.00  0.000     0  0.00  0  0  -3.015   1.468   0.483  -0.599   0.679   0.000 01O000M000t
00183 TYR01A0086_001 f 0.00  0.000     0  0.00  0  0  -1.891  -4.538   0.030   0.329   0.554   0.000 01O000M000t
00184 TYR01A0086_002 f 0.00  0.000     0  0.00  0  0  -1.891  -4.538   0.030   0.199   0.275   0.000 01O000M000t
00185 TYR-1A0086_003 f 0.00 -1.000     0 10.20  0 -1  -1.891  -4.538   0.030  -0.667   0.895   0.000 -1O000M000t
00186 ASN01A0088_001 f 0.00  0.000     0  0.00  0  0   0.257  -4.293   2.163   2.993   2.062   0.000 01O000M000t
00187 ASN01A0088_002 f 0.00  0.000     0  0.00  0  0   0.164  -5.249   2.164  -2.083   1.828   0.000 01R001M000t
00188 LEU01A0089_001 f 0.00  0.000     0  0.00  0  0   0.557  -3.340   0.462   0.000   0.000   0.000 01O000M000t
00189 LEU01A0090_001 f 0.00  0.000     0  0.00  0  0  -0.462  -3.470   0.582   0.000   0.000   0.000 01O000M000t
00190 ASP01A0091_001 f 0.00  0.000     0  0.00  0  0  -1.504  -1.336   2.921   0.886   0.288   0.000 01O000M000t
00191 ASP01A0091_002 f 0.00  0.000     0  0.00  0  0  -1.504  -1.336   0.201   0.354   0.591   0.000 01O000M000t
00192 ASP02A0091_003 f 0.00  0.000     0  0.00  0  0  -1.365  -1.672   2.921   0.490  -0.049   0.000 02O000M000t
00193 ASP02A0091_004 f 0.00  0.000     0  0.00  0  0  -1.365  -1.672   0.201   0.346   0.529   0.000 02O000M000t
00194 ASP-1A0091_005 f 0.00 -1.000     0  4.75  0 -1  -1.437  -1.618   0.201  -1.397   1.655   0.000 -1O000M000t
00195 TYR01A0092_001 f 0.00  0.000     0  0.00  0  0   2.459  -5.830   0.005   0.214   1.240   0.000 01O000M000t
00196 TYR01A0092_002 f 0.00  0.000     0  0.00  0  0   2.459  -5.830   0.005   0.329   1.952   0.000 01O000M000t
00197 TYR-1A0092_003 f 0.00 -1.000     0 10.20  0 -1   2.459  -5.830   0.005  -0.711   5.447   0.000 -1O000M000t
00198 LEU01A0093_001 f 0.00  0.000     0  0.00  0  0   1.250  -8.584   0.748   0.000   0.000   0.000 01O000M000t
00199 ARG01A0094_001 f 0.00  0.000     0  0.00  0  0  -4.714  -3.486   0.839   0.387   1.815   0.000 01O000M000t
00200 ARG02A0094_002 f 0.00  0.000     0  0.00  0  0  -4.758  -2.709   0.839  -1.940   2.515   0.000 02O000M000t
00201 ARG03A0094_003 f 0.00  0.000     0  0.00  0  0  -4.763  -2.692   0.839  -2.119   2.473   0.000 03O000M000t
00202 ARG+1A0094_004 f 0.00  1.000     0 12.50  0  1  -4.801  -2.713   0.839  -3.691   3.313   0.000 +1O000M000t
00203 GLU01A0095_001 f 0.00  0.000     0  0.00  0  0  -0.653  -2.631   3.657  -0.092   0.053   0.000 01O000M000t
00204 GLU01A0095_002 f 0.00  0.000     0  0.00  0  0  -0.653  -2.631   0.937  -0.033   0.763   0.000 01O000M000t
00205 GLU02A0095_003 f 0.00  0.000     0  0.00  0  0  -1.151  -2.610   3.657  -0.058  -0.454   0.000 02O000M000t
00206 GLU02A0095_004 f 0.00  0.000     0  0.00  0  0  -1.151  -2.610   0.937   0.002   0.645   0.000 02O000M000t
00207 GLU-1A0095_005 f 0.00 -1.000     0  4.75  0 -1  -1.126  -2.563   0.937   0.035   0.893   0.000 -1O000M000t
00208 CYS01A0096_001 f 0.00  0.000     0  0.00  0  0  -0.098  -0.492   0.662  -1.033   0.733   0.000 01O000M000t
00209 CYS01A0096_002 f 0.00  0.000     0  0.00  0  0  -0.098  -0.524   0.662   0.081   0.949   0.000 01O000M000t
00210 CYS01A0096_003 f 0.00  0.000     0  0.00  0  0  -0.098  -0.386   0.662  -0.367   0.940   0.000 01O000M000t
00211 CYS-1A0096_004 f 0.00 -1.000     0  9.10  0 -1  -0.096  -0.327   0.662   0.110   9.592   0.000 -1O000M000t
00212 ASN01A0097_001 f 0.00  0.000     0  0.00  0  0  -2.578   0.093   0.591  -1.875   0.790   0.000 01O000M000t
00213 ARG01A0098_001 f 0.00  0.000     0  0.00  0  0  -5.980  -2.687   0.489   0.209   0.742   0.000 01O000M000t
00214 ARG02A0098_002 f 0.00  0.000     0  0.00  0  0  -6.020  -2.703   0.489  -0.078   1.673   0.000 02O000M000t
00215 ARG03A0098_003 f 0.00  0.000     0  0.00  0  0  -6.022  -2.688   0.489   0.134   1.217   0.000 03O000M000t
00216 ARG+1A0098_004 f 0.00  1.000     0 12.50  0  1  -6.064  -2.707   0.489  -0.937   1.131   0.000 +1O000M000t
00217 GLN01A0099_001 f 0.00  0.000     0  0.00  0  0  -3.188  -1.790   0.962   0.140  -0.079   0.000 01O000M000t
00218 GLN01A0099_002 f 0.00  0.000     0  0.00  0  0  -3.232  -1.761   0.976   0.137  -0.383   0.000 01R001M000t
00219 GLU01A0100_001 f 0.00  0.000     0  0.00  0  0   0.041  -0.858   3.460   0.262   0.330   0.000 01O000M000t
00220 GLU01A0100_002 f 0.00  0.000     0  0.00  0  0   0.041  -0.858   0.740   0.072   0.836   0.000 01O000M000t
00221 GLU02A0100_003 f 0.00  0.000     0  0.00  0  0  -0.266  -0.847   3.460   0.250   0.665   0.000 02O000M000t
00222 GLU02A0100_004 f 0.00  0.000     0  0.00  0  0  -0.266  -0.847   0.740   0.123   0.656   0.000 02O000M000t
00223 GLU-1A0100_005 f 0.00 -1.000     0  4.75  0 -1  -0.316  -0.811   0.740  -0.792   1.502   0.000 -1O000M000t
00224 VAL01A0101_001 f 0.00  0.000     0  0.00  0  0   0.424   1.696   0.120   0.000   0.000   0.000 01O000M000t
00225 ASN01A0102_001 f 0.00  0.000     0  0.00  0  0  -2.121  -2.827   0.201  -1.456   1.186   0.000 01O000M000t
00226 ASN01A0102_002 f 0.00  0.000     0  0.00  0  0  -1.956  -1.008   0.202   1.607   0.913   0.000 01R001M000t
00227 ALA01A0103_001 f 0.00  0.000     0  0.00  0  0  -3.190  -0.352   0.000   0.000   0.000   0.000 01O000M000t
00228 VAL01A0104_001 f 0.00  0.000     0  0.00  0  0  -3.965  -0.281   0.551   0.000   0.000   0.000 01O000M000t
00229 VAL01A0105_001 f 0.00  0.000     0  0.00  0  0  -0.499  -2.770   0.052   0.000   0.000   0.000 01O000M000t
00230 LEU01A0106_001 f 0.00  0.000     0  0.00  0  0   0.753  -5.087   0.489   0.000   0.000   0.000 01O000M000t
00231 LEU01A0107_001 f 0.00  0.000     0  0.00  0  0   1.817  -3.800   0.606   0.000   0.000   0.000 01O000M000t
00232 TYR01A0108_001 f 0.00  0.000     0  0.00  0  0   0.081  -6.151   0.011   0.398   0.456   0.000 01O000M000t
00233 TYR-1A0108_002 f 0.00 -1.000     0 10.20  0 -1   0.081  -6.151   0.011   1.018   1.587   0.000 -1O000M000t
00234 MET01A0109_001 f 0.00  0.000     0  0.00  0  0   1.010  -5.155   2.613   0.009   0.099   0.000 01O000M000t
00235 ALA01A0110_001 f 0.00  0.000     0  0.00  0  0  -0.103  -1.413   0.000   0.000   0.000   0.000 01O000M000t
00236 THR01A0111_001 f 0.00  0.000     0  0.00  0  0  -0.308  -3.085   0.501   0.040   1.951   0.000 01O000M000t
00237 THR01A0111_002 f 0.00  0.000     0  0.00  0  0  -0.308  -3.085   0.502  -1.324   1.956   0.000 01O000M000t
00238 GLN01A0112_001 f 0.00  0.000     0  0.00  0  0   0.383  -1.970   1.269  -3.899   2.824   0.000 01O000M000t
00239 GLN01A0112_002 f 0.00  0.000     0  0.00  0  0   0.392   1.417   1.303   3.000   3.121   0.000 01R001M000t
00240 ILE01A0113_001 f 0.00  0.000     0  0.00  0  0   1.374  -2.001   0.803   0.000   0.000   0.000 01O000M000t
00241 SER01A0114_001 f 0.00  0.000     0  0.00  0  0   0.000   1.113   0.517  -1.604   1.983   0.000 01O000M000t
00242 SER01A0114_002 f 0.00  0.000     0  0.00  0  0   0.000   1.113   0.517   0.559   1.980   0.000 01O000M000t
00243 SER01A0114_003 f 0.00  0.000     0  0.00  0  0   0.000   1.113   0.142  -0.619   1.988   0.000 01O000M000t
00244 SER01A0115_001 f 0.00  0.000     0  0.00  0  0  -0.910  -2.568   0.621   0.473   1.363   0.000 01O000M000t
00245 SER01A0115_002 f 0.00  0.000     0  0.00  0  0  -0.910  -2.568   0.621  -0.547   0.206   0.000 01O000M000t
00246 ALA01A0116_001 f 0.00  0.000     0  0.00  0  0   0.000  -1.033   0.000   0.000   0.000   0.000 01O000M000t
00247 MET01A0117_001 f 0.00  0.000     0  0.00  0  0   0.949  -5.007   0.127   0.008   0.100   0.000 01O000M000t
00248 GLU01A0118_001 f 0.00  0.000     0  0.00  0  0  -0.202  -3.430   3.439   0.309   0.826   0.000 01O000M000t
00249 GLU01A0118_002 f 0.00  0.000     0  0.00  0  0  -0.202  -3.430   0.719   0.123   0.761   0.000 01O000M000t
00250 GLU02A0118_003 f 0.00  0.000     0  0.00  0  0  -0.240  -3.371   3.439   0.295   0.345   0.000 02O000M000t
00251 GLU02A0118_004 f 0.00  0.000     0  0.00  0  0  -0.240  -3.371   0.719   0.119   1.104   0.000 02O000M000t
00252 GLU-1A0118_005 f 0.00 -1.000     0  4.75  0 -1  -0.328  -3.325   0.719  -0.527   2.088   0.000 -1O000M000t
00253 TYR01A0119_001 f 0.00  0.000     0  0.00  0  0   2.861  -5.361   0.004  -0.774   1.489   0.000 01O000M000t
00254 TYR-1A0119_002 f 0.00 -1.000     0 10.20  0 -1   2.861  -5.361   0.004  -2.123   5.881   0.000 -1O000M000t
00255 LEU01A0120_001 f 0.00  0.000     0  0.00  0  0   1.788  -4.409   0.409   0.000   0.000   0.000 01O000M000t
00256 GLU01A0121_001 f 0.00  0.000     0  0.00  0  0   0.122  -2.599   3.989  -2.187   1.355   0.000 01O000M000t
00257 GLU01A0121_002 f 0.00  0.000     0  0.00  0  0   0.122  -2.599   1.269   2.045   2.655   0.000 01O000M000t
00258 GLU02A0121_003 f 0.00  0.000     0  0.00  0  0   0.205  -2.643   3.989  -2.048   1.724   0.000 02O000M000t
00259 GLU02A0121_004 f 0.00  0.000     0  0.00  0  0   0.205  -2.643   1.269   1.658   2.495   0.000 02O000M000t
00260 GLU-1A0121_005 f 0.00 -1.000     0  4.75  0 -1   0.041  -2.664   1.269  -6.885   7.294   0.000 -1O000M000t
00261 LYS01A0122_001 f 0.00  0.000     0  0.00  0  0  85.131  -1.840   4.555  -0.003  -0.130   0.000 01O000M000t
00262 LYS+1A0122_002 f 0.00  1.000     0 10.40  0  1  85.089  -1.843   4.555   0.086  -0.212   0.000 +1O000M000t
00263 LYS01A0123_001 f 0.00  0.000     0  0.00  0  0  -2.094  12.924   4.165   0.117   0.618   0.000 01O000M000t
00264 LYS+1A0123_002 f 0.00  1.000     0 10.40  0  1  -2.148  12.886   4.165  -0.132   4.046   0.000 +1O000M000t
00265 ASN01A0124_001 f 0.00  0.000     0  0.00  0  0  -3.384  -2.682   2.270   0.094   0.040   0.000 01O000M000t
00266 ASN01A0124_002 f 0.00  0.000     0  0.00  0  0  -3.500  -2.633   2.251   0.170  -0.405   0.000 01R001M000t
00267 PHE01A0125_001 f 0.00  0.000     0  0.00  0  0   2.128  -5.051   0.377   0.000   0.000   0.000 01O000M000t
00268 ILE01A0126_001 f 0.00  0.000     0  0.00  0  0   0.201  -3.511   0.520   0.000   0.000   0.000 01O000M000t
00269 HIS01A0127_001 f 0.00  0.000     0  0.00  0  0  -0.217   1.688   0.100  -4.271   3.886   0.000 01O000M000t
00270 HIS02A0127_002 f 0.00  0.000     0  0.00  0  0  -0.233  -0.564   0.100   5.309   3.917   0.000 02O000M000t
00271 HIS+1A0127_003 f 0.00  1.000     0  6.98  0  1  -0.260   1.537   0.100   4.892  11.390   0.000 +1O000M000t
00272 ARG01A0128_001 f 0.00  0.000     0  0.00  0  0  -0.908  24.872   1.332  -0.270   1.313   0.000 01O000M000t
00273 ARG02A0128_002 f 0.00  0.000     0  0.00  0  0  -0.946  24.863   1.332  -0.075   2.051   0.000 02O000M000t
00274 ARG03A0128_003 f 0.00  0.000     0  0.00  0  0  -0.946  24.870   1.332  -0.126   1.781   0.000 03O000M000t
00275 ARG+1A0128_004 f 0.00  1.000     0 12.50  0  1  -0.989  24.859   1.332   0.580   1.810   0.000 +1O000M000t
00276 ASP01A0129_001 f 0.00  0.000     0  0.00  0  0   0.044  -0.237   2.981   0.475   1.728   0.000 01O000M000t
00277 ASP01A0129_002 f 0.00  0.000     0  0.00  0  0   0.044  -0.237   0.261   0.051   2.498   0.000 01O000M000t
00278 ASP02A0129_003 f 0.00  0.000     0  0.00  0  0   0.083  -0.503   2.981  -0.367   1.562   0.000 02O000M000t
00279 ASP02A0129_004 f 0.00  0.000     0  0.00  0  0   0.083  -0.503   0.261   0.045   2.962   0.000 02O000M000t
00280 ASP-1A0129_005 f 0.00 -1.000     0  4.75  0 -1   0.009  -0.419   0.261  -3.436  10.202   0.000 -1O000M000t
00281 LEU01A0130_001 f 0.00  0.000     0  0.00  0  0   1.645  -5.033   0.385   0.000   0.000   0.000 01O000M000t
00282 ALA01A0131_001 f 0.00  0.000     0  0.00  0  0   0.000  -0.984   0.000   0.000   0.000   0.000 01O000M000t
00283 ALA01A0132_001 f 0.00  0.000     0  0.00  0  0   0.000  -1.939   0.000   0.000   0.000   0.000 01O000M000t
00284 ARG01A0133_001 f 0.00  0.000     0  0.00  0  0   1.513  -3.464   0.715  -0.443   4.099   0.000 01O000M000t
00285 ARG02A0133_002 f 0.00  0.000     0  0.00  0  0   1.497  -3.465   0.715  -0.287   4.640   0.000 02O000M000t
00286 ARG03A0133_003 f 0.00  0.000     0  0.00  0  0   1.489  -3.454   0.715  -0.277   4.437   0.000 03O000M000t
00287 ARG03A0133_004 f 0.00  0.000     0  0.00  0  0   1.493  -3.458   0.715  -0.351   4.350   0.000 03O000M000t
00288 ARG+1A0133_005 f 0.00  1.000     0 12.50  0  1   1.450  -3.480   0.715   3.914   9.107   0.000 +1O000M000t
00289 ASN01A0134_001 f 0.00  0.000     0  0.00  0  0   0.283  -3.212   2.326  -2.703   3.401   0.000 01O000M000t
00290 ASN01A0134_002 f 0.00  0.000     0  0.00  0  0   0.107  -2.547   2.306   2.181   3.371   0.000 01R001M000t
00291 CYS01A0135_001 f 0.00  0.000     0  0.00  0  0  -0.002  -5.148   0.053  -0.116   0.994   0.000 01O000M000t
00292 CYS01A0135_002 f 0.00  0.000     0  0.00  0  0  -0.002  -5.209   0.053  -0.166   0.995   0.000 01O000M000t
00293 CYS01A0135_003 f 0.00  0.000     0  0.00  0  0  -0.002  -5.091   0.053  -0.024   0.996   0.000 01O000M000t
00294 CYS-1A0135_004 f 0.00 -1.000     0  9.10  0 -1   0.000  -5.056   0.053  -4.734  15.240   0.000 -1O000M000t
00295 LEU01A0136_001 f 0.00  0.000     0  0.00  0  0   1.106  -6.674   0.609   0.000   0.000   0.000 01O000M000t
00296 VAL01A0137_001 f 0.00  0.000     0  0.00  0  0   0.442  -3.462   0.113   0.000   0.000   0.000 01O000M000t
00297 GLU01A0139_001 f 0.00  0.000     0  0.00  0  0  -1.280  -0.889   6.752   0.262  -0.588   0.000 01O000M000t
00298 GLU01A0139_002 f 0.00  0.000     0  0.00  0  0  -1.280  -0.889   4.032   0.173   1.072   0.000 01O000M000t
00299 GLU02A0139_003 f 0.00  0.000     0  0.00  0  0  -1.661  -0.876   6.752   0.069   0.135   0.000 02O000M000t
00300 GLU02A0139_004 f 0.00  0.000     0  0.00  0  0  -1.661  -0.876   4.032   0.066   1.160   0.000 02O000M000t
00301 GLU-1A0139_005 f 0.00 -1.000     0  4.75  0 -1  -1.583  -0.840   4.032  -0.985   2.390   0.000 -1O000M000t
00302 ASN01A0140_001 f 0.00  0.000     0  0.00  0  0  -3.409   1.200   0.851   0.066  -0.020   0.000 01O000M000t
00303 ASN01A0140_002 f 0.00  0.000     0  0.00  0  0  -3.536   1.417   0.842   0.148  -0.346   0.000 01R001M000t
00304 HIS01A0141_001 f 0.00  0.000     0  0.00  0  0  -1.798   1.268   0.093   0.326   2.374   0.000 01O000M000t
00305 HIS01A0141_002 f 0.00  0.000     0  0.00  0  0  -1.698   1.252   0.093  -0.239   1.897   0.000 01R001M000t
00306 HIS02A0141_003 f 0.00  0.000     0  0.00  0  0  -1.820   1.237   0.093  -0.272   1.980   0.000 02O000M000t
00307 HIS02A0141_004 f 0.00  0.000     0  0.00  0  0  -1.708   1.229   0.093   0.117   1.502   0.000 02R001M000t
00308 HIS+1A0141_005 f 0.00  1.000     0  6.98  0  1  -1.847   1.214   0.093   0.692   3.961   0.000 +1O000M000t
00309 HIS+1A0141_006 f 0.00  1.000     0  6.98  0  1  -1.734   1.212   0.093   0.672   3.666   0.000 +1R001M000t
00310 LEU01A0142_001 f 0.00  0.000     0  0.00  0  0  -1.044  -4.345   1.037   0.000   0.000   0.000 01O000M000t
00311 VAL01A0143_001 f 0.00  0.000     0  0.00  0  0   0.481  -2.941   0.011   0.000   0.000   0.000 01O000M000t
00312 LYS01A0144_001 f 0.00  0.000     0  0.00  0  0   0.439  -5.289   1.199   0.071   0.698   0.000 01O000M000t
00313 LYS+1A0144_002 f 0.00  1.000     0 10.40  0  1   0.395  -5.319   1.199  -0.000   5.065   0.000 +1O000M000t
00314 VAL01A0145_001 f 0.00  0.000     0  0.00  0  0   0.606  -2.987   0.348   0.000   0.000   0.000 01O000M000t
00315 ALA01A0146_001 f 0.00  0.000     0  0.00  0  0   0.000  -0.115   0.000   0.000   0.000   0.000 01O000M000t
00316 ASP01A0147_001 f 0.00  0.000     0  0.00  0  0  -0.531   0.115   2.727   3.450   1.712   0.000 01O000M000t
00317 ASP01A0147_002 f 0.00  0.000     0  0.00  0  0  -0.531   0.115   0.007  -0.117   1.119   0.000 01O000M000t
00318 ASP02A0147_003 f 0.00  0.000     0  0.00  0  0  -0.359  -0.520   2.727  -0.980   1.768   0.000 02O000M000t
00319 ASP02A0147_004 f 0.00  0.000     0  0.00  0  0  -0.359  -0.520   0.007  -0.823   1.480   0.000 02O000M000t
00320 ASP-1A0147_005 f 0.00 -1.000     0  4.75  0 -1  -0.451  -0.446   0.007  -3.218   4.832   0.000 -1O000M000t
00321 PHE01A0148_001 f 0.00  0.000     0  0.00  0  0   4.071  -5.313   0.119   0.000   0.000   0.000 01O000M000t
00322 LEU01A0150_001 f 0.00  0.000     0  0.00  0  0   1.035  -4.164   0.453   0.000   0.000   0.000 01O000M000t
00323 SER01A0151_001 f 0.00  0.000     0  0.00  0  0  -1.813   1.877   2.387  -0.130   0.260   0.000 01O000M000t
00324 SER01A0151_002 f 0.00  0.000     0  0.00  0  0  -1.813   1.877   2.012  -0.808   0.061   0.000 01O000M000t
00325 ARG01A0152_001 f 0.00  0.000     0  0.00  0  0  -8.787  10.049  22.267  -0.067   0.853   0.000 01O000M000t
00326 ARG02A0152_002 f 0.00  0.000     0  0.00  0  0  -8.798  10.098  22.267   0.058   1.969   0.000 02O000M000t
00327 ARG03A0152_003 f 0.00  0.000     0  0.00  0  0  -8.754  10.033  22.267  -0.006   1.238   0.000 03O000M000t
00328 ARG+1A0152_004 f 0.00  1.000     0 12.50  0  1  -8.837  10.030  22.267   0.070   1.576   0.000 +1O000M000t
00329 LEU01A0153_001 f 0.00  0.000     0  0.00  0  0   1.194  -0.747   0.731   0.000   0.000   0.000 01O000M000t
00330 MET01A0154_001 f 0.00  0.000     0  0.00  0  0  -1.511  -1.653   2.838   0.046   0.071   0.000 01O000M000t
00331 THR01A0155_001 f 0.00  0.000     0  0.00  0  0  -7.237   0.964   1.535  -0.265  -0.073   0.000 01O000M000t
00332 THR01A0155_002 f 0.00  0.000     0  0.00  0  0  -7.237   0.964   1.160  -0.281   0.050   0.000 01O000M000t
00333 ASP01A0157_001 f 0.00  0.000     0  0.00  0  0  -2.120 999.000   4.940   7.492   0.988   0.000 01O000M000t
00334 ASP01A0157_002 f 0.00  0.000     0  0.00  0  0  -2.120 999.000   2.220  14.939   0.936   0.000 01O000M000t
00335 ASP02A0157_003 f 0.00  0.000     0  0.00  0  0  -1.840 999.000   4.940   7.428   0.598   0.000 02O000M000t
00336 ASP02A0157_004 f 0.00  0.000     0  0.00  0  0  -1.840 999.000   2.220  11.474   1.063   0.000 02O000M000t
00337 ASP-1A0157_005 f 0.00 -1.000     0  4.75  0 -1  -1.957 999.000   2.220   9.668   2.920   0.000 -1O000M000t
00338 THR01A0158_001 f 0.00  0.000     0  0.00  0  0  -1.471   0.762   0.537  -0.309   0.096   0.000 01O000M000t
00339 TYR01A0159_001 f 0.00  0.000     0  0.00  0  0   4.549 -11.114   0.001   0.340   2.573   0.000 01O000M000t
00340 TYR01A0159_002 f 0.00  0.000     0  0.00  0  0   4.549 -11.114   0.001  -0.049   2.539   0.000 01O000M000t
00341 TYR-1A0159_003 f 0.00 -1.000     0 10.20  0 -1   4.549 -11.114   0.001  -3.963  11.477   0.000 -1O000M000t
00342 THR01A0160_001 f 0.00  0.000     0  0.00  0  0  -2.080  -3.133   0.588   0.055   1.078   0.000 01O000M000t
00343 ALA01A0161_001 f 0.00  0.000     0  0.00  0  0  -3.654  -0.997   0.000   0.000   0.000   0.000 01O000M000t
00344 HIS01A0162_001 f 0.00  0.000     0  0.00  0  0  -4.020  -1.862   0.175   0.440   1.500   0.000 01O000M000t
00345 HIS01A0162_002 f 0.00  0.000     0  0.00  0  0  -3.426  -0.302   0.175   0.047   0.588   0.000 01R001M000t
00346 HIS02A0162_003 f 0.00  0.000     0  0.00  0  0  -4.039  -1.976   0.175  -0.431   1.059   0.000 02O000M000t
00347 HIS02A0162_004 f 0.00  0.000     0  0.00  0  0  -3.439  -0.310   0.175  -0.157   0.855   0.000 02R001M000t
00348 HIS+1A0162_005 f 0.00  1.000     0  6.98  0  1  -4.065  -1.988   0.175  -0.603   1.567   0.000 +1O000M000t
00349 HIS+1A0162_006 f 0.00  1.000     0  6.98  0  1  -3.465  -0.323   0.175  -0.235   0.435   0.000 +1R001M000t
00350 ALA01A0163_001 f 0.00  0.000     0  0.00  0  0  -3.654   1.156   0.000   0.000   0.000   0.000 01O000M000t
00351 ALA01A0165_001 f 0.00  0.000     0  0.00  0  0  -2.215  -1.102   0.000   0.000   0.000   0.000 01O000M000t
00352 LYS01A0166_001 f 0.00  0.000     0  0.00  0  0  -0.435  -4.152   3.490   0.031   0.110   0.000 01O000M000t
00353 LYS+1A0166_002 f 0.00  1.000     0 10.40  0  1  -0.486  -4.195   3.490  -0.980   1.350   0.000 +1O000M000t
00354 PHE01A0167_001 f 0.00  0.000     0  0.00  0  0   2.566  -3.219   0.212   0.000   0.000   0.000 01O000M000t
00355 PRO01A0168_001 f 0.00  0.000     0  0.00  0  0   0.124   0.519   0.000   0.000   0.000   0.000 01O000M000t
00356 ILE01A0169_001 f 0.00  0.000     0  0.00  0  0  -0.206   0.434   0.366   0.000   0.000   0.000 01O000M000t
00357 LYS01A0170_001 f 0.00  0.000     0  0.00  0  0  -0.320  -1.742   4.183  -0.467   0.732   0.000 01O000M000t
00358 LYS+1A0170_002 f 0.00  1.000     0 10.40  0  1  -0.358  -2.010   4.183  -4.040   5.304   0.000 +1O000M000t
00359 TRP01A0171_001 f 0.00  0.000     0  0.00  0  0   2.134  -9.224   0.332   0.000   0.000   0.000 01O000M000t
00360 THR01A0172_001 f 0.00  0.000     0  0.00  0  0   0.182  -0.537   0.431   0.464   1.124   0.000 01O000M000t
00361 THR01A0172_002 f 0.00  0.000     0  0.00  0  0   0.182  -0.537   0.431  -1.722   1.777   0.000 01O000M000t
00362 ALA01A0173_001 f 0.00  0.000     0  0.00  0  0   0.000  -2.127   0.000   0.000   0.000   0.000 01O000M000t
00363 PRO01A0174_001 f 0.00  0.000     0  0.00  0  0   0.358  -2.045   0.000   0.000   0.000   0.000 01O000M000t
00364 GLU01A0175_001 f 0.00  0.000     0  0.00  0  0   0.592  -6.079   3.600   1.449   2.199   0.000 01O000M000t
00365 GLU01A0175_002 f 0.00  0.000     0  0.00  0  0   0.592  -6.079   0.880  -0.264   2.797   0.000 01O000M000t
00366 GLU02A0175_003 f 0.00  0.000     0  0.00  0  0   0.480  -6.320   3.600  -0.850   1.955   0.000 02O000M000t
00367 GLU02A0175_004 f 0.00  0.000     0  0.00  0  0   0.480  -6.320   0.880  -0.645   2.951   0.000 02O000M000t
00368 GLU-1A0175_005 f 0.00 -1.000     0  4.75  0 -1   0.407  -6.180   0.880  -5.510  11.634   0.000 -1O000M000t
00369 SER01A0176_001 f 0.00  0.000     0  0.00  0  0   0.000  -2.505   0.588  -2.619   1.850   0.000 01O000M000t
00370 SER01A0176_002 f 0.00  0.000     0  0.00  0  0   0.000  -2.505   0.588   1.068   1.830   0.000 01O000M000t
00371 SER01A0176_003 f 0.00  0.000     0  0.00  0  0   0.000  -2.505   0.213   0.199   1.393   0.000 01O000M000t
00372 LEU01A0177_001 f 0.00  0.000     0  0.00  0  0   0.435  -5.821   0.575   0.000   0.000   0.000 01O000M000t
00373 ALA01A0178_001 f 0.00  0.000     0  0.00  0  0  -0.583  -1.563   0.000   0.000   0.000   0.000 01O000M000t
00374 TYR01A0179_001 f 0.00  0.000     0  0.00  0  0  -4.787  -3.916   0.137   0.199   0.272   0.000 01O000M000t
00375 TYR01A0179_002 f 0.00  0.000     0  0.00  0  0  -4.787  -3.916   0.137   0.121   0.236   0.000 01O000M000t
00376 TYR-1A0179_003 f 0.00 -1.000     0 10.20  0 -1  -4.787  -3.916   0.137  -0.349   0.503   0.000 -1O000M000t
00377 ASN01A0180_001 f 0.00  0.000     0  0.00  0  0  -2.003   0.933   0.747   0.162   0.603   0.000 01O000M000t
00378 ASN01A0180_002 f 0.00  0.000     0  0.00  0  0  -1.896   1.360   0.791   0.193   0.510   0.000 01R001M000t
00379 LYS01A0181_001 f 0.00  0.000     0  0.00  0  0  -6.581  -2.900   1.593  -0.014   0.038   0.000 01O000M000t
00380 LYS+1A0181_002 f 0.00  1.000     0 10.40  0  1  -6.625  -2.903   1.593   0.203   0.027   0.000 +1O000M000t
00381 PHE01A0182_001 f 0.00  0.000     0  0.00  0  0   3.156  -4.737   0.081   0.000   0.000   0.000 01O000M000t
00382 SER01A0183_001 f 0.00  0.000     0  0.00  0  0  -2.396   0.780   0.598  -0.447   1.038   0.000 01O000M000t
00383 SER01A0183_002 f 0.00  0.000     0  0.00  0  0  -2.396   0.780   0.223  -1.951   0.722   0.000 01O000M000t
00384 ILE01A0184_001 f 0.00  0.000     0  0.00  0  0  14.317  -1.007   2.789   0.000   0.000   0.000 01O000M000t
00385 LYS01A0185_001 f 0.00  0.000     0  0.00  0  0  -1.229  -4.323   1.664  -0.251   0.737   0.000 01O000M000t
00386 LYS+1A0185_002 f 0.00  1.000     0 10.40  0  1  -1.279  -4.648   1.664  -3.243   5.134   0.000 +1O000M000t
00387 SER01A0186_001 f 0.00  0.000     0  0.00  0  0  -0.096  -2.373   0.411   1.570   1.689   0.000 01O000M000t
00388 ASP01A0187_001 f 0.00  0.000     0  0.00  0  0   0.208   9.866   3.477  -2.358   1.985   0.000 01O000M000t
00389 ASP01A0187_002 f 0.00  0.000     0  0.00  0  0   0.208   9.866   0.757   2.019   2.835   0.000 01O000M000t
00390 ASP02A0187_003 f 0.00  0.000     0  0.00  0  0   0.335   9.729   3.477  -1.931   2.504   0.000 02O000M000t
00391 ASP02A0187_004 f 0.00  0.000     0  0.00  0  0   0.335   9.729   0.757   2.674   2.669   0.000 02O000M000t
00392 ASP-1A0187_005 f 0.00 -1.000     0  4.75  0 -1   0.206   9.045   0.757 -12.599  12.913   0.000 -1O000M000t
00393 VAL01A0188_001 f 0.00  0.000     0  0.00  0  0   0.277  -1.072   0.017   0.000   0.000   0.000 01O000M000t
00394 TRP01A0189_001 f 0.00  0.000     0  0.00  0  0   2.425 -11.517   0.044   0.000   0.000   0.000 01O000M000t
00395 ALA01A0190_001 f 0.00  0.000     0  0.00  0  0  -0.309  -2.260   0.000   0.000   0.000   0.000 01O000M000t
00396 PHE01A0191_001 f 0.00  0.000     0  0.00  0  0   4.221  -7.585   0.005   0.000   0.000   0.000 01O000M000t
00397 VAL01A0193_001 f 0.00  0.000     0  0.00  0  0   0.743  -2.035   0.008   0.000   0.000   0.000 01O000M000t
00398 LEU01A0194_001 f 0.00  0.000     0  0.00  0  0   2.723  -1.942   0.635   0.000   0.000   0.000 01O000M000t
00399 LEU01A0195_001 f 0.00  0.000     0  0.00  0  0   1.373  -2.850   0.637   0.000   0.000   0.000 01O000M000t
00400 TRP01A0196_001 f 0.00  0.000     0  0.00  0  0   2.156 -10.663   0.527   0.000   0.000   0.000 01O000M000t
00401 GLU01A0197_001 f 0.00  0.000     0  0.00  0  0   0.612  -4.311   4.051  -2.775   2.826   0.000 01O000M000t
00402 GLU01A0197_002 f 0.00  0.000     0  0.00  0  0   0.612  -4.311   1.331  -0.374   3.045   0.000 01O000M000t
00403 GLU02A0197_003 f 0.00  0.000     0  0.00  0  0   0.632  -3.717   4.051  -1.082   2.791   0.000 02O000M000t
00404 GLU02A0197_004 f 0.00  0.000     0  0.00  0  0   0.632  -3.717   1.331   2.949   2.948   0.000 02O000M000t
00405 GLU-1A0197_005 f 0.00 -1.000     0  4.75  0 -1   0.515  -4.203   1.331  -8.893  14.217   0.000 -1O000M000t
00406 ILE01A0198_001 f 0.00  0.000     0  0.00  0  0   1.775  -5.389   0.683   0.000   0.000   0.000 01O000M000t
00407 ALA01A0199_001 f 0.00  0.000     0  0.00  0  0  -0.052  -1.925   0.000   0.000   0.000   0.000 01O000M000t
00408 THR01A0200_001 f 0.00  0.000     0  0.00  0  0   0.134  -1.374   0.414  -1.658   1.958   0.000 01O000M000t
00409 THR01A0200_002 f 0.00  0.000     0  0.00  0  0   0.134  -1.374   0.414   2.634   1.920   0.000 01O000M000t
00410 THR01A0200_003 f 0.00  0.000     0  0.00  0  0   0.134  -1.374   0.039  -0.915   1.963   0.000 01O000M000t
00411 TYR01A0201_001 f 0.00  0.000     0  0.00  0  0   2.473  -0.023   0.244  -2.927   1.960   0.000 01O000M000t
00412 TYR01A0201_002 f 0.00  0.000     0  0.00  0  0   2.473  -0.023   0.244   1.285   1.538   0.000 01O000M000t
00413 TYR-1A0201_003 f 0.00 -1.000     0 10.20  0 -1   2.473  -0.023   0.244   3.401   6.034   0.000 -1O000M000t
00414 MET01A0203_001 f 0.00  0.000     0  0.00  0  0  -5.770  -2.699   4.380   0.043   0.047   0.000 01O000M000t
00415 SER01A0204_001 f 0.00  0.000     0  0.00  0  0  -3.290  -0.871   0.517  -0.034   0.190   0.000 01O000M000t
00416 PRO01A0205_001 f 0.00  0.000     0  0.00  0  0   0.465   5.798   0.000   0.000   0.000   0.000 01O000M000t
00417 TYR01A0206_001 f 0.00  0.000     0  0.00  0  0   4.095  -3.057   0.069  -0.720   1.998   0.000 01O000M000t
00418 TYR-1A0206_002 f 0.00 -1.000     0 10.20  0 -1   4.095  -3.057   0.069   0.149  10.653   0.000 -1O000M000t
00419 PRO01A0207_001 f 0.00  0.000     0  0.00  0  0  -2.976  -2.090   0.000   0.000   0.000   0.000 01O000M000t
00420 ILE01A0209_001 f 0.00  0.000     0  0.00  0  0  -0.480  -1.198   0.779   0.000   0.000   0.000 01O000M000t
00421 ASP01A0210_001 f 0.00  0.000     0  0.00  0  0  -1.925   1.566   3.201   1.914   0.586   0.000 01O000M000t
00422 ASP01A0210_002 f 0.00  0.000     0  0.00  0  0  -1.925   1.566   0.481   0.185   1.136   0.000 01O000M000t
00423 ASP02A0210_003 f 0.00  0.000     0  0.00  0  0  -1.969   0.478   3.201   0.512   0.255   0.000 02O000M000t
00424 ASP02A0210_004 f 0.00  0.000     0  0.00  0  0  -1.969   0.478   0.481   0.265   1.167   0.000 02O000M000t
00425 ASP-1A0210_005 f 0.00 -1.000     0  4.75  0 -1  -1.922   0.567   0.481  -1.727   2.993   0.000 -1O000M000t
00426 LEU01A0211_001 f 0.00  0.000     0  0.00  0  0  -0.461   6.134   0.426   0.000   0.000   0.000 01O000M000t
00427 SER01A0212_001 f 0.00  0.000     0  0.00  0  0  -4.263  -0.787   0.623   0.454   0.674   0.000 01O000M000t
00428 SER01A0212_002 f 0.00  0.000     0  0.00  0  0  -4.263  -0.787   0.623  -0.132   0.307   0.000 01O000M000t
00429 GLN01A0213_001 f 0.00  0.000     0  0.00  0  0  -2.470  -1.478   1.044   0.169   0.317   0.000 01O000M000t
00430 GLN01A0213_002 f 0.00  0.000     0  0.00  0  0  -2.633  -1.463   1.024   0.008  -0.262   0.000 01R001M000t
00431 VAL01A0214_001 f 0.00  0.000     0  0.00  0  0   0.242  -3.201   0.387   0.000   0.000   0.000 01O000M000t
00432 TYR01A0215_001 f 0.00  0.000     0  0.00  0  0   0.502  -4.664   0.216   0.361   1.300   0.000 01O000M000t
00433 TYR01A0215_002 f 0.00  0.000     0  0.00  0  0   0.502  -4.664   0.216   0.211   1.032   0.000 01O000M000t
00434 TYR-1A0215_003 f 0.00 -1.000     0 10.20  0 -1   0.502  -4.664   0.216  -0.502   3.116   0.000 -1O000M000t
00435 GLU01A0216_001 f 0.00  0.000     0  0.00  0  0  -1.945  -2.356   5.052   0.198  -0.297   0.000 01O000M000t
00436 GLU01A0216_002 f 0.00  0.000     0  0.00  0  0  -1.945  -2.356   2.332   0.103   0.707   0.000 01O000M000t
00437 GLU02A0216_003 f 0.00  0.000     0  0.00  0  0  -2.120  -2.341   5.052   0.137  -0.690   0.000 02O000M000t
00438 GLU02A0216_004 f 0.00  0.000     0  0.00  0  0  -2.120  -2.341   2.332   0.075   0.781   0.000 02O000M000t
00439 GLU-1A0216_005 f 0.00 -1.000     0  4.75  0 -1  -2.065  -2.304   2.332  -0.163   0.759   0.000 -1O000M000t
00440 LEU01A0217_001 f 0.00  0.000     0  0.00  0  0  -0.395  -3.856   1.345   0.000   0.000   0.000 01O000M000t
00441 LEU01A0218_001 f 0.00  0.000     0  0.00  0  0   2.048  -4.201   0.456   0.000   0.000   0.000 01O000M000t
00442 GLU01A0219_001 f 0.00  0.000     0  0.00  0  0  -1.735  -2.934   4.568   0.168  -0.600   0.000 01O000M000t
00443 GLU01A0219_002 f 0.00  0.000     0  0.00  0  0  -1.735  -2.934   1.848   0.081   0.235   0.000 01O000M000t
00444 GLU02A0219_003 f 0.00  0.000     0  0.00  0  0  -1.853  -2.917   4.568   0.051  -0.339   0.000 02O000M000t
00445 GLU02A0219_004 f 0.00  0.000     0  0.00  0  0  -1.853  -2.917   1.848   0.065   0.898   0.000 02O000M000t
00446 GLU-1A0219_005 f 0.00 -1.000     0  4.75  0 -1  -1.879  -2.897   1.848  -0.144   0.818   0.000 -1O000M000t
00447 LYS01A0220_001 f 0.00  0.000     0  0.00  0  0  -4.464  -0.312   3.451   0.015   0.191   0.000 01O000M000t
00448 LYS+1A0220_002 f 0.00  1.000     0 10.40  0  1  -4.528  -0.320   3.451  -0.089  -0.184   0.000 +1O000M000t
00449 ASP01A0221_001 f 0.00  0.000     0  0.00  0  0  -1.860  18.723   6.290   0.051  -0.074   0.000 01O000M000t
00450 ASP01A0221_002 f 0.00  0.000     0  0.00  0  0  -1.860  18.723   3.570   0.208   0.262   0.000 01O000M000t
00451 ASP02A0221_003 f 0.00  0.000     0  0.00  0  0  -1.682  18.600   6.290   0.253  -0.076   0.000 02O000M000t
00452 ASP02A0221_004 f 0.00  0.000     0  0.00  0  0  -1.682  18.600   3.570   0.253   0.632   0.000 02O000M000t
00453 ASP-1A0221_005 f 0.00 -1.000     0  4.75  0 -1  -1.801  18.656   3.570   0.452   0.940   0.000 -1O000M000t
00454 TYR01A0222_001 f 0.00  0.000     0  0.00  0  0  -0.517  -5.908   0.002  -0.105   0.886   0.000 01O000M000t
00455 TYR01A0222_002 f 0.00  0.000     0  0.00  0  0  -0.517  -5.908   0.002   0.273   1.253   0.000 01O000M000t
00456 TYR-1A0222_003 f 0.00 -1.000     0 10.20  0 -1  -0.517  -5.908   0.002  -0.521   2.493   0.000 -1O000M000t
00457 ARG01A0223_001 f 0.00  0.000     0  0.00  0  0   0.435  -3.354   0.643  -1.830   3.096   0.000 01O000M000t
00458 ARG02A0223_002 f 0.00  0.000     0  0.00  0  0   0.413  -3.740   0.643  -1.457   3.786   0.000 02O000M000t
00459 ARG02A0223_003 f 0.00  0.000     0  0.00  0  0   0.484  -3.309   0.643  -1.054   3.800   0.000 02O000M000t
00460 ARG03A0223_004 f 0.00  0.000     0  0.00  0  0   0.414  -3.350   0.643  -1.816   3.719   0.000 03O000M000t
00461 ARG+1A0223_005 f 0.00  1.000     0 12.50  0  1   0.371  -3.459   0.643  -6.694   6.287   0.000 +1O000M000t
00462 MET01A0224_001 f 0.00  0.000     0  0.00  0  0   0.705  -3.343   0.868  -0.266   0.097   0.000 01O000M000t
00463 GLU01A0225_001 f 0.00  0.000     0  0.00  0  0  -1.472 999.000   3.133   2.850   0.728   0.000 01O000M000t
00464 GLU01A0225_002 f 0.00  0.000     0  0.00  0  0  -1.472  19.030   0.413  -0.716   1.181   0.000 01O000M000t
00465 GLU02A0225_003 f 0.00  0.000     0  0.00  0  0  -1.846  13.731   3.133  -1.835   0.224   0.000 02O000M000t
00466 GLU02A0225_004 f 0.00  0.000     0  0.00  0  0  -1.846  13.731   0.413  -1.592   1.661   0.000 02O000M000t
00467 GLU-1A0225_005 f 0.00 -1.000     0  4.75  0 -1  -1.655  13.777   0.413  -3.093   3.116   0.000 -1O000M000t
00468 ARG01A0226_001 f 0.00  0.000     0  0.00  0  0  -0.193  -4.666   1.286  -0.968   1.061   0.000 01O000M000t
00469 ARG02A0226_002 f 0.00  0.000     0  0.00  0  0  -0.246  -4.602   1.286  -1.032   2.223   0.000 02O000M000t
00470 ARG02A0226_003 f 0.00  0.000     0  0.00  0  0  -0.199  -4.983   1.286   0.712   1.908   0.000 02O000M000t
00471 ARG03A0226_004 f 0.00  0.000     0  0.00  0  0  -0.255  -4.669   1.286  -0.932   1.953   0.000 03O000M000t
00472 ARG+1A0226_005 f 0.00  1.000     0 12.50  0  1  -0.295  -4.682   1.286  -1.230   1.907   0.000 +1O000M000t
00473 PRO01A0227_001 f 0.00  0.000     0  0.00  0  0   0.112  -3.613   0.000   0.000   0.000   0.000 01O000M000t
00474 GLU01A0228_001 f 0.00  0.000     0  0.00  0  0  -0.684  -0.555   4.580   0.127  -0.244   0.000 01O000M000t
00475 GLU01A0228_002 f 0.00  0.000     0  0.00  0  0  -0.684  -0.555   1.860   0.051   0.404   0.000 01O000M000t
00476 GLU02A0228_003 f 0.00  0.000     0  0.00  0  0  -1.764  -0.538   4.580   0.124  -0.677   0.000 02O000M000t
00477 GLU02A0228_004 f 0.00  0.000     0  0.00  0  0  -1.764  -0.538   1.860   0.090   0.618   0.000 02O000M000t
00478 GLU-1A0228_005 f 0.00 -1.000     0  4.75  0 -1  -1.518  -0.525   1.860   0.000  -0.053   0.000 -1O000M000t
00479 CYS01A0230_001 f 0.00  0.000     0  0.00  0  0  -0.002  -3.931   0.387  -0.570   0.945   0.000 01O000M000t
00480 CYS01A0230_002 f 0.00  0.000     0  0.00  0  0  -0.002  -3.785   0.387  -0.154   0.819   0.000 01O000M000t
00481 CYS01A0230_003 f 0.00  0.000     0  0.00  0  0  -0.003  -3.771   0.387  -0.221   0.973   0.000 01O000M000t
00482 CYS-1A0230_004 f 0.00 -1.000     0  9.10  0 -1   0.000  -3.718   0.387  -3.084  10.629   0.000 -1O000M000t
00483 PRO01A0231_001 f 0.00  0.000     0  0.00  0  0  -2.652  -1.118   0.000   0.000   0.000   0.000 01O000M000t
00484 GLU01A0232_001 f 0.00  0.000     0  0.00  0  0  -3.877  -1.437   4.396   0.111  -0.758   0.000 01O000M000t
00485 GLU01A0232_002 f 0.00  0.000     0  0.00  0  0  -3.877  -1.437   1.676   0.063   0.344   0.000 01O000M000t
00486 GLU02A0232_003 f 0.00  0.000     0  0.00  0  0  -3.782  -1.436   4.396   0.111  -0.796   0.000 02O000M000t
00487 GLU02A0232_004 f 0.00  0.000     0  0.00  0  0  -3.782  -1.436   1.676   0.065   0.460   0.000 02O000M000t
00488 GLU-1A0232_005 f 0.00 -1.000     0  4.75  0 -1  -3.765  -1.420   1.676  -0.229  -0.282   0.000 -1O000M000t
00489 LYS01A0233_001 f 0.00  0.000     0  0.00  0  0  -5.427  -1.375   4.088   0.016   0.076   0.000 01O000M000t
00490 LYS+1A0233_002 f 0.00  1.000     0 10.40  0  1  -5.476  -1.383   4.088   0.569   0.234   0.000 +1O000M000t
00491 VAL01A0234_001 f 0.00  0.000     0  0.00  0  0   0.076  -2.330   0.209   0.000   0.000   0.000 01O000M000t
00492 TYR01A0235_001 f 0.00  0.000     0  0.00  0  0   2.445  -7.826   0.016  -1.787   2.152   0.000 01O000M000t
00493 TYR01A0235_002 f 0.00  0.000     0  0.00  0  0   2.445  -7.826   0.016   1.159   1.740   0.000 01O000M000t
00494 TYR-1A0235_003 f 0.00 -1.000     0 10.20  0 -1   2.445  -7.826   0.016   1.939   7.485   0.000 -1O000M000t
00495 GLU01A0236_001 f 0.00  0.000     0  0.00  0  0 999.000 463.554   3.705   0.412   0.128   0.000 01O000M000t
00496 GLU01A0236_002 f 0.00  0.000     0  0.00  0  0 999.000 463.554   0.985  -0.181   1.867   0.000 01O000M000t
00497 GLU02A0236_003 f 0.00  0.000     0  0.00  0  0 911.978 463.541   3.705  -0.200   1.405   0.000 02O000M000t
00498 GLU02A0236_004 f 0.00  0.000     0  0.00  0  0 911.978 463.541   0.985  -0.120  -0.894   0.000 02O000M000t
00499 GLU-1A0236_005 f 0.00 -1.000     0  4.75  0 -1 912.054 463.581   0.985  -0.496   0.513   0.000 -1O000M000t
00500 LEU01A0237_001 f 0.00  0.000     0  0.00  0  0   1.990  -1.255   2.319   0.000   0.000   0.000 01O000M000t
00501 MET01A0238_001 f 0.00  0.000     0  0.00  0  0   0.909  -3.774   4.067   0.116   0.098   0.000 01O000M000t
00502 ARG01A0239_001 f 0.00  0.000     0  0.00  0  0  -3.699  -2.998   1.992   0.243   1.874   0.000 01O000M000t
00503 ARG02A0239_002 f 0.00  0.000     0  0.00  0  0  -3.673  -3.013   1.992  -0.087   2.055   0.000 02O000M000t
00504 ARG03A0239_003 f 0.00  0.000     0  0.00  0  0  -3.732  -3.015   1.992  -0.235   2.118   0.000 03O000M000t
00505 ARG03A0239_004 f 0.00  0.000     0  0.00  0  0  -3.726  -3.004   1.992  -0.129   2.048   0.000 03O000M000t
00506 ARG+1A0239_005 f 0.00  1.000     0 12.50  0  1  -3.771  -3.025   1.992  -1.173   3.509   0.000 +1O000M000t
00507 ALA01A0240_001 f 0.00  0.000     0  0.00  0  0  -1.561  -1.379   0.000   0.000   0.000   0.000 01O000M000t
00508 CYS01A0241_001 f 0.00  0.000     0  0.00  0  0  -0.002  -3.870   0.000   0.070   0.994   0.000 01O000M000t
00509 CYS01A0241_002 f 0.00  0.000     0  0.00  0  0  -0.002  -3.966   0.000  -0.525   0.989   0.000 01O000M000t
00510 CYS01A0241_003 f 0.00  0.000     0  0.00  0  0  -0.002  -3.880   0.000   0.218   0.994   0.000 01O000M000t
00511 CYS-1A0241_004 f 0.00 -1.000     0  9.10  0 -1   0.000  -3.811   0.000   0.941  14.559   0.000 -1O000M000t
00512 TRP01A0242_001 f 0.00  0.000     0  0.00  0  0   2.213 -10.292   0.003   0.000   0.000   0.000 01O000M000t
00513 GLN01A0243_001 f 0.00  0.000     0  0.00  0  0  -1.445  -5.703   2.107  -0.283   0.358   0.000 01O000M000t
00514 GLN01A0243_002 f 0.00  0.000     0  0.00  0  0  -1.502  -5.543   2.093   0.306   0.299   0.000 01R001M000t
00515 TRP01A0244_001 f 0.00  0.000     0  0.00  0  0  -2.296  -7.031   0.106   0.000   0.000   0.000 01O000M000t
00516 ASN01A0245_001 f 0.00  0.000     0  0.00  0  0  -2.529  -2.329   0.239   0.756   0.995   0.000 01O000M000t
00517 ASN01A0245_002 f 0.00  0.000     0  0.00  0  0  -2.485  -3.076   0.247  -0.600   0.506   0.000 01R001M000t
00518 PRO01A0246_001 f 0.00  0.000     0  0.00  0  0  -1.661  -0.276   0.000   0.000   0.000   0.000 01O000M000t
00519 SER01A0247_001 f 0.00  0.000     0  0.00  0  0  -3.971  -0.381   1.393   0.553   1.128   0.000 01O000M000t
00520 SER01A0247_002 f 0.00  0.000     0  0.00  0  0  -3.971  -0.381   1.018  -1.079   0.195   0.000 01O000M000t
00521 ASP01A0248_001 f 0.00  0.000     0  0.00  0  0  -2.268  -0.947   3.111   0.358  -0.130   0.000 01O000M000t
00522 ASP01A0248_002 f 0.00  0.000     0  0.00  0  0  -2.268  -0.947   0.391   0.181   0.535   0.000 01O000M000t
00523 ASP02A0248_003 f 0.00  0.000     0  0.00  0  0  -2.231  -1.351   3.111   0.505   0.422   0.000 02O000M000t
00524 ASP02A0248_004 f 0.00  0.000     0  0.00  0  0  -2.231  -1.351   0.391   0.228   0.955   0.000 02O000M000t
00525 ASP-1A0248_005 f 0.00 -1.000     0  4.75  0 -1  -2.308  -1.283   0.391  -0.674   1.387   0.000 -1O000M000t
00526 ARG01A0249_001 f 0.00  0.000     0  0.00  0  0   1.491 -12.071   2.107   1.272   4.448   0.000 01O000M000t
00527 ARG02A0249_002 f 0.00  0.000     0  0.00  0  0   1.456 -11.454   2.107  -3.511   4.955   0.000 02O000M000t
00528 ARG02A0249_003 f 0.00  0.000     0  0.00  0  0   1.515 -11.384   2.107  -1.343   4.942   0.000 02O000M000t
00529 ARG03A0249_004 f 0.00  0.000     0  0.00  0  0   1.451 -11.459   2.107  -3.685   4.864   0.000 03O000M000t
00530 ARG03A0249_005 f 0.00  0.000     0  0.00  0  0   1.455 -11.325   2.107  -0.048   4.856   0.000 03O000M000t
00531 ARG+1A0249_006 f 0.00  1.000     0 12.50  0  1   1.413 -11.523   2.107  -8.078  11.383   0.000 +1O000M000t
00532 PRO01A0250_001 f 0.00  0.000     0  0.00  0  0  -0.168  -2.713   0.000   0.000   0.000   0.000 01O000M000t
00533 SER01A0251_001 f 0.00  0.000     0  0.00  0  0  -1.419  -0.423   0.456  -0.362   1.621   0.000 01O000M000t
00534 SER01A0251_002 f 0.00  0.000     0  0.00  0  0  -1.419  -0.423   0.456   3.429   1.661   0.000 01O000M000t
00535 SER01A0251_003 f 0.00  0.000     0  0.00  0  0  -1.419  -0.423   0.081  -2.295   0.510   0.000 01O000M000t
00536 PHE01A0252_001 f 0.00  0.000     0  0.00  0  0   3.422  -8.601   0.301   0.000   0.000   0.000 01O000M000t
00537 ALA01A0253_001 f 0.00  0.000     0  0.00  0  0  -2.692  -0.084   0.000   0.000   0.000   0.000 01O000M000t
00538 GLU01A0254_001 f 0.00  0.000     0  0.00  0  0   0.277  -2.864   3.161   0.816  -0.042   0.000 01O000M000t
00539 GLU01A0254_002 f 0.00  0.000     0  0.00  0  0   0.277  -2.864   0.441   0.248   0.417   0.000 01O000M000t
00540 GLU02A0254_003 f 0.00  0.000     0  0.00  0  0  -0.623  -2.841   3.161   0.281  -0.282   0.000 02O000M000t
00541 GLU02A0254_004 f 0.00  0.000     0  0.00  0  0  -0.623  -2.841   0.441   0.115   0.753   0.000 02O000M000t
00542 GLU-1A0254_005 f 0.00 -1.000     0  4.75  0 -1  -0.429  -2.793   0.441  -1.116   1.087   0.000 -1O000M000t
00543 ILE01A0255_001 f 0.00  0.000     0  0.00  0  0   2.533  -2.998   0.887   0.000   0.000   0.000 01O000M000t
00544 HIS01A0256_001 f 0.00  0.000     0  0.00  0  0  -2.285  -7.886   0.000   0.627   2.587   0.000 01O000M000t
00545 HIS01A0256_002 f 0.00  0.000     0  0.00  0  0  -2.441  -7.725   0.000   0.391   1.354   0.000 01R001M000t
00546 HIS02A0256_003 f 0.00  0.000     0  0.00  0  0  -2.301  -8.041   0.000   0.008   2.210   0.000 02O000M000t
00547 HIS02A0256_004 f 0.00  0.000     0  0.00  0  0  -2.455  -7.721   0.000   0.261   1.831   0.000 02R001M000t
00548 HIS+1A0256_005 f 0.00  1.000     0  6.98  0  1  -2.327  -8.053   0.000   0.400   4.234   0.000 +1O000M000t
00549 HIS+1A0256_006 f 0.00  1.000     0  6.98  0  1  -2.481  -7.759   0.000   0.586   2.651   0.000 +1R001M000t
00550 GLN01A0257_001 f 0.00  0.000     0  0.00  0  0 221.498  -4.268   3.286  -0.145   0.208   0.000 01O000M000t
00551 ALA01A0258_001 f 0.00  0.000     0  0.00  0  0  -1.288  -1.604   0.000   0.000   0.000   0.000 01O000M000t
00552 PHE01A0259_001 f 0.00  0.000     0  0.00  0  0   5.274  -7.561   1.045   0.000   0.000   0.000 01O000M000t
00553 GLU01A0260_001 f 0.00  0.000     0  0.00  0  0 999.000 196.166   8.012   1.004   0.794   0.000 01O000M000t
00554 GLU01A0260_002 f 0.00  0.000     0  0.00  0  0 999.000 196.166   5.292   0.720   2.808   0.000 01O000M000t
00555 GLU02A0260_003 f 0.00  0.000     0  0.00  0  0 999.000 244.407   8.012   2.019   2.107   0.000 02O000M000t
00556 GLU02A0260_004 f 0.00  0.000     0  0.00  0  0 999.000 244.407   5.292  -3.057   2.589   0.000 02O000M000t
00557 GLU-1A0260_005 f 0.00 -1.000     0  4.75  0 -1 999.000 196.252   5.292   1.355   7.394   0.000 -1O000M000t
00558 THR01A0261_001 f 0.00  0.000     0  0.00  0  0  -4.349  -0.130   0.437  -0.138   0.155   0.000 01O000M000t
00559 MET01A0262_001 f 0.00  0.000     0  0.00  0  0  -0.886  -4.072   1.412  -0.042   0.063   0.000 01O000M000t
00560 PHE01A0263_001 f 0.00  0.000     0  0.00  0  0  -1.487  -4.721   0.194   0.000   0.000   0.000 01O000M000t
00561 GLN01A0264_001 f 0.00  0.000     0  0.00  0  0  -2.585  -1.578   1.422  -0.178   0.032   0.000 01O000M000t
00562 GLN01A0264_002 f 0.00  0.000     0  0.00  0  0  -2.019  -1.610   1.422  -0.023   0.087   0.000 01R001M000t
00563 STI+1B0001_001 f 0.00  1.006     0  0.00  0  0   0.000 341.778   0.000  -1.466  12.435   0.316 +1O000M000t
00564 STI+2B0001_002 f 0.00  0.996     0  0.00  0  0   0.000 370.546   0.000  -5.824  12.542   0.573 +2O000M000t
00565 STI01B0001_003 f 0.00  0.000     0  0.00  0  0   0.000 341.843   0.000  -1.636   9.672   2.031 01O000M000t
00566 STI+aB0001_004 f 0.00  1.998     0  0.00  0  0   0.000 341.663   0.000   2.388  17.621   5.430 +aO000M000t
00567 STI+aB0001_005 f 0.00  1.998     0  0.00  0  0   0.000 351.150   0.000   4.170  17.762   5.430 +aO000M000t
00568 STI+bB0001_006 f 0.00  2.003     0  0.00  0  0   0.000 370.430   0.000  -1.955  16.546   5.687 +bO000M000t
00569 STI+bB0001_007 f 0.00  2.003     0  0.00  0  0   0.000 379.918   0.000  -0.191  16.661   5.687 +bO000M000t
00570 STIDMB0001_008 t 0.00  0.000     0  0.00  0  0   0.000   0.000   0.000   0.000   0.000   0.000         DMt
