  pH           7     7     7     7     7
ASP-A0002_ -1.00 -1.00 -1.00 -1.00 -1.00
ASP-A0006_ -1.00 -1.00 -1.00 -1.00 -1.00
GLU-A0010_ -0.99 -1.00 -0.99 -0.99 -0.99
ARG+A0013_  1.00  1.00  1.00  1.00  1.00
ASP-A0014_ -1.00 -1.00 -1.00 -1.00 -1.00
ARG+A0015_  1.00  1.00  1.00  1.00  1.00
LYS+A0020_  1.00  1.00  1.00  1.00  1.00
GLU-A0024_ -1.00 -1.00 -1.00 -1.00 -1.00
ARG+A0032_  1.00  1.00  1.00  1.00  1.00
GLU-A0034_ -1.00 -1.00 -1.00 -1.00 -1.00
ASP-A0039_ -1.00 -1.00 -1.00 -1.00 -1.00
ARG+A0042_  1.00  1.00  1.00  1.00  1.00
ASP-A0044_ -1.00 -1.00 -1.00 -1.00 -1.00
LYS+A0052_  0.99  0.99  0.99  0.99  0.99
LYS+A0055_  1.00  1.00  1.00  1.00  1.00
ASP-A0056_ -1.00 -1.00 -1.00 -1.00 -1.00
ASP-A0060_ -1.00 -1.00 -1.00 -1.00 -1.00
LYS+A0061_  1.00  1.00  1.00  1.00  1.00
ASP-A0062_ -1.00 -1.00 -1.00 -1.00 -1.00
ASP-A0065_ -1.00 -1.00 -1.00 -1.00 -1.00
GLU-A0069_ -1.00 -1.00 -1.00 -1.00 -1.00
GLU-A0071_ -0.97 -0.97 -0.96 -0.97 -0.96
LYS+A0074_  0.05  0.05  0.05  0.05  0.05
ARG+A0078_  1.00  1.00  1.00  1.00  1.00
HIS+A0079_  0.00  0.00  0.00  0.00  0.00
LYS+A0080_  0.91  0.91  0.91  0.91  0.90
CYS-A0089_ -0.00 -0.00 -0.00 -0.00 -0.00
GLU-A0092_ -1.00 -1.00 -1.00 -1.00 -1.00
TYR-A0096_ -0.00 -0.00 -0.00 -0.00 -0.00
GLU-A0100_ -1.00 -1.00 -1.00 -1.00 -1.00
CYS-A0101_ -0.00 -0.00 -0.00 -0.00 -0.00
LYS+A0104_  0.99  0.99  0.99  0.99  0.99
ARG+A0108_  0.99  0.99  0.99  0.99  0.99
GLU-A0109_ -1.00 -1.00 -1.00 -1.00 -1.00
ARG+A0112_  1.00  1.00  1.00  1.00  1.00
ARG+A0114_  1.00  1.00  1.00  1.00  1.00
ARG+A0115_  1.00  1.00  1.00  1.00  1.00
ASP-A0120_ -0.99 -0.99 -0.99 -0.99 -0.99
ASP-A0124_ -1.00 -1.00 -1.00 -1.00 -1.00
ARG+A0127_  1.00  1.00  1.00  1.00  1.00
GLU-A0130_ -0.99 -0.99 -0.99 -0.99 -0.99
CYS-A0141_ -0.00 -0.00 -0.00 -0.00 -0.00
TYR-A0143_ -0.00 -0.00 -0.00 -0.00 -0.00
ARG+A0147_  1.00  1.00  1.00  1.00  1.00
TYR-A0151_ -0.00 -0.00 -0.00 -0.00 -0.00
GLU-A0153_ -1.00 -1.00 -1.00 -1.00 -1.00
ARG+A0155_  1.00  1.00  1.00  1.00  1.00
LYS+A0156_  1.00  1.00  1.00  1.00  1.00
CYS-A0157_ -0.00 -0.00 -0.00 -0.00 -0.00
HIS+A0159_  0.00  0.00  0.00  0.00  0.00
ARG+A0160_  0.00  0.00  0.00  0.00  0.00
ASP-A0161_ -1.00 -1.00 -1.00 -1.00 -1.00
ARG+A0165_  0.99  0.99  1.00  1.00  0.99
GLU-A0171_ -1.00 -1.00 -1.00 -1.00 -1.00
ASP-A0172_ -1.00 -1.00 -1.00 -1.00 -1.00
LYS+A0176_  0.99  0.99  0.99  0.99  0.99
ASP-A0179_ -0.79 -0.75 -0.76 -0.75 -0.75
ARG+A0184_  1.00  1.00  1.00  1.00  1.00
HIS+A0187_  0.27  0.27  0.27  0.27  0.28
HIS+A0188_  0.22  0.21  0.22  0.22  0.22
ASP-A0190_ -1.00 -1.00 -1.00 -1.00 -1.00
TYR-A0191_ -0.00 -0.00 -0.00 -0.00 -0.00
TYR-A0192_ -0.00 -0.00 -0.00 -0.00 -0.00
LYS+A0193_  1.00  1.00  1.00  1.00  1.00
LYS+A0194_  0.99  0.99  0.99  0.99  0.99
ARG+A0199_  1.00  1.00  1.00  1.00  1.00
LYS+A0203_  0.97  0.96  0.97  0.97  0.97
GLU-A0208_ -1.00 -1.00 -1.00 -1.00 -1.00
ASP-A0212_ -1.00 -1.00 -1.00 -1.00 -1.00
ARG+A0213_  1.00  1.00  1.00  1.00  1.00
TYR-A0215_ -0.00 -0.00 -0.00 -0.00 -0.00
HIS+A0217_  0.39  0.40  0.39  0.40  0.39
ASP-A0220_ -1.00 -1.00 -1.00 -1.00 -1.00
GLU-A0230_ -1.00 -1.00 -1.00 -1.00 -1.00
TYR-A0239_ -0.00 -0.00 -0.00 -0.00 -0.00
GLU-A0245_ -1.00 -1.00 -1.00 -1.00 -1.00
GLU-A0246_ -1.00 -1.00 -1.00 -1.00 -1.00
ARG+A0252_  1.00  1.00  1.00  1.00  1.00
GLU-A0253_ -1.00 -1.00 -1.00 -1.00 -1.00
HIS+A0255_  0.36  0.36  0.34  0.36  0.37
ARG+A0256_  1.00  1.00  1.00  1.00  1.00
ASP-A0258_ -1.00 -1.00 -1.00 -1.00 -1.00
ARG+A0259_  1.00  1.00  1.00  1.00  1.00
HIS+A0262_  0.50  0.49  0.49  0.50  0.47
CYS-A0263_ -0.00 -0.00 -0.00 -0.00 -0.00
GLU-A0266_ -1.00 -1.00 -1.00 -1.00 -1.00
TYR-A0268_ -0.00 -0.00 -0.00 -0.00 -0.00
ARG+A0272_  1.00  1.00  1.00  1.00  1.00
GLU-A0273_ -1.00 -1.00 -1.00 -1.00 -1.00
CYS-A0274_ -0.00 -0.00 -0.00 -0.00 -0.00
HIS+A0276_  0.17  0.17  0.18  0.18  0.17
ARG+A0282_  1.00  1.00  1.00  1.00  1.00
LYS+A0286_  1.00  1.00  1.00  1.00  1.00
GLU-A0290_ -1.00 -1.00 -1.00 -1.00 -1.00
ASP-A0293_ -0.99 -0.99 -0.99 -0.99 -1.00
LYS+A0294_  1.00  1.00  1.00  1.00  1.00
----------
Net_Charge -1.93 -1.91 -1.92 -1.88 -1.91
Protons    -1.93 -1.91 -1.92 -1.88 -1.91
Electrons   0.00  0.00  0.00  0.00  0.00
