iConf CONFORMER     FL  occ    crg   Em0  pKa0 ne nH    vdw0    vdw1    tors    epol   dsolv   extra    history
00001 GLU01A0001_001 f 0.00  0.000     0  0.00  0  0  86.083 999.000   5.425   5.864   0.884   0.000 01O000M000t
00002 GLU01A0001_002 f 0.00  0.000     0  0.00  0  0  86.083   3.916   2.705  -0.652   0.696   0.000 01O000M000t
00003 GLU02A0001_003 f 0.00  0.000     0  0.00  0  0  70.368   2.631   5.425  -0.975   0.160   0.000 02O000M000t
00004 GLU02A0001_004 f 0.00  0.000     0  0.00  0  0  70.368   2.631   2.705  -0.978   0.700   0.000 02O000M000t
00005 GLU-1A0001_005 f 0.00 -1.000     0  4.75  0 -1  69.924   2.670   2.705  -1.516   1.271   0.000 -1O000M000t
00006 ALA01A0002_001 f 0.00  0.000     0  0.00  0  0  -3.638  -0.613   0.000   0.000   0.000   0.000 01O000M000t
00007 PRO01A0003_001 f 0.00  0.000     0  0.00  0  0  -5.754   1.497   0.000   0.000   0.000   0.000 01O000M000t
00008 ASN01A0004_001 f 0.00  0.000     0  0.00  0  0  -0.426   1.588   0.254  -0.995   1.682   0.000 01O000M000t
00009 GLN01A0005_001 f 0.00  0.000     0  0.00  0  0  -3.551   1.336   2.170   0.017  -0.062   0.000 01O000M000t
00010 GLN01A0005_002 f 0.00  0.000     0  0.00  0  0  -3.175   1.314   2.156   0.054  -0.288   0.000 01R001M000t
00011 ALA01A0006_001 f 0.00  0.000     0  0.00  0  0  -0.927  -0.737   0.000   0.000   0.000   0.000 01O000M000t
00012 LEU01A0007_001 f 0.00  0.000     0  0.00  0  0  -8.091   1.287   0.407   0.000   0.000   0.000 01O000M000t
00013 LEU01A0008_001 f 0.00  0.000     0  0.00  0  0  -1.552  -2.853   0.677   0.000   0.000   0.000 01O000M000t
00014 ARG01A0009_001 f 0.00  0.000     0  0.00  0  0  -2.107  -3.264   1.019   0.001   2.184   0.000 01O000M000t
00015 ARG02A0009_002 f 0.00  0.000     0  0.00  0  0  -2.152  -3.274   1.019   0.048   3.120   0.000 02O000M000t
00016 ARG02A0009_003 f 0.00  0.000     0  0.00  0  0  -2.097  -3.272   1.019   0.173   2.577   0.000 02O000M000t
00017 ARG03A0009_004 f 0.00  0.000     0  0.00  0  0  -2.156  -3.272   1.019  -0.023   2.850   0.000 03O000M000t
00018 ARG03A0009_005 f 0.00  0.000     0  0.00  0  0  -2.150  -3.271   1.019  -0.024   2.794   0.000 03O000M000t
00019 ARG+1A0009_006 f 0.00  1.000     0 12.50  0  1  -2.194  -3.280   1.019   0.392   3.756   0.000 +1O000M000t
00020 ILE01A0010_001 f 0.00  0.000     0  0.00  0  0  -0.245  -2.126   0.982   0.000   0.000   0.000 01O000M000t
00021 LEU01A0011_001 f 0.00  0.000     0  0.00  0  0   2.474  -2.269   0.821   0.000   0.000   0.000 01O000M000t
00022 LYS01A0012_001 f 0.00  0.000     0  0.00  0  0  -3.902   0.401   4.556  -0.054  -0.125   0.000 01O000M000t
00023 LYS+1A0012_002 f 0.00  1.000     0 10.40  0  1  -3.960   0.398   4.556   0.389   0.114   0.000 +1O000M000t
00024 GLU01A0013_001 f 0.00  0.000     0  0.00  0  0  -1.691   0.277   3.578   0.081   0.870   0.000 01O000M000t
00025 GLU01A0013_002 f 0.00  0.000     0  0.00  0  0  -1.691   0.277   0.858   0.079   0.484   0.000 01O000M000t
00026 GLU02A0013_003 f 0.00  0.000     0  0.00  0  0  -1.661   0.275   3.578   0.222   0.018   0.000 02O000M000t
00027 GLU02A0013_004 f 0.00  0.000     0  0.00  0  0  -1.661   0.275   0.858   0.101   0.691   0.000 02O000M000t
00028 GLU-1A0013_005 f 0.00 -1.000     0  4.75  0 -1  -1.787   0.307   0.858  -0.414   1.606   0.000 -1O000M000t
00029 THR01A0014_001 f 0.00  0.000     0  0.00  0  0  -5.606   0.867   0.730   0.699   1.337   0.000 01O000M000t
00030 THR01A0014_002 f 0.00  0.000     0  0.00  0  0  -5.606   0.867   0.730  -0.400   0.292   0.000 01O000M000t
00031 GLU01A0015_001 f 0.00  0.000     0  0.00  0  0   1.135  -0.599   4.227  -0.612   2.007   0.000 01O000M000t
00032 GLU01A0015_002 f 0.00  0.000     0  0.00  0  0   1.135  -0.599   1.507  -1.247   1.645   0.000 01O000M000t
00033 GLU02A0015_003 f 0.00  0.000     0  0.00  0  0   0.877   0.127   4.227   1.612   1.540   0.000 02O000M000t
00034 GLU02A0015_004 f 0.00  0.000     0  0.00  0  0   0.877   0.127   1.507  -0.950   1.676   0.000 02O000M000t
00035 GLU-1A0015_005 f 0.00 -1.000     0  4.75  0 -1   0.853  -0.547   1.507  -3.866   5.502   0.000 -1O000M000t
00036 PHE01A0016_001 f 0.00  0.000     0  0.00  0  0   3.769  -8.930   0.021   0.000   0.000   0.000 01O000M000t
00037 LYS01A0017_001 f 0.00  0.000     0  0.00  0  0  -5.900  -3.256   1.817   0.165   0.227   0.000 01O000M000t
00038 LYS+1A0017_002 f 0.00  1.000     0 10.40  0  1  -5.952  -3.313   1.817  -0.680   0.770   0.000 +1O000M000t
00039 LYS01A0018_001 f 0.00  0.000     0  0.00  0  0  -2.255  -0.958   2.327  -0.077   0.617   0.000 01O000M000t
00040 LYS+1A0018_002 f 0.00  1.000     0 10.40  0  1  -2.316  -0.967   2.327   0.224   3.956   0.000 +1O000M000t
00041 ILE01A0019_001 f 0.00  0.000     0  0.00  0  0  -1.571  11.508   0.420   0.000   0.000   0.000 01O000M000t
00042 LYS01A0020_001 f 0.00  0.000     0  0.00  0  0   0.078   0.054   5.899  -0.024   0.207   0.000 01O000M000t
00043 LYS+1A0020_002 f 0.00  1.000     0 10.40  0  1   0.037   0.051   5.899   0.019   0.082   0.000 +1O000M000t
00044 VAL01A0021_001 f 0.00  0.000     0  0.00  0  0  -4.108  -0.798   0.367   0.000   0.000   0.000 01O000M000t
00045 LEU01A0022_001 f 0.00  0.000     0  0.00  0  0   2.487  -5.209   0.604   0.000   0.000   0.000 01O000M000t
00046 SER01A0023_001 f 0.00  0.000     0  0.00  0  0  -0.656   1.086   1.014  -0.310   0.927   0.000 01O000M000t
00047 SER01A0023_002 f 0.00  0.000     0  0.00  0  0  -0.656   1.086   0.639   0.168   0.646   0.000 01O000M000t
00048 SER01A0024_001 f 0.00  0.000     0  0.00  0  0  -1.077 187.315   3.164   0.075   1.411   0.000 01O000M000t
00049 SER01A0024_002 f 0.00  0.000     0  0.00  0  0  -1.077 187.315   2.789  -0.473   0.520   0.000 01O000M000t
00050 ALA01A0026_001 f 0.00  0.000     0  0.00  0  0  -2.386   3.466   0.000   0.000   0.000   0.000 01O000M000t
00051 PHE01A0027_001 f 0.00  0.000     0  0.00  0  0  -2.371  -2.138   1.172   0.000   0.000   0.000 01O000M000t
00052 THR01A0029_001 f 0.00  0.000     0  0.00  0  0  -0.096 154.287   0.668   0.185   1.573   0.000 01O000M000t
00053 THR01A0029_002 f 0.00  0.000     0  0.00  0  0  -0.096 154.287   0.668  -0.128   1.126   0.000 01O000M000t
00054 VAL01A0030_001 f 0.00  0.000     0  0.00  0  0   0.091  -3.071   0.033   0.000   0.000   0.000 01O000M000t
00055 TYR01A0031_001 f 0.00  0.000     0  0.00  0  0   0.831  -8.129   0.057   0.221   1.106   0.000 01O000M000t
00056 TYR01A0031_002 f 0.00  0.000     0  0.00  0  0   0.831  -8.129   0.057   0.246   0.770   0.000 01O000M000t
00057 TYR-1A0031_003 f 0.00 -1.000     0 10.20  0 -1   0.831  -8.129   0.057  -0.209   3.862   0.000 -1O000M000t
00058 LYS01A0032_001 f 0.00  0.000     0  0.00  0  0  -4.220  -2.621   3.383  -0.052  -0.120   0.000 01O000M000t
00059 LYS+1A0032_002 f 0.00  1.000     0 10.40  0  1  -4.249  -2.624   3.383   0.205   0.687   0.000 +1O000M000t
00060 LEU01A0034_001 f 0.00  0.000     0  0.00  0  0   0.467  -5.120   0.931   0.000   0.000   0.000 01O000M000t
00061 TRP01A0035_001 f 0.00  0.000     0  0.00  0  0   2.475  -5.410   0.084   0.000   0.000   0.000 01O000M000t
00062 ILE01A0036_001 f 0.00  0.000     0  0.00  0  0   0.820  -1.547   0.652   0.000   0.000   0.000 01O000M000t
00063 PRO01A0037_001 f 0.00  0.000     0  0.00  0  0   0.353  -2.669   0.000   0.000   0.000   0.000 01O000M000t
00064 GLU01A0038_001 f 0.00  0.000     0  0.00  0  0  -3.111   1.182   5.853   0.120  -0.998   0.000 01O000M000t
00065 GLU01A0038_002 f 0.00  0.000     0  0.00  0  0  -3.111   1.182   3.133   0.109   0.187   0.000 01O000M000t
00066 GLU02A0038_003 f 0.00  0.000     0  0.00  0  0  -3.200   1.169   5.853   0.402  -0.247   0.000 02O000M000t
00067 GLU02A0038_004 f 0.00  0.000     0  0.00  0  0  -3.200   1.169   3.133   0.156   0.511   0.000 02O000M000t
00068 GLU-1A0038_005 f 0.00 -1.000     0  4.75  0 -1  -3.134   1.198   3.133  -0.407  -0.192   0.000 -1O000M000t
00069 GLU01A0040_001 f 0.00  0.000     0  0.00  0  0   0.073  -1.411   6.858   0.690   0.889   0.000 01O000M000t
00070 GLU01A0040_002 f 0.00  0.000     0  0.00  0  0   0.073  -1.411   4.138   0.141   1.338   0.000 01O000M000t
00071 GLU02A0040_003 f 0.00  0.000     0  0.00  0  0   0.151  -1.410   6.858  -0.058   0.611   0.000 02O000M000t
00072 GLU02A0040_004 f 0.00  0.000     0  0.00  0  0   0.151  -1.410   4.138  -0.086   1.655   0.000 02O000M000t
00073 GLU-1A0040_005 f 0.00 -1.000     0  4.75  0 -1  -0.030  -1.369   4.138  -0.420   3.786   0.000 -1O000M000t
00074 LYS01A0041_001 f 0.00  0.000     0  0.00  0  0 105.365   3.906   2.350  -0.051   0.205   0.000 01O000M000t
00075 LYS+1A0041_002 f 0.00  1.000     0 10.40  0  1 109.092   3.900   2.350   0.085   0.374   0.000 +1O000M000t
00076 VAL01A0042_001 f 0.00  0.000     0  0.00  0  0   0.750  -1.555   0.009   0.000   0.000   0.000 01O000M000t
00077 LYS01A0043_001 f 0.00  0.000     0  0.00  0  0  -0.704  -3.780   1.532   0.218   0.516   0.000 01O000M000t
00078 LYS+1A0043_002 f 0.00  1.000     0 10.40  0  1  -0.748  -3.686   1.532  -0.655   2.601   0.000 +1O000M000t
00079 ILE01A0044_001 f 0.00  0.000     0  0.00  0  0   4.285  -3.694   0.969   0.000   0.000   0.000 01O000M000t
00080 PRO01A0045_001 f 0.00  0.000     0  0.00  0  0  -1.292  -2.328   0.000   0.000   0.000   0.000 01O000M000t
00081 VAL01A0046_001 f 0.00  0.000     0  0.00  0  0   0.258  -5.568   0.172   0.000   0.000   0.000 01O000M000t
00082 ALA01A0047_001 f 0.00  0.000     0  0.00  0  0   0.000  -2.075   0.000   0.000   0.000   0.000 01O000M000t
00083 ILE01A0048_001 f 0.00  0.000     0  0.00  0  0   1.296  -3.530   0.675   0.000   0.000   0.000 01O000M000t
00084 LYS01A0049_001 f 0.00  0.000     0  0.00  0  0  -0.787  -3.402   1.334  -0.030   0.320   0.000 01O000M000t
00085 LYS+1A0049_002 f 0.00  1.000     0 10.40  0  1  -0.836  -3.408   1.334   1.432   1.453   0.000 +1O000M000t
00086 GLU01A0050_001 f 0.00  0.000     0  0.00  0  0   0.785 118.655   3.383  -0.169   1.837   0.000 01O000M000t
00087 GLU01A0050_002 f 0.00  0.000     0  0.00  0  0   0.785 118.655   0.663   0.144   0.994   0.000 01O000M000t
00088 GLU02A0050_003 f 0.00  0.000     0  0.00  0  0   1.214 118.660   3.383   0.457   1.715   0.000 02O000M000t
00089 GLU02A0050_004 f 0.00  0.000     0  0.00  0  0   1.214 118.660   0.663   0.214   1.434   0.000 02O000M000t
00090 GLU-1A0050_005 f 0.00 -1.000     0  4.75  0 -1   0.760 118.709   0.663  -0.315   4.048   0.000 -1O000M000t
00091 LEU01A0051_001 f 0.00  0.000     0  0.00  0  0   2.543 999.000   3.033   0.000   0.000   0.000 01O000M000t
00092 ARG01A0052_001 f 0.00  0.000     0  0.00  0  0  -3.564  37.467  18.350  -0.177   1.677   0.000 01O000M000t
00093 ARG02A0052_002 f 0.00  0.000     0  0.00  0  0  -3.573  37.552  18.350   0.581   2.437   0.000 02O000M000t
00094 ARG03A0052_003 f 0.00  0.000     0  0.00  0  0  -3.593  37.469  18.350  -0.111   2.637   0.000 03O000M000t
00095 ARG+1A0052_004 f 0.00  1.000     0 12.50  0  1  -3.633  37.459  18.350  -0.844   1.837   0.000 +1O000M000t
00096 GLU01A0053_001 f 0.00  0.000     0  0.00  0  0  -0.617  17.043   6.974   0.667   1.104   0.000 01O000M000t
00097 GLU01A0053_002 f 0.00  0.000     0  0.00  0  0  -0.617  17.043   4.254   0.179   1.991   0.000 01O000M000t
00098 GLU02A0053_003 f 0.00  0.000     0  0.00  0  0  -0.574  17.177   6.974   0.093   1.512   0.000 02O000M000t
00099 GLU02A0053_004 f 0.00  0.000     0  0.00  0  0  -0.574  17.177   4.254  -0.116   1.807   0.000 02O000M000t
00100 GLU-1A0053_005 f 0.00 -1.000     0  4.75  0 -1  -0.700  17.077   4.254   0.013   4.696   0.000 -1O000M000t
00101 ALA01A0054_001 f 0.00  0.000     0  0.00  0  0  -3.551   1.412   0.000   0.000   0.000   0.000 01O000M000t
00102 THR01A0055_001 f 0.00  0.000     0  0.00  0  0  -6.729 190.509   3.170   0.744   0.610   0.000 01O000M000t
00103 THR01A0055_002 f 0.00  0.000     0  0.00  0  0  -6.729 190.509   2.795  -0.733   0.096   0.000 01O000M000t
00104 SER01A0056_001 f 0.00  0.000     0  0.00  0  0  -0.578 999.000   0.779  -0.232   0.699   0.000 01O000M000t
00105 PRO01A0057_001 f 0.00  0.000     0  0.00  0  0  -6.151 868.408   0.000   0.000   0.000   0.000 01O000M000t
00106 LYS01A0058_001 f 0.00  0.000     0  0.00  0  0  28.916  36.068   3.693  -0.040  -0.090   0.000 01O000M000t
00107 LYS+1A0058_002 f 0.00  1.000     0 10.40  0  1  28.863  36.064   3.693   0.378  -0.125   0.000 +1O000M000t
00108 ALA01A0059_001 f 0.00  0.000     0  0.00  0  0  -1.906  -0.495   0.000   0.000   0.000   0.000 01O000M000t
00109 ASN01A0060_001 f 0.00  0.000     0  0.00  0  0  -0.332  16.865   1.245  -1.387   1.339   0.000 01O000M000t
00110 ASN01A0060_002 f 0.00  0.000     0  0.00  0  0  -0.350   3.890   1.245   0.758   1.186   0.000 01R001M000t
00111 LYS01A0061_001 f 0.00  0.000     0  0.00  0  0  -6.575   0.687   3.498  -0.005  -0.055   0.000 01O000M000t
00112 LYS+1A0061_002 f 0.00  1.000     0 10.40  0  1  -6.624   0.683   3.498  -0.107   0.440   0.000 +1O000M000t
00113 GLU01A0062_001 f 0.00  0.000     0  0.00  0  0   0.084  -2.111   4.903   0.131  -0.122   0.000 01O000M000t
00114 GLU01A0062_002 f 0.00  0.000     0  0.00  0  0   0.084  -2.111   2.183   0.066   0.653   0.000 01O000M000t
00115 GLU02A0062_003 f 0.00  0.000     0  0.00  0  0  -0.342  -2.094   4.903  -0.089  -0.500   0.000 02O000M000t
00116 GLU02A0062_004 f 0.00  0.000     0  0.00  0  0  -0.342  -2.094   2.183   0.024   0.670   0.000 02O000M000t
00117 GLU-1A0062_005 f 0.00 -1.000     0  4.75  0 -1  -0.396  -2.045   2.183  -0.403   0.673   0.000 -1O000M000t
00118 ILE01A0063_001 f 0.00  0.000     0  0.00  0  0   0.656  40.188   3.138   0.000   0.000   0.000 01O000M000t
00119 LEU01A0064_001 f 0.00  0.000     0  0.00  0  0  -1.251  -3.717   0.800   0.000   0.000   0.000 01O000M000t
00120 ASP01A0065_001 f 0.00  0.000     0  0.00  0  0  -1.585  -1.371   2.998   0.627   0.323   0.000 01O000M000t
00121 ASP01A0065_002 f 0.00  0.000     0  0.00  0  0  -1.585  -1.371   0.278   0.225   1.222   0.000 01O000M000t
00122 ASP02A0065_003 f 0.00  0.000     0  0.00  0  0  -1.362  -1.889   2.998   0.203   0.148   0.000 02O000M000t
00123 ASP02A0065_004 f 0.00  0.000     0  0.00  0  0  -1.362  -1.889   0.278   0.182   1.888   0.000 02O000M000t
00124 ASP-1A0065_005 f 0.00 -1.000     0  4.75  0 -1  -1.506  -1.818   0.278   0.330   2.872   0.000 -1O000M000t
00125 GLU01A0066_001 f 0.00  0.000     0  0.00  0  0   0.589  -5.070   6.249  -0.490   0.773   0.000 01O000M000t
00126 GLU01A0066_002 f 0.00  0.000     0  0.00  0  0   0.589  -5.070   3.529  -0.249   1.208   0.000 01O000M000t
00127 GLU02A0066_003 f 0.00  0.000     0  0.00  0  0   0.564  -5.069   6.249   1.270   1.748   0.000 02O000M000t
00128 GLU02A0066_004 f 0.00  0.000     0  0.00  0  0   0.564  -5.069   3.529   0.189   0.965   0.000 02O000M000t
00129 GLU-1A0066_005 f 0.00 -1.000     0  4.75  0 -1   0.424  -4.972   3.529  -2.629   4.683   0.000 -1O000M000t
00130 ALA01A0067_001 f 0.00  0.000     0  0.00  0  0   0.000  -1.518   0.000   0.000   0.000   0.000 01O000M000t
00131 TYR01A0068_001 f 0.00  0.000     0  0.00  0  0  -2.505  -1.756   0.219   0.178   0.360   0.000 01O000M000t
00132 TYR-1A0068_002 f 0.00 -1.000     0 10.20  0 -1  -2.505  -1.756   0.219   0.327   1.606   0.000 -1O000M000t
00133 VAL01A0069_001 f 0.00  0.000     0  0.00  0  0   0.471   0.037   0.081   0.000   0.000   0.000 01O000M000t
00134 MET01A0070_001 f 0.00  0.000     0  0.00  0  0   0.012  -5.288   0.358   0.117   0.096   0.000 01O000M000t
00135 ALA01A0071_001 f 0.00  0.000     0  0.00  0  0  -0.103  -1.872   0.000   0.000   0.000   0.000 01O000M000t
00136 SER01A0072_001 f 0.00  0.000     0  0.00  0  0   0.000   3.936   1.329   0.396   1.143   0.000 01O000M000t
00137 SER01A0072_002 f 0.00  0.000     0  0.00  0  0   0.000   3.936   1.329  -1.634   1.725   0.000 01O000M000t
00138 VAL01A0073_001 f 0.00  0.000     0  0.00  0  0   0.764  -0.846   0.141   0.000   0.000   0.000 01O000M000t
00139 ASP01A0074_001 f 0.00  0.000     0  0.00  0  0  -2.149  -0.820   3.171   0.767  -0.274   0.000 01O000M000t
00140 ASP01A0074_002 f 0.00  0.000     0  0.00  0  0  -2.149  -0.820   0.451   0.223   0.242   0.000 01O000M000t
00141 ASP02A0074_003 f 0.00  0.000     0  0.00  0  0  -2.012  -1.066   3.171   0.262  -0.535   0.000 02O000M000t
00142 ASP02A0074_004 f 0.00  0.000     0  0.00  0  0  -2.012  -1.066   0.451   0.215   0.773   0.000 02O000M000t
00143 ASP-1A0074_005 f 0.00 -1.000     0  4.75  0 -1  -2.099  -1.022   0.451   0.103   0.188   0.000 -1O000M000t
00144 ASN01A0075_001 f 0.00  0.000     0  0.00  0  0  -0.767  -4.029   1.204  -2.072   2.106   0.000 01O000M000t
00145 ASN01A0075_002 f 0.00  0.000     0  0.00  0  0  -0.560  -2.933   1.198   2.278   1.487   0.000 01R001M000t
00146 PRO01A0076_001 f 0.00  0.000     0  0.00  0  0  -4.844   0.699   0.000   0.000   0.000   0.000 01O000M000t
00147 HIS01A0077_001 f 0.00  0.000     0  0.00  0  0  -1.357  -7.385   0.020   1.119   2.719   0.000 01O000M000t
00148 HIS01A0077_002 f 0.00  0.000     0  0.00  0  0  -1.541  -5.145   0.020  -0.357   2.129   0.000 01R001M000t
00149 HIS02A0077_003 f 0.00  0.000     0  0.00  0  0  -1.374  -7.514   0.020  -0.821   1.645   0.000 02O000M000t
00150 HIS02A0077_004 f 0.00  0.000     0  0.00  0  0  -1.554  -5.168   0.020  -0.137   2.116   0.000 02R001M000t
00151 HIS+1A0077_005 f 0.00  1.000     0  6.98  0  1  -1.400  -7.527   0.020  -0.575   4.685   0.000 +1O000M000t
00152 HIS+1A0077_006 f 0.00  1.000     0  6.98  0  1  -1.580  -5.192   0.020   0.234   4.023   0.000 +1R001M000t
00153 VAL01A0078_001 f 0.00  0.000     0  0.00  0  0   0.620  -1.596   0.036   0.000   0.000   0.000 01O000M000t
00154 CYS01A0079_001 f 0.00  0.000     0  0.00  0  0  -0.050  -2.257   0.000  -0.311   0.976   0.000 01O000M000t
00155 CYS01A0079_002 f 0.00  0.000     0  0.00  0  0  -0.050  -2.262   0.000  -0.480   0.961   0.000 01O000M000t
00156 CYS01A0079_003 f 0.00  0.000     0  0.00  0  0  -0.050  -2.201   0.000   0.340   0.954   0.000 01O000M000t
00157 CYS-1A0079_004 f 0.00 -1.000     0  9.10  0 -1  -0.048  -2.156   0.000  -3.567  11.965   0.000 -1O000M000t
00158 ARG01A0080_001 f 0.00  0.000     0  0.00  0  0  25.115   1.690   2.156  -1.124   2.063   0.000 01O000M000t
00159 ARG02A0080_002 f 0.00  0.000     0  0.00  0  0  25.125   1.608   2.156  -1.960   2.864   0.000 02O000M000t
00160 ARG02A0080_003 f 0.00  0.000     0  0.00  0  0  17.509   1.618   2.156  -2.114   2.783   0.000 02O000M000t
00161 ARG03A0080_004 f 0.00  0.000     0  0.00  0  0  25.105   1.444   2.156   0.958   2.586   0.000 03O000M000t
00162 ARG+1A0080_005 f 0.00  1.000     0 12.50  0  1  25.063   1.584   2.156  -4.041   4.279   0.000 +1O000M000t
00163 LEU01A0081_001 f 0.00  0.000     0  0.00  0  0   0.756  -5.535   0.545   0.000   0.000   0.000 01O000M000t
00164 LEU01A0082_001 f 0.00  0.000     0  0.00  0  0   2.225   0.703   0.834   0.000   0.000   0.000 01O000M000t
00165 ILE01A0084_001 f 0.00  0.000     0  0.00  0  0   6.595  -3.297   0.475   0.000   0.000   0.000 01O000M000t
00166 CYS01A0085_001 f 0.00  0.000     0  0.00  0  0  -0.216  -3.777   0.248   0.080   0.579   0.000 01O000M000t
00167 CYS01A0085_002 f 0.00  0.000     0  0.00  0  0  -0.216  -3.833   0.248  -0.953   0.603   0.000 01O000M000t
00168 CYS01A0085_003 f 0.00  0.000     0  0.00  0  0  -0.217  -3.763   0.248  -0.043   0.854   0.000 01O000M000t
00169 CYS-1A0085_004 f 0.00 -1.000     0  9.10  0 -1  -0.214  -3.669   0.248  -2.154   7.810   0.000 -1O000M000t
00170 LEU01A0086_001 f 0.00  0.000     0  0.00  0  0  -3.967  10.190   1.350   0.000   0.000   0.000 01O000M000t
00171 THR01A0087_001 f 0.00  0.000     0  0.00  0  0  -0.746 516.824   3.175  -0.184   0.242   0.000 01O000M000t
00172 THR01A0087_002 f 0.00  0.000     0  0.00  0  0  -0.746 516.824   3.175  -0.139   0.486   0.000 01O000M000t
00173 THR01A0087_003 f 0.00  0.000     0  0.00  0  0  -0.746 516.824   2.800  -0.284   1.368   0.000 01O000M000t
00174 SER01A0088_001 f 0.00  0.000     0  0.00  0  0  -4.905   1.834   2.719   0.059   0.041   0.000 01O000M000t
00175 SER01A0088_002 f 0.00  0.000     0  0.00  0  0  -4.905   1.834   2.344  -0.777  -0.068   0.000 01O000M000t
00176 THR01A0089_001 f 0.00  0.000     0  0.00  0  0  -1.159  65.539   1.089  -0.914   1.736   0.000 01O000M000t
00177 THR01A0089_002 f 0.00  0.000     0  0.00  0  0  -1.159  65.539   1.089  -0.123   1.780   0.000 01O000M000t
00178 VAL01A0090_001 f 0.00  0.000     0  0.00  0  0   0.448  -0.781   0.158   0.000   0.000   0.000 01O000M000t
00179 GLN01A0091_001 f 0.00  0.000     0  0.00  0  0   0.674  -4.036   1.159  -0.063   3.322   0.000 01O000M000t
00180 GLN01A0091_002 f 0.00  0.000     0  0.00  0  0   0.581  -4.068   1.143  -0.110   3.329   0.000 01R001M000t
00181 LEU01A0092_001 f 0.00  0.000     0  0.00  0  0   2.656  -4.161   0.505   0.000   0.000   0.000 01O000M000t
00182 ILE01A0093_001 f 0.00  0.000     0  0.00  0  0   2.206  -5.682   0.914   0.000   0.000   0.000 01O000M000t
00183 MET01A0094_001 f 0.00  0.000     0  0.00  0  0   5.322  -3.912   1.024   0.046   0.079   0.000 01O000M000t
00184 GLN01A0095_001 f 0.00  0.000     0  0.00  0  0   2.033  -3.891   0.315   0.411   2.977   0.000 01O000M000t
00185 GLN01A0095_002 f 0.00  0.000     0  0.00  0  0   3.220  -3.906   0.327  -0.401   2.937   0.000 01R001M000t
00186 LEU01A0096_001 f 0.00  0.000     0  0.00  0  0   1.088  -4.719   0.495   0.000   0.000   0.000 01O000M000t
00187 MET01A0097_001 f 0.00  0.000     0  0.00  0  0  -0.022  -7.453   1.179   0.087   0.091   0.000 01O000M000t
00188 PRO01A0098_001 f 0.00  0.000     0  0.00  0  0  -3.020  -0.840   0.000   0.000   0.000   0.000 01O000M000t
00189 PHE01A0099_001 f 0.00  0.000     0  0.00  0  0   0.044  -4.878   0.030   0.000   0.000   0.000 01O000M000t
00190 CYS01A0101_001 f 0.00  0.000     0  0.00  0  0  -0.623  -3.301   0.339  -0.682   0.439   0.000 01O000M000t
00191 CYS01A0101_002 f 0.00  0.000     0  0.00  0  0  -0.623  -3.450   0.339   1.569   0.819   0.000 01O000M000t
00192 CYS01A0101_003 f 0.00  0.000     0  0.00  0  0  -0.623  -3.268   0.339  -0.913   0.214   0.000 01O000M000t
00193 CYS-1A0101_004 f 0.00 -1.000     0  9.10  0 -1  -0.621  -3.224   0.339  -5.796   4.990   0.000 -1O000M000t
00194 LEU01A0102_001 f 0.00  0.000     0  0.00  0  0   1.655  -4.471   0.462   0.000   0.000   0.000 01O000M000t
00195 LEU01A0103_001 f 0.00  0.000     0  0.00  0  0  -0.294  -5.054   0.491   0.000   0.000   0.000 01O000M000t
00196 ASP01A0104_001 f 0.00  0.000     0  0.00  0  0  -0.868  -1.036   3.337   0.073  -0.298   0.000 01O000M000t
00197 ASP01A0104_002 f 0.00  0.000     0  0.00  0  0  -0.868  -1.036   0.617   0.161   0.849   0.000 01O000M000t
00198 ASP02A0104_003 f 0.00  0.000     0  0.00  0  0  -0.834  -0.647   3.337   1.245   1.372   0.000 02O000M000t
00199 ASP02A0104_004 f 0.00  0.000     0  0.00  0  0  -0.834  -0.647   0.617   0.255   0.883   0.000 02O000M000t
00200 ASP-1A0104_005 f 0.00 -1.000     0  4.75  0 -1  -0.810  -0.995   0.617  -1.387   1.770   0.000 -1O000M000t
00201 TYR01A0105_001 f 0.00  0.000     0  0.00  0  0   4.344  -7.278   0.011   0.498   2.628   0.000 01O000M000t
00202 TYR-1A0105_002 f 0.00 -1.000     0 10.20  0 -1   4.344  -7.278   0.011  -0.094  12.902   0.000 -1O000M000t
00203 VAL01A0106_001 f 0.00  0.000     0  0.00  0  0   0.825  -4.622   0.083   0.000   0.000   0.000 01O000M000t
00204 ARG01A0107_001 f 0.00  0.000     0  0.00  0  0   0.862  -2.676   1.269   0.611   1.693   0.000 01O000M000t
00205 ARG02A0107_002 f 0.00  0.000     0  0.00  0  0   0.843  -1.693   1.269  -1.250   2.229   0.000 02O000M000t
00206 ARG03A0107_003 f 0.00  0.000     0  0.00  0  0   0.820  -1.692   1.269  -1.531   2.573   0.000 03O000M000t
00207 ARG+1A0107_004 f 0.00  1.000     0 12.50  0  1   0.781  -1.706   1.269  -2.720   2.514   0.000 +1O000M000t
00208 GLU01A0108_001 f 0.00  0.000     0  0.00  0  0  -2.341  -0.010   7.404   0.042  -0.343   0.000 01O000M000t
00209 GLU01A0108_002 f 0.00  0.000     0  0.00  0  0  -2.341  -0.010   4.684   0.053   0.417   0.000 01O000M000t
00210 GLU02A0108_003 f 0.00  0.000     0  0.00  0  0  -2.335   0.006   7.404   0.106  -0.382   0.000 02O000M000t
00211 GLU02A0108_004 f 0.00  0.000     0  0.00  0  0  -2.335   0.006   4.684   0.076   0.488   0.000 02O000M000t
00212 GLU-1A0108_005 f 0.00 -1.000     0  4.75  0 -1  -2.389   0.030   4.684   0.162   0.053   0.000 -1O000M000t
00213 HIS01A0109_001 f 0.00  0.000     0  0.00  0  0  -3.329  -2.154   0.187   0.556   2.269   0.000 01O000M000t
00214 HIS01A0109_002 f 0.00  0.000     0  0.00  0  0  -2.928  -1.487   0.187   0.073   0.933   0.000 01R001M000t
00215 HIS02A0109_003 f 0.00  0.000     0  0.00  0  0  -3.348  -2.290   0.187  -0.316   1.904   0.000 02O000M000t
00216 HIS02A0109_004 f 0.00  0.000     0  0.00  0  0  -2.940  -1.499   0.187   0.018   1.349   0.000 02R001M000t
00217 HIS+1A0109_005 f 0.00  1.000     0  6.98  0  1  -3.375  -2.304   0.187  -0.920   3.341   0.000 +1O000M000t
00218 HIS+1A0109_006 f 0.00  1.000     0  6.98  0  1  -2.967  -1.515   0.187  -0.498   1.850   0.000 +1R001M000t
00219 LYS01A0110_001 f 0.00  0.000     0  0.00  0  0  11.317  -5.095   2.677   0.134   0.499   0.000 01O000M000t
00220 LYS+1A0110_002 f 0.00  1.000     0 10.40  0  1  11.282  -5.082   2.677  -2.614   2.518   0.000 +1O000M000t
00221 ASP01A0111_001 f 0.00  0.000     0  0.00  0  0  -3.391   0.157   3.202   0.467  -0.370   0.000 01O000M000t
00222 ASP01A0111_002 f 0.00  0.000     0  0.00  0  0  -3.391   0.157   0.482   0.256   0.486   0.000 01O000M000t
00223 ASP02A0111_003 f 0.00  0.000     0  0.00  0  0  -3.395  -0.279   3.202   0.283  -0.430   0.000 02O000M000t
00224 ASP02A0111_004 f 0.00  0.000     0  0.00  0  0  -3.395  -0.279   0.482   0.248   0.733   0.000 02O000M000t
00225 ASP-1A0111_005 f 0.00 -1.000     0  4.75  0 -1  -3.321  -0.237   0.482  -0.317   0.756   0.000 -1O000M000t
00226 ASN01A0112_001 f 0.00  0.000     0  0.00  0  0  -1.291   2.290   3.064   0.087   0.592   0.000 01O000M000t
00227 ASN01A0112_002 f 0.00  0.000     0  0.00  0  0  -1.035   0.235   3.054   0.064   0.327   0.000 01R001M000t
00228 ILE01A0113_001 f 0.00  0.000     0  0.00  0  0   3.682   2.619   1.812   0.000   0.000   0.000 01O000M000t
00229 SER01A0115_001 f 0.00  0.000     0  0.00  0  0   0.000  -1.997   0.377   0.264   1.387   0.000 01O000M000t
00230 SER01A0115_002 f 0.00  0.000     0  0.00  0  0   0.000  -1.997   0.002  -0.981   1.701   0.000 01O000M000t
00231 GLN01A0116_001 f 0.00  0.000     0  0.00  0  0  -2.048  -3.026   1.449  -0.801   1.411   0.000 01O000M000t
00232 GLN01A0116_002 f 0.00  0.000     0  0.00  0  0  -2.183  -3.326   1.436   0.477   0.801   0.000 01R001M000t
00233 TYR01A0117_001 f 0.00  0.000     0  0.00  0  0   3.490  -6.007   0.478   0.349   1.331   0.000 01O000M000t
00234 TYR-1A0117_002 f 0.00 -1.000     0 10.20  0 -1   3.490  -6.007   0.478  -1.439   3.077   0.000 -1O000M000t
00235 LEU01A0118_001 f 0.00  0.000     0  0.00  0  0   2.115  -5.069   0.878   0.000   0.000   0.000 01O000M000t
00236 LEU01A0119_001 f 0.00  0.000     0  0.00  0  0   0.941  -7.088   0.632   0.000   0.000   0.000 01O000M000t
00237 ASN01A0120_001 f 0.00  0.000     0  0.00  0  0  -1.295  -0.069   0.322   0.371   1.102   0.000 01O000M000t
00238 ASN01A0120_002 f 0.00  0.000     0  0.00  0  0  -1.216  -2.049   0.320   0.131   0.806   0.000 01R001M000t
00239 TRP01A0121_001 f 0.00  0.000     0  0.00  0  0   3.276  -8.200   0.040   0.000   0.000   0.000 01O000M000t
00240 CYS01A0122_001 f 0.00  0.000     0  0.00  0  0  -0.002  -2.907   0.001   0.097   0.980   0.000 01O000M000t
00241 CYS01A0122_002 f 0.00  0.000     0  0.00  0  0  -0.002  -2.986   0.001  -0.944   0.994   0.000 01O000M000t
00242 CYS01A0122_003 f 0.00  0.000     0  0.00  0  0  -0.003  -2.886   0.001  -0.087   0.993   0.000 01O000M000t
00243 CYS-1A0122_004 f 0.00 -1.000     0  9.10  0 -1   0.000  -2.852   0.001  -1.910  15.015   0.000 -1O000M000t
00244 VAL01A0123_001 f 0.00  0.000     0  0.00  0  0  -0.225  -2.287   0.409   0.000   0.000   0.000 01O000M000t
00245 GLN01A0124_001 f 0.00  0.000     0  0.00  0  0   1.065  -1.170   0.438   2.040   1.990   0.000 01O000M000t
00246 GLN01A0124_002 f 0.00  0.000     0  0.00  0  0   0.502  -3.460   0.436  -2.923   2.270   0.000 01R001M000t
00247 ILE01A0125_001 f 0.00  0.000     0  0.00  0  0   1.520  -2.458   0.684   0.000   0.000   0.000 01O000M000t
00248 ALA01A0126_001 f 0.00  0.000     0  0.00  0  0   0.000  -3.073   0.000   0.000   0.000   0.000 01O000M000t
00249 LYS01A0127_001 f 0.00  0.000     0  0.00  0  0  -4.454  -3.054   1.126  -0.011   0.101   0.000 01O000M000t
00250 LYS+1A0127_002 f 0.00  1.000     0 10.40  0  1  -4.504  -3.059   1.126   0.047   0.462   0.000 +1O000M000t
00251 MET01A0129_001 f 0.00  0.000     0  0.00  0  0   0.291  -3.621   0.198   0.006   0.098   0.000 01O000M000t
00252 ASN01A0130_001 f 0.00  0.000     0  0.00  0  0  -0.774  -4.761   1.058  -0.119   0.716   0.000 01O000M000t
00253 ASN01A0130_002 f 0.00  0.000     0  0.00  0  0  -0.869  -4.760   0.954   1.011   0.705   0.000 01R001M000t
00254 TYR01A0131_001 f 0.00  0.000     0  0.00  0  0   0.309  -4.002   0.393  -1.112   1.617   0.000 01O000M000t
00255 TYR-1A0131_002 f 0.00 -1.000     0 10.20  0 -1   0.309  -4.002   0.393  -2.532   6.144   0.000 -1O000M000t
00256 LEU01A0132_001 f 0.00  0.000     0  0.00  0  0   2.809  -4.106   0.451   0.000   0.000   0.000 01O000M000t
00257 GLU01A0133_001 f 0.00  0.000     0  0.00  0  0  -0.363  -2.758   3.498  -0.629   0.036   0.000 01O000M000t
00258 GLU01A0133_002 f 0.00  0.000     0  0.00  0  0  -0.363  -2.758   0.778  -0.322   1.594   0.000 01O000M000t
00259 GLU02A0133_003 f 0.00  0.000     0  0.00  0  0  -0.259  -2.803   3.498   0.510   1.637   0.000 02O000M000t
00260 GLU02A0133_004 f 0.00  0.000     0  0.00  0  0  -0.259  -2.803   0.778   0.534   2.054   0.000 02O000M000t
00261 GLU-1A0133_005 f 0.00 -1.000     0  4.75  0 -1  -0.398  -2.719   0.778  -2.074   4.229   0.000 -1O000M000t
00262 ASP01A0134_001 f 0.00  0.000     0  0.00  0  0  -2.654   0.654   3.843   0.089  -0.470   0.000 01O000M000t
00263 ASP01A0134_002 f 0.00  0.000     0  0.00  0  0  -2.654   0.654   1.123   0.179   0.484   0.000 01O000M000t
00264 ASP02A0134_003 f 0.00  0.000     0  0.00  0  0  -2.582   1.647   3.843   0.487  -0.045   0.000 02O000M000t
00265 ASP02A0134_004 f 0.00  0.000     0  0.00  0  0  -2.582   1.647   1.123   0.250   0.861   0.000 02O000M000t
00266 ASP-1A0134_005 f 0.00 -1.000     0  4.75  0 -1  -2.497   0.728   1.123  -0.272   0.651   0.000 -1O000M000t
00267 ARG01A0135_001 f 0.00  0.000     0  0.00  0  0  -2.039  12.884   2.573   0.184   1.729   0.000 01O000M000t
00268 ARG02A0135_002 f 0.00  0.000     0  0.00  0  0  -1.944  12.936   2.573   0.355   2.196   0.000 02O000M000t
00269 ARG03A0135_003 f 0.00  0.000     0  0.00  0  0  -2.059  12.834   2.573   0.972   2.383   0.000 03O000M000t
00270 ARG+1A0135_004 f 0.00  1.000     0 12.50  0  1  -2.103  12.855   2.573  -1.483   2.498   0.000 +1O000M000t
00271 ARG01A0136_001 f 0.00  0.000     0  0.00  0  0  -1.612  -0.459   2.437  -0.720   2.262   0.000 01O000M000t
00272 ARG02A0136_002 f 0.00  0.000     0  0.00  0  0  -1.578  -0.473   2.437  -1.092   3.048   0.000 02O000M000t
00273 ARG03A0136_003 f 0.00  0.000     0  0.00  0  0  -1.649  -0.352   2.437   1.176   3.319   0.000 03O000M000t
00274 ARG03A0136_004 f 0.00  0.000     0  0.00  0  0  -1.644  -0.257   2.437  -0.580   3.122   0.000 03O000M000t
00275 ARG+1A0136_005 f 0.00  1.000     0 12.50  0  1  -1.688  -0.493   2.437  -3.199   3.386   0.000 +1O000M000t
00276 LEU01A0137_001 f 0.00  0.000     0  0.00  0  0   4.886  -4.530   1.312   0.000   0.000   0.000 01O000M000t
00277 VAL01A0138_001 f 0.00  0.000     0  0.00  0  0   1.622  -3.403   0.030   0.000   0.000   0.000 01O000M000t
00278 HIS01A0139_001 f 0.00  0.000     0  0.00  0  0  -0.201  -4.083   0.031  -4.039   3.960   0.000 01O000M000t
00279 HIS02A0139_002 f 0.00  0.000     0  0.00  0  0  -0.218  -4.085   0.031   5.563   3.957   0.000 02O000M000t
00280 HIS+1A0139_003 f 0.00  1.000     0  6.98  0  1  -0.245  -3.924   0.031   3.350  12.067   0.000 +1O000M000t
00281 ARG01A0140_001 f 0.00  0.000     0  0.00  0  0   2.091  -1.650   0.537  -1.283   3.487   0.000 01O000M000t
00282 ARG02A0140_002 f 0.00  0.000     0  0.00  0  0   2.048  -1.634   0.537  -1.243   3.909   0.000 02O000M000t
00283 ARG02A0140_003 f 0.00  0.000     0  0.00  0  0   2.076  -1.736   0.537   1.384   4.007   0.000 02O000M000t
00284 ARG03A0140_004 f 0.00  0.000     0  0.00  0  0   2.041  -1.657   0.537  -1.162   3.715   0.000 03O000M000t
00285 ARG03A0140_005 f 0.00  0.000     0  0.00  0  0   2.047  -1.657   0.537  -1.115   3.834   0.000 03O000M000t
00286 ARG+1A0140_006 f 0.00  1.000     0 12.50  0  1   2.003  -1.671   0.537  -2.519   7.572   0.000 +1O000M000t
00287 ASP01A0141_001 f 0.00  0.000     0  0.00  0  0  -0.528   0.624   3.209   0.347   1.590   0.000 01O000M000t
00288 ASP01A0141_002 f 0.00  0.000     0  0.00  0  0  -0.528   0.624   0.489  -0.098   1.294   0.000 01O000M000t
00289 ASP02A0141_003 f 0.00  0.000     0  0.00  0  0  -0.531   0.153   3.209  -0.257   1.534   0.000 02O000M000t
00290 ASP02A0141_004 f 0.00  0.000     0  0.00  0  0  -0.531   0.153   0.489  -0.055   2.009   0.000 02O000M000t
00291 ASP-1A0141_005 f 0.00 -1.000     0  4.75  0 -1  -0.526   0.221   0.489  -0.073   5.820   0.000 -1O000M000t
00292 LEU01A0142_001 f 0.00  0.000     0  0.00  0  0   1.353  -5.557   0.442   0.000   0.000   0.000 01O000M000t
00293 ALA01A0143_001 f 0.00  0.000     0  0.00  0  0   0.000  -0.531   0.000   0.000   0.000   0.000 01O000M000t
00294 ALA01A0144_001 f 0.00  0.000     0  0.00  0  0   0.000  -1.608   0.000   0.000   0.000   0.000 01O000M000t
00295 ARG01A0145_001 f 0.00  0.000     0  0.00  0  0  -2.007  -1.372   2.823  -0.268   2.144   0.000 01O000M000t
00296 ARG02A0145_002 f 0.00  0.000     0  0.00  0  0  -2.049  -1.365   2.823  -0.056   3.203   0.000 02O000M000t
00297 ARG02A0145_003 f 0.00  0.000     0  0.00  0  0  -1.980  -1.371   2.823  -0.142   2.924   0.000 02O000M000t
00298 ARG03A0145_004 f 0.00  0.000     0  0.00  0  0  -2.054  -1.368   2.823  -0.233   3.094   0.000 03O000M000t
00299 ARG+1A0145_005 f 0.00  1.000     0 12.50  0  1  -2.094  -1.385   2.823   1.652   3.924   0.000 +1O000M000t
00300 ASN01A0146_001 f 0.00  0.000     0  0.00  0  0  -0.452   0.563   0.350  -2.415   1.969   0.000 01O000M000t
00301 ASN01A0146_002 f 0.00  0.000     0  0.00  0  0  -0.598  -1.389   0.376   1.645   1.950   0.000 01R001M000t
00302 VAL01A0147_001 f 0.00  0.000     0  0.00  0  0   0.700  -4.570   0.129   0.000   0.000   0.000 01O000M000t
00303 LEU01A0148_001 f 0.00  0.000     0  0.00  0  0   1.370  -1.292   0.587   0.000   0.000   0.000 01O000M000t
00304 VAL01A0149_001 f 0.00  0.000     0  0.00  0  0   0.659  -4.205   0.040   0.000   0.000   0.000 01O000M000t
00305 LYS01A0150_001 f 0.00  0.000     0  0.00  0  0  -0.492  -0.272   0.994   0.114   0.738   0.000 01O000M000t
00306 LYS+1A0150_002 f 0.00  1.000     0 10.40  0  1  -0.540  -0.278   0.994   1.287   3.670   0.000 +1O000M000t
00307 THR01A0151_001 f 0.00  0.000     0  0.00  0  0  -2.967   0.396   0.583  -0.905   1.662   0.000 01O000M000t
00308 PRO01A0152_001 f 0.00  0.000     0  0.00  0  0   0.152  -2.576   0.000   0.000   0.000   0.000 01O000M000t
00309 GLN01A0153_001 f 0.00  0.000     0  0.00  0  0   0.440   9.678   5.153  -0.369   0.467   0.000 01O000M000t
00310 GLN01A0153_002 f 0.00  0.000     0  0.00  0  0  -0.162   9.625   5.077   1.221   0.543   0.000 01R001M000t
00311 HIS01A0154_001 f 0.00  0.000     0  0.00  0  0  -2.828  -0.960   0.129  -1.650   2.176   0.000 01O000M000t
00312 HIS02A0154_002 f 0.00  0.000     0  0.00  0  0  -2.848  -1.232   0.129   1.731   2.177   0.000 02O000M000t
00313 HIS+1A0154_003 f 0.00  1.000     0  6.98  0  1  -2.875  -0.973   0.129  -1.945   4.165   0.000 +1O000M000t
00314 VAL01A0155_001 f 0.00  0.000     0  0.00  0  0   0.457  -3.428   0.000   0.000   0.000   0.000 01O000M000t
00315 LYS01A0156_001 f 0.00  0.000     0  0.00  0  0   1.365  -5.940   1.739   0.257   1.081   0.000 01O000M000t
00316 LYS+1A0156_002 f 0.00  1.000     0 10.40  0  1   1.323  -5.970   1.739  -0.168   7.812   0.000 +1O000M000t
00317 ILE01A0157_001 f 0.00  0.000     0  0.00  0  0   1.720   0.102   0.705   0.000   0.000   0.000 01O000M000t
00318 THR01A0158_001 f 0.00  0.000     0  0.00  0  0  -0.031   6.768   1.121   2.247   0.822   0.000 01O000M000t
00319 THR01A0158_002 f 0.00  0.000     0  0.00  0  0  -0.031   6.768   1.121  -0.458   1.407   0.000 01O000M000t
00320 THR01A0158_003 f 0.00  0.000     0  0.00  0  0  -0.031   6.768   0.746  -1.300   0.850   0.000 01O000M000t
00321 ASP01A0159_001 f 0.00  0.000     0  0.00  0  0  -1.050  -0.617   3.985   2.183   1.086   0.000 01O000M000t
00322 ASP01A0159_002 f 0.00  0.000     0  0.00  0  0  -1.050  -0.617   1.265  -0.231   0.658   0.000 01O000M000t
00323 ASP02A0159_003 f 0.00  0.000     0  0.00  0  0  -0.932  -1.020   3.985  -0.416   0.154   0.000 02O000M000t
00324 ASP02A0159_004 f 0.00  0.000     0  0.00  0  0  -0.932  -1.020   1.265  -0.491   0.552   0.000 02O000M000t
00325 ASP-1A0159_005 f 0.00 -1.000     0  4.75  0 -1  -0.972  -0.971   1.265  -2.369   2.174   0.000 -1O000M000t
00326 PHE01A0160_001 f 0.00  0.000     0  0.00  0  0   4.199  -6.528   0.647   0.000   0.000   0.000 01O000M000t
00327 LEU01A0162_001 f 0.00  0.000     0  0.00  0  0  -1.048  -2.747   0.539   0.000   0.000   0.000 01O000M000t
00328 ALA01A0163_001 f 0.00  0.000     0  0.00  0  0   0.000  -2.169   0.000   0.000   0.000   0.000 01O000M000t
00329 LYS01A0164_001 f 0.00  0.000     0  0.00  0  0  -1.333   0.473   2.264   0.217   0.474   0.000 01O000M000t
00330 LYS+1A0164_002 f 0.00  1.000     0 10.40  0  1  -1.408   0.445   2.264  -1.816   3.001   0.000 +1O000M000t
00331 LEU01A0165_001 f 0.00  0.000     0  0.00  0  0  -0.809  -3.214   1.914   0.000   0.000   0.000 01O000M000t
00332 LEU01A0166_001 f 0.00  0.000     0  0.00  0  0   1.707  -7.682   0.471   0.000   0.000   0.000 01O000M000t
00333 ALA01A0168_001 f 0.00  0.000     0  0.00  0  0  -3.242   8.167   0.000   0.000   0.000   0.000 01O000M000t
00334 GLU01A0169_001 f 0.00  0.000     0  0.00  0  0  -3.564   1.289   5.385   0.201  -0.309   0.000 01O000M000t
00335 GLU01A0169_002 f 0.00  0.000     0  0.00  0  0  -3.564   1.289   2.665   0.113   0.226   0.000 01O000M000t
00336 GLU02A0169_003 f 0.00  0.000     0  0.00  0  0  -3.614   1.049   5.385   0.175  -0.465   0.000 02O000M000t
00337 GLU02A0169_004 f 0.00  0.000     0  0.00  0  0  -3.614   1.049   2.665   0.127   0.632   0.000 02O000M000t
00338 GLU-1A0169_005 f 0.00 -1.000     0  4.75  0 -1  -3.522   1.083   2.665  -0.247   0.298   0.000 -1O000M000t
00339 GLU01A0170_001 f 0.00  0.000     0  0.00  0  0  -0.449  -0.836   3.594   0.030   0.486   0.000 01O000M000t
00340 GLU01A0170_002 f 0.00  0.000     0  0.00  0  0  -0.449  -0.836   0.874  -0.042   1.060   0.000 01O000M000t
00341 GLU02A0170_003 f 0.00  0.000     0  0.00  0  0  -0.729  -0.791   3.594  -1.009   0.261   0.000 02O000M000t
00342 GLU02A0170_004 f 0.00  0.000     0  0.00  0  0  -0.729  -0.791   0.874  -0.313   1.272   0.000 02O000M000t
00343 GLU-1A0170_005 f 0.00 -1.000     0  4.75  0 -1  -0.707  -0.802   0.874   0.293   2.336   0.000 -1O000M000t
00344 LYS01A0171_001 f 0.00  0.000     0  0.00  0  0   8.489  29.445   3.246  -0.061   0.142   0.000 01O000M000t
00345 LYS+1A0171_002 f 0.00  1.000     0 10.40  0  1   9.284  29.432   3.246   0.251   0.574   0.000 +1O000M000t
00346 GLU01A0172_001 f 0.00  0.000     0  0.00  0  0  -1.123   1.273   5.631   0.153  -0.138   0.000 01O000M000t
00347 GLU01A0172_002 f 0.00  0.000     0  0.00  0  0  -1.123   1.273   2.911   0.099   0.871   0.000 01O000M000t
00348 GLU02A0172_003 f 0.00  0.000     0  0.00  0  0  -1.139   1.261   5.631   0.191  -0.055   0.000 02O000M000t
00349 GLU02A0172_004 f 0.00  0.000     0  0.00  0  0  -1.139   1.261   2.911   0.058   0.808   0.000 02O000M000t
00350 GLU-1A0172_005 f 0.00 -1.000     0  4.75  0 -1  -1.212   1.305   2.911  -0.678   1.277   0.000 -1O000M000t
00351 TYR01A0173_001 f 0.00  0.000     0  0.00  0  0   0.859  -6.946   0.062   0.101   0.806   0.000 01O000M000t
00352 TYR-1A0173_002 f 0.00 -1.000     0 10.20  0 -1   0.859  -6.946   0.062  -0.073   3.422   0.000 -1O000M000t
00353 HIS01A0174_001 f 0.00  0.000     0  0.00  0  0  -6.326  -5.019   0.126   0.277   0.993   0.000 01O000M000t
00354 HIS01A0174_002 f 0.00  0.000     0  0.00  0  0  -6.622  -4.966   0.126   1.022   1.471   0.000 01R001M000t
00355 HIS02A0174_003 f 0.00  0.000     0  0.00  0  0  -6.347  -5.026   0.126   0.293   0.974   0.000 02O000M000t
00356 HIS02A0174_004 f 0.00  0.000     0  0.00  0  0  -6.633  -5.067   0.126  -0.446   1.545   0.000 02R001M000t
00357 HIS+1A0174_005 f 0.00  1.000     0  6.98  0  1  -6.373  -5.050   0.126  -0.636   0.753   0.000 +1O000M000t
00358 HIS+1A0174_006 f 0.00  1.000     0  6.98  0  1  -6.659  -5.079   0.126  -1.110   2.318   0.000 +1R001M000t
00359 ALA01A0175_001 f 0.00  0.000     0  0.00  0  0  -0.464  -0.908   0.000   0.000   0.000   0.000 01O000M000t
00360 GLU01A0176_001 f 0.00  0.000     0  0.00  0  0  -4.228   1.779   7.202   0.057  -0.989   0.000 01O000M000t
00361 GLU01A0176_002 f 0.00  0.000     0  0.00  0  0  -4.228   1.779   4.482   0.043   0.349   0.000 01O000M000t
00362 GLU02A0176_003 f 0.00  0.000     0  0.00  0  0  -4.257   1.770   7.202   0.037  -0.526   0.000 02O000M000t
00363 GLU02A0176_004 f 0.00  0.000     0  0.00  0  0  -4.257   1.770   4.482   0.030   0.602   0.000 02O000M000t
00364 GLU-1A0176_005 f 0.00 -1.000     0  4.75  0 -1  -4.184   1.790   4.482  -0.043  -0.203   0.000 -1O000M000t
00365 LYS01A0179_001 f 0.00  0.000     0  0.00  0  0 -11.539  67.022   1.161  -0.026  -0.042   0.000 01O000M000t
00366 LYS+1A0179_002 f 0.00  1.000     0 10.40  0  1 -11.590  67.020   1.161   0.237  -0.223   0.000 +1O000M000t
00367 VAL01A0180_001 f 0.00  0.000     0  0.00  0  0  -0.836  -1.020   0.958   0.000   0.000   0.000 01O000M000t
00368 PRO01A0181_001 f 0.00  0.000     0  0.00  0  0  -0.840  -0.314   0.000   0.000   0.000   0.000 01O000M000t
00369 ILE01A0182_001 f 0.00  0.000     0  0.00  0  0   1.193  -1.703   0.826   0.000   0.000   0.000 01O000M000t
00370 LYS01A0183_001 f 0.00  0.000     0  0.00  0  0  -1.220   2.191   1.061   0.129   0.689   0.000 01O000M000t
00371 LYS+1A0183_002 f 0.00  1.000     0 10.40  0  1  -1.264   2.395   1.061  -3.461   3.894   0.000 +1O000M000t
00372 TRP01A0184_001 f 0.00  0.000     0  0.00  0  0   1.192  -5.498   0.550   0.000   0.000   0.000 01O000M000t
00373 MET01A0185_001 f 0.00  0.000     0  0.00  0  0   0.721  -6.843   2.988   0.064   0.092   0.000 01O000M000t
00374 ALA01A0186_001 f 0.00  0.000     0  0.00  0  0   0.000  -1.700   0.000   0.000   0.000   0.000 01O000M000t
00375 LEU01A0187_001 f 0.00  0.000     0  0.00  0  0   1.127  -3.419   0.691   0.000   0.000   0.000 01O000M000t
00376 GLU01A0188_001 f 0.00  0.000     0  0.00  0  0   0.154  11.957   6.185  -2.571   1.483   0.000 01O000M000t
00377 GLU01A0188_002 f 0.00  0.000     0  0.00  0  0   0.154  11.957   3.465  -1.805   2.774   0.000 01O000M000t
00378 GLU02A0188_003 f 0.00  0.000     0  0.00  0  0   0.124 999.000   6.185   5.974   1.741   0.000 02O000M000t
00379 GLU02A0188_004 f 0.00  0.000     0  0.00  0  0   0.124  16.895   3.465   0.034   2.660   0.000 02O000M000t
00380 GLU-1A0188_005 f 0.00 -1.000     0  4.75  0 -1   0.034  12.082   3.465  -7.338   8.842   0.000 -1O000M000t
00381 SER01A0189_001 f 0.00  0.000     0  0.00  0  0   0.000   0.206   0.456  -2.553   1.696   0.000 01O000M000t
00382 SER01A0189_002 f 0.00  0.000     0  0.00  0  0   0.000   0.206   0.456   0.855   1.804   0.000 01O000M000t
00383 SER01A0189_003 f 0.00  0.000     0  0.00  0  0   0.000   0.206   0.081   0.350   1.224   0.000 01O000M000t
00384 ILE01A0190_001 f 0.00  0.000     0  0.00  0  0   0.729  -3.869   0.526   0.000   0.000   0.000 01O000M000t
00385 LEU01A0191_001 f 0.00  0.000     0  0.00  0  0  -1.412  -3.173   0.510   0.000   0.000   0.000 01O000M000t
00386 HIS01A0192_001 f 0.00  0.000     0  0.00  0  0  -6.776  -2.350   0.085   0.140   0.949   0.000 01O000M000t
00387 HIS01A0192_002 f 0.00  0.000     0  0.00  0  0  -7.171  -2.442   0.085   0.437   0.673   0.000 01R001M000t
00388 HIS02A0192_003 f 0.00  0.000     0  0.00  0  0  -6.797  -2.379   0.085   0.292   0.819   0.000 02O000M000t
00389 HIS02A0192_004 f 0.00  0.000     0  0.00  0  0  -7.180  -2.518   0.085   0.041   0.725   0.000 02R001M000t
00390 HIS+1A0192_005 f 0.00  1.000     0  6.98  0  1  -6.824  -2.388   0.085   0.767   0.649   0.000 +1O000M000t
00391 HIS+1A0192_006 f 0.00  1.000     0  6.98  0  1  -7.207  -2.525   0.085   0.647   0.277   0.000 +1R001M000t
00392 ARG01A0193_001 f 0.00  0.000     0  0.00  0  0  -2.739   0.941   2.028   0.739   0.615   0.000 01O000M000t
00393 ARG02A0193_002 f 0.00  0.000     0  0.00  0  0  -2.772   0.925   2.028   0.628   1.779   0.000 02O000M000t
00394 ARG03A0193_003 f 0.00  0.000     0  0.00  0  0  -2.778   0.927   2.028   0.666   1.678   0.000 03O000M000t
00395 ARG+1A0193_004 f 0.00  1.000     0 12.50  0  1  -2.816   0.909   2.028  -1.327   0.710   0.000 +1O000M000t
00396 ILE01A0194_001 f 0.00  0.000     0  0.00  0  0   0.103  46.918   1.360   0.000   0.000   0.000 01O000M000t
00397 TYR01A0195_001 f 0.00  0.000     0  0.00  0  0   3.275  -8.672   0.050   0.542   2.200   0.000 01O000M000t
00398 TYR-1A0195_002 f 0.00 -1.000     0 10.20  0 -1   3.275  -8.672   0.050   0.009   9.020   0.000 -1O000M000t
00399 THR01A0196_001 f 0.00  0.000     0  0.00  0  0  -1.019   0.732   0.636  -0.191   1.330   0.000 01O000M000t
00400 HIS01A0197_001 f 0.00  0.000     0  0.00  0  0  -1.778  -6.918   0.128   0.111   2.464   0.000 01O000M000t
00401 HIS01A0197_002 f 0.00  0.000     0  0.00  0  0  -1.396  -7.199   0.128   0.780   2.354   0.000 01R001M000t
00402 HIS02A0197_003 f 0.00  0.000     0  0.00  0  0  -1.793  -6.987   0.128   0.582   1.982   0.000 02O000M000t
00403 HIS02A0197_004 f 0.00  0.000     0  0.00  0  0  -1.409  -7.015   0.128   0.111   2.451   0.000 02R001M000t
00404 HIS+1A0197_005 f 0.00  1.000     0  6.98  0  1  -1.819  -7.037   0.128   2.193   4.554   0.000 +1O000M000t
00405 HIS+1A0197_006 f 0.00  1.000     0  6.98  0  1  -1.435  -7.221   0.128   2.320   5.024   0.000 +1R001M000t
00406 GLN01A0198_001 f 0.00  0.000     0  0.00  0  0  -0.247  -6.304   1.267  -2.120   2.549   0.000 01O000M000t
00407 GLN01A0198_002 f 0.00  0.000     0  0.00  0  0  -0.372  -6.074   1.313   1.865   2.370   0.000 01R001M000t
00408 SER01A0199_001 f 0.00  0.000     0  0.00  0  0  -0.048  -1.917   0.376   3.186   1.726   0.000 01O000M000t
00409 SER01A0199_002 f 0.00  0.000     0  0.00  0  0  -0.048  -1.917   0.376  -1.135   1.195   0.000 01O000M000t
00410 ASP01A0200_001 f 0.00  0.000     0  0.00  0  0   0.073  -1.892   3.563  -2.391   1.706   0.000 01O000M000t
00411 ASP01A0200_002 f 0.00  0.000     0  0.00  0  0   0.073 997.108   0.843   3.900   2.519   0.000 01O000M000t
00412 ASP02A0200_003 f 0.00  0.000     0  0.00  0  0   0.009  -1.878   3.563  -1.901   1.933   0.000 02O000M000t
00413 ASP02A0200_004 f 0.00  0.000     0  0.00  0  0   0.009  -1.878   0.843   2.624   2.758   0.000 02O000M000t
00414 ASP-1A0200_005 f 0.00 -1.000     0  4.75  0 -1   0.009  -2.372   0.843  -9.694  12.001   0.000 -1O000M000t
00415 VAL01A0201_001 f 0.00  0.000     0  0.00  0  0   0.973   1.566   0.103   0.000   0.000   0.000 01O000M000t
00416 TRP01A0202_001 f 0.00  0.000     0  0.00  0  0   3.630 -12.946   0.000   0.000   0.000   0.000 01O000M000t
00417 SER01A0203_001 f 0.00  0.000     0  0.00  0  0  -0.120   3.261   0.526  -3.898   1.450   0.000 01O000M000t
00418 SER01A0203_002 f 0.00  0.000     0  0.00  0  0  -0.120   3.261   0.526   0.707   0.987   0.000 01O000M000t
00419 TYR01A0204_001 f 0.00  0.000     0  0.00  0  0   3.532  -3.212   0.000   0.615   2.591   0.000 01O000M000t
00420 TYR01A0204_002 f 0.00  0.000     0  0.00  0  0   3.532  -3.212   0.000  -1.330   2.621   0.000 01O000M000t
00421 TYR-1A0204_003 f 0.00 -1.000     0 10.20  0 -1   3.532  -3.212   0.000  -0.325  14.806   0.000 -1O000M000t
00422 VAL01A0206_001 f 0.00  0.000     0  0.00  0  0   0.840  -2.145   0.013   0.000   0.000   0.000 01O000M000t
00423 THR01A0207_001 f 0.00  0.000     0  0.00  0  0   0.236  -3.258   0.386   1.320   1.980   0.000 01O000M000t
00424 THR01A0207_002 f 0.00  0.000     0  0.00  0  0   0.236  -3.258   0.386  -2.793   1.990   0.000 01O000M000t
00425 THR01A0207_003 f 0.00  0.000     0  0.00  0  0   0.236  -3.258   0.011  -0.007   1.991   0.000 01O000M000t
00426 VAL01A0208_001 f 0.00  0.000     0  0.00  0  0   0.752   0.057   0.187   0.000   0.000   0.000 01O000M000t
00427 TRP01A0209_001 f 0.00  0.000     0  0.00  0  0   1.254  -8.174   0.036   0.000   0.000   0.000 01O000M000t
00428 GLU01A0210_001 f 0.00  0.000     0  0.00  0  0   0.901  -5.440   4.094  -1.934   2.253   0.000 01O000M000t
00429 GLU01A0210_002 f 0.00  0.000     0  0.00  0  0   0.901  -5.440   1.374  -0.465   2.668   0.000 01O000M000t
00430 GLU02A0210_003 f 0.00  0.000     0  0.00  0  0   0.826  -5.043   4.094  -1.007   2.441   0.000 02O000M000t
00431 GLU02A0210_004 f 0.00  0.000     0  0.00  0  0   0.826  -5.043   1.374   2.574   2.621   0.000 02O000M000t
00432 GLU-1A0210_005 f 0.00 -1.000     0  4.75  0 -1   0.739  -5.330   1.374  -6.126  11.194   0.000 -1O000M000t
00433 LEU01A0211_001 f 0.00  0.000     0  0.00  0  0   0.913  -4.101   0.408   0.000   0.000   0.000 01O000M000t
00434 MET01A0212_001 f 0.00  0.000     0  0.00  0  0  -0.105   4.174   0.133  -0.041   0.099   0.000 01O000M000t
00435 THR01A0213_001 f 0.00  0.000     0  0.00  0  0  -0.349  -2.560   0.387  -1.020   1.933   0.000 01O000M000t
00436 THR01A0213_002 f 0.00  0.000     0  0.00  0  0  -0.349  -2.560   0.012  -0.835   1.910   0.000 01O000M000t
00437 PHE01A0214_001 f 0.00  0.000     0  0.00  0  0   2.666  -3.733   0.001   0.000   0.000   0.000 01O000M000t
00438 SER01A0216_001 f 0.00  0.000     0  0.00  0  0  -2.441  -1.788   1.631   0.210   1.495   0.000 01O000M000t
00439 SER01A0216_002 f 0.00  0.000     0  0.00  0  0  -2.441  -1.788   1.630  -0.013   0.934   0.000 01O000M000t
00440 LYS01A0217_001 f 0.00  0.000     0  0.00  0  0  -4.858   0.544   3.192   0.002   0.043   0.000 01O000M000t
00441 LYS+1A0217_002 f 0.00  1.000     0 10.40  0  1  -4.910   0.542   3.192   0.356   0.094   0.000 +1O000M000t
00442 PRO01A0218_001 f 0.00  0.000     0  0.00  0  0   0.298  -1.516   0.000   0.000   0.000   0.000 01O000M000t
00443 TYR01A0219_001 f 0.00  0.000     0  0.00  0  0   3.324   0.480   0.249  -0.036   1.917   0.000 01O000M000t
00444 TYR01A0219_002 f 0.00  0.000     0  0.00  0  0   3.324   0.480   0.249  -0.739   1.726   0.000 01O000M000t
00445 TYR-1A0219_003 f 0.00 -1.000     0 10.20  0 -1   3.324   0.480   0.249   1.458   9.253   0.000 -1O000M000t
00446 ASP01A0220_001 f 0.00  0.000     0  0.00  0  0  -2.817   4.883   3.498  -0.264  -0.491   0.000 01O000M000t
00447 ASP01A0220_002 f 0.00  0.000     0  0.00  0  0  -2.817   4.883   0.778  -0.358   0.846   0.000 01O000M000t
00448 ASP02A0220_003 f 0.00  0.000     0  0.00  0  0  -2.780   7.029   3.498   2.856   0.532   0.000 02O000M000t
00449 ASP02A0220_004 f 0.00  0.000     0  0.00  0  0  -2.780   7.029   0.778  -0.074   0.696   0.000 02O000M000t
00450 ASP-1A0220_005 f 0.00 -1.000     0  4.75  0 -1  -2.766   4.933   0.778  -1.796   1.425   0.000 -1O000M000t
00451 ILE01A0222_001 f 0.00  0.000     0  0.00  0  0   3.798  -2.210   0.811   0.000   0.000   0.000 01O000M000t
00452 PRO01A0223_001 f 0.00  0.000     0  0.00  0  0  -4.931  -0.657   0.000   0.000   0.000   0.000 01O000M000t
00453 ALA01A0224_001 f 0.00  0.000     0  0.00  0  0  -2.386  -0.527   0.000   0.000   0.000   0.000 01O000M000t
00454 SER01A0225_001 f 0.00  0.000     0  0.00  0  0  -4.448   5.384   2.737  -0.530  -0.059   0.000 01O000M000t
00455 GLU01A0226_001 f 0.00  0.000     0  0.00  0  0  -1.123  -3.542   6.312   0.474   0.468   0.000 01O000M000t
00456 GLU01A0226_002 f 0.00  0.000     0  0.00  0  0  -1.123  -3.542   3.592   0.259   1.802   0.000 01O000M000t
00457 GLU02A0226_003 f 0.00  0.000     0  0.00  0  0  -1.225  -3.557   6.312  -0.154   0.345   0.000 02O000M000t
00458 GLU02A0226_004 f 0.00  0.000     0  0.00  0  0  -1.225  -3.557   3.592  -0.125   1.509   0.000 02O000M000t
00459 GLU-1A0226_005 f 0.00 -1.000     0  4.75  0 -1  -1.213  -3.511   3.592  -0.798   3.571   0.000 -1O000M000t
00460 ILE01A0227_001 f 0.00  0.000     0  0.00  0  0   1.987  -4.032   0.842   0.000   0.000   0.000 01O000M000t
00461 SER01A0228_001 f 0.00  0.000     0  0.00  0  0  -1.547   0.101   0.441  -0.146   1.072   0.000 01O000M000t
00462 SER01A0228_002 f 0.00  0.000     0  0.00  0  0  -1.547   0.101   0.066  -0.999   0.239   0.000 01O000M000t
00463 SER01A0229_001 f 0.00  0.000     0  0.00  0  0  -3.589  -0.597   0.870  -0.228   0.710   0.000 01O000M000t
00464 ILE01A0230_001 f 0.00  0.000     0  0.00  0  0   0.186   4.545   1.074   0.000   0.000   0.000 01O000M000t
00465 LEU01A0231_001 f 0.00  0.000     0  0.00  0  0   1.199  -3.493   0.415   0.000   0.000   0.000 01O000M000t
00466 GLU01A0232_001 f 0.00  0.000     0  0.00  0  0  -1.089  20.343   5.682  -0.618   0.806   0.000 01O000M000t
00467 GLU01A0232_002 f 0.00  0.000     0  0.00  0  0  -1.089  20.343   2.962  -0.144   0.704   0.000 01O000M000t
00468 GLU02A0232_003 f 0.00  0.000     0  0.00  0  0  -0.742  20.338   5.682  -0.082   0.011   0.000 02O000M000t
00469 GLU02A0232_004 f 0.00  0.000     0  0.00  0  0  -0.742  20.338   2.962  -0.094   0.783   0.000 02O000M000t
00470 GLU-1A0232_005 f 0.00 -1.000     0  4.75  0 -1  -1.067  20.382   2.962   0.483   2.176   0.000 -1O000M000t
00471 LYS01A0233_001 f 0.00  0.000     0  0.00  0  0  -3.647 129.568   3.188  -0.035   0.181   0.000 01O000M000t
00472 LYS+1A0233_002 f 0.00  1.000     0 10.40  0  1  -3.690 129.556   3.188   0.023   0.336   0.000 +1O000M000t
00473 GLU01A0235_001 f 0.00  0.000     0  0.00  0  0  -0.507  -2.566   3.370   0.026  -0.024   0.000 01O000M000t
00474 GLU01A0235_002 f 0.00  0.000     0  0.00  0  0  -0.507  -2.566   0.650   0.052   0.984   0.000 01O000M000t
00475 GLU02A0235_003 f 0.00  0.000     0  0.00  0  0  -0.088  -2.578   3.370   0.226   0.799   0.000 02O000M000t
00476 GLU02A0235_004 f 0.00  0.000     0  0.00  0  0  -0.088  -2.578   0.650   0.069   0.794   0.000 02O000M000t
00477 GLU-1A0235_005 f 0.00 -1.000     0  4.75  0 -1  -0.430  -2.533   0.650  -0.174   1.736   0.000 -1O000M000t
00478 ARG01A0236_001 f 0.00  0.000     0  0.00  0  0   1.864   5.652   0.748  -2.479   3.257   0.000 01O000M000t
00479 ARG02A0236_002 f 0.00  0.000     0  0.00  0  0   1.838   5.600   0.748  -3.569   4.014   0.000 02O000M000t
00480 ARG02A0236_003 f 0.00  0.000     0  0.00  0  0   1.842   5.157   0.748  -1.827   3.678   0.000 02O000M000t
00481 ARG03A0236_004 f 0.00  0.000     0  0.00  0  0   1.846   5.722   0.748  -2.364   3.932   0.000 03O000M000t
00482 ARG03A0236_005 f 0.00  0.000     0  0.00  0  0   1.877   5.266   0.748  -1.101   3.831   0.000 03O000M000t
00483 ARG+1A0236_006 f 0.00  1.000     0 12.50  0  1   1.799   5.549   0.748  -8.399   7.377   0.000 +1O000M000t
00484 LEU01A0237_001 f 0.00  0.000     0  0.00  0  0   1.912  -3.713   0.706   0.000   0.000   0.000 01O000M000t
00485 PRO01A0238_001 f 0.00  0.000     0  0.00  0  0  -5.687  -0.465   0.000   0.000   0.000   0.000 01O000M000t
00486 GLN01A0239_001 f 0.00  0.000     0  0.00  0  0  -0.568  -3.789   0.351  -0.782   0.934   0.000 01O000M000t
00487 GLN01A0239_002 f 0.00  0.000     0  0.00  0  0   0.238  -3.910   0.338   0.467   0.710   0.000 01R001M000t
00488 PRO01A0240_001 f 0.00  0.000     0  0.00  0  0   0.255  -3.136   0.000   0.000   0.000   0.000 01O000M000t
00489 PRO01A0241_001 f 0.00  0.000     0  0.00  0  0  -6.429  -0.265   0.000   0.000   0.000   0.000 01O000M000t
00490 ILE01A0242_001 f 0.00  0.000     0  0.00  0  0   1.709  -3.631   0.669   0.000   0.000   0.000 01O000M000t
00491 CYS01A0243_001 f 0.00  0.000     0  0.00  0  0  -0.002  -3.149   0.551  -0.150   0.991   0.000 01O000M000t
00492 CYS01A0243_002 f 0.00  0.000     0  0.00  0  0  -0.002  -3.178   0.551  -0.026   0.987   0.000 01O000M000t
00493 CYS01A0243_003 f 0.00  0.000     0  0.00  0  0  -0.003  -3.145   0.551  -0.222   0.991   0.000 01O000M000t
00494 CYS-1A0243_004 f 0.00 -1.000     0  9.10  0 -1   0.000  -3.105   0.551  -4.157  13.778   0.000 -1O000M000t
00495 THR01A0244_001 f 0.00  0.000     0  0.00  0  0  -1.589   0.951   0.569  -2.140   1.919   0.000 01O000M000t
00496 THR01A0244_002 f 0.00  0.000     0  0.00  0  0  -1.589   0.951   0.194  -0.787   1.754   0.000 01O000M000t
00497 ILE01A0245_001 f 0.00  0.000     0  0.00  0  0  -1.221   0.431   1.939   0.000   0.000   0.000 01O000M000t
00498 ASP01A0246_001 f 0.00  0.000     0  0.00  0  0  -1.509  -1.061   3.775   2.232   0.888   0.000 01O000M000t
00499 ASP01A0246_002 f 0.00  0.000     0  0.00  0  0  -1.509  -1.061   1.055   0.184   0.640   0.000 01O000M000t
00500 ASP02A0246_003 f 0.00  0.000     0  0.00  0  0  -1.416  -1.230   3.775   0.077  -0.235   0.000 02O000M000t
00501 ASP02A0246_004 f 0.00  0.000     0  0.00  0  0  -1.416  -1.230   1.055  -0.077   0.782   0.000 02O000M000t
00502 ASP-1A0246_005 f 0.00 -1.000     0  4.75  0 -1  -1.519  -1.216   1.055  -1.862   1.527   0.000 -1O000M000t
00503 VAL01A0247_001 f 0.00  0.000     0  0.00  0  0   0.618  -0.823   0.295   0.000   0.000   0.000 01O000M000t
00504 TYR01A0248_001 f 0.00  0.000     0  0.00  0  0   1.912  -5.587   0.204   0.900   1.019   0.000 01O000M000t
00505 TYR01A0248_002 f 0.00  0.000     0  0.00  0  0   1.912  -5.587   0.204  -1.541   1.969   0.000 01O000M000t
00506 TYR-1A0248_003 f 0.00 -1.000     0 10.20  0 -1   1.912  -5.587   0.204   0.924   5.243   0.000 -1O000M000t
00507 MET01A0249_001 f 0.00  0.000     0  0.00  0  0  13.962  -3.461   0.569   0.051   0.047   0.000 01O000M000t
00508 ILE01A0250_001 f 0.00  0.000     0  0.00  0  0   8.747   0.847   0.712   0.000   0.000   0.000 01O000M000t
00509 MET01A0251_001 f 0.00  0.000     0  0.00  0  0   0.770  -6.705   1.986   0.053   0.097   0.000 01O000M000t
00510 VAL01A0252_001 f 0.00  0.000     0  0.00  0  0  -2.153  -2.231   1.445   0.000   0.000   0.000 01O000M000t
00511 LYS01A0253_001 f 0.00  0.000     0  0.00  0  0  -3.501  -3.040   2.700   0.054   0.221   0.000 01O000M000t
00512 LYS+1A0253_002 f 0.00  1.000     0 10.40  0  1  -3.553  -3.055   2.700  -0.049   1.115   0.000 +1O000M000t
00513 CYS01A0254_001 f 0.00  0.000     0  0.00  0  0  -0.002  -4.426   0.203   0.169   0.934   0.000 01O000M000t
00514 CYS01A0254_002 f 0.00  0.000     0  0.00  0  0  -0.002  -4.506   0.203  -0.510   0.911   0.000 01O000M000t
00515 CYS01A0254_003 f 0.00  0.000     0  0.00  0  0  -0.003  -4.445   0.203   0.315   0.629   0.000 01O000M000t
00516 CYS-1A0254_004 f 0.00 -1.000     0  9.10  0 -1   0.000  -4.369   0.203   1.386  12.422   0.000 -1O000M000t
00517 TRP01A0255_001 f 0.00  0.000     0  0.00  0  0   2.643 -11.178   0.026   0.000   0.000   0.000 01O000M000t
00518 MET01A0256_001 f 0.00  0.000     0  0.00  0  0  -3.770  -3.339   1.843  -0.044   0.050   0.000 01O000M000t
00519 ILE01A0257_001 f 0.00  0.000     0  0.00  0  0  -3.406   1.778   1.178   0.000   0.000   0.000 01O000M000t
00520 ASP01A0258_001 f 0.00  0.000     0  0.00  0  0  -2.374  -1.494   3.328  -0.115  -0.268   0.000 01O000M000t
00521 ASP01A0258_002 f 0.00  0.000     0  0.00  0  0  -2.374  -1.494   0.608  -0.053   0.820   0.000 01O000M000t
00522 ASP02A0258_003 f 0.00  0.000     0  0.00  0  0  -2.468  -0.875   3.328   0.899   0.270   0.000 02O000M000t
00523 ASP02A0258_004 f 0.00  0.000     0  0.00  0  0  -2.468  -0.875   0.608   0.362   1.401   0.000 02O000M000t
00524 ASP-1A0258_005 f 0.00 -1.000     0  4.75  0 -1  -2.356  -1.420   0.608  -2.074   2.504   0.000 -1O000M000t
00525 ALA01A0259_001 f 0.00  0.000     0  0.00  0  0  -0.876  -0.719   0.000   0.000   0.000   0.000 01O000M000t
00526 ASP01A0260_001 f 0.00  0.000     0  0.00  0  0  -2.888  -0.091   3.313   0.299  -0.496   0.000 01O000M000t
00527 ASP01A0260_002 f 0.00  0.000     0  0.00  0  0  -2.888  -0.091   0.593   0.294   0.569   0.000 01O000M000t
00528 ASP02A0260_003 f 0.00  0.000     0  0.00  0  0  -2.770   0.260   3.313   0.560   0.153   0.000 02O000M000t
00529 ASP02A0260_004 f 0.00  0.000     0  0.00  0  0  -2.770   0.260   0.593   0.345   0.613   0.000 02O000M000t
00530 ASP-1A0260_005 f 0.00 -1.000     0  4.75  0 -1  -2.838  -0.053   0.593  -0.927   0.546   0.000 -1O000M000t
00531 SER01A0261_001 f 0.00  0.000     0  0.00  0  0  -1.746   0.967   1.680  -0.237  -0.109   0.000 01O000M000t
00532 SER01A0261_002 f 0.00  0.000     0  0.00  0  0  -1.746   0.967   1.680  -0.063   0.562   0.000 01O000M000t
00533 SER01A0261_003 f 0.00  0.000     0  0.00  0  0  -1.746   0.967   1.305  -0.234  -0.116   0.000 01O000M000t
00534 ARG01A0262_001 f 0.00  0.000     0  0.00  0  0   4.460   2.983   3.369  -0.605   4.244   0.000 01O000M000t
00535 ARG02A0262_002 f 0.00  0.000     0  0.00  0  0   4.403   2.929   3.369  -2.034   4.532   0.000 02O000M000t
00536 ARG02A0262_003 f 0.00  0.000     0  0.00  0  0   4.459   1.870   3.369   1.790   4.771   0.000 02O000M000t
00537 ARG03A0262_004 f 0.00  0.000     0  0.00  0  0   4.399   2.910   3.369  -2.502   4.699   0.000 03O000M000t
00538 ARG03A0262_005 f 0.00  0.000     0  0.00  0  0   4.406   3.037   3.369  -1.053   4.630   0.000 03O000M000t
00539 ARG+1A0262_006 f 0.00  1.000     0 12.50  0  1   4.359   2.856   3.369  -5.590  10.109   0.000 +1O000M000t
00540 PRO01A0263_001 f 0.00  0.000     0  0.00  0  0   0.243  -3.182   0.000   0.000   0.000   0.000 01O000M000t
00541 LYS01A0264_001 f 0.00  0.000     0  0.00  0  0  -2.793   0.065   2.883  -0.032   0.383   0.000 01O000M000t
00542 LYS+1A0264_002 f 0.00  1.000     0 10.40  0  1  -2.875   0.053   2.883   1.163   2.292   0.000 +1O000M000t
00543 PHE01A0265_001 f 0.00  0.000     0  0.00  0  0   3.364  -9.540   0.372   0.000   0.000   0.000 01O000M000t
00544 ARG01A0266_001 f 0.00  0.000     0  0.00  0  0  -6.252  -1.621   0.603   0.106   0.374   0.000 01O000M000t
00545 ARG02A0266_002 f 0.00  0.000     0  0.00  0  0  -6.193  -1.613   0.603  -0.103   1.313   0.000 02O000M000t
00546 ARG03A0266_003 f 0.00  0.000     0  0.00  0  0  -6.290  -1.625   0.603   0.086   1.540   0.000 03O000M000t
00547 ARG+1A0266_004 f 0.00  1.000     0 12.50  0  1  -6.330  -1.628   0.603   0.628   0.515   0.000 +1O000M000t
00548 GLU01A0267_001 f 0.00  0.000     0  0.00  0  0   0.396  -1.902   4.168   1.303   1.044   0.000 01O000M000t
00549 GLU01A0267_002 f 0.00  0.000     0  0.00  0  0   0.396  -1.902   1.448  -0.283   0.938   0.000 01O000M000t
00550 GLU02A0267_003 f 0.00  0.000     0  0.00  0  0  -0.182  -2.145   4.168  -0.797  -0.090   0.000 02O000M000t
00551 GLU02A0267_004 f 0.00  0.000     0  0.00  0  0  -0.182  -2.145   1.448  -0.926   1.133   0.000 02O000M000t
00552 GLU-1A0267_005 f 0.00 -1.000     0  4.75  0 -1  -0.207  -2.110   1.448  -2.273   1.779   0.000 -1O000M000t
00553 LEU01A0268_001 f 0.00  0.000     0  0.00  0  0   2.313  -4.273   0.581   0.000   0.000   0.000 01O000M000t
00554 ILE01A0269_001 f 0.00  0.000     0  0.00  0  0   2.529  -2.667   0.442   0.000   0.000   0.000 01O000M000t
00555 ILE01A0270_001 f 0.00  0.000     0  0.00  0  0  -2.391  -1.984   0.599   0.000   0.000   0.000 01O000M000t
00556 GLU01A0271_001 f 0.00  0.000     0  0.00  0  0  -1.003  -2.413   3.503   0.245   0.003   0.000 01O000M000t
00557 GLU01A0271_002 f 0.00  0.000     0  0.00  0  0  -1.003  -2.413   0.783   0.123   1.280   0.000 01O000M000t
00558 GLU02A0271_003 f 0.00  0.000     0  0.00  0  0  -0.723  -2.342   3.503   0.329   0.191   0.000 02O000M000t
00559 GLU02A0271_004 f 0.00  0.000     0  0.00  0  0  -0.723  -2.342   0.783   0.103   1.164   0.000 02O000M000t
00560 GLU-1A0271_005 f 0.00 -1.000     0  4.75  0 -1  -1.009  -2.368   0.783  -0.486   2.318   0.000 -1O000M000t
00561 PHE01A0272_001 f 0.00  0.000     0  0.00  0  0   4.571  -5.897   0.606   0.000   0.000   0.000 01O000M000t
00562 SER01A0273_001 f 0.00  0.000     0  0.00  0  0  -2.109  -0.236   0.500   0.193   0.514   0.000 01O000M000t
00563 SER01A0273_002 f 0.00  0.000     0  0.00  0  0  -2.109  -0.236   0.500  -1.554   1.453   0.000 01O000M000t
00564 LYS01A0274_001 f 0.00  0.000     0  0.00  0  0  -3.849  -2.679   3.383  -0.008   0.153   0.000 01O000M000t
00565 LYS+1A0274_002 f 0.00  1.000     0 10.40  0  1  -3.895  -2.684   3.383   0.048   0.538   0.000 +1O000M000t
00566 MET01A0275_001 f 0.00  0.000     0  0.00  0  0   0.402  -6.153   0.300   0.001   0.073   0.000 01O000M000t
00567 ALA01A0276_001 f 0.00  0.000     0  0.00  0  0  -0.618  -2.262   0.000   0.000   0.000   0.000 01O000M000t
00568 ARG01A0277_001 f 0.00  0.000     0  0.00  0  0  -0.868  -3.309   5.291   0.031   0.056   0.000 01O000M000t
00569 ARG02A0277_002 f 0.00  0.000     0  0.00  0  0  -0.940  -3.350   5.291  -0.083   1.096   0.000 02O000M000t
00570 ARG03A0277_003 f 0.00  0.000     0  0.00  0  0  -0.940  -3.345   5.291  -0.063   0.650   0.000 03O000M000t
00571 ARG+1A0277_004 f 0.00  1.000     0 12.50  0  1  -0.984  -3.351   5.291  -0.262   0.496   0.000 +1O000M000t
00572 ASP01A0278_001 f 0.00  0.000     0  0.00  0  0  -2.089   0.843   3.007  -0.462   0.151   0.000 01O000M000t
00573 ASP01A0278_002 f 0.00  0.000     0  0.00  0  0  -2.089   0.843   0.287  -0.415   0.832   0.000 01O000M000t
00574 ASP02A0278_003 f 0.00  0.000     0  0.00  0  0  -1.997   1.572   3.007   1.956   0.873   0.000 02O000M000t
00575 ASP02A0278_004 f 0.00  0.000     0  0.00  0  0  -1.997   1.572   0.287  -0.112   0.924   0.000 02O000M000t
00576 ASP-1A0278_005 f 0.00 -1.000     0  4.75  0 -1  -2.062   0.904   0.287  -1.416   1.857   0.000 -1O000M000t
00577 PRO01A0279_001 f 0.00  0.000     0  0.00  0  0  -0.802  -3.198   0.000   0.000   0.000   0.000 01O000M000t
00578 GLN01A0280_001 f 0.00  0.000     0  0.00  0  0  -1.331  -1.109   1.593   0.249   0.845   0.000 01O000M000t
00579 GLN01A0280_002 f 0.00  0.000     0  0.00  0  0  -1.637  -1.035   1.581  -0.031   0.627   0.000 01R001M000t
00580 ARG01A0281_001 f 0.00  0.000     0  0.00  0  0  -6.109  -0.334   3.834   0.012   0.358   0.000 01O000M000t
00581 ARG02A0281_002 f 0.00  0.000     0  0.00  0  0  -6.121  -0.343   3.834   0.034   1.215   0.000 02O000M000t
00582 ARG03A0281_003 f 0.00  0.000     0  0.00  0  0  -6.176  -0.343   3.834   0.050   0.681   0.000 03O000M000t
00583 ARG+1A0281_004 f 0.00  1.000     0 12.50  0  1  -6.223  -0.346   3.834   0.154   0.981   0.000 +1O000M000t
00584 TYR01A0282_001 f 0.00  0.000     0  0.00  0  0   3.053  -7.552   0.003   0.077   0.988   0.000 01O000M000t
00585 TYR-1A0282_002 f 0.00 -1.000     0 10.20  0 -1   3.053  -7.552   0.003  -0.445   3.111   0.000 -1O000M000t
00586 LEU01A0283_001 f 0.00  0.000     0  0.00  0  0   1.963  -6.475   0.574   0.000   0.000   0.000 01O000M000t
00587 VAL01A0284_001 f 0.00  0.000     0  0.00  0  0  -5.486  -1.252   0.010   0.000   0.000   0.000 01O000M000t
00588 ILE01A0285_001 f 0.00  0.000     0  0.00  0  0   1.452  -4.366   0.411   0.000   0.000   0.000 01O000M000t
00589 GLN01A0286_001 f 0.00  0.000     0  0.00  0  0   1.761   3.040   3.451   0.005  -0.097   0.000 01O000M000t
00590 ASP01A0288_001 f 0.00  0.000     0  0.00  0  0  -0.053  -0.487   4.190  -0.388   1.981   0.000 01O000M000t
00591 ASP01A0288_002 f 0.00  0.000     0  0.00  0  0  -0.053  -0.487   1.470   1.715   2.323   0.000 01O000M000t
00592 ASP02A0288_003 f 0.00  0.000     0  0.00  0  0   0.047  -1.243   4.190  -0.910   1.387   0.000 02O000M000t
00593 ASP02A0288_004 f 0.00  0.000     0  0.00  0  0   0.047  -1.243   1.470   1.201   2.118   0.000 02O000M000t
00594 ASP-1A0288_005 f 0.00 -1.000     0  4.75  0 -1  -0.051  -1.118   1.470  -4.785   7.402   0.000 -1O000M000t
00595 GLU01A0289_001 f 0.00  0.000     0  0.00  0  0  -2.580  -0.434   5.170   0.519  -0.525   0.000 01O000M000t
00596 GLU01A0289_002 f 0.00  0.000     0  0.00  0  0  -2.580  -0.434   2.450   0.297   0.802   0.000 01O000M000t
00597 GLU02A0289_003 f 0.00  0.000     0  0.00  0  0  -2.379  -0.427   5.170   0.464   0.658   0.000 02O000M000t
00598 GLU02A0289_004 f 0.00  0.000     0  0.00  0  0  -2.379  -0.427   2.450   0.255   0.731   0.000 02O000M000t
00599 GLU-1A0289_005 f 0.00 -1.000     0  4.75  0 -1  -2.500  -0.379   2.450  -1.228   1.131   0.000 -1O000M000t
00600 ARG01A0290_001 f 0.00  0.000     0  0.00  0  0 -13.557  35.824   5.689   0.097  -0.107   0.000 01O000M000t
00601 ARG02A0290_002 f 0.00  0.000     0  0.00  0  0 -13.594  35.805   5.689   0.017   0.875   0.000 02O000M000t
00602 ARG03A0290_003 f 0.00  0.000     0  0.00  0  0 -13.577  35.803   5.689  -0.015   0.107   0.000 03O000M000t
00603 ARG+1A0290_004 f 0.00  1.000     0 12.50  0  1 -13.640  35.802   5.689  -0.209  -0.013   0.000 +1O000M000t
00604 MET01A0291_001 f 0.00  0.000     0  0.00  0  0  -0.544  -7.659   1.129   0.032   0.087   0.000 01O000M000t
00605 HIS01A0292_001 f 0.00  0.000     0  0.00  0  0  -6.933  -1.981   2.800   0.371   0.293   0.000 01O000M000t
00606 HIS01A0292_002 f 0.00  0.000     0  0.00  0  0  -7.292  -1.920   2.800   0.559   0.383   0.000 01R001M000t
00607 HIS02A0292_003 f 0.00  0.000     0  0.00  0  0  -6.953  -1.979   2.800   0.367   0.368   0.000 02O000M000t
00608 HIS02A0292_004 f 0.00  0.000     0  0.00  0  0  -7.298  -1.979   2.800   0.225   0.706   0.000 02R001M000t
00609 HIS+1A0292_005 f 0.00  1.000     0  6.98  0  1  -6.981  -1.993   2.800   0.610   0.130   0.000 +1O000M000t
00610 HIS+1A0292_006 f 0.00  1.000     0  6.98  0  1  -7.326  -1.983   2.800   0.526   0.347   0.000 +1R001M000t
00611 LEU01A0293_001 f 0.00  0.000     0  0.00  0  0   2.057  -1.267   0.772   0.000   0.000   0.000 01O000M000t
00612 PRO01A0294_001 f 0.00  0.000     0  0.00  0  0  -2.051 294.177   0.000   0.000   0.000   0.000 01O000M000t
00613 SER01A0295_001 f 0.00  0.000     0  0.00  0  0  -0.120 999.000   1.796  -1.214   1.077   0.000 01O000M000t
00614 SER01A0295_002 f 0.00  0.000     0  0.00  0  0  -0.120 999.000   1.421  -1.129   0.352   0.000 01O000M000t
00615 PRO01A0296_001 f 0.00  0.000     0  0.00  0  0  -4.069  57.581   0.000   0.000   0.000   0.000 01O000M000t
00616 THR01A0297_001 f 0.00  0.000     0  0.00  0  0  -4.998  68.154   0.382  -0.152  -0.066   0.000 01O000M000t
00617 ASP01A0298_001 f 0.00  0.000     0  0.00  0  0   1.000   6.932   6.178   0.101  -0.574   0.000 01O000M000t
00618 ASP01A0298_002 f 0.00  0.000     0  0.00  0  0   1.000   6.932   3.458   0.111   0.147   0.000 01O000M000t
00619 ASP02A0298_003 f 0.00  0.000     0  0.00  0  0   0.073   6.937   6.178   0.454   0.288   0.000 02O000M000t
00620 ASP02A0298_004 f 0.00  0.000     0  0.00  0  0   0.073   6.937   3.458   0.120   0.144   0.000 02O000M000t
00621 ASP-1A0298_005 f 0.00 -1.000     0  4.75  0 -1   0.242   6.974   3.458  -0.324   0.040   0.000 -1O000M000t
00622 SER01A0299_001 f 0.00  0.000     0  0.00  0  0  -0.432 426.378   0.760  -1.384   1.764   0.000 01O000M000t
00623 SER01A0299_002 f 0.00  0.000     0  0.00  0  0  -0.432 426.378   0.759   2.660   1.592   0.000 01O000M000t
00624 SER01A0299_003 f 0.00  0.000     0  0.00  0  0  -0.432 426.378   0.384  -2.455   1.844   0.000 01O000M000t
00625 ASN01A0300_001 f 0.00  0.000     0  0.00  0  0  -2.151 211.605   3.244   1.964   0.948   0.000 01O000M000t
00626 ASN01A0300_002 f 0.00  0.000     0  0.00  0  0  -2.073 120.340   3.001  -1.502   0.663   0.000 01R001M000t
00627 PHE01A0301_001 f 0.00  0.000     0  0.00  0  0 138.085 999.000   1.015   0.000   0.000   0.000 01O000M000t
00628 TYR01A0302_001 f 0.00  0.000     0  0.00  0  0 501.904   2.028   1.393   0.197   0.473   0.000 01O000M000t
00629 TYR01A0302_002 f 0.00  0.000     0  0.00  0  0 501.904   2.028   1.393  -0.074   0.473   0.000 01O000M000t
00630 TYR-1A0302_003 f 0.00 -1.000     0 10.20  0 -1 501.904   2.028   1.393  -0.783  -0.186   0.000 -1O000M000t
00631 ARG01A0303_001 f 0.00  0.000     0  0.00  0  0  -9.146  -2.633  22.032  -0.154   1.239   0.000 01O000M000t
00632 ARG02A0303_002 f 0.00  0.000     0  0.00  0  0  -9.175  -2.653  22.032   0.117   1.244   0.000 02O000M000t
00633 ARG03A0303_003 f 0.00  0.000     0  0.00  0  0  -9.195  -2.653  22.032   0.109   1.916   0.000 03O000M000t
00634 ARG+1A0303_004 f 0.00  1.000     0 12.50  0  1  -9.232  -2.655  22.032   0.315   2.209   0.000 +1O000M000t
00635 ALA01A0304_001 f 0.00  0.000     0  0.00  0  0  -2.025  -0.616   0.000   0.000   0.000   0.000 01O000M000t
00636 LEU01A0305_001 f 0.00  0.000     0  0.00  0  0   0.071  42.053   3.022   0.000   0.000   0.000 01O000M000t
00637 MET01A0306_001 f 0.00  0.000     0  0.00  0  0  -3.030 151.999   2.507   0.179   0.048   0.000 01O000M000t
00638 ASP01A0307_001 f 0.00  0.000     0  0.00  0  0  -2.688   0.827   5.165  -0.007  -0.587   0.000 01O000M000t
00639 ASP01A0307_002 f 0.00  0.000     0  0.00  0  0  -2.688   0.827   2.445   0.007   0.360   0.000 01O000M000t
00640 ASP02A0307_003 f 0.00  0.000     0  0.00  0  0  -2.781   0.953   5.165   0.676   0.512   0.000 02O000M000t
00641 ASP02A0307_004 f 0.00  0.000     0  0.00  0  0  -2.781   0.953   2.445   0.073   0.519   0.000 02O000M000t
00642 ASP-1A0307_005 f 0.00 -1.000     0  4.75  0 -1  -2.689   0.867   2.445  -0.379   0.216   0.000 -1O000M000t
00643 GLU01A0308_001 f 0.00  0.000     0  0.00  0  0  -1.371   4.317   5.010   0.283  -0.524   0.000 01O000M000t
00644 GLU01A0308_002 f 0.00  0.000     0  0.00  0  0  -1.371   4.317   2.290   0.191   0.347   0.000 01O000M000t
00645 GLU02A0308_003 f 0.00  0.000     0  0.00  0  0  -1.101   4.835   5.010  -0.791   0.896   0.000 02O000M000t
00646 GLU02A0308_004 f 0.00  0.000     0  0.00  0  0  -1.101   4.835   2.290   0.093   0.828   0.000 02O000M000t
00647 GLU-1A0308_005 f 0.00 -1.000     0  4.75  0 -1  -1.345   4.363   2.290   0.229   1.255   0.000 -1O000M000t
00648 GLU01A0309_001 f 0.00  0.000     0  0.00  0  0  -0.470   2.566   5.026  -0.225  -0.194   0.000 01O000M000t
00649 GLU01A0309_002 f 0.00  0.000     0  0.00  0  0  -0.470   2.566   2.306  -0.045   0.683   0.000 01O000M000t
00650 GLU02A0309_003 f 0.00  0.000     0  0.00  0  0  -0.142   2.531   5.026   0.761   0.152   0.000 02O000M000t
00651 GLU02A0309_004 f 0.00  0.000     0  0.00  0  0  -0.142   2.531   2.306   0.124   0.763   0.000 02O000M000t
00652 GLU-1A0309_005 f 0.00 -1.000     0  4.75  0 -1  -0.457   2.528   2.306  -0.392   1.046   0.000 -1O000M000t
00653 ASP01A0310_001 f 0.00  0.000     0  0.00  0  0  -2.978 258.665   3.313  -0.008  -0.352   0.000 01O000M000t
00654 ASP01A0310_002 f 0.00  0.000     0  0.00  0  0  -2.978 258.665   0.593  -0.010   0.548   0.000 01O000M000t
00655 ASP02A0310_003 f 0.00  0.000     0  0.00  0  0  -3.048 318.811   3.313   0.216   0.764   0.000 02O000M000t
00656 ASP02A0310_004 f 0.00  0.000     0  0.00  0  0  -3.048 318.811   0.593   0.289   0.680   0.000 02O000M000t
00657 ASP-1A0310_005 f 0.00 -1.000     0  4.75  0 -1  -2.914 258.693   0.593  -1.240   1.104   0.000 -1O000M000t
00658 MET01A0311_001 f 0.00  0.000     0  0.00  0  0  -2.592  48.790   4.486  -0.049   0.049   0.000 01O000M000t
00659 ASP01A0312_001 f 0.00  0.000     0  0.00  0  0  -3.205  -0.196   3.995   0.310  -0.862   0.000 01O000M000t
00660 ASP01A0312_002 f 0.00  0.000     0  0.00  0  0  -3.205  -0.196   1.275   0.249   0.298   0.000 01O000M000t
00661 ASP02A0312_003 f 0.00  0.000     0  0.00  0  0  -3.296   0.083   3.995   0.579  -0.258   0.000 02O000M000t
00662 ASP02A0312_004 f 0.00  0.000     0  0.00  0  0  -3.296   0.083   1.275   0.264   0.650   0.000 02O000M000t
00663 ASP-1A0312_005 f 0.00 -1.000     0  4.75  0 -1  -3.238  -0.166   1.275  -0.461   0.044   0.000 -1O000M000t
00664 ASP01A0313_001 f 0.00  0.000     0  0.00  0  0  -1.578  -2.013   2.857   0.334   0.020   0.000 01O000M000t
00665 ASP01A0313_002 f 0.00  0.000     0  0.00  0  0  -1.578  -2.013   0.137   0.131   0.649   0.000 01O000M000t
00666 ASP02A0313_003 f 0.00  0.000     0  0.00  0  0  -1.511  -2.323   2.857   0.451   0.049   0.000 02O000M000t
00667 ASP02A0313_004 f 0.00  0.000     0  0.00  0  0  -1.511  -2.323   0.137   0.261   0.661   0.000 02O000M000t
00668 ASP-1A0313_005 f 0.00 -1.000     0  4.75  0 -1  -1.529  -2.245   0.137  -0.583   1.148   0.000 -1O000M000t
00669 VAL01A0314_001 f 0.00  0.000     0  0.00  0  0  -0.564   0.068   0.137   0.000   0.000   0.000 01O000M000t
00670 VAL01A0315_001 f 0.00  0.000     0  0.00  0  0  -1.423  -1.383   0.174   0.000   0.000   0.000 01O000M000t
00671 ASP01A0316_001 f 0.00  0.000     0  0.00  0  0  -0.314  -2.809   3.694  -1.698   1.096   0.000 01O000M000t
00672 ASP01A0316_002 f 0.00  0.000     0  0.00  0  0  -0.314  -2.809   0.974  -1.311   2.599   0.000 01O000M000t
00673 ASP02A0316_003 f 0.00  0.000     0  0.00  0  0  -0.310  -2.387   3.694   3.310   1.816   0.000 02O000M000t
00674 ASP02A0316_004 f 0.00  0.000     0  0.00  0  0  -0.310  -2.387   0.974   0.521   2.298   0.000 02O000M000t
00675 ASP-1A0316_005 f 0.00 -1.000     0  4.75  0 -1  -0.362  -2.750   0.974  -5.933   6.865   0.000 -1O000M000t
00676 ALA01A0317_001 f 0.00  0.000     0  0.00  0  0   0.000  -1.144   0.000   0.000   0.000   0.000 01O000M000t
00677 ASP01A0318_001 f 0.00  0.000     0  0.00  0  0  -0.330  -0.805   3.323   0.392   1.405   0.000 01O000M000t
00678 ASP01A0318_002 f 0.00  0.000     0  0.00  0  0  -0.330  -0.805   0.603   0.223   2.429   0.000 01O000M000t
00679 ASP02A0318_003 f 0.00  0.000     0  0.00  0  0  -0.262  -1.090   3.323   0.781   1.620   0.000 02O000M000t
00680 ASP02A0318_004 f 0.00  0.000     0  0.00  0  0  -0.262  -1.090   0.603   0.477   2.517   0.000 02O000M000t
00681 ASP-1A0318_005 f 0.00 -1.000     0  4.75  0 -1  -0.332  -1.040   0.603  -1.959   7.291   0.000 -1O000M000t
00682 GLU01A0319_001 f 0.00  0.000     0  0.00  0  0  -1.936  -2.636   4.823  -0.311  -0.015   0.000 01O000M000t
00683 GLU01A0319_002 f 0.00  0.000     0  0.00  0  0  -1.936  -2.636   2.103  -0.162   1.146   0.000 01O000M000t
00684 GLU02A0319_003 f 0.00  0.000     0  0.00  0  0  -1.855  -2.663   4.823   0.344  -0.202   0.000 02O000M000t
00685 GLU02A0319_004 f 0.00  0.000     0  0.00  0  0  -1.855  -2.663   2.103   0.230   0.977   0.000 02O000M000t
00686 GLU-1A0319_005 f 0.00 -1.000     0  4.75  0 -1  -1.958  -2.577   2.103  -1.119   2.350   0.000 -1O000M000t
00687 TYR01A0320_001 f 0.00  0.000     0  0.00  0  0   3.981  -2.945   0.020  -0.091   2.218   0.000 01O000M000t
00688 TYR01A0320_002 f 0.00  0.000     0  0.00  0  0   3.981  -2.945   0.020  -0.041   2.251   0.000 01O000M000t
00689 TYR-1A0320_003 f 0.00 -1.000     0 10.20  0 -1   3.981  -2.945   0.020  -0.432   8.580   0.000 -1O000M000t
00690 LEU01A0321_001 f 0.00  0.000     0  0.00  0  0  -5.389  -2.486   1.640   0.000   0.000   0.000 01O000M000t
00691 ILE01A0322_001 f 0.00  0.000     0  0.00  0  0  -5.153  -0.951   0.767   0.000   0.000   0.000 01O000M000t
00692 IRE01B0001_001 f 0.00 -0.454     0  0.00  0  0   0.000  39.961   0.000  -3.148   3.428   0.212 01O000M000t
00693 IRE01B0001_002 f 0.00 -0.454     0  0.00  0  0   0.000  39.977   0.000  -3.212   3.893   0.212 01O000M000t
00694 IRE+1B0001_003 f 0.00  0.582     0  0.00  0  0   0.000  39.937   0.000  -3.034   3.881   0.717 +1O000M000t
00695 IRE+1B0001_004 f 0.00  0.582     0  0.00  0  0   0.000  39.953   0.000  -3.082   4.232   0.717 +1O000M000t
00696 IRE+2B0001_005 f 0.00  0.995     0  0.00  0  0   0.000 221.461   0.000   2.924   8.049   3.728 +2O000M000t
00697 IRE+2B0001_006 f 0.00  0.995     0  0.00  0  0   0.000  55.962   0.000   3.048   7.971   3.728 +2O000M000t
00698 IRE+2B0001_007 f 0.00  0.995     0  0.00  0  0   0.000 221.477   0.000   2.805   7.594   3.728 +2O000M000t
00699 IRE+2B0001_008 f 0.00  0.995     0  0.00  0  0   0.000  55.978   0.000   3.017   7.691   3.728 +2O000M000t
00700 IRE+3B0001_009 f 0.00  0.529     0  0.00  0  0   0.000  44.752   0.000   1.787   4.460   4.395 +3O000M000t
00701 IRE+3B0001_010 f 0.00  0.529     0  0.00  0  0   0.000  40.171   0.000   1.747   4.295   4.395 +3O000M000t
00702 IRE+3B0001_011 f 0.00  0.529     0  0.00  0  0   0.000  44.768   0.000   1.725   4.527   4.395 +3O000M000t
00703 IRE+3B0001_012 f 0.00  0.529     0  0.00  0  0   0.000  40.186   0.000   1.686   4.443   4.395 +3O000M000t
00704 IRE+aB0001_013 f 0.00  1.995     0  0.00  0  0   0.000 999.000   0.000  -1.508  10.268   4.412 +aO000M000t
00705 IRE+aB0001_014 f 0.00  1.995     0  0.00  0  0   0.000 999.000   0.000  -1.573  10.152   4.412 +aO000M000t
00706 IREDMB0001_015 t 0.00  0.000     0  0.00  0  0   0.000   0.000   0.000   0.000   0.000   0.000         DMt
