NTR A0001_ R t 06 S f  0.0 H t 72 M 000
ASP A0001_ R t 06 S f  0.0 H t 72 M 000
LYS A0002_ R t 06 S f  0.0 H t 72 M 000
TRP A0003_ R t 06 S f  0.0 H t 72 M 000
GLU A0004_ R t 06 S f  0.0 H t 72 M 000
MET A0005_ R t 06 S f  0.0 H t 72 M 000
GLU A0006_ R t 06 S f  0.0 H t 72 M 000
ARG A0007_ R t 06 S f  0.0 H t 72 M 000
THR A0008_ R t 06 S f  0.0 H t 72 M 000
ASP A0009_ R t 06 S f  0.0 H t 72 M 000
ILE A0010_ R t 06 S f  0.0 H t 72 M 000
THR A0011_ R t 06 S f  0.0 H t 72 M 000
MET A0012_ R t 06 S f  0.0 H t 72 M 000
LYS A0013_ R t 06 S f  0.0 H t 72 M 000
HIS A0014_ R t 06 S f  0.0 H t 72 M 000
LYS A0015_ R t 06 S f  0.0 H t 72 M 000
LEU A0016_ R t 06 S f  0.0 H t 72 M 000
GLY A0017_ R t 06 S f  0.0 H t 72 M 000
GLY A0018_ R t 06 S f  0.0 H t 72 M 000
GLY A0019_ R t 06 S f  0.0 H t 72 M 000
GLN A0020_ R t 06 S f  0.0 H t 72 M 000
TYR A0021_ R t 06 S f  0.0 H t 72 M 000
GLY A0022_ R t 06 S f  0.0 H t 72 M 000
GLU A0023_ R t 06 S f  0.0 H t 72 M 000
VAL A0024_ R t 06 S f  0.0 H t 72 M 000
TYR A0025_ R t 06 S f  0.0 H t 72 M 000
GLU A0026_ R t 06 S f  0.0 H t 72 M 000
GLY A0027_ R t 06 S f  0.0 H t 72 M 000
VAL A0028_ R t 06 S f  0.0 H t 72 M 000
TRP A0029_ R t 06 S f  0.0 H t 72 M 000
LYS A0030_ R t 06 S f  0.0 H t 72 M 000
LYS A0031_ R t 06 S f  0.0 H t 72 M 000
TYR A0032_ R t 06 S f  0.0 H t 72 M 000
SER A0033_ R t 06 S f  0.0 H t 72 M 000
LEU A0034_ R t 06 S f  0.0 H t 72 M 000
THR A0035_ R t 06 S f  0.0 H t 72 M 000
VAL A0036_ R t 06 S f  0.0 H t 72 M 000
ALA A0037_ R t 06 S f  0.0 H t 72 M 000
VAL A0038_ R t 06 S f  0.0 H t 72 M 000
LYS A0039_ R t 06 S f  0.0 H t 72 M 000
THR A0040_ R t 06 S f  0.0 H t 72 M 000
LEU A0041_ R t 06 S f  0.0 H t 72 M 000
LYS A0042_ R t 06 S f  0.0 H t 72 M 000
GLU A0043_ R t 06 S f  0.0 H t 72 M 000
ASP A0044_ R t 06 S f  0.0 H t 72 M 000
THR A0045_ R t 06 S f  0.0 H t 72 M 000
MET A0046_ R t 06 S f  0.0 H t 72 M 000
GLU A0047_ R t 06 S f  0.0 H t 72 M 000
VAL A0048_ R t 06 S f  0.0 H t 72 M 000
GLU A0049_ R t 06 S f  0.0 H t 72 M 000
GLU A0050_ R t 06 S f  0.0 H t 72 M 000
PHE A0051_ R t 06 S f  0.0 H t 72 M 000
LEU A0052_ R t 06 S f  0.0 H t 72 M 000
LYS A0053_ R t 06 S f  0.0 H t 72 M 000
GLU A0054_ R t 06 S f  0.0 H t 72 M 000
ALA A0055_ R t 06 S f  0.0 H t 72 M 000
ALA A0056_ R t 06 S f  0.0 H t 72 M 000
VAL A0057_ R t 06 S f  0.0 H t 72 M 000
MET A0058_ R t 06 S f  0.0 H t 72 M 000
LYS A0059_ R t 06 S f  0.0 H t 72 M 000
GLU A0060_ R t 06 S f  0.0 H t 72 M 000
ILE A0061_ R t 06 S f  0.0 H t 72 M 000
LYS A0062_ R t 06 S f  0.0 H t 72 M 000
HIS A0063_ R t 06 S f  0.0 H t 72 M 000
PRO A0064_ R t 06 S f  0.0 H t 72 M 000
ASN A0065_ R t 06 S f  0.0 H t 72 M 000
LEU A0066_ R t 06 S f  0.0 H t 72 M 000
VAL A0067_ R t 06 S f  0.0 H t 72 M 000
GLN A0068_ R t 06 S f  0.0 H t 72 M 000
LEU A0069_ R t 06 S f  0.0 H t 72 M 000
LEU A0070_ R t 06 S f  0.0 H t 72 M 000
GLY A0071_ R t 06 S f  0.0 H t 72 M 000
VAL A0072_ R t 06 S f  0.0 H t 72 M 000
CYS A0073_ R t 06 S f  0.0 H t 72 M 000
THR A0074_ R t 06 S f  0.0 H t 72 M 000
ARG A0075_ R t 06 S f  0.0 H t 72 M 000
GLU A0076_ R t 06 S f  0.0 H t 72 M 000
PRO A0077_ R t 06 S f  0.0 H t 72 M 000
PRO A0078_ R t 06 S f  0.0 H t 72 M 000
PHE A0079_ R t 06 S f  0.0 H t 72 M 000
TYR A0080_ R t 06 S f  0.0 H t 72 M 000
ILE A0081_ R t 06 S f  0.0 H t 72 M 000
ILE A0082_ R t 06 S f  0.0 H t 72 M 000
THR A0083_ R t 06 S f  0.0 H t 72 M 000
GLU A0084_ R t 06 S f  0.0 H t 72 M 000
PHE A0085_ R t 06 S f  0.0 H t 72 M 000
MET A0086_ R t 06 S f  0.0 H t 72 M 000
THR A0087_ R t 06 S f  0.0 H t 72 M 000
TYR A0088_ R t 06 S f  0.0 H t 72 M 000
GLY A0089_ R t 06 S f  0.0 H t 72 M 000
ASN A0090_ R t 06 S f  0.0 H t 72 M 000
LEU A0091_ R t 06 S f  0.0 H t 72 M 000
LEU A0092_ R t 06 S f  0.0 H t 72 M 000
ASP A0093_ R t 06 S f  0.0 H t 72 M 000
TYR A0094_ R t 06 S f  0.0 H t 72 M 000
LEU A0095_ R t 06 S f  0.0 H t 72 M 000
ARG A0096_ R t 06 S f  0.0 H t 72 M 000
GLU A0097_ R t 06 S f  0.0 H t 72 M 000
CYS A0098_ R t 06 S f  0.0 H t 72 M 000
ASN A0099_ R t 06 S f  0.0 H t 72 M 000
ARG A0100_ R t 06 S f  0.0 H t 72 M 000
GLN A0101_ R t 06 S f  0.0 H t 72 M 000
GLU A0102_ R t 06 S f  0.0 H t 72 M 000
VAL A0103_ R t 06 S f  0.0 H t 72 M 000
ASN A0104_ R t 06 S f  0.0 H t 72 M 000
ALA A0105_ R t 06 S f  0.0 H t 72 M 000
VAL A0106_ R t 06 S f  0.0 H t 72 M 000
VAL A0107_ R t 06 S f  0.0 H t 72 M 000
LEU A0108_ R t 06 S f  0.0 H t 72 M 000
LEU A0109_ R t 06 S f  0.0 H t 72 M 000
TYR A0110_ R t 06 S f  0.0 H t 72 M 000
MET A0111_ R t 06 S f  0.0 H t 72 M 000
ALA A0112_ R t 06 S f  0.0 H t 72 M 000
THR A0113_ R t 06 S f  0.0 H t 72 M 000
GLN A0114_ R t 06 S f  0.0 H t 72 M 000
ILE A0115_ R t 06 S f  0.0 H t 72 M 000
SER A0116_ R t 06 S f  0.0 H t 72 M 000
SER A0117_ R t 06 S f  0.0 H t 72 M 000
ALA A0118_ R t 06 S f  0.0 H t 72 M 000
MET A0119_ R t 06 S f  0.0 H t 72 M 000
GLU A0120_ R t 06 S f  0.0 H t 72 M 000
TYR A0121_ R t 06 S f  0.0 H t 72 M 000
LEU A0122_ R t 06 S f  0.0 H t 72 M 000
GLU A0123_ R t 06 S f  0.0 H t 72 M 000
LYS A0124_ R t 06 S f  0.0 H t 72 M 000
LYS A0125_ R t 06 S f  0.0 H t 72 M 000
ASN A0126_ R t 06 S f  0.0 H t 72 M 000
PHE A0127_ R t 06 S f  0.0 H t 72 M 000
ILE A0128_ R t 06 S f  0.0 H t 72 M 000
HIS A0129_ R t 06 S f  0.0 H t 72 M 000
ARG A0130_ R t 06 S f  0.0 H t 72 M 000
ASP A0131_ R t 06 S f  0.0 H t 72 M 000
LEU A0132_ R t 06 S f  0.0 H t 72 M 000
ALA A0133_ R t 06 S f  0.0 H t 72 M 000
ALA A0134_ R t 06 S f  0.0 H t 72 M 000
ARG A0135_ R t 06 S f  0.0 H t 72 M 000
ASN A0136_ R t 06 S f  0.0 H t 72 M 000
CYS A0137_ R t 06 S f  0.0 H t 72 M 000
LEU A0138_ R t 06 S f  0.0 H t 72 M 000
VAL A0139_ R t 06 S f  0.0 H t 72 M 000
GLY A0140_ R t 06 S f  0.0 H t 72 M 000
GLU A0141_ R t 06 S f  0.0 H t 72 M 000
ASN A0142_ R t 06 S f  0.0 H t 72 M 000
HIS A0143_ R t 06 S f  0.0 H t 72 M 000
LEU A0144_ R t 06 S f  0.0 H t 72 M 000
VAL A0145_ R t 06 S f  0.0 H t 72 M 000
LYS A0146_ R t 06 S f  0.0 H t 72 M 000
VAL A0147_ R t 06 S f  0.0 H t 72 M 000
ALA A0148_ R t 06 S f  0.0 H t 72 M 000
ASP A0149_ R t 06 S f  0.0 H t 72 M 000
PHE A0150_ R t 06 S f  0.0 H t 72 M 000
GLY A0151_ R t 06 S f  0.0 H t 72 M 000
LEU A0152_ R t 06 S f  0.0 H t 72 M 000
SER A0153_ R t 06 S f  0.0 H t 72 M 000
ARG A0154_ R t 06 S f  0.0 H t 72 M 000
LEU A0155_ R t 06 S f  0.0 H t 72 M 000
MET A0156_ R t 06 S f  0.0 H t 72 M 000
THR A0157_ R t 06 S f  0.0 H t 72 M 000
GLY A0158_ R t 06 S f  0.0 H t 72 M 000
ASP A0159_ R t 06 S f  0.0 H t 72 M 000
THR A0160_ R t 06 S f  0.0 H t 72 M 000
TYR A0161_ R t 06 S f  0.0 H t 72 M 000
THR A0162_ R t 06 S f  0.0 H t 72 M 000
ALA A0163_ R t 06 S f  0.0 H t 72 M 000
HIS A0164_ R t 06 S f  0.0 H t 72 M 000
ALA A0165_ R t 06 S f  0.0 H t 72 M 000
GLY A0166_ R t 06 S f  0.0 H t 72 M 000
ALA A0167_ R t 06 S f  0.0 H t 72 M 000
LYS A0168_ R t 06 S f  0.0 H t 72 M 000
PHE A0169_ R t 06 S f  0.0 H t 72 M 000
PRO A0170_ R t 06 S f  0.0 H t 72 M 000
ILE A0171_ R t 06 S f  0.0 H t 72 M 000
LYS A0172_ R t 06 S f  0.0 H t 72 M 000
TRP A0173_ R t 06 S f  0.0 H t 72 M 000
THR A0174_ R t 06 S f  0.0 H t 72 M 000
ALA A0175_ R t 06 S f  0.0 H t 72 M 000
PRO A0176_ R t 06 S f  0.0 H t 72 M 000
GLU A0177_ R t 06 S f  0.0 H t 72 M 000
SER A0178_ R t 06 S f  0.0 H t 72 M 000
LEU A0179_ R t 06 S f  0.0 H t 72 M 000
ALA A0180_ R t 06 S f  0.0 H t 72 M 000
TYR A0181_ R t 06 S f  0.0 H t 72 M 000
ASN A0182_ R t 06 S f  0.0 H t 72 M 000
LYS A0183_ R t 06 S f  0.0 H t 72 M 000
PHE A0184_ R t 06 S f  0.0 H t 72 M 000
SER A0185_ R t 06 S f  0.0 H t 72 M 000
ILE A0186_ R t 06 S f  0.0 H t 72 M 000
LYS A0187_ R t 06 S f  0.0 H t 72 M 000
SER A0188_ R t 06 S f  0.0 H t 72 M 000
ASP A0189_ R t 06 S f  0.0 H t 72 M 000
VAL A0190_ R t 06 S f  0.0 H t 72 M 000
TRP A0191_ R t 06 S f  0.0 H t 72 M 000
ALA A0192_ R t 06 S f  0.0 H t 72 M 000
PHE A0193_ R t 06 S f  0.0 H t 72 M 000
GLY A0194_ R t 06 S f  0.0 H t 72 M 000
VAL A0195_ R t 06 S f  0.0 H t 72 M 000
LEU A0196_ R t 06 S f  0.0 H t 72 M 000
LEU A0197_ R t 06 S f  0.0 H t 72 M 000
TRP A0198_ R t 06 S f  0.0 H t 72 M 000
GLU A0199_ R t 06 S f  0.0 H t 72 M 000
ILE A0200_ R t 06 S f  0.0 H t 72 M 000
ALA A0201_ R t 06 S f  0.0 H t 72 M 000
THR A0202_ R t 06 S f  0.0 H t 72 M 000
TYR A0203_ R t 06 S f  0.0 H t 72 M 000
GLY A0204_ R t 06 S f  0.0 H t 72 M 000
MET A0205_ R t 06 S f  0.0 H t 72 M 000
SER A0206_ R t 06 S f  0.0 H t 72 M 000
PRO A0207_ R t 06 S f  0.0 H t 72 M 000
TYR A0208_ R t 06 S f  0.0 H t 72 M 000
PRO A0209_ R t 06 S f  0.0 H t 72 M 000
GLY A0210_ R t 06 S f  0.0 H t 72 M 000
ILE A0211_ R t 06 S f  0.0 H t 72 M 000
ASP A0212_ R t 06 S f  0.0 H t 72 M 000
LEU A0213_ R t 06 S f  0.0 H t 72 M 000
SER A0214_ R t 06 S f  0.0 H t 72 M 000
GLN A0215_ R t 06 S f  0.0 H t 72 M 000
VAL A0216_ R t 06 S f  0.0 H t 72 M 000
TYR A0217_ R t 06 S f  0.0 H t 72 M 000
GLU A0218_ R t 06 S f  0.0 H t 72 M 000
LEU A0219_ R t 06 S f  0.0 H t 72 M 000
LEU A0220_ R t 06 S f  0.0 H t 72 M 000
GLU A0221_ R t 06 S f  0.0 H t 72 M 000
LYS A0222_ R t 06 S f  0.0 H t 72 M 000
ASP A0223_ R t 06 S f  0.0 H t 72 M 000
TYR A0224_ R t 06 S f  0.0 H t 72 M 000
ARG A0225_ R t 06 S f  0.0 H t 72 M 000
MET A0226_ R t 06 S f  0.0 H t 72 M 000
GLU A0227_ R t 06 S f  0.0 H t 72 M 000
ARG A0228_ R t 06 S f  0.0 H t 72 M 000
PRO A0229_ R t 06 S f  0.0 H t 72 M 000
GLU A0230_ R t 06 S f  0.0 H t 72 M 000
GLY A0231_ R t 06 S f  0.0 H t 72 M 000
CYS A0232_ R t 06 S f  0.0 H t 72 M 000
PRO A0233_ R t 06 S f  0.0 H t 72 M 000
GLU A0234_ R t 06 S f  0.0 H t 72 M 000
LYS A0235_ R t 06 S f  0.0 H t 72 M 000
VAL A0236_ R t 06 S f  0.0 H t 72 M 000
TYR A0237_ R t 06 S f  0.0 H t 72 M 000
GLU A0238_ R t 06 S f  0.0 H t 72 M 000
LEU A0239_ R t 06 S f  0.0 H t 72 M 000
MET A0240_ R t 06 S f  0.0 H t 72 M 000
ARG A0241_ R t 06 S f  0.0 H t 72 M 000
ALA A0242_ R t 06 S f  0.0 H t 72 M 000
CYS A0243_ R t 06 S f  0.0 H t 72 M 000
TRP A0244_ R t 06 S f  0.0 H t 72 M 000
GLN A0245_ R t 06 S f  0.0 H t 72 M 000
TRP A0246_ R t 06 S f  0.0 H t 72 M 000
ASN A0247_ R t 06 S f  0.0 H t 72 M 000
PRO A0248_ R t 06 S f  0.0 H t 72 M 000
SER A0249_ R t 06 S f  0.0 H t 72 M 000
ASP A0250_ R t 06 S f  0.0 H t 72 M 000
ARG A0251_ R t 06 S f  0.0 H t 72 M 000
PRO A0252_ R t 06 S f  0.0 H t 72 M 000
SER A0253_ R t 06 S f  0.0 H t 72 M 000
PHE A0254_ R t 06 S f  0.0 H t 72 M 000
ALA A0255_ R t 06 S f  0.0 H t 72 M 000
GLU A0256_ R t 06 S f  0.0 H t 72 M 000
ILE A0257_ R t 06 S f  0.0 H t 72 M 000
HIS A0258_ R t 06 S f  0.0 H t 72 M 000
GLN A0259_ R t 06 S f  0.0 H t 72 M 000
ALA A0260_ R t 06 S f  0.0 H t 72 M 000
PHE A0261_ R t 06 S f  0.0 H t 72 M 000
GLU A0262_ R t 06 S f  0.0 H t 72 M 000
THR A0263_ R t 06 S f  0.0 H t 72 M 000
MET A0264_ R t 06 S f  0.0 H t 72 M 000
PHE A0265_ R t 06 S f  0.0 H t 72 M 000
GLN A0266_ R t 06 S f  0.0 H t 72 M 000
GLU A0267_ R t 06 S f  0.0 H t 72 M 000
SER A0268_ R t 06 S f  0.0 H t 72 M 000
SER A0269_ R t 06 S f  0.0 H t 72 M 000
ILE A0270_ R t 06 S f  0.0 H t 72 M 000
CTR A0270_ R t 06 S f  0.0 H t 72 M 000
DB8 B0001_ R t 06 S f  0.0 H t 72 M 000
