  pH           7
HIS+A0002_  0.11
CYS-A0003_ -0.00
GLU-A0004_ -1.00
ARG+A0005_  1.00
TYR-A0008_ -0.00
ASP-A0009_ -1.00
LYS+A0012_  1.00
GLU-A0014_ -1.00
ARG+A0017_  1.00
ASP-A0018_ -1.00
ARG+A0019_  1.00
LYS+A0021_  1.00
LYS+A0024_  1.00
ARG+A0028_  1.00
GLU-A0036_ -1.00
ASP-A0038_ -1.00
ASP-A0043_ -1.00
LYS+A0044_  1.00
CYS-A0048_ -0.05
ARG+A0049_  1.00
LYS+A0054_  1.00
LYS+A0057_  1.00
GLU-A0058_ -1.00
HIS+A0062_  0.03
GLU-A0064_ -1.00
HIS+A0065_  0.02
ARG+A0066_  1.00
GLU-A0071_ -1.00
LYS+A0073_  1.00
HIS+A0077_  0.03
HIS+A0080_  0.17
HIS+A0081_  0.00
CYS-A0091_ -0.00
LYS+A0093_  1.00
GLU-A0103_ -1.00
CYS-A0105_ -0.00
LYS+A0106_  1.00
TYR-A0113_ -0.00
ARG+A0115_  1.00
LYS+A0117_  1.00
ARG+A0118_  1.00
GLU-A0120_ -1.00
TYR-A0124_ -0.00
LYS+A0125_  1.00
GLU-A0129_ -0.99
ASP-A0130_ -1.00
TYR-A0132_ -0.00
LYS+A0133_  1.00
ASP-A0134_ -1.00
GLU-A0139_ -0.99
HIS+A0140_  0.00
CYS-A0143_ -0.00
TYR-A0144_ -0.00
LYS+A0150_  1.00
GLU-A0153_ -0.99
ARG+A0158_  1.00
LYS+A0159_  1.00
CYS-A0160_ -0.00
HIS+A0162_  0.00
ARG+A0163_  1.00
ASP-A0164_ -0.95
ARG+A0168_  1.00
GLU-A0174_ -1.00
LYS+A0175_  1.00
LYS+A0179_  1.00
CYS-A0181_ -0.00
ASP-A0182_ -1.00
ARG+A0187_  1.00
ASP-A0188_ -1.00
TYR-A0190_ -0.11
LYS+A0191_  1.00
ASP-A0192_ -1.00
ASP-A0194_ -1.00
TYR-A0195_ -0.00
ARG+A0197_  1.00
LYS+A0198_  0.99
ASP-A0200_ -1.00
ARG+A0202_  1.00
LYS+A0206_  0.99
GLU-A0211_ -1.00
ASP-A0215_ -1.00
ARG+A0216_  1.00
TYR-A0218_ -0.00
ASP-A0223_ -1.00
GLU-A0233_ -0.99
TYR-A0242_ -0.00
LYS+A0246_  1.00
ASP-A0248_ -1.00
GLU-A0249_ -1.00
GLU-A0250_ -1.00
CYS-A0252_ -0.00
ARG+A0253_  1.00
ARG+A0254_  1.00
LYS+A0256_  1.00
GLU-A0257_ -1.00
ARG+A0260_  1.00
ARG+A0262_  1.00
ASP-A0265_ -1.00
TYR-A0266_ -0.00
GLU-A0270_ -1.00
TYR-A0272_ -0.00
ASP-A0277_ -0.99
CYS-A0278_ -0.00
HIS+A0280_  0.00
GLU-A0282_ -0.99
ARG+A0286_  1.00
GLU-A0291_ -1.00
GLU-A0294_ -1.00
HIS+A0295_  0.44
AXI+B0001_  0.00
----------
Net_Charge  3.72
Protons     3.72
Electrons   0.00
