 ph         7.4
GLU A0005 -1.00
LYS A0007  1.00
ASP A0008 -1.00
ASP A0009 -1.00
ASP A0010 -1.00
GLU A0012 -1.00
LYS A0013  1.00
GLU A0016 -1.00
LYS A0027  1.00
HIS A0030  0.00
LYS A0031  1.00
ARG A0039  1.00
LYS A0040  1.00
HIS A0043  0.00
GLU A0045 -1.00
LYS A0047  1.00
ARG A0051  0.97
ARG A0056  1.00
GLU A0057 -1.00
HIS A0062  0.65
GLU A0063 -1.00
CYS A0064  0.00
TYR A0068 -0.00
TYR A0073 -0.00
TYR A0077 -0.01
ASP A0079 -1.00
GLU A0081 -0.94
CYS A0085  0.00
GLU A0087 -1.00
HIS A0088  0.01
ASP A0090 -1.00
ASP A0095 -1.00
LYS A0099  1.00
LYS A0100  1.00
ARG A0103  1.00
GLU A0106 -1.00
LYS A0111  1.00
LYS A0118  1.00
TYR A0122 -0.00
ARG A0124  1.00
GLU A0125 -1.00
LYS A0126  1.00
HIS A0127  0.01
LYS A0128  1.00
HIS A0131  0.00
ARG A0132  1.00
ASP A0133 -1.00
LYS A0135  0.81
ARG A0144  1.00
GLU A0146 -1.00
LYS A0148  1.00
CYS A0150  0.00
ASP A0151 -1.00
ASP A0160 -1.00
GLU A0161 -0.98
GLU A0165 -1.00
ARG A0170  0.00
TYR A0172  0.00
GLU A0176 -1.00
ARG A0177  1.00
HIS A0182  0.29
TYR A0183  0.00
ASP A0188 -1.00
GLU A0198 -0.95
ARG A0203  1.00
TYR A0204  0.00
ARG A0206  1.00
GLU A0213 -1.00
ASP A0216 -1.00
TYR A0217  0.00
GLU A0221 -1.00
LYS A0225  1.00
GLU A0234 -1.00
ASP A0237 -1.00
LYS A0241  1.00
CYS A0242  0.00
LYS A0245  0.91
GLU A0249 -1.00
ARG A0250  1.00
ASP A0252 -1.00
LYS A0254  1.00
HIS A0259  0.00
LYS A0263  1.00
ARG A0264  1.00
ASP A0266 -1.00
GLU A0268 -0.58
GLU A0269 -1.00
ASP A0271 -1.00
CYS A0277 -0.00

Tot Protn  -3.8
Tot Elec    0.0
Net crg    -3.8
