iConf CONFORMER     FL  occ    crg   Em0  pKa0 ne nH    vdw0    vdw1    tors    epol   dsolv   extra    history
00001 MET01A0001_001 f 0.00  0.000     0  0.00  0  0  -5.337  -1.301   1.203   0.054   0.055   0.000 01O000M000t
00002 GLU01A0002_001 f 0.00  0.000     0  0.00  0  0  -2.832  -1.579   3.923   0.081  -0.729   0.000 01O000M000t
00003 GLU01A0002_002 f 0.00  0.000     0  0.00  0  0  -2.832  -1.579   1.203   0.083   0.467   0.000 01O000M000t
00004 GLU02A0002_003 f 0.00  0.000     0  0.00  0  0  -2.888  -1.594   3.923   0.186  -0.159   0.000 02O000M000t
00005 GLU02A0002_004 f 0.00  0.000     0  0.00  0  0  -2.888  -1.594   1.203   0.091   0.621   0.000 02O000M000t
00006 GLU-1A0002_005 f 0.00 -1.000     0  4.75  0 -1  -2.956  -1.559   1.203  -0.128  -0.080   0.000 -1O000M000t
00007 LEU01A0003_001 f 0.00  0.000     0  0.00  0  0   1.361  -4.240   1.471   0.000   0.000   0.000 01O000M000t
00008 LYS01A0004_001 f 0.00  0.000     0  0.00  0  0  -5.164  -2.754   1.761  -0.094  -0.081   0.000 01O000M000t
00009 LYS+1A0004_002 f 0.00  1.000     0 10.40  0  1  -5.212  -2.758   1.761   0.406   0.538   0.000 +1O000M000t
00010 ASP01A0005_001 f 0.00  0.000     0  0.00  0  0  -1.581  -1.976   3.702   1.045   1.181   0.000 01O000M000t
00011 ASP01A0005_002 f 0.00  0.000     0  0.00  0  0  -1.581  -1.976   0.982   0.384   0.700   0.000 01O000M000t
00012 ASP02A0005_003 f 0.00  0.000     0  0.00  0  0  -1.632  -1.924   3.702   0.763   0.189   0.000 02O000M000t
00013 ASP02A0005_004 f 0.00  0.000     0  0.00  0  0  -1.632  -1.924   0.982   0.300   0.990   0.000 02O000M000t
00014 ASP-1A0005_005 f 0.00 -1.000     0  4.75  0 -1  -1.652  -1.954   0.982  -1.212   1.837   0.000 -1O000M000t
00015 ASP01A0006_001 f 0.00  0.000     0  0.00  0  0  -2.218   1.224   3.593   3.042   0.389   0.000 01O000M000t
00016 ASP01A0006_002 f 0.00  0.000     0  0.00  0  0  -2.218   1.224   0.873   0.155   0.734   0.000 01O000M000t
00017 ASP02A0006_003 f 0.00  0.000     0  0.00  0  0  -2.138   0.528   3.593  -0.419  -0.124   0.000 02O000M000t
00018 ASP02A0006_004 f 0.00  0.000     0  0.00  0  0  -2.138   0.528   0.873  -0.312   1.312   0.000 02O000M000t
00019 ASP-1A0006_005 f 0.00 -1.000     0  4.75  0 -1  -2.191   0.574   0.873  -2.238   2.313   0.000 -1O000M000t
00020 ASP01A0007_001 f 0.00  0.000     0  0.00  0  0  -1.010   0.038   3.865   0.830   1.034   0.000 01O000M000t
00021 ASP01A0007_002 f 0.00  0.000     0  0.00  0  0  -1.010   0.038   1.145   0.279   0.977   0.000 01O000M000t
00022 ASP02A0007_003 f 0.00  0.000     0  0.00  0  0  -1.104   0.763   3.865   0.614   0.810   0.000 02O000M000t
00023 ASP02A0007_004 f 0.00  0.000     0  0.00  0  0  -1.104   0.763   1.145   0.253   1.047   0.000 02O000M000t
00024 ASP-1A0007_005 f 0.00 -1.000     0  4.75  0 -1  -1.032   0.104   1.145  -1.005   3.503   0.000 -1O000M000t
00025 PHE01A0008_001 f 0.00  0.000     0  0.00  0  0   4.474  -8.254   0.010   0.000   0.000   0.000 01O000M000t
00026 GLU01A0009_001 f 0.00  0.000     0  0.00  0  0  -2.088  -2.844   3.974   0.078  -0.275   0.000 01O000M000t
00027 GLU01A0009_002 f 0.00  0.000     0  0.00  0  0  -2.088  -2.844   1.254   0.064   0.662   0.000 01O000M000t
00028 GLU02A0009_003 f 0.00  0.000     0  0.00  0  0  -2.038  -2.867   3.974   0.047   0.399   0.000 02O000M000t
00029 GLU02A0009_004 f 0.00  0.000     0  0.00  0  0  -2.038  -2.867   1.254   0.054   0.581   0.000 02O000M000t
00030 GLU-1A0009_005 f 0.00 -1.000     0  4.75  0 -1  -2.090  -2.818   1.254   0.074   0.816   0.000 -1O000M000t
00031 LYS01A0010_001 f 0.00  0.000     0  0.00  0  0  -6.283  -2.062   1.261  -0.036   0.130   0.000 01O000M000t
00032 LYS+1A0010_002 f 0.00  1.000     0 10.40  0  1  -6.329  -2.064   1.261   0.290   0.467   0.000 +1O000M000t
00033 ILE01A0011_001 f 0.00  0.000     0  0.00  0  0  -1.510  -4.117   0.522   0.000   0.000   0.000 01O000M000t
00034 SER01A0012_001 f 0.00  0.000     0  0.00  0  0  -2.772  -1.298   0.425   0.092   1.439   0.000 01O000M000t
00035 SER01A0012_002 f 0.00  0.000     0  0.00  0  0  -2.772  -1.298   0.425   0.165   1.206   0.000 01O000M000t
00036 GLU01A0013_001 f 0.00  0.000     0  0.00  0  0  -1.039  -3.906   3.193   0.603   0.194   0.000 01O000M000t
00037 GLU01A0013_002 f 0.00  0.000     0  0.00  0  0  -1.039  -3.906   0.473   0.424   0.911   0.000 01O000M000t
00038 GLU02A0013_003 f 0.00  0.000     0  0.00  0  0  -1.392  -3.852   3.193  -0.875   1.060   0.000 02O000M000t
00039 GLU02A0013_004 f 0.00  0.000     0  0.00  0  0  -1.392  -3.852   0.473   0.298   0.878   0.000 02O000M000t
00040 GLU-1A0013_005 f 0.00 -1.000     0  4.75  0 -1  -1.307  -3.864   0.473   0.295   1.819   0.000 -1O000M000t
00041 LEU01A0014_001 f 0.00  0.000     0  0.00  0  0  -1.282  -5.863   0.584   0.000   0.000   0.000 01O000M000t
00042 ALA01A0016_001 f 0.00  0.000     0  0.00  0  0  -1.851  -1.000   0.000   0.000   0.000   0.000 01O000M000t
00043 ASN01A0018_001 f 0.00  0.000     0  0.00  0  0  -1.982  -0.325   2.034  -0.319   0.696   0.000 01O000M000t
00044 VAL01A0021_001 f 0.00  0.000     0  0.00  0  0  -2.033  -1.714   0.006   0.000   0.000   0.000 01O000M000t
00045 VAL01A0022_001 f 0.00  0.000     0  0.00  0  0  -1.151  -2.885   2.135   0.000   0.000   0.000 01O000M000t
00046 PHE01A0023_001 f 0.00  0.000     0  0.00  0  0   2.600  -6.688   0.022   0.000   0.000   0.000 01O000M000t
00047 LYS01A0024_001 f 0.00  0.000     0  0.00  0  0  -2.316  -3.949   0.875  -0.080   0.048   0.000 01O000M000t
00048 LYS+1A0024_002 f 0.00  1.000     0 10.40  0  1  -2.361  -3.953   0.875   0.206   0.715   0.000 +1O000M000t
00049 VAL01A0025_001 f 0.00  0.000     0  0.00  0  0   0.533  -5.174   0.018   0.000   0.000   0.000 01O000M000t
00050 SER01A0026_001 f 0.00  0.000     0  0.00  0  0  -1.127  -2.618   0.881   0.248   0.809   0.000 01O000M000t
00051 HIS01A0027_001 f 0.00  0.000     0  0.00  0  0  -0.170  -6.277   0.028  -0.244   3.198   0.000 01O000M000t
00052 HIS02A0027_002 f 0.00  0.000     0  0.00  0  0  -0.192  -6.322   0.028   0.428   3.060   0.000 02O000M000t
00053 HIS+1A0027_003 f 0.00  1.000     0  6.98  0  1  -0.217  -6.359   0.028   4.099   7.751   0.000 +1O000M000t
00054 LYS01A0028_001 f 0.00  0.000     0  0.00  0  0  -4.815  -5.677   1.873   0.084   0.190   0.000 01O000M000t
00055 LYS+1A0028_002 f 0.00  1.000     0 10.40  0  1  -4.861  -5.703   1.873  -0.440   0.733   0.000 +1O000M000t
00056 PRO01A0029_001 f 0.00  0.000     0  0.00  0  0  -1.532  -2.134   0.000   0.000   0.000   0.000 01O000M000t
00057 SER01A0030_001 f 0.00  0.000     0  0.00  0  0  -1.076  -1.269   0.378  -0.006   1.816   0.000 01O000M000t
00058 SER01A0030_002 f 0.00  0.000     0  0.00  0  0  -1.076  -1.269   0.378   3.244   1.746   0.000 01O000M000t
00059 SER01A0030_003 f 0.00  0.000     0  0.00  0  0  -1.076  -1.269   0.003  -1.910   1.238   0.000 01O000M000t
00060 LEU01A0032_001 f 0.00  0.000     0  0.00  0  0  -3.307  -2.401   0.408   0.000   0.000   0.000 01O000M000t
00061 VAL01A0033_001 f 0.00  0.000     0  0.00  0  0  -2.563  -2.066   0.212   0.000   0.000   0.000 01O000M000t
00062 MET01A0034_001 f 0.00  0.000     0  0.00  0  0   3.417  -5.562   0.840   0.061   0.069   0.000 01O000M000t
00063 ALA01A0035_001 f 0.00  0.000     0  0.00  0  0  -0.238  -1.964   0.000   0.000   0.000   0.000 01O000M000t
00064 ARG01A0036_001 f 0.00  0.000     0  0.00  0  0   1.231  -5.724   0.807  -0.210   3.351   0.000 01O000M000t
00065 ARG02A0036_002 f 0.00  0.000     0  0.00  0  0   1.194  -5.721   0.807   0.431   3.797   0.000 02O000M000t
00066 ARG02A0036_003 f 0.00  0.000     0  0.00  0  0   1.255  -5.734   0.807   0.209   3.691   0.000 02O000M000t
00067 ARG03A0036_004 f 0.00  0.000     0  0.00  0  0   1.188  -5.705   0.807   0.084   3.785   0.000 03O000M000t
00068 ARG03A0036_005 f 0.00  0.000     0  0.00  0  0   1.193  -5.728   0.807  -0.134   3.728   0.000 03O000M000t
00069 ARG+1A0036_006 f 0.00  1.000     0 12.50  0  1   1.150  -5.750   0.807   2.382   7.600   0.000 +1O000M000t
00070 LYS01A0037_001 f 0.00  0.000     0  0.00  0  0   0.291  -5.364   3.707  -0.094   0.386   0.000 01O000M000t
00071 LYS+1A0037_002 f 0.00  1.000     0 10.40  0  1   0.238  -5.378   3.707   0.316   2.568   0.000 +1O000M000t
00072 LEU01A0038_001 f 0.00  0.000     0  0.00  0  0   2.383  -4.439   1.040   0.000   0.000   0.000 01O000M000t
00073 ILE01A0039_001 f 0.00  0.000     0  0.00  0  0   0.419  -3.786   0.726   0.000   0.000   0.000 01O000M000t
00074 HIS01A0040_001 f 0.00  0.000     0  0.00  0  0  -6.094  -4.413   1.398   0.522   1.213   0.000 01O000M000t
00075 HIS02A0040_002 f 0.00  0.000     0  0.00  0  0  -6.113  -4.437   1.398   0.514   0.489   0.000 02O000M000t
00076 HIS+1A0040_003 f 0.00  1.000     0  6.98  0  1  -6.139  -4.451   1.398   1.009   1.144   0.000 +1O000M000t
00077 LEU01A0041_001 f 0.00  0.000     0  0.00  0  0   2.119  -4.836   0.784   0.000   0.000   0.000 01O000M000t
00078 GLU01A0042_001 f 0.00  0.000     0  0.00  0  0  -3.319  -0.485   3.102   0.091  -0.437   0.000 01O000M000t
00079 GLU01A0042_002 f 0.00  0.000     0  0.00  0  0  -3.319  -0.485   0.382   0.047   0.438   0.000 01O000M000t
00080 GLU02A0042_003 f 0.00  0.000     0  0.00  0  0  -3.451  -0.477   3.102   0.065  -0.527   0.000 02O000M000t
00081 GLU02A0042_004 f 0.00  0.000     0  0.00  0  0  -3.451  -0.477   0.382   0.048   0.511   0.000 02O000M000t
00082 GLU-1A0042_005 f 0.00 -1.000     0  4.75  0 -1  -3.591  -0.462   0.382  -0.096  -0.199   0.000 -1O000M000t
00083 ILE01A0043_001 f 0.00  0.000     0  0.00  0  0  -1.117  -3.457   1.024   0.000   0.000   0.000 01O000M000t
00084 LYS01A0044_001 f 0.00  0.000     0  0.00  0  0  -9.122  -0.786   3.630  -0.033   0.021   0.000 01O000M000t
00085 LYS+1A0044_002 f 0.00  1.000     0 10.40  0  1  -9.167  -0.787   3.630   0.312  -0.436   0.000 +1O000M000t
00086 PRO01A0045_001 f 0.00  0.000     0  0.00  0  0  -5.053  -1.661   0.000   0.000   0.000   0.000 01O000M000t
00087 ALA01A0046_001 f 0.00  0.000     0  0.00  0  0  -3.825  -0.410   0.000   0.000   0.000   0.000 01O000M000t
00088 ILE01A0047_001 f 0.00  0.000     0  0.00  0  0  -2.309  -2.995   0.601   0.000   0.000   0.000 01O000M000t
00089 ARG01A0048_001 f 0.00  0.000     0  0.00  0  0  -2.073  -4.644   0.965   0.267   1.651   0.000 01O000M000t
00090 ARG02A0048_002 f 0.00  0.000     0  0.00  0  0  -2.118  -4.723   0.965   0.406   2.438   0.000 02O000M000t
00091 ARG03A0048_003 f 0.00  0.000     0  0.00  0  0  -2.113  -4.719   0.965   0.424   2.316   0.000 03O000M000t
00092 ARG+1A0048_004 f 0.00  1.000     0 12.50  0  1  -2.156  -4.727   0.965   0.934   2.671   0.000 +1O000M000t
00093 ASN01A0049_001 f 0.00  0.000     0  0.00  0  0  -1.654  -1.223   0.796   0.391   0.567   0.000 01O000M000t
00094 ASN01A0049_002 f 0.00  0.000     0  0.00  0  0  -1.855  -1.286   0.769   0.624   0.227   0.000 01R001M000t
00095 GLN01A0050_001 f 0.00  0.000     0  0.00  0  0  -1.026  -3.258   1.805   0.135   0.832   0.000 01O000M000t
00096 GLN01A0050_002 f 0.00  0.000     0  0.00  0  0  -0.961  -3.275   1.800   0.038   0.707   0.000 01R001M000t
00097 ILE01A0051_001 f 0.00  0.000     0  0.00  0  0   1.918  -5.269   0.684   0.000   0.000   0.000 01O000M000t
00098 ILE01A0052_001 f 0.00  0.000     0  0.00  0  0  -0.160  -3.876   1.893   0.000   0.000   0.000 01O000M000t
00099 ARG01A0053_001 f 0.00  0.000     0  0.00  0  0  -5.683  -4.337   1.951  -0.082   0.739   0.000 01O000M000t
00100 ARG02A0053_002 f 0.00  0.000     0  0.00  0  0  -5.716  -4.296   1.951  -0.256   2.226   0.000 02O000M000t
00101 ARG03A0053_003 f 0.00  0.000     0  0.00  0  0  -5.719  -4.326   1.951  -0.085   1.957   0.000 03O000M000t
00102 ARG+1A0053_004 f 0.00  1.000     0 12.50  0  1  -5.763  -4.352   1.951   0.262   0.258   0.000 +1O000M000t
00103 GLU01A0054_001 f 0.00  0.000     0  0.00  0  0  -0.922  -6.488   3.243   0.453   1.745   0.000 01O000M000t
00104 GLU01A0054_002 f 0.00  0.000     0  0.00  0  0  -0.922  -6.488   0.523   1.532   1.817   0.000 01O000M000t
00105 GLU02A0054_003 f 0.00  0.000     0  0.00  0  0  -1.131  -6.518   3.243  -2.163   0.891   0.000 02O000M000t
00106 GLU02A0054_004 f 0.00  0.000     0  0.00  0  0  -1.131  -6.518   0.523  -1.782   2.172   0.000 02O000M000t
00107 GLU-1A0054_005 f 0.00 -1.000     0  4.75  0 -1  -1.103  -6.444   0.523  -4.154   5.946   0.000 -1O000M000t
00108 LEU01A0055_001 f 0.00  0.000     0  0.00  0  0   1.722  -3.592   0.989   0.000   0.000   0.000 01O000M000t
00109 GLN01A0056_001 f 0.00  0.000     0  0.00  0  0  -0.922  -4.090   1.197  -0.746   1.415   0.000 01O000M000t
00110 GLN01A0056_002 f 0.00  0.000     0  0.00  0  0  -1.317  -3.886   1.188   0.393   1.508   0.000 01R001M000t
00111 VAL01A0057_001 f 0.00  0.000     0  0.00  0  0  -3.228  -0.753   0.681   0.000   0.000   0.000 01O000M000t
00112 LEU01A0058_001 f 0.00  0.000     0  0.00  0  0   1.330  -2.742   0.608   0.000   0.000   0.000 01O000M000t
00113 HIS01A0059_001 f 0.00  0.000     0  0.00  0  0  -4.291  -4.159   1.054  -0.081   1.400   0.000 01O000M000t
00114 HIS01A0059_002 f 0.00  0.000     0  0.00  0  0  -3.537  -3.263   1.054   0.320   0.862   0.000 01R001M000t
00115 HIS02A0059_003 f 0.00  0.000     0  0.00  0  0  -4.312  -4.130   1.054   0.303   1.605   0.000 02O000M000t
00116 HIS02A0059_004 f 0.00  0.000     0  0.00  0  0  -3.546  -3.284   1.054  -0.139   1.255   0.000 02R001M000t
00117 HIS+1A0059_005 f 0.00  1.000     0  6.98  0  1  -4.337  -4.232   1.054   0.370   2.363   0.000 +1O000M000t
00118 HIS+1A0059_006 f 0.00  1.000     0  6.98  0  1  -3.573  -3.312   1.054   0.619   1.484   0.000 +1R001M000t
00119 GLU01A0060_001 f 0.00  0.000     0  0.00  0  0  -2.648  -3.194   4.865   0.185  -0.243   0.000 01O000M000t
00120 GLU01A0060_002 f 0.00  0.000     0  0.00  0  0  -2.648  -3.194   2.145   0.060   0.817   0.000 01O000M000t
00121 GLU02A0060_003 f 0.00  0.000     0  0.00  0  0  -2.630  -3.149   4.865   0.088  -0.246   0.000 02O000M000t
00122 GLU02A0060_004 f 0.00  0.000     0  0.00  0  0  -2.630  -3.149   2.145   0.123   0.559   0.000 02O000M000t
00123 GLU-1A0060_005 f 0.00 -1.000     0  4.75  0 -1  -2.610  -3.096   2.145  -0.189   1.567   0.000 -1O000M000t
00124 CYS01A0061_001 f 0.00  0.000     0  0.00  0  0  -0.002  -2.320   0.222  -0.039   0.973   0.000 01O000M000t
00125 CYS01A0061_002 f 0.00  0.000     0  0.00  0  0  -0.002  -2.427   0.222  -0.654   0.964   0.000 01O000M000t
00126 CYS01A0061_003 f 0.00  0.000     0  0.00  0  0  -0.002  -2.316   0.222   0.000   0.976   0.000 01O000M000t
00127 CYS-1A0061_004 f 0.00 -1.000     0  9.10  0 -1   0.000  -2.281   0.222  -1.778  11.847   0.000 -1O000M000t
00128 ASN01A0062_001 f 0.00  0.000     0  0.00  0  0  -1.948  -3.499   2.446   0.191   0.559   0.000 01O000M000t
00129 ASN01A0062_002 f 0.00  0.000     0  0.00  0  0  -1.967  -3.471   2.522  -0.353   0.280   0.000 01R001M000t
00130 SER01A0063_001 f 0.00  0.000     0  0.00  0  0   0.000  -2.341   0.757   3.288   1.706   0.000 01O000M000t
00131 SER01A0063_002 f 0.00  0.000     0  0.00  0  0   0.000  -2.341   0.757  -1.263   1.350   0.000 01O000M000t
00132 PRO01A0064_001 f 0.00  0.000     0  0.00  0  0  -4.598  -1.376   0.000   0.000   0.000   0.000 01O000M000t
00133 TYR01A0065_001 f 0.00  0.000     0  0.00  0  0   0.453  -7.032   0.396   0.036   0.498   0.000 01O000M000t
00134 TYR-1A0065_002 f 0.00 -1.000     0 10.20  0 -1   0.453  -7.032   0.396  -0.642   3.082   0.000 -1O000M000t
00135 ILE01A0066_001 f 0.00  0.000     0  0.00  0  0   0.512  -5.147   0.504   0.000   0.000   0.000 01O000M000t
00136 VAL01A0067_001 f 0.00  0.000     0  0.00  0  0   0.528  -3.695   0.161   0.000   0.000   0.000 01O000M000t
00137 PHE01A0069_001 f 0.00  0.000     0  0.00  0  0   4.220 -12.528   0.143   0.000   0.000   0.000 01O000M000t
00138 TYR01A0070_001 f 0.00  0.000     0  0.00  0  0   0.550  -7.394   0.072   0.249   0.856   0.000 01O000M000t
00139 TYR-1A0070_002 f 0.00 -1.000     0 10.20  0 -1   0.550  -7.394   0.072  -0.490   2.799   0.000 -1O000M000t
00140 ALA01A0072_001 f 0.00  0.000     0  0.00  0  0   0.000  -1.670   0.000   0.000   0.000   0.000 01O000M000t
00141 PHE01A0073_001 f 0.00  0.000     0  0.00  0  0   3.131  -9.861   0.056   0.000   0.000   0.000 01O000M000t
00142 TYR01A0074_001 f 0.00  0.000     0  0.00  0  0   1.012  -8.856   0.012  -0.665   0.748   0.000 01O000M000t
00143 TYR-1A0074_002 f 0.00 -1.000     0 10.20  0 -1   1.012  -8.856   0.012  -2.503   3.214   0.000 -1O000M000t
00144 SER01A0075_001 f 0.00  0.000     0  0.00  0  0  -0.361  -0.286   0.410  -0.067   0.678   0.000 01O000M000t
00145 SER01A0075_002 f 0.00  0.000     0  0.00  0  0  -0.361  -0.286   0.035  -0.660   0.563   0.000 01O000M000t
00146 ASP01A0076_001 f 0.00  0.000     0  0.00  0  0  -3.492   1.849   6.119   0.394  -0.617   0.000 01O000M000t
00147 ASP01A0076_002 f 0.00  0.000     0  0.00  0  0  -3.492   1.849   3.399   0.266   0.326   0.000 01O000M000t
00148 ASP02A0076_003 f 0.00  0.000     0  0.00  0  0  -3.542   1.882   6.119   0.499  -0.331   0.000 02O000M000t
00149 ASP02A0076_004 f 0.00  0.000     0  0.00  0  0  -3.542   1.882   3.399   0.272   0.707   0.000 02O000M000t
00150 ASP-1A0076_005 f 0.00 -1.000     0  4.75  0 -1  -3.503   1.876   3.399  -0.440  -0.078   0.000 -1O000M000t
00151 GLU01A0078_001 f 0.00  0.000     0  0.00  0  0  -0.481  -5.779   6.209   0.959   1.610   0.000 01O000M000t
00152 GLU01A0078_002 f 0.00  0.000     0  0.00  0  0  -0.481  -5.779   3.489  -0.044   1.086   0.000 01O000M000t
00153 GLU02A0078_003 f 0.00  0.000     0  0.00  0  0  -0.534  -5.844   6.209  -0.169   0.179   0.000 02O000M000t
00154 GLU02A0078_004 f 0.00  0.000     0  0.00  0  0  -0.534  -5.844   3.489  -0.246   1.259   0.000 02O000M000t
00155 GLU-1A0078_005 f 0.00 -1.000     0  4.75  0 -1  -0.597  -5.790   3.489  -1.321   3.095   0.000 -1O000M000t
00156 ILE01A0079_001 f 0.00  0.000     0  0.00  0  0   1.785  -1.097   2.347   0.000   0.000   0.000 01O000M000t
00157 SER01A0080_001 f 0.00  0.000     0  0.00  0  0   0.000  -2.395   1.965  -0.103   1.978   0.000 01O000M000t
00158 SER01A0080_002 f 0.00  0.000     0  0.00  0  0   0.000  -2.395   1.965  -0.284   1.973   0.000 01O000M000t
00159 SER01A0080_003 f 0.00  0.000     0  0.00  0  0   0.000  -2.395   1.590  -0.216   1.979   0.000 01O000M000t
00160 ILE01A0081_001 f 0.00  0.000     0  0.00  0  0   1.014  -2.474   0.861   0.000   0.000   0.000 01O000M000t
00161 CYS01A0082_001 f 0.00  0.000     0  0.00  0  0  -0.002  -3.195   0.071   0.047   0.985   0.000 01O000M000t
00162 CYS01A0082_002 f 0.00  0.000     0  0.00  0  0  -0.002  -3.239   0.071  -0.162   0.991   0.000 01O000M000t
00163 CYS01A0082_003 f 0.00  0.000     0  0.00  0  0  -0.002  -3.165   0.071  -0.080   0.991   0.000 01O000M000t
00164 CYS-1A0082_004 f 0.00 -1.000     0  9.10  0 -1   0.000  -3.138   0.071  -4.164  13.777   0.000 -1O000M000t
00165 MET01A0083_001 f 0.00  0.000     0  0.00  0  0  -0.482  -2.146   2.931  -0.018   0.069   0.000 01O000M000t
00166 GLU01A0084_001 f 0.00  0.000     0  0.00  0  0   0.690  -4.154   2.967  -1.109   0.964   0.000 01O000M000t
00167 GLU01A0084_002 f 0.00  0.000     0  0.00  0  0   0.690  -4.154   0.247  -1.054   2.400   0.000 01O000M000t
00168 GLU02A0084_003 f 0.00  0.000     0  0.00  0  0   1.013  -3.832   2.967   2.128   2.030   0.000 02O000M000t
00169 GLU02A0084_004 f 0.00  0.000     0  0.00  0  0   1.013  -3.832   0.247  -0.354   2.273   0.000 02O000M000t
00170 GLU-1A0084_005 f 0.00 -1.000     0  4.75  0 -1   0.620  -4.103   0.247  -3.110   6.125   0.000 -1O000M000t
00171 HIS01A0085_001 f 0.00  0.000     0  0.00  0  0  -1.020  -7.071   0.462   0.170   1.748   0.000 01O000M000t
00172 HIS01A0085_002 f 0.00  0.000     0  0.00  0  0  -1.253  -7.048   0.462  -0.124   1.947   0.000 01R001M000t
00173 HIS02A0085_003 f 0.00  0.000     0  0.00  0  0  -1.041  -7.097   0.462   0.089   1.492   0.000 02O000M000t
00174 HIS02A0085_004 f 0.00  0.000     0  0.00  0  0  -1.263  -7.062   0.462   0.045   2.079   0.000 02R001M000t
00175 HIS+1A0085_005 f 0.00  1.000     0  6.98  0  1  -1.066  -7.122   0.462   1.553   2.135   0.000 +1O000M000t
00176 HIS+1A0085_006 f 0.00  1.000     0  6.98  0  1  -1.290  -7.102   0.462   1.654   2.439   0.000 +1R001M000t
00177 MET01A0086_001 f 0.00  0.000     0  0.00  0  0   0.046  -6.053   0.306  -0.044   0.091   0.000 01O000M000t
00178 ASP01A0087_001 f 0.00  0.000     0  0.00  0  0  -1.105  -1.282   3.194  -2.723   0.735   0.000 01O000M000t
00179 ASP01A0087_002 f 0.00  0.000     0  0.00  0  0  -1.105  -1.282   0.474  -1.516   2.349   0.000 01O000M000t
00180 ASP02A0087_003 f 0.00  0.000     0  0.00  0  0  -1.103  -0.163   3.194   1.683   1.641   0.000 02O000M000t
00181 ASP02A0087_004 f 0.00  0.000     0  0.00  0  0  -1.103  -0.163   0.474   3.623   2.187   0.000 02O000M000t
00182 ASP-1A0087_005 f 0.00 -1.000     0  4.75  0 -1  -1.139  -1.200   0.474  -6.641   5.606   0.000 -1O000M000t
00183 SER01A0090_001 f 0.00  0.000     0  0.00  0  0  -0.492   0.002   1.810  -0.607   1.716   0.000 01O000M000t
00184 LEU01A0091_001 f 0.00  0.000     0  0.00  0  0   1.782   0.409   0.965   0.000   0.000   0.000 01O000M000t
00185 ASP01A0092_001 f 0.00  0.000     0  0.00  0  0  -0.554  -2.730   4.914   1.124   0.313   0.000 01O000M000t
00186 ASP01A0092_002 f 0.00  0.000     0  0.00  0  0  -0.554  -2.730   2.194   0.702   1.383   0.000 01O000M000t
00187 ASP02A0092_003 f 0.00  0.000     0  0.00  0  0  -0.428  -2.908   4.914   1.678   1.076   0.000 02O000M000t
00188 ASP02A0092_004 f 0.00  0.000     0  0.00  0  0  -0.428  -2.908   2.194   0.768   1.425   0.000 02O000M000t
00189 ASP-1A0092_005 f 0.00 -1.000     0  4.75  0 -1  -0.548  -2.845   2.194  -1.737   3.691   0.000 -1O000M000t
00190 GLN01A0093_001 f 0.00  0.000     0  0.00  0  0  -0.904  -2.577   0.757  -1.123   0.598   0.000 01O000M000t
00191 GLN01A0093_002 f 0.00  0.000     0  0.00  0  0  -0.562  -1.384   0.687   2.375   0.700   0.000 01R001M000t
00192 VAL01A0094_001 f 0.00  0.000     0  0.00  0  0   0.596  -1.037   1.727   0.000   0.000   0.000 01O000M000t
00193 LEU01A0095_001 f 0.00  0.000     0  0.00  0  0   0.947  -8.207   0.453   0.000   0.000   0.000 01O000M000t
00194 LYS01A0096_001 f 0.00  0.000     0  0.00  0  0  -6.151  -1.795   1.945  -0.018   0.104   0.000 01O000M000t
00195 LYS+1A0096_002 f 0.00  1.000     0 10.40  0  1  -6.215  -1.806   1.945  -0.117   1.632   0.000 +1O000M000t
00196 LYS01A0097_001 f 0.00  0.000     0  0.00  0  0  -4.658  -3.665   1.669  -0.729   0.197   0.000 01O000M000t
00197 LYS+1A0097_002 f 0.00  1.000     0 10.40  0  1  -4.703  -3.709   1.669  -1.553   1.199   0.000 +1O000M000t
00198 ALA01A0098_001 f 0.00  0.000     0  0.00  0  0  -0.155  -1.925   0.000   0.000   0.000   0.000 01O000M000t
00199 ARG01A0100_001 f 0.00  0.000     0  0.00  0  0  -1.886  -4.295   3.308   0.034   1.837   0.000 01O000M000t
00200 ARG02A0100_002 f 0.00  0.000     0  0.00  0  0  -1.877  -4.322   3.308  -0.351   2.333   0.000 02O000M000t
00201 ARG03A0100_003 f 0.00  0.000     0  0.00  0  0  -1.940  -4.219   3.308   0.017   2.581   0.000 03O000M000t
00202 ARG03A0100_004 f 0.00  0.000     0  0.00  0  0  -1.935  -4.237   3.308  -0.194   2.221   0.000 03O000M000t
00203 ARG+1A0100_005 f 0.00  1.000     0 12.50  0  1  -1.979  -4.332   3.308  -1.697   2.840   0.000 +1O000M000t
00204 ILE01A0101_001 f 0.00  0.000     0  0.00  0  0   1.443  -4.855   0.742   0.000   0.000   0.000 01O000M000t
00205 PRO01A0102_001 f 0.00  0.000     0  0.00  0  0  -3.059  -1.515   0.000   0.000   0.000   0.000 01O000M000t
00206 GLU01A0103_001 f 0.00  0.000     0  0.00  0  0   0.051  -3.306   4.256  -1.141   1.407   0.000 01O000M000t
00207 GLU01A0103_002 f 0.00  0.000     0  0.00  0  0   0.051  -3.306   1.536   1.235   1.826   0.000 01O000M000t
00208 GLU02A0103_003 f 0.00  0.000     0  0.00  0  0   0.123  -3.540   4.256  -0.351   1.929   0.000 02O000M000t
00209 GLU02A0103_004 f 0.00  0.000     0  0.00  0  0   0.123  -3.540   1.536   0.384   2.221   0.000 02O000M000t
00210 GLU-1A0103_005 f 0.00 -1.000     0  4.75  0 -1  -0.104  -3.445   1.536  -4.634   5.955   0.000 -1O000M000t
00211 GLN01A0104_001 f 0.00  0.000     0  0.00  0  0  -1.173  -1.603   3.114   0.128   0.562   0.000 01O000M000t
00212 GLN01A0104_002 f 0.00  0.000     0  0.00  0  0  -1.513  -1.591   3.120   0.140   0.117   0.000 01R001M000t
00213 ILE01A0105_001 f 0.00  0.000     0  0.00  0  0   0.070  -3.305   0.564   0.000   0.000   0.000 01O000M000t
00214 LEU01A0106_001 f 0.00  0.000     0  0.00  0  0   2.021  -4.715   0.854   0.000   0.000   0.000 01O000M000t
00215 LYS01A0108_001 f 0.00  0.000     0  0.00  0  0  -3.118  -4.367   2.450   0.616   0.299   0.000 01O000M000t
00216 LYS+1A0108_002 f 0.00  1.000     0 10.40  0  1  -3.160  -4.406   2.450   0.060   3.349   0.000 +1O000M000t
00217 VAL01A0109_001 f 0.00  0.000     0  0.00  0  0   0.526  -1.740   0.456   0.000   0.000   0.000 01O000M000t
00218 SER01A0110_001 f 0.00  0.000     0  0.00  0  0   0.000  -1.221   0.382   0.245   1.983   0.000 01O000M000t
00219 SER01A0110_002 f 0.00  0.000     0  0.00  0  0   0.000  -1.221   0.382  -1.826   1.992   0.000 01O000M000t
00220 ILE01A0111_001 f 0.00  0.000     0  0.00  0  0   0.439  -5.181   0.759   0.000   0.000   0.000 01O000M000t
00221 ALA01A0112_001 f 0.00  0.000     0  0.00  0  0   0.000  -1.735   0.000   0.000   0.000   0.000 01O000M000t
00222 VAL01A0113_001 f 0.00  0.000     0  0.00  0  0   0.533  -2.450   0.001   0.000   0.000   0.000 01O000M000t
00223 ILE01A0114_001 f 0.00  0.000     0  0.00  0  0   2.244  -4.343   0.465   0.000   0.000   0.000 01O000M000t
00224 LYS01A0115_001 f 0.00  0.000     0  0.00  0  0  -3.232  -3.471   1.102  -0.024   0.238   0.000 01O000M000t
00225 LYS+1A0115_002 f 0.00  1.000     0 10.40  0  1  -3.277  -3.475   1.102  -0.175   1.441   0.000 +1O000M000t
00226 LEU01A0117_001 f 0.00  0.000     0  0.00  0  0   2.178  -2.798   0.641   0.000   0.000   0.000 01O000M000t
00227 THR01A0118_001 f 0.00  0.000     0  0.00  0  0  -1.848  -0.774   0.380   0.267   1.345   0.000 01O000M000t
00228 THR01A0118_002 f 0.00  0.000     0  0.00  0  0  -1.848  -0.774   0.380  -1.577   1.771   0.000 01O000M000t
00229 THR01A0118_003 f 0.00  0.000     0  0.00  0  0  -1.848  -0.774   0.005  -0.190   1.533   0.000 01O000M000t
00230 TYR01A0119_001 f 0.00  0.000     0  0.00  0  0   2.430  -8.293   0.024  -0.345   1.468   0.000 01O000M000t
00231 TYR01A0119_002 f 0.00  0.000     0  0.00  0  0   2.430  -8.293   0.024   1.003   1.955   0.000 01O000M000t
00232 TYR-1A0119_003 f 0.00 -1.000     0 10.20  0 -1   2.430  -8.293   0.024  -1.219   5.726   0.000 -1O000M000t
00233 LEU01A0120_001 f 0.00  0.000     0  0.00  0  0   1.818  -5.465   0.439   0.000   0.000   0.000 01O000M000t
00234 ARG01A0121_001 f 0.00  0.000     0  0.00  0  0  -3.175  -7.315   3.347  -0.005   1.195   0.000 01O000M000t
00235 ARG02A0121_002 f 0.00  0.000     0  0.00  0  0  -3.152  -7.275   3.347  -0.406   1.860   0.000 02O000M000t
00236 ARG03A0121_003 f 0.00  0.000     0  0.00  0  0  -3.218  -7.325   3.347   0.006   2.220   0.000 03O000M000t
00237 ARG+1A0121_004 f 0.00  1.000     0 12.50  0  1  -3.257  -7.340   3.347   0.755   1.843   0.000 +1O000M000t
00238 GLU01A0122_001 f 0.00  0.000     0  0.00  0  0  -2.487  -2.508   3.636   0.054  -0.675   0.000 01O000M000t
00239 GLU01A0122_002 f 0.00  0.000     0  0.00  0  0  -2.487  -2.508   0.916   0.023   0.559   0.000 01O000M000t
00240 GLU02A0122_003 f 0.00  0.000     0  0.00  0  0  -2.401  -2.529   3.636   0.303  -0.208   0.000 02O000M000t
00241 GLU02A0122_004 f 0.00  0.000     0  0.00  0  0  -2.401  -2.529   0.916   0.107   0.532   0.000 02O000M000t
00242 GLU-1A0122_005 f 0.00 -1.000     0  4.75  0 -1  -2.583  -2.476   0.916  -0.347   0.279   0.000 -1O000M000t
00243 LYS01A0123_001 f 0.00  0.000     0  0.00  0  0  -5.970  -1.942   2.071  -0.046   0.193   0.000 01O000M000t
00244 LYS+1A0123_002 f 0.00  1.000     0 10.40  0  1  -6.042  -1.948   2.071  -0.182   0.509   0.000 +1O000M000t
00245 HIS01A0124_001 f 0.00  0.000     0  0.00  0  0  -1.036  -5.679   0.001   0.075   1.222   0.000 01O000M000t
00246 HIS02A0124_002 f 0.00  0.000     0  0.00  0  0  -1.055  -5.613   0.001   0.489   2.027   0.000 02O000M000t
00247 HIS+1A0124_003 f 0.00  1.000     0  6.98  0  1  -1.080  -5.717   0.001   0.155   3.781   0.000 +1O000M000t
00248 LYS01A0125_001 f 0.00  0.000     0  0.00  0  0  -9.161   0.119   1.718   0.010   0.045   0.000 01O000M000t
00249 LYS+1A0125_002 f 0.00  1.000     0 10.40  0  1  -9.207   0.117   1.718  -0.211  -0.538   0.000 +1O000M000t
00250 ILE01A0126_001 f 0.00  0.000     0  0.00  0  0   0.930  -4.112   1.295   0.000   0.000   0.000 01O000M000t
00251 MET01A0127_001 f 0.00  0.000     0  0.00  0  0  -0.650  -3.458   1.585   0.176   0.069   0.000 01O000M000t
00252 HIS01A0128_001 f 0.00  0.000     0  0.00  0  0  -0.069   0.471   0.398  -0.410   3.791   0.000 01O000M000t
00253 HIS01A0128_002 f 0.00  0.000     0  0.00  0  0  -0.015  -8.433   0.398  -1.753   3.662   0.000 01R001M000t
00254 HIS02A0128_003 f 0.00  0.000     0  0.00  0  0  -0.089   0.595   0.398   3.175   3.791   0.000 02O000M000t
00255 HIS02A0128_004 f 0.00  0.000     0  0.00  0  0  -0.025  -8.561   0.398   2.981   3.563   0.000 02R001M000t
00256 HIS+1A0128_005 f 0.00  1.000     0  6.98  0  1  -0.115   0.433   0.398   2.678  10.593   0.000 +1O000M000t
00257 HIS+1A0128_006 f 0.00  1.000     0  6.98  0  1  -0.053  -8.705   0.398   4.404  10.223   0.000 +1R001M000t
00258 ARG01A0129_001 f 0.00  0.000     0  0.00  0  0  -1.085  -0.991   3.246  -0.160   0.879   0.000 01O000M000t
00259 ARG02A0129_002 f 0.00  0.000     0  0.00  0  0  -1.026  -0.978   3.246  -0.059   2.211   0.000 02O000M000t
00260 ARG03A0129_003 f 0.00  0.000     0  0.00  0  0  -1.112  -0.995   3.246  -0.108   2.215   0.000 03O000M000t
00261 ARG03A0129_004 f 0.00  0.000     0  0.00  0  0  -1.108  -0.994   3.246  -0.123   2.126   0.000 03O000M000t
00262 ARG+1A0129_005 f 0.00  1.000     0 12.50  0  1  -1.151  -0.999   3.246   0.174   2.074   0.000 +1O000M000t
00263 ASP01A0130_001 f 0.00  0.000     0  0.00  0  0  -0.792   0.468   3.671  -0.376  -0.102   0.000 01O000M000t
00264 ASP01A0130_002 f 0.00  0.000     0  0.00  0  0  -0.792   0.468   0.951  -0.185   1.019   0.000 01O000M000t
00265 ASP02A0130_003 f 0.00  0.000     0  0.00  0  0  -0.758   1.011   3.671   1.066   0.546   0.000 02O000M000t
00266 ASP02A0130_004 f 0.00  0.000     0  0.00  0  0  -0.758   1.011   0.951   0.160   1.369   0.000 02O000M000t
00267 ASP-1A0130_005 f 0.00 -1.000     0  4.75  0 -1  -0.796   0.525   0.951  -0.644   3.551   0.000 -1O000M000t
00268 VAL01A0131_001 f 0.00  0.000     0  0.00  0  0   0.562  -3.536   0.001   0.000   0.000   0.000 01O000M000t
00269 LYS01A0132_001 f 0.00  0.000     0  0.00  0  0  -1.042  -4.086   1.331  -0.126   0.055   0.000 01O000M000t
00270 LYS+1A0132_002 f 0.00  1.000     0 10.40  0  1  -1.088  -4.097   1.331   0.192   0.868   0.000 +1O000M000t
00271 PRO01A0133_001 f 0.00  0.000     0  0.00  0  0   0.250  -4.089   0.000   0.000   0.000   0.000 01O000M000t
00272 SER01A0134_001 f 0.00  0.000     0  0.00  0  0  -1.945  -0.554   0.885   0.568   1.171   0.000 01O000M000t
00273 SER01A0134_002 f 0.00  0.000     0  0.00  0  0  -1.945  -0.554   0.885  -0.194   0.817   0.000 01O000M000t
00274 SER01A0134_003 f 0.00  0.000     0  0.00  0  0  -1.945  -0.554   0.510  -1.434   0.555   0.000 01O000M000t
00275 ASN01A0135_001 f 0.00  0.000     0  0.00  0  0  -0.326  -1.818   0.311  -1.803   1.726   0.000 01O000M000t
00276 ILE01A0136_001 f 0.00  0.000     0  0.00  0  0   1.307  -5.295   0.568   0.000   0.000   0.000 01O000M000t
00277 LEU01A0137_001 f 0.00  0.000     0  0.00  0  0   0.750  -6.295   1.526   0.000   0.000   0.000 01O000M000t
00278 VAL01A0138_001 f 0.00  0.000     0  0.00  0  0   0.540  -4.483   0.067   0.000   0.000   0.000 01O000M000t
00279 ASN01A0139_001 f 0.00  0.000     0  0.00  0  0   0.260  -4.871   0.445  -2.563   2.687   0.000 01O000M000t
00280 ASN01A0139_002 f 0.00  0.000     0  0.00  0  0   0.010  -2.859   0.410   2.639   2.695   0.000 01R001M000t
00281 SER01A0140_001 f 0.00  0.000     0  0.00  0  0  -1.059  -0.338   0.512   1.013   0.882   0.000 01O000M000t
00282 SER01A0140_002 f 0.00  0.000     0  0.00  0  0  -1.059  -0.338   0.512  -0.477   0.542   0.000 01O000M000t
00283 SER01A0140_003 f 0.00  0.000     0  0.00  0  0  -1.059  -0.338   0.137  -1.333   0.110   0.000 01O000M000t
00284 ARG01A0141_001 f 0.00  0.000     0  0.00  0  0  -7.786  -1.482   0.579  -0.257   0.604   0.000 01O000M000t
00285 ARG02A0141_002 f 0.00  0.000     0  0.00  0  0  -7.853  -1.495   0.579   0.205   1.693   0.000 02O000M000t
00286 ARG03A0141_003 f 0.00  0.000     0  0.00  0  0  -7.848  -1.497   0.579   0.205   1.773   0.000 03O000M000t
00287 ARG+1A0141_004 f 0.00  1.000     0 12.50  0  1  -7.892  -1.498   0.579   1.100   1.776   0.000 +1O000M000t
00288 GLU01A0143_001 f 0.00  0.000     0  0.00  0  0  -0.224  -2.902   3.235  -0.296   0.824   0.000 01O000M000t
00289 GLU01A0143_002 f 0.00  0.000     0  0.00  0  0  -0.224  -2.902   0.515  -0.239   2.002   0.000 01O000M000t
00290 GLU02A0143_003 f 0.00  0.000     0  0.00  0  0   0.050  -2.919   3.235   1.017   1.462   0.000 02O000M000t
00291 GLU02A0143_004 f 0.00  0.000     0  0.00  0  0   0.050  -2.919   0.515   0.116   1.640   0.000 02O000M000t
00292 GLU-1A0143_005 f 0.00 -1.000     0  4.75  0 -1  -0.224  -2.869   0.515  -1.095   5.297   0.000 -1O000M000t
00293 ILE01A0144_001 f 0.00  0.000     0  0.00  0  0   1.700  -3.948   1.000   0.000   0.000   0.000 01O000M000t
00294 LYS01A0145_001 f 0.00  0.000     0  0.00  0  0  -0.040  -6.600   1.201  -0.064   0.447   0.000 01O000M000t
00295 LYS+1A0145_002 f 0.00  1.000     0 10.40  0  1  -0.084  -6.623   1.201   0.433   4.945   0.000 +1O000M000t
00296 LEU01A0146_001 f 0.00  0.000     0  0.00  0  0   2.373  -7.260   0.475   0.000   0.000   0.000 01O000M000t
00297 CYS01A0147_001 f 0.00  0.000     0  0.00  0  0  -0.433  -2.107   0.129  -0.173   0.881   0.000 01O000M000t
00298 CYS01A0147_002 f 0.00  0.000     0  0.00  0  0  -0.433  -2.063   0.129  -0.207   0.555   0.000 01O000M000t
00299 CYS01A0147_003 f 0.00  0.000     0  0.00  0  0  -0.433  -1.989   0.129  -0.361   0.358   0.000 01O000M000t
00300 CYS-1A0147_004 f 0.00 -1.000     0  9.10  0 -1  -0.431  -1.960   0.129  -2.225   7.113   0.000 -1O000M000t
00301 ASP01A0148_001 f 0.00  0.000     0  0.00  0  0  -0.688   3.151   2.865   0.778   0.631   0.000 01O000M000t
00302 ASP01A0148_002 f 0.00  0.000     0  0.00  0  0  -0.688   3.151   0.145   0.070   1.184   0.000 01O000M000t
00303 ASP02A0148_003 f 0.00  0.000     0  0.00  0  0  -0.618   2.280   2.865  -0.195   0.244   0.000 02O000M000t
00304 ASP02A0148_004 f 0.00  0.000     0  0.00  0  0  -0.618   2.280   0.145  -0.091   1.468   0.000 02O000M000t
00305 ASP-1A0148_005 f 0.00 -1.000     0  4.75  0 -1  -0.644   2.334   0.145  -0.566   2.993   0.000 -1O000M000t
00306 PHE01A0149_001 f 0.00  0.000     0  0.00  0  0   4.235  -7.555   0.391   0.000   0.000   0.000 01O000M000t
00307 VAL01A0151_001 f 0.00  0.000     0  0.00  0  0   0.644  -0.464   2.587   0.000   0.000   0.000 01O000M000t
00308 SER01A0152_001 f 0.00  0.000     0  0.00  0  0   0.000  -2.991   1.111   2.771   1.957   0.000 01O000M000t
00309 SER01A0152_002 f 0.00  0.000     0  0.00  0  0   0.000  -2.991   1.110  -0.243   1.904   0.000 01O000M000t
00310 SER01A0152_003 f 0.00  0.000     0  0.00  0  0   0.000  -2.991   0.736  -1.376   1.961   0.000 01O000M000t
00311 GLN01A0154_001 f 0.00  0.000     0  0.00  0  0  -1.383  -3.377   1.981   0.421   0.820   0.000 01O000M000t
00312 GLN01A0154_002 f 0.00  0.000     0  0.00  0  0  -1.230  -3.409   1.948  -0.005   0.774   0.000 01R001M000t
00313 LEU01A0155_001 f 0.00  0.000     0  0.00  0  0   0.797  -2.745   0.487   0.000   0.000   0.000 01O000M000t
00314 ILE01A0156_001 f 0.00  0.000     0  0.00  0  0  -0.331   5.465   1.283   0.000   0.000   0.000 01O000M000t
00315 ASP01A0157_001 f 0.00  0.000     0  0.00  0  0  -2.332  -3.292   3.287   0.385  -0.258   0.000 01O000M000t
00316 ASP01A0157_002 f 0.00  0.000     0  0.00  0  0  -2.332  -3.292   0.567   0.263   0.575   0.000 01O000M000t
00317 ASP02A0157_003 f 0.00  0.000     0  0.00  0  0  -2.292  -3.403   3.287   0.384   0.612   0.000 02O000M000t
00318 ASP02A0157_004 f 0.00  0.000     0  0.00  0  0  -2.292  -3.403   0.567   0.323   0.770   0.000 02O000M000t
00319 ASP-1A0157_005 f 0.00 -1.000     0  4.75  0 -1  -2.306  -3.372   0.567  -0.149   1.184   0.000 -1O000M000t
00320 SER01A0158_001 f 0.00  0.000     0  0.00  0  0  -0.120  -0.235   0.550   0.107   1.071   0.000 01O000M000t
00321 SER01A0158_002 f 0.00  0.000     0  0.00  0  0  -0.120  -0.235   0.550  -1.267   1.674   0.000 01O000M000t
00322 MET01A0159_001 f 0.00  0.000     0  0.00  0  0  -1.593  -2.836   0.223  -0.002   0.063   0.000 01O000M000t
00323 ALA01A0160_001 f 0.00  0.000     0  0.00  0  0  -3.036  -0.980   0.000   0.000   0.000   0.000 01O000M000t
00324 ASN01A0161_001 f 0.00  0.000     0  0.00  0  0  -1.170   1.185   0.416   0.111   0.759   0.000 01O000M000t
00325 ASN01A0161_002 f 0.00  0.000     0  0.00  0  0  -1.501   1.863   0.376   0.750   0.700   0.000 01R001M000t
00326 SER01A0162_001 f 0.00  0.000     0  0.00  0  0  -3.940   2.811   0.477  -1.245   0.159   0.000 01O000M000t
00327 SER01A0162_002 f 0.00  0.000     0  0.00  0  0  -3.940   2.811   0.477  -0.048   0.075   0.000 01O000M000t
00328 PHE01A0163_001 f 0.00  0.000     0  0.00  0  0  -4.253  -3.409   0.141   0.000   0.000   0.000 01O000M000t
00329 VAL01A0164_001 f 0.00  0.000     0  0.00  0  0  -0.231 999.000   0.364   0.000   0.000   0.000 01O000M000t
00330 THR01A0166_001 f 0.00  0.000     0  0.00  0  0  -3.639  -1.523   1.153   0.119   0.133   0.000 01O000M000t
00331 THR01A0166_002 f 0.00  0.000     0  0.00  0  0  -3.639  -1.523   1.154  -0.056   0.133   0.000 01O000M000t
00332 ARG01A0167_001 f 0.00  0.000     0  0.00  0  0  -2.162  -2.205   1.044  -0.022   0.618   0.000 01O000M000t
00333 ARG02A0167_002 f 0.00  0.000     0  0.00  0  0  -2.218  -2.210   1.044   0.096   1.634   0.000 02O000M000t
00334 ARG02A0167_003 f 0.00  0.000     0  0.00  0  0  -2.183  -2.205   1.044   0.010   1.542   0.000 02O000M000t
00335 ARG03A0167_004 f 0.00  0.000     0  0.00  0  0  -2.224  -2.211   1.044   0.018   1.623   0.000 03O000M000t
00336 ARG03A0167_005 f 0.00  0.000     0  0.00  0  0  -2.219  -2.212   1.044  -0.023   1.609   0.000 03O000M000t
00337 ARG+1A0167_006 f 0.00  1.000     0 12.50  0  1  -2.263  -2.216   1.044   0.536   1.773   0.000 +1O000M000t
00338 SER01A0168_001 f 0.00  0.000     0  0.00  0  0  -0.060  -1.743   0.381   1.372   1.560   0.000 01O000M000t
00339 SER01A0168_002 f 0.00  0.000     0  0.00  0  0  -0.060  -1.743   0.006  -1.061   0.953   0.000 01O000M000t
00340 TYR01A0169_001 f 0.00  0.000     0  0.00  0  0   3.531  -6.542   0.027   0.077   2.093   0.000 01O000M000t
00341 TYR01A0169_002 f 0.00  0.000     0  0.00  0  0   3.531  -6.542   0.027  -0.258   1.635   0.000 01O000M000t
00342 TYR-1A0169_003 f 0.00 -1.000     0 10.20  0 -1   3.531  -6.542   0.027  -1.932   7.948   0.000 -1O000M000t
00343 MET01A0170_001 f 0.00  0.000     0  0.00  0  0  -1.772  -2.959   1.170   0.056   0.059   0.000 01O000M000t
00344 SER01A0171_001 f 0.00  0.000     0  0.00  0  0   0.000  -3.180   0.653  -0.706   1.762   0.000 01O000M000t
00345 SER01A0171_002 f 0.00  0.000     0  0.00  0  0   0.000  -3.180   0.654   2.408   1.859   0.000 01O000M000t
00346 SER01A0171_003 f 0.00  0.000     0  0.00  0  0   0.000  -3.180   0.278  -1.269   1.944   0.000 01O000M000t
00347 PRO01A0172_001 f 0.00  0.000     0  0.00  0  0   0.191  -3.363   0.000   0.000   0.000   0.000 01O000M000t
00348 GLU01A0173_001 f 0.00  0.000     0  0.00  0  0   1.047  -1.430   5.903   2.200   2.060   0.000 01O000M000t
00349 GLU01A0173_002 f 0.00  0.000     0  0.00  0  0   1.047  -1.430   3.183  -0.437   2.581   0.000 01O000M000t
00350 GLU02A0173_003 f 0.00  0.000     0  0.00  0  0   0.915  -1.454   5.903  -0.213   2.092   0.000 02O000M000t
00351 GLU02A0173_004 f 0.00  0.000     0  0.00  0  0   0.915  -1.454   3.183  -0.223   3.009   0.000 02O000M000t
00352 GLU-1A0173_005 f 0.00 -1.000     0  4.75  0 -1   0.804  -1.320   3.183  -5.575  10.115   0.000 -1O000M000t
00353 ARG01A0174_001 f 0.00  0.000     0  0.00  0  0   0.903  -3.972   3.375   0.159   1.365   0.000 01O000M000t
00354 ARG02A0174_002 f 0.00  0.000     0  0.00  0  0   0.919  -3.950   3.375  -0.388   2.227   0.000 02O000M000t
00355 ARG03A0174_003 f 0.00  0.000     0  0.00  0  0   0.857  -3.982   3.375   0.097   2.286   0.000 03O000M000t
00356 ARG+1A0174_004 f 0.00  1.000     0 12.50  0  1   0.819  -3.988   3.375   0.637   2.001   0.000 +1O000M000t
00357 LEU01A0175_001 f 0.00  0.000     0  0.00  0  0   1.560  -5.061   1.192   0.000   0.000   0.000 01O000M000t
00358 GLN01A0176_001 f 0.00  0.000     0  0.00  0  0  -1.488  -3.086   1.925  -0.683   0.621   0.000 01O000M000t
00359 GLN01A0176_002 f 0.00  0.000     0  0.00  0  0  -1.617  -3.087   1.932   0.318   0.161   0.000 01R001M000t
00360 THR01A0178_001 f 0.00  0.000     0  0.00  0  0  -6.865  -0.549   0.408   0.186   0.266   0.000 01O000M000t
00361 HIS01A0179_001 f 0.00  0.000     0  0.00  0  0  -9.220  -1.752   0.032   0.393   0.245   0.000 01O000M000t
00362 HIS01A0179_002 f 0.00  0.000     0  0.00  0  0  -9.679  -1.707   0.032   0.106   0.479   0.000 01R001M000t
00363 HIS02A0179_003 f 0.00  0.000     0  0.00  0  0  -9.238  -1.769   0.032   0.366   0.251   0.000 02O000M000t
00364 HIS02A0179_004 f 0.00  0.000     0  0.00  0  0  -9.690  -1.747   0.032   0.309   0.518   0.000 02R001M000t
00365 HIS+1A0179_005 f 0.00  1.000     0  6.98  0  1  -9.264  -1.774   0.032   1.049  -0.146   0.000 +1O000M000t
00366 HIS+1A0179_006 f 0.00  1.000     0  6.98  0  1  -9.718  -1.750   0.032   1.027  -0.059   0.000 +1R001M000t
00367 TYR01A0180_001 f 0.00  0.000     0  0.00  0  0   1.767  -7.669   0.086   0.516   1.078   0.000 01O000M000t
00368 TYR01A0180_002 f 0.00  0.000     0  0.00  0  0   1.767  -7.669   0.086   0.405   0.615   0.000 01O000M000t
00369 TYR-1A0180_003 f 0.00 -1.000     0 10.20  0 -1   1.767  -7.669   0.086  -0.023   2.056   0.000 -1O000M000t
00370 SER01A0181_001 f 0.00  0.000     0  0.00  0  0  -3.621   2.438   0.536   2.779   0.925   0.000 01O000M000t
00371 SER01A0181_002 f 0.00  0.000     0  0.00  0  0  -3.621   2.438   0.536  -1.217  -0.094   0.000 01O000M000t
00372 VAL01A0182_001 f 0.00  0.000     0  0.00  0  0  -1.323  -0.768   0.045   0.000   0.000   0.000 01O000M000t
00373 GLN01A0183_001 f 0.00  0.000     0  0.00  0  0  -0.117  -4.132   1.584  -2.388   1.972   0.000 01O000M000t
00374 GLN01A0183_002 f 0.00  0.000     0  0.00  0  0  -0.175  -3.406   1.591   2.090   2.086   0.000 01R001M000t
00375 SER01A0184_001 f 0.00  0.000     0  0.00  0  0  -0.096   0.640   3.057  -0.052   1.621   0.000 01O000M000t
00376 SER01A0184_002 f 0.00  0.000     0  0.00  0  0  -0.096   0.640   3.057   0.255   1.726   0.000 01O000M000t
00377 ASP01A0185_001 f 0.00  0.000     0  0.00  0  0   0.109  -4.066   2.900  -1.391   1.556   0.000 01O000M000t
00378 ASP01A0185_002 f 0.00  0.000     0  0.00  0  0   0.109  -4.066   0.180   2.434   2.348   0.000 01O000M000t
00379 ASP02A0185_003 f 0.00  0.000     0  0.00  0  0   0.198  -4.011   2.900  -1.959   1.097   0.000 02O000M000t
00380 ASP02A0185_004 f 0.00  0.000     0  0.00  0  0   0.198  -4.011   0.180   1.493   2.512   0.000 02O000M000t
00381 ASP-1A0185_005 f 0.00 -1.000     0  4.75  0 -1   0.105  -4.332   0.180  -9.110   7.510   0.000 -1O000M000t
00382 ILE01A0186_001 f 0.00  0.000     0  0.00  0  0   0.786  -3.485   0.406   0.000   0.000   0.000 01O000M000t
00383 TRP01A0187_001 f 0.00  0.000     0  0.00  0  0   2.678 -10.336   0.219   0.000   0.000   0.000 01O000M000t
00384 SER01A0188_001 f 0.00  0.000     0  0.00  0  0  -0.301   1.429   0.375  -2.504   1.184   0.000 01O000M000t
00385 SER01A0188_002 f 0.00  0.000     0  0.00  0  0  -0.301   1.429   0.375  -0.004   1.175   0.000 01O000M000t
00386 MET01A0189_001 f 0.00  0.000     0  0.00  0  0   0.579  -4.808   0.096   0.027   0.098   0.000 01O000M000t
00387 LEU01A0191_001 f 0.00  0.000     0  0.00  0  0   2.179  -3.785   1.057   0.000   0.000   0.000 01O000M000t
00388 SER01A0192_001 f 0.00  0.000     0  0.00  0  0   0.000  -1.291   0.379   0.838   1.955   0.000 01O000M000t
00389 SER01A0192_002 f 0.00  0.000     0  0.00  0  0   0.000  -1.291   0.379  -2.685   1.979   0.000 01O000M000t
00390 SER01A0192_003 f 0.00  0.000     0  0.00  0  0   0.000  -1.291   0.004   0.346   1.976   0.000 01O000M000t
00391 LEU01A0193_001 f 0.00  0.000     0  0.00  0  0   2.129  -4.957   0.477   0.000   0.000   0.000 01O000M000t
00392 VAL01A0194_001 f 0.00  0.000     0  0.00  0  0   0.673  -2.094   0.005   0.000   0.000   0.000 01O000M000t
00393 GLU01A0195_001 f 0.00  0.000     0  0.00  0  0   0.742  -2.506   3.025  -0.246   1.727   0.000 01O000M000t
00394 GLU01A0195_002 f 0.00  0.000     0  0.00  0  0   0.742  -2.506   0.305  -0.102   2.456   0.000 01O000M000t
00395 GLU02A0195_003 f 0.00  0.000     0  0.00  0  0   0.943  -2.520   3.025   0.502   2.091   0.000 02O000M000t
00396 GLU02A0195_004 f 0.00  0.000     0  0.00  0  0   0.943  -2.520   0.305   0.336   2.241   0.000 02O000M000t
00397 GLU-1A0195_005 f 0.00 -1.000     0  4.75  0 -1   0.665  -2.430   0.305  -1.729   8.376   0.000 -1O000M000t
00398 MET01A0196_001 f 0.00  0.000     0  0.00  0  0   0.505  -5.409   0.220  -0.033   0.098   0.000 01O000M000t
00399 ALA01A0197_001 f 0.00  0.000     0  0.00  0  0   0.000  -1.277   0.000   0.000   0.000   0.000 01O000M000t
00400 VAL01A0198_001 f 0.00  0.000     0  0.00  0  0   0.672  -0.657   0.019   0.000   0.000   0.000 01O000M000t
00401 ARG01A0200_001 f 0.00  0.000     0  0.00  0  0  -1.741  -2.354   3.263  -0.526   2.431   0.000 01O000M000t
00402 ARG02A0200_002 f 0.00  0.000     0  0.00  0  0  -1.785  -2.412   3.263  -1.045   3.111   0.000 02O000M000t
00403 ARG03A0200_003 f 0.00  0.000     0  0.00  0  0  -1.790  -2.334   3.263  -0.820   2.939   0.000 03O000M000t
00404 ARG+1A0200_004 f 0.00  1.000     0 12.50  0  1  -1.829  -2.422   3.263  -2.180   4.777   0.000 +1O000M000t
00405 TYR01A0201_001 f 0.00  0.000     0  0.00  0  0   3.547  -7.386   0.004  -3.084   2.639   0.000 01O000M000t
00406 TYR01A0201_002 f 0.00  0.000     0  0.00  0  0   3.547  -7.386   0.004  -0.138   2.615   0.000 01O000M000t
00407 TYR-1A0201_003 f 0.00 -1.000     0 10.20  0 -1   3.547  -7.386   0.004  -2.250  13.741   0.000 -1O000M000t
00408 PRO01A0202_001 f 0.00  0.000     0  0.00  0  0   0.132  -2.395   0.000   0.000   0.000   0.000 01O000M000t
00409 ILE01A0203_001 f 0.00  0.000     0  0.00  0  0   1.315  -1.872   0.653   0.000   0.000   0.000 01O000M000t
00410 PRO01A0204_001 f 0.00  0.000     0  0.00  0  0  -3.125  -1.623   0.000   0.000   0.000   0.000 01O000M000t
00411 PRO01A0205_001 f 0.00  0.000     0  0.00  0  0  -2.779  -2.470   0.000   0.000   0.000   0.000 01O000M000t
00412 PRO01A0206_001 f 0.00  0.000     0  0.00  0  0  -0.021  -2.509   0.000   0.000   0.000   0.000 01O000M000t
00413 ASP01A0207_001 f 0.00  0.000     0  0.00  0  0  -2.104  -2.232   3.647   2.969   0.953   0.000 01O000M000t
00414 ASP01A0207_002 f 0.00  0.000     0  0.00  0  0  -2.104  -2.232   0.927   0.013   0.903   0.000 01O000M000t
00415 ASP02A0207_003 f 0.00  0.000     0  0.00  0  0  -2.041  -2.478   3.647  -0.864   0.096   0.000 02O000M000t
00416 ASP02A0207_004 f 0.00  0.000     0  0.00  0  0  -2.041  -2.478   0.927  -0.889   1.353   0.000 02O000M000t
00417 ASP-1A0207_005 f 0.00 -1.000     0  4.75  0 -1  -2.019  -2.427   0.927  -3.792   2.357   0.000 -1O000M000t
00418 ALA01A0208_001 f 0.00  0.000     0  0.00  0  0  -4.478  -0.215   0.000   0.000   0.000   0.000 01O000M000t
00419 LYS01A0209_001 f 0.00  0.000     0  0.00  0  0  -8.904  -1.036   1.558  -0.022  -0.136   0.000 01O000M000t
00420 LYS+1A0209_002 f 0.00  1.000     0 10.40  0  1  -8.950  -1.037   1.558   0.161  -0.280   0.000 +1O000M000t
00421 GLU01A0210_001 f 0.00  0.000     0  0.00  0  0  -1.013  -2.972   6.634   1.000   1.268   0.000 01O000M000t
00422 GLU01A0210_002 f 0.00  0.000     0  0.00  0  0  -1.013  -2.972   3.914   0.030   1.537   0.000 01O000M000t
00423 GLU02A0210_003 f 0.00  0.000     0  0.00  0  0  -0.859  -3.132   6.634  -0.216   0.445   0.000 02O000M000t
00424 GLU02A0210_004 f 0.00  0.000     0  0.00  0  0  -0.859  -3.132   3.914  -0.124   2.040   0.000 02O000M000t
00425 GLU-1A0210_005 f 0.00 -1.000     0  4.75  0 -1  -1.054  -3.071   3.914  -1.968   4.161   0.000 -1O000M000t
00426 LEU01A0211_001 f 0.00  0.000     0  0.00  0  0  -1.125  -5.254   0.831   0.000   0.000   0.000 01O000M000t
00427 GLU01A0212_001 f 0.00  0.000     0  0.00  0  0  -1.772  -2.959   3.495   0.288   0.249   0.000 01O000M000t
00428 GLU01A0212_002 f 0.00  0.000     0  0.00  0  0  -1.772  -2.959   0.775   0.079   0.575   0.000 01O000M000t
00429 GLU02A0212_003 f 0.00  0.000     0  0.00  0  0  -2.216  -2.917   3.495   0.017  -0.466   0.000 02O000M000t
00430 GLU02A0212_004 f 0.00  0.000     0  0.00  0  0  -2.216  -2.917   0.775   0.045   0.605   0.000 02O000M000t
00431 GLU-1A0212_005 f 0.00 -1.000     0  4.75  0 -1  -2.124  -2.895   0.775  -0.115   0.185   0.000 -1O000M000t
00432 LEU01A0213_001 f 0.00  0.000     0  0.00  0  0  -3.947  -4.987   1.991   0.000   0.000   0.000 01O000M000t
00433 MET01A0214_001 f 0.00  0.000     0  0.00  0  0  -0.894  -5.930   1.811   0.118   0.088   0.000 01O000M000t
00434 PHE01A0215_001 f 0.00  0.000     0  0.00  0  0   3.226  -5.431   1.288   0.000   0.000   0.000 01O000M000t
00435 CYS01A0217_001 f 0.00  0.000     0  0.00  0  0  -1.123   6.896   2.193   0.244   0.826   0.000 01O000M000t
00436 CYS01A0217_002 f 0.00  0.000     0  0.00  0  0  -1.122   6.979   2.193  -0.265   0.188   0.000 01O000M000t
00437 CYS01A0217_003 f 0.00  0.000     0  0.00  0  0  -1.123   6.990   2.193  -0.376   0.288   0.000 01O000M000t
00438 CYS-1A0217_004 f 0.00 -1.000     0  9.10  0 -1  -1.121   7.021   2.193  -0.161   3.368   0.000 -1O000M000t
00439 GLN01A0218_001 f 0.00  0.000     0  0.00  0  0   8.271 999.000   5.254   0.133   0.041   0.000 01O000M000t
00440 VAL01A0219_001 f 0.00  0.000     0  0.00  0  0   3.415 999.000   2.798   0.000   0.000   0.000 01O000M000t
00441 GLU01A0220_001 f 0.00  0.000     0  0.00  0  0  -2.141 192.534   7.538  -0.410   0.001   0.000 01O000M000t
00442 GLU01A0220_002 f 0.00  0.000     0  0.00  0  0  -2.141 192.534   4.818  -0.549   0.859   0.000 01O000M000t
00443 GLU02A0220_003 f 0.00  0.000     0  0.00  0  0  -2.064 193.144   7.538   3.459   0.803   0.000 02O000M000t
00444 GLU02A0220_004 f 0.00  0.000     0  0.00  0  0  -2.064 193.144   4.818  -0.256   0.742   0.000 02O000M000t
00445 GLU-1A0220_005 f 0.00 -1.000     0  4.75  0 -1  -2.194 192.577   4.818  -2.167   0.858   0.000 -1O000M000t
00446 ASP01A0222_001 f 0.00  0.000     0  0.00  0  0  -1.311  54.412   2.734   0.064  -0.362   0.000 01O000M000t
00447 ASP01A0222_002 f 0.00  0.000     0  0.00  0  0  -1.311  54.412   0.014   0.174   0.797   0.000 01O000M000t
00448 ASP02A0222_003 f 0.00  0.000     0  0.00  0  0  -1.512  57.335   2.734   1.633   0.094   0.000 02O000M000t
00449 ASP02A0222_004 f 0.00  0.000     0  0.00  0  0  -1.512  57.335   0.014   0.179   0.823   0.000 02O000M000t
00450 ASP-1A0222_005 f 0.00 -1.000     0  4.75  0 -1  -1.508  54.494   0.014  -0.368   0.680   0.000 -1O000M000t
00451 ALA01A0223_001 f 0.00  0.000     0  0.00  0  0  -3.825   7.644   0.000   0.000   0.000   0.000 01O000M000t
00452 ALA01A0224_001 f 0.00  0.000     0  0.00  0  0  -3.500   6.721   0.000   0.000   0.000   0.000 01O000M000t
00453 GLU01A0225_001 f 0.00  0.000     0  0.00  0  0  -2.759  57.227   5.909   0.246   0.128   0.000 01O000M000t
00454 GLU01A0225_002 f 0.00  0.000     0  0.00  0  0  -2.759  57.227   3.189   0.724   0.624   0.000 01O000M000t
00455 GLU02A0225_003 f 0.00  0.000     0  0.00  0  0  -2.844  61.193   5.909  -0.083   0.253   0.000 02O000M000t
00456 GLU02A0225_004 f 0.00  0.000     0  0.00  0  0  -2.844  61.193   3.189   0.500   0.737   0.000 02O000M000t
00457 GLU-1A0225_005 f 0.00 -1.000     0  4.75  0 -1  -2.814  55.438   3.189   1.749   1.457   0.000 -1O000M000t
00458 THR01A0226_001 f 0.00  0.000     0  0.00  0  0  -3.392   0.259   1.789  -0.112   0.445   0.000 01O000M000t
00459 THR01A0226_002 f 0.00  0.000     0  0.00  0  0  -3.392   0.259   1.789   0.092   0.685   0.000 01O000M000t
00460 PRO01A0227_001 f 0.00  0.000     0  0.00  0  0  -0.629  -1.100   0.000   0.000   0.000   0.000 01O000M000t
00461 PRO01A0228_001 f 0.00  0.000     0  0.00  0  0  -1.385 999.000   0.000   0.000   0.000   0.000 01O000M000t
00462 ARG01A0229_001 f 0.00  0.000     0  0.00  0  0  -7.182 228.813  22.155  -0.724   2.411   0.000 01O000M000t
00463 ARG02A0229_002 f 0.00  0.000     0  0.00  0  0  -7.226 228.777  22.155   0.208   3.111   0.000 02O000M000t
00464 ARG02A0229_003 f 0.00  0.000     0  0.00  0  0  -7.211 228.862  22.155  -0.271   2.884   0.000 02O000M000t
00465 ARG03A0229_004 f 0.00  0.000     0  0.00  0  0  -7.227 228.750  22.155   0.006   2.856   0.000 03O000M000t
00466 ARG03A0229_005 f 0.00  0.000     0  0.00  0  0  -7.217 228.749  22.155  -0.002   2.504   0.000 03O000M000t
00467 ARG+1A0229_006 f 0.00  1.000     0 12.50  0  1  -7.267 228.744  22.155   1.521   4.168   0.000 +1O000M000t
00468 PRO01A0230_001 f 0.00  0.000     0  0.00  0  0  -1.914 714.308   0.000   0.000   0.000   0.000 01O000M000t
00469 ARG01A0231_001 f 0.00  0.000     0  0.00  0  0 -11.609 999.000  16.282  -0.522   0.633   0.000 01O000M000t
00470 ARG02A0231_002 f 0.00  0.000     0  0.00  0  0 -11.631 999.000  16.282  -0.980   1.593   0.000 02O000M000t
00471 ARG03A0231_003 f 0.00  0.000     0  0.00  0  0 -11.603 999.000  16.282  -1.054   1.409   0.000 03O000M000t
00472 ARG+1A0231_004 f 0.00  1.000     0 12.50  0  1 -11.674 999.000  16.282   1.423   0.390   0.000 +1O000M000t
00473 THR01A0232_001 f 0.00  0.000     0  0.00  0  0  -3.102  12.868   0.601  -0.330   0.674   0.000 01O000M000t
00474 THR01A0232_002 f 0.00  0.000     0  0.00  0  0  -3.102  12.868   0.601   0.198   1.299   0.000 01O000M000t
00475 THR01A0232_003 f 0.00  0.000     0  0.00  0  0  -3.102  12.868   0.226  -0.686   0.214   0.000 01O000M000t
00476 PRO01A0233_001 f 0.00  0.000     0  0.00  0  0  -1.556 999.000   0.000   0.000   0.000   0.000 01O000M000t
00477 ARG01A0235_001 f 0.00  0.000     0  0.00  0  0 999.000  -4.218   3.989   0.868   1.326   0.000 01O000M000t
00478 ARG02A0235_002 f 0.00  0.000     0  0.00  0  0 999.000  -4.173   3.989   0.742   2.431   0.000 02O000M000t
00479 ARG02A0235_003 f 0.00  0.000     0  0.00  0  0 999.000  -4.265   3.989  -0.129   2.536   0.000 02O000M000t
00480 ARG03A0235_004 f 0.00  0.000     0  0.00  0  0 999.000  -4.205   3.989   0.859   2.292   0.000 03O000M000t
00481 ARG+1A0235_005 f 0.00  1.000     0 12.50  0  1 999.000  -4.229   3.989   1.198   2.423   0.000 +1O000M000t
00482 PRO01A0236_001 f 0.00  0.000     0  0.00  0  0  -4.101  95.616   0.000   0.000   0.000   0.000 01O000M000t
00483 LEU01A0237_001 f 0.00  0.000     0  0.00  0  0   3.336  10.382   3.133   0.000   0.000   0.000 01O000M000t
00484 SER01A0238_001 f 0.00  0.000     0  0.00  0  0  -1.755   0.713   2.344  -0.798   0.413   0.000 01O000M000t
00485 SER01A0238_002 f 0.00  0.000     0  0.00  0  0  -1.755   0.713   1.969  -0.214   0.713   0.000 01O000M000t
00486 SER01A0239_001 f 0.00  0.000     0  0.00  0  0  -1.784 636.276   0.891  -0.582   0.186   0.000 01O000M000t
00487 TYR01A0240_001 f 0.00  0.000     0  0.00  0  0 999.000 999.000   1.365   3.444   0.276   0.000 01O000M000t
00488 TYR01A0240_002 f 0.00  0.000     0  0.00  0  0  97.396 999.000   1.365   4.533   0.803   0.000 01O000M000t
00489 TYR-1A0240_003 f 0.00 -1.000     0 10.20  0 -1  97.396 999.000   1.365   2.559   0.819   0.000 -1O000M000t
00490 MET01A0242_001 f 0.00  0.000     0  0.00  0  0  -6.905 999.000   5.790  -0.245   0.050   0.000 01O000M000t
00491 ASP01A0243_001 f 0.00  0.000     0  0.00  0  0  -2.125  36.289   5.248   0.752  -0.505   0.000 01O000M000t
00492 ASP01A0243_002 f 0.00  0.000     0  0.00  0  0  -2.125  36.289   2.528   0.396   0.544   0.000 01O000M000t
00493 ASP02A0243_003 f 0.00  0.000     0  0.00  0  0  -2.009  35.963   5.248   0.696  -0.292   0.000 02O000M000t
00494 ASP02A0243_004 f 0.00  0.000     0  0.00  0  0  -2.009  35.963   2.528   0.474   0.768   0.000 02O000M000t
00495 ASP-1A0243_005 f 0.00 -1.000     0  4.75  0 -1  -2.058  36.020   2.528  -0.359   0.334   0.000 -1O000M000t
00496 SER01A0244_001 f 0.00  0.000     0  0.00  0  0  -4.131   1.394   0.531  -0.097   0.082   0.000 01O000M000t
00497 ARG01A0245_001 f 0.00  0.000     0  0.00  0  0  -5.323 999.000  24.604   1.391   0.703   0.000 01O000M000t
00498 ARG02A0245_002 f 0.00  0.000     0  0.00  0  0  -5.336 999.000  24.604   1.229   1.436   0.000 02O000M000t
00499 ARG03A0245_003 f 0.00  0.000     0  0.00  0  0  -5.235 999.000  24.604   0.805   1.966   0.000 03O000M000t
00500 ARG+1A0245_004 f 0.00  1.000     0 12.50  0  1  -5.388 999.000  24.604   3.611   1.287   0.000 +1O000M000t
00501 PRO01A0246_001 f 0.00  0.000     0  0.00  0  0  -3.214 560.175   0.000   0.000   0.000   0.000 01O000M000t
00502 PRO01A0247_001 f 0.00  0.000     0  0.00  0  0  -4.076   5.003   0.000   0.000   0.000   0.000 01O000M000t
00503 MET01A0248_001 f 0.00  0.000     0  0.00  0  0  -0.582  -4.570   2.881  -0.007   0.085   0.000 01O000M000t
00504 ALA01A0249_001 f 0.00  0.000     0  0.00  0  0  -3.155  -0.708   0.000   0.000   0.000   0.000 01O000M000t
00505 ILE01A0250_001 f 0.00  0.000     0  0.00  0  0  -5.349  -0.590   2.321   0.000   0.000   0.000 01O000M000t
00506 PHE01A0251_001 f 0.00  0.000     0  0.00  0  0  -6.351  -3.079   0.000   0.000   0.000   0.000 01O000M000t
00507 GLU01A0252_001 f 0.00  0.000     0  0.00  0  0  -1.542  -2.523   5.048  -0.171   0.147   0.000 01O000M000t
00508 GLU01A0252_002 f 0.00  0.000     0  0.00  0  0  -1.542  -2.523   2.328  -0.306   1.010   0.000 01O000M000t
00509 GLU02A0252_003 f 0.00  0.000     0  0.00  0  0  -1.398  -2.553   5.048   0.885   0.362   0.000 02O000M000t
00510 GLU02A0252_004 f 0.00  0.000     0  0.00  0  0  -1.398  -2.553   2.328  -0.039   0.837   0.000 02O000M000t
00511 GLU-1A0252_005 f 0.00 -1.000     0  4.75  0 -1  -1.609  -2.484   2.328  -1.240   1.604   0.000 -1O000M000t
00512 LEU01A0253_001 f 0.00  0.000     0  0.00  0  0   1.942  -7.159   0.851   0.000   0.000   0.000 01O000M000t
00513 LEU01A0254_001 f 0.00  0.000     0  0.00  0  0  -1.084  -0.944   0.417   0.000   0.000   0.000 01O000M000t
00514 ASP01A0255_001 f 0.00  0.000     0  0.00  0  0  -1.630  -1.673   3.809   0.402   0.066   0.000 01O000M000t
00515 ASP01A0255_002 f 0.00  0.000     0  0.00  0  0  -1.630  -1.673   1.089   0.241   0.390   0.000 01O000M000t
00516 ASP02A0255_003 f 0.00  0.000     0  0.00  0  0  -1.593  -1.792   3.809   0.322  -0.215   0.000 02O000M000t
00517 ASP02A0255_004 f 0.00  0.000     0  0.00  0  0  -1.593  -1.792   1.089   0.230   1.016   0.000 02O000M000t
00518 ASP-1A0255_005 f 0.00 -1.000     0  4.75  0 -1  -1.619  -1.732   1.089  -0.145   1.220   0.000 -1O000M000t
00519 TYR01A0256_001 f 0.00  0.000     0  0.00  0  0   1.756  -6.684   0.527   0.006   1.100   0.000 01O000M000t
00520 TYR01A0256_002 f 0.00  0.000     0  0.00  0  0   1.756  -6.684   0.527  -0.210   1.275   0.000 01O000M000t
00521 TYR-1A0256_003 f 0.00 -1.000     0 10.20  0 -1   1.756  -6.684   0.527  -0.025   4.894   0.000 -1O000M000t
00522 ILE01A0257_001 f 0.00  0.000     0  0.00  0  0   0.830  -3.513   0.469   0.000   0.000   0.000 01O000M000t
00523 VAL01A0258_001 f 0.00  0.000     0  0.00  0  0  -0.418  -0.343   0.076   0.000   0.000   0.000 01O000M000t
00524 ASN01A0259_001 f 0.00  0.000     0  0.00  0  0  -1.846  -2.570   0.702   0.045   0.670   0.000 01O000M000t
00525 ASN01A0259_002 f 0.00  0.000     0  0.00  0  0  -2.166  -2.173   0.711   0.204   0.473   0.000 01R001M000t
00526 GLU01A0260_001 f 0.00  0.000     0  0.00  0  0  -1.513  -0.371   4.035   0.665   0.887   0.000 01O000M000t
00527 GLU01A0260_002 f 0.00  0.000     0  0.00  0  0  -1.513  -0.371   1.315  -0.035   0.816   0.000 01O000M000t
00528 GLU02A0260_003 f 0.00  0.000     0  0.00  0  0  -1.692  -0.464   4.035  -0.058  -0.068   0.000 02O000M000t
00529 GLU02A0260_004 f 0.00  0.000     0  0.00  0  0  -1.692  -0.464   1.315  -0.054   0.945   0.000 02O000M000t
00530 GLU-1A0260_005 f 0.00 -1.000     0  4.75  0 -1  -1.631  -0.435   1.315  -0.273   1.072   0.000 -1O000M000t
00531 PRO01A0261_001 f 0.00  0.000     0  0.00  0  0  -5.311  -1.874   0.000   0.000   0.000   0.000 01O000M000t
00532 PRO01A0262_001 f 0.00  0.000     0  0.00  0  0  -1.700  -1.775   0.000   0.000   0.000   0.000 01O000M000t
00533 PRO01A0263_001 f 0.00  0.000     0  0.00  0  0   0.235  -2.588   0.000   0.000   0.000   0.000 01O000M000t
00534 LYS01A0264_001 f 0.00  0.000     0  0.00  0  0  -7.591  -1.968   1.348   0.016   0.048   0.000 01O000M000t
00535 LYS+1A0264_002 f 0.00  1.000     0 10.40  0  1  -7.636  -1.970   1.348  -0.067  -0.349   0.000 +1O000M000t
00536 LEU01A0265_001 f 0.00  0.000     0  0.00  0  0   2.405  -0.080   2.927   0.000   0.000   0.000 01O000M000t
00537 PRO01A0266_001 f 0.00  0.000     0  0.00  0  0   0.117  -2.133   0.000   0.000   0.000   0.000 01O000M000t
00538 SER01A0267_001 f 0.00  0.000     0  0.00  0  0  -4.108  -0.608   1.131   0.308   0.155   0.000 01O000M000t
00539 VAL01A0269_001 f 0.00  0.000     0  0.00  0  0  -1.201   0.131   0.744   0.000   0.000   0.000 01O000M000t
00540 PHE01A0270_001 f 0.00  0.000     0  0.00  0  0   4.019  -4.627   0.003   0.000   0.000   0.000 01O000M000t
00541 SER01A0271_001 f 0.00  0.000     0  0.00  0  0  -1.508  -1.312   1.352  -0.198   1.882   0.000 01O000M000t
00542 SER01A0271_002 f 0.00  0.000     0  0.00  0  0  -1.508  -1.312   1.352   2.258   1.862   0.000 01O000M000t
00543 SER01A0271_003 f 0.00  0.000     0  0.00  0  0  -1.508  -1.312   0.977  -1.543   1.811   0.000 01O000M000t
00544 LEU01A0272_001 f 0.00  0.000     0  0.00  0  0  -7.143  -1.556   0.524   0.000   0.000   0.000 01O000M000t
00545 GLU01A0273_001 f 0.00  0.000     0  0.00  0  0  -0.561  -2.884   5.452   2.853   1.211   0.000 01O000M000t
00546 GLU01A0273_002 f 0.00  0.000     0  0.00  0  0  -0.561  -2.884   2.732  -0.215   0.742   0.000 01O000M000t
00547 GLU02A0273_003 f 0.00  0.000     0  0.00  0  0  -0.843  -2.959   5.452  -0.439  -0.363   0.000 02O000M000t
00548 GLU02A0273_004 f 0.00  0.000     0  0.00  0  0  -0.843  -2.959   2.732  -0.507   0.612   0.000 02O000M000t
00549 GLU-1A0273_005 f 0.00 -1.000     0  4.75  0 -1  -0.796  -2.926   2.732  -2.110   1.170   0.000 -1O000M000t
00550 PHE01A0274_001 f 0.00  0.000     0  0.00  0  0   3.838  -4.110   0.349   0.000   0.000   0.000 01O000M000t
00551 GLN01A0275_001 f 0.00  0.000     0  0.00  0  0   0.131  -5.086   0.923  -0.693   1.610   0.000 01O000M000t
00552 GLN01A0275_002 f 0.00  0.000     0  0.00  0  0   0.205  -6.419   0.896   0.361   1.422   0.000 01R001M000t
00553 ASP01A0276_001 f 0.00  0.000     0  0.00  0  0  -1.731  -2.928   3.662   0.441   0.171   0.000 01O000M000t
00554 ASP01A0276_002 f 0.00  0.000     0  0.00  0  0  -1.731  -2.928   0.942   0.236   1.408   0.000 01O000M000t
00555 ASP02A0276_003 f 0.00  0.000     0  0.00  0  0  -1.656  -3.047   3.662   0.838   0.647   0.000 02O000M000t
00556 ASP02A0276_004 f 0.00  0.000     0  0.00  0  0  -1.656  -3.047   0.942   0.349   1.399   0.000 02O000M000t
00557 ASP-1A0276_005 f 0.00 -1.000     0  4.75  0 -1  -1.736  -3.002   0.942  -0.778   3.276   0.000 -1O000M000t
00558 PHE01A0277_001 f 0.00  0.000     0  0.00  0  0   4.338  -6.138   0.005   0.000   0.000   0.000 01O000M000t
00559 VAL01A0278_001 f 0.00  0.000     0  0.00  0  0   0.595  -3.793   0.106   0.000   0.000   0.000 01O000M000t
00560 ASN01A0279_001 f 0.00  0.000     0  0.00  0  0  -1.203  -2.821   0.422   0.275   0.989   0.000 01O000M000t
00561 ASN01A0279_002 f 0.00  0.000     0  0.00  0  0  -1.260  -1.581   0.419   0.396   1.104   0.000 01R001M000t
00562 LYS01A0280_001 f 0.00  0.000     0  0.00  0  0  -3.640   0.657   1.453   0.048   0.376   0.000 01O000M000t
00563 LYS+1A0280_002 f 0.00  1.000     0 10.40  0  1  -3.715   0.648   1.453   0.137   1.418   0.000 +1O000M000t
00564 CYS01A0281_001 f 0.00  0.000     0  0.00  0  0  -0.002  -4.691   0.346   0.003   0.994   0.000 01O000M000t
00565 CYS01A0281_002 f 0.00  0.000     0  0.00  0  0  -0.002  -4.746   0.346  -0.313   0.992   0.000 01O000M000t
00566 CYS01A0281_003 f 0.00  0.000     0  0.00  0  0  -0.002  -4.690   0.346   0.202   0.995   0.000 01O000M000t
00567 CYS-1A0281_004 f 0.00 -1.000     0  9.10  0 -1   0.000  -4.642   0.346  -0.278  14.742   0.000 -1O000M000t
00568 LEU01A0282_001 f 0.00  0.000     0  0.00  0  0   1.915  -5.023   0.456   0.000   0.000   0.000 01O000M000t
00569 ILE01A0283_001 f 0.00  0.000     0  0.00  0  0  -0.547  -1.615   1.340   0.000   0.000   0.000 01O000M000t
00570 LYS01A0284_001 f 0.00  0.000     0  0.00  0  0  -0.164  -2.962   1.967  -0.378   1.037   0.000 01O000M000t
00571 LYS+1A0284_002 f 0.00  1.000     0 10.40  0  1  -0.215  -2.987   1.967  -4.985   6.590   0.000 +1O000M000t
00572 ASN01A0285_001 f 0.00  0.000     0  0.00  0  0  -2.303  -1.344   0.504  -2.482   1.014   0.000 01O000M000t
00573 ASN01A0285_002 f 0.00  0.000     0  0.00  0  0  -2.545   1.385   0.458   3.796   0.874   0.000 01R001M000t
00574 PRO01A0286_001 f 0.00  0.000     0  0.00  0  0  -1.992  -1.590   0.000   0.000   0.000   0.000 01O000M000t
00575 ALA01A0287_001 f 0.00  0.000     0  0.00  0  0  -4.153  -0.403   0.000   0.000   0.000   0.000 01O000M000t
00576 GLU01A0288_001 f 0.00  0.000     0  0.00  0  0  -2.806  -2.282   4.928  -0.011  -0.348   0.000 01O000M000t
00577 GLU01A0288_002 f 0.00  0.000     0  0.00  0  0  -2.806  -2.282   2.208   0.024   0.648   0.000 01O000M000t
00578 GLU02A0288_003 f 0.00  0.000     0  0.00  0  0  -2.752  -2.301   4.928   0.405   0.195   0.000 02O000M000t
00579 GLU02A0288_004 f 0.00  0.000     0  0.00  0  0  -2.752  -2.301   2.208   0.112   0.567   0.000 02O000M000t
00580 GLU-1A0288_005 f 0.00 -1.000     0  4.75  0 -1  -2.732  -2.259   2.208  -0.374   0.574   0.000 -1O000M000t
00581 ARG01A0289_001 f 0.00  0.000     0  0.00  0  0   4.629   5.090   2.688  -0.881   4.448   0.000 01O000M000t
00582 ARG02A0289_002 f 0.00  0.000     0  0.00  0  0   4.583   5.052   2.688  -1.790   4.972   0.000 02O000M000t
00583 ARG02A0289_003 f 0.00  0.000     0  0.00  0  0   4.640   4.896   2.688   1.290   4.962   0.000 02O000M000t
00584 ARG03A0289_004 f 0.00  0.000     0  0.00  0  0   4.577   5.031   2.688  -2.782   4.867   0.000 03O000M000t
00585 ARG03A0289_005 f 0.00  0.000     0  0.00  0  0   4.582   5.160   2.688  -1.762   4.851   0.000 03O000M000t
00586 ARG+1A0289_006 f 0.00  1.000     0 12.50  0  1   4.538   4.970   2.688  -4.715  11.510   0.000 +1O000M000t
00587 ALA01A0290_001 f 0.00  0.000     0  0.00  0  0   0.000  -1.815   0.000   0.000   0.000   0.000 01O000M000t
00588 ASP01A0291_001 f 0.00  0.000     0  0.00  0  0  -1.212  -3.498   4.154   1.930   1.024   0.000 01O000M000t
00589 ASP01A0291_002 f 0.00  0.000     0  0.00  0  0  -1.212  -3.498   1.434   0.456   1.165   0.000 01O000M000t
00590 ASP02A0291_003 f 0.00  0.000     0  0.00  0  0  -1.102  -3.746   4.154  -0.422   0.340   0.000 02O000M000t
00591 ASP02A0291_004 f 0.00  0.000     0  0.00  0  0  -1.102  -3.746   1.434  -0.337   1.526   0.000 02O000M000t
00592 ASP-1A0291_005 f 0.00 -1.000     0  4.75  0 -1  -1.179  -3.663   1.434  -3.874   3.365   0.000 -1O000M000t
00593 LEU01A0292_001 f 0.00  0.000     0  0.00  0  0   1.506  -5.140   0.608   0.000   0.000   0.000 01O000M000t
00594 LYS01A0293_001 f 0.00  0.000     0  0.00  0  0  -8.902   0.180   4.250  -0.021  -0.003   0.000 01O000M000t
00595 LYS+1A0293_002 f 0.00  1.000     0 10.40  0  1  -8.945   0.179   4.250   0.134  -0.359   0.000 +1O000M000t
00596 GLN01A0294_001 f 0.00  0.000     0  0.00  0  0   0.560  -0.597   0.880   1.982   0.721   0.000 01O000M000t
00597 GLN01A0294_002 f 0.00  0.000     0  0.00  0  0  -0.979  -2.133   0.905  -1.065   0.570   0.000 01R001M000t
00598 LEU01A0295_001 f 0.00  0.000     0  0.00  0  0   1.904  -5.434   0.470   0.000   0.000   0.000 01O000M000t
00599 MET01A0296_001 f 0.00  0.000     0  0.00  0  0  -2.900  -3.257   2.039   0.029   0.061   0.000 01O000M000t
00600 VAL01A0297_001 f 0.00  0.000     0  0.00  0  0  -5.790  -0.284   0.004   0.000   0.000   0.000 01O000M000t
00601 HIS01A0298_001 f 0.00  0.000     0  0.00  0  0  -0.730  -6.325   0.315  -2.664   3.425   0.000 01O000M000t
00602 HIS02A0298_002 f 0.00  0.000     0  0.00  0  0  -0.748  -6.398   0.315   2.912   2.341   0.000 02O000M000t
00603 HIS+1A0298_003 f 0.00  1.000     0  6.98  0  1  -0.773  -6.466   0.315   6.682   6.961   0.000 +1O000M000t
00604 ALA01A0299_001 f 0.00  0.000     0  0.00  0  0  -2.231  -0.390   0.000   0.000   0.000   0.000 01O000M000t
00605 PHE01A0300_001 f 0.00  0.000     0  0.00  0  0   4.189  -8.318   0.077   0.000   0.000   0.000 01O000M000t
00606 ILE01A0301_001 f 0.00  0.000     0  0.00  0  0   0.445  -5.449   0.424   0.000   0.000   0.000 01O000M000t
00607 LYS01A0302_001 f 0.00  0.000     0  0.00  0  0  -6.059  -2.886   3.780   0.044   0.237   0.000 01O000M000t
00608 LYS+1A0302_002 f 0.00  1.000     0 10.40  0  1  -6.108  -2.913   3.780   0.189   0.770   0.000 +1O000M000t
00609 ARG01A0303_001 f 0.00  0.000     0  0.00  0  0  -2.615  -5.347   1.303   0.605   2.997   0.000 01O000M000t
00610 ARG02A0303_002 f 0.00  0.000     0  0.00  0  0  -2.657  -5.343   1.303  -0.444   3.739   0.000 02O000M000t
00611 ARG02A0303_003 f 0.00  0.000     0  0.00  0  0  -2.600  -5.359   1.303   0.569   3.695   0.000 02O000M000t
00612 ARG03A0303_004 f 0.00  0.000     0  0.00  0  0  -2.663  -5.357   1.303   0.139   3.461   0.000 03O000M000t
00613 ARG03A0303_005 f 0.00  0.000     0  0.00  0  0  -2.658  -5.353   1.303   0.656   3.494   0.000 03O000M000t
00614 ARG+1A0303_006 f 0.00  1.000     0 12.50  0  1  -2.701  -5.376   1.303   2.392   5.523   0.000 +1O000M000t
00615 SER01A0304_001 f 0.00  0.000     0  0.00  0  0   0.000  -3.376   0.451   0.029   1.930   0.000 01O000M000t
00616 SER01A0304_002 f 0.00  0.000     0  0.00  0  0   0.000  -3.376   0.451  -1.187   1.938   0.000 01O000M000t
00617 SER01A0304_003 f 0.00  0.000     0  0.00  0  0   0.000  -3.376   0.076   0.242   1.967   0.000 01O000M000t
00618 ASP01A0305_001 f 0.00  0.000     0  0.00  0  0  -1.764  -0.171   5.557   0.362   0.014   0.000 01O000M000t
00619 ASP01A0305_002 f 0.00  0.000     0  0.00  0  0  -1.764  -0.171   2.837   0.182   1.236   0.000 01O000M000t
00620 ASP02A0305_003 f 0.00  0.000     0  0.00  0  0  -1.593  -0.532   5.557   0.066   0.225   0.000 02O000M000t
00621 ASP02A0305_004 f 0.00  0.000     0  0.00  0  0  -1.593  -0.532   2.837   0.174   0.975   0.000 02O000M000t
00622 ASP-1A0305_005 f 0.00 -1.000     0  4.75  0 -1  -1.655  -0.457   2.837   0.291   2.215   0.000 -1O000M000t
00623 ALA01A0306_001 f 0.00  0.000     0  0.00  0  0  -3.500  -0.746   0.000   0.000   0.000   0.000 01O000M000t
00624 GLU01A0307_001 f 0.00  0.000     0  0.00  0  0   0.211  -2.474   5.329  -0.196   1.130   0.000 01O000M000t
00625 GLU01A0307_002 f 0.00  0.000     0  0.00  0  0   0.211  -2.474   2.609   0.192   2.278   0.000 01O000M000t
00626 GLU02A0307_003 f 0.00  0.000     0  0.00  0  0  -0.025  -2.720   5.329  -0.165   0.887   0.000 02O000M000t
00627 GLU02A0307_004 f 0.00  0.000     0  0.00  0  0  -0.025  -2.720   2.609   0.096   1.883   0.000 02O000M000t
00628 GLU-1A0307_005 f 0.00 -1.000     0  4.75  0 -1  -0.031  -2.643   2.609  -0.749   6.300   0.000 -1O000M000t
00629 GLU01A0308_001 f 0.00  0.000     0  0.00  0  0  -4.091  -0.231   3.662   0.054  -0.482   0.000 01O000M000t
00630 GLU01A0308_002 f 0.00  0.000     0  0.00  0  0  -4.020  -0.231   0.942   0.035   0.577   0.000 01O000M000t
00631 GLU02A0308_003 f 0.00  0.000     0  0.00  0  0  -3.943  -0.235   3.662   0.021  -0.591   0.000 02O000M000t
00632 GLU02A0308_004 f 0.00  0.000     0  0.00  0  0  -3.907  -0.235   0.942   0.026   0.505   0.000 02O000M000t
00633 GLU-1A0308_005 f 0.00 -1.000     0  4.75  0 -1  -4.023  -0.211   0.942   0.013  -0.365   0.000 -1O000M000t
00634 VAL01A0309_001 f 0.00  0.000     0  0.00  0  0   0.295  -2.190   0.268   0.000   0.000   0.000 01O000M000t
00635 ASP01A0310_001 f 0.00  0.000     0  0.00  0  0  -2.930  -1.051   3.416   0.455  -0.357   0.000 01O000M000t
00636 ASP01A0310_002 f 0.00  0.000     0  0.00  0  0  -2.930  -1.051   0.696   0.490   0.889   0.000 01O000M000t
00637 ASP02A0310_003 f 0.00  0.000     0  0.00  0  0  -2.759  -0.416   3.416  -0.126  -0.245   0.000 02O000M000t
00638 ASP02A0310_004 f 0.00  0.000     0  0.00  0  0  -2.759  -0.416   0.696   0.190   1.090   0.000 02O000M000t
00639 ASP-1A0310_005 f 0.00 -1.000     0  4.75  0 -1  -2.814  -1.077   0.696  -2.141   1.640   0.000 -1O000M000t
00640 PHE01A0311_001 f 0.00  0.000     0  0.00  0  0   4.454  -5.848   0.185   0.000   0.000   0.000 01O000M000t
00641 ALA01A0312_001 f 0.00  0.000     0  0.00  0  0  -1.320  -1.257   0.000   0.000   0.000   0.000 01O000M000t
00642 TRP01A0314_001 f 0.00  0.000     0  0.00  0  0   0.109  -7.767   0.114   0.000   0.000   0.000 01O000M000t
00643 LEU01A0315_001 f 0.00  0.000     0  0.00  0  0   1.904  -6.951   0.650   0.000   0.000   0.000 01O000M000t
00644 CYS01A0316_001 f 0.00  0.000     0  0.00  0  0  -0.169  -4.294   0.057   0.344   0.835   0.000 01O000M000t
00645 CYS01A0316_002 f 0.00  0.000     0  0.00  0  0  -0.169  -4.391   0.057  -0.927   0.901   0.000 01O000M000t
00646 CYS01A0316_003 f 0.00  0.000     0  0.00  0  0  -0.170  -4.275   0.057  -0.519   0.676   0.000 01O000M000t
00647 CYS-1A0316_004 f 0.00 -1.000     0  9.10  0 -1  -0.167  -4.220   0.057  -4.921   7.405   0.000 -1O000M000t
00648 SER01A0317_001 f 0.00  0.000     0  0.00  0  0  -3.683  -2.458   1.083  -0.797   1.312   0.000 01O000M000t
00649 THR01A0318_001 f 0.00  0.000     0  0.00  0  0  -1.649  -2.762   0.381  -1.279   1.943   0.000 01O000M000t
00650 THR01A0318_002 f 0.00  0.000     0  0.00  0  0  -1.649  -2.762   0.006  -0.299   1.947   0.000 01O000M000t
00651 ILE01A0319_001 f 0.00  0.000     0  0.00  0  0   0.407  -3.694   1.213   0.000   0.000   0.000 01O000M000t
00652 LEU01A0321_001 f 0.00  0.000     0  0.00  0  0  -0.619   5.260   3.185   0.000   0.000   0.000 01O000M000t
00653 ASN01A0322_001 f 0.00  0.000     0  0.00  0  0  -2.646  -0.871   0.952   0.219   0.189   0.000 01O000M000t
00654 ASN01A0322_002 f 0.00  0.000     0  0.00  0  0  -2.829  -0.232   0.951   0.447  -0.020   0.000 01R001M000t
