Residue            pK      n(slope)   1000*chi2
GLU A0002_         pK or Em out of range
LYS A0004_         pK or Em out of range
ASP A0005_         pK or Em out of range
ASP A0006_         pK or Em out of range
ASP A0007_         pK or Em out of range
GLU A0009_         pK or Em out of range
LYS A0010_         pK or Em out of range
GLU A0013_         pK or Em out of range
LYS A0024_         pK or Em out of range
HIS A0027_         pK or Em out of range
LYS A0028_         pK or Em out of range
ARG A0036_         pK or Em out of range
LYS A0037_         pK or Em out of range
HIS A0040_         pK or Em out of range
GLU A0042_         pK or Em out of range
LYS A0044_         pK or Em out of range
ARG A0048_         pK or Em out of range
ARG A0053_         pK or Em out of range
GLU A0054_         pK or Em out of range
HIS A0059_         pK or Em out of range
GLU A0060_         pK or Em out of range
CYS A0061_         pK or Em out of range
TYR A0065_         pK or Em out of range
TYR A0070_         pK or Em out of range
TYR A0074_         pK or Em out of range
ASP A0076_         pK or Em out of range
GLU A0078_         pK or Em out of range
CYS A0082_         pK or Em out of range
GLU A0084_         pK or Em out of range
HIS A0085_         pK or Em out of range
ASP A0087_         pK or Em out of range
ASP A0092_         pK or Em out of range
LYS A0096_         pK or Em out of range
LYS A0097_         pK or Em out of range
ARG A0100_         pK or Em out of range
GLU A0103_         pK or Em out of range
LYS A0108_         pK or Em out of range
LYS A0115_         pK or Em out of range
TYR A0119_         pK or Em out of range
ARG A0121_         pK or Em out of range
GLU A0122_         pK or Em out of range
LYS A0123_         pK or Em out of range
HIS A0124_         pK or Em out of range
LYS A0125_         pK or Em out of range
HIS A0128_         pK or Em out of range
ARG A0129_         pK or Em out of range
ASP A0130_         pK or Em out of range
LYS A0132_         pK or Em out of range
ARG A0141_         pK or Em out of range
GLU A0143_         pK or Em out of range
LYS A0145_         pK or Em out of range
CYS A0147_         pK or Em out of range
ASP A0148_         pK or Em out of range
ASP A0157_         pK or Em out of range
ARG A0167_         pK or Em out of range
TYR A0169_         pK or Em out of range
GLU A0173_         pK or Em out of range
ARG A0174_         pK or Em out of range
HIS A0179_         pK or Em out of range
TYR A0180_         pK or Em out of range
ASP A0185_         pK or Em out of range
GLU A0195_         pK or Em out of range
ARG A0200_         pK or Em out of range
TYR A0201_         pK or Em out of range
ASP A0207_         pK or Em out of range
LYS A0209_         pK or Em out of range
GLU A0210_         pK or Em out of range
GLU A0212_         pK or Em out of range
CYS A0217_         pK or Em out of range
GLU A0220_         pK or Em out of range
ASP A0222_         pK or Em out of range
GLU A0225_         pK or Em out of range
ARG A0229_         pK or Em out of range
ARG A0231_         pK or Em out of range
ARG A0235_         pK or Em out of range
TYR A0240_         pK or Em out of range
ASP A0243_         pK or Em out of range
ARG A0245_         pK or Em out of range
GLU A0252_         pK or Em out of range
ASP A0255_         pK or Em out of range
TYR A0256_         pK or Em out of range
GLU A0260_         pK or Em out of range
LYS A0264_         pK or Em out of range
GLU A0273_         pK or Em out of range
ASP A0276_         pK or Em out of range
LYS A0280_         pK or Em out of range
CYS A0281_         pK or Em out of range
LYS A0284_         pK or Em out of range
GLU A0288_         pK or Em out of range
ARG A0289_         pK or Em out of range
ASP A0291_         pK or Em out of range
LYS A0293_         pK or Em out of range
HIS A0298_         pK or Em out of range
LYS A0302_         pK or Em out of range
ARG A0303_         pK or Em out of range
ASP A0305_         pK or Em out of range
GLU A0307_         pK or Em out of range
GLU A0308_         pK or Em out of range
ASP A0310_         pK or Em out of range
CYS A0316_         pK or Em out of range
