  pH           7     7     7     7     7
GLU-A0002_ -1.00 -1.00 -1.00 -1.00 -1.00
LYS+A0004_  1.00  1.00  1.00  1.00  1.00
ASP-A0005_ -1.00 -1.00 -1.00 -1.00 -1.00
ASP-A0006_ -1.00 -1.00 -1.00 -1.00 -1.00
ASP-A0007_ -0.99 -0.99 -0.99 -1.00 -0.99
GLU-A0009_ -1.00 -1.00 -1.00 -1.00 -1.00
LYS+A0010_  1.00  1.00  1.00  1.00  1.00
GLU-A0013_ -0.99 -0.99 -0.99 -0.99 -0.99
LYS+A0024_  1.00  1.00  1.00  1.00  1.00
HIS+A0027_  0.00  0.00  0.00  0.00  0.00
LYS+A0028_  1.00  1.00  1.00  1.00  1.00
ARG+A0036_  0.86  0.88  0.88  0.86  0.87
LYS+A0037_  1.00  1.00  1.00  1.00  1.00
HIS+A0040_  0.32  0.32  0.33  0.33  0.32
GLU-A0042_ -1.00 -1.00 -1.00 -1.00 -1.00
LYS+A0044_  1.00  1.00  1.00  1.00  1.00
ARG+A0048_  1.00  1.00  1.00  1.00  1.00
ARG+A0053_  1.00  1.00  1.00  1.00  1.00
GLU-A0054_ -0.97 -0.97 -0.97 -0.97 -0.97
HIS+A0059_  0.45  0.44  0.45  0.45  0.44
GLU-A0060_ -1.00 -1.00 -1.00 -1.00 -1.00
CYS-A0061_ -0.00 -0.00 -0.00 -0.00 -0.00
TYR-A0065_ -0.00 -0.00 -0.00 -0.00 -0.00
TYR-A0070_ -0.00 -0.00 -0.00 -0.00 -0.00
TYR-A0074_ -0.00 -0.00 -0.00 -0.00 -0.00
ASP-A0076_ -1.00 -1.00 -1.00 -1.00 -1.00
GLU-A0078_ -1.00 -1.00 -1.00 -1.00 -1.00
CYS-A0082_ -0.00 -0.00 -0.00 -0.00 -0.00
GLU-A0084_ -1.00 -1.00 -1.00 -1.00 -1.00
HIS+A0085_  0.01  0.01  0.01  0.01  0.01
ASP-A0087_ -1.00 -1.00 -1.00 -1.00 -1.00
ASP-A0092_ -1.00 -1.00 -1.00 -1.00 -1.00
LYS+A0096_  1.00  1.00  1.00  1.00  1.00
LYS+A0097_  1.00  1.00  1.00  1.00  1.00
ARG+A0100_  1.00  1.00  1.00  1.00  1.00
GLU-A0103_ -1.00 -1.00 -1.00 -1.00 -1.00
LYS+A0108_  0.99  0.99  0.99  0.99  0.99
LYS+A0115_  1.00  1.00  1.00  1.00  1.00
TYR-A0119_ -0.00 -0.00 -0.00 -0.00 -0.00
ARG+A0121_  1.00  1.00  1.00  1.00  1.00
GLU-A0122_ -1.00 -1.00 -1.00 -1.00 -1.00
LYS+A0123_  1.00  1.00  1.00  1.00  1.00
HIS+A0124_  0.01  0.01  0.01  0.01  0.01
LYS+A0125_  1.00  1.00  1.00  1.00  1.00
HIS+A0128_  0.00  0.00  0.00  0.00  0.00
ARG+A0129_  1.00  1.00  1.00  1.00  1.00
ASP-A0130_ -1.00 -1.00 -1.00 -1.00 -1.00
LYS+A0132_  1.00  1.00  1.00  1.00  1.00
ARG+A0141_  1.00  1.00  1.00  1.00  1.00
GLU-A0143_ -0.99 -0.99 -0.99 -0.99 -0.99
LYS+A0145_  0.99  1.00  0.99  1.00  0.99
CYS-A0147_ -0.00 -0.00 -0.00 -0.00 -0.00
ASP-A0148_ -1.00 -1.00 -1.00 -1.00 -1.00
ASP-A0157_ -1.00 -1.00 -1.00 -1.00 -1.00
ARG+A0167_  1.00  1.00  1.00  1.00  1.00
TYR-A0169_ -0.00 -0.00 -0.00 -0.00 -0.00
GLU-A0173_ -1.00 -1.00 -1.00 -1.00 -1.00
ARG+A0174_  1.00  1.00  1.00  1.00  1.00
HIS+A0179_  0.20  0.20  0.21  0.19  0.21
TYR-A0180_ -0.00 -0.00 -0.00 -0.00 -0.00
ASP-A0185_ -1.00 -1.00 -1.00 -1.00 -1.00
GLU-A0195_ -0.85 -0.83 -0.84 -0.84 -0.84
ARG+A0200_  1.00  1.00  1.00  1.00  1.00
TYR-A0201_ -0.00 -0.00 -0.00 -0.00 -0.00
ASP-A0207_ -1.00 -1.00 -1.00 -1.00 -1.00
LYS+A0209_  1.00  1.00  1.00  1.00  1.00
GLU-A0210_ -0.99 -0.99 -1.00 -0.99 -0.99
GLU-A0212_ -1.00 -1.00 -1.00 -1.00 -1.00
CYS-A0217_ -0.00 -0.00 -0.00 -0.00 -0.00
GLU-A0220_ -1.00 -1.00 -1.00 -1.00 -1.00
ASP-A0222_ -1.00 -1.00 -1.00 -1.00 -1.00
GLU-A0225_ -1.00 -1.00 -1.00 -1.00 -1.00
ARG+A0229_  0.00  0.00  0.00  0.00  0.00
ARG+A0231_  1.00  1.00  1.00  1.00  1.00
ARG+A0235_  1.00  1.00  1.00  1.00  1.00
TYR-A0240_ -0.02 -0.02 -0.02 -0.02 -0.03
ASP-A0243_ -1.00 -1.00 -1.00 -1.00 -1.00
ARG+A0245_  1.00  1.00  1.00  1.00  1.00
GLU-A0252_ -1.00 -1.00 -1.00 -1.00 -1.00
ASP-A0255_ -0.99 -0.99 -0.99 -0.99 -0.99
TYR-A0256_ -0.00 -0.00 -0.00 -0.00 -0.00
GLU-A0260_ -1.00 -1.00 -1.00 -0.99 -1.00
LYS+A0264_  1.00  1.00  1.00  1.00  1.00
GLU-A0273_ -1.00 -1.00 -1.00 -1.00 -1.00
ASP-A0276_ -1.00 -1.00 -1.00 -1.00 -1.00
LYS+A0280_  1.00  1.00  1.00  1.00  1.00
CYS-A0281_ -0.00 -0.00 -0.00 -0.00 -0.00
LYS+A0284_  1.00  1.00  1.00  1.00  1.00
GLU-A0288_ -1.00 -1.00 -1.00 -1.00 -1.00
ARG+A0289_  1.00  1.00  1.00  1.00  1.00
ASP-A0291_ -1.00 -1.00 -1.00 -1.00 -1.00
LYS+A0293_  1.00  1.00  1.00  1.00  1.00
HIS+A0298_  0.00  0.00  0.00  0.00  0.00
LYS+A0302_  1.00  1.00  1.00  1.00  1.00
ARG+A0303_  1.00  1.00  1.00  1.00  1.00
ASP-A0305_ -0.99 -0.99 -0.99 -1.00 -0.99
GLU-A0307_ -1.00 -1.00 -1.00 -1.00 -1.00
GLU-A0308_ -1.00 -1.00 -1.00 -1.00 -1.00
ASP-A0310_ -1.00 -1.00 -1.00 -1.00 -1.00
CYS-A0316_ -0.00 -0.00 -0.00 -0.00 -0.00
----------
Net_Charge -4.94 -4.91 -4.91 -4.96 -4.93
Protons    -4.94 -4.91 -4.91 -4.96 -4.93
Electrons   0.00  0.00  0.00  0.00  0.00
