   confID        vdw0    sas     sum
MET01A0001_001   0.315  -5.652  -5.337
GLU01A0002_001   0.842  -3.674  -2.832
GLU01A0002_002   0.842  -3.674  -2.832
GLU02A0002_003   0.922  -3.809  -2.888
GLU02A0002_004   0.922  -3.809  -2.888
GLU-1A0002_005   0.721  -3.677  -2.956
LEU01A0003_001   1.773  -0.412   1.361
LYS01A0004_001   1.226  -6.390  -5.164
LYS+1A0004_002   1.178  -6.390  -5.212
ASP01A0005_001   0.383  -1.964  -1.581
ASP01A0005_002   0.383  -1.964  -1.581
ASP02A0005_003   0.411  -2.043  -1.632
ASP02A0005_004   0.411  -2.043  -1.632
ASP-1A0005_005   0.320  -1.972  -1.652
ASP01A0006_001   0.302  -2.521  -2.218
ASP01A0006_002   0.302  -2.521  -2.218
ASP02A0006_003   0.400  -2.538  -2.138
ASP02A0006_004   0.400  -2.538  -2.138
ASP-1A0006_005   0.281  -2.471  -2.191
ASP01A0007_001   0.145  -1.155  -1.010
ASP01A0007_002   0.145  -1.155  -1.010
ASP02A0007_003   0.075  -1.179  -1.104
ASP02A0007_004   0.075  -1.179  -1.104
ASP-1A0007_005   0.071  -1.103  -1.032
PHE01A0008_001   4.474   0.000   4.474
GLU01A0009_001   0.705  -2.793  -2.088
GLU01A0009_002   0.705  -2.793  -2.088
GLU02A0009_003   0.736  -2.774  -2.038
GLU02A0009_004   0.736  -2.774  -2.038
GLU-1A0009_005   0.593  -2.683  -2.090
LYS01A0010_001   1.280  -7.562  -6.283
LYS+1A0010_002   1.233  -7.562  -6.329
ILE01A0011_001   1.680  -3.190  -1.510
SER01A0012_001   0.000  -2.772  -2.772
SER01A0012_002   0.000  -2.772  -2.772
GLU01A0013_001   1.061  -2.100  -1.039
GLU01A0013_002   1.061  -2.100  -1.039
GLU02A0013_003   0.890  -2.282  -1.392
GLU02A0013_004   0.890  -2.282  -1.392
GLU-1A0013_005   0.795  -2.101  -1.307
LEU01A0014_001   1.548  -2.830  -1.282
ALA01A0016_001   0.000  -1.851  -1.851
ASN01A0018_001   0.233  -2.216  -1.982
VAL01A0021_001   0.626  -2.659  -2.033
VAL01A0022_001   0.616  -1.767  -1.151
PHE01A0023_001   4.402  -1.802   2.600
LYS01A0024_001   0.922  -3.238  -2.316
LYS+1A0024_002   0.877  -3.238  -2.361
VAL01A0025_001   0.533   0.000   0.533
SER01A0026_001   0.000  -1.127  -1.127
HIS01A0027_001  -0.038  -0.132  -0.170
HIS02A0027_002  -0.060  -0.132  -0.192
HIS+1A0027_003  -0.086  -0.132  -0.217
LYS01A0028_001   1.105  -5.920  -4.815
LYS+1A0028_002   1.059  -5.920  -4.861
PRO01A0029_001   0.271  -1.803  -1.532
SER01A0030_001   0.000  -1.076  -1.076
SER01A0030_002   0.000  -1.076  -1.076
SER01A0030_003   0.000  -1.076  -1.076
LEU01A0032_001   1.979  -5.286  -3.307
VAL01A0033_001   0.628  -3.190  -2.563
MET01A0034_001   3.417   0.000   3.417
ALA01A0035_001   0.000  -0.238  -0.238
ARG01A0036_001   1.874  -0.642   1.231
ARG02A0036_002   1.836  -0.642   1.194
ARG02A0036_003   1.898  -0.642   1.255
ARG03A0036_004   1.831  -0.642   1.188
ARG03A0036_005   1.835  -0.642   1.193
ARG+1A0036_006   1.792  -0.642   1.150
LYS01A0037_001   1.592  -1.301   0.291
LYS+1A0037_002   1.539  -1.301   0.238
LEU01A0038_001   3.481  -1.098   2.383
ILE01A0039_001   0.625  -0.206   0.419
HIS01A0040_001  -0.088  -6.006  -6.094
HIS02A0040_002  -0.107  -6.006  -6.113
HIS+1A0040_003  -0.133  -6.006  -6.139
LEU01A0041_001   2.737  -0.618   2.119
GLU01A0042_001   1.048  -4.367  -3.319
GLU01A0042_002   1.048  -4.367  -3.319
GLU02A0042_003   0.875  -4.326  -3.451
GLU02A0042_004   0.875  -4.326  -3.451
GLU-1A0042_005   0.784  -4.375  -3.591
ILE01A0043_001   0.632  -1.748  -1.117
LYS01A0044_001   0.675  -9.797  -9.122
LYS+1A0044_002   0.630  -9.797  -9.167
PRO01A0045_001   0.268  -5.321  -5.053
ALA01A0046_001   0.000  -3.825  -3.825
ILE01A0047_001   1.310  -3.619  -2.309
ARG01A0048_001   1.395  -3.469  -2.073
ARG02A0048_002   1.351  -3.469  -2.118
ARG03A0048_003   1.356  -3.469  -2.113
ARG+1A0048_004   1.313  -3.469  -2.156
ASN01A0049_001   0.433  -2.087  -1.654
ASN01A0049_002   0.178  -2.033  -1.855
GLN01A0050_001   0.983  -2.009  -1.026
GLN01A0050_002   1.217  -2.178  -0.961
ILE01A0051_001   1.918   0.000   1.918
ILE01A0052_001   2.035  -2.196  -0.160
ARG01A0053_001   3.001  -8.683  -5.683
ARG02A0053_002   2.967  -8.683  -5.716
ARG03A0053_003   2.965  -8.683  -5.719
ARG+1A0053_004   2.920  -8.683  -5.763
GLU01A0054_001   0.624  -1.546  -0.922
GLU01A0054_002   0.624  -1.546  -0.922
GLU02A0054_003   0.527  -1.658  -1.131
GLU02A0054_004   0.527  -1.658  -1.131
GLU-1A0054_005   0.443  -1.546  -1.103
LEU01A0055_001   1.773  -0.052   1.722
GLN01A0056_001   0.730  -1.651  -0.922
GLN01A0056_002   0.601  -1.918  -1.317
VAL01A0057_001   0.632  -3.860  -3.228
LEU01A0058_001   1.949  -0.618   1.330
HIS01A0059_001  -0.039  -4.251  -4.291
HIS01A0059_002   0.026  -3.563  -3.537
HIS02A0059_003  -0.060  -4.251  -4.312
HIS02A0059_004   0.016  -3.563  -3.546
HIS+1A0059_005  -0.086  -4.251  -4.337
HIS+1A0059_006  -0.011  -3.563  -3.573
GLU01A0060_001   0.523  -3.171  -2.648
GLU01A0060_002   0.523  -3.171  -2.648
GLU02A0060_003   0.531  -3.161  -2.630
GLU02A0060_004   0.531  -3.161  -2.630
GLU-1A0060_005   0.412  -3.022  -2.610
CYS01A0061_001  -0.002   0.000  -0.002
CYS01A0061_002  -0.002   0.000  -0.002
CYS01A0061_003  -0.002   0.000  -0.002
CYS-1A0061_004   0.000   0.000   0.000
ASN01A0062_001   0.472  -2.420  -1.948
ASN01A0062_002   0.335  -2.302  -1.967
SER01A0063_001   0.000   0.000   0.000
SER01A0063_002   0.000   0.000   0.000
PRO01A0064_001   0.360  -4.958  -4.598
TYR01A0065_001   4.065  -3.613   0.453
TYR-1A0065_002   4.065  -3.613   0.453
ILE01A0066_001   0.512   0.000   0.512
VAL01A0067_001   0.631  -0.103   0.528
PHE01A0069_001   4.323  -0.103   4.220
TYR01A0070_001   4.197  -3.647   0.550
TYR-1A0070_002   4.197  -3.647   0.550
ALA01A0072_001   0.000   0.000   0.000
PHE01A0073_001   4.365  -1.234   3.131
TYR01A0074_001   4.205  -3.193   1.012
TYR-1A0074_002   4.205  -3.193   1.012
SER01A0075_001   0.000  -0.361  -0.361
SER01A0075_002   0.000  -0.361  -0.361
ASP01A0076_001   0.423  -3.915  -3.492
ASP01A0076_002   0.423  -3.915  -3.492
ASP02A0076_003   0.382  -3.924  -3.542
ASP02A0076_004   0.382  -3.924  -3.542
ASP-1A0076_005   0.325  -3.828  -3.503
GLU01A0078_001   0.874  -1.354  -0.481
GLU01A0078_002   0.874  -1.354  -0.481
GLU02A0078_003   0.868  -1.402  -0.534
GLU02A0078_004   0.868  -1.402  -0.534
GLU-1A0078_005   0.747  -1.344  -0.597
ILE01A0079_001   1.785   0.000   1.785
SER01A0080_001   0.000   0.000   0.000
SER01A0080_002   0.000   0.000   0.000
SER01A0080_003   0.000   0.000   0.000
ILE01A0081_001   1.700  -0.686   1.014
CYS01A0082_001  -0.002   0.000  -0.002
CYS01A0082_002  -0.002   0.000  -0.002
CYS01A0082_003  -0.002   0.000  -0.002
CYS-1A0082_004   0.000   0.000   0.000
MET01A0083_001   0.162  -0.644  -0.482
GLU01A0084_001   1.485  -0.796   0.690
GLU01A0084_002   1.485  -0.796   0.690
GLU02A0084_003   1.862  -0.849   1.013
GLU02A0084_004   1.862  -0.849   1.013
GLU-1A0084_005   1.417  -0.797   0.620
HIS01A0085_001  -0.053  -0.968  -1.020
HIS01A0085_002   0.003  -1.256  -1.253
HIS02A0085_003  -0.073  -0.968  -1.041
HIS02A0085_004  -0.007  -1.256  -1.263
HIS+1A0085_005  -0.098  -0.968  -1.066
HIS+1A0085_006  -0.034  -1.256  -1.290
MET01A0086_001   0.098  -0.052   0.046
ASP01A0087_001   0.233  -1.337  -1.105
ASP01A0087_002   0.233  -1.337  -1.105
ASP02A0087_003   0.147  -1.250  -1.103
ASP02A0087_004   0.147  -1.250  -1.103
ASP-1A0087_005   0.140  -1.279  -1.139
SER01A0090_001   0.000  -0.492  -0.492
LEU01A0091_001   1.782   0.000   1.782
ASP01A0092_001   0.383  -0.937  -0.554
ASP01A0092_002   0.383  -0.937  -0.554
ASP02A0092_003   0.474  -0.902  -0.428
ASP02A0092_004   0.474  -0.902  -0.428
ASP-1A0092_005   0.348  -0.896  -0.548
GLN01A0093_001   0.936  -1.841  -0.904
GLN01A0093_002   1.194  -1.755  -0.562
VAL01A0094_001   0.596   0.000   0.596
LEU01A0095_001   1.308  -0.361   0.947
LYS01A0096_001   0.967  -7.118  -6.151
LYS+1A0096_002   0.903  -7.118  -6.215
LYS01A0097_001   0.859  -5.517  -4.658
LYS+1A0097_002   0.814  -5.517  -4.703
ALA01A0098_001   0.000  -0.155  -0.155
ARG01A0100_001   2.412  -4.298  -1.886
ARG02A0100_002   2.422  -4.298  -1.877
ARG03A0100_003   2.358  -4.298  -1.940
ARG03A0100_004   2.363  -4.298  -1.935
ARG+1A0100_005   2.319  -4.298  -1.979
ILE01A0101_001   1.443   0.000   1.443
PRO01A0102_001   0.333  -3.393  -3.059
GLU01A0103_001   0.844  -0.793   0.051
GLU01A0103_002   0.844  -0.793   0.051
GLU02A0103_003   0.785  -0.662   0.123
GLU02A0103_004   0.785  -0.662   0.123
GLU-1A0103_005   0.658  -0.762  -0.104
GLN01A0104_001   1.455  -2.628  -1.173
GLN01A0104_002   1.240  -2.753  -1.513
ILE01A0105_001   0.482  -0.412   0.070
LEU01A0106_001   2.021   0.000   2.021
LYS01A0108_001   0.440  -3.558  -3.118
LYS+1A0108_002   0.397  -3.558  -3.160
VAL01A0109_001   0.526   0.000   0.526
SER01A0110_001   0.000   0.000   0.000
SER01A0110_002   0.000   0.000   0.000
ILE01A0111_001   0.903  -0.464   0.439
ALA01A0112_001   0.000   0.000   0.000
VAL01A0113_001   0.585  -0.052   0.533
ILE01A0114_001   2.244   0.000   2.244
LYS01A0115_001   0.462  -3.694  -3.232
LYS+1A0115_002   0.418  -3.694  -3.277
LEU01A0117_001   2.229  -0.052   2.178
THR01A0118_001   0.225  -2.073  -1.848
THR01A0118_002   0.225  -2.073  -1.848
THR01A0118_003   0.225  -2.073  -1.848
TYR01A0119_001   4.067  -1.637   2.430
TYR01A0119_002   4.067  -1.637   2.430
TYR-1A0119_003   4.067  -1.637   2.430
LEU01A0120_001   1.818   0.000   1.818
ARG01A0121_001   1.562  -4.737  -3.175
ARG02A0121_002   1.584  -4.737  -3.152
ARG03A0121_003   1.518  -4.737  -3.218
ARG+1A0121_004   1.480  -4.737  -3.257
GLU01A0122_001   0.539  -3.025  -2.487
GLU01A0122_002   0.539  -3.025  -2.487
GLU02A0122_003   0.552  -2.952  -2.401
GLU02A0122_004   0.552  -2.952  -2.401
GLU-1A0122_005   0.426  -3.010  -2.583
LYS01A0123_001   1.142  -7.112  -5.970
LYS+1A0123_002   1.070  -7.112  -6.042
HIS01A0124_001  -0.106  -0.930  -1.036
HIS02A0124_002  -0.125  -0.930  -1.055
HIS+1A0124_003  -0.150  -0.930  -1.080
LYS01A0125_001   0.633  -9.794  -9.161
LYS+1A0125_002   0.587  -9.794  -9.207
ILE01A0126_001   2.250  -1.320   0.930
MET01A0127_001  -0.219  -0.431  -0.650
HIS01A0128_001  -0.069   0.000  -0.069
HIS01A0128_002  -0.015   0.000  -0.015
HIS02A0128_003  -0.089   0.000  -0.089
HIS02A0128_004  -0.025   0.000  -0.025
HIS+1A0128_005  -0.115   0.000  -0.115
HIS+1A0128_006  -0.053   0.000  -0.053
ARG01A0129_001   2.931  -4.016  -1.085
ARG02A0129_002   2.990  -4.016  -1.026
ARG03A0129_003   2.904  -4.016  -1.112
ARG03A0129_004   2.908  -4.016  -1.108
ARG+1A0129_005   2.865  -4.016  -1.151
ASP01A0130_001   0.125  -0.917  -0.792
ASP01A0130_002   0.125  -0.917  -0.792
ASP02A0130_003   0.061  -0.818  -0.758
ASP02A0130_004   0.061  -0.818  -0.758
ASP-1A0130_005   0.056  -0.853  -0.796
VAL01A0131_001   0.562   0.000   0.562
LYS01A0132_001   1.130  -2.172  -1.042
LYS+1A0132_002   1.084  -2.172  -1.088
PRO01A0133_001   0.298  -0.048   0.250
SER01A0134_001   0.000  -1.945  -1.945
SER01A0134_002   0.000  -1.945  -1.945
SER01A0134_003   0.000  -1.945  -1.945
ASN01A0135_001   0.358  -0.684  -0.326
ILE01A0136_001   1.307   0.000   1.307
LEU01A0137_001   2.244  -1.494   0.750
VAL01A0138_001   0.540   0.000   0.540
ASN01A0139_001   0.457  -0.197   0.260
ASN01A0139_002   0.183  -0.172   0.010
SER01A0140_001   0.000  -1.059  -1.059
SER01A0140_002   0.000  -1.059  -1.059
SER01A0140_003   0.000  -1.059  -1.059
ARG01A0141_001   1.172  -8.958  -7.786
ARG02A0141_002   1.105  -8.958  -7.853
ARG03A0141_003   1.110  -8.958  -7.848
ARG+1A0141_004   1.067  -8.958  -7.892
GLU01A0143_001   1.082  -1.306  -0.224
GLU01A0143_002   1.082  -1.306  -0.224
GLU02A0143_003   1.297  -1.246   0.050
GLU02A0143_004   1.297  -1.246   0.050
GLU-1A0143_005   0.987  -1.210  -0.224
ILE01A0144_001   1.854  -0.155   1.700
LYS01A0145_001   0.795  -0.835  -0.040
LYS+1A0145_002   0.751  -0.835  -0.084
LEU01A0146_001   2.373   0.000   2.373
CYS01A0147_001  -0.002  -0.431  -0.433
CYS01A0147_002  -0.002  -0.431  -0.433
CYS01A0147_003  -0.002  -0.431  -0.433
CYS-1A0147_004   0.000  -0.431  -0.431
ASP01A0148_001   0.120  -0.808  -0.688
ASP01A0148_002   0.120  -0.808  -0.688
ASP02A0148_003   0.201  -0.819  -0.618
ASP02A0148_004   0.201  -0.819  -0.618
ASP-1A0148_005   0.114  -0.758  -0.644
PHE01A0149_001   4.404  -0.169   4.235
VAL01A0151_001   0.695  -0.052   0.644
SER01A0152_001   0.000   0.000   0.000
SER01A0152_002   0.000   0.000   0.000
SER01A0152_003   0.000   0.000   0.000
GLN01A0154_001   0.448  -1.831  -1.383
GLN01A0154_002   0.463  -1.693  -1.230
LEU01A0155_001   1.519  -0.721   0.797
ILE01A0156_001   1.536  -1.867  -0.331
ASP01A0157_001   0.252  -2.584  -2.332
ASP01A0157_002   0.252  -2.584  -2.332
ASP02A0157_003   0.343  -2.635  -2.292
ASP02A0157_004   0.343  -2.635  -2.292
ASP-1A0157_005   0.235  -2.541  -2.306
SER01A0158_001   0.000  -0.120  -0.120
SER01A0158_002   0.000  -0.120  -0.120
MET01A0159_001   0.911  -2.504  -1.593
ALA01A0160_001   0.000  -3.036  -3.036
ASN01A0161_001   0.318  -1.489  -1.170
ASN01A0161_002   0.107  -1.608  -1.501
SER01A0162_001   0.000  -3.940  -3.940
SER01A0162_002   0.000  -3.940  -3.940
PHE01A0163_001   4.136  -8.389  -4.253
VAL01A0164_001   0.729  -0.959  -0.231
THR01A0166_001   0.148  -3.787  -3.639
THR01A0166_002   0.148  -3.787  -3.639
ARG01A0167_001   2.662  -4.823  -2.162
ARG02A0167_002   2.605  -4.823  -2.218
ARG02A0167_003   2.640  -4.823  -2.183
ARG03A0167_004   2.599  -4.823  -2.224
ARG03A0167_005   2.604  -4.823  -2.219
ARG+1A0167_006   2.561  -4.823  -2.263
SER01A0168_001   0.000  -0.060  -0.060
SER01A0168_002   0.000  -0.060  -0.060
TYR01A0169_001   4.258  -0.727   3.531
TYR01A0169_002   4.258  -0.727   3.531
TYR-1A0169_003   4.258  -0.727   3.531
MET01A0170_001   0.255  -2.027  -1.772
SER01A0171_001   0.000   0.000   0.000
SER01A0171_002   0.000   0.000   0.000
SER01A0171_003   0.000   0.000   0.000
PRO01A0172_001   0.294  -0.103   0.191
GLU01A0173_001   1.247  -0.199   1.047
GLU01A0173_002   1.247  -0.199   1.047
GLU02A0173_003   1.127  -0.212   0.915
GLU02A0173_004   1.127  -0.212   0.915
GLU-1A0173_005   1.015  -0.211   0.804
ARG01A0174_001   2.415  -1.513   0.903
ARG02A0174_002   2.432  -1.513   0.919
ARG03A0174_003   2.370  -1.513   0.857
ARG+1A0174_004   2.331  -1.513   0.819
LEU01A0175_001   2.021  -0.460   1.560
GLN01A0176_001   0.884  -2.372  -1.488
GLN01A0176_002   0.841  -2.458  -1.617
THR01A0178_001   0.151  -7.016  -6.865
HIS01A0179_001  -0.119  -9.102  -9.220
HIS01A0179_002  -0.086  -9.593  -9.679
HIS02A0179_003  -0.137  -9.102  -9.238
HIS02A0179_004  -0.098  -9.593  -9.690
HIS+1A0179_005  -0.162  -9.102  -9.264
HIS+1A0179_006  -0.125  -9.593  -9.718
TYR01A0180_001   4.146  -2.380   1.767
TYR01A0180_002   4.146  -2.380   1.767
TYR-1A0180_003   4.146  -2.380   1.767
SER01A0181_001   0.000  -3.621  -3.621
SER01A0181_002   0.000  -3.621  -3.621
VAL01A0182_001   0.631  -1.954  -1.323
GLN01A0183_001   0.470  -0.586  -0.117
GLN01A0183_002   0.407  -0.582  -0.175
SER01A0184_001   0.000  -0.096  -0.096
SER01A0184_002   0.000  -0.096  -0.096
ASP01A0185_001   0.145  -0.036   0.109
ASP01A0185_002   0.145  -0.036   0.109
ASP02A0185_003   0.233  -0.034   0.198
ASP02A0185_004   0.233  -0.034   0.198
ASP-1A0185_005   0.139  -0.034   0.105
ILE01A0186_001   0.786   0.000   0.786
TRP01A0187_001   2.678   0.000   2.678
SER01A0188_001   0.000  -0.301  -0.301
SER01A0188_002   0.000  -0.301  -0.301
MET01A0189_001   0.579   0.000   0.579
LEU01A0191_001   2.179   0.000   2.179
SER01A0192_001   0.000   0.000   0.000
SER01A0192_002   0.000   0.000   0.000
SER01A0192_003   0.000   0.000   0.000
LEU01A0193_001   2.129   0.000   2.129
VAL01A0194_001   0.673   0.000   0.673
GLU01A0195_001   0.887  -0.145   0.742
GLU01A0195_002   0.887  -0.145   0.742
GLU02A0195_003   1.081  -0.138   0.943
GLU02A0195_004   1.081  -0.138   0.943
GLU-1A0195_005   0.803  -0.138   0.665
MET01A0196_001   0.505   0.000   0.505
ALA01A0197_001   0.000   0.000   0.000
VAL01A0198_001   0.672   0.000   0.672
ARG01A0200_001   2.307  -4.048  -1.741
ARG02A0200_002   2.263  -4.048  -1.785
ARG03A0200_003   2.258  -4.048  -1.790
ARG+1A0200_004   2.219  -4.048  -1.829
TYR01A0201_001   4.267  -0.720   3.547
TYR01A0201_002   4.267  -0.720   3.547
TYR-1A0201_003   4.267  -0.720   3.547
PRO01A0202_001   0.286  -0.155   0.132
ILE01A0203_001   1.315   0.000   1.315
PRO01A0204_001   0.226  -3.351  -3.125
PRO01A0205_001   0.250  -3.029  -2.779
PRO01A0206_001   0.286  -0.308  -0.021
ASP01A0207_001   0.403  -2.507  -2.104
ASP01A0207_002   0.403  -2.507  -2.104
ASP02A0207_003   0.486  -2.527  -2.041
ASP02A0207_004   0.486  -2.527  -2.041
ASP-1A0207_005   0.362  -2.381  -2.019
ALA01A0208_001   0.000  -4.478  -4.478
LYS01A0209_001   0.620  -9.524  -8.904
LYS+1A0209_002   0.574  -9.524  -8.950
GLU01A0210_001   0.531  -1.544  -1.013
GLU01A0210_002   0.531  -1.544  -1.013
GLU02A0210_003   0.535  -1.394  -0.859
GLU02A0210_004   0.535  -1.394  -0.859
GLU-1A0210_005   0.423  -1.477  -1.054
LEU01A0211_001   1.911  -3.036  -1.125
GLU01A0212_001   1.464  -3.236  -1.772
GLU01A0212_002   1.464  -3.236  -1.772
GLU02A0212_003   1.184  -3.400  -2.216
GLU02A0212_004   1.184  -3.400  -2.216
GLU-1A0212_005   1.106  -3.230  -2.124
LEU01A0213_001   1.764  -5.711  -3.947
MET01A0214_001   0.182  -1.076  -0.894
PHE01A0215_001   4.408  -1.183   3.226
CYS01A0217_001  -0.002  -1.121  -1.123
CYS01A0217_002  -0.002  -1.121  -1.122
CYS01A0217_003  -0.003  -1.121  -1.123
CYS-1A0217_004   0.000  -1.121  -1.121
GLN01A0218_001  10.805  -2.534   8.271
VAL01A0219_001   7.635  -4.221   3.415
GLU01A0220_001   0.501  -2.642  -2.141
GLU01A0220_002   0.501  -2.642  -2.141
GLU02A0220_003   0.624  -2.688  -2.064
GLU02A0220_004   0.624  -2.688  -2.064
GLU-1A0220_005   0.441  -2.635  -2.194
ASP01A0222_001   0.622  -1.934  -1.311
ASP01A0222_002   0.622  -1.934  -1.311
ASP02A0222_003   0.437  -1.949  -1.512
ASP02A0222_004   0.437  -1.949  -1.512
ASP-1A0222_005   0.434  -1.942  -1.508
ALA01A0223_001   0.000  -3.825  -3.825
ALA01A0224_001   0.000  -3.500  -3.500
GLU01A0225_001   0.374  -3.133  -2.759
GLU01A0225_002   0.374  -3.133  -2.759
GLU02A0225_003   0.413  -3.257  -2.844
GLU02A0225_004   0.413  -3.257  -2.844
GLU-1A0225_005   0.301  -3.116  -2.814
THR01A0226_001   0.213  -3.606  -3.392
THR01A0226_002   0.213  -3.606  -3.392
PRO01A0227_001   0.069  -0.698  -0.629
PRO01A0228_001   0.086  -1.471  -1.385
ARG01A0229_001   0.500  -7.683  -7.182
ARG02A0229_002   0.457  -7.683  -7.226
ARG02A0229_003   0.471  -7.683  -7.211
ARG03A0229_004   0.455  -7.683  -7.227
ARG03A0229_005   0.466  -7.683  -7.217
ARG+1A0229_006   0.416  -7.683  -7.267
PRO01A0230_001   0.127  -2.041  -1.914
ARG01A0231_001  -0.139 -11.470 -11.609
ARG02A0231_002  -0.161 -11.470 -11.631
ARG03A0231_003  -0.133 -11.470 -11.603
ARG+1A0231_004  -0.204 -11.470 -11.674
THR01A0232_001   0.471  -3.573  -3.102
THR01A0232_002   0.471  -3.573  -3.102
THR01A0232_003   0.471  -3.573  -3.102
PRO01A0233_001   0.211  -1.767  -1.556
ARG01A0235_0014991.611  -3.6324987.979
ARG02A0235_0024991.645  -3.6324988.013
ARG02A0235_0033964.678  -3.6333961.046
ARG03A0235_0044991.600  -3.6324987.968
ARG+1A0235_0054991.557  -3.6324987.924
PRO01A0236_001   0.335  -4.436  -4.101
LEU01A0237_001   8.863  -5.528   3.336
SER01A0238_001   0.000  -1.755  -1.755
SER01A0238_002   0.000  -1.755  -1.755
SER01A0239_001   0.000  -1.784  -1.784
TYR01A0240_0011103.461  -7.0651096.396
TYR01A0240_002 104.461  -7.065  97.396
TYR-1A0240_003 104.461  -7.065  97.396
MET01A0242_001   0.031  -6.937  -6.905
ASP01A0243_001   0.252  -2.377  -2.125
ASP01A0243_002   0.252  -2.377  -2.125
ASP02A0243_003   0.376  -2.385  -2.009
ASP02A0243_004   0.376  -2.385  -2.009
ASP-1A0243_005   0.246  -2.304  -2.058
SER01A0244_001   0.000  -4.131  -4.131
ARG01A0245_001   2.856  -8.179  -5.323
ARG02A0245_002   2.843  -8.179  -5.336
ARG03A0245_003   2.943  -8.179  -5.235
ARG+1A0245_004   2.791  -8.179  -5.388
PRO01A0246_001   0.230  -3.444  -3.214
PRO01A0247_001   0.230  -4.306  -4.076
MET01A0248_001   0.132  -0.715  -0.582
ALA01A0249_001   0.000  -3.155  -3.155
ILE01A0250_001   0.932  -6.281  -5.349
PHE01A0251_001   4.288 -10.639  -6.351
GLU01A0252_001   0.948  -2.490  -1.542
GLU01A0252_002   0.948  -2.490  -1.542
GLU02A0252_003   1.087  -2.485  -1.398
GLU02A0252_004   1.087  -2.485  -1.398
GLU-1A0252_005   0.841  -2.450  -1.609
LEU01A0253_001   1.942   0.000   1.942
LEU01A0254_001   1.266  -2.350  -1.084
ASP01A0255_001   0.340  -1.970  -1.630
ASP01A0255_002   0.340  -1.970  -1.630
ASP02A0255_003   0.431  -2.024  -1.593
ASP02A0255_004   0.431  -2.024  -1.593
ASP-1A0255_005   0.310  -1.930  -1.619
TYR01A0256_001   3.914  -2.158   1.756
TYR01A0256_002   3.914  -2.158   1.756
TYR-1A0256_003   3.914  -2.158   1.756
ILE01A0257_001   0.830   0.000   0.830
VAL01A0258_001   0.715  -1.133  -0.418
ASN01A0259_001   0.643  -2.489  -1.846
ASN01A0259_002   0.347  -2.513  -2.166
GLU01A0260_001   1.092  -2.605  -1.513
GLU01A0260_002   1.092  -2.605  -1.513
GLU02A0260_003   0.941  -2.633  -1.692
GLU02A0260_004   0.941  -2.633  -1.692
GLU-1A0260_005   0.850  -2.481  -1.631
PRO01A0261_001   0.257  -5.568  -5.311
PRO01A0262_001   0.324  -2.024  -1.700
PRO01A0263_001   0.303  -0.068   0.235
LYS01A0264_001   0.805  -8.397  -7.591
LYS+1A0264_002   0.761  -8.397  -7.636
LEU01A0265_001   2.405   0.000   2.405
PRO01A0266_001   0.272  -0.155   0.117
SER01A0267_001   0.000  -4.108  -4.108
VAL01A0269_001   0.601  -1.803  -1.201
PHE01A0270_001   4.306  -0.287   4.019
SER01A0271_001   0.000  -1.508  -1.508
SER01A0271_002   0.000  -1.508  -1.508
SER01A0271_003   0.000  -1.508  -1.508
LEU01A0272_001   1.781  -8.924  -7.143
GLU01A0273_001   1.648  -2.208  -0.561
GLU01A0273_002   1.648  -2.208  -0.561
GLU02A0273_003   1.362  -2.205  -0.843
GLU02A0273_004   1.362  -2.205  -0.843
GLU-1A0273_005   1.284  -2.080  -0.796
PHE01A0274_001   3.838   0.000   3.838
GLN01A0275_001   0.908  -0.777   0.131
GLN01A0275_002   1.056  -0.851   0.205
ASP01A0276_001   0.367  -2.097  -1.731
ASP01A0276_002   0.367  -2.097  -1.731
ASP02A0276_003   0.442  -2.098  -1.656
ASP02A0276_004   0.442  -2.098  -1.656
ASP-1A0276_005   0.327  -2.063  -1.736
PHE01A0277_001   4.338   0.000   4.338
VAL01A0278_001   0.595   0.000   0.595
ASN01A0279_001   0.230  -1.433  -1.203
ASN01A0279_002   0.037  -1.297  -1.260
LYS01A0280_001   0.759  -4.399  -3.640
LYS+1A0280_002   0.684  -4.399  -3.715
CYS01A0281_001  -0.002   0.000  -0.002
CYS01A0281_002  -0.002   0.000  -0.002
CYS01A0281_003  -0.002   0.000  -0.002
CYS-1A0281_004   0.000   0.000   0.000
LEU01A0282_001   1.915   0.000   1.915
ILE01A0283_001   1.565  -2.112  -0.547
LYS01A0284_001   2.917  -3.081  -0.164
LYS+1A0284_002   2.866  -3.081  -0.215
ASN01A0285_001   0.405  -2.708  -2.303
ASN01A0285_002   0.177  -2.721  -2.545
PRO01A0286_001   0.369  -2.361  -1.992
ALA01A0287_001   0.000  -4.153  -4.153
GLU01A0288_001   0.683  -3.489  -2.806
GLU01A0288_002   0.683  -3.489  -2.806
GLU02A0288_003   0.771  -3.523  -2.752
GLU02A0288_004   0.771  -3.523  -2.752
GLU-1A0288_005   0.587  -3.320  -2.732
ARG01A0289_001   4.629   0.000   4.629
ARG02A0289_002   4.583   0.000   4.583
ARG02A0289_003   4.640   0.000   4.640
ARG03A0289_004   4.577   0.000   4.577
ARG03A0289_005   4.582   0.000   4.582
ARG+1A0289_006   4.538   0.000   4.538
ALA01A0290_001   0.000   0.000   0.000
ASP01A0291_001   0.364  -1.576  -1.212
ASP01A0291_002   0.364  -1.576  -1.212
ASP02A0291_003   0.479  -1.580  -1.102
ASP02A0291_004   0.479  -1.580  -1.102
ASP-1A0291_005   0.342  -1.520  -1.179
LEU01A0292_001   2.382  -0.876   1.506
LYS01A0293_001   1.643 -10.544  -8.902
LYS+1A0293_002   1.599 -10.544  -8.945
GLN01A0294_001   3.061  -2.501   0.560
GLN01A0294_002   1.854  -2.833  -0.979
LEU01A0295_001   1.904   0.000   1.904
MET01A0296_001  -0.028  -2.873  -2.900
VAL01A0297_001   0.610  -6.400  -5.790
HIS01A0298_001  -0.121  -0.608  -0.730
HIS02A0298_002  -0.139  -0.608  -0.748
HIS+1A0298_003  -0.165  -0.608  -0.773
ALA01A0299_001   0.000  -2.231  -2.231
PHE01A0300_001   4.189   0.000   4.189
ILE01A0301_001   0.497  -0.052   0.445
LYS01A0302_001   1.008  -7.066  -6.059
LYS+1A0302_002   0.959  -7.066  -6.108
ARG01A0303_001   1.494  -4.108  -2.615
ARG02A0303_002   1.451  -4.108  -2.657
ARG02A0303_003   1.508  -4.108  -2.600
ARG03A0303_004   1.446  -4.108  -2.663
ARG03A0303_005   1.450  -4.108  -2.658
ARG+1A0303_006   1.407  -4.108  -2.701
SER01A0304_001   0.000   0.000   0.000
SER01A0304_002   0.000   0.000   0.000
SER01A0304_003   0.000   0.000   0.000
ASP01A0305_001   0.163  -1.927  -1.764
ASP01A0305_002   0.163  -1.927  -1.764
ASP02A0305_003   0.250  -1.844  -1.593
ASP02A0305_004   0.250  -1.844  -1.593
ASP-1A0305_005   0.154  -1.809  -1.655
ALA01A0306_001   0.000  -3.500  -3.500
GLU01A0307_001   1.046  -0.835   0.211
GLU01A0307_002   1.046  -0.835   0.211
GLU02A0307_003   0.896  -0.921  -0.025
GLU02A0307_004   0.896  -0.921  -0.025
GLU-1A0307_005   0.804  -0.835  -0.031
GLU01A0308_001   0.492  -4.583  -4.091
GLU01A0308_002   0.492  -4.512  -4.020
GLU02A0308_003   0.495  -4.438  -3.943
GLU02A0308_004   0.495  -4.402  -3.907
GLU-1A0308_005   0.378  -4.401  -4.023
VAL01A0309_001   0.656  -0.361   0.295
ASP01A0310_001   0.323  -3.252  -2.930
ASP01A0310_002   0.323  -3.252  -2.930
ASP02A0310_003   0.423  -3.182  -2.759
ASP02A0310_004   0.423  -3.182  -2.759
ASP-1A0310_005   0.300  -3.113  -2.814
PHE01A0311_001   4.454   0.000   4.454
ALA01A0312_001   0.000  -1.320  -1.320
TRP01A0314_001   2.636  -2.527   0.109
LEU01A0315_001   1.904   0.000   1.904
CYS01A0316_001  -0.002  -0.167  -0.169
CYS01A0316_002  -0.002  -0.167  -0.169
CYS01A0316_003  -0.002  -0.167  -0.170
CYS-1A0316_004   0.000  -0.167  -0.167
SER01A0317_001   0.000  -3.683  -3.683
THR01A0318_001   0.170  -1.819  -1.649
THR01A0318_002   0.170  -1.819  -1.649
ILE01A0319_001   1.025  -0.618   0.407
LEU01A0321_001   1.783  -2.402  -0.619
ASN01A0322_001   0.182  -2.827  -2.646
ASN01A0322_002   0.009  -2.838  -2.829
