 ph              7.4
ASN01A0001_001 0.336
ASN01A0001_002 0.336
PRO01A0002_001 0.000
ASN01A0003_001 0.410
ASN01A0003_002 0.410
TYR01A0004_001 0.000
TYR-1A0004_002 0.000
CYS01A0005_001 0.608
CYS01A0005_002 0.608
CYS01A0005_003 0.608
CYS-1A0005_004 0.000
PHE01A0006_001 0.000
ALA01A0007_001 0.000
LYS01A0009_001 0.000
LYS+1A0009_002 0.000
THR01A0010_001 0.287
THR01A0010_002 0.287
SER01A0011_001 0.000
SER01A0012_001 0.272
SER01A0012_002 0.272
ILE01A0013_001 0.000
SER01A0014_001 0.000
ASP01A0015_001 0.000
ASP01A0015_002 0.000
ASP02A0015_003 0.000
ASP02A0015_004 0.000
ASP-1A0015_005 0.000
LEU01A0016_001 0.000
LYS01A0017_001 0.000
LYS+1A0017_002 0.000
GLU01A0018_001 0.000
GLU01A0018_002 0.000
GLU02A0018_003 0.000
GLU02A0018_004 0.000
GLU-1A0018_005 0.000
VAL01A0019_001 0.000
PRO01A0020_001 0.000
ARG01A0021_001 0.000
ARG02A0021_002 0.000
ARG03A0021_003 0.000
ARG+1A0021_004 0.000
LYS01A0022_001 0.000
LYS+1A0022_002 0.000
ASN01A0023_001 0.044
ASN01A0023_002 0.044
ILE01A0024_001 0.000
THR01A0025_001 0.000
LEU01A0026_001 0.000
ILE01A0027_001 0.000
ARG01A0028_001 0.000
ARG02A0028_002 0.000
ARG02A0028_003 0.000
ARG03A0028_004 0.000
ARG+1A0028_005 0.000
LEU01A0030_001 0.000
HIS01A0032_001 0.714
HIS01A0032_002 0.714
HIS02A0032_003 0.714
HIS02A0032_004 0.714
HIS+1A0032_005 0.246
HIS+1A0032_006 0.246
ALA01A0034_001 0.000
PHE01A0035_001 0.000
GLU01A0037_001 0.000
GLU01A0037_002 0.000
GLU02A0037_003 0.000
GLU02A0037_004 0.000
GLU-1A0037_005 0.000
VAL01A0038_001 0.000
TYR01A0039_001 0.391
TYR01A0039_002 0.391
TYR-1A0039_003 0.000
GLU01A0040_001 0.000
GLU01A0040_002 0.000
GLU02A0040_003 0.000
GLU02A0040_004 0.000
GLU-1A0040_005 0.000
GLN01A0042_001 0.309
GLN01A0042_002 0.309
VAL01A0043_001 0.000
SER01A0044_001 0.000
MET01A0046_001 0.000
PRO01A0047_001 0.000
ASN01A0048_001 0.000
ASP01A0049_001 0.000
ASP01A0049_002 0.000
ASP02A0049_003 0.000
ASP02A0049_004 0.000
ASP-1A0049_005 0.000
PRO01A0050_001 0.000
SER01A0051_001 0.000
PRO01A0052_001 0.000
LEU01A0053_001 0.000
GLN01A0054_001 0.337
GLN01A0054_002 0.337
VAL01A0055_001 0.000
ALA01A0056_001 0.000
VAL01A0057_001 0.000
LYS01A0058_001 0.000
LYS+1A0058_002 0.000
THR01A0059_001 0.152
THR01A0059_002 0.152
THR01A0059_003 0.152
LEU01A0060_001 0.000
PRO01A0061_001 0.000
GLU01A0062_001 0.000
GLU01A0062_002 0.000
GLU02A0062_003 0.000
GLU02A0062_004 0.000
GLU-1A0062_005 0.000
VAL01A0063_001 0.000
CYS01A0064_001 0.637
CYS01A0064_002 0.637
CYS01A0064_003 0.637
CYS-1A0064_004 0.000
SER01A0065_001 0.034
SER01A0065_002 0.034
GLU01A0066_001 0.000
GLU01A0066_002 0.000
GLU02A0066_003 0.000
GLU02A0066_004 0.000
GLU-1A0066_005 0.000
GLN01A0067_001 0.166
GLN01A0067_002 0.166
ASP01A0068_001 0.000
ASP01A0068_002 0.000
ASP02A0068_003 0.000
ASP02A0068_004 0.000
ASP-1A0068_005 0.000
GLU01A0069_001 0.000
GLU01A0069_002 0.000
GLU02A0069_003 0.000
GLU02A0069_004 0.000
GLU-1A0069_005 0.000
LEU01A0070_001 0.000
ASP01A0071_001 0.388
ASP01A0071_002 0.388
ASP02A0071_003 0.388
ASP02A0071_004 0.388
ASP-1A0071_005 0.000
PHE01A0072_001 0.000
LEU01A0073_001 0.000
MET01A0074_001 0.000
GLU01A0075_001 0.306
GLU01A0075_002 0.306
GLU02A0075_003 0.306
GLU02A0075_004 0.306
GLU-1A0075_005 0.000
ALA01A0076_001 0.000
LEU01A0077_001 0.000
ILE01A0078_001 0.000
ILE01A0079_001 0.000
SER01A0080_001 0.410
SER01A0080_002 0.410
LYS01A0081_001 0.000
LYS+1A0081_002 0.000
PHE01A0082_001 0.000
ASN01A0083_001 0.000
HIS01A0084_001 0.000
HIS02A0084_002 0.000
HIS+1A0084_003 0.000
GLN01A0085_001 0.054
GLN01A0085_002 0.054
ASN01A0086_001 0.000
ASN01A0086_002 0.000
ILE01A0087_001 0.000
VAL01A0088_001 0.000
ARG01A0089_001 0.000
ARG02A0089_002 0.000
ARG02A0089_003 0.000
ARG03A0089_004 0.000
ARG+1A0089_005 0.000
CYS01A0090_001 0.635
CYS01A0090_002 0.635
CYS01A0090_003 0.635
CYS-1A0090_004 0.000
ILE01A0091_001 0.000
VAL01A0093_001 0.000
SER01A0094_001 0.392
SER01A0094_002 0.392
SER01A0094_003 0.392
LEU01A0095_001 0.000
GLN01A0096_001 0.108
GLN01A0096_002 0.108
SER01A0097_001 0.000
LEU01A0098_001 0.000
PRO01A0099_001 0.000
ARG01A0100_001 0.000
ARG02A0100_002 0.000
ARG03A0100_003 0.000
ARG03A0100_004 0.000
ARG+1A0100_005 0.000
PHE01A0101_001 0.000
ILE01A0102_001 0.000
LEU01A0103_001 0.000
MET01A0104_001 0.000
GLU01A0105_001 0.000
GLU01A0105_002 0.000
GLU02A0105_003 0.000
GLU02A0105_004 0.000
GLU-1A0105_005 0.000
LEU01A0106_001 0.000
MET01A0107_001 0.000
ALA01A0108_001 0.000
ASP01A0111_001 0.000
ASP01A0111_002 0.000
ASP02A0111_003 0.000
ASP02A0111_004 0.000
ASP-1A0111_005 0.000
LEU01A0112_001 0.000
LYS01A0113_001 0.000
LYS+1A0113_002 0.000
SER01A0114_001 0.513
SER01A0114_002 0.513
SER01A0114_003 0.513
PHE01A0115_001 0.000
LEU01A0116_001 0.000
ARG01A0117_001 0.000
ARG02A0117_002 0.000
ARG03A0117_003 0.000
ARG+1A0117_004 0.000
GLU01A0118_001 0.000
GLU01A0118_002 0.000
GLU02A0118_003 0.000
GLU02A0118_004 0.000
GLU-1A0118_005 0.000
THR01A0119_001 0.272
THR01A0119_002 0.272
ARG01A0120_001 0.000
ARG02A0120_002 0.000
ARG02A0120_003 0.000
ARG03A0120_004 0.000
ARG+1A0120_005 0.000
PRO01A0121_001 0.000
ARG01A0122_001 0.000
ARG02A0122_002 0.000
ARG03A0122_003 0.000
ARG+1A0122_004 0.000
PRO01A0123_001 0.000
SER01A0124_001 0.000
GLN01A0125_001 0.000
PRO01A0126_001 0.000
SER01A0127_001 0.263
SER01A0127_002 0.263
SER01A0128_001 0.000
LEU01A0129_001 0.000
ALA01A0130_001 0.000
MET01A0131_001 0.000
LEU01A0132_001 0.000
ASP01A0133_001 0.000
ASP01A0133_002 0.000
ASP02A0133_003 0.000
ASP02A0133_004 0.000
ASP-1A0133_005 0.000
LEU01A0134_001 0.000
LEU01A0135_001 0.000
HIS01A0136_001 0.707
HIS01A0136_002 0.707
HIS02A0136_003 0.707
HIS02A0136_004 0.707
HIS+1A0136_005 0.000
HIS+1A0136_006 0.000
VAL01A0137_001 0.000
ALA01A0138_001 0.000
ARG01A0139_001 0.000
ARG02A0139_002 0.000
ARG02A0139_003 0.000
ARG03A0139_004 0.000
ARG03A0139_005 0.000
ARG+1A0139_006 0.000
ASP01A0140_001 0.000
ASP01A0140_002 0.000
ASP02A0140_003 0.000
ASP02A0140_004 0.000
ASP-1A0140_005 0.000
ILE01A0141_001 0.000
ALA01A0142_001 0.000
CYS01A0143_001 0.650
CYS01A0143_002 0.650
CYS01A0143_003 0.650
CYS-1A0143_004 0.000
CYS01A0145_001 0.632
CYS01A0145_002 0.632
CYS01A0145_003 0.632
CYS-1A0145_004 0.000
GLN01A0146_001 0.379
GLN01A0146_002 0.379
TYR01A0147_001 0.000
TYR-1A0147_002 0.000
LEU01A0148_001 0.000
GLU01A0149_001 0.000
GLU01A0149_002 0.000
GLU02A0149_003 0.000
GLU02A0149_004 0.000
GLU-1A0149_005 0.000
GLU01A0150_001 0.000
GLU01A0150_002 0.000
GLU02A0150_003 0.000
GLU02A0150_004 0.000
GLU-1A0150_005 0.000
ASN01A0151_001 0.039
ASN01A0151_002 0.039
HIS01A0152_001 0.762
HIS01A0152_002 0.762
HIS02A0152_003 0.762
HIS02A0152_004 0.762
HIS+1A0152_005 0.334
HIS+1A0152_006 0.334
PHE01A0153_001 0.000
ILE01A0154_001 0.000
HIS01A0155_001 0.000
HIS02A0155_002 0.000
HIS+1A0155_003 0.000
ARG01A0156_001 0.000
ARG02A0156_002 0.000
ARG03A0156_003 0.000
ARG+1A0156_004 0.000
ASP01A0157_001 0.318
ASP01A0157_002 0.318
ASP02A0157_003 0.318
ASP02A0157_004 0.318
ASP-1A0157_005 0.000
ILE01A0158_001 0.000
ALA01A0159_001 0.000
ALA01A0160_001 0.000
ARG01A0161_001 0.000
ARG02A0161_002 0.000
ARG03A0161_003 0.000
ARG03A0161_004 0.000
ARG+1A0161_005 0.000
ASN01A0162_001 0.045
ASN01A0162_002 0.045
CYS01A0163_001 0.565
CYS01A0163_002 0.565
CYS01A0163_003 0.565
CYS-1A0163_004 0.000
LEU01A0164_001 0.000
LEU01A0165_001 0.000
THR01A0166_001 0.018
THR01A0166_002 0.018
CYS01A0167_001 0.489
CYS01A0167_002 0.489
CYS01A0167_003 0.489
CYS-1A0167_004 0.000
PRO01A0168_001 0.000
PRO01A0170_001 0.000
ARG01A0172_001 0.000
ARG02A0172_002 0.000
ARG02A0172_003 0.000
ARG03A0172_004 0.000
ARG03A0172_005 0.000
ARG+1A0172_006 0.000
VAL01A0173_001 0.000
ALA01A0174_001 0.000
LYS01A0175_001 0.000
LYS+1A0175_002 0.000
ILE01A0176_001 0.000
ALA01A0177_001 0.000
ASP01A0178_001 0.000
ASP01A0178_002 0.000
ASP02A0178_003 0.000
ASP02A0178_004 0.000
ASP-1A0178_005 0.000
PHE01A0179_001 0.000
MET01A0181_001 0.000
ALA01A0182_001 0.000
ARG01A0183_001 0.000
ARG02A0183_002 0.000
ARG02A0183_003 0.000
ARG03A0183_004 0.000
ARG03A0183_005 0.000
ARG+1A0183_006 0.000
ASP01A0184_001 0.000
ASP01A0184_002 0.000
ASP02A0184_003 0.000
ASP02A0184_004 0.000
ASP-1A0184_005 0.000
ILE01A0185_001 0.000
TYR01A0186_001 0.000
TYR-1A0186_002 0.000
ARG01A0187_001 0.000
ARG02A0187_002 0.000
ARG02A0187_003 0.000
ARG03A0187_004 0.000
ARG+1A0187_005 0.000
ALA01A0188_001 0.000
SER01A0189_001 0.369
SER01A0189_002 0.369
TYR01A0190_001 0.000
TYR-1A0190_002 0.000
TYR01A0191_001 0.000
TYR-1A0191_002 0.000
ARG01A0192_001 0.000
ARG02A0192_002 0.000
ARG03A0192_003 0.000
ARG+1A0192_004 0.000
LYS01A0193_001 0.000
LYS+1A0193_002 0.000
CYS01A0196_001 0.649
CYS01A0196_002 0.649
CYS01A0196_003 0.649
CYS-1A0196_004 0.000
ALA01A0197_001 0.000
MET01A0198_001 0.000
LEU01A0199_001 0.000
PRO01A0200_001 0.000
VAL01A0201_001 0.000
LYS01A0202_001 0.000
LYS+1A0202_002 0.000
TRP01A0203_001 0.000
MET01A0204_001 0.000
PRO01A0205_001 0.000
PRO01A0206_001 0.000
GLU01A0207_001 0.000
GLU01A0207_002 0.000
GLU02A0207_003 0.000
GLU02A0207_004 0.000
GLU-1A0207_005 0.000
ALA01A0208_001 0.000
PHE01A0209_001 0.000
MET01A0210_001 0.000
GLU01A0211_001 0.000
GLU01A0211_002 0.000
GLU02A0211_003 0.000
GLU02A0211_004 0.000
GLU-1A0211_005 0.000
ILE01A0213_001 0.000
PHE01A0214_001 0.000
THR01A0215_001 0.000
THR01A0215_002 0.000
SER01A0216_001 0.218
SER01A0216_002 0.218
LYS01A0217_001 0.000
LYS+1A0217_002 0.000
THR01A0218_001 0.279
THR01A0218_002 0.279
ASP01A0219_001 0.000
ASP01A0219_002 0.000
ASP02A0219_003 0.000
ASP02A0219_004 0.000
ASP-1A0219_005 0.000
THR01A0220_001 0.379
THR01A0220_002 0.379
THR01A0220_003 0.379
TRP01A0221_001 0.000
SER01A0222_001 0.066
SER01A0222_002 0.066
PHE01A0223_001 0.000
VAL01A0225_001 0.000
LEU01A0226_001 0.000
LEU01A0227_001 0.000
TRP01A0228_001 0.000
GLU01A0229_001 0.000
GLU01A0229_002 0.000
GLU02A0229_003 0.000
GLU02A0229_004 0.000
GLU-1A0229_005 0.000
ILE01A0230_001 0.000
PHE01A0231_001 0.000
SER01A0232_001 0.000
LEU01A0233_001 0.000
TYR01A0235_001 0.410
TYR01A0235_002 0.410
TYR-1A0235_003 0.000
MET01A0236_001 0.000
PRO01A0237_001 0.000
TYR01A0238_001 0.000
TYR-1A0238_002 0.000
PRO01A0239_001 0.000
SER01A0240_001 0.044
SER01A0240_002 0.044
LYS01A0241_001 0.000
LYS+1A0241_002 0.000
SER01A0242_001 0.042
SER01A0242_002 0.042
ASN01A0243_001 0.010
ASN01A0243_002 0.010
GLN01A0244_001 0.403
GLN01A0244_002 0.403
GLU01A0245_001 0.000
GLU01A0245_002 0.000
GLU02A0245_003 0.000
GLU02A0245_004 0.000
GLU-1A0245_005 0.000
VAL01A0246_001 0.000
LEU01A0247_001 0.000
GLU01A0248_001 0.404
GLU01A0248_002 0.404
GLU02A0248_003 0.404
GLU02A0248_004 0.404
GLU-1A0248_005 0.000
PHE01A0249_001 0.000
VAL01A0250_001 0.000
THR01A0251_001 0.090
THR01A0251_002 0.090
SER01A0252_001 0.410
SER01A0252_002 0.410
ARG01A0255_001 0.000
ARG02A0255_002 0.000
ARG02A0255_003 0.000
ARG03A0255_004 0.000
ARG+1A0255_005 0.000
MET01A0256_001 0.000
ASP01A0257_001 0.000
ASP01A0257_002 0.000
ASP02A0257_003 0.000
ASP02A0257_004 0.000
ASP-1A0257_005 0.000
PRO01A0258_001 0.000
PRO01A0259_001 0.000
LYS01A0260_001 0.000
LYS+1A0260_002 0.000
ASN01A0261_001 0.108
ASN01A0261_002 0.108
CYS01A0262_001 0.636
CYS01A0262_002 0.636
CYS01A0262_003 0.636
CYS-1A0262_004 0.000
PRO01A0263_001 0.000
PRO01A0265_001 0.000
VAL01A0266_001 0.000
TYR01A0267_001 0.039
TYR01A0267_002 0.039
TYR-1A0267_003 0.000
ARG01A0268_001 0.000
ARG02A0268_002 0.000
ARG03A0268_003 0.000
ARG+1A0268_004 0.000
ILE01A0269_001 0.000
MET01A0270_001 0.000
THR01A0271_001 0.048
THR01A0271_002 0.048
GLN01A0272_001 0.083
GLN01A0272_002 0.083
CYS01A0273_001 0.649
CYS01A0273_002 0.649
CYS01A0273_003 0.649
CYS-1A0273_004 0.000
TRP01A0274_001 0.000
GLN01A0275_001 0.369
GLN01A0275_002 0.369
HIS01A0276_001 0.686
HIS01A0276_002 0.686
HIS02A0276_003 0.686
HIS02A0276_004 0.686
HIS+1A0276_005 0.409
HIS+1A0276_006 0.409
GLN01A0277_001 0.044
GLN01A0277_002 0.044
PRO01A0278_001 0.000
GLU01A0279_001 0.000
GLU01A0279_002 0.000
GLU02A0279_003 0.000
GLU02A0279_004 0.000
GLU-1A0279_005 0.000
ASP01A0280_001 0.000
ASP01A0280_002 0.000
ASP02A0280_003 0.000
ASP02A0280_004 0.000
ASP-1A0280_005 0.000
ARG01A0281_001 0.000
ARG02A0281_002 0.000
ARG02A0281_003 0.000
ARG03A0281_004 0.000
ARG03A0281_005 0.000
ARG+1A0281_006 0.000
PRO01A0282_001 0.000
ASN01A0283_001 0.000
PHE01A0284_001 0.000
ALA01A0285_001 0.000
ILE01A0286_001 0.000
ILE01A0287_001 0.000
LEU01A0288_001 0.000
GLU01A0289_001 0.000
GLU01A0289_002 0.000
GLU02A0289_003 0.000
GLU02A0289_004 0.000
GLU-1A0289_005 0.000
ARG01A0290_001 0.000
ARG02A0290_002 0.000
ARG03A0290_003 0.000
ARG+1A0290_004 0.000
ILE01A0291_001 0.000
GLU01A0292_001 0.000
GLU01A0292_002 0.000
GLU02A0292_003 0.000
GLU02A0292_004 0.000
GLU-1A0292_005 0.000
TYR01A0293_001 0.409
TYR01A0293_002 0.409
TYR-1A0293_003 0.000
CYS01A0294_001 0.371
CYS01A0294_002 0.371
CYS01A0294_003 0.371
CYS-1A0294_004 0.000
THR01A0295_001 0.528
THR01A0295_002 0.528
THR01A0295_003 0.528
GLN01A0296_001 0.400
GLN01A0296_002 0.400
ASP01A0297_001 0.000
ASP01A0297_002 0.000
ASP02A0297_003 0.000
ASP02A0297_004 0.000
ASP-1A0297_005 0.000
PRO01A0298_001 0.000
ASP01A0299_001 0.000
ASP01A0299_002 0.000
ASP02A0299_003 0.000
ASP02A0299_004 0.000
ASP-1A0299_005 0.000
VAL01A0300_001 0.000
ILE01A0301_001 0.000
ASN01A0302_001 0.232
ASN01A0302_002 0.232
THR01A0303_001 0.000
ALA01A0304_001 0.000
LEU01A0305_001 0.000
PRO01A0306_001 0.000
ILE01A0307_001 0.000
GLU01A0308_001 0.000
GLU01A0308_002 0.000
GLU02A0308_003 0.000
GLU02A0308_004 0.000
GLU-1A0308_005 0.000
TYR01A0309_001 0.000
TYR-1A0309_002 0.000
VGH21B0001_001 0.000
VGH21B0001_002 0.000
VGH11B0001_003 0.000
VGH01B0001_004 0.000
VGH12B0001_005 0.000
VGHDMB0001_006 0.000
