iConf CONFORMER     FL  occ    crg   Em0  pKa0 ne nH    vdw0    vdw1    tors    epol   dsolv   extra    history
00001 ASN01A0001_001 f 0.00  0.000     0  0.00  0  0  -1.988  -0.302   1.435   0.452   0.818   0.000 01O000M000t
00002 ASN01A0001_002 f 0.00  0.000     0  0.00  0  0  -2.385   0.085   1.434   0.195   0.329   0.000 01R001M000t
00003 PRO01A0002_001 f 0.00  0.000     0  0.00  0  0  -1.914   1.395   0.000   0.000   0.000   0.000 01O000M000t
00004 ASN01A0003_001 f 0.00  0.000     0  0.00  0  0  -2.101  -2.711   0.477   0.348   0.553   0.000 01O000M000t
00005 ASN01A0003_002 f 0.00  0.000     0  0.00  0  0  -2.157  -2.325   0.477   0.088   0.660   0.000 01R001M000t
00006 TYR01A0004_001 f 0.00  0.000     0  0.00  0  0   4.372  -8.804   0.154  -0.036   1.986   0.000 01O000M000t
00007 TYR-1A0004_002 f 0.00 -1.000     0 10.20  0 -1   4.372  -8.804   0.154  -0.310   9.049   0.000 -1O000M000t
00008 CYS01A0005_001 f 0.00  0.000     0  0.00  0  0  -3.544  -1.960   0.239  -0.052   0.339   0.000 01O000M000t
00009 CYS01A0005_002 f 0.00  0.000     0  0.00  0  0  -3.544  -1.967   0.239  -0.035   0.233   0.000 01O000M000t
00010 CYS01A0005_003 f 0.00  0.000     0  0.00  0  0  -3.545  -1.907   0.239  -0.234   0.008   0.000 01O000M000t
00011 CYS-1A0005_004 f 0.00 -1.000     0  9.10  0 -1  -3.542  -1.891   0.239  -1.162   1.698   0.000 -1O000M000t
00012 PHE01A0006_001 f 0.00  0.000     0  0.00  0  0   3.888  -6.209   0.134   0.000   0.000   0.000 01O000M000t
00013 ALA01A0007_001 f 0.00  0.000     0  0.00  0  0  -1.475   2.175   0.000   0.000   0.000   0.000 01O000M000t
00014 LYS01A0009_001 f 0.00  0.000     0  0.00  0  0   0.460   2.571   2.288  -0.006  -0.030   0.000 01O000M000t
00015 LYS+1A0009_002 f 0.00  1.000     0 10.40  0  1   0.413   2.568   2.288  -0.166  -0.291   0.000 +1O000M000t
00016 THR01A0010_001 f 0.00  0.000     0  0.00  0  0  -4.704   1.069   0.399  -0.001   0.815   0.000 01O000M000t
00017 THR01A0010_002 f 0.00  0.000     0  0.00  0  0  -4.704   1.069   0.399  -0.023   1.388   0.000 01O000M000t
00018 SER01A0011_001 f 0.00  0.000     0  0.00  0  0  -0.192  -2.093   0.393  -0.779   0.928   0.000 01O000M000t
00019 SER01A0012_001 f 0.00  0.000     0  0.00  0  0  -1.287  -1.401   0.380  -0.784   0.111   0.000 01O000M000t
00020 SER01A0012_002 f 0.00  0.000     0  0.00  0  0  -1.287  -1.401   0.005  -1.545   0.182   0.000 01O000M000t
00021 ILE01A0013_001 f 0.00  0.000     0  0.00  0  0  -1.459  82.762   0.670   0.000   0.000   0.000 01O000M000t
00022 SER01A0014_001 f 0.00  0.000     0  0.00  0  0  -4.363  -0.855   0.407  -0.387  -0.122   0.000 01O000M000t
00023 ASP01A0015_001 f 0.00  0.000     0  0.00  0  0  -1.732   2.942   3.410  -1.171  -0.317   0.000 01O000M000t
00024 ASP01A0015_002 f 0.00  0.000     0  0.00  0  0  -1.732   2.942   0.690  -1.307   0.708   0.000 01O000M000t
00025 ASP02A0015_003 f 0.00  0.000     0  0.00  0  0  -1.467 999.000   3.410   4.045   1.279   0.000 02O000M000t
00026 ASP02A0015_004 f 0.00  0.000     0  0.00  0  0  -1.467   4.974   0.690  -0.670   0.619   0.000 02O000M000t
00027 ASP-1A0015_005 f 0.00 -1.000     0  4.75  0 -1  -1.637   2.849   0.690  -2.821   1.804   0.000 -1O000M000t
00028 LEU01A0016_001 f 0.00  0.000     0  0.00  0  0   1.820  -5.862   0.487   0.000   0.000   0.000 01O000M000t
00029 LYS01A0017_001 f 0.00  0.000     0  0.00  0  0  -6.709   2.043   1.598  -0.193   0.347   0.000 01O000M000t
00030 LYS+1A0017_002 f 0.00  1.000     0 10.40  0  1  -6.754   2.103   1.598  -1.400   1.519   0.000 +1O000M000t
00031 GLU01A0018_001 f 0.00  0.000     0  0.00  0  0   1.806  -5.440   3.337  -1.910   1.134   0.000 01O000M000t
00032 GLU01A0018_002 f 0.00  0.000     0  0.00  0  0   1.806  -5.440   0.617   2.892   2.322   0.000 01O000M000t
00033 GLU02A0018_003 f 0.00  0.000     0  0.00  0  0   1.304  -5.461   3.337  -1.835   1.148   0.000 02O000M000t
00034 GLU02A0018_004 f 0.00  0.000     0  0.00  0  0   1.304  -5.461   0.617   2.322   2.378   0.000 02O000M000t
00035 GLU-1A0018_005 f 0.00 -1.000     0  4.75  0 -1   1.279  -5.562   0.617  -5.889   6.771   0.000 -1O000M000t
00036 VAL01A0019_001 f 0.00  0.000     0  0.00  0  0   0.073  -1.481   0.017   0.000   0.000   0.000 01O000M000t
00037 PRO01A0020_001 f 0.00  0.000     0  0.00  0  0  -3.158  -0.526   0.000   0.000   0.000   0.000 01O000M000t
00038 ARG01A0021_001 f 0.00  0.000     0  0.00  0  0  -1.550   1.058   2.816  -0.927   3.107   0.000 01O000M000t
00039 ARG02A0021_002 f 0.00  0.000     0  0.00  0  0  -1.489   1.033   2.816  -1.341   3.447   0.000 02O000M000t
00040 ARG03A0021_003 f 0.00  0.000     0  0.00  0  0  -1.576   1.051   2.816   1.056   3.484   0.000 03O000M000t
00041 ARG+1A0021_004 f 0.00  1.000     0 12.50  0  1  -1.619   1.021   2.816  -2.480   6.411   0.000 +1O000M000t
00042 LYS01A0022_001 f 0.00  0.000     0  0.00  0  0  -7.639  -1.348   0.911   0.099   0.517   0.000 01O000M000t
00043 LYS+1A0022_002 f 0.00  1.000     0 10.40  0  1  -7.703  -1.356   0.911   0.674   1.692   0.000 +1O000M000t
00044 ASN01A0023_001 f 0.00  0.000     0  0.00  0  0  -1.157   0.932   0.351   0.082   0.945   0.000 01O000M000t
00045 ASN01A0023_002 f 0.00  0.000     0  0.00  0  0  -1.056  -0.933   0.351   0.132   0.678   0.000 01R001M000t
00046 ILE01A0024_001 f 0.00  0.000     0  0.00  0  0   2.355  -1.790   0.477   0.000   0.000   0.000 01O000M000t
00047 THR01A0025_001 f 0.00  0.000     0  0.00  0  0  -4.739  -0.585   0.384  -0.182  -0.243   0.000 01O000M000t
00048 LEU01A0026_001 f 0.00  0.000     0  0.00  0  0  -1.542   6.375   0.573   0.000   0.000   0.000 01O000M000t
00049 ILE01A0027_001 f 0.00  0.000     0  0.00  0  0   0.163  -1.036   0.418   0.000   0.000   0.000 01O000M000t
00050 ARG01A0028_001 f 0.00  0.000     0  0.00  0  0  -5.184  -1.276   0.669   0.007   0.759   0.000 01O000M000t
00051 ARG02A0028_002 f 0.00  0.000     0  0.00  0  0  -5.221  -1.281   0.669   0.030   1.894   0.000 02O000M000t
00052 ARG02A0028_003 f 0.00  0.000     0  0.00  0  0  -5.128  -1.276   0.669  -0.116   1.404   0.000 02O000M000t
00053 ARG03A0028_004 f 0.00  0.000     0  0.00  0  0  -5.229  -1.283   0.669  -0.002   1.709   0.000 03O000M000t
00054 ARG+1A0028_005 f 0.00  1.000     0 12.50  0  1  -5.269  -1.285   0.669   0.095   0.917   0.000 +1O000M000t
00055 LEU01A0030_001 f 0.00  0.000     0  0.00  0  0   1.742  -4.321   0.455   0.000   0.000   0.000 01O000M000t
00056 HIS01A0032_001 f 0.00  0.000     0  0.00  0  0  -7.320 610.961   2.679   0.814   0.255   0.000 01O000M000t
00057 HIS01A0032_002 f 0.00  0.000     0  0.00  0  0  -7.773 610.965   2.679   0.818   0.255   0.000 01R001M000t
00058 HIS02A0032_003 f 0.00  0.000     0  0.00  0  0  -7.330 610.937   2.679   0.574   0.097   0.000 02O000M000t
00059 HIS02A0032_004 f 0.00  0.000     0  0.00  0  0  -7.801 610.944   2.679   0.581   0.127   0.000 02R001M000t
00060 HIS+1A0032_005 f 0.00  1.000     0  6.98  0  1  -7.352 610.933   2.679   1.183   0.003   0.000 +1O000M000t
00061 HIS+1A0032_006 f 0.00  1.000     0  6.98  0  1  -7.830 610.941   2.679   1.147  -0.469   0.000 +1R001M000t
00062 ALA01A0034_001 f 0.00  0.000     0  0.00  0  0  -4.137   2.796   0.000   0.000   0.000   0.000 01O000M000t
00063 PHE01A0035_001 f 0.00  0.000     0  0.00  0  0  -0.986  -3.296   0.016   0.000   0.000   0.000 01O000M000t
00064 GLU01A0037_001 f 0.00  0.000     0  0.00  0  0  -0.964  -1.426   3.445   0.345   0.060   0.000 01O000M000t
00065 GLU01A0037_002 f 0.00  0.000     0  0.00  0  0  -0.964  -1.426   0.725   0.061   0.756   0.000 01O000M000t
00066 GLU02A0037_003 f 0.00  0.000     0  0.00  0  0  -1.410  -1.409   3.445   0.050  -0.332   0.000 02O000M000t
00067 GLU02A0037_004 f 0.00  0.000     0  0.00  0  0  -1.410  -1.409   0.725   0.010   0.954   0.000 02O000M000t
00068 GLU-1A0037_005 f 0.00 -1.000     0  4.75  0 -1  -1.367  -1.386   0.725  -0.699   1.092   0.000 -1O000M000t
00069 VAL01A0038_001 f 0.00  0.000     0  0.00  0  0   0.552  -1.635   0.012   0.000   0.000   0.000 01O000M000t
00070 TYR01A0039_001 f 0.00  0.000     0  0.00  0  0   1.589  -8.384   0.028   0.310   0.981   0.000 01O000M000t
00071 TYR01A0039_002 f 0.00  0.000     0  0.00  0  0   1.589  -8.384   0.028   0.235   0.761   0.000 01O000M000t
00072 TYR-1A0039_003 f 0.00 -1.000     0 10.20  0 -1   1.589  -8.384   0.028  -0.512   2.096   0.000 -1O000M000t
00073 GLU01A0040_001 f 0.00  0.000     0  0.00  0  0   0.980  -3.240   3.022   0.463   1.096   0.000 01O000M000t
00074 GLU01A0040_002 f 0.00  0.000     0  0.00  0  0   0.980  -3.240   0.302   0.126   1.161   0.000 01O000M000t
00075 GLU02A0040_003 f 0.00  0.000     0  0.00  0  0   0.595  -3.230   3.022   0.096   1.044   0.000 02O000M000t
00076 GLU02A0040_004 f 0.00  0.000     0  0.00  0  0   0.595  -3.230   0.302   0.056   1.224   0.000 02O000M000t
00077 GLU-1A0040_005 f 0.00 -1.000     0  4.75  0 -1   0.533  -3.192   0.302  -0.409   3.239   0.000 -1O000M000t
00078 GLN01A0042_001 f 0.00  0.000     0  0.00  0  0  -0.537  -4.452   0.585   0.068   0.297   0.000 01O000M000t
00079 GLN01A0042_002 f 0.00  0.000     0  0.00  0  0   0.203  -4.471   0.586   0.094   0.142   0.000 01R001M000t
00080 VAL01A0043_001 f 0.00  0.000     0  0.00  0  0   0.333  23.387   0.119   0.000   0.000   0.000 01O000M000t
00081 SER01A0044_001 f 0.00  0.000     0  0.00  0  0  -3.279  -1.816   1.719  -0.258   0.143   0.000 01O000M000t
00082 MET01A0046_001 f 0.00  0.000     0  0.00  0  0   1.866   7.432   3.625   0.124   0.043   0.000 01O000M000t
00083 PRO01A0047_001 f 0.00  0.000     0  0.00  0  0  -6.221   0.108   0.000   0.000   0.000   0.000 01O000M000t
00084 ASN01A0048_001 f 0.00  0.000     0  0.00  0  0   0.720  15.787   0.990   0.381  -0.082   0.000 01O000M000t
00085 ASP01A0049_001 f 0.00  0.000     0  0.00  0  0  -3.340   6.946   5.531   0.290  -0.847   0.000 01O000M000t
00086 ASP01A0049_002 f 0.00  0.000     0  0.00  0  0  -3.340   6.946   2.811   0.238   0.027   0.000 01O000M000t
00087 ASP02A0049_003 f 0.00  0.000     0  0.00  0  0  -3.227   6.972   5.531   0.226  -0.660   0.000 02O000M000t
00088 ASP02A0049_004 f 0.00  0.000     0  0.00  0  0  -3.227   6.972   2.811   0.214   0.517   0.000 02O000M000t
00089 ASP-1A0049_005 f 0.00 -1.000     0  4.75  0 -1  -3.279   7.006   2.811  -0.164  -0.621   0.000 -1O000M000t
00090 PRO01A0050_001 f 0.00  0.000     0  0.00  0  0  -6.484   1.325   0.000   0.000   0.000   0.000 01O000M000t
00091 SER01A0051_001 f 0.00  0.000     0  0.00  0  0  -2.564  -2.343   2.017  -0.340   0.073   0.000 01O000M000t
00092 PRO01A0052_001 f 0.00  0.000     0  0.00  0  0  -0.697 999.000   0.000   0.000   0.000   0.000 01O000M000t
00093 LEU01A0053_001 f 0.00  0.000     0  0.00  0  0  -3.624  -1.724   0.829   0.000   0.000   0.000 01O000M000t
00094 GLN01A0054_001 f 0.00  0.000     0  0.00  0  0  -1.115  -1.151   0.430   0.047   0.068   0.000 01O000M000t
00095 GLN01A0054_002 f 0.00  0.000     0  0.00  0  0  -0.075  -1.160   0.429   0.109  -0.323   0.000 01R001M000t
00096 VAL01A0055_001 f 0.00  0.000     0  0.00  0  0   0.632  22.442   0.088   0.000   0.000   0.000 01O000M000t
00097 ALA01A0056_001 f 0.00  0.000     0  0.00  0  0   0.000  -2.143   0.000   0.000   0.000   0.000 01O000M000t
00098 VAL01A0057_001 f 0.00  0.000     0  0.00  0  0   0.551  -3.312   0.075   0.000   0.000   0.000 01O000M000t
00099 LYS01A0058_001 f 0.00  0.000     0  0.00  0  0  -0.602  -3.892   1.011  -0.087   0.284   0.000 01O000M000t
00100 LYS+1A0058_002 f 0.00  1.000     0 10.40  0  1  -0.683  -3.905   1.011  -0.276   3.110   0.000 +1O000M000t
00101 THR01A0059_001 f 0.00  0.000     0  0.00  0  0  -0.016  -2.301   0.536  -0.072   1.605   0.000 01O000M000t
00102 THR01A0059_002 f 0.00  0.000     0  0.00  0  0  -0.016  -2.301   0.536   0.131   1.306   0.000 01O000M000t
00103 THR01A0059_003 f 0.00  0.000     0  0.00  0  0  -0.016  -2.301   0.161  -0.668   0.656   0.000 01O000M000t
00104 LEU01A0060_001 f 0.00  0.000     0  0.00  0  0   1.898  -5.202   0.622   0.000   0.000   0.000 01O000M000t
00105 PRO01A0061_001 f 0.00  0.000     0  0.00  0  0  -1.275  -3.328   0.000   0.000   0.000   0.000 01O000M000t
00106 GLU01A0062_001 f 0.00  0.000     0  0.00  0  0  -1.286  -3.096   3.987   0.274   0.419   0.000 01O000M000t
00107 GLU01A0062_002 f 0.00  0.000     0  0.00  0  0  -1.286  -3.096   1.267   0.112   0.668   0.000 01O000M000t
00108 GLU02A0062_003 f 0.00  0.000     0  0.00  0  0  -1.492  -3.102   3.987   0.425  -0.061   0.000 02O000M000t
00109 GLU02A0062_004 f 0.00  0.000     0  0.00  0  0  -1.492  -3.102   1.267   0.133   0.974   0.000 02O000M000t
00110 GLU-1A0062_005 f 0.00 -1.000     0  4.75  0 -1  -1.454  -3.042   1.267  -0.720   1.573   0.000 -1O000M000t
00111 VAL01A0063_001 f 0.00  0.000     0  0.00  0  0  -8.372   4.320   0.004   0.000   0.000   0.000 01O000M000t
00112 CYS01A0064_001 f 0.00  0.000     0  0.00  0  0  -0.073  -3.208   0.087  -0.405   0.394   0.000 01O000M000t
00113 CYS01A0064_002 f 0.00  0.000     0  0.00  0  0  -0.073  -3.219   0.087  -0.140   0.521   0.000 01O000M000t
00114 CYS01A0064_003 f 0.00  0.000     0  0.00  0  0  -0.074  -3.146   0.087  -0.110   0.832   0.000 01O000M000t
00115 CYS-1A0064_004 f 0.00 -1.000     0  9.10  0 -1  -0.071  -3.088   0.087  -0.853   5.336   0.000 -1O000M000t
00116 SER01A0065_001 f 0.00  0.000     0  0.00  0  0  -2.799  -0.354   0.727  -0.064   1.368   0.000 01O000M000t
00117 SER01A0065_002 f 0.00  0.000     0  0.00  0  0  -2.799  -0.354   0.352  -2.278   0.467   0.000 01O000M000t
00118 GLU01A0066_001 f 0.00  0.000     0  0.00  0  0  -3.110  -0.885   5.981   1.378   0.096   0.000 01O000M000t
00119 GLU01A0066_002 f 0.00  0.000     0  0.00  0  0  -3.110  -0.885   3.261  -0.100   0.566   0.000 01O000M000t
00120 GLU02A0066_003 f 0.00  0.000     0  0.00  0  0  -3.089  -1.076   5.981  -0.270  -0.482   0.000 02O000M000t
00121 GLU02A0066_004 f 0.00  0.000     0  0.00  0  0  -3.089  -1.076   3.261  -0.226   0.702   0.000 02O000M000t
00122 GLU-1A0066_005 f 0.00 -1.000     0  4.75  0 -1  -3.112  -1.052   3.261  -1.107   0.157   0.000 -1O000M000t
00123 GLN01A0067_001 f 0.00  0.000     0  0.00  0  0   0.386  -2.821   0.518   0.258   1.160   0.000 01O000M000t
00124 GLN01A0067_002 f 0.00  0.000     0  0.00  0  0   0.052  -3.116   0.518  -0.027   1.044   0.000 01R001M000t
00125 ASP01A0068_001 f 0.00  0.000     0  0.00  0  0  -0.735   2.938   3.078  -0.224   0.515   0.000 01O000M000t
00126 ASP01A0068_002 f 0.00  0.000     0  0.00  0  0  -0.735   2.938   0.358  -0.719   0.954   0.000 01O000M000t
00127 ASP02A0068_003 f 0.00  0.000     0  0.00  0  0  -0.624   3.804   3.078   3.204   1.625   0.000 02O000M000t
00128 ASP02A0068_004 f 0.00  0.000     0  0.00  0  0  -0.624   3.804   0.358  -0.294   0.892   0.000 02O000M000t
00129 ASP-1A0068_005 f 0.00 -1.000     0  4.75  0 -1  -0.688   2.571   0.358  -3.730   2.605   0.000 -1O000M000t
00130 GLU01A0069_001 f 0.00  0.000     0  0.00  0  0   2.349  -2.680   4.133   0.577  -0.161   0.000 01O000M000t
00131 GLU01A0069_002 f 0.00  0.000     0  0.00  0  0   2.349  -2.680   1.413   0.136   1.727   0.000 01O000M000t
00132 GLU02A0069_003 f 0.00  0.000     0  0.00  0  0   1.637  -2.746   4.133  -0.014   0.320   0.000 02O000M000t
00133 GLU02A0069_004 f 0.00  0.000     0  0.00  0  0   1.637  -2.746   1.413   0.011   1.825   0.000 02O000M000t
00134 GLU-1A0069_005 f 0.00 -1.000     0  4.75  0 -1   1.610  -2.693   1.413  -0.364   3.577   0.000 -1O000M000t
00135 LEU01A0070_001 f 0.00  0.000     0  0.00  0  0  -2.409  -0.515   0.406   0.000   0.000   0.000 01O000M000t
00136 ASP01A0071_001 f 0.00  0.000     0  0.00  0  0  -0.009  -1.777   3.041   0.393   1.136   0.000 01O000M000t
00137 ASP01A0071_002 f 0.00  0.000     0  0.00  0  0  -0.009  -1.777   0.321   0.129   2.220   0.000 01O000M000t
00138 ASP02A0071_003 f 0.00  0.000     0  0.00  0  0   0.053  -2.347   3.041   0.178   1.377   0.000 02O000M000t
00139 ASP02A0071_004 f 0.00  0.000     0  0.00  0  0   0.053  -2.347   0.321   0.259   2.142   0.000 02O000M000t
00140 ASP-1A0071_005 f 0.00 -1.000     0  4.75  0 -1  -0.013  -2.248   0.321  -0.306   6.599   0.000 -1O000M000t
00141 PHE01A0072_001 f 0.00  0.000     0  0.00  0  0   4.360  -9.600   0.414   0.000   0.000   0.000 01O000M000t
00142 LEU01A0073_001 f 0.00  0.000     0  0.00  0  0   0.737  -2.033   0.907   0.000   0.000   0.000 01O000M000t
00143 MET01A0074_001 f 0.00  0.000     0  0.00  0  0   2.121  -5.545   0.533   0.046   0.092   0.000 01O000M000t
00144 GLU01A0075_001 f 0.00  0.000     0  0.00  0  0   1.059  16.269   4.351   0.246   0.758   0.000 01O000M000t
00145 GLU01A0075_002 f 0.00  0.000     0  0.00  0  0   1.059  16.269   1.631   0.046   1.614   0.000 01O000M000t
00146 GLU02A0075_003 f 0.00  0.000     0  0.00  0  0   0.808  16.653   4.351  -0.335   1.458   0.000 02O000M000t
00147 GLU02A0075_004 f 0.00  0.000     0  0.00  0  0   0.808  16.653   1.631  -0.165   1.392   0.000 02O000M000t
00148 GLU-1A0075_005 f 0.00 -1.000     0  4.75  0 -1   0.720  16.336   1.631  -0.132   5.006   0.000 -1O000M000t
00149 ALA01A0076_001 f 0.00  0.000     0  0.00  0  0   0.000  -1.189   0.000   0.000   0.000   0.000 01O000M000t
00150 LEU01A0077_001 f 0.00  0.000     0  0.00  0  0   1.942  18.670   1.209   0.000   0.000   0.000 01O000M000t
00151 ILE01A0078_001 f 0.00  0.000     0  0.00  0  0   1.845  -0.475   0.569   0.000   0.000   0.000 01O000M000t
00152 ILE01A0079_001 f 0.00  0.000     0  0.00  0  0   3.280  -2.208   0.418   0.000   0.000   0.000 01O000M000t
00153 SER01A0080_001 f 0.00  0.000     0  0.00  0  0  -0.684  -2.463   0.656   0.294   0.680   0.000 01O000M000t
00154 SER01A0080_002 f 0.00  0.000     0  0.00  0  0  -0.684  -2.463   0.281  -0.052   1.372   0.000 01O000M000t
00155 LYS01A0081_001 f 0.00  0.000     0  0.00  0  0  -2.345   2.952   1.034  -0.002   0.073   0.000 01O000M000t
00156 LYS+1A0081_002 f 0.00  1.000     0 10.40  0  1  -2.392   2.930   1.034  -0.676   0.321   0.000 +1O000M000t
00157 PHE01A0082_001 f 0.00  0.000     0  0.00  0  0   4.464  -5.249   0.070   0.000   0.000   0.000 01O000M000t
00158 ASN01A0083_001 f 0.00  0.000     0  0.00  0  0  -2.999   2.062   0.576  -0.115   0.297   0.000 01O000M000t
00159 HIS01A0084_001 f 0.00  0.000     0  0.00  0  0  -1.346  -5.839   0.291  -2.382   2.773   0.000 01O000M000t
00160 HIS02A0084_002 f 0.00  0.000     0  0.00  0  0  -1.365  -5.972   0.291   3.162   1.978   0.000 02O000M000t
00161 HIS+1A0084_003 f 0.00  1.000     0  6.98  0  1  -1.391  -5.996   0.291   6.532   5.298   0.000 +1O000M000t
00162 GLN01A0085_001 f 0.00  0.000     0  0.00  0  0   1.325  -0.220   2.484   0.141   0.138   0.000 01O000M000t
00163 GLN01A0085_002 f 0.00  0.000     0  0.00  0  0  -0.331  -0.223   2.483   0.324  -0.160   0.000 01R001M000t
00164 ASN01A0086_001 f 0.00  0.000     0  0.00  0  0   0.009  -5.733   0.970  -1.296   2.000   0.000 01O000M000t
00165 ASN01A0086_002 f 0.00  0.000     0  0.00  0  0   0.178  -5.916   0.962   1.294   2.114   0.000 01R001M000t
00166 ILE01A0087_001 f 0.00  0.000     0  0.00  0  0   4.321  -3.737   0.430   0.000   0.000   0.000 01O000M000t
00167 VAL01A0088_001 f 0.00  0.000     0  0.00  0  0   0.667  -1.831   0.004   0.000   0.000   0.000 01O000M000t
00168 ARG01A0089_001 f 0.00  0.000     0  0.00  0  0  -3.863  -6.239   0.755   0.395   1.520   0.000 01O000M000t
00169 ARG02A0089_002 f 0.00  0.000     0  0.00  0  0  -3.901  -6.188   0.755   0.002   2.419   0.000 02O000M000t
00170 ARG02A0089_003 f 0.00  0.000     0  0.00  0  0  -3.840  -6.219   0.755   0.578   1.913   0.000 02O000M000t
00171 ARG03A0089_004 f 0.00  0.000     0  0.00  0  0  -3.906  -6.223   0.755   0.239   2.288   0.000 03O000M000t
00172 ARG+1A0089_005 f 0.00  1.000     0 12.50  0  1  -3.945  -6.266   0.755  -0.386   1.844   0.000 +1O000M000t
00173 CYS01A0090_001 f 0.00  0.000     0  0.00  0  0  -0.002  -4.804   0.018  -0.004   0.703   0.000 01O000M000t
00174 CYS01A0090_002 f 0.00  0.000     0  0.00  0  0  -0.002  -4.712   0.018  -0.468   0.921   0.000 01O000M000t
00175 CYS01A0090_003 f 0.00  0.000     0  0.00  0  0  -0.002  -4.630   0.018  -0.387   0.841   0.000 01O000M000t
00176 CYS-1A0090_004 f 0.00 -1.000     0  9.10  0 -1   0.000  -4.566   0.018  -1.382   9.124   0.000 -1O000M000t
00177 ILE01A0091_001 f 0.00  0.000     0  0.00  0  0  -0.599   7.661   0.965   0.000   0.000   0.000 01O000M000t
00178 VAL01A0093_001 f 0.00  0.000     0  0.00  0  0   0.614  -2.155   0.004   0.000   0.000   0.000 01O000M000t
00179 SER01A0094_001 f 0.00  0.000     0  0.00  0  0   0.000  -2.211   0.379  -0.253   1.643   0.000 01O000M000t
00180 SER01A0094_002 f 0.00  0.000     0  0.00  0  0   0.000  -2.211   0.379   0.029   0.996   0.000 01O000M000t
00181 SER01A0094_003 f 0.00  0.000     0  0.00  0  0   0.000  -2.211   0.004  -0.617   1.763   0.000 01O000M000t
00182 LEU01A0095_001 f 0.00  0.000     0  0.00  0  0   0.890  -3.117   0.441   0.000   0.000   0.000 01O000M000t
00183 GLN01A0096_001 f 0.00  0.000     0  0.00  0  0  -0.156  -0.769   0.268   0.219   0.098   0.000 01O000M000t
00184 GLN01A0096_002 f 0.00  0.000     0  0.00  0  0  -1.391  -0.744   0.268   0.009  -0.264   0.000 01R001M000t
00185 SER01A0097_001 f 0.00  0.000     0  0.00  0  0  -1.896  -1.421   0.455  -0.327  -0.055   0.000 01O000M000t
00186 LEU01A0098_001 f 0.00  0.000     0  0.00  0  0  -2.893  -2.568   0.474   0.000   0.000   0.000 01O000M000t
00187 PRO01A0099_001 f 0.00  0.000     0  0.00  0  0  -2.472  -2.356   0.000   0.000   0.000   0.000 01O000M000t
00188 ARG01A0100_001 f 0.00  0.000     0  0.00  0  0  -1.051  -4.181   1.737  -0.871   1.890   0.000 01O000M000t
00189 ARG02A0100_002 f 0.00  0.000     0  0.00  0  0  -1.063  -4.153   1.737  -0.838   2.747   0.000 02O000M000t
00190 ARG03A0100_003 f 0.00  0.000     0  0.00  0  0  -1.072  -4.189   1.737  -0.797   2.524   0.000 03O000M000t
00191 ARG03A0100_004 f 0.00  0.000     0  0.00  0  0  -1.068  -4.188   1.737  -0.822   2.355   0.000 03O000M000t
00192 ARG+1A0100_005 f 0.00  1.000     0 12.50  0  1  -1.111  -4.194   1.737  -1.246   3.494   0.000 +1O000M000t
00193 PHE01A0101_001 f 0.00  0.000     0  0.00  0  0   4.045  -2.218   0.099   0.000   0.000   0.000 01O000M000t
00194 ILE01A0102_001 f 0.00  0.000     0  0.00  0  0   2.345  -3.094   0.496   0.000   0.000   0.000 01O000M000t
00195 LEU01A0103_001 f 0.00  0.000     0  0.00  0  0   1.696  -5.834   0.670   0.000   0.000   0.000 01O000M000t
00196 MET01A0104_001 f 0.00  0.000     0  0.00  0  0   2.144  -4.930   0.166  -0.010   0.069   0.000 01O000M000t
00197 GLU01A0105_001 f 0.00  0.000     0  0.00  0  0   1.387  -4.096   2.977   2.131   1.908   0.000 01O000M000t
00198 GLU01A0105_002 f 0.00  0.000     0  0.00  0  0   1.387  -4.096   0.257  -0.403   2.225   0.000 01O000M000t
00199 GLU02A0105_003 f 0.00  0.000     0  0.00  0  0   0.831  -4.362   2.977  -1.204   1.163   0.000 02O000M000t
00200 GLU02A0105_004 f 0.00  0.000     0  0.00  0  0   0.831  -4.362   0.257  -1.213   2.402   0.000 02O000M000t
00201 GLU-1A0105_005 f 0.00 -1.000     0  4.75  0 -1   0.814  -4.311   0.257  -2.398   7.058   0.000 -1O000M000t
00202 LEU01A0106_001 f 0.00  0.000     0  0.00  0  0   1.410  -5.222   0.450   0.000   0.000   0.000 01O000M000t
00203 MET01A0107_001 f 0.00  0.000     0  0.00  0  0   0.116  -6.193   0.600   0.015   0.076   0.000 01O000M000t
00204 ALA01A0108_001 f 0.00  0.000     0  0.00  0  0  -2.382  -1.031   0.000   0.000   0.000   0.000 01O000M000t
00205 ASP01A0111_001 f 0.00  0.000     0  0.00  0  0   0.078  -4.805   4.311  -1.324   0.871   0.000 01O000M000t
00206 ASP01A0111_002 f 0.00  0.000     0  0.00  0  0   0.078  -4.805   1.591  -1.359   1.899   0.000 01O000M000t
00207 ASP02A0111_003 f 0.00  0.000     0  0.00  0  0   0.204  -4.281   4.311   1.774   1.689   0.000 02O000M000t
00208 ASP02A0111_004 f 0.00  0.000     0  0.00  0  0   0.204  -4.281   1.591   1.015   1.764   0.000 02O000M000t
00209 ASP-1A0111_005 f 0.00 -1.000     0  4.75  0 -1   0.054  -4.761   1.591  -5.192   5.225   0.000 -1O000M000t
00210 LEU01A0112_001 f 0.00  0.000     0  0.00  0  0   1.767  -3.439   0.467   0.000   0.000   0.000 01O000M000t
00211 LYS01A0113_001 f 0.00  0.000     0  0.00  0  0  -1.149  -4.904   1.356  -0.586   0.877   0.000 01O000M000t
00212 LYS+1A0113_002 f 0.00  1.000     0 10.40  0  1  -1.223  -4.948   1.356  -1.512   6.010   0.000 +1O000M000t
00213 SER01A0114_001 f 0.00  0.000     0  0.00  0  0  -1.843  -1.447   0.379  -0.539   0.097   0.000 01O000M000t
00214 SER01A0114_002 f 0.00  0.000     0  0.00  0  0  -1.843  -1.447   0.379   0.526   0.560   0.000 01O000M000t
00215 SER01A0114_003 f 0.00  0.000     0  0.00  0  0  -1.843  -1.447   0.004  -0.592   0.222   0.000 01O000M000t
00216 PHE01A0115_001 f 0.00  0.000     0  0.00  0  0   4.614  -6.995   0.138   0.000   0.000   0.000 01O000M000t
00217 LEU01A0116_001 f 0.00  0.000     0  0.00  0  0   1.819  -5.542   0.536   0.000   0.000   0.000 01O000M000t
00218 ARG01A0117_001 f 0.00  0.000     0  0.00  0  0  -3.926  -5.989   0.547  -0.899   0.457   0.000 01O000M000t
00219 ARG02A0117_002 f 0.00  0.000     0  0.00  0  0  -3.977  -5.991   0.547  -0.974   1.576   0.000 02O000M000t
00220 ARG03A0117_003 f 0.00  0.000     0  0.00  0  0  -3.984  -6.001   0.547  -0.802   1.683   0.000 03O000M000t
00221 ARG+1A0117_004 f 0.00  1.000     0 12.50  0  1  -4.023  -6.003   0.547  -1.645   1.032   0.000 +1O000M000t
00222 GLU01A0118_001 f 0.00  0.000     0  0.00  0  0   0.312   0.609   3.121   0.058   0.147   0.000 01O000M000t
00223 GLU01A0118_002 f 0.00  0.000     0  0.00  0  0   0.312   0.609   0.401   0.038   0.716   0.000 01O000M000t
00224 GLU02A0118_003 f 0.00  0.000     0  0.00  0  0  -0.085   0.593   3.121  -0.128   0.325   0.000 02O000M000t
00225 GLU02A0118_004 f 0.00  0.000     0  0.00  0  0  -0.085   0.593   0.401  -0.057   0.863   0.000 02O000M000t
00226 GLU-1A0118_005 f 0.00 -1.000     0  4.75  0 -1  -0.158   0.670   0.401   0.433   1.067   0.000 -1O000M000t
00227 THR01A0119_001 f 0.00  0.000     0  0.00  0  0  -1.092   9.855   0.548   0.607   0.651   0.000 01O000M000t
00228 THR01A0119_002 f 0.00  0.000     0  0.00  0  0  -1.092   9.855   0.548  -1.184   1.504   0.000 01O000M000t
00229 ARG01A0120_001 f 0.00  0.000     0  0.00  0  0   0.035   9.927   0.656   1.579   2.697   0.000 01O000M000t
00230 ARG02A0120_002 f 0.00  0.000     0  0.00  0  0  -0.002  10.543   0.656  -1.868   3.172   0.000 02O000M000t
00231 ARG02A0120_003 f 0.00  0.000     0  0.00  0  0   0.059  10.547   0.656  -1.654   2.845   0.000 02O000M000t
00232 ARG03A0120_004 f 0.00  0.000     0  0.00  0  0  -0.008  10.572   0.656  -1.993   3.168   0.000 03O000M000t
00233 ARG+1A0120_005 f 0.00  1.000     0 12.50  0  1  -0.046  10.535   0.656  -6.025   5.343   0.000 +1O000M000t
00234 PRO01A0121_001 f 0.00  0.000     0  0.00  0  0   0.211  -4.740   0.000   0.000   0.000   0.000 01O000M000t
00235 ARG01A0122_001 f 0.00  0.000     0  0.00  0  0  -1.737  20.238   1.868   0.693   1.589   0.000 01O000M000t
00236 ARG02A0122_002 f 0.00  0.000     0  0.00  0  0  -1.760  20.114   1.868   0.748   2.146   0.000 02O000M000t
00237 ARG03A0122_003 f 0.00  0.000     0  0.00  0  0  -1.766  20.193   1.868   0.751   2.150   0.000 03O000M000t
00238 ARG+1A0122_004 f 0.00  1.000     0 12.50  0  1  -1.805  20.104   1.868   0.134   3.126   0.000 +1O000M000t
00239 PRO01A0123_001 f 0.00  0.000     0  0.00  0  0  -2.818  -2.639   0.000   0.000   0.000   0.000 01O000M000t
00240 SER01A0124_001 f 0.00  0.000     0  0.00  0  0  -3.779  -0.562   0.404  -0.542  -0.111   0.000 01O000M000t
00241 GLN01A0125_001 f 0.00  0.000     0  0.00  0  0   0.134   2.160   1.735   0.248   0.420   0.000 01O000M000t
00242 PRO01A0126_001 f 0.00  0.000     0  0.00  0  0  -4.135   2.237   0.000   0.000   0.000   0.000 01O000M000t
00243 SER01A0127_001 f 0.00  0.000     0  0.00  0  0  -4.790   3.454   0.375  -1.080  -0.141   0.000 01O000M000t
00244 SER01A0127_002 f 0.00  0.000     0  0.00  0  0  -4.790   3.454   0.375  -0.020  -0.232   0.000 01O000M000t
00245 SER01A0128_001 f 0.00  0.000     0  0.00  0  0  -0.096  -0.278   0.392   1.549   1.932   0.000 01O000M000t
00246 LEU01A0129_001 f 0.00  0.000     0  0.00  0  0   1.788   1.264   3.108   0.000   0.000   0.000 01O000M000t
00247 ALA01A0130_001 f 0.00  0.000     0  0.00  0  0  -2.418  -0.712   0.000   0.000   0.000   0.000 01O000M000t
00248 MET01A0131_001 f 0.00  0.000     0  0.00  0  0  -0.040  -6.380   0.759  -0.188   0.096   0.000 01O000M000t
00249 LEU01A0132_001 f 0.00  0.000     0  0.00  0  0  -2.196  -1.651   0.678   0.000   0.000   0.000 01O000M000t
00250 ASP01A0133_001 f 0.00  0.000     0  0.00  0  0  -0.337  -0.315   3.499  -0.654   0.128   0.000 01O000M000t
00251 ASP01A0133_002 f 0.00  0.000     0  0.00  0  0  -0.337  -0.315   0.779  -0.837   0.644   0.000 01O000M000t
00252 ASP02A0133_003 f 0.00  0.000     0  0.00  0  0  -0.216 999.000   3.499   4.765   1.644   0.000 02O000M000t
00253 ASP02A0133_004 f 0.00  0.000     0  0.00  0  0  -0.216   0.749   0.779  -0.417   1.131   0.000 02O000M000t
00254 ASP-1A0133_005 f 0.00 -1.000     0  4.75  0 -1  -0.315  -0.355   0.779  -2.640   2.648   0.000 -1O000M000t
00255 LEU01A0134_001 f 0.00  0.000     0  0.00  0  0   1.668  -4.883   0.409   0.000   0.000   0.000 01O000M000t
00256 LEU01A0135_001 f 0.00  0.000     0  0.00  0  0   1.800  -5.559   1.204   0.000   0.000   0.000 01O000M000t
00257 HIS01A0136_001 f 0.00  0.000     0  0.00  0  0  -4.125  -3.893   0.567   0.690   1.072   0.000 01O000M000t
00258 HIS01A0136_002 f 0.00  0.000     0  0.00  0  0  -3.627  -4.089   0.567   0.493   1.824   0.000 01R001M000t
00259 HIS02A0136_003 f 0.00  0.000     0  0.00  0  0  -4.145  -3.906   0.567   0.550   0.722   0.000 02O000M000t
00260 HIS02A0136_004 f 0.00  0.000     0  0.00  0  0  -3.636  -4.177   0.567   0.569   1.103   0.000 02R001M000t
00261 HIS+1A0136_005 f 0.00  1.000     0  6.98  0  1  -4.172  -3.916   0.567   0.496   1.218   0.000 +1O000M000t
00262 HIS+1A0136_006 f 0.00  1.000     0  6.98  0  1  -3.663  -4.184   0.567   0.549   2.217   0.000 +1R001M000t
00263 VAL01A0137_001 f 0.00  0.000     0  0.00  0  0   0.633  -0.168   0.169   0.000   0.000   0.000 01O000M000t
00264 ALA01A0138_001 f 0.00  0.000     0  0.00  0  0   0.000  -1.660   0.000   0.000   0.000   0.000 01O000M000t
00265 ARG01A0139_001 f 0.00  0.000     0  0.00  0  0   4.956  -5.916   0.621   0.052   1.567   0.000 01O000M000t
00266 ARG02A0139_002 f 0.00  0.000     0  0.00  0  0   4.939  -5.895   0.621   0.063   2.616   0.000 02O000M000t
00267 ARG02A0139_003 f 0.00  0.000     0  0.00  0  0   4.604  -5.890   0.621  -0.052   2.421   0.000 02O000M000t
00268 ARG03A0139_004 f 0.00  0.000     0  0.00  0  0   4.925  -5.917   0.621   0.132   2.152   0.000 03O000M000t
00269 ARG03A0139_005 f 0.00  0.000     0  0.00  0  0   4.929  -5.906   0.621   0.023   1.855   0.000 03O000M000t
00270 ARG+1A0139_006 f 0.00  1.000     0 12.50  0  1   4.883  -5.944   0.621   0.174   2.472   0.000 +1O000M000t
00271 ASP01A0140_001 f 0.00  0.000     0  0.00  0  0  -0.437  -2.365   3.024  -0.384   1.635   0.000 01O000M000t
00272 ASP01A0140_002 f 0.00  0.000     0  0.00  0  0  -0.437  -2.365   0.304  -0.927   1.522   0.000 01O000M000t
00273 ASP02A0140_003 f 0.00  0.000     0  0.00  0  0  -0.354  -2.627   3.024   2.122   2.109   0.000 02O000M000t
00274 ASP02A0140_004 f 0.00  0.000     0  0.00  0  0  -0.354  -2.627   0.304  -0.475   1.738   0.000 02O000M000t
00275 ASP-1A0140_005 f 0.00 -1.000     0  4.75  0 -1  -0.386  -2.766   0.304  -1.469   5.852   0.000 -1O000M000t
00276 ILE01A0141_001 f 0.00  0.000     0  0.00  0  0   2.351  -1.751   0.462   0.000   0.000   0.000 01O000M000t
00277 ALA01A0142_001 f 0.00  0.000     0  0.00  0  0   0.000  -2.061   0.000   0.000   0.000   0.000 01O000M000t
00278 CYS01A0143_001 f 0.00  0.000     0  0.00  0  0  -1.527  -2.516   0.280  -0.108   0.600   0.000 01O000M000t
00279 CYS01A0143_002 f 0.00  0.000     0  0.00  0  0  -1.527  -2.487   0.280  -0.278   0.262   0.000 01O000M000t
00280 CYS01A0143_003 f 0.00  0.000     0  0.00  0  0  -1.527  -2.474   0.280  -0.310   0.247   0.000 01O000M000t
00281 CYS-1A0143_004 f 0.00 -1.000     0  9.10  0 -1  -1.525  -2.459   0.280  -1.772   3.128   0.000 -1O000M000t
00282 CYS01A0145_001 f 0.00  0.000     0  0.00  0  0  -0.002  -3.517   0.332   0.114   0.765   0.000 01O000M000t
00283 CYS01A0145_002 f 0.00  0.000     0  0.00  0  0  -0.002  -3.582   0.332  -0.378   0.948   0.000 01O000M000t
00284 CYS01A0145_003 f 0.00  0.000     0  0.00  0  0  -0.002  -3.516   0.332  -0.076   0.900   0.000 01O000M000t
00285 CYS-1A0145_004 f 0.00 -1.000     0  9.10  0 -1   0.000  -3.481   0.332  -4.013  11.943   0.000 -1O000M000t
00286 GLN01A0146_001 f 0.00  0.000     0  0.00  0  0  -0.629  -4.192   0.768  -0.009   0.687   0.000 01O000M000t
00287 GLN01A0146_002 f 0.00  0.000     0  0.00  0  0  -0.821  -4.078   0.765   0.291   0.554   0.000 01R001M000t
00288 TYR01A0147_001 f 0.00  0.000     0  0.00  0  0   2.811  -6.620   0.211  -1.033   1.567   0.000 01O000M000t
00289 TYR-1A0147_002 f 0.00 -1.000     0 10.20  0 -1   2.811  -6.620   0.211  -2.878   6.632   0.000 -1O000M000t
00290 LEU01A0148_001 f 0.00  0.000     0  0.00  0  0   1.745  -3.203   0.432   0.000   0.000   0.000 01O000M000t
00291 GLU01A0149_001 f 0.00  0.000     0  0.00  0  0   0.023  -3.356   3.600  -0.275   1.204   0.000 01O000M000t
00292 GLU01A0149_002 f 0.00  0.000     0  0.00  0  0   0.023  -3.356   0.880   3.041   1.960   0.000 01O000M000t
00293 GLU02A0149_003 f 0.00  0.000     0  0.00  0  0  -0.115  -3.548   3.600  -1.326   0.253   0.000 02O000M000t
00294 GLU02A0149_004 f 0.00  0.000     0  0.00  0  0  -0.115  -3.548   0.880  -0.495   2.038   0.000 02O000M000t
00295 GLU-1A0149_005 f 0.00 -1.000     0  4.75  0 -1  -0.175  -3.470   0.880  -3.549   3.920   0.000 -1O000M000t
00296 GLU01A0150_001 f 0.00  0.000     0  0.00  0  0   0.303  -0.904   3.257   0.081   0.217   0.000 01O000M000t
00297 GLU01A0150_002 f 0.00  0.000     0  0.00  0  0   0.303  -0.904   0.537   0.024   0.855   0.000 01O000M000t
00298 GLU02A0150_003 f 0.00  0.000     0  0.00  0  0  -0.096  -0.867   3.257  -0.102   0.439   0.000 02O000M000t
00299 GLU02A0150_004 f 0.00  0.000     0  0.00  0  0  -0.096  -0.867   0.537  -0.016   0.832   0.000 02O000M000t
00300 GLU-1A0150_005 f 0.00 -1.000     0  4.75  0 -1  -0.216  -0.833   0.537  -0.069   1.295   0.000 -1O000M000t
00301 ASN01A0151_001 f 0.00  0.000     0  0.00  0  0  -0.773  -2.295   1.476   0.711   1.281   0.000 01O000M000t
00302 ASN01A0151_002 f 0.00  0.000     0  0.00  0  0  -0.719  -1.567   1.470  -1.117   1.132   0.000 01R001M000t
00303 HIS01A0152_001 f 0.00  0.000     0  0.00  0  0  -9.313  -1.607   0.465   0.242   0.784   0.000 01O000M000t
00304 HIS01A0152_002 f 0.00  0.000     0  0.00  0  0  -8.680  -1.620   0.465   0.167   0.438   0.000 01R001M000t
00305 HIS02A0152_003 f 0.00  0.000     0  0.00  0  0  -9.334  -1.654   0.465   0.188   0.463   0.000 02O000M000t
00306 HIS02A0152_004 f 0.00  0.000     0  0.00  0  0  -8.691  -1.646   0.465   0.290   0.339   0.000 02R001M000t
00307 HIS+1A0152_005 f 0.00  1.000     0  6.98  0  1  -9.361  -1.667   0.465   0.473  -0.104   0.000 +1O000M000t
00308 HIS+1A0152_006 f 0.00  1.000     0  6.98  0  1  -8.717  -1.662   0.465   0.511  -0.097   0.000 +1R001M000t
00309 PHE01A0153_001 f 0.00  0.000     0  0.00  0  0   4.030  -5.918   0.174   0.000   0.000   0.000 01O000M000t
00310 ILE01A0154_001 f 0.00  0.000     0  0.00  0  0   0.040  -3.024   0.489   0.000   0.000   0.000 01O000M000t
00311 HIS01A0155_001 f 0.00  0.000     0  0.00  0  0  -0.147  -4.007   0.105  -3.039   3.813   0.000 01O000M000t
00312 HIS02A0155_002 f 0.00  0.000     0  0.00  0  0  -0.166  -4.141   0.105   4.546   3.748   0.000 02O000M000t
00313 HIS+1A0155_003 f 0.00  1.000     0  6.98  0  1  -0.193  -4.174   0.105   6.970   9.987   0.000 +1O000M000t
00314 ARG01A0156_001 f 0.00  0.000     0  0.00  0  0   0.624   4.248   0.415  -0.160   1.815   0.000 01O000M000t
00315 ARG02A0156_002 f 0.00  0.000     0  0.00  0  0   0.640   4.228   0.415  -0.354   3.185   0.000 02O000M000t
00316 ARG03A0156_003 f 0.00  0.000     0  0.00  0  0   0.599   4.227   0.415  -0.205   2.758   0.000 03O000M000t
00317 ARG+1A0156_004 f 0.00  1.000     0 12.50  0  1   0.556   4.216   0.415   0.077   2.510   0.000 +1O000M000t
00318 ASP01A0157_001 f 0.00  0.000     0  0.00  0  0  -0.394   1.265   3.209   0.937   1.597   0.000 01O000M000t
00319 ASP01A0157_002 f 0.00  0.000     0  0.00  0  0  -0.394   1.265   0.489   0.164   2.101   0.000 01O000M000t
00320 ASP02A0157_003 f 0.00  0.000     0  0.00  0  0  -0.352   0.690   3.209   0.124   1.403   0.000 02O000M000t
00321 ASP02A0157_004 f 0.00  0.000     0  0.00  0  0  -0.352   0.690   0.489  -0.045   1.934   0.000 02O000M000t
00322 ASP-1A0157_005 f 0.00 -1.000     0  4.75  0 -1  -0.398   0.758   0.489  -1.537   8.053   0.000 -1O000M000t
00323 ILE01A0158_001 f 0.00  0.000     0  0.00  0  0   2.207  -0.078   0.549   0.000   0.000   0.000 01O000M000t
00324 ALA01A0159_001 f 0.00  0.000     0  0.00  0  0   0.000  -1.050   0.000   0.000   0.000   0.000 01O000M000t
00325 ALA01A0160_001 f 0.00  0.000     0  0.00  0  0   0.000  -1.724   0.000   0.000   0.000   0.000 01O000M000t
00326 ARG01A0161_001 f 0.00  0.000     0  0.00  0  0  -2.280  -2.067   1.304   0.051   2.097   0.000 01O000M000t
00327 ARG02A0161_002 f 0.00  0.000     0  0.00  0  0  -2.202  -2.062   1.304  -0.246   3.219   0.000 02O000M000t
00328 ARG03A0161_003 f 0.00  0.000     0  0.00  0  0  -2.301  -2.055   1.304  -0.247   3.123   0.000 03O000M000t
00329 ARG03A0161_004 f 0.00  0.000     0  0.00  0  0  -2.298  -2.059   1.304  -0.033   2.963   0.000 03O000M000t
00330 ARG+1A0161_005 f 0.00  1.000     0 12.50  0  1  -2.341  -2.077   1.304   1.772   4.105   0.000 +1O000M000t
00331 ASN01A0162_001 f 0.00  0.000     0  0.00  0  0  -0.074  -1.974   0.435  -1.123   1.682   0.000 01O000M000t
00332 ASN01A0162_002 f 0.00  0.000     0  0.00  0  0  -0.400  -2.113   0.438   0.863   1.847   0.000 01R001M000t
00333 CYS01A0163_001 f 0.00  0.000     0  0.00  0  0  -0.002  -4.860   0.001   0.034   0.886   0.000 01O000M000t
00334 CYS01A0163_002 f 0.00  0.000     0  0.00  0  0  -0.002  -4.943   0.001  -0.302   0.806   0.000 01O000M000t
00335 CYS01A0163_003 f 0.00  0.000     0  0.00  0  0  -0.002  -4.816   0.001   0.008   0.969   0.000 01O000M000t
00336 CYS-1A0163_004 f 0.00 -1.000     0  9.10  0 -1   0.000  -4.778   0.001  -5.064  13.226   0.000 -1O000M000t
00337 LEU01A0164_001 f 0.00  0.000     0  0.00  0  0   1.825  -3.349   0.511   0.000   0.000   0.000 01O000M000t
00338 LEU01A0165_001 f 0.00  0.000     0  0.00  0  0   2.303  -7.735   0.646   0.000   0.000   0.000 01O000M000t
00339 THR01A0166_001 f 0.00  0.000     0  0.00  0  0  -1.685  -0.547   0.480   3.095   1.552   0.000 01O000M000t
00340 THR01A0166_002 f 0.00  0.000     0  0.00  0  0  -1.685  -0.547   0.481  -0.159   1.511   0.000 01O000M000t
00341 CYS01A0167_001 f 0.00  0.000     0  0.00  0  0  -2.413  -3.213   0.003   0.001   0.446   0.000 01O000M000t
00342 CYS01A0167_002 f 0.00  0.000     0  0.00  0  0  -2.413  -3.305   0.003  -0.500   0.798   0.000 01O000M000t
00343 CYS01A0167_003 f 0.00  0.000     0  0.00  0  0  -2.413  -3.106   0.003  -0.603   0.267   0.000 01O000M000t
00344 CYS-1A0167_004 f 0.00 -1.000     0  9.10  0 -1  -2.411  -3.044   0.003  -3.660   3.951   0.000 -1O000M000t
00345 PRO01A0168_001 f 0.00  0.000     0  0.00  0  0  -4.371  -1.784   0.000   0.000   0.000   0.000 01O000M000t
00346 PRO01A0170_001 f 0.00  0.000     0  0.00  0  0  -7.554   0.991   0.000   0.000   0.000   0.000 01O000M000t
00347 ARG01A0172_001 f 0.00  0.000     0  0.00  0  0   2.093  -4.468   0.941   1.123   3.032   0.000 01O000M000t
00348 ARG02A0172_002 f 0.00  0.000     0  0.00  0  0   2.055  -4.604   0.941  -0.823   3.728   0.000 02O000M000t
00349 ARG02A0172_003 f 0.00  0.000     0  0.00  0  0   2.140  -4.604   0.941  -0.672   3.199   0.000 02O000M000t
00350 ARG03A0172_004 f 0.00  0.000     0  0.00  0  0   2.047  -4.586   0.941  -0.789   3.376   0.000 03O000M000t
00351 ARG03A0172_005 f 0.00  0.000     0  0.00  0  0   2.052  -4.473   0.941   0.276   3.491   0.000 03O000M000t
00352 ARG+1A0172_006 f 0.00  1.000     0 12.50  0  1   2.007  -4.637   0.941  -3.168   5.428   0.000 +1O000M000t
00353 VAL01A0173_001 f 0.00  0.000     0  0.00  0  0  -2.465  -0.502   0.006   0.000   0.000   0.000 01O000M000t
00354 ALA01A0174_001 f 0.00  0.000     0  0.00  0  0   0.000  -2.020   0.000   0.000   0.000   0.000 01O000M000t
00355 LYS01A0175_001 f 0.00  0.000     0  0.00  0  0  -0.371  -7.306   1.289   0.085   0.712   0.000 01O000M000t
00356 LYS+1A0175_002 f 0.00  1.000     0 10.40  0  1  -0.414  -7.344   1.289  -1.276   4.929   0.000 +1O000M000t
00357 ILE01A0176_001 f 0.00  0.000     0  0.00  0  0   2.426  -3.305   0.493   0.000   0.000   0.000 01O000M000t
00358 ALA01A0177_001 f 0.00  0.000     0  0.00  0  0   0.000  -1.935   0.000   0.000   0.000   0.000 01O000M000t
00359 ASP01A0178_001 f 0.00  0.000     0  0.00  0  0  -0.715   2.994   3.132   2.772   0.640   0.000 01O000M000t
00360 ASP01A0178_002 f 0.00  0.000     0  0.00  0  0  -0.715   2.994   0.412  -0.040   0.726   0.000 01O000M000t
00361 ASP02A0178_003 f 0.00  0.000     0  0.00  0  0  -0.693   1.274   3.132  -0.924   0.244   0.000 02O000M000t
00362 ASP02A0178_004 f 0.00  0.000     0  0.00  0  0  -0.693   1.274   0.412  -0.929   1.080   0.000 02O000M000t
00363 ASP-1A0178_005 f 0.00 -1.000     0  4.75  0 -1  -0.751   1.333   0.412  -3.132   1.941   0.000 -1O000M000t
00364 PHE01A0179_001 f 0.00  0.000     0  0.00  0  0   4.416  -4.781   0.276   0.000   0.000   0.000 01O000M000t
00365 MET01A0181_001 f 0.00  0.000     0  0.00  0  0   0.462  -3.852   0.033   0.098   0.064   0.000 01O000M000t
00366 ALA01A0182_001 f 0.00  0.000     0  0.00  0  0  -0.155  -1.767   0.000   0.000   0.000   0.000 01O000M000t
00367 ARG01A0183_001 f 0.00  0.000     0  0.00  0  0   5.208  -4.619   1.107  -1.046   3.474   0.000 01O000M000t
00368 ARG02A0183_002 f 0.00  0.000     0  0.00  0  0   5.178  -4.678   1.107  -1.032   3.635   0.000 02O000M000t
00369 ARG02A0183_003 f 0.00  0.000     0  0.00  0  0   5.280  -4.862   1.107   0.334   3.792   0.000 02O000M000t
00370 ARG03A0183_004 f 0.00  0.000     0  0.00  0  0   5.167  -4.718   1.107  -1.109   3.561   0.000 03O000M000t
00371 ARG03A0183_005 f 0.00  0.000     0  0.00  0  0   5.172  -4.696   1.107  -0.952   3.648   0.000 03O000M000t
00372 ARG+1A0183_006 f 0.00  1.000     0 12.50  0  1   5.127  -4.739   1.107  -0.921   6.992   0.000 +1O000M000t
00373 ASP01A0184_001 f 0.00  0.000     0  0.00  0  0  -0.155  -1.804   3.029   0.516   1.453   0.000 01O000M000t
00374 ASP01A0184_002 f 0.00  0.000     0  0.00  0  0  -0.155  -1.804   0.309   0.026   1.667   0.000 01O000M000t
00375 ASP02A0184_003 f 0.00  0.000     0  0.00  0  0  -0.169  -2.393   3.029   0.228   1.267   0.000 02O000M000t
00376 ASP02A0184_004 f 0.00  0.000     0  0.00  0  0  -0.169  -2.393   0.309   0.121   2.394   0.000 02O000M000t
00377 ASP-1A0184_005 f 0.00 -1.000     0  4.75  0 -1  -0.160  -2.304   0.309  -0.446   6.381   0.000 -1O000M000t
00378 ILE01A0185_001 f 0.00  0.000     0  0.00  0  0  -1.689   3.822   0.439   0.000   0.000   0.000 01O000M000t
00379 TYR01A0186_001 f 0.00  0.000     0  0.00  0  0  -0.127  -5.597   0.219  -0.305   0.977   0.000 01O000M000t
00380 TYR-1A0186_002 f 0.00 -1.000     0 10.20  0 -1  -0.127  -5.597   0.219  -0.962   2.576   0.000 -1O000M000t
00381 ARG01A0187_001 f 0.00  0.000     0  0.00  0  0   0.746 999.000   1.028   3.008   3.448   0.000 01O000M000t
00382 ARG02A0187_002 f 0.00  0.000     0  0.00  0  0   0.691 999.000   1.028   2.080   4.249   0.000 02O000M000t
00383 ARG02A0187_003 f 0.00  0.000     0  0.00  0  0   0.752 999.000   1.028  -1.560   3.550   0.000 02O000M000t
00384 ARG03A0187_004 f 0.00  0.000     0  0.00  0  0   0.690 999.000   1.028   1.684   3.909   0.000 03O000M000t
00385 ARG+1A0187_005 f 0.00  1.000     0 12.50  0  1   0.647 999.000   1.028   3.463   6.632   0.000 +1O000M000t
00386 ALA01A0188_001 f 0.00  0.000     0  0.00  0  0  -3.792 151.874   0.000   0.000   0.000   0.000 01O000M000t
00387 SER01A0189_001 f 0.00  0.000     0  0.00  0  0  -3.571   7.453   2.274  -0.128  -0.323   0.000 01O000M000t
00388 SER01A0189_002 f 0.00  0.000     0  0.00  0  0  -3.571   7.453   1.899  -0.247  -0.240   0.000 01O000M000t
00389 TYR01A0190_001 f 0.00  0.000     0  0.00  0  0 245.352 999.000   2.762  -0.757   0.431   0.000 01O000M000t
00390 TYR-1A0190_002 f 0.00 -1.000     0 10.20  0 -1 245.352 999.000   2.762  -0.933  -0.057   0.000 -1O000M000t
00391 TYR01A0191_001 f 0.00  0.000     0  0.00  0  0 114.280 999.000   0.112   1.161   2.006   0.000 01O000M000t
00392 TYR-1A0191_002 f 0.00 -1.000     0 10.20  0 -1 114.280 999.000   0.112  -4.217   5.778   0.000 -1O000M000t
00393 ARG01A0192_001 f 0.00  0.000     0  0.00  0  0 -10.894 654.256   8.594   0.090  -0.197   0.000 01O000M000t
00394 ARG02A0192_002 f 0.00  0.000     0  0.00  0  0 -10.918 654.248   8.594   0.086   1.231   0.000 02O000M000t
00395 ARG03A0192_003 f 0.00  0.000     0  0.00  0  0 -10.881 654.255   8.594   0.042   0.389   0.000 03O000M000t
00396 ARG+1A0192_004 f 0.00  1.000     0 12.50  0  1 -10.954 654.247   8.594   0.243   0.295   0.000 +1O000M000t
00397 LYS01A0193_001 f 0.00  0.000     0  0.00  0  0 999.000 632.200   3.366  -0.038   0.515   0.000 01O000M000t
00398 LYS+1A0193_002 f 0.00  1.000     0 10.40  0  1 999.000 632.178   3.366   0.537   3.342   0.000 +1O000M000t
00399 CYS01A0196_001 f 0.00  0.000     0  0.00  0  0  -5.684  -0.577   0.088  -0.171   0.013   0.000 01O000M000t
00400 CYS01A0196_002 f 0.00  0.000     0  0.00  0  0  -5.684  -0.535   0.088  -0.277   0.096   0.000 01O000M000t
00401 CYS01A0196_003 f 0.00  0.000     0  0.00  0  0  -5.685  -0.513   0.088  -0.247   0.032   0.000 01O000M000t
00402 CYS-1A0196_004 f 0.00 -1.000     0  9.10  0 -1  -5.683  -0.500   0.088  -1.572   0.541   0.000 -1O000M000t
00403 ALA01A0197_001 f 0.00  0.000     0  0.00  0  0  -4.494  -0.377   0.000   0.000   0.000   0.000 01O000M000t
00404 MET01A0198_001 f 0.00  0.000     0  0.00  0  0  -5.994  -2.891   0.244   0.051   0.049   0.000 01O000M000t
00405 LEU01A0199_001 f 0.00  0.000     0  0.00  0  0  -1.772  -2.957   0.747   0.000   0.000   0.000 01O000M000t
00406 PRO01A0200_001 f 0.00  0.000     0  0.00  0  0  -0.047   1.436   0.000   0.000   0.000   0.000 01O000M000t
00407 VAL01A0201_001 f 0.00  0.000     0  0.00  0  0   0.577   1.213   0.131   0.000   0.000   0.000 01O000M000t
00408 LYS01A0202_001 f 0.00  0.000     0  0.00  0  0  -0.474  -4.988   1.509   0.202   0.419   0.000 01O000M000t
00409 LYS+1A0202_002 f 0.00  1.000     0 10.40  0  1  -0.520  -5.031   1.509  -0.832   2.828   0.000 +1O000M000t
00410 TRP01A0203_001 f 0.00  0.000     0  0.00  0  0   2.140  -9.511   0.356   0.000   0.000   0.000 01O000M000t
00411 MET01A0204_001 f 0.00  0.000     0  0.00  0  0   0.222  -6.470   0.244  -0.016   0.088   0.000 01O000M000t
00412 PRO01A0205_001 f 0.00  0.000     0  0.00  0  0   0.219  -1.041   0.000   0.000   0.000   0.000 01O000M000t
00413 PRO01A0206_001 f 0.00  0.000     0  0.00  0  0   0.071  -0.741   0.000   0.000   0.000   0.000 01O000M000t
00414 GLU01A0207_001 f 0.00  0.000     0  0.00  0  0   1.821  -0.129   4.598   2.505   2.172   0.000 01O000M000t
00415 GLU01A0207_002 f 0.00  0.000     0  0.00  0  0   1.821  -0.129   1.878  -0.496   2.811   0.000 01O000M000t
00416 GLU02A0207_003 f 0.00  0.000     0  0.00  0  0   1.462  -0.817   4.598  -0.745   1.675   0.000 02O000M000t
00417 GLU02A0207_004 f 0.00  0.000     0  0.00  0  0   1.462  -0.817   1.878  -0.932   2.733   0.000 02O000M000t
00418 GLU-1A0207_005 f 0.00 -1.000     0  4.75  0 -1   1.384  -0.703   1.878  -5.101  10.380   0.000 -1O000M000t
00419 ALA01A0208_001 f 0.00  0.000     0  0.00  0  0   0.000  -0.705   0.000   0.000   0.000   0.000 01O000M000t
00420 PHE01A0209_001 f 0.00  0.000     0  0.00  0  0   4.371  -7.795   0.000   0.000   0.000   0.000 01O000M000t
00421 MET01A0210_001 f 0.00  0.000     0  0.00  0  0  -4.433  -1.169   0.548   0.025   0.053   0.000 01O000M000t
00422 GLU01A0211_001 f 0.00  0.000     0  0.00  0  0  -1.090  -1.861   3.390   0.292  -0.123   0.000 01O000M000t
00423 GLU01A0211_002 f 0.00  0.000     0  0.00  0  0  -1.090  -1.861   0.670   0.098   0.599   0.000 01O000M000t
00424 GLU02A0211_003 f 0.00  0.000     0  0.00  0  0  -1.535  -1.890   3.390   0.206  -0.532   0.000 02O000M000t
00425 GLU02A0211_004 f 0.00  0.000     0  0.00  0  0  -1.535  -1.890   0.670   0.116   0.394   0.000 02O000M000t
00426 GLU-1A0211_005 f 0.00 -1.000     0  4.75  0 -1  -1.526  -1.849   0.670  -0.098   0.191   0.000 -1O000M000t
00427 ILE01A0213_001 f 0.00  0.000     0  0.00  0  0  -2.249  -0.434   0.484   0.000   0.000   0.000 01O000M000t
00428 PHE01A0214_001 f 0.00  0.000     0  0.00  0  0   2.975  -5.624   0.094   0.000   0.000   0.000 01O000M000t
00429 THR01A0215_001 f 0.00  0.000     0  0.00  0  0  -3.156   0.301   0.439  -0.428   1.169   0.000 01O000M000t
00430 THR01A0215_002 f 0.00  0.000     0  0.00  0  0  -3.156   0.301   0.439   3.143   1.531   0.000 01O000M000t
00431 SER01A0216_001 f 0.00  0.000     0  0.00  0  0  -1.673  -0.624   0.709   0.051  -0.054   0.000 01O000M000t
00432 SER01A0216_002 f 0.00  0.000     0  0.00  0  0  -1.673  -0.624   0.334  -1.045   0.226   0.000 01O000M000t
00433 LYS01A0217_001 f 0.00  0.000     0  0.00  0  0  -1.353  -4.285   1.333  -0.489   0.581   0.000 01O000M000t
00434 LYS+1A0217_002 f 0.00  1.000     0 10.40  0  1  -1.430  -4.313   1.333  -3.360   3.604   0.000 +1O000M000t
00435 THR01A0218_001 f 0.00  0.000     0  0.00  0  0   0.202   1.678   0.394  -1.346   1.970   0.000 01O000M000t
00436 THR01A0218_002 f 0.00  0.000     0  0.00  0  0   0.202   1.678   0.019  -0.349   1.965   0.000 01O000M000t
00437 ASP01A0219_001 f 0.00  0.000     0  0.00  0  0   0.088  -3.476   3.043  -0.747   2.108   0.000 01O000M000t
00438 ASP01A0219_002 f 0.00  0.000     0  0.00  0  0   0.088  -3.476   0.323   3.022   2.426   0.000 01O000M000t
00439 ASP02A0219_003 f 0.00  0.000     0  0.00  0  0   0.161  -3.731   3.043  -3.396   1.699   0.000 02O000M000t
00440 ASP02A0219_004 f 0.00  0.000     0  0.00  0  0   0.161 995.269   0.323   2.830   3.006   0.000 02O000M000t
00441 ASP-1A0219_005 f 0.00 -1.000     0  4.75  0 -1   0.084  -3.988   0.323 -11.571  10.866   0.000 -1O000M000t
00442 THR01A0220_001 f 0.00  0.000     0  0.00  0  0   0.191  -2.257   0.491  -0.104   1.796   0.000 01O000M000t
00443 THR01A0220_002 f 0.00  0.000     0  0.00  0  0   0.191  -2.257   0.491   0.880   1.480   0.000 01O000M000t
00444 THR01A0220_003 f 0.00  0.000     0  0.00  0  0   0.191  -2.257   0.116  -1.805   1.666   0.000 01O000M000t
00445 TRP01A0221_001 f 0.00  0.000     0  0.00  0  0   2.938 -13.636   0.023   0.000   0.000   0.000 01O000M000t
00446 SER01A0222_001 f 0.00  0.000     0  0.00  0  0   0.000  -1.984   0.385  -2.842   1.552   0.000 01O000M000t
00447 SER01A0222_002 f 0.00  0.000     0  0.00  0  0   0.000  -1.984   0.010   0.992   1.284   0.000 01O000M000t
00448 PHE01A0223_001 f 0.00  0.000     0  0.00  0  0   4.397  -7.918   0.001   0.000   0.000   0.000 01O000M000t
00449 VAL01A0225_001 f 0.00  0.000     0  0.00  0  0   0.582  -1.965   0.005   0.000   0.000   0.000 01O000M000t
00450 LEU01A0226_001 f 0.00  0.000     0  0.00  0  0   1.588  -2.411   0.940   0.000   0.000   0.000 01O000M000t
00451 LEU01A0227_001 f 0.00  0.000     0  0.00  0  0   1.738  -0.687   2.750   0.000   0.000   0.000 01O000M000t
00452 TRP01A0228_001 f 0.00  0.000     0  0.00  0  0   2.273 -11.592   0.172   0.000   0.000   0.000 01O000M000t
00453 GLU01A0229_001 f 0.00  0.000     0  0.00  0  0   0.603  -4.737   4.314  -0.703   2.122   0.000 01O000M000t
00454 GLU01A0229_002 f 0.00  0.000     0  0.00  0  0   0.603  -4.737   1.594   3.052   2.458   0.000 01O000M000t
00455 GLU02A0229_003 f 0.00  0.000     0  0.00  0  0   0.593  -5.060   4.314  -2.687   2.863   0.000 02O000M000t
00456 GLU02A0229_004 f 0.00  0.000     0  0.00  0  0   0.593  -5.060   1.594  -0.539   2.733   0.000 02O000M000t
00457 GLU-1A0229_005 f 0.00 -1.000     0  4.75  0 -1   0.480  -4.953   1.594  -6.473  10.984   0.000 -1O000M000t
00458 ILE01A0230_001 f 0.00  0.000     0  0.00  0  0   2.684  -1.922   0.563   0.000   0.000   0.000 01O000M000t
00459 PHE01A0231_001 f 0.00  0.000     0  0.00  0  0   4.510  -5.124   0.567   0.000   0.000   0.000 01O000M000t
00460 SER01A0232_001 f 0.00  0.000     0  0.00  0  0  -0.240  -2.840   0.725  -1.174   1.947   0.000 01O000M000t
00461 LEU01A0233_001 f 0.00  0.000     0  0.00  0  0   1.433   7.793   0.604   0.000   0.000   0.000 01O000M000t
00462 TYR01A0235_001 f 0.00  0.000     0  0.00  0  0  -1.859  -1.093   1.051   0.108   0.224   0.000 01O000M000t
00463 TYR01A0235_002 f 0.00  0.000     0  0.00  0  0  -1.859  -1.093   1.051   0.260   0.182   0.000 01O000M000t
00464 TYR-1A0235_003 f 0.00 -1.000     0 10.20  0 -1  -1.859  -1.093   1.051   0.453  -0.170   0.000 -1O000M000t
00465 MET01A0236_001 f 0.00  0.000     0  0.00  0  0  -0.293  -1.355   0.476   0.001   0.067   0.000 01O000M000t
00466 PRO01A0237_001 f 0.00  0.000     0  0.00  0  0   0.204  -0.298   0.000   0.000   0.000   0.000 01O000M000t
00467 TYR01A0238_001 f 0.00  0.000     0  0.00  0  0   4.491  -3.377   0.053   0.005   2.337   0.000 01O000M000t
00468 TYR-1A0238_002 f 0.00 -1.000     0 10.20  0 -1   4.491  -3.377   0.053   0.138   9.182   0.000 -1O000M000t
00469 PRO01A0239_001 f 0.00  0.000     0  0.00  0  0  -3.683   0.186   0.000   0.000   0.000   0.000 01O000M000t
00470 SER01A0240_001 f 0.00  0.000     0  0.00  0  0  -4.200  13.483   1.288  -2.592   0.225   0.000 01O000M000t
00471 SER01A0240_002 f 0.00  0.000     0  0.00  0  0  -4.200  13.483   1.288   0.259   0.150   0.000 01O000M000t
00472 LYS01A0241_001 f 0.00  0.000     0  0.00  0  0  -1.621  -4.714   1.277  -0.026   0.188   0.000 01O000M000t
00473 LYS+1A0241_002 f 0.00  1.000     0 10.40  0  1  -1.708  -4.726   1.277   0.137   1.512   0.000 +1O000M000t
00474 SER01A0242_001 f 0.00  0.000     0  0.00  0  0  -2.936  -1.056   0.560   0.115   1.489   0.000 01O000M000t
00475 SER01A0242_002 f 0.00  0.000     0  0.00  0  0  -2.936  -1.056   0.561   2.031   1.485   0.000 01O000M000t
00476 ASN01A0243_001 f 0.00  0.000     0  0.00  0  0  -1.184  -1.321   0.867  -0.085   0.878   0.000 01O000M000t
00477 ASN01A0243_002 f 0.00  0.000     0  0.00  0  0  -1.185   0.023   0.866   0.582   0.827   0.000 01R001M000t
00478 GLN01A0244_001 f 0.00  0.000     0  0.00  0  0  -1.744  -1.420   0.307  -0.018   0.677   0.000 01O000M000t
00479 GLN01A0244_002 f 0.00  0.000     0  0.00  0  0  -1.064  -1.190   0.307   0.268   0.549   0.000 01R001M000t
00480 GLU01A0245_001 f 0.00  0.000     0  0.00  0  0  -0.654   0.033   3.409   2.758   1.280   0.000 01O000M000t
00481 GLU01A0245_002 f 0.00  0.000     0  0.00  0  0  -0.654   0.033   0.689  -0.725   0.666   0.000 01O000M000t
00482 GLU02A0245_003 f 0.00  0.000     0  0.00  0  0  -1.085  -1.076   3.409  -1.130  -0.097   0.000 02O000M000t
00483 GLU02A0245_004 f 0.00  0.000     0  0.00  0  0  -1.085  -1.076   0.689  -1.235   1.040   0.000 02O000M000t
00484 GLU-1A0245_005 f 0.00 -1.000     0  4.75  0 -1  -1.098  -1.040   0.689  -2.503   1.261   0.000 -1O000M000t
00485 VAL01A0246_001 f 0.00  0.000     0  0.00  0  0   0.610   0.191   0.091   0.000   0.000   0.000 01O000M000t
00486 LEU01A0247_001 f 0.00  0.000     0  0.00  0  0  -0.150  -0.990   0.615   0.000   0.000   0.000 01O000M000t
00487 GLU01A0248_001 f 0.00  0.000     0  0.00  0  0  -0.840  -2.288   2.966   0.051   0.092   0.000 01O000M000t
00488 GLU01A0248_002 f 0.00  0.000     0  0.00  0  0  -0.840  -2.288   0.246   0.002   0.662   0.000 01O000M000t
00489 GLU02A0248_003 f 0.00  0.000     0  0.00  0  0  -1.295  -2.281   2.966  -0.116   0.065   0.000 02O000M000t
00490 GLU02A0248_004 f 0.00  0.000     0  0.00  0  0  -1.295  -2.281   0.246  -0.002   0.551   0.000 02O000M000t
00491 GLU-1A0248_005 f 0.00 -1.000     0  4.75  0 -1  -1.261  -2.240   0.246  -0.000   0.902   0.000 -1O000M000t
00492 PHE01A0249_001 f 0.00  0.000     0  0.00  0  0   0.834  -7.132   0.005   0.000   0.000   0.000 01O000M000t
00493 VAL01A0250_001 f 0.00  0.000     0  0.00  0  0   0.625  -0.511   0.322   0.000   0.000   0.000 01O000M000t
00494 THR01A0251_001 f 0.00  0.000     0  0.00  0  0  -2.068   1.256   0.431   0.545   1.794   0.000 01O000M000t
00495 THR01A0251_002 f 0.00  0.000     0  0.00  0  0  -2.068   1.256   0.431  -1.672   1.799   0.000 01O000M000t
00496 SER01A0252_001 f 0.00  0.000     0  0.00  0  0  -3.490  -1.463   0.404  -0.001   0.043   0.000 01O000M000t
00497 SER01A0252_002 f 0.00  0.000     0  0.00  0  0  -3.490  -1.463   0.404  -0.716   0.542   0.000 01O000M000t
00498 ARG01A0255_001 f 0.00  0.000     0  0.00  0  0  -0.732  -4.360   0.681  -1.612   3.124   0.000 01O000M000t
00499 ARG02A0255_002 f 0.00  0.000     0  0.00  0  0  -0.750  -4.234   0.681  -1.622   4.078   0.000 02O000M000t
00500 ARG02A0255_003 f 0.00  0.000     0  0.00  0  0  -0.684  -4.542   0.681  -0.320   3.954   0.000 02O000M000t
00501 ARG03A0255_004 f 0.00  0.000     0  0.00  0  0  -0.757  -4.358   0.681  -2.648   3.851   0.000 03O000M000t
00502 ARG+1A0255_005 f 0.00  1.000     0 12.50  0  1  -0.796  -4.412   0.681  -6.881   6.298   0.000 +1O000M000t
00503 MET01A0256_001 f 0.00  0.000     0  0.00  0  0   0.006  -4.174   1.268  -0.240   0.092   0.000 01O000M000t
00504 ASP01A0257_001 f 0.00  0.000     0  0.00  0  0  -3.410   0.609   3.302   0.658   0.022   0.000 01O000M000t
00505 ASP01A0257_002 f 0.00  0.000     0  0.00  0  0  -3.410   0.609   0.582   0.230   0.531   0.000 01O000M000t
00506 ASP02A0257_003 f 0.00  0.000     0  0.00  0  0  -3.274   0.140   3.302   0.337  -0.600   0.000 02O000M000t
00507 ASP02A0257_004 f 0.00  0.000     0  0.00  0  0  -3.274   0.140   0.582   0.255   0.549   0.000 02O000M000t
00508 ASP-1A0257_005 f 0.00 -1.000     0  4.75  0 -1  -3.285   0.175   0.582  -0.330   0.334   0.000 -1O000M000t
00509 PRO01A0258_001 f 0.00  0.000     0  0.00  0  0  -2.982  -1.626   0.000   0.000   0.000   0.000 01O000M000t
00510 PRO01A0259_001 f 0.00  0.000     0  0.00  0  0   0.218  -3.042   0.000   0.000   0.000   0.000 01O000M000t
00511 LYS01A0260_001 f 0.00  0.000     0  0.00  0  0  -4.696  -1.689   1.065  -0.022  -0.070   0.000 01O000M000t
00512 LYS+1A0260_002 f 0.00  1.000     0 10.40  0  1  -4.743  -1.694   1.065  -0.172   0.205   0.000 +1O000M000t
00513 ASN01A0261_001 f 0.00  0.000     0  0.00  0  0  -1.873   5.314   0.662  -0.851   0.921   0.000 01O000M000t
00514 ASN01A0261_002 f 0.00  0.000     0  0.00  0  0  -2.161   6.372   0.663   0.440   0.630   0.000 01R001M000t
00515 CYS01A0262_001 f 0.00  0.000     0  0.00  0  0  -0.002  -4.398   0.008  -0.306   0.972   0.000 01O000M000t
00516 CYS01A0262_002 f 0.00  0.000     0  0.00  0  0  -0.002  -4.237   0.008  -0.203   0.969   0.000 01O000M000t
00517 CYS01A0262_003 f 0.00  0.000     0  0.00  0  0  -0.002  -4.246   0.008  -0.109   0.982   0.000 01O000M000t
00518 CYS-1A0262_004 f 0.00 -1.000     0  9.10  0 -1   0.000  -4.178   0.008  -3.710  12.135   0.000 -1O000M000t
00519 PRO01A0263_001 f 0.00  0.000     0  0.00  0  0  -0.037  -2.346   0.000   0.000   0.000   0.000 01O000M000t
00520 PRO01A0265_001 f 0.00  0.000     0  0.00  0  0  -2.093  -0.273   0.000   0.000   0.000   0.000 01O000M000t
00521 VAL01A0266_001 f 0.00  0.000     0  0.00  0  0   0.647  -0.358   0.044   0.000   0.000   0.000 01O000M000t
00522 TYR01A0267_001 f 0.00  0.000     0  0.00  0  0   1.384  -6.214   0.020  -1.895   1.462   0.000 01O000M000t
00523 TYR01A0267_002 f 0.00  0.000     0  0.00  0  0   1.384  -6.214   0.020   0.837   1.387   0.000 01O000M000t
00524 TYR-1A0267_003 f 0.00 -1.000     0 10.20  0 -1   1.384  -6.214   0.020   0.866   5.463   0.000 -1O000M000t
00525 ARG01A0268_001 f 0.00  0.000     0  0.00  0  0  -6.402  -5.760   1.943  -0.277   0.919   0.000 01O000M000t
00526 ARG02A0268_002 f 0.00  0.000     0  0.00  0  0  -6.426  -5.772   1.943  -0.275   1.993   0.000 02O000M000t
00527 ARG03A0268_003 f 0.00  0.000     0  0.00  0  0  -6.435  -5.759   1.943  -0.326   1.943   0.000 03O000M000t
00528 ARG+1A0268_004 f 0.00  1.000     0 12.50  0  1  -6.475  -5.792   1.943   0.355   0.603   0.000 +1O000M000t
00529 ILE01A0269_001 f 0.00  0.000     0  0.00  0  0   2.451  -2.805   0.437   0.000   0.000   0.000 01O000M000t
00530 MET01A0270_001 f 0.00  0.000     0  0.00  0  0   0.171  -7.112   0.792   0.035   0.099   0.000 01O000M000t
00531 THR01A0271_001 f 0.00  0.000     0  0.00  0  0  -1.990  -1.314   0.377   0.112   1.442   0.000 01O000M000t
00532 THR01A0271_002 f 0.00  0.000     0  0.00  0  0  -1.990  -1.314   0.001  -0.683   0.300   0.000 01O000M000t
00533 GLN01A0272_001 f 0.00  0.000     0  0.00  0  0  -0.722  -2.904   0.800  -0.010   1.291   0.000 01O000M000t
00534 GLN01A0272_002 f 0.00  0.000     0  0.00  0  0  -0.241  -2.928   0.798  -0.102   1.058   0.000 01R001M000t
00535 CYS01A0273_001 f 0.00  0.000     0  0.00  0  0  -0.002  -5.326   0.277   0.027   0.993   0.000 01O000M000t
00536 CYS01A0273_002 f 0.00  0.000     0  0.00  0  0  -0.002  -5.386   0.277  -0.264   0.993   0.000 01O000M000t
00537 CYS01A0273_003 f 0.00  0.000     0  0.00  0  0  -0.002  -5.349   0.277   0.279   0.995   0.000 01O000M000t
00538 CYS-1A0273_004 f 0.00 -1.000     0  9.10  0 -1   0.000  -5.263   0.277   1.390  14.814   0.000 -1O000M000t
00539 TRP01A0274_001 f 0.00  0.000     0  0.00  0  0   2.814 -11.879   0.006   0.000   0.000   0.000 01O000M000t
00540 GLN01A0275_001 f 0.00  0.000     0  0.00  0  0  -1.296  -5.426   1.023  -0.817   0.562   0.000 01O000M000t
00541 GLN01A0275_002 f 0.00  0.000     0  0.00  0  0  -1.284  -5.402   1.031   0.383   0.133   0.000 01R001M000t
00542 HIS01A0276_001 f 0.00  0.000     0  0.00  0  0  -5.268  -3.002   0.015   0.195   1.277   0.000 01O000M000t
00543 HIS01A0276_002 f 0.00  0.000     0  0.00  0  0  -4.847  -2.993   0.015   0.649   0.929   0.000 01R001M000t
00544 HIS02A0276_003 f 0.00  0.000     0  0.00  0  0  -5.288  -3.051   0.015   0.333   1.446   0.000 02O000M000t
00545 HIS02A0276_004 f 0.00  0.000     0  0.00  0  0  -4.860  -3.022   0.015   0.190   1.326   0.000 02R001M000t
00546 HIS+1A0276_005 f 0.00  1.000     0  6.98  0  1  -5.314  -3.066   0.015   0.685   2.320   0.000 +1O000M000t
00547 HIS+1A0276_006 f 0.00  1.000     0  6.98  0  1  -4.886  -3.030   0.015   0.544   1.430   0.000 +1R001M000t
00548 GLN01A0277_001 f 0.00  0.000     0  0.00  0  0  -0.847  -1.071   0.713   0.716   0.771   0.000 01O000M000t
00549 GLN01A0277_002 f 0.00  0.000     0  0.00  0  0  -1.531  -1.499   0.714  -0.368   0.410   0.000 01R001M000t
00550 PRO01A0278_001 f 0.00  0.000     0  0.00  0  0  -1.550  -0.671   0.000   0.000   0.000   0.000 01O000M000t
00551 GLU01A0279_001 f 0.00  0.000     0  0.00  0  0  -0.538   0.825   4.924   3.180   0.854   0.000 01O000M000t
00552 GLU01A0279_002 f 0.00  0.000     0  0.00  0  0  -0.538   0.825   2.204  -0.149   1.200   0.000 01O000M000t
00553 GLU02A0279_003 f 0.00  0.000     0  0.00  0  0  -0.945   0.209   4.924  -1.021   0.035   0.000 02O000M000t
00554 GLU02A0279_004 f 0.00  0.000     0  0.00  0  0  -0.945   0.209   2.204  -0.924   1.221   0.000 02O000M000t
00555 GLU-1A0279_005 f 0.00 -1.000     0  4.75  0 -1  -0.959   0.252   2.204  -3.437   2.743   0.000 -1O000M000t
00556 ASP01A0280_001 f 0.00  0.000     0  0.00  0  0  -2.133  -1.072   3.237   0.319  -0.173   0.000 01O000M000t
00557 ASP01A0280_002 f 0.00  0.000     0  0.00  0  0  -2.133  -1.072   0.517   0.148   0.632   0.000 01O000M000t
00558 ASP02A0280_003 f 0.00  0.000     0  0.00  0  0  -2.088  -1.455   3.237   0.557   0.287   0.000 02O000M000t
00559 ASP02A0280_004 f 0.00  0.000     0  0.00  0  0  -2.088  -1.455   0.517   0.241   0.715   0.000 02O000M000t
00560 ASP-1A0280_005 f 0.00 -1.000     0  4.75  0 -1  -2.035  -1.383   0.517  -0.742   1.218   0.000 -1O000M000t
00561 ARG01A0281_001 f 0.00  0.000     0  0.00  0  0   1.888  21.162   2.412  -1.657   4.443   0.000 01O000M000t
00562 ARG02A0281_002 f 0.00  0.000     0  0.00  0  0   1.849  21.140   2.412  -2.472   4.964   0.000 02O000M000t
00563 ARG02A0281_003 f 0.00  0.000     0  0.00  0  0   1.903  20.815   2.412   0.992   4.954   0.000 02O000M000t
00564 ARG03A0281_004 f 0.00  0.000     0  0.00  0  0   1.843  21.096   2.412  -3.153   4.862   0.000 03O000M000t
00565 ARG03A0281_005 f 0.00  0.000     0  0.00  0  0   1.848  21.192   2.412  -1.759   4.839   0.000 03O000M000t
00566 ARG+1A0281_006 f 0.00  1.000     0 12.50  0  1   1.804  21.051   2.412  -6.393  11.524   0.000 +1O000M000t
00567 PRO01A0282_001 f 0.00  0.000     0  0.00  0  0   0.000  -3.324   0.000   0.000   0.000   0.000 01O000M000t
00568 ASN01A0283_001 f 0.00  0.000     0  0.00  0  0  -1.747   0.644   0.288  -2.415   1.704   0.000 01O000M000t
00569 PHE01A0284_001 f 0.00  0.000     0  0.00  0  0   4.467  -9.657   0.745   0.000   0.000   0.000 01O000M000t
00570 ALA01A0285_001 f 0.00  0.000     0  0.00  0  0  -2.556  -0.462   0.000   0.000   0.000   0.000 01O000M000t
00571 ILE01A0286_001 f 0.00  0.000     0  0.00  0  0  -2.193   3.707   0.453   0.000   0.000   0.000 01O000M000t
00572 ILE01A0287_001 f 0.00  0.000     0  0.00  0  0   1.593  -3.018   0.548   0.000   0.000   0.000 01O000M000t
00573 LEU01A0288_001 f 0.00  0.000     0  0.00  0  0   0.496  -3.908   1.603   0.000   0.000   0.000 01O000M000t
00574 GLU01A0289_001 f 0.00  0.000     0  0.00  0  0  -0.986  -1.579   3.009   0.113   0.227   0.000 01O000M000t
00575 GLU01A0289_002 f 0.00  0.000     0  0.00  0  0  -0.986  -1.579   0.289   0.016   0.749   0.000 01O000M000t
00576 GLU02A0289_003 f 0.00  0.000     0  0.00  0  0  -1.406  -1.551   3.009  -0.012  -0.425   0.000 02O000M000t
00577 GLU02A0289_004 f 0.00  0.000     0  0.00  0  0  -1.406  -1.551   0.289   0.003   0.820   0.000 02O000M000t
00578 GLU-1A0289_005 f 0.00 -1.000     0  4.75  0 -1  -1.414  -1.517   0.289  -0.196   0.751   0.000 -1O000M000t
00579 ARG01A0290_001 f 0.00  0.000     0  0.00  0  0  -3.989  -3.796   0.511  -0.010   1.651   0.000 01O000M000t
00580 ARG02A0290_002 f 0.00  0.000     0  0.00  0  0  -3.968  -3.789   0.511  -0.085   2.431   0.000 02O000M000t
00581 ARG03A0290_003 f 0.00  0.000     0  0.00  0  0  -4.029  -3.804   0.511  -0.011   2.428   0.000 03O000M000t
00582 ARG+1A0290_004 f 0.00  1.000     0 12.50  0  1  -4.072  -3.808   0.511   0.178   2.126   0.000 +1O000M000t
00583 ILE01A0291_001 f 0.00  0.000     0  0.00  0  0   2.814  -2.897   0.488   0.000   0.000   0.000 01O000M000t
00584 GLU01A0292_001 f 0.00  0.000     0  0.00  0  0  -0.978   2.512   4.646   0.319   0.253   0.000 01O000M000t
00585 GLU01A0292_002 f 0.00  0.000     0  0.00  0  0  -0.978   2.512   1.926  -0.030   0.605   0.000 01O000M000t
00586 GLU02A0292_003 f 0.00  0.000     0  0.00  0  0  -1.166   2.444   4.646  -0.020  -0.198   0.000 02O000M000t
00587 GLU02A0292_004 f 0.00  0.000     0  0.00  0  0  -1.166   2.444   1.926  -0.022   0.912   0.000 02O000M000t
00588 GLU-1A0292_005 f 0.00 -1.000     0  4.75  0 -1  -1.189   2.480   1.926  -0.120   1.415   0.000 -1O000M000t
00589 TYR01A0293_001 f 0.00  0.000     0  0.00  0  0  -6.057  -3.580   0.876   0.343  -0.057   0.000 01O000M000t
00590 TYR01A0293_002 f 0.00  0.000     0  0.00  0  0  -6.057  -3.580   0.876   0.353  -0.137   0.000 01O000M000t
00591 TYR-1A0293_003 f 0.00 -1.000     0 10.20  0 -1  -6.057  -3.580   0.876   0.121  -0.928   0.000 -1O000M000t
00592 CYS01A0294_001 f 0.00  0.000     0  0.00  0  0  -0.002  -3.700   0.372   0.376   0.828   0.000 01O000M000t
00593 CYS01A0294_002 f 0.00  0.000     0  0.00  0  0  -0.002  -3.726   0.372  -0.694   0.451   0.000 01O000M000t
00594 CYS01A0294_003 f 0.00  0.000     0  0.00  0  0  -0.002  -3.700   0.372   0.044   0.813   0.000 01O000M000t
00595 CYS-1A0294_004 f 0.00 -1.000     0  9.10  0 -1   0.000  -3.602   0.372  -2.185   7.261   0.000 -1O000M000t
00596 THR01A0295_001 f 0.00  0.000     0  0.00  0  0  -0.615  10.251   0.589  -1.701   1.367   0.000 01O000M000t
00597 THR01A0295_002 f 0.00  0.000     0  0.00  0  0  -0.615  10.251   0.589   0.118   0.660   0.000 01O000M000t
00598 THR01A0295_003 f 0.00  0.000     0  0.00  0  0  -0.615  10.251   0.214  -0.354   0.502   0.000 01O000M000t
00599 GLN01A0296_001 f 0.00  0.000     0  0.00  0  0  -2.336  -3.078   1.272   0.006   0.401   0.000 01O000M000t
00600 GLN01A0296_002 f 0.00  0.000     0  0.00  0  0  -2.100  -2.982   1.279   0.077   0.312   0.000 01R001M000t
00601 ASP01A0297_001 f 0.00  0.000     0  0.00  0  0  -1.151   0.066   2.780   3.679   1.131   0.000 01O000M000t
00602 ASP01A0297_002 f 0.00  0.000     0  0.00  0  0  -1.151   0.066   0.060  -0.138   0.910   0.000 01O000M000t
00603 ASP02A0297_003 f 0.00  0.000     0  0.00  0  0  -0.949  -1.145   2.780  -1.457   0.568   0.000 02O000M000t
00604 ASP02A0297_004 f 0.00  0.000     0  0.00  0  0  -0.949  -1.145   0.060  -1.475   1.577   0.000 02O000M000t
00605 ASP-1A0297_005 f 0.00 -1.000     0  4.75  0 -1  -0.989  -1.064   0.060  -4.614   3.676   0.000 -1O000M000t
00606 PRO01A0298_001 f 0.00  0.000     0  0.00  0  0  -5.204   2.692   0.000   0.000   0.000   0.000 01O000M000t
00607 ASP01A0299_001 f 0.00  0.000     0  0.00  0  0  -3.203   0.805   3.290   0.798  -0.206   0.000 01O000M000t
00608 ASP01A0299_002 f 0.00  0.000     0  0.00  0  0  -3.203   0.805   0.570   0.348   0.410   0.000 01O000M000t
00609 ASP02A0299_003 f 0.00  0.000     0  0.00  0  0  -3.269   0.222   3.290   0.526  -0.409   0.000 02O000M000t
00610 ASP02A0299_004 f 0.00  0.000     0  0.00  0  0  -3.269   0.222   0.570   0.355   0.561   0.000 02O000M000t
00611 ASP-1A0299_005 f 0.00 -1.000     0  4.75  0 -1  -3.224   0.256   0.570  -0.763   0.198   0.000 -1O000M000t
00612 VAL01A0300_001 f 0.00  0.000     0  0.00  0  0   0.602  -0.188   0.132   0.000   0.000   0.000 01O000M000t
00613 ILE01A0301_001 f 0.00  0.000     0  0.00  0  0   1.425  -4.018   0.411   0.000   0.000   0.000 01O000M000t
00614 ASN01A0302_001 f 0.00  0.000     0  0.00  0  0  -2.706   0.565   0.658   0.098   0.183   0.000 01O000M000t
00615 ASN01A0302_002 f 0.00  0.000     0  0.00  0  0  -2.818   1.559   0.659   0.225   0.123   0.000 01R001M000t
00616 THR01A0303_001 f 0.00  0.000     0  0.00  0  0  -1.701  -1.431   0.378   0.537   0.238   0.000 01O000M000t
00617 ALA01A0304_001 f 0.00  0.000     0  0.00  0  0  -4.102  -0.681   0.000   0.000   0.000   0.000 01O000M000t
00618 LEU01A0305_001 f 0.00  0.000     0  0.00  0  0   1.631  -4.298   0.643   0.000   0.000   0.000 01O000M000t
00619 PRO01A0306_001 f 0.00  0.000     0  0.00  0  0  -0.830  -2.143   0.000   0.000   0.000   0.000 01O000M000t
00620 ILE01A0307_001 f 0.00  0.000     0  0.00  0  0  -1.000  -3.320   0.407   0.000   0.000   0.000 01O000M000t
00621 GLU01A0308_001 f 0.00  0.000     0  0.00  0  0  -1.202  -2.627   3.860  -0.029   0.490   0.000 01O000M000t
00622 GLU01A0308_002 f 0.00  0.000     0  0.00  0  0  -1.202  -2.627   1.140   0.028   0.894   0.000 01O000M000t
00623 GLU02A0308_003 f 0.00  0.000     0  0.00  0  0  -1.247  -2.609   3.860   0.161  -0.191   0.000 02O000M000t
00624 GLU02A0308_004 f 0.00  0.000     0  0.00  0  0  -1.247  -2.609   1.140   0.092   1.277   0.000 02O000M000t
00625 GLU-1A0308_005 f 0.00 -1.000     0  4.75  0 -1  -1.314  -2.578   1.140   0.717   1.519   0.000 -1O000M000t
00626 TYR01A0309_001 f 0.00  0.000     0  0.00  0  0  -6.202  16.986   0.207  -0.242   0.020   0.000 01O000M000t
00627 TYR-1A0309_002 f 0.00 -1.000     0 10.20  0 -1  -6.202  16.986   0.207  -0.990  -0.151   0.000 -1O000M000t
00628 VGH21B0001_001 f 0.00  1.998     0  0.00  0  0 000.000 000.000   0.000  -0.162   9.451   0.283 21O000M000t
00629 VGH21B0001_002 f 0.00  1.998     0  0.00  0  0 000.000 000.000   0.000  -0.713   9.552   0.283 21O000M000t
00630 VGH11B0001_003 f 0.00  0.995     0  0.00  0  0 000.000 000.000   0.000  -2.473   6.656   0.585 11O000M000t
00631 VGH01B0001_004 f 0.00  0.003     0  0.00  0  0 000.000 000.000   0.000  -1.749   6.057   3.192 01O000M000t
00632 VGH12B0001_005 f 0.00  1.002     0  0.00  0  0 000.000 000.000   0.000   1.873   7.944   3.587 12O000M000t
00633 VGHDMB0001_006 t 0.00  0.000     0  0.00  0  0   0.000   0.000   0.000   0.000   0.000   0.000         DMt
