CONFORMER         crg  vdw0  vdw1  tors  epol  self   occ  Hb     history    ASA
ASN01A0001_001  0.000 -1.99 -0.30  1.43  0.00 -0.86 0.752  00  01O000M000  0.535
ASN01A0001_002  0.000 -2.39  0.09  1.43  0.00 -0.87 0.748  00  01R001M000  0.596
PRO01A0002_001  0.000 -1.91  1.39  0.00  0.00 -0.52 1.000  00  01O000M000  0.226
ASN01A0003_001  0.000 -2.10 -2.71  0.48  0.00 -4.33 0.750  00  01O000M000  0.539
ASN01A0003_002  0.000 -2.16 -2.33  0.48  0.00 -4.01 0.750  00  01R001M000  0.501
TYR01A0004_001  0.000  4.37 -8.81  0.15  0.00 -4.28 1.000  00  01O000M000  0.003
TYR-1A0004_002 -1.000  4.37 -8.81  0.15  0.00 -4.28 1.000  00  -1O000M000  0.003
CYS01A0005_001  0.000 -3.54 -1.96  0.24  0.00 -5.26 1.000  00  01O000M000  0.496
CYS01A0005_002  0.000 -3.54 -1.97  0.24  0.00 -5.27 1.000  00  01O000M000  0.496
CYS01A0005_003  0.000 -3.54 -1.91  0.24  0.00 -5.21 1.000  00  01O000M000  0.496
CYS-1A0005_004 -1.000 -3.54 -1.89  0.24  0.00 -5.19 1.000  00  -1O000M000  0.496
PHE01A0006_001  0.000  3.89 -6.21  0.13  0.00 -2.19 1.000  00  01O000M000  0.045
ALA01A0007_001  0.000 -1.47  2.18  0.00  0.00  0.70 1.000  00  01O000M000  0.282
LYS01A0009_001  0.000  0.44  2.57  2.29  0.00  5.30 1.000  00  01O000M000  0.718
LYS+1A0009_002  1.000  0.39  2.57  2.29  0.00  5.25 1.000  00  +1O000M000  0.718
THR01A0010_001  0.000 -4.70  1.06  0.40  0.00 -3.24 0.669  00  01O000M000  0.575
THR01A0010_002  0.000 -4.70  1.06  0.40  0.00 -3.24 0.669  00  01O000M000  0.575
SER01A0011_001  0.000 -0.19 -2.09  0.39  0.00 -1.89 0.660  00  01O000M000  0.031
SER01A0012_001  0.000 -1.29 -1.40  0.38  0.00 -2.31 0.670  00  01O000M000  0.214
SER01A0012_002  0.000 -1.29 -1.40  0.00  0.00 -2.68 0.670  00  01O000M000  0.214
ILE01A0013_001  0.000 -1.46 83.09  0.67  0.00 82.30 1.000  00  01O000M000  0.196
SER01A0014_001  0.000 -4.36 -0.85  0.41  0.00 -4.81 0.668  00  01O000M000  0.710
ASP01A0015_001  0.000 -1.73  2.94  3.41  0.00  4.61 1.000  00  01O000M000  0.456
ASP01A0015_002  0.000 -1.73  2.94  0.69  0.00  1.89 1.000  00  01O000M000  0.456
ASP02A0015_003  0.000 -1.47999.00  3.41  0.00999.00 1.000  00  02O000M000  0.417
ASP02A0015_004  0.000 -1.47  4.97  0.69  0.00  4.19 1.000  00  02O000M000  0.417
ASP-1A0015_005 -1.000 -1.64  2.84  0.69  0.00  1.90 1.000  00  -1O000M000  0.438
LEU01A0016_001  0.000  1.82 -5.86  0.49  0.00 -3.55 1.000  00  01O000M000  0.009
LYS01A0017_001  0.000 -6.71  2.05  1.60  0.00 -3.06 1.000  00  01O000M000  0.581
LYS+1A0017_002  1.000 -6.75  2.11  1.60  0.00 -3.05 1.000  00  +1O000M000  0.581
GLU01A0018_001  0.000  1.81 -5.44  3.34  0.00 -0.29 1.000  00  01O000M000  0.108
GLU01A0018_002  0.000  1.81 -5.44  0.62  0.00 -3.01 1.000  00  01O000M000  0.108
GLU02A0018_003  0.000  1.31 -5.46  3.34  0.00 -0.82 1.000  00  02O000M000  0.117
GLU02A0018_004  0.000  1.31 -5.46  0.62  0.00 -3.54 1.000  00  02O000M000  0.117
GLU-1A0018_005 -1.000  1.28 -5.56  0.62  0.00 -3.66 1.000  00  -1O000M000  0.108
VAL01A0019_001  0.000  0.07 -1.48  0.02  0.00 -1.39 1.000  00  01O000M000  0.052
PRO01A0020_001  0.000 -3.16 -0.52  0.00  0.00 -3.68 1.000  00  01O000M000  0.350
ARG01A0021_001  0.000 -1.55  1.07  2.82  0.00  2.33 1.000  00  01O000M000  0.262
ARG02A0021_002  0.000 -1.49  1.04  2.82  0.00  2.37 1.000  00  02O000M000  0.262
ARG03A0021_003  0.000 -1.58  1.06  2.82  0.00  2.30 1.000  00  03O000M000  0.262
ARG+1A0021_004  1.000 -1.62  1.03  2.82  0.00  2.23 1.000  00  +1O000M000  0.262
LYS01A0022_001  0.000 -7.64 -1.35  0.91  0.00 -8.08 1.000  00  01O000M000  0.727
LYS+1A0022_002  1.000 -7.70 -1.36  0.91  0.00 -8.15 1.000  00  +1O000M000  0.727
ASN01A0023_001  0.000 -1.16  0.93  0.35  0.00  0.13 0.750  00  01O000M000  0.247
ASN01A0023_002  0.000 -1.06 -0.93  0.35  0.00 -1.64 0.750  00  01R001M000  0.257
ILE01A0024_001  0.000  2.36 -1.79  0.48  0.00  1.04 1.000  00  01O000M000  0.000
THR01A0025_001  0.000 -4.74 -0.59  0.38  0.00 -4.94 0.668  00  01O000M000  0.569
LEU01A0026_001  0.000 -1.54  6.40  0.57  0.00  5.43 1.000  00  01O000M000  0.285
ILE01A0027_001  0.000  0.17 -1.04  0.42  0.00 -0.45 1.000  00  01O000M000  0.212
ARG01A0028_001  0.000 -5.18 -1.28  0.67  0.00 -5.80 1.000  00  01O000M000  0.539
ARG02A0028_002  0.000 -5.22 -1.29  0.67  0.00 -5.84 1.000  00  02O000M000  0.539
ARG02A0028_003  0.000 -5.13 -1.28  0.67  0.00 -5.74 1.000  00  02O000M000  0.539
ARG03A0028_004  0.000 -5.23 -1.29  0.67  0.00 -5.85 1.000  00  03O000M000  0.539
ARG+1A0028_005  1.000 -5.27 -1.29  0.67  0.00 -5.89 1.000  00  +1O000M000  0.539
LEU01A0030_001  0.000  1.74 -4.33  0.45  0.00 -2.13 1.000  00  01O000M000  0.000
HIS01A0032_001  0.000 -7.32611.56  2.68  0.00606.92 0.752  00  01O000M000  0.710
HIS01A0032_002  0.000 -7.77611.57  2.68  0.00606.47 0.748  00  01R001M000  0.708
HIS02A0032_003  0.000 -7.33611.54  2.68  0.00606.89 0.752  00  02O000M000  0.710
HIS02A0032_004  0.000 -7.80611.55  2.68  0.00606.42 0.748  00  02R001M000  0.708
HIS+1A0032_005  1.000 -7.35611.53  2.68  0.00606.86 0.752  00  +1O000M000  0.710
HIS+1A0032_006  1.000 -7.83611.54  2.68  0.00606.39 0.748  00  +1R001M000  0.708
ALA01A0034_001  0.000 -4.14  2.79  0.00  0.00 -1.34 1.000  00  01O000M000  0.755
PHE01A0035_001  0.000 -0.99 -3.30  0.02  0.00 -4.27 1.000  00  01O000M000  0.390
GLU01A0037_001  0.000 -0.96 -1.43  3.44  0.00  1.05 1.000  00  01O000M000  0.606
GLU01A0037_002  0.000 -0.96 -1.43  0.72  0.00 -1.67 1.000  00  01O000M000  0.606
GLU02A0037_003  0.000 -1.41 -1.41  3.44  0.00  0.63 1.000  00  02O000M000  0.642
GLU02A0037_004  0.000 -1.41 -1.41  0.72  0.00 -2.09 1.000  00  02O000M000  0.642
GLU-1A0037_005 -1.000 -1.37 -1.39  0.72  0.00 -2.03 1.000  00  -1O000M000  0.631
VAL01A0038_001  0.000  0.55 -1.64  0.01  0.00 -1.07 1.000  00  01O000M000  0.005
TYR01A0039_001  0.000  1.59 -8.38  0.03  0.00 -6.77 1.000  00  01O000M000  0.202
TYR01A0039_002  0.000  1.59 -8.38  0.03  0.00 -6.77 1.000  00  01O000M000  0.202
TYR-1A0039_003 -1.000  1.59 -8.38  0.03  0.00 -6.77 1.000  00  -1O000M000  0.202
GLU01A0040_001  0.000  0.98 -3.24  3.02  0.00  0.76 1.000  00  01O000M000  0.211
GLU01A0040_002  0.000  0.98 -3.24  0.30  0.00 -1.96 1.000  00  01O000M000  0.211
GLU02A0040_003  0.000  0.60 -3.23  3.02  0.00  0.39 1.000  00  02O000M000  0.208
GLU02A0040_004  0.000  0.60 -3.23  0.30  0.00 -2.33 1.000  00  02O000M000  0.208
GLU-1A0040_005 -1.000  0.53 -3.19  0.30  0.00 -2.36 1.000  00  -1O000M000  0.214
GLN01A0042_001  0.000 -0.54 -4.45  0.58  0.00 -4.41 0.750  00  01O000M000  0.375
GLN01A0042_002  0.000  0.20 -4.47  0.59  0.00 -3.68 0.750  00  01R001M000  0.366
VAL01A0043_001  0.000  0.33 23.42  0.12  0.00 23.87 1.000  00  01O000M000  0.031
SER01A0044_001  0.000 -3.28 -1.82  1.72  0.00 -3.38 0.672  00  01O000M000  0.547
MET01A0046_001  0.000  1.86  7.47  3.63  0.00 12.95 1.000  00  01O000M000  0.615
PRO01A0047_001  0.000 -6.22  0.11  0.00  0.00 -6.12 1.000  00  01O000M000  0.633
ASN01A0048_001  0.000  0.73 15.79  0.99  0.00 17.51 1.000  00  01O000M000  0.754
ASP01A0049_001  0.000 -3.34  6.97  5.53  0.00  9.16 1.000  00  01O000M000  0.831
ASP01A0049_002  0.000 -3.34  6.97  2.81  0.00  6.44 1.000  00  01O000M000  0.831
ASP02A0049_003  0.000 -3.23  6.99  5.53  0.00  9.30 1.000  00  02O000M000  0.824
ASP02A0049_004  0.000 -3.23  6.99  2.81  0.00  6.58 1.000  00  02O000M000  0.824
ASP-1A0049_005 -1.000 -3.28  7.03  2.81  0.00  6.56 1.000  00  -1O000M000  0.825
PRO01A0050_001  0.000 -6.48  1.32  0.00  0.00 -5.16 1.000  00  01O000M000  0.706
SER01A0051_001  0.000 -2.56 -2.34  2.02  0.00 -2.89 0.660  00  01O000M000  0.415
PRO01A0052_001  0.000 -0.70999.00  0.00  0.00999.00 1.000  00  01O000M000  0.097
LEU01A0053_001  0.000 -3.63 -1.72  0.83  0.00 -4.52 1.000  00  01O000M000  0.461
GLN01A0054_001  0.000 -1.12 -1.15  0.43  0.00 -1.84 0.746  00  01O000M000  0.558
GLN01A0054_002  0.000 -0.08 -1.16  0.43  0.00 -0.81 0.754  00  01R001M000  0.571
VAL01A0055_001  0.000  0.63 22.45  0.09  0.00 23.17 1.000  00  01O000M000  0.000
ALA01A0056_001  0.000  0.00 -2.14  0.00  0.00 -2.14 1.000  00  01O000M000  0.000
VAL01A0057_001  0.000  0.55 -3.31  0.08  0.00 -2.69 1.000  00  01O000M000  0.000
LYS01A0058_001  0.000 -0.56 -3.89  1.01  0.00 -3.44 1.000  00  01O000M000  0.143
LYS+1A0058_002  1.000 -0.64 -3.90  1.01  0.00 -3.54 1.000  00  +1O000M000  0.143
THR01A0059_001  0.000 -0.02 -2.30  0.54  0.00 -1.78 0.669  00  01O000M000  0.028
THR01A0059_002  0.000 -0.02 -2.30  0.54  0.00 -1.78 0.669  00  01O000M000  0.028
THR01A0059_003  0.000 -0.02 -2.30  0.16  0.00 -2.16 0.669  00  01O000M000  0.028
LEU01A0060_001  0.000  1.90 -5.20  0.62  0.00 -2.68 1.000  00  01O000M000  0.000
PRO01A0061_001  0.000 -1.27 -3.32  0.00  0.00 -4.60 1.000  00  01O000M000  0.159
GLU01A0062_001  0.000 -1.29 -3.10  3.99  0.00 -0.40 1.000  00  01O000M000  0.633
GLU01A0062_002  0.000 -1.29 -3.10  1.27  0.00 -3.12 1.000  00  01O000M000  0.633
GLU02A0062_003  0.000 -1.49 -3.10  3.99  0.00 -0.61 1.000  00  02O000M000  0.616
GLU02A0062_004  0.000 -1.49 -3.10  1.27  0.00 -3.33 1.000  00  02O000M000  0.616
GLU-1A0062_005 -1.000 -1.45 -3.04  1.27  0.00 -3.23 1.000  00  -1O000M000  0.619
VAL01A0063_001  0.000 -8.37  4.32  0.00  0.00 -4.04 1.000  00  01O000M000  0.911
CYS01A0064_001  0.000 -0.07 -3.21  0.09  0.00 -3.19 1.000  00  01O000M000  0.010
CYS01A0064_002  0.000 -0.07 -3.22  0.09  0.00 -3.21 1.000  00  01O000M000  0.010
CYS01A0064_003  0.000 -0.07 -3.15  0.09  0.00 -3.14 1.000  00  01O000M000  0.010
CYS-1A0064_004 -1.000 -0.07 -3.09  0.09  0.00 -3.07 1.000  00  -1O000M000  0.010
SER01A0065_001  0.000 -2.80 -0.35  0.73  0.00 -2.43 0.661  00  01O000M000  0.460
SER01A0065_002  0.000 -2.80 -0.35  0.35  0.00 -2.80 0.661  00  01O000M000  0.460
GLU01A0066_001  0.000 -3.11 -0.89  5.98  0.00  1.99 1.000  00  01O000M000  0.828
GLU01A0066_002  0.000 -3.11 -0.89  3.26  0.00 -0.73 1.000  00  01O000M000  0.828
GLU02A0066_003  0.000 -3.09 -1.08  5.98  0.00  1.82 1.000  00  02O000M000  0.841
GLU02A0066_004  0.000 -3.09 -1.08  3.26  0.00 -0.90 1.000  00  02O000M000  0.841
GLU-1A0066_005 -1.000 -3.11 -1.05  3.26  0.00 -0.90 1.000  00  -1O000M000  0.836
GLN01A0067_001  0.000  0.38 -2.82  0.52  0.00 -1.92 0.752  00  01O000M000  0.206
GLN01A0067_002  0.000  0.05 -3.11  0.52  0.00 -2.54 0.748  00  01R001M000  0.186
ASP01A0068_001  0.000 -0.74  2.95  3.08  0.00  5.29 1.000  00  01O000M000  0.200
ASP01A0068_002  0.000 -0.74  2.95  0.36  0.00  2.57 1.000  00  01O000M000  0.200
ASP02A0068_003  0.000 -0.63  3.81  3.08  0.00  6.27 1.000  00  02O000M000  0.191
ASP02A0068_004  0.000 -0.63  3.81  0.36  0.00  3.55 1.000  00  02O000M000  0.191
ASP-1A0068_005 -1.000 -0.69  2.58  0.36  0.00  2.25 1.000  00  -1O000M000  0.192
GLU01A0069_001  0.000  2.35 -2.68  4.13  0.00  3.80 1.000  00  01O000M000  0.241
GLU01A0069_002  0.000  2.35 -2.68  1.41  0.00  1.08 1.000  00  01O000M000  0.241
GLU02A0069_003  0.000  1.63 -2.75  4.13  0.00  3.02 1.000  00  02O000M000  0.246
GLU02A0069_004  0.000  1.63 -2.75  1.41  0.00  0.30 1.000  00  02O000M000  0.246
GLU-1A0069_005 -1.000  1.61 -2.69  1.41  0.00  0.32 1.000  00  -1O000M000  0.243
LEU01A0070_001  0.000 -2.41 -0.52  0.41  0.00 -2.52 1.000  00  01O000M000  0.345
ASP01A0071_001  0.000 -0.01 -1.78  3.04  0.00  1.25 1.000  00  01O000M000  0.015
ASP01A0071_002  0.000 -0.01 -1.78  0.32  0.00 -1.47 1.000  00  01O000M000  0.015
ASP02A0071_003  0.000  0.05 -2.35  3.04  0.00  0.74 1.000  00  02O000M000  0.016
ASP02A0071_004  0.000  0.05 -2.35  0.32  0.00 -1.98 1.000  00  02O000M000  0.016
ASP-1A0071_005 -1.000 -0.01 -2.25  0.32  0.00 -1.94 1.000  00  -1O000M000  0.016
PHE01A0072_001  0.000  4.36 -9.60  0.41  0.00 -4.83 1.000  00  01O000M000  0.007
LEU01A0073_001  0.000  0.74 -2.04  0.91  0.00 -0.39 1.000  00  01O000M000  0.084
MET01A0074_001  0.000  2.12 -5.55  0.53  0.00 -2.89 1.000  00  01O000M000  0.000
GLU01A0075_001  0.000  1.06 16.26  4.35  0.00 21.68 1.000  00  01O000M000  0.032
GLU01A0075_002  0.000  1.06 16.26  1.63  0.00 18.96 1.000  00  01O000M000  0.032
GLU02A0075_003  0.000  0.81 16.65  4.35  0.00 21.81 1.000  00  02O000M000  0.046
GLU02A0075_004  0.000  0.81 16.65  1.63  0.00 19.09 1.000  00  02O000M000  0.046
GLU-1A0075_005 -1.000  0.72 16.33  1.63  0.00 18.68 1.000  00  -1O000M000  0.046
ALA01A0076_001  0.000  0.00 -1.19  0.00  0.00 -1.19 1.000  00  01O000M000  0.000
LEU01A0077_001  0.000  1.94 18.64  1.21  0.00 21.79 1.000  00  01O000M000  0.000
ILE01A0078_001  0.000  1.84 -0.47  0.57  0.00  1.94 1.000  00  01O000M000  0.000
ILE01A0079_001  0.000  3.23 -2.21  0.42  0.00  1.43 1.000  00  01O000M000  0.013
SER01A0080_001  0.000 -0.68 -2.46  0.66  0.00 -2.49 0.665  00  01O000M000  0.115
SER01A0080_002  0.000 -0.68 -2.46  0.28  0.00 -2.87 0.665  00  01O000M000  0.115
LYS01A0081_001  0.000 -2.34  2.97  1.03  0.00  1.66 1.000  00  01O000M000  0.249
LYS+1A0081_002  1.000 -2.39  2.95  1.03  0.00  1.59 1.000  00  +1O000M000  0.249
PHE01A0082_001  0.000  4.46 -5.25  0.07  0.00 -0.71 1.000  00  01O000M000  0.000
ASN01A0083_001  0.000 -3.00  2.06  0.58  0.00 -0.36 1.000  00  01O000M000  0.721
HIS01A0084_001  0.000 -1.35 -5.84  0.29  0.00 -6.89 1.000  00  01O000M000  0.102
HIS02A0084_002  0.000 -1.36 -5.97  0.29  0.00 -7.05 1.000  00  02O000M000  0.102
HIS+1A0084_003  1.000 -1.39 -6.00  0.29  0.00 -7.10 1.000  00  +1O000M000  0.102
GLN01A0085_001  0.000  1.33 -0.22  2.48  0.00  3.59 0.000  00  01O000M000  0.760
GLN01A0085_002  0.000 -0.33 -0.23  2.48  0.00  1.93 1.000  00  01R001M000  0.713
ASN01A0086_001  0.000  0.01 -5.73  0.97  0.00 -4.75 0.751  00  01O000M000  0.057
ASN01A0086_002  0.000  0.18 -5.91  0.96  0.00 -4.77 0.749  00  01R001M000  0.050
ILE01A0087_001  0.000  4.32 -3.74  0.43  0.00  1.01 1.000  00  01O000M000  0.000
VAL01A0088_001  0.000  0.67 -1.83  0.00  0.00 -1.16 1.000  00  01O000M000  0.000
ARG01A0089_001  0.000 -3.86 -6.24  0.75  0.00 -9.35 1.000  00  01O000M000  0.350
ARG02A0089_002  0.000 -3.90 -6.19  0.75  0.00 -9.34 1.000  00  02O000M000  0.350
ARG02A0089_003  0.000 -3.84 -6.22  0.75  0.00 -9.31 1.000  00  02O000M000  0.350
ARG03A0089_004  0.000 -3.91 -6.23  0.75  0.00 -9.38 1.000  00  03O000M000  0.350
ARG+1A0089_005  1.000 -3.94 -6.27  0.75  0.00 -9.46 1.000  00  +1O000M000  0.350
CYS01A0090_001  0.000 -0.00 -4.80  0.02  0.00 -4.79 1.000  00  01O000M000  0.000
CYS01A0090_002  0.000 -0.00 -4.71  0.02  0.00 -4.70 1.000  00  01O000M000  0.000
CYS01A0090_003  0.000 -0.00 -4.63  0.02  0.00 -4.62 1.000  00  01O000M000  0.000
CYS-1A0090_004 -1.000  0.00 -4.57  0.02  0.00 -4.55 1.000  00  -1O000M000  0.000
ILE01A0091_001  0.000 -0.60  7.67  0.96  0.00  8.03 1.000  00  01O000M000  0.126
VAL01A0093_001  0.000  0.61 -2.15  0.00  0.00 -1.54 1.000  00  01O000M000  0.000
SER01A0094_001  0.000  0.00 -2.21  0.38  0.00 -1.83 0.671  00  01O000M000  0.000
SER01A0094_002  0.000  0.00 -2.21  0.38  0.00 -1.83 0.671  00  01O000M000  0.000
SER01A0094_003  0.000  0.00 -2.21  0.00  0.00 -2.21 0.671  00  01O000M000  0.000
LEU01A0095_001  0.000  0.89 -3.12  0.44  0.00 -1.79 1.000  00  01O000M000  0.066
GLN01A0096_001  0.000 -0.15 -0.77  0.27  0.00 -0.66 0.749  00  01O000M000  0.655
GLN01A0096_002  0.000 -1.39 -0.74  0.27  0.00 -1.87 0.751  00  01R001M000  0.647
SER01A0097_001  0.000 -1.90 -1.42  0.45  0.00 -2.86 0.665  00  01O000M000  0.299
LEU01A0098_001  0.000 -2.89 -2.57  0.47  0.00 -4.99 1.000  00  01O000M000  0.396
PRO01A0099_001  0.000 -2.47 -2.36  0.00  0.00 -4.83 1.000  00  01O000M000  0.277
ARG01A0100_001  0.000 -1.05 -4.18  1.74  0.00 -3.49 1.000  00  01O000M000  0.212
ARG02A0100_002  0.000 -1.06 -4.15  1.74  0.00 -3.48 1.000  00  02O000M000  0.212
ARG03A0100_003  0.000 -1.07 -4.19  1.74  0.00 -3.52 1.000  00  03O000M000  0.212
ARG03A0100_004  0.000 -1.07 -4.19  1.74  0.00 -3.52 1.000  00  03O000M000  0.212
ARG+1A0100_005  1.000 -1.11 -4.19  1.74  0.00 -3.57 1.000  00  +1O000M000  0.212
PHE01A0101_001  0.000  4.05 -2.21  0.10  0.00  1.93 1.000  00  01O000M000  0.011
ILE01A0102_001  0.000  2.35 -3.10  0.50  0.00 -0.25 1.000  00  01O000M000  0.000
LEU01A0103_001  0.000  1.70 -5.84  0.67  0.00 -3.47 1.000  00  01O000M000  0.000
MET01A0104_001  0.000  2.14 -4.93  0.17  0.00 -2.62 1.000  00  01O000M000  0.006
GLU01A0105_001  0.000  1.39 -4.10  2.98  0.00  0.27 1.000  00  01O000M000  0.230
GLU01A0105_002  0.000  1.39 -4.10  0.26  0.00 -2.45 1.000  00  01O000M000  0.230
GLU02A0105_003  0.000  0.83 -4.36  2.98  0.00 -0.55 1.000  00  02O000M000  0.241
GLU02A0105_004  0.000  0.83 -4.36  0.26  0.00 -3.27 1.000  00  02O000M000  0.241
GLU-1A0105_005 -1.000  0.81 -4.31  0.26  0.00 -3.24 1.000  00  -1O000M000  0.242
LEU01A0106_001  0.000  1.41 -5.22  0.45  0.00 -3.36 1.000  00  01O000M000  0.023
MET01A0107_001  0.000  0.12 -6.19  0.60  0.00 -5.48 1.000  00  01O000M000  0.000
ALA01A0108_001  0.000 -2.38 -1.03  0.00  0.00 -3.41 1.000  00  01O000M000  0.420
ASP01A0111_001  0.000  0.08 -4.81  4.31  0.00 -0.42 1.000  00  01O000M000  0.072
ASP01A0111_002  0.000  0.08 -4.81  1.59  0.00 -3.14 1.000  00  01O000M000  0.072
ASP02A0111_003  0.000  0.20 -4.28  4.31  0.00  0.23 1.000  00  02O000M000  0.048
ASP02A0111_004  0.000  0.20 -4.28  1.59  0.00 -2.49 1.000  00  02O000M000  0.048
ASP-1A0111_005 -1.000  0.05 -4.76  1.59  0.00 -3.12 1.000  00  -1O000M000  0.064
LEU01A0112_001  0.000  1.77 -3.44  0.47  0.00 -1.21 1.000  00  01O000M000  0.000
LYS01A0113_001  0.000 -1.15 -4.90  1.36  0.00 -4.70 1.000  00  01O000M000  0.157
LYS+1A0113_002  1.000 -1.22 -4.95  1.36  0.00 -4.81 1.000  00  +1O000M000  0.157
SER01A0114_001  0.000 -1.84 -1.45  0.38  0.00 -2.91 0.668  00  01O000M000  0.307
SER01A0114_002  0.000 -1.84 -1.45  0.38  0.00 -2.91 0.668  00  01O000M000  0.307
SER01A0114_003  0.000 -1.84 -1.45  0.00  0.00 -3.29 0.668  00  01O000M000  0.307
PHE01A0115_001  0.000  4.61 -6.99  0.14  0.00 -2.24 1.000  00  01O000M000  0.000
LEU01A0116_001  0.000  1.82 -5.54  0.54  0.00 -3.19 1.000  00  01O000M000  0.000
ARG01A0117_001  0.000 -3.93 -5.99  0.55  0.00 -9.37 1.000  00  01O000M000  0.466
ARG02A0117_002  0.000 -3.98 -5.99  0.55  0.00 -9.42 1.000  00  02O000M000  0.466
ARG03A0117_003  0.000 -3.98 -6.00  0.55  0.00 -9.44 1.000  00  03O000M000  0.466
ARG+1A0117_004  1.000 -4.02 -6.00  0.55  0.00 -9.48 1.000  00  +1O000M000  0.466
GLU01A0118_001  0.000  0.31  0.61  3.12  0.00  4.05 1.000  00  01O000M000  0.456
GLU01A0118_002  0.000  0.31  0.61  0.40  0.00  1.33 1.000  00  01O000M000  0.456
GLU02A0118_003  0.000 -0.09  0.60  3.12  0.00  3.63 1.000  00  02O000M000  0.427
GLU02A0118_004  0.000 -0.09  0.60  0.40  0.00  0.91 1.000  00  02O000M000  0.427
GLU-1A0118_005 -1.000 -0.16  0.67  0.40  0.00  0.92 1.000  00  -1O000M000  0.444
THR01A0119_001  0.000 -1.09  9.84  0.55  0.00  9.30 0.660  00  01O000M000  0.156
THR01A0119_002  0.000 -1.09  9.84  0.55  0.00  9.30 0.660  00  01O000M000  0.156
ARG01A0120_001  0.000  0.04  9.92  0.66  0.00 10.61 1.000  00  01O000M000  0.097
ARG02A0120_002  0.000 -0.00 10.53  0.66  0.00 11.19 1.000  00  02O000M000  0.097
ARG02A0120_003  0.000  0.06 10.54  0.66  0.00 11.25 1.000  00  02O000M000  0.097
ARG03A0120_004  0.000 -0.01 10.56  0.66  0.00 11.21 1.000  00  03O000M000  0.097
ARG+1A0120_005  1.000 -0.05 10.53  0.66  0.00 11.14 1.000  00  +1O000M000  0.097
PRO01A0121_001  0.000  0.21 -4.74  0.00  0.00 -4.53 1.000  00  01O000M000  0.000
ARG01A0122_001  0.000 -1.74 20.25  1.87  0.00 20.38 1.000  00  01O000M000  0.294
ARG02A0122_002  0.000 -1.76 20.13  1.87  0.00 20.24 1.000  00  02O000M000  0.294
ARG03A0122_003  0.000 -1.77 20.21  1.87  0.00 20.31 1.000  00  03O000M000  0.294
ARG+1A0122_004  1.000 -1.81 20.12  1.87  0.00 20.18 1.000  00  +1O000M000  0.294
PRO01A0123_001  0.000 -2.82 -2.64  0.00  0.00 -5.46 1.000  00  01O000M000  0.315
SER01A0124_001  0.000 -3.78 -0.56  0.40  0.00 -3.94 0.674  00  01O000M000  0.638
GLN01A0125_001  0.000  0.13  2.17  1.74  0.00  4.03 1.000  00  01O000M000  0.538
PRO01A0126_001  0.000 -4.13  2.25  0.00  0.00 -1.89 1.000  00  01O000M000  0.439
SER01A0127_001  0.000 -4.79  3.45  0.38  0.00 -0.96 0.665  00  01O000M000  0.838
SER01A0127_002  0.000 -4.79  3.45  0.38  0.00 -0.96 0.665  00  01O000M000  0.838
SER01A0128_001  0.000 -0.10 -0.28  0.39  0.00  0.02 0.665  00  01O000M000  0.016
LEU01A0129_001  0.000  1.79  1.28  3.11  0.00  6.17 1.000  00  01O000M000  0.000
ALA01A0130_001  0.000 -2.42 -0.71  0.00  0.00 -3.13 1.000  00  01O000M000  0.435
MET01A0131_001  0.000 -0.04 -6.38  0.76  0.00 -5.66 1.000  00  01O000M000  0.000
LEU01A0132_001  0.000 -2.20 -1.65  0.68  0.00 -3.17 1.000  00  01O000M000  0.347
ASP01A0133_001  0.000 -0.34 -0.31  3.50  0.00  2.85 1.000  00  01O000M000  0.148
ASP01A0133_002  0.000 -0.34 -0.31  0.78  0.00  0.13 1.000  00  01O000M000  0.148
ASP02A0133_003  0.000 -0.22999.00  3.50  0.00999.00 1.000  00  02O000M000  0.141
ASP02A0133_004  0.000 -0.22  0.75  0.78  0.00  1.32 1.000  00  02O000M000  0.141
ASP-1A0133_005 -1.000 -0.32 -0.35  0.78  0.00  0.11 1.000  00  -1O000M000  0.138
LEU01A0134_001  0.000  1.67 -4.88  0.41  0.00 -2.81 1.000  00  01O000M000  0.000
LEU01A0135_001  0.000  1.80 -5.56  1.20  0.00 -2.56 1.000  00  01O000M000  0.000
HIS01A0136_001  0.000 -4.13 -3.89  0.57  0.00 -7.45 0.745  00  01O000M000  0.331
HIS01A0136_002  0.000 -3.63 -4.09  0.57  0.00 -7.15 0.755  00  01R001M000  0.296
HIS02A0136_003  0.000 -4.15 -3.91  0.57  0.00 -7.49 0.745  00  02O000M000  0.331
HIS02A0136_004  0.000 -3.64 -4.18  0.57  0.00 -7.25 0.755  00  02R001M000  0.296
HIS+1A0136_005  1.000 -4.17 -3.92  0.57  0.00 -7.52 0.745  00  +1O000M000  0.331
HIS+1A0136_006  1.000 -3.66 -4.19  0.57  0.00 -7.28 0.755  00  +1R001M000  0.296
VAL01A0137_001  0.000  0.63 -0.17  0.17  0.00  0.64 1.000  00  01O000M000  0.000
ALA01A0138_001  0.000  0.00 -1.66  0.00  0.00 -1.66 1.000  00  01O000M000  0.000
ARG01A0139_001  0.000  4.95 -5.91  0.62  0.00 -0.34 1.000  00  01O000M000  0.291
ARG02A0139_002  0.000  4.94 -5.89  0.62  0.00 -0.33 1.000  00  02O000M000  0.291
ARG02A0139_003  0.000  4.60 -5.89  0.62  0.00 -0.66 1.000  00  02O000M000  0.291
ARG03A0139_004  0.000  4.92 -5.91  0.62  0.00 -0.37 1.000  00  03O000M000  0.291
ARG03A0139_005  0.000  4.93 -5.90  0.62  0.00 -0.36 1.000  00  03O000M000  0.291
ARG+1A0139_006  1.000  4.88 -5.94  0.62  0.00 -0.44 1.000  00  +1O000M000  0.291
ASP01A0140_001  0.000 -0.44 -2.37  3.02  0.00  0.22 1.000  00  01O000M000  0.111
ASP01A0140_002  0.000 -0.44 -2.37  0.30  0.00 -2.50 1.000  00  01O000M000  0.111
ASP02A0140_003  0.000 -0.35 -2.63  3.02  0.00  0.04 1.000  00  02O000M000  0.110
ASP02A0140_004  0.000 -0.35 -2.63  0.30  0.00 -2.68 1.000  00  02O000M000  0.110
ASP-1A0140_005 -1.000 -0.39 -2.77  0.30  0.00 -2.85 1.000  00  -1O000M000  0.103
ILE01A0141_001  0.000  2.35 -1.75  0.46  0.00  1.07 1.000  00  01O000M000  0.000
ALA01A0142_001  0.000  0.00 -2.06  0.00  0.00 -2.06 1.000  00  01O000M000  0.000
CYS01A0143_001  0.000 -1.53 -2.52  0.28  0.00 -3.76 1.000  00  01O000M000  0.212
CYS01A0143_002  0.000 -1.53 -2.49  0.28  0.00 -3.73 1.000  00  01O000M000  0.212
CYS01A0143_003  0.000 -1.53 -2.47  0.28  0.00 -3.72 1.000  00  01O000M000  0.212
CYS-1A0143_004 -1.000 -1.52 -2.46  0.28  0.00 -3.70 1.000  00  -1O000M000  0.212
CYS01A0145_001  0.000 -0.00 -3.52  0.33  0.00 -3.19 1.000  00  01O000M000  0.000
CYS01A0145_002  0.000 -0.00 -3.58  0.33  0.00 -3.25 1.000  00  01O000M000  0.000
CYS01A0145_003  0.000 -0.00 -3.52  0.33  0.00 -3.19 1.000  00  01O000M000  0.000
CYS-1A0145_004 -1.000  0.00 -3.48  0.33  0.00 -3.15 1.000  00  -1O000M000  0.000
GLN01A0146_001  0.000 -0.63 -4.19  0.77  0.00 -4.05 0.752  00  01O000M000  0.361
GLN01A0146_002  0.000 -0.82 -4.08  0.77  0.00 -4.13 0.748  00  01R001M000  0.345
TYR01A0147_001  0.000  2.81 -6.62  0.21  0.00 -3.60 1.000  00  01O000M000  0.103
TYR-1A0147_002 -1.000  2.81 -6.62  0.21  0.00 -3.60 1.000  00  -1O000M000  0.103
LEU01A0148_001  0.000  1.74 -3.20  0.43  0.00 -1.03 1.000  00  01O000M000  0.000
GLU01A0149_001  0.000  0.02 -3.36  3.60  0.00  0.27 1.000  00  01O000M000  0.188
GLU01A0149_002  0.000  0.02 -3.36  0.88  0.00 -2.45 1.000  00  01O000M000  0.188
GLU02A0149_003  0.000 -0.12 -3.55  3.60  0.00 -0.06 1.000  00  02O000M000  0.202
GLU02A0149_004  0.000 -0.12 -3.55  0.88  0.00 -2.78 1.000  00  02O000M000  0.202
GLU-1A0149_005 -1.000 -0.18 -3.47  0.88  0.00 -2.76 1.000  00  -1O000M000  0.199
GLU01A0150_001  0.000  0.31 -0.90  3.26  0.00  2.66 1.000  00  01O000M000  0.506
GLU01A0150_002  0.000  0.31 -0.90  0.54  0.00 -0.06 1.000  00  01O000M000  0.506
GLU02A0150_003  0.000 -0.09 -0.86  3.26  0.00  2.30 1.000  00  02O000M000  0.496
GLU02A0150_004  0.000 -0.09 -0.86  0.54  0.00 -0.42 1.000  00  02O000M000  0.496
GLU-1A0150_005 -1.000 -0.21 -0.83  0.54  0.00 -0.50 1.000  00  -1O000M000  0.498
ASN01A0151_001  0.000 -0.77 -2.29  1.48  0.00 -1.59 0.760  00  01O000M000  0.254
ASN01A0151_002  0.000 -0.72 -1.57  1.47  0.00 -0.82 0.740  00  01R001M000  0.248
HIS01A0152_001  0.000 -9.31 -1.61  0.47  0.00-10.45 0.760  00  01O000M000  0.781
HIS01A0152_002  0.000 -8.68 -1.62  0.47  0.00 -9.83 0.740  00  01R001M000  0.782
HIS02A0152_003  0.000 -9.33 -1.65  0.47  0.00-10.52 0.760  00  02O000M000  0.781
HIS02A0152_004  0.000 -8.69 -1.65  0.47  0.00 -9.87 0.740  00  02R001M000  0.782
HIS+1A0152_005  1.000 -9.36 -1.67  0.47  0.00-10.56 0.760  00  +1O000M000  0.781
HIS+1A0152_006  1.000 -8.72 -1.66  0.47  0.00 -9.91 0.740  00  +1R001M000  0.782
PHE01A0153_001  0.000  4.03 -5.92  0.17  0.00 -1.71 1.000  00  01O000M000  0.039
ILE01A0154_001  0.000  0.03 -3.03  0.49  0.00 -2.50 1.000  00  01O000M000  0.194
HIS01A0155_001  0.000 -0.15 -4.01  0.10  0.00 -4.05 1.000  00  01O000M000  0.000
HIS02A0155_002  0.000 -0.17 -4.14  0.10  0.00 -4.20 1.000  00  02O000M000  0.000
HIS+1A0155_003  1.000 -0.19 -4.17  0.10  0.00 -4.26 1.000  00  +1O000M000  0.000
ARG01A0156_001  0.000  0.62  4.24  0.41  0.00  5.28 1.000  00  01O000M000  0.125
ARG02A0156_002  0.000  0.64  4.22  0.41  0.00  5.28 1.000  00  02O000M000  0.125
ARG03A0156_003  0.000  0.60  4.22  0.41  0.00  5.23 1.000  00  03O000M000  0.125
ARG+1A0156_004  1.000  0.56  4.21  0.41  0.00  5.18 1.000  00  +1O000M000  0.125
ASP01A0157_001  0.000 -0.39  1.27  3.21  0.00  4.08 1.000  00  01O000M000  0.102
ASP01A0157_002  0.000 -0.39  1.27  0.49  0.00  1.36 1.000  00  01O000M000  0.102
ASP02A0157_003  0.000 -0.35  0.69  3.21  0.00  3.55 1.000  00  02O000M000  0.107
ASP02A0157_004  0.000 -0.35  0.69  0.49  0.00  0.83 1.000  00  02O000M000  0.107
ASP-1A0157_005 -1.000 -0.40  0.76  0.49  0.00  0.85 1.000  00  -1O000M000  0.103
ILE01A0158_001  0.000  2.21 -0.07  0.55  0.00  2.69 1.000  00  01O000M000  0.000
ALA01A0159_001  0.000  0.00 -1.05  0.00  0.00 -1.05 1.000  00  01O000M000  0.000
ALA01A0160_001  0.000  0.00 -1.72  0.00  0.00 -1.72 1.000  00  01O000M000  0.000
ARG01A0161_001  0.000 -2.28 -2.06  1.30  0.00 -3.04 1.000  00  01O000M000  0.302
ARG02A0161_002  0.000 -2.20 -2.06  1.30  0.00 -2.96 1.000  00  02O000M000  0.302
ARG03A0161_003  0.000 -2.30 -2.05  1.30  0.00 -3.05 1.000  00  03O000M000  0.302
ARG03A0161_004  0.000 -2.30 -2.06  1.30  0.00 -3.05 1.000  00  03O000M000  0.302
ARG+1A0161_005  1.000 -2.34 -2.07  1.30  0.00 -3.11 1.000  00  +1O000M000  0.302
ASN01A0162_001  0.000 -0.07 -1.97  0.43  0.00 -1.61 0.749  00  01O000M000  0.085
ASN01A0162_002  0.000 -0.40 -2.11  0.44  0.00 -2.07 0.751  00  01R001M000  0.110
CYS01A0163_001  0.000 -0.00 -4.86  0.00  0.00 -4.86 1.000  00  01O000M000  0.000
CYS01A0163_002  0.000 -0.00 -4.94  0.00  0.00 -4.94 1.000  00  01O000M000  0.000
CYS01A0163_003  0.000 -0.00 -4.82  0.00  0.00 -4.82 1.000  00  01O000M000  0.000
CYS-1A0163_004 -1.000  0.00 -4.78  0.00  0.00 -4.78 1.000  00  -1O000M000  0.000
LEU01A0164_001  0.000  1.82 -3.35  0.51  0.00 -1.02 1.000  00  01O000M000  0.000
LEU01A0165_001  0.000  2.30 -7.73  0.65  0.00 -4.78 1.000  00  01O000M000  0.000
THR01A0166_001  0.000 -1.68 -0.55  0.48  0.00 -1.75 0.660  00  01O000M000  0.212
THR01A0166_002  0.000 -1.68 -0.55  0.48  0.00 -1.75 0.660  00  01O000M000  0.212
CYS01A0167_001  0.000 -2.41 -3.21  0.00  0.00 -5.62 1.000  00  01O000M000  0.333
CYS01A0167_002  0.000 -2.41 -3.31  0.00  0.00 -5.72 1.000  00  01O000M000  0.333
CYS01A0167_003  0.000 -2.41 -3.11  0.00  0.00 -5.52 1.000  00  01O000M000  0.333
CYS-1A0167_004 -1.000 -2.41 -3.04  0.00  0.00 -5.45 1.000  00  -1O000M000  0.333
PRO01A0168_001  0.000 -4.37 -1.78  0.00  0.00 -6.15 1.000  00  01O000M000  0.465
PRO01A0170_001  0.000 -7.55  0.99  0.00  0.00 -6.56 1.000  00  01O000M000  0.773
ARG01A0172_001  0.000  2.09 -4.47  0.94  0.00 -1.43 1.000  00  01O000M000  0.022
ARG02A0172_002  0.000  2.06 -4.60  0.94  0.00 -1.61 1.000  00  02O000M000  0.022
ARG02A0172_003  0.000  2.14 -4.60  0.94  0.00 -1.52 1.000  00  02O000M000  0.022
ARG03A0172_004  0.000  2.05 -4.58  0.94  0.00 -1.60 1.000  00  03O000M000  0.022
ARG03A0172_005  0.000  2.05 -4.47  0.94  0.00 -1.48 1.000  00  03O000M000  0.022
ARG+1A0172_006  1.000  2.01 -4.64  0.94  0.00 -1.69 1.000  00  +1O000M000  0.022
VAL01A0173_001  0.000 -2.47 -0.50  0.01  0.00 -2.96 1.000  00  01O000M000  0.302
ALA01A0174_001  0.000  0.00 -2.02  0.00  0.00 -2.02 1.000  00  01O000M000  0.000
LYS01A0175_001  0.000 -0.37 -7.31  1.29  0.00 -6.39 1.000  00  01O000M000  0.080
LYS+1A0175_002  1.000 -0.42 -7.35  1.29  0.00 -6.48 1.000  00  +1O000M000  0.080
ILE01A0176_001  0.000  2.42 -3.30  0.49  0.00 -0.38 1.000  00  01O000M000  0.000
ALA01A0177_001  0.000  0.00 -1.94  0.00  0.00 -1.94 1.000  00  01O000M000  0.000
ASP01A0178_001  0.000 -0.72  3.00  3.13  0.00  5.41 1.000  00  01O000M000  0.207
ASP01A0178_002  0.000 -0.72  3.00  0.41  0.00  2.69 1.000  00  01O000M000  0.207
ASP02A0178_003  0.000 -0.69  1.27  3.13  0.00  3.71 1.000  00  02O000M000  0.222
ASP02A0178_004  0.000 -0.69  1.27  0.41  0.00  0.99 1.000  00  02O000M000  0.222
ASP-1A0178_005 -1.000 -0.75  1.33  0.41  0.00  0.99 1.000  00  -1O000M000  0.216
PHE01A0179_001  0.000  4.42 -4.78  0.28  0.00 -0.09 1.000  00  01O000M000  0.000
MET01A0181_001  0.000  0.47 -3.85  0.03  0.00 -3.35 1.000  00  01O000M000  0.126
ALA01A0182_001  0.000 -0.15 -1.77  0.00  0.00 -1.92 1.000  00  01O000M000  0.028
ARG01A0183_001  0.000  5.21 -4.63  1.11  0.00  1.68 1.000  00  01O000M000  0.038
ARG02A0183_002  0.000  5.18 -4.69  1.11  0.00  1.60 1.000  00  02O000M000  0.038
ARG02A0183_003  0.000  5.28 -4.87  1.11  0.00  1.51 1.000  00  02O000M000  0.038
ARG03A0183_004  0.000  5.17 -4.73  1.11  0.00  1.54 1.000  00  03O000M000  0.038
ARG03A0183_005  0.000  5.17 -4.71  1.11  0.00  1.57 1.000  00  03O000M000  0.038
ARG+1A0183_006  1.000  5.13 -4.75  1.11  0.00  1.48 1.000  00  +1O000M000  0.038
ASP01A0184_001  0.000 -0.16 -1.81  3.03  0.00  1.07 1.000  00  01O000M000  0.055
ASP01A0184_002  0.000 -0.16 -1.81  0.31  0.00 -1.65 1.000  00  01O000M000  0.055
ASP02A0184_003  0.000 -0.17 -2.39  3.03  0.00  0.47 1.000  00  02O000M000  0.071
ASP02A0184_004  0.000 -0.17 -2.39  0.31  0.00 -2.25 1.000  00  02O000M000  0.071
ASP-1A0184_005 -1.000 -0.16 -2.31  0.31  0.00 -2.16 1.000  00  -1O000M000  0.055
ILE01A0185_001  0.000 -1.69  3.81  0.44  0.00  2.56 1.000  00  01O000M000  0.319
TYR01A0186_001  0.000 -0.13 -5.60  0.22  0.00 -5.51 1.000  00  01O000M000  0.305
TYR-1A0186_002 -1.000 -0.13 -5.60  0.22  0.00 -5.51 1.000  00  -1O000M000  0.305
ARG01A0187_001  0.000  0.75999.00  1.03  0.00999.00 1.000  00  01O000M000  0.056
ARG02A0187_002  0.000  0.69999.00  1.03  0.00999.00 1.000  00  02O000M000  0.056
ARG02A0187_003  0.000  0.75999.00  1.03  0.00999.00 1.000  00  02O000M000  0.056
ARG03A0187_004  0.000  0.69999.00  1.03  0.00999.00 1.000  00  03O000M000  0.056
ARG+1A0187_005  1.000  0.65999.00  1.03  0.00999.00 1.000  00  +1O000M000  0.056
ALA01A0188_001  0.000 -3.79152.01  0.00  0.00148.22 1.000  00  01O000M000  0.812
SER01A0189_001  0.000 -3.57  7.45  2.27  0.00  6.15 0.665  00  01O000M000  0.601
SER01A0189_002  0.000 -3.57  7.45  1.90  0.00  5.78 0.665  00  01O000M000  0.601
TYR01A0190_001  0.000244.70999.00  2.76  0.00999.00 1.000  00  01O000M000  0.788
TYR-1A0190_002 -1.000244.70999.00  2.76  0.00999.00 1.000  00  -1O000M000  0.788
TYR01A0191_001  0.000114.27999.00  0.11  0.00999.00 1.000  00  01O000M000  0.246
TYR-1A0191_002 -1.000114.27999.00  0.11  0.00999.00 1.000  00  -1O000M000  0.246
ARG01A0192_001  0.000-10.89653.83  8.59  0.00651.53 1.000  00  01O000M000  0.680
ARG02A0192_002  0.000-10.92653.82  8.59  0.00651.49 1.000  00  02O000M000  0.680
ARG03A0192_003  0.000-10.88653.82  8.59  0.00651.54 1.000  00  03O000M000  0.680
ARG+1A0192_004  1.000-10.95653.82  8.59  0.00651.46 1.000  00  +1O000M000  0.680
LYS01A0193_001  0.000999.00633.48  3.37  0.00999.00 1.000  00  01O000M000  0.282
LYS+1A0193_002  1.000999.00633.46  3.37  0.00999.00 1.000  00  +1O000M000  0.282
CYS01A0196_001  0.000 -5.68 -0.58  0.09  0.00 -6.17 1.000  00  01O000M000  0.793
CYS01A0196_002  0.000 -5.68 -0.53  0.09  0.00 -6.13 1.000  00  01O000M000  0.793
CYS01A0196_003  0.000 -5.69 -0.51  0.09  0.00 -6.11 1.000  00  01O000M000  0.793
CYS-1A0196_004 -1.000 -5.68 -0.50  0.09  0.00 -6.09 1.000  00  -1O000M000  0.793
ALA01A0197_001  0.000 -4.44 -0.38  0.00  0.00 -4.82 1.000  00  01O000M000  0.835
MET01A0198_001  0.000 -6.05 -2.89  0.24  0.00 -8.69 1.000  00  01O000M000  0.582
LEU01A0199_001  0.000 -1.77 -2.96  0.75  0.00 -3.99 1.000  00  01O000M000  0.307
PRO01A0200_001  0.000 -0.05  1.44  0.00  0.00  1.39 1.000  00  01O000M000  0.028
VAL01A0201_001  0.000  0.58  1.22  0.13  0.00  1.92 1.000  00  01O000M000  0.005
LYS01A0202_001  0.000 -0.48 -4.99  1.51  0.00 -3.95 1.000  00  01O000M000  0.112
LYS+1A0202_002  1.000 -0.52 -5.03  1.51  0.00 -4.04 1.000  00  +1O000M000  0.112
TRP01A0203_001  0.000  2.14 -9.51  0.36  0.00 -7.02 1.000  00  01O000M000  0.043
MET01A0204_001  0.000  0.22 -6.47  0.24  0.00 -6.00 1.000  00  01O000M000  0.015
PRO01A0205_001  0.000  0.22 -1.05  0.00  0.00 -0.83 1.000  00  01O000M000  0.000
PRO01A0206_001  0.000  0.07 -0.75  0.00  0.00 -0.68 1.000  00  01O000M000  0.015
GLU01A0207_001  0.000  1.82 -0.13  4.60  0.00  6.28 1.000  00  01O000M000  0.080
GLU01A0207_002  0.000  1.82 -0.13  1.88  0.00  3.56 1.000  00  01O000M000  0.080
GLU02A0207_003  0.000  1.46 -0.82  4.60  0.00  5.24 1.000  00  02O000M000  0.076
GLU02A0207_004  0.000  1.46 -0.82  1.88  0.00  2.52 1.000  00  02O000M000  0.076
GLU-1A0207_005 -1.000  1.38 -0.71  1.88  0.00  2.55 1.000  00  -1O000M000  0.078
ALA01A0208_001  0.000  0.00 -0.70  0.00  0.00 -0.70 1.000  00  01O000M000  0.000
PHE01A0209_001  0.000  4.37 -7.80  0.00  0.00 -3.42 1.000  00  01O000M000  0.008
MET01A0210_001  0.000 -4.43 -1.18  0.55  0.00 -5.06 1.000  00  01O000M000  0.423
GLU01A0211_001  0.000 -1.09 -1.86  3.39  0.00  0.44 1.000  00  01O000M000  0.692
GLU01A0211_002  0.000 -1.09 -1.86  0.67  0.00 -2.28 1.000  00  01O000M000  0.692
GLU02A0211_003  0.000 -1.54 -1.89  3.39  0.00 -0.03 1.000  00  02O000M000  0.693
GLU02A0211_004  0.000 -1.54 -1.89  0.67  0.00 -2.75 1.000  00  02O000M000  0.693
GLU-1A0211_005 -1.000 -1.53 -1.85  0.67  0.00 -2.70 1.000  00  -1O000M000  0.688
ILE01A0213_001  0.000 -2.25 -0.44  0.48  0.00 -2.20 1.000  00  01O000M000  0.456
PHE01A0214_001  0.000  3.03 -5.62  0.09  0.00 -2.50 1.000  00  01O000M000  0.107
THR01A0215_001  0.000 -3.16  0.30  0.44  0.00 -2.41 0.668  00  01O000M000  0.384
THR01A0215_002  0.000 -3.16  0.30  0.44  0.00 -2.41 0.668  00  01O000M000  0.384
SER01A0216_001  0.000 -1.67 -0.62  0.71  0.00 -1.59 0.673  00  01O000M000  0.273
SER01A0216_002  0.000 -1.67 -0.62  0.33  0.00 -1.96 0.673  00  01O000M000  0.273
LYS01A0217_001  0.000 -1.35 -4.28  1.33  0.00 -4.30 1.000  00  01O000M000  0.171
LYS+1A0217_002  1.000 -1.43 -4.31  1.33  0.00 -4.41 1.000  00  +1O000M000  0.171
THR01A0218_001  0.000  0.20  1.68  0.39  0.00  2.27 0.665  00  01O000M000  0.000
THR01A0218_002  0.000  0.20  1.68  0.02  0.00  1.90 0.665  00  01O000M000  0.000
ASP01A0219_001  0.000  0.09 -3.48  3.04  0.00 -0.35 1.000  00  01O000M000  0.000
ASP01A0219_002  0.000  0.09 -3.48  0.32  0.00 -3.07 1.000  00  01O000M000  0.000
ASP02A0219_003  0.000  0.16 -3.73  3.04  0.00 -0.53 1.000  00  02O000M000  0.000
ASP02A0219_004  0.000  0.16995.27  0.32  0.00995.75 1.000  00  02O000M000  0.000
ASP-1A0219_005 -1.000  0.08 -3.99  0.32  0.00 -3.58 1.000  00  -1O000M000  0.000
THR01A0220_001  0.000  0.19 -2.25  0.49  0.00 -1.57 0.669  00  01O000M000  0.000
THR01A0220_002  0.000  0.19 -2.25  0.49  0.00 -1.57 0.669  00  01O000M000  0.000
THR01A0220_003  0.000  0.19 -2.25  0.12  0.00 -1.95 0.669  00  01O000M000  0.000
TRP01A0221_001  0.000  2.94-13.64  0.02  0.00-10.67 1.000  00  01O000M000  0.000
SER01A0222_001  0.000  0.00 -1.98  0.38  0.00 -1.60 0.668  00  01O000M000  0.000
SER01A0222_002  0.000  0.00 -1.98  0.01  0.00 -1.98 0.668  00  01O000M000  0.000
PHE01A0223_001  0.000  4.40 -7.92  0.00  0.00 -3.52 1.000  00  01O000M000  0.000
VAL01A0225_001  0.000  0.58 -1.96  0.00  0.00 -1.37 1.000  00  01O000M000  0.000
LEU01A0226_001  0.000  1.59 -2.41  0.94  0.00  0.12 1.000  00  01O000M000  0.000
LEU01A0227_001  0.000  1.74 -0.69  2.75  0.00  3.80 1.000  00  01O000M000  0.000
TRP01A0228_001  0.000  2.21-11.59  0.17  0.00 -9.22 1.000  00  01O000M000  0.042
GLU01A0229_001  0.000  0.60 -4.74  4.31  0.00  0.18 1.000  00  01O000M000  0.007
GLU01A0229_002  0.000  0.60 -4.74  1.59  0.00 -2.54 1.000  00  01O000M000  0.007
GLU02A0229_003  0.000  0.59 -5.06  4.31  0.00 -0.15 1.000  00  02O000M000  0.008
GLU02A0229_004  0.000  0.59 -5.06  1.59  0.00 -2.87 1.000  00  02O000M000  0.008
GLU-1A0229_005 -1.000  0.48 -4.95  1.59  0.00 -2.88 1.000  00  -1O000M000  0.008
ILE01A0230_001  0.000  2.68 -1.92  0.56  0.00  1.33 1.000  00  01O000M000  0.000
PHE01A0231_001  0.000  4.51 -5.12  0.57  0.00 -0.04 1.000  00  01O000M000  0.000
SER01A0232_001  0.000 -0.24 -2.84  0.72  0.00 -2.35 0.667  00  01O000M000  0.040
LEU01A0233_001  0.000  1.43  7.79  0.60  0.00  9.82 1.000  00  01O000M000  0.004
TYR01A0235_001  0.000 -1.86 -1.09  1.05  0.00 -1.90 1.000  00  01O000M000  0.425
TYR01A0235_002  0.000 -1.86 -1.09  1.05  0.00 -1.90 1.000  00  01O000M000  0.425
TYR-1A0235_003 -1.000 -1.86 -1.09  1.05  0.00 -1.90 1.000  00  -1O000M000  0.425
MET01A0236_001  0.000 -0.29 -1.35  0.48  0.00 -1.17 1.000  00  01O000M000  0.428
PRO01A0237_001  0.000  0.20 -0.30  0.00  0.00 -0.09 1.000  00  01O000M000  0.000
TYR01A0238_001  0.000  4.49 -3.38  0.05  0.00  1.16 1.000  00  01O000M000  0.000
TYR-1A0238_002 -1.000  4.49 -3.38  0.05  0.00  1.16 1.000  00  -1O000M000  0.000
PRO01A0239_001  0.000 -3.68  0.19  0.00  0.00 -3.49 1.000  00  01O000M000  0.409
SER01A0240_001  0.000 -4.20 13.48  1.29  0.00 10.57 0.664  00  01O000M000  0.726
SER01A0240_002  0.000 -4.20 13.48  1.29  0.00 10.57 0.664  00  01O000M000  0.726
LYS01A0241_001  0.000 -1.62 -4.71  1.28  0.00 -5.06 1.000  00  01O000M000  0.248
LYS+1A0241_002  1.000 -1.71 -4.73  1.28  0.00 -5.16 1.000  00  +1O000M000  0.248
SER01A0242_001  0.000 -2.94 -1.06  0.56  0.00 -3.43 0.665  00  01O000M000  0.489
SER01A0242_002  0.000 -2.94 -1.06  0.56  0.00 -3.43 0.665  00  01O000M000  0.489
ASN01A0243_001  0.000 -1.18 -1.32  0.87  0.00 -1.64 0.746  00  01O000M000  0.269
ASN01A0243_002  0.000 -1.18  0.02  0.87  0.00 -0.30 0.754  00  01R001M000  0.239
GLN01A0244_001  0.000 -1.74 -1.42  0.31  0.00 -2.86 0.758  00  01O000M000  0.581
GLN01A0244_002  0.000 -1.07 -1.19  0.31  0.00 -1.95 0.742  00  01R001M000  0.552
GLU01A0245_001  0.000 -0.65  0.03  3.41  0.00  2.79 1.000  00  01O000M000  0.578
GLU01A0245_002  0.000 -0.65  0.03  0.69  0.00  0.07 1.000  00  01O000M000  0.578
GLU02A0245_003  0.000 -1.09 -1.08  3.41  0.00  1.25 1.000  00  02O000M000  0.577
GLU02A0245_004  0.000 -1.09 -1.08  0.69  0.00 -1.47 1.000  00  02O000M000  0.577
GLU-1A0245_005 -1.000 -1.10 -1.04  0.69  0.00 -1.45 1.000  00  -1O000M000  0.571
VAL01A0246_001  0.000  0.61  0.19  0.09  0.00  0.89 1.000  00  01O000M000  0.000
LEU01A0247_001  0.000 -0.15 -0.99  0.62  0.00 -0.53 1.000  00  01O000M000  0.215
GLU01A0248_001  0.000 -0.84 -2.29  2.97  0.00 -0.16 1.000  00  01O000M000  0.626
GLU01A0248_002  0.000 -0.84 -2.29  0.25  0.00 -2.88 1.000  00  01O000M000  0.626
GLU02A0248_003  0.000 -1.29 -2.28  2.97  0.00 -0.61 1.000  00  02O000M000  0.640
GLU02A0248_004  0.000 -1.29 -2.28  0.25  0.00 -3.33 1.000  00  02O000M000  0.640
GLU-1A0248_005 -1.000 -1.26 -2.24  0.25  0.00 -3.25 1.000  00  -1O000M000  0.628
PHE01A0249_001  0.000  0.83 -7.13  0.00  0.00 -6.29 1.000  00  01O000M000  0.261
VAL01A0250_001  0.000  0.63 -0.52  0.32  0.00  0.43 1.000  00  01O000M000  0.000
THR01A0251_001  0.000 -2.07  1.26  0.43  0.00 -0.38 0.668  00  01O000M000  0.269
THR01A0251_002  0.000 -2.07  1.26  0.43  0.00 -0.38 0.668  00  01O000M000  0.269
SER01A0252_001  0.000 -3.49 -1.46  0.40  0.00 -4.55 0.671  00  01O000M000  0.591
SER01A0252_002  0.000 -3.49 -1.46  0.40  0.00 -4.55 0.671  00  01O000M000  0.591
ARG01A0255_001  0.000 -0.73 -4.36  0.68  0.00 -4.41 1.000  00  01O000M000  0.167
ARG02A0255_002  0.000 -0.75 -4.23  0.68  0.00 -4.30 1.000  00  02O000M000  0.167
ARG02A0255_003  0.000 -0.68 -4.54  0.68  0.00 -4.54 1.000  00  02O000M000  0.167
ARG03A0255_004  0.000 -0.76 -4.35  0.68  0.00 -4.43 1.000  00  03O000M000  0.167
ARG+1A0255_005  1.000 -0.80 -4.41  0.68  0.00 -4.53 1.000  00  +1O000M000  0.167
MET01A0256_001  0.000  0.01 -4.17  1.27  0.00 -2.90 1.000  00  01O000M000  0.004
ASP01A0257_001  0.000 -3.41  0.61  3.30  0.00  0.50 1.000  00  01O000M000  0.778
ASP01A0257_002  0.000 -3.41  0.61  0.58  0.00 -2.22 1.000  00  01O000M000  0.778
ASP02A0257_003  0.000 -3.27  0.14  3.30  0.00  0.17 1.000  00  02O000M000  0.772
ASP02A0257_004  0.000 -3.27  0.14  0.58  0.00 -2.55 1.000  00  02O000M000  0.772
ASP-1A0257_005 -1.000 -3.28  0.17  0.58  0.00 -2.53 1.000  00  -1O000M000  0.776
PRO01A0258_001  0.000 -2.98 -1.63  0.00  0.00 -4.61 1.000  00  01O000M000  0.333
PRO01A0259_001  0.000  0.22 -3.05  0.00  0.00 -2.83 1.000  00  01O000M000  0.000
LYS01A0260_001  0.000 -4.70 -1.69  1.06  0.00 -5.33 1.000  00  01O000M000  0.606
LYS+1A0260_002  1.000 -4.75 -1.69  1.06  0.00 -5.38 1.000  00  +1O000M000  0.606
ASN01A0261_001  0.000 -1.87  5.32  0.66  0.00  4.11 0.746  00  01O000M000  0.430
ASN01A0261_002  0.000 -2.16  6.38  0.66  0.00  4.88 0.754  00  01R001M000  0.447
CYS01A0262_001  0.000 -0.00 -4.40  0.01  0.00 -4.39 1.000  00  01O000M000  0.000
CYS01A0262_002  0.000 -0.00 -4.24  0.01  0.00 -4.23 1.000  00  01O000M000  0.000
CYS01A0262_003  0.000 -0.00 -4.25  0.01  0.00 -4.24 1.000  00  01O000M000  0.000
CYS-1A0262_004 -1.000  0.00 -4.18  0.01  0.00 -4.17 1.000  00  -1O000M000  0.000
PRO01A0263_001  0.000 -0.04 -2.35  0.00  0.00 -2.39 1.000  00  01O000M000  0.027
PRO01A0265_001  0.000 -2.09 -0.27  0.00  0.00 -2.37 1.000  00  01O000M000  0.233
VAL01A0266_001  0.000  0.65 -0.36  0.04  0.00  0.33 1.000  00  01O000M000  0.000
TYR01A0267_001  0.000  1.38 -6.21  0.02  0.00 -4.81 1.000  00  01O000M000  0.196
TYR01A0267_002  0.000  1.38 -6.21  0.02  0.00 -4.81 1.000  00  01O000M000  0.196
TYR-1A0267_003 -1.000  1.38 -6.21  0.02  0.00 -4.81 1.000  00  -1O000M000  0.196
ARG01A0268_001  0.000 -6.40 -5.76  1.94  0.00-10.22 1.000  00  01O000M000  0.610
ARG02A0268_002  0.000 -6.43 -5.77  1.94  0.00-10.26 1.000  00  02O000M000  0.610
ARG03A0268_003  0.000 -6.44 -5.76  1.94  0.00-10.25 1.000  00  03O000M000  0.610
ARG+1A0268_004  1.000 -6.48 -5.79  1.94  0.00-10.32 1.000  00  +1O000M000  0.610
ILE01A0269_001  0.000  2.45 -2.80  0.44  0.00  0.09 1.000  00  01O000M000  0.009
MET01A0270_001  0.000  0.17 -7.11  0.79  0.00 -6.15 1.000  00  01O000M000  0.000
THR01A0271_001  0.000 -1.99 -1.31  0.38  0.00 -2.93 0.668  00  01O000M000  0.249
THR01A0271_002  0.000 -1.99 -1.31  0.00  0.00 -3.30 0.668  00  01O000M000  0.249
GLN01A0272_001  0.000 -0.72 -2.90  0.80  0.00 -2.82 0.747  00  01O000M000  0.371
GLN01A0272_002  0.000 -0.24 -2.93  0.80  0.00 -2.37 0.753  00  01R001M000  0.343
CYS01A0273_001  0.000 -0.00 -5.33  0.28  0.00 -5.05 1.000  00  01O000M000  0.000
CYS01A0273_002  0.000 -0.00 -5.39  0.28  0.00 -5.11 1.000  00  01O000M000  0.000
CYS01A0273_003  0.000 -0.00 -5.35  0.28  0.00 -5.07 1.000  00  01O000M000  0.000
CYS-1A0273_004 -1.000  0.00 -5.26  0.28  0.00 -4.99 1.000  00  -1O000M000  0.000
TRP01A0274_001  0.000  2.81-11.88  0.01  0.00 -9.06 1.000  00  01O000M000  0.000
GLN01A0275_001  0.000 -1.30 -5.43  1.02  0.00 -5.70 0.752  00  01O000M000  0.427
GLN01A0275_002  0.000 -1.29 -5.40  1.03  0.00 -5.65 0.748  00  01R001M000  0.442
HIS01A0276_001  0.000 -5.27 -3.00  0.02  0.00 -8.26 0.750  00  01O000M000  0.458
HIS01A0276_002  0.000 -4.85 -2.99  0.02  0.00 -7.83 0.750  00  01R001M000  0.418
HIS02A0276_003  0.000 -5.29 -3.05  0.02  0.00 -8.32 0.750  00  02O000M000  0.458
HIS02A0276_004  0.000 -4.86 -3.02  0.02  0.00 -7.87 0.750  00  02R001M000  0.418
HIS+1A0276_005  1.000 -5.32 -3.07  0.02  0.00 -8.37 0.750  00  +1O000M000  0.458
HIS+1A0276_006  1.000 -4.89 -3.03  0.02  0.00 -7.90 0.750  00  +1R001M000  0.418
GLN01A0277_001  0.000 -0.85 -1.08  0.71  0.00 -1.21 0.749  00  01O000M000  0.527
GLN01A0277_002  0.000 -1.53 -1.50  0.71  0.00 -2.32 0.751  00  01R001M000  0.547
PRO01A0278_001  0.000 -1.55 -0.67  0.00  0.00 -2.21 1.000  00  01O000M000  0.179
GLU01A0279_001  0.000 -0.54  0.83  4.92  0.00  5.21 1.000  00  01O000M000  0.594
GLU01A0279_002  0.000 -0.54  0.83  2.20  0.00  2.49 1.000  00  01O000M000  0.594
GLU02A0279_003  0.000 -0.94  0.21  4.92  0.00  4.19 1.000  00  02O000M000  0.609
GLU02A0279_004  0.000 -0.94  0.21  2.20  0.00  1.47 1.000  00  02O000M000  0.609
GLU-1A0279_005 -1.000 -0.96  0.25  2.20  0.00  1.50 1.000  00  -1O000M000  0.608
ASP01A0280_001  0.000 -2.13 -1.07  3.24  0.00  0.03 1.000  00  01O000M000  0.527
ASP01A0280_002  0.000 -2.13 -1.07  0.52  0.00 -2.69 1.000  00  01O000M000  0.527
ASP02A0280_003  0.000 -2.09 -1.45  3.24  0.00 -0.30 1.000  00  02O000M000  0.531
ASP02A0280_004  0.000 -2.09 -1.45  0.52  0.00 -3.02 1.000  00  02O000M000  0.531
ASP-1A0280_005 -1.000 -2.04 -1.38  0.52  0.00 -2.90 1.000  00  -1O000M000  0.523
ARG01A0281_001  0.000  1.89 21.16  2.41  0.00 25.46 1.000  00  01O000M000  0.000
ARG02A0281_002  0.000  1.85 21.14  2.41  0.00 25.40 1.000  00  02O000M000  0.000
ARG02A0281_003  0.000  1.91 20.82  2.41  0.00 25.13 1.000  00  02O000M000  0.000
ARG03A0281_004  0.000  1.85 21.09  2.41  0.00 25.35 1.000  00  03O000M000  0.000
ARG03A0281_005  0.000  1.85 21.19  2.41  0.00 25.45 1.000  00  03O000M000  0.000
ARG+1A0281_006  1.000  1.81 21.05  2.41  0.00 25.27 1.000  00  +1O000M000  0.000
PRO01A0282_001  0.000  0.00 -3.33  0.00  0.00 -3.33 1.000  00  01O000M000  0.021
ASN01A0283_001  0.000 -1.75  0.64  0.29  0.00 -0.82 1.000  00  01O000M000  0.449
PHE01A0284_001  0.000  4.47 -9.66  0.74  0.00 -4.45 1.000  00  01O000M000  0.000
ALA01A0285_001  0.000 -2.56 -0.46  0.00  0.00 -3.02 1.000  00  01O000M000  0.460
ILE01A0286_001  0.000 -2.19  3.70  0.45  0.00  1.96 1.000  00  01O000M000  0.324
ILE01A0287_001  0.000  1.60 -3.02  0.55  0.00 -0.87 1.000  00  01O000M000  0.000
LEU01A0288_001  0.000  0.55 -3.89  1.60  0.00 -1.74 1.000  00  01O000M000  0.104
GLU01A0289_001  0.000 -0.99 -1.58  3.01  0.00  0.44 1.000  00  01O000M000  0.677
GLU01A0289_002  0.000 -0.99 -1.58  0.29  0.00 -2.28 1.000  00  01O000M000  0.677
GLU02A0289_003  0.000 -1.41 -1.56  3.01  0.00  0.05 1.000  00  02O000M000  0.672
GLU02A0289_004  0.000 -1.41 -1.56  0.29  0.00 -2.67 1.000  00  02O000M000  0.672
GLU-1A0289_005 -1.000 -1.41 -1.52  0.29  0.00 -2.65 1.000  00  -1O000M000  0.685
ARG01A0290_001  0.000 -3.99 -3.79  0.51  0.00 -7.27 1.000  00  01O000M000  0.334
ARG02A0290_002  0.000 -3.97 -3.79  0.51  0.00 -7.24 1.000  00  02O000M000  0.334
ARG03A0290_003  0.000 -4.03 -3.80  0.51  0.00 -7.32 1.000  00  03O000M000  0.334
ARG+1A0290_004  1.000 -4.07 -3.81  0.51  0.00 -7.37 1.000  00  +1O000M000  0.334
ILE01A0291_001  0.000  2.82 -2.90  0.49  0.00  0.40 1.000  00  01O000M000  0.000
GLU01A0292_001  0.000 -0.98  2.51  4.65  0.00  6.17 1.000  00  01O000M000  0.489
GLU01A0292_002  0.000 -0.98  2.51  1.93  0.00  3.45 1.000  00  01O000M000  0.489
GLU02A0292_003  0.000 -1.17  2.44  4.65  0.00  5.92 1.000  00  02O000M000  0.500
GLU02A0292_004  0.000 -1.17  2.44  1.93  0.00  3.20 1.000  00  02O000M000  0.500
GLU-1A0292_005 -1.000 -1.19  2.47  1.93  0.00  3.21 1.000  00  -1O000M000  0.495
TYR01A0293_001  0.000 -6.06 -3.58  0.88  0.00 -8.76 1.000  00  01O000M000  0.710
TYR01A0293_002  0.000 -6.06 -3.58  0.88  0.00 -8.76 1.000  00  01O000M000  0.710
TYR-1A0293_003 -1.000 -6.06 -3.58  0.88  0.00 -8.76 1.000  00  -1O000M000  0.710
CYS01A0294_001  0.000 -0.00 -3.70  0.37  0.00 -3.33 1.000  00  01O000M000  0.000
CYS01A0294_002  0.000 -0.00 -3.73  0.37  0.00 -3.35 1.000  00  01O000M000  0.000
CYS01A0294_003  0.000 -0.00 -3.70  0.37  0.00 -3.33 1.000  00  01O000M000  0.000
CYS-1A0294_004 -1.000  0.00 -3.60  0.37  0.00 -3.23 1.000  00  -1O000M000  0.000
THR01A0295_001  0.000 -0.61 10.23  0.59  0.00 10.20 0.668  00  01O000M000  0.092
THR01A0295_002  0.000 -0.61 10.23  0.59  0.00 10.20 0.668  00  01O000M000  0.092
THR01A0295_003  0.000 -0.61 10.23  0.21  0.00  9.83 0.668  00  01O000M000  0.092
GLN01A0296_001  0.000 -2.34 -3.08  1.27  0.00 -4.14 0.753  00  01O000M000  0.627
GLN01A0296_002  0.000 -2.10 -2.98  1.28  0.00 -3.80 0.747  00  01R001M000  0.594
ASP01A0297_001  0.000 -1.15  0.07  2.78  0.00  1.70 1.000  00  01O000M000  0.278
ASP01A0297_002  0.000 -1.15  0.07  0.06  0.00 -1.02 1.000  00  01O000M000  0.278
ASP02A0297_003  0.000 -0.95 -1.14  2.78  0.00  0.69 1.000  00  02O000M000  0.257
ASP02A0297_004  0.000 -0.95 -1.14  0.06  0.00 -2.03 1.000  00  02O000M000  0.257
ASP-1A0297_005 -1.000 -0.99 -1.06  0.06  0.00 -1.99 1.000  00  -1O000M000  0.250
PRO01A0298_001  0.000 -5.20  2.70  0.00  0.00 -2.50 1.000  00  01O000M000  0.554
ASP01A0299_001  0.000 -3.20  0.80  3.29  0.00  0.89 1.000  00  01O000M000  0.751
ASP01A0299_002  0.000 -3.20  0.80  0.57  0.00 -1.83 1.000  00  01O000M000  0.751
ASP02A0299_003  0.000 -3.27  0.22  3.29  0.00  0.24 1.000  00  02O000M000  0.776
ASP02A0299_004  0.000 -3.27  0.22  0.57  0.00 -2.48 1.000  00  02O000M000  0.776
ASP-1A0299_005 -1.000 -3.22  0.26  0.57  0.00 -2.40 1.000  00  -1O000M000  0.763
VAL01A0300_001  0.000  0.60 -0.18  0.13  0.00  0.55 1.000  00  01O000M000  0.000
ILE01A0301_001  0.000  1.42 -4.02  0.41  0.00 -2.19 1.000  00  01O000M000  0.185
ASN01A0302_001  0.000 -2.71  0.56  0.66  0.00 -1.49 0.745  00  01O000M000  0.635
ASN01A0302_002  0.000 -2.82  1.55  0.66  0.00 -0.61 0.755  00  01R001M000  0.631
THR01A0303_001  0.000 -1.70 -1.43  0.38  0.00 -2.75 0.664  00  01O000M000  0.223
ALA01A0304_001  0.000 -4.10 -0.68  0.00  0.00 -4.78 1.000  00  01O000M000  0.754
LEU01A0305_001  0.000  1.63 -4.30  0.64  0.00 -2.02 1.000  00  01O000M000  0.009
PRO01A0306_001  0.000 -0.83 -2.15  0.00  0.00 -2.98 1.000  00  01O000M000  0.107
ILE01A0307_001  0.000 -1.00 -3.32  0.41  0.00 -3.91 1.000  00  01O000M000  0.357
GLU01A0308_001  0.000 -1.20 -2.63  3.86  0.00  0.03 1.000  00  01O000M000  0.383
GLU01A0308_002  0.000 -1.20 -2.63  1.14  0.00 -2.69 1.000  00  01O000M000  0.383
GLU02A0308_003  0.000 -1.25 -2.61  3.86  0.00  0.01 1.000  00  02O000M000  0.383
GLU02A0308_004  0.000 -1.25 -2.61  1.14  0.00 -2.71 1.000  00  02O000M000  0.383
GLU-1A0308_005 -1.000 -1.31 -2.58  1.14  0.00 -2.75 1.000  00  -1O000M000  0.382
TYR01A0309_001  0.000 -6.20 17.00  0.21  0.00 11.01 1.000  00  01O000M000  0.725
TYR-1A0309_002 -1.000 -6.20 17.00  0.21  0.00 11.01 1.000  00  -1O000M000  0.725
VGH21B0001_001  2.000617.79745.69  0.00  0.00999.00 0.000  00  21O000M000  0.190
VGH21B0001_002  2.000617.78746.11  0.00  0.00999.00 0.000  00  21O000M000  0.190
VGH11B0001_003  1.000617.46745.42  0.00  0.00999.00 0.000  00  11O000M000  0.191
VGH01B0001_004 -0.000616.11745.55  0.00  0.00999.00 0.000  00  01O000M000  0.193
VGH12B0001_005  1.000617.03767.49  0.00  0.00999.00 0.000  00  12O000M000  0.188
VGHDMB0001_006  0.000  0.00  0.00  0.00  0.00  0.00 0.000  00  DMO000M000   -nan
