  pH           7     7     7     7     7
TYR-A0004_ -0.00 -0.00 -0.00 -0.00 -0.00
CYS-A0005_ -0.01 -0.01 -0.01 -0.01 -0.01
LYS+A0009_  1.00  1.00  1.00  1.00  1.00
ASP-A0015_ -1.00 -1.00 -1.00 -1.00 -1.00
LYS+A0017_  1.00  1.00  1.00  1.00  1.00
GLU-A0018_ -1.00 -1.00 -1.00 -1.00 -1.00
ARG+A0021_  1.00  1.00  1.00  1.00  1.00
LYS+A0022_  0.98  0.98  0.98  0.98  0.98
ARG+A0028_  1.00  1.00  1.00  1.00  1.00
HIS+A0032_  0.48  0.49  0.49  0.49  0.50
GLU-A0037_ -1.00 -1.00 -1.00 -1.00 -1.00
TYR-A0039_ -0.00 -0.00 -0.00 -0.00 -0.00
GLU-A0040_ -0.99 -1.00 -1.00 -1.00 -1.00
ASP-A0049_ -1.00 -1.00 -1.00 -1.00 -1.00
LYS+A0058_  1.00  1.00  1.00  1.00  1.00
GLU-A0062_ -1.00 -1.00 -1.00 -1.00 -1.00
CYS-A0064_ -0.00 -0.00 -0.00 -0.00 -0.00
GLU-A0066_ -1.00 -1.00 -1.00 -1.00 -1.00
ASP-A0068_ -1.00 -1.00 -1.00 -1.00 -1.00
GLU-A0069_ -1.00 -1.00 -1.00 -1.00 -1.00
ASP-A0071_ -0.91 -0.92 -0.92 -0.93 -0.92
GLU-A0075_ -0.98 -0.98 -0.98 -0.98 -0.98
LYS+A0081_  1.00  1.00  1.00  1.00  1.00
HIS+A0084_  0.00  0.00  0.00  0.00  0.00
ARG+A0089_  1.00  1.00  1.00  1.00  1.00
CYS-A0090_ -0.00 -0.00 -0.00 -0.00 -0.00
ARG+A0100_  1.00  1.00  1.00  1.00  1.00
GLU-A0105_ -1.00 -1.00 -1.00 -1.00 -1.00
ASP-A0111_ -1.00 -1.00 -1.00 -1.00 -1.00
LYS+A0113_  0.35  0.35  0.34  0.34  0.34
ARG+A0117_  1.00  1.00  1.00  1.00  1.00
GLU-A0118_ -1.00 -1.00 -1.00 -1.00 -1.00
ARG+A0120_  1.00  1.00  1.00  1.00  1.00
ARG+A0122_  1.00  1.00  1.00  1.00  1.00
ASP-A0133_ -1.00 -1.00 -1.00 -1.00 -1.00
HIS+A0136_  0.07  0.07  0.07  0.07  0.07
ARG+A0139_  1.00  1.00  1.00  1.00  1.00
ASP-A0140_ -1.00 -0.99 -0.99 -0.99 -0.99
CYS-A0143_ -0.00 -0.00 -0.00 -0.00 -0.00
CYS-A0145_ -0.00 -0.00 -0.00 -0.00 -0.00
TYR-A0147_ -0.00 -0.00 -0.00 -0.00 -0.00
GLU-A0149_ -1.00 -1.00 -1.00 -1.00 -1.00
GLU-A0150_ -1.00 -1.00 -1.00 -1.00 -1.00
HIS+A0152_  0.64  0.66  0.66  0.66  0.62
HIS+A0155_  0.00  0.00  0.00  0.00  0.00
ARG+A0156_  1.00  1.00  1.00  1.00  1.00
ASP-A0157_ -0.74 -0.75 -0.74 -0.74 -0.74
ARG+A0161_  1.00  1.00  1.00  1.00  1.00
CYS-A0163_ -0.00 -0.00 -0.00 -0.00 -0.00
CYS-A0167_ -0.03 -0.03 -0.03 -0.03 -0.03
ARG+A0172_  1.00  1.00  1.00  1.00  1.00
LYS+A0175_  1.00  1.00  1.00  1.00  1.00
ASP-A0178_ -1.00 -1.00 -1.00 -1.00 -1.00
ARG+A0183_  1.00  1.00  1.00  1.00  1.00
ASP-A0184_ -1.00 -1.00 -1.00 -1.00 -1.00
TYR-A0186_ -0.00 -0.00 -0.00 -0.00 -0.00
ARG+A0187_  0.50  0.50  0.50  0.51  0.50
TYR-A0190_ -0.00 -0.00 -0.00 -0.00 -0.00
TYR-A0191_ -0.04 -0.04 -0.04 -0.04 -0.04
ARG+A0192_  1.00  1.00  1.00  1.00  1.00
LYS+A0193_  1.00  1.00  1.00  1.00  1.00
CYS-A0196_ -0.07 -0.08 -0.08 -0.08 -0.08
LYS+A0202_  1.00  1.00  1.00  1.00  1.00
GLU-A0207_ -1.00 -1.00 -1.00 -1.00 -1.00
GLU-A0211_ -1.00 -1.00 -1.00 -1.00 -1.00
LYS+A0217_  1.00  1.00  1.00  1.00  1.00
ASP-A0219_ -1.00 -1.00 -1.00 -1.00 -1.00
GLU-A0229_ -1.00 -1.00 -1.00 -1.00 -1.00
TYR-A0235_ -0.02 -0.03 -0.03 -0.02 -0.03
TYR-A0238_ -0.00 -0.00 -0.00 -0.00 -0.00
LYS+A0241_  0.99  0.99  0.99  0.99  0.99
GLU-A0245_ -1.00 -1.00 -1.00 -1.00 -1.00
GLU-A0248_ -1.00 -1.00 -1.00 -1.00 -1.00
ARG+A0255_  1.00  1.00  1.00  1.00  1.00
ASP-A0257_ -1.00 -1.00 -1.00 -1.00 -1.00
LYS+A0260_  1.00  1.00  1.00  1.00  1.00
CYS-A0262_ -0.00 -0.00 -0.00 -0.00 -0.00
TYR-A0267_ -0.00 -0.00 -0.00 -0.00 -0.00
ARG+A0268_  1.00  1.00  1.00  1.00  1.00
CYS-A0273_ -0.00 -0.00 -0.00 -0.00 -0.00
HIS+A0276_  0.03  0.02  0.03  0.03  0.03
GLU-A0279_ -1.00 -1.00 -1.00 -1.00 -1.00
ASP-A0280_ -1.00 -1.00 -1.00 -1.00 -1.00
ARG+A0281_  1.00  1.00  1.00  1.00  1.00
GLU-A0289_ -1.00 -1.00 -1.00 -1.00 -1.00
ARG+A0290_  1.00  1.00  1.00  1.00  1.00
GLU-A0292_ -1.00 -1.00 -1.00 -1.00 -1.00
TYR-A0293_ -0.01 -0.01 -0.00 -0.00 -0.00
CYS-A0294_ -0.00 -0.00 -0.00 -0.00 -0.00
ASP-A0297_ -1.00 -1.00 -1.00 -1.00 -1.00
ASP-A0299_ -1.00 -1.00 -1.00 -1.00 -1.00
GLU-A0308_ -1.00 -1.00 -1.00 -1.00 -1.00
TYR-A0309_ -0.02 -0.02 -0.02 -0.02 -0.02
----------
Net_Charge -4.78 -4.77 -4.77 -4.77 -4.80
Protons    -4.78 -4.77 -4.77 -4.77 -4.80
Electrons   0.00  0.00  0.00  0.00  0.00
