   confID        vdw0    sas     sum
ASN01A0001_001   0.461  -2.449  -1.988
ASN01A0001_002   0.373  -2.758  -2.385
PRO01A0002_001   0.240  -2.154  -1.914
ASN01A0003_001   0.432  -2.533  -2.101
ASN01A0003_002   0.199  -2.356  -2.157
TYR01A0004_001   4.423  -0.051   4.372
TYR-1A0004_002   4.423  -0.051   4.372
CYS01A0005_001  -0.002  -3.542  -3.544
CYS01A0005_002  -0.002  -3.542  -3.544
CYS01A0005_003  -0.002  -3.542  -3.545
CYS-1A0005_004   0.000  -3.542  -3.542
PHE01A0006_001   4.494  -0.606   3.888
ALA01A0007_001   0.000  -1.475  -1.475
LYS01A0009_001   9.062  -8.603   0.460
LYS+1A0009_002   9.016  -8.603   0.413
THR01A0010_001   0.206  -4.910  -4.704
THR01A0010_002   0.206  -4.910  -4.704
SER01A0011_001   0.000  -0.192  -0.192
SER01A0012_001   0.000  -1.287  -1.287
SER01A0012_002   0.000  -1.287  -1.287
ILE01A0013_001   0.911  -2.369  -1.459
SER01A0014_001   0.000  -4.363  -4.363
ASP01A0015_001   0.311  -2.044  -1.732
ASP01A0015_002   0.311  -2.044  -1.732
ASP02A0015_003   0.397  -1.864  -1.467
ASP02A0015_004   0.397  -1.864  -1.467
ASP-1A0015_005   0.284  -1.921  -1.637
LEU01A0016_001   1.923  -0.103   1.820
LYS01A0017_001   0.536  -7.245  -6.709
LYS+1A0017_002   0.491  -7.245  -6.754
GLU01A0018_001   2.308  -0.502   1.806
GLU01A0018_002   2.308  -0.502   1.806
GLU02A0018_003   1.842  -0.538   1.304
GLU02A0018_004   1.842  -0.538   1.304
GLU-1A0018_005   1.777  -0.498   1.279
VAL01A0019_001   0.588  -0.515   0.073
PRO01A0020_001   0.208  -3.366  -3.158
ARG01A0021_001   2.177  -3.727  -1.550
ARG02A0021_002   2.238  -3.727  -1.489
ARG03A0021_003   2.151  -3.727  -1.576
ARG+1A0021_004   2.108  -3.727  -1.619
LYS01A0022_001   1.079  -8.717  -7.639
LYS+1A0022_002   1.014  -8.717  -7.703
ASN01A0023_001  -0.015  -1.142  -1.157
ASN01A0023_002   0.135  -1.191  -1.056
ILE01A0024_001   2.355   0.000   2.355
THR01A0025_001   0.207  -4.946  -4.739
LEU01A0026_001   1.822  -3.364  -1.542
ILE01A0027_001   2.687  -2.524   0.163
ARG01A0028_001   2.373  -7.556  -5.184
ARG02A0028_002   2.335  -7.556  -5.221
ARG02A0028_003   2.428  -7.556  -5.128
ARG03A0028_004   2.327  -7.556  -5.229
ARG+1A0028_005   2.287  -7.556  -5.269
LEU01A0030_001   1.742   0.000   1.742
HIS01A0032_001   0.557  -7.877  -7.320
HIS01A0032_002   0.245  -8.018  -7.773
HIS02A0032_003   0.548  -7.877  -7.330
HIS02A0032_004   0.217  -8.018  -7.801
HIS+1A0032_005   0.525  -7.877  -7.352
HIS+1A0032_006   0.188  -8.018  -7.830
ALA01A0034_001   0.000  -4.137  -4.137
PHE01A0035_001   4.557  -5.543  -0.986
GLU01A0037_001   1.791  -2.755  -0.964
GLU01A0037_002   1.791  -2.755  -0.964
GLU02A0037_003   1.487  -2.897  -1.410
GLU02A0037_004   1.487  -2.897  -1.410
GLU-1A0037_005   1.389  -2.756  -1.367
VAL01A0038_001   0.603  -0.052   0.552
TYR01A0039_001   4.540  -2.951   1.589
TYR01A0039_002   4.540  -2.951   1.589
TYR-1A0039_003   4.540  -2.951   1.589
GLU01A0040_001   1.923  -0.943   0.980
GLU01A0040_002   1.923  -0.943   0.980
GLU02A0040_003   1.528  -0.933   0.595
GLU02A0040_004   1.528  -0.933   0.595
GLU-1A0040_005   1.463  -0.930   0.533
GLN01A0042_001   1.294  -1.831  -0.537
GLN01A0042_002   1.970  -1.767   0.203
VAL01A0043_001   0.642  -0.309   0.333
SER01A0044_001   0.000  -3.279  -3.279
MET01A0046_001   8.560  -6.693   1.866
PRO01A0047_001   0.091  -6.312  -6.221
ASN01A0048_001   4.186  -3.466   0.720
ASP01A0049_001   0.232  -3.572  -3.340
ASP01A0049_002   0.232  -3.572  -3.340
ASP02A0049_003   0.337  -3.564  -3.227
ASP02A0049_004   0.337  -3.564  -3.227
ASP-1A0049_005   0.222  -3.501  -3.279
PRO01A0050_001   0.136  -6.620  -6.484
SER01A0051_001   0.000  -2.564  -2.564
PRO01A0052_001   0.231  -0.927  -0.697
LEU01A0053_001   1.782  -5.405  -3.624
GLN01A0054_001   1.582  -2.697  -1.115
GLN01A0054_002   2.647  -2.722  -0.075
VAL01A0055_001   0.632   0.000   0.632
ALA01A0056_001   0.000   0.000   0.000
VAL01A0057_001   0.551   0.000   0.551
LYS01A0058_001   1.189  -1.791  -0.602
LYS+1A0058_002   1.108  -1.791  -0.683
THR01A0059_001   0.216  -0.232  -0.016
THR01A0059_002   0.216  -0.232  -0.016
THR01A0059_003   0.216  -0.232  -0.016
LEU01A0060_001   1.898   0.000   1.898
PRO01A0061_001   0.251  -1.526  -1.275
GLU01A0062_001   1.620  -2.905  -1.286
GLU01A0062_002   1.620  -2.905  -1.286
GLU02A0062_003   1.393  -2.885  -1.492
GLU02A0062_004   1.393  -2.885  -1.492
GLU-1A0062_005   1.281  -2.735  -1.454
VAL01A0063_001   0.584  -8.956  -8.372
CYS01A0064_001  -0.002  -0.071  -0.073
CYS01A0064_002  -0.002  -0.071  -0.073
CYS01A0064_003  -0.002  -0.071  -0.074
CYS-1A0064_004   0.000  -0.071  -0.071
SER01A0065_001   0.000  -2.799  -2.799
SER01A0065_002   0.000  -2.799  -2.799
GLU01A0066_001   0.822  -3.931  -3.110
GLU01A0066_002   0.822  -3.931  -3.110
GLU02A0066_003   0.832  -3.921  -3.089
GLU02A0066_004   0.832  -3.921  -3.089
GLU-1A0066_005   0.720  -3.832  -3.112
GLN01A0067_001   1.393  -1.007   0.386
GLN01A0067_002   0.952  -0.899   0.052
ASP01A0068_001   0.148  -0.883  -0.735
ASP01A0068_002   0.148  -0.883  -0.735
ASP02A0068_003   0.229  -0.853  -0.624
ASP02A0068_004   0.229  -0.853  -0.624
ASP-1A0068_005   0.139  -0.827  -0.688
GLU01A0069_001   3.475  -1.126   2.349
GLU01A0069_002   3.475  -1.126   2.349
GLU02A0069_003   2.792  -1.155   1.637
GLU02A0069_004   2.792  -1.155   1.637
GLU-1A0069_005   2.729  -1.120   1.610
LEU01A0070_001   1.673  -4.082  -2.409
ASP01A0071_001   0.060  -0.069  -0.009
ASP01A0071_002   0.060  -0.069  -0.009
ASP02A0071_003   0.126  -0.072   0.053
ASP02A0071_004   0.126  -0.072   0.053
ASP-1A0071_005   0.056  -0.069  -0.013
PHE01A0072_001   4.462  -0.102   4.360
LEU01A0073_001   1.716  -0.979   0.737
MET01A0074_001   2.121   0.000   2.121
GLU01A0075_001   1.202  -0.143   1.059
GLU01A0075_002   1.202  -0.143   1.059
GLU02A0075_003   1.018  -0.210   0.808
GLU02A0075_004   1.018  -0.210   0.808
GLU-1A0075_005   0.927  -0.207   0.720
ALA01A0076_001   0.000   0.000   0.000
LEU01A0077_001   1.942   0.000   1.942
ILE01A0078_001   1.845   0.000   1.845
ILE01A0079_001   3.383  -0.103   3.280
SER01A0080_001   0.000  -0.684  -0.684
SER01A0080_002   0.000  -0.684  -0.684
LYS01A0081_001   0.733  -3.077  -2.345
LYS+1A0081_002   0.685  -3.077  -2.392
PHE01A0082_001   4.464   0.000   4.464
ASN01A0083_001   0.352  -3.351  -2.999
HIS01A0084_001  -0.153  -1.192  -1.346
HIS02A0084_002  -0.172  -1.192  -1.365
HIS+1A0084_003  -0.199  -1.192  -1.391
GLN01A0085_001   4.949  -3.624   1.325
GLN01A0085_002   3.094  -3.425  -0.331
ASN01A0086_001   0.274  -0.266   0.009
ASN01A0086_002   0.409  -0.231   0.178
ILE01A0087_001   4.321   0.000   4.321
VAL01A0088_001   0.667   0.000   0.667
ARG01A0089_001   1.356  -5.218  -3.863
ARG02A0089_002   1.317  -5.218  -3.901
ARG02A0089_003   1.378  -5.218  -3.840
ARG03A0089_004   1.312  -5.218  -3.906
ARG+1A0089_005   1.274  -5.218  -3.945
CYS01A0090_001  -0.002   0.000  -0.002
CYS01A0090_002  -0.002   0.000  -0.002
CYS01A0090_003  -0.002   0.000  -0.002
CYS-1A0090_004   0.000   0.000   0.000
ILE01A0091_001   0.910  -1.510  -0.599
VAL01A0093_001   0.614   0.000   0.614
SER01A0094_001   0.000   0.000   0.000
SER01A0094_002   0.000   0.000   0.000
SER01A0094_003   0.000   0.000   0.000
LEU01A0095_001   1.663  -0.773   0.890
GLN01A0096_001   2.894  -3.050  -0.156
GLN01A0096_002   1.699  -3.089  -1.391
SER01A0097_001   0.000  -1.896  -1.896
LEU01A0098_001   1.878  -4.771  -2.893
PRO01A0099_001   0.233  -2.705  -2.472
ARG01A0100_001   1.982  -3.033  -1.051
ARG02A0100_002   1.970  -3.033  -1.063
ARG03A0100_003   1.961  -3.033  -1.072
ARG03A0100_004   1.965  -3.033  -1.068
ARG+1A0100_005   1.922  -3.033  -1.111
PHE01A0101_001   4.197  -0.152   4.045
ILE01A0102_001   2.345   0.000   2.345
LEU01A0103_001   1.696   0.000   1.696
MET01A0104_001   2.216  -0.071   2.144
GLU01A0105_001   2.450  -1.064   1.387
GLU01A0105_002   2.450  -1.064   1.387
GLU02A0105_003   1.933  -1.102   0.831
GLU02A0105_004   1.933  -1.102   0.831
GLU-1A0105_005   1.878  -1.064   0.814
LEU01A0106_001   1.668  -0.258   1.410
MET01A0107_001   0.116   0.000   0.116
ALA01A0108_001   0.000  -2.382  -2.382
ASP01A0111_001   0.400  -0.322   0.078
ASP01A0111_002   0.400  -0.322   0.078
ASP02A0111_003   0.414  -0.210   0.204
ASP02A0111_004   0.414  -0.210   0.204
ASP-1A0111_005   0.329  -0.276   0.054
LEU01A0112_001   1.767   0.000   1.767
LYS01A0113_001   0.799  -1.948  -1.149
LYS+1A0113_002   0.725  -1.948  -1.223
SER01A0114_001   0.000  -1.843  -1.843
SER01A0114_002   0.000  -1.843  -1.843
SER01A0114_003   0.000  -1.843  -1.843
PHE01A0115_001   4.614   0.000   4.614
LEU01A0116_001   1.819   0.000   1.819
ARG01A0117_001   2.550  -6.477  -3.926
ARG02A0117_002   2.500  -6.477  -3.977
ARG03A0117_003   2.493  -6.477  -3.984
ARG+1A0117_004   2.454  -6.477  -4.023
GLU01A0118_001   2.362  -2.049   0.312
GLU01A0118_002   2.362  -2.049   0.312
GLU02A0118_003   1.863  -1.949  -0.085
GLU02A0118_004   1.863  -1.949  -0.085
GLU-1A0118_005   1.806  -1.964  -0.158
THR01A0119_001   0.230  -1.323  -1.092
THR01A0119_002   0.230  -1.323  -1.092
ARG01A0120_001   1.477  -1.442   0.035
ARG02A0120_002   1.440  -1.442  -0.002
ARG02A0120_003   1.501  -1.442   0.059
ARG03A0120_004   1.434  -1.442  -0.008
ARG+1A0120_005   1.396  -1.442  -0.046
PRO01A0121_001   0.211   0.000   0.211
ARG01A0122_001   2.514  -4.251  -1.737
ARG02A0122_002   2.492  -4.251  -1.760
ARG03A0122_003   2.485  -4.251  -1.766
ARG+1A0122_004   2.446  -4.251  -1.805
PRO01A0123_001   0.237  -3.055  -2.818
SER01A0124_001   0.000  -3.779  -3.779
GLN01A0125_001   2.803  -2.668   0.134
PRO01A0126_001   0.229  -4.364  -4.135
SER01A0127_001   0.000  -4.790  -4.790
SER01A0127_002   0.000  -4.790  -4.790
SER01A0128_001   0.000  -0.096  -0.096
LEU01A0129_001   1.788   0.000   1.788
ALA01A0130_001   0.000  -2.418  -2.418
MET01A0131_001  -0.040   0.000  -0.040
LEU01A0132_001   1.838  -4.034  -2.196
ASP01A0133_001   0.337  -0.674  -0.337
ASP01A0133_002   0.337  -0.674  -0.337
ASP02A0133_003   0.420  -0.636  -0.216
ASP02A0133_004   0.420  -0.636  -0.216
ASP-1A0133_005   0.305  -0.620  -0.315
LEU01A0134_001   1.668   0.000   1.668
LEU01A0135_001   1.800   0.000   1.800
HIS01A0136_001  -0.267  -3.858  -4.125
HIS01A0136_002  -0.237  -3.391  -3.627
HIS02A0136_003  -0.287  -3.858  -4.145
HIS02A0136_004  -0.246  -3.391  -3.636
HIS+1A0136_005  -0.314  -3.858  -4.172
HIS+1A0136_006  -0.272  -3.391  -3.663
VAL01A0137_001   0.633   0.000   0.633
ALA01A0138_001   0.000   0.000   0.000
ARG01A0139_001   8.917  -3.961   4.956
ARG02A0139_002   8.900  -3.961   4.939
ARG02A0139_003   8.565  -3.961   4.604
ARG03A0139_004   8.886  -3.961   4.925
ARG03A0139_005   8.890  -3.961   4.929
ARG+1A0139_006   8.844  -3.961   4.883
ASP01A0140_001   0.066  -0.504  -0.437
ASP01A0140_002   0.066  -0.504  -0.437
ASP02A0140_003   0.133  -0.488  -0.354
ASP02A0140_004   0.133  -0.488  -0.354
ASP-1A0140_005   0.062  -0.448  -0.386
ILE01A0141_001   2.351   0.000   2.351
ALA01A0142_001   0.000   0.000   0.000
CYS01A0143_001  -0.002  -1.525  -1.527
CYS01A0143_002  -0.002  -1.525  -1.527
CYS01A0143_003  -0.002  -1.525  -1.527
CYS-1A0143_004   0.000  -1.525  -1.525
CYS01A0145_001  -0.002   0.000  -0.002
CYS01A0145_002  -0.002   0.000  -0.002
CYS01A0145_003  -0.002   0.000  -0.002
CYS-1A0145_004   0.000   0.000   0.000
GLN01A0146_001   1.079  -1.708  -0.629
GLN01A0146_002   0.818  -1.639  -0.821
TYR01A0147_001   4.296  -1.485   2.811
TYR-1A0147_002   4.296  -1.485   2.811
LEU01A0148_001   1.745   0.000   1.745
GLU01A0149_001   0.884  -0.861   0.023
GLU01A0149_002   0.884  -0.861   0.023
GLU02A0149_003   0.790  -0.906  -0.115
GLU02A0149_004   0.790  -0.906  -0.115
GLU-1A0149_005   0.687  -0.861  -0.175
GLU01A0150_001   2.650  -2.348   0.303
GLU01A0150_002   2.650  -2.348   0.303
GLU02A0150_003   2.112  -2.209  -0.096
GLU02A0150_004   2.112  -2.209  -0.096
GLU-1A0150_005   2.045  -2.261  -0.216
ASN01A0151_001   0.393  -1.166  -0.773
ASN01A0151_002   0.428  -1.147  -0.719
HIS01A0152_001  -0.095  -9.217  -9.313
HIS01A0152_002  -0.017  -8.662  -8.680
HIS02A0152_003  -0.117  -9.217  -9.334
HIS02A0152_004  -0.028  -8.662  -8.691
HIS+1A0152_005  -0.144  -9.217  -9.361
HIS+1A0152_006  -0.055  -8.662  -8.717
PHE01A0153_001   4.553  -0.523   4.030
ILE01A0154_001   2.306  -2.266   0.040
HIS01A0155_001  -0.147   0.000  -0.147
HIS02A0155_002  -0.166   0.000  -0.166
HIS+1A0155_003  -0.193   0.000  -0.193
ARG01A0156_001   2.410  -1.786   0.624
ARG02A0156_002   2.426  -1.786   0.640
ARG03A0156_003   2.385  -1.786   0.599
ARG+1A0156_004   2.342  -1.786   0.556
ASP01A0157_001   0.054  -0.448  -0.394
ASP01A0157_002   0.054  -0.448  -0.394
ASP02A0157_003   0.119  -0.471  -0.352
ASP02A0157_004   0.119  -0.471  -0.352
ASP-1A0157_005   0.050  -0.448  -0.398
ILE01A0158_001   2.207   0.000   2.207
ALA01A0159_001   0.000   0.000   0.000
ALA01A0160_001   0.000   0.000   0.000
ARG01A0161_001   2.001  -4.280  -2.280
ARG02A0161_002   2.079  -4.280  -2.202
ARG03A0161_003   1.979  -4.280  -2.301
ARG03A0161_004   1.982  -4.280  -2.298
ARG+1A0161_005   1.940  -4.280  -2.341
ASN01A0162_001   0.315  -0.389  -0.074
ASN01A0162_002   0.112  -0.512  -0.400
CYS01A0163_001  -0.002   0.000  -0.002
CYS01A0163_002  -0.002   0.000  -0.002
CYS01A0163_003  -0.002   0.000  -0.002
CYS-1A0163_004   0.000   0.000   0.000
LEU01A0164_001   1.825   0.000   1.825
LEU01A0165_001   2.303   0.000   2.303
THR01A0166_001   0.184  -1.869  -1.685
THR01A0166_002   0.184  -1.869  -1.685
CYS01A0167_001  -0.002  -2.411  -2.413
CYS01A0167_002  -0.002  -2.411  -2.413
CYS01A0167_003  -0.002  -2.411  -2.413
CYS-1A0167_004   0.000  -2.411  -2.411
PRO01A0168_001   0.237  -4.608  -4.371
PRO01A0170_001   0.238  -7.793  -7.554
ARG01A0172_001   2.401  -0.308   2.093
ARG02A0172_002   2.363  -0.308   2.055
ARG02A0172_003   2.448  -0.308   2.140
ARG03A0172_004   2.355  -0.308   2.047
ARG03A0172_005   2.360  -0.308   2.052
ARG+1A0172_006   2.316  -0.308   2.007
VAL01A0173_001   0.590  -3.055  -2.465
ALA01A0174_001   0.000   0.000   0.000
LYS01A0175_001   0.657  -1.028  -0.371
LYS+1A0175_002   0.614  -1.028  -0.414
ILE01A0176_001   2.426   0.000   2.426
ALA01A0177_001   0.000   0.000   0.000
ASP01A0178_001   0.190  -0.905  -0.715
ASP01A0178_002   0.190  -0.905  -0.715
ASP02A0178_003   0.278  -0.971  -0.693
ASP02A0178_004   0.278  -0.971  -0.693
ASP-1A0178_005   0.179  -0.930  -0.751
PHE01A0179_001   4.416   0.000   4.416
MET01A0181_001   1.879  -1.417   0.462
ALA01A0182_001   0.000  -0.155  -0.155
ARG01A0183_001   5.721  -0.514   5.208
ARG02A0183_002   5.692  -0.514   5.178
ARG02A0183_003   5.793  -0.514   5.280
ARG03A0183_004   5.681  -0.514   5.167
ARG03A0183_005   5.686  -0.514   5.172
ARG+1A0183_006   5.641  -0.514   5.127
ASP01A0184_001   0.086  -0.241  -0.155
ASP01A0184_002   0.086  -0.241  -0.155
ASP02A0184_003   0.157  -0.326  -0.169
ASP02A0184_004   0.157  -0.326  -0.169
ASP-1A0184_005   0.081  -0.241  -0.160
ILE01A0185_001   2.152  -3.841  -1.689
TYR01A0186_001   4.470  -4.596  -0.127
TYR-1A0186_002   4.470  -4.596  -0.127
ARG01A0187_001   1.563  -0.817   0.746
ARG02A0187_002   1.508  -0.817   0.691
ARG02A0187_003   1.569  -0.817   0.752
ARG03A0187_004   1.508  -0.817   0.690
ARG+1A0187_005   1.464  -0.817   0.647
ALA01A0188_001   0.000  -3.792  -3.792
SER01A0189_001   0.000  -3.571  -3.571
SER01A0189_002   0.000  -3.571  -3.571
TYR01A0190_001 255.690 -10.338 245.352
TYR-1A0190_002 255.690 -10.338 245.352
TYR01A0191_001 117.757  -3.476 114.280
TYR-1A0191_002 117.757  -3.476 114.280
ARG01A0192_001  -0.388 -10.506 -10.894
ARG02A0192_002  -0.412 -10.506 -10.918
ARG03A0192_003  -0.375 -10.506 -10.881
ARG+1A0192_004  -0.448 -10.506 -10.954
LYS01A0193_00111471.410  -2.99011468.420
LYS+1A0193_00214747.944  -2.99014744.954
CYS01A0196_001  -0.002  -5.683  -5.684
CYS01A0196_002  -0.002  -5.683  -5.684
CYS01A0196_003  -0.002  -5.683  -5.685
CYS-1A0196_004   0.000  -5.683  -5.683
ALA01A0197_001   0.000  -4.494  -4.494
MET01A0198_001   0.590  -6.584  -5.994
LEU01A0199_001   1.930  -3.702  -1.772
PRO01A0200_001   0.207  -0.254  -0.047
VAL01A0201_001   0.629  -0.052   0.577
LYS01A0202_001   0.939  -1.413  -0.474
LYS+1A0202_002   0.893  -1.413  -0.520
TRP01A0203_001   2.848  -0.707   2.140
MET01A0204_001   0.390  -0.167   0.222
PRO01A0205_001   0.219   0.000   0.219
PRO01A0206_001   0.226  -0.155   0.071
GLU01A0207_001   2.195  -0.374   1.821
GLU01A0207_002   2.195  -0.374   1.821
GLU02A0207_003   1.806  -0.344   1.462
GLU02A0207_004   1.806  -0.344   1.462
GLU-1A0207_005   1.728  -0.344   1.384
ALA01A0208_001   0.000   0.000   0.000
PHE01A0209_001   4.474  -0.103   4.371
MET01A0210_001   0.372  -4.805  -4.433
GLU01A0211_001   2.104  -3.194  -1.090
GLU01A0211_002   2.104  -3.194  -1.090
GLU02A0211_003   1.708  -3.243  -1.535
GLU02A0211_004   1.708  -3.243  -1.535
GLU-1A0211_005   1.627  -3.153  -1.526
ILE01A0213_001   3.173  -5.422  -2.249
PHE01A0214_001   4.545  -1.570   2.975
THR01A0215_001   0.203  -3.359  -3.156
THR01A0215_002   0.203  -3.359  -3.156
SER01A0216_001   0.000  -1.673  -1.673
SER01A0216_002   0.000  -1.673  -1.673
LYS01A0217_001   0.737  -2.090  -1.353
LYS+1A0217_002   0.660  -2.090  -1.430
THR01A0218_001   0.202   0.000   0.202
THR01A0218_002   0.202   0.000   0.202
ASP01A0219_001   0.088   0.000   0.088
ASP01A0219_002   0.088   0.000   0.088
ASP02A0219_003   0.161   0.000   0.161
ASP02A0219_004   0.161   0.000   0.161
ASP-1A0219_005   0.084   0.000   0.084
THR01A0220_001   0.191   0.000   0.191
THR01A0220_002   0.191   0.000   0.191
THR01A0220_003   0.191   0.000   0.191
TRP01A0221_001   2.938   0.000   2.938
SER01A0222_001   0.000   0.000   0.000
SER01A0222_002   0.000   0.000   0.000
PHE01A0223_001   4.397   0.000   4.397
VAL01A0225_001   0.582   0.000   0.582
LEU01A0226_001   1.588   0.000   1.588
LEU01A0227_001   1.738   0.000   1.738
TRP01A0228_001   2.879  -0.606   2.273
GLU01A0229_001   0.637  -0.034   0.603
GLU01A0229_002   0.637  -0.034   0.603
GLU02A0229_003   0.629  -0.036   0.593
GLU02A0229_004   0.629  -0.036   0.593
GLU-1A0229_005   0.514  -0.034   0.480
ILE01A0230_001   2.684   0.000   2.684
PHE01A0231_001   4.510   0.000   4.510
SER01A0232_001   0.000  -0.240  -0.240
LEU01A0233_001   1.484  -0.052   1.433
TYR01A0235_001   4.386  -6.245  -1.859
TYR01A0235_002   4.386  -6.245  -1.859
TYR-1A0235_003   4.386  -6.245  -1.859
MET01A0236_001   4.612  -4.905  -0.293
PRO01A0237_001   0.204   0.000   0.204
TYR01A0238_001   4.491   0.000   4.491
TYR-1A0238_002   4.491   0.000   4.491
PRO01A0239_001   0.224  -3.907  -3.683
SER01A0240_001   0.000  -4.200  -4.200
SER01A0240_002   0.000  -4.200  -4.200
LYS01A0241_001   1.484  -3.105  -1.621
LYS+1A0241_002   1.397  -3.105  -1.708
SER01A0242_001   0.000  -2.936  -2.936
SER01A0242_002   0.000  -2.936  -2.936
ASN01A0243_001   0.136  -1.320  -1.184
ASN01A0243_002  -0.015  -1.170  -1.185
GLN01A0244_001   1.034  -2.777  -1.744
GLN01A0244_002   1.588  -2.652  -1.064
GLU01A0245_001   1.951  -2.605  -0.654
GLU01A0245_002   1.951  -2.605  -0.654
GLU02A0245_003   1.578  -2.664  -1.085
GLU02A0245_004   1.578  -2.664  -1.085
GLU-1A0245_005   1.495  -2.593  -1.098
VAL01A0246_001   0.610   0.000   0.610
LEU01A0247_001   2.336  -2.485  -0.150
GLU01A0248_001   2.052  -2.892  -0.840
GLU01A0248_002   2.052  -2.892  -0.840
GLU02A0248_003   1.633  -2.928  -1.295
GLU02A0248_004   1.633  -2.928  -1.295
GLU-1A0248_005   1.564  -2.825  -1.261
PHE01A0249_001   4.490  -3.656   0.834
VAL01A0250_001   0.625   0.000   0.625
THR01A0251_001   0.208  -2.276  -2.068
THR01A0251_002   0.208  -2.276  -2.068
SER01A0252_001   0.000  -3.490  -3.490
SER01A0252_002   0.000  -3.490  -3.490
ARG01A0255_001   1.691  -2.423  -0.732
ARG02A0255_002   1.673  -2.423  -0.750
ARG02A0255_003   1.740  -2.423  -0.684
ARG03A0255_004   1.666  -2.423  -0.757
ARG+1A0255_005   1.627  -2.423  -0.796
MET01A0256_001   0.054  -0.048   0.006
ASP01A0257_001   0.111  -3.520  -3.410
ASP01A0257_002   0.111  -3.520  -3.410
ASP02A0257_003   0.186  -3.461  -3.274
ASP02A0257_004   0.186  -3.461  -3.274
ASP-1A0257_005   0.105  -3.390  -3.285
PRO01A0258_001   0.229  -3.211  -2.982
PRO01A0259_001   0.218   0.000   0.218
LYS01A0260_001   2.808  -7.504  -4.696
LYS+1A0260_002   2.761  -7.504  -4.743
ASN01A0261_001   0.150  -2.023  -1.873
ASN01A0261_002  -0.006  -2.156  -2.161
CYS01A0262_001  -0.002   0.000  -0.002
CYS01A0262_002  -0.002   0.000  -0.002
CYS01A0262_003  -0.002   0.000  -0.002
CYS-1A0262_004   0.000   0.000   0.000
PRO01A0263_001   0.221  -0.258  -0.037
PRO01A0265_001   0.208  -2.301  -2.093
VAL01A0266_001   0.647   0.000   0.647
TYR01A0267_001   4.279  -2.895   1.384
TYR01A0267_002   4.279  -2.895   1.384
TYR-1A0267_003   4.279  -2.895   1.384
ARG01A0268_001   2.186  -8.588  -6.402
ARG02A0268_002   2.162  -8.588  -6.426
ARG03A0268_003   2.153  -8.588  -6.435
ARG+1A0268_004   2.113  -8.588  -6.475
ILE01A0269_001   2.554  -0.103   2.451
MET01A0270_001   0.171   0.000   0.171
THR01A0271_001   0.229  -2.219  -1.990
THR01A0271_002   0.229  -2.219  -1.990
GLN01A0272_001   1.040  -1.762  -0.722
GLN01A0272_002   1.391  -1.632  -0.241
CYS01A0273_001  -0.002   0.000  -0.002
CYS01A0273_002  -0.002   0.000  -0.002
CYS01A0273_003  -0.002   0.000  -0.002
CYS-1A0273_004   0.000   0.000   0.000
TRP01A0274_001   2.814   0.000   2.814
GLN01A0275_001   0.801  -2.097  -1.296
GLN01A0275_002   0.916  -2.200  -1.284
HIS01A0276_001  -0.124  -5.143  -5.268
HIS01A0276_002  -0.069  -4.779  -4.847
HIS02A0276_003  -0.144  -5.143  -5.288
HIS02A0276_004  -0.081  -4.779  -4.860
HIS+1A0276_005  -0.171  -5.143  -5.314
HIS+1A0276_006  -0.107  -4.779  -4.886
GLN01A0277_001   1.730  -2.577  -0.847
GLN01A0277_002   1.124  -2.655  -1.531
PRO01A0278_001   0.243  -1.793  -1.550
GLU01A0279_001   2.251  -2.789  -0.538
GLU01A0279_002   2.251  -2.789  -0.538
GLU02A0279_003   1.889  -2.834  -0.945
GLU02A0279_004   1.889  -2.834  -0.945
GLU-1A0279_005   1.804  -2.763  -0.959
ASP01A0280_001   0.183  -2.316  -2.133
ASP01A0280_002   0.183  -2.316  -2.133
ASP02A0280_003   0.265  -2.353  -2.088
ASP02A0280_004   0.265  -2.353  -2.088
ASP-1A0280_005   0.170  -2.205  -2.035
ARG01A0281_001   1.888   0.000   1.888
ARG02A0281_002   1.849   0.000   1.849
ARG02A0281_003   1.903   0.000   1.903
ARG03A0281_004   1.843   0.000   1.843
ARG03A0281_005   1.848   0.000   1.848
ARG+1A0281_006   1.804   0.000   1.804
PRO01A0282_001   0.203  -0.203   0.000
ASN01A0283_001   0.300  -2.047  -1.747
PHE01A0284_001   4.467   0.000   4.467
ALA01A0285_001   0.000  -2.556  -2.556
ILE01A0286_001   1.670  -3.863  -2.193
ILE01A0287_001   1.593   0.000   1.593
LEU01A0288_001   1.784  -1.288   0.496
GLU01A0289_001   2.100  -3.087  -0.986
GLU01A0289_002   2.100  -3.087  -0.986
GLU02A0289_003   1.678  -3.083  -1.406
GLU02A0289_004   1.678  -3.083  -1.406
GLU-1A0289_005   1.609  -3.023  -1.414
ARG01A0290_001   1.024  -5.013  -3.989
ARG02A0290_002   1.045  -5.013  -3.968
ARG03A0290_003   0.985  -5.013  -4.029
ARG+1A0290_004   0.942  -5.013  -4.072
ILE01A0291_001   2.814   0.000   2.814
GLU01A0292_001   1.344  -2.322  -0.978
GLU01A0292_002   1.344  -2.322  -0.978
GLU02A0292_003   1.202  -2.368  -1.166
GLU02A0292_004   1.202  -2.368  -1.166
GLU-1A0292_005   1.098  -2.287  -1.189
TYR01A0293_001   4.367 -10.423  -6.057
TYR01A0293_002   4.367 -10.423  -6.057
TYR-1A0293_003   4.367 -10.423  -6.057
CYS01A0294_001  -0.002   0.000  -0.002
CYS01A0294_002  -0.002   0.000  -0.002
CYS01A0294_003  -0.002   0.000  -0.002
CYS-1A0294_004   0.000   0.000   0.000
THR01A0295_001   0.195  -0.810  -0.615
THR01A0295_002   0.195  -0.810  -0.615
THR01A0295_003   0.195  -0.810  -0.615
GLN01A0296_001   0.685  -3.021  -2.336
GLN01A0296_002   0.736  -2.837  -2.100
ASP01A0297_001   0.083  -1.234  -1.151
ASP01A0297_002   0.083  -1.234  -1.151
ASP02A0297_003   0.156  -1.105  -0.949
ASP02A0297_004   0.156  -1.105  -0.949
ASP-1A0297_005   0.079  -1.068  -0.989
PRO01A0298_001   0.215  -5.419  -5.204
ASP01A0299_001   0.103  -3.306  -3.203
ASP01A0299_002   0.103  -3.306  -3.203
ASP02A0299_003   0.174  -3.443  -3.269
ASP02A0299_004   0.174  -3.443  -3.269
ASP-1A0299_005   0.096  -3.320  -3.224
VAL01A0300_001   0.602   0.000   0.602
ILE01A0301_001   3.585  -2.160   1.425
ASN01A0302_001   0.275  -2.981  -2.706
ASN01A0302_002   0.081  -2.899  -2.818
THR01A0303_001   0.188  -1.890  -1.701
ALA01A0304_001   0.000  -4.102  -4.102
LEU01A0305_001   1.734  -0.103   1.631
PRO01A0306_001   0.216  -1.046  -0.830
ILE01A0307_001   3.118  -4.118  -1.000
GLU01A0308_001   0.518  -1.719  -1.202
GLU01A0308_002   0.518  -1.719  -1.202
GLU02A0308_003   0.511  -1.758  -1.247
GLU02A0308_004   0.511  -1.758  -1.247
GLU-1A0308_005   0.404  -1.718  -1.314
TYR01A0309_001   4.437 -10.639  -6.202
TYR-1A0309_002   4.437 -10.639  -6.202
VGH21B0001_001 627.657  -9.857 617.800
VGH21B0001_002 627.645  -9.857 617.789
VGH11B0001_003 627.332  -9.857 617.476
VGH01B0001_004 626.114  -9.991 616.122
VGH12B0001_005 626.803  -9.762 617.041
