VDW_RAD  ANPBK  PG    1.91
VDW_EPS  ANPBK  PG    0.11
VDW_RAD  ANPBK  O1G   1.66
VDW_EPS  ANPBK  O1G   0.21
VDW_RAD  ANPBK  O2G   1.66
VDW_EPS  ANPBK  O2G   0.21
VDW_RAD  ANPBK  O3G   1.66
VDW_EPS  ANPBK  O3G   0.21
VDW_RAD  ANPBK  PB    1.91
VDW_EPS  ANPBK  PB    0.11
VDW_RAD  ANPBK  O1B   1.66
VDW_EPS  ANPBK  O1B   0.21
VDW_RAD  ANPBK  O2B   1.66
VDW_EPS  ANPBK  O2B   0.21
VDW_RAD  ANPBK  N3B   1.82
VDW_EPS  ANPBK  N3B   0.17
VDW_RAD  ANPBK  PA    1.91
VDW_EPS  ANPBK  PA    0.11
VDW_RAD  ANPBK  O1A   1.66
VDW_EPS  ANPBK  O1A   0.21
VDW_RAD  ANPBK  O2A   1.66
VDW_EPS  ANPBK  O2A   0.21
VDW_RAD  ANPBK  O3A   1.66
VDW_EPS  ANPBK  O3A   0.21
VDW_RAD  ANPBK  O5'   1.66
VDW_EPS  ANPBK  O5'   0.21
VDW_RAD  ANPBK  C5'   1.91
VDW_EPS  ANPBK  C5'   0.11
VDW_RAD  ANPBK  C4'   1.91
VDW_EPS  ANPBK  C4'   0.11
VDW_RAD  ANPBK  O4'   1.66
VDW_EPS  ANPBK  O4'   0.21
VDW_RAD  ANPBK  C3'   1.91
VDW_EPS  ANPBK  C3'   0.11
VDW_RAD  ANPBK  O3'   1.66
VDW_EPS  ANPBK  O3'   0.21
VDW_RAD  ANPBK  C2'   1.91
VDW_EPS  ANPBK  C2'   0.11
VDW_RAD  ANPBK  O2'   1.66
VDW_EPS  ANPBK  O2'   0.21
VDW_RAD  ANPBK  C1'   1.91
VDW_EPS  ANPBK  C1'   0.11
VDW_RAD  ANPBK  N9    1.82
VDW_EPS  ANPBK  N9    0.17
VDW_RAD  ANPBK  C8    1.91
VDW_EPS  ANPBK  C8    0.11
VDW_RAD  ANPBK  N7    1.82
VDW_EPS  ANPBK  N7    0.17
VDW_RAD  ANPBK  C5    1.91
VDW_EPS  ANPBK  C5    0.11
VDW_RAD  ANPBK  C6    1.91
VDW_EPS  ANPBK  C6    0.11
VDW_RAD  ANPBK  N6    1.82
VDW_EPS  ANPBK  N6    0.17
VDW_RAD  ANPBK  N1    1.82
VDW_EPS  ANPBK  N1    0.17
VDW_RAD  ANPBK  C2    1.91
VDW_EPS  ANPBK  C2    0.11
VDW_RAD  ANPBK  N3    1.82
VDW_EPS  ANPBK  N3    0.17
VDW_RAD  ANPBK  C4    1.91
VDW_EPS  ANPBK  C4    0.11
VDW_RAD  MG_BK  MG    1.91
VDW_EPS  MG_BK  MG    0.11
VDW_RAD  EUI+1  O20   1.66
VDW_EPS  EUI+1  O20   0.21
VDW_RAD  EUI+1  C18   1.91
VDW_EPS  EUI+1  C18   0.11
VDW_RAD  EUI+1  C15   1.91
VDW_EPS  EUI+1  C15   0.11
VDW_RAD  EUI+1  C14   1.91
VDW_EPS  EUI+1  C14   0.11
VDW_RAD  EUI+1  C13   1.91
VDW_EPS  EUI+1  C13   0.11
VDW_RAD  EUI+1  C12   1.91
VDW_EPS  EUI+1  C12   0.11
VDW_RAD  EUI+1  F17   1.91
VDW_EPS  EUI+1  F17   0.11
VDW_RAD  EUI+1  C11   1.91
VDW_EPS  EUI+1  C11   0.11
VDW_RAD  EUI+1  F16   1.91
VDW_EPS  EUI+1  F16   0.11
VDW_RAD  EUI+1  C10   1.91
VDW_EPS  EUI+1  C10   0.11
VDW_RAD  EUI+1  N9    1.82
VDW_EPS  EUI+1  N9    0.17
VDW_RAD  EUI+1  C5    1.91
VDW_EPS  EUI+1  C5    0.11
VDW_RAD  EUI+1  C4    1.91
VDW_EPS  EUI+1  C4    0.11
VDW_RAD  EUI+1  C3    1.91
VDW_EPS  EUI+1  C3    0.11
VDW_RAD  EUI+1  C2    1.91
VDW_EPS  EUI+1  C2    0.11
VDW_RAD  EUI+1  I8    1.91
VDW_EPS  EUI+1  I8    0.11
VDW_RAD  EUI+1  C6    1.91
VDW_EPS  EUI+1  C6    0.11
VDW_RAD  EUI+1  F7    1.91
VDW_EPS  EUI+1  F7    0.11
VDW_RAD  EUI+1  C1    1.91
VDW_EPS  EUI+1  C1    0.11
VDW_RAD  EUI+1  N19   1.82
VDW_EPS  EUI+1  N19   0.17
VDW_RAD  EUI+1  C23   1.91
VDW_EPS  EUI+1  C23   0.11
VDW_RAD  EUI+1  C22   1.91
VDW_EPS  EUI+1  C22   0.11
VDW_RAD  EUI+1  C21   1.91
VDW_EPS  EUI+1  C21   0.11
VDW_RAD  EUI+1  O24   1.66
VDW_EPS  EUI+1  O24   0.21
VDW_RAD  EUI+1  C25   1.91
VDW_EPS  EUI+1  C25   0.11
VDW_RAD  EUI+1  C30   1.91
VDW_EPS  EUI+1  C30   0.11
VDW_RAD  EUI+1  C29   1.91
VDW_EPS  EUI+1  C29   0.11
VDW_RAD  EUI+1  C28   1.91
VDW_EPS  EUI+1  C28   0.11
VDW_RAD  EUI+1  C27   1.91
VDW_EPS  EUI+1  C27   0.11
VDW_RAD  EUI+1  N26   1.82
VDW_EPS  EUI+1  N26   0.17
TORSION  EUI+1  H24  O24  C22  C23  f        0.0         3      0.00
VDW_RAD  EUI+1   H9   1.91
VDW_EPS  EUI+1   H9   0.11
VDW_RAD  EUI+1   H4   1.91
VDW_EPS  EUI+1   H4   0.11
VDW_RAD  EUI+1   H3   1.91
VDW_EPS  EUI+1   H3   0.11
VDW_RAD  EUI+1   H1   1.91
VDW_EPS  EUI+1   H1   0.11
VDW_RAD  EUI+1 H231   1.91
VDW_EPS  EUI+1 H231   0.11
VDW_RAD  EUI+1 H232   1.91
VDW_EPS  EUI+1 H232   0.11
VDW_RAD  EUI+1 H211   1.91
VDW_EPS  EUI+1 H211   0.11
VDW_RAD  EUI+1 H212   1.91
VDW_EPS  EUI+1 H212   0.11
VDW_RAD  EUI+1 H301   1.91
VDW_EPS  EUI+1 H301   0.11
VDW_RAD  EUI+1 H302   1.91
VDW_EPS  EUI+1 H302   0.11
VDW_RAD  EUI+1 H291   1.91
VDW_EPS  EUI+1 H291   0.11
VDW_RAD  EUI+1 H292   1.91
VDW_EPS  EUI+1 H292   0.11
VDW_RAD  EUI+1 H281   1.91
VDW_EPS  EUI+1 H281   0.11
VDW_RAD  EUI+1 H282   1.91
VDW_EPS  EUI+1 H282   0.11
VDW_RAD  EUI+1 H271   1.91
VDW_EPS  EUI+1 H271   0.11
VDW_RAD  EUI+1 H272   1.91
VDW_EPS  EUI+1 H272   0.11
RADIUS   ANP    PG    1.70
RADIUS   ANP    O1G   1.70
RADIUS   ANP    O2G   1.70
RADIUS   ANP    O3G   1.70
RADIUS   ANP    PB    1.70
RADIUS   ANP    O1B   1.70
RADIUS   ANP    O2B   1.70
RADIUS   ANP    N3B   1.70
RADIUS   ANP    PA    1.70
RADIUS   ANP    O1A   1.70
RADIUS   ANP    O2A   1.70
RADIUS   ANP    O3A   1.70
RADIUS   ANP    O5'   1.70
RADIUS   ANP    C5'   1.70
RADIUS   ANP    C4'   1.70
RADIUS   ANP    O4'   1.70
RADIUS   ANP    C3'   1.70
RADIUS   ANP    O3'   1.70
RADIUS   ANP    C2'   1.70
RADIUS   ANP    O2'   1.70
RADIUS   ANP    C1'   1.70
RADIUS   ANP    N9    1.70
RADIUS   ANP    C8    1.70
RADIUS   ANP    N7    1.70
RADIUS   ANP    C5    1.70
RADIUS   ANP    C6    1.70
RADIUS   ANP    N6    1.70
RADIUS   ANP    N1    1.70
RADIUS   ANP    C2    1.70
RADIUS   ANP    N3    1.70
RADIUS   ANP    C4    1.70
RADIUS   MG_    MG    1.70
Warning, bond length btw  N9 - N7  in res ANP B0001 is    2.171
Warning, bond length btw  C8 - C5  in res ANP B0001 is    2.187
Warning, bond length btw  N7 - N9  in res ANP B0001 is    2.171
Warning, bond length btw  C5 - C8  in res ANP B0001 is    2.187
Warning, bond length btw  C2 - I8  in res EUI B0003 is    2.109
Warning, bond length btw  I8 - C2  in res EUI B0003 is    2.109
CHARGE   NTR01  HA      0.000
CHARGE   MET01  CB      0.000
CHARGE   MET01 1HB      0.000
CHARGE   MET01 2HB      0.000
CHARGE   MET01 1HG      0.000
CHARGE   MET01 2HG      0.000
CHARGE   MET01 1HE      0.000
CHARGE   MET01 2HE      0.000
CHARGE   MET01 3HE      0.000
CHARGE   GLUBK  HA      0.000
CHARGE   GLU01  CB      0.000
CHARGE   GLU01 1HB      0.000
CHARGE   GLU01 2HB      0.000
CHARGE   GLU01  CG      0.000
CHARGE   GLU01 1HG      0.000
CHARGE   GLU01 2HG      0.000
CHARGE   LEUBK  HA      0.000
CHARGE   LEU01  CB      0.000
CHARGE   LEU01 1HB      0.000
CHARGE   LEU01 2HB      0.000
CHARGE   LEU01  CG      0.000
CHARGE   LEU01  HG      0.000
CHARGE   LEU01  CD1     0.000
CHARGE   LEU01 1HD1     0.000
CHARGE   LEU01 2HD1     0.000
CHARGE   LEU01 3HD1     0.000
CHARGE   LEU01  CD2     0.000
CHARGE   LEU01 1HD2     0.000
CHARGE   LEU01 2HD2     0.000
CHARGE   LEU01 3HD2     0.000
CHARGE   LYSBK  HA      0.000
CHARGE   LYS01 1HB      0.000
CHARGE   LYS01 2HB      0.000
CHARGE   LYS01  CG      0.000
CHARGE   LYS01 1HG      0.000
CHARGE   LYS01 2HG      0.000
CHARGE   LYS01 1HD      0.000
CHARGE   LYS01 2HD      0.000
CHARGE   LYS01 1HE      0.000
CHARGE   LYS01 2HE      0.000
CHARGE   ASPBK  HA      0.000
CHARGE   ASP01  CB      0.000
CHARGE   ASP01 1HB      0.000
CHARGE   ASP01 2HB      0.000
CHARGE   PHEBK  HA      0.000
CHARGE   PHE01  CB      0.000
CHARGE   PHE01 1HB      0.000
CHARGE   PHE01 2HB      0.000
CHARGE   PHE01  CG      0.000
CHARGE   PHE01  CD1     0.000
CHARGE   PHE01  HD1     0.000
CHARGE   PHE01  CD2     0.000
CHARGE   PHE01  HD2     0.000
CHARGE   PHE01  CE1     0.000
CHARGE   PHE01  HE1     0.000
CHARGE   PHE01  CE2     0.000
CHARGE   PHE01  HE2     0.000
CHARGE   PHE01  CZ      0.000
CHARGE   PHE01  HZ      0.000
CHARGE   ILEBK  HA      0.000
CHARGE   ILE01  CB      0.000
CHARGE   ILE01  HB      0.000
CHARGE   ILE01  CG1     0.000
CHARGE   ILE01 1HG1     0.000
CHARGE   ILE01 2HG1     0.000
CHARGE   ILE01  CG2     0.000
CHARGE   ILE01 1HG2     0.000
CHARGE   ILE01 2HG2     0.000
CHARGE   ILE01 3HG2     0.000
CHARGE   ILE01  CD1     0.000
CHARGE   ILE01 1HD1     0.000
CHARGE   ILE01 2HD1     0.000
CHARGE   ILE01 3HD1     0.000
CHARGE   SERBK  HA      0.000
CHARGE   SER01 1HB      0.000
CHARGE   SER01 2HB      0.000
CHARGE   GLYBK 1HA      0.000
CHARGE   GLYBK 2HA      0.000
CHARGE   ALABK  HA      0.000
CHARGE   ALA01  CB      0.000
CHARGE   ALA01 1HB      0.000
CHARGE   ALA01 2HB      0.000
CHARGE   ALA01 3HB      0.000
CHARGE   ASNBK  HA      0.000
CHARGE   ASN01  CB      0.000
CHARGE   ASN01 1HB      0.000
CHARGE   ASN01 2HB      0.000
CHARGE   VALBK  HA      0.000
CHARGE   VAL01  CB      0.000
CHARGE   VAL01  HB      0.000
CHARGE   VAL01  CG1     0.000
CHARGE   VAL01 1HG1     0.000
CHARGE   VAL01 2HG1     0.000
CHARGE   VAL01 3HG1     0.000
CHARGE   VAL01  CG2     0.000
CHARGE   VAL01 1HG2     0.000
CHARGE   VAL01 2HG2     0.000
CHARGE   VAL01 3HG2     0.000
CHARGE   HISBK  HA      0.000
CHARGE   HIS01 1HB      0.000
CHARGE   HIS01 2HB      0.000
CHARGE   PROBK  HA      0.000
CHARGE   PRO01  CB      0.000
CHARGE   PRO01 1HB      0.000
CHARGE   PRO01 2HB      0.000
CHARGE   PRO01  CG      0.000
CHARGE   PRO01 1HG      0.000
CHARGE   PRO01 2HG      0.000
CHARGE   PRO01  CD      0.000
CHARGE   PRO01 1HD      0.000
CHARGE   PRO01 2HD      0.000
CHARGE   METBK  HA      0.000
CHARGE   ARGBK  HA      0.000
CHARGE   ARG01  CB      0.000
CHARGE   ARG01 1HB      0.000
CHARGE   ARG01 2HB      0.000
CHARGE   ARG01  CG      0.000
CHARGE   ARG01 1HG      0.000
CHARGE   ARG01 2HG      0.000
CHARGE   ARG01 1HD      0.000
CHARGE   ARG01 2HD      0.000
CHARGE   GLNBK  HA      0.000
CHARGE   GLN01  CB      0.000
CHARGE   GLN01 1HB      0.000
CHARGE   GLN01 2HB      0.000
CHARGE   GLN01  CG      0.000
CHARGE   GLN01 1HG      0.000
CHARGE   GLN01 2HG      0.000
CHARGE   CYSBK  HA      0.000
CHARGE   CYS01  CB      0.000
CHARGE   CYS01 1HB      0.000
CHARGE   CYS01 2HB      0.000
CHARGE   TYRBK  HA      0.000
CHARGE   TYR01 1HB      0.000
CHARGE   TYR01 2HB      0.000
CHARGE   THRBK  HA      0.000
CHARGE   THR01  HB      0.000
CHARGE   THR01 1HG2     0.000
CHARGE   THR01 2HG2     0.000
CHARGE   THR01 3HG2     0.000
CHARGE   TRPBK  HA      0.000
CHARGE   TRP01  CB      0.000
CHARGE   TRP01 1HB      0.000
CHARGE   TRP01 2HB      0.000
CHARGE   TRP01  CG      0.000
CHARGE   TRP01  CD1     0.000
CHARGE   TRP01  HD1     0.000
CHARGE   TRP01  CD2     0.000
CHARGE   TRP01  NE1     0.000
CHARGE   TRP01  HE1     0.000
CHARGE   TRP01  CE2     0.000
CHARGE   TRP01  CE3     0.000
CHARGE   TRP01  HE3     0.000
CHARGE   TRP01  CZ2     0.000
CHARGE   TRP01  HZ2     0.000
CHARGE   TRP01  CZ3     0.000
CHARGE   TRP01  HZ3     0.000
CHARGE   TRP01  CH2     0.000
CHARGE   TRP01  HH2     0.000
CHARGE   ANPBK  PG      0.000
CHARGE   ANPBK  O1G     0.000
CHARGE   ANPBK  O2G     0.000
CHARGE   ANPBK  O3G     0.000
CHARGE   ANPBK  PB      0.000
CHARGE   ANPBK  O1B     0.000
CHARGE   ANPBK  O2B     0.000
CHARGE   ANPBK  N3B     0.000
CHARGE   ANPBK  PA      0.000
CHARGE   ANPBK  O1A     0.000
CHARGE   ANPBK  O2A     0.000
CHARGE   ANPBK  O3A     0.000
CHARGE   ANPBK  O5'     0.000
CHARGE   ANPBK  C5'     0.000
CHARGE   ANPBK  C4'     0.000
CHARGE   ANPBK  O4'     0.000
CHARGE   ANPBK  C3'     0.000
CHARGE   ANPBK  O3'     0.000
CHARGE   ANPBK  C2'     0.000
CHARGE   ANPBK  O2'     0.000
CHARGE   ANPBK  C1'     0.000
CHARGE   ANPBK  N9      0.000
CHARGE   ANPBK  C8      0.000
CHARGE   ANPBK  N7      0.000
CHARGE   ANPBK  C5      0.000
CHARGE   ANPBK  C6      0.000
CHARGE   ANPBK  N6      0.000
CHARGE   ANPBK  N1      0.000
CHARGE   ANPBK  C2      0.000
CHARGE   ANPBK  N3      0.000
CHARGE   ANPBK  C4      0.000
CHARGE   MG_BK  MG      0.000
Warning, bond length btw  N9 - N7  in res ANP B0001 is    2.171
Warning, bond length btw  C8 - C5  in res ANP B0001 is    2.187
Warning, bond length btw  N7 - N9  in res ANP B0001 is    2.171
Warning, bond length btw  C5 - C8  in res ANP B0001 is    2.187
Warning, bond length btw  C2 - I8  in res EUI B0003 is    2.109
Warning, bond length btw  I8 - C2  in res EUI B0003 is    2.109
Warning, bond length btw  N9 - N7  in res ANP B0001 is    2.171
Warning, bond length btw  C8 - C5  in res ANP B0001 is    2.187
Warning, bond length btw  N7 - N9  in res ANP B0001 is    2.171
Warning, bond length btw  C5 - C8  in res ANP B0001 is    2.187
Warning, bond length btw  C2 - I8  in res EUI B0003 is    2.109
Warning, bond length btw  I8 - C2  in res EUI B0003 is    2.109
Warning, bond length btw  C2 - I8  in res EUI B0003 is    2.109
Warning, bond length btw  I8 - C2  in res EUI B0003 is    2.109
Warning, bond length btw  N9 - N7  in res ANP B0001 is    2.171
Warning, bond length btw  C8 - C5  in res ANP B0001 is    2.187
Warning, bond length btw  N7 - N9  in res ANP B0001 is    2.171
Warning, bond length btw  C5 - C8  in res ANP B0001 is    2.187
Warning, bond length btw  C2 - I8  in res EUI B0003 is    2.109
Warning, bond length btw  I8 - C2  in res EUI B0003 is    2.109
Warning, bond length btw  C2 - I8  in res EUI B0003 is    2.109
Warning, bond length btw  I8 - C2  in res EUI B0003 is    2.109
Warning, bond length btw  N9 - N7  in res ANP B0001 is    2.171
Warning, bond length btw  C8 - C5  in res ANP B0001 is    2.187
Warning, bond length btw  N7 - N9  in res ANP B0001 is    2.171
Warning, bond length btw  C5 - C8  in res ANP B0001 is    2.187
Warning, bond length btw  C2 - I8  in res EUI B0003 is    2.109
Warning, bond length btw  I8 - C2  in res EUI B0003 is    2.109
Warning, bond length btw  N9 - N7  in res ANP B0001 is    2.171
Warning, bond length btw  C8 - C5  in res ANP B0001 is    2.187
Warning, bond length btw  N7 - N9  in res ANP B0001 is    2.171
Warning, bond length btw  C5 - C8  in res ANP B0001 is    2.187
Warning, bond length btw  C2 - I8  in res EUI B0003 is    2.109
Warning, bond length btw  I8 - C2  in res EUI B0003 is    2.109
Warning, bond length btw  N9 - N7  in res ANP B0001 is    2.171
Warning, bond length btw  C8 - C5  in res ANP B0001 is    2.187
Warning, bond length btw  N7 - N9  in res ANP B0001 is    2.171
Warning, bond length btw  C5 - C8  in res ANP B0001 is    2.187
Warning, bond length btw  C2 - I8  in res EUI B0003 is    2.109
Warning, bond length btw  I8 - C2  in res EUI B0003 is    2.109
TORSION  EUI01  H24  O24  C22  C23  f        0.0         3      0.00
RADIUS   EUI    H52   1.70
RADIUS   EUI    H51   1.70
VDW_RAD  EUI+1  H14   1.49
VDW_EPS  EUI+1  H14   0.02
VDW_RAD  EUI+1  H13   1.49
VDW_EPS  EUI+1  H13   0.02
VDW_RAD  EUI+1  H24   1.49
VDW_EPS  EUI+1  H24   0.02
VDW_RAD  EUI+1  H25   1.49
VDW_EPS  EUI+1  H25   0.02
VDW_RAD  EUI+1  H26   1.49
VDW_EPS  EUI+1  H26   0.02
VDW_RAD  EUI+1  H52   1.49
VDW_EPS  EUI+1  H52   0.02
VDW_RAD  EUI02  O20   1.66
VDW_EPS  EUI02  O20   0.21
VDW_RAD  EUI02  C18   1.91
VDW_EPS  EUI02  C18   0.11
VDW_RAD  EUI02  C15   1.91
VDW_EPS  EUI02  C15   0.11
VDW_RAD  EUI02  C14   1.91
VDW_EPS  EUI02  C14   0.11
VDW_RAD  EUI02  C13   1.91
VDW_EPS  EUI02  C13   0.11
VDW_RAD  EUI02  C12   1.91
VDW_EPS  EUI02  C12   0.11
VDW_RAD  EUI02  F17   1.91
VDW_EPS  EUI02  F17   0.11
VDW_RAD  EUI02  C11   1.91
VDW_EPS  EUI02  C11   0.11
VDW_RAD  EUI02  F16   1.91
VDW_EPS  EUI02  F16   0.11
VDW_RAD  EUI02  C10   1.91
VDW_EPS  EUI02  C10   0.11
VDW_RAD  EUI02  N9    1.82
VDW_EPS  EUI02  N9    0.17
VDW_RAD  EUI02  C5    1.91
VDW_EPS  EUI02  C5    0.11
VDW_RAD  EUI02  C4    1.91
VDW_EPS  EUI02  C4    0.11
VDW_RAD  EUI02  C3    1.91
VDW_EPS  EUI02  C3    0.11
VDW_RAD  EUI02  C2    1.91
VDW_EPS  EUI02  C2    0.11
VDW_RAD  EUI02  I8    1.91
VDW_EPS  EUI02  I8    0.11
VDW_RAD  EUI02  C6    1.91
VDW_EPS  EUI02  C6    0.11
VDW_RAD  EUI02  F7    1.91
VDW_EPS  EUI02  F7    0.11
VDW_RAD  EUI02  C1    1.91
VDW_EPS  EUI02  C1    0.11
VDW_RAD  EUI02  N19   1.82
VDW_EPS  EUI02  N19   0.17
VDW_RAD  EUI02  C23   1.91
VDW_EPS  EUI02  C23   0.11
VDW_RAD  EUI02  C22   1.91
VDW_EPS  EUI02  C22   0.11
VDW_RAD  EUI02  C21   1.91
VDW_EPS  EUI02  C21   0.11
VDW_RAD  EUI02  O24   1.66
VDW_EPS  EUI02  O24   0.21
VDW_RAD  EUI02  C25   1.91
VDW_EPS  EUI02  C25   0.11
VDW_RAD  EUI02  C30   1.91
VDW_EPS  EUI02  C30   0.11
VDW_RAD  EUI02  C29   1.91
VDW_EPS  EUI02  C29   0.11
VDW_RAD  EUI02  C28   1.91
VDW_EPS  EUI02  C28   0.11
VDW_RAD  EUI02  C27   1.91
VDW_EPS  EUI02  C27   0.11
VDW_RAD  EUI02  N26   1.82
VDW_EPS  EUI02  N26   0.17
VDW_RAD  EUI02  H14   1.49
VDW_EPS  EUI02  H14   0.02
VDW_RAD  EUI02  H13   1.49
VDW_EPS  EUI02  H13   0.02
VDW_RAD  EUI02   H9   1.91
VDW_EPS  EUI02   H9   0.11
VDW_RAD  EUI02   H4   1.91
VDW_EPS  EUI02   H4   0.11
VDW_RAD  EUI02   H3   1.91
VDW_EPS  EUI02   H3   0.11
VDW_RAD  EUI02   H1   1.91
VDW_EPS  EUI02   H1   0.11
VDW_RAD  EUI02 H231   1.91
VDW_EPS  EUI02 H231   0.11
VDW_RAD  EUI02 H232   1.91
VDW_EPS  EUI02 H232   0.11
VDW_RAD  EUI02 H211   1.91
VDW_EPS  EUI02 H211   0.11
VDW_RAD  EUI02 H212   1.91
VDW_EPS  EUI02 H212   0.11
VDW_RAD  EUI02  H25   1.49
VDW_EPS  EUI02  H25   0.02
VDW_RAD  EUI02 H301   1.91
VDW_EPS  EUI02 H301   0.11
VDW_RAD  EUI02 H302   1.91
VDW_EPS  EUI02 H302   0.11
VDW_RAD  EUI02  H26   1.49
VDW_EPS  EUI02  H26   0.02
VDW_RAD  EUI02 H291   1.91
VDW_EPS  EUI02 H291   0.11
VDW_RAD  EUI02 H292   1.91
VDW_EPS  EUI02 H292   0.11
VDW_RAD  EUI02 H281   1.91
VDW_EPS  EUI02 H281   0.11
VDW_RAD  EUI02 H282   1.91
VDW_EPS  EUI02 H282   0.11
VDW_RAD  EUI02 H271   1.91
VDW_EPS  EUI02 H271   0.11
VDW_RAD  EUI02 H272   1.91
VDW_EPS  EUI02 H272   0.11
VDW_RAD  EUI02  H51   1.49
VDW_EPS  EUI02  H51   0.02
VDW_RAD  EUI01  O20   1.66
VDW_EPS  EUI01  O20   0.21
VDW_RAD  EUI01  C18   1.91
VDW_EPS  EUI01  C18   0.11
VDW_RAD  EUI01  C15   1.91
VDW_EPS  EUI01  C15   0.11
VDW_RAD  EUI01  C14   1.91
VDW_EPS  EUI01  C14   0.11
VDW_RAD  EUI01  C13   1.91
VDW_EPS  EUI01  C13   0.11
VDW_RAD  EUI01  C12   1.91
VDW_EPS  EUI01  C12   0.11
VDW_RAD  EUI01  F17   1.91
VDW_EPS  EUI01  F17   0.11
VDW_RAD  EUI01  C11   1.91
VDW_EPS  EUI01  C11   0.11
VDW_RAD  EUI01  F16   1.91
VDW_EPS  EUI01  F16   0.11
VDW_RAD  EUI01  C10   1.91
VDW_EPS  EUI01  C10   0.11
VDW_RAD  EUI01  N9    1.82
VDW_EPS  EUI01  N9    0.17
VDW_RAD  EUI01  C5    1.91
VDW_EPS  EUI01  C5    0.11
VDW_RAD  EUI01  C4    1.91
VDW_EPS  EUI01  C4    0.11
VDW_RAD  EUI01  C3    1.91
VDW_EPS  EUI01  C3    0.11
VDW_RAD  EUI01  C2    1.91
VDW_EPS  EUI01  C2    0.11
VDW_RAD  EUI01  I8    1.91
VDW_EPS  EUI01  I8    0.11
VDW_RAD  EUI01  C6    1.91
VDW_EPS  EUI01  C6    0.11
VDW_RAD  EUI01  F7    1.91
VDW_EPS  EUI01  F7    0.11
VDW_RAD  EUI01  C1    1.91
VDW_EPS  EUI01  C1    0.11
VDW_RAD  EUI01  N19   1.82
VDW_EPS  EUI01  N19   0.17
VDW_RAD  EUI01  C23   1.91
VDW_EPS  EUI01  C23   0.11
VDW_RAD  EUI01  C22   1.91
VDW_EPS  EUI01  C22   0.11
VDW_RAD  EUI01  C21   1.91
VDW_EPS  EUI01  C21   0.11
VDW_RAD  EUI01  O24   1.66
VDW_EPS  EUI01  O24   0.21
VDW_RAD  EUI01  C25   1.91
VDW_EPS  EUI01  C25   0.11
VDW_RAD  EUI01  C30   1.91
VDW_EPS  EUI01  C30   0.11
VDW_RAD  EUI01  C29   1.91
VDW_EPS  EUI01  C29   0.11
VDW_RAD  EUI01  C28   1.91
VDW_EPS  EUI01  C28   0.11
VDW_RAD  EUI01  C27   1.91
VDW_EPS  EUI01  C27   0.11
VDW_RAD  EUI01  N26   1.82
VDW_EPS  EUI01  N26   0.17
VDW_RAD  EUI01  H14   1.49
VDW_EPS  EUI01  H14   0.02
VDW_RAD  EUI01  H13   1.49
VDW_EPS  EUI01  H13   0.02
VDW_RAD  EUI01   H9   1.91
VDW_EPS  EUI01   H9   0.11
VDW_RAD  EUI01   H4   1.91
VDW_EPS  EUI01   H4   0.11
VDW_RAD  EUI01   H3   1.91
VDW_EPS  EUI01   H3   0.11
VDW_RAD  EUI01   H1   1.91
VDW_EPS  EUI01   H1   0.11
VDW_RAD  EUI01 H231   1.91
VDW_EPS  EUI01 H231   0.11
VDW_RAD  EUI01 H232   1.91
VDW_EPS  EUI01 H232   0.11
VDW_RAD  EUI01 H211   1.91
VDW_EPS  EUI01 H211   0.11
VDW_RAD  EUI01 H212   1.91
VDW_EPS  EUI01 H212   0.11
VDW_RAD  EUI01  H24   1.49
VDW_EPS  EUI01  H24   0.02
VDW_RAD  EUI01  H25   1.49
VDW_EPS  EUI01  H25   0.02
VDW_RAD  EUI01 H301   1.91
VDW_EPS  EUI01 H301   0.11
VDW_RAD  EUI01 H302   1.91
VDW_EPS  EUI01 H302   0.11
VDW_RAD  EUI01  H26   1.49
VDW_EPS  EUI01  H26   0.02
VDW_RAD  EUI01 H291   1.91
VDW_EPS  EUI01 H291   0.11
VDW_RAD  EUI01 H292   1.91
VDW_EPS  EUI01 H292   0.11
VDW_RAD  EUI01 H281   1.91
VDW_EPS  EUI01 H281   0.11
VDW_RAD  EUI01 H282   1.91
VDW_EPS  EUI01 H282   0.11
VDW_RAD  EUI01 H271   1.91
VDW_EPS  EUI01 H271   0.11
VDW_RAD  EUI01 H272   1.91
VDW_EPS  EUI01 H272   0.11
CHARGE   NTR+1  HA      0.000
CHARGE   GLU-1  CB      0.000
CHARGE   GLU-1 1HB      0.000
CHARGE   GLU-1 2HB      0.000
CHARGE   GLU-1 1HG      0.000
CHARGE   GLU-1 2HG      0.000
CHARGE   GLU02  CB      0.000
CHARGE   GLU02 1HB      0.000
CHARGE   GLU02 2HB      0.000
CHARGE   GLU02  CG      0.000
CHARGE   GLU02 1HG      0.000
CHARGE   GLU02 2HG      0.000
CHARGE   LYS+1 1HB      0.000
CHARGE   LYS+1 2HB      0.000
CHARGE   LYS+1  CG      0.000
CHARGE   LYS+1 1HG      0.000
CHARGE   LYS+1 2HG      0.000
CHARGE   LYS+1 1HD      0.000
CHARGE   LYS+1 2HD      0.000
CHARGE   LYS+1 1HE      0.000
CHARGE   LYS+1 2HE      0.000
CHARGE   ASP-1  CB      0.000
CHARGE   ASP-1 1HB      0.000
CHARGE   ASP-1 2HB      0.000
CHARGE   ASP02  CB      0.000
CHARGE   ASP02 1HB      0.000
CHARGE   ASP02 2HB      0.000
CHARGE   HIS+1 1HB      0.000
CHARGE   HIS+1 2HB      0.000
CHARGE   HIS02 1HB      0.000
CHARGE   HIS02 2HB      0.000
CHARGE   ARG+1  CB      0.000
CHARGE   ARG+1 1HB      0.000
CHARGE   ARG+1 2HB      0.000
CHARGE   ARG+1  CG      0.000
CHARGE   ARG+1 1HG      0.000
CHARGE   ARG+1 2HG      0.000
CHARGE   ARG+1 1HD      0.000
CHARGE   ARG+1 2HD      0.000
CHARGE   ARG03  CB      0.000
CHARGE   ARG03 1HB      0.000
CHARGE   ARG03 2HB      0.000
CHARGE   ARG03  CG      0.000
CHARGE   ARG03 1HG      0.000
CHARGE   ARG03 2HG      0.000
CHARGE   ARG03 1HD      0.000
CHARGE   ARG03 2HD      0.000
CHARGE   ARG02  CB      0.000
CHARGE   ARG02 1HB      0.000
CHARGE   ARG02 2HB      0.000
CHARGE   ARG02  CG      0.000
CHARGE   ARG02 1HG      0.000
CHARGE   ARG02 2HG      0.000
CHARGE   ARG02 1HD      0.000
CHARGE   ARG02 2HD      0.000
CHARGE   CYS-1 1HB      0.000
CHARGE   CYS-1 2HB      0.000
CHARGE   TYR-1 1HB      0.000
CHARGE   TYR-1 2HB      0.000
Warning, bond length btw  N9 - N7  in res ANP B0001 is    2.171
Warning, bond length btw  C8 - C5  in res ANP B0001 is    2.187
Warning, bond length btw  N7 - N9  in res ANP B0001 is    2.171
Warning, bond length btw  C5 - C8  in res ANP B0001 is    2.187
Warning, bond length btw  C2 - I8  in res EUI B0003 is    2.109
Warning, bond length btw  I8 - C2  in res EUI B0003 is    2.109
Warning, bond length btw  C2 - I8  in res EUI B0003 is    2.109
Warning, bond length btw  I8 - C2  in res EUI B0003 is    2.109
Warning, bond length btw H282- C18 in res EUI B0003 is    7.117
Warning, bond length btw  C2 - I8  in res EUI B0003 is    2.109
Warning, bond length btw  I8 - C2  in res EUI B0003 is    2.109
Warning, bond length btw  C2 - I8  in res EUI B0003 is    2.109
Warning, bond length btw  I8 - C2  in res EUI B0003 is    2.109
Warning, bond length btw  C2 - I8  in res EUI B0003 is    2.109
Warning, bond length btw  I8 - C2  in res EUI B0003 is    2.109
Warning, bond length btw  C2 - I8  in res EUI B0003 is    2.109
Warning, bond length btw  I8 - C2  in res EUI B0003 is    2.109
Warning, bond length btw  C2 - I8  in res EUI B0003 is    2.109
Warning, bond length btw  I8 - C2  in res EUI B0003 is    2.109
Warning, bond length btw  N9 - N7  in res ANP B0001 is    2.171
Warning, bond length btw  C8 - C5  in res ANP B0001 is    2.187
Warning, bond length btw  N7 - N9  in res ANP B0001 is    2.171
Warning, bond length btw  C5 - C8  in res ANP B0001 is    2.187
Warning, bond length btw  C2 - I8  in res EUI B0003 is    2.109
Warning, bond length btw  I8 - C2  in res EUI B0003 is    2.109
Warning, bond length btw  C2 - I8  in res EUI B0003 is    2.109
Warning, bond length btw  I8 - C2  in res EUI B0003 is    2.109
Warning, bond length btw H282- C18 in res EUI B0003 is    7.117
Warning, bond length btw  C2 - I8  in res EUI B0003 is    2.109
Warning, bond length btw  I8 - C2  in res EUI B0003 is    2.109
Warning, bond length btw  C2 - I8  in res EUI B0003 is    2.109
Warning, bond length btw  I8 - C2  in res EUI B0003 is    2.109
Warning, bond length btw  C2 - I8  in res EUI B0003 is    2.109
Warning, bond length btw  I8 - C2  in res EUI B0003 is    2.109
Warning, bond length btw  C2 - I8  in res EUI B0003 is    2.109
Warning, bond length btw  I8 - C2  in res EUI B0003 is    2.109
Warning, bond length btw  C2 - I8  in res EUI B0003 is    2.109
Warning, bond length btw  I8 - C2  in res EUI B0003 is    2.109
Warning, bond length btw  N9 - N7  in res ANP B0001 is    2.171
Warning, bond length btw  C8 - C5  in res ANP B0001 is    2.187
Warning, bond length btw  N7 - N9  in res ANP B0001 is    2.171
Warning, bond length btw  C5 - C8  in res ANP B0001 is    2.187
Warning, bond length btw  C2 - I8  in res EUI B0003 is    2.109
Warning, bond length btw  I8 - C2  in res EUI B0003 is    2.109
Warning, bond length btw  C2 - I8  in res EUI B0003 is    2.109
Warning, bond length btw  I8 - C2  in res EUI B0003 is    2.109
Warning, bond length btw H282- C18 in res EUI B0003 is    7.117
Warning, bond length btw  C2 - I8  in res EUI B0003 is    2.109
Warning, bond length btw  I8 - C2  in res EUI B0003 is    2.109
Warning, bond length btw  C2 - I8  in res EUI B0003 is    2.109
Warning, bond length btw  I8 - C2  in res EUI B0003 is    2.109
Warning, bond length btw  C2 - I8  in res EUI B0003 is    2.109
Warning, bond length btw  I8 - C2  in res EUI B0003 is    2.109
Warning, bond length btw  C2 - I8  in res EUI B0003 is    2.109
Warning, bond length btw  I8 - C2  in res EUI B0003 is    2.109
Warning, bond length btw  C2 - I8  in res EUI B0003 is    2.109
Warning, bond length btw  I8 - C2  in res EUI B0003 is    2.109
Warning, bond length btw  N9 - N7  in res ANP B0001 is    2.171
Warning, bond length btw  C8 - C5  in res ANP B0001 is    2.187
Warning, bond length btw  N7 - N9  in res ANP B0001 is    2.171
Warning, bond length btw  C5 - C8  in res ANP B0001 is    2.187
Warning, bond length btw  C2 - I8  in res EUI B0003 is    2.109
Warning, bond length btw  I8 - C2  in res EUI B0003 is    2.109
Warning, bond length btw  C2 - I8  in res EUI B0003 is    2.109
Warning, bond length btw  I8 - C2  in res EUI B0003 is    2.109
Warning, bond length btw  C2 - I8  in res EUI B0003 is    2.109
Warning, bond length btw  I8 - C2  in res EUI B0003 is    2.109
Warning, bond length btw  C2 - I8  in res EUI B0003 is    2.109
Warning, bond length btw  I8 - C2  in res EUI B0003 is    2.109
Warning, bond length btw  C2 - I8  in res EUI B0003 is    2.109
Warning, bond length btw  I8 - C2  in res EUI B0003 is    2.109
Warning, bond length btw  C2 - I8  in res EUI B0003 is    2.109
Warning, bond length btw  I8 - C2  in res EUI B0003 is    2.109
Warning, bond length btw  C2 - I8  in res EUI B0003 is    2.109
Warning, bond length btw  I8 - C2  in res EUI B0003 is    2.109
Warning, bond length btw H282- C18 in res EUI B0003 is    7.117
Warning, bond length btw  N9 - N7  in res ANP B0001 is    2.171
Warning, bond length btw  C8 - C5  in res ANP B0001 is    2.187
Warning, bond length btw  N7 - N9  in res ANP B0001 is    2.171
Warning, bond length btw  C5 - C8  in res ANP B0001 is    2.187
Warning, bond length btw  C2 - I8  in res EUI B0003 is    2.109
Warning, bond length btw  I8 - C2  in res EUI B0003 is    2.109
Warning, bond length btw  C2 - I8  in res EUI B0003 is    2.109
Warning, bond length btw  I8 - C2  in res EUI B0003 is    2.109
Warning, bond length btw  C2 - I8  in res EUI B0003 is    2.109
Warning, bond length btw  I8 - C2  in res EUI B0003 is    2.109
Warning, bond length btw  C2 - I8  in res EUI B0003 is    2.109
Warning, bond length btw  I8 - C2  in res EUI B0003 is    2.109
Warning, bond length btw  C2 - I8  in res EUI B0003 is    2.109
Warning, bond length btw  I8 - C2  in res EUI B0003 is    2.109
Warning, bond length btw  C2 - I8  in res EUI B0003 is    2.109
Warning, bond length btw  I8 - C2  in res EUI B0003 is    2.109
Warning, bond length btw  C2 - I8  in res EUI B0003 is    2.109
Warning, bond length btw  I8 - C2  in res EUI B0003 is    2.109
Warning, bond length btw H282- C18 in res EUI B0003 is    7.117
Warning, bond length btw  N9 - N7  in res ANP B0001 is    2.171
Warning, bond length btw  C8 - C5  in res ANP B0001 is    2.187
Warning, bond length btw  N7 - N9  in res ANP B0001 is    2.171
Warning, bond length btw  C5 - C8  in res ANP B0001 is    2.187
Warning, bond length btw  C2 - I8  in res EUI B0003 is    2.109
Warning, bond length btw  I8 - C2  in res EUI B0003 is    2.109
Warning, bond length btw  C2 - I8  in res EUI B0003 is    2.109
Warning, bond length btw  I8 - C2  in res EUI B0003 is    2.109
Warning, bond length btw  C2 - I8  in res EUI B0003 is    2.109
Warning, bond length btw  I8 - C2  in res EUI B0003 is    2.109
Warning, bond length btw  C2 - I8  in res EUI B0003 is    2.109
Warning, bond length btw  I8 - C2  in res EUI B0003 is    2.109
Warning, bond length btw  C2 - I8  in res EUI B0003 is    2.109
Warning, bond length btw  I8 - C2  in res EUI B0003 is    2.109
Warning, bond length btw  C2 - I8  in res EUI B0003 is    2.109
Warning, bond length btw  I8 - C2  in res EUI B0003 is    2.109
Warning, bond length btw  C2 - I8  in res EUI B0003 is    2.109
Warning, bond length btw  I8 - C2  in res EUI B0003 is    2.109
Warning, bond length btw H282- C18 in res EUI B0003 is    7.117
Warning, bond length btw  N9 - N7  in res ANP B0001 is    2.171
Warning, bond length btw  C8 - C5  in res ANP B0001 is    2.187
Warning, bond length btw  N7 - N9  in res ANP B0001 is    2.171
Warning, bond length btw  C5 - C8  in res ANP B0001 is    2.187
Warning, bond length btw  C2 - I8  in res EUI B0003 is    2.109
Warning, bond length btw  I8 - C2  in res EUI B0003 is    2.109
Warning, bond length btw  C2 - I8  in res EUI B0003 is    2.109
Warning, bond length btw  I8 - C2  in res EUI B0003 is    2.109
Warning, bond length btw  C2 - I8  in res EUI B0003 is    2.109
Warning, bond length btw  I8 - C2  in res EUI B0003 is    2.109
Warning, bond length btw  C2 - I8  in res EUI B0003 is    2.109
Warning, bond length btw  I8 - C2  in res EUI B0003 is    2.109
Warning, bond length btw  C2 - I8  in res EUI B0003 is    2.109
Warning, bond length btw  I8 - C2  in res EUI B0003 is    2.109
Warning, bond length btw  C2 - I8  in res EUI B0003 is    2.109
Warning, bond length btw  I8 - C2  in res EUI B0003 is    2.109
Warning, bond length btw  C2 - I8  in res EUI B0003 is    2.109
Warning, bond length btw  I8 - C2  in res EUI B0003 is    2.109
Warning, bond length btw H282- C18 in res EUI B0003 is    7.117
Warning, bond length btw  N9 - N7  in res ANP B0001 is    2.171
Warning, bond length btw  C8 - C5  in res ANP B0001 is    2.187
Warning, bond length btw  N7 - N9  in res ANP B0001 is    2.171
Warning, bond length btw  C5 - C8  in res ANP B0001 is    2.187
Warning, bond length btw  C2 - I8  in res EUI B0003 is    2.109
Warning, bond length btw  I8 - C2  in res EUI B0003 is    2.109
Warning, bond length btw  C2 - I8  in res EUI B0003 is    2.109
Warning, bond length btw  I8 - C2  in res EUI B0003 is    2.109
Warning, bond length btw  C2 - I8  in res EUI B0003 is    2.109
Warning, bond length btw  I8 - C2  in res EUI B0003 is    2.109
Warning, bond length btw  C2 - I8  in res EUI B0003 is    2.109
Warning, bond length btw  I8 - C2  in res EUI B0003 is    2.109
Warning, bond length btw  C2 - I8  in res EUI B0003 is    2.109
Warning, bond length btw  I8 - C2  in res EUI B0003 is    2.109
Warning, bond length btw  C2 - I8  in res EUI B0003 is    2.109
Warning, bond length btw  I8 - C2  in res EUI B0003 is    2.109
Warning, bond length btw  C2 - I8  in res EUI B0003 is    2.109
Warning, bond length btw  I8 - C2  in res EUI B0003 is    2.109
Warning, bond length btw H282- C18 in res EUI B0003 is    7.117
