NTR A0001_ R t 06 S f  0.0 H t 72 M 000
MET A0001_ R t 06 S f  0.0 H t 72 M 000
GLU A0002_ R t 06 S f  0.0 H t 72 M 000
LEU A0003_ R t 06 S f  0.0 H t 72 M 000
LYS A0004_ R t 06 S f  0.0 H t 72 M 000
ASP A0005_ R t 06 S f  0.0 H t 72 M 000
ASP A0006_ R t 06 S f  0.0 H t 72 M 000
ASP A0007_ R t 06 S f  0.0 H t 72 M 000
PHE A0008_ R t 06 S f  0.0 H t 72 M 000
GLU A0009_ R t 06 S f  0.0 H t 72 M 000
LYS A0010_ R t 06 S f  0.0 H t 72 M 000
ILE A0011_ R t 06 S f  0.0 H t 72 M 000
SER A0012_ R t 06 S f  0.0 H t 72 M 000
GLU A0013_ R t 06 S f  0.0 H t 72 M 000
LEU A0014_ R t 06 S f  0.0 H t 72 M 000
GLY A0015_ R t 06 S f  0.0 H t 72 M 000
ALA A0016_ R t 06 S f  0.0 H t 72 M 000
GLY A0017_ R t 06 S f  0.0 H t 72 M 000
ASN A0018_ R t 06 S f  0.0 H t 72 M 000
GLY A0019_ R t 06 S f  0.0 H t 72 M 000
GLY A0020_ R t 06 S f  0.0 H t 72 M 000
VAL A0021_ R t 06 S f  0.0 H t 72 M 000
VAL A0022_ R t 06 S f  0.0 H t 72 M 000
PHE A0023_ R t 06 S f  0.0 H t 72 M 000
LYS A0024_ R t 06 S f  0.0 H t 72 M 000
VAL A0025_ R t 06 S f  0.0 H t 72 M 000
SER A0026_ R t 06 S f  0.0 H t 72 M 000
HIS A0027_ R t 06 S f  0.0 H t 72 M 000
LYS A0028_ R t 06 S f  0.0 H t 72 M 000
PRO A0029_ R t 06 S f  0.0 H t 72 M 000
SER A0030_ R t 06 S f  0.0 H t 72 M 000
GLY A0031_ R t 06 S f  0.0 H t 72 M 000
LEU A0032_ R t 06 S f  0.0 H t 72 M 000
VAL A0033_ R t 06 S f  0.0 H t 72 M 000
MET A0034_ R t 06 S f  0.0 H t 72 M 000
ALA A0035_ R t 06 S f  0.0 H t 72 M 000
ARG A0036_ R t 06 S f  0.0 H t 72 M 000
LYS A0037_ R t 06 S f  0.0 H t 72 M 000
LEU A0038_ R t 06 S f  0.0 H t 72 M 000
ILE A0039_ R t 06 S f  0.0 H t 72 M 000
HIS A0040_ R t 06 S f  0.0 H t 72 M 000
LEU A0041_ R t 06 S f  0.0 H t 72 M 000
GLU A0042_ R t 06 S f  0.0 H t 72 M 000
ILE A0043_ R t 06 S f  0.0 H t 72 M 000
LYS A0044_ R t 06 S f  0.0 H t 72 M 000
PRO A0045_ R t 06 S f  0.0 H t 72 M 000
ALA A0046_ R t 06 S f  0.0 H t 72 M 000
ILE A0047_ R t 06 S f  0.0 H t 72 M 000
ARG A0048_ R t 06 S f  0.0 H t 72 M 000
ASN A0049_ R t 06 S f  0.0 H t 72 M 000
GLN A0050_ R t 06 S f  0.0 H t 72 M 000
ILE A0051_ R t 06 S f  0.0 H t 72 M 000
ILE A0052_ R t 06 S f  0.0 H t 72 M 000
ARG A0053_ R t 06 S f  0.0 H t 72 M 000
GLU A0054_ R t 06 S f  0.0 H t 72 M 000
LEU A0055_ R t 06 S f  0.0 H t 72 M 000
GLN A0056_ R t 06 S f  0.0 H t 72 M 000
VAL A0057_ R t 06 S f  0.0 H t 72 M 000
LEU A0058_ R t 06 S f  0.0 H t 72 M 000
HIS A0059_ R t 06 S f  0.0 H t 72 M 000
GLU A0060_ R t 06 S f  0.0 H t 72 M 000
CYS A0061_ R t 06 S f  0.0 H t 72 M 000
ASN A0062_ R t 06 S f  0.0 H t 72 M 000
SER A0063_ R t 06 S f  0.0 H t 72 M 000
PRO A0064_ R t 06 S f  0.0 H t 72 M 000
TYR A0065_ R t 06 S f  0.0 H t 72 M 000
ILE A0066_ R t 06 S f  0.0 H t 72 M 000
VAL A0067_ R t 06 S f  0.0 H t 72 M 000
GLY A0068_ R t 06 S f  0.0 H t 72 M 000
PHE A0069_ R t 06 S f  0.0 H t 72 M 000
TYR A0070_ R t 06 S f  0.0 H t 72 M 000
GLY A0071_ R t 06 S f  0.0 H t 72 M 000
ALA A0072_ R t 06 S f  0.0 H t 72 M 000
PHE A0073_ R t 06 S f  0.0 H t 72 M 000
TYR A0074_ R t 06 S f  0.0 H t 72 M 000
SER A0075_ R t 06 S f  0.0 H t 72 M 000
ASP A0076_ R t 06 S f  0.0 H t 72 M 000
GLY A0077_ R t 06 S f  0.0 H t 72 M 000
GLU A0078_ R t 06 S f  0.0 H t 72 M 000
ILE A0079_ R t 06 S f  0.0 H t 72 M 000
SER A0080_ R t 06 S f  0.0 H t 72 M 000
ILE A0081_ R t 06 S f  0.0 H t 72 M 000
CYS A0082_ R t 06 S f  0.0 H t 72 M 000
MET A0083_ R t 06 S f  0.0 H t 72 M 000
GLU A0084_ R t 06 S f  0.0 H t 72 M 000
HIS A0085_ R t 06 S f  0.0 H t 72 M 000
MET A0086_ R t 06 S f  0.0 H t 72 M 000
ASP A0087_ R t 06 S f  0.0 H t 72 M 000
GLY A0088_ R t 06 S f  0.0 H t 72 M 000
GLY A0089_ R t 06 S f  0.0 H t 72 M 000
SER A0090_ R t 06 S f  0.0 H t 72 M 000
LEU A0091_ R t 06 S f  0.0 H t 72 M 000
ASP A0092_ R t 06 S f  0.0 H t 72 M 000
GLN A0093_ R t 06 S f  0.0 H t 72 M 000
VAL A0094_ R t 06 S f  0.0 H t 72 M 000
LEU A0095_ R t 06 S f  0.0 H t 72 M 000
LYS A0096_ R t 06 S f  0.0 H t 72 M 000
LYS A0097_ R t 06 S f  0.0 H t 72 M 000
ALA A0098_ R t 06 S f  0.0 H t 72 M 000
GLY A0099_ R t 06 S f  0.0 H t 72 M 000
ARG A0100_ R t 06 S f  0.0 H t 72 M 000
ILE A0101_ R t 06 S f  0.0 H t 72 M 000
PRO A0102_ R t 06 S f  0.0 H t 72 M 000
GLU A0103_ R t 06 S f  0.0 H t 72 M 000
GLN A0104_ R t 06 S f  0.0 H t 72 M 000
ILE A0105_ R t 06 S f  0.0 H t 72 M 000
LEU A0106_ R t 06 S f  0.0 H t 72 M 000
GLY A0107_ R t 06 S f  0.0 H t 72 M 000
LYS A0108_ R t 06 S f  0.0 H t 72 M 000
VAL A0109_ R t 06 S f  0.0 H t 72 M 000
SER A0110_ R t 06 S f  0.0 H t 72 M 000
ILE A0111_ R t 06 S f  0.0 H t 72 M 000
ALA A0112_ R t 06 S f  0.0 H t 72 M 000
VAL A0113_ R t 06 S f  0.0 H t 72 M 000
ILE A0114_ R t 06 S f  0.0 H t 72 M 000
LYS A0115_ R t 06 S f  0.0 H t 72 M 000
GLY A0116_ R t 06 S f  0.0 H t 72 M 000
LEU A0117_ R t 06 S f  0.0 H t 72 M 000
THR A0118_ R t 06 S f  0.0 H t 72 M 000
TYR A0119_ R t 06 S f  0.0 H t 72 M 000
LEU A0120_ R t 06 S f  0.0 H t 72 M 000
ARG A0121_ R t 06 S f  0.0 H t 72 M 000
GLU A0122_ R t 06 S f  0.0 H t 72 M 000
LYS A0123_ R t 06 S f  0.0 H t 72 M 000
HIS A0124_ R t 06 S f  0.0 H t 72 M 000
LYS A0125_ R t 06 S f  0.0 H t 72 M 000
ILE A0126_ R t 06 S f  0.0 H t 72 M 000
MET A0127_ R t 06 S f  0.0 H t 72 M 000
HIS A0128_ R t 06 S f  0.0 H t 72 M 000
ARG A0129_ R t 06 S f  0.0 H t 72 M 000
ASP A0130_ R t 06 S f  0.0 H t 72 M 000
VAL A0131_ R t 06 S f  0.0 H t 72 M 000
LYS A0132_ R t 06 S f  0.0 H t 72 M 000
PRO A0133_ R t 06 S f  0.0 H t 72 M 000
SER A0134_ R t 06 S f  0.0 H t 72 M 000
ASN A0135_ R t 06 S f  0.0 H t 72 M 000
ILE A0136_ R t 06 S f  0.0 H t 72 M 000
LEU A0137_ R t 06 S f  0.0 H t 72 M 000
VAL A0138_ R t 06 S f  0.0 H t 72 M 000
ASN A0139_ R t 06 S f  0.0 H t 72 M 000
SER A0140_ R t 06 S f  0.0 H t 72 M 000
ARG A0141_ R t 06 S f  0.0 H t 72 M 000
GLY A0142_ R t 06 S f  0.0 H t 72 M 000
GLU A0143_ R t 06 S f  0.0 H t 72 M 000
ILE A0144_ R t 06 S f  0.0 H t 72 M 000
LYS A0145_ R t 06 S f  0.0 H t 72 M 000
LEU A0146_ R t 06 S f  0.0 H t 72 M 000
CYS A0147_ R t 06 S f  0.0 H t 72 M 000
ASP A0148_ R t 06 S f  0.0 H t 72 M 000
PHE A0149_ R t 06 S f  0.0 H t 72 M 000
GLY A0150_ R t 06 S f  0.0 H t 72 M 000
VAL A0151_ R t 06 S f  0.0 H t 72 M 000
SER A0152_ R t 06 S f  0.0 H t 72 M 000
GLY A0153_ R t 06 S f  0.0 H t 72 M 000
GLN A0154_ R t 06 S f  0.0 H t 72 M 000
LEU A0155_ R t 06 S f  0.0 H t 72 M 000
ILE A0156_ R t 06 S f  0.0 H t 72 M 000
ASP A0157_ R t 06 S f  0.0 H t 72 M 000
SER A0158_ R t 06 S f  0.0 H t 72 M 000
MET A0159_ R t 06 S f  0.0 H t 72 M 000
ALA A0160_ R t 06 S f  0.0 H t 72 M 000
ASN A0161_ R t 06 S f  0.0 H t 72 M 000
SER A0162_ R t 06 S f  0.0 H t 72 M 000
PHE A0163_ R t 06 S f  0.0 H t 72 M 000
VAL A0164_ R t 06 S f  0.0 H t 72 M 000
GLY A0165_ R t 06 S f  0.0 H t 72 M 000
THR A0166_ R t 06 S f  0.0 H t 72 M 000
ARG A0167_ R t 06 S f  0.0 H t 72 M 000
SER A0168_ R t 06 S f  0.0 H t 72 M 000
TYR A0169_ R t 06 S f  0.0 H t 72 M 000
MET A0170_ R t 06 S f  0.0 H t 72 M 000
SER A0171_ R t 06 S f  0.0 H t 72 M 000
PRO A0172_ R t 06 S f  0.0 H t 72 M 000
GLU A0173_ R t 06 S f  0.0 H t 72 M 000
ARG A0174_ R t 06 S f  0.0 H t 72 M 000
LEU A0175_ R t 06 S f  0.0 H t 72 M 000
GLN A0176_ R t 06 S f  0.0 H t 72 M 000
GLY A0177_ R t 06 S f  0.0 H t 72 M 000
THR A0178_ R t 06 S f  0.0 H t 72 M 000
HIS A0179_ R t 06 S f  0.0 H t 72 M 000
TYR A0180_ R t 06 S f  0.0 H t 72 M 000
SER A0181_ R t 06 S f  0.0 H t 72 M 000
VAL A0182_ R t 06 S f  0.0 H t 72 M 000
GLN A0183_ R t 06 S f  0.0 H t 72 M 000
SER A0184_ R t 06 S f  0.0 H t 72 M 000
ASP A0185_ R t 06 S f  0.0 H t 72 M 000
ILE A0186_ R t 06 S f  0.0 H t 72 M 000
TRP A0187_ R t 06 S f  0.0 H t 72 M 000
SER A0188_ R t 06 S f  0.0 H t 72 M 000
MET A0189_ R t 06 S f  0.0 H t 72 M 000
GLY A0190_ R t 06 S f  0.0 H t 72 M 000
LEU A0191_ R t 06 S f  0.0 H t 72 M 000
SER A0192_ R t 06 S f  0.0 H t 72 M 000
LEU A0193_ R t 06 S f  0.0 H t 72 M 000
VAL A0194_ R t 06 S f  0.0 H t 72 M 000
GLU A0195_ R t 06 S f  0.0 H t 72 M 000
MET A0196_ R t 06 S f  0.0 H t 72 M 000
ALA A0197_ R t 06 S f  0.0 H t 72 M 000
VAL A0198_ R t 06 S f  0.0 H t 72 M 000
GLY A0199_ R t 06 S f  0.0 H t 72 M 000
ARG A0200_ R t 06 S f  0.0 H t 72 M 000
TYR A0201_ R t 06 S f  0.0 H t 72 M 000
PRO A0202_ R t 06 S f  0.0 H t 72 M 000
ILE A0203_ R t 06 S f  0.0 H t 72 M 000
PRO A0204_ R t 06 S f  0.0 H t 72 M 000
PRO A0205_ R t 06 S f  0.0 H t 72 M 000
PRO A0206_ R t 06 S f  0.0 H t 72 M 000
ASP A0207_ R t 06 S f  0.0 H t 72 M 000
ALA A0208_ R t 06 S f  0.0 H t 72 M 000
LYS A0209_ R t 06 S f  0.0 H t 72 M 000
GLU A0210_ R t 06 S f  0.0 H t 72 M 000
LEU A0211_ R t 06 S f  0.0 H t 72 M 000
GLU A0212_ R t 06 S f  0.0 H t 72 M 000
LEU A0213_ R t 06 S f  0.0 H t 72 M 000
MET A0214_ R t 06 S f  0.0 H t 72 M 000
PHE A0215_ R t 06 S f  0.0 H t 72 M 000
GLY A0216_ R t 06 S f  0.0 H t 72 M 000
CYS A0217_ R t 06 S f  0.0 H t 72 M 000
GLN A0218_ R t 06 S f  0.0 H t 72 M 000
VAL A0219_ R t 06 S f  0.0 H t 72 M 000
GLU A0220_ R t 06 S f  0.0 H t 72 M 000
GLY A0221_ R t 06 S f  0.0 H t 72 M 000
ASP A0222_ R t 06 S f  0.0 H t 72 M 000
ALA A0223_ R t 06 S f  0.0 H t 72 M 000
ALA A0224_ R t 06 S f  0.0 H t 72 M 000
GLU A0225_ R t 06 S f  0.0 H t 72 M 000
THR A0226_ R t 06 S f  0.0 H t 72 M 000
PRO A0227_ R t 06 S f  0.0 H t 72 M 000
PRO A0228_ R t 06 S f  0.0 H t 72 M 000
ARG A0229_ R t 06 S f  0.0 H t 72 M 000
PRO A0230_ R t 06 S f  0.0 H t 72 M 000
ARG A0231_ R t 06 S f  0.0 H t 72 M 000
THR A0232_ R t 06 S f  0.0 H t 72 M 000
PRO A0233_ R t 06 S f  0.0 H t 72 M 000
GLY A0234_ R t 06 S f  0.0 H t 72 M 000
ARG A0235_ R t 06 S f  0.0 H t 72 M 000
PRO A0236_ R t 06 S f  0.0 H t 72 M 000
LEU A0237_ R t 06 S f  0.0 H t 72 M 000
SER A0238_ R t 06 S f  0.0 H t 72 M 000
SER A0239_ R t 06 S f  0.0 H t 72 M 000
TYR A0240_ R t 06 S f  0.0 H t 72 M 000
GLY A0241_ R t 06 S f  0.0 H t 72 M 000
MET A0242_ R t 06 S f  0.0 H t 72 M 000
ASP A0243_ R t 06 S f  0.0 H t 72 M 000
SER A0244_ R t 06 S f  0.0 H t 72 M 000
ARG A0245_ R t 06 S f  0.0 H t 72 M 000
PRO A0246_ R t 06 S f  0.0 H t 72 M 000
PRO A0247_ R t 06 S f  0.0 H t 72 M 000
MET A0248_ R t 06 S f  0.0 H t 72 M 000
ALA A0249_ R t 06 S f  0.0 H t 72 M 000
ILE A0250_ R t 06 S f  0.0 H t 72 M 000
PHE A0251_ R t 06 S f  0.0 H t 72 M 000
GLU A0252_ R t 06 S f  0.0 H t 72 M 000
LEU A0253_ R t 06 S f  0.0 H t 72 M 000
LEU A0254_ R t 06 S f  0.0 H t 72 M 000
ASP A0255_ R t 06 S f  0.0 H t 72 M 000
TYR A0256_ R t 06 S f  0.0 H t 72 M 000
ILE A0257_ R t 06 S f  0.0 H t 72 M 000
VAL A0258_ R t 06 S f  0.0 H t 72 M 000
ASN A0259_ R t 06 S f  0.0 H t 72 M 000
GLU A0260_ R t 06 S f  0.0 H t 72 M 000
PRO A0261_ R t 06 S f  0.0 H t 72 M 000
PRO A0262_ R t 06 S f  0.0 H t 72 M 000
PRO A0263_ R t 06 S f  0.0 H t 72 M 000
LYS A0264_ R t 06 S f  0.0 H t 72 M 000
LEU A0265_ R t 06 S f  0.0 H t 72 M 000
PRO A0266_ R t 06 S f  0.0 H t 72 M 000
SER A0267_ R t 06 S f  0.0 H t 72 M 000
GLY A0268_ R t 06 S f  0.0 H t 72 M 000
VAL A0269_ R t 06 S f  0.0 H t 72 M 000
PHE A0270_ R t 06 S f  0.0 H t 72 M 000
SER A0271_ R t 06 S f  0.0 H t 72 M 000
LEU A0272_ R t 06 S f  0.0 H t 72 M 000
GLU A0273_ R t 06 S f  0.0 H t 72 M 000
PHE A0274_ R t 06 S f  0.0 H t 72 M 000
GLN A0275_ R t 06 S f  0.0 H t 72 M 000
ASP A0276_ R t 06 S f  0.0 H t 72 M 000
PHE A0277_ R t 06 S f  0.0 H t 72 M 000
VAL A0278_ R t 06 S f  0.0 H t 72 M 000
ASN A0279_ R t 06 S f  0.0 H t 72 M 000
LYS A0280_ R t 06 S f  0.0 H t 72 M 000
CYS A0281_ R t 06 S f  0.0 H t 72 M 000
LEU A0282_ R t 06 S f  0.0 H t 72 M 000
ILE A0283_ R t 06 S f  0.0 H t 72 M 000
LYS A0284_ R t 06 S f  0.0 H t 72 M 000
ASN A0285_ R t 06 S f  0.0 H t 72 M 000
PRO A0286_ R t 06 S f  0.0 H t 72 M 000
ALA A0287_ R t 06 S f  0.0 H t 72 M 000
GLU A0288_ R t 06 S f  0.0 H t 72 M 000
ARG A0289_ R t 06 S f  0.0 H t 72 M 000
ALA A0290_ R t 06 S f  0.0 H t 72 M 000
ASP A0291_ R t 06 S f  0.0 H t 72 M 000
LEU A0292_ R t 06 S f  0.0 H t 72 M 000
LYS A0293_ R t 06 S f  0.0 H t 72 M 000
GLN A0294_ R t 06 S f  0.0 H t 72 M 000
LEU A0295_ R t 06 S f  0.0 H t 72 M 000
MET A0296_ R t 06 S f  0.0 H t 72 M 000
VAL A0297_ R t 06 S f  0.0 H t 72 M 000
HIS A0298_ R t 06 S f  0.0 H t 72 M 000
ALA A0299_ R t 06 S f  0.0 H t 72 M 000
PHE A0300_ R t 06 S f  0.0 H t 72 M 000
ILE A0301_ R t 06 S f  0.0 H t 72 M 000
LYS A0302_ R t 06 S f  0.0 H t 72 M 000
ARG A0303_ R t 06 S f  0.0 H t 72 M 000
SER A0304_ R t 06 S f  0.0 H t 72 M 000
ASP A0305_ R t 06 S f  0.0 H t 72 M 000
ALA A0306_ R t 06 S f  0.0 H t 72 M 000
GLU A0307_ R t 06 S f  0.0 H t 72 M 000
GLU A0308_ R t 06 S f  0.0 H t 72 M 000
VAL A0309_ R t 06 S f  0.0 H t 72 M 000
ASP A0310_ R t 06 S f  0.0 H t 72 M 000
PHE A0311_ R t 06 S f  0.0 H t 72 M 000
ALA A0312_ R t 06 S f  0.0 H t 72 M 000
GLY A0313_ R t 06 S f  0.0 H t 72 M 000
TRP A0314_ R t 06 S f  0.0 H t 72 M 000
LEU A0315_ R t 06 S f  0.0 H t 72 M 000
CYS A0316_ R t 06 S f  0.0 H t 72 M 000
SER A0317_ R t 06 S f  0.0 H t 72 M 000
THR A0318_ R t 06 S f  0.0 H t 72 M 000
ILE A0319_ R t 06 S f  0.0 H t 72 M 000
GLY A0320_ R t 06 S f  0.0 H t 72 M 000
LEU A0321_ R t 06 S f  0.0 H t 72 M 000
ASN A0322_ R t 06 S f  0.0 H t 72 M 000
CTR A0322_ R t 06 S f  0.0 H t 72 M 000
ANP B0001_ R t 06 S f  0.0 H t 72 M 000
MG_ B0002_ R t 06 S f  0.0 H t 72 M 000
EUI B0003_ R t 06 S f  0.0 H t 72 M 000
