 ph         7.4   7.4   7.4   7.4   7.4
ASP A0006 -1.00 -1.00 -1.00 -1.00 -1.00
TYR A0007 -0.00 -0.00 -0.00 -0.00 -0.00
TYR A0011  0.00  0.00  0.00  0.00  0.00
CYS A0012 -0.02 -0.02 -0.02 -0.02 -0.02
LYS A0016  1.00  1.00  1.00  1.00  1.00
ASP A0022 -1.00 -1.00 -1.00 -1.00 -1.00
LYS A0024  1.00  1.00  1.00  1.00  1.00
GLU A0025 -1.00 -1.00 -1.00 -1.00 -1.00
ARG A0028  1.00  1.00  1.00  1.00  1.00
LYS A0029  0.99  0.99  0.99  0.99  0.99
ARG A0035  1.00  1.00  1.00  1.00  1.00
HIS A0039  0.58  0.58  0.58  0.58  0.58
GLU A0044 -1.00 -1.00 -1.00 -1.00 -1.00
TYR A0046  0.00  0.00  0.00  0.00  0.00
GLU A0047 -1.00 -1.00 -1.00 -1.00 -1.00
ASP A0056 -1.00 -1.00 -1.00 -1.00 -1.00
LYS A0065  1.00  1.00  1.00  1.00  1.00
GLU A0069 -1.00 -1.00 -1.00 -1.00 -1.00
CYS A0071  0.00  0.00  0.00  0.00  0.00
GLU A0073 -1.00 -1.00 -1.00 -1.00 -1.00
ASP A0075 -1.00 -1.00 -1.00 -1.00 -1.00
GLU A0076 -1.00 -1.00 -1.00 -1.00 -1.00
ASP A0078 -0.98 -0.98 -0.98 -0.98 -0.98
GLU A0082 -1.00 -1.00 -1.00 -1.00 -1.00
LYS A0088  0.03  0.03  0.03  0.03  0.03
HIS A0091  0.00  0.00  0.00  0.00  0.00
ARG A0096  1.00  1.00  1.00  1.00  1.00
CYS A0097  0.00  0.00  0.00  0.00  0.00
ARG A0107  1.00  1.00  1.00  1.00  1.00
GLU A0112 -1.00 -1.00 -1.00 -1.00 -1.00
ASP A0118 -1.00 -1.00 -1.00 -1.00 -1.00
LYS A0120  0.86  0.86  0.86  0.86  0.86
ARG A0124  1.00  1.00  1.00  1.00  1.00
GLU A0125 -1.00 -1.00 -1.00 -1.00 -1.00
ARG A0127  1.00  1.00  1.00  1.00  1.00
ARG A0129  1.00  1.00  1.00  1.00  1.00
ASP A0140 -1.00 -1.00 -1.00 -1.00 -1.00
HIS A0143  0.07  0.07  0.07  0.07  0.07
ARG A0146  1.00  1.00  1.00  1.00  1.00
ASP A0147 -1.00 -1.00 -1.00 -1.00 -1.00
CYS A0150 -0.00 -0.00 -0.00 -0.00 -0.00
CYS A0152  0.00  0.00  0.00  0.00  0.00
TYR A0154  0.00 -0.00  0.00  0.00  0.00
GLU A0156 -1.00 -1.00 -1.00 -1.00 -1.00
GLU A0157 -0.99 -0.99 -0.99 -0.99 -0.99
HIS A0159  0.62  0.62  0.62  0.62  0.62
HIS A0162  0.00  0.00  0.00  0.00  0.00
ARG A0163  1.00  1.00  1.00  1.00  1.00
ASP A0164 -1.00 -1.00 -1.00 -1.00 -1.00
ARG A0168  1.00  1.00  1.00  1.00  1.00
CYS A0170  0.00  0.00  0.00  0.00  0.00
CYS A0174 -0.04 -0.04 -0.04 -0.04 -0.04
ARG A0179  1.00  1.00  1.00  1.00  1.00
LYS A0182  1.00  1.00  1.00  1.00  1.00
ASP A0185 -1.00 -1.00 -1.00 -1.00 -1.00
ARG A0190  1.00  1.00  1.00  1.00  1.00
ASP A0191 -1.00 -1.00 -1.00 -1.00 -1.00
TYR A0193 -0.00 -0.00 -0.00 -0.00 -0.00
ARG A0194  1.00  1.00  1.00  1.00  1.00
TYR A0197 -0.00 -0.00 -0.00 -0.00 -0.00
TYR A0198 -0.04 -0.04 -0.04 -0.04 -0.04
ARG A0199  0.55  0.55  0.55  0.56  0.56
LYS A0200  0.99  0.99  0.99  0.99  0.99
CYS A0203 -0.09 -0.09 -0.09 -0.09 -0.09
LYS A0209  1.00  1.00  1.00  1.00  1.00
GLU A0214 -1.00 -1.00 -1.00 -1.00 -1.00
GLU A0218 -1.00 -1.00 -1.00 -1.00 -1.00
LYS A0224  1.00  1.00  1.00  1.00  1.00
ASP A0226 -1.00 -1.00 -1.00 -1.00 -1.00
GLU A0236 -1.00 -1.00 -1.00 -1.00 -1.00
TYR A0242 -0.11 -0.11 -0.11 -0.11 -0.11
TYR A0245  0.00  0.00 -0.00  0.00  0.00
LYS A0248  0.99  0.99  0.99  0.99  0.99
GLU A0252 -1.00 -1.00 -1.00 -1.00 -1.00
GLU A0255 -1.00 -1.00 -1.00 -1.00 -1.00
ARG A0262  1.00  1.00  1.00  1.00  1.00
ASP A0264 -1.00 -1.00 -1.00 -1.00 -1.00
LYS A0267  1.00  1.00  1.00  1.00  1.00
CYS A0269  0.00  0.00  0.00  0.00  0.00
TYR A0274  0.00  0.00  0.00  0.00  0.00
ARG A0275  1.00  1.00  1.00  1.00  1.00
CYS A0280  0.00  0.00  0.00  0.00  0.00
HIS A0283  0.02  0.02  0.02  0.02  0.02
GLU A0286 -1.00 -1.00 -1.00 -1.00 -1.00
ASP A0287 -1.00 -1.00 -1.00 -1.00 -1.00
ARG A0288  1.00  1.00  1.00  1.00  1.00
GLU A0296 -1.00 -1.00 -1.00 -1.00 -1.00
ARG A0297  1.00  1.00  1.00  1.00  1.00
GLU A0299 -0.98 -0.98 -0.98 -0.98 -0.98
TYR A0300 -0.00 -0.00 -0.00 -0.00 -0.00
CYS A0301 -0.00 -0.00 -0.00 -0.00 -0.00
ASP A0304 -1.00 -1.00 -1.00 -1.00 -1.00
ASP A0306 -1.00 -1.00 -1.00 -1.00 -1.00
GLU A0315 -1.00 -1.00 -1.00 -1.00 -1.00
TYR A0316 -0.01 -0.01 -0.01 -0.01 -0.01

Tot Protn  -6.6  -6.6  -6.6  -6.6  -6.6
Tot Elec    0.0   0.0   0.0   0.0   0.0
Net crg    -5.9  -5.9  -5.9  -5.9  -5.9
