  pH           7     7     7     7     7     7     7     7     7     7
NTR+A0001_  0.01  0.01  0.00  0.01  0.01  0.01  0.01  0.01  0.01  0.01
TYR-A0001_ -0.00 -0.00 -0.00 -0.00 -0.00 -0.00 -0.00 -0.00 -0.00 -0.00
GLU-A0002_ -1.00 -1.00 -1.00 -1.00 -1.00 -1.00 -1.00 -1.00 -1.00 -1.00
GLU-A0005_ -1.00 -1.00 -1.00 -1.00 -0.99 -1.00 -0.99 -0.99 -0.99 -0.99
ASP-A0006_ -1.00 -1.00 -1.00 -1.00 -1.00 -1.00 -1.00 -1.00 -1.00 -1.00
ARG+A0008_  1.00  1.00  1.00  1.00  1.00  1.00  1.00  1.00  1.00  1.00
GLU-A0010_ -1.00 -1.00 -1.00 -1.00 -1.00 -1.00 -1.00 -1.00 -1.00 -1.00
ARG+A0013_  1.00  1.00  1.00  1.00  1.00  1.00  1.00  1.00  1.00  1.00
ASP-A0014_ -1.00 -1.00 -1.00 -1.00 -1.00 -1.00 -1.00 -1.00 -1.00 -1.00
ARG+A0015_  1.00  1.00  1.00  1.00  1.00  1.00  1.00  1.00  1.00  1.00
LYS+A0020_  1.00  1.00  1.00  1.00  1.00  1.00  1.00  1.00  1.00  1.00
GLU-A0024_ -1.00 -1.00 -1.00 -1.00 -1.00 -1.00 -1.00 -1.00 -1.00 -1.00
GLU-A0034_ -1.00 -1.00 -1.00 -1.00 -1.00 -1.00 -1.00 -1.00 -1.00 -1.00
ASP-A0039_ -1.00 -1.00 -1.00 -1.00 -1.00 -1.00 -1.00 -1.00 -1.00 -1.00
LYS+A0040_  1.00  1.00  1.00  1.00  1.00  1.00  1.00  1.00  1.00  1.00
ASP-A0041_ -1.00 -1.00 -1.00 -1.00 -1.00 -1.00 -1.00 -1.00 -1.00 -1.00
LYS+A0042_  1.00  1.00  1.00  1.00  1.00  1.00  1.00  1.00  1.00  1.00
ARG+A0045_  0.20  0.21  0.21  0.20  0.20  0.21  0.19  0.21  0.20  0.21
LYS+A0048_  1.00  1.00  1.00  1.00  1.00  1.00  1.00  1.00  1.00  1.00
LYS+A0052_  0.00  0.00  0.00  0.00  0.00  0.00  0.00  0.00  0.00  0.00
LYS+A0055_  1.00  1.00  1.00  1.00  1.00  1.00  1.00  1.00  1.00  1.00
ASP-A0057_ -1.00 -1.00 -1.00 -1.00 -1.00 -1.00 -0.99 -1.00 -1.00 -1.00
GLU-A0060_ -1.00 -1.00 -1.00 -1.00 -1.00 -1.00 -1.00 -1.00 -1.00 -1.00
LYS+A0061_  1.00  1.00  1.00  1.00  1.00  1.00  1.00  1.00  1.00  1.00
ASP-A0062_ -1.00 -1.00 -1.00 -1.00 -1.00 -1.00 -1.00 -1.00 -1.00 -1.00
ASP-A0065_ -1.00 -1.00 -1.00 -1.00 -1.00 -1.00 -1.00 -1.00 -1.00 -1.00
GLU-A0069_ -0.00 -0.00 -0.00 -0.00 -0.00 -0.00 -0.00 -0.00 -0.00 -0.00
GLU-A0071_ -1.00 -1.00 -1.00 -1.00 -1.00 -1.00 -1.00 -1.00 -1.00 -1.00
LYS+A0074_  1.00  1.00  1.00  1.00  1.00  1.00  1.00  1.00  1.00  1.00
LYS+A0078_  1.00  1.00  1.00  1.00  1.00  1.00  1.00  1.00  1.00  1.00
HIS+A0079_  0.00  0.00  0.00  0.00  0.00  0.00  0.00  0.00  0.00  0.00
LYS+A0080_  1.00  1.00  1.00  1.00  1.00  1.00  1.00  1.00  1.00  1.00
CYS-A0089_ -0.00 -0.00 -0.00 -0.00 -0.00 -0.00 -0.00 -0.00 -0.00 -0.00
ASP-A0092_ -1.00 -1.00 -1.00 -1.00 -1.00 -1.00 -1.00 -1.00 -1.00 -1.00
TYR-A0096_ -0.00 -0.00 -0.00 -0.00 -0.00 -0.00 -0.00 -0.00 -0.00 -0.00
GLU-A0100_ -1.00 -1.00 -1.00 -1.00 -1.00 -1.00 -1.00 -1.00 -1.00 -1.00
TYR-A0101_ -0.00 -0.00 -0.00 -0.00 -0.00 -0.00 -0.00 -0.00 -0.00 -0.00
LYS+A0104_  1.00  1.00  1.00  1.00  1.00  1.00  1.00  1.00  1.00  1.00
ARG+A0108_  1.00  1.00  1.00  1.00  0.69  1.00  1.00  1.00  1.00  1.00
GLU-A0109_ -1.00 -1.00 -1.00 -1.00 -1.00 -1.00 -1.00 -1.00 -1.00 -1.00
TYR-A0110_ -0.00 -0.00 -0.00 -0.00 -0.00 -0.00 -0.00 -0.00 -0.00 -0.00
ARG+A0114_  1.00  1.00  1.00  1.00  1.00  1.00  1.00  1.00  1.00  1.00
ARG+A0115_  1.00  1.00  1.00  1.00  1.00  1.00  1.00  1.00  1.00  1.00
GLU-A0120_ -1.00 -1.00 -1.00 -1.00 -1.00 -1.00 -1.00 -1.00 -1.00 -1.00
TYR-A0121_ -0.00 -0.00 -0.00 -0.00 -0.00 -0.00 -0.00 -0.00 -0.00 -0.00
TYR-A0123_ -0.02 -0.02 -0.02 -0.02 -0.02 -0.02 -0.02 -0.02 -0.02 -0.02
HIS+A0127_  0.09  0.08  0.09  0.09  0.08  0.09  0.08  0.08  0.08  0.09
GLU-A0130_ -1.00 -1.00 -1.00 -1.00 -1.00 -1.00 -1.00 -1.00 -1.00 -1.00
GLU-A0131_ -1.00 -1.00 -1.00 -1.00 -1.00 -1.00 -1.00 -1.00 -1.00 -1.00
LYS+A0136_  1.00  1.00  1.00  1.00  1.00  1.00  1.00  1.00  1.00  1.00
ASP-A0137_ -1.00 -1.00 -1.00 -1.00 -1.00 -1.00 -1.00 -1.00 -1.00 -1.00
CYS-A0141_ -0.00 -0.00 -0.00 -0.00 -0.00 -0.00 -0.00 -0.00 -0.00 -0.00
TYR-A0143_ -0.00 -0.00 -0.00 -0.00 -0.00 -0.00 -0.00 -0.00 -0.00 -0.00
ARG+A0147_  1.00  1.00  1.00  1.00  1.00  1.00  1.00  1.00  1.00  1.00
GLU-A0150_ -1.00 -1.00 -1.00 -1.00 -1.00 -1.00 -1.00 -1.00 -1.00 -1.00
TYR-A0151_ -0.00 -0.00 -0.00 -0.00 -0.00 -0.00 -0.00 -0.00 -0.00 -0.00
LYS+A0155_  1.00  1.00  1.00  1.00  1.00  1.00  1.00  1.00  1.00  1.00
LYS+A0156_  1.00  1.00  1.00  1.00  1.00  1.00  1.00  1.00  1.00  1.00
CYS-A0157_ -0.00 -0.00 -0.00 -0.00 -0.00 -0.00 -0.00 -0.00 -0.00 -0.00
HIS+A0159_  0.00  0.00  0.00  0.00  0.00  0.00  0.00  0.00  0.00  0.00
ARG+A0160_  1.00  1.00  1.00  1.00  1.00  1.00  1.00  1.00  1.00  1.00
ASP-A0161_ -1.00 -1.00 -1.00 -1.00 -0.67 -1.00 -1.00 -1.00 -0.99 -1.00
ARG+A0165_  1.00  1.00  1.00  1.00  1.00  1.00  1.00  1.00  1.00  1.00
GLU-A0171_ -1.00 -1.00 -1.00 -1.00 -1.00 -1.00 -1.00 -1.00 -1.00 -1.00
ASP-A0172_ -1.00 -1.00 -1.00 -1.00 -1.00 -1.00 -1.00 -1.00 -1.00 -1.00
LYS+A0176_  1.00  1.00  1.00  1.00  1.00  1.00  1.00  1.00  1.00  1.00
ASP-A0179_ -0.00 -0.00 -0.00 -0.00 -0.00 -0.00 -0.00 -0.00 -0.00 -0.00
CTR-A0180_ -0.34 -0.35 -0.32 -0.32 -0.87 -0.32 -0.32 -0.33 -0.34 -0.32
NTG+A0181_  0.00  0.00  0.00  0.00  0.00  0.00  0.00  0.00  0.00  0.00
ARG+A0184_  1.00  1.00  1.00  1.00  1.00  1.00  1.00  1.00  1.00  1.00
ASP-A0185_ -1.00 -1.00 -1.00 -1.00 -1.00 -1.00 -1.00 -1.00 -1.00 -1.00
HIS+A0187_  0.18  0.16  0.16  0.16  0.14  0.18  0.17  0.16  0.17  0.16
HIS+A0188_  0.89  0.89  0.88  0.89  0.89  0.88  0.88  0.88  0.89  0.89
ASP-A0190_ -1.00 -1.00 -1.00 -1.00 -1.00 -1.00 -1.00 -1.00 -1.00 -1.00
TYR-A0191_ -0.00 -0.00 -0.00 -0.00 -0.00 -0.00 -0.00 -0.00 -0.00 -0.00
TYR-A0192_ -0.00 -0.00 -0.00 -0.00 -0.00 -0.00 -0.00 -0.00 -0.00 -0.00
LYS+A0193_  1.00  1.00  1.00  1.00  1.00  1.00  1.00  1.00  1.00  1.00
LYS+A0194_  0.99  1.00  1.00  1.00  0.99  1.00  1.00  0.99  1.00  1.00
ARG+A0199_  1.00  1.00  1.00  1.00  0.93  1.00  1.00  1.00  1.00  1.00
LYS+A0203_  0.99  0.99  0.99  0.99  0.99  0.99  0.99  0.99  0.99  0.99
GLU-A0208_ -1.00 -1.00 -1.00 -1.00 -1.00 -1.00 -1.00 -1.00 -1.00 -1.00
ASP-A0212_ -1.00 -1.00 -1.00 -1.00 -1.00 -1.00 -1.00 -1.00 -1.00 -1.00
ARG+A0213_  1.00  1.00  1.00  1.00  1.00  1.00  1.00  1.00  1.00  1.00
TYR-A0215_ -0.00 -0.00 -0.00 -0.00 -0.00 -0.00 -0.00 -0.00 -0.00 -0.00
HIS+A0217_  0.06  0.07  0.06  0.06  0.06  0.06  0.06  0.06  0.06  0.05
ASP-A0220_ -1.00 -1.00 -1.00 -1.00 -1.00 -1.00 -1.00 -1.00 -1.00 -1.00
GLU-A0230_ -0.65 -0.64 -0.65 -0.65 -1.00 -0.66 -0.64 -0.64 -0.65 -0.65
TYR-A0239_ -0.00 -0.00 -0.00 -0.00 -0.00 -0.00 -0.00 -0.00 -0.00 -0.00
GLU-A0245_ -1.00 -1.00 -1.00 -1.00 -1.00 -1.00 -1.00 -1.00 -1.00 -1.00
GLU-A0246_ -1.00 -1.00 -1.00 -1.00 -1.00 -1.00 -1.00 -1.00 -1.00 -1.00
LYS+A0249_  1.00  1.00  1.00  1.00  1.00  1.00  1.00  1.00  1.00  1.00
LYS+A0252_  1.00  1.00  1.00  1.00  1.00  1.00  1.00  1.00  1.00  1.00
GLU-A0253_ -1.00 -1.00 -1.00 -1.00 -1.00 -1.00 -1.00 -1.00 -1.00 -1.00
HIS+A0255_  0.01  0.01  0.00  0.01  0.01  0.01  0.01  0.01  0.01  0.01
ARG+A0256_  1.00  1.00  1.00  1.00  1.00  1.00  1.00  1.00  1.00  1.00
ASP-A0258_ -1.00 -1.00 -1.00 -1.00 -1.00 -1.00 -1.00 -1.00 -1.00 -1.00
LYS+A0259_  1.00  1.00  1.00  1.00  1.00  1.00  1.00  1.00  1.00  1.00
CYS-A0263_ -0.00 -0.00 -0.00 -0.00 -0.00 -0.00 -0.00 -0.00 -0.00 -0.00
GLU-A0266_ -0.99 -0.99 -1.00 -1.00 -1.00 -1.00 -1.00 -1.00 -1.00 -1.00
TYR-A0268_ -0.00 -0.00 -0.00 -0.00 -0.00 -0.00 -0.00 -0.00 -0.00 -0.00
ARG+A0272_  1.00  1.00  1.00  1.00  1.00  1.00  1.00  1.00  1.00  1.00
ASP-A0273_ -0.99 -0.99 -0.99 -0.99 -0.99 -0.99 -0.99 -0.99 -0.99 -0.99
CYS-A0274_ -0.00 -0.00 -0.00 -0.00 -0.00 -0.00 -0.00 -0.00 -0.00 -0.00
HIS+A0276_  0.00  0.00  0.00  0.00  0.00  0.00  0.00  0.00  0.00  0.00
ARG+A0282_  1.00  1.00  1.00  1.00  1.00  1.00  1.00  1.00  1.00  1.00
LYS+A0286_  1.00  1.00  1.00  1.00  1.00  1.00  1.00  1.00  1.00  1.00
GLU-A0290_ -1.00 -1.00 -1.00 -1.00 -1.00 -1.00 -1.00 -1.00 -1.00 -1.00
ASP-A0291_ -0.99 -0.99 -0.99 -1.00 -0.98 -0.98 -1.00 -0.99 -1.00 -0.99
ASP-A0293_ -1.00 -1.00 -1.00 -1.00 -1.00 -1.00 -1.00 -1.00 -1.00 -1.00
ARG+A0294_  1.00  1.00  1.00  1.00  1.00  1.00  1.00  1.00  1.00  1.00
GLU-A0303_ -1.00 -1.00 -1.00 -1.00 -1.00 -1.00 -1.00 -1.00 -1.00 -1.00
CTR-A0303_ -0.99 -0.99 -0.99 -0.99 -0.99 -0.99 -0.99 -0.99 -0.99 -0.99
NTG+B0001_  0.88  0.88  0.88  0.88  0.88  0.88  0.89  0.88  0.88  0.89
GLU-B0006_ -1.00 -0.99 -0.99 -1.00 -0.99 -0.99 -1.00 -0.99 -0.99 -0.99
TYR-B0007_ -0.00 -0.00 -0.00 -0.00 -0.00 -0.00 -0.00 -0.00 -0.00 -0.00
GLU-B0008_ -0.87 -0.86 -0.87 -0.87 -0.90 -0.86 -0.88 -0.89 -0.87 -0.88
GLU-B0011_ -1.00 -1.00 -1.00 -0.99 -1.00 -1.00 -1.00 -1.00 -1.00 -1.00
ASP-B0012_ -1.00 -1.00 -1.00 -1.00 -1.00 -1.00 -1.00 -1.00 -1.00 -1.00
ARG+B0014_  1.00  1.00  1.00  1.00  1.00  1.00  1.00  1.00  1.00  1.00
GLU-B0016_ -1.00 -1.00 -1.00 -1.00 -1.00 -1.00 -1.00 -1.00 -1.00 -1.00
ARG+B0019_  1.00  1.00  1.00  1.00  1.00  1.00  1.00  1.00  1.00  1.00
ASP-B0020_ -1.00 -1.00 -1.00 -1.00 -1.00 -1.00 -1.00 -1.00 -1.00 -1.00
ARG+B0021_  1.00  1.00  1.00  1.00  1.00  1.00  1.00  1.00  1.00  1.00
LYS+B0026_  1.00  1.00  1.00  1.00  1.00  1.00  1.00  1.00  1.00  1.00
GLU-B0030_ -1.00 -1.00 -1.00 -1.00 -1.00 -1.00 -1.00 -1.00 -1.00 -1.00
GLU-B0040_ -1.00 -1.00 -1.00 -1.00 -1.00 -1.00 -1.00 -1.00 -1.00 -1.00
ASP-B0045_ -1.00 -1.00 -1.00 -1.00 -1.00 -0.99 -1.00 -0.99 -1.00 -1.00
LYS+B0046_  1.00  1.00  1.00  1.00  1.00  1.00  1.00  1.00  1.00  1.00
ASP-B0047_ -0.98 -1.00 -0.99 -0.99 -0.99 -1.00 -0.99 -0.99 -0.99 -0.99
LYS+B0048_  1.00  1.00  1.00  1.00  1.00  1.00  1.00  1.00  1.00  1.00
ARG+B0051_  1.00  1.00  1.00  1.00  1.00  1.00  1.00  1.00  1.00  1.00
LYS+B0054_  1.00  1.00  1.00  1.00  1.00  1.00  1.00  1.00  1.00  1.00
LYS+B0058_  1.00  1.00  1.00  1.00  1.00  1.00  1.00  1.00  1.00  1.00
LYS+B0061_  1.00  1.00  1.00  1.00  1.00  1.00  1.00  1.00  1.00  1.00
ASP-B0063_ -1.00 -1.00 -1.00 -1.00 -1.00 -1.00 -1.00 -1.00 -1.00 -1.00
GLU-B0066_ -0.99 -0.99 -0.99 -0.98 -0.99 -0.99 -0.99 -0.99 -0.99 -0.99
LYS+B0067_  1.00  1.00  1.00  1.00  1.00  1.00  1.00  1.00  1.00  1.00
ASP-B0068_ -1.00 -1.00 -1.00 -1.00 -1.00 -1.00 -1.00 -1.00 -1.00 -1.00
ASP-B0071_ -0.99 -0.99 -0.99 -0.99 -0.99 -0.99 -0.98 -0.98 -0.99 -0.98
GLU-B0075_ -1.00 -1.00 -1.00 -1.00 -1.00 -1.00 -1.00 -1.00 -1.00 -1.00
GLU-B0077_ -1.00 -1.00 -1.00 -1.00 -1.00 -1.00 -1.00 -1.00 -1.00 -1.00
LYS+B0080_  1.00  1.00  1.00  1.00  1.00  1.00  1.00  1.00  1.00  1.00
LYS+B0084_  1.00  1.00  1.00  1.00  1.00  1.00  1.00  1.00  1.00  1.00
HIS+B0085_  0.00  0.00  0.00  0.00  0.00  0.00  0.00  0.00  0.00  0.00
LYS+B0086_  1.00  1.00  1.00  1.00  1.00  1.00  1.00  1.00  1.00  1.00
CYS-B0095_ -0.00 -0.00 -0.00 -0.00 -0.00 -0.00 -0.00 -0.00 -0.00 -0.00
ASP-B0098_ -1.00 -1.00 -1.00 -1.00 -1.00 -1.00 -1.00 -1.00 -1.00 -1.00
TYR-B0102_ -0.00 -0.00 -0.00 -0.00 -0.00 -0.00 -0.00 -0.00 -0.00 -0.00
GLU-B0106_ -1.00 -1.00 -1.00 -1.00 -1.00 -1.00 -1.00 -1.00 -1.00 -1.00
TYR-B0107_ -0.00 -0.00 -0.00 -0.00 -0.00 -0.00 -0.00 -0.00 -0.00 -0.00
LYS+B0110_  1.00  1.00  1.00  1.00  1.00  1.00  1.00  1.00  1.00  1.00
ARG+B0114_  1.00  1.00  1.00  1.00  1.00  1.00  1.00  1.00  1.00  1.00
GLU-B0115_ -1.00 -1.00 -1.00 -1.00 -1.00 -1.00 -1.00 -1.00 -1.00 -1.00
TYR-B0116_ -0.00 -0.00 -0.00 -0.00 -0.00 -0.00 -0.00 -0.00 -0.00 -0.00
ARG+B0120_  1.00  1.00  1.00  1.00  1.00  1.00  1.00  1.00  1.00  1.00
ARG+B0121_  1.00  1.00  1.00  1.00  1.00  1.00  1.00  1.00  1.00  1.00
GLU-B0126_ -0.98 -0.98 -0.97 -0.97 -0.98 -0.97 -0.97 -0.98 -0.97 -0.97
TYR-B0127_ -0.00 -0.00 -0.00 -0.00 -0.00 -0.00 -0.00 -0.00 -0.00 -0.00
TYR-B0129_ -0.10 -0.10 -0.10 -0.10 -0.10 -0.10 -0.09 -0.09 -0.10 -0.10
HIS+B0133_  0.88  0.88  0.88  0.88  0.88  0.89  0.88  0.88  0.88  0.88
GLU-B0136_ -1.00 -1.00 -1.00 -1.00 -1.00 -1.00 -1.00 -1.00 -1.00 -1.00
GLU-B0137_ -1.00 -1.00 -1.00 -1.00 -1.00 -1.00 -1.00 -1.00 -1.00 -1.00
LYS+B0142_  1.00  1.00  1.00  1.00  1.00  1.00  1.00  1.00  1.00  1.00
ASP-B0143_ -1.00 -1.00 -1.00 -1.00 -1.00 -1.00 -1.00 -1.00 -1.00 -1.00
CYS-B0147_ -0.00 -0.00 -0.00 -0.00 -0.00 -0.00 -0.00 -0.00 -0.00 -0.00
TYR-B0149_ -0.00 -0.00 -0.00 -0.00 -0.00 -0.00 -0.00 -0.00 -0.00 -0.00
ARG+B0153_  1.00  1.00  1.00  1.00  1.00  1.00  1.00  1.00  1.00  1.00
GLU-B0156_ -1.00 -1.00 -1.00 -1.00 -1.00 -1.00 -1.00 -1.00 -1.00 -1.00
TYR-B0157_ -0.00 -0.00 -0.00 -0.00 -0.00 -0.00 -0.00 -0.00 -0.00 -0.00
LYS+B0161_  1.00  1.00  1.00  1.00  1.00  1.00  1.00  1.00  1.00  1.00
LYS+B0162_  1.00  1.00  1.00  1.00  1.00  1.00  1.00  1.00  1.00  1.00
CYS-B0163_ -0.00 -0.00 -0.00 -0.00 -0.00 -0.00 -0.00 -0.00 -0.00 -0.00
HIS+B0165_  0.00  0.00  0.00  0.00  0.00  0.00  0.00  0.00  0.00  0.00
ARG+B0166_  1.00  1.00  1.00  1.00  1.00  1.00  1.00  1.00  1.00  1.00
ASP-B0167_ -1.00 -1.00 -1.00 -1.00 -1.00 -1.00 -1.00 -1.00 -1.00 -1.00
ARG+B0171_  1.00  1.00  1.00  1.00  1.00  1.00  1.00  1.00  1.00  1.00
GLU-B0177_ -1.00 -1.00 -1.00 -1.00 -1.00 -1.00 -1.00 -1.00 -1.00 -1.00
ASP-B0178_ -1.00 -1.00 -1.00 -1.00 -1.00 -1.00 -1.00 -1.00 -1.00 -1.00
LYS+B0182_  1.00  1.00  1.00  1.00  1.00  1.00  1.00  1.00  1.00  1.00
ASP-B0185_ -0.00 -0.00 -0.00 -0.00 -0.00 -0.00 -0.00 -0.00 -0.00 -0.00
CTR-B0186_ -0.61 -0.60 -0.60 -0.61 -0.61 -0.60 -0.61 -0.60 -0.61 -0.60
NTG+B0187_  0.00  0.00  0.00  0.00  0.00  0.00  0.00  0.00  0.00  0.00
ARG+B0190_  1.00  1.00  1.00  1.00  1.00  1.00  1.00  1.00  1.00  1.00
ASP-B0191_ -1.00 -1.00 -1.00 -1.00 -1.00 -1.00 -1.00 -1.00 -1.00 -1.00
HIS+B0193_  0.00  0.00  0.00  0.00  0.00  0.00  0.00  0.00  0.00  0.00
HIS+B0194_  0.56  0.57  0.56  0.55  0.56  0.58  0.58  0.58  0.55  0.56
ASP-B0196_ -1.00 -1.00 -1.00 -1.00 -1.00 -1.00 -1.00 -1.00 -1.00 -1.00
TYR-B0197_ -0.00 -0.00 -0.00 -0.00 -0.00 -0.00 -0.00 -0.00 -0.00 -0.00
TYR-B0198_ -0.01 -0.00 -0.01 -0.00 -0.00 -0.00 -0.00 -0.00 -0.00 -0.01
LYS+B0199_  0.99  1.00  0.99  1.00  0.99  1.00  0.99  0.99  1.00  1.00
LYS+B0200_  1.00  1.00  1.00  1.00  1.00  1.00  1.00  1.00  1.00  1.00
ARG+B0205_  1.00  1.00  1.00  1.00  1.00  1.00  1.00  1.00  1.00  1.00
LYS+B0209_  1.00  1.00  1.00  1.00  1.00  1.00  1.00  1.00  1.00  1.00
GLU-B0214_ -1.00 -1.00 -1.00 -1.00 -1.00 -1.00 -1.00 -1.00 -1.00 -1.00
ASP-B0218_ -1.00 -1.00 -1.00 -1.00 -1.00 -1.00 -1.00 -1.00 -1.00 -1.00
ARG+B0219_  1.00  1.00  1.00  1.00  1.00  1.00  1.00  1.00  1.00  1.00
TYR-B0221_ -0.00 -0.00 -0.00 -0.00 -0.00 -0.00 -0.00 -0.00 -0.00 -0.00
HIS+B0223_  0.03  0.04  0.03  0.03  0.03  0.03  0.03  0.03  0.03  0.03
ASP-B0226_ -1.00 -1.00 -1.00 -1.00 -1.00 -1.00 -1.00 -1.00 -1.00 -1.00
GLU-B0236_ -0.78 -0.80 -0.79 -0.80 -0.77 -0.80 -0.80 -0.79 -0.79 -0.79
TYR-B0245_ -0.00 -0.00 -0.00 -0.00 -0.00 -0.00 -0.00 -0.00 -0.00 -0.00
GLU-B0251_ -1.00 -1.00 -1.00 -1.00 -1.00 -1.00 -1.00 -1.00 -1.00 -1.00
GLU-B0252_ -1.00 -1.00 -1.00 -1.00 -1.00 -1.00 -1.00 -1.00 -1.00 -1.00
LYS+B0255_  1.00  1.00  1.00  1.00  1.00  1.00  1.00  1.00  1.00  1.00
LYS+B0258_  1.00  1.00  1.00  1.00  1.00  1.00  1.00  1.00  1.00  1.00
GLU-B0259_ -1.00 -1.00 -1.00 -1.00 -1.00 -1.00 -1.00 -1.00 -1.00 -1.00
HIS+B0261_  0.00  0.00  0.00  0.00  0.00  0.00  0.00  0.00  0.00  0.00
ARG+B0262_  1.00  1.00  1.00  1.00  1.00  1.00  1.00  1.00  1.00  1.00
ASP-B0264_ -1.00 -1.00 -1.00 -1.00 -1.00 -1.00 -1.00 -1.00 -1.00 -1.00
LYS+B0265_  1.00  1.00  1.00  1.00  1.00  1.00  1.00  1.00  1.00  1.00
CYS-B0269_ -0.00 -0.00 -0.00 -0.00 -0.00 -0.00 -0.00 -0.00 -0.00 -0.00
GLU-B0272_ -1.00 -1.00 -1.00 -1.00 -1.00 -1.00 -1.00 -1.00 -1.00 -1.00
TYR-B0274_ -0.00 -0.00 -0.00 -0.00 -0.00 -0.00 -0.00 -0.00 -0.00 -0.00
ARG+B0278_  1.00  1.00  1.00  1.00  1.00  1.00  1.00  1.00  1.00  1.00
ASP-B0279_ -0.64 -0.62 -0.64 -0.63 -0.64 -0.61 -0.63 -0.65 -0.61 -0.64
CYS-B0280_ -0.00 -0.00 -0.00 -0.00 -0.00 -0.00 -0.00 -0.00 -0.00 -0.00
HIS+B0282_  0.00  0.00  0.01  0.00  0.01  0.00  0.00  0.00  0.00  0.00
ARG+B0288_  1.00  1.00  1.00  1.00  1.00  1.00  1.00  1.00  1.00  1.00
LYS+B0292_  1.00  1.00  1.00  1.00  1.00  1.00  1.00  1.00  1.00  1.00
GLU-B0296_ -1.00 -1.00 -1.00 -1.00 -1.00 -1.00 -1.00 -1.00 -1.00 -1.00
ASP-B0297_ -0.99 -0.99 -0.99 -0.99 -0.99 -0.99 -0.99 -1.00 -0.99 -0.99
ASP-B0299_ -1.00 -1.00 -1.00 -1.00 -1.00 -1.00 -1.00 -1.00 -1.00 -1.00
ARG+B0300_  1.00  1.00  1.00  1.00  1.00  1.00  1.00  1.00  1.00  1.00
GLU-B0309_ -1.00 -1.00 -1.00 -1.00 -1.00 -1.00 -1.00 -1.00 -1.00 -1.00
CTR-B0309_ -1.00 -1.00 -1.00 -1.00 -1.00 -1.00 -1.00 -1.00 -1.00 -1.00
0LI+C0007_  0.00  0.00  0.00  0.00  0.00  0.00  0.00  0.00  0.00  0.00
SO4-C0009_  0.00  0.00  0.00  0.00  0.00  0.00  0.00  0.00  0.00  0.00
0LI+D0006_  0.00  0.00  0.00  0.00  0.00  0.00  0.00  0.00  0.00  0.00
SO4-D0007_  0.00  0.00  0.00  0.00  0.00  0.00  0.00  0.00  0.00  0.00
----------
Net_Charge -6.11 -6.08 -6.10 -6.10 -7.09 -6.05 -6.09 -6.10 -6.10 -6.07
Protons    -6.11 -6.08 -6.10 -6.10 -7.09 -6.05 -6.09 -6.10 -6.10 -6.07
Electrons   0.00  0.00  0.00  0.00  0.00  0.00  0.00  0.00  0.00  0.00
