  pH           7
ARG+A0002_  1.00
ASP-A0004_ -1.00
ARG+A0007_  1.00
ARG+A0009_  1.00
ARG+A0011_  1.00
LYS+A0013_  1.00
GLU-A0014_ -1.00
LYS+A0015_  1.00
GLU-A0018_ -1.00
GLU-A0023_ -1.00
HIS+A0025_  0.03
CYS-A0027_ -0.00
GLU-A0028_ -1.00
ASP-A0030_ -1.00
ASP-A0034_ -1.00
ASP-A0039_ -1.00
ARG+A0045_  1.00
LYS+A0046_  1.00
HIS+A0048_  0.25
LYS+A0055_  1.00
ARG+A0058_  1.00
ASP-A0060_ -1.00
LYS+A0063_  1.00
ARG+A0066_  1.00
ASP-A0068_ -1.00
LYS+A0071_  1.00
GLU-A0072_ -1.00
LYS+A0074_  1.00
ARG+A0078_  1.00
LYS+A0080_  1.00
ASP-A0081_ -0.98
ARG+A0086_  1.00
CYS-A0091_ -0.00
ASP-A0094_ -1.00
ASP-A0095_ -1.00
CYS-A0098_ -0.00
ASP-A0102_ -1.00
TYR-A0103_ -0.00
GLU-A0105_ -1.00
ASP-A0108_ -0.99
HIS+A0116_  0.02
GLU-A0119_ -1.00
ASP-A0120_ -1.00
LYS+A0121_  1.00
GLU-A0124_ -1.00
ASP-A0129_ -1.00
TYR-A0140_ -0.00
HIS+A0145_  0.17
ARG+A0155_  1.00
TYR-A0156_ -0.00
HIS+A0164_  0.00
ARG+A0165_  1.00
ASP-A0166_ -0.98
ARG+A0170_  1.00
CYS-A0172_ -0.00
GLU-A0176_ -1.00
LYS+A0181_  1.00
ASP-A0184_ -0.98
ARG+A0189_  1.00
TYR-A0192_ -0.00
ASP-A0195_ -1.00
TYR-A0196_ -0.00
TYR-A0197_ -0.00
ARG+A0198_  1.00
ARG+A0202_  1.00
ARG+A0208_  1.00
GLU-A0213_ -1.00
CYS-A0214_ -0.00
LYS+A0219_  1.00
ASP-A0225_ -1.00
GLU-A0235_ -1.00
CYS-A0240_ -0.00
ARG+A0241_  1.00
ASP-A0250_ -1.00
GLU-A0251_ -1.00
GLU-A0255_ -1.00
GLU-A0259_ -1.00
ARG+A0262_  1.00
ASP-A0263_ -1.00
ARG+A0266_  1.00
TYR-A0269_ -0.00
ARG+A0272_  1.00
CYS-A0276_ -0.00
TYR-A0281_ -0.00
GLU-A0282_ -1.00
ARG+A0286_  1.00
CYS-A0287_ -0.00
ARG+A0290_  1.00
GLU-A0291_ -1.00
GLU-A0293_ -1.00
ARG+A0295_  1.00
HIS+A0302_  0.03
ARG+A0303_  1.00
GLU-A0307_ -1.00
ASP-A0308_ -1.00
0LI+B0001_  0.00
----------
Net_Charge -2.43
Protons    -2.43
Electrons   0.00
