VDW_RAD  AXI01  O81   1.66
VDW_EPS  AXI01  O81   0.21
VDW_RAD  AXI01  C80   1.91
VDW_EPS  AXI01  C80   0.11
VDW_RAD  AXI01  N82   1.82
VDW_EPS  AXI01  N82   0.17
VDW_RAD  AXI01  C88   1.91
VDW_EPS  AXI01  C88   0.11
VDW_RAD  AXI01  C23   1.91
VDW_EPS  AXI01  C23   0.11
VDW_RAD  AXI01  C22   1.91
VDW_EPS  AXI01  C22   0.11
VDW_RAD  AXI01  C21   1.91
VDW_EPS  AXI01  C21   0.11
VDW_RAD  AXI01  C20   1.91
VDW_EPS  AXI01  C20   0.11
VDW_RAD  AXI01  C18   1.91
VDW_EPS  AXI01  C18   0.11
VDW_RAD  AXI01  C19   1.91
VDW_EPS  AXI01  C19   0.11
VDW_RAD  AXI01  S24   2.00
VDW_EPS  AXI01  S24   0.25
VDW_RAD  AXI01  C07   1.91
VDW_EPS  AXI01  C07   0.11
VDW_RAD  AXI01  C08   1.91
VDW_EPS  AXI01  C08   0.11
VDW_RAD  AXI01  C09   1.91
VDW_EPS  AXI01  C09   0.11
VDW_RAD  AXI01  C12   1.91
VDW_EPS  AXI01  C12   0.11
VDW_RAD  AXI01  C11   1.91
VDW_EPS  AXI01  C11   0.11
VDW_RAD  AXI01  N15   1.82
VDW_EPS  AXI01  N15   0.17
VDW_RAD  AXI01  N14   1.82
VDW_EPS  AXI01  N14   0.17
VDW_RAD  AXI01  C13   1.91
VDW_EPS  AXI01  C13   0.11
VDW_RAD  AXI01  C10   1.91
VDW_EPS  AXI01  C10   0.11
VDW_RAD  AXI01  C16   1.91
VDW_EPS  AXI01  C16   0.11
VDW_RAD  AXI01  C17   1.91
VDW_EPS  AXI01  C17   0.11
VDW_RAD  AXI01  C02   1.91
VDW_EPS  AXI01  C02   0.11
VDW_RAD  AXI01  N03   1.82
VDW_EPS  AXI01  N03   0.17
VDW_RAD  AXI01  C04   1.91
VDW_EPS  AXI01  C04   0.11
VDW_RAD  AXI01  C05   1.91
VDW_EPS  AXI01  C05   0.11
VDW_RAD  AXI01  C06   1.91
VDW_EPS  AXI01  C06   0.11
VDW_RAD  AXI01  C01   1.91
VDW_EPS  AXI01  C01   0.11
VDW_RAD  AXI01  H82   1.49
VDW_EPS  AXI01  H82   0.02
VDW_RAD  AXI01 H881   1.91
VDW_EPS  AXI01 H881   0.11
VDW_RAD  AXI01 H882   1.91
VDW_EPS  AXI01 H882   0.11
VDW_RAD  AXI01 H883   1.91
VDW_EPS  AXI01 H883   0.11
VDW_RAD  AXI01  H22   1.49
VDW_EPS  AXI01  H22   0.02
VDW_RAD  AXI01  H21   1.49
VDW_EPS  AXI01  H21   0.02
VDW_RAD  AXI01  H20   1.49
VDW_EPS  AXI01  H20   0.02
VDW_RAD  AXI01  H19   1.49
VDW_EPS  AXI01  H19   0.02
VDW_RAD  AXI01  H08   1.49
VDW_EPS  AXI01  H08   0.02
VDW_RAD  AXI01  H12   1.49
VDW_EPS  AXI01  H12   0.02
VDW_RAD  AXI01  H09   1.49
VDW_EPS  AXI01  H09   0.02
VDW_RAD  AXI01  H16   1.49
VDW_EPS  AXI01  H16   0.02
VDW_RAD  AXI01  H17   1.49
VDW_EPS  AXI01  H17   0.02
VDW_RAD  AXI01  H01   1.49
VDW_EPS  AXI01  H01   0.02
VDW_RAD  AXI01  H04   1.49
VDW_EPS  AXI01  H04   0.02
VDW_RAD  AXI01  H05   1.49
VDW_EPS  AXI01  H05   0.02
VDW_RAD  AXI01  H06   1.49
VDW_EPS  AXI01  H06   0.02
VDW_RAD  AXI01  H46   1.49
VDW_EPS  AXI01  H46   0.02
VDW_RAD  AXI02  O81   1.66
VDW_EPS  AXI02  O81   0.21
VDW_RAD  AXI02  C80   1.91
VDW_EPS  AXI02  C80   0.11
VDW_RAD  AXI02  N82   1.82
VDW_EPS  AXI02  N82   0.17
VDW_RAD  AXI02  C88   1.91
VDW_EPS  AXI02  C88   0.11
VDW_RAD  AXI02  C23   1.91
VDW_EPS  AXI02  C23   0.11
VDW_RAD  AXI02  C22   1.91
VDW_EPS  AXI02  C22   0.11
VDW_RAD  AXI02  C21   1.91
VDW_EPS  AXI02  C21   0.11
VDW_RAD  AXI02  C20   1.91
VDW_EPS  AXI02  C20   0.11
VDW_RAD  AXI02  C18   1.91
VDW_EPS  AXI02  C18   0.11
VDW_RAD  AXI02  C19   1.91
VDW_EPS  AXI02  C19   0.11
VDW_RAD  AXI02  S24   2.00
VDW_EPS  AXI02  S24   0.25
VDW_RAD  AXI02  C07   1.91
VDW_EPS  AXI02  C07   0.11
VDW_RAD  AXI02  C08   1.91
VDW_EPS  AXI02  C08   0.11
VDW_RAD  AXI02  C09   1.91
VDW_EPS  AXI02  C09   0.11
VDW_RAD  AXI02  C12   1.91
VDW_EPS  AXI02  C12   0.11
VDW_RAD  AXI02  C11   1.91
VDW_EPS  AXI02  C11   0.11
VDW_RAD  AXI02  N15   1.82
VDW_EPS  AXI02  N15   0.17
VDW_RAD  AXI02  N14   1.82
VDW_EPS  AXI02  N14   0.17
VDW_RAD  AXI02  C13   1.91
VDW_EPS  AXI02  C13   0.11
VDW_RAD  AXI02  C10   1.91
VDW_EPS  AXI02  C10   0.11
VDW_RAD  AXI02  C16   1.91
VDW_EPS  AXI02  C16   0.11
VDW_RAD  AXI02  C17   1.91
VDW_EPS  AXI02  C17   0.11
VDW_RAD  AXI02  C02   1.91
VDW_EPS  AXI02  C02   0.11
VDW_RAD  AXI02  N03   1.82
VDW_EPS  AXI02  N03   0.17
VDW_RAD  AXI02  C04   1.91
VDW_EPS  AXI02  C04   0.11
VDW_RAD  AXI02  C05   1.91
VDW_EPS  AXI02  C05   0.11
VDW_RAD  AXI02  C06   1.91
VDW_EPS  AXI02  C06   0.11
VDW_RAD  AXI02  C01   1.91
VDW_EPS  AXI02  C01   0.11
VDW_RAD  AXI02  H82   1.49
VDW_EPS  AXI02  H82   0.02
VDW_RAD  AXI02 H881   1.91
VDW_EPS  AXI02 H881   0.11
VDW_RAD  AXI02 H882   1.91
VDW_EPS  AXI02 H882   0.11
VDW_RAD  AXI02 H883   1.91
VDW_EPS  AXI02 H883   0.11
VDW_RAD  AXI02  H22   1.49
VDW_EPS  AXI02  H22   0.02
VDW_RAD  AXI02  H21   1.49
VDW_EPS  AXI02  H21   0.02
VDW_RAD  AXI02  H20   1.49
VDW_EPS  AXI02  H20   0.02
VDW_RAD  AXI02  H19   1.49
VDW_EPS  AXI02  H19   0.02
VDW_RAD  AXI02  H08   1.49
VDW_EPS  AXI02  H08   0.02
VDW_RAD  AXI02  H12   1.49
VDW_EPS  AXI02  H12   0.02
VDW_RAD  AXI02  H09   1.49
VDW_EPS  AXI02  H09   0.02
VDW_RAD  AXI02  H14   1.49
VDW_EPS  AXI02  H14   0.02
VDW_RAD  AXI02  H16   1.49
VDW_EPS  AXI02  H16   0.02
VDW_RAD  AXI02  H17   1.49
VDW_EPS  AXI02  H17   0.02
VDW_RAD  AXI02  H01   1.49
VDW_EPS  AXI02  H01   0.02
VDW_RAD  AXI02  H04   1.49
VDW_EPS  AXI02  H04   0.02
VDW_RAD  AXI02  H05   1.49
VDW_EPS  AXI02  H05   0.02
VDW_RAD  AXI02  H06   1.49
VDW_EPS  AXI02  H06   0.02
VDW_RAD  AXI11  O81   1.66
VDW_EPS  AXI11  O81   0.21
VDW_RAD  AXI11  C80   1.91
VDW_EPS  AXI11  C80   0.11
VDW_RAD  AXI11  N82   1.82
VDW_EPS  AXI11  N82   0.17
VDW_RAD  AXI11  C88   1.91
VDW_EPS  AXI11  C88   0.11
VDW_RAD  AXI11  C23   1.91
VDW_EPS  AXI11  C23   0.11
VDW_RAD  AXI11  C22   1.91
VDW_EPS  AXI11  C22   0.11
VDW_RAD  AXI11  C21   1.91
VDW_EPS  AXI11  C21   0.11
VDW_RAD  AXI11  C20   1.91
VDW_EPS  AXI11  C20   0.11
VDW_RAD  AXI11  C18   1.91
VDW_EPS  AXI11  C18   0.11
VDW_RAD  AXI11  C19   1.91
VDW_EPS  AXI11  C19   0.11
VDW_RAD  AXI11  S24   2.00
VDW_EPS  AXI11  S24   0.25
VDW_RAD  AXI11  C07   1.91
VDW_EPS  AXI11  C07   0.11
VDW_RAD  AXI11  C08   1.91
VDW_EPS  AXI11  C08   0.11
VDW_RAD  AXI11  C09   1.91
VDW_EPS  AXI11  C09   0.11
VDW_RAD  AXI11  C12   1.91
VDW_EPS  AXI11  C12   0.11
VDW_RAD  AXI11  C11   1.91
VDW_EPS  AXI11  C11   0.11
VDW_RAD  AXI11  N15   1.82
VDW_EPS  AXI11  N15   0.17
VDW_RAD  AXI11  N14   1.82
VDW_EPS  AXI11  N14   0.17
VDW_RAD  AXI11  C13   1.91
VDW_EPS  AXI11  C13   0.11
VDW_RAD  AXI11  C10   1.91
VDW_EPS  AXI11  C10   0.11
VDW_RAD  AXI11  C16   1.91
VDW_EPS  AXI11  C16   0.11
VDW_RAD  AXI11  C17   1.91
VDW_EPS  AXI11  C17   0.11
VDW_RAD  AXI11  C02   1.91
VDW_EPS  AXI11  C02   0.11
VDW_RAD  AXI11  N03   1.82
VDW_EPS  AXI11  N03   0.17
VDW_RAD  AXI11  C04   1.91
VDW_EPS  AXI11  C04   0.11
VDW_RAD  AXI11  C05   1.91
VDW_EPS  AXI11  C05   0.11
VDW_RAD  AXI11  C06   1.91
VDW_EPS  AXI11  C06   0.11
VDW_RAD  AXI11  C01   1.91
VDW_EPS  AXI11  C01   0.11
VDW_RAD  AXI11  H82   1.49
VDW_EPS  AXI11  H82   0.02
VDW_RAD  AXI11 H881   1.91
VDW_EPS  AXI11 H881   0.11
VDW_RAD  AXI11 H882   1.91
VDW_EPS  AXI11 H882   0.11
VDW_RAD  AXI11 H883   1.91
VDW_EPS  AXI11 H883   0.11
VDW_RAD  AXI11  H22   1.49
VDW_EPS  AXI11  H22   0.02
VDW_RAD  AXI11  H21   1.49
VDW_EPS  AXI11  H21   0.02
VDW_RAD  AXI11  H20   1.49
VDW_EPS  AXI11  H20   0.02
VDW_RAD  AXI11  H19   1.49
VDW_EPS  AXI11  H19   0.02
VDW_RAD  AXI11  H08   1.49
VDW_EPS  AXI11  H08   0.02
VDW_RAD  AXI11  H12   1.49
VDW_EPS  AXI11  H12   0.02
VDW_RAD  AXI11  H09   1.49
VDW_EPS  AXI11  H09   0.02
VDW_RAD  AXI11  H16   1.49
VDW_EPS  AXI11  H16   0.02
VDW_RAD  AXI11  H17   1.49
VDW_EPS  AXI11  H17   0.02
VDW_RAD  AXI11  H01   1.49
VDW_EPS  AXI11  H01   0.02
VDW_RAD  AXI11  H04   1.49
VDW_EPS  AXI11  H04   0.02
VDW_RAD  AXI11  H05   1.49
VDW_EPS  AXI11  H05   0.02
VDW_RAD  AXI11  H06   1.49
VDW_EPS  AXI11  H06   0.02
VDW_RAD  AXI11  H46   1.49
VDW_EPS  AXI11  H46   0.02
VDW_RAD  AXI11  H47   1.49
VDW_EPS  AXI11  H47   0.02
   Error! get_connect12(): connectivity of atom " N   HIS A0001" is not complete:

          get_connect12(): atom  C   of residue i-1 is not found 

   Error! get_connect12(): connectivity of atom " C   TYR A0123" is not complete:

          get_connect12(): atom  N   of residue i+1 is not found 

   Error! get_connect12(): connectivity of atom " N   TYR A0124" is not complete:

          get_connect12(): atom  C   of residue i-1 is not found 

   Error! get_connect12(): connectivity of atom " C   ALA A0296" is not complete:

          get_connect12(): atom  N   of residue i+1 is not found 

