iConf CONFORMER     FL  occ    crg   Em0  pKa0 ne nH    vdw0    vdw1    tors    epol   dsolv   extra    history
00001 HIS01A0001_001 f 0.00  0.000     0  0.00  0  0  -9.703   0.909   0.234   0.091   0.307   0.000 01O000M000t
00002 HIS01A0001_002 f 0.00  0.000     0  0.00  0  0  -9.892   1.203   0.234   0.268   0.149   0.000 01R001M000t
00003 HIS02A0001_003 f 0.00  0.000     0  0.00  0  0  -9.720   0.844   0.234   0.328   0.243   0.000 02O000M000t
00004 HIS02A0001_004 f 0.00  0.000     0  0.00  0  0  -9.905   1.196   0.234   0.228   0.216   0.000 02R001M000t
00005 HIS+1A0001_005 f 0.00  1.000     0  6.98  0  1  -9.746   0.842   0.234   0.689  -0.200   0.000 +1O000M000t
00006 HIS+1A0001_006 f 0.00  1.000     0  6.98  0  1  -9.932   1.192   0.234   0.622  -0.671   0.000 +1R001M000t
00007 CYS01A0002_001 f 0.00  0.000     0  0.00  0  0  -1.812  -2.221   0.001  -0.190   0.324   0.000 01O000M000t
00008 CYS01A0002_002 f 0.00  0.000     0  0.00  0  0  -1.812  -2.233   0.001  -0.108   0.050   0.000 01O000M000t
00009 CYS01A0002_003 f 0.00  0.000     0  0.00  0  0  -1.813  -2.216   0.001  -0.207   0.208   0.000 01O000M000t
00010 CYS-1A0002_004 f 0.00 -1.000     0  9.10  0 -1  -1.811  -2.185   0.001  -1.367   2.570   0.000 -1O000M000t
00011 GLU01A0003_001 f 0.00  0.000     0  0.00  0  0   0.357  -0.955   4.176   1.550   0.431   0.000 01O000M000t
00012 GLU01A0003_002 f 0.00  0.000     0  0.00  0  0   0.357  -0.955   1.456  -0.287   0.871   0.000 01O000M000t
00013 GLU02A0003_003 f 0.00  0.000     0  0.00  0  0  -0.345  -1.478   4.176  -0.837  -0.321   0.000 02O000M000t
00014 GLU02A0003_004 f 0.00  0.000     0  0.00  0  0  -0.345  -1.478   1.456  -0.808   0.910   0.000 02O000M000t
00015 GLU-1A0003_005 f 0.00 -1.000     0  4.75  0 -1  -0.308  -1.432   1.456  -2.208   1.061   0.000 -1O000M000t
00016 ARG01A0004_001 f 0.00  0.000     0  0.00  0  0  -8.271  -1.481   2.430  -0.574   0.576   0.000 01O000M000t
00017 ARG02A0004_002 f 0.00  0.000     0  0.00  0  0  -8.284  -1.465   2.430  -0.588   1.852   0.000 02O000M000t
00018 ARG03A0004_003 f 0.00  0.000     0  0.00  0  0  -8.293  -1.483   2.430  -0.577   1.732   0.000 03O000M000t
00019 ARG+1A0004_004 f 0.00  1.000     0 12.50  0  1  -8.332  -1.486   2.430  -0.952   0.731   0.000 +1O000M000t
00020 LEU01A0005_001 f 0.00  0.000     0  0.00  0  0   0.666   2.473   2.703   0.000   0.000   0.000 01O000M000t
00021 PRO01A0006_001 f 0.00  0.000     0  0.00  0  0  -5.191  -0.623   0.000   0.000   0.000   0.000 01O000M000t
00022 TYR01A0007_001 f 0.00  0.000     0  0.00  0  0   2.382  -8.093   0.012  -0.244   2.528   0.000 01O000M000t
00023 TYR01A0007_002 f 0.00  0.000     0  0.00  0  0   2.382  -8.093   0.012  -0.350   2.453   0.000 01O000M000t
00024 TYR-1A0007_003 f 0.00 -1.000     0 10.20  0 -1   2.382  -8.093   0.012  -3.848  11.737   0.000 -1O000M000t
00025 ASP01A0008_001 f 0.00  0.000     0  0.00  0  0  -2.574   0.589   2.771   2.050   0.353   0.000 01O000M000t
00026 ASP01A0008_002 f 0.00  0.000     0  0.00  0  0  -2.574   0.589   0.051   0.186   0.980   0.000 01O000M000t
00027 ASP02A0008_003 f 0.00  0.000     0  0.00  0  0  -2.545  -0.199   2.771  -0.530   0.109   0.000 02O000M000t
00028 ASP02A0008_004 f 0.00  0.000     0  0.00  0  0  -2.545  -0.199   0.051  -0.505   1.365   0.000 02O000M000t
00029 ASP-1A0008_005 f 0.00 -1.000     0  4.75  0 -1  -2.423  -0.132   0.051  -2.483   2.023   0.000 -1O000M000t
00030 ALA01A0009_001 f 0.00  0.000     0  0.00  0  0  -2.933  -0.785   0.000   0.000   0.000   0.000 01O000M000t
00031 SER01A0010_001 f 0.00  0.000     0  0.00  0  0  -4.471  -0.941   0.402   0.278   0.544   0.000 01O000M000t
00032 SER01A0010_002 f 0.00  0.000     0  0.00  0  0  -4.471  -0.941   0.402   0.067   0.360   0.000 01O000M000t
00033 SER01A0010_003 f 0.00  0.000     0  0.00  0  0  -4.471  -0.941   0.027  -0.989  -0.052   0.000 01O000M000t
00034 LYS01A0011_001 f 0.00  0.000     0  0.00  0  0  -6.588  -1.743   0.880  -0.012  -0.076   0.000 01O000M000t
00035 LYS+1A0011_002 f 0.00  1.000     0 10.40  0  1  -6.633  -1.746   0.880  -0.307   0.046   0.000 +1O000M000t
00036 TRP01A0012_001 f 0.00  0.000     0  0.00  0  0   1.517  -8.992   0.058   0.000   0.000   0.000 01O000M000t
00037 GLU01A0013_001 f 0.00  0.000     0  0.00  0  0   1.508  -4.581   3.661  -1.585   2.028   0.000 01O000M000t
00038 GLU01A0013_002 f 0.00  0.000     0  0.00  0  0   1.508  -4.581   0.941  -0.634   2.347   0.000 01O000M000t
00039 GLU02A0013_003 f 0.00  0.000     0  0.00  0  0   1.109  -3.605   3.661  -1.687   1.352   0.000 02O000M000t
00040 GLU02A0013_004 f 0.00  0.000     0  0.00  0  0   1.109 995.395   0.941   5.381   2.716   0.000 02O000M000t
00041 GLU-1A0013_005 f 0.00 -1.000     0  4.75  0 -1   1.039  -4.488   0.941  -5.684   7.166   0.000 -1O000M000t
00042 PHE01A0014_001 f 0.00  0.000     0  0.00  0  0   3.408 -10.610   0.104   0.000   0.000   0.000 01O000M000t
00043 PRO01A0015_001 f 0.00  0.000     0  0.00  0  0  -2.318   1.136   0.000   0.000   0.000   0.000 01O000M000t
00044 ARG01A0016_001 f 0.00  0.000     0  0.00  0  0  -1.505  -3.753   1.898  -2.872   2.515   0.000 01O000M000t
00045 ARG02A0016_002 f 0.00  0.000     0  0.00  0  0  -1.555  -3.574   1.898  -1.978   3.630   0.000 02O000M000t
00046 ARG03A0016_003 f 0.00  0.000     0  0.00  0  0  -1.560  -5.413   1.898  -0.736   3.594   0.000 03O000M000t
00047 ARG03A0016_004 f 0.00  0.000     0  0.00  0  0  -1.554  -3.717   1.898  -2.850   3.321   0.000 03O000M000t
00048 ARG+1A0016_005 f 0.00  1.000     0 12.50  0  1  -1.599  -3.780   1.898  -3.212   3.991   0.000 +1O000M000t
00049 ASP01A0017_001 f 0.00  0.000     0  0.00  0  0  -2.787  -1.204   4.146   1.947   0.414   0.000 01O000M000t
00050 ASP01A0017_002 f 0.00  0.000     0  0.00  0  0  -2.787  -1.204   1.426   0.293   1.286   0.000 01O000M000t
00051 ASP02A0017_003 f 0.00  0.000     0  0.00  0  0  -2.696  -1.475   4.146  -0.281   0.101   0.000 02O000M000t
00052 ASP02A0017_004 f 0.00  0.000     0  0.00  0  0  -2.696  -1.475   1.426  -0.216   1.527   0.000 02O000M000t
00053 ASP-1A0017_005 f 0.00 -1.000     0  4.75  0 -1  -2.688  -1.430   1.426  -1.954   2.300   0.000 -1O000M000t
00054 ARG01A0018_001 f 0.00  0.000     0  0.00  0  0  -4.071  -3.518   3.541   0.012   0.548   0.000 01O000M000t
00055 ARG02A0018_002 f 0.00  0.000     0  0.00  0  0  -3.973  -3.516   3.541  -0.203   1.333   0.000 02O000M000t
00056 ARG03A0018_003 f 0.00  0.000     0  0.00  0  0  -4.087  -3.525   3.541  -0.054   1.425   0.000 03O000M000t
00057 ARG+1A0018_004 f 0.00  1.000     0 12.50  0  1  -4.129  -3.529   3.541  -0.081   0.724   0.000 +1O000M000t
00058 LEU01A0019_001 f 0.00  0.000     0  0.00  0  0   1.720  -5.297   1.460   0.000   0.000   0.000 01O000M000t
00059 LYS01A0020_001 f 0.00  0.000     0  0.00  0  0  -6.323  -1.752   2.451  -0.114   0.253   0.000 01O000M000t
00060 LYS+1A0020_002 f 0.00  1.000     0 10.40  0  1  -6.376  -1.800   2.451   0.151   0.804   0.000 +1O000M000t
00061 LEU01A0021_001 f 0.00  0.000     0  0.00  0  0  -2.297  -2.070   0.885   0.000   0.000   0.000 01O000M000t
00062 LYS01A0023_001 f 0.00  0.000     0  0.00  0  0  -8.146  -1.167   3.729  -0.013  -0.129   0.000 01O000M000t
00063 LYS+1A0023_002 f 0.00  1.000     0 10.40  0  1  -8.195  -1.169   3.729   0.033  -0.236   0.000 +1O000M000t
00064 PRO01A0024_001 f 0.00  0.000     0  0.00  0  0  -3.237  -0.492   0.000   0.000   0.000   0.000 01O000M000t
00065 LEU01A0025_001 f 0.00  0.000     0  0.00  0  0   1.048  -6.316   0.451   0.000   0.000   0.000 01O000M000t
00066 ARG01A0027_001 f 0.00  0.000     0  0.00  0  0  -5.282  -3.893   3.942   0.091   1.671   0.000 01O000M000t
00067 ARG02A0027_002 f 0.00  0.000     0  0.00  0  0  -5.325  -3.912   3.942   0.069   2.434   0.000 02O000M000t
00068 ARG03A0027_003 f 0.00  0.000     0  0.00  0  0  -5.330  -3.908   3.942   0.039   2.301   0.000 03O000M000t
00069 ARG+1A0027_004 f 0.00  1.000     0 12.50  0  1  -5.368  -3.914   3.942  -0.028   3.388   0.000 +1O000M000t
00070 ALA01A0029_001 f 0.00  0.000     0  0.00  0  0  -1.201  -0.609   0.000   0.000   0.000   0.000 01O000M000t
00071 PHE01A0030_001 f 0.00  0.000     0  0.00  0  0  -1.529  -5.165   0.209   0.000   0.000   0.000 01O000M000t
00072 GLN01A0032_001 f 0.00  0.000     0  0.00  0  0  -0.062  -5.128   0.709  -0.765   1.530   0.000 01O000M000t
00073 GLN01A0032_002 f 0.00  0.000     0  0.00  0  0   0.425  -5.107   0.716   0.400   1.302   0.000 01R001M000t
00074 VAL01A0033_001 f 0.00  0.000     0  0.00  0  0   0.666  -4.474   0.064   0.000   0.000   0.000 01O000M000t
00075 ILE01A0034_001 f 0.00  0.000     0  0.00  0  0   1.436  -4.344   0.818   0.000   0.000   0.000 01O000M000t
00076 GLU01A0035_001 f 0.00  0.000     0  0.00  0  0  -0.131  -3.717   3.348   0.301   0.886   0.000 01O000M000t
00077 GLU01A0035_002 f 0.00  0.000     0  0.00  0  0  -0.131  -3.717   0.628   0.074   0.827   0.000 01O000M000t
00078 GLU02A0035_003 f 0.00  0.000     0  0.00  0  0  -0.452  -3.710   3.348   0.239  -0.139   0.000 02O000M000t
00079 GLU02A0035_004 f 0.00  0.000     0  0.00  0  0  -0.452  -3.710   0.628   0.099   0.949   0.000 02O000M000t
00080 GLU-1A0035_005 f 0.00 -1.000     0  4.75  0 -1  -0.417  -3.672   0.628  -0.401   1.709   0.000 -1O000M000t
00081 ALA01A0036_001 f 0.00  0.000     0  0.00  0  0   0.000  -2.568   0.000   0.000   0.000   0.000 01O000M000t
00082 ASP01A0037_001 f 0.00  0.000     0  0.00  0  0  -1.973  -2.375   3.118   0.289   0.905   0.000 01O000M000t
00083 ASP01A0037_002 f 0.00  0.000     0  0.00  0  0  -1.973  -2.375   0.398   0.278   0.768   0.000 01O000M000t
00084 ASP02A0037_003 f 0.00  0.000     0  0.00  0  0  -1.893  -2.713   3.118   0.261  -0.396   0.000 02O000M000t
00085 ASP02A0037_004 f 0.00  0.000     0  0.00  0  0  -1.893  -2.713   0.398   0.251   1.086   0.000 02O000M000t
00086 ASP-1A0037_005 f 0.00 -1.000     0  4.75  0 -1  -1.919  -2.660   0.398  -0.483   1.103   0.000 -1O000M000t
00087 ALA01A0038_001 f 0.00  0.000     0  0.00  0  0   0.000  -1.790   0.000   0.000   0.000   0.000 01O000M000t
00088 PHE01A0039_001 f 0.00  0.000     0  0.00  0  0  -2.813  -5.971   0.222   0.000   0.000   0.000 01O000M000t
00089 ILE01A0041_001 f 0.00  0.000     0  0.00  0  0   1.283  -3.922   0.977   0.000   0.000   0.000 01O000M000t
00090 ASP01A0042_001 f 0.00  0.000     0  0.00  0  0  -1.141   0.122   2.755   3.250   1.713   0.000 01O000M000t
00091 ASP01A0042_002 f 0.00  0.000     0  0.00  0  0  -1.141   0.122   0.035  -0.194   1.333   0.000 01O000M000t
00092 ASP02A0042_003 f 0.00  0.000     0  0.00  0  0  -1.114  -0.608   2.755  -0.659   0.779   0.000 02O000M000t
00093 ASP02A0042_004 f 0.00  0.000     0  0.00  0  0  -1.114  -0.608   0.035  -0.590   2.177   0.000 02O000M000t
00094 ASP-1A0042_005 f 0.00 -1.000     0  4.75  0 -1  -1.133  -0.554   0.035  -3.013   5.205   0.000 -1O000M000t
00095 LYS01A0043_001 f 0.00  0.000     0  0.00  0  0  -8.026  -1.878   1.910  -0.003  -0.037   0.000 01O000M000t
00096 LYS+1A0043_002 f 0.00  1.000     0 10.40  0  1  -8.072  -1.880   1.910  -0.015  -0.310   0.000 +1O000M000t
00097 THR01A0044_001 f 0.00  0.000     0  0.00  0  0  -7.122  -0.407   0.409  -0.240  -0.328   0.000 01O000M000t
00098 THR01A0044_002 f 0.00  0.000     0  0.00  0  0  -7.122  -0.407   0.034  -0.327  -0.166   0.000 01O000M000t
00099 ALA01A0045_001 f 0.00  0.000     0  0.00  0  0  -3.174   1.018   0.000   0.000   0.000   0.000 01O000M000t
00100 THR01A0046_001 f 0.00  0.000     0  0.00  0  0  -2.570   1.114   3.175  -0.346   0.800   0.000 01O000M000t
00101 CYS01A0047_001 f 0.00  0.000     0  0.00  0  0  -3.337  -2.469   0.561   0.003   0.389   0.000 01O000M000t
00102 CYS01A0047_002 f 0.00  0.000     0  0.00  0  0  -3.337  -2.449   0.561  -0.191   0.250   0.000 01O000M000t
00103 CYS01A0047_003 f 0.00  0.000     0  0.00  0  0  -3.338  -2.395   0.561  -0.429   0.007   0.000 01O000M000t
00104 CYS-1A0047_004 f 0.00 -1.000     0  9.10  0 -1  -3.335  -2.376   0.561  -2.247   1.864   0.000 -1O000M000t
00105 ARG01A0048_001 f 0.00  0.000     0  0.00  0  0  -1.185  -3.721   3.770   0.118   1.816   0.000 01O000M000t
00106 ARG02A0048_002 f 0.00  0.000     0  0.00  0  0  -1.205  -3.623   3.770  -0.741   2.907   0.000 02O000M000t
00107 ARG03A0048_003 f 0.00  0.000     0  0.00  0  0  -1.212  -3.705   3.770  -0.041   2.492   0.000 03O000M000t
00108 ARG03A0048_004 f 0.00  0.000     0  0.00  0  0  -1.207  -3.723   3.770   0.175   2.747   0.000 03O000M000t
00109 ARG+1A0048_005 f 0.00  1.000     0 12.50  0  1  -1.251  -3.731   3.770   0.726   2.675   0.000 +1O000M000t
00110 THR01A0049_001 f 0.00  0.000     0  0.00  0  0  -1.929  -1.686   0.376  -0.140   0.587   0.000 01O000M000t
00111 THR01A0049_002 f 0.00  0.000     0  0.00  0  0  -1.929  -1.686   0.001  -0.278  -0.064   0.000 01O000M000t
00112 VAL01A0050_001 f 0.00  0.000     0  0.00  0  0   0.494  -4.132   0.035   0.000   0.000   0.000 01O000M000t
00113 ALA01A0051_001 f 0.00  0.000     0  0.00  0  0   0.000  -2.038   0.000   0.000   0.000   0.000 01O000M000t
00114 VAL01A0052_001 f 0.00  0.000     0  0.00  0  0   0.468  -3.019   2.800   0.000   0.000   0.000 01O000M000t
00115 LYS01A0053_001 f 0.00  0.000     0  0.00  0  0   0.767  -4.903   1.734  -0.004   1.196   0.000 01O000M000t
00116 LYS+1A0053_002 f 0.00  1.000     0 10.40  0  1   0.722  -4.316   1.734  -2.351   9.410   0.000 +1O000M000t
00117 MET01A0054_001 f 0.00  0.000     0  0.00  0  0  -0.835  -3.960   0.330   0.016   0.080   0.000 01O000M000t
00118 LEU01A0055_001 f 0.00  0.000     0  0.00  0  0   0.441  -2.664   0.443   0.000   0.000   0.000 01O000M000t
00119 LYS01A0056_001 f 0.00  0.000     0  0.00  0  0   1.339  -5.541   4.513  -0.306   0.736   0.000 01O000M000t
00120 LYS+1A0056_002 f 0.00  1.000     0 10.40  0  1   1.410  -5.505   4.513  -2.973   3.859   0.000 +1O000M000t
00121 GLU01A0057_001 f 0.00  0.000     0  0.00  0  0  -3.200  -1.461   3.068   0.411  -0.839   0.000 01O000M000t
00122 GLU01A0057_002 f 0.00  0.000     0  0.00  0  0  -3.200  -1.461   0.348   0.198   0.426   0.000 01O000M000t
00123 GLU02A0057_003 f 0.00  0.000     0  0.00  0  0  -3.442  -1.561   3.068   0.210  -0.527   0.000 02O000M000t
00124 GLU02A0057_004 f 0.00  0.000     0  0.00  0  0  -3.442  -1.561   0.348   0.185   0.630   0.000 02O000M000t
00125 GLU-1A0057_005 f 0.00 -1.000     0  4.75  0 -1  -3.404  -1.518   0.348  -0.456   0.119   0.000 -1O000M000t
00126 ALA01A0059_001 f 0.00  0.000     0  0.00  0  0  -0.361  -1.735   0.000   0.000   0.000   0.000 01O000M000t
00127 THR01A0060_001 f 0.00  0.000     0  0.00  0  0  -4.315  -0.257   0.419   0.071   1.178   0.000 01O000M000t
00128 THR01A0060_002 f 0.00  0.000     0  0.00  0  0  -4.315  -0.257   0.419   1.873   1.441   0.000 01O000M000t
00129 HIS01A0061_001 f 0.00  0.000     0  0.00  0  0  -6.430  -2.325   0.032   0.617   1.320   0.000 01O000M000t
00130 HIS01A0061_002 f 0.00  0.000     0  0.00  0  0  -7.041  -2.313   0.032   0.598   1.198   0.000 01R001M000t
00131 HIS02A0061_003 f 0.00  0.000     0  0.00  0  0  -6.446  -2.377   0.032   0.529   0.991   0.000 02O000M000t
00132 HIS02A0061_004 f 0.00  0.000     0  0.00  0  0  -7.055  -2.324   0.032   0.522   1.246   0.000 02R001M000t
00133 HIS+1A0061_005 f 0.00  1.000     0  6.98  0  1  -6.473  -2.384   0.032   1.041   0.749   0.000 +1O000M000t
00134 HIS+1A0061_006 f 0.00  1.000     0  6.98  0  1  -7.081  -2.336   0.032   1.001   1.078   0.000 +1R001M000t
00135 SER01A0062_001 f 0.00  0.000     0  0.00  0  0  -3.195  -0.997   0.522   0.450   0.759   0.000 01O000M000t
00136 SER01A0062_002 f 0.00  0.000     0  0.00  0  0  -3.195  -0.997   0.147  -1.319   0.197   0.000 01O000M000t
00137 GLU01A0063_001 f 0.00  0.000     0  0.00  0  0   0.646  -1.251   4.532   3.268   1.670   0.000 01O000M000t
00138 GLU01A0063_002 f 0.00  0.000     0  0.00  0  0   0.646  -1.251   1.811  -0.433   1.000   0.000 01O000M000t
00139 GLU02A0063_003 f 0.00  0.000     0  0.00  0  0   0.331  -2.356   4.531  -1.767   0.600   0.000 02O000M000t
00140 GLU02A0063_004 f 0.00  0.000     0  0.00  0  0   0.331  -2.356   1.812  -1.898   1.714   0.000 02O000M000t
00141 GLU-1A0063_005 f 0.00 -1.000     0  4.75  0 -1   0.247  -2.290   1.811  -5.054   4.200   0.000 -1O000M000t
00142 HIS01A0064_001 f 0.00  0.000     0  0.00  0  0  -3.375  -2.228   0.030   0.440   1.563   0.000 01O000M000t
00143 HIS01A0064_002 f 0.00  0.000     0  0.00  0  0  -2.981  -2.235   0.030   0.485   1.167   0.000 01R001M000t
00144 HIS02A0064_003 f 0.00  0.000     0  0.00  0  0  -3.393  -2.305   0.030   0.523   1.100   0.000 02O000M000t
00145 HIS02A0064_004 f 0.00  0.000     0  0.00  0  0  -2.994  -2.250   0.030   0.581   1.078   0.000 02R001M000t
00146 HIS+1A0064_005 f 0.00  1.000     0  6.98  0  1  -3.420  -2.328   0.030   1.286   2.200   0.000 +1O000M000t
00147 HIS+1A0064_006 f 0.00  1.000     0  6.98  0  1  -3.020  -2.262   0.030   1.255   1.635   0.000 +1R001M000t
00148 ARG01A0065_001 f 0.00  0.000     0  0.00  0  0  -5.589  -3.238   1.703  -0.077   0.961   0.000 01O000M000t
00149 ARG02A0065_002 f 0.00  0.000     0  0.00  0  0  -5.583  -3.280   1.703   0.032   1.402   0.000 02O000M000t
00150 ARG03A0065_003 f 0.00  0.000     0  0.00  0  0  -5.637  -3.277   1.703  -0.010   1.666   0.000 03O000M000t
00151 ARG+1A0065_004 f 0.00  1.000     0 12.50  0  1  -5.676  -3.286   1.703   0.480   1.008   0.000 +1O000M000t
00152 ALA01A0066_001 f 0.00  0.000     0  0.00  0  0  -2.643  -1.466   0.000   0.000   0.000   0.000 01O000M000t
00153 LEU01A0067_001 f 0.00  0.000     0  0.00  0  0   1.519  -6.492   0.523   0.000   0.000   0.000 01O000M000t
00154 MET01A0068_001 f 0.00  0.000     0  0.00  0  0  -2.523  -3.563   0.955   0.027   0.077   0.000 01O000M000t
00155 SER01A0069_001 f 0.00  0.000     0  0.00  0  0  -1.071  -2.167   0.790  -0.371   1.328   0.000 01O000M000t
00156 GLU01A0070_001 f 0.00  0.000     0  0.00  0  0   1.345  -3.077   3.228   0.215   1.316   0.000 01O000M000t
00157 GLU01A0070_002 f 0.00  0.000     0  0.00  0  0   1.345  -3.077   0.508   0.161   2.333   0.000 01O000M000t
00158 GLU02A0070_003 f 0.00  0.000     0  0.00  0  0   1.048  -3.062   3.228   0.052   1.778   0.000 02O000M000t
00159 GLU02A0070_004 f 0.00  0.000     0  0.00  0  0   1.048  -3.062   0.508  -0.138   1.850   0.000 02O000M000t
00160 GLU-1A0070_005 f 0.00 -1.000     0  4.75  0 -1   0.958  -3.005   0.508  -0.602   7.193   0.000 -1O000M000t
00161 LEU01A0071_001 f 0.00  0.000     0  0.00  0  0   1.664  -4.263   0.631   0.000   0.000   0.000 01O000M000t
00162 LYS01A0072_001 f 0.00  0.000     0  0.00  0  0  -1.186  -9.356   1.025  -0.087   0.435   0.000 01O000M000t
00163 LYS+1A0072_002 f 0.00  1.000     0 10.40  0  1  -1.231  -9.396   1.025  -1.328   2.526   0.000 +1O000M000t
00164 ILE01A0073_001 f 0.00  0.000     0  0.00  0  0  -1.769   6.346   1.818   0.000   0.000   0.000 01O000M000t
00165 LEU01A0074_001 f 0.00  0.000     0  0.00  0  0   1.258  -3.389   0.715   0.000   0.000   0.000 01O000M000t
00166 ILE01A0075_001 f 0.00  0.000     0  0.00  0  0   1.285  -3.120   0.468   0.000   0.000   0.000 01O000M000t
00167 HIS01A0076_001 f 0.00  0.000     0  0.00  0  0  -2.999  -3.052   0.420  -0.845   1.620   0.000 01O000M000t
00168 HIS02A0076_002 f 0.00  0.000     0  0.00  0  0  -3.018  -3.424   0.420   1.070   1.586   0.000 02O000M000t
00169 HIS+1A0076_003 f 0.00  1.000     0  6.98  0  1  -3.044  -3.087   0.420  -1.891   2.551   0.000 +1O000M000t
00170 ILE01A0077_001 f 0.00  0.000     0  0.00  0  0   0.874  -2.387   1.023   0.000   0.000   0.000 01O000M000t
00171 HIS01A0079_001 f 0.00  0.000     0  0.00  0  0  -8.615  -2.559   0.219   0.426   0.421   0.000 01O000M000t
00172 HIS01A0079_002 f 0.00  0.000     0  0.00  0  0  -8.698  -2.586   0.219   0.489   0.268   0.000 01R001M000t
00173 HIS02A0079_003 f 0.00  0.000     0  0.00  0  0  -8.634  -2.605   0.219   0.361   0.076   0.000 02O000M000t
00174 HIS02A0079_004 f 0.00  0.000     0  0.00  0  0  -8.711  -2.614   0.219   0.256   0.351   0.000 02R001M000t
00175 HIS+1A0079_005 f 0.00  1.000     0  6.98  0  1  -8.661  -2.609   0.219   0.533  -0.004   0.000 +1O000M000t
00176 HIS+1A0079_006 f 0.00  1.000     0  6.98  0  1  -8.737  -2.619   0.219   0.433  -0.119   0.000 +1R001M000t
00177 HIS01A0080_001 f 0.00  0.000     0  0.00  0  0  -2.056  -5.706   0.164  -2.058   2.547   0.000 01O000M000t
00178 HIS02A0080_002 f 0.00  0.000     0  0.00  0  0  -2.076  -5.798   0.164   3.095   2.197   0.000 02O000M000t
00179 HIS+1A0080_003 f 0.00  1.000     0  6.98  0  1  -2.102  -5.817   0.164   5.619   4.506   0.000 +1O000M000t
00180 LEU01A0081_001 f 0.00  0.000     0  0.00  0  0  -4.830  -0.761   0.538   0.000   0.000   0.000 01O000M000t
00181 ASN01A0082_001 f 0.00  0.000     0  0.00  0  0  -0.087  -5.092   0.738  -1.477   2.252   0.000 01O000M000t
00182 ASN01A0082_002 f 0.00  0.000     0  0.00  0  0   0.141  -5.705   0.713   1.211   2.680   0.000 01R001M000t
00183 VAL01A0083_001 f 0.00  0.000     0  0.00  0  0   0.457  -4.302   0.005   0.000   0.000   0.000 01O000M000t
00184 VAL01A0084_001 f 0.00  0.000     0  0.00  0  0   0.518  -1.475   1.059   0.000   0.000   0.000 01O000M000t
00185 ASN01A0085_001 f 0.00  0.000     0  0.00  0  0  -0.241  -4.144   0.888  -1.031   1.774   0.000 01O000M000t
00186 ASN01A0085_002 f 0.00  0.000     0  0.00  0  0  -0.351  -2.681   0.913   2.264   1.339   0.000 01R001M000t
00187 LEU01A0086_001 f 0.00  0.000     0  0.00  0  0   1.788  -5.877   0.575   0.000   0.000   0.000 01O000M000t
00188 LEU01A0087_001 f 0.00  0.000     0  0.00  0  0   0.821  -6.231   0.411   0.000   0.000   0.000 01O000M000t
00189 ALA01A0089_001 f 0.00  0.000     0  0.00  0  0   0.000  -1.706   0.000   0.000   0.000   0.000 01O000M000t
00190 CYS01A0090_001 f 0.00  0.000     0  0.00  0  0  -0.002  -3.154   0.233  -1.149   0.963   0.000 01O000M000t
00191 CYS01A0090_002 f 0.00  0.000     0  0.00  0  0  -0.002  -3.119   0.233   0.316   0.957   0.000 01O000M000t
00192 CYS01A0090_003 f 0.00  0.000     0  0.00  0  0  -0.002  -3.101   0.233  -0.017   0.905   0.000 01O000M000t
00193 CYS-1A0090_004 f 0.00 -1.000     0  9.10  0 -1   0.000  -3.037   0.233  -0.906  11.275   0.000 -1O000M000t
00194 THR01A0091_001 f 0.00  0.000     0  0.00  0  0  -0.461  -0.518   0.558   0.621   1.328   0.000 01O000M000t
00195 THR01A0091_002 f 0.00  0.000     0  0.00  0  0  -0.461  -0.518   0.558  -0.427   0.668   0.000 01O000M000t
00196 THR01A0091_003 f 0.00  0.000     0  0.00  0  0  -0.461  -0.518   0.183  -0.903   0.755   0.000 01O000M000t
00197 LYS01A0092_001 f 0.00  0.000     0  0.00  0  0  -4.887  -1.902   3.614  -0.105   0.218   0.000 01O000M000t
00198 LYS+1A0092_002 f 0.00  1.000     0 10.40  0  1  -4.955  -1.917   3.614   0.162   0.717   0.000 +1O000M000t
00199 PRO01A0093_001 f 0.00  0.000     0  0.00  0  0  -6.937   0.230   0.000   0.000   0.000   0.000 01O000M000t
00200 PRO01A0096_001 f 0.00  0.000     0  0.00  0  0  -2.999  -1.598   0.000   0.000   0.000   0.000 01O000M000t
00201 LEU01A0097_001 f 0.00  0.000     0  0.00  0  0   1.726  -5.773   0.496   0.000   0.000   0.000 01O000M000t
00202 MET01A0098_001 f 0.00  0.000     0  0.00  0  0   0.257  -4.296   2.035  -0.024   0.085   0.000 01O000M000t
00203 VAL01A0099_001 f 0.00  0.000     0  0.00  0  0   0.565  -3.089   0.000   0.000   0.000   0.000 01O000M000t
00204 ILE01A0100_001 f 0.00  0.000     0  0.00  0  0   1.427  -4.629   0.820   0.000   0.000   0.000 01O000M000t
00205 VAL01A0101_001 f 0.00  0.000     0  0.00  0  0   0.466  -2.102   0.006   0.000   0.000   0.000 01O000M000t
00206 GLU01A0102_001 f 0.00  0.000     0  0.00  0  0   0.500  -4.400   3.877  -0.122   1.049   0.000 01O000M000t
00207 GLU01A0102_002 f 0.00  0.000     0  0.00  0  0   0.500  -4.400   1.157  -0.229   1.710   0.000 01O000M000t
00208 GLU02A0102_003 f 0.00  0.000     0  0.00  0  0   0.366  -4.105   3.877   4.311   1.729   0.000 02O000M000t
00209 GLU02A0102_004 f 0.00  0.000     0  0.00  0  0   0.366  -4.105   1.157  -0.492   1.516   0.000 02O000M000t
00210 GLU-1A0102_005 f 0.00 -1.000     0  4.75  0 -1   0.189  -4.340   1.157  -1.280   5.328   0.000 -1O000M000t
00211 PHE01A0103_001 f 0.00  0.000     0  0.00  0  0   2.505  -7.547   0.012   0.000   0.000   0.000 01O000M000t
00212 CYS01A0104_001 f 0.00  0.000     0  0.00  0  0  -0.002  -3.673   0.013  -0.370   0.671   0.000 01O000M000t
00213 CYS01A0104_002 f 0.00  0.000     0  0.00  0  0  -0.002  -3.719   0.013  -0.371   0.953   0.000 01O000M000t
00214 CYS01A0104_003 f 0.00  0.000     0  0.00  0  0  -0.002  -3.667   0.013  -0.178   0.950   0.000 01O000M000t
00215 CYS-1A0104_004 f 0.00 -1.000     0  9.10  0 -1   0.000  -3.619   0.013  -2.929  11.041   0.000 -1O000M000t
00216 LYS01A0105_001 f 0.00  0.000     0  0.00  0  0  -5.119  -1.163   2.736  -0.059  -0.145   0.000 01O000M000t
00217 LYS+1A0105_002 f 0.00  1.000     0 10.40  0  1  -5.176  -1.166   2.736   0.241  -0.181   0.000 +1O000M000t
00218 PHE01A0106_001 f 0.00  0.000     0  0.00  0  0  -1.251  -4.848   0.025   0.000   0.000   0.000 01O000M000t
00219 ASN01A0108_001 f 0.00  0.000     0  0.00  0  0  -0.526  -5.151   2.515  -2.188   1.389   0.000 01O000M000t
00220 ASN01A0108_002 f 0.00  0.000     0  0.00  0  0  -0.494  -3.666   2.515   3.046   1.200   0.000 01R001M000t
00221 LEU01A0109_001 f 0.00  0.000     0  0.00  0  0   1.542  -4.799   0.808   0.000   0.000   0.000 01O000M000t
00222 SER01A0110_001 f 0.00  0.000     0  0.00  0  0  -0.517  -2.562   0.409  -0.267   1.419   0.000 01O000M000t
00223 SER01A0110_002 f 0.00  0.000     0  0.00  0  0  -0.517  -2.562   0.409  -0.634   1.009   0.000 01O000M000t
00224 THR01A0111_001 f 0.00  0.000     0  0.00  0  0  -4.546  -1.339   0.375  -0.474   0.535   0.000 01O000M000t
00225 THR01A0111_002 f 0.00  0.000     0  0.00  0  0  -4.546  -1.339   0.375   0.543   0.733   0.000 01O000M000t
00226 THR01A0111_003 f 0.00  0.000     0  0.00  0  0  -4.546  -1.339   0.000  -0.724   0.227   0.000 01O000M000t
00227 TYR01A0112_001 f 0.00  0.000     0  0.00  0  0   2.214  -5.722   0.016   0.322   1.137   0.000 01O000M000t
00228 TYR-1A0112_002 f 0.00 -1.000     0 10.20  0 -1   2.214  -5.722   0.016   0.150   4.998   0.000 -1O000M000t
00229 LEU01A0113_001 f 0.00  0.000     0  0.00  0  0   1.498  -5.649   0.437   0.000   0.000   0.000 01O000M000t
00230 ARG01A0114_001 f 0.00  0.000     0  0.00  0  0  -2.290  -6.184   2.500  -0.348   1.166   0.000 01O000M000t
00231 ARG02A0114_002 f 0.00  0.000     0  0.00  0  0  -2.309  -6.168   2.500   0.985   2.004   0.000 02O000M000t
00232 ARG03A0114_003 f 0.00  0.000     0  0.00  0  0  -2.333  -6.158   2.500  -0.398   2.130   0.000 03O000M000t
00233 ARG+1A0114_004 f 0.00  1.000     0 12.50  0  1  -2.378  -6.208   2.500  -0.930   1.470   0.000 +1O000M000t
00234 SER01A0115_001 f 0.00  0.000     0  0.00  0  0  -2.581   0.982   1.227  -2.531   1.526   0.000 01O000M000t
00235 SER01A0115_002 f 0.00  0.000     0  0.00  0  0  -2.581   0.982   0.852  -0.037   0.406   0.000 01O000M000t
00236 LYS01A0116_001 f 0.00  0.000     0  0.00  0  0  -0.194  -0.212   1.285   0.414   0.559   0.000 01O000M000t
00237 LYS+1A0116_002 f 0.00  1.000     0 10.40  0  1  -0.239   2.731   1.285  -3.040   3.677   0.000 +1O000M000t
00238 ARG01A0117_001 f 0.00  0.000     0  0.00  0  0  -3.443  -6.932   0.982   1.260   1.870   0.000 01O000M000t
00239 ARG02A0117_002 f 0.00  0.000     0  0.00  0  0  -3.404  -7.060   0.982  -1.097   2.302   0.000 02O000M000t
00240 ARG03A0117_003 f 0.00  0.000     0  0.00  0  0  -3.470  -7.011   0.982  -1.259   2.449   0.000 03O000M000t
00241 ARG+1A0117_004 f 0.00  1.000     0 12.50  0  1  -3.509  -7.068   0.982  -3.889   4.735   0.000 +1O000M000t
00242 ASN01A0118_001 f 0.00  0.000     0  0.00  0  0  -3.433  -0.652   1.090   0.212  -0.034   0.000 01O000M000t
00243 ASN01A0118_002 f 0.00  0.000     0  0.00  0  0  -3.742  -0.304   1.078   0.236  -0.216   0.000 01R001M000t
00244 GLU01A0119_001 f 0.00  0.000     0  0.00  0  0  -1.049  -1.682   3.839  -0.135   0.543   0.000 01O000M000t
00245 GLU01A0119_002 f 0.00  0.000     0  0.00  0  0  -1.049  -1.682   1.119   0.054   0.859   0.000 01O000M000t
00246 GLU02A0119_003 f 0.00  0.000     0  0.00  0  0  -1.004  -1.667   3.839   0.183  -0.631   0.000 02O000M000t
00247 GLU02A0119_004 f 0.00  0.000     0  0.00  0  0  -1.004  -1.667   1.119   0.106   0.987   0.000 02O000M000t
00248 GLU-1A0119_005 f 0.00 -1.000     0  4.75  0 -1  -1.129  -1.618   1.119   0.422   1.190   0.000 -1O000M000t
00249 PHE01A0120_001 f 0.00  0.000     0  0.00  0  0   3.794 -10.525   0.103   0.000   0.000   0.000 01O000M000t
00250 VAL01A0121_001 f 0.00  0.000     0  0.00  0  0  -0.880  -2.056   0.003   0.000   0.000   0.000 01O000M000t
00251 PRO01A0122_001 f 0.00  0.000     0  0.00  0  0  -4.374   0.001   0.000   0.000   0.000   0.000 01O000M000t
00252 TYR01A0123_001 f 0.00  0.000     0  0.00  0  0  -4.964  -3.357   0.099   0.427   0.760   0.000 01O000M000t
00253 TYR-1A0123_002 f 0.00 -1.000     0 10.20  0 -1  -4.964  -3.357   0.099   0.259   1.082   0.000 -1O000M000t
00254 TYR01A0124_001 f 0.00  0.000     0  0.00  0  0  -5.581  -0.425   0.000   0.237   0.113   0.000 01O000M000t
00255 TYR01A0124_002 f 0.00  0.000     0  0.00  0  0  -5.581  -0.425   0.000   0.266   0.136   0.000 01O000M000t
00256 TYR-1A0124_003 f 0.00 -1.000     0 10.20  0 -1  -5.581  -0.425   0.000   0.121  -0.640   0.000 -1O000M000t
00257 LYS01A0125_001 f 0.00  0.000     0  0.00  0  0  -8.190  -1.359   4.044  -0.012   0.168   0.000 01O000M000t
00258 LYS+1A0125_002 f 0.00  1.000     0 10.40  0  1  -8.241  -1.363   4.044   0.164   0.407   0.000 +1O000M000t
00259 ASP01A0126_001 f 0.00  0.000     0  0.00  0  0  -2.951   6.660   2.841   0.440  -0.193   0.000 01O000M000t
00260 ASP01A0126_002 f 0.00  0.000     0  0.00  0  0  -2.951   6.660   0.121   0.164   0.801   0.000 01O000M000t
00261 ASP02A0126_003 f 0.00  0.000     0  0.00  0  0  -2.952   6.158   2.841  -0.037  -0.813   0.000 02O000M000t
00262 ASP02A0126_004 f 0.00  0.000     0  0.00  0  0  -2.952   6.158   0.121   0.068   1.013   0.000 02O000M000t
00263 ASP-1A0126_005 f 0.00 -1.000     0  4.75  0 -1  -2.921   6.200   0.121  -0.302   0.570   0.000 -1O000M000t
00264 PHE01A0127_001 f 0.00  0.000     0  0.00  0  0   0.646   0.642   1.621   0.000   0.000   0.000 01O000M000t
00265 LEU01A0128_001 f 0.00  0.000     0  0.00  0  0   2.122  -3.523   0.988   0.000   0.000   0.000 01O000M000t
00266 THR01A0129_001 f 0.00  0.000     0  0.00  0  0  -0.933  -2.834   0.446  -0.095   1.460   0.000 01O000M000t
00267 THR01A0129_002 f 0.00  0.000     0  0.00  0  0  -0.933  -2.834   0.071  -1.813   0.438   0.000 01O000M000t
00268 LEU01A0130_001 f 0.00  0.000     0  0.00  0  0   1.349  -3.708   0.462   0.000   0.000   0.000 01O000M000t
00269 GLU01A0131_001 f 0.00  0.000     0  0.00  0  0  -0.260  -1.986   3.127   0.409  -0.019   0.000 01O000M000t
00270 GLU01A0131_002 f 0.00  0.000     0  0.00  0  0  -0.260  -1.986   0.407   0.120   0.526   0.000 01O000M000t
00271 GLU02A0131_003 f 0.00  0.000     0  0.00  0  0  -0.645  -1.978   3.127   0.084  -0.234   0.000 02O000M000t
00272 GLU02A0131_004 f 0.00  0.000     0  0.00  0  0  -0.645  -1.978   0.407   0.073   0.682   0.000 02O000M000t
00273 GLU-1A0131_005 f 0.00 -1.000     0  4.75  0 -1  -0.678  -1.949   0.407  -0.324   0.041   0.000 -1O000M000t
00274 HIS01A0132_001 f 0.00  0.000     0  0.00  0  0  -2.405  -3.874   0.170  -1.196   1.967   0.000 01O000M000t
00275 HIS02A0132_002 f 0.00  0.000     0  0.00  0  0  -2.423  -4.059   0.170   1.666   2.012   0.000 02O000M000t
00276 HIS+1A0132_003 f 0.00  1.000     0  6.98  0  1  -2.450  -4.072   0.170   3.886   4.045   0.000 +1O000M000t
00277 LEU01A0133_001 f 0.00  0.000     0  0.00  0  0   1.571  -4.061   2.013   0.000   0.000   0.000 01O000M000t
00278 ILE01A0134_001 f 0.00  0.000     0  0.00  0  0   1.620  -3.592   0.460   0.000   0.000   0.000 01O000M000t
00279 CYS01A0135_001 f 0.00  0.000     0  0.00  0  0  -1.788  -2.356   0.003  -0.349   0.667   0.000 01O000M000t
00280 CYS01A0135_002 f 0.00  0.000     0  0.00  0  0  -1.788  -2.308   0.003  -0.202   0.209   0.000 01O000M000t
00281 CYS01A0135_003 f 0.00  0.000     0  0.00  0  0  -1.789  -2.292   0.003  -0.243   0.136   0.000 01O000M000t
00282 CYS-1A0135_004 f 0.00 -1.000     0  9.10  0 -1  -1.786  -2.270   0.003  -0.975   2.982   0.000 -1O000M000t
00283 TYR01A0136_001 f 0.00  0.000     0  0.00  0  0   3.973  -6.516   0.003   0.330   2.447   0.000 01O000M000t
00284 TYR01A0136_002 f 0.00  0.000     0  0.00  0  0   3.973  -6.516   0.003   0.489   2.483   0.000 01O000M000t
00285 TYR-1A0136_003 f 0.00 -1.000     0 10.20  0 -1   3.973  -6.516   0.003  -0.580  10.290   0.000 -1O000M000t
00286 SER01A0137_001 f 0.00  0.000     0  0.00  0  0   0.000  -1.491   0.376   0.285   1.995   0.000 01O000M000t
00287 SER01A0137_002 f 0.00  0.000     0  0.00  0  0   0.000  -1.491   0.376  -1.835   1.995   0.000 01O000M000t
00288 PHE01A0138_001 f 0.00  0.000     0  0.00  0  0   0.969  -8.267   0.204   0.000   0.000   0.000 01O000M000t
00289 GLN01A0139_001 f 0.00  0.000     0  0.00  0  0   0.227  -3.851   1.589  -2.644   2.806   0.000 01O000M000t
00290 GLN01A0139_002 f 0.00  0.000     0  0.00  0  0   0.324  -2.447   1.616   1.513   2.611   0.000 01R001M000t
00291 VAL01A0140_001 f 0.00  0.000     0  0.00  0  0   0.557  -1.224   0.069   0.000   0.000   0.000 01O000M000t
00292 ALA01A0141_001 f 0.00  0.000     0  0.00  0  0   0.000  -2.636   0.000   0.000   0.000   0.000 01O000M000t
00293 LYS01A0142_001 f 0.00  0.000     0  0.00  0  0  -3.194  -3.368   2.011  -0.032   0.041   0.000 01O000M000t
00294 LYS+1A0142_002 f 0.00  1.000     0 10.40  0  1  -3.240  -3.372   2.011   0.125   0.442   0.000 +1O000M000t
00295 MET01A0144_001 f 0.00  0.000     0  0.00  0  0   0.424  -5.020   0.443   0.029   0.098   0.000 01O000M000t
00296 GLU01A0145_001 f 0.00  0.000     0  0.00  0  0  -0.667  -4.677   3.714   0.115   0.239   0.000 01O000M000t
00297 GLU01A0145_002 f 0.00  0.000     0  0.00  0  0  -0.667  -4.677   0.994   0.016   0.605   0.000 01O000M000t
00298 GLU02A0145_003 f 0.00  0.000     0  0.00  0  0  -0.877  -4.543   3.714   0.390   0.378   0.000 02O000M000t
00299 GLU02A0145_004 f 0.00  0.000     0  0.00  0  0  -0.877  -4.543   0.994   0.036   1.235   0.000 02O000M000t
00300 GLU-1A0145_005 f 0.00 -1.000     0  4.75  0 -1  -0.910  -4.592   0.994  -0.555   2.672   0.000 -1O000M000t
00301 PHE01A0146_001 f 0.00  0.000     0  0.00  0  0   1.550  -7.987   0.022   0.000   0.000   0.000 01O000M000t
00302 LEU01A0147_001 f 0.00  0.000     0  0.00  0  0   1.527  -5.065   0.976   0.000   0.000   0.000 01O000M000t
00303 ALA01A0148_001 f 0.00  0.000     0  0.00  0  0  -1.185  -1.872   0.000   0.000   0.000   0.000 01O000M000t
00304 SER01A0149_001 f 0.00  0.000     0  0.00  0  0  -2.672  -0.155   1.402  -2.273   1.514   0.000 01O000M000t
00305 SER01A0149_002 f 0.00  0.000     0  0.00  0  0  -2.672  -0.155   1.402   0.268   0.592   0.000 01O000M000t
00306 SER01A0149_003 f 0.00  0.000     0  0.00  0  0  -2.672  -0.155   1.027  -0.151   0.241   0.000 01O000M000t
00307 ARG01A0150_001 f 0.00  0.000     0  0.00  0  0  -2.415  18.916   3.007  -1.300   0.794   0.000 01O000M000t
00308 ARG02A0150_002 f 0.00  0.000     0  0.00  0  0  -2.399  18.889   3.007   0.329   1.417   0.000 02O000M000t
00309 ARG03A0150_003 f 0.00  0.000     0  0.00  0  0  -2.464  18.881   3.007  -1.281   1.721   0.000 03O000M000t
00310 ARG+1A0150_004 f 0.00  1.000     0 12.50  0  1  -2.503  18.877   3.007  -2.852   1.687   0.000 +1O000M000t
00311 LYS01A0151_001 f 0.00  0.000     0  0.00  0  0  -9.008   0.649   1.174   0.020  -0.014   0.000 01O000M000t
00312 LYS+1A0151_002 f 0.00  1.000     0 10.40  0  1  -9.073   0.644   1.174  -0.160   0.037   0.000 +1O000M000t
00313 CYS01A0152_001 f 0.00  0.000     0  0.00  0  0  -0.241  -3.068   0.193   0.021   0.392   0.000 01O000M000t
00314 CYS01A0152_002 f 0.00  0.000     0  0.00  0  0  -0.241  -3.169   0.193  -0.621   0.602   0.000 01O000M000t
00315 CYS01A0152_003 f 0.00  0.000     0  0.00  0  0  -0.241  -3.066   0.193  -0.135   0.863   0.000 01O000M000t
00316 CYS-1A0152_004 f 0.00 -1.000     0  9.10  0 -1  -0.239  -3.028   0.193   0.088   5.232   0.000 -1O000M000t
00317 ILE01A0153_001 f 0.00  0.000     0  0.00  0  0   1.535  -4.370   0.561   0.000   0.000   0.000 01O000M000t
00318 HIS01A0154_001 f 0.00  0.000     0  0.00  0  0  -0.508  -4.278   0.427  -3.317   3.249   0.000 01O000M000t
00319 HIS02A0154_002 f 0.00  0.000     0  0.00  0  0  -0.525  -4.529   0.427   4.896   2.929   0.000 02O000M000t
00320 HIS+1A0154_003 f 0.00  1.000     0  6.98  0  1  -0.552  -4.300   0.427   4.907   6.852   0.000 +1O000M000t
00321 ARG01A0155_001 f 0.00  0.000     0  0.00  0  0  -6.527   0.042   0.440  -0.260   0.895   0.000 01O000M000t
00322 ARG02A0155_002 f 0.00  0.000     0  0.00  0  0  -6.447   0.062   0.440  -0.159   1.440   0.000 02O000M000t
00323 ARG03A0155_003 f 0.00  0.000     0  0.00  0  0  -6.548   0.038   0.440  -0.162   1.872   0.000 03O000M000t
00324 ARG+1A0155_004 f 0.00  1.000     0 12.50  0  1  -6.587   0.030   0.440   0.622   1.151   0.000 +1O000M000t
00325 ASP01A0156_001 f 0.00  0.000     0  0.00  0  0  -0.378   0.125   3.407   0.746   1.542   0.000 01O000M000t
00326 ASP01A0156_002 f 0.00  0.000     0  0.00  0  0  -0.378   0.125   0.687   0.207   2.288   0.000 01O000M000t
00327 ASP02A0156_003 f 0.00  0.000     0  0.00  0  0  -0.348  -0.242   3.407  -0.308   1.262   0.000 02O000M000t
00328 ASP02A0156_004 f 0.00  0.000     0  0.00  0  0  -0.348  -0.242   0.687  -0.074   2.830   0.000 02O000M000t
00329 ASP-1A0156_005 f 0.00 -1.000     0  4.75  0 -1  -0.379  -0.181   0.687  -1.728   8.680   0.000 -1O000M000t
00330 LEU01A0157_001 f 0.00  0.000     0  0.00  0  0   1.392  -5.556   0.618   0.000   0.000   0.000 01O000M000t
00331 ALA01A0158_001 f 0.00  0.000     0  0.00  0  0   0.000  -0.825   0.000   0.000   0.000   0.000 01O000M000t
00332 ALA01A0159_001 f 0.00  0.000     0  0.00  0  0   0.000  -1.921   0.000   0.000   0.000   0.000 01O000M000t
00333 ARG01A0160_001 f 0.00  0.000     0  0.00  0  0   0.729  -4.027   0.989  -0.190   4.205   0.000 01O000M000t
00334 ARG02A0160_002 f 0.00  0.000     0  0.00  0  0   0.715  -4.023   0.989  -0.348   4.680   0.000 02O000M000t
00335 ARG02A0160_003 f 0.00  0.000     0  0.00  0  0   0.798  -4.024   0.989  -0.264   4.454   0.000 02O000M000t
00336 ARG03A0160_004 f 0.00  0.000     0  0.00  0  0   0.706  -4.010   0.989  -0.380   4.570   0.000 03O000M000t
00337 ARG03A0160_005 f 0.00  0.000     0  0.00  0  0   0.710  -4.018   0.989  -0.204   4.565   0.000 03O000M000t
00338 ARG+1A0160_006 f 0.00  1.000     0 12.50  0  1   0.667  -4.041   0.989   3.126   8.724   0.000 +1O000M000t
00339 ASN01A0161_001 f 0.00  0.000     0  0.00  0  0   0.290  -1.594   1.102  -3.283   3.358   0.000 01O000M000t
00340 ASN01A0161_002 f 0.00  0.000     0  0.00  0  0   0.093  -1.155   1.094   2.001   3.357   0.000 01R001M000t
00341 ILE01A0162_001 f 0.00  0.000     0  0.00  0  0   1.125  -4.863   0.490   0.000   0.000   0.000 01O000M000t
00342 LEU01A0163_001 f 0.00  0.000     0  0.00  0  0   1.861  -6.238   0.615   0.000   0.000   0.000 01O000M000t
00343 LEU01A0164_001 f 0.00  0.000     0  0.00  0  0   1.510  -5.242   0.641   0.000   0.000   0.000 01O000M000t
00344 SER01A0165_001 f 0.00  0.000     0  0.00  0  0  -0.301  -1.759   0.941   1.639   1.124   0.000 01O000M000t
00345 SER01A0165_002 f 0.00  0.000     0  0.00  0  0  -0.301  -1.759   0.941  -0.065   0.797   0.000 01O000M000t
00346 GLU01A0166_001 f 0.00  0.000     0  0.00  0  0  -1.028  16.452   8.182   0.373  -0.526   0.000 01O000M000t
00347 GLU01A0166_002 f 0.00  0.000     0  0.00  0  0  -1.028  16.452   5.462   0.161   0.479   0.000 01O000M000t
00348 GLU02A0166_003 f 0.00  0.000     0  0.00  0  0  -1.298  16.476   8.182   0.315  -0.489   0.000 02O000M000t
00349 GLU02A0166_004 f 0.00  0.000     0  0.00  0  0  -1.298  16.476   5.462   0.179   0.649   0.000 02O000M000t
00350 GLU-1A0166_005 f 0.00 -1.000     0  4.75  0 -1  -1.346  16.498   5.462  -0.353   0.056   0.000 -1O000M000t
00351 LYS01A0167_001 f 0.00  0.000     0  0.00  0  0  -8.698   0.604   1.504  -0.004   0.030   0.000 01O000M000t
00352 LYS+1A0167_002 f 0.00  1.000     0 10.40  0  1  -8.759   0.601   1.504   0.093  -0.015   0.000 +1O000M000t
00353 ASN01A0168_001 f 0.00  0.000     0  0.00  0  0  -1.140   0.055   1.025  -0.005   0.596   0.000 01O000M000t
00354 ASN01A0168_002 f 0.00  0.000     0  0.00  0  0  -1.166   0.290   1.071   0.212   0.578   0.000 01R001M000t
00355 VAL01A0169_001 f 0.00  0.000     0  0.00  0  0  -1.166  -2.605   0.039   0.000   0.000   0.000 01O000M000t
00356 VAL01A0170_001 f 0.00  0.000     0  0.00  0  0   0.495  -4.876   0.189   0.000   0.000   0.000 01O000M000t
00357 LYS01A0171_001 f 0.00  0.000     0  0.00  0  0   1.201  -7.010   1.539  -0.856   1.002   0.000 01O000M000t
00358 LYS+1A0171_002 f 0.00  1.000     0 10.40  0  1   1.137  -7.024   1.539  -4.645   7.772   0.000 +1O000M000t
00359 ILE01A0172_001 f 0.00  0.000     0  0.00  0  0   1.375  -4.115   0.526   0.000   0.000   0.000 01O000M000t
00360 CYS01A0173_001 f 0.00  0.000     0  0.00  0  0  -0.002  -3.059   0.541  -0.410   0.993   0.000 01O000M000t
00361 CYS01A0173_002 f 0.00  0.000     0  0.00  0  0  -0.002  -3.005   0.541   0.442   0.990   0.000 01O000M000t
00362 CYS01A0173_003 f 0.00  0.000     0  0.00  0  0  -0.002  -2.886   0.541  -0.324   0.985   0.000 01O000M000t
00363 CYS-1A0173_004 f 0.00 -1.000     0  9.10  0 -1   0.000  -2.846   0.541  -4.598  13.966   0.000 -1O000M000t
00364 ASP01A0174_001 f 0.00  0.000     0  0.00  0  0  -0.805  -0.679   3.183   3.520   1.383   0.000 01O000M000t
00365 ASP01A0174_002 f 0.00  0.000     0  0.00  0  0  -0.805  -0.679   0.463  -0.354   1.236   0.000 01O000M000t
00366 ASP02A0174_003 f 0.00  0.000     0  0.00  0  0  -0.737  -1.510   3.183  -1.338   0.625   0.000 02O000M000t
00367 ASP02A0174_004 f 0.00  0.000     0  0.00  0  0  -0.737  -1.510   0.463  -1.210   1.791   0.000 02O000M000t
00368 ASP-1A0174_005 f 0.00 -1.000     0  4.75  0 -1  -0.767  -1.424   0.463  -3.769   4.350   0.000 -1O000M000t
00369 PHE01A0175_001 f 0.00  0.000     0  0.00  0  0   3.319  -6.676   1.024   0.000   0.000   0.000 01O000M000t
00370 LEU01A0177_001 f 0.00  0.000     0  0.00  0  0  -0.488  -1.902   2.336   0.000   0.000   0.000 01O000M000t
00371 ALA01A0178_001 f 0.00  0.000     0  0.00  0  0   0.000  -2.232   0.000   0.000   0.000   0.000 01O000M000t
00372 ARG01A0179_001 f 0.00  0.000     0  0.00  0  0   1.128  -5.650   1.020   0.115   2.652   0.000 01O000M000t
00373 ARG02A0179_002 f 0.00  0.000     0  0.00  0  0   1.098  -5.624   1.020  -0.825   3.925   0.000 02O000M000t
00374 ARG02A0179_003 f 0.00  0.000     0  0.00  0  0   1.153  -5.640   1.020  -0.060   3.754   0.000 02O000M000t
00375 ARG03A0179_004 f 0.00  0.000     0  0.00  0  0   1.090  -5.564   1.020  -0.222   3.778   0.000 03O000M000t
00376 ARG+1A0179_005 f 0.00  1.000     0 12.50  0  1   1.051  -5.663   1.020   1.982   4.126   0.000 +1O000M000t
00377 ASP01A0180_001 f 0.00  0.000     0  0.00  0  0  -0.576  -1.447   3.441   2.704   1.107   0.000 01O000M000t
00378 ASP01A0180_002 f 0.00  0.000     0  0.00  0  0  -0.576  -1.447   0.721   0.337   2.034   0.000 01O000M000t
00379 ASP02A0180_003 f 0.00  0.000     0  0.00  0  0  -0.517  -1.926   3.441  -1.125   0.997   0.000 02O000M000t
00380 ASP02A0180_004 f 0.00  0.000     0  0.00  0  0  -0.517  -1.926   0.721  -0.846   2.295   0.000 02O000M000t
00381 ASP-1A0180_005 f 0.00 -1.000     0  4.75  0 -1  -0.546  -1.844   0.721  -3.523   5.842   0.000 -1O000M000t
00382 ILE01A0181_001 f 0.00  0.000     0  0.00  0  0  -1.555  -2.714   0.454   0.000   0.000   0.000 01O000M000t
00383 TYR01A0182_001 f 0.00  0.000     0  0.00  0  0  -4.073   4.665   0.928  -0.066   0.263   0.000 01O000M000t
00384 TYR-1A0182_002 f 0.00 -1.000     0 10.20  0 -1  -4.073   4.665   0.928  -0.930   0.724   0.000 -1O000M000t
00385 LYS01A0183_001 f 0.00  0.000     0  0.00  0  0  -6.391  -0.998   3.452   0.055   0.432   0.000 01O000M000t
00386 LYS+1A0183_002 f 0.00  1.000     0 10.40  0  1  -6.454  -1.009   3.452   0.403   1.802   0.000 +1O000M000t
00387 ASP01A0184_001 f 0.00  0.000     0  0.00  0  0  -0.739  -1.254   3.645   4.740   1.575   0.000 01O000M000t
00388 ASP01A0184_002 f 0.00  0.000     0  0.00  0  0  -0.739  -1.254   0.925  -0.300   1.234   0.000 01O000M000t
00389 ASP02A0184_003 f 0.00  0.000     0  0.00  0  0  -0.702  -1.973   3.645  -1.450   0.984   0.000 02O000M000t
00390 ASP02A0184_004 f 0.00  0.000     0  0.00  0  0  -0.702  -1.973   0.925  -1.421   1.425   0.000 02O000M000t
00391 ASP-1A0184_005 f 0.00 -1.000     0  4.75  0 -1  -0.776  -1.909   0.925  -5.404   5.361   0.000 -1O000M000t
00392 PRO01A0185_001 f 0.00  0.000     0  0.00  0  0  -6.067   0.967   0.000   0.000   0.000   0.000 01O000M000t
00393 ASP01A0186_001 f 0.00  0.000     0  0.00  0  0  -0.377  -0.876   2.908   0.854   0.587   0.000 01O000M000t
00394 ASP01A0186_002 f 0.00  0.000     0  0.00  0  0  -0.377  -0.876   0.188   0.340   0.915   0.000 01O000M000t
00395 ASP02A0186_003 f 0.00  0.000     0  0.00  0  0  -0.368  -1.169   2.908   1.036   1.489   0.000 02O000M000t
00396 ASP02A0186_004 f 0.00  0.000     0  0.00  0  0  -0.368  -1.169   0.188   0.502   1.152   0.000 02O000M000t
00397 ASP-1A0186_005 f 0.00 -1.000     0  4.75  0 -1  -0.433  -1.122   0.188  -2.342   3.245   0.000 -1O000M000t
00398 TYR01A0187_001 f 0.00  0.000     0  0.00  0  0   3.404  -8.556   0.001   0.409   2.370   0.000 01O000M000t
00399 TYR01A0187_002 f 0.00  0.000     0  0.00  0  0   3.404  -8.556   0.001   0.031   2.260   0.000 01O000M000t
00400 TYR-1A0187_003 f 0.00 -1.000     0 10.20  0 -1   3.404  -8.556   0.001  -2.553   9.340   0.000 -1O000M000t
00401 VAL01A0188_001 f 0.00  0.000     0  0.00  0  0  -1.400  -2.489   0.014   0.000   0.000   0.000 01O000M000t
00402 ARG01A0189_001 f 0.00  0.000     0  0.00  0  0  -7.632  -1.518   4.088   0.010   0.159   0.000 01O000M000t
00403 ARG02A0189_002 f 0.00  0.000     0  0.00  0  0  -7.657  -1.521   4.088  -0.018   1.169   0.000 02O000M000t
00404 ARG03A0189_003 f 0.00  0.000     0  0.00  0  0  -7.663  -1.522   4.088  -0.010   0.993   0.000 03O000M000t
00405 ARG+1A0189_004 f 0.00  1.000     0 12.50  0  1  -7.709  -1.525   4.088  -0.028  -0.058   0.000 +1O000M000t
00406 LYS01A0190_001 f 0.00  0.000     0  0.00  0  0  -1.898  -2.039   3.468   0.037   0.380   0.000 01O000M000t
00407 LYS+1A0190_002 f 0.00  1.000     0 10.40  0  1  -1.946  -2.065   3.468  -0.247   2.839   0.000 +1O000M000t
00408 ASP01A0192_001 f 0.00  0.000     0  0.00  0  0  -4.119   1.040   4.979   0.390  -1.225   0.000 01O000M000t
00409 ASP01A0192_002 f 0.00  0.000     0  0.00  0  0  -4.119   1.040   2.259   0.242  -0.068   0.000 01O000M000t
00410 ASP02A0192_003 f 0.00  0.000     0  0.00  0  0  -4.026   1.033   4.979   0.247  -0.597   0.000 02O000M000t
00411 ASP02A0192_004 f 0.00  0.000     0  0.00  0  0  -4.026   1.033   2.259   0.202   0.732   0.000 02O000M000t
00412 ASP-1A0192_005 f 0.00 -1.000     0  4.75  0 -1  -4.003   1.048   2.259  -0.263  -0.565   0.000 -1O000M000t
00413 ALA01A0193_001 f 0.00  0.000     0  0.00  0  0  -1.974  -0.982   0.000   0.000   0.000   0.000 01O000M000t
00414 ARG01A0194_001 f 0.00  0.000     0  0.00  0  0  -2.482  -6.411   3.040  -0.221   0.919   0.000 01O000M000t
00415 ARG02A0194_002 f 0.00  0.000     0  0.00  0  0  -2.507  -6.434   3.040  -0.365   2.103   0.000 02O000M000t
00416 ARG03A0194_003 f 0.00  0.000     0  0.00  0  0  -2.514  -6.376   3.040  -0.213   2.034   0.000 03O000M000t
00417 ARG+1A0194_004 f 0.00  1.000     0 12.50  0  1  -2.553  -6.450   3.040   0.138   1.386   0.000 +1O000M000t
00418 LEU01A0195_001 f 0.00  0.000     0  0.00  0  0  -0.523  -2.029   0.462   0.000   0.000   0.000 01O000M000t
00419 PRO01A0196_001 f 0.00  0.000     0  0.00  0  0  -0.277   1.175   0.000   0.000   0.000   0.000 01O000M000t
00420 LEU01A0197_001 f 0.00  0.000     0  0.00  0  0   1.609  -1.747   1.567   0.000   0.000   0.000 01O000M000t
00421 LYS01A0198_001 f 0.00  0.000     0  0.00  0  0   0.338  -4.499   2.394   0.173   0.406   0.000 01O000M000t
00422 LYS+1A0198_002 f 0.00  1.000     0 10.40  0  1   0.292  -4.567   2.394  -0.368   3.614   0.000 +1O000M000t
00423 TRP01A0199_001 f 0.00  0.000     0  0.00  0  0   2.539 -10.665   0.424   0.000   0.000   0.000 01O000M000t
00424 MET01A0200_001 f 0.00  0.000     0  0.00  0  0  -0.066  -6.772   1.399  -0.111   0.093   0.000 01O000M000t
00425 ALA01A0201_001 f 0.00  0.000     0  0.00  0  0   0.000  -1.881   0.000   0.000   0.000   0.000 01O000M000t
00426 PRO01A0202_001 f 0.00  0.000     0  0.00  0  0  -0.136  -1.480   0.000   0.000   0.000   0.000 01O000M000t
00427 GLU01A0203_001 f 0.00  0.000     0  0.00  0  0   2.325  -2.488   4.484   1.659   1.931   0.000 01O000M000t
00428 GLU01A0203_002 f 0.00  0.000     0  0.00  0  0   2.325  -2.488   1.764  -0.323   2.797   0.000 01O000M000t
00429 GLU02A0203_003 f 0.00  0.000     0  0.00  0  0   1.799  -2.995   4.484  -0.383   1.859   0.000 02O000M000t
00430 GLU02A0203_004 f 0.00  0.000     0  0.00  0  0   1.799  -2.995   1.764  -0.587   2.759   0.000 02O000M000t
00431 GLU-1A0203_005 f 0.00 -1.000     0  4.75  0 -1   1.734  -2.869   1.764  -5.690   9.708   0.000 -1O000M000t
00432 THR01A0204_001 f 0.00  0.000     0  0.00  0  0   0.489  -2.557   0.405  -2.857   1.803   0.000 01O000M000t
00433 THR01A0204_002 f 0.00  0.000     0  0.00  0  0   0.489  -2.557   0.405   1.010   1.757   0.000 01O000M000t
00434 THR01A0204_003 f 0.00  0.000     0  0.00  0  0   0.489  -2.557   0.030   0.254   1.190   0.000 01O000M000t
00435 ILE01A0205_001 f 0.00  0.000     0  0.00  0  0   1.831  -4.522   0.533   0.000   0.000   0.000 01O000M000t
00436 PHE01A0206_001 f 0.00  0.000     0  0.00  0  0   1.694  -2.994   0.173   0.000   0.000   0.000 01O000M000t
00437 ASP01A0207_001 f 0.00  0.000     0  0.00  0  0  -2.571  -0.245   3.238   0.300  -0.178   0.000 01O000M000t
00438 ASP01A0207_002 f 0.00  0.000     0  0.00  0  0  -2.571  -0.245   0.518   0.199   0.546   0.000 01O000M000t
00439 ASP02A0207_003 f 0.00  0.000     0  0.00  0  0  -2.341  -0.790   3.238   0.378   0.125   0.000 02O000M000t
00440 ASP02A0207_004 f 0.00  0.000     0  0.00  0  0  -2.341  -0.790   0.518   0.241   0.918   0.000 02O000M000t
00441 ASP-1A0207_005 f 0.00 -1.000     0  4.75  0 -1  -2.347  -0.711   0.518  -0.616   1.088   0.000 -1O000M000t
00442 ARG01A0208_001 f 0.00  0.000     0  0.00  0  0  -8.078  -0.956   1.922   0.066   0.017   0.000 01O000M000t
00443 ARG02A0208_002 f 0.00  0.000     0  0.00  0  0  -8.131  -0.964   1.922   0.004   1.161   0.000 02O000M000t
00444 ARG02A0208_003 f 0.00  0.000     0  0.00  0  0  -8.089  -0.962   1.922   0.023   0.830   0.000 02O000M000t
00445 ARG03A0208_004 f 0.00  0.000     0  0.00  0  0  -8.131  -0.965   1.922   0.042   0.673   0.000 03O000M000t
00446 ARG+1A0208_005 f 0.00  1.000     0 12.50  0  1  -8.174  -0.966   1.922  -0.033  -0.108   0.000 +1O000M000t
00447 VAL01A0209_001 f 0.00  0.000     0  0.00  0  0  -3.588  -1.277   0.471   0.000   0.000   0.000 01O000M000t
00448 TYR01A0210_001 f 0.00  0.000     0  0.00  0  0   1.626  -5.058   0.055   0.314   0.888   0.000 01O000M000t
00449 TYR-1A0210_002 f 0.00 -1.000     0 10.20  0 -1   1.626  -5.058   0.055  -0.758   3.000   0.000 -1O000M000t
00450 THR01A0211_001 f 0.00  0.000     0  0.00  0  0  -2.799  -0.867   0.614  -0.217   1.147   0.000 01O000M000t
00451 THR01A0211_002 f 0.00  0.000     0  0.00  0  0  -2.799  -0.867   0.614   3.245   1.646   0.000 01O000M000t
00452 ILE01A0212_001 f 0.00  0.000     0  0.00  0  0  -1.872  -2.137   1.063   0.000   0.000   0.000 01O000M000t
00453 GLN01A0213_001 f 0.00  0.000     0  0.00  0  0  -0.289  -7.046   1.432  -2.326   2.366   0.000 01O000M000t
00454 GLN01A0213_002 f 0.00  0.000     0  0.00  0  0  -0.285  -6.915   1.446   2.032   2.316   0.000 01R001M000t
00455 SER01A0214_001 f 0.00  0.000     0  0.00  0  0  -0.108  -1.190   0.452   1.184   1.569   0.000 01O000M000t
00456 ASP01A0215_001 f 0.00  0.000     0  0.00  0  0   0.042   2.766   3.717  -2.706   1.751   0.000 01O000M000t
00457 ASP01A0215_002 f 0.00  0.000     0  0.00  0  0   0.042   2.766   0.997   2.091   2.756   0.000 01O000M000t
00458 ASP02A0215_003 f 0.00  0.000     0  0.00  0  0   0.118   3.815   3.717  -2.238   2.257   0.000 02O000M000t
00459 ASP02A0215_004 f 0.00  0.000     0  0.00  0  0   0.118 999.000   0.997   3.584   2.453   0.000 02O000M000t
00460 ASP-1A0215_005 f 0.00 -1.000     0  4.75  0 -1   0.042   2.295   0.997 -12.113  10.961   0.000 -1O000M000t
00461 VAL01A0216_001 f 0.00  0.000     0  0.00  0  0   0.674  -2.178   0.236   0.000   0.000   0.000 01O000M000t
00462 TRP01A0217_001 f 0.00  0.000     0  0.00  0  0   2.839 -12.615   0.000   0.000   0.000   0.000 01O000M000t
00463 SER01A0218_001 f 0.00  0.000     0  0.00  0  0  -0.301  -2.029   0.379  -2.259   1.140   0.000 01O000M000t
00464 SER01A0218_002 f 0.00  0.000     0  0.00  0  0  -0.301  -2.029   0.004   0.725   0.545   0.000 01O000M000t
00465 PHE01A0219_001 f 0.00  0.000     0  0.00  0  0   4.026  -7.475   0.017   0.000   0.000   0.000 01O000M000t
00466 VAL01A0221_001 f 0.00  0.000     0  0.00  0  0   0.556  -3.147   0.052   0.000   0.000   0.000 01O000M000t
00467 LEU01A0222_001 f 0.00  0.000     0  0.00  0  0   2.394  -2.525   1.191   0.000   0.000   0.000 01O000M000t
00468 LEU01A0223_001 f 0.00  0.000     0  0.00  0  0   1.503  -2.492   0.508   0.000   0.000   0.000 01O000M000t
00469 TRP01A0224_001 f 0.00  0.000     0  0.00  0  0   2.454 -11.760   0.142   0.000   0.000   0.000 01O000M000t
00470 GLU01A0225_001 f 0.00  0.000     0  0.00  0  0   0.619  -5.089   3.991  -0.618   2.268   0.000 01O000M000t
00471 GLU01A0225_002 f 0.00  0.000     0  0.00  0  0   0.619  -5.089   1.271   2.849   2.484   0.000 01O000M000t
00472 GLU02A0225_003 f 0.00  0.000     0  0.00  0  0   0.604  -5.495   3.991  -2.422   1.906   0.000 02O000M000t
00473 GLU02A0225_004 f 0.00  0.000     0  0.00  0  0   0.604  -5.495   1.271  -0.943   2.489   0.000 02O000M000t
00474 GLU-1A0225_005 f 0.00 -1.000     0  4.75  0 -1   0.492  -5.384   1.271  -6.972  10.875   0.000 -1O000M000t
00475 ILE01A0226_001 f 0.00  0.000     0  0.00  0  0   2.182  -4.727   0.836   0.000   0.000   0.000 01O000M000t
00476 PHE01A0227_001 f 0.00  0.000     0  0.00  0  0   4.056  -5.538   0.261   0.000   0.000   0.000 01O000M000t
00477 SER01A0228_001 f 0.00  0.000     0  0.00  0  0  -0.096  -2.982   0.462  -1.086   1.951   0.000 01O000M000t
00478 SER01A0228_002 f 0.00  0.000     0  0.00  0  0  -0.096  -2.982   0.462   2.156   1.963   0.000 01O000M000t
00479 LEU01A0229_001 f 0.00  0.000     0  0.00  0  0   1.087  -2.225   0.854   0.000   0.000   0.000 01O000M000t
00480 ALA01A0231_001 f 0.00  0.000     0  0.00  0  0  -1.133  -1.193   0.000   0.000   0.000   0.000 01O000M000t
00481 SER01A0232_001 f 0.00  0.000     0  0.00  0  0  -3.209  -1.207   0.482  -0.007   1.019   0.000 01O000M000t
00482 SER01A0232_002 f 0.00  0.000     0  0.00  0  0  -3.209  -1.207   0.482  -0.139   0.531   0.000 01O000M000t
00483 PRO01A0233_001 f 0.00  0.000     0  0.00  0  0   0.193   0.907   0.000   0.000   0.000   0.000 01O000M000t
00484 TYR01A0234_001 f 0.00  0.000     0  0.00  0  0   3.944  -2.807   0.014   0.046   1.681   0.000 01O000M000t
00485 TYR-1A0234_002 f 0.00 -1.000     0 10.20  0 -1   3.944  -2.807   0.014   0.570   8.352   0.000 -1O000M000t
00486 PRO01A0235_001 f 0.00  0.000     0  0.00  0  0  -3.099  -1.046   0.000   0.000   0.000   0.000 01O000M000t
00487 VAL01A0237_001 f 0.00  0.000     0  0.00  0  0  -1.255  -1.401   0.193   0.000   0.000   0.000 01O000M000t
00488 LYS01A0238_001 f 0.00  0.000     0  0.00  0  0  -7.895  -1.064   2.018  -0.067   0.163   0.000 01O000M000t
00489 LYS+1A0238_002 f 0.00  1.000     0 10.40  0  1  -7.967  -1.078   2.018   0.179   0.372   0.000 +1O000M000t
00490 ILE01A0239_001 f 0.00  0.000     0  0.00  0  0   0.044  -1.040   0.469   0.000   0.000   0.000 01O000M000t
00491 ASP01A0240_001 f 0.00  0.000     0  0.00  0  0  -1.320   0.483   2.822   3.419   1.293   0.000 01O000M000t
00492 ASP01A0240_002 f 0.00  0.000     0  0.00  0  0  -1.320   0.483   0.102  -0.100   1.245   0.000 01O000M000t
00493 ASP02A0240_003 f 0.00  0.000     0  0.00  0  0  -1.420  -0.430   2.822  -1.233   0.480   0.000 02O000M000t
00494 ASP02A0240_004 f 0.00  0.000     0  0.00  0  0  -1.420  -0.430   0.102  -1.264   1.753   0.000 02O000M000t
00495 ASP-1A0240_005 f 0.00 -1.000     0  4.75  0 -1  -1.388  -0.342   0.102  -4.482   3.700   0.000 -1O000M000t
00496 GLU01A0241_001 f 0.00  0.000     0  0.00  0  0  -0.906  -1.237   4.156   0.446   0.001   0.000 01O000M000t
00497 GLU01A0241_002 f 0.00  0.000     0  0.00  0  0  -0.906  -1.237   1.436   0.095   0.634   0.000 01O000M000t
00498 GLU02A0241_003 f 0.00  0.000     0  0.00  0  0  -1.358  -1.296   4.156   0.055  -0.692   0.000 02O000M000t
00499 GLU02A0241_004 f 0.00  0.000     0  0.00  0  0  -1.358  -1.296   1.436   0.044   0.485   0.000 02O000M000t
00500 GLU-1A0241_005 f 0.00 -1.000     0  4.75  0 -1  -1.339  -1.268   1.436  -0.336   0.244   0.000 -1O000M000t
00501 GLU01A0242_001 f 0.00  0.000     0  0.00  0  0  -2.069  -1.463   5.473   0.207   0.052   0.000 01O000M000t
00502 GLU01A0242_002 f 0.00  0.000     0  0.00  0  0  -2.069  -1.463   2.753   0.115   1.159   0.000 01O000M000t
00503 GLU02A0242_003 f 0.00  0.000     0  0.00  0  0  -2.144  -1.430   5.473   0.274  -0.017   0.000 02O000M000t
00504 GLU02A0242_004 f 0.00  0.000     0  0.00  0  0  -2.144  -1.430   2.753   0.162   1.258   0.000 02O000M000t
00505 GLU-1A0242_005 f 0.00 -1.000     0  4.75  0 -1  -2.123  -1.423   2.753  -0.405   2.012   0.000 -1O000M000t
00506 PHE01A0243_001 f 0.00  0.000     0  0.00  0  0   4.108  -6.168   0.787   0.000   0.000   0.000 01O000M000t
00507 CYS01A0244_001 f 0.00  0.000     0  0.00  0  0  -0.569  -2.908   0.080  -0.132   0.808   0.000 01O000M000t
00508 CYS01A0244_002 f 0.00  0.000     0  0.00  0  0  -0.569  -2.971   0.080  -0.279   0.364   0.000 01O000M000t
00509 CYS01A0244_003 f 0.00  0.000     0  0.00  0  0  -0.570  -2.896   0.080  -0.323   0.258   0.000 01O000M000t
00510 CYS-1A0244_004 f 0.00 -1.000     0  9.10  0 -1  -0.568  -2.873   0.080  -1.999   5.861   0.000 -1O000M000t
00511 ARG01A0245_001 f 0.00  0.000     0  0.00  0  0  -3.565  -3.452   3.379  -0.020   1.841   0.000 01O000M000t
00512 ARG02A0245_002 f 0.00  0.000     0  0.00  0  0  -3.585  -3.443   3.379  -0.018   2.764   0.000 02O000M000t
00513 ARG02A0245_003 f 0.00  0.000     0  0.00  0  0  -3.517  -3.416   3.379  -0.140   2.329   0.000 02O000M000t
00514 ARG03A0245_004 f 0.00  0.000     0  0.00  0  0  -3.592  -3.455   3.379  -0.040   2.642   0.000 03O000M000t
00515 ARG03A0245_005 f 0.00  0.000     0  0.00  0  0  -3.589  -3.456   3.379  -0.037   2.515   0.000 03O000M000t
00516 ARG+1A0245_006 f 0.00  1.000     0 12.50  0  1  -3.632  -3.460   3.379   0.264   2.266   0.000 +1O000M000t
00517 ARG01A0246_001 f 0.00  0.000     0  0.00  0  0  -1.843  -4.984   1.656  -0.027   1.377   0.000 01O000M000t
00518 ARG02A0246_002 f 0.00  0.000     0  0.00  0  0  -1.840  -4.897   1.656   0.025   1.947   0.000 02O000M000t
00519 ARG03A0246_003 f 0.00  0.000     0  0.00  0  0  -1.887  -4.988   1.656   0.008   2.103   0.000 03O000M000t
00520 ARG+1A0246_004 f 0.00  1.000     0 12.50  0  1  -1.931  -4.995   1.656  -0.059   2.393   0.000 +1O000M000t
00521 LEU01A0247_001 f 0.00  0.000     0  0.00  0  0   2.128  -5.122   1.662   0.000   0.000   0.000 01O000M000t
00522 LYS01A0248_001 f 0.00  0.000     0  0.00  0  0  -4.609  -2.915   2.493  -0.010  -0.008   0.000 01O000M000t
00523 LYS+1A0248_002 f 0.00  1.000     0 10.40  0  1  -4.653  -2.920   2.493   0.035   0.828   0.000 +1O000M000t
00524 GLU01A0249_001 f 0.00  0.000     0  0.00  0  0  -0.777  -1.781   5.088   0.107   0.452   0.000 01O000M000t
00525 GLU01A0249_002 f 0.00  0.000     0  0.00  0  0  -0.777  -1.781   2.368   0.040   1.011   0.000 01O000M000t
00526 GLU02A0249_003 f 0.00  0.000     0  0.00  0  0  -1.116  -1.765   5.088  -0.004  -0.120   0.000 02O000M000t
00527 GLU02A0249_004 f 0.00  0.000     0  0.00  0  0  -1.116  -1.765   2.368   0.049   1.628   0.000 02O000M000t
00528 GLU-1A0249_005 f 0.00 -1.000     0  4.75  0 -1  -1.160  -1.719   2.368  -0.196   2.749   0.000 -1O000M000t
00529 THR01A0251_001 f 0.00  0.000     0  0.00  0  0  -2.019  -2.182   0.382  -0.129   0.318   0.000 01O000M000t
00530 THR01A0251_002 f 0.00  0.000     0  0.00  0  0  -2.019  -2.182   0.007  -0.137   0.723   0.000 01O000M000t
00531 ARG01A0252_001 f 0.00  0.000     0  0.00  0  0   0.232  -5.178   0.567  -1.607   2.427   0.000 01O000M000t
00532 ARG02A0252_002 f 0.00  0.000     0  0.00  0  0   0.211  -5.220   0.567  -0.886   3.716   0.000 02O000M000t
00533 ARG02A0252_003 f 0.00  0.000     0  0.00  0  0   0.261  -5.155   0.567  -0.344   3.481   0.000 02O000M000t
00534 ARG03A0252_004 f 0.00  0.000     0  0.00  0  0   0.204  -5.221   0.567  -2.446   3.414   0.000 03O000M000t
00535 ARG+1A0252_005 f 0.00  1.000     0 12.50  0  1   0.166  -5.290   0.567  -6.608   5.057   0.000 +1O000M000t
00536 MET01A0253_001 f 0.00  0.000     0  0.00  0  0   0.069  -4.058   1.657  -0.291   0.095   0.000 01O000M000t
00537 ARG01A0254_001 f 0.00  0.000     0  0.00  0  0  -3.391   5.067   3.744   0.158   2.065   0.000 01O000M000t
00538 ARG02A0254_002 f 0.00  0.000     0  0.00  0  0  -3.416   5.201   3.744  -0.235   2.888   0.000 02O000M000t
00539 ARG02A0254_003 f 0.00  0.000     0  0.00  0  0  -3.404   5.107   3.744   1.085   2.751   0.000 02O000M000t
00540 ARG03A0254_004 f 0.00  0.000     0  0.00  0  0  -3.419   5.065   3.744   0.130   2.668   0.000 03O000M000t
00541 ARG+1A0254_005 f 0.00  1.000     0 12.50  0  1  -3.461   5.053   3.744   0.073   3.110   0.000 +1O000M000t
00542 ALA01A0255_001 f 0.00  0.000     0  0.00  0  0  -2.263  -0.709   0.000   0.000   0.000   0.000 01O000M000t
00543 PRO01A0256_001 f 0.00  0.000     0  0.00  0  0   0.191  -3.238   0.000   0.000   0.000   0.000 01O000M000t
00544 ASP01A0257_001 f 0.00  0.000     0  0.00  0  0  -2.559  -0.319   2.969   0.682  -0.408   0.000 01O000M000t
00545 ASP01A0257_002 f 0.00  0.000     0  0.00  0  0  -2.559  -0.319   0.249   0.329   0.455   0.000 01O000M000t
00546 ASP02A0257_003 f 0.00  0.000     0  0.00  0  0  -2.394  -0.690   2.969   0.362  -0.313   0.000 02O000M000t
00547 ASP02A0257_004 f 0.00  0.000     0  0.00  0  0  -2.394  -0.690   0.249   0.286   0.766   0.000 02O000M000t
00548 ASP-1A0257_005 f 0.00 -1.000     0  4.75  0 -1  -2.427  -0.654   0.249  -0.499   0.230   0.000 -1O000M000t
00549 TYR01A0258_001 f 0.00  0.000     0  0.00  0  0   1.504  -5.114   0.383   0.137   0.936   0.000 01O000M000t
00550 TYR01A0258_002 f 0.00  0.000     0  0.00  0  0   1.504  -5.114   0.383   0.112   1.057   0.000 01O000M000t
00551 TYR-1A0258_003 f 0.00 -1.000     0 10.20  0 -1   1.504  -5.114   0.383   0.010   2.900   0.000 -1O000M000t
00552 THR01A0259_001 f 0.00  0.000     0  0.00  0  0  -0.112  -1.016   0.615  -1.470   1.965   0.000 01O000M000t
00553 THR01A0259_002 f 0.00  0.000     0  0.00  0  0  -0.112  -1.016   0.240  -0.749   1.967   0.000 01O000M000t
00554 THR01A0260_001 f 0.00  0.000     0  0.00  0  0  -0.566  -0.415   0.382   0.014   1.770   0.000 01O000M000t
00555 THR01A0260_002 f 0.00  0.000     0  0.00  0  0  -0.566  -0.415   0.382   3.086   1.761   0.000 01O000M000t
00556 THR01A0260_003 f 0.00  0.000     0  0.00  0  0  -0.566  -0.415   0.006  -2.243   1.114   0.000 01O000M000t
00557 PRO01A0261_001 f 0.00  0.000     0  0.00  0  0  -6.775  -0.513   0.000   0.000   0.000   0.000 01O000M000t
00558 GLU01A0262_001 f 0.00  0.000     0  0.00  0  0  -1.662  -2.665   4.771  -0.630   0.075   0.000 01O000M000t
00559 GLU01A0262_002 f 0.00  0.000     0  0.00  0  0  -1.662  -2.665   2.051  -0.698   1.273   0.000 01O000M000t
00560 GLU02A0262_003 f 0.00  0.000     0  0.00  0  0  -1.659  -2.618   4.771   2.003   0.387   0.000 02O000M000t
00561 GLU02A0262_004 f 0.00  0.000     0  0.00  0  0  -1.659  -2.618   2.051   0.183   0.916   0.000 02O000M000t
00562 GLU-1A0262_005 f 0.00 -1.000     0  4.75  0 -1  -1.721  -2.620   2.051  -3.300   2.032   0.000 -1O000M000t
00563 MET01A0263_001 f 0.00  0.000     0  0.00  0  0   0.899  -3.926   1.154   0.121   0.098   0.000 01O000M000t
00564 TYR01A0264_001 f 0.00  0.000     0  0.00  0  0   0.998  -5.508   0.038  -2.126   1.886   0.000 01O000M000t
00565 TYR01A0264_002 f 0.00  0.000     0  0.00  0  0   0.998  -5.508   0.038   1.059   1.332   0.000 01O000M000t
00566 TYR-1A0264_003 f 0.00 -1.000     0 10.20  0 -1   0.998  -5.508   0.038   1.398   5.290   0.000 -1O000M000t
00567 GLN01A0265_001 f 0.00  0.000     0  0.00  0  0  -2.038  -2.999   0.847  -0.159   0.728   0.000 01O000M000t
00568 GLN01A0265_002 f 0.00  0.000     0  0.00  0  0  -1.874  -2.897   0.864   0.410   0.131   0.000 01R001M000t
00569 THR01A0266_001 f 0.00  0.000     0  0.00  0  0   0.363  -1.918   0.480  -0.181   0.826   0.000 01O000M000t
00570 THR01A0266_002 f 0.00  0.000     0  0.00  0  0   0.363  -1.918   0.480  -1.185   1.192   0.000 01O000M000t
00571 THR01A0266_003 f 0.00  0.000     0  0.00  0  0   0.363  -1.918   0.105  -0.048   1.636   0.000 01O000M000t
00572 MET01A0267_001 f 0.00  0.000     0  0.00  0  0   0.127  -8.059   1.260   0.047   0.099   0.000 01O000M000t
00573 LEU01A0268_001 f 0.00  0.000     0  0.00  0  0  -1.277  -4.075   0.428   0.000   0.000   0.000 01O000M000t
00574 ASP01A0269_001 f 0.00  0.000     0  0.00  0  0  -1.604  -2.552   2.969   0.225   0.005   0.000 01O000M000t
00575 ASP01A0269_002 f 0.00  0.000     0  0.00  0  0  -1.604  -2.552   0.249   0.068   1.089   0.000 01O000M000t
00576 ASP02A0269_003 f 0.00  0.000     0  0.00  0  0  -1.521  -2.880   2.969   0.343   0.224   0.000 02O000M000t
00577 ASP02A0269_004 f 0.00  0.000     0  0.00  0  0  -1.521  -2.880   0.249   0.216   1.035   0.000 02O000M000t
00578 ASP-1A0269_005 f 0.00 -1.000     0  4.75  0 -1  -1.526  -2.799   0.249   0.532   2.049   0.000 -1O000M000t
00579 CYS01A0270_001 f 0.00  0.000     0  0.00  0  0  -0.002  -5.112   0.031   0.059   0.992   0.000 01O000M000t
00580 CYS01A0270_002 f 0.00  0.000     0  0.00  0  0  -0.002  -5.192   0.031  -0.409   0.952   0.000 01O000M000t
00581 CYS01A0270_003 f 0.00  0.000     0  0.00  0  0  -0.002  -5.133   0.031   0.190   0.992   0.000 01O000M000t
00582 CYS-1A0270_004 f 0.00 -1.000     0  9.10  0 -1   0.000  -5.059   0.031   0.940  14.017   0.000 -1O000M000t
00583 TRP01A0271_001 f 0.00  0.000     0  0.00  0  0   2.526 -12.406   0.002   0.000   0.000   0.000 01O000M000t
00584 HIS01A0272_001 f 0.00  0.000     0  0.00  0  0  -4.662  -5.926   0.913  -1.414   1.839   0.000 01O000M000t
00585 HIS02A0272_002 f 0.00  0.000     0  0.00  0  0  -4.679  -5.992   0.913   3.017   1.745   0.000 02O000M000t
00586 HIS+1A0272_003 f 0.00  1.000     0  6.98  0  1  -4.706  -5.999   0.913   3.806   2.640   0.000 +1O000M000t
00587 GLU01A0274_001 f 0.00  0.000     0  0.00  0  0  -2.022  -2.694   3.810   0.272  -0.159   0.000 01O000M000t
00588 GLU01A0274_002 f 0.00  0.000     0  0.00  0  0  -2.022  -2.694   1.090   0.142   0.701   0.000 01O000M000t
00589 GLU02A0274_003 f 0.00  0.000     0  0.00  0  0  -2.182  -2.712   3.810   1.105   0.376   0.000 02O000M000t
00590 GLU02A0274_004 f 0.00  0.000     0  0.00  0  0  -2.182  -2.712   1.090   0.256   0.701   0.000 02O000M000t
00591 GLU-1A0274_005 f 0.00 -1.000     0  4.75  0 -1  -2.268  -2.658   1.090  -0.985   0.812   0.000 -1O000M000t
00592 PRO01A0275_001 f 0.00  0.000     0  0.00  0  0  -1.542   0.364   0.000   0.000   0.000   0.000 01O000M000t
00593 SER01A0276_001 f 0.00  0.000     0  0.00  0  0  -3.906  -0.801   0.378   0.765   1.036   0.000 01O000M000t
00594 SER01A0276_002 f 0.00  0.000     0  0.00  0  0  -3.906  -0.801   0.377   0.023   0.682   0.000 01O000M000t
00595 GLN01A0277_001 f 0.00  0.000     0  0.00  0  0  -2.740  -1.645   1.776   0.182   0.117   0.000 01O000M000t
00596 GLN01A0277_002 f 0.00  0.000     0  0.00  0  0  -2.676  -1.963   1.777   0.119  -0.091   0.000 01R001M000t
00597 ARG01A0278_001 f 0.00  0.000     0  0.00  0  0   1.298 -13.313   0.990   1.017   4.440   0.000 01O000M000t
00598 ARG02A0278_002 f 0.00  0.000     0  0.00  0  0   1.260 -12.693   0.990  -3.202   4.941   0.000 02O000M000t
00599 ARG02A0278_003 f 0.00  0.000     0  0.00  0  0   1.320 -12.637   0.990  -1.038   4.923   0.000 02O000M000t
00600 ARG03A0278_004 f 0.00  0.000     0  0.00  0  0   1.255 -12.715   0.990  -3.148   4.851   0.000 03O000M000t
00601 ARG03A0278_005 f 0.00  0.000     0  0.00  0  0   1.260 -12.614   0.990  -0.395   4.847   0.000 03O000M000t
00602 ARG+1A0278_006 f 0.00  1.000     0 12.50  0  1   1.216 -12.765   0.990  -6.761  11.028   0.000 +1O000M000t
00603 PRO01A0279_001 f 0.00  0.000     0  0.00  0  0  -0.562  -3.717   0.000   0.000   0.000   0.000 01O000M000t
00604 THR01A0280_001 f 0.00  0.000     0  0.00  0  0  -3.618  -0.343   0.377  -0.037   1.463   0.000 01O000M000t
00605 THR01A0280_002 f 0.00  0.000     0  0.00  0  0  -3.618  -0.343   0.377   2.471   1.619   0.000 01O000M000t
00606 THR01A0280_003 f 0.00  0.000     0  0.00  0  0  -3.618  -0.343   0.002  -2.000   0.531   0.000 01O000M000t
00607 PHE01A0281_001 f 0.00  0.000     0  0.00  0  0   3.639  -9.486   0.557   0.000   0.000   0.000 01O000M000t
00608 SER01A0282_001 f 0.00  0.000     0  0.00  0  0  -3.460  -1.052   0.873  -0.270   0.680   0.000 01O000M000t
00609 SER01A0282_002 f 0.00  0.000     0  0.00  0  0  -3.460  -1.052   0.873  -0.051   0.054   0.000 01O000M000t
00610 GLU01A0283_001 f 0.00  0.000     0  0.00  0  0  -1.699  -2.171   4.303   2.608   0.973   0.000 01O000M000t
00611 GLU01A0283_002 f 0.00  0.000     0  0.00  0  0  -1.699  -2.171   1.583  -0.321   0.819   0.000 01O000M000t
00612 GLU02A0283_003 f 0.00  0.000     0  0.00  0  0  -1.779  -2.631   4.303  -0.670  -0.121   0.000 02O000M000t
00613 GLU02A0283_004 f 0.00  0.000     0  0.00  0  0  -1.779  -2.631   1.583  -0.843   1.076   0.000 02O000M000t
00614 GLU-1A0283_005 f 0.00 -1.000     0  4.75  0 -1  -1.770  -2.583   1.583  -2.063   1.535   0.000 -1O000M000t
00615 LEU01A0284_001 f 0.00  0.000     0  0.00  0  0   1.660  -5.119   0.791   0.000   0.000   0.000 01O000M000t
00616 VAL01A0285_001 f 0.00  0.000     0  0.00  0  0  -0.672  -1.957   0.569   0.000   0.000   0.000 01O000M000t
00617 GLU01A0286_001 f 0.00  0.000     0  0.00  0  0  -1.658  -2.300   2.965   0.224   0.028   0.000 01O000M000t
00618 GLU01A0286_002 f 0.00  0.000     0  0.00  0  0  -1.658  -2.300   0.245   0.082   0.585   0.000 01O000M000t
00619 GLU02A0286_003 f 0.00  0.000     0  0.00  0  0  -1.898  -2.274   2.965   0.066  -0.443   0.000 02O000M000t
00620 GLU02A0286_004 f 0.00  0.000     0  0.00  0  0  -1.898  -2.274   0.245   0.060   0.682   0.000 02O000M000t
00621 GLU-1A0286_005 f 0.00 -1.000     0  4.75  0 -1  -1.899  -2.252   0.245  -0.199  -0.066   0.000 -1O000M000t
00622 HIS01A0287_001 f 0.00  0.000     0  0.00  0  0  -4.724  -4.092   0.273   0.566   1.486   0.000 01O000M000t
00623 HIS01A0287_002 f 0.00  0.000     0  0.00  0  0  -4.148  -4.013   0.273   0.392   1.393   0.000 01R001M000t
00624 HIS02A0287_003 f 0.00  0.000     0  0.00  0  0  -4.739  -4.130   0.273   0.353   1.346   0.000 02O000M000t
00625 HIS02A0287_004 f 0.00  0.000     0  0.00  0  0  -4.162  -4.033   0.273   0.488   1.469   0.000 02R001M000t
00626 HIS+1A0287_005 f 0.00  1.000     0  6.98  0  1  -4.766  -4.156   0.273   1.279   2.197   0.000 +1O000M000t
00627 HIS+1A0287_006 f 0.00  1.000     0  6.98  0  1  -4.188  -4.042   0.273   1.359   2.625   0.000 +1R001M000t
00628 LEU01A0288_001 f 0.00  0.000     0  0.00  0  0   1.391  -5.129   0.652   0.000   0.000   0.000 01O000M000t
00629 ASN01A0290_001 f 0.00  0.000     0  0.00  0  0  -2.412  -2.744   0.351   0.233   0.172   0.000 01O000M000t
00630 ASN01A0290_002 f 0.00  0.000     0  0.00  0  0  -2.615  -1.738   0.356   0.351   0.241   0.000 01R001M000t
00631 LEU01A0291_001 f 0.00  0.000     0  0.00  0  0   0.634  -3.358   2.613   0.000   0.000   0.000 01O000M000t
00632 LEU01A0292_001 f 0.00  0.000     0  0.00  0  0  -0.416  -5.130   0.932   0.000   0.000   0.000 01O000M000t
00633 GLN01A0293_001 f 0.00  0.000     0  0.00  0  0  -3.154  -2.506   1.440   0.054   0.040   0.000 01O000M000t
00634 GLN01A0293_002 f 0.00  0.000     0  0.00  0  0  -3.056  -1.727   1.427   0.180  -0.150   0.000 01R001M000t
00635 ALA01A0294_001 f 0.00  0.000     0  0.00  0  0  -3.107  -1.430   0.000   0.000   0.000   0.000 01O000M000t
00636 ASN01A0295_001 f 0.00  0.000     0  0.00  0  0  -0.045  -3.609   1.198   0.243   1.413   0.000 01O000M000t
00637 ASN01A0295_002 f 0.00  0.000     0  0.00  0  0  -0.070  -3.183   1.199   0.237   1.760   0.000 01R001M000t
00638 ALA01A0296_001 f 0.00  0.000     0  0.00  0  0  -2.128  -1.204   0.000   0.000   0.000   0.000 01O000M000t
00639 AXI01B0001_001 f 0.00  0.002     0  0.00  0  0  14.415  -0.918   0.000  -5.497   6.291   0.124 01O000M000t
00640 AXI01B0001_002 f 0.00  0.002     0  0.00  0  0  10.144  -0.989   0.000  -5.845   6.265   0.124 01O000M000t
00641 AXI02B0001_003 f 0.00 -0.000     0  0.00  0  0  14.714 -17.223   0.000  -0.625   5.558   0.993 02O000M000t
00642 AXI02B0001_004 f 0.00 -0.000     0  0.00  0  0  10.443 -17.295   0.000  -0.953   5.452   0.993 02O000M000t
00643 AXI11B0001_005 f 0.00  1.000     0  0.00  0  0  15.069  -1.099   0.000  -5.100   7.462   3.790 11O000M000t
00644 AXI11B0001_006 f 0.00  1.000     0  0.00  0  0  10.798  -1.171   0.000  -5.495   7.350   3.790 11O000M000t
00645 AXIDMB0001_007 f 0.00  0.000     0  0.00  0  0   0.000   0.000   0.000   0.000   0.000   0.000         DMt
