CONFORMER         crg  vdw0  vdw1  tors  epol  self   occ  Hb     history    ASA
HIS01A0001_001  0.000 -9.70  0.91  0.23  0.00 -8.56 0.746  00  01O000M000  0.839
HIS01A0001_002  0.000 -9.89  1.20  0.23  0.00 -8.46 0.754  00  01R001M000  0.847
HIS02A0001_003  0.000 -9.72  0.84  0.23  0.00 -8.64 0.746  00  02O000M000  0.839
HIS02A0001_004  0.000 -9.91  1.19  0.23  0.00 -8.48 0.754  00  02R001M000  0.847
HIS+1A0001_005  1.000 -9.75  0.84  0.23  0.00 -8.67 0.746  00  +1O000M000  0.839
HIS+1A0001_006  1.000 -9.93  1.19  0.23  0.00 -8.51 0.754  00  +1R001M000  0.847
CYS01A0002_001  0.000 -1.81 -2.22  0.00  0.00 -4.03 1.000  00  01O000M000  0.256
CYS01A0002_002  0.000 -1.81 -2.23  0.00  0.00 -4.04 1.000  00  01O000M000  0.256
CYS01A0002_003  0.000 -1.81 -2.22  0.00  0.00 -4.03 1.000  00  01O000M000  0.256
CYS-1A0002_004 -1.000 -1.81 -2.19  0.00  0.00 -3.99 1.000  00  -1O000M000  0.256
GLU01A0003_001  0.000  0.35 -0.96  4.18  0.00  3.57 1.000  00  01O000M000  0.538
GLU01A0003_002  0.000  0.35 -0.96  1.46  0.00  0.85 1.000  00  01O000M000  0.538
GLU02A0003_003  0.000 -0.35 -1.48  4.18  0.00  2.35 1.000  00  02O000M000  0.557
GLU02A0003_004  0.000 -0.35 -1.48  1.46  0.00 -0.37 1.000  00  02O000M000  0.557
GLU-1A0003_005 -1.000 -0.31 -1.43  1.46  0.00 -0.29 1.000  00  -1O000M000  0.555
ARG01A0004_001  0.000 -8.27 -1.48  2.43  0.00 -7.32 1.000  00  01O000M000  0.680
ARG02A0004_002  0.000 -8.28 -1.47  2.43  0.00 -7.32 1.000  00  02O000M000  0.680
ARG03A0004_003  0.000 -8.29 -1.48  2.43  0.00 -7.35 1.000  00  03O000M000  0.680
ARG+1A0004_004  1.000 -8.33 -1.49  2.43  0.00 -7.39 1.000  00  +1O000M000  0.680
LEU01A0005_001  0.000  0.66  2.47  2.70  0.00  5.84 1.000  00  01O000M000  0.095
PRO01A0006_001  0.000 -5.19 -0.62  0.00  0.00 -5.81 1.000  00  01O000M000  0.568
TYR01A0007_001  0.000  2.38 -8.09  0.01  0.00 -5.70 1.000  00  01O000M000  0.103
TYR01A0007_002  0.000  2.38 -8.09  0.01  0.00 -5.70 1.000  00  01O000M000  0.103
TYR-1A0007_003 -1.000  2.38 -8.09  0.01  0.00 -5.70 1.000  00  -1O000M000  0.103
ASP01A0008_001  0.000 -2.57  0.59  2.77  0.00  0.78 1.000  00  01O000M000  0.582
ASP01A0008_002  0.000 -2.57  0.59  0.05  0.00 -1.94 1.000  00  01O000M000  0.582
ASP02A0008_003  0.000 -2.55 -0.20  2.77  0.00  0.03 1.000  00  02O000M000  0.580
ASP02A0008_004  0.000 -2.55 -0.20  0.05  0.00 -2.69 1.000  00  02O000M000  0.580
ASP-1A0008_005 -1.000 -2.42 -0.13  0.05  0.00 -2.50 1.000  00  -1O000M000  0.578
ALA01A0009_001  0.000 -2.93 -0.78  0.00  0.00 -3.72 1.000  00  01O000M000  0.537
SER01A0010_001  0.000 -4.47 -0.94  0.40  0.00 -5.01 0.666  00  01O000M000  0.748
SER01A0010_002  0.000 -4.47 -0.94  0.40  0.00 -5.01 0.666  00  01O000M000  0.748
SER01A0010_003  0.000 -4.47 -0.94  0.03  0.00 -5.39 0.666  00  01O000M000  0.748
LYS01A0011_001  0.000 -6.59 -1.74  0.88  0.00 -7.45 1.000  00  01O000M000  0.569
LYS+1A0011_002  1.000 -6.63 -1.75  0.88  0.00 -7.50 1.000  00  +1O000M000  0.569
TRP01A0012_001  0.000  1.52 -8.99  0.06  0.00 -7.42 1.000  00  01O000M000  0.074
GLU01A0013_001  0.000  1.51 -4.58  3.66  0.00  0.59 1.000  00  01O000M000  0.121
GLU01A0013_002  0.000  1.51 -4.58  0.94  0.00 -2.13 1.000  00  01O000M000  0.121
GLU02A0013_003  0.000  1.11 -3.61  3.66  0.00  1.16 1.000  00  02O000M000  0.118
GLU02A0013_004  0.000  1.11995.39  0.94  0.00997.44 1.000  00  02O000M000  0.118
GLU-1A0013_005 -1.000  1.04 -4.49  0.94  0.00 -2.51 1.000  00  -1O000M000  0.120
PHE01A0014_001  0.000  3.41-10.61  0.10  0.00 -7.10 1.000  00  01O000M000  0.057
PRO01A0015_001  0.000 -2.32  1.14  0.00  0.00 -1.18 1.000  00  01O000M000  0.271
ARG01A0016_001  0.000 -1.51 -3.76  1.90  0.00 -3.37 1.000  00  01O000M000  0.189
ARG02A0016_002  0.000 -1.56 -3.58  1.90  0.00 -3.24 1.000  00  02O000M000  0.189
ARG03A0016_003  0.000 -1.56 -5.41  1.90  0.00 -5.08 1.000  00  03O000M000  0.189
ARG03A0016_004  0.000 -1.56 -3.72  1.90  0.00 -3.38 1.000  00  03O000M000  0.189
ARG+1A0016_005  1.000 -1.60 -3.78  1.90  0.00 -3.49 1.000  00  +1O000M000  0.189
ASP01A0017_001  0.000 -2.79 -1.20  4.15  0.00  0.15 1.000  00  01O000M000  0.658
ASP01A0017_002  0.000 -2.79 -1.20  1.43  0.00 -2.57 1.000  00  01O000M000  0.658
ASP02A0017_003  0.000 -2.70 -1.48  4.15  0.00 -0.02 1.000  00  02O000M000  0.650
ASP02A0017_004  0.000 -2.70 -1.48  1.43  0.00 -2.74 1.000  00  02O000M000  0.650
ASP-1A0017_005 -1.000 -2.69 -1.43  1.43  0.00 -2.69 1.000  00  -1O000M000  0.642
ARG01A0018_001  0.000 -4.07 -3.52  3.54  0.00 -4.05 1.000  00  01O000M000  0.480
ARG02A0018_002  0.000 -3.97 -3.52  3.54  0.00 -3.95 1.000  00  02O000M000  0.480
ARG03A0018_003  0.000 -4.09 -3.52  3.54  0.00 -4.07 1.000  00  03O000M000  0.480
ARG+1A0018_004  1.000 -4.13 -3.53  3.54  0.00 -4.12 1.000  00  +1O000M000  0.480
LEU01A0019_001  0.000  1.72 -5.30  1.46  0.00 -2.12 1.000  00  01O000M000  0.000
LYS01A0020_001  0.000 -6.33 -1.75  2.45  0.00 -5.63 1.000  00  01O000M000  0.657
LYS+1A0020_002  1.000 -6.38 -1.80  2.45  0.00 -5.73 1.000  00  +1O000M000  0.657
LEU01A0021_001  0.000 -2.30 -2.07  0.89  0.00 -3.48 1.000  00  01O000M000  0.328
LYS01A0023_001  0.000 -8.15 -1.17  3.73  0.00 -5.58 1.000  00  01O000M000  0.763
LYS+1A0023_002  1.000 -8.19 -1.17  3.73  0.00 -5.63 1.000  00  +1O000M000  0.763
PRO01A0024_001  0.000 -3.24 -0.49  0.00  0.00 -3.73 1.000  00  01O000M000  0.360
LEU01A0025_001  0.000  1.05 -6.32  0.45  0.00 -4.82 1.000  00  01O000M000  0.027
ARG01A0027_001  0.000 -5.28 -3.89  3.94  0.00 -5.23 1.000  00  01O000M000  0.479
ARG02A0027_002  0.000 -5.32 -3.91  3.94  0.00 -5.29 1.000  00  02O000M000  0.479
ARG03A0027_003  0.000 -5.33 -3.91  3.94  0.00 -5.29 1.000  00  03O000M000  0.479
ARG+1A0027_004  1.000 -5.36 -3.91  3.94  0.00 -5.34 1.000  00  +1O000M000  0.479
ALA01A0029_001  0.000 -1.20 -0.61  0.00  0.00 -1.81 1.000  00  01O000M000  0.221
PHE01A0030_001  0.000 -1.53 -5.16  0.21  0.00 -6.49 1.000  00  01O000M000  0.390
GLN01A0032_001  0.000 -0.06 -5.13  0.71  0.00 -4.48 0.756  00  01O000M000  0.218
GLN01A0032_002  0.000  0.43 -5.11  0.72  0.00 -3.97 0.744  00  01R001M000  0.204
VAL01A0033_001  0.000  0.66 -4.47  0.06  0.00 -3.74 1.000  00  01O000M000  0.000
ILE01A0034_001  0.000  1.43 -4.35  0.82  0.00 -2.10 1.000  00  01O000M000  0.035
GLU01A0035_001  0.000 -0.13 -3.72  3.35  0.00 -0.50 1.000  00  01O000M000  0.306
GLU01A0035_002  0.000 -0.13 -3.72  0.63  0.00 -3.22 1.000  00  01O000M000  0.306
GLU02A0035_003  0.000 -0.45 -3.71  3.35  0.00 -0.81 1.000  00  02O000M000  0.317
GLU02A0035_004  0.000 -0.45 -3.71  0.63  0.00 -3.53 1.000  00  02O000M000  0.317
GLU-1A0035_005 -1.000 -0.42 -3.67  0.63  0.00 -3.46 1.000  00  -1O000M000  0.307
ALA01A0036_001  0.000  0.00 -2.57  0.00  0.00 -2.57 1.000  00  01O000M000  0.000
ASP01A0037_001  0.000 -1.97 -2.37  3.12  0.00 -1.23 1.000  00  01O000M000  0.448
ASP01A0037_002  0.000 -1.97 -2.37  0.40  0.00 -3.95 1.000  00  01O000M000  0.448
ASP02A0037_003  0.000 -1.89 -2.71  3.12  0.00 -1.49 1.000  00  02O000M000  0.466
ASP02A0037_004  0.000 -1.89 -2.71  0.40  0.00 -4.21 1.000  00  02O000M000  0.466
ASP-1A0037_005 -1.000 -1.92 -2.66  0.40  0.00 -4.18 1.000  00  -1O000M000  0.468
ALA01A0038_001  0.000  0.00 -1.79  0.00  0.00 -1.79 1.000  00  01O000M000  0.000
PHE01A0039_001  0.000 -2.81 -5.97  0.22  0.00 -8.56 1.000  00  01O000M000  0.494
ILE01A0041_001  0.000  1.28 -3.92  0.98  0.00 -1.66 1.000  00  01O000M000  0.004
ASP01A0042_001  0.000 -1.14  0.12  2.76  0.00  1.74 1.000  00  01O000M000  0.263
ASP01A0042_002  0.000 -1.14  0.12  0.04  0.00 -0.98 1.000  00  01O000M000  0.263
ASP02A0042_003  0.000 -1.11 -0.61  2.76  0.00  1.03 1.000  00  02O000M000  0.268
ASP02A0042_004  0.000 -1.11 -0.61  0.04  0.00 -1.69 1.000  00  02O000M000  0.268
ASP-1A0042_005 -1.000 -1.13 -0.55  0.04  0.00 -1.65 1.000  00  -1O000M000  0.266
LYS01A0043_001  0.000 -8.03 -1.88  1.91  0.00 -8.00 1.000  00  01O000M000  0.713
LYS+1A0043_002  1.000 -8.07 -1.88  1.91  0.00 -8.04 1.000  00  +1O000M000  0.713
THR01A0044_001  0.000 -7.12 -0.41  0.41  0.00 -7.12 0.664  00  01O000M000  0.886
THR01A0044_002  0.000 -7.12 -0.41  0.03  0.00 -7.50 0.664  00  01O000M000  0.886
ALA01A0045_001  0.000 -3.17  1.02  0.00  0.00 -2.16 1.000  00  01O000M000  0.582
THR01A0046_001  0.000 -2.57  1.11  3.17  0.00  1.71 0.669  00  01O000M000  0.336
CYS01A0047_001  0.000 -3.34 -2.47  0.56  0.00 -5.24 1.000  00  01O000M000  0.466
CYS01A0047_002  0.000 -3.34 -2.45  0.56  0.00 -5.23 1.000  00  01O000M000  0.466
CYS01A0047_003  0.000 -3.34 -2.39  0.56  0.00 -5.17 1.000  00  01O000M000  0.466
CYS-1A0047_004 -1.000 -3.34 -2.38  0.56  0.00 -5.15 1.000  00  -1O000M000  0.466
ARG01A0048_001  0.000 -1.18 -3.73  3.77  0.00 -1.14 1.000  00  01O000M000  0.246
ARG02A0048_002  0.000 -1.21 -3.63  3.77  0.00 -1.06 1.000  00  02O000M000  0.246
ARG03A0048_003  0.000 -1.21 -3.71  3.77  0.00 -1.15 1.000  00  03O000M000  0.246
ARG03A0048_004  0.000 -1.21 -3.73  3.77  0.00 -1.17 1.000  00  03O000M000  0.246
ARG+1A0048_005  1.000 -1.25 -3.74  3.77  0.00 -1.22 1.000  00  +1O000M000  0.246
THR01A0049_001  0.000 -1.93 -1.68  0.38  0.00 -3.24 0.660  00  01O000M000  0.286
THR01A0049_002  0.000 -1.93 -1.68  0.00  0.00 -3.61 0.660  00  01O000M000  0.286
VAL01A0050_001  0.000  0.49 -4.13  0.03  0.00 -3.60 1.000  00  01O000M000  0.000
ALA01A0051_001  0.000  0.00 -2.04  0.00  0.00 -2.04 1.000  00  01O000M000  0.000
VAL01A0052_001  0.000  0.47 -3.02  2.80  0.00  0.25 1.000  00  01O000M000  0.000
LYS01A0053_001  0.000  0.77 -4.90  1.73  0.00 -2.40 1.000  00  01O000M000  0.000
LYS+1A0053_002  1.000  0.72 -4.32  1.73  0.00 -1.86 1.000  00  +1O000M000  0.000
MET01A0054_001  0.000 -0.83 -3.96  0.33  0.00 -4.47 1.000  00  01O000M000  0.105
LEU01A0055_001  0.000  0.44 -2.67  0.44  0.00 -1.79 1.000  00  01O000M000  0.077
LYS01A0056_001  0.000  1.34 -5.54  4.51  0.00  0.32 1.000  00  01O000M000  0.139
LYS+1A0056_002  1.000  1.41 -5.50  4.51  0.00  0.43 1.000  00  +1O000M000  0.139
GLU01A0057_001  0.000 -3.20 -1.46  3.07  0.00 -1.59 1.000  00  01O000M000  0.979
GLU01A0057_002  0.000 -3.20 -1.46  0.35  0.00 -4.31 1.000  00  01O000M000  0.979
GLU02A0057_003  0.000 -3.44 -1.56  3.07  0.00 -1.94 1.000  00  02O000M000  0.978
GLU02A0057_004  0.000 -3.44 -1.56  0.35  0.00 -4.66 1.000  00  02O000M000  0.978
GLU-1A0057_005 -1.000 -3.40 -1.52  0.35  0.00 -4.58 1.000  00  -1O000M000  0.971
ALA01A0059_001  0.000 -0.36 -1.73  0.00  0.00 -2.09 1.000  00  01O000M000  0.062
THR01A0060_001  0.000 -4.32 -0.25  0.42  0.00 -4.15 0.665  00  01O000M000  0.546
THR01A0060_002  0.000 -4.32 -0.25  0.42  0.00 -4.15 0.665  00  01O000M000  0.546
HIS01A0061_001  0.000 -6.43 -2.32  0.03  0.00 -8.72 0.000  00  01O000M000  0.562
HIS01A0061_002  0.000 -7.04 -2.31  0.03  0.00 -9.32 1.000  00  01R001M000  0.593
HIS02A0061_003  0.000 -6.45 -2.38  0.03  0.00 -8.79 0.000  00  02O000M000  0.562
HIS02A0061_004  0.000 -7.05 -2.32  0.03  0.00 -9.35 1.000  00  02R001M000  0.593
HIS+1A0061_005  1.000 -6.47 -2.38  0.03  0.00 -8.83 0.000  00  +1O000M000  0.562
HIS+1A0061_006  1.000 -7.08 -2.34  0.03  0.00 -9.39 1.000  00  +1R001M000  0.593
SER01A0062_001  0.000 -3.20 -1.00  0.52  0.00 -3.67 0.664  00  01O000M000  0.515
SER01A0062_002  0.000 -3.20 -1.00  0.15  0.00 -4.04 0.664  00  01O000M000  0.515
GLU01A0063_001  0.000  0.65 -1.25  4.53  0.00  3.93 1.000  00  01O000M000  0.221
GLU01A0063_002  0.000  0.65 -1.25  1.81  0.00  1.21 1.000  00  01O000M000  0.221
GLU02A0063_003  0.000  0.33 -2.35  4.53  0.00  2.51 1.000  00  02O000M000  0.233
GLU02A0063_004  0.000  0.33 -2.35  1.81  0.00 -0.21 1.000  00  02O000M000  0.233
GLU-1A0063_005 -1.000  0.25 -2.29  1.81  0.00 -0.23 1.000  00  -1O000M000  0.235
HIS01A0064_001  0.000 -3.38 -2.22  0.03  0.00 -5.57 0.751  00  01O000M000  0.280
HIS01A0064_002  0.000 -2.98 -2.23  0.03  0.00 -5.18 0.749  00  01R001M000  0.251
HIS02A0064_003  0.000 -3.39 -2.30  0.03  0.00 -5.66 0.751  00  02O000M000  0.280
HIS02A0064_004  0.000 -2.99 -2.24  0.03  0.00 -5.21 0.749  00  02R001M000  0.251
HIS+1A0064_005  1.000 -3.42 -2.32  0.03  0.00 -5.71 0.751  00  +1O000M000  0.280
HIS+1A0064_006  1.000 -3.02 -2.25  0.03  0.00 -5.25 0.749  00  +1R001M000  0.251
ARG01A0065_001  0.000 -5.59 -3.24  1.70  0.00 -7.12 1.000  00  01O000M000  0.515
ARG02A0065_002  0.000 -5.58 -3.28  1.70  0.00 -7.16 1.000  00  02O000M000  0.515
ARG03A0065_003  0.000 -5.64 -3.28  1.70  0.00 -7.21 1.000  00  03O000M000  0.515
ARG+1A0065_004  1.000 -5.68 -3.28  1.70  0.00 -7.26 1.000  00  +1O000M000  0.515
ALA01A0066_001  0.000 -2.64 -1.47  0.00  0.00 -4.11 1.000  00  01O000M000  0.471
LEU01A0067_001  0.000  1.52 -6.49  0.52  0.00 -4.45 1.000  00  01O000M000  0.000
MET01A0068_001  0.000 -2.52 -3.56  0.95  0.00 -5.13 1.000  00  01O000M000  0.208
SER01A0069_001  0.000 -1.07 -2.17  0.79  0.00 -2.45 0.672  00  01O000M000  0.177
GLU01A0070_001  0.000  1.34 -3.08  3.23  0.00  1.49 1.000  00  01O000M000  0.089
GLU01A0070_002  0.000  1.34 -3.08  0.51  0.00 -1.23 1.000  00  01O000M000  0.089
GLU02A0070_003  0.000  1.04 -3.06  3.23  0.00  1.21 1.000  00  02O000M000  0.085
GLU02A0070_004  0.000  1.04 -3.06  0.51  0.00 -1.51 1.000  00  02O000M000  0.085
GLU-1A0070_005 -1.000  0.96 -3.00  0.51  0.00 -1.54 1.000  00  -1O000M000  0.086
LEU01A0071_001  0.000  1.66 -4.26  0.63  0.00 -1.97 1.000  00  01O000M000  0.000
LYS01A0072_001  0.000 -1.19 -9.36  1.02  0.00 -9.52 1.000  00  01O000M000  0.155
LYS+1A0072_002  1.000 -1.23 -9.40  1.02  0.00 -9.60 1.000  00  +1O000M000  0.155
ILE01A0073_001  0.000 -1.77  6.34  1.82  0.00  6.39 1.000  00  01O000M000  0.223
LEU01A0074_001  0.000  1.26 -3.38  0.72  0.00 -1.41 1.000  00  01O000M000  0.010
ILE01A0075_001  0.000  1.28 -3.12  0.47  0.00 -1.37 1.000  00  01O000M000  0.083
HIS01A0076_001  0.000 -3.00 -3.05  0.42  0.00 -5.63 1.000  00  01O000M000  0.246
HIS02A0076_002  0.000 -3.02 -3.42  0.42  0.00 -6.02 1.000  00  02O000M000  0.246
HIS+1A0076_003  1.000 -3.04 -3.09  0.42  0.00 -5.71 1.000  00  +1O000M000  0.246
ILE01A0077_001  0.000  0.87 -2.39  1.02  0.00 -0.49 1.000  00  01O000M000  0.045
HIS01A0079_001  0.000 -8.61 -2.56  0.22  0.00-10.96 0.748  00  01O000M000  0.733
HIS01A0079_002  0.000 -8.65 -2.59  0.22  0.00-11.02 0.752  00  01R001M000  0.756
HIS02A0079_003  0.000 -8.63 -2.61  0.22  0.00-11.02 0.748  00  02O000M000  0.733
HIS02A0079_004  0.000 -8.66 -2.61  0.22  0.00-11.06 0.752  00  02R001M000  0.756
HIS+1A0079_005  1.000 -8.66 -2.61  0.22  0.00-11.05 0.748  00  +1O000M000  0.733
HIS+1A0079_006  1.000 -8.69 -2.62  0.22  0.00-11.09 0.752  00  +1R001M000  0.756
HIS01A0080_001  0.000 -2.06 -5.71  0.16  0.00 -7.60 1.000  00  01O000M000  0.164
HIS02A0080_002  0.000 -2.07 -5.80  0.16  0.00 -7.71 1.000  00  02O000M000  0.164
HIS+1A0080_003  1.000 -2.10 -5.82  0.16  0.00 -7.75 1.000  00  +1O000M000  0.164
LEU01A0081_001  0.000 -4.83 -0.76  0.54  0.00 -5.05 1.000  00  01O000M000  0.535
ASN01A0082_001  0.000 -0.09 -5.09  0.74  0.00 -4.44 0.740  00  01O000M000  0.061
ASN01A0082_002  0.000  0.14 -5.71  0.71  0.00 -4.85 0.760  00  01R001M000  0.050
VAL01A0083_001  0.000  0.46 -4.30  0.00  0.00 -3.84 1.000  00  01O000M000  0.025
VAL01A0084_001  0.000  0.52 -1.48  1.06  0.00  0.10 1.000  00  01O000M000  0.000
ASN01A0085_001  0.000 -0.24 -4.14  0.89  0.00 -3.50 0.750  00  01O000M000  0.157
ASN01A0085_002  0.000 -0.35 -2.68  0.91  0.00 -2.12 0.750  00  01R001M000  0.129
LEU01A0086_001  0.000  1.79 -5.88  0.57  0.00 -3.51 1.000  00  01O000M000  0.009
LEU01A0087_001  0.000  0.82 -6.23  0.41  0.00 -5.00 1.000  00  01O000M000  0.074
ALA01A0089_001  0.000  0.00 -1.71  0.00  0.00 -1.71 1.000  00  01O000M000  0.000
CYS01A0090_001  0.000 -0.00 -3.15  0.23  0.00 -2.92 1.000  00  01O000M000  0.000
CYS01A0090_002  0.000 -0.00 -3.12  0.23  0.00 -2.89 1.000  00  01O000M000  0.000
CYS01A0090_003  0.000 -0.00 -3.10  0.23  0.00 -2.87 1.000  00  01O000M000  0.000
CYS-1A0090_004 -1.000  0.00 -3.04  0.23  0.00 -2.80 1.000  00  -1O000M000  0.000
THR01A0091_001  0.000 -0.46 -0.52  0.56  0.00 -0.42 0.669  00  01O000M000  0.100
THR01A0091_002  0.000 -0.46 -0.52  0.56  0.00 -0.42 0.669  00  01O000M000  0.100
THR01A0091_003  0.000 -0.46 -0.52  0.18  0.00 -0.80 0.669  00  01O000M000  0.100
LYS01A0092_001  0.000 -4.89 -1.90  3.61  0.00 -3.17 1.000  00  01O000M000  0.622
LYS+1A0092_002  1.000 -4.95 -1.92  3.61  0.00 -3.26 1.000  00  +1O000M000  0.622
PRO01A0093_001  0.000 -6.94  0.23  0.00  0.00 -6.71 1.000  00  01O000M000  0.759
PRO01A0096_001  0.000 -3.00 -1.60  0.00  0.00 -4.60 1.000  00  01O000M000  0.339
LEU01A0097_001  0.000  1.72 -5.78  0.50  0.00 -3.56 1.000  00  01O000M000  0.004
MET01A0098_001  0.000  0.26 -4.29  2.03  0.00 -2.00 1.000  00  01O000M000  0.010
VAL01A0099_001  0.000  0.57 -3.09  0.00  0.00 -2.53 1.000  00  01O000M000  0.000
ILE01A0100_001  0.000  1.43 -4.63  0.82  0.00 -2.38 1.000  00  01O000M000  0.000
VAL01A0101_001  0.000  0.47 -2.10  0.01  0.00 -1.63 1.000  00  01O000M000  0.000
GLU01A0102_001  0.000  0.50 -4.40  3.88  0.00 -0.02 1.000  00  01O000M000  0.174
GLU01A0102_002  0.000  0.50 -4.40  1.16  0.00 -2.74 1.000  00  01O000M000  0.174
GLU02A0102_003  0.000  0.36 -4.11  3.88  0.00  0.14 1.000  00  02O000M000  0.174
GLU02A0102_004  0.000  0.36 -4.11  1.16  0.00 -2.58 1.000  00  02O000M000  0.174
GLU-1A0102_005 -1.000  0.19 -4.34  1.16  0.00 -2.99 1.000  00  -1O000M000  0.186
PHE01A0103_001  0.000  2.50 -7.54  0.01  0.00 -5.03 1.000  00  01O000M000  0.124
CYS01A0104_001  0.000 -0.00 -3.67  0.01  0.00 -3.66 1.000  00  01O000M000  0.000
CYS01A0104_002  0.000 -0.00 -3.72  0.01  0.00 -3.71 1.000  00  01O000M000  0.000
CYS01A0104_003  0.000 -0.00 -3.67  0.01  0.00 -3.66 1.000  00  01O000M000  0.000
CYS-1A0104_004 -1.000  0.00 -3.62  0.01  0.00 -3.61 1.000  00  -1O000M000  0.000
LYS01A0105_001  0.000 -5.12 -1.17  2.74  0.00 -3.55 1.000  00  01O000M000  0.544
LYS+1A0105_002  1.000 -5.18 -1.17  2.74  0.00 -3.61 1.000  00  +1O000M000  0.544
PHE01A0106_001  0.000 -1.25 -4.85  0.02  0.00 -6.07 1.000  00  01O000M000  0.371
ASN01A0108_001  0.000 -0.53 -5.15  2.51  0.00 -3.16 0.750  00  01O000M000  0.196
ASN01A0108_002  0.000 -0.49 -3.66  2.51  0.00 -1.64 0.750  00  01R001M000  0.184
LEU01A0109_001  0.000  1.54 -4.80  0.81  0.00 -2.45 1.000  00  01O000M000  0.000
SER01A0110_001  0.000 -0.52 -2.56  0.41  0.00 -2.67 0.672  00  01O000M000  0.084
SER01A0110_002  0.000 -0.52 -2.56  0.41  0.00 -2.67 0.672  00  01O000M000  0.084
THR01A0111_001  0.000 -4.55 -1.34  0.38  0.00 -5.51 0.663  00  01O000M000  0.563
THR01A0111_002  0.000 -4.55 -1.34  0.38  0.00 -5.51 0.663  00  01O000M000  0.563
THR01A0111_003  0.000 -4.55 -1.34  0.00  0.00 -5.89 0.663  00  01O000M000  0.563
TYR01A0112_001  0.000  2.21 -5.72  0.02  0.00 -3.49 1.000  00  01O000M000  0.130
TYR-1A0112_002 -1.000  2.21 -5.72  0.02  0.00 -3.49 1.000  00  -1O000M000  0.130
LEU01A0113_001  0.000  1.50 -5.64  0.44  0.00 -3.71 1.000  00  01O000M000  0.000
ARG01A0114_001  0.000 -2.29 -6.18  2.50  0.00 -5.97 1.000  00  01O000M000  0.431
ARG02A0114_002  0.000 -2.31 -6.17  2.50  0.00 -5.97 1.000  00  02O000M000  0.431
ARG03A0114_003  0.000 -2.33 -6.16  2.50  0.00 -5.99 1.000  00  03O000M000  0.431
ARG+1A0114_004  1.000 -2.37 -6.21  2.50  0.00 -6.08 1.000  00  +1O000M000  0.431
SER01A0115_001  0.000 -2.58  0.98  1.23  0.00 -0.37 0.670  00  01O000M000  0.448
SER01A0115_002  0.000 -2.58  0.98  0.85  0.00 -0.75 0.670  00  01O000M000  0.448
LYS01A0116_001  0.000 -0.19 -0.21  1.29  0.00  0.88 1.000  00  01O000M000  0.059
LYS+1A0116_002  1.000 -0.24  2.73  1.29  0.00  3.77 1.000  00  +1O000M000  0.059
ARG01A0117_001  0.000 -3.44 -6.93  0.98  0.00 -9.40 1.000  00  01O000M000  0.368
ARG02A0117_002  0.000 -3.40 -7.06  0.98  0.00 -9.49 1.000  00  02O000M000  0.368
ARG03A0117_003  0.000 -3.47 -7.01  0.98  0.00 -9.50 1.000  00  03O000M000  0.368
ARG+1A0117_004  1.000 -3.51 -7.07  0.98  0.00 -9.60 1.000  00  +1O000M000  0.368
ASN01A0118_001  0.000 -3.43 -0.65  1.09  0.00 -2.99 0.751  00  01O000M000  0.823
ASN01A0118_002  0.000 -3.74 -0.31  1.08  0.00 -2.97 0.749  00  01R001M000  0.829
GLU01A0119_001  0.000 -1.05 -1.68  3.84  0.00  1.11 1.000  00  01O000M000  0.477
GLU01A0119_002  0.000 -1.05 -1.68  1.12  0.00 -1.61 1.000  00  01O000M000  0.477
GLU02A0119_003  0.000 -1.00 -1.67  3.84  0.00  1.17 1.000  00  02O000M000  0.455
GLU02A0119_004  0.000 -1.00 -1.67  1.12  0.00 -1.55 1.000  00  02O000M000  0.455
GLU-1A0119_005 -1.000 -1.13 -1.62  1.12  0.00 -1.63 1.000  00  -1O000M000  0.458
PHE01A0120_001  0.000  3.79-10.52  0.10  0.00 -6.63 1.000  00  01O000M000  0.022
VAL01A0121_001  0.000 -0.88 -2.06  0.00  0.00 -2.94 1.000  00  01O000M000  0.159
PRO01A0122_001  0.000 -4.37  0.00  0.00  0.00 -4.37 1.000  00  01O000M000  0.466
TYR01A0123_001  0.000 -4.96 -3.36  0.10  0.00 -8.22 1.000  00  01O000M000  0.595
TYR-1A0123_002 -1.000 -4.96 -3.36  0.10  0.00 -8.22 1.000  00  -1O000M000  0.595
TYR01A0124_001  0.000 -5.58 -0.42  0.00  0.00 -6.00 1.000  00  01O000M000  0.704
TYR01A0124_002  0.000 -5.58 -0.42  0.00  0.00 -6.00 1.000  00  01O000M000  0.704
TYR-1A0124_003 -1.000 -5.58 -0.42  0.00  0.00 -6.00 1.000  00  -1O000M000  0.704
LYS01A0125_001  0.000 -8.19 -1.36  4.04  0.00 -5.50 1.000  00  01O000M000  0.827
LYS+1A0125_002  1.000 -8.24 -1.36  4.04  0.00 -5.56 1.000  00  +1O000M000  0.827
ASP01A0126_001  0.000 -2.95  6.65  2.84  0.00  6.54 1.000  00  01O000M000  0.670
ASP01A0126_002  0.000 -2.95  6.65  0.12  0.00  3.82 1.000  00  01O000M000  0.670
ASP02A0126_003  0.000 -2.95  6.15  2.84  0.00  6.04 1.000  00  02O000M000  0.686
ASP02A0126_004  0.000 -2.95  6.15  0.12  0.00  3.32 1.000  00  02O000M000  0.686
ASP-1A0126_005 -1.000 -2.92  6.19  0.12  0.00  3.39 1.000  00  -1O000M000  0.678
PHE01A0127_001  0.000  0.65  0.65  1.62  0.00  2.92 1.000  00  01O000M000  0.231
LEU01A0128_001  0.000  2.12 -3.52  0.99  0.00 -0.42 1.000  00  01O000M000  0.013
THR01A0129_001  0.000 -0.93 -2.83  0.45  0.00 -3.32 0.621  00  01O000M000  0.155
THR01A0129_002  0.000 -0.93 -2.83  0.07  0.00 -3.69 0.621  00  01O000M000  0.155
LEU01A0130_001  0.000  1.35 -3.70  0.46  0.00 -1.90 1.000  00  01O000M000  0.036
GLU01A0131_001  0.000 -0.26 -1.99  3.13  0.00  0.88 1.000  00  01O000M000  0.475
GLU01A0131_002  0.000 -0.26 -1.99  0.41  0.00 -1.84 1.000  00  01O000M000  0.475
GLU02A0131_003  0.000 -0.65 -1.98  3.13  0.00  0.50 1.000  00  02O000M000  0.468
GLU02A0131_004  0.000 -0.65 -1.98  0.41  0.00 -2.22 1.000  00  02O000M000  0.468
GLU-1A0131_005 -1.000 -0.68 -1.95  0.41  0.00 -2.22 1.000  00  -1O000M000  0.472
HIS01A0132_001  0.000 -2.40 -3.87  0.17  0.00 -6.11 1.000  00  01O000M000  0.194
HIS02A0132_002  0.000 -2.42 -4.06  0.17  0.00 -6.31 1.000  00  02O000M000  0.194
HIS+1A0132_003  1.000 -2.45 -4.07  0.17  0.00 -6.35 1.000  00  +1O000M000  0.194
LEU01A0133_001  0.000  1.57 -4.06  2.01  0.00 -0.48 1.000  00  01O000M000  0.000
ILE01A0134_001  0.000  1.62 -3.59  0.46  0.00 -1.51 1.000  00  01O000M000  0.004
CYS01A0135_001  0.000 -1.79 -2.36  0.00  0.00 -4.14 1.000  00  01O000M000  0.258
CYS01A0135_002  0.000 -1.79 -2.31  0.00  0.00 -4.09 1.000  00  01O000M000  0.258
CYS01A0135_003  0.000 -1.79 -2.29  0.00  0.00 -4.08 1.000  00  01O000M000  0.258
CYS-1A0135_004 -1.000 -1.79 -2.27  0.00  0.00 -4.05 1.000  00  -1O000M000  0.258
TYR01A0136_001  0.000  3.97 -6.52  0.00  0.00 -2.54 1.000  00  01O000M000  0.000
TYR01A0136_002  0.000  3.97 -6.52  0.00  0.00 -2.54 1.000  00  01O000M000  0.000
TYR-1A0136_003 -1.000  3.97 -6.52  0.00  0.00 -2.54 1.000  00  -1O000M000  0.000
SER01A0137_001  0.000  0.00 -1.49  0.38  0.00 -1.11 0.664  00  01O000M000  0.000
SER01A0137_002  0.000  0.00 -1.49  0.38  0.00 -1.11 0.664  00  01O000M000  0.000
PHE01A0138_001  0.000  0.97 -8.27  0.20  0.00 -7.09 1.000  00  01O000M000  0.222
GLN01A0139_001  0.000  0.23 -3.85  1.59  0.00 -2.04 0.749  00  01O000M000  0.101
GLN01A0139_002  0.000  0.32 -2.45  1.62  0.00 -0.51 0.751  00  01R001M000  0.098
VAL01A0140_001  0.000  0.56 -1.22  0.07  0.00 -0.60 1.000  00  01O000M000  0.000
ALA01A0141_001  0.000  0.00 -2.64  0.00  0.00 -2.64 1.000  00  01O000M000  0.000
LYS01A0142_001  0.000 -3.19 -3.37  2.01  0.00 -4.55 1.000  00  01O000M000  0.334
LYS+1A0142_002  1.000 -3.24 -3.37  2.01  0.00 -4.60 1.000  00  +1O000M000  0.334
MET01A0144_001  0.000  0.42 -5.02  0.44  0.00 -4.16 1.000  00  01O000M000  0.000
GLU01A0145_001  0.000 -0.67 -4.68  3.71  0.00 -1.63 1.000  00  01O000M000  0.342
GLU01A0145_002  0.000 -0.67 -4.68  0.99  0.00 -4.35 1.000  00  01O000M000  0.342
GLU02A0145_003  0.000 -0.88 -4.55  3.71  0.00 -1.71 1.000  00  02O000M000  0.369
GLU02A0145_004  0.000 -0.88 -4.55  0.99  0.00 -4.43 1.000  00  02O000M000  0.369
GLU-1A0145_005 -1.000 -0.91 -4.60  0.99  0.00 -4.51 1.000  00  -1O000M000  0.353
PHE01A0146_001  0.000  1.55 -7.99  0.02  0.00 -6.41 1.000  00  01O000M000  0.187
LEU01A0147_001  0.000  1.53 -5.06  0.98  0.00 -2.56 1.000  00  01O000M000  0.026
ALA01A0148_001  0.000 -1.18 -1.87  0.00  0.00 -3.06 1.000  00  01O000M000  0.217
SER01A0149_001  0.000 -2.67 -0.15  1.40  0.00 -1.42 0.667  00  01O000M000  0.438
SER01A0149_002  0.000 -2.67 -0.15  1.40  0.00 -1.42 0.667  00  01O000M000  0.438
SER01A0149_003  0.000 -2.67 -0.15  1.03  0.00 -1.80 0.667  00  01O000M000  0.438
ARG01A0150_001  0.000 -2.41 18.87  3.01  0.00 19.46 1.000  00  01O000M000  0.374
ARG02A0150_002  0.000 -2.40 18.85  3.01  0.00 19.45 1.000  00  02O000M000  0.374
ARG03A0150_003  0.000 -2.46 18.84  3.01  0.00 19.38 1.000  00  03O000M000  0.374
ARG+1A0150_004  1.000 -2.50 18.83  3.01  0.00 19.34 1.000  00  +1O000M000  0.374
LYS01A0151_001  0.000 -9.01  0.64  1.17  0.00 -7.19 1.000  00  01O000M000  0.837
LYS+1A0151_002  1.000 -9.07  0.64  1.17  0.00 -7.26 1.000  00  +1O000M000  0.837
CYS01A0152_001  0.000 -0.24 -3.07  0.19  0.00 -3.12 1.000  00  01O000M000  0.032
CYS01A0152_002  0.000 -0.24 -3.17  0.19  0.00 -3.22 1.000  00  01O000M000  0.032
CYS01A0152_003  0.000 -0.24 -3.07  0.19  0.00 -3.12 1.000  00  01O000M000  0.032
CYS-1A0152_004 -1.000 -0.24 -3.03  0.19  0.00 -3.08 1.000  00  -1O000M000  0.032
ILE01A0153_001  0.000  1.54 -4.37  0.56  0.00 -2.27 1.000  00  01O000M000  0.106
HIS01A0154_001  0.000 -0.51 -4.28  0.43  0.00 -4.36 1.000  00  01O000M000  0.028
HIS02A0154_002  0.000 -0.53 -4.53  0.43  0.00 -4.63 1.000  00  02O000M000  0.028
HIS+1A0154_003  1.000 -0.55 -4.30  0.43  0.00 -4.43 1.000  00  +1O000M000  0.028
ARG01A0155_001  0.000 -6.53  0.03  0.44  0.00 -6.05 1.000  00  01O000M000  0.525
ARG02A0155_002  0.000 -6.45  0.05  0.44  0.00 -5.95 1.000  00  02O000M000  0.525
ARG03A0155_003  0.000 -6.55  0.03  0.44  0.00 -6.08 1.000  00  03O000M000  0.525
ARG+1A0155_004  1.000 -6.59  0.02  0.44  0.00 -6.13 1.000  00  +1O000M000  0.525
ASP01A0156_001  0.000 -0.38  0.12  3.41  0.00  3.15 1.000  00  01O000M000  0.089
ASP01A0156_002  0.000 -0.38  0.12  0.69  0.00  0.43 1.000  00  01O000M000  0.089
ASP02A0156_003  0.000 -0.35 -0.24  3.41  0.00  2.81 1.000  00  02O000M000  0.098
ASP02A0156_004  0.000 -0.35 -0.24  0.69  0.00  0.09 1.000  00  02O000M000  0.098
ASP-1A0156_005 -1.000 -0.38 -0.18  0.69  0.00  0.13 1.000  00  -1O000M000  0.092
LEU01A0157_001  0.000  1.39 -5.55  0.62  0.00 -3.55 1.000  00  01O000M000  0.000
ALA01A0158_001  0.000  0.00 -0.82  0.00  0.00 -0.82 1.000  00  01O000M000  0.000
ALA01A0159_001  0.000  0.00 -1.92  0.00  0.00 -1.92 1.000  00  01O000M000  0.000
ARG01A0160_001  0.000  0.73 -4.03  0.99  0.00 -2.31 1.000  00  01O000M000  0.054
ARG02A0160_002  0.000  0.71 -4.02  0.99  0.00 -2.32 1.000  00  02O000M000  0.054
ARG02A0160_003  0.000  0.80 -4.02  0.99  0.00 -2.24 1.000  00  02O000M000  0.054
ARG03A0160_004  0.000  0.71 -4.01  0.99  0.00 -2.32 1.000  00  03O000M000  0.054
ARG03A0160_005  0.000  0.71 -4.02  0.99  0.00 -2.32 1.000  00  03O000M000  0.054
ARG+1A0160_006  1.000  0.67 -4.04  0.99  0.00 -2.39 1.000  00  +1O000M000  0.054
ASN01A0161_001  0.000  0.29 -1.59  1.10  0.00 -0.20 0.748  00  01O000M000  0.000
ASN01A0161_002  0.000  0.09 -1.15  1.09  0.00  0.04 0.752  00  01R001M000  0.000
ILE01A0162_001  0.000  1.12 -4.86  0.49  0.00 -3.25 1.000  00  01O000M000  0.000
LEU01A0163_001  0.000  1.86 -6.24  0.62  0.00 -3.76 1.000  00  01O000M000  0.000
LEU01A0164_001  0.000  1.51 -5.24  0.64  0.00 -3.09 1.000  00  01O000M000  0.017
SER01A0165_001  0.000 -0.30 -1.76  0.94  0.00 -1.12 0.672  00  01O000M000  0.050
SER01A0165_002  0.000 -0.30 -1.76  0.94  0.00 -1.12 0.672  00  01O000M000  0.050
GLU01A0166_001  0.000 -1.03 16.48  8.18  0.00 23.63 1.000  00  01O000M000  0.562
GLU01A0166_002  0.000 -1.03 16.48  5.46  0.00 20.91 1.000  00  01O000M000  0.562
GLU02A0166_003  0.000 -1.30 16.50  8.18  0.00 23.39 1.000  00  02O000M000  0.585
GLU02A0166_004  0.000 -1.30 16.50  5.46  0.00 20.67 1.000  00  02O000M000  0.585
GLU-1A0166_005 -1.000 -1.35 16.53  5.46  0.00 20.64 1.000  00  -1O000M000  0.583
LYS01A0167_001  0.000 -8.70  0.60  1.50  0.00 -6.59 1.000  00  01O000M000  0.806
LYS+1A0167_002  1.000 -8.76  0.60  1.50  0.00 -6.65 1.000  00  +1O000M000  0.806
ASN01A0168_001  0.000 -1.14  0.06  1.03  0.00 -0.06 0.753  00  01O000M000  0.363
ASN01A0168_002  0.000 -1.17  0.29  1.07  0.00  0.20 0.747  00  01R001M000  0.317
VAL01A0169_001  0.000 -1.17 -2.61  0.04  0.00 -3.73 1.000  00  01O000M000  0.155
VAL01A0170_001  0.000  0.49 -4.88  0.19  0.00 -4.19 1.000  00  01O000M000  0.000
LYS01A0171_001  0.000  1.20 -7.01  1.54  0.00 -4.27 1.000  00  01O000M000  0.016
LYS+1A0171_002  1.000  1.14 -7.03  1.54  0.00 -4.35 1.000  00  +1O000M000  0.016
ILE01A0172_001  0.000  1.37 -4.11  0.53  0.00 -2.21 1.000  00  01O000M000  0.017
CYS01A0173_001  0.000 -0.00 -3.06  0.54  0.00 -2.52 1.000  00  01O000M000  0.000
CYS01A0173_002  0.000 -0.00 -3.00  0.54  0.00 -2.47 1.000  00  01O000M000  0.000
CYS01A0173_003  0.000 -0.00 -2.89  0.54  0.00 -2.35 1.000  00  01O000M000  0.000
CYS-1A0173_004 -1.000  0.00 -2.85  0.54  0.00 -2.31 1.000  00  -1O000M000  0.000
ASP01A0174_001  0.000 -0.80 -0.68  3.18  0.00  1.70 1.000  00  01O000M000  0.198
ASP01A0174_002  0.000 -0.80 -0.68  0.46  0.00 -1.02 1.000  00  01O000M000  0.198
ASP02A0174_003  0.000 -0.74 -1.51  3.18  0.00  0.94 1.000  00  02O000M000  0.198
ASP02A0174_004  0.000 -0.74 -1.51  0.46  0.00 -1.78 1.000  00  02O000M000  0.198
ASP-1A0174_005 -1.000 -0.77 -1.42  0.46  0.00 -1.73 1.000  00  -1O000M000  0.195
PHE01A0175_001  0.000  3.32 -6.68  1.02  0.00 -2.33 1.000  00  01O000M000  0.049
LEU01A0177_001  0.000 -0.49 -1.90  2.34  0.00 -0.05 1.000  00  01O000M000  0.225
ALA01A0178_001  0.000  0.00 -2.23  0.00  0.00 -2.23 1.000  00  01O000M000  0.000
ARG01A0179_001  0.000  1.13 -5.65  1.02  0.00 -3.50 1.000  00  01O000M000  0.087
ARG02A0179_002  0.000  1.10 -5.62  1.02  0.00 -3.50 1.000  00  02O000M000  0.087
ARG02A0179_003  0.000  1.15 -5.64  1.02  0.00 -3.47 1.000  00  02O000M000  0.087
ARG03A0179_004  0.000  1.09 -5.56  1.02  0.00 -3.45 1.000  00  03O000M000  0.087
ARG+1A0179_005  1.000  1.05 -5.66  1.02  0.00 -3.59 1.000  00  +1O000M000  0.087
ASP01A0180_001  0.000 -0.58 -1.44  3.44  0.00  1.42 1.000  00  01O000M000  0.138
ASP01A0180_002  0.000 -0.58 -1.44  0.72  0.00 -1.30 1.000  00  01O000M000  0.138
ASP02A0180_003  0.000 -0.52 -1.92  3.44  0.00  1.00 1.000  00  02O000M000  0.142
ASP02A0180_004  0.000 -0.52 -1.92  0.72  0.00 -1.72 1.000  00  02O000M000  0.142
ASP-1A0180_005 -1.000 -0.55 -1.84  0.72  0.00 -1.67 1.000  00  -1O000M000  0.140
ILE01A0181_001  0.000 -1.49 -2.72  0.45  0.00 -3.75 1.000  00  01O000M000  0.278
TYR01A0182_001  0.000 -4.07  4.67  0.93  0.00  1.53 1.000  00  01O000M000  0.568
TYR-1A0182_002 -1.000 -4.07  4.67  0.93  0.00  1.53 1.000  00  -1O000M000  0.568
LYS01A0183_001  0.000 -6.39 -1.00  3.45  0.00 -3.94 1.000  00  01O000M000  0.673
LYS+1A0183_002  1.000 -6.45 -1.01  3.45  0.00 -4.01 1.000  00  +1O000M000  0.673
ASP01A0184_001  0.000 -0.74 -1.25  3.65  0.00  1.65 1.000  00  01O000M000  0.232
ASP01A0184_002  0.000 -0.74 -1.25  0.93  0.00 -1.07 1.000  00  01O000M000  0.232
ASP02A0184_003  0.000 -0.70 -1.97  3.65  0.00  0.97 1.000  00  02O000M000  0.242
ASP02A0184_004  0.000 -0.70 -1.97  0.93  0.00 -1.75 1.000  00  02O000M000  0.242
ASP-1A0184_005 -1.000 -0.78 -1.91  0.93  0.00 -1.76 1.000  00  -1O000M000  0.236
PRO01A0185_001  0.000 -6.02  0.97  0.00  0.00 -5.05 1.000  00  01O000M000  0.649
ASP01A0186_001  0.000 -0.38 -0.88  2.91  0.00  1.66 1.000  00  01O000M000  0.105
ASP01A0186_002  0.000 -0.38 -0.88  0.19  0.00 -1.06 1.000  00  01O000M000  0.105
ASP02A0186_003  0.000 -0.37 -1.17  2.91  0.00  1.37 1.000  00  02O000M000  0.118
ASP02A0186_004  0.000 -0.37 -1.17  0.19  0.00 -1.35 1.000  00  02O000M000  0.118
ASP-1A0186_005 -1.000 -0.43 -1.12  0.19  0.00 -1.37 1.000  00  -1O000M000  0.117
TYR01A0187_001  0.000  3.40 -8.56  0.00  0.00 -5.15 1.000  00  01O000M000  0.029
TYR01A0187_002  0.000  3.40 -8.56  0.00  0.00 -5.15 1.000  00  01O000M000  0.029
TYR-1A0187_003 -1.000  3.40 -8.56  0.00  0.00 -5.15 1.000  00  -1O000M000  0.029
VAL01A0188_001  0.000 -1.40 -2.49  0.01  0.00 -3.87 1.000  00  01O000M000  0.204
ARG01A0189_001  0.000 -7.63 -1.52  4.09  0.00 -5.06 1.000  00  01O000M000  0.809
ARG02A0189_002  0.000 -7.66 -1.52  4.09  0.00 -5.09 1.000  00  02O000M000  0.809
ARG03A0189_003  0.000 -7.66 -1.52  4.09  0.00 -5.10 1.000  00  03O000M000  0.809
ARG+1A0189_004  1.000 -7.71 -1.53  4.09  0.00 -5.15 1.000  00  +1O000M000  0.809
LYS01A0190_001  0.000 -1.90 -2.04  3.47  0.00 -0.47 1.000  00  01O000M000  0.289
LYS+1A0190_002  1.000 -1.95 -2.06  3.47  0.00 -0.54 1.000  00  +1O000M000  0.289
ASP01A0192_001  0.000 -4.12  1.04  4.98  0.00  1.90 1.000  00  01O000M000  1.020
ASP01A0192_002  0.000 -4.12  1.04  2.26  0.00 -0.82 1.000  00  01O000M000  1.020
ASP02A0192_003  0.000 -4.02  1.03  4.98  0.00  1.98 1.000  00  02O000M000  1.015
ASP02A0192_004  0.000 -4.02  1.03  2.26  0.00 -0.74 1.000  00  02O000M000  1.015
ASP-1A0192_005 -1.000 -4.00  1.04  2.26  0.00 -0.70 1.000  00  -1O000M000  1.005
ALA01A0193_001  0.000 -1.97 -0.98  0.00  0.00 -2.96 1.000  00  01O000M000  0.355
ARG01A0194_001  0.000 -2.48 -6.41  3.04  0.00 -5.85 1.000  00  01O000M000  0.350
ARG02A0194_002  0.000 -2.51 -6.43  3.04  0.00 -5.90 1.000  00  02O000M000  0.350
ARG03A0194_003  0.000 -2.51 -6.37  3.04  0.00 -5.85 1.000  00  03O000M000  0.350
ARG+1A0194_004  1.000 -2.55 -6.45  3.04  0.00 -5.96 1.000  00  +1O000M000  0.350
LEU01A0195_001  0.000 -0.52 -2.03  0.46  0.00 -2.09 1.000  00  01O000M000  0.158
PRO01A0196_001  0.000 -0.28  1.18  0.00  0.00  0.90 1.000  00  01O000M000  0.050
LEU01A0197_001  0.000  1.61 -1.74  1.57  0.00  1.44 1.000  00  01O000M000  0.026
LYS01A0198_001  0.000  0.34 -4.50  2.39  0.00 -1.77 1.000  00  01O000M000  0.092
LYS+1A0198_002  1.000  0.29 -4.57  2.39  0.00 -1.88 1.000  00  +1O000M000  0.092
TRP01A0199_001  0.000  2.54-10.66  0.42  0.00 -7.70 1.000  00  01O000M000  0.003
MET01A0200_001  0.000 -0.07 -6.77  1.40  0.00 -5.44 1.000  00  01O000M000  0.013
ALA01A0201_001  0.000  0.00 -1.88  0.00  0.00 -1.88 1.000  00  01O000M000  0.000
PRO01A0202_001  0.000 -0.14 -1.48  0.00  0.00 -1.62 1.000  00  01O000M000  0.037
GLU01A0203_001  0.000  2.32 -2.49  4.48  0.00  4.32 1.000  00  01O000M000  0.066
GLU01A0203_002  0.000  2.32 -2.49  1.76  0.00  1.60 1.000  00  01O000M000  0.066
GLU02A0203_003  0.000  1.80 -3.00  4.48  0.00  3.28 1.000  00  02O000M000  0.070
GLU02A0203_004  0.000  1.80 -3.00  1.76  0.00  0.56 1.000  00  02O000M000  0.070
GLU-1A0203_005 -1.000  1.73 -2.87  1.76  0.00  0.63 1.000  00  -1O000M000  0.072
THR01A0204_001  0.000  0.49 -2.56  0.41  0.00 -1.67 0.663  00  01O000M000  0.006
THR01A0204_002  0.000  0.49 -2.56  0.41  0.00 -1.67 0.663  00  01O000M000  0.006
THR01A0204_003  0.000  0.49 -2.56  0.03  0.00 -2.04 0.663  00  01O000M000  0.006
ILE01A0205_001  0.000  1.83 -4.52  0.53  0.00 -2.16 1.000  00  01O000M000  0.023
PHE01A0206_001  0.000  1.69 -3.00  0.17  0.00 -1.13 1.000  00  01O000M000  0.183
ASP01A0207_001  0.000 -2.57 -0.24  3.24  0.00  0.42 1.000  00  01O000M000  0.594
ASP01A0207_002  0.000 -2.57 -0.24  0.52  0.00 -2.30 1.000  00  01O000M000  0.594
ASP02A0207_003  0.000 -2.34 -0.79  3.24  0.00  0.11 1.000  00  02O000M000  0.551
ASP02A0207_004  0.000 -2.34 -0.79  0.52  0.00 -2.61 1.000  00  02O000M000  0.551
ASP-1A0207_005 -1.000 -2.35 -0.71  0.52  0.00 -2.54 1.000  00  -1O000M000  0.561
ARG01A0208_001  0.000 -8.08 -0.95  1.92  0.00 -7.11 1.000  00  01O000M000  0.707
ARG02A0208_002  0.000 -8.13 -0.96  1.92  0.00 -7.17 1.000  00  02O000M000  0.707
ARG02A0208_003  0.000 -8.09 -0.96  1.92  0.00 -7.13 1.000  00  02O000M000  0.707
ARG03A0208_004  0.000 -8.13 -0.96  1.92  0.00 -7.17 1.000  00  03O000M000  0.707
ARG+1A0208_005  1.000 -8.18 -0.96  1.92  0.00 -7.22 1.000  00  +1O000M000  0.707
VAL01A0209_001  0.000 -3.59 -1.28  0.47  0.00 -4.40 1.000  00  01O000M000  0.414
TYR01A0210_001  0.000  1.63 -5.06  0.05  0.00 -3.38 1.000  00  01O000M000  0.181
TYR-1A0210_002 -1.000  1.63 -5.06  0.05  0.00 -3.38 1.000  00  -1O000M000  0.181
THR01A0211_001  0.000 -2.80 -0.87  0.61  0.00 -3.05 0.670  00  01O000M000  0.357
THR01A0211_002  0.000 -2.80 -0.87  0.61  0.00 -3.05 0.670  00  01O000M000  0.357
ILE01A0212_001  0.000 -1.87 -2.14  1.06  0.00 -2.95 1.000  00  01O000M000  0.208
GLN01A0213_001  0.000 -0.29 -7.05  1.43  0.00 -5.91 0.750  00  01O000M000  0.118
GLN01A0213_002  0.000 -0.29 -6.92  1.45  0.00 -5.76 0.750  00  01R001M000  0.115
SER01A0214_001  0.000 -0.11 -1.19  0.45  0.00 -0.85 0.668  00  01O000M000  0.018
ASP01A0215_001  0.000  0.04  2.77  3.72  0.00  6.53 1.000  00  01O000M000  0.008
ASP01A0215_002  0.000  0.04  2.77  1.00  0.00  3.81 1.000  00  01O000M000  0.008
ASP02A0215_003  0.000  0.12  3.82  3.72  0.00  7.66 1.000  00  02O000M000  0.008
ASP02A0215_004  0.000  0.12999.00  1.00  0.00999.00 1.000  00  02O000M000  0.008
ASP-1A0215_005 -1.000  0.04  2.30  1.00  0.00  3.34 1.000  00  -1O000M000  0.008
VAL01A0216_001  0.000  0.67 -2.18  0.24  0.00 -1.27 1.000  00  01O000M000  0.000
TRP01A0217_001  0.000  2.84-12.61  0.00  0.00 -9.77 1.000  00  01O000M000  0.000
SER01A0218_001  0.000 -0.30 -2.03  0.38  0.00 -1.95 0.667  00  01O000M000  0.050
SER01A0218_002  0.000 -0.30 -2.03  0.00  0.00 -2.33 0.667  00  01O000M000  0.050
PHE01A0219_001  0.000  4.03 -7.47  0.02  0.00 -3.43 1.000  00  01O000M000  0.000
VAL01A0221_001  0.000  0.56 -3.14  0.05  0.00 -2.53 1.000  00  01O000M000  0.000
LEU01A0222_001  0.000  2.39 -2.53  1.19  0.00  1.06 1.000  00  01O000M000  0.000
LEU01A0223_001  0.000  1.50 -2.50  0.51  0.00 -0.49 1.000  00  01O000M000  0.000
TRP01A0224_001  0.000  2.45-11.76  0.14  0.00 -9.16 1.000  00  01O000M000  0.000
GLU01A0225_001  0.000  0.62 -5.09  3.99  0.00 -0.48 1.000  00  01O000M000  0.008
GLU01A0225_002  0.000  0.62 -5.09  1.27  0.00 -3.20 1.000  00  01O000M000  0.008
GLU02A0225_003  0.000  0.60 -5.50  3.99  0.00 -0.90 1.000  00  02O000M000  0.008
GLU02A0225_004  0.000  0.60 -5.50  1.27  0.00 -3.62 1.000  00  02O000M000  0.008
GLU-1A0225_005 -1.000  0.49 -5.39  1.27  0.00 -3.62 1.000  00  -1O000M000  0.008
ILE01A0226_001  0.000  2.18 -4.72  0.84  0.00 -1.70 1.000  00  01O000M000  0.000
PHE01A0227_001  0.000  4.06 -5.53  0.26  0.00 -1.21 1.000  00  01O000M000  0.000
SER01A0228_001  0.000 -0.10 -2.98  0.46  0.00 -2.62 0.662  00  01O000M000  0.016
SER01A0228_002  0.000 -0.10 -2.98  0.46  0.00 -2.62 0.662  00  01O000M000  0.016
LEU01A0229_001  0.000  1.09 -2.22  0.85  0.00 -0.28 1.000  00  01O000M000  0.000
ALA01A0231_001  0.000 -1.13 -1.19  0.00  0.00 -2.33 1.000  00  01O000M000  0.204
SER01A0232_001  0.000 -3.21 -1.21  0.48  0.00 -3.93 0.663  00  01O000M000  0.529
SER01A0232_002  0.000 -3.21 -1.21  0.48  0.00 -3.93 0.663  00  01O000M000  0.529
PRO01A0233_001  0.000  0.19  0.90  0.00  0.00  1.09 1.000  00  01O000M000  0.000
TYR01A0234_001  0.000  3.94 -2.81  0.01  0.00  1.15 1.000  00  01O000M000  0.017
TYR-1A0234_002 -1.000  3.94 -2.81  0.01  0.00  1.15 1.000  00  -1O000M000  0.017
PRO01A0235_001  0.000 -3.10 -1.05  0.00  0.00 -4.15 1.000  00  01O000M000  0.346
VAL01A0237_001  0.000 -1.25 -1.40  0.19  0.00 -2.46 1.000  00  01O000M000  0.179
LYS01A0238_001  0.000 -7.89 -1.06  2.02  0.00 -6.94 1.000  00  01O000M000  0.762
LYS+1A0238_002  1.000 -7.97 -1.08  2.02  0.00 -7.02 1.000  00  +1O000M000  0.762
ILE01A0239_001  0.000  0.05 -1.04  0.47  0.00 -0.52 1.000  00  01O000M000  0.080
ASP01A0240_001  0.000 -1.32  0.48  2.82  0.00  1.98 1.000  00  01O000M000  0.326
ASP01A0240_002  0.000 -1.32  0.48  0.10  0.00 -0.74 1.000  00  01O000M000  0.326
ASP02A0240_003  0.000 -1.42 -0.43  2.82  0.00  0.97 1.000  00  02O000M000  0.363
ASP02A0240_004  0.000 -1.42 -0.43  0.10  0.00 -1.75 1.000  00  02O000M000  0.363
ASP-1A0240_005 -1.000 -1.39 -0.35  0.10  0.00 -1.63 1.000  00  -1O000M000  0.342
GLU01A0241_001  0.000 -0.90 -1.24  4.16  0.00  2.01 1.000  00  01O000M000  0.671
GLU01A0241_002  0.000 -0.90 -1.24  1.44  0.00 -0.71 1.000  00  01O000M000  0.671
GLU02A0241_003  0.000 -1.36 -1.30  4.16  0.00  1.50 1.000  00  02O000M000  0.671
GLU02A0241_004  0.000 -1.36 -1.30  1.44  0.00 -1.22 1.000  00  02O000M000  0.671
GLU-1A0241_005 -1.000 -1.34 -1.27  1.44  0.00 -1.17 1.000  00  -1O000M000  0.680
GLU01A0242_001  0.000 -2.07 -1.46  5.47  0.00  1.94 1.000  00  01O000M000  0.576
GLU01A0242_002  0.000 -2.07 -1.46  2.75  0.00 -0.78 1.000  00  01O000M000  0.576
GLU02A0242_003  0.000 -2.14 -1.43  5.47  0.00  1.90 1.000  00  02O000M000  0.585
GLU02A0242_004  0.000 -2.14 -1.43  2.75  0.00 -0.82 1.000  00  02O000M000  0.585
GLU-1A0242_005 -1.000 -2.12 -1.42  2.75  0.00 -0.79 1.000  00  -1O000M000  0.571
PHE01A0243_001  0.000  4.11 -6.17  0.79  0.00 -1.27 1.000  00  01O000M000  0.007
CYS01A0244_001  0.000 -0.57 -2.91  0.08  0.00 -3.40 1.000  00  01O000M000  0.076
CYS01A0244_002  0.000 -0.57 -2.97  0.08  0.00 -3.46 1.000  00  01O000M000  0.076
CYS01A0244_003  0.000 -0.57 -2.90  0.08  0.00 -3.39 1.000  00  01O000M000  0.076
CYS-1A0244_004 -1.000 -0.57 -2.87  0.08  0.00 -3.36 1.000  00  -1O000M000  0.076
ARG01A0245_001  0.000 -3.56 -3.45  3.38  0.00 -3.64 1.000  00  01O000M000  0.433
ARG02A0245_002  0.000 -3.58 -3.45  3.38  0.00 -3.65 1.000  00  02O000M000  0.433
ARG02A0245_003  0.000 -3.52 -3.42  3.38  0.00 -3.56 1.000  00  02O000M000  0.433
ARG03A0245_004  0.000 -3.59 -3.46  3.38  0.00 -3.67 1.000  00  03O000M000  0.433
ARG03A0245_005  0.000 -3.59 -3.46  3.38  0.00 -3.67 1.000  00  03O000M000  0.433
ARG+1A0245_006  1.000 -3.63 -3.46  3.38  0.00 -3.71 1.000  00  +1O000M000  0.433
ARG01A0246_001  0.000 -1.84 -4.99  1.66  0.00 -5.17 1.000  00  01O000M000  0.272
ARG02A0246_002  0.000 -1.84 -4.90  1.66  0.00 -5.08 1.000  00  02O000M000  0.272
ARG03A0246_003  0.000 -1.89 -4.99  1.66  0.00 -5.22 1.000  00  03O000M000  0.272
ARG+1A0246_004  1.000 -1.93 -5.00  1.66  0.00 -5.27 1.000  00  +1O000M000  0.272
LEU01A0247_001  0.000  2.13 -5.12  1.66  0.00 -1.33 1.000  00  01O000M000  0.000
LYS01A0248_001  0.000 -4.61 -2.91  2.49  0.00 -5.03 1.000  00  01O000M000  0.542
LYS+1A0248_002  1.000 -4.65 -2.92  2.49  0.00 -5.08 1.000  00  +1O000M000  0.542
GLU01A0249_001  0.000 -0.78 -1.78  5.09  0.00  2.53 1.000  00  01O000M000  0.560
GLU01A0249_002  0.000 -0.78 -1.78  2.37  0.00 -0.19 1.000  00  01O000M000  0.560
GLU02A0249_003  0.000 -1.12 -1.77  5.09  0.00  2.21 1.000  00  02O000M000  0.552
GLU02A0249_004  0.000 -1.12 -1.77  2.37  0.00 -0.51 1.000  00  02O000M000  0.552
GLU-1A0249_005 -1.000 -1.16 -1.72  2.37  0.00 -0.51 1.000  00  -1O000M000  0.554
THR01A0251_001  0.000 -2.02 -2.18  0.38  0.00 -3.82 0.670  00  01O000M000  0.288
THR01A0251_002  0.000 -2.02 -2.18  0.01  0.00 -4.19 0.670  00  01O000M000  0.288
ARG01A0252_001  0.000  0.23 -5.18  0.57  0.00 -4.38 1.000  00  01O000M000  0.109
ARG02A0252_002  0.000  0.21 -5.22  0.57  0.00 -4.44 1.000  00  02O000M000  0.109
ARG02A0252_003  0.000  0.26 -5.16  0.57  0.00 -4.33 1.000  00  02O000M000  0.109
ARG03A0252_004  0.000  0.20 -5.22  0.57  0.00 -4.45 1.000  00  03O000M000  0.109
ARG+1A0252_005  1.000  0.16 -5.29  0.57  0.00 -4.56 1.000  00  +1O000M000  0.109
MET01A0253_001  0.000  0.07 -4.06  1.66  0.00 -2.33 1.000  00  01O000M000  0.004
ARG01A0254_001  0.000 -3.39  5.07  3.74  0.00  5.42 1.000  00  01O000M000  0.480
ARG02A0254_002  0.000 -3.42  5.20  3.74  0.00  5.53 1.000  00  02O000M000  0.480
ARG02A0254_003  0.000 -3.41  5.11  3.74  0.00  5.45 1.000  00  02O000M000  0.480
ARG03A0254_004  0.000 -3.42  5.07  3.74  0.00  5.39 1.000  00  03O000M000  0.480
ARG+1A0254_005  1.000 -3.46  5.05  3.74  0.00  5.33 1.000  00  +1O000M000  0.480
ALA01A0255_001  0.000 -2.26 -0.71  0.00  0.00 -2.97 1.000  00  01O000M000  0.414
PRO01A0256_001  0.000  0.19 -3.25  0.00  0.00 -3.05 1.000  00  01O000M000  0.000
ASP01A0257_001  0.000 -2.56 -0.32  2.97  0.00  0.09 1.000  00  01O000M000  0.583
ASP01A0257_002  0.000 -2.56 -0.32  0.25  0.00 -2.63 1.000  00  01O000M000  0.583
ASP02A0257_003  0.000 -2.39 -0.69  2.97  0.00 -0.12 1.000  00  02O000M000  0.559
ASP02A0257_004  0.000 -2.39 -0.69  0.25  0.00 -2.84 1.000  00  02O000M000  0.559
ASP-1A0257_005 -1.000 -2.43 -0.65  0.25  0.00 -2.83 1.000  00  -1O000M000  0.566
TYR01A0258_001  0.000  1.50 -5.11  0.38  0.00 -3.22 1.000  00  01O000M000  0.173
TYR01A0258_002  0.000  1.50 -5.11  0.38  0.00 -3.22 1.000  00  01O000M000  0.173
TYR-1A0258_003 -1.000  1.50 -5.11  0.38  0.00 -3.22 1.000  00  -1O000M000  0.173
THR01A0259_001  0.000 -0.11 -1.02  0.62  0.00 -0.52 0.665  00  01O000M000  0.066
THR01A0259_002  0.000 -0.11 -1.02  0.24  0.00 -0.89 0.665  00  01O000M000  0.066
THR01A0260_001  0.000 -0.57 -0.42  0.38  0.00 -0.60 0.662  00  01O000M000  0.120
THR01A0260_002  0.000 -0.57 -0.42  0.38  0.00 -0.60 0.662  00  01O000M000  0.120
THR01A0260_003  0.000 -0.57 -0.42  0.01  0.00 -0.98 0.662  00  01O000M000  0.120
PRO01A0261_001  0.000 -6.77 -0.51  0.00  0.00 -7.29 1.000  00  01O000M000  0.709
GLU01A0262_001  0.000 -1.66 -2.67  4.77  0.00  0.44 1.000  00  01O000M000  0.508
GLU01A0262_002  0.000 -1.66 -2.67  2.05  0.00 -2.28 1.000  00  01O000M000  0.508
GLU02A0262_003  0.000 -1.66 -2.62  4.77  0.00  0.49 1.000  00  02O000M000  0.494
GLU02A0262_004  0.000 -1.66 -2.62  2.05  0.00 -2.23 1.000  00  02O000M000  0.494
GLU-1A0262_005 -1.000 -1.72 -2.62  2.05  0.00 -2.29 1.000  00  -1O000M000  0.492
MET01A0263_001  0.000  0.90 -3.93  1.15  0.00 -1.87 1.000  00  01O000M000  0.000
TYR01A0264_001  0.000  1.00 -5.51  0.04  0.00 -4.47 1.000  00  01O000M000  0.213
TYR01A0264_002  0.000  1.00 -5.51  0.04  0.00 -4.47 1.000  00  01O000M000  0.213
TYR-1A0264_003 -1.000  1.00 -5.51  0.04  0.00 -4.47 1.000  00  -1O000M000  0.213
GLN01A0265_001  0.000 -2.04 -3.00  0.85  0.00 -4.19 0.754  00  01O000M000  0.559
GLN01A0265_002  0.000 -1.87 -2.90  0.86  0.00 -3.91 0.746  00  01R001M000  0.557
THR01A0266_001  0.000  0.36 -1.92  0.48  0.00 -1.08 0.667  00  01O000M000  0.007
THR01A0266_002  0.000  0.36 -1.92  0.48  0.00 -1.08 0.667  00  01O000M000  0.007
THR01A0266_003  0.000  0.36 -1.92  0.10  0.00 -1.45 0.667  00  01O000M000  0.007
MET01A0267_001  0.000  0.13 -8.06  1.26  0.00 -6.68 1.000  00  01O000M000  0.000
LEU01A0268_001  0.000 -1.28 -4.07  0.43  0.00 -4.92 1.000  00  01O000M000  0.240
ASP01A0269_001  0.000 -1.60 -2.55  2.97  0.00 -1.19 1.000  00  01O000M000  0.378
ASP01A0269_002  0.000 -1.60 -2.55  0.25  0.00 -3.91 1.000  00  01O000M000  0.378
ASP02A0269_003  0.000 -1.52 -2.88  2.97  0.00 -1.43 1.000  00  02O000M000  0.390
ASP02A0269_004  0.000 -1.52 -2.88  0.25  0.00 -4.15 1.000  00  02O000M000  0.390
ASP-1A0269_005 -1.000 -1.53 -2.80  0.25  0.00 -4.08 1.000  00  -1O000M000  0.387
CYS01A0270_001  0.000 -0.00 -5.11  0.03  0.00 -5.08 1.000  00  01O000M000  0.000
CYS01A0270_002  0.000 -0.00 -5.19  0.03  0.00 -5.16 1.000  00  01O000M000  0.000
CYS01A0270_003  0.000 -0.00 -5.13  0.03  0.00 -5.11 1.000  00  01O000M000  0.000
CYS-1A0270_004 -1.000  0.00 -5.06  0.03  0.00 -5.03 1.000  00  -1O000M000  0.000
TRP01A0271_001  0.000  2.53-12.41  0.00  0.00 -9.88 1.000  00  01O000M000  0.000
HIS01A0272_001  0.000 -4.66 -5.92  0.91  0.00 -9.67 1.000  00  01O000M000  0.399
HIS02A0272_002  0.000 -4.68 -5.99  0.91  0.00 -9.76 1.000  00  02O000M000  0.399
HIS+1A0272_003  1.000 -4.71 -6.00  0.91  0.00 -9.79 1.000  00  +1O000M000  0.399
GLU01A0274_001  0.000 -2.02 -2.69  3.81  0.00 -0.91 1.000  00  01O000M000  0.654
GLU01A0274_002  0.000 -2.02 -2.69  1.09  0.00 -3.63 1.000  00  01O000M000  0.654
GLU02A0274_003  0.000 -2.18 -2.71  3.81  0.00 -1.08 1.000  00  02O000M000  0.667
GLU02A0274_004  0.000 -2.18 -2.71  1.09  0.00 -3.80 1.000  00  02O000M000  0.667
GLU-1A0274_005 -1.000 -2.27 -2.66  1.09  0.00 -3.84 1.000  00  -1O000M000  0.656
PRO01A0275_001  0.000 -1.54  0.36  0.00  0.00 -1.18 1.000  00  01O000M000  0.186
SER01A0276_001  0.000 -3.91 -0.80  0.38  0.00 -4.33 0.664  00  01O000M000  0.647
SER01A0276_002  0.000 -3.91 -0.80  0.38  0.00 -4.33 0.664  00  01O000M000  0.647
GLN01A0277_001  0.000 -2.74 -1.65  1.78  0.00 -2.61 0.754  00  01O000M000  0.683
GLN01A0277_002  0.000 -2.68 -1.96  1.78  0.00 -2.86 0.746  00  01R001M000  0.673
ARG01A0278_001  0.000  1.30-13.31  0.99  0.00-11.02 1.000  00  01O000M000  0.000
ARG02A0278_002  0.000  1.26-12.69  0.99  0.00-10.44 1.000  00  02O000M000  0.000
ARG02A0278_003  0.000  1.32-12.64  0.99  0.00-10.33 1.000  00  02O000M000  0.000
ARG03A0278_004  0.000  1.25-12.71  0.99  0.00-10.47 1.000  00  03O000M000  0.000
ARG03A0278_005  0.000  1.26-12.61  0.99  0.00-10.36 1.000  00  03O000M000  0.000
ARG+1A0278_006  1.000  1.22-12.76  0.99  0.00-10.56 1.000  00  +1O000M000  0.000
PRO01A0279_001  0.000 -0.56 -3.72  0.00  0.00 -4.28 1.000  00  01O000M000  0.090
THR01A0280_001  0.000 -3.62 -0.34  0.38  0.00 -3.58 0.667  00  01O000M000  0.455
THR01A0280_002  0.000 -3.62 -0.34  0.38  0.00 -3.58 0.667  00  01O000M000  0.455
THR01A0280_003  0.000 -3.62 -0.34  0.00  0.00 -3.96 0.667  00  01O000M000  0.455
PHE01A0281_001  0.000  3.64 -9.49  0.56  0.00 -5.29 1.000  00  01O000M000  0.007
SER01A0282_001  0.000 -3.46 -1.05  0.87  0.00 -3.64 0.666  00  01O000M000  0.557
SER01A0282_002  0.000 -3.46 -1.05  0.87  0.00 -3.64 0.666  00  01O000M000  0.557
GLU01A0283_001  0.000 -1.70 -2.17  4.30  0.00  0.43 1.000  00  01O000M000  0.526
GLU01A0283_002  0.000 -1.70 -2.17  1.58  0.00 -2.29 1.000  00  01O000M000  0.526
GLU02A0283_003  0.000 -1.78 -2.63  4.30  0.00 -0.11 1.000  00  02O000M000  0.536
GLU02A0283_004  0.000 -1.78 -2.63  1.58  0.00 -2.83 1.000  00  02O000M000  0.536
GLU-1A0283_005 -1.000 -1.77 -2.58  1.58  0.00 -2.77 1.000  00  -1O000M000  0.523
LEU01A0284_001  0.000  1.66 -5.12  0.79  0.00 -2.67 1.000  00  01O000M000  0.004
VAL01A0285_001  0.000 -0.67 -1.95  0.57  0.00 -2.06 1.000  00  01O000M000  0.113
GLU01A0286_001  0.000 -1.66 -2.30  2.97  0.00 -0.99 1.000  00  01O000M000  0.718
GLU01A0286_002  0.000 -1.66 -2.30  0.25  0.00 -3.71 1.000  00  01O000M000  0.718
GLU02A0286_003  0.000 -1.90 -2.27  2.97  0.00 -1.21 1.000  00  02O000M000  0.718
GLU02A0286_004  0.000 -1.90 -2.27  0.25  0.00 -3.93 1.000  00  02O000M000  0.718
GLU-1A0286_005 -1.000 -1.90 -2.25  0.25  0.00 -3.91 1.000  00  -1O000M000  0.713
HIS01A0287_001  0.000 -4.72 -4.09  0.27  0.00 -8.54 0.750  00  01O000M000  0.382
HIS01A0287_002  0.000 -4.15 -4.01  0.27  0.00 -7.89 0.750  00  01R001M000  0.339
HIS02A0287_003  0.000 -4.74 -4.13  0.27  0.00 -8.60 0.750  00  02O000M000  0.382
HIS02A0287_004  0.000 -4.16 -4.03  0.27  0.00 -7.92 0.750  00  02R001M000  0.339
HIS+1A0287_005  1.000 -4.77 -4.16  0.27  0.00 -8.65 0.750  00  +1O000M000  0.382
HIS+1A0287_006  1.000 -4.19 -4.04  0.27  0.00 -7.96 0.750  00  +1R001M000  0.339
LEU01A0288_001  0.000  1.39 -5.13  0.65  0.00 -3.09 1.000  00  01O000M000  0.000
ASN01A0290_001  0.000 -2.41 -2.74  0.35  0.00 -4.80 0.752  00  01O000M000  0.556
ASN01A0290_002  0.000 -2.62 -1.74  0.36  0.00 -4.00 0.748  00  01R001M000  0.556
LEU01A0291_001  0.000  0.63 -3.36  2.61  0.00 -0.11 1.000  00  01O000M000  0.073
LEU01A0292_001  0.000 -0.42 -5.13  0.93  0.00 -4.61 1.000  00  01O000M000  0.175
GLN01A0293_001  0.000 -3.15 -2.51  1.44  0.00 -4.22 0.746  00  01O000M000  0.748
GLN01A0293_002  0.000 -3.06 -1.73  1.43  0.00 -3.36 0.754  00  01R001M000  0.742
ALA01A0294_001  0.000 -3.11 -1.43  0.00  0.00 -4.54 1.000  00  01O000M000  0.554
ASN01A0295_001  0.000 -0.04 -3.61  1.20  0.00 -2.46 0.751  00  01O000M000  0.103
ASN01A0295_002  0.000 -0.07 -3.18  1.20  0.00 -2.05 0.749  00  01R001M000  0.097
ALA01A0296_001  0.000 -2.13 -1.20  0.00  0.00 -3.33 1.000  00  01O000M000  0.377
AXI01B0001_001 -0.000 14.39 -0.91  0.00  0.00 13.48 0.000  00  01O000M000  0.135
AXI01B0001_002 -0.000 10.14 -0.98  0.00  0.00  9.16 0.000  00  01O000M000  0.135
AXI02B0001_003 -0.000 14.69-17.23  0.00  0.00 -2.53 0.000  00  02O000M000  0.135
AXI02B0001_004 -0.000 10.44-17.30  0.00  0.00 -6.86 0.000  00  02O000M000  0.135
AXI11B0001_005  1.000 15.05 -1.09  0.00  0.00 13.96 0.000  00  11O000M000  0.133
AXI11B0001_006  1.000 10.79 -1.16  0.00  0.00  9.63 0.000  00  11O000M000  0.133
AXIDMB0001_007  0.000  0.00  0.00  0.00  0.00  0.00 0.000  00  DMO000M000   -nan
