iConf CONFORMER     FL  occ    crg   Em0  pKa0 ne nH    vdw0    vdw1    tors    epol   dsolv   extra    history
00001 ASP01A0001_001 f 0.00  0.000     0  0.00  0  0  -1.121  -1.353   2.847   1.698   1.186   0.000 01O000M000t
00002 ASP01A0001_002 f 0.00  0.000     0  0.00  0  0  -1.121  -1.353   0.127   0.272   2.158   0.000 01O000M000t
00003 ASP02A0001_003 f 0.00  0.000     0  0.00  0  0  -1.159  -1.877   2.847  -1.073   0.862   0.000 02O000M000t
00004 ASP02A0001_004 f 0.00  0.000     0  0.00  0  0  -1.159  -1.877   0.127  -0.529   2.353   0.000 02O000M000t
00005 ASP-1A0001_005 f 0.00 -1.000     0  4.75  0 -1  -1.134  -1.802   0.127  -4.357   5.669   0.000 -1O000M000t
00006 LYS01A0002_001 f 0.00  0.000     0  0.00  0  0  -8.681   0.308   1.676  -0.060   0.097   0.000 01O000M000t
00007 LYS+1A0002_002 f 0.00  1.000     0 10.40  0  1  -8.722   0.306   1.676  -0.176   0.119   0.000 +1O000M000t
00008 TRP01A0003_001 f 0.00  0.000     0  0.00  0  0   1.163  -7.318   0.098   0.000   0.000   0.000 01O000M000t
00009 GLU01A0004_001 f 0.00  0.000     0  0.00  0  0   0.249  -6.017   3.306  -0.609   1.088   0.000 01O000M000t
00010 GLU01A0004_002 f 0.00  0.000     0  0.00  0  0   0.249  -6.017   0.586   3.338   2.352   0.000 01O000M000t
00011 GLU02A0004_003 f 0.00  0.000     0  0.00  0  0   0.150  -6.244   3.306  -1.188   1.012   0.000 02O000M000t
00012 GLU02A0004_004 f 0.00  0.000     0  0.00  0  0   0.150  -6.244   0.586   0.431   2.392   0.000 02O000M000t
00013 GLU-1A0004_005 f 0.00 -1.000     0  4.75  0 -1   0.076  -6.131   0.586  -4.096   6.843   0.000 -1O000M000t
00014 MET01A0005_001 f 0.00  0.000     0  0.00  0  0   1.065  -4.826   3.445   0.105   0.083   0.000 01O000M000t
00015 GLU01A0006_001 f 0.00  0.000     0  0.00  0  0  -2.135  -3.062   3.443   0.361  -0.314   0.000 01O000M000t
00016 GLU01A0006_002 f 0.00  0.000     0  0.00  0  0  -2.135  -3.062   0.723   0.209   0.668   0.000 01O000M000t
00017 GLU02A0006_003 f 0.00  0.000     0  0.00  0  0  -2.150  -3.208   3.443   1.468   0.611   0.000 02O000M000t
00018 GLU02A0006_004 f 0.00  0.000     0  0.00  0  0  -2.150  -3.208   0.723   0.288   0.645   0.000 02O000M000t
00019 GLU-1A0006_005 f 0.00 -1.000     0  4.75  0 -1  -2.235  -3.128   0.723  -1.649   0.777   0.000 -1O000M000t
00020 ARG01A0007_001 f 0.00  0.000     0  0.00  0  0   0.843  -2.994   1.838  -1.620   3.192   0.000 01O000M000t
00021 ARG02A0007_002 f 0.00  0.000     0  0.00  0  0   0.921  -2.986   1.838  -1.594   4.368   0.000 02O000M000t
00022 ARG03A0007_003 f 0.00  0.000     0  0.00  0  0   0.804  -2.836   1.838   0.110   4.162   0.000 03O000M000t
00023 ARG03A0007_004 f 0.00  0.000     0  0.00  0  0   0.809  -2.916   1.838  -1.218   4.066   0.000 03O000M000t
00024 ARG+1A0007_005 f 0.00  1.000     0 12.50  0  1   0.763  -3.012   1.838  -2.809   5.310   0.000 +1O000M000t
00025 THR01A0008_001 f 0.00  0.000     0  0.00  0  0  -4.913   1.869   3.164  -0.360  -0.189   0.000 01O000M000t
00026 ASP01A0009_001 f 0.00  0.000     0  0.00  0  0  -1.454   6.595   4.669   0.755   0.662   0.000 01O000M000t
00027 ASP01A0009_002 f 0.00  0.000     0  0.00  0  0  -1.454   6.595   1.949   0.149   1.033   0.000 01O000M000t
00028 ASP02A0009_003 f 0.00  0.000     0  0.00  0  0  -1.317   6.394   4.669   0.471   0.441   0.000 02O000M000t
00029 ASP02A0009_004 f 0.00  0.000     0  0.00  0  0  -1.317   6.394   1.949   0.132   1.007   0.000 02O000M000t
00030 ASP-1A0009_005 f 0.00 -1.000     0  4.75  0 -1  -1.375   6.457   1.949  -1.050   1.842   0.000 -1O000M000t
00031 ILE01A0010_001 f 0.00  0.000     0  0.00  0  0   2.364   0.985   0.586   0.000   0.000   0.000 01O000M000t
00032 THR01A0011_001 f 0.00  0.000     0  0.00  0  0  -3.079   0.072   0.391  -0.343   0.083   0.000 01O000M000t
00033 MET01A0012_001 f 0.00  0.000     0  0.00  0  0  -2.166  -3.004   0.638  -0.035   0.089   0.000 01O000M000t
00034 LYS01A0013_001 f 0.00  0.000     0  0.00  0  0  -1.466  -0.121   3.975  -0.011   0.079   0.000 01O000M000t
00035 LYS+1A0013_002 f 0.00  1.000     0 10.40  0  1  -1.523  -0.128   3.975   0.113   1.186   0.000 +1O000M000t
00036 HIS01A0014_001 f 0.00  0.000     0  0.00  0  0  -9.322  -1.986   0.022   0.456   0.392   0.000 01O000M000t
00037 HIS01A0014_002 f 0.00  0.000     0  0.00  0  0  -9.453  -1.999   0.022   0.380   0.250   0.000 01R001M000t
00038 HIS02A0014_003 f 0.00  0.000     0  0.00  0  0  -9.340  -2.023   0.022   0.378   0.019   0.000 02O000M000t
00039 HIS02A0014_004 f 0.00  0.000     0  0.00  0  0  -9.467  -2.016   0.022   0.372   0.440   0.000 02R001M000t
00040 HIS+1A0014_005 f 0.00  1.000     0  6.98  0  1  -9.366  -2.027   0.022   0.930  -0.244   0.000 +1O000M000t
00041 HIS+1A0014_006 f 0.00  1.000     0  6.98  0  1  -9.493  -2.020   0.022   0.927  -0.198   0.000 +1R001M000t
00042 LYS01A0015_001 f 0.00  0.000     0  0.00  0  0  -2.457  -4.938   3.003   0.036   0.222   0.000 01O000M000t
00043 LYS+1A0015_002 f 0.00  1.000     0 10.40  0  1  -2.508  -4.956   3.003  -0.183   1.550   0.000 +1O000M000t
00044 LEU01A0016_001 f 0.00  0.000     0  0.00  0  0   1.204  -3.565   1.024   0.000   0.000   0.000 01O000M000t
00045 GLN01A0020_001 f 0.00  0.000     0  0.00  0  0  -1.069  -1.082   1.258  -0.187   0.836   0.000 01O000M000t
00046 GLN01A0020_002 f 0.00  0.000     0  0.00  0  0  -0.945  -1.073   1.230   0.252   0.451   0.000 01R001M000t
00047 TYR01A0021_001 f 0.00  0.000     0  0.00  0  0   3.976  -5.829   0.027   0.133   1.428   0.000 01O000M000t
00048 TYR-1A0021_002 f 0.00 -1.000     0 10.20  0 -1   3.976  -5.829   0.027  -1.799   6.755   0.000 -1O000M000t
00049 GLU01A0023_001 f 0.00  0.000     0  0.00  0  0  -0.557  -1.619   3.389   0.227   0.594   0.000 01O000M000t
00050 GLU01A0023_002 f 0.00  0.000     0  0.00  0  0  -0.557  -1.619   0.669   0.113   1.338   0.000 01O000M000t
00051 GLU02A0023_003 f 0.00  0.000     0  0.00  0  0  -0.537  -1.626   3.389   0.178   0.643   0.000 02O000M000t
00052 GLU02A0023_004 f 0.00  0.000     0  0.00  0  0  -0.537  -1.626   0.669   0.066   1.384   0.000 02O000M000t
00053 GLU-1A0023_005 f 0.00 -1.000     0  4.75  0 -1  -0.699  -1.569   0.669  -0.362   3.014   0.000 -1O000M000t
00054 VAL01A0024_001 f 0.00  0.000     0  0.00  0  0   0.526  -2.783   0.024   0.000   0.000   0.000 01O000M000t
00055 TYR01A0025_001 f 0.00  0.000     0  0.00  0  0   1.391  -9.025   0.023   0.131   1.309   0.000 01O000M000t
00056 TYR01A0025_002 f 0.00  0.000     0  0.00  0  0   1.391  -9.025   0.023   0.033   1.001   0.000 01O000M000t
00057 TYR-1A0025_003 f 0.00 -1.000     0 10.20  0 -1   1.391  -9.025   0.023  -0.200   3.328   0.000 -1O000M000t
00058 GLU01A0026_001 f 0.00  0.000     0  0.00  0  0  -0.999  -3.514   4.201   0.312   1.299   0.000 01O000M000t
00059 GLU01A0026_002 f 0.00  0.000     0  0.00  0  0  -0.999  -3.514   1.481   0.056   0.923   0.000 01O000M000t
00060 GLU02A0026_003 f 0.00  0.000     0  0.00  0  0  -1.109  -3.496   4.201   0.173   1.100   0.000 02O000M000t
00061 GLU02A0026_004 f 0.00  0.000     0  0.00  0  0  -1.109  -3.496   1.481   0.041   0.951   0.000 02O000M000t
00062 GLU-1A0026_005 f 0.00 -1.000     0  4.75  0 -1  -1.173  -3.464   1.481  -0.503   1.743   0.000 -1O000M000t
00063 VAL01A0028_001 f 0.00  0.000     0  0.00  0  0  -1.263  -1.098   0.658   0.000   0.000   0.000 01O000M000t
00064 TRP01A0029_001 f 0.00  0.000     0  0.00  0  0   0.490  -5.197   0.217   0.000   0.000   0.000 01O000M000t
00065 LYS01A0030_001 f 0.00  0.000     0  0.00  0  0  -5.437  -4.361   1.091  -0.016   0.133   0.000 01O000M000t
00066 LYS+1A0030_002 f 0.00  1.000     0 10.40  0  1  -5.486  -4.372   1.091  -0.095  -0.040   0.000 +1O000M000t
00067 LYS01A0031_001 f 0.00  0.000     0  0.00  0  0  -4.291  -0.864   1.865  -0.072   0.364   0.000 01O000M000t
00068 LYS+1A0031_002 f 0.00  1.000     0 10.40  0  1  -4.335  -0.866   1.865   0.060   1.750   0.000 +1O000M000t
00069 TYR01A0032_001 f 0.00  0.000     0  0.00  0  0  -2.067  -0.732   0.080   0.410   0.584   0.000 01O000M000t
00070 TYR01A0032_002 f 0.00  0.000     0  0.00  0  0  -2.067  -0.732   0.080   0.394   0.468   0.000 01O000M000t
00071 TYR-1A0032_003 f 0.00 -1.000     0 10.20  0 -1  -2.067  -0.732   0.080   0.063   1.221   0.000 -1O000M000t
00072 SER01A0033_001 f 0.00  0.000     0  0.00  0  0  -4.499  -1.044   0.416  -0.045  -0.185   0.000 01O000M000t
00073 LEU01A0034_001 f 0.00  0.000     0  0.00  0  0  -2.543  -3.528   0.704   0.000   0.000   0.000 01O000M000t
00074 THR01A0035_001 f 0.00  0.000     0  0.00  0  0  -2.372  -1.737   0.465  -0.221   0.133   0.000 01O000M000t
00075 THR01A0035_002 f 0.00  0.000     0  0.00  0  0  -2.372  -1.737   0.465   0.026   0.004   0.000 01O000M000t
00076 VAL01A0036_001 f 0.00  0.000     0  0.00  0  0   0.567  -3.750   0.010   0.000   0.000   0.000 01O000M000t
00077 ALA01A0037_001 f 0.00  0.000     0  0.00  0  0   0.000  -1.981   0.000   0.000   0.000   0.000 01O000M000t
00078 VAL01A0038_001 f 0.00  0.000     0  0.00  0  0   0.483  -4.491   0.058   0.000   0.000   0.000 01O000M000t
00079 LYS01A0039_001 f 0.00  0.000     0  0.00  0  0  -0.067  -3.997   0.922   0.003   0.557   0.000 01O000M000t
00080 LYS+1A0039_002 f 0.00  1.000     0 10.40  0  1  -0.110  -4.012   0.922  -0.355   3.731   0.000 +1O000M000t
00081 THR01A0040_001 f 0.00  0.000     0  0.00  0  0   0.148  -0.049   0.510  -0.713   1.566   0.000 01O000M000t
00082 THR01A0040_002 f 0.00  0.000     0  0.00  0  0   0.148  -0.049   0.510   0.081   1.126   0.000 01O000M000t
00083 LEU01A0041_001 f 0.00  0.000     0  0.00  0  0   2.084  -2.404   1.017   0.000   0.000   0.000 01O000M000t
00084 LYS01A0042_001 f 0.00  0.000     0  0.00  0  0  -1.515  51.031   4.983   0.084   0.391   0.000 01O000M000t
00085 LYS+1A0042_002 f 0.00  1.000     0 10.40  0  1  -1.552  51.018   4.983   0.178   2.025   0.000 +1O000M000t
00086 GLU01A0043_001 f 0.00  0.000     0  0.00  0  0  -0.670 999.000   4.667  -6.073   1.450   0.000 01O000M000t
00087 GLU01A0043_002 f 0.00  0.000     0  0.00  0  0  -0.670 999.000   1.947   1.351   1.040   0.000 01O000M000t
00088 GLU02A0043_003 f 0.00  0.000     0  0.00  0  0  -0.953 999.000   4.667   1.638   1.269   0.000 02O000M000t
00089 GLU02A0043_004 f 0.00  0.000     0  0.00  0  0  -0.953 999.000   1.947   1.377   1.318   0.000 02O000M000t
00090 GLU-1A0043_005 f 0.00 -1.000     0  4.75  0 -1  -0.842 999.000   1.947   1.436   3.368   0.000 -1O000M000t
00091 ASP01A0044_001 f 0.00  0.000     0  0.00  0  0  -2.156 999.000   3.908   1.910   0.832   0.000 01O000M000t
00092 ASP01A0044_002 f 0.00  0.000     0  0.00  0  0  -2.156 999.000   1.188   0.578   1.099   0.000 01O000M000t
00093 ASP02A0044_003 f 0.00  0.000     0  0.00  0  0  -2.116 999.000   3.908  -0.462   0.465   0.000 02O000M000t
00094 ASP02A0044_004 f 0.00  0.000     0  0.00  0  0  -2.116 999.000   1.188  -0.397   1.973   0.000 02O000M000t
00095 ASP-1A0044_005 f 0.00 -1.000     0  4.75  0 -1  -2.108 999.000   1.188  -1.228   4.334   0.000 -1O000M000t
00096 THR01A0045_001 f 0.00  0.000     0  0.00  0  0  -4.337  83.655   3.077   0.472   1.510   0.000 01O000M000t
00097 THR01A0045_002 f 0.00  0.000     0  0.00  0  0  -4.337  83.655   3.077   0.434   0.853   0.000 01O000M000t
00098 MET01A0046_001 f 0.00  0.000     0  0.00  0  0  -1.237   8.970   4.728   0.090   0.079   0.000 01O000M000t
00099 GLU01A0047_001 f 0.00  0.000     0  0.00  0  0   0.743 999.000   4.959   0.583   2.250   0.000 01O000M000t
00100 GLU01A0047_002 f 0.00  0.000     0  0.00  0  0   0.743 999.000   2.239  -0.106   2.108   0.000 01O000M000t
00101 GLU02A0047_003 f 0.00  0.000     0  0.00  0  0   0.632 999.000   4.959   0.872   2.216   0.000 02O000M000t
00102 GLU02A0047_004 f 0.00  0.000     0  0.00  0  0   0.632 999.000   2.239   0.050   2.012   0.000 02O000M000t
00103 GLU-1A0047_005 f 0.00 -1.000     0  4.75  0 -1   0.556 999.000   2.239  -0.683   8.388   0.000 -1O000M000t
00104 VAL01A0048_001 f 0.00  0.000     0  0.00  0  0  -3.164   1.100   0.138   0.000   0.000   0.000 01O000M000t
00105 GLU01A0049_001 f 0.00  0.000     0  0.00  0  0  -2.591  -1.309   3.005   0.375  -0.181   0.000 01O000M000t
00106 GLU01A0049_002 f 0.00  0.000     0  0.00  0  0  -2.591  -1.309   0.285   0.104   0.730   0.000 01O000M000t
00107 GLU02A0049_003 f 0.00  0.000     0  0.00  0  0  -2.816  -1.417   3.005   0.169  -0.398   0.000 02O000M000t
00108 GLU02A0049_004 f 0.00  0.000     0  0.00  0  0  -2.816  -1.417   0.285   0.097   0.658   0.000 02O000M000t
00109 GLU-1A0049_005 f 0.00 -1.000     0  4.75  0 -1  -2.712  -1.386   0.285  -0.474   0.643   0.000 -1O000M000t
00110 GLU01A0050_001 f 0.00  0.000     0  0.00  0  0  -0.437  -1.771   4.669   0.339   1.001   0.000 01O000M000t
00111 GLU01A0050_002 f 0.00  0.000     0  0.00  0  0  -0.437  -1.771   1.949   0.072   1.226   0.000 01O000M000t
00112 GLU02A0050_003 f 0.00  0.000     0  0.00  0  0  -0.923  -1.732   4.669  -0.041  -0.132   0.000 02O000M000t
00113 GLU02A0050_004 f 0.00  0.000     0  0.00  0  0  -0.923  -1.732   1.949  -0.032   1.392   0.000 02O000M000t
00114 GLU-1A0050_005 f 0.00 -1.000     0  4.75  0 -1  -0.907  -1.714   1.949  -0.606   1.706   0.000 -1O000M000t
00115 PHE01A0051_001 f 0.00  0.000     0  0.00  0  0   4.563 -10.447   0.072   0.000   0.000   0.000 01O000M000t
00116 LEU01A0052_001 f 0.00  0.000     0  0.00  0  0  -1.915  -3.122   0.495   0.000   0.000   0.000 01O000M000t
00117 LYS01A0053_001 f 0.00  0.000     0  0.00  0  0  -6.876  -2.068   1.430  -0.002  -0.099   0.000 01O000M000t
00118 LYS+1A0053_002 f 0.00  1.000     0 10.40  0  1  -6.919  -2.070   1.430   0.063  -0.061   0.000 +1O000M000t
00119 GLU01A0054_001 f 0.00  0.000     0  0.00  0  0   1.676  -2.568   3.379   0.257   1.298   0.000 01O000M000t
00120 GLU01A0054_002 f 0.00  0.000     0  0.00  0  0   1.676  -2.568   0.659   0.104   1.895   0.000 01O000M000t
00121 GLU02A0054_003 f 0.00  0.000     0  0.00  0  0   1.260  -2.557   3.379   0.176   1.942   0.000 02O000M000t
00122 GLU02A0054_004 f 0.00  0.000     0  0.00  0  0   1.260  -2.557   0.659   0.016   1.588   0.000 02O000M000t
00123 GLU-1A0054_005 f 0.00 -1.000     0  4.75  0 -1   1.197  -2.507   0.659  -0.296   6.316   0.000 -1O000M000t
00124 ALA01A0055_001 f 0.00  0.000     0  0.00  0  0  -0.052  -1.688   0.000   0.000   0.000   0.000 01O000M000t
00125 ALA01A0056_001 f 0.00  0.000     0  0.00  0  0  -3.139  -1.506   0.000   0.000   0.000   0.000 01O000M000t
00126 VAL01A0057_001 f 0.00  0.000     0  0.00  0  0  -0.709  -0.024   0.346   0.000   0.000   0.000 01O000M000t
00127 MET01A0058_001 f 0.00  0.000     0  0.00  0  0   0.546  -4.031   0.539  -0.012   0.094   0.000 01O000M000t
00128 LYS01A0059_001 f 0.00  0.000     0  0.00  0  0  -1.271  -3.323   1.440  -0.113   0.585   0.000 01O000M000t
00129 LYS+1A0059_002 f 0.00  1.000     0 10.40  0  1  -1.317  -3.344   1.440   0.597   2.968   0.000 +1O000M000t
00130 GLU01A0060_001 f 0.00  0.000     0  0.00  0  0  -1.054  -1.033   3.349   0.132  -0.123   0.000 01O000M000t
00131 GLU01A0060_002 f 0.00  0.000     0  0.00  0  0  -1.054  -1.033   0.629   0.057   0.404   0.000 01O000M000t
00132 GLU02A0060_003 f 0.00  0.000     0  0.00  0  0  -1.431  -1.173   3.349  -0.020  -0.062   0.000 02O000M000t
00133 GLU02A0060_004 f 0.00  0.000     0  0.00  0  0  -1.431  -1.173   0.629   0.100   0.718   0.000 02O000M000t
00134 GLU-1A0060_005 f 0.00 -1.000     0  4.75  0 -1  -1.442  -1.101   0.629   0.104   0.619   0.000 -1O000M000t
00135 ILE01A0061_001 f 0.00  0.000     0  0.00  0  0   3.751  -4.172   0.722   0.000   0.000   0.000 01O000M000t
00136 LYS01A0062_001 f 0.00  0.000     0  0.00  0  0  -5.616  -0.083   2.096  -0.088   0.636   0.000 01O000M000t
00137 LYS+1A0062_002 f 0.00  1.000     0 10.40  0  1  -5.697  -0.094   2.096  -0.518   2.586   0.000 +1O000M000t
00138 HIS01A0063_001 f 0.00  0.000     0  0.00  0  0  -1.158  -5.831   0.069  -2.857   2.913   0.000 01O000M000t
00139 HIS02A0063_002 f 0.00  0.000     0  0.00  0  0  -1.177  -5.894   0.069   3.107   2.522   0.000 02O000M000t
00140 HIS+1A0063_003 f 0.00  1.000     0  6.98  0  1  -1.204  -5.928   0.069   7.030   4.930   0.000 +1O000M000t
00141 PRO01A0064_001 f 0.00  0.000     0  0.00  0  0  -5.599   0.368   0.000   0.000   0.000   0.000 01O000M000t
00142 ASN01A0065_001 f 0.00  0.000     0  0.00  0  0  -0.246  -3.821   1.093  -1.696   1.768   0.000 01O000M000t
00143 ASN01A0065_002 f 0.00  0.000     0  0.00  0  0  -0.244  -4.505   1.071   1.377   1.937   0.000 01R001M000t
00144 LEU01A0066_001 f 0.00  0.000     0  0.00  0  0   2.217  -6.377   0.521   0.000   0.000   0.000 01O000M000t
00145 VAL01A0067_001 f 0.00  0.000     0  0.00  0  0   0.709  -2.252   0.028   0.000   0.000   0.000 01O000M000t
00146 GLN01A0068_001 f 0.00  0.000     0  0.00  0  0  -0.814  -4.574   1.345  -0.573   1.205   0.000 01O000M000t
00147 GLN01A0068_002 f 0.00  0.000     0  0.00  0  0  -0.855  -4.660   1.351   0.661   0.758   0.000 01R001M000t
00148 LEU01A0069_001 f 0.00  0.000     0  0.00  0  0   1.415  -5.871   0.550   0.000   0.000   0.000 01O000M000t
00149 LEU01A0070_001 f 0.00  0.000     0  0.00  0  0   0.423  -5.420   0.437   0.000   0.000   0.000 01O000M000t
00150 VAL01A0072_001 f 0.00  0.000     0  0.00  0  0   0.688  -1.569   0.052   0.000   0.000   0.000 01O000M000t
00151 CYS01A0073_001 f 0.00  0.000     0  0.00  0  0  -0.002  -3.436   0.010  -0.499   0.898   0.000 01O000M000t
00152 CYS01A0073_002 f 0.00  0.000     0  0.00  0  0  -0.002  -3.344   0.010   0.162   0.937   0.000 01O000M000t
00153 CYS01A0073_003 f 0.00  0.000     0  0.00  0  0  -0.002  -3.359   0.010  -0.093   0.954   0.000 01O000M000t
00154 CYS-1A0073_004 f 0.00 -1.000     0  9.10  0 -1   0.000  -3.246   0.010  -2.973  10.510   0.000 -1O000M000t
00155 THR01A0074_001 f 0.00  0.000     0  0.00  0  0  -0.185   0.370   0.390   0.834   1.470   0.000 01O000M000t
00156 THR01A0074_002 f 0.00  0.000     0  0.00  0  0  -0.185   0.370   0.390  -0.469   0.582   0.000 01O000M000t
00157 THR01A0074_003 f 0.00  0.000     0  0.00  0  0  -0.185   0.370   0.015  -1.028   0.598   0.000 01O000M000t
00158 ARG01A0075_001 f 0.00  0.000     0  0.00  0  0  -7.296  -2.070   5.942  -0.059   0.916   0.000 01O000M000t
00159 ARG02A0075_002 f 0.00  0.000     0  0.00  0  0  -7.284  -2.072   5.942  -0.008   1.647   0.000 02O000M000t
00160 ARG03A0075_003 f 0.00  0.000     0  0.00  0  0  -7.340  -2.070   5.942   0.019   1.829   0.000 03O000M000t
00161 ARG+1A0075_004 f 0.00  1.000     0 12.50  0  1  -7.382  -2.078   5.942   0.442   0.940   0.000 +1O000M000t
00162 GLU01A0076_001 f 0.00  0.000     0  0.00  0  0  -0.443  -0.758   3.612  -0.001   0.266   0.000 01O000M000t
00163 GLU01A0076_002 f 0.00  0.000     0  0.00  0  0  -0.443  -0.758   0.892   0.221   1.031   0.000 01O000M000t
00164 GLU02A0076_003 f 0.00  0.000     0  0.00  0  0  -0.689  -0.963   3.612  -0.400   1.060   0.000 02O000M000t
00165 GLU02A0076_004 f 0.00  0.000     0  0.00  0  0  -0.689  -0.963   0.892   0.174   0.955   0.000 02O000M000t
00166 GLU-1A0076_005 f 0.00 -1.000     0  4.75  0 -1  -0.785  -0.878   0.892  -1.297   2.391   0.000 -1O000M000t
00167 PRO01A0077_001 f 0.00  0.000     0  0.00  0  0  -5.880  -0.189   0.000   0.000   0.000   0.000 01O000M000t
00168 PRO01A0078_001 f 0.00  0.000     0  0.00  0  0  -3.549   0.096   0.000   0.000   0.000   0.000 01O000M000t
00169 PHE01A0079_001 f 0.00  0.000     0  0.00  0  0   3.678  -4.562   0.003   0.000   0.000   0.000 01O000M000t
00170 TYR01A0080_001 f 0.00  0.000     0  0.00  0  0   2.995  -4.523   0.078   0.517   1.116   0.000 01O000M000t
00171 TYR01A0080_002 f 0.00  0.000     0  0.00  0  0   2.995  -4.523   0.078   0.460   1.262   0.000 01O000M000t
00172 TYR-1A0080_003 f 0.00 -1.000     0 10.20  0 -1   2.995  -4.523   0.078   0.970   5.462   0.000 -1O000M000t
00173 ILE01A0081_001 f 0.00  0.000     0  0.00  0  0   2.500  -4.366   0.502   0.000   0.000   0.000 01O000M000t
00174 ILE01A0082_001 f 0.00  0.000     0  0.00  0  0   2.314  -5.671   1.013   0.000   0.000   0.000 01O000M000t
00175 THR01A0083_001 f 0.00  0.000     0  0.00  0  0   0.300  -1.557   0.528   0.179   1.991   0.000 01O000M000t
00176 THR01A0083_002 f 0.00  0.000     0  0.00  0  0   0.300  -1.557   0.528  -1.791   1.984   0.000 01O000M000t
00177 THR01A0083_003 f 0.00  0.000     0  0.00  0  0   0.300  -1.557   0.153  -0.141   1.990   0.000 01O000M000t
00178 GLU01A0084_001 f 0.00  0.000     0  0.00  0  0   1.069  -0.546   3.074  -0.787   1.365   0.000 01O000M000t
00179 GLU01A0084_002 f 0.00  0.000     0  0.00  0  0   1.069  -0.546   0.354  -0.935   2.150   0.000 01O000M000t
00180 GLU02A0084_003 f 0.00  0.000     0  0.00  0  0   0.710   0.157   3.074   4.105   1.855   0.000 02O000M000t
00181 GLU02A0084_004 f 0.00  0.000     0  0.00  0  0   0.710   0.157   0.354  -0.359   2.248   0.000 02O000M000t
00182 GLU-1A0084_005 f 0.00 -1.000     0  4.75  0 -1   0.636  -0.477   0.354  -3.399   6.857   0.000 -1O000M000t
00183 PHE01A0085_001 f 0.00  0.000     0  0.00  0  0   2.106  -7.306   0.114   0.000   0.000   0.000 01O000M000t
00184 MET01A0086_001 f 0.00  0.000     0  0.00  0  0   0.432  -6.333   0.919   0.116   0.072   0.000 01O000M000t
00185 THR01A0087_001 f 0.00  0.000     0  0.00  0  0  -2.606  -0.337   0.478  -0.533   0.298   0.000 01O000M000t
00186 THR01A0087_002 f 0.00  0.000     0  0.00  0  0  -2.606  -0.337   0.103  -0.498   0.695   0.000 01O000M000t
00187 TYR01A0088_001 f 0.00  0.000     0  0.00  0  0  -1.470  -5.107   0.012   0.240   0.428   0.000 01O000M000t
00188 TYR01A0088_002 f 0.00  0.000     0  0.00  0  0  -1.470  -5.107   0.012   0.353   0.622   0.000 01O000M000t
00189 TYR-1A0088_003 f 0.00 -1.000     0 10.20  0 -1  -1.470  -5.107   0.012  -0.491   0.647   0.000 -1O000M000t
00190 ASN01A0090_001 f 0.00  0.000     0  0.00  0  0   0.365  -4.974   1.817  -2.079   2.093   0.000 01O000M000t
00191 ASN01A0090_002 f 0.00  0.000     0  0.00  0  0   0.330  -3.616   1.801   3.124   1.929   0.000 01R001M000t
00192 LEU01A0091_001 f 0.00  0.000     0  0.00  0  0   2.112  -4.712   0.534   0.000   0.000   0.000 01O000M000t
00193 LEU01A0092_001 f 0.00  0.000     0  0.00  0  0   0.335  -2.344   0.442   0.000   0.000   0.000 01O000M000t
00194 ASP01A0093_001 f 0.00  0.000     0  0.00  0  0  -1.229  -0.107   3.101   0.802   0.579   0.000 01O000M000t
00195 ASP01A0093_002 f 0.00  0.000     0  0.00  0  0  -1.229  -0.107   0.381   0.324   0.864   0.000 01O000M000t
00196 ASP02A0093_003 f 0.00  0.000     0  0.00  0  0  -1.173  -0.704   3.101   0.590   0.300   0.000 02O000M000t
00197 ASP02A0093_004 f 0.00  0.000     0  0.00  0  0  -1.173  -0.704   0.381   0.316   1.199   0.000 02O000M000t
00198 ASP-1A0093_005 f 0.00 -1.000     0  4.75  0 -1  -1.205  -0.652   0.381  -1.312   1.882   0.000 -1O000M000t
00199 TYR01A0094_001 f 0.00  0.000     0  0.00  0  0   3.002  -5.978   0.021   0.269   1.214   0.000 01O000M000t
00200 TYR-1A0094_002 f 0.00 -1.000     0 10.20  0 -1   3.002  -5.978   0.021  -0.373   4.830   0.000 -1O000M000t
00201 LEU01A0095_001 f 0.00  0.000     0  0.00  0  0   2.203  -5.775   0.556   0.000   0.000   0.000 01O000M000t
00202 ARG01A0096_001 f 0.00  0.000     0  0.00  0  0  -4.638  -1.448   0.804   0.669   1.631   0.000 01O000M000t
00203 ARG02A0096_002 f 0.00  0.000     0  0.00  0  0  -4.679  -0.669   0.804  -1.487   2.395   0.000 02O000M000t
00204 ARG03A0096_003 f 0.00  0.000     0  0.00  0  0  -4.683  -0.657   0.804  -1.690   2.331   0.000 03O000M000t
00205 ARG+1A0096_004 f 0.00  1.000     0 12.50  0  1  -4.721  -0.673   0.804  -3.237   2.618   0.000 +1O000M000t
00206 GLU01A0097_001 f 0.00  0.000     0  0.00  0  0  -1.152  -2.513   4.053  -0.215  -0.260   0.000 01O000M000t
00207 GLU01A0097_002 f 0.00  0.000     0  0.00  0  0  -1.152  -2.513   1.333  -0.098   0.624   0.000 01O000M000t
00208 GLU02A0097_003 f 0.00  0.000     0  0.00  0  0  -1.417  -2.502   4.053  -0.140  -0.314   0.000 02O000M000t
00209 GLU02A0097_004 f 0.00  0.000     0  0.00  0  0  -1.417  -2.502   1.333  -0.061   0.851   0.000 02O000M000t
00210 GLU-1A0097_005 f 0.00 -1.000     0  4.75  0 -1  -1.413  -2.445   1.333   0.228   1.021   0.000 -1O000M000t
00211 CYS01A0098_001 f 0.00  0.000     0  0.00  0  0  -0.050  -3.040   0.170  -1.012   0.817   0.000 01O000M000t
00212 CYS01A0098_002 f 0.00  0.000     0  0.00  0  0  -0.050  -3.050   0.170   0.087   0.950   0.000 01O000M000t
00213 CYS01A0098_003 f 0.00  0.000     0  0.00  0  0  -0.051  -2.938   0.170  -0.363   0.950   0.000 01O000M000t
00214 CYS-1A0098_004 f 0.00 -1.000     0  9.10  0 -1  -0.048  -2.880   0.170  -0.001  10.198   0.000 -1O000M000t
00215 ASN01A0099_001 f 0.00  0.000     0  0.00  0  0  -2.467   0.192   0.271  -1.494   0.712   0.000 01O000M000t
00216 ARG01A0100_001 f 0.00  0.000     0  0.00  0  0  -5.370  -3.253   0.528   0.164   0.947   0.000 01O000M000t
00217 ARG02A0100_002 f 0.00  0.000     0  0.00  0  0  -5.349  -3.265   0.528  -0.049   1.577   0.000 02O000M000t
00218 ARG03A0100_003 f 0.00  0.000     0  0.00  0  0  -5.414  -3.256   0.528   0.019   1.882   0.000 03O000M000t
00219 ARG+1A0100_004 f 0.00  1.000     0 12.50  0  1  -5.455  -3.271   0.528  -0.808   1.011   0.000 +1O000M000t
00220 GLN01A0101_001 f 0.00  0.000     0  0.00  0  0  -3.077  -0.823   0.775   0.182   0.011   0.000 01O000M000t
00221 GLN01A0101_002 f 0.00  0.000     0  0.00  0  0  -3.073  -0.770   0.765   0.138  -0.326   0.000 01R001M000t
00222 GLU01A0102_001 f 0.00  0.000     0  0.00  0  0  -0.358  -0.039   4.829   0.232   0.341   0.000 01O000M000t
00223 GLU01A0102_002 f 0.00  0.000     0  0.00  0  0  -0.358  -0.039   2.109   0.087   1.009   0.000 01O000M000t
00224 GLU02A0102_003 f 0.00  0.000     0  0.00  0  0  -0.606  -0.026   4.829   0.137   0.688   0.000 02O000M000t
00225 GLU02A0102_004 f 0.00  0.000     0  0.00  0  0  -0.606  -0.026   2.109   0.104   0.795   0.000 02O000M000t
00226 GLU-1A0102_005 f 0.00 -1.000     0  4.75  0 -1  -0.554   0.015   2.109  -0.592   2.059   0.000 -1O000M000t
00227 VAL01A0103_001 f 0.00  0.000     0  0.00  0  0   0.861   1.520   0.019   0.000   0.000   0.000 01O000M000t
00228 ASN01A0104_001 f 0.00  0.000     0  0.00  0  0  -1.695  -1.162   0.276  -2.194   1.371   0.000 01O000M000t
00229 ASN01A0104_002 f 0.00  0.000     0  0.00  0  0  -1.695   1.204   0.283   2.517   1.120   0.000 01R001M000t
00230 ALA01A0105_001 f 0.00  0.000     0  0.00  0  0  -2.881  -0.540   0.000   0.000   0.000   0.000 01O000M000t
00231 VAL01A0106_001 f 0.00  0.000     0  0.00  0  0  -3.769  -0.159   0.025   0.000   0.000   0.000 01O000M000t
00232 VAL01A0107_001 f 0.00  0.000     0  0.00  0  0  -0.039  -2.104   0.010   0.000   0.000   0.000 01O000M000t
00233 LEU01A0108_001 f 0.00  0.000     0  0.00  0  0   1.215  -3.336   0.555   0.000   0.000   0.000 01O000M000t
00234 LEU01A0109_001 f 0.00  0.000     0  0.00  0  0   1.553  -5.115   0.827   0.000   0.000   0.000 01O000M000t
00235 TYR01A0110_001 f 0.00  0.000     0  0.00  0  0  -0.310  -5.920   0.099   0.408   0.401   0.000 01O000M000t
00236 TYR01A0110_002 f 0.00  0.000     0  0.00  0  0  -0.310  -5.920   0.099   0.163   0.757   0.000 01O000M000t
00237 TYR-1A0110_003 f 0.00 -1.000     0 10.20  0 -1  -0.310  -5.920   0.099   0.847   1.067   0.000 -1O000M000t
00238 MET01A0111_001 f 0.00  0.000     0  0.00  0  0   1.610  -3.142   1.227   0.031   0.099   0.000 01O000M000t
00239 ALA01A0112_001 f 0.00  0.000     0  0.00  0  0  -0.052  -1.753   0.000   0.000   0.000   0.000 01O000M000t
00240 THR01A0113_001 f 0.00  0.000     0  0.00  0  0  -0.178  -1.129   0.382   0.665   1.967   0.000 01O000M000t
00241 THR01A0113_002 f 0.00  0.000     0  0.00  0  0  -0.178  -1.129   0.382  -1.909   1.950   0.000 01O000M000t
00242 THR01A0113_003 f 0.00  0.000     0  0.00  0  0  -0.178  -1.129   0.007  -0.346   1.940   0.000 01O000M000t
00243 GLN01A0114_001 f 0.00  0.000     0  0.00  0  0   1.058  -5.439   1.547  -3.099   2.964   0.000 01O000M000t
00244 GLN01A0114_002 f 0.00  0.000     0  0.00  0  0   1.022  -4.921   1.564   2.086   3.046   0.000 01R001M000t
00245 ILE01A0115_001 f 0.00  0.000     0  0.00  0  0   2.292  -0.272   0.724   0.000   0.000   0.000 01O000M000t
00246 SER01A0116_001 f 0.00  0.000     0  0.00  0  0   0.000  -3.286   0.621  -1.376   1.980   0.000 01O000M000t
00247 SER01A0116_002 f 0.00  0.000     0  0.00  0  0   0.000  -3.286   0.621   0.153   1.973   0.000 01O000M000t
00248 SER01A0117_001 f 0.00  0.000     0  0.00  0  0  -1.199  -2.232   0.411   0.353   1.235   0.000 01O000M000t
00249 SER01A0117_002 f 0.00  0.000     0  0.00  0  0  -1.199  -2.232   0.411  -0.578   0.081   0.000 01O000M000t
00250 ALA01A0118_001 f 0.00  0.000     0  0.00  0  0   0.000  -2.071   0.000   0.000   0.000   0.000 01O000M000t
00251 MET01A0119_001 f 0.00  0.000     0  0.00  0  0  -0.094  -4.022   0.800  -0.009   0.097   0.000 01O000M000t
00252 GLU01A0120_001 f 0.00  0.000     0  0.00  0  0  -0.096  -5.124   2.935   0.267   0.899   0.000 01O000M000t
00253 GLU01A0120_002 f 0.00  0.000     0  0.00  0  0  -0.096  -5.124   0.215   0.107   1.233   0.000 01O000M000t
00254 GLU02A0120_003 f 0.00  0.000     0  0.00  0  0  -0.316  -5.065   2.935   0.357   1.077   0.000 02O000M000t
00255 GLU02A0120_004 f 0.00  0.000     0  0.00  0  0  -0.316  -5.065   0.215   0.076   1.309   0.000 02O000M000t
00256 GLU-1A0120_005 f 0.00 -1.000     0  4.75  0 -1  -0.316  -5.016   0.215  -0.638   2.745   0.000 -1O000M000t
00257 TYR01A0121_001 f 0.00  0.000     0  0.00  0  0   0.788  -7.266   0.586  -0.765   1.437   0.000 01O000M000t
00258 TYR-1A0121_002 f 0.00 -1.000     0 10.20  0 -1   0.788  -7.266   0.586  -2.239   6.351   0.000 -1O000M000t
00259 LEU01A0122_001 f 0.00  0.000     0  0.00  0  0   1.518  -3.183   0.505   0.000   0.000   0.000 01O000M000t
00260 GLU01A0123_001 f 0.00  0.000     0  0.00  0  0  -0.006  -5.014   4.173  -1.974   1.556   0.000 01O000M000t
00261 GLU01A0123_002 f 0.00  0.000     0  0.00  0  0  -0.006  -5.014   1.453   2.893   2.490   0.000 01O000M000t
00262 GLU02A0123_003 f 0.00  0.000     0  0.00  0  0  -0.026  -5.335   4.173  -2.429   1.382   0.000 02O000M000t
00263 GLU02A0123_004 f 0.00  0.000     0  0.00  0  0  -0.026  -5.335   1.453   1.514   2.608   0.000 02O000M000t
00264 GLU-1A0123_005 f 0.00 -1.000     0  4.75  0 -1  -0.139  -5.308   1.453  -7.063   7.286   0.000 -1O000M000t
00265 LYS01A0124_001 f 0.00  0.000     0  0.00  0  0  -6.329  -1.200   1.743  -0.008   0.013   0.000 01O000M000t
00266 LYS+1A0124_002 f 0.00  1.000     0 10.40  0  1  -6.378  -1.203   1.743   0.114   0.048   0.000 +1O000M000t
00267 LYS01A0125_001 f 0.00  0.000     0  0.00  0  0  -3.164  -3.230   2.846   0.044   0.081   0.000 01O000M000t
00268 LYS+1A0125_002 f 0.00  1.000     0 10.40  0  1  -3.224  -3.242   2.846  -0.479   0.418   0.000 +1O000M000t
00269 ASN01A0126_001 f 0.00  0.000     0  0.00  0  0  -3.037   0.446   0.996   0.029   0.107   0.000 01O000M000t
00270 ASN01A0126_002 f 0.00  0.000     0  0.00  0  0  -3.152   0.612   1.033   0.351  -0.080   0.000 01R001M000t
00271 PHE01A0127_001 f 0.00  0.000     0  0.00  0  0   3.829  -4.603   0.044   0.000   0.000   0.000 01O000M000t
00272 ILE01A0128_001 f 0.00  0.000     0  0.00  0  0  -0.797  -3.611   0.528   0.000   0.000   0.000 01O000M000t
00273 HIS01A0129_001 f 0.00  0.000     0  0.00  0  0  -0.188  -2.872   0.028  -3.793   3.713   0.000 01O000M000t
00274 HIS02A0129_002 f 0.00  0.000     0  0.00  0  0  -0.206  -3.132   0.028   5.299   3.730   0.000 02O000M000t
00275 HIS+1A0129_003 f 0.00  1.000     0  6.98  0  1  -0.232  -2.848   0.028   6.728  10.463   0.000 +1O000M000t
00276 ARG01A0130_001 f 0.00  0.000     0  0.00  0  0  -5.476   3.793   0.441  -0.235   1.147   0.000 01O000M000t
00277 ARG02A0130_002 f 0.00  0.000     0  0.00  0  0  -5.422   3.819   0.441   0.015   1.803   0.000 02O000M000t
00278 ARG03A0130_003 f 0.00  0.000     0  0.00  0  0  -5.503   3.789   0.441  -0.099   1.803   0.000 03O000M000t
00279 ARG+1A0130_004 f 0.00  1.000     0 12.50  0  1  -5.542   3.782   0.441   0.405   1.399   0.000 +1O000M000t
00280 ASP01A0131_001 f 0.00  0.000     0  0.00  0  0  -0.204  -0.045   3.086   0.340   1.520   0.000 01O000M000t
00281 ASP01A0131_002 f 0.00  0.000     0  0.00  0  0  -0.204  -0.045   0.366   0.075   2.213   0.000 01O000M000t
00282 ASP02A0131_003 f 0.00  0.000     0  0.00  0  0  -0.176  -0.528   3.086  -0.236   1.407   0.000 02O000M000t
00283 ASP02A0131_004 f 0.00  0.000     0  0.00  0  0  -0.176  -0.528   0.366   0.196   2.566   0.000 02O000M000t
00284 ASP-1A0131_005 f 0.00 -1.000     0  4.75  0 -1  -0.204  -0.445   0.366  -2.576   8.088   0.000 -1O000M000t
00285 LEU01A0132_001 f 0.00  0.000     0  0.00  0  0   1.396  -4.467   0.490   0.000   0.000   0.000 01O000M000t
00286 ALA01A0133_001 f 0.00  0.000     0  0.00  0  0   0.000   1.317   0.000   0.000   0.000   0.000 01O000M000t
00287 ALA01A0134_001 f 0.00  0.000     0  0.00  0  0   0.000  -1.556   0.000   0.000   0.000   0.000 01O000M000t
00288 ARG01A0135_001 f 0.00  0.000     0  0.00  0  0   1.321  -3.881   0.804  -0.601   4.119   0.000 01O000M000t
00289 ARG02A0135_002 f 0.00  0.000     0  0.00  0  0   1.303  -3.882   0.804  -0.449   4.652   0.000 02O000M000t
00290 ARG03A0135_003 f 0.00  0.000     0  0.00  0  0   1.295  -3.871   0.804  -0.444   4.542   0.000 03O000M000t
00291 ARG03A0135_004 f 0.00  0.000     0  0.00  0  0   1.300  -3.874   0.804  -0.407   4.529   0.000 03O000M000t
00292 ARG+1A0135_005 f 0.00  1.000     0 12.50  0  1   1.255  -3.896   0.804   3.530   8.740   0.000 +1O000M000t
00293 ASN01A0136_001 f 0.00  0.000     0  0.00  0  0   0.485   0.483   1.466  -3.613   3.392   0.000 01O000M000t
00294 ASN01A0136_002 f 0.00  0.000     0  0.00  0  0   0.265   1.140   1.406   2.498   3.372   0.000 01R001M000t
00295 CYS01A0137_001 f 0.00  0.000     0  0.00  0  0  -0.002  -4.908   0.023  -0.072   0.997   0.000 01O000M000t
00296 CYS01A0137_002 f 0.00  0.000     0  0.00  0  0  -0.002  -4.963   0.023  -0.298   0.996   0.000 01O000M000t
00297 CYS01A0137_003 f 0.00  0.000     0  0.00  0  0  -0.002  -4.842   0.023   0.090   0.997   0.000 01O000M000t
00298 CYS-1A0137_004 f 0.00 -1.000     0  9.10  0 -1   0.000  -4.805   0.023  -4.498  15.410   0.000 -1O000M000t
00299 LEU01A0138_001 f 0.00  0.000     0  0.00  0  0   2.129  -5.987   0.595   0.000   0.000   0.000 01O000M000t
00300 VAL01A0139_001 f 0.00  0.000     0  0.00  0  0   0.446  -3.615   0.001   0.000   0.000   0.000 01O000M000t
00301 GLU01A0141_001 f 0.00  0.000     0  0.00  0  0  -0.196  -0.485   3.772   0.504   0.117   0.000 01O000M000t
00302 GLU01A0141_002 f 0.00  0.000     0  0.00  0  0  -0.196  -0.485   1.052   0.066   1.058   0.000 01O000M000t
00303 GLU02A0141_003 f 0.00  0.000     0  0.00  0  0  -0.597  -0.601   3.772   0.097   0.011   0.000 02O000M000t
00304 GLU02A0141_004 f 0.00  0.000     0  0.00  0  0  -0.597  -0.601   1.052   0.023   1.118   0.000 02O000M000t
00305 GLU-1A0141_005 f 0.00 -1.000     0  4.75  0 -1  -0.534  -0.560   1.052  -0.928   2.312   0.000 -1O000M000t
00306 ASN01A0142_001 f 0.00  0.000     0  0.00  0  0  -3.373   1.095   0.485   0.006   0.024   0.000 01O000M000t
00307 ASN01A0142_002 f 0.00  0.000     0  0.00  0  0  -3.532   1.682   0.588   0.213  -0.210   0.000 01R001M000t
00308 HIS01A0143_001 f 0.00  0.000     0  0.00  0  0  -1.855  -1.713   0.287   0.204   2.211   0.000 01O000M000t
00309 HIS02A0143_002 f 0.00  0.000     0  0.00  0  0  -1.877  -1.729   0.287  -0.097   1.940   0.000 02O000M000t
00310 HIS+1A0143_003 f 0.00  1.000     0  6.98  0  1  -1.904  -1.746   0.287   0.399   3.492   0.000 +1O000M000t
00311 LEU01A0144_001 f 0.00  0.000     0  0.00  0  0  -2.296  -2.884   0.646   0.000   0.000   0.000 01O000M000t
00312 VAL01A0145_001 f 0.00  0.000     0  0.00  0  0   1.022  -3.167   0.000   0.000   0.000   0.000 01O000M000t
00313 LYS01A0146_001 f 0.00  0.000     0  0.00  0  0  -0.074  -7.847   1.701  -0.121   0.557   0.000 01O000M000t
00314 LYS+1A0146_002 f 0.00  1.000     0 10.40  0  1  -0.114  -7.896   1.701  -0.392   4.575   0.000 +1O000M000t
00315 VAL01A0147_001 f 0.00  0.000     0  0.00  0  0   0.631  -1.930   0.132   0.000   0.000   0.000 01O000M000t
00316 ALA01A0148_001 f 0.00  0.000     0  0.00  0  0   0.000  -0.107   0.000   0.000   0.000   0.000 01O000M000t
00317 ASP01A0149_001 f 0.00  0.000     0  0.00  0  0  -0.416   3.967   2.886   4.014   1.511   0.000 01O000M000t
00318 ASP01A0149_002 f 0.00  0.000     0  0.00  0  0  -0.416   3.967   0.166  -0.322   0.881   0.000 01O000M000t
00319 ASP02A0149_003 f 0.00  0.000     0  0.00  0  0  -0.461   2.645   2.886  -1.366   1.809   0.000 02O000M000t
00320 ASP02A0149_004 f 0.00  0.000     0  0.00  0  0  -0.461   2.645   0.166  -1.440   1.496   0.000 02O000M000t
00321 ASP-1A0149_005 f 0.00 -1.000     0  4.75  0 -1  -0.451   2.728   0.166  -4.018   4.721   0.000 -1O000M000t
00322 PHE01A0150_001 f 0.00  0.000     0  0.00  0  0   3.937  -3.982   0.142   0.000   0.000   0.000 01O000M000t
00323 LEU01A0152_001 f 0.00  0.000     0  0.00  0  0   0.708  -4.229   0.478   0.000   0.000   0.000 01O000M000t
00324 SER01A0153_001 f 0.00  0.000     0  0.00  0  0  -1.600  -1.780   0.752  -0.083   0.242   0.000 01O000M000t
00325 ARG01A0154_001 f 0.00  0.000     0  0.00  0  0  -5.385  -1.311   2.152  -0.016   0.671   0.000 01O000M000t
00326 ARG02A0154_002 f 0.00  0.000     0  0.00  0  0  -5.418  -1.312   2.152  -0.033   1.503   0.000 02O000M000t
00327 ARG02A0154_003 f 0.00  0.000     0  0.00  0  0  -5.358  -1.312   2.152   0.079   1.490   0.000 02O000M000t
00328 ARG03A0154_004 f 0.00  0.000     0  0.00  0  0  -5.424  -1.315   2.152  -0.022   1.493   0.000 03O000M000t
00329 ARG03A0154_005 f 0.00  0.000     0  0.00  0  0  -5.420  -1.315   2.152   0.006   1.698   0.000 03O000M000t
00330 ARG+1A0154_006 f 0.00  1.000     0 12.50  0  1  -5.462  -1.318   2.152   0.323   1.567   0.000 +1O000M000t
00331 LEU01A0155_001 f 0.00  0.000     0  0.00  0  0  -0.073  -3.143   2.343   0.000   0.000   0.000 01O000M000t
00332 MET01A0156_001 f 0.00  0.000     0  0.00  0  0  -0.492  -3.767   1.508  -0.024   0.071   0.000 01O000M000t
00333 THR01A0157_001 f 0.00  0.000     0  0.00  0  0  -7.276  -0.643   0.384  -0.077   0.084   0.000 01O000M000t
00334 ASP01A0159_001 f 0.00  0.000     0  0.00  0  0  -2.286   1.680   2.754   1.448   0.223   0.000 01O000M000t
00335 ASP01A0159_002 f 0.00  0.000     0  0.00  0  0  -2.286   1.680   0.034  -0.006   0.597   0.000 01O000M000t
00336 ASP02A0159_003 f 0.00  0.000     0  0.00  0  0  -2.261   0.924   2.754  -0.100  -0.444   0.000 02O000M000t
00337 ASP02A0159_004 f 0.00  0.000     0  0.00  0  0  -2.261   0.924   0.034  -0.091   0.806   0.000 02O000M000t
00338 ASP-1A0159_005 f 0.00 -1.000     0  4.75  0 -1  -2.253   0.971   0.034  -1.019   0.681   0.000 -1O000M000t
00339 THR01A0160_001 f 0.00  0.000     0  0.00  0  0  -0.875  -1.052   0.437  -0.316   0.025   0.000 01O000M000t
00340 TYR01A0161_001 f 0.00  0.000     0  0.00  0  0   3.712 -10.733   0.119   0.208   2.600   0.000 01O000M000t
00341 TYR01A0161_002 f 0.00  0.000     0  0.00  0  0   3.712 -10.733   0.119  -0.225   2.541   0.000 01O000M000t
00342 TYR-1A0161_003 f 0.00 -1.000     0 10.20  0 -1   3.712 -10.733   0.119  -3.909  12.335   0.000 -1O000M000t
00343 THR01A0162_001 f 0.00  0.000     0  0.00  0  0  -1.252  -3.229   0.816  -0.126   1.040   0.000 01O000M000t
00344 ALA01A0163_001 f 0.00  0.000     0  0.00  0  0  -4.684  -0.621   0.000   0.000   0.000   0.000 01O000M000t
00345 HIS01A0164_001 f 0.00  0.000     0  0.00  0  0  -2.925  -2.588   0.014  -0.893   1.734   0.000 01O000M000t
00346 HIS02A0164_002 f 0.00  0.000     0  0.00  0  0  -2.944  -2.936   0.014   0.540   1.440   0.000 02O000M000t
00347 HIS+1A0164_003 f 0.00  1.000     0  6.98  0  1  -2.970  -2.621   0.014  -0.696   2.575   0.000 +1O000M000t
00348 ALA01A0165_001 f 0.00  0.000     0  0.00  0  0  -1.458   1.614   0.000   0.000   0.000   0.000 01O000M000t
00349 ALA01A0167_001 f 0.00  0.000     0  0.00  0  0  -2.881   0.076   0.000   0.000   0.000   0.000 01O000M000t
00350 LYS01A0168_001 f 0.00  0.000     0  0.00  0  0  -3.701  -7.931   1.378  -0.008   0.197   0.000 01O000M000t
00351 LYS+1A0168_002 f 0.00  1.000     0 10.40  0  1  -3.740  -7.987   1.378  -1.110   1.515   0.000 +1O000M000t
00352 PHE01A0169_001 f 0.00  0.000     0  0.00  0  0   2.830  -3.703   0.870   0.000   0.000   0.000 01O000M000t
00353 PRO01A0170_001 f 0.00  0.000     0  0.00  0  0  -0.165   0.779   0.000   0.000   0.000   0.000 01O000M000t
00354 ILE01A0171_001 f 0.00  0.000     0  0.00  0  0   2.268  -1.552   0.609   0.000   0.000   0.000 01O000M000t
00355 LYS01A0172_001 f 0.00  0.000     0  0.00  0  0  -0.868  -1.172   1.074  -0.437   0.831   0.000 01O000M000t
00356 LYS+1A0172_002 f 0.00  1.000     0 10.40  0  1  -0.912  -1.426   1.074  -4.650   5.615   0.000 +1O000M000t
00357 TRP01A0173_001 f 0.00  0.000     0  0.00  0  0   3.251  -8.218   0.608   0.000   0.000   0.000 01O000M000t
00358 THR01A0174_001 f 0.00  0.000     0  0.00  0  0   0.491  -2.371   0.389   0.390   1.113   0.000 01O000M000t
00359 THR01A0174_002 f 0.00  0.000     0  0.00  0  0   0.491  -2.371   0.390  -1.950   1.736   0.000 01O000M000t
00360 ALA01A0175_001 f 0.00  0.000     0  0.00  0  0   0.000  -1.881   0.000   0.000   0.000   0.000 01O000M000t
00361 PRO01A0176_001 f 0.00  0.000     0  0.00  0  0   0.322  -1.069   0.000   0.000   0.000   0.000 01O000M000t
00362 GLU01A0177_001 f 0.00  0.000     0  0.00  0  0   1.398  -2.312   3.999   1.554   1.675   0.000 01O000M000t
00363 GLU01A0177_002 f 0.00  0.000     0  0.00  0  0   1.398  -2.312   1.279  -0.388   2.591   0.000 01O000M000t
00364 GLU02A0177_003 f 0.00  0.000     0  0.00  0  0   1.100  -3.006   3.999  -0.658   1.851   0.000 02O000M000t
00365 GLU02A0177_004 f 0.00  0.000     0  0.00  0  0   1.100  -3.006   1.279  -0.524   2.603   0.000 02O000M000t
00366 GLU-1A0177_005 f 0.00 -1.000     0  4.75  0 -1   1.028  -2.876   1.279  -5.298   9.725   0.000 -1O000M000t
00367 SER01A0178_001 f 0.00  0.000     0  0.00  0  0   0.000  -0.806   0.441  -2.760   1.876   0.000 01O000M000t
00368 SER01A0178_002 f 0.00  0.000     0  0.00  0  0   0.000  -0.806   0.440   1.041   1.879   0.000 01O000M000t
00369 SER01A0178_003 f 0.00  0.000     0  0.00  0  0   0.000  -0.806   0.065   0.393   1.395   0.000 01O000M000t
00370 LEU01A0179_001 f 0.00  0.000     0  0.00  0  0   1.287  -5.162   0.639   0.000   0.000   0.000 01O000M000t
00371 ALA01A0180_001 f 0.00  0.000     0  0.00  0  0  -0.670  -1.176   0.000   0.000   0.000   0.000 01O000M000t
00372 TYR01A0181_001 f 0.00  0.000     0  0.00  0  0  -5.536  -2.759   0.022   0.152   0.161   0.000 01O000M000t
00373 TYR01A0181_002 f 0.00  0.000     0  0.00  0  0  -5.536  -2.759   0.022   0.213   0.209   0.000 01O000M000t
00374 TYR-1A0181_003 f 0.00 -1.000     0 10.20  0 -1  -5.536  -2.759   0.022  -0.265   0.151   0.000 -1O000M000t
00375 ASN01A0182_001 f 0.00  0.000     0  0.00  0  0  -2.202   1.629   1.784   0.129   0.467   0.000 01O000M000t
00376 ASN01A0182_002 f 0.00  0.000     0  0.00  0  0  -2.234   1.916   1.749   0.191   0.294   0.000 01R001M000t
00377 LYS01A0183_001 f 0.00  0.000     0  0.00  0  0  -5.356  -2.618   3.539   0.055   0.311   0.000 01O000M000t
00378 LYS+1A0183_002 f 0.00  1.000     0 10.40  0  1  -5.395  -2.623   3.539   0.751   1.592   0.000 +1O000M000t
00379 PHE01A0184_001 f 0.00  0.000     0  0.00  0  0   3.038  -6.266   0.210   0.000   0.000   0.000 01O000M000t
00380 SER01A0185_001 f 0.00  0.000     0  0.00  0  0  -1.851  -0.580   0.377  -0.239   1.368   0.000 01O000M000t
00381 SER01A0185_002 f 0.00  0.000     0  0.00  0  0  -1.851  -0.580   0.377   2.839   1.588   0.000 01O000M000t
00382 ILE01A0186_001 f 0.00  0.000     0  0.00  0  0  -0.105  -1.341   0.530   0.000   0.000   0.000 01O000M000t
00383 LYS01A0187_001 f 0.00  0.000     0  0.00  0  0  -1.792  -6.031   1.123   0.131   0.846   0.000 01O000M000t
00384 LYS+1A0187_002 f 0.00  1.000     0 10.40  0  1  -1.838  -6.129   1.123  -2.142   5.185   0.000 +1O000M000t
00385 SER01A0188_001 f 0.00  0.000     0  0.00  0  0  -0.096  -2.233   0.375   2.172   1.695   0.000 01O000M000t
00386 ASP01A0189_001 f 0.00  0.000     0  0.00  0  0   0.039   2.585   3.372  -2.265   1.656   0.000 01O000M000t
00387 ASP01A0189_002 f 0.00  0.000     0  0.00  0  0   0.039   2.585   0.652   1.969   2.601   0.000 01O000M000t
00388 ASP02A0189_003 f 0.00  0.000     0  0.00  0  0   0.117   3.514   3.372  -2.679   1.795   0.000 02O000M000t
00389 ASP02A0189_004 f 0.00  0.000     0  0.00  0  0   0.117 999.000   0.652   3.741   2.644   0.000 02O000M000t
00390 ASP-1A0189_005 f 0.00 -1.000     0  4.75  0 -1   0.040   2.147   0.652 -10.812  10.993   0.000 -1O000M000t
00391 VAL01A0190_001 f 0.00  0.000     0  0.00  0  0   0.840  -2.813   0.146   0.000   0.000   0.000 01O000M000t
00392 TRP01A0191_001 f 0.00  0.000     0  0.00  0  0   2.656 -12.962   0.002   0.000   0.000   0.000 01O000M000t
00393 ALA01A0192_001 f 0.00  0.000     0  0.00  0  0  -0.258  -2.763   0.000   0.000   0.000   0.000 01O000M000t
00394 PHE01A0193_001 f 0.00  0.000     0  0.00  0  0   4.548  -6.707   0.005   0.000   0.000   0.000 01O000M000t
00395 VAL01A0195_001 f 0.00  0.000     0  0.00  0  0   0.724  -3.407   0.000   0.000   0.000   0.000 01O000M000t
00396 LEU01A0196_001 f 0.00  0.000     0  0.00  0  0   2.957  -1.658   0.486   0.000   0.000   0.000 01O000M000t
00397 LEU01A0197_001 f 0.00  0.000     0  0.00  0  0   2.180  -4.878   0.740   0.000   0.000   0.000 01O000M000t
00398 TRP01A0198_001 f 0.00  0.000     0  0.00  0  0   2.542 -10.468   0.154   0.000   0.000   0.000 01O000M000t
00399 GLU01A0199_001 f 0.00  0.000     0  0.00  0  0   0.389  -4.781   4.277  -0.609   2.414   0.000 01O000M000t
00400 GLU01A0199_002 f 0.00  0.000     0  0.00  0  0   0.389  -4.781   1.557   2.684   2.678   0.000 01O000M000t
00401 GLU02A0199_003 f 0.00  0.000     0  0.00  0  0   0.414  -5.031   4.277  -2.647   1.682   0.000 02O000M000t
00402 GLU02A0199_004 f 0.00  0.000     0  0.00  0  0   0.414  -5.031   1.557  -0.777   2.619   0.000 02O000M000t
00403 GLU-1A0199_005 f 0.00 -1.000     0  4.75  0 -1   0.313  -4.929   1.557  -7.797  12.077   0.000 -1O000M000t
00404 ILE01A0200_001 f 0.00  0.000     0  0.00  0  0   3.561  -4.504   1.093   0.000   0.000   0.000 01O000M000t
00405 ALA01A0201_001 f 0.00  0.000     0  0.00  0  0  -0.103  -2.015   0.000   0.000   0.000   0.000 01O000M000t
00406 THR01A0202_001 f 0.00  0.000     0  0.00  0  0   0.303  -1.713   0.399  -1.647   1.965   0.000 01O000M000t
00407 THR01A0202_002 f 0.00  0.000     0  0.00  0  0   0.303  -1.713   0.024  -0.790   1.963   0.000 01O000M000t
00408 TYR01A0203_001 f 0.00  0.000     0  0.00  0  0   3.061  -2.885   0.106  -2.877   1.845   0.000 01O000M000t
00409 TYR01A0203_002 f 0.00  0.000     0  0.00  0  0   3.061  -2.885   0.106   1.306   1.577   0.000 01O000M000t
00410 TYR-1A0203_003 f 0.00 -1.000     0 10.20  0 -1   3.061  -2.885   0.106   3.322   6.514   0.000 -1O000M000t
00411 MET01A0205_001 f 0.00  0.000     0  0.00  0  0  -3.434  -2.740   2.068   0.070   0.044   0.000 01O000M000t
00412 SER01A0206_001 f 0.00  0.000     0  0.00  0  0  -3.457  -0.583   0.414  -0.063   0.213   0.000 01O000M000t
00413 SER01A0206_002 f 0.00  0.000     0  0.00  0  0  -3.457  -0.583   0.414  -0.197   0.292   0.000 01O000M000t
00414 PRO01A0207_001 f 0.00  0.000     0  0.00  0  0   0.541  -0.196   0.000   0.000   0.000   0.000 01O000M000t
00415 TYR01A0208_001 f 0.00  0.000     0  0.00  0  0   3.565  -2.356   0.100  -0.749   1.981   0.000 01O000M000t
00416 TYR-1A0208_002 f 0.00 -1.000     0 10.20  0 -1   3.565  -2.356   0.100   0.282  10.626   0.000 -1O000M000t
00417 PRO01A0209_001 f 0.00  0.000     0  0.00  0  0  -2.897  -0.269   0.000   0.000   0.000   0.000 01O000M000t
00418 ILE01A0211_001 f 0.00  0.000     0  0.00  0  0  -0.416  -2.455   0.468   0.000   0.000   0.000 01O000M000t
00419 ASP01A0212_001 f 0.00  0.000     0  0.00  0  0  -2.403  -1.129   4.599   3.987   0.901   0.000 01O000M000t
00420 ASP01A0212_002 f 0.00  0.000     0  0.00  0  0  -2.403  -1.129   1.879  -0.169   0.602   0.000 01O000M000t
00421 ASP02A0212_003 f 0.00  0.000     0  0.00  0  0  -2.486  -1.497   4.599  -0.475  -0.294   0.000 02O000M000t
00422 ASP02A0212_004 f 0.00  0.000     0  0.00  0  0  -2.486  -1.497   1.879  -0.569   0.879   0.000 02O000M000t
00423 ASP-1A0212_005 f 0.00 -1.000     0  4.75  0 -1  -2.439  -1.462   1.879  -2.822   0.745   0.000 -1O000M000t
00424 LEU01A0213_001 f 0.00  0.000     0  0.00  0  0   0.820   2.467   0.530   0.000   0.000   0.000 01O000M000t
00425 SER01A0214_001 f 0.00  0.000     0  0.00  0  0  -3.939  -0.039   0.596   0.932   1.175   0.000 01O000M000t
00426 SER01A0214_002 f 0.00  0.000     0  0.00  0  0  -3.939  -0.039   0.221  -1.330   0.303   0.000 01O000M000t
00427 GLN01A0215_001 f 0.00  0.000     0  0.00  0  0  -2.789  -2.437   1.794   0.114  -0.106   0.000 01O000M000t
00428 GLN01A0215_002 f 0.00  0.000     0  0.00  0  0  -2.836  -2.431   1.728   0.027  -0.348   0.000 01R001M000t
00429 VAL01A0216_001 f 0.00  0.000     0  0.00  0  0   0.614  -2.919   0.209   0.000   0.000   0.000 01O000M000t
00430 TYR01A0217_001 f 0.00  0.000     0  0.00  0  0   1.199  -5.380   0.006   0.456   1.202   0.000 01O000M000t
00431 TYR01A0217_002 f 0.00  0.000     0  0.00  0  0   1.199  -5.380   0.006   0.345   0.987   0.000 01O000M000t
00432 TYR-1A0217_003 f 0.00 -1.000     0 10.20  0 -1   1.199  -5.380   0.006  -0.240   3.164   0.000 -1O000M000t
00433 GLU01A0218_001 f 0.00  0.000     0  0.00  0  0  -2.118  -2.084   3.357   0.352   0.441   0.000 01O000M000t
00434 GLU01A0218_002 f 0.00  0.000     0  0.00  0  0  -2.118  -2.084   0.637   0.092   0.553   0.000 01O000M000t
00435 GLU02A0218_003 f 0.00  0.000     0  0.00  0  0  -2.313  -2.041   3.357   0.125  -0.442   0.000 02O000M000t
00436 GLU02A0218_004 f 0.00  0.000     0  0.00  0  0  -2.313  -2.041   0.637   0.096   0.742   0.000 02O000M000t
00437 GLU-1A0218_005 f 0.00 -1.000     0  4.75  0 -1  -2.272  -2.019   0.637  -0.176   0.599   0.000 -1O000M000t
00438 LEU01A0219_001 f 0.00  0.000     0  0.00  0  0  -1.905  -1.906   0.545   0.000   0.000   0.000 01O000M000t
00439 LEU01A0220_001 f 0.00  0.000     0  0.00  0  0   1.295  -0.916   0.533   0.000   0.000   0.000 01O000M000t
00440 GLU01A0221_001 f 0.00  0.000     0  0.00  0  0  -1.838  -1.972   3.849   0.058  -0.324   0.000 01O000M000t
00441 GLU01A0221_002 f 0.00  0.000     0  0.00  0  0  -1.838  -1.972   1.129   0.048   0.447   0.000 01O000M000t
00442 GLU02A0221_003 f 0.00  0.000     0  0.00  0  0  -1.974  -1.943   3.849   0.044  -0.194   0.000 02O000M000t
00443 GLU02A0221_004 f 0.00  0.000     0  0.00  0  0  -1.974  -1.943   1.129   0.047   0.640   0.000 02O000M000t
00444 GLU-1A0221_005 f 0.00 -1.000     0  4.75  0 -1  -1.952  -1.922   1.129  -0.031   1.067   0.000 -1O000M000t
00445 LYS01A0222_001 f 0.00  0.000     0  0.00  0  0  -5.924  -1.571   2.137   0.024   0.006   0.000 01O000M000t
00446 LYS+1A0222_002 f 0.00  1.000     0 10.40  0  1  -5.991  -1.575   2.137  -0.179  -0.099   0.000 +1O000M000t
00447 ASP01A0223_001 f 0.00  0.000     0  0.00  0  0  -2.463   1.617   3.849   0.332   0.386   0.000 01O000M000t
00448 ASP01A0223_002 f 0.00  0.000     0  0.00  0  0  -2.463   1.617   1.129   0.084   0.336   0.000 01O000M000t
00449 ASP02A0223_003 f 0.00  0.000     0  0.00  0  0  -2.337   1.316   3.849   0.203  -0.530   0.000 02O000M000t
00450 ASP02A0223_004 f 0.00  0.000     0  0.00  0  0  -2.337   1.316   1.129   0.174   0.718   0.000 02O000M000t
00451 ASP-1A0223_005 f 0.00 -1.000     0  4.75  0 -1  -2.341   1.360   1.129   0.557   0.704   0.000 -1O000M000t
00452 TYR01A0224_001 f 0.00  0.000     0  0.00  0  0   0.012  -6.293   0.012  -0.094   0.727   0.000 01O000M000t
00453 TYR-1A0224_002 f 0.00 -1.000     0 10.20  0 -1   0.012  -6.293   0.012  -0.554   2.240   0.000 -1O000M000t
00454 ARG01A0225_001 f 0.00  0.000     0  0.00  0  0   0.532  -3.965   0.603  -1.693   3.038   0.000 01O000M000t
00455 ARG02A0225_002 f 0.00  0.000     0  0.00  0  0   0.516  -3.695   0.603  -2.390   4.085   0.000 02O000M000t
00456 ARG02A0225_003 f 0.00  0.000     0  0.00  0  0   0.600  -3.984   0.603  -0.957   3.944   0.000 02O000M000t
00457 ARG03A0225_004 f 0.00  0.000     0  0.00  0  0   0.513  -3.746   0.603  -1.798   3.638   0.000 03O000M000t
00458 ARG+1A0225_005 f 0.00  1.000     0 12.50  0  1   0.470  -3.845   0.603  -7.513   6.944   0.000 +1O000M000t
00459 MET01A0226_001 f 0.00  0.000     0  0.00  0  0   0.024  -3.991   0.953  -0.237   0.095   0.000 01O000M000t
00460 GLU01A0227_001 f 0.00  0.000     0  0.00  0  0  -2.053   4.383   5.498   0.170  -0.306   0.000 01O000M000t
00461 GLU01A0227_002 f 0.00  0.000     0  0.00  0  0  -2.053   4.383   2.778   0.098   0.451   0.000 01O000M000t
00462 GLU02A0227_003 f 0.00  0.000     0  0.00  0  0  -2.178   4.393   5.498   0.289  -0.146   0.000 02O000M000t
00463 GLU02A0227_004 f 0.00  0.000     0  0.00  0  0  -2.178   4.393   2.778   0.125   0.484   0.000 02O000M000t
00464 GLU-1A0227_005 f 0.00 -1.000     0  4.75  0 -1  -2.186   4.424   2.778  -0.216   0.332   0.000 -1O000M000t
00465 ARG01A0228_001 f 0.00  0.000     0  0.00  0  0  -3.027  -5.690   0.608  -0.494   0.789   0.000 01O000M000t
00466 ARG02A0228_002 f 0.00  0.000     0  0.00  0  0  -2.982  -5.557   0.608   0.676   1.690   0.000 02O000M000t
00467 ARG03A0228_003 f 0.00  0.000     0  0.00  0  0  -3.072  -5.692   0.608  -0.525   2.076   0.000 03O000M000t
00468 ARG+1A0228_004 f 0.00  1.000     0 12.50  0  1  -3.113  -5.704   0.608  -0.647   2.052   0.000 +1O000M000t
00469 PRO01A0229_001 f 0.00  0.000     0  0.00  0  0   0.327  -1.830   0.000   0.000   0.000   0.000 01O000M000t
00470 GLU01A0230_001 f 0.00  0.000     0  0.00  0  0  14.301 999.000   6.939   0.214   1.774   0.000 01O000M000t
00471 GLU01A0230_002 f 0.00  0.000     0  0.00  0  0  14.301 999.000   4.219   0.186  -1.854   0.000 01O000M000t
00472 GLU02A0230_003 f 0.00  0.000     0  0.00  0  0  17.357 999.000   6.939   0.743  -0.685   0.000 02O000M000t
00473 GLU02A0230_004 f 0.00  0.000     0  0.00  0  0  17.357 999.000   4.219   0.230   1.710   0.000 02O000M000t
00474 GLU-1A0230_005 f 0.00 -1.000     0  4.75  0 -1  14.377 999.000   4.219  -0.449  -1.446   0.000 -1O000M000t
00475 CYS01A0232_001 f 0.00  0.000     0  0.00  0  0  -0.002  -3.969   0.557  -0.413   0.964   0.000 01O000M000t
00476 CYS01A0232_002 f 0.00  0.000     0  0.00  0  0  -0.002  -3.832   0.557  -0.065   0.844   0.000 01O000M000t
00477 CYS01A0232_003 f 0.00  0.000     0  0.00  0  0  -0.003  -3.815   0.557  -0.200   0.966   0.000 01O000M000t
00478 CYS-1A0232_004 f 0.00 -1.000     0  9.10  0 -1   0.000  -3.762   0.557  -2.889  10.782   0.000 -1O000M000t
00479 PRO01A0233_001 f 0.00  0.000     0  0.00  0  0  -2.556  -1.159   0.000   0.000   0.000   0.000 01O000M000t
00480 GLU01A0234_001 f 0.00  0.000     0  0.00  0  0  -1.446   0.498   5.295   0.372   0.103   0.000 01O000M000t
00481 GLU01A0234_002 f 0.00  0.000     0  0.00  0  0  -1.446   0.498   2.575   0.172   1.139   0.000 01O000M000t
00482 GLU02A0234_003 f 0.00  0.000     0  0.00  0  0  -1.666   0.469   5.295   0.169  -0.008   0.000 02O000M000t
00483 GLU02A0234_004 f 0.00  0.000     0  0.00  0  0  -1.666   0.469   2.575   0.141   1.095   0.000 02O000M000t
00484 GLU-1A0234_005 f 0.00 -1.000     0  4.75  0 -1  -1.615   0.505   2.575  -0.479   2.024   0.000 -1O000M000t
00485 LYS01A0235_001 f 0.00  0.000     0  0.00  0  0  -5.772  -1.143   3.142  -0.045   0.085   0.000 01O000M000t
00486 LYS+1A0235_002 f 0.00  1.000     0 10.40  0  1  -5.813  -1.146   3.142   0.215  -0.197   0.000 +1O000M000t
00487 VAL01A0236_001 f 0.00  0.000     0  0.00  0  0  -0.332  -1.484   0.186   0.000   0.000   0.000 01O000M000t
00488 TYR01A0237_001 f 0.00  0.000     0  0.00  0  0   2.947  -3.954   0.158  -2.567   1.954   0.000 01O000M000t
00489 TYR01A0237_002 f 0.00  0.000     0  0.00  0  0   2.947  -3.954   0.158   1.279   1.835   0.000 01O000M000t
00490 TYR-1A0237_003 f 0.00 -1.000     0 10.20  0 -1   2.947  -3.954   0.158   2.384   7.081   0.000 -1O000M000t
00491 GLU01A0238_001 f 0.00  0.000     0  0.00  0  0  -1.997  -1.445   3.509   0.011  -0.494   0.000 01O000M000t
00492 GLU01A0238_002 f 0.00  0.000     0  0.00  0  0  -1.997  -1.445   0.789  -0.002   0.685   0.000 01O000M000t
00493 GLU02A0238_003 f 0.00  0.000     0  0.00  0  0  -2.096  -1.460   3.509   0.081  -0.298   0.000 02O000M000t
00494 GLU02A0238_004 f 0.00  0.000     0  0.00  0  0  -2.096  -1.460   0.789   0.034   0.561   0.000 02O000M000t
00495 GLU-1A0238_005 f 0.00 -1.000     0  4.75  0 -1  -2.122  -1.404   0.789  -0.129   0.708   0.000 -1O000M000t
00496 LEU01A0239_001 f 0.00  0.000     0  0.00  0  0   1.691  -4.472   1.855   0.000   0.000   0.000 01O000M000t
00497 MET01A0240_001 f 0.00  0.000     0  0.00  0  0   0.632  -7.051   0.944   0.073   0.098   0.000 01O000M000t
00498 ARG01A0241_001 f 0.00  0.000     0  0.00  0  0  -2.505   0.596   2.353   0.304   1.894   0.000 01O000M000t
00499 ARG02A0241_002 f 0.00  0.000     0  0.00  0  0  -2.531   0.575   2.353  -0.187   2.309   0.000 02O000M000t
00500 ARG03A0241_003 f 0.00  0.000     0  0.00  0  0  -2.535   0.578   2.353  -0.243   2.285   0.000 03O000M000t
00501 ARG03A0241_004 f 0.00  0.000     0  0.00  0  0  -2.529   0.592   2.353  -0.063   2.273   0.000 03O000M000t
00502 ARG+1A0241_005 f 0.00  1.000     0 12.50  0  1  -2.576   0.566   2.353  -1.157   3.504   0.000 +1O000M000t
00503 ALA01A0242_001 f 0.00  0.000     0  0.00  0  0  -1.870  -1.898   0.000   0.000   0.000   0.000 01O000M000t
00504 CYS01A0243_001 f 0.00  0.000     0  0.00  0  0  -0.002  -5.159   0.207   0.161   0.994   0.000 01O000M000t
00505 CYS01A0243_002 f 0.00  0.000     0  0.00  0  0  -0.002  -5.227   0.207  -0.288   0.989   0.000 01O000M000t
00506 CYS01A0243_003 f 0.00  0.000     0  0.00  0  0  -0.002  -5.182   0.207   0.270   0.994   0.000 01O000M000t
00507 CYS-1A0243_004 f 0.00 -1.000     0  9.10  0 -1   0.000  -5.101   0.207   1.301  14.574   0.000 -1O000M000t
00508 TRP01A0244_001 f 0.00  0.000     0  0.00  0  0   2.628 -10.100   0.018   0.000   0.000   0.000 01O000M000t
00509 GLN01A0245_001 f 0.00  0.000     0  0.00  0  0  -0.501  -5.639   0.883  -0.307   0.288   0.000 01O000M000t
00510 GLN01A0245_002 f 0.00  0.000     0  0.00  0  0   0.468  -5.497   0.916   0.279   0.279   0.000 01R001M000t
00511 TRP01A0246_001 f 0.00  0.000     0  0.00  0  0  -1.170  -5.636   0.003   0.000   0.000   0.000 01O000M000t
00512 ASN01A0247_001 f 0.00  0.000     0  0.00  0  0  -3.113  -1.681   0.503   0.167   0.320   0.000 01O000M000t
00513 ASN01A0247_002 f 0.00  0.000     0  0.00  0  0  -3.230  -1.304   0.471   0.350   0.074   0.000 01R001M000t
00514 PRO01A0248_001 f 0.00  0.000     0  0.00  0  0  -0.896  -0.955   0.000   0.000   0.000   0.000 01O000M000t
00515 SER01A0249_001 f 0.00  0.000     0  0.00  0  0  -4.612  -0.235   1.055   0.219   0.400   0.000 01O000M000t
00516 ASP01A0250_001 f 0.00  0.000     0  0.00  0  0  -2.180  -0.668   3.091   0.357  -0.524   0.000 01O000M000t
00517 ASP01A0250_002 f 0.00  0.000     0  0.00  0  0  -2.180  -0.668   0.371   0.160   0.752   0.000 01O000M000t
00518 ASP02A0250_003 f 0.00  0.000     0  0.00  0  0  -2.058  -1.022   3.091   0.396   0.423   0.000 02O000M000t
00519 ASP02A0250_004 f 0.00  0.000     0  0.00  0  0  -2.058  -1.022   0.371   0.209   0.889   0.000 02O000M000t
00520 ASP-1A0250_005 f 0.00 -1.000     0  4.75  0 -1  -2.080  -0.951   0.371  -0.524   1.121   0.000 -1O000M000t
00521 ARG01A0251_001 f 0.00  0.000     0  0.00  0  0   1.114 -12.027   1.200   0.837   4.447   0.000 01O000M000t
00522 ARG02A0251_002 f 0.00  0.000     0  0.00  0  0   1.072 -11.600   1.200  -3.384   4.948   0.000 02O000M000t
00523 ARG02A0251_003 f 0.00  0.000     0  0.00  0  0   1.130 -11.531   1.200  -1.403   4.934   0.000 02O000M000t
00524 ARG03A0251_004 f 0.00  0.000     0  0.00  0  0   1.067 -11.612   1.200  -3.459   4.862   0.000 03O000M000t
00525 ARG03A0251_005 f 0.00  0.000     0  0.00  0  0   1.073 -11.457   1.200  -0.243   4.862   0.000 03O000M000t
00526 ARG+1A0251_006 f 0.00  1.000     0 12.50  0  1   1.030 -11.673   1.200  -7.327  11.375   0.000 +1O000M000t
00527 PRO01A0252_001 f 0.00  0.000     0  0.00  0  0  -0.454  -3.584   0.000   0.000   0.000   0.000 01O000M000t
00528 SER01A0253_001 f 0.00  0.000     0  0.00  0  0  -1.495   0.969   0.656  -0.507   1.604   0.000 01O000M000t
00529 SER01A0253_002 f 0.00  0.000     0  0.00  0  0  -1.495   0.969   0.656   2.992   1.666   0.000 01O000M000t
00530 SER01A0253_003 f 0.00  0.000     0  0.00  0  0  -1.495   0.969   0.281  -2.282   0.593   0.000 01O000M000t
00531 PHE01A0254_001 f 0.00  0.000     0  0.00  0  0   4.286  -9.138   0.700   0.000   0.000   0.000 01O000M000t
00532 ALA01A0255_001 f 0.00  0.000     0  0.00  0  0  -2.434  -0.691   0.000   0.000   0.000   0.000 01O000M000t
00533 GLU01A0256_001 f 0.00  0.000     0  0.00  0  0  -2.559  -2.711   3.741   1.584   0.561   0.000 01O000M000t
00534 GLU01A0256_002 f 0.00  0.000     0  0.00  0  0  -2.559  -2.711   1.021  -0.341   0.926   0.000 01O000M000t
00535 GLU02A0256_003 f 0.00  0.000     0  0.00  0  0  -2.796  -2.936   3.741  -0.572  -0.242   0.000 02O000M000t
00536 GLU02A0256_004 f 0.00  0.000     0  0.00  0  0  -2.796  -2.936   1.021  -0.600   1.107   0.000 02O000M000t
00537 GLU-1A0256_005 f 0.00 -1.000     0  4.75  0 -1  -2.699  -2.902   1.021  -1.838   1.186   0.000 -1O000M000t
00538 ILE01A0257_001 f 0.00  0.000     0  0.00  0  0   2.241  -3.193   0.497   0.000   0.000   0.000 01O000M000t
00539 HIS01A0258_001 f 0.00  0.000     0  0.00  0  0  -1.765  -7.831   0.020   0.562   2.505   0.000 01O000M000t
00540 HIS01A0258_002 f 0.00  0.000     0  0.00  0  0  -1.755  -7.843   0.020   0.402   1.090   0.000 01R001M000t
00541 HIS02A0258_003 f 0.00  0.000     0  0.00  0  0  -1.782  -7.967   0.020   0.086   2.193   0.000 02O000M000t
00542 HIS02A0258_004 f 0.00  0.000     0  0.00  0  0  -1.768  -7.841   0.020   0.296   1.715   0.000 02R001M000t
00543 HIS+1A0258_005 f 0.00  1.000     0  6.98  0  1  -1.808  -7.978   0.020   0.771   4.508   0.000 +1O000M000t
00544 HIS+1A0258_006 f 0.00  1.000     0  6.98  0  1  -1.795  -7.877   0.020   0.812   2.402   0.000 +1R001M000t
00545 GLN01A0259_001 f 0.00  0.000     0  0.00  0  0  -2.385  -3.343   0.887  -0.163   0.570   0.000 01O000M000t
00546 GLN01A0259_002 f 0.00  0.000     0  0.00  0  0  -2.172  -3.379   0.941   0.319   0.189   0.000 01R001M000t
00547 ALA01A0260_001 f 0.00  0.000     0  0.00  0  0  -1.597  -1.526   0.000   0.000   0.000   0.000 01O000M000t
00548 PHE01A0261_001 f 0.00  0.000     0  0.00  0  0   4.348  -7.117   1.087   0.000   0.000   0.000 01O000M000t
00549 GLU01A0262_001 f 0.00  0.000     0  0.00  0  0  -2.615  -0.623   8.134   0.080  -0.977   0.000 01O000M000t
00550 GLU01A0262_002 f 0.00  0.000     0  0.00  0  0  -2.615  -0.623   5.414   0.054   1.018   0.000 01O000M000t
00551 GLU02A0262_003 f 0.00  0.000     0  0.00  0  0  -2.540  -0.623   8.134   0.025  -0.841   0.000 02O000M000t
00552 GLU02A0262_004 f 0.00  0.000     0  0.00  0  0  -2.540  -0.623   5.414   0.043   0.852   0.000 02O000M000t
00553 GLU-1A0262_005 f 0.00 -1.000     0  4.75  0 -1  -2.574  -0.600   5.414  -0.011  -0.518   0.000 -1O000M000t
00554 THR01A0263_001 f 0.00  0.000     0  0.00  0  0  -2.988  -0.930   0.377  -0.047   0.289   0.000 01O000M000t
00555 THR01A0263_002 f 0.00  0.000     0  0.00  0  0  -2.988  -0.930   0.377  -0.928   1.316   0.000 01O000M000t
00556 MET01A0264_001 f 0.00  0.000     0  0.00  0  0  -0.255  -3.253   1.285  -0.020   0.065   0.000 01O000M000t
00557 PHE01A0265_001 f 0.00  0.000     0  0.00  0  0  -0.768  -6.805   0.002   0.000   0.000   0.000 01O000M000t
00558 GLN01A0266_001 f 0.00  0.000     0  0.00  0  0   4.482 999.000   5.224   0.581   1.126   0.000 01O000M000t
00559 GLN01A0266_002 f 0.00  0.000     0  0.00  0  0   7.213 999.000   4.601   0.315   1.085   0.000 01R001M000t
00560 GLU01A0267_001 f 0.00  0.000     0  0.00  0  0  -0.767  -2.248   3.138  -0.049  -0.402   0.000 01O000M000t
00561 GLU01A0267_002 f 0.00  0.000     0  0.00  0  0  -0.767  -2.248   0.418  -0.057   0.455   0.000 01O000M000t
00562 GLU02A0267_003 f 0.00  0.000     0  0.00  0  0  -1.209  -2.228   3.138  -0.147  -0.250   0.000 02O000M000t
00563 GLU02A0267_004 f 0.00  0.000     0  0.00  0  0  -1.209  -2.228   0.418  -0.073   0.900   0.000 02O000M000t
00564 GLU-1A0267_005 f 0.00 -1.000     0  4.75  0 -1  -1.112  -2.187   0.418   0.166   1.065   0.000 -1O000M000t
00565 SER01A0268_001 f 0.00  0.000     0  0.00  0  0  -1.143   4.929   0.520  -0.260   1.804   0.000 01O000M000t
00566 SER01A0268_002 f 0.00  0.000     0  0.00  0  0  -1.143   4.929   0.145   0.331   1.737   0.000 01O000M000t
00567 NIL01B0001_001 f 0.00 -0.002     0  0.00  0  0   0.000  -6.326   0.000  -3.054   7.989   0.058 01O000M000t
00568 NIL+1B0001_002 f 0.00  1.000     0  0.00  0  0   0.000  -6.370   0.000  -2.286   8.926   1.404 +1O000M000t
00569 NIL+2B0001_003 f 0.00  0.999     0  0.00  0  0   0.000  -2.202   0.000   1.738  13.149   5.173 +2O000M000t
00570 NIL+2B0001_004 f 0.00  0.999     0  0.00  0  0   0.000  -6.478   0.000   0.886  12.894   5.173 +2O000M000t
00571 NILDMB0001_005 t 0.00  0.000     0  0.00  0  0   0.000   0.000   0.000   0.000   0.000   0.000         DMt
