 ph         7.4   7.4   7.4   7.4   7.4
NTR A0001  0.77  0.77  0.77  0.77  0.77
ASP A0001 -1.00 -1.00 -1.00 -1.00 -1.00
ASP A0003 -1.00 -1.00 -1.00 -1.00 -1.00
GLU A0004 -1.00 -1.00 -1.00 -1.00 -1.00
ASP A0008 -1.00 -1.00 -1.00 -1.00 -1.00
GLU A0009 -0.99 -1.00 -1.00 -0.99 -1.00
HIS A0010  0.15  0.15  0.15  0.15  0.15
CYS A0011 -0.00 -0.00 -0.00 -0.00 -0.00
GLU A0012 -1.00 -1.00 -1.00 -1.00 -1.00
ARG A0013  1.00  1.00  1.00  1.00  1.00
TYR A0016  0.00  0.00  0.00  0.00  0.00
ASP A0017 -1.00 -1.00 -1.00 -1.00 -1.00
LYS A0020  1.00  1.00  1.00  1.00  1.00
GLU A0022 -1.00 -1.00 -1.00 -1.00 -1.00
ARG A0025  1.00  1.00  1.00  1.00  1.00
ASP A0026 -1.00 -1.00 -1.00 -1.00 -1.00
ARG A0027  1.00  1.00  1.00  1.00  1.00
LYS A0029  1.00  1.00  1.00  1.00  1.00
LYS A0032  1.00  1.00  1.00  1.00  1.00
ARG A0036  1.00  1.00  1.00  1.00  1.00
GLU A0044 -1.00 -1.00 -1.00 -1.00 -1.00
ASP A0046 -1.00 -1.00 -1.00 -1.00 -1.00
ASP A0051 -1.00 -1.00 -1.00 -1.00 -1.00
LYS A0052  1.00  1.00  1.00  1.00  1.00
CYS A0056 -0.04 -0.04 -0.04 -0.04 -0.04
ARG A0057  1.00  1.00  1.00  1.00  1.00
LYS A0062  1.00  1.00  1.00  1.00  1.00
LYS A0065  0.99  0.99  0.99  0.99  0.99
GLU A0066 -1.00 -1.00 -1.00 -1.00 -1.00
HIS A0070  0.15  0.15  0.15  0.15  0.15
GLU A0072 -1.00 -1.00 -1.00 -1.00 -1.00
HIS A0073  0.05  0.05  0.05  0.05  0.05
ARG A0074  1.00  1.00  1.00  1.00  1.00
GLU A0079 -0.99 -0.99 -0.99 -0.99 -0.99
LYS A0081  1.00  1.00  1.00  1.00  1.00
HIS A0085  0.10  0.10  0.10  0.10  0.10
HIS A0088  0.20  0.20  0.20  0.20  0.20
HIS A0089  0.00  0.00  0.00  0.00  0.00
CYS A0099  0.00  0.00  0.00  0.00  0.00
LYS A0101  1.00  1.00  1.00  1.00  1.00
GLU A0111 -1.00 -1.00 -1.00 -1.00 -1.00
CYS A0113  0.00  0.00  0.00 -0.00  0.00
LYS A0114  1.00  1.00  1.00  1.00  1.00
TYR A0121 -0.00 -0.00 -0.00 -0.00 -0.00
ARG A0123  1.00  1.00  1.00  1.00  1.00
LYS A0125  1.00  1.00  1.00  1.00  1.00
ARG A0126  1.00  1.00  1.00  1.00  1.00
GLU A0128 -1.00 -1.00 -1.00 -1.00 -1.00
TYR A0132 -0.00 -0.00 -0.00 -0.00 -0.00
CTR A0132 -1.00 -1.00 -1.00 -1.00 -1.00
NTR A0133  0.11  0.11  0.11  0.11  0.11
TYR A0133 -0.00 -0.00 -0.00 -0.00 -0.00
LYS A0134  1.00  1.00  1.00  1.00  1.00
ASP A0135 -1.00 -1.00 -1.00 -1.00 -1.00
GLU A0140 -1.00 -1.00 -1.00 -1.00 -1.00
HIS A0141  0.03  0.03  0.03  0.03  0.03
CYS A0144 -0.00 -0.00 -0.00 -0.00 -0.00
TYR A0145  0.00  0.00  0.00  0.00  0.00
LYS A0151  1.00  1.00  1.00  1.00  1.00
GLU A0154 -0.99 -0.99 -0.99 -0.99 -0.99
ARG A0159  1.00  1.00  1.00  1.00  1.00
LYS A0160  1.00  1.00  1.00  1.00  1.00
CYS A0161  0.00  0.00  0.00  0.00  0.00
HIS A0163  0.01  0.01  0.01  0.01  0.01
ARG A0164  1.00  1.00  1.00  1.00  1.00
ASP A0165 -1.00 -1.00 -1.00 -1.00 -1.00
ARG A0169  1.00  1.00  1.00  1.00  1.00
GLU A0175 -1.00 -1.00 -1.00 -1.00 -1.00
LYS A0176  1.00  1.00  1.00  1.00  1.00
LYS A0180  1.00  1.00  1.00  1.00  1.00
CYS A0182  0.00  0.00  0.00  0.00  0.00
ASP A0183 -0.86 -0.86 -0.86 -0.86 -0.86
ARG A0188  1.00  1.00  1.00  1.00  1.00
ASP A0189 -1.00 -1.00 -1.00 -1.00 -1.00
TYR A0191 -0.09 -0.08 -0.09 -0.08 -0.08
LYS A0192  1.00  1.00  1.00  1.00  1.00
ASP A0193 -1.00 -1.00 -1.00 -1.00 -1.00
ASP A0195 -1.00 -1.00 -1.00 -1.00 -1.00
TYR A0196  0.00 -0.00 -0.00  0.00  0.00
ARG A0198  1.00  1.00  1.00  1.00  1.00
LYS A0199  1.00  1.00  1.00  1.00  1.00
ASP A0201 -1.00 -1.00 -1.00 -1.00 -1.00
ARG A0203  1.00  1.00  1.00  1.00  1.00
LYS A0207  0.99  0.99  0.99  0.99  0.99
GLU A0212 -1.00 -1.00 -1.00 -1.00 -1.00
ASP A0216 -1.00 -1.00 -1.00 -1.00 -1.00
ARG A0217  1.00  1.00  1.00  1.00  1.00
TYR A0219 -0.00 -0.00 -0.00 -0.00 -0.00
ASP A0224 -1.00 -1.00 -1.00 -1.00 -1.00
GLU A0234 -0.99 -0.99 -0.99 -0.99 -0.99
TYR A0243  0.00  0.00 -0.00  0.00  0.00
LYS A0247  1.00  1.00  1.00  1.00  1.00
ASP A0249 -1.00 -1.00 -1.00 -1.00 -1.00
GLU A0250 -1.00 -1.00 -1.00 -1.00 -1.00
GLU A0251 -1.00 -1.00 -1.00 -1.00 -1.00
CYS A0253 -0.00 -0.00  0.00  0.00  0.00
ARG A0254  1.00  1.00  1.00  1.00  1.00
ARG A0255  1.00  1.00  1.00  1.00  1.00
LYS A0257  1.00  1.00  1.00  1.00  1.00
GLU A0258 -1.00 -1.00 -1.00 -1.00 -1.00
ARG A0261  1.00  1.00  1.00  1.00  1.00
ARG A0263  1.00  1.00  1.00  1.00  1.00
ASP A0266 -1.00 -1.00 -1.00 -1.00 -1.00
TYR A0267 -0.00 -0.00 -0.00 -0.00 -0.00
GLU A0271 -1.00 -1.00 -1.00 -1.00 -1.00
TYR A0273  0.00  0.00  0.00  0.00  0.00
ASP A0278 -0.99 -0.99 -0.99 -0.99 -0.99
CYS A0279  0.00  0.00  0.00  0.00  0.00
HIS A0281  0.08  0.09  0.09  0.09  0.09
GLU A0283 -1.00 -1.00 -1.00 -1.00 -1.00
ARG A0287  1.00  1.00  1.00  1.00  1.00
GLU A0292 -0.99 -0.99 -0.99 -0.99 -0.99
GLU A0295 -1.00 -1.00 -1.00 -1.00 -1.00
HIS A0296  0.35  0.36  0.36  0.35  0.35
CTR A0305 -1.00 -1.00 -1.00 -1.00 -1.00

Tot Protn  -0.9  -0.9  -0.9  -0.9  -0.9
Tot Elec    0.0   0.0   0.0   0.0   0.0
Net crg    -1.2  -1.2  -1.2  -1.2  -1.2
