CONFORMER         crg  vdw0  vdw1  tors  epol  self   occ  Hb     history    ASA
NTR01A0001_001  0.000 -3.12 -0.22  0.00  0.00 -3.34 1.000  00  01O000M000  0.312
NTR+1A0001_002  1.000 -3.12 -0.28  0.00  0.00 -3.40 1.000  00  +1O000M000  0.312
ASN01A0001_001  0.000 -1.87 -2.28  0.38  0.00 -3.78 0.751  00  01O000M000  0.458
ASN01A0001_002  0.000 -2.33 -2.05  0.34  0.00 -4.04 0.749  00  01R001M000  0.503
PRO01A0002_001  0.000 -2.00 -1.81  0.00  0.00 -3.81 1.000  00  01O000M000  0.233
ASN01A0003_001  0.000 -2.48 -2.27  0.30  0.00 -4.45 0.753  00  01O000M000  0.568
ASN01A0003_002  0.000 -2.53 -1.67  0.29  0.00 -3.91 0.747  00  01R001M000  0.527
TYR01A0004_001  0.000  4.11 -9.33  0.17  0.00 -5.05 1.000  00  01O000M000  0.000
TYR-1A0004_002 -1.000  4.11 -9.33  0.17  0.00 -5.05 1.000  00  -1O000M000  0.000
CYS01A0005_001  0.000 -3.24 -2.28  0.10  0.00 -5.42 1.000  00  01O000M000  0.441
CYS01A0005_002  0.000 -3.24 -2.29  0.10  0.00 -5.43 1.000  00  01O000M000  0.441
CYS01A0005_003  0.000 -3.24 -2.23  0.10  0.00 -5.37 1.000  00  01O000M000  0.441
CYS-1A0005_004 -1.000 -3.24 -2.21  0.10  0.00 -5.35 1.000  00  -1O000M000  0.441
PHE01A0006_001  0.000  3.60 -6.22  0.18  0.00 -2.45 1.000  00  01O000M000  0.039
ALA01A0007_001  0.000 -1.53  0.89  0.00  0.00 -0.64 1.000  00  01O000M000  0.282
LYS01A0009_001  0.000 -7.96 -3.38  1.55  0.00 -9.79 1.000  00  01O000M000  0.657
LYS+1A0009_002  1.000 -8.01 -3.41  1.55  0.00 -9.87 1.000  00  +1O000M000  0.657
THR01A0010_001  0.000 -3.52 -2.35  0.38  0.00 -5.50 0.665  00  01O000M000  0.423
THR01A0010_002  0.000 -3.52 -2.35  0.00  0.00 -5.88 0.665  00  01O000M000  0.423
SER01A0011_001  0.000 -0.14 -2.36  0.43  0.00 -2.08 0.660  00  01O000M000  0.023
SER01A0011_002  0.000 -0.14 -2.36  0.43  0.00 -2.08 0.660  00  01O000M000  0.023
SER01A0011_003  0.000 -0.14 -2.36  0.06  0.00 -2.45 0.660  00  01O000M000  0.023
SER01A0012_001  0.000 -1.01 -1.78  0.39  0.00 -2.40 0.670  00  01O000M000  0.157
SER01A0012_002  0.000 -1.01 -1.78  0.01  0.00 -2.78 0.670  00  01O000M000  0.157
ILE01A0013_001  0.000 -2.65 -1.86  0.73  0.00 -3.78 1.000  00  01O000M000  0.315
SER01A0014_001  0.000 -3.97 -0.78  0.83  0.00 -3.92 0.667  00  01O000M000  0.661
SER01A0014_002  0.000 -3.97 -0.78  0.83  0.00 -3.92 0.667  00  01O000M000  0.661
ASP01A0015_001  0.000 -1.49 -2.25  3.48  0.00 -0.26 1.000  00  01O000M000  0.442
ASP01A0015_002  0.000 -1.49 -2.25  0.76  0.00 -2.98 1.000  00  01O000M000  0.442
ASP02A0015_003  0.000 -1.75 -2.57  3.48  0.00 -0.85 1.000  00  02O000M000  0.467
ASP02A0015_004  0.000 -1.75 -2.57  0.76  0.00 -3.57 1.000  00  02O000M000  0.467
ASP-1A0015_005 -1.000 -1.64 -2.64  0.76  0.00 -3.52 1.000  00  -1O000M000  0.459
LEU01A0016_001  0.000  1.82 -6.63  0.46  0.00 -4.35 1.000  00  01O000M000  0.009
LYS01A0017_001  0.000999.00999.00  4.33  0.00999.00 1.000  00  01O000M000  0.418
LYS+1A0017_002  1.000999.00999.00  4.33  0.00999.00 1.000  00  +1O000M000  0.418
GLU01A0018_001  0.000  0.26 -5.32  3.26  0.00 -1.80 1.000  00  01O000M000  0.131
GLU01A0018_002  0.000  0.26 -5.32  0.54  0.00 -4.52 1.000  00  01O000M000  0.131
GLU02A0018_003  0.000  0.44 -5.40  3.26  0.00 -1.69 1.000  00  02O000M000  0.130
GLU02A0018_004  0.000  0.44 -5.40  0.54  0.00 -4.41 1.000  00  02O000M000  0.130
GLU-1A0018_005 -1.000  0.21 -5.55  0.54  0.00 -4.80 1.000  00  -1O000M000  0.130
VAL01A0019_001  0.000 -0.34 -2.85  2.72  0.00 -0.47 1.000  00  01O000M000  0.091
PRO01A0020_001  0.000 -3.89 -1.69  0.00  0.00 -5.58 1.000  00  01O000M000  0.423
ARG01A0021_001  0.000 -1.69 -6.87  0.44  0.00 -8.11 1.000  00  01O000M000  0.241
ARG02A0021_002  0.000 -1.74 -6.83  0.44  0.00 -8.13 1.000  00  02O000M000  0.241
ARG02A0021_003  0.000 -1.74 -6.75  0.44  0.00 -8.05 1.000  00  02O000M000  0.241
ARG03A0021_004  0.000 -1.69 -6.89  0.44  0.00 -8.15 1.000  00  03O000M000  0.241
ARG+1A0021_005  1.000 -1.78 -6.92  0.44  0.00 -8.26 1.000  00  +1O000M000  0.241
LYS01A0022_001  0.000 -8.27 -1.80  1.01  0.00 -9.05 1.000  00  01O000M000  0.752
LYS+1A0022_002  1.000 -8.33 -1.80  1.01  0.00 -9.12 1.000  00  +1O000M000  0.752
ASN01A0023_001  0.000 -0.87 -2.70  0.35  0.00 -3.22 0.748  00  01O000M000  0.246
ASN01A0023_002  0.000 -1.02 -1.78  0.34  0.00 -2.46 0.752  00  01R001M000  0.234
ILE01A0024_001  0.000  0.72 -3.87  0.95  0.00 -2.20 1.000  00  01O000M000  0.000
THR01A0025_001  0.000 -3.65 -1.99  0.40  0.00 -5.24 0.662  00  01O000M000  0.446
LEU01A0026_001  0.000 -1.69 -2.61  0.49  0.00 -3.80 1.000  00  01O000M000  0.263
ILE01A0027_001  0.000 -1.74 -3.15  0.76  0.00 -4.13 1.000  00  01O000M000  0.233
ARG01A0028_001  0.000 -5.95 -2.13  1.16  0.00 -6.92 1.000  00  01O000M000  0.583
ARG02A0028_002  0.000 -5.99 -2.14  1.16  0.00 -6.97 1.000  00  02O000M000  0.583
ARG03A0028_003  0.000 -5.95 -2.14  1.16  0.00 -6.93 1.000  00  03O000M000  0.583
ARG+1A0028_004  1.000 -6.03 -2.15  1.16  0.00 -7.01 1.000  00  +1O000M000  0.583
LEU01A0030_001  0.000  1.63 -5.85  0.41  0.00 -3.82 1.000  00  01O000M000  0.004
HIS01A0032_001  0.000 -7.29 -4.85  0.01  0.00-12.13 0.756  00  01O000M000  0.603
HIS01A0032_002  0.000 -7.12 -4.97  0.01  0.00-12.09 0.744  00  01R001M000  0.600
HIS02A0032_003  0.000 -7.31 -4.93  0.01  0.00-12.23 0.756  00  02O000M000  0.603
HIS02A0032_004  0.000 -7.13 -5.04  0.01  0.00-12.16 0.744  00  02R001M000  0.600
HIS+1A0032_005  1.000 -7.33 -4.94  0.01  0.00-12.26 0.756  00  +1O000M000  0.603
HIS+1A0032_006  1.000 -7.16 -5.05  0.01  0.00-12.20 0.744  00  +1R001M000  0.600
ALA01A0034_001  0.000 -1.65 -0.31  0.00  0.00 -1.96 1.000  00  01O000M000  0.298
PHE01A0035_001  0.000  0.08 -3.88  0.07  0.00 -3.73 1.000  00  01O000M000  0.305
GLU01A0037_001  0.000 -2.11 -0.28  4.70  0.00  2.31 1.000  00  01O000M000  0.580
GLU01A0037_002  0.000 -2.11 -0.28  1.98  0.00 -0.41 1.000  00  01O000M000  0.580
GLU02A0037_003  0.000 -2.21 -0.27  4.70  0.00  2.21 1.000  00  02O000M000  0.581
GLU02A0037_004  0.000 -2.21 -0.27  1.98  0.00 -0.51 1.000  00  02O000M000  0.581
GLU-1A0037_005 -1.000 -2.17 -0.25  1.98  0.00 -0.44 1.000  00  -1O000M000  0.576
VAL01A0038_001  0.000  0.50 -5.38  0.02  0.00 -4.86 1.000  00  01O000M000  0.000
TYR01A0039_001  0.000  1.49 -7.92  0.12  0.00 -6.32 1.000  00  01O000M000  0.193
TYR01A0039_002  0.000  1.49 -7.92  0.12  0.00 -6.32 1.000  00  01O000M000  0.193
TYR-1A0039_003 -1.000  1.49 -7.92  0.12  0.00 -6.32 1.000  00  -1O000M000  0.193
GLU01A0040_001  0.000  0.04 -2.95  2.98  0.00  0.07 1.000  00  01O000M000  0.196
GLU01A0040_002  0.000  0.04 -2.95  0.26  0.00 -2.65 1.000  00  01O000M000  0.196
GLU02A0040_003  0.000 -0.15 -2.95  2.98  0.00 -0.12 1.000  00  02O000M000  0.199
GLU02A0040_004  0.000 -0.15 -2.95  0.26  0.00 -2.84 1.000  00  02O000M000  0.199
GLU-1A0040_005 -1.000 -0.23 -2.91  0.26  0.00 -2.88 1.000  00  -1O000M000  0.201
GLN01A0042_001  0.000  0.72 -3.78  1.99  0.00 -1.08 0.751  00  01O000M000  0.342
GLN01A0042_002  0.000 -0.30 -3.72  1.99  0.00 -2.04 0.749  00  01R001M000  0.354
VAL01A0043_001  0.000  0.17 -3.48  0.01  0.00 -3.30 1.000  00  01O000M000  0.040
SER01A0044_001  0.000 -0.05999.00  0.38  0.00999.00 0.658  00  01O000M000  0.008
SER01A0044_002  0.000 -0.05999.00  0.01  0.00999.00 0.658  00  01O000M000  0.008
MET01A0046_001  0.000 -4.16999.00  4.53  0.00999.00 1.000  00  01O000M000  0.453
PRO01A0047_001  0.000 -4.90 14.89  0.00  0.00  9.99 1.000  00  01O000M000  0.489
ASN01A0048_001  0.000 -1.43999.00  1.91  0.00999.00 0.000  00  01O000M000  0.384
ASN01A0048_002  0.000 -1.58999.00  1.95  0.00999.00 1.000  00  01R001M000  0.460
ASP01A0049_001  0.000 -3.65 11.79  5.22  0.00 13.36 1.000  00  01O000M000  0.846
ASP01A0049_002  0.000 -3.65 11.79  2.50  0.00 10.64 1.000  00  01O000M000  0.846
ASP02A0049_003  0.000 -3.59 13.28  5.22  0.00 14.91 1.000  00  02O000M000  0.822
ASP02A0049_004  0.000 -3.59 13.28  2.50  0.00 12.19 1.000  00  02O000M000  0.822
ASP-1A0049_005 -1.000 -3.57 11.83  2.50  0.00 10.76 1.000  00  -1O000M000  0.837
PRO01A0050_001  0.000 -4.21480.80  0.00  0.00476.60 1.000  00  01O000M000  0.448
SER01A0051_001  0.000 -2.03  2.04  0.40  0.00  0.41 0.000  00  01O000M000  0.350
PRO01A0052_001  0.000 -1.45 -4.89  0.00  0.00 -6.34 1.000  00  01O000M000  0.176
LEU01A0053_001  0.000 -4.13 -2.79  0.68  0.00 -6.24 1.000  00  01O000M000  0.522
GLN01A0054_001  0.000 -2.17 -2.05  1.42  0.00 -2.80 0.748  00  01O000M000  0.584
GLN01A0054_002  0.000 -2.06 -2.05  1.43  0.00 -2.69 0.752  00  01R001M000  0.565
VAL01A0055_001  0.000  0.55 -6.08  0.02  0.00 -5.51 1.000  00  01O000M000  0.000
ALA01A0056_001  0.000  0.00 -2.02  0.00  0.00 -2.02 1.000  00  01O000M000  0.000
VAL01A0057_001  0.000  0.51 -4.69  0.08  0.00 -4.10 1.000  00  01O000M000  0.000
LYS01A0058_001  0.000  0.97 -4.18  1.42  0.00 -1.79 1.000  00  01O000M000  0.030
LYS+1A0058_002  1.000  0.92 -4.19  1.42  0.00 -1.85 1.000  00  +1O000M000  0.030
THR01A0059_001  0.000 -0.02 -3.06  0.46  0.00 -2.62 0.665  00  01O000M000  0.033
THR01A0059_002  0.000 -0.02 -3.06  0.46  0.00 -2.62 0.665  00  01O000M000  0.033
LEU01A0060_001  0.000  1.33 -5.73  0.63  0.00 -3.78 1.000  00  01O000M000  0.000
PRO01A0061_001  0.000 -1.33 -3.56  0.00  0.00 -4.89 1.000  00  01O000M000  0.160
GLU01A0062_001  0.000 -1.58 -2.94  4.94  0.00  0.42 1.000  00  01O000M000  0.543
GLU01A0062_002  0.000 -1.58 -2.94  2.22  0.00 -2.30 1.000  00  01O000M000  0.543
GLU02A0062_003  0.000 -1.61 -2.94  4.94  0.00  0.39 1.000  00  02O000M000  0.555
GLU02A0062_004  0.000 -1.61 -2.94  2.22  0.00 -2.33 1.000  00  02O000M000  0.555
GLU-1A0062_005 -1.000 -1.68 -2.89  2.22  0.00 -2.34 1.000  00  -1O000M000  0.544
VAL01A0063_001  0.000 -8.23  3.60  0.01  0.00 -4.62 1.000  00  01O000M000  0.881
CYS01A0064_001  0.000 -0.00 -3.40  0.13  0.00 -3.27 1.000  00  01O000M000  0.000
CYS01A0064_002  0.000 -0.00 -3.41  0.13  0.00 -3.28 1.000  00  01O000M000  0.000
CYS01A0064_003  0.000 -0.00 -3.35  0.13  0.00 -3.22 1.000  00  01O000M000  0.000
CYS-1A0064_004 -1.000  0.00 -3.28  0.13  0.00 -3.15 1.000  00  -1O000M000  0.000
SER01A0065_001  0.000 -2.83 -1.52  0.38  0.00 -3.97 0.662  00  01O000M000  0.468
SER01A0065_002  0.000 -2.83 -1.52  0.38  0.00 -3.97 0.662  00  01O000M000  0.468
GLU01A0066_001  0.000 -3.16 -0.63  3.26  0.00 -0.52 1.000  00  01O000M000  0.933
GLU01A0066_002  0.000 -3.16 -0.63  0.54  0.00 -3.24 1.000  00  01O000M000  0.933
GLU02A0066_003  0.000 -2.87 -0.64  3.26  0.00 -0.25 1.000  00  02O000M000  0.943
GLU02A0066_004  0.000 -2.87 -0.64  0.54  0.00 -2.97 1.000  00  02O000M000  0.943
GLU-1A0066_005 -1.000 -3.05 -0.61  0.54  0.00 -3.12 1.000  00  -1O000M000  0.937
GLN01A0067_001  0.000 -1.46 -2.04  0.84  0.00 -2.66 0.750  00  01O000M000  0.512
GLN01A0067_002  0.000 -1.93 -2.04  0.86  0.00 -3.11 0.750  00  01R001M000  0.538
ASP01A0068_001  0.000 -0.52 -2.98  3.31  0.00 -0.19 1.000  00  01O000M000  0.177
ASP01A0068_002  0.000 -0.52 -2.98  0.59  0.00 -2.91 1.000  00  01O000M000  0.177
ASP02A0068_003  0.000 -0.47 -3.06  3.31  0.00 -0.22 1.000  00  02O000M000  0.184
ASP02A0068_004  0.000 -0.47 -3.06  0.59  0.00 -2.94 1.000  00  02O000M000  0.184
ASP-1A0068_005 -1.000 -0.52 -3.11  0.59  0.00 -3.04 1.000  00  -1O000M000  0.174
GLU01A0069_001  0.000  0.56 -3.24  5.54  0.00  2.86 1.000  00  01O000M000  0.258
GLU01A0069_002  0.000  0.56 -3.24  2.82  0.00  0.14 1.000  00  01O000M000  0.258
GLU02A0069_003  0.000  0.22 -3.23  5.54  0.00  2.53 1.000  00  02O000M000  0.268
GLU02A0069_004  0.000  0.22 -3.23  2.82  0.00 -0.19 1.000  00  02O000M000  0.268
GLU-1A0069_005 -1.000  0.21 -3.19  2.82  0.00 -0.16 1.000  00  -1O000M000  0.260
LEU01A0070_001  0.000 -2.14 -2.84  0.46  0.00 -4.52 1.000  00  01O000M000  0.283
ASP01A0071_001  0.000  0.11 -3.29  3.12  0.00 -0.06 1.000  00  01O000M000  0.016
ASP01A0071_002  0.000  0.11 -3.29  0.40  0.00 -2.78 1.000  00  01O000M000  0.016
ASP02A0071_003  0.000  0.07 -2.95  3.12  0.00  0.24 1.000  00  02O000M000  0.008
ASP02A0071_004  0.000  0.07 -2.95  0.40  0.00 -2.48 1.000  00  02O000M000  0.008
ASP-1A0071_005 -1.000  0.07 -3.20  0.40  0.00 -2.73 1.000  00  -1O000M000  0.008
PHE01A0072_001  0.000  3.59-10.64  0.43  0.00 -6.62 1.000  00  01O000M000  0.038
LEU01A0073_001  0.000  0.90 -3.76  1.15  0.00 -1.71 1.000  00  01O000M000  0.057
MET01A0074_001  0.000  0.35 -5.74  0.56  0.00 -4.82 1.000  00  01O000M000  0.008
GLU01A0075_001  0.000  0.49 -4.03  4.35  0.00  0.80 1.000  00  01O000M000  0.000
GLU01A0075_002  0.000  0.49 -4.03  1.63  0.00 -1.92 1.000  00  01O000M000  0.000
GLU02A0075_003  0.000  0.48 -4.01  4.35  0.00  0.82 1.000  00  02O000M000  0.000
GLU02A0075_004  0.000  0.48 -4.01  1.63  0.00 -1.90 1.000  00  02O000M000  0.000
GLU-1A0075_005 -1.000  0.38 -3.95  1.63  0.00 -1.95 1.000  00  -1O000M000  0.000
ALA01A0076_001  0.000  0.00 -0.87  0.00  0.00 -0.87 1.000  00  01O000M000  0.000
LEU01A0077_001  0.000  1.56 -7.26  0.51  0.00 -5.19 1.000  00  01O000M000  0.000
ILE01A0078_001  0.000  1.47 -4.03  0.61  0.00 -1.94 1.000  00  01O000M000  0.000
ILE01A0079_001  0.000  1.11 -4.30  0.49  0.00 -2.71 1.000  00  01O000M000  0.000
SER01A0080_001  0.000 -0.62 -2.10  0.38  0.00 -2.34 0.664  00  01O000M000  0.102
SER01A0080_002  0.000 -0.62 -2.10  0.38  0.00 -2.34 0.664  00  01O000M000  0.102
SER01A0080_003  0.000 -0.62 -2.10  0.01  0.00 -2.72 0.664  00  01O000M000  0.102
LYS01A0081_001  0.000 -2.45  5.33  2.26  0.00  5.13 1.000  00  01O000M000  0.237
LYS+1A0081_002  1.000 -2.52  5.30  2.26  0.00  5.04 1.000  00  +1O000M000  0.237
PHE01A0082_001  0.000  4.49 -5.75  0.03  0.00 -1.24 1.000  00  01O000M000  0.000
ASN01A0083_001  0.000 -3.00 -0.43  0.50  0.00 -2.92 0.752  00  01O000M000  0.715
ASN01A0083_002  0.000 -3.21  0.19  0.56  0.00 -2.46 0.748  00  01R001M000  0.710
HIS01A0084_001  0.000 -1.24 -6.25  0.43  0.00 -7.06 1.000  00  01O000M000  0.100
HIS02A0084_002  0.000 -1.26 -6.40  0.43  0.00 -7.22 1.000  00  02O000M000  0.100
HIS+1A0084_003  1.000 -1.28 -6.42  0.43  0.00 -7.27 1.000  00  +1O000M000  0.100
GLN01A0085_001  0.000 -1.99  0.08  1.36  0.00 -0.54 1.000  00  01O000M000  0.576
ASN01A0086_001  0.000  0.55 -5.71  0.98  0.00 -4.18 0.749  00  01O000M000  0.049
ASN01A0086_002  0.000  0.28 -5.41  1.04  0.00 -4.09 0.751  00  01R001M000  0.040
ILE01A0087_001  0.000  1.17 -4.81  0.43  0.00 -3.21 1.000  00  01O000M000  0.004
VAL01A0088_001  0.000  0.52 -2.82  0.02  0.00 -2.28 1.000  00  01O000M000  0.000
ARG01A0089_001  0.000 -4.39 -6.74  0.51  0.00-10.62 1.000  00  01O000M000  0.362
ARG02A0089_002  0.000 -4.42 -6.70  0.51  0.00-10.61 1.000  00  02O000M000  0.362
ARG02A0089_003  0.000 -4.36 -6.72  0.51  0.00-10.58 1.000  00  02O000M000  0.362
ARG03A0089_004  0.000 -4.42 -6.73  0.51  0.00-10.64 1.000  00  03O000M000  0.362
ARG+1A0089_005  1.000 -4.47 -6.77  0.51  0.00-10.73 1.000  00  +1O000M000  0.362
CYS01A0090_001  0.000 -0.05 -4.79  0.04  0.00 -4.81 1.000  00  01O000M000  0.007
CYS01A0090_002  0.000 -0.05 -4.71  0.04  0.00 -4.73 1.000  00  01O000M000  0.007
CYS01A0090_003  0.000 -0.05 -4.61  0.04  0.00 -4.63 1.000  00  01O000M000  0.007
CYS-1A0090_004 -1.000 -0.05 -4.55  0.04  0.00 -4.56 1.000  00  -1O000M000  0.007
ILE01A0091_001  0.000 -0.29 -3.59  1.50  0.00 -2.38 1.000  00  01O000M000  0.137
VAL01A0093_001  0.000  0.61 -4.12  0.01  0.00 -3.50 1.000  00  01O000M000  0.000
SER01A0094_001  0.000  0.00 -2.39  0.38  0.00 -2.01 0.671  00  01O000M000  0.000
SER01A0094_002  0.000  0.00 -2.39  0.38  0.00 -2.01 0.671  00  01O000M000  0.000
SER01A0094_003  0.000  0.00 -2.39  0.00  0.00 -2.39 0.671  00  01O000M000  0.000
LEU01A0095_001  0.000  1.13 -3.93  0.53  0.00 -2.26 1.000  00  01O000M000  0.035
GLN01A0096_001  0.000 -2.25 -0.78  0.44  0.00 -2.59 0.756  00  01O000M000  0.702
GLN01A0096_002  0.000 -2.38 -0.79  0.48  0.00 -2.68 0.744  00  01R001M000  0.661
SER01A0097_001  0.000 -1.60 -1.37  1.48  0.00 -1.50 0.665  00  01O000M000  0.262
LEU01A0098_001  0.000 -3.01 -3.09  0.55  0.00 -5.56 1.000  00  01O000M000  0.400
PRO01A0099_001  0.000 -2.76 -2.04  0.00  0.00 -4.80 1.000  00  01O000M000  0.312
ARG01A0100_001  0.000 -1.65 -4.33  1.93  0.00 -4.05 1.000  00  01O000M000  0.205
ARG02A0100_002  0.000 -1.67 -4.34  1.93  0.00 -4.09 1.000  00  02O000M000  0.205
ARG02A0100_003  0.000 -1.67 -4.34  1.93  0.00 -4.08 1.000  00  02O000M000  0.205
ARG03A0100_004  0.000 -1.58 -4.42  1.93  0.00 -4.06 1.000  00  03O000M000  0.205
ARG+1A0100_005  1.000 -1.71 -4.35  1.93  0.00 -4.13 1.000  00  +1O000M000  0.205
PHE01A0101_001  0.000  3.50 -6.67  0.00  0.00 -3.17 1.000  00  01O000M000  0.035
ILE01A0102_001  0.000  1.19 -4.86  0.49  0.00 -3.19 1.000  00  01O000M000  0.000
LEU01A0103_001  0.000  1.57 -6.73  0.68  0.00 -4.48 1.000  00  01O000M000  0.000
LEU01A0104_001  0.000  1.68 -5.14  0.47  0.00 -2.99 1.000  00  01O000M000  0.000
GLU01A0105_001  0.000  2.06 -4.00  3.16  0.00  1.22 1.000  00  01O000M000  0.214
GLU01A0105_002  0.000  2.06 -4.00  0.44  0.00 -1.50 1.000  00  01O000M000  0.214
GLU02A0105_003  0.000  1.37 -4.36  3.16  0.00  0.17 1.000  00  02O000M000  0.228
GLU02A0105_004  0.000  1.37 -4.36  0.44  0.00 -2.55 1.000  00  02O000M000  0.228
GLU-1A0105_005 -1.000  1.37 -4.30  0.44  0.00 -2.49 1.000  00  -1O000M000  0.218
LEU01A0106_001  0.000  1.21 -6.08  0.56  0.00 -4.31 1.000  00  01O000M000  0.009
MET01A0107_001  0.000  0.24 -6.85  0.58  0.00 -6.03 1.000  00  01O000M000  0.000
ALA01A0108_001  0.000 -2.16  0.57  0.00  0.00 -1.59 1.000  00  01O000M000  0.411
ASP01A0111_001  0.000 -0.07 -4.79  3.92  0.00 -0.95 1.000  00  01O000M000  0.114
ASP01A0111_002  0.000 -0.07 -4.79  1.20  0.00 -3.67 1.000  00  01O000M000  0.114
ASP02A0111_003  0.000 -0.12 -4.92  3.92  0.00 -1.12 1.000  00  02O000M000  0.114
ASP02A0111_004  0.000 -0.12 -4.92  1.20  0.00 -3.84 1.000  00  02O000M000  0.114
ASP-1A0111_005 -1.000 -0.16 -4.99  1.20  0.00 -3.95 1.000  00  -1O000M000  0.115
LEU01A0112_001  0.000  1.26 -4.77  0.57  0.00 -2.94 1.000  00  01O000M000  0.000
LYS01A0113_001  0.000 -1.07 -3.94  2.00  0.00 -3.02 1.000  00  01O000M000  0.202
LYS+1A0113_002  1.000 -1.15 -4.21  2.00  0.00 -3.36 1.000  00  +1O000M000  0.202
SER01A0114_001  0.000 -0.94 -1.48  0.66  0.00 -1.77 0.663  00  01O000M000  0.155
SER01A0114_002  0.000 -0.94 -1.48  0.66  0.00 -1.77 0.663  00  01O000M000  0.155
SER01A0114_003  0.000 -0.94 -1.48  0.28  0.00 -2.14 0.663  00  01O000M000  0.155
PHE01A0115_001  0.000  4.20 -6.58  0.23  0.00 -2.15 1.000  00  01O000M000  0.007
LEU01A0116_001  0.000  1.72 -7.62  0.55  0.00 -5.34 1.000  00  01O000M000  0.000
ARG01A0117_001  0.000 -5.39 -5.26  1.23  0.00 -9.42 1.000  00  01O000M000  0.523
ARG02A0117_002  0.000 -5.33 -5.26  1.23  0.00 -9.35 1.000  00  02O000M000  0.523
ARG03A0117_003  0.000 -5.42 -5.27  1.23  0.00 -9.46 1.000  00  03O000M000  0.523
ARG+1A0117_004  1.000 -5.46 -5.27  1.23  0.00 -9.50 1.000  00  +1O000M000  0.523
GLU01A0118_001  0.000 -1.28 -2.73  3.36  0.00 -0.65 1.000  00  01O000M000  0.496
GLU01A0118_002  0.000 -1.28 -2.73  0.64  0.00 -3.37 1.000  00  01O000M000  0.496
GLU02A0118_003  0.000 -1.49 -2.72  3.36  0.00 -0.85 1.000  00  02O000M000  0.497
GLU02A0118_004  0.000 -1.49 -2.72  0.64  0.00 -3.57 1.000  00  02O000M000  0.497
GLU-1A0118_005 -1.000 -1.50 -2.67  0.64  0.00 -3.53 1.000  00  -1O000M000  0.498
THR01A0119_001  0.000 -0.94 -0.32  1.23  0.00 -0.03 0.665  00  01O000M000  0.142
THR01A0119_002  0.000 -0.94 -0.32  1.23  0.00 -0.03 0.665  00  01O000M000  0.142
ARG01A0120_001  0.000  0.50 -4.49  3.36  0.00 -0.62 1.000  00  01O000M000  0.065
ARG02A0120_002  0.000  0.46 -4.39  3.36  0.00 -0.57 1.000  00  02O000M000  0.065
ARG03A0120_003  0.000  0.46 -4.42  3.36  0.00 -0.60 1.000  00  03O000M000  0.065
ARG03A0120_004  0.000  0.52 -4.42  3.36  0.00 -0.53 1.000  00  03O000M000  0.065
ARG+1A0120_005  1.000  0.42 -4.43  3.36  0.00 -0.65 1.000  00  +1O000M000  0.065
PRO01A0121_001  0.000  0.14 -4.28  0.00  0.00 -4.15 1.000  00  01O000M000  0.018
ARG01A0122_001  0.000 -2.44 -2.76  1.15  0.00 -4.04 1.000  00  01O000M000  0.272
ARG02A0122_002  0.000 -2.48 -2.79  1.15  0.00 -4.12 1.000  00  02O000M000  0.272
ARG02A0122_003  0.000 -2.48 -2.76  1.15  0.00 -4.09 1.000  00  02O000M000  0.272
ARG03A0122_004  0.000 -2.48 -2.79  1.15  0.00 -4.11 1.000  00  03O000M000  0.272
ARG03A0122_005  0.000 -2.42 -2.75  1.15  0.00 -4.01 1.000  00  03O000M000  0.272
ARG+1A0122_006  1.000 -2.52 -2.80  1.15  0.00 -4.16 1.000  00  +1O000M000  0.272
PRO01A0123_001  0.000 -3.27 -2.63  0.00  0.00 -5.90 1.000  00  01O000M000  0.364
SER01A0124_001  0.000 -4.56 -0.93  0.41  0.00 -5.08 0.669  00  01O000M000  0.758
GLN01A0125_001  0.000 -1.57 -3.51  1.42  0.00 -3.66 0.755  00  01O000M000  0.457
GLN01A0125_002  0.000 -1.59 -3.38  1.39  0.00 -3.58 0.745  00  01R001M000  0.456
PRO01A0126_001  0.000 -5.56 -3.21  0.00  0.00 -8.77 1.000  00  01O000M000  0.597
SER01A0127_001  0.000 -4.27  2.29  2.49  0.00  0.51 0.668  00  01O000M000  0.723
SER01A0128_001  0.000  0.00  6.20  1.07  0.00  7.27 0.663  00  01O000M000  0.000
SER01A0128_002  0.000  0.00  6.20  0.69  0.00  6.89 0.663  00  01O000M000  0.000
LEU01A0129_001  0.000  2.57 -2.43  2.51  0.00  2.65 1.000  00  01O000M000  0.000
ALA01A0130_001  0.000 -2.16 -0.89  0.00  0.00 -3.05 1.000  00  01O000M000  0.389
MET01A0131_001  0.000 -0.07 -5.20  3.20  0.00 -2.07 1.000  00  01O000M000  0.000
LEU01A0132_001  0.000 -2.36 -2.76  1.13  0.00 -3.99 1.000  00  01O000M000  0.354
ASP01A0133_001  0.000 -0.06 -2.16  3.62  0.00  1.40 1.000  00  01O000M000  0.112
ASP01A0133_002  0.000 -0.06 -2.16  0.90  0.00 -1.32 1.000  00  01O000M000  0.112
ASP02A0133_003  0.000 -0.06 -1.59  3.62  0.00  1.96 1.000  00  02O000M000  0.126
ASP02A0133_004  0.000 -0.06 -1.59  0.90  0.00 -0.76 1.000  00  02O000M000  0.126
ASP-1A0133_005 -1.000 -0.13 -2.16  0.90  0.00 -1.40 1.000  00  -1O000M000  0.118
LEU01A0134_001  0.000  1.77 -4.98  0.46  0.00 -2.75 1.000  00  01O000M000  0.000
LEU01A0135_001  0.000  1.84 -6.31  0.83  0.00 -3.65 1.000  00  01O000M000  0.000
HIS01A0136_001  0.000 -3.44 -4.10  0.40  0.00 -7.14 0.753  00  01O000M000  0.263
HIS01A0136_002  0.000 -3.16 -4.35  0.40  0.00 -7.11 0.747  00  01R001M000  0.243
HIS02A0136_003  0.000 -3.46 -4.11  0.40  0.00 -7.17 0.753  00  02O000M000  0.263
HIS02A0136_004  0.000 -3.17 -4.44  0.40  0.00 -7.20 0.747  00  02R001M000  0.243
HIS+1A0136_005  1.000 -3.49 -4.12  0.40  0.00 -7.21 0.753  00  +1O000M000  0.263
HIS+1A0136_006  1.000 -3.20 -4.45  0.40  0.00 -7.24 0.747  00  +1R001M000  0.243
VAL01A0137_001  0.000  0.51 -1.83  0.31  0.00 -1.00 1.000  00  01O000M000  0.000
ALA01A0138_001  0.000  0.00 -1.81  0.00  0.00 -1.81 1.000  00  01O000M000  0.000
ARG01A0139_001  0.000 -0.88 -4.94  0.66  0.00 -5.16 1.000  00  01O000M000  0.297
ARG02A0139_002  0.000 -0.96 -5.02  0.66  0.00 -5.32 1.000  00  02O000M000  0.297
ARG03A0139_003  0.000 -0.96 -5.02  0.66  0.00 -5.32 1.000  00  03O000M000  0.297
ARG03A0139_004  0.000 -0.95 -4.99  0.66  0.00 -5.28 1.000  00  03O000M000  0.297
ARG+1A0139_005  1.000 -1.00 -5.03  0.66  0.00 -5.37 1.000  00  +1O000M000  0.297
ASP01A0140_001  0.000 -0.26 -1.70  3.10  0.00  1.13 1.000  00  01O000M000  0.079
ASP01A0140_002  0.000 -0.26 -1.70  0.38  0.00 -1.59 1.000  00  01O000M000  0.079
ASP02A0140_003  0.000 -0.17 -1.49  3.10  0.00  1.43 1.000  00  02O000M000  0.078
ASP02A0140_004  0.000 -0.17 -1.49  0.38  0.00 -1.29 1.000  00  02O000M000  0.078
ASP-1A0140_005 -1.000 -0.29 -2.05  0.38  0.00 -1.96 1.000  00  -1O000M000  0.087
ILE01A0141_001  0.000  0.83 -5.20  0.50  0.00 -3.88 1.000  00  01O000M000  0.000
ALA01A0142_001  0.000  0.00 -2.24  0.00  0.00 -2.24 1.000  00  01O000M000  0.000
CYS01A0143_001  0.000 -1.48 -2.46  0.77  0.00 -3.17 1.000  00  01O000M000  0.199
CYS01A0143_002  0.000 -1.48 -2.52  0.77  0.00 -3.23 1.000  00  01O000M000  0.199
CYS01A0143_003  0.000 -1.48 -2.46  0.77  0.00 -3.17 1.000  00  01O000M000  0.199
CYS-1A0143_004 -1.000 -1.48 -2.43  0.77  0.00 -3.14 1.000  00  -1O000M000  0.199
CYS01A0145_001  0.000 -0.00 -3.49  0.14  0.00 -3.36 1.000  00  01O000M000  0.000
CYS01A0145_002  0.000 -0.00 -3.57  0.14  0.00 -3.43 1.000  00  01O000M000  0.000
CYS01A0145_003  0.000 -0.00 -3.49  0.14  0.00 -3.36 1.000  00  01O000M000  0.000
CYS-1A0145_004 -1.000  0.00 -3.46  0.14  0.00 -3.32 1.000  00  -1O000M000  0.000
GLN01A0146_001  0.000 -0.44 -4.44  0.65  0.00 -4.24 0.751  00  01O000M000  0.345
GLN01A0146_002  0.000 -0.82 -4.39  0.65  0.00 -4.56 0.749  00  01R001M000  0.336
TYR01A0147_001  0.000  2.20 -7.34  0.25  0.00 -4.89 1.000  00  01O000M000  0.131
TYR-1A0147_002 -1.000  2.20 -7.34  0.25  0.00 -4.89 1.000  00  -1O000M000  0.131
LEU01A0148_001  0.000  1.79 -4.62  0.42  0.00 -2.41 1.000  00  01O000M000  0.000
GLU01A0149_001  0.000  0.21 -3.34  3.46  0.00  0.34 1.000  00  01O000M000  0.183
GLU01A0149_002  0.000  0.21 -3.34  0.74  0.00 -2.38 1.000  00  01O000M000  0.183
GLU02A0149_003  0.000  0.03 -3.61  3.46  0.00 -0.11 1.000  00  02O000M000  0.195
GLU02A0149_004  0.000  0.03 -3.61  0.74  0.00 -2.83 1.000  00  02O000M000  0.195
GLU-1A0149_005 -1.000 -0.03 -3.53  0.74  0.00 -2.81 1.000  00  -1O000M000  0.188
GLU01A0150_001  0.000 -0.97 -3.16  3.43  0.00 -0.71 1.000  00  01O000M000  0.588
GLU01A0150_002  0.000 -0.97 -3.16  0.71  0.00 -3.43 1.000  00  01O000M000  0.588
GLU02A0150_003  0.000 -0.52 -3.19  3.43  0.00 -0.29 1.000  00  02O000M000  0.594
GLU02A0150_004  0.000 -0.52 -3.19  0.71  0.00 -3.01 1.000  00  02O000M000  0.594
GLU-1A0150_005 -1.000 -0.95 -3.13  0.71  0.00 -3.37 1.000  00  -1O000M000  0.584
ASN01A0151_001  0.000 -1.09 -1.90  1.28  0.00 -1.72 0.752  00  01O000M000  0.306
ASN01A0151_002  0.000 -0.83 -0.63  1.20  0.00 -0.25 0.748  00  01R001M000  0.268
HIS01A0152_001  0.000 -8.71 -2.72  0.82  0.00-10.61 0.748  00  01O000M000  0.747
HIS01A0152_002  0.000 -8.77 -2.71  0.82  0.00-10.65 0.752  00  01R001M000  0.731
HIS02A0152_003  0.000 -8.73 -2.75  0.82  0.00-10.66 0.748  00  02O000M000  0.747
HIS02A0152_004  0.000 -8.78 -2.75  0.82  0.00-10.71 0.752  00  02R001M000  0.731
HIS+1A0152_005  1.000 -8.75 -2.77  0.82  0.00-10.71 0.748  00  +1O000M000  0.747
HIS+1A0152_006  1.000 -8.81 -2.77  0.82  0.00-10.76 0.752  00  +1R001M000  0.731
PHE01A0153_001  0.000  3.72 -6.53  0.07  0.00 -2.74 1.000  00  01O000M000  0.044
ILE01A0154_001  0.000 -1.04 -4.72  0.94  0.00 -4.82 1.000  00  01O000M000  0.134
HIS01A0155_001  0.000 -0.12 -3.85  0.18  0.00 -3.79 1.000  00  01O000M000  0.000
HIS02A0155_002  0.000 -0.14 -4.21  0.18  0.00 -4.17 1.000  00  02O000M000  0.000
HIS+1A0155_003  1.000 -0.16 -4.05  0.18  0.00 -4.03 1.000  00  +1O000M000  0.000
ARG01A0156_001  0.000  2.39 -3.57  3.12  0.00  1.94 1.000  00  01O000M000  0.111
ARG02A0156_002  0.000  2.35 -3.57  3.12  0.00  1.91 1.000  00  02O000M000  0.111
ARG03A0156_003  0.000  2.36 -3.57  3.12  0.00  1.91 1.000  00  03O000M000  0.111
ARG+1A0156_004  1.000  2.31 -3.58  3.12  0.00  1.85 1.000  00  +1O000M000  0.111
ASP01A0157_001  0.000 -0.35 -1.47  3.16  0.00  1.33 1.000  00  01O000M000  0.102
ASP01A0157_002  0.000 -0.35 -1.47  0.44  0.00 -1.39 1.000  00  01O000M000  0.102
ASP02A0157_003  0.000 -0.29 -1.70  3.16  0.00  1.16 1.000  00  02O000M000  0.102
ASP02A0157_004  0.000 -0.29 -1.70  0.44  0.00 -1.56 1.000  00  02O000M000  0.102
ASP-1A0157_005 -1.000 -0.35 -1.63  0.44  0.00 -1.54 1.000  00  -1O000M000  0.104
ILE01A0158_001  0.000  0.64 -4.01  0.56  0.00 -2.81 1.000  00  01O000M000  0.000
ALA01A0159_001  0.000  0.00 -1.17  0.00  0.00 -1.17 1.000  00  01O000M000  0.000
ALA01A0160_001  0.000  0.00 -1.72  0.00  0.00 -1.72 1.000  00  01O000M000  0.000
ARG01A0161_001  0.000 -2.48 -2.87  0.75  0.00 -4.60 1.000  00  01O000M000  0.295
ARG02A0161_002  0.000 -2.50 -2.86  0.75  0.00 -4.61 1.000  00  02O000M000  0.295
ARG03A0161_003  0.000 -2.51 -2.85  0.75  0.00 -4.61 1.000  00  03O000M000  0.295
ARG03A0161_004  0.000 -2.50 -2.86  0.75  0.00 -4.61 1.000  00  03O000M000  0.295
ARG+1A0161_005  1.000 -2.55 -2.88  0.75  0.00 -4.67 1.000  00  +1O000M000  0.295
ASN01A0162_001  0.000 -0.29 -2.27  0.40  0.00 -2.16 0.753  00  01O000M000  0.075
ASN01A0162_002  0.000 -0.09 -2.76  0.37  0.00 -2.47 0.747  00  01R001M000  0.071
CYS01A0163_001  0.000 -0.00 -4.38  0.01  0.00 -4.38 1.000  00  01O000M000  0.000
CYS01A0163_002  0.000 -0.00 -4.48  0.01  0.00 -4.47 1.000  00  01O000M000  0.000
CYS01A0163_003  0.000 -0.00 -4.35  0.01  0.00 -4.35 1.000  00  01O000M000  0.000
CYS-1A0163_004 -1.000  0.00 -4.32  0.01  0.00 -4.31 1.000  00  -1O000M000  0.000
LEU01A0164_001  0.000  2.23 -4.85  0.58  0.00 -2.04 1.000  00  01O000M000  0.000
LEU01A0165_001  0.000  2.19 -7.85  0.78  0.00 -4.88 1.000  00  01O000M000  0.000
THR01A0166_001  0.000 -1.77 -2.43  0.44  0.00 -3.76 0.668  00  01O000M000  0.227
THR01A0166_002  0.000 -1.77 -2.43  0.44  0.00 -3.76 0.668  00  01O000M000  0.227
CYS01A0167_001  0.000 -2.52 -3.75  0.02  0.00 -6.25 1.000  00  01O000M000  0.347
CYS01A0167_002  0.000 -2.52 -3.81  0.02  0.00 -6.31 1.000  00  01O000M000  0.347
CYS01A0167_003  0.000 -2.53 -3.65  0.02  0.00 -6.15 1.000  00  01O000M000  0.347
CYS-1A0167_004 -1.000 -2.52 -3.59  0.02  0.00 -6.09 1.000  00  -1O000M000  0.347
PRO01A0168_001  0.000 -4.97 -2.99  0.00  0.00 -7.96 1.000  00  01O000M000  0.535
PRO01A0170_001  0.000 -7.21 -1.08  0.00  0.00 -8.28 1.000  00  01O000M000  0.784
ARG01A0172_001  0.000  0.98 -7.97  1.41  0.00 -5.58 1.000  00  01O000M000  0.026
ARG02A0172_002  0.000  0.96 -8.07  1.41  0.00 -5.71 1.000  00  02O000M000  0.026
ARG02A0172_003  0.000  1.05 -8.07  1.41  0.00 -5.61 1.000  00  02O000M000  0.026
ARG03A0172_004  0.000  0.95 -8.06  1.41  0.00 -5.71 1.000  00  03O000M000  0.026
ARG03A0172_005  0.000  0.95 -7.94  1.41  0.00 -5.58 1.000  00  03O000M000  0.026
ARG+1A0172_006  1.000  0.91 -8.10  1.41  0.00 -5.79 1.000  00  +1O000M000  0.026
VAL01A0173_001  0.000 -2.50 -2.33  0.04  0.00 -4.79 1.000  00  01O000M000  0.295
ALA01A0174_001  0.000  0.00 -2.26  0.00  0.00 -2.26 1.000  00  01O000M000  0.000
LYS01A0175_001  0.000 -0.32 -5.09  1.62  0.00 -3.79 1.000  00  01O000M000  0.070
LYS+1A0175_002  1.000 -0.37 -5.13  1.62  0.00 -3.88 1.000  00  +1O000M000  0.070
ILE01A0176_001  0.000  0.92 -4.94  0.47  0.00 -3.55 1.000  00  01O000M000  0.000
ASP01A0178_001  0.000  0.21 -2.70  3.87  0.00  1.38 1.000  00  01O000M000  0.048
ASP01A0178_002  0.000  0.21 -2.70  1.15  0.00 -1.34 1.000  00  01O000M000  0.048
ASP02A0178_003  0.000  0.21 -3.14  3.87  0.00  0.94 1.000  00  02O000M000  0.056
ASP02A0178_004  0.000  0.21 -3.14  1.15  0.00 -1.78 1.000  00  02O000M000  0.056
ASP-1A0178_005 -1.000  0.12 -3.08  1.15  0.00 -1.81 1.000  00  -1O000M000  0.056
PHE01A0179_001  0.000  4.20 -4.98  0.00  0.00 -0.77 1.000  00  01O000M000  0.000
MET01A0181_001  0.000 -0.35 -4.34  0.11  0.00 -4.57 1.000  00  01O000M000  0.053
ALA01A0182_001  0.000 -0.15 -1.85  0.00  0.00 -2.01 1.000  00  01O000M000  0.028
ARG01A0183_001  0.000  3.89 -8.32  1.36  0.00 -3.07 1.000  00  01O000M000  0.033
ARG02A0183_002  0.000  3.85 -8.41  1.36  0.00 -3.20 1.000  00  02O000M000  0.033
ARG02A0183_003  0.000  3.85 -8.38  1.36  0.00 -3.17 1.000  00  02O000M000  0.033
ARG03A0183_004  0.000  3.96 -8.47  1.36  0.00 -3.15 1.000  00  03O000M000  0.033
ARG+1A0183_005  1.000  3.81 -8.43  1.36  0.00 -3.26 1.000  00  +1O000M000  0.033
ASP01A0184_001  0.000 -0.02 -2.92  3.01  0.00  0.07 1.000  00  01O000M000  0.040
ASP01A0184_002  0.000 -0.02 -2.92  0.29  0.00 -2.65 1.000  00  01O000M000  0.040
ASP02A0184_003  0.000 -0.08 -2.41  3.01  0.00  0.51 1.000  00  02O000M000  0.039
ASP02A0184_004  0.000 -0.08 -2.41  0.29  0.00 -2.21 1.000  00  02O000M000  0.039
ASP-1A0184_005 -1.000 -0.09 -2.82  0.29  0.00 -2.62 1.000  00  -1O000M000  0.039
ILE01A0185_001  0.000 -0.81 -4.12  0.57  0.00 -4.36 1.000  00  01O000M000  0.096
TYR01A0186_001  0.000  0.33 -5.15  0.21  0.00 -4.61 1.000  00  01O000M000  0.270
TYR01A0186_002  0.000  0.33 -5.15  0.21  0.00 -4.61 1.000  00  01O000M000  0.270
TYR-1A0186_003 -1.000  0.33 -5.15  0.21  0.00 -4.61 1.000  00  -1O000M000  0.270
ARG01A0187_001  0.000  1.88 -7.49  1.54  0.00 -4.07 1.000  00  01O000M000  0.084
ARG02A0187_002  0.000  1.84 -7.43  1.54  0.00 -4.06 1.000  00  02O000M000  0.084
ARG02A0187_003  0.000  1.88 -7.44  1.54  0.00 -4.02 1.000  00  02O000M000  0.084
ARG03A0187_004  0.000  1.84 -7.50  1.54  0.00 -4.13 1.000  00  03O000M000  0.084
ARG+1A0187_005  1.000  1.79 -7.51  1.54  0.00 -4.18 1.000  00  +1O000M000  0.084
ALA01A0188_001  0.000 -0.74 -1.45  0.00  0.00 -2.19 1.000  00  01O000M000  0.134
TYR01A0190_001  0.000 -5.30 -4.71  0.10  0.00 -9.92 1.000  00  01O000M000  0.654
TYR01A0190_002  0.000 -5.30 -4.71  0.10  0.00 -9.92 1.000  00  01O000M000  0.654
TYR-1A0190_003 -1.000 -5.30 -4.71  0.10  0.00 -9.92 1.000  00  -1O000M000  0.654
TYR01A0191_001  0.000  3.13 -8.13  0.36  0.00 -4.64 1.000  00  01O000M000  0.072
TYR01A0191_002  0.000  3.13 -8.13  0.36  0.00 -4.64 1.000  00  01O000M000  0.072
TYR-1A0191_003 -1.000  3.13 -8.13  0.36  0.00 -4.64 1.000  00  -1O000M000  0.072
ARG01A0192_001  0.000  2.71999.00  4.29  0.00999.00 1.000  00  01O000M000  0.031
ARG02A0192_002  0.000  2.68999.00  4.29  0.00999.00 1.000  00  02O000M000  0.031
ARG02A0192_003  0.000  2.68999.00  4.29  0.00999.00 1.000  00  02O000M000  0.031
ARG03A0192_004  0.000  2.68999.00  4.29  0.00999.00 1.000  00  03O000M000  0.031
ARG03A0192_005  0.000  2.72999.00  4.29  0.00999.00 1.000  00  03O000M000  0.031
ARG+1A0192_006  1.000  2.64999.00  4.29  0.00999.00 1.000  00  +1O000M000  0.031
LYS01A0193_001  0.000 -1.89 -1.65  2.55  0.00 -0.99 1.000  00  01O000M000  0.251
LYS+1A0193_002  1.000 -1.94 -1.66  2.55  0.00 -1.04 1.000  00  +1O000M000  0.251
CYS01A0196_001  0.000 -5.40 -0.96  0.05  0.00 -6.31 1.000  00  01O000M000  0.744
CYS01A0196_002  0.000 -5.40 -0.93  0.05  0.00 -6.28 1.000  00  01O000M000  0.744
CYS01A0196_003  0.000 -5.40 -0.91  0.05  0.00 -6.26 1.000  00  01O000M000  0.744
CYS-1A0196_004 -1.000 -5.40 -0.90  0.05  0.00 -6.24 1.000  00  -1O000M000  0.744
ALA01A0197_001  0.000 -4.70 -0.40  0.00  0.00 -5.10 1.000  00  01O000M000  0.867
MET01A0198_001  0.000 -5.67 -3.49  0.30  0.00 -8.87 1.000  00  01O000M000  0.555
LEU01A0199_001  0.000 -0.56 -3.63  1.05  0.00 -3.14 1.000  00  01O000M000  0.190
PRO01A0200_001  0.000 -0.27 -1.11  0.00  0.00 -1.39 1.000  00  01O000M000  0.048
VAL01A0201_001  0.000  0.56 -2.01  0.36  0.00 -1.09 1.000  00  01O000M000  0.005
LYS01A0202_001  0.000 -0.18 -4.67  2.89  0.00 -1.96 1.000  00  01O000M000  0.087
LYS+1A0202_002  1.000 -0.22 -4.73  2.89  0.00 -2.06 1.000  00  +1O000M000  0.087
TRP01A0203_001  0.000  1.92 -9.86  0.27  0.00 -7.67 1.000  00  01O000M000  0.043
MET01A0204_001  0.000 -0.19 -6.94  1.28  0.00 -5.84 1.000  00  01O000M000  0.014
PRO01A0205_001  0.000  0.20 -2.60  0.00  0.00 -2.40 1.000  00  01O000M000  0.000
PRO01A0206_001  0.000 -0.05 -2.73  0.00  0.00 -2.78 1.000  00  01O000M000  0.031
GLU01A0207_001  0.000  0.64 -3.95  3.86  0.00  0.55 1.000  00  01O000M000  0.061
GLU01A0207_002  0.000  0.64 -3.95  1.14  0.00 -2.17 1.000  00  01O000M000  0.061
GLU02A0207_003  0.000  0.75 -3.42  3.86  0.00  1.19 1.000  00  02O000M000  0.077
GLU02A0207_004  0.000  0.75 -3.42  1.14  0.00 -1.53 1.000  00  02O000M000  0.077
GLU-1A0207_005 -1.000  0.56 -3.83  1.14  0.00 -2.13 1.000  00  -1O000M000  0.062
ALA01A0208_001  0.000  0.00 -1.44  0.00  0.00 -1.44 1.000  00  01O000M000  0.000
PHE01A0209_001  0.000  4.33 -9.37  0.02  0.00 -5.02 1.000  00  01O000M000  0.015
MET01A0210_001  0.000 -5.10 -1.56  1.67  0.00 -5.00 1.000  00  01O000M000  0.413
GLU01A0211_001  0.000 -2.80 -2.46  3.59  0.00 -1.68 1.000  00  01O000M000  0.783
GLU01A0211_002  0.000 -2.80 -2.46  0.87  0.00 -4.40 1.000  00  01O000M000  0.783
GLU02A0211_003  0.000 -2.96 -2.47  3.59  0.00 -1.84 1.000  00  02O000M000  0.780
GLU02A0211_004  0.000 -2.96 -2.47  0.87  0.00 -4.56 1.000  00  02O000M000  0.780
GLU-1A0211_005 -1.000 -2.94 -2.43  0.87  0.00 -4.50 1.000  00  -1O000M000  0.770
ILE01A0213_001  0.000 -4.47 -2.03  0.63  0.00 -5.87 1.000  00  01O000M000  0.441
PHE01A0214_001  0.000  3.00 -5.10  0.19  0.00 -1.91 1.000  00  01O000M000  0.091
THR01A0215_001  0.000 -3.46 -0.96  0.56  0.00 -3.85 0.665  00  01O000M000  0.392
THR01A0215_002  0.000 -3.46 -0.96  0.56  0.00 -3.85 0.665  00  01O000M000  0.392
SER01A0216_001  0.000 -0.89 -1.95  1.14  0.00 -1.69 0.661  00  01O000M000  0.146
SER01A0216_002  0.000 -0.89 -1.95  0.77  0.00 -2.07 0.661  00  01O000M000  0.146
LYS01A0217_001  0.000 -2.16 -6.86  1.17  0.00 -7.85 1.000  00  01O000M000  0.203
LYS+1A0217_002  1.000 -2.23 -6.92  1.17  0.00 -7.98 1.000  00  +1O000M000  0.203
THR01A0218_001  0.000  0.19 -0.30  0.47  0.00  0.36 0.663  00  01O000M000  0.000
THR01A0218_002  0.000  0.19 -0.30  0.47  0.00  0.36 0.663  00  01O000M000  0.000
ASP01A0219_001  0.000  0.16 -1.65  3.12  0.00  1.63 1.000  00  01O000M000  0.000
ASP01A0219_002  0.000  0.16997.35  0.40  0.00997.91 1.000  00  01O000M000  0.000
ASP02A0219_003  0.000  0.09 -1.74  3.12  0.00  1.47 1.000  00  02O000M000  0.000
ASP02A0219_004  0.000  0.09 -1.74  0.40  0.00 -1.25 1.000  00  02O000M000  0.000
ASP-1A0219_005 -1.000  0.08 -2.36  0.40  0.00 -1.88 1.000  00  -1O000M000  0.000
THR01A0220_001  0.000  0.11 -3.65  0.55  0.00 -2.99 0.665  00  01O000M000  0.000
THR01A0220_002  0.000  0.11 -3.65  0.18  0.00 -3.37 0.665  00  01O000M000  0.000
TRP01A0221_001  0.000  2.68-13.95  0.02  0.00-11.26 1.000  00  01O000M000  0.000
SER01A0222_001  0.000  0.00 -2.22  0.51  0.00 -1.71 0.666  00  01O000M000  0.000
SER01A0222_002  0.000  0.00 -2.22  0.14  0.00 -2.08 0.666  00  01O000M000  0.000
PHE01A0223_001  0.000  4.06 -7.65  0.10  0.00 -3.49 1.000  00  01O000M000  0.000
VAL01A0225_001  0.000  0.66 -3.52  0.01  0.00 -2.84 1.000  00  01O000M000  0.000
LEU01A0226_001  0.000  1.27 -4.69  0.74  0.00 -2.68 1.000  00  01O000M000  0.000
LEU01A0227_001  0.000  1.44 -2.93  2.34  0.00  0.85 1.000  00  01O000M000  0.000
TRP01A0228_001  0.000  2.08-11.82  0.16  0.00 -9.57 1.000  00  01O000M000  0.031
GLU01A0229_001  0.000  0.84 -3.75  4.20  0.00  1.29 1.000  00  01O000M000  0.000
GLU01A0229_002  0.000  0.84 -3.75  1.48  0.00 -1.43 1.000  00  01O000M000  0.000
GLU02A0229_003  0.000  0.84 -4.36  4.20  0.00  0.68 1.000  00  02O000M000  0.000
GLU02A0229_004  0.000  0.84 -4.36  1.48  0.00 -2.04 1.000  00  02O000M000  0.000
GLU-1A0229_005 -1.000  0.70 -4.25  1.48  0.00 -2.06 1.000  00  -1O000M000  0.000
ILE01A0230_001  0.000  0.99 -4.96  0.58  0.00 -3.39 1.000  00  01O000M000  0.000
PHE01A0231_001  0.000  4.09 -5.64  0.25  0.00 -1.29 1.000  00  01O000M000  0.000
SER01A0232_001  0.000 -0.24 -3.19  0.56  0.00 -2.87 0.663  00  01O000M000  0.042
SER01A0232_002  0.000 -0.24 -3.19  0.56  0.00 -2.87 0.663  00  01O000M000  0.042
LEU01A0233_001  0.000  1.08 -3.45  0.49  0.00 -1.88 1.000  00  01O000M000  0.004
TYR01A0235_001  0.000 -2.19 -1.78  1.07  0.00 -2.89 1.000  00  01O000M000  0.434
TYR01A0235_002  0.000 -2.19 -1.78  1.07  0.00 -2.89 1.000  00  01O000M000  0.434
TYR-1A0235_003 -1.000 -2.19 -1.78  1.07  0.00 -2.89 1.000  00  -1O000M000  0.434
MET01A0236_001  0.000 -4.24 -2.20  0.34  0.00 -6.10 1.000  00  01O000M000  0.472
PRO01A0237_001  0.000  0.24 -2.29  0.00  0.00 -2.05 1.000  00  01O000M000  0.000
TYR01A0238_001  0.000  4.11 -4.12  0.10  0.00  0.09 1.000  00  01O000M000  0.004
TYR-1A0238_002 -1.000  4.11 -4.12  0.10  0.00  0.09 1.000  00  -1O000M000  0.004
PRO01A0239_001  0.000 -3.35 -1.40  0.00  0.00 -4.75 1.000  00  01O000M000  0.381
SER01A0240_001  0.000 -4.64  4.10  0.99  0.00  0.45 0.661  00  01O000M000  0.801
SER01A0240_002  0.000 -4.64  4.10  0.99  0.00  0.45 0.661  00  01O000M000  0.801
LYS01A0241_001  0.000 -1.86 -4.67  1.54  0.00 -4.99 1.000  00  01O000M000  0.256
LYS+1A0241_002  1.000 -1.94 -4.68  1.54  0.00 -5.08 1.000  00  +1O000M000  0.256
SER01A0242_001  0.000 -3.07 -1.00  0.41  0.00 -3.66 0.668  00  01O000M000  0.516
SER01A0242_002  0.000 -3.07 -1.00  0.03  0.00 -4.04 0.668  00  01O000M000  0.516
ASN01A0243_001  0.000 -1.13 -2.10  0.81  0.00 -2.41 0.752  00  01O000M000  0.276
ASN01A0243_002  0.000 -1.20 -1.22  0.81  0.00 -1.61 0.748  00  01R001M000  0.254
GLN01A0244_001  0.000 -1.74 -2.23  0.36  0.00 -3.60 0.756  00  01O000M000  0.530
GLN01A0244_002  0.000 -1.20 -2.09  0.36  0.00 -2.93 0.744  00  01R001M000  0.495
GLU01A0245_001  0.000 -1.95 -3.34  3.28  0.00 -2.00 1.000  00  01O000M000  0.628
GLU01A0245_002  0.000 -1.95 -3.34  0.56  0.00 -4.72 1.000  00  01O000M000  0.628
GLU02A0245_003  0.000 -2.14 -3.60  3.28  0.00 -2.47 1.000  00  02O000M000  0.632
GLU02A0245_004  0.000 -2.14 -3.60  0.56  0.00 -5.19 1.000  00  02O000M000  0.632
GLU-1A0245_005 -1.000 -2.10 -3.57  0.56  0.00 -5.11 1.000  00  -1O000M000  0.613
VAL01A0246_001  0.000  0.59 -1.72  0.07  0.00 -1.06 1.000  00  01O000M000  0.000
LEU01A0247_001  0.000  0.62 -2.64  1.21  0.00 -0.82 1.000  00  01O000M000  0.107
GLU01A0248_001  0.000 -1.96 -2.03  2.96  0.00 -1.03 1.000  00  01O000M000  0.659
GLU01A0248_002  0.000 -1.96 -2.03  0.24  0.00 -3.75 1.000  00  01O000M000  0.659
GLU02A0248_003  0.000 -1.93 -2.03  2.96  0.00 -1.00 1.000  00  02O000M000  0.634
GLU02A0248_004  0.000 -1.93 -2.03  0.24  0.00 -3.72 1.000  00  02O000M000  0.634
GLU-1A0248_005 -1.000 -1.98 -1.98  0.24  0.00 -3.73 1.000  00  -1O000M000  0.638
PHE01A0249_001  0.000  0.24 -7.96  0.00  0.00 -7.72 1.000  00  01O000M000  0.283
VAL01A0250_001  0.000  0.58 -2.75  0.73  0.00 -1.44 1.000  00  01O000M000  0.000
THR01A0251_001  0.000 -1.38 -1.38  0.38  0.00 -2.38 0.669  00  01O000M000  0.189
SER01A0252_001  0.000 -3.52 -1.06  0.40  0.00 -4.17 0.667  00  01O000M000  0.596
SER01A0252_002  0.000 -3.52 -1.06  0.40  0.00 -4.17 0.667  00  01O000M000  0.596
ARG01A0255_001  0.000 -1.39 -6.81  0.52  0.00 -7.68 1.000  00  01O000M000  0.161
ARG02A0255_002  0.000 -1.41 -6.69  0.52  0.00 -7.57 1.000  00  02O000M000  0.161
ARG02A0255_003  0.000 -1.34 -6.90  0.52  0.00 -7.71 1.000  00  02O000M000  0.161
ARG03A0255_004  0.000 -1.42 -6.81  0.52  0.00 -7.70 1.000  00  03O000M000  0.161
ARG+1A0255_005  1.000 -1.45 -6.87  0.52  0.00 -7.79 1.000  00  +1O000M000  0.161
MET01A0256_001  0.000 -0.03 -4.34  1.40  0.00 -2.96 1.000  00  01O000M000  0.000
ASP01A0257_001  0.000 -2.90 -0.73  3.31  0.00 -0.32 1.000  00  01O000M000  0.715
ASP01A0257_002  0.000 -2.90 -0.73  0.59  0.00 -3.04 1.000  00  01O000M000  0.715
ASP02A0257_003  0.000 -2.97 -0.45  3.31  0.00 -0.12 1.000  00  02O000M000  0.717
ASP02A0257_004  0.000 -2.97 -0.45  0.59  0.00 -2.84 1.000  00  02O000M000  0.717
ASP-1A0257_005 -1.000 -2.92 -0.69  0.59  0.00 -3.02 1.000  00  -1O000M000  0.723
PRO01A0258_001  0.000 -3.32 -2.34  0.00  0.00 -5.65 1.000  00  01O000M000  0.364
PRO01A0259_001  0.000  0.20 -3.43  0.00  0.00 -3.23 1.000  00  01O000M000  0.000
LYS01A0260_001  0.000 -8.14 -1.81  1.13  0.00 -8.82 1.000  00  01O000M000  0.708
LYS+1A0260_002  1.000 -8.18 -1.82  1.13  0.00 -8.87 1.000  00  +1O000M000  0.708
ASN01A0261_001  0.000 -1.82  0.18  0.27  0.00 -1.38 0.746  00  01O000M000  0.434
ASN01A0261_002  0.000 -2.00  1.34  0.27  0.00 -0.39 0.754  00  01R001M000  0.431
CYS01A0262_001  0.000 -0.00 -4.39  0.06  0.00 -4.32 1.000  00  01O000M000  0.000
CYS01A0262_002  0.000 -0.00 -4.23  0.06  0.00 -4.16 1.000  00  01O000M000  0.000
CYS01A0262_003  0.000 -0.00 -4.23  0.06  0.00 -4.17 1.000  00  01O000M000  0.000
CYS-1A0262_004 -1.000  0.00 -4.17  0.06  0.00 -4.11 1.000  00  -1O000M000  0.000
PRO01A0263_001  0.000 -0.04 -3.17  0.00  0.00 -3.22 1.000  00  01O000M000  0.027
PRO01A0265_001  0.000 -2.25 -2.32  0.00  0.00 -4.57 1.000  00  01O000M000  0.255
VAL01A0266_001  0.000  0.60 -2.10  0.01  0.00 -1.49 1.000  00  01O000M000  0.000
TYR01A0267_001  0.000  1.13 -5.90  0.07  0.00 -4.70 1.000  00  01O000M000  0.190
TYR01A0267_002  0.000  1.13 -5.90  0.07  0.00 -4.70 1.000  00  01O000M000  0.190
TYR-1A0267_003 -1.000  1.13 -5.90  0.07  0.00 -4.70 1.000  00  -1O000M000  0.190
ARG01A0268_001  0.000 -5.47 -4.70  3.86  0.00 -6.31 1.000  00  01O000M000  0.562
ARG02A0268_002  0.000 -5.46 -4.69  3.86  0.00 -6.30 1.000  00  02O000M000  0.562
ARG03A0268_003  0.000 -5.52 -4.69  3.86  0.00 -6.36 1.000  00  03O000M000  0.562
ARG+1A0268_004  1.000 -5.57 -4.72  3.86  0.00 -6.43 1.000  00  +1O000M000  0.562
ILE01A0269_001  0.000  0.95 -4.34  0.48  0.00 -2.91 1.000  00  01O000M000  0.009
MET01A0270_001  0.000  0.15 -7.37  0.71  0.00 -6.51 1.000  00  01O000M000  0.000
THR01A0271_001  0.000 -1.73 -2.89  0.43  0.00 -4.19 0.666  00  01O000M000  0.235
GLN01A0272_001  0.000 -0.73 -4.40  1.33  0.00 -3.80 0.745  00  01O000M000  0.325
GLN01A0272_002  0.000 -0.05 -4.42  1.33  0.00 -3.13 0.755  00  01R001M000  0.299
CYS01A0273_001  0.000 -0.00 -5.48  0.42  0.00 -5.07 1.000  00  01O000M000  0.000
CYS01A0273_002  0.000 -0.00 -5.53  0.42  0.00 -5.11 1.000  00  01O000M000  0.000
CYS01A0273_003  0.000 -0.00 -5.50  0.42  0.00 -5.08 1.000  00  01O000M000  0.000
CYS-1A0273_004 -1.000  0.00 -5.42  0.42  0.00 -5.00 1.000  00  -1O000M000  0.000
TRP01A0274_001  0.000  2.47-12.63  0.05  0.00-10.11 1.000  00  01O000M000  0.000
GLN01A0275_001  0.000 -1.47 -5.31  1.16  0.00 -5.62 0.754  00  01O000M000  0.454
GLN01A0275_002  0.000 -1.48 -5.27  1.22  0.00 -5.54 0.746  00  01R001M000  0.469
HIS01A0276_001  0.000 -5.32 -3.33  0.06  0.00 -8.60 0.748  00  01O000M000  0.439
HIS01A0276_002  0.000 -5.51 -3.33  0.06  0.00 -8.78 0.752  00  01R001M000  0.472
HIS02A0276_003  0.000 -5.34 -3.37  0.06  0.00 -8.65 0.748  00  02O000M000  0.439
HIS02A0276_004  0.000 -5.52 -3.36  0.06  0.00 -8.82 0.752  00  02R001M000  0.472
HIS+1A0276_005  1.000 -5.37 -3.37  0.06  0.00 -8.68 0.748  00  +1O000M000  0.439
HIS+1A0276_006  1.000 -5.55 -3.38  0.06  0.00 -8.87 0.752  00  +1R001M000  0.472
GLN01A0277_001  0.000 -2.30 -2.22  1.48  0.00 -3.03 0.744  00  01O000M000  0.567
GLN01A0277_002  0.000 -2.32 -2.26  1.47  0.00 -3.10 0.756  00  01R001M000  0.565
PRO01A0278_001  0.000 -0.67 -1.28  0.00  0.00 -1.96 1.000  00  01O000M000  0.097
GLU01A0279_001  0.000 -1.87 -1.26  3.36  0.00  0.22 1.000  00  01O000M000  0.630
GLU01A0279_002  0.000 -1.87 -1.26  0.64  0.00 -2.50 1.000  00  01O000M000  0.630
GLU02A0279_003  0.000 -2.10 -1.63  3.36  0.00 -0.37 1.000  00  02O000M000  0.634
GLU02A0279_004  0.000 -2.10 -1.63  0.64  0.00 -3.09 1.000  00  02O000M000  0.634
GLU-1A0279_005 -1.000 -2.10 -1.59  0.64  0.00 -3.05 1.000  00  -1O000M000  0.640
ASP01A0280_001  0.000 -2.42 -1.37  3.08  0.00 -0.71 1.000  00  01O000M000  0.565
ASP01A0280_002  0.000 -2.42 -1.37  0.36  0.00 -3.43 1.000  00  01O000M000  0.565
ASP02A0280_003  0.000 -2.41 -1.75  3.08  0.00 -1.09 1.000  00  02O000M000  0.584
ASP02A0280_004  0.000 -2.41 -1.75  0.36  0.00 -3.81 1.000  00  02O000M000  0.584
ASP-1A0280_005 -1.000 -2.41 -1.69  0.36  0.00 -3.74 1.000  00  -1O000M000  0.575
ARG01A0281_001  0.000  1.65-12.74  1.91  0.00 -9.18 1.000  00  01O000M000  0.000
ARG02A0281_002  0.000  1.61-11.92  1.91  0.00 -8.40 1.000  00  02O000M000  0.000
ARG02A0281_003  0.000  1.67-11.83  1.91  0.00 -8.25 1.000  00  02O000M000  0.000
ARG03A0281_004  0.000  1.61-11.91  1.91  0.00 -8.39 1.000  00  03O000M000  0.000
ARG03A0281_005  0.000  1.61-11.78  1.91  0.00 -8.26 1.000  00  03O000M000  0.000
ARG+1A0281_006  1.000  1.57-11.97  1.91  0.00 -8.49 1.000  00  +1O000M000  0.000
PRO01A0282_001  0.000  0.07 -4.67  0.00  0.00 -4.60 1.000  00  01O000M000  0.021
ASN01A0283_001  0.000 -1.59 -1.96  0.25  0.00 -3.30 0.746  00  01O000M000  0.407
ASN01A0283_002  0.000 -1.64  0.22  0.23  0.00 -1.19 0.754  00  01R001M000  0.385
PHE01A0284_001  0.000  4.09 -9.68  0.41  0.00 -5.18 1.000  00  01O000M000  0.000
ALA01A0285_001  0.000 -2.74 -0.59  0.00  0.00 -3.33 1.000  00  01O000M000  0.469
ILE01A0286_001  0.000 -3.06 -2.25  0.89  0.00 -4.43 1.000  00  01O000M000  0.355
ILE01A0287_001  0.000  1.22 -4.90  0.59  0.00 -3.08 1.000  00  01O000M000  0.000
LEU01A0288_001  0.000  0.95 -6.27  1.50  0.00 -3.82 1.000  00  01O000M000  0.065
GLU01A0289_001  0.000 -1.18 -2.45  3.56  0.00 -0.07 1.000  00  01O000M000  0.648
GLU01A0289_002  0.000 -1.18 -2.45  0.84  0.00 -2.79 1.000  00  01O000M000  0.648
GLU02A0289_003  0.000 -1.62 -2.42  3.56  0.00 -0.48 1.000  00  02O000M000  0.673
GLU02A0289_004  0.000 -1.62 -2.42  0.84  0.00 -3.20 1.000  00  02O000M000  0.673
GLU-1A0289_005 -1.000 -1.63 -2.39  0.84  0.00 -3.18 1.000  00  -1O000M000  0.677
ARG01A0290_001  0.000 -4.22 -4.23  0.69  0.00 -7.75 1.000  00  01O000M000  0.357
ARG02A0290_002  0.000 -4.25 -4.23  0.69  0.00 -7.79 1.000  00  02O000M000  0.357
ARG03A0290_003  0.000 -4.26 -4.23  0.69  0.00 -7.80 1.000  00  03O000M000  0.357
ARG+1A0290_004  1.000 -4.30 -4.24  0.69  0.00 -7.85 1.000  00  +1O000M000  0.357
ILE01A0291_001  0.000  0.67 -6.10  0.61  0.00 -4.82 1.000  00  01O000M000  0.000
GLU01A0292_001  0.000 -1.14 -4.07  4.61  0.00 -0.60 1.000  00  01O000M000  0.454
GLU01A0292_002  0.000 -1.14 -4.07  1.89  0.00 -3.32 1.000  00  01O000M000  0.454
GLU02A0292_003  0.000 -1.19 -4.04  4.61  0.00 -0.63 1.000  00  02O000M000  0.436
GLU02A0292_004  0.000 -1.19 -4.04  1.89  0.00 -3.35 1.000  00  02O000M000  0.436
GLU-1A0292_005 -1.000 -1.24 -3.99  1.89  0.00 -3.34 1.000  00  -1O000M000  0.443
TYR01A0293_001  0.000 -5.74 -3.64  1.44  0.00 -7.95 1.000  00  01O000M000  0.687
TYR01A0293_002  0.000 -5.74 -3.64  1.44  0.00 -7.95 1.000  00  01O000M000  0.687
TYR-1A0293_003 -1.000 -5.74 -3.64  1.44  0.00 -7.95 1.000  00  -1O000M000  0.687
CYS01A0294_001  0.000 -0.00 -3.93  0.40  0.00 -3.54 1.000  00  01O000M000  0.000
CYS01A0294_002  0.000 -0.00 -3.95  0.40  0.00 -3.55 1.000  00  01O000M000  0.000
CYS01A0294_003  0.000 -0.00 -3.94  0.40  0.00 -3.54 1.000  00  01O000M000  0.000
CYS-1A0294_004 -1.000  0.00 -3.83  0.40  0.00 -3.43 1.000  00  -1O000M000  0.000
THR01A0295_001  0.000 -0.72  4.38  0.70  0.00  4.36 0.661  00  01O000M000  0.108
THR01A0295_002  0.000 -0.72  4.38  0.32  0.00  3.98 0.661  00  01O000M000  0.108
GLN01A0296_001  0.000 -1.99 -2.91  1.37  0.00 -3.52 0.754  00  01O000M000  0.593
GLN01A0296_002  0.000 -2.20 -2.94  1.34  0.00 -3.80 0.746  00  01R001M000  0.620
ASP01A0297_001  0.000 -1.36 -2.16  2.82  0.00 -0.70 1.000  00  01O000M000  0.325
ASP01A0297_002  0.000 -1.36 -2.16  0.10  0.00 -3.42 1.000  00  01O000M000  0.325
ASP02A0297_003  0.000 -1.29 -2.89  2.82  0.00 -1.36 1.000  00  02O000M000  0.339
ASP02A0297_004  0.000 -1.29 -2.89  0.10  0.00 -4.08 1.000  00  02O000M000  0.339
ASP-1A0297_005 -1.000 -1.33 -2.81  0.10  0.00 -4.04 1.000  00  -1O000M000  0.322
PRO01A0298_001  0.000 -5.51 -0.60  0.00  0.00 -6.11 1.000  00  01O000M000  0.593
ASP01A0299_001  0.000 -3.35 -0.10  3.22  0.00 -0.22 1.000  00  01O000M000  0.787
ASP01A0299_002  0.000 -3.35 -0.10  0.50  0.00 -2.94 1.000  00  01O000M000  0.787
ASP02A0299_003  0.000 -3.32 -0.50  3.22  0.00 -0.59 1.000  00  02O000M000  0.784
ASP02A0299_004  0.000 -3.32 -0.50  0.50  0.00 -3.31 1.000  00  02O000M000  0.784
ASP-1A0299_005 -1.000 -3.29 -0.47  0.50  0.00 -3.25 1.000  00  -1O000M000  0.788
VAL01A0300_001  0.000  0.57 -2.77  0.26  0.00 -1.94 1.000  00  01O000M000  0.000
ILE01A0301_001  0.000 -0.92 -5.69  0.51  0.00 -6.10 1.000  00  01O000M000  0.193
ASN01A0302_001  0.000 -3.00 -0.25  0.52  0.00 -2.73 0.752  00  01O000M000  0.654
ASN01A0302_002  0.000 -2.94 -1.10  0.53  0.00 -3.51 0.748  00  01R001M000  0.674
THR01A0303_001  0.000 -1.70 -1.94  0.45  0.00 -3.18 0.663  00  01O000M000  0.215
ALA01A0304_001  0.000 -4.01 -0.76  0.00  0.00 -4.77 1.000  00  01O000M000  0.703
LEU01A0305_001  0.000  1.39 -3.57  0.95  0.00 -1.23 1.000  00  01O000M000  0.013
PRO01A0306_001  0.000 -0.34 -3.13  0.00  0.00 -3.47 1.000  00  01O000M000  0.060
ILE01A0307_001  0.000 -3.75 -4.66  0.53  0.00 -7.88 1.000  00  01O000M000  0.381
GLU01A0308_001  0.000 -0.86 -1.34  5.78  0.00  3.59 1.000  00  01O000M000  0.294
GLU01A0308_002  0.000 -0.86 -1.34  3.06  0.00  0.87 1.000  00  01O000M000  0.294
GLU02A0308_003  0.000 -0.87 -1.35  5.78  0.00  3.56 1.000  00  02O000M000  0.298
GLU02A0308_004  0.000 -0.87 -1.35  3.06  0.00  0.84 1.000  00  02O000M000  0.298
GLU-1A0308_005 -1.000 -0.95 -1.31  3.06  0.00  0.80 1.000  00  -1O000M000  0.294
TYR01A0309_001  0.000 -7.79 -0.99  0.48  0.00 -8.30 1.000  00  01O000M000  0.802
TYR01A0309_002  0.000 -7.79 -0.99  0.48  0.00 -8.30 1.000  00  01O000M000  0.802
TYR-1A0309_003 -1.000 -7.79 -0.99  0.48  0.00 -8.30 1.000  00  -1O000M000  0.802
CTR01A0309_001  0.000 -3.11 -0.18  2.72  0.00 -0.57 1.000  00  01O000M000  0.293
CTR01A0309_002  0.000 -3.10 -0.58  0.00  0.00 -3.68 1.000  00  01O000M000  0.303
CTR02A0309_003  0.000 -3.03 -0.53  2.72  0.00 -0.85 1.000  00  02O000M000  0.293
CTR02A0309_004  0.000 -3.18 -0.57  0.00  0.00 -3.75 1.000  00  02O000M000  0.306
CTR-1A0309_005 -1.000 -3.01 -0.52  0.00  0.00 -3.53 1.000  00  -1O000M000  0.291
4MK11B0003_001  0.999684.22150.59  0.00  0.00834.81 0.000  00  11O000M000  0.226
4MK01B0003_002  0.000680.91150.61  0.00  0.00831.52 0.000  00  01O000M000  0.225
4MK21B0003_003  2.000684.38151.54  0.00  0.00835.93 0.000  00  21O000M000  0.225
4MK21B0003_004  2.000685.09150.92  0.00  0.00836.01 0.000  00  21O000M000  0.226
4MKDMB0003_005  0.000  0.00  0.00  0.00  0.00  0.00 0.000  00  DMO000M000   -nan
