 ph         7.4   7.4   7.4   7.4   7.4
NTR A0001  0.93  0.93  0.93  0.93  0.93
ASP A0001 -1.00 -1.00 -1.00 -1.00 -1.00
GLU A0003 -1.00 -1.00 -1.00 -1.00 -1.00
ASP A0006 -1.00 -1.00 -1.00 -1.00 -1.00
ARG A0014  1.00  1.00  1.00  1.00  1.00
TYR A0024 -0.00 -0.00 -0.00 -0.00 -0.00
LYS A0025  1.00  1.00  1.00  1.00  1.00
LYS A0027  1.00  1.00  1.00  1.00  1.00
HIS A0029  0.21  0.21  0.21  0.21  0.21
ASP A0031 -1.00 -1.00 -1.00 -1.00 -1.00
LYS A0035  1.00  1.00  1.00  1.00  1.00
LYS A0046  0.94  0.94  0.94  0.95  0.94
GLU A0048 -1.00 -1.00 -1.00 -1.00 -1.00
ARG A0053  1.00  1.00  1.00  1.00  1.00
LYS A0054  0.99  0.99  0.99  0.99  0.99
ARG A0056  1.00  1.00  1.00  1.00  1.00
HIS A0057  0.00  0.00  0.00  0.00  0.00
TYR A0066 -0.00 -0.00 -0.00 -0.00 -0.00
LYS A0069  1.00  1.00  1.00  1.00  1.00
CYS A0079  0.00  0.00  0.00  0.00  0.00
GLU A0080 -0.99 -1.00 -1.00 -1.00 -1.00
TYR A0085 -0.01 -0.01 -0.01 -0.01 -0.01
HIS A0086  0.02  0.02  0.02  0.02  0.02
HIS A0087  0.00  0.00  0.00  0.00  0.00
HIS A0089  0.78  0.78  0.78  0.78  0.77
GLU A0092 -1.00 -1.00 -1.00 -1.00 -1.00
LYS A0094  1.00  1.00  1.00  1.00  1.00
GLU A0096 -1.00 -1.00 -1.00 -1.00 -1.00
LYS A0099  1.00  1.00  1.00  1.00  1.00
ASP A0102 -1.00 -1.00 -1.00 -1.00 -1.00
ARG A0105  1.00  1.00  1.00  1.00  1.00
ASP A0112 -0.99 -0.99 -1.00 -1.00 -1.00
TYR A0113 -0.00 -0.00 -0.00 -0.00 -0.00
HIS A0115  0.03  0.03  0.03  0.03  0.03
LYS A0117  1.00  1.00  1.00  1.00  1.00
HIS A0121  0.00  0.00  0.00  0.00  0.00
ARG A0122  1.00  1.00  1.00  1.00  1.00
ASP A0123 -0.98 -0.97 -0.98 -0.98 -0.98
LYS A0125  1.00  1.00  1.00  1.00  1.00
HIS A0132  0.00  0.00  0.00  0.00  0.00
GLU A0133 -0.99 -1.00 -1.00 -1.00 -0.99
ASP A0134 -0.99 -0.99 -0.99 -0.99 -0.99
LYS A0138  0.99  0.99  0.99  0.99  0.99
ASP A0141 -1.00 -1.00 -1.00 -1.00 -1.00
LYS A0148  1.00  1.00  1.00  1.00  1.00
ARG A0150  1.00  1.00  1.00  1.00  1.00
CTR A0150 -1.00 -1.00 -1.00 -1.00 -1.00
NTG A0151  0.56  0.56  0.56  0.56  0.56
GLU A0159 -1.00 -1.00 -1.00 -1.00 -1.00
ARG A0162  1.00  1.00  1.00  1.00  1.00
ASP A0165 -1.00 -1.00 -1.00 -1.00 -1.00
LYS A0166  1.00  1.00  1.00  1.00  1.00
TYR A0169 -0.00 -0.00 -0.00 -0.00 -0.00
ASP A0174 -1.00 -1.00 -1.00 -1.00 -1.00
TYR A0176  0.00  0.00  0.00  0.00  0.00
TYR A0183  0.00  0.00  0.00  0.00  0.00
GLU A0184 -0.98 -0.98 -0.98 -0.98 -0.99
TYR A0192  0.00  0.00  0.00  0.00  0.00
ARG A0198  1.00  1.00  1.00  1.00  1.00
ASP A0199 -1.00 -1.00 -1.00 -1.00 -1.00
ARG A0207  1.00  1.00  1.00  1.00  1.00
TYR A0209 -0.01 -0.01 -0.01 -0.01 -0.01
ASP A0213 -1.00 -1.00 -1.00 -1.00 -1.00
LYS A0216  1.00  1.00  1.00  1.00  1.00
ARG A0218  1.00  1.00  1.00  1.00  1.00
CYS A0221  0.00 -0.00 -0.00 -0.00  0.00
LYS A0223  1.00  1.00  0.99  1.00  1.00
LYS A0226  1.00  1.00  1.00  1.00  1.00
ARG A0227  1.00  1.00  1.00  1.00  1.00
GLU A0231 -1.00 -1.00 -1.00 -1.00 -1.00
CYS A0232  0.00  0.00  0.00  0.00  0.00
LYS A0234  1.00  1.00  1.00  1.00  1.00
LYS A0235  1.00  1.00  1.00  1.00  1.00
LYS A0236  1.00  1.00  1.00  1.00  1.00
ARG A0237  1.00  1.00  1.00  1.00  1.00
ASP A0238 -1.00 -1.00 -1.00 -1.00 -1.00
GLU A0239 -1.00 -1.00 -1.00 -1.00 -1.00
ARG A0240  1.00  1.00  1.00  1.00  1.00
GLU A0251 -1.00 -1.00 -1.00 -1.00 -1.00
ARG A0255  1.00  1.00  1.00  1.00  1.00
CTR A0258 -1.00 -1.00 -1.00 -1.00 -1.00

Tot Protn   9.5   9.5   9.5   9.5   9.5
Tot Elec    0.0   0.0   0.0   0.0   0.0
Net crg     8.4   8.4   8.4   8.4   8.4
