iConf CONFORMER     FL  occ    crg   Em0  pKa0 ne nH    vdw0    vdw1    tors    epol   dsolv   extra    history
00001 MET01A0001_001 f 0.00  0.000     0  0.00  0  0 -10.801   0.922   0.012   0.032   0.041   0.000 01O000M000t
00002 SER01A0003_001 f 0.00  0.000     0  0.00  0  0  -2.840  -1.662   0.621  -0.059   0.578   0.000 01O000M000t
00003 SER01A0003_002 f 0.00  0.000     0  0.00  0  0  -2.840  -1.662   0.246  -1.442   0.290   0.000 01O000M000t
00004 ALA01A0004_001 f 0.00  0.000     0  0.00  0  0  -4.942  -0.399   0.000   0.000   0.000   0.000 01O000M000t
00005 LEU01A0006_001 f 0.00  0.000     0  0.00  0  0   1.399  -6.383   0.415   0.000   0.000   0.000 01O000M000t
00006 VAL01A0007_001 f 0.00  0.000     0  0.00  0  0  -5.903   0.210   0.059   0.000   0.000   0.000 01O000M000t
00007 SER01A0008_001 f 0.00  0.000     0  0.00  0  0  -3.745  -1.919   0.504  -0.085   0.050   0.000 01O000M000t
00008 LEU01A0009_001 f 0.00  0.000     0  0.00  0  0  -1.595   1.515   1.525   0.000   0.000   0.000 01O000M000t
00009 ASP01A0010_001 f 0.00  0.000     0  0.00  0  0  -2.759  -0.493   3.248   0.509  -0.419   0.000 01O000M000t
00010 ASP01A0010_002 f 0.00  0.000     0  0.00  0  0  -2.759  -0.493   0.528   0.177   0.493   0.000 01O000M000t
00011 ASP02A0010_003 f 0.00  0.000     0  0.00  0  0  -2.591  -0.741   3.248   0.087  -0.547   0.000 02O000M000t
00012 ASP02A0010_004 f 0.00  0.000     0  0.00  0  0  -2.591  -0.741   0.528   0.133   0.353   0.000 02O000M000t
00013 ASP-1A0010_005 f 0.00 -1.000     0  4.75  0 -1  -2.723  -0.691   0.528   0.129   0.100   0.000 -1O000M000t
00014 LEU01A0011_001 f 0.00  0.000     0  0.00  0  0   1.374  -2.522   1.117   0.000   0.000   0.000 01O000M000t
00015 PRO01A0012_001 f 0.00  0.000     0  0.00  0  0  -6.021  -0.856   0.000   0.000   0.000   0.000 01O000M000t
00016 LEU01A0013_001 f 0.00  0.000     0  0.00  0  0  -4.264  -1.974   1.287   0.000   0.000   0.000 01O000M000t
00017 ASP01A0014_001 f 0.00  0.000     0  0.00  0  0  -0.872  -1.547   3.289   4.244   1.298   0.000 01O000M000t
00018 ASP01A0014_002 f 0.00  0.000     0  0.00  0  0  -0.872  -1.547   0.569  -0.198   1.187   0.000 01O000M000t
00019 ASP02A0014_003 f 0.00  0.000     0  0.00  0  0  -0.633  -2.006   3.289  -1.152   1.151   0.000 02O000M000t
00020 ASP02A0014_004 f 0.00  0.000     0  0.00  0  0  -0.633  -2.006   0.569  -1.378   1.619   0.000 02O000M000t
00021 ASP-1A0014_005 f 0.00 -1.000     0  4.75  0 -1  -0.759  -1.951   0.569  -4.514   4.722   0.000 -1O000M000t
00022 PRO01A0015_001 f 0.00  0.000     0  0.00  0  0  -5.745  -0.503   0.000   0.000   0.000   0.000 01O000M000t
00023 LEU01A0016_001 f 0.00  0.000     0  0.00  0  0  -6.664  -0.782   0.417   0.000   0.000   0.000 01O000M000t
00024 TRP01A0017_001 f 0.00  0.000     0  0.00  0  0  -0.162  -8.832   0.121   0.000   0.000   0.000 01O000M000t
00025 GLU01A0018_001 f 0.00  0.000     0  0.00  0  0   1.240  -6.581   3.375  -1.222   1.836   0.000 01O000M000t
00026 GLU01A0018_002 f 0.00  0.000     0  0.00  0  0   1.240  -6.581   0.655  -0.514   2.348   0.000 01O000M000t
00027 GLU02A0018_003 f 0.00  0.000     0  0.00  0  0   0.963  -6.170   3.375  -1.179   1.026   0.000 02O000M000t
00028 GLU02A0018_004 f 0.00  0.000     0  0.00  0  0   0.963 992.830   0.655   4.275   2.412   0.000 02O000M000t
00029 GLU-1A0018_005 f 0.00 -1.000     0  4.75  0 -1   0.897  -6.515   0.655  -5.673   8.245   0.000 -1O000M000t
00030 PHE01A0019_001 f 0.00  0.000     0  0.00  0  0   3.198  -9.668   0.005   0.000   0.000   0.000 01O000M000t
00031 PRO01A0020_001 f 0.00  0.000     0  0.00  0  0  -3.591  -1.095   0.000   0.000   0.000   0.000 01O000M000t
00032 ARG01A0021_001 f 0.00  0.000     0  0.00  0  0  -0.717  -7.836   1.135  -2.432   3.227   0.000 01O000M000t
00033 ARG02A0021_002 f 0.00  0.000     0  0.00  0  0  -0.755  -8.066   1.135   0.430   4.440   0.000 02O000M000t
00034 ARG02A0021_003 f 0.00  0.000     0  0.00  0  0  -0.669  -7.932   1.135  -1.977   4.354   0.000 02O000M000t
00035 ARG03A0021_004 f 0.00  0.000     0  0.00  0  0  -0.757  -7.796   1.135  -3.064   3.958   0.000 03O000M000t
00036 ARG+1A0021_005 f 0.00  1.000     0 12.50  0  1  -0.801  -7.973   1.135  -1.665   5.608   0.000 +1O000M000t
00037 ASP01A0022_001 f 0.00  0.000     0  0.00  0  0  -2.613   0.387   2.923   2.657   0.834   0.000 01O000M000t
00038 ASP01A0022_002 f 0.00  0.000     0  0.00  0  0  -2.613   0.387   0.203  -0.050   0.224   0.000 01O000M000t
00039 ASP02A0022_003 f 0.00  0.000     0  0.00  0  0  -2.644  -0.359   2.923  -0.609  -0.213   0.000 02O000M000t
00040 ASP02A0022_004 f 0.00  0.000     0  0.00  0  0  -2.644  -0.359   0.203  -0.597   1.309   0.000 02O000M000t
00041 ASP-1A0022_005 f 0.00 -1.000     0  4.75  0 -1  -2.599  -0.313   0.203  -2.267   1.584   0.000 -1O000M000t
00042 ARG01A0023_001 f 0.00  0.000     0  0.00  0  0  -3.509  -4.521   2.242  -0.800   1.026   0.000 01O000M000t
00043 ARG02A0023_002 f 0.00  0.000     0  0.00  0  0  -3.427  -4.393   2.242   0.570   1.666   0.000 02O000M000t
00044 ARG03A0023_003 f 0.00  0.000     0  0.00  0  0  -3.526  -4.522   2.242  -0.840   1.956   0.000 03O000M000t
00045 ARG+1A0023_004 f 0.00  1.000     0 12.50  0  1  -3.570  -4.528   2.242  -1.723   1.988   0.000 +1O000M000t
00046 LEU01A0024_001 f 0.00  0.000     0  0.00  0  0   1.891  -5.097   0.840   0.000   0.000   0.000 01O000M000t
00047 VAL01A0025_001 f 0.00  0.000     0  0.00  0  0  -5.028  -0.474   0.012   0.000   0.000   0.000 01O000M000t
00048 LEU01A0026_001 f 0.00  0.000     0  0.00  0  0  -1.235  -2.462   0.453   0.000   0.000   0.000 01O000M000t
00049 LYS01A0028_001 f 0.00  0.000     0  0.00  0  0  -8.133  -1.276   1.650  -0.018   0.099   0.000 01O000M000t
00050 LYS+1A0028_002 f 0.00  1.000     0 10.40  0  1  -8.178  -1.277   1.650   0.030  -0.117   0.000 +1O000M000t
00051 PRO01A0029_001 f 0.00  0.000     0  0.00  0  0  -4.840  -1.076   0.000   0.000   0.000   0.000 01O000M000t
00052 LEU01A0030_001 f 0.00  0.000     0  0.00  0  0   0.463  -5.957   0.509   0.000   0.000   0.000 01O000M000t
00053 GLU01A0032_001 f 0.00  0.000     0  0.00  0  0  -1.266  -2.353   4.415   0.593   0.854   0.000 01O000M000t
00054 GLU01A0032_002 f 0.00  0.000     0  0.00  0  0  -1.266  -2.353   1.695   0.228   0.778   0.000 01O000M000t
00055 GLU02A0032_003 f 0.00  0.000     0  0.00  0  0  -0.975  -2.364   4.415   0.435   0.535   0.000 02O000M000t
00056 GLU02A0032_004 f 0.00  0.000     0  0.00  0  0  -0.975  -2.364   1.695   0.202   0.818   0.000 02O000M000t
00057 GLU-1A0032_005 f 0.00 -1.000     0  4.75  0 -1  -1.179  -2.323   1.695  -0.814   1.442   0.000 -1O000M000t
00058 CYS01A0034_001 f 0.00  0.000     0  0.00  0  0  -3.768  -1.079   0.750  -0.205  -0.023   0.000 01O000M000t
00059 CYS01A0034_002 f 0.00  0.000     0  0.00  0  0  -3.768  -1.079   0.750  -0.053  -0.038   0.000 01O000M000t
00060 CYS01A0034_003 f 0.00  0.000     0  0.00  0  0  -3.769  -1.059   0.750  -0.126   0.028   0.000 01O000M000t
00061 CYS-1A0034_004 f 0.00 -1.000     0  9.10  0 -1  -3.766  -1.040   0.750  -1.042   0.177   0.000 -1O000M000t
00062 PHE01A0035_001 f 0.00  0.000     0  0.00  0  0   1.855 219.552   0.113   0.000   0.000   0.000 01O000M000t
00063 GLN01A0037_001 f 0.00  0.000     0  0.00  0  0  -0.371  -3.815   0.678  -0.110   1.098   0.000 01O000M000t
00064 GLN01A0037_002 f 0.00  0.000     0  0.00  0  0  -0.203  -3.842   0.677   0.249   0.746   0.000 01R001M000t
00065 VAL01A0038_001 f 0.00  0.000     0  0.00  0  0   0.324  -3.170   0.001   0.000   0.000   0.000 01O000M000t
00066 VAL01A0039_001 f 0.00  0.000     0  0.00  0  0   0.285  -2.586   0.062   0.000   0.000   0.000 01O000M000t
00067 ARG01A0040_001 f 0.00  0.000     0  0.00  0  0  -4.390  -4.552   0.646  -0.004   0.682   0.000 01O000M000t
00068 ARG02A0040_002 f 0.00  0.000     0  0.00  0  0  -4.462  -4.576   0.646   0.161   1.700   0.000 02O000M000t
00069 ARG03A0040_003 f 0.00  0.000     0  0.00  0  0  -4.461  -4.569   0.646   0.036   1.484   0.000 03O000M000t
00070 ARG+1A0040_004 f 0.00  1.000     0 12.50  0  1  -4.505  -4.579   0.646   0.450   1.584   0.000 +1O000M000t
00071 ALA01A0041_001 f 0.00  0.000     0  0.00  0  0   0.000  -2.262   0.000   0.000   0.000   0.000 01O000M000t
00072 GLU01A0042_001 f 0.00  0.000     0  0.00  0  0  -1.001  -3.523   3.474   0.128   0.516   0.000 01O000M000t
00073 GLU01A0042_002 f 0.00  0.000     0  0.00  0  0  -1.001  -3.523   0.754   0.047   0.915   0.000 01O000M000t
00074 GLU02A0042_003 f 0.00  0.000     0  0.00  0  0  -1.278  -3.528   3.474   0.272   0.234   0.000 02O000M000t
00075 GLU02A0042_004 f 0.00  0.000     0  0.00  0  0  -1.278  -3.528   0.754   0.069   0.587   0.000 02O000M000t
00076 GLU-1A0042_005 f 0.00 -1.000     0  4.75  0 -1  -1.285  -3.485   0.754  -0.269   1.174   0.000 -1O000M000t
00077 ALA01A0043_001 f 0.00  0.000     0  0.00  0  0   0.000  -1.736   0.000   0.000   0.000   0.000 01O000M000t
00078 PHE01A0044_001 f 0.00  0.000     0  0.00  0  0   0.337  -6.516   0.020   0.000   0.000   0.000 01O000M000t
00079 MET01A0046_001 f 0.00  0.000     0  0.00  0  0  -0.208  -4.209   1.294   0.078   0.076   0.000 01O000M000t
00080 ASP01A0047_001 f 0.00  0.000     0  0.00  0  0  -2.186  -1.762   2.922   1.518   0.609   0.000 01O000M000t
00081 ASP01A0047_002 f 0.00  0.000     0  0.00  0  0  -2.186  -1.762   0.202   0.160   0.454   0.000 01O000M000t
00082 ASP02A0047_003 f 0.00  0.000     0  0.00  0  0  -1.969  -2.099   2.922  -0.111   0.473   0.000 02O000M000t
00083 ASP02A0047_004 f 0.00  0.000     0  0.00  0  0  -1.969  -2.099   0.202  -0.191   1.151   0.000 02O000M000t
00084 ASP-1A0047_005 f 0.00 -1.000     0  4.75  0 -1  -2.076  -2.023   0.202  -2.544   2.786   0.000 -1O000M000t
00085 PRO01A0048_001 f 0.00  0.000     0  0.00  0  0  -6.547  -1.736   0.000   0.000   0.000   0.000 01O000M000t
00086 ALA01A0049_001 f 0.00  0.000     0  0.00  0  0  -3.638  -0.478   0.000   0.000   0.000   0.000 01O000M000t
00087 ARG01A0050_001 f 0.00  0.000     0  0.00  0  0  -7.460  -1.284   0.488   0.079  -0.238   0.000 01O000M000t
00088 ARG02A0050_002 f 0.00  0.000     0  0.00  0  0  -7.476  -1.286   0.488   0.079   1.074   0.000 02O000M000t
00089 ARG03A0050_003 f 0.00  0.000     0  0.00  0  0  -7.480  -1.287   0.488   0.081   0.723   0.000 03O000M000t
00090 ARG+1A0050_004 f 0.00  1.000     0 12.50  0  1  -7.523  -1.288   0.488   0.269  -0.075   0.000 +1O000M000t
00091 PRO01A0051_001 f 0.00  0.000     0  0.00  0  0  -4.611  -2.098   0.000   0.000   0.000   0.000 01O000M000t
00092 ASP01A0052_001 f 0.00  0.000     0  0.00  0  0  -3.419  -0.310   3.028   0.439   0.062   0.000 01O000M000t
00093 ASP01A0052_002 f 0.00  0.000     0  0.00  0  0  -3.419  -0.310   0.308   0.259   0.409   0.000 01O000M000t
00094 ASP02A0052_003 f 0.00  0.000     0  0.00  0  0  -3.377  -0.600   3.028   0.378  -0.472   0.000 02O000M000t
00095 ASP02A0052_004 f 0.00  0.000     0  0.00  0  0  -3.377  -0.600   0.308   0.266   0.776   0.000 02O000M000t
00096 ASP-1A0052_005 f 0.00 -1.000     0  4.75  0 -1  -3.408  -0.564   0.308  -0.408   0.596   0.000 -1O000M000t
00097 GLN01A0053_001 f 0.00  0.000     0  0.00  0  0  -1.326  -3.263   1.142   0.090   0.584   0.000 01O000M000t
00098 GLN01A0053_002 f 0.00  0.000     0  0.00  0  0  -1.726  -3.164   1.141   0.028   0.209   0.000 01R001M000t
00099 ALA01A0054_001 f 0.00  0.000     0  0.00  0  0  -2.077  -0.764   0.000   0.000   0.000   0.000 01O000M000t
00100 SER01A0055_001 f 0.00  0.000     0  0.00  0  0  -1.625  -2.135   0.397   0.097   0.881   0.000 01O000M000t
00101 THR01A0056_001 f 0.00  0.000     0  0.00  0  0  -4.112  -1.452   0.399  -0.198  -0.169   0.000 01O000M000t
00102 VAL01A0057_001 f 0.00  0.000     0  0.00  0  0   0.584  -3.193   0.009   0.000   0.000   0.000 01O000M000t
00103 ALA01A0058_001 f 0.00  0.000     0  0.00  0  0   0.000  -2.103   0.000   0.000   0.000   0.000 01O000M000t
00104 VAL01A0059_001 f 0.00  0.000     0  0.00  0  0   0.654  -2.985   0.008   0.000   0.000   0.000 01O000M000t
00105 LYS01A0060_001 f 0.00  0.000     0  0.00  0  0  -0.550  -4.565   0.943  -0.049   0.568   0.000 01O000M000t
00106 LYS+1A0060_002 f 0.00  1.000     0 10.40  0  1  -0.595  -4.581   0.943   0.194   3.157   0.000 +1O000M000t
00107 MET01A0061_001 f 0.00  0.000     0  0.00  0  0  -1.716  -4.271   0.858   0.045   0.078   0.000 01O000M000t
00108 LEU01A0062_001 f 0.00  0.000     0  0.00  0  0   1.270  -0.028   0.412   0.000   0.000   0.000 01O000M000t
00109 LYS01A0063_001 f 0.00  0.000     0  0.00  0  0   0.812  -6.895   0.808  -0.324   1.027   0.000 01O000M000t
00110 LYS+1A0063_002 f 0.00  1.000     0 10.40  0  1   0.748  -6.937   0.808   2.348   6.721   0.000 +1O000M000t
00111 ASP01A0064_001 f 0.00  0.000     0  0.00  0  0  -3.314   0.975   3.315   1.149  -0.005   0.000 01O000M000t
00112 ASP01A0064_002 f 0.00  0.000     0  0.00  0  0  -3.314   0.975   0.595   0.209   0.484   0.000 01O000M000t
00113 ASP02A0064_003 f 0.00  0.000     0  0.00  0  0  -3.450   0.385   3.315   0.173  -0.464   0.000 02O000M000t
00114 ASP02A0064_004 f 0.00  0.000     0  0.00  0  0  -3.450   0.385   0.595   0.089   0.781   0.000 02O000M000t
00115 ASP-1A0064_005 f 0.00 -1.000     0  4.75  0 -1  -3.313   0.414   0.595  -0.706   0.157   0.000 -1O000M000t
00116 ASN01A0065_001 f 0.00  0.000     0  0.00  0  0  -2.298   0.187   0.473  -1.319   1.419   0.000 01O000M000t
00117 ALA01A0066_001 f 0.00  0.000     0  0.00  0  0  -0.206  -2.184   0.000   0.000   0.000   0.000 01O000M000t
00118 SER01A0067_001 f 0.00  0.000     0  0.00  0  0  -3.271  -1.415   0.394  -0.304   1.032   0.000 01O000M000t
00119 SER01A0067_002 f 0.00  0.000     0  0.00  0  0  -3.271  -1.415   0.019  -1.876   0.333   0.000 01O000M000t
00120 ASP01A0068_001 f 0.00  0.000     0  0.00  0  0  -2.019  -1.287   2.964   0.861  -0.708   0.000 01O000M000t
00121 ASP01A0068_002 f 0.00  0.000     0  0.00  0  0  -2.019  -1.287   0.244   0.279   0.315   0.000 01O000M000t
00122 ASP02A0068_003 f 0.00  0.000     0  0.00  0  0  -2.031  -1.734   2.964   0.052  -0.283   0.000 02O000M000t
00123 ASP02A0068_004 f 0.00  0.000     0  0.00  0  0  -2.031  -1.734   0.244   0.039   0.780   0.000 02O000M000t
00124 ASP-1A0068_005 f 0.00 -1.000     0  4.75  0 -1  -2.015  -1.680   0.244  -1.253   0.875   0.000 -1O000M000t
00125 LYS01A0069_001 f 0.00  0.000     0  0.00  0  0  -8.980  -1.285   0.892  -0.018  -0.034   0.000 01O000M000t
00126 LYS+1A0069_002 f 0.00  1.000     0 10.40  0  1  -9.025  -1.286   0.892   0.235  -0.389   0.000 +1O000M000t
00127 ASP01A0070_001 f 0.00  0.000     0  0.00  0  0  -1.317  -3.559   3.156  -0.122   0.094   0.000 01O000M000t
00128 ASP01A0070_002 f 0.00  0.000     0  0.00  0  0  -1.317  -3.559   0.436  -0.414   0.813   0.000 01O000M000t
00129 ASP02A0070_003 f 0.00  0.000     0  0.00  0  0  -1.131  -3.545   3.156   3.006   1.280   0.000 02O000M000t
00130 ASP02A0070_004 f 0.00  0.000     0  0.00  0  0  -1.131  -3.545   0.436  -0.011   0.869   0.000 02O000M000t
00131 ASP-1A0070_005 f 0.00 -1.000     0  4.75  0 -1  -1.279  -3.710   0.436  -2.894   2.191   0.000 -1O000M000t
00132 LEU01A0071_001 f 0.00  0.000     0  0.00  0  0   1.913  -2.624   0.694   0.000   0.000   0.000 01O000M000t
00133 ALA01A0072_001 f 0.00  0.000     0  0.00  0  0  -2.453  -1.364   0.000   0.000   0.000   0.000 01O000M000t
00134 ASP01A0073_001 f 0.00  0.000     0  0.00  0  0  -2.427  -1.939   2.819   0.558   0.255   0.000 01O000M000t
00135 ASP01A0073_002 f 0.00  0.000     0  0.00  0  0  -2.427  -1.939   0.099   0.198   0.751   0.000 01O000M000t
00136 ASP02A0073_003 f 0.00  0.000     0  0.00  0  0  -2.354  -2.487   2.819   0.304  -0.297   0.000 02O000M000t
00137 ASP02A0073_004 f 0.00  0.000     0  0.00  0  0  -2.354  -2.487   0.099   0.206   1.263   0.000 02O000M000t
00138 ASP-1A0073_005 f 0.00 -1.000     0  4.75  0 -1  -2.384  -2.410   0.099  -0.120   1.748   0.000 -1O000M000t
00139 LEU01A0074_001 f 0.00  0.000     0  0.00  0  0   1.270  -5.332   0.450   0.000   0.000   0.000 01O000M000t
00140 VAL01A0075_001 f 0.00  0.000     0  0.00  0  0  -0.800   1.196   0.043   0.000   0.000   0.000 01O000M000t
00141 SER01A0076_001 f 0.00  0.000     0  0.00  0  0  -3.436  -1.919   0.398  -0.068   0.244   0.000 01O000M000t
00142 GLU01A0077_001 f 0.00  0.000     0  0.00  0  0   1.019  -3.275   4.034   0.197   1.309   0.000 01O000M000t
00143 GLU01A0077_002 f 0.00  0.000     0  0.00  0  0   1.019  -3.275   1.314   0.100   1.820   0.000 01O000M000t
00144 GLU02A0077_003 f 0.00  0.000     0  0.00  0  0   0.752  -3.259   4.034   0.066   1.874   0.000 02O000M000t
00145 GLU02A0077_004 f 0.00  0.000     0  0.00  0  0   0.752  -3.259   1.314   0.027   1.702   0.000 02O000M000t
00146 GLU-1A0077_005 f 0.00 -1.000     0  4.75  0 -1   0.680  -3.206   1.314  -0.106   5.692   0.000 -1O000M000t
00147 MET01A0078_001 f 0.00  0.000     0  0.00  0  0   1.340  -2.930   1.765   0.041   0.084   0.000 01O000M000t
00148 GLU01A0079_001 f 0.00  0.000     0  0.00  0  0  -0.371  -2.958   3.222   0.094  -0.013   0.000 01O000M000t
00149 GLU01A0079_002 f 0.00  0.000     0  0.00  0  0  -0.371  -2.958   0.502   0.051   1.184   0.000 01O000M000t
00150 GLU02A0079_003 f 0.00  0.000     0  0.00  0  0  -0.534  -2.990   3.222   0.108   0.417   0.000 02O000M000t
00151 GLU02A0079_004 f 0.00  0.000     0  0.00  0  0  -0.534  -2.990   0.502   0.131   0.663   0.000 02O000M000t
00152 GLU-1A0079_005 f 0.00 -1.000     0  4.75  0 -1  -0.621  -2.935   0.502  -0.407   2.825   0.000 -1O000M000t
00153 VAL01A0080_001 f 0.00  0.000     0  0.00  0  0  -1.857   0.802   0.285   0.000   0.000   0.000 01O000M000t
00154 MET01A0081_001 f 0.00  0.000     0  0.00  0  0   0.008  -4.779   0.770   0.023   0.094   0.000 01O000M000t
00155 LYS01A0082_001 f 0.00  0.000     0  0.00  0  0   0.076  -3.891   1.093  -0.023   0.886   0.000 01O000M000t
00156 LYS+1A0082_002 f 0.00  1.000     0 10.40  0  1   0.030  -3.905   1.093   0.932   5.244   0.000 +1O000M000t
00157 LEU01A0083_001 f 0.00  0.000     0  0.00  0  0  -6.383  -2.700   0.450   0.000   0.000   0.000 01O000M000t
00158 ILE01A0084_001 f 0.00  0.000     0  0.00  0  0   2.412  -1.657   0.977   0.000   0.000   0.000 01O000M000t
00159 ARG01A0086_001 f 0.00  0.000     0  0.00  0  0  -9.323  -1.619   2.616   0.129  -0.006   0.000 01O000M000t
00160 ARG02A0086_002 f 0.00  0.000     0  0.00  0  0  -9.353  -1.622   2.616   0.017   1.300   0.000 02O000M000t
00161 ARG03A0086_003 f 0.00  0.000     0  0.00  0  0  -9.354  -1.622   2.616   0.070   1.160   0.000 03O000M000t
00162 ARG+1A0086_004 f 0.00  1.000     0 12.50  0  1  -9.396  -1.624   2.616  -0.047   0.075   0.000 +1O000M000t
00163 HIS01A0087_001 f 0.00  0.000     0  0.00  0  0  -2.122  -6.786   0.137  -1.769   2.531   0.000 01O000M000t
00164 HIS01A0087_002 f 0.00  0.000     0  0.00  0  0  -1.796  -6.253   0.137   0.744   2.154   0.000 01R001M000t
00165 HIS02A0087_003 f 0.00  0.000     0  0.00  0  0  -2.143  -6.956   0.137   1.447   2.153   0.000 02O000M000t
00166 HIS02A0087_004 f 0.00  0.000     0  0.00  0  0  -1.806  -6.194   0.137   0.285   1.969   0.000 02R001M000t
00167 HIS+1A0087_005 f 0.00  1.000     0  6.98  0  1  -2.169  -6.973   0.137   3.730   4.660   0.000 +1O000M000t
00168 HIS+1A0087_006 f 0.00  1.000     0  6.98  0  1  -1.833  -6.281   0.137   2.976   4.564   0.000 +1R001M000t
00169 LYS01A0088_001 f 0.00  0.000     0  0.00  0  0  -7.144  -1.488   1.024   0.032   0.137   0.000 01O000M000t
00170 LYS+1A0088_002 f 0.00  1.000     0 10.40  0  1  -7.188  -1.492   1.024   0.070   0.495   0.000 +1O000M000t
00171 ASN01A0089_001 f 0.00  0.000     0  0.00  0  0   0.061  -4.917   0.848  -1.561   1.595   0.000 01O000M000t
00172 ASN01A0089_002 f 0.00  0.000     0  0.00  0  0   0.151  -5.367   0.827   1.005   2.446   0.000 01R001M000t
00173 ILE01A0090_001 f 0.00  0.000     0  0.00  0  0   1.567   1.853   0.461   0.000   0.000   0.000 01O000M000t
00174 ILE01A0091_001 f 0.00  0.000     0  0.00  0  0   0.940   0.211   0.886   0.000   0.000   0.000 01O000M000t
00175 ASN01A0092_001 f 0.00  0.000     0  0.00  0  0  -0.230   1.105   0.649  -1.346   1.637   0.000 01O000M000t
00176 ASN01A0092_002 f 0.00  0.000     0  0.00  0  0  -0.196  -1.443   0.650   1.739   1.607   0.000 01R001M000t
00177 LEU01A0093_001 f 0.00  0.000     0  0.00  0  0   1.580  -5.360   0.610   0.000   0.000   0.000 01O000M000t
00178 LEU01A0094_001 f 0.00  0.000     0  0.00  0  0  -0.398  -5.932   0.434   0.000   0.000   0.000 01O000M000t
00179 VAL01A0096_001 f 0.00  0.000     0  0.00  0  0   0.582  -1.876   0.003   0.000   0.000   0.000 01O000M000t
00180 CYS01A0097_001 f 0.00  0.000     0  0.00  0  0  -0.002  -3.473   0.168  -0.868   0.961   0.000 01O000M000t
00181 CYS01A0097_002 f 0.00  0.000     0  0.00  0  0  -0.002  -3.401   0.168   0.204   0.953   0.000 01O000M000t
00182 CYS01A0097_003 f 0.00  0.000     0  0.00  0  0  -0.002  -3.357   0.168  -0.129   0.945   0.000 01O000M000t
00183 CYS-1A0097_004 f 0.00 -1.000     0  9.10  0 -1   0.000  -3.309   0.168  -0.495  11.372   0.000 -1O000M000t
00184 THR01A0098_001 f 0.00  0.000     0  0.00  0  0   0.097  -1.878   0.375   0.538   1.793   0.000 01O000M000t
00185 THR01A0098_002 f 0.00  0.000     0  0.00  0  0   0.097  -1.878   0.375   0.245   1.740   0.000 01O000M000t
00186 THR01A0098_003 f 0.00  0.000     0  0.00  0  0   0.097  -1.878   0.000  -1.408   1.289   0.000 01O000M000t
00187 GLN01A0099_001 f 0.00  0.000     0  0.00  0  0  -1.058  -2.955   1.278  -0.007   1.498   0.000 01O000M000t
00188 GLN01A0099_002 f 0.00  0.000     0  0.00  0  0  -1.117  -3.437   1.280   0.221   1.112   0.000 01R001M000t
00189 GLU01A0100_001 f 0.00  0.000     0  0.00  0  0  -2.603   0.433   3.569  -0.010  -0.515   0.000 01O000M000t
00190 GLU01A0100_002 f 0.00  0.000     0  0.00  0  0  -2.603   0.433   0.849   0.006   0.656   0.000 01O000M000t
00191 GLU02A0100_003 f 0.00  0.000     0  0.00  0  0  -2.627   0.435   3.569   0.284  -0.542   0.000 02O000M000t
00192 GLU02A0100_004 f 0.00  0.000     0  0.00  0  0  -2.627   0.435   0.849   0.090   0.503   0.000 02O000M000t
00193 GLU-1A0100_005 f 0.00 -1.000     0  4.75  0 -1  -2.663   0.457   0.849  -0.561  -0.126   0.000 -1O000M000t
00194 PRO01A0102_001 f 0.00  0.000     0  0.00  0  0  -2.168  -2.657   0.000   0.000   0.000   0.000 01O000M000t
00195 LEU01A0103_001 f 0.00  0.000     0  0.00  0  0   1.555  -4.835   0.425   0.000   0.000   0.000 01O000M000t
00196 TYR01A0104_001 f 0.00  0.000     0  0.00  0  0   2.429  -5.460   0.025   0.524   1.171   0.000 01O000M000t
00197 TYR-1A0104_002 f 0.00 -1.000     0 10.20  0 -1   2.429  -5.460   0.025   1.067   4.919   0.000 -1O000M000t
00198 VAL01A0105_001 f 0.00  0.000     0  0.00  0  0   0.595  -1.812   0.007   0.000   0.000   0.000 01O000M000t
00199 ILE01A0106_001 f 0.00  0.000     0  0.00  0  0   3.996  -5.413   0.767   0.000   0.000   0.000 01O000M000t
00200 VAL01A0107_001 f 0.00  0.000     0  0.00  0  0   0.633  -0.677   0.007   0.000   0.000   0.000 01O000M000t
00201 GLU01A0108_001 f 0.00  0.000     0  0.00  0  0   0.281  -4.318   3.372  -0.442   1.094   0.000 01O000M000t
00202 GLU01A0108_002 f 0.00  0.000     0  0.00  0  0   0.281  -4.318   0.652  -0.525   1.987   0.000 01O000M000t
00203 GLU02A0108_003 f 0.00  0.000     0  0.00  0  0   0.172  -4.167   3.372   2.483   1.669   0.000 02O000M000t
00204 GLU02A0108_004 f 0.00  0.000     0  0.00  0  0   0.172  -4.167   0.652  -0.483   1.723   0.000 02O000M000t
00205 GLU-1A0108_005 f 0.00 -1.000     0  4.75  0 -1   0.083  -4.262   0.652  -2.001   5.946   0.000 -1O000M000t
00206 CYS01A0109_001 f 0.00  0.000     0  0.00  0  0  -0.121  -3.763   0.053  -0.305   0.569   0.000 01O000M000t
00207 CYS01A0109_002 f 0.00  0.000     0  0.00  0  0  -0.121  -3.688   0.053  -0.169   0.780   0.000 01O000M000t
00208 CYS01A0109_003 f 0.00  0.000     0  0.00  0  0  -0.122  -3.669   0.053  -0.542   0.580   0.000 01O000M000t
00209 CYS-1A0109_004 f 0.00 -1.000     0  9.10  0 -1  -0.119  -3.640   0.053  -3.059   6.133   0.000 -1O000M000t
00210 ALA01A0110_001 f 0.00  0.000     0  0.00  0  0   0.000   0.450   0.000   0.000   0.000   0.000 01O000M000t
00211 ALA01A0111_001 f 0.00  0.000     0  0.00  0  0  -2.077  -1.087   0.000   0.000   0.000   0.000 01O000M000t
00212 LYS01A0112_001 f 0.00  0.000     0  0.00  0  0  -1.472  -5.332   0.878   0.065   0.447   0.000 01O000M000t
00213 LYS+1A0112_002 f 0.00  1.000     0 10.40  0  1  -1.517  -5.351   0.878  -0.434   3.125   0.000 +1O000M000t
00214 ASN01A0114_001 f 0.00  0.000     0  0.00  0  0  -0.649  -5.927   1.494  -1.825   0.848   0.000 01O000M000t
00215 ASN01A0114_002 f 0.00  0.000     0  0.00  0  0  -0.681  -5.122   1.487   2.293   1.126   0.000 01R001M000t
00216 LEU01A0115_001 f 0.00  0.000     0  0.00  0  0   1.664  -4.202   0.488   0.000   0.000   0.000 01O000M000t
00217 ARG01A0116_001 f 0.00  0.000     0  0.00  0  0  -3.066  -5.382   0.791   0.769   1.592   0.000 01O000M000t
00218 ARG02A0116_002 f 0.00  0.000     0  0.00  0  0  -3.086  -5.404   0.791   0.657   2.500   0.000 02O000M000t
00219 ARG03A0116_003 f 0.00  0.000     0  0.00  0  0  -3.087  -5.371   0.791   0.823   2.267   0.000 03O000M000t
00220 ARG+1A0116_004 f 0.00  1.000     0 12.50  0  1  -3.130  -5.409   0.791   0.438   2.781   0.000 +1O000M000t
00221 GLU01A0117_001 f 0.00  0.000     0  0.00  0  0  -2.335  -2.989   3.397   0.459  -0.033   0.000 01O000M000t
00222 GLU01A0117_002 f 0.00  0.000     0  0.00  0  0  -2.335  -2.989   0.677   0.187   0.908   0.000 01O000M000t
00223 GLU02A0117_003 f 0.00  0.000     0  0.00  0  0  -2.226  -3.094   3.397  -0.122  -0.013   0.000 02O000M000t
00224 GLU02A0117_004 f 0.00  0.000     0  0.00  0  0  -2.226  -3.094   0.677   0.027   0.720   0.000 02O000M000t
00225 GLU-1A0117_005 f 0.00 -1.000     0  4.75  0 -1  -2.339  -3.035   0.677   0.112   1.300   0.000 -1O000M000t
00226 PHE01A0118_001 f 0.00  0.000     0  0.00  0  0   4.290  -5.658   0.185   0.000   0.000   0.000 01O000M000t
00227 LEU01A0119_001 f 0.00  0.000     0  0.00  0  0   2.014  -7.622   0.653   0.000   0.000   0.000 01O000M000t
00228 ARG01A0120_001 f 0.00  0.000     0  0.00  0  0  -3.560  -6.077   2.437   1.315   1.995   0.000 01O000M000t
00229 ARG02A0120_002 f 0.00  0.000     0  0.00  0  0  -3.482  -6.138   2.437  -0.006   2.258   0.000 02O000M000t
00230 ARG03A0120_003 f 0.00  0.000     0  0.00  0  0  -3.578  -6.124   2.437   0.133   2.262   0.000 03O000M000t
00231 ARG+1A0120_004 f 0.00  1.000     0 12.50  0  1  -3.621  -6.150   2.437  -2.636   3.677   0.000 +1O000M000t
00232 ALA01A0121_001 f 0.00  0.000     0  0.00  0  0  -1.716  -1.100   0.000   0.000   0.000   0.000 01O000M000t
00233 ARG01A0122_001 f 0.00  0.000     0  0.00  0  0  -1.844  -3.635   0.721  -1.100   1.674   0.000 01O000M000t
00234 ARG02A0122_002 f 0.00  0.000     0  0.00  0  0  -1.857  -3.579   0.721  -0.971   2.566   0.000 02O000M000t
00235 ARG03A0122_003 f 0.00  0.000     0  0.00  0  0  -1.861  -3.637   0.721  -1.020   2.495   0.000 03O000M000t
00236 ARG+1A0122_004 f 0.00  1.000     0 12.50  0  1  -1.904  -3.643   0.721  -2.054   2.857   0.000 +1O000M000t
00237 ARG01A0123_001 f 0.00  0.000     0  0.00  0  0  -3.424  -7.586   0.944   1.395   2.146   0.000 01O000M000t
00238 ARG02A0123_002 f 0.00  0.000     0  0.00  0  0  -3.404  -7.623   0.944  -0.983   2.293   0.000 02O000M000t
00239 ARG03A0123_003 f 0.00  0.000     0  0.00  0  0  -3.462  -7.350   0.944   0.586   2.665   0.000 03O000M000t
00240 ARG+1A0123_004 f 0.00  1.000     0 12.50  0  1  -3.505  -7.632   0.944  -4.513   4.517   0.000 +1O000M000t
00241 PRO01A0124_001 f 0.00  0.000     0  0.00  0  0  -4.123  -2.264   0.000   0.000   0.000   0.000 01O000M000t
00242 PRO01A0125_001 f 0.00  0.000     0  0.00  0  0  -3.567  -1.284   0.000   0.000   0.000   0.000 01O000M000t
00243 PRO01A0127_001 f 0.00  0.000     0  0.00  0  0  -4.335  47.352   0.000   0.000   0.000   0.000 01O000M000t
00244 ASP01A0128_001 f 0.00  0.000     0  0.00  0  0  -2.361  -0.642   5.415  -0.045  -0.015   0.000 01O000M000t
00245 ASP01A0128_002 f 0.00  0.000     0  0.00  0  0  -2.361  -0.642   2.695  -0.182   1.347   0.000 01O000M000t
00246 ASP02A0128_003 f 0.00  0.000     0  0.00  0  0  -2.592  -0.008   5.415   0.732   1.131   0.000 02O000M000t
00247 ASP02A0128_004 f 0.00  0.000     0  0.00  0  0  -2.592  -0.008   2.695   0.056   0.796   0.000 02O000M000t
00248 ASP-1A0128_005 f 0.00 -1.000     0  4.75  0 -1  -2.361  -0.598   2.695  -0.231   1.933   0.000 -1O000M000t
00249 LEU01A0129_001 f 0.00  0.000     0  0.00  0  0  91.062 999.000   2.232   0.000   0.000   0.000 01O000M000t
00250 SER01A0130_001 f 0.00  0.000     0  0.00  0  0  -4.273  -0.640   0.662  -0.438  -0.122   0.000 01O000M000t
00251 SER01A0130_002 f 0.00  0.000     0  0.00  0  0  -4.273  -0.640   0.286  -0.261  -0.347   0.000 01O000M000t
00252 PRO01A0131_001 f 0.00  0.000     0  0.00  0  0  -5.447   4.791   0.000   0.000   0.000   0.000 01O000M000t
00253 ASP01A0132_001 f 0.00  0.000     0  0.00  0  0  -3.652 999.000   3.923   0.513  -0.926   0.000 01O000M000t
00254 ASP01A0132_002 f 0.00  0.000     0  0.00  0  0  -3.652 999.000   1.203   0.202   0.321   0.000 01O000M000t
00255 ASP02A0132_003 f 0.00  0.000     0  0.00  0  0  -3.611 999.000   3.923   0.052  -0.584   0.000 02O000M000t
00256 ASP02A0132_004 f 0.00  0.000     0  0.00  0  0  -3.611 999.000   1.203   0.142   0.579   0.000 02O000M000t
00257 ASP-1A0132_005 f 0.00 -1.000     0  4.75  0 -1  -3.542 999.000   1.203  -0.310  -0.177   0.000 -1O000M000t
00258 PRO01A0134_001 f 0.00  0.000     0  0.00  0  0  -6.480   7.811   0.000   0.000   0.000   0.000 01O000M000t
00259 ARG01A0135_001 f 0.00  0.000     0  0.00  0  0   7.013  59.789   3.799   0.342   0.855   0.000 01O000M000t
00260 ARG02A0135_002 f 0.00  0.000     0  0.00  0  0   7.104  59.744   3.799   0.049   1.427   0.000 02O000M000t
00261 ARG03A0135_003 f 0.00  0.000     0  0.00  0  0   7.092  59.743   3.799   0.031   1.473   0.000 03O000M000t
00262 ARG03A0135_004 f 0.00  0.000     0  0.00  0  0   7.108  59.747   3.799   0.101   1.495   0.000 03O000M000t
00263 ARG+1A0135_005 f 0.00  1.000     0 12.50  0  1   7.059  59.739   3.799   0.085   1.596   0.000 +1O000M000t
00264 SER01A0136_001 f 0.00  0.000     0  0.00  0  0  -0.480 999.000   0.444   0.183   1.612   0.000 01O000M000t
00265 SER01A0136_002 f 0.00  0.000     0  0.00  0  0  -0.480 999.000   0.444  -0.717   1.399   0.000 01O000M000t
00266 SER01A0136_003 f 0.00  0.000     0  0.00  0  0  -0.480 999.000   0.069  -5.955   1.698   0.000 01O000M000t
00267 SER01A0137_001 f 0.00  0.000     0  0.00  0  0  -5.380   0.770   0.381  -0.083  -0.193   0.000 01O000M000t
00268 GLU01A0138_001 f 0.00  0.000     0  0.00  0  0   1.195 999.000   5.727   0.378   0.233   0.000 01O000M000t
00269 GLU01A0138_002 f 0.00  0.000     0  0.00  0  0   1.195 999.000   3.007   0.160   0.503   0.000 01O000M000t
00270 GLU02A0138_003 f 0.00  0.000     0  0.00  0  0   1.307 999.000   5.727   0.514   0.592   0.000 02O000M000t
00271 GLU02A0138_004 f 0.00  0.000     0  0.00  0  0   1.307 999.000   3.007   0.251   0.598   0.000 02O000M000t
00272 GLU-1A0138_005 f 0.00 -1.000     0  4.75  0 -1   0.906 999.000   3.007  -0.438   1.892   0.000 -1O000M000t
00273 PRO01A0140_001 f 0.00  0.000     0  0.00  0  0  -2.372   4.719   0.000   0.000   0.000   0.000 01O000M000t
00274 LEU01A0141_001 f 0.00  0.000     0  0.00  0  0   1.655  -3.679   1.338   0.000   0.000   0.000 01O000M000t
00275 SER01A0142_001 f 0.00  0.000     0  0.00  0  0  -2.224  -1.450   0.513  -0.107   1.014   0.000 01O000M000t
00276 PHE01A0143_001 f 0.00  0.000     0  0.00  0  0   1.110  -3.840   0.623   0.000   0.000   0.000 01O000M000t
00277 PRO01A0144_001 f 0.00  0.000     0  0.00  0  0  -3.050  -1.437   0.000   0.000   0.000   0.000 01O000M000t
00278 VAL01A0145_001 f 0.00  0.000     0  0.00  0  0  -1.211  -1.001   0.008   0.000   0.000   0.000 01O000M000t
00279 LEU01A0146_001 f 0.00  0.000     0  0.00  0  0   1.028  -5.183   0.405   0.000   0.000   0.000 01O000M000t
00280 VAL01A0147_001 f 0.00  0.000     0  0.00  0  0   0.680  -1.218   0.019   0.000   0.000   0.000 01O000M000t
00281 SER01A0148_001 f 0.00  0.000     0  0.00  0  0  -1.699  -1.455   0.440   0.042   0.673   0.000 01O000M000t
00282 SER01A0148_002 f 0.00  0.000     0  0.00  0  0  -1.699  -1.455   0.440  -1.222   1.108   0.000 01O000M000t
00283 CYS01A0149_001 f 0.00  0.000     0  0.00  0  0  -0.002  -2.666   0.262  -0.089   0.896   0.000 01O000M000t
00284 CYS01A0149_002 f 0.00  0.000     0  0.00  0  0  -0.002  -2.752   0.262  -0.678   0.667   0.000 01O000M000t
00285 CYS01A0149_003 f 0.00  0.000     0  0.00  0  0  -0.002  -2.657   0.262  -0.059   0.937   0.000 01O000M000t
00286 CYS-1A0149_004 f 0.00 -1.000     0  9.10  0 -1   0.000  -2.629   0.262  -1.366  10.653   0.000 -1O000M000t
00287 ALA01A0150_001 f 0.00  0.000     0  0.00  0  0   0.000  -1.590   0.000   0.000   0.000   0.000 01O000M000t
00288 TYR01A0151_001 f 0.00  0.000     0  0.00  0  0   2.150  -7.391   0.008   0.025   1.307   0.000 01O000M000t
00289 TYR-1A0151_002 f 0.00 -1.000     0 10.20  0 -1   2.150  -7.391   0.008  -0.157   4.842   0.000 -1O000M000t
00290 GLN01A0152_001 f 0.00  0.000     0  0.00  0  0  -0.081  -5.463   1.459  -1.624   1.776   0.000 01O000M000t
00291 GLN01A0152_002 f 0.00  0.000     0  0.00  0  0  -0.112  -3.071   1.463   0.740   1.572   0.000 01R001M000t
00292 VAL01A0153_001 f 0.00  0.000     0  0.00  0  0   0.642  -0.826   0.088   0.000   0.000   0.000 01O000M000t
00293 ALA01A0154_001 f 0.00  0.000     0  0.00  0  0   0.000  -1.543   0.000   0.000   0.000   0.000 01O000M000t
00294 ARG01A0155_001 f 0.00  0.000     0  0.00  0  0  -4.233  -3.859   1.056  -0.045   0.721   0.000 01O000M000t
00295 ARG02A0155_002 f 0.00  0.000     0  0.00  0  0  -4.262  -3.864   1.056   0.024   1.891   0.000 02O000M000t
00296 ARG02A0155_003 f 0.00  0.000     0  0.00  0  0  -4.171  -3.859   1.056   0.004   1.636   0.000 02O000M000t
00297 ARG03A0155_004 f 0.00  0.000     0  0.00  0  0  -4.265  -3.865   1.056  -0.016   1.422   0.000 03O000M000t
00298 ARG+1A0155_005 f 0.00  1.000     0 12.50  0  1  -4.309  -3.868   1.056   0.186   1.662   0.000 +1O000M000t
00299 MET01A0157_001 f 0.00  0.000     0  0.00  0  0   0.397  -4.789   0.145   0.006   0.098   0.000 01O000M000t
00300 GLN01A0158_001 f 0.00  0.000     0  0.00  0  0  -0.401  -5.042   0.551   0.137   0.752   0.000 01O000M000t
00301 GLN01A0158_002 f 0.00  0.000     0  0.00  0  0   0.323  -5.149   0.548   0.037   0.633   0.000 01R001M000t
00302 TYR01A0159_001 f 0.00  0.000     0  0.00  0  0   1.553  -6.751   0.001   1.635   1.417   0.000 01O000M000t
00303 TYR-1A0159_002 f 0.00 -1.000     0 10.20  0 -1   1.553  -6.751   0.001   3.720   6.556   0.000 -1O000M000t
00304 LEU01A0160_001 f 0.00  0.000     0  0.00  0  0   1.515  -3.538   2.715   0.000   0.000   0.000 01O000M000t
00305 GLU01A0161_001 f 0.00  0.000     0  0.00  0  0   0.746  -3.872   2.995   0.112   1.120   0.000 01O000M000t
00306 GLU01A0161_002 f 0.00  0.000     0  0.00  0  0   0.746  -3.872   0.275   0.519   1.406   0.000 01O000M000t
00307 GLU02A0161_003 f 0.00  0.000     0  0.00  0  0   0.280  -3.817   2.995  -0.381   0.489   0.000 02O000M000t
00308 GLU02A0161_004 f 0.00  0.000     0  0.00  0  0   0.280  -3.817   0.275  -0.090   1.412   0.000 02O000M000t
00309 GLU-1A0161_005 f 0.00 -1.000     0  4.75  0 -1   0.327  -3.771   0.275  -1.827   3.344   0.000 -1O000M000t
00310 SER01A0162_001 f 0.00  0.000     0  0.00  0  0  -2.864  -0.152   0.837  -1.836   1.479   0.000 01O000M000t
00311 ARG01A0163_001 f 0.00  0.000     0  0.00  0  0  -4.244  -3.769   0.518   0.976   0.997   0.000 01O000M000t
00312 ARG02A0163_002 f 0.00  0.000     0  0.00  0  0  -4.320  -3.830   0.518   0.588   1.754   0.000 02O000M000t
00313 ARG02A0163_003 f 0.00  0.000     0  0.00  0  0  -4.263  -3.826   0.518   0.788   1.610   0.000 02O000M000t
00314 ARG03A0163_004 f 0.00  0.000     0  0.00  0  0  -4.318  -3.754   0.518   1.263   1.716   0.000 03O000M000t
00315 ARG+1A0163_005 f 0.00  1.000     0 12.50  0  1  -4.363  -3.841   0.518  -1.719   1.556   0.000 +1O000M000t
00316 LYS01A0164_001 f 0.00  0.000     0  0.00  0  0  -8.934   0.098   1.823  -0.024  -0.011   0.000 01O000M000t
00317 LYS+1A0164_002 f 0.00  1.000     0 10.40  0  1  -9.014   0.091   1.823  -0.278  -0.063   0.000 +1O000M000t
00318 CYS01A0165_001 f 0.00  0.000     0  0.00  0  0  -0.265  -2.519   0.057   0.023   0.889   0.000 01O000M000t
00319 CYS01A0165_002 f 0.00  0.000     0  0.00  0  0  -0.265  -2.464   0.057  -0.336   0.483   0.000 01O000M000t
00320 CYS01A0165_003 f 0.00  0.000     0  0.00  0  0  -0.266  -2.448   0.057  -0.302   0.889   0.000 01O000M000t
00321 CYS-1A0165_004 f 0.00 -1.000     0  9.10  0 -1  -0.263  -2.426   0.057  -1.148   6.894   0.000 -1O000M000t
00322 ILE01A0166_001 f 0.00  0.000     0  0.00  0  0   0.866  -3.713   0.485   0.000   0.000   0.000 01O000M000t
00323 HIS01A0167_001 f 0.00  0.000     0  0.00  0  0  -0.204  -2.721   0.418  -3.730   3.899   0.000 01O000M000t
00324 HIS02A0167_002 f 0.00  0.000     0  0.00  0  0  -0.223  -3.830   0.418   4.763   3.918   0.000 02O000M000t
00325 HIS+1A0167_003 f 0.00  1.000     0  6.98  0  1  -0.249  -2.971   0.418   3.244  11.254   0.000 +1O000M000t
00326 ARG01A0168_001 f 0.00  0.000     0  0.00  0  0  -4.637  -0.130   0.569  -0.122   1.168   0.000 01O000M000t
00327 ARG02A0168_002 f 0.00  0.000     0  0.00  0  0  -4.616  -0.142   0.569  -0.049   1.649   0.000 02O000M000t
00328 ARG03A0168_003 f 0.00  0.000     0  0.00  0  0  -4.674  -0.139   0.569   0.004   1.677   0.000 03O000M000t
00329 ARG+1A0168_004 f 0.00  1.000     0 12.50  0  1  -4.717  -0.147   0.569   0.372   2.057   0.000 +1O000M000t
00330 ASP01A0169_001 f 0.00  0.000     0  0.00  0  0   0.002  -0.701   3.077   0.873   1.220   0.000 01O000M000t
00331 ASP01A0169_002 f 0.00  0.000     0  0.00  0  0   0.002  -0.701   0.357   0.281   1.547   0.000 01O000M000t
00332 ASP02A0169_003 f 0.00  0.000     0  0.00  0  0   0.111  -1.073   3.077  -0.419   1.328   0.000 02O000M000t
00333 ASP02A0169_004 f 0.00  0.000     0  0.00  0  0   0.111  -1.073   0.357  -0.026   1.613   0.000 02O000M000t
00334 ASP-1A0169_005 f 0.00 -1.000     0  4.75  0 -1   0.032  -0.976   0.357  -1.111   7.083   0.000 -1O000M000t
00335 LEU01A0170_001 f 0.00  0.000     0  0.00  0  0   1.487  -4.838   0.497   0.000   0.000   0.000 01O000M000t
00336 ALA01A0171_001 f 0.00  0.000     0  0.00  0  0   0.000  -0.917   0.000   0.000   0.000   0.000 01O000M000t
00337 ALA01A0172_001 f 0.00  0.000     0  0.00  0  0   0.000  -1.656   0.000   0.000   0.000   0.000 01O000M000t
00338 ARG01A0173_001 f 0.00  0.000     0  0.00  0  0  -1.552  -3.636   1.111  -1.753   2.063   0.000 01O000M000t
00339 ARG02A0173_002 f 0.00  0.000     0  0.00  0  0  -1.589  -3.553   1.111  -0.705   3.262   0.000 02O000M000t
00340 ARG03A0173_003 f 0.00  0.000     0  0.00  0  0  -1.595  -4.200   1.111   0.439   3.184   0.000 03O000M000t
00341 ARG03A0173_004 f 0.00  0.000     0  0.00  0  0  -1.590  -3.608   1.111  -1.851   3.139   0.000 03O000M000t
00342 ARG+1A0173_005 f 0.00  1.000     0 12.50  0  1  -1.634  -3.655   1.111  -1.241   2.775   0.000 +1O000M000t
00343 ASN01A0174_001 f 0.00  0.000     0  0.00  0  0   0.347  -3.297   1.133  -3.050   3.218   0.000 01O000M000t
00344 ASN01A0174_002 f 0.00  0.000     0  0.00  0  0   0.133  -2.385   1.118   2.138   3.280   0.000 01R001M000t
00345 VAL01A0175_001 f 0.00  0.000     0  0.00  0  0   0.614  -4.038   0.000   0.000   0.000   0.000 01O000M000t
00346 LEU01A0176_001 f 0.00  0.000     0  0.00  0  0   1.901  -5.815   0.729   0.000   0.000   0.000 01O000M000t
00347 VAL01A0177_001 f 0.00  0.000     0  0.00  0  0   0.617  -3.845   0.080   0.000   0.000   0.000 01O000M000t
00348 THR01A0178_001 f 0.00  0.000     0  0.00  0  0  -0.980  -2.670   0.563   0.622   1.693   0.000 01O000M000t
00349 GLU01A0179_001 f 0.00  0.000     0  0.00  0  0  -2.122  -1.659   5.545   0.350  -0.125   0.000 01O000M000t
00350 GLU01A0179_002 f 0.00  0.000     0  0.00  0  0  -2.122  -1.659   2.825   0.167   0.824   0.000 01O000M000t
00351 GLU02A0179_003 f 0.00  0.000     0  0.00  0  0  -2.253  -1.688   5.545   0.414   0.125   0.000 02O000M000t
00352 GLU02A0179_004 f 0.00  0.000     0  0.00  0  0  -2.253  -1.688   2.825   0.191   0.879   0.000 02O000M000t
00353 GLU-1A0179_005 f 0.00 -1.000     0  4.75  0 -1  -2.295  -1.641   2.825  -0.298   1.061   0.000 -1O000M000t
00354 ASP01A0180_001 f 0.00  0.000     0  0.00  0  0  -2.931  -0.005   3.251   0.453  -0.337   0.000 01O000M000t
00355 ASP01A0180_002 f 0.00  0.000     0  0.00  0  0  -2.931  -0.005   0.531   0.273   0.137   0.000 01O000M000t
00356 ASP02A0180_003 f 0.00  0.000     0  0.00  0  0  -2.909  -0.247   3.251   0.484  -0.306   0.000 02O000M000t
00357 ASP02A0180_004 f 0.00  0.000     0  0.00  0  0  -2.909  -0.247   0.531   0.328   0.776   0.000 02O000M000t
00358 ASP-1A0180_005 f 0.00 -1.000     0  4.75  0 -1  -2.913  -0.208   0.531  -0.790   0.391   0.000 -1O000M000t
00359 ASN01A0181_001 f 0.00  0.000     0  0.00  0  0  -0.628   1.019   0.219  -0.031   1.814   0.000 01O000M000t
00360 VAL01A0182_001 f 0.00  0.000     0  0.00  0  0  -0.585  -1.626   0.057   0.000   0.000   0.000 01O000M000t
00361 MET01A0183_001 f 0.00  0.000     0  0.00  0  0   0.030  -6.811   1.556  -0.001   0.098   0.000 01O000M000t
00362 LYS01A0184_001 f 0.00  0.000     0  0.00  0  0   0.260  -5.797   1.367  -0.663   0.768   0.000 01O000M000t
00363 LYS+1A0184_002 f 0.00  1.000     0 10.40  0  1   0.213  -5.475   1.367  -4.153   6.060   0.000 +1O000M000t
00364 ILE01A0185_001 f 0.00  0.000     0  0.00  0  0   3.419  -4.357   0.424   0.000   0.000   0.000 01O000M000t
00365 ALA01A0186_001 f 0.00  0.000     0  0.00  0  0   0.000  -0.615   0.000   0.000   0.000   0.000 01O000M000t
00366 ASP01A0187_001 f 0.00  0.000     0  0.00  0  0  -0.286  -1.885   2.985   2.150   1.634   0.000 01O000M000t
00367 ASP01A0187_002 f 0.00  0.000     0  0.00  0  0  -0.286  -1.885   0.265   0.157   1.444   0.000 01O000M000t
00368 ASP02A0187_003 f 0.00  0.000     0  0.00  0  0  -0.232  -2.298   2.985  -0.582   1.370   0.000 02O000M000t
00369 ASP02A0187_004 f 0.00  0.000     0  0.00  0  0  -0.232  -2.298   0.265  -0.525   1.813   0.000 02O000M000t
00370 ASP-1A0187_005 f 0.00 -1.000     0  4.75  0 -1  -0.290  -2.218   0.265  -2.397   5.622   0.000 -1O000M000t
00371 PHE01A0188_001 f 0.00  0.000     0  0.00  0  0   2.783  -4.804   0.005   0.000   0.000   0.000 01O000M000t
00372 LEU01A0190_001 f 0.00  0.000     0  0.00  0  0  -4.313  -2.007   1.330   0.000   0.000   0.000 01O000M000t
00373 ALA01A0191_001 f 0.00  0.000     0  0.00  0  0  -3.413  -0.456   0.000   0.000   0.000   0.000 01O000M000t
00374 ARG01A0192_001 f 0.00  0.000     0  0.00  0  0  -4.619  -0.679   0.687  -0.257   0.979   0.000 01O000M000t
00375 ARG02A0192_002 f 0.00  0.000     0  0.00  0  0  -4.680  -0.706   0.687  -0.172   2.111   0.000 02O000M000t
00376 ARG02A0192_003 f 0.00  0.000     0  0.00  0  0  -4.623  -0.692   0.687  -0.312   1.684   0.000 02O000M000t
00377 ARG03A0192_004 f 0.00  0.000     0  0.00  0  0  -4.679  -0.702   0.687  -0.216   1.829   0.000 03O000M000t
00378 ARG+1A0192_005 f 0.00  1.000     0 12.50  0  1  -4.723  -0.711   0.687   0.769   1.429   0.000 +1O000M000t
00379 VAL01A0194_001 f 0.00  0.000     0  0.00  0  0  -0.289 999.000   2.798   0.000   0.000   0.000 01O000M000t
00380 HIS01A0195_001 f 0.00  0.000     0  0.00  0  0  -2.433  65.739   2.750  -1.167   1.722   0.000 01O000M000t
00381 HIS02A0195_002 f 0.00  0.000     0  0.00  0  0  -2.451  62.262   2.750   1.172   1.611   0.000 02O000M000t
00382 HIS+1A0195_003 f 0.00  1.000     0  6.98  0  1  -2.478  65.709   2.750  -1.106   3.043   0.000 +1O000M000t
00383 HIS01A0196_001 f 0.00  0.000     0  0.00  0  0  -4.107 305.585   0.540   0.557   0.106   0.000 01O000M000t
00384 HIS01A0196_002 f 0.00  0.000     0  0.00  0  0  -5.273 305.399   0.540   0.467   0.684   0.000 01R001M000t
00385 HIS02A0196_003 f 0.00  0.000     0  0.00  0  0  -4.108 305.581   0.540   0.594   0.235   0.000 02O000M000t
00386 HIS02A0196_004 f 0.00  0.000     0  0.00  0  0  -5.307 305.297   0.540   0.405   0.685   0.000 02R001M000t
00387 HIS+1A0196_005 f 0.00  1.000     0  6.98  0  1  -4.136 305.572   0.540   0.774  -0.180   0.000 +1O000M000t
00388 HIS+1A0196_006 f 0.00  1.000     0  6.98  0  1  -5.335 305.294   0.540   0.675   0.531   0.000 +1R001M000t
00389 ILE01A0197_001 f 0.00  0.000     0  0.00  0  0  31.978 102.588   3.130   0.000   0.000   0.000 01O000M000t
00390 ASP01A0198_001 f 0.00  0.000     0  0.00  0  0  -2.216   5.307   5.286  -0.142  -0.203   0.000 01O000M000t
00391 ASP01A0198_002 f 0.00  0.000     0  0.00  0  0  -2.216   5.307   2.566  -0.167   0.570   0.000 01O000M000t
00392 ASP02A0198_003 f 0.00  0.000     0  0.00  0  0  -2.295   5.654   5.286   0.843   0.811   0.000 02O000M000t
00393 ASP02A0198_004 f 0.00  0.000     0  0.00  0  0  -2.295   5.654   2.566   0.056   0.679   0.000 02O000M000t
00394 ASP-1A0198_005 f 0.00 -1.000     0  4.75  0 -1  -2.209   5.351   2.566  -0.973   1.219   0.000 -1O000M000t
00395 TYR01A0199_001 f 0.00  0.000     0  0.00  0  0  -6.865   7.721   1.370   0.233  -0.020   0.000 01O000M000t
00396 TYR-1A0199_002 f 0.00 -1.000     0 10.20  0 -1  -6.865   7.721   1.370   0.232  -0.687   0.000 -1O000M000t
00397 TYR01A0200_001 f 0.00  0.000     0  0.00  0  0  -4.434  -1.234   2.686   0.378   0.223   0.000 01O000M000t
00398 TYR-1A0200_002 f 0.00 -1.000     0 10.20  0 -1  -4.434  -1.234   2.686   0.178  -0.865   0.000 -1O000M000t
00399 LYS01A0201_001 f 0.00  0.000     0  0.00  0  0  -8.442  -0.473   3.688  -0.065   0.084   0.000 01O000M000t
00400 LYS+1A0201_002 f 0.00  1.000     0 10.40  0  1  -8.501  -0.484   3.688   0.390   0.239   0.000 +1O000M000t
00401 LYS01A0202_001 f 0.00  0.000     0  0.00  0  0  -3.785 711.862   1.714  -0.121  -0.132   0.000 01O000M000t
00402 LYS+1A0202_002 f 0.00  1.000     0 10.40  0  1  -3.818 711.847   1.714   0.774   0.327   0.000 +1O000M000t
00403 THR01A0203_001 f 0.00  0.000     0  0.00  0  0  -2.510 999.000   1.886   4.044   1.182   0.000 01O000M000t
00404 THR01A0203_002 f 0.00  0.000     0  0.00  0  0  -2.510 999.000   1.511  10.654   0.431   0.000 01O000M000t
00405 SER01A0204_001 f 0.00  0.000     0  0.00  0  0  -2.747 148.311   0.417   0.618  -0.052   0.000 01O000M000t
00406 ASN01A0205_001 f 0.00  0.000     0  0.00  0  0  -1.932  15.255   0.884  -0.514   0.761   0.000 01O000M000t
00407 ARG01A0207_001 f 0.00  0.000     0  0.00  0  0  43.094 124.873   1.052  -0.197   1.959   0.000 01O000M000t
00408 ARG02A0207_002 f 0.00  0.000     0  0.00  0  0  43.116 124.843   1.052  -0.134   2.954   0.000 02O000M000t
00409 ARG03A0207_003 f 0.00  0.000     0  0.00  0  0  43.076 124.826   1.052  -0.059   2.770   0.000 03O000M000t
00410 ARG+1A0207_004 f 0.00  1.000     0 12.50  0  1  43.037 124.812   1.052   1.933   3.044   0.000 +1O000M000t
00411 LEU01A0208_001 f 0.00  0.000     0  0.00  0  0  -0.978  -1.316   1.228   0.000   0.000   0.000 01O000M000t
00412 PRO01A0209_001 f 0.00  0.000     0  0.00  0  0  -0.334   0.603   0.000   0.000   0.000   0.000 01O000M000t
00413 VAL01A0210_001 f 0.00  0.000     0  0.00  0  0   0.314  -0.085   0.055   0.000   0.000   0.000 01O000M000t
00414 LYS01A0211_001 f 0.00  0.000     0  0.00  0  0  -1.461  -4.685   1.046   0.361   0.497   0.000 01O000M000t
00415 LYS+1A0211_002 f 0.00  1.000     0 10.40  0  1  -1.505  -4.762   1.046  -1.717   2.623   0.000 +1O000M000t
00416 TRP01A0212_001 f 0.00  0.000     0  0.00  0  0  -0.081  -8.655   0.453   0.000   0.000   0.000 01O000M000t
00417 MET01A0213_001 f 0.00  0.000     0  0.00  0  0  -0.030  -6.343   0.745  -0.010   0.088   0.000 01O000M000t
00418 ALA01A0214_001 f 0.00  0.000     0  0.00  0  0   0.000  -1.947   0.000   0.000   0.000   0.000 01O000M000t
00419 PRO01A0215_001 f 0.00  0.000     0  0.00  0  0  -0.998  -1.351   0.000   0.000   0.000   0.000 01O000M000t
00420 GLU01A0216_001 f 0.00  0.000     0  0.00  0  0   1.163  -2.340   4.041   2.981   2.010   0.000 01O000M000t
00421 GLU01A0216_002 f 0.00  0.000     0  0.00  0  0   1.163  -2.340   1.321  -0.649   2.750   0.000 01O000M000t
00422 GLU02A0216_003 f 0.00  0.000     0  0.00  0  0   0.828  -3.204   4.041  -0.561   1.813   0.000 02O000M000t
00423 GLU02A0216_004 f 0.00  0.000     0  0.00  0  0   0.828  -3.204   1.321  -1.004   2.619   0.000 02O000M000t
00424 GLU-1A0216_005 f 0.00 -1.000     0  4.75  0 -1   0.757  -3.084   1.321  -5.731   9.058   0.000 -1O000M000t
00425 ALA01A0217_001 f 0.00  0.000     0  0.00  0  0  -0.068  -1.931   0.000   0.000   0.000   0.000 01O000M000t
00426 LEU01A0218_001 f 0.00  0.000     0  0.00  0  0   0.737  -4.261   2.661   0.000   0.000   0.000 01O000M000t
00427 PHE01A0219_001 f 0.00  0.000     0  0.00  0  0  -3.808  -2.169   0.931   0.000   0.000   0.000 01O000M000t
00428 ASP01A0220_001 f 0.00  0.000     0  0.00  0  0  -2.922  -0.626   3.677   0.386  -0.456   0.000 01O000M000t
00429 ASP01A0220_002 f 0.00  0.000     0  0.00  0  0  -2.922  -0.626   0.957   0.191   0.331   0.000 01O000M000t
00430 ASP02A0220_003 f 0.00  0.000     0  0.00  0  0  -2.881  -1.052   3.677   0.440  -0.122   0.000 02O000M000t
00431 ASP02A0220_004 f 0.00  0.000     0  0.00  0  0  -2.881  -1.052   0.957   0.250   0.709   0.000 02O000M000t
00432 ASP-1A0220_005 f 0.00 -1.000     0  4.75  0 -1  -2.778  -0.998   0.957  -0.113   0.373   0.000 -1O000M000t
00433 ARG01A0221_001 f 0.00  0.000     0  0.00  0  0  -9.109  -1.079   1.326   0.011   0.167   0.000 01O000M000t
00434 ARG02A0221_002 f 0.00  0.000     0  0.00  0  0  -9.035  -1.039   1.326   0.132   1.058   0.000 02O000M000t
00435 ARG03A0221_003 f 0.00  0.000     0  0.00  0  0  -9.131  -1.080   1.326   0.015   1.062   0.000 03O000M000t
00436 ARG+1A0221_004 f 0.00  1.000     0 12.50  0  1  -9.171  -1.083   1.326  -0.149   0.383   0.000 +1O000M000t
00437 VAL01A0222_001 f 0.00  0.000     0  0.00  0  0  -3.277  -0.681   0.010   0.000   0.000   0.000 01O000M000t
00438 TYR01A0223_001 f 0.00  0.000     0  0.00  0  0   2.645  -6.610   0.203   0.433   1.208   0.000 01O000M000t
00439 TYR01A0223_002 f 0.00  0.000     0  0.00  0  0   2.645  -6.610   0.203   0.136   0.997   0.000 01O000M000t
00440 TYR-1A0223_003 f 0.00 -1.000     0 10.20  0 -1   2.645  -6.610   0.203  -0.956   4.201   0.000 -1O000M000t
00441 THR01A0224_001 f 0.00  0.000     0  0.00  0  0  -3.054  -1.123   0.380  -0.178   1.610   0.000 01O000M000t
00442 THR01A0224_002 f 0.00  0.000     0  0.00  0  0  -3.054  -1.123   0.005  -2.419   0.971   0.000 01O000M000t
00443 HIS01A0225_001 f 0.00  0.000     0  0.00  0  0  -3.105  -6.181   0.001   0.276   2.094   0.000 01O000M000t
00444 HIS01A0225_002 f 0.00  0.000     0  0.00  0  0  -2.683  -6.363   0.001   0.671   1.927   0.000 01R001M000t
00445 HIS02A0225_003 f 0.00  0.000     0  0.00  0  0  -3.121  -6.240   0.001   0.509   1.661   0.000 02O000M000t
00446 HIS02A0225_004 f 0.00  0.000     0  0.00  0  0  -2.695  -6.205   0.001   0.354   2.030   0.000 02R001M000t
00447 HIS+1A0225_005 f 0.00  1.000     0  6.98  0  1  -3.147  -6.276   0.001   1.900   2.744   0.000 +1O000M000t
00448 HIS+1A0225_006 f 0.00  1.000     0  6.98  0  1  -2.722  -6.381   0.001   2.019   3.750   0.000 +1R001M000t
00449 GLN01A0226_001 f 0.00  0.000     0  0.00  0  0  -0.289  -6.703   1.336  -1.962   1.901   0.000 01O000M000t
00450 GLN01A0226_002 f 0.00  0.000     0  0.00  0  0  -0.383  -6.521   1.314   1.873   1.978   0.000 01R001M000t
00451 SER01A0227_001 f 0.00  0.000     0  0.00  0  0  -0.048   2.137   0.383   1.019   1.684   0.000 01O000M000t
00452 ASP01A0228_001 f 0.00  0.000     0  0.00  0  0   0.093  -1.990   3.402  -1.735   1.452   0.000 01O000M000t
00453 ASP01A0228_002 f 0.00  0.000     0  0.00  0  0   0.093  -1.990   0.682   2.131   2.561   0.000 01O000M000t
00454 ASP02A0228_003 f 0.00  0.000     0  0.00  0  0   0.136  -1.818   3.402  -2.408   1.852   0.000 02O000M000t
00455 ASP02A0228_004 f 0.00  0.000     0  0.00  0  0   0.136  -1.818   0.682   2.816   2.616   0.000 02O000M000t
00456 ASP-1A0228_005 f 0.00 -1.000     0  4.75  0 -1   0.056  -2.421   0.682  -9.520  11.071   0.000 -1O000M000t
00457 VAL01A0229_001 f 0.00  0.000     0  0.00  0  0   0.637  -0.630   0.274   0.000   0.000   0.000 01O000M000t
00458 TRP01A0230_001 f 0.00  0.000     0  0.00  0  0   2.125 -13.676   0.006   0.000   0.000   0.000 01O000M000t
00459 SER01A0231_001 f 0.00  0.000     0  0.00  0  0  -0.181  -2.432   0.769  -2.678   1.271   0.000 01O000M000t
00460 SER01A0231_002 f 0.00  0.000     0  0.00  0  0  -0.181  -2.432   0.394   0.552   0.837   0.000 01O000M000t
00461 PHE01A0232_001 f 0.00  0.000     0  0.00  0  0   4.298  -7.761   0.026   0.000   0.000   0.000 01O000M000t
00462 ILE01A0234_001 f 0.00  0.000     0  0.00  0  0   2.548  -3.922   0.500   0.000   0.000   0.000 01O000M000t
00463 LEU01A0235_001 f 0.00  0.000     0  0.00  0  0   1.605  -4.325   0.461   0.000   0.000   0.000 01O000M000t
00464 LEU01A0236_001 f 0.00  0.000     0  0.00  0  0   1.804  -4.848   1.275   0.000   0.000   0.000 01O000M000t
00465 TRP01A0237_001 f 0.00  0.000     0  0.00  0  0   0.970 -11.077   0.215   0.000   0.000   0.000 01O000M000t
00466 GLU01A0238_001 f 0.00  0.000     0  0.00  0  0   0.622  -5.810   4.431  -0.750   2.548   0.000 01O000M000t
00467 GLU01A0238_002 f 0.00  0.000     0  0.00  0  0   0.622  -5.810   1.711   2.350   2.680   0.000 01O000M000t
00468 GLU02A0238_003 f 0.00  0.000     0  0.00  0  0   0.611  -6.005   4.431  -2.397   2.829   0.000 02O000M000t
00469 GLU02A0238_004 f 0.00  0.000     0  0.00  0  0   0.611  -6.005   1.711  -0.831   2.310   0.000 02O000M000t
00470 GLU-1A0238_005 f 0.00 -1.000     0  4.75  0 -1   0.501  -5.895   1.711  -4.972  11.929   0.000 -1O000M000t
00471 ILE01A0239_001 f 0.00  0.000     0  0.00  0  0   2.851  -4.219   0.598   0.000   0.000   0.000 01O000M000t
00472 PHE01A0240_001 f 0.00  0.000     0  0.00  0  0   4.286  -5.560   0.169   0.000   0.000   0.000 01O000M000t
00473 THR01A0241_001 f 0.00  0.000     0  0.00  0  0  -0.434  -1.795   0.406  -1.989   1.921   0.000 01O000M000t
00474 THR01A0241_002 f 0.00  0.000     0  0.00  0  0  -0.434  -1.795   0.406   2.148   1.952   0.000 01O000M000t
00475 LEU01A0242_001 f 0.00  0.000     0  0.00  0  0  -0.713  -2.579   0.479   0.000   0.000   0.000 01O000M000t
00476 SER01A0245_001 f 0.00  0.000     0  0.00  0  0  -2.932  -0.834   0.470  -0.084   0.345   0.000 01O000M000t
00477 SER01A0245_002 f 0.00  0.000     0  0.00  0  0  -2.932  -0.834   0.470  -0.292   0.728   0.000 01O000M000t
00478 SER01A0245_003 f 0.00  0.000     0  0.00  0  0  -2.932  -0.834   0.095  -0.324   0.107   0.000 01O000M000t
00479 PRO01A0246_001 f 0.00  0.000     0  0.00  0  0   0.249  -1.786   0.000   0.000   0.000   0.000 01O000M000t
00480 TYR01A0247_001 f 0.00  0.000     0  0.00  0  0   4.138  -3.419   0.047   0.192   2.262   0.000 01O000M000t
00481 TYR01A0247_002 f 0.00  0.000     0  0.00  0  0   4.138  -3.419   0.047  -0.691   1.596   0.000 01O000M000t
00482 TYR-1A0247_003 f 0.00 -1.000     0 10.20  0 -1   4.138  -3.419   0.047   1.066  10.690   0.000 -1O000M000t
00483 PRO01A0248_001 f 0.00  0.000     0  0.00  0  0  -4.740  -1.609   0.000   0.000   0.000   0.000 01O000M000t
00484 ILE01A0250_001 f 0.00  0.000     0  0.00  0  0   0.945  -1.861   0.419   0.000   0.000   0.000 01O000M000t
00485 PRO01A0251_001 f 0.00  0.000     0  0.00  0  0  -4.063  -1.713   0.000   0.000   0.000   0.000 01O000M000t
00486 VAL01A0252_001 f 0.00  0.000     0  0.00  0  0  -1.078  -0.023   0.043   0.000   0.000   0.000 01O000M000t
00487 GLU01A0253_001 f 0.00  0.000     0  0.00  0  0  -1.639  -1.305   2.998   0.234  -0.228   0.000 01O000M000t
00488 GLU01A0253_002 f 0.00  0.000     0  0.00  0  0  -1.639  -1.305   0.278   0.077   0.651   0.000 01O000M000t
00489 GLU02A0253_003 f 0.00  0.000     0  0.00  0  0  -1.778  -1.304   2.998   0.137  -0.664   0.000 02O000M000t
00490 GLU02A0253_004 f 0.00  0.000     0  0.00  0  0  -1.778  -1.304   0.278   0.075   0.449   0.000 02O000M000t
00491 GLU-1A0253_005 f 0.00 -1.000     0  4.75  0 -1  -1.831  -1.279   0.278  -0.380  -0.016   0.000 -1O000M000t
00492 GLU01A0254_001 f 0.00  0.000     0  0.00  0  0  -1.892  -1.205   4.332   0.200  -0.065   0.000 01O000M000t
00493 GLU01A0254_002 f 0.00  0.000     0  0.00  0  0  -1.892  -1.205   1.612   0.060   0.609   0.000 01O000M000t
00494 GLU02A0254_003 f 0.00  0.000     0  0.00  0  0  -1.990  -1.201   4.332  -0.001   0.109   0.000 02O000M000t
00495 GLU02A0254_004 f 0.00  0.000     0  0.00  0  0  -1.990  -1.201   1.612   0.029   0.775   0.000 02O000M000t
00496 GLU-1A0254_005 f 0.00 -1.000     0  4.75  0 -1  -1.999  -1.174   1.612  -0.163   0.806   0.000 -1O000M000t
00497 LEU01A0255_001 f 0.00  0.000     0  0.00  0  0   1.501  -4.487   0.450   0.000   0.000   0.000 01O000M000t
00498 PHE01A0256_001 f 0.00  0.000     0  0.00  0  0   2.578  -4.027   0.053   0.000   0.000   0.000 01O000M000t
00499 SER01A0257_001 f 0.00  0.000     0  0.00  0  0  -3.864  -1.289   0.529  -0.240   0.078   0.000 01O000M000t
00500 LEU01A0258_001 f 0.00  0.000     0  0.00  0  0  -0.579  -2.902   1.774   0.000   0.000   0.000 01O000M000t
00501 LEU01A0259_001 f 0.00  0.000     0  0.00  0  0   1.640  -4.511   0.870   0.000   0.000   0.000 01O000M000t
00502 ARG01A0260_001 f 0.00  0.000     0  0.00  0  0  -5.975  -3.559   0.557   0.118   1.110   0.000 01O000M000t
00503 ARG02A0260_002 f 0.00  0.000     0  0.00  0  0  -6.010  -3.590   0.557   0.067   2.165   0.000 02O000M000t
00504 ARG03A0260_003 f 0.00  0.000     0  0.00  0  0  -6.010  -3.585   0.557   0.084   1.882   0.000 03O000M000t
00505 ARG+1A0260_004 f 0.00  1.000     0 12.50  0  1  -6.052  -3.593   0.557   0.040   1.498   0.000 +1O000M000t
00506 GLU01A0261_001 f 0.00  0.000     0  0.00  0  0  -1.042  -2.998   3.157   0.130   1.080   0.000 01O000M000t
00507 GLU01A0261_002 f 0.00  0.000     0  0.00  0  0  -1.042  -2.998   0.437   0.028   0.841   0.000 01O000M000t
00508 GLU02A0261_003 f 0.00  0.000     0  0.00  0  0  -1.457  -2.975   3.157  -0.019  -0.290   0.000 02O000M000t
00509 GLU02A0261_004 f 0.00  0.000     0  0.00  0  0  -1.457  -2.975   0.437   0.020   0.887   0.000 02O000M000t
00510 GLU-1A0261_005 f 0.00 -1.000     0  4.75  0 -1  -1.437  -2.941   0.437   0.107   1.099   0.000 -1O000M000t
00511 HIS01A0263_001 f 0.00  0.000     0  0.00  0  0  -5.818  -3.579   0.055   0.108   1.581   0.000 01O000M000t
00512 HIS01A0263_002 f 0.00  0.000     0  0.00  0  0  -5.843  -3.461   0.055   0.552   0.361   0.000 01R001M000t
00513 HIS02A0263_003 f 0.00  0.000     0  0.00  0  0  -5.836  -3.750   0.055   0.889   1.465   0.000 02O000M000t
00514 HIS02A0263_004 f 0.00  0.000     0  0.00  0  0  -5.856  -3.457   0.055   0.545   0.632   0.000 02R001M000t
00515 HIS+1A0263_005 f 0.00  1.000     0  6.98  0  1  -5.862  -3.754   0.055   1.137   2.728   0.000 +1O000M000t
00516 HIS+1A0263_006 f 0.00  1.000     0  6.98  0  1  -5.882  -3.474   0.055   0.700   0.936   0.000 +1R001M000t
00517 ARG01A0264_001 f 0.00  0.000     0  0.00  0  0   0.103  -4.893   0.610  -1.465   2.813   0.000 01O000M000t
00518 ARG02A0264_002 f 0.00  0.000     0  0.00  0  0   0.085  -4.926   0.610  -1.856   3.561   0.000 02O000M000t
00519 ARG02A0264_003 f 0.00  0.000     0  0.00  0  0   0.163  -4.729   0.610  -1.200   3.476   0.000 02O000M000t
00520 ARG03A0264_004 f 0.00  0.000     0  0.00  0  0   0.083  -4.745   0.610  -1.694   2.996   0.000 03O000M000t
00521 ARG+1A0264_005 f 0.00  1.000     0 12.50  0  1   0.040  -4.863   0.610  -6.314   6.191   0.000 +1O000M000t
00522 MET01A0265_001 f 0.00  0.000     0  0.00  0  0   0.118  -3.976   0.930  -0.227   0.093   0.000 01O000M000t
00523 ASP01A0266_001 f 0.00  0.000     0  0.00  0  0  -3.417   0.907   2.772   0.313   0.122   0.000 01O000M000t
00524 ASP01A0266_002 f 0.00  0.000     0  0.00  0  0  -3.417   0.907   0.052   0.234   0.498   0.000 01O000M000t
00525 ASP02A0266_003 f 0.00  0.000     0  0.00  0  0  -3.416   0.317   2.772   0.313  -0.525   0.000 02O000M000t
00526 ASP02A0266_004 f 0.00  0.000     0  0.00  0  0  -3.416   0.317   0.052   0.251   0.802   0.000 02O000M000t
00527 ASP-1A0266_005 f 0.00 -1.000     0  4.75  0 -1  -3.342   0.352   0.052  -0.195   0.252   0.000 -1O000M000t
00528 ARG01A0267_001 f 0.00  0.000     0  0.00  0  0  -4.562  -3.601   0.566  -0.855   0.885   0.000 01O000M000t
00529 ARG02A0267_002 f 0.00  0.000     0  0.00  0  0  -4.593  -3.563   0.566  -1.072   2.043   0.000 02O000M000t
00530 ARG02A0267_003 f 0.00  0.000     0  0.00  0  0  -4.500  -3.734   0.566   1.002   1.548   0.000 02O000M000t
00531 ARG03A0267_004 f 0.00  0.000     0  0.00  0  0  -4.596  -3.608   0.566  -0.889   1.810   0.000 03O000M000t
00532 ARG+1A0267_005 f 0.00  1.000     0 12.50  0  1  -4.640  -3.613   0.566  -1.071   1.667   0.000 +1O000M000t
00533 PRO01A0268_001 f 0.00  0.000     0  0.00  0  0   0.252  -2.997   0.000   0.000   0.000   0.000 01O000M000t
00534 PRO01A0269_001 f 0.00  0.000     0  0.00  0  0  -6.136  -0.437   0.000   0.000   0.000   0.000 01O000M000t
00535 HIS01A0270_001 f 0.00  0.000     0  0.00  0  0 -10.237  -0.136   0.149   0.099   0.589   0.000 01O000M000t
00536 HIS01A0270_002 f 0.00  0.000     0  0.00  0  0 -10.008  -0.120   0.149   0.307   0.483   0.000 01R001M000t
00537 HIS02A0270_003 f 0.00  0.000     0  0.00  0  0 -10.255  -0.166   0.149   0.144   0.209   0.000 02O000M000t
00538 HIS02A0270_004 f 0.00  0.000     0  0.00  0  0 -10.020  -0.151   0.149   0.034   0.172   0.000 02R001M000t
00539 HIS+1A0270_005 f 0.00  1.000     0  6.98  0  1 -10.281  -0.170   0.149   0.231  -0.216   0.000 +1O000M000t
00540 HIS+1A0270_006 f 0.00  1.000     0  6.98  0  1 -10.046  -0.154   0.149   0.213   0.096   0.000 +1R001M000t
00541 CYS01A0271_001 f 0.00  0.000     0  0.00  0  0  -0.002  -3.636   0.007  -0.189   0.983   0.000 01O000M000t
00542 CYS01A0271_002 f 0.00  0.000     0  0.00  0  0  -0.002  -3.510   0.007   0.063   0.987   0.000 01O000M000t
00543 CYS01A0271_003 f 0.00  0.000     0  0.00  0  0  -0.002  -3.499   0.007  -0.283   0.988   0.000 01O000M000t
00544 CYS-1A0271_004 f 0.00 -1.000     0  9.10  0 -1   0.000  -3.455   0.007  -2.934  13.087   0.000 -1O000M000t
00545 PRO01A0272_001 f 0.00  0.000     0  0.00  0  0  -2.616  -1.317   0.000   0.000   0.000   0.000 01O000M000t
00546 PRO01A0273_001 f 0.00  0.000     0  0.00  0  0  -6.102  -0.840   0.000   0.000   0.000   0.000 01O000M000t
00547 GLU01A0274_001 f 0.00  0.000     0  0.00  0  0  -0.921  -2.005   3.507   0.516  -0.323   0.000 01O000M000t
00548 GLU01A0274_002 f 0.00  0.000     0  0.00  0  0  -0.921  -2.005   0.787   0.135   0.774   0.000 01O000M000t
00549 GLU02A0274_003 f 0.00  0.000     0  0.00  0  0  -1.255  -1.992   3.507  -0.004  -0.707   0.000 02O000M000t
00550 GLU02A0274_004 f 0.00  0.000     0  0.00  0  0  -1.255  -1.992   0.787   0.017   0.751   0.000 02O000M000t
00551 GLU-1A0274_005 f 0.00 -1.000     0  4.75  0 -1  -1.244  -1.956   0.787  -0.659   0.766   0.000 -1O000M000t
00552 LEU01A0275_001 f 0.00  0.000     0  0.00  0  0   1.938  -2.919   1.173   0.000   0.000   0.000 01O000M000t
00553 TYR01A0276_001 f 0.00  0.000     0  0.00  0  0   1.877  -6.828   0.072  -1.936   1.914   0.000 01O000M000t
00554 TYR01A0276_002 f 0.00  0.000     0  0.00  0  0   1.877  -6.828   0.072   0.945   1.530   0.000 01O000M000t
00555 TYR-1A0276_003 f 0.00 -1.000     0 10.20  0 -1   1.877  -6.828   0.072   1.416   6.103   0.000 -1O000M000t
00556 LEU01A0278_001 f 0.00  0.000     0  0.00  0  0   0.937  -4.393   0.503   0.000   0.000   0.000 01O000M000t
00557 MET01A0279_001 f 0.00  0.000     0  0.00  0  0   0.119  -7.675   0.745   0.035   0.099   0.000 01O000M000t
00558 ARG01A0280_001 f 0.00  0.000     0  0.00  0  0  -4.480  -4.218   0.556   0.002   1.085   0.000 01O000M000t
00559 ARG02A0280_002 f 0.00  0.000     0  0.00  0  0  -4.515  -4.246   0.556  -0.178   2.098   0.000 02O000M000t
00560 ARG02A0280_003 f 0.00  0.000     0  0.00  0  0  -4.436  -4.240   0.556  -0.102   1.660   0.000 02O000M000t
00561 ARG03A0280_004 f 0.00  0.000     0  0.00  0  0  -4.522  -4.243   0.556  -0.129   1.711   0.000 03O000M000t
00562 ARG+1A0280_005 f 0.00  1.000     0 12.50  0  1  -4.561  -4.251   0.556  -0.533   2.321   0.000 +1O000M000t
00563 GLU01A0281_001 f 0.00  0.000     0  0.00  0  0  -0.816  -3.930   3.640   0.051   1.119   0.000 01O000M000t
00564 GLU01A0281_002 f 0.00  0.000     0  0.00  0  0  -0.816  -3.930   0.920   0.004   0.503   0.000 01O000M000t
00565 GLU02A0281_003 f 0.00  0.000     0  0.00  0  0  -1.208  -3.888   3.640  -0.083  -0.616   0.000 02O000M000t
00566 GLU02A0281_004 f 0.00  0.000     0  0.00  0  0  -1.208  -3.888   0.920  -0.035   0.805   0.000 02O000M000t
00567 GLU-1A0281_005 f 0.00 -1.000     0  4.75  0 -1  -1.223  -3.854   0.920  -0.000   0.940   0.000 -1O000M000t
00568 CYS01A0282_001 f 0.00  0.000     0  0.00  0  0  -0.002  -5.266   0.188   0.068   0.994   0.000 01O000M000t
00569 CYS01A0282_002 f 0.00  0.000     0  0.00  0  0  -0.002  -5.333   0.188  -0.349   0.988   0.000 01O000M000t
00570 CYS01A0282_003 f 0.00  0.000     0  0.00  0  0  -0.002  -5.291   0.188   0.279   0.995   0.000 01O000M000t
00571 CYS-1A0282_004 f 0.00 -1.000     0  9.10  0 -1   0.000  -5.200   0.188   2.500  14.607   0.000 -1O000M000t
00572 TRP01A0283_001 f 0.00  0.000     0  0.00  0  0   2.190 -11.621   0.136   0.000   0.000   0.000 01O000M000t
00573 HIS01A0284_001 f 0.00  0.000     0  0.00  0  0  -4.200  -6.725   0.636   0.009   1.228   0.000 01O000M000t
00574 HIS01A0284_002 f 0.00  0.000     0  0.00  0  0  -4.610  -6.699   0.636   1.143   1.750   0.000 01R001M000t
00575 HIS02A0284_003 f 0.00  0.000     0  0.00  0  0  -4.216  -6.762   0.636  -0.099   0.907   0.000 02O000M000t
00576 HIS02A0284_004 f 0.00  0.000     0  0.00  0  0  -4.622  -6.846   0.636  -0.419   1.478   0.000 02R001M000t
00577 HIS+1A0284_005 f 0.00  1.000     0  6.98  0  1  -4.242  -6.791   0.636  -0.873   1.441   0.000 +1O000M000t
00578 HIS+1A0284_006 f 0.00  1.000     0  6.98  0  1  -4.649  -6.858   0.636  -1.413   2.601   0.000 +1R001M000t
00579 ALA01A0285_001 f 0.00  0.000     0  0.00  0  0  -3.432  -0.193   0.000   0.000   0.000   0.000 01O000M000t
00580 ALA01A0286_001 f 0.00  0.000     0  0.00  0  0  -2.060  -0.738   0.000   0.000   0.000   0.000 01O000M000t
00581 PRO01A0287_001 f 0.00  0.000     0  0.00  0  0  -2.925  -0.970   0.000   0.000   0.000   0.000 01O000M000t
00582 SER01A0288_001 f 0.00  0.000     0  0.00  0  0  -4.704  -0.780   0.375   0.554   0.526   0.000 01O000M000t
00583 SER01A0288_002 f 0.00  0.000     0  0.00  0  0  -4.704  -0.780   0.000  -1.185   0.141   0.000 01O000M000t
00584 GLN01A0289_001 f 0.00  0.000     0  0.00  0  0  -1.959  -2.368   0.257   0.027   0.229   0.000 01O000M000t
00585 GLN01A0289_002 f 0.00  0.000     0  0.00  0  0  -0.969  -2.453   0.257   0.153   0.382   0.000 01R001M000t
00586 ARG01A0290_001 f 0.00  0.000     0  0.00  0  0   1.343 -10.841   1.410   1.424   4.402   0.000 01O000M000t
00587 ARG02A0290_002 f 0.00  0.000     0  0.00  0  0   1.303  -9.738   1.410  -3.566   4.898   0.000 02O000M000t
00588 ARG02A0290_003 f 0.00  0.000     0  0.00  0  0   1.362  -9.660   1.410  -1.443   4.861   0.000 02O000M000t
00589 ARG03A0290_004 f 0.00  0.000     0  0.00  0  0   1.299  -9.754   1.410  -3.296   4.816   0.000 03O000M000t
00590 ARG03A0290_005 f 0.00  0.000     0  0.00  0  0   1.304  -9.679   1.410   0.019   4.817   0.000 03O000M000t
00591 ARG+1A0290_006 f 0.00  1.000     0 12.50  0  1   1.261  -9.812   1.410  -8.349  10.588   0.000 +1O000M000t
00592 PRO01A0291_001 f 0.00  0.000     0  0.00  0  0  -0.145  -4.178   0.000   0.000   0.000   0.000 01O000M000t
00593 THR01A0292_001 f 0.00  0.000     0  0.00  0  0  -3.201  -1.393   0.386  -0.332   1.492   0.000 01O000M000t
00594 THR01A0292_002 f 0.00  0.000     0  0.00  0  0  -3.201  -1.393   0.386   2.915   1.647   0.000 01O000M000t
00595 THR01A0292_003 f 0.00  0.000     0  0.00  0  0  -3.201  -1.393   0.011  -2.157   0.566   0.000 01O000M000t
00596 PHE01A0293_001 f 0.00  0.000     0  0.00  0  0   4.257  -8.927   0.659   0.000   0.000   0.000 01O000M000t
00597 LYS01A0294_001 f 0.00  0.000     0  0.00  0  0  -7.013  -0.994   1.802  -0.029   0.069   0.000 01O000M000t
00598 LYS+1A0294_002 f 0.00  1.000     0 10.40  0  1  -7.059  -0.996   1.802   0.230  -0.250   0.000 +1O000M000t
00599 GLN01A0295_001 f 0.00  0.000     0  0.00  0  0  -1.828  -3.340   0.767  -1.065   0.621   0.000 01O000M000t
00600 GLN01A0295_002 f 0.00  0.000     0  0.00  0  0  -0.912  -2.758   0.761   2.370   0.640   0.000 01R001M000t
00601 LEU01A0296_001 f 0.00  0.000     0  0.00  0  0   1.701  -5.461   0.664   0.000   0.000   0.000 01O000M000t
00602 VAL01A0297_001 f 0.00  0.000     0  0.00  0  0  -0.090   0.284   0.315   0.000   0.000   0.000 01O000M000t
00603 GLU01A0298_001 f 0.00  0.000     0  0.00  0  0  -0.253  -3.455   3.531   0.127   0.475   0.000 01O000M000t
00604 GLU01A0298_002 f 0.00  0.000     0  0.00  0  0  -0.253  -3.455   0.811   0.014   0.919   0.000 01O000M000t
00605 GLU02A0298_003 f 0.00  0.000     0  0.00  0  0  -0.788  -3.447   3.531  -0.109  -0.251   0.000 02O000M000t
00606 GLU02A0298_004 f 0.00  0.000     0  0.00  0  0  -0.788  -3.447   0.811  -0.043   0.885   0.000 02O000M000t
00607 GLU-1A0298_005 f 0.00 -1.000     0  4.75  0 -1  -0.738  -3.404   0.811  -0.208   1.385   0.000 -1O000M000t
00608 ALA01A0299_001 f 0.00  0.000     0  0.00  0  0  -1.339  -1.496   0.000   0.000   0.000   0.000 01O000M000t
00609 LEU01A0300_001 f 0.00  0.000     0  0.00  0  0   1.730  -5.508   0.881   0.000   0.000   0.000 01O000M000t
00610 ASP01A0301_001 f 0.00  0.000     0  0.00  0  0  -1.494  -2.205   4.011   0.849   1.191   0.000 01O000M000t
00611 ASP01A0301_002 f 0.00  0.000     0  0.00  0  0  -1.494  -2.205   1.291   0.286   0.531   0.000 01O000M000t
00612 ASP02A0301_003 f 0.00  0.000     0  0.00  0  0  -1.343  -2.401   4.011   0.364  -0.075   0.000 02O000M000t
00613 ASP02A0301_004 f 0.00  0.000     0  0.00  0  0  -1.343  -2.401   1.291   0.261   0.996   0.000 02O000M000t
00614 ASP-1A0301_005 f 0.00 -1.000     0  4.75  0 -1  -1.428  -2.348   1.291  -0.468   1.386   0.000 -1O000M000t
00615 LYS01A0302_001 f 0.00  0.000     0  0.00  0  0  -7.801  -3.066   0.994   0.007  -0.138   0.000 01O000M000t
00616 LYS+1A0302_002 f 0.00  1.000     0 10.40  0  1  -7.846  -3.071   0.994   0.063  -0.198   0.000 +1O000M000t
00617 VAL01A0303_001 f 0.00  0.000     0  0.00  0  0   0.373  -0.833   0.016   0.000   0.000   0.000 01O000M000t
00618 LEU01A0304_001 f 0.00  0.000     0  0.00  0  0  -0.548  -4.960   0.752   0.000   0.000   0.000 01O000M000t
00619 LEU01A0305_001 f 0.00  0.000     0  0.00  0  0  -5.180  -3.219   0.421   0.000   0.000   0.000 01O000M000t
00620 ALA01A0306_001 f 0.00  0.000     0  0.00  0  0  -2.730  -1.451   0.000   0.000   0.000   0.000 01O000M000t
00621 VAL01A0307_001 f 0.00  0.000     0  0.00  0  0  -0.586   1.597   0.038   0.000   0.000   0.000 01O000M000t
00622 SER01A0308_001 f 0.00  0.000     0  0.00  0  0  -2.486  -0.212   0.476   0.227   0.412   0.000 01O000M000t
00623 SER01A0308_002 f 0.00  0.000     0  0.00  0  0  -2.486  -0.212   0.476  -1.858   1.425   0.000 01O000M000t
00624 GLU01A0309_001 f 0.00  0.000     0  0.00  0  0  -0.644  -3.152   4.473   0.082   0.305   0.000 01O000M000t
00625 GLU01A0309_002 f 0.00  0.000     0  0.00  0  0  -0.644  -3.152   1.753  -0.004   0.799   0.000 01O000M000t
00626 GLU02A0309_003 f 0.00  0.000     0  0.00  0  0  -1.037  -3.156   4.473  -0.140   0.212   0.000 02O000M000t
00627 GLU02A0309_004 f 0.00  0.000     0  0.00  0  0  -1.037  -3.156   1.753  -0.011   0.845   0.000 02O000M000t
00628 GLU-1A0309_005 f 0.00 -1.000     0  4.75  0 -1  -0.998  -3.085   1.753   0.042   1.416   0.000 -1O000M000t
00629 GLU01A0310_001 f 0.00  0.000     0  0.00  0  0  -2.175   2.282   4.539   1.300   0.855   0.000 01O000M000t
00630 GLU01A0310_002 f 0.00  0.000     0  0.00  0  0  -2.175   2.282   1.818  -0.141   0.655   0.000 01O000M000t
00631 GLU02A0310_003 f 0.00  0.000     0  0.00  0  0  -2.375   1.425   4.538  -0.311  -0.140   0.000 02O000M000t
00632 GLU02A0310_004 f 0.00  0.000     0  0.00  0  0  -2.375   1.425   1.818  -0.353   0.912   0.000 02O000M000t
00633 GLU-1A0310_005 f 0.00 -1.000     0  4.75  0 -1  -2.322   1.455   1.818  -0.935   1.048   0.000 -1O000M000t
00634 0LI+1B0001_001 f 0.00  1.004     0  0.00  0  0   0.000 272.105   0.000  -3.198   8.034   0.316 +1O000M000t
00635 0LI+2B0001_002 f 0.00  1.002     0  0.00  0  0   0.000 275.532   0.000  -6.443   8.472   0.573 +2O000M000t
00636 0LI01B0001_003 f 0.00 -0.002     0  0.00  0  0   0.000 272.167   0.000  -2.489   6.703   2.030 01O000M000t
00637 0LIDMB0001_004 t 0.00  0.000     0  0.00  0  0   0.000   0.000   0.000   0.000   0.000   0.000         DMt
