iConf CONFORMER     FL  occ    crg   Em0  pKa0 ne nH    vdw0    vdw1    tors    epol   dsolv   extra    history
00001 ALA01A0002_001 f 0.00  0.000     0  0.00  0  0  -1.165  -1.041   0.000   0.000   0.000   0.000 01O000M000t
00002 MET01A0003_001 f 0.00  0.000     0  0.00  0  0  -2.638  -3.326   1.166   0.060   0.052   0.000 01O000M000t
00003 ASP01A0004_001 f 0.00  0.000     0  0.00  0  0  -2.456  -1.735   3.415   0.461  -0.032   0.000 01O000M000t
00004 ASP01A0004_002 f 0.00  0.000     0  0.00  0  0  -2.456  -1.735   0.695   0.200   0.764   0.000 01O000M000t
00005 ASP02A0004_003 f 0.00  0.000     0  0.00  0  0  -2.328  -1.713   3.415   0.086   0.045   0.000 02O000M000t
00006 ASP02A0004_004 f 0.00  0.000     0  0.00  0  0  -2.328  -1.713   0.695   0.220   0.875   0.000 02O000M000t
00007 ASP-1A0004_005 f 0.00 -1.000     0  4.75  0 -1  -2.402  -1.985   0.695  -0.552   1.181   0.000 -1O000M000t
00008 PRO01A0005_001 f 0.00  0.000     0  0.00  0  0  -5.805   0.475   0.000   0.000   0.000   0.000 01O000M000t
00009 SER01A0006_001 f 0.00  0.000     0  0.00  0  0  -4.923  -0.497   0.467  -0.489  -0.161   0.000 01O000M000t
00010 SER01A0007_001 f 0.00  0.000     0  0.00  0  0  -0.048   5.150   0.478   3.198   1.781   0.000 01O000M000t
00011 SER01A0007_002 f 0.00  0.000     0  0.00  0  0  -0.048   5.150   0.103  -1.577   1.736   0.000 01O000M000t
00012 PRO01A0008_001 f 0.00  0.000     0  0.00  0  0  -6.100   0.728   0.000   0.000   0.000   0.000 01O000M000t
00013 ASN01A0009_001 f 0.00  0.000     0  0.00  0  0  -2.783  -1.185   0.930   0.468   0.089   0.000 01O000M000t
00014 ASN01A0009_002 f 0.00  0.000     0  0.00  0  0  -3.021  -0.959   0.927   0.102  -0.107   0.000 01R001M000t
00015 TYR01A0010_001 f 0.00  0.000     0  0.00  0  0  -0.356 -10.954   0.001  -0.498   0.599   0.000 01O000M000t
00016 TYR-1A0010_002 f 0.00 -1.000     0 10.20  0 -1  -0.356 -10.954   0.001  -0.594   1.748   0.000 -1O000M000t
00017 ASP01A0011_001 f 0.00  0.000     0  0.00  0  0  -1.338   0.432   3.111   3.566   1.170   0.000 01O000M000t
00018 ASP01A0011_002 f 0.00  0.000     0  0.00  0  0  -1.338   0.432   0.391  -0.152   1.147   0.000 01O000M000t
00019 ASP02A0011_003 f 0.00  0.000     0  0.00  0  0  -1.217  -0.587   3.111  -1.523   0.144   0.000 02O000M000t
00020 ASP02A0011_004 f 0.00  0.000     0  0.00  0  0  -1.217  -0.587   0.391  -1.397   1.297   0.000 02O000M000t
00021 ASP-1A0011_005 f 0.00 -1.000     0  4.75  0 -1  -1.329  -0.527   0.391  -3.976   3.054   0.000 -1O000M000t
00022 LYS01A0012_001 f 0.00  0.000     0  0.00  0  0  -6.855   0.190   1.170  -0.029  -0.079   0.000 01O000M000t
00023 LYS+1A0012_002 f 0.00  1.000     0 10.40  0  1  -6.903   0.188   1.170  -0.247   0.167   0.000 +1O000M000t
00024 TRP01A0013_001 f 0.00  0.000     0  0.00  0  0   0.129  -7.412   0.149   0.000   0.000   0.000 01O000M000t
00025 GLU01A0014_001 f 0.00  0.000     0  0.00  0  0   0.974  -4.850   5.274  -0.784   1.586   0.000 01O000M000t
00026 GLU01A0014_002 f 0.00  0.000     0  0.00  0  0   0.974  -4.850   2.554  -0.048   2.308   0.000 01O000M000t
00027 GLU02A0014_003 f 0.00  0.000     0  0.00  0  0   0.829  -4.544   5.274  -0.528   0.754   0.000 02O000M000t
00028 GLU02A0014_004 f 0.00  0.000     0  0.00  0  0   0.829  -4.544   2.554   2.809   2.451   0.000 02O000M000t
00029 GLU-1A0014_005 f 0.00 -1.000     0  4.75  0 -1   0.746  -4.717   2.554  -2.895   6.353   0.000 -1O000M000t
00030 MET01A0015_001 f 0.00  0.000     0  0.00  0  0  -0.142  -2.428   2.256   0.074   0.093   0.000 01O000M000t
00031 GLU01A0016_001 f 0.00  0.000     0  0.00  0  0  -1.025   7.391   6.657  -0.403   1.052   0.000 01O000M000t
00032 GLU01A0016_002 f 0.00  0.000     0  0.00  0  0  -1.025   7.391   3.937  -0.487   1.600   0.000 01O000M000t
00033 GLU02A0016_003 f 0.00  0.000     0  0.00  0  0  -1.083   5.679   6.657  -0.284   0.676   0.000 02O000M000t
00034 GLU02A0016_004 f 0.00  0.000     0  0.00  0  0  -1.083   5.679   3.937   0.248   1.414   0.000 02O000M000t
00035 GLU-1A0016_005 f 0.00 -1.000     0  4.75  0 -1  -1.139   5.442   3.937  -4.376   3.289   0.000 -1O000M000t
00036 ARG01A0017_001 f 0.00  0.000     0  0.00  0  0  -0.119  -4.519   0.621  -2.441   2.470   0.000 01O000M000t
00037 ARG02A0017_002 f 0.00  0.000     0  0.00  0  0  -0.148  -4.445   0.621  -0.806   3.779   0.000 02O000M000t
00038 ARG03A0017_003 f 0.00  0.000     0  0.00  0  0  -0.152  -4.454   0.621  -1.951   3.516   0.000 03O000M000t
00039 ARG+1A0017_004 f 0.00  1.000     0 12.50  0  1  -0.196  -4.537   0.621  -3.988   5.158   0.000 +1O000M000t
00040 THR01A0018_001 f 0.00  0.000     0  0.00  0  0  -5.359   1.829   0.685   0.758   1.259   0.000 01O000M000t
00041 THR01A0018_002 f 0.00  0.000     0  0.00  0  0  -5.359   1.829   0.685  -0.422   0.563   0.000 01O000M000t
00042 THR01A0018_003 f 0.00  0.000     0  0.00  0  0  -5.359   1.829   0.310  -1.114   0.398   0.000 01O000M000t
00043 ASP01A0019_001 f 0.00  0.000     0  0.00  0  0  -1.146  15.507   4.879   0.622   0.920   0.000 01O000M000t
00044 ASP01A0019_002 f 0.00  0.000     0  0.00  0  0  -1.146  15.507   2.159   0.116   0.837   0.000 01O000M000t
00045 ASP02A0019_003 f 0.00  0.000     0  0.00  0  0  -1.080  15.140   4.879   0.212   0.701   0.000 02O000M000t
00046 ASP02A0019_004 f 0.00  0.000     0  0.00  0  0  -1.080  15.140   2.159   0.081   0.786   0.000 02O000M000t
00047 ASP-1A0019_005 f 0.00 -1.000     0  4.75  0 -1  -1.114  15.207   2.159  -0.718   2.028   0.000 -1O000M000t
00048 ILE01A0020_001 f 0.00  0.000     0  0.00  0  0   0.903   8.917   1.341   0.000   0.000   0.000 01O000M000t
00049 THR01A0021_001 f 0.00  0.000     0  0.00  0  0  -3.299  -1.550   0.400  -0.376   0.176   0.000 01O000M000t
00050 MET01A0022_001 f 0.00  0.000     0  0.00  0  0  -2.143  -2.045   1.022  -0.010   0.086   0.000 01O000M000t
00051 LYS01A0023_001 f 0.00  0.000     0  0.00  0  0  -4.360   2.338   0.831  -0.058   0.192   0.000 01O000M000t
00052 LYS+1A0023_002 f 0.00  1.000     0 10.40  0  1  -4.405   2.330   0.831   0.337   0.670   0.000 +1O000M000t
00053 HIS01A0024_001 f 0.00  0.000     0  0.00  0  0  -8.576  -1.937   0.148   0.497   0.409   0.000 01O000M000t
00054 HIS01A0024_002 f 0.00  0.000     0  0.00  0  0  -8.931  -1.954   0.148   0.380   0.198   0.000 01R001M000t
00055 HIS02A0024_003 f 0.00  0.000     0  0.00  0  0  -8.593  -1.969   0.148   0.382   0.220   0.000 02O000M000t
00056 HIS02A0024_004 f 0.00  0.000     0  0.00  0  0  -8.945  -1.969   0.148   0.374   0.372   0.000 02R001M000t
00057 HIS+1A0024_005 f 0.00  1.000     0  6.98  0  1  -8.620  -1.972   0.148   0.932   0.019   0.000 +1O000M000t
00058 HIS+1A0024_006 f 0.00  1.000     0  6.98  0  1  -8.971  -1.972   0.148   0.918   0.018   0.000 +1R001M000t
00059 LYS01A0025_001 f 0.00  0.000     0  0.00  0  0  -5.081  -3.193   0.902  -0.112   0.137   0.000 01O000M000t
00060 LYS+1A0025_002 f 0.00  1.000     0 10.40  0  1  -5.125  -3.202   0.902   0.742   0.599   0.000 +1O000M000t
00061 LEU01A0026_001 f 0.00  0.000     0  0.00  0  0   1.458  -4.590   0.409   0.000   0.000   0.000 01O000M000t
00062 GLN01A0030_001 f 0.00  0.000     0  0.00  0  0  -2.975  -0.272   0.770  -0.083  -0.046   0.000 01O000M000t
00063 GLN01A0030_002 f 0.00  0.000     0  0.00  0  0  -2.801  -0.294   0.768   0.184  -0.203   0.000 01R001M000t
00064 TYR01A0031_001 f 0.00  0.000     0  0.00  0  0   3.259   9.453   1.068   0.559   2.051   0.000 01O000M000t
00065 TYR-1A0031_002 f 0.00 -1.000     0 10.20  0 -1   3.259   9.453   1.068  -0.417   6.855   0.000 -1O000M000t
00066 GLU01A0033_001 f 0.00  0.000     0  0.00  0  0  -0.543  22.095   3.772   0.279   0.660   0.000 01O000M000t
00067 GLU01A0033_002 f 0.00  0.000     0  0.00  0  0  -0.543  22.095   1.052  -0.090   1.320   0.000 01O000M000t
00068 GLU02A0033_003 f 0.00  0.000     0  0.00  0  0  -0.536  17.281   3.772   0.042   1.548   0.000 02O000M000t
00069 GLU02A0033_004 f 0.00  0.000     0  0.00  0  0  -0.536  17.281   1.052  -0.316   1.216   0.000 02O000M000t
00070 GLU-1A0033_005 f 0.00 -1.000     0  4.75  0 -1  -0.630  17.390   1.052  -2.093   3.078   0.000 -1O000M000t
00071 VAL01A0034_001 f 0.00  0.000     0  0.00  0  0   0.601  -2.224   0.037   0.000   0.000   0.000 01O000M000t
00072 TYR01A0035_001 f 0.00  0.000     0  0.00  0  0   1.161  -7.769   0.615  -0.004   0.779   0.000 01O000M000t
00073 TYR-1A0035_002 f 0.00 -1.000     0 10.20  0 -1   1.161  -7.769   0.615  -0.359   1.121   0.000 -1O000M000t
00074 GLU01A0036_001 f 0.00  0.000     0  0.00  0  0   0.143  -3.303   3.534   0.275   1.467   0.000 01O000M000t
00075 GLU01A0036_002 f 0.00  0.000     0  0.00  0  0   0.143  -3.303   0.814   0.108   0.749   0.000 01O000M000t
00076 GLU02A0036_003 f 0.00  0.000     0  0.00  0  0   0.077  -3.293   3.534   0.327   0.888   0.000 02O000M000t
00077 GLU02A0036_004 f 0.00  0.000     0  0.00  0  0   0.077  -3.293   0.814   0.143   1.101   0.000 02O000M000t
00078 GLU-1A0036_005 f 0.00 -1.000     0  4.75  0 -1   0.032  -3.253   0.814  -0.322   2.488   0.000 -1O000M000t
00079 VAL01A0038_001 f 0.00  0.000     0  0.00  0  0  -0.658  -0.960   0.084   0.000   0.000   0.000 01O000M000t
00080 TRP01A0039_001 f 0.00  0.000     0  0.00  0  0  -0.436  -3.304   0.140   0.000   0.000   0.000 01O000M000t
00081 LYS01A0040_001 f 0.00  0.000     0  0.00  0  0  -5.064  -4.166   0.896   0.295   0.185   0.000 01O000M000t
00082 LYS+1A0040_002 f 0.00  1.000     0 10.40  0  1  -5.110  -4.215   0.896  -0.910   0.620   0.000 +1O000M000t
00083 LYS01A0041_001 f 0.00  0.000     0  0.00  0  0  -6.423   1.121   1.564  -0.034  -0.092   0.000 01O000M000t
00084 LYS+1A0041_002 f 0.00  1.000     0 10.40  0  1  -6.469   1.115   1.564   0.124  -0.024   0.000 +1O000M000t
00085 TYR01A0042_001 f 0.00  0.000     0  0.00  0  0  -2.875  -2.033   0.738   0.370   0.271   0.000 01O000M000t
00086 TYR-1A0042_002 f 0.00 -1.000     0 10.20  0 -1  -2.875  -2.033   0.738   0.071   0.753   0.000 -1O000M000t
00087 SER01A0043_001 f 0.00  0.000     0  0.00  0  0  -4.812   0.593   0.473  -0.076  -0.068   0.000 01O000M000t
00088 LEU01A0044_001 f 0.00  0.000     0  0.00  0  0  -3.089   9.656   0.885   0.000   0.000   0.000 01O000M000t
00089 THR01A0045_001 f 0.00  0.000     0  0.00  0  0  -2.585  -0.735   0.375  -0.184   0.237   0.000 01O000M000t
00090 VAL01A0046_001 f 0.00  0.000     0  0.00  0  0   0.692  -1.056   0.004   0.000   0.000   0.000 01O000M000t
00091 ALA01A0047_001 f 0.00  0.000     0  0.00  0  0   0.000  -2.196   0.000   0.000   0.000   0.000 01O000M000t
00092 VAL01A0048_001 f 0.00  0.000     0  0.00  0  0   0.563  -2.698   0.002   0.000   0.000   0.000 01O000M000t
00093 LYS01A0049_001 f 0.00  0.000     0  0.00  0  0  -0.810  -4.503   0.927   0.153   0.404   0.000 01O000M000t
00094 LYS+1A0049_002 f 0.00  1.000     0 10.40  0  1  -0.855  -4.519   0.927   0.096   2.761   0.000 +1O000M000t
00095 THR01A0050_001 f 0.00  0.000     0  0.00  0  0  -0.611   7.284   0.563  -0.184   1.702   0.000 01O000M000t
00096 THR01A0050_002 f 0.00  0.000     0  0.00  0  0  -0.611   7.284   0.188  -0.077   0.670   0.000 01O000M000t
00097 LEU01A0051_001 f 0.00  0.000     0  0.00  0  0   1.396  -3.432   0.455   0.000   0.000   0.000 01O000M000t
00098 LYS01A0052_001 f 0.00  0.000     0  0.00  0  0  -6.349   0.488   0.859  -0.030  -0.101   0.000 01O000M000t
00099 LYS+1A0052_002 f 0.00  1.000     0 10.40  0  1  -6.394   0.486   0.859   0.525   0.309   0.000 +1O000M000t
00100 GLU01A0053_001 f 0.00  0.000     0  0.00  0  0  -2.740   5.200   2.949   0.089  -0.696   0.000 01O000M000t
00101 GLU01A0053_002 f 0.00  0.000     0  0.00  0  0  -2.740   5.200   0.229   0.084   0.494   0.000 01O000M000t
00102 GLU02A0053_003 f 0.00  0.000     0  0.00  0  0  -2.210   5.190   2.949   0.377  -0.239   0.000 02O000M000t
00103 GLU02A0053_004 f 0.00  0.000     0  0.00  0  0  -2.210   5.190   0.229   0.135   0.480   0.000 02O000M000t
00104 GLU-1A0053_005 f 0.00 -1.000     0  4.75  0 -1  -2.701   5.220   0.229  -0.436  -0.320   0.000 -1O000M000t
00105 ASP01A0054_001 f 0.00  0.000     0  0.00  0  0  -3.141   6.445   3.752   1.568   0.301   0.000 01O000M000t
00106 ASP01A0054_002 f 0.00  0.000     0  0.00  0  0  -3.141   6.445   1.032   0.284   0.324   0.000 01O000M000t
00107 ASP02A0054_003 f 0.00  0.000     0  0.00  0  0  -3.149   4.958   3.752   0.282  -0.383   0.000 02O000M000t
00108 ASP02A0054_004 f 0.00  0.000     0  0.00  0  0  -3.149   4.958   1.032   0.212   0.670   0.000 02O000M000t
00109 ASP-1A0054_005 f 0.00 -1.000     0  4.75  0 -1  -3.155   4.994   1.032  -1.070   0.421   0.000 -1O000M000t
00110 THR01A0055_001 f 0.00  0.000     0  0.00  0  0  -1.276  33.632   0.395   0.138   0.828   0.000 01O000M000t
00111 THR01A0055_002 f 0.00  0.000     0  0.00  0  0  -1.276  33.632   0.020  -0.629   0.522   0.000 01O000M000t
00112 MET01A0056_001 f 0.00  0.000     0  0.00  0  0   1.662  -2.117   0.309   0.091   0.061   0.000 01O000M000t
00113 GLU01A0057_001 f 0.00  0.000     0  0.00  0  0  -2.076 999.000   5.227   6.629  -0.032   0.000 01O000M000t
00114 GLU01A0057_002 f 0.00  0.000     0  0.00  0  0  -2.076  29.736   2.507  -0.927   0.767   0.000 01O000M000t
00115 GLU02A0057_003 f 0.00  0.000     0  0.00  0  0  -2.088  21.993   5.227  -1.422  -0.077   0.000 02O000M000t
00116 GLU02A0057_004 f 0.00  0.000     0  0.00  0  0  -2.088  21.993   2.507  -1.562   1.059   0.000 02O000M000t
00117 GLU-1A0057_005 f 0.00 -1.000     0  4.75  0 -1  -2.136  22.034   2.507  -3.429   1.801   0.000 -1O000M000t
00118 VAL01A0058_001 f 0.00  0.000     0  0.00  0  0  -4.098   2.322   0.023   0.000   0.000   0.000 01O000M000t
00119 GLU01A0059_001 f 0.00  0.000     0  0.00  0  0  -1.157   0.180   4.079   0.720   0.053   0.000 01O000M000t
00120 GLU01A0059_002 f 0.00  0.000     0  0.00  0  0  -1.157   0.180   1.359   0.490   1.118   0.000 01O000M000t
00121 GLU02A0059_003 f 0.00  0.000     0  0.00  0  0  -1.493   0.497   4.079  -0.089  -0.337   0.000 02O000M000t
00122 GLU02A0059_004 f 0.00  0.000     0  0.00  0  0  -1.493   0.497   1.359   0.128   0.900   0.000 02O000M000t
00123 GLU-1A0059_005 f 0.00 -1.000     0  4.75  0 -1  -1.518   0.219   1.359  -0.227   2.121   0.000 -1O000M000t
00124 GLU01A0060_001 f 0.00  0.000     0  0.00  0  0   0.092  -0.778   3.263   0.074  -0.279   0.000 01O000M000t
00125 GLU01A0060_002 f 0.00  0.000     0  0.00  0  0   0.092  -0.778   0.543  -0.009   0.747   0.000 01O000M000t
00126 GLU02A0060_003 f 0.00  0.000     0  0.00  0  0   0.395  -0.248   3.263   0.880   0.918   0.000 02O000M000t
00127 GLU02A0060_004 f 0.00  0.000     0  0.00  0  0   0.395  -0.248   0.543   0.065   0.782   0.000 02O000M000t
00128 GLU-1A0060_005 f 0.00 -1.000     0  4.75  0 -1  -0.049  -0.741   0.543  -0.399   1.026   0.000 -1O000M000t
00129 PHE01A0061_001 f 0.00  0.000     0  0.00  0  0   4.745  -8.568   0.021   0.000   0.000   0.000 01O000M000t
00130 LEU01A0062_001 f 0.00  0.000     0  0.00  0  0  -0.651   3.605   3.047   0.000   0.000   0.000 01O000M000t
00131 LYS01A0063_001 f 0.00  0.000     0  0.00  0  0  -3.170  -3.185   1.361   0.061   0.134   0.000 01O000M000t
00132 LYS+1A0063_002 f 0.00  1.000     0 10.40  0  1  -3.213  -3.190   1.361  -0.337   0.447   0.000 +1O000M000t
00133 GLU01A0064_001 f 0.00  0.000     0  0.00  0  0   1.636  -5.477   3.147  -0.635   1.612   0.000 01O000M000t
00134 GLU01A0064_002 f 0.00  0.000     0  0.00  0  0   1.636  -5.477   0.427  -0.822   2.449   0.000 01O000M000t
00135 GLU02A0064_003 f 0.00  0.000     0  0.00  0  0   1.372  -5.386   3.147   3.211   2.324   0.000 02O000M000t
00136 GLU02A0064_004 f 0.00  0.000     0  0.00  0  0   1.372  -5.386   0.427  -0.242   2.009   0.000 02O000M000t
00137 GLU-1A0064_005 f 0.00 -1.000     0  4.75  0 -1   1.243  -5.404   0.427  -3.785   7.392   0.000 -1O000M000t
00138 ALA01A0065_001 f 0.00  0.000     0  0.00  0  0   0.000  -1.021   0.000   0.000   0.000   0.000 01O000M000t
00139 ALA01A0066_001 f 0.00  0.000     0  0.00  0  0  -2.917  -0.768   0.000   0.000   0.000   0.000 01O000M000t
00140 VAL01A0067_001 f 0.00  0.000     0  0.00  0  0   0.248  -0.943   0.348   0.000   0.000   0.000 01O000M000t
00141 MET01A0068_001 f 0.00  0.000     0  0.00  0  0   0.095  -2.319   0.787  -0.002   0.097   0.000 01O000M000t
00142 LYS01A0069_001 f 0.00  0.000     0  0.00  0  0  -1.973  -0.210   0.896  -0.072   0.364   0.000 01O000M000t
00143 LYS+1A0069_002 f 0.00  1.000     0 10.40  0  1  -2.018  -0.225   0.896   0.510   2.204   0.000 +1O000M000t
00144 GLU01A0070_001 f 0.00  0.000     0  0.00  0  0  -2.443  -1.823   4.006   0.142  -0.376   0.000 01O000M000t
00145 GLU01A0070_002 f 0.00  0.000     0  0.00  0  0  -2.443  -1.823   1.286   0.121   0.599   0.000 01O000M000t
00146 GLU02A0070_003 f 0.00  0.000     0  0.00  0  0  -2.493  -1.795   4.006   0.128   0.010   0.000 02O000M000t
00147 GLU02A0070_004 f 0.00  0.000     0  0.00  0  0  -2.493  -1.795   1.286   0.123   0.710   0.000 02O000M000t
00148 GLU-1A0070_005 f 0.00 -1.000     0  4.75  0 -1  -2.539  -1.783   1.286   0.400   0.419   0.000 -1O000M000t
00149 ILE01A0071_001 f 0.00  0.000     0  0.00  0  0   3.327  -1.102   0.439   0.000   0.000   0.000 01O000M000t
00150 LYS01A0072_001 f 0.00  0.000     0  0.00  0  0  -8.039  -1.275   0.958   0.025   0.157   0.000 01O000M000t
00151 LYS+1A0072_002 f 0.00  1.000     0 10.40  0  1  -8.105  -1.280   0.958  -0.098   0.399   0.000 +1O000M000t
00152 HIS01A0073_001 f 0.00  0.000     0  0.00  0  0  -1.669  -5.113   0.209   0.938   2.473   0.000 01O000M000t
00153 HIS01A0073_002 f 0.00  0.000     0  0.00  0  0  -1.633  -7.240   0.209  -2.194   2.556   0.000 01R001M000t
00154 HIS02A0073_003 f 0.00  0.000     0  0.00  0  0  -1.688  -5.081   0.209   0.487   2.284   0.000 02O000M000t
00155 HIS02A0073_004 f 0.00  0.000     0  0.00  0  0  -1.646  -7.411   0.209   1.864   2.516   0.000 02R001M000t
00156 HIS+1A0073_005 f 0.00  1.000     0  6.98  0  1  -1.715  -5.153   0.209   4.262   4.630   0.000 +1O000M000t
00157 HIS+1A0073_006 f 0.00  1.000     0  6.98  0  1  -1.672  -7.435   0.209   5.179   4.480   0.000 +1R001M000t
00158 PRO01A0074_001 f 0.00  0.000     0  0.00  0  0  -5.560  -1.026   0.000   0.000   0.000   0.000 01O000M000t
00159 ASN01A0075_001 f 0.00  0.000     0  0.00  0  0  -0.158  -4.773   0.976   1.156   1.368   0.000 01O000M000t
00160 ASN01A0075_002 f 0.00  0.000     0  0.00  0  0  -0.352  -4.256   0.993  -1.081   1.588   0.000 01R001M000t
00161 LEU01A0076_001 f 0.00  0.000     0  0.00  0  0   1.682  -5.865   0.692   0.000   0.000   0.000 01O000M000t
00162 VAL01A0077_001 f 0.00  0.000     0  0.00  0  0   0.659   4.168   0.006   0.000   0.000   0.000 01O000M000t
00163 GLN01A0078_001 f 0.00  0.000     0  0.00  0  0   0.085   2.153   0.713  -1.613   1.544   0.000 01O000M000t
00164 GLN01A0078_002 f 0.00  0.000     0  0.00  0  0   0.172  -1.272   0.708   0.665   1.061   0.000 01R001M000t
00165 LEU01A0079_001 f 0.00  0.000     0  0.00  0  0   1.576  -3.612   0.582   0.000   0.000   0.000 01O000M000t
00166 LEU01A0080_001 f 0.00  0.000     0  0.00  0  0   0.259  -5.258   0.417   0.000   0.000   0.000 01O000M000t
00167 VAL01A0082_001 f 0.00  0.000     0  0.00  0  0   0.502   0.181   0.085   0.000   0.000   0.000 01O000M000t
00168 CYS01A0083_001 f 0.00  0.000     0  0.00  0  0  -0.002  -3.421   0.489  -0.677   0.734   0.000 01O000M000t
00169 CYS01A0083_002 f 0.00  0.000     0  0.00  0  0  -0.002  -3.352   0.489   0.049   0.931   0.000 01O000M000t
00170 CYS01A0083_003 f 0.00  0.000     0  0.00  0  0  -0.003  -3.329   0.489  -0.002   0.932   0.000 01O000M000t
00171 CYS-1A0083_004 f 0.00 -1.000     0  9.10  0 -1   0.000  -3.267   0.489  -1.005  10.216   0.000 -1O000M000t
00172 THR01A0084_001 f 0.00  0.000     0  0.00  0  0  -1.694   2.244   0.408   0.444   1.402   0.000 01O000M000t
00173 THR01A0084_002 f 0.00  0.000     0  0.00  0  0  -1.694   2.244   0.408  -0.063   0.831   0.000 01O000M000t
00174 ARG01A0085_001 f 0.00  0.000     0  0.00  0  0  -4.912  23.447   0.641  -0.031   0.625   0.000 01O000M000t
00175 ARG02A0085_002 f 0.00  0.000     0  0.00  0  0  -4.986  23.442   0.641  -0.079   1.782   0.000 02O000M000t
00176 ARG03A0085_003 f 0.00  0.000     0  0.00  0  0  -4.986  23.437   0.641  -0.011   1.492   0.000 03O000M000t
00177 ARG+1A0085_004 f 0.00  1.000     0 12.50  0  1  -5.030  23.434   0.641   0.394   1.136   0.000 +1O000M000t
00178 GLU01A0086_001 f 0.00  0.000     0  0.00  0  0  -1.114  -0.908   4.518   0.195  -0.018   0.000 01O000M000t
00179 GLU01A0086_002 f 0.00  0.000     0  0.00  0  0  -1.114  -0.908   1.798   0.110   0.775   0.000 01O000M000t
00180 GLU02A0086_003 f 0.00  0.000     0  0.00  0  0  -1.304  -0.899   4.518  -0.031  -0.058   0.000 02O000M000t
00181 GLU02A0086_004 f 0.00  0.000     0  0.00  0  0  -1.304  -0.899   1.798   0.044   0.823   0.000 02O000M000t
00182 GLU-1A0086_005 f 0.00 -1.000     0  4.75  0 -1  -1.300  -0.865   1.798  -0.149   1.548   0.000 -1O000M000t
00183 PRO01A0087_001 f 0.00  0.000     0  0.00  0  0  -5.918   0.099   0.000   0.000   0.000   0.000 01O000M000t
00184 PRO01A0088_001 f 0.00  0.000     0  0.00  0  0  -3.949  -1.130   0.000   0.000   0.000   0.000 01O000M000t
00185 PHE01A0089_001 f 0.00  0.000     0  0.00  0  0   2.669   3.681   0.006   0.000   0.000   0.000 01O000M000t
00186 TYR01A0090_001 f 0.00  0.000     0  0.00  0  0   2.651  -0.947   0.060   0.480   1.041   0.000 01O000M000t
00187 TYR-1A0090_002 f 0.00 -1.000     0 10.20  0 -1   2.651  -0.947   0.060   1.141   4.542   0.000 -1O000M000t
00188 ILE01A0091_001 f 0.00  0.000     0  0.00  0  0   4.424  -3.449   0.467   0.000   0.000   0.000 01O000M000t
00189 ILE01A0092_001 f 0.00  0.000     0  0.00  0  0   2.335  -3.124   0.548   0.000   0.000   0.000 01O000M000t
00190 THR01A0093_001 f 0.00  0.000     0  0.00  0  0   0.183   0.846   0.616   0.061   1.990   0.000 01O000M000t
00191 THR01A0093_002 f 0.00  0.000     0  0.00  0  0   0.183   0.846   0.616  -1.561   1.983   0.000 01O000M000t
00192 THR01A0093_003 f 0.00  0.000     0  0.00  0  0   0.183   0.846   0.241  -0.188   1.986   0.000 01O000M000t
00193 GLU01A0094_001 f 0.00  0.000     0  0.00  0  0   0.824 998.280   3.472   4.929   1.861   0.000 01O000M000t
00194 GLU01A0094_002 f 0.00  0.000     0  0.00  0  0   0.824  -0.720   0.752  -0.516   1.719   0.000 01O000M000t
00195 GLU02A0094_003 f 0.00  0.000     0  0.00  0  0   1.303  -1.486   3.472  -0.686   1.173   0.000 02O000M000t
00196 GLU02A0094_004 f 0.00  0.000     0  0.00  0  0   1.303  -1.486   0.752  -0.937   1.860   0.000 02O000M000t
00197 GLU-1A0094_005 f 0.00 -1.000     0  4.75  0 -1   0.751  -1.420   0.752  -2.755   5.406   0.000 -1O000M000t
00198 PHE01A0095_001 f 0.00  0.000     0  0.00  0  0   3.917  -7.984   0.007   0.000   0.000   0.000 01O000M000t
00199 MET01A0096_001 f 0.00  0.000     0  0.00  0  0   0.022  -6.190   0.273   0.068   0.079   0.000 01O000M000t
00200 THR01A0097_001 f 0.00  0.000     0  0.00  0  0  -2.283   2.463   0.396  -0.432   0.295   0.000 01O000M000t
00201 THR01A0097_002 f 0.00  0.000     0  0.00  0  0  -2.283   2.463   0.021  -0.463   0.375   0.000 01O000M000t
00202 TYR01A0098_001 f 0.00  0.000     0  0.00  0  0   0.122  -4.355   0.038   0.340   0.672   0.000 01O000M000t
00203 TYR01A0098_002 f 0.00  0.000     0  0.00  0  0   0.122  -4.355   0.038   0.240   0.472   0.000 01O000M000t
00204 TYR-1A0098_003 f 0.00 -1.000     0 10.20  0 -1   0.122  -4.355   0.038  -0.399   0.871   0.000 -1O000M000t
00205 ASN01A0100_001 f 0.00  0.000     0  0.00  0  0  -0.181  -4.477   1.693  -2.005   1.699   0.000 01O000M000t
00206 ASN01A0100_002 f 0.00  0.000     0  0.00  0  0  -0.129  -2.823   1.694   2.648   1.344   0.000 01R001M000t
00207 LEU01A0101_001 f 0.00  0.000     0  0.00  0  0   1.858  -2.728   0.508   0.000   0.000   0.000 01O000M000t
00208 LEU01A0102_001 f 0.00  0.000     0  0.00  0  0   0.265  -2.793   0.384   0.000   0.000   0.000 01O000M000t
00209 ASP01A0103_001 f 0.00  0.000     0  0.00  0  0  -1.237  -1.529   3.378   0.597   0.468   0.000 01O000M000t
00210 ASP01A0103_002 f 0.00  0.000     0  0.00  0  0  -1.237  -1.529   0.658   0.258   0.712   0.000 01O000M000t
00211 ASP02A0103_003 f 0.00  0.000     0  0.00  0  0  -1.038  -1.790   3.378   0.591  -0.085   0.000 02O000M000t
00212 ASP02A0103_004 f 0.00  0.000     0  0.00  0  0  -1.038  -1.790   0.658   0.355   0.403   0.000 02O000M000t
00213 ASP-1A0103_005 f 0.00 -1.000     0  4.75  0 -1  -1.111  -1.737   0.658  -1.117   1.469   0.000 -1O000M000t
00214 TYR01A0104_001 f 0.00  0.000     0  0.00  0  0   3.469  -5.042   0.016   0.209   1.340   0.000 01O000M000t
00215 TYR01A0104_002 f 0.00  0.000     0  0.00  0  0   3.469  -5.042   0.016   0.334   1.961   0.000 01O000M000t
00216 TYR-1A0104_003 f 0.00 -1.000     0 10.20  0 -1   3.469  -5.042   0.016  -0.660   5.372   0.000 -1O000M000t
00217 LEU01A0105_001 f 0.00  0.000     0  0.00  0  0   1.855  -5.516   0.509   0.000   0.000   0.000 01O000M000t
00218 ARG01A0106_001 f 0.00  0.000     0  0.00  0  0  -4.431  -2.779   0.545   0.252   1.725   0.000 01O000M000t
00219 ARG02A0106_002 f 0.00  0.000     0  0.00  0  0  -4.469  -2.170   0.545  -1.776   2.312   0.000 02O000M000t
00220 ARG03A0106_003 f 0.00  0.000     0  0.00  0  0  -4.475  -2.157   0.545  -1.915   2.427   0.000 03O000M000t
00221 ARG+1A0106_004 f 0.00  1.000     0 12.50  0  1  -4.513  -2.175   0.545  -3.493   3.424   0.000 +1O000M000t
00222 GLU01A0107_001 f 0.00  0.000     0  0.00  0  0   0.535  -2.745   4.033  -0.258  -0.083   0.000 01O000M000t
00223 GLU01A0107_002 f 0.00  0.000     0  0.00  0  0   0.535  -2.745   1.313  -0.163   0.860   0.000 01O000M000t
00224 GLU02A0107_003 f 0.00  0.000     0  0.00  0  0  -0.047  -2.736   4.033  -0.212  -0.205   0.000 02O000M000t
00225 GLU02A0107_004 f 0.00  0.000     0  0.00  0  0  -0.047  -2.736   1.313  -0.101   0.817   0.000 02O000M000t
00226 GLU-1A0107_005 f 0.00 -1.000     0  4.75  0 -1   0.008  -2.676   1.313   0.573   1.240   0.000 -1O000M000t
00227 CYS01A0108_001 f 0.00  0.000     0  0.00  0  0  -0.050  -1.555   0.843  -1.022   0.649   0.000 01O000M000t
00228 CYS01A0108_002 f 0.00  0.000     0  0.00  0  0  -0.050  -1.648   0.843   0.099   0.952   0.000 01O000M000t
00229 CYS01A0108_003 f 0.00  0.000     0  0.00  0  0  -0.050  -1.471   0.843  -0.537   0.941   0.000 01O000M000t
00230 CYS-1A0108_004 f 0.00 -1.000     0  9.10  0 -1  -0.048  -1.410   0.843  -0.742   9.421   0.000 -1O000M000t
00231 ASN01A0109_001 f 0.00  0.000     0  0.00  0  0  -2.384   5.266   0.580  -2.044   1.037   0.000 01O000M000t
00232 ARG01A0110_001 f 0.00  0.000     0  0.00  0  0  -6.564  -2.966   0.676   0.163   0.856   0.000 01O000M000t
00233 ARG02A0110_002 f 0.00  0.000     0  0.00  0  0  -6.542  -2.980   0.676  -0.005   1.416   0.000 02O000M000t
00234 ARG03A0110_003 f 0.00  0.000     0  0.00  0  0  -6.603  -2.967   0.676   0.149   1.362   0.000 03O000M000t
00235 ARG+1A0110_004 f 0.00  1.000     0 12.50  0  1  -6.646  -2.985   0.676  -0.783   0.798   0.000 +1O000M000t
00236 GLN01A0111_001 f 0.00  0.000     0  0.00  0  0  -3.293  -1.108   1.193   0.156   0.047   0.000 01O000M000t
00237 GLN01A0111_002 f 0.00  0.000     0  0.00  0  0  -3.189  -1.055   1.200   0.137  -0.269   0.000 01R001M000t
00238 GLU01A0112_001 f 0.00  0.000     0  0.00  0  0  -1.789   1.807   4.541   0.072  -0.390   0.000 01O000M000t
00239 GLU01A0112_002 f 0.00  0.000     0  0.00  0  0  -1.789   1.807   1.821   0.078   0.857   0.000 01O000M000t
00240 GLU02A0112_003 f 0.00  0.000     0  0.00  0  0  -1.668   1.793   4.541   0.442   0.635   0.000 02O000M000t
00241 GLU02A0112_004 f 0.00  0.000     0  0.00  0  0  -1.668   1.793   1.821   0.173   0.468   0.000 02O000M000t
00242 GLU-1A0112_005 f 0.00 -1.000     0  4.75  0 -1  -1.837   1.835   1.821  -0.647   0.779   0.000 -1O000M000t
00243 VAL01A0113_001 f 0.00  0.000     0  0.00  0  0   0.665   1.496   0.071   0.000   0.000   0.000 01O000M000t
00244 ASN01A0114_001 f 0.00  0.000     0  0.00  0  0  -1.455   1.144   0.761  -1.873   1.625   0.000 01O000M000t
00245 ALA01A0115_001 f 0.00  0.000     0  0.00  0  0  -3.226  -0.373   0.000   0.000   0.000   0.000 01O000M000t
00246 VAL01A0116_001 f 0.00  0.000     0  0.00  0  0  -2.995   8.807   0.055   0.000   0.000   0.000 01O000M000t
00247 VAL01A0117_001 f 0.00  0.000     0  0.00  0  0  -0.202  -1.751   0.056   0.000   0.000   0.000 01O000M000t
00248 LEU01A0118_001 f 0.00  0.000     0  0.00  0  0   0.884  -0.515   0.454   0.000   0.000   0.000 01O000M000t
00249 LEU01A0119_001 f 0.00  0.000     0  0.00  0  0   0.971  -1.008   0.808   0.000   0.000   0.000 01O000M000t
00250 TYR01A0120_001 f 0.00  0.000     0  0.00  0  0   1.037  -4.286   0.147   0.546   0.586   0.000 01O000M000t
00251 TYR-1A0120_002 f 0.00 -1.000     0 10.20  0 -1   1.037  -4.286   0.147   1.329   1.819   0.000 -1O000M000t
00252 MET01A0121_001 f 0.00  0.000     0  0.00  0  0   1.222  28.471   0.116  -0.037   0.099   0.000 01O000M000t
00253 ALA01A0122_001 f 0.00  0.000     0  0.00  0  0  -0.052  -1.438   0.000   0.000   0.000   0.000 01O000M000t
00254 THR01A0123_001 f 0.00  0.000     0  0.00  0  0  -0.428  -3.501   0.389   0.491   1.964   0.000 01O000M000t
00255 THR01A0123_002 f 0.00  0.000     0  0.00  0  0  -0.428  -3.501   0.389  -1.106   1.953   0.000 01O000M000t
00256 GLN01A0124_001 f 0.00  0.000     0  0.00  0  0   0.527  -2.618   1.078  -3.254   2.707   0.000 01O000M000t
00257 GLN01A0124_002 f 0.00  0.000     0  0.00  0  0   0.447  -2.669   1.102   2.281   2.930   0.000 01R001M000t
00258 ILE01A0125_001 f 0.00  0.000     0  0.00  0  0   3.247  -2.290   0.518   0.000   0.000   0.000 01O000M000t
00259 SER01A0126_001 f 0.00  0.000     0  0.00  0  0   0.000  -1.775   0.485  -1.243   1.983   0.000 01O000M000t
00260 SER01A0126_002 f 0.00  0.000     0  0.00  0  0   0.000  -1.775   0.485   0.059   1.978   0.000 01O000M000t
00261 SER01A0127_001 f 0.00  0.000     0  0.00  0  0  -1.011   0.755   0.559   0.125   0.892   0.000 01O000M000t
00262 SER01A0127_002 f 0.00  0.000     0  0.00  0  0  -1.011   0.755   0.559  -0.392   0.445   0.000 01O000M000t
00263 ALA01A0128_001 f 0.00  0.000     0  0.00  0  0   0.000  -2.352   0.000   0.000   0.000   0.000 01O000M000t
00264 MET01A0129_001 f 0.00  0.000     0  0.00  0  0  -0.047  -4.585   0.514   0.022   0.097   0.000 01O000M000t
00265 GLU01A0130_001 f 0.00  0.000     0  0.00  0  0  -0.537  -3.418   3.439   0.044   0.368   0.000 01O000M000t
00266 GLU01A0130_002 f 0.00  0.000     0  0.00  0  0  -0.537  -3.418   0.719  -0.009   1.061   0.000 01O000M000t
00267 GLU02A0130_003 f 0.00  0.000     0  0.00  0  0  -0.719  -3.077   3.439   0.533   0.612   0.000 02O000M000t
00268 GLU02A0130_004 f 0.00  0.000     0  0.00  0  0  -0.719  -3.077   0.719   0.020   0.784   0.000 02O000M000t
00269 GLU-1A0130_005 f 0.00 -1.000     0  4.75  0 -1  -0.712  -3.338   0.719  -0.548   2.523   0.000 -1O000M000t
00270 TYR01A0131_001 f 0.00  0.000     0  0.00  0  0   2.386  -5.284   0.407  -0.707   1.590   0.000 01O000M000t
00271 TYR-1A0131_002 f 0.00 -1.000     0 10.20  0 -1   2.386  -5.284   0.407  -1.915   6.758   0.000 -1O000M000t
00272 LEU01A0132_001 f 0.00  0.000     0  0.00  0  0   1.829  -1.891   2.888   0.000   0.000   0.000 01O000M000t
00273 GLU01A0133_001 f 0.00  0.000     0  0.00  0  0  -0.115  -3.626   3.833  -2.244   1.154   0.000 01O000M000t
00274 GLU01A0133_002 f 0.00  0.000     0  0.00  0  0  -0.115  -3.626   1.113   0.746   2.410   0.000 01O000M000t
00275 GLU02A0133_003 f 0.00  0.000     0  0.00  0  0  -0.077  -2.703   3.833  -1.552   1.160   0.000 02O000M000t
00276 GLU02A0133_004 f 0.00  0.000     0  0.00  0  0  -0.077  -2.703   1.113   3.261   2.383   0.000 02O000M000t
00277 GLU-1A0133_005 f 0.00 -1.000     0  4.75  0 -1  -0.212  -3.535   1.113  -6.330   6.249   0.000 -1O000M000t
00278 LYS01A0134_001 f 0.00  0.000     0  0.00  0  0  -3.496  -2.601   0.847   0.009   0.207   0.000 01O000M000t
00279 LYS+1A0134_002 f 0.00  1.000     0 10.40  0  1  -3.541  -2.615   0.847  -0.086   0.819   0.000 +1O000M000t
00280 LYS01A0135_001 f 0.00  0.000     0  0.00  0  0  -1.741   1.056   0.998  -0.394   0.681   0.000 01O000M000t
00281 LYS+1A0135_002 f 0.00  1.000     0 10.40  0  1  -1.789   0.972   0.998  -1.755   3.759   0.000 +1O000M000t
00282 ASN01A0136_001 f 0.00  0.000     0  0.00  0  0  -1.068   0.844   1.420   0.824   1.607   0.000 01O000M000t
00283 ASN01A0136_002 f 0.00  0.000     0  0.00  0  0  -0.917   1.518   1.422  -1.437   1.233   0.000 01R001M000t
00284 PHE01A0137_001 f 0.00  0.000     0  0.00  0  0   4.298  -7.063   1.216   0.000   0.000   0.000 01O000M000t
00285 ILE01A0138_001 f 0.00  0.000     0  0.00  0  0   3.066  -5.222   0.521   0.000   0.000   0.000 01O000M000t
00286 HIS01A0139_001 f 0.00  0.000     0  0.00  0  0  -0.163  -3.460   0.174  -3.391   3.867   0.000 01O000M000t
00287 HIS02A0139_002 f 0.00  0.000     0  0.00  0  0  -0.181  -4.036   0.174   4.862   3.812   0.000 02O000M000t
00288 HIS+1A0139_003 f 0.00  1.000     0  6.98  0  1  -0.208  -3.668   0.174   1.832  11.259   0.000 +1O000M000t
00289 ARG01A0140_001 f 0.00  0.000     0  0.00  0  0   1.233   8.081   0.687  -0.611   2.618   0.000 01O000M000t
00290 ARG02A0140_002 f 0.00  0.000     0  0.00  0  0   1.172   8.081   0.687  -0.452   3.534   0.000 02O000M000t
00291 ARG03A0140_003 f 0.00  0.000     0  0.00  0  0   1.167   8.075   0.687  -0.393   3.319   0.000 03O000M000t
00292 ARG+1A0140_004 f 0.00  1.000     0 12.50  0  1   1.128   8.062   0.687  -1.587   5.004   0.000 +1O000M000t
00293 ASP01A0141_001 f 0.00  0.000     0  0.00  0  0  -0.570   1.794   4.367   0.404   0.737   0.000 01O000M000t
00294 ASP01A0141_002 f 0.00  0.000     0  0.00  0  0  -0.570   1.794   1.647  -0.016   1.035   0.000 01O000M000t
00295 ASP02A0141_003 f 0.00  0.000     0  0.00  0  0  -0.680   1.059   4.367  -0.187   1.115   0.000 02O000M000t
00296 ASP02A0141_004 f 0.00  0.000     0  0.00  0  0  -0.680   1.059   1.647  -0.023   1.504   0.000 02O000M000t
00297 ASP-1A0141_005 f 0.00 -1.000     0  4.75  0 -1  -0.607   1.120   1.647  -0.292   4.168   0.000 -1O000M000t
00298 LEU01A0142_001 f 0.00  0.000     0  0.00  0  0   1.688  -2.236   1.030   0.000   0.000   0.000 01O000M000t
00299 ALA01A0143_001 f 0.00  0.000     0  0.00  0  0   0.000  -0.300   0.000   0.000   0.000   0.000 01O000M000t
00300 ALA01A0144_001 f 0.00  0.000     0  0.00  0  0   0.000  -1.789   0.000   0.000   0.000   0.000 01O000M000t
00301 ARG01A0145_001 f 0.00  0.000     0  0.00  0  0  -1.594  -2.141   0.756   0.102   2.313   0.000 01O000M000t
00302 ARG02A0145_002 f 0.00  0.000     0  0.00  0  0  -1.508  -2.138   0.756  -0.320   3.203   0.000 02O000M000t
00303 ARG03A0145_003 f 0.00  0.000     0  0.00  0  0  -1.616  -2.133   0.756  -0.111   2.995   0.000 03O000M000t
00304 ARG03A0145_004 f 0.00  0.000     0  0.00  0  0  -1.612  -2.138   0.756   0.061   3.053   0.000 03O000M000t
00305 ARG+1A0145_005 f 0.00  1.000     0 12.50  0  1  -1.655  -2.150   0.756   1.912   3.952   0.000 +1O000M000t
00306 ASN01A0146_001 f 0.00  0.000     0  0.00  0  0  -0.048  -1.034   0.496  -1.431   1.766   0.000 01O000M000t
00307 ASN01A0146_002 f 0.00  0.000     0  0.00  0  0  -0.227  -1.391   0.491   1.038   2.209   0.000 01R001M000t
00308 CYS01A0147_001 f 0.00  0.000     0  0.00  0  0  -0.002  -4.634   0.242  -0.176   0.922   0.000 01O000M000t
00309 CYS01A0147_002 f 0.00  0.000     0  0.00  0  0  -0.002  -4.676   0.242  -0.361   0.825   0.000 01O000M000t
00310 CYS01A0147_003 f 0.00  0.000     0  0.00  0  0  -0.002  -4.580   0.242  -0.035   0.960   0.000 01O000M000t
00311 CYS-1A0147_004 f 0.00 -1.000     0  9.10  0 -1   0.000  -4.546   0.242  -4.142  13.567   0.000 -1O000M000t
00312 LEU01A0148_001 f 0.00  0.000     0  0.00  0  0   1.750  -0.725   0.416   0.000   0.000   0.000 01O000M000t
00313 VAL01A0149_001 f 0.00  0.000     0  0.00  0  0   0.563  -1.351   0.127   0.000   0.000   0.000 01O000M000t
00314 GLU01A0151_001 f 0.00  0.000     0  0.00  0  0  -0.971  -0.848   3.359   0.164  -0.002   0.000 01O000M000t
00315 GLU01A0151_002 f 0.00  0.000     0  0.00  0  0  -0.971  -0.848   0.639   0.070   0.621   0.000 01O000M000t
00316 GLU02A0151_003 f 0.00  0.000     0  0.00  0  0  -0.511  -0.857   3.359   0.264  -0.142   0.000 02O000M000t
00317 GLU02A0151_004 f 0.00  0.000     0  0.00  0  0  -0.511  -0.857   0.639   0.083   0.413   0.000 02O000M000t
00318 GLU-1A0151_005 f 0.00 -1.000     0  4.75  0 -1  -1.029  -0.831   0.639  -0.370   0.175   0.000 -1O000M000t
00319 ASN01A0152_001 f 0.00  0.000     0  0.00  0  0  -3.083   5.086   0.749   0.032  -0.054   0.000 01O000M000t
00320 ASN01A0152_002 f 0.00  0.000     0  0.00  0  0  -3.300   5.586   0.742   0.215  -0.187   0.000 01R001M000t
00321 HIS01A0153_001 f 0.00  0.000     0  0.00  0  0  -1.735   0.871   0.151   0.241   2.240   0.000 01O000M000t
00322 HIS01A0153_002 f 0.00  0.000     0  0.00  0  0  -1.577   0.858   0.151  -0.269   1.987   0.000 01R001M000t
00323 HIS02A0153_003 f 0.00  0.000     0  0.00  0  0  -1.756   0.860   0.151  -0.186   1.820   0.000 02O000M000t
00324 HIS02A0153_004 f 0.00  0.000     0  0.00  0  0  -1.586   0.815   0.151   0.128   1.872   0.000 02R001M000t
00325 HIS+1A0153_005 f 0.00  1.000     0  6.98  0  1  -1.783   0.842   0.151   0.748   3.542   0.000 +1O000M000t
00326 HIS+1A0153_006 f 0.00  1.000     0  6.98  0  1  -1.613   0.797   0.151   0.740   3.616   0.000 +1R001M000t
00327 LEU01A0154_001 f 0.00  0.000     0  0.00  0  0  -1.112  -0.915   0.674   0.000   0.000   0.000 01O000M000t
00328 VAL01A0155_001 f 0.00  0.000     0  0.00  0  0   0.618  -1.627   0.049   0.000   0.000   0.000 01O000M000t
00329 LYS01A0156_001 f 0.00  0.000     0  0.00  0  0  -0.259  -4.899   1.101   0.150   0.412   0.000 01O000M000t
00330 LYS+1A0156_002 f 0.00  1.000     0 10.40  0  1  -0.303  -4.931   1.101  -0.449   3.343   0.000 +1O000M000t
00331 VAL01A0157_001 f 0.00  0.000     0  0.00  0  0   0.588   0.133   0.441   0.000   0.000   0.000 01O000M000t
00332 ALA01A0158_001 f 0.00  0.000     0  0.00  0  0   0.000   0.611   0.000   0.000   0.000   0.000 01O000M000t
00333 ASP01A0159_001 f 0.00  0.000     0  0.00  0  0  -0.615   2.424   2.891  -0.790   1.228   0.000 01O000M000t
00334 ASP01A0159_002 f 0.00  0.000     0  0.00  0  0  -0.615   2.424   0.171  -0.522   1.020   0.000 01O000M000t
00335 ASP02A0159_003 f 0.00  0.000     0  0.00  0  0  -0.565   3.361   2.891   2.073   1.058   0.000 02O000M000t
00336 ASP02A0159_004 f 0.00  0.000     0  0.00  0  0  -0.565   3.361   0.171  -0.249   0.819   0.000 02O000M000t
00337 ASP-1A0159_005 f 0.00 -1.000     0  4.75  0 -1  -0.557   2.496   0.171  -1.533   3.541   0.000 -1O000M000t
00338 PHE01A0160_001 f 0.00  0.000     0  0.00  0  0   4.645  -7.303   0.032   0.000   0.000   0.000 01O000M000t
00339 LEU01A0162_001 f 0.00  0.000     0  0.00  0  0  -2.213   2.552   1.927   0.000   0.000   0.000 01O000M000t
00340 SER01A0163_001 f 0.00  0.000     0  0.00  0  0   0.000  -3.148   0.463  -0.131   1.854   0.000 01O000M000t
00341 ARG01A0164_001 f 0.00  0.000     0  0.00  0  0   3.474   3.569   0.801  -0.486   1.307   0.000 01O000M000t
00342 ARG02A0164_002 f 0.00  0.000     0  0.00  0  0   3.462   3.550   0.801  -0.520   2.179   0.000 02O000M000t
00343 ARG03A0164_003 f 0.00  0.000     0  0.00  0  0   3.451   3.550   0.801  -0.480   1.884   0.000 03O000M000t
00344 ARG+1A0164_004 f 0.00  1.000     0 12.50  0  1   3.406   3.543   0.801  -1.086   2.290   0.000 +1O000M000t
00345 LEU01A0165_001 f 0.00  0.000     0  0.00  0  0  -3.962  -0.206   0.474   0.000   0.000   0.000 01O000M000t
00346 MET01A0166_001 f 0.00  0.000     0  0.00  0  0   0.910  -9.946   0.368  -0.016   0.094   0.000 01O000M000t
00347 THR01A0167_001 f 0.00  0.000     0  0.00  0  0  -7.333  -0.321   0.599   0.059   0.112   0.000 01O000M000t
00348 ASP01A0169_001 f 0.00  0.000     0  0.00  0  0  -3.141  -0.439   3.362   0.426  -0.912   0.000 01O000M000t
00349 ASP01A0169_002 f 0.00  0.000     0  0.00  0  0  -3.141  -0.439   0.642   0.172   0.379   0.000 01O000M000t
00350 ASP02A0169_003 f 0.00  0.000     0  0.00  0  0  -2.975  -0.709   3.362   0.345  -0.490   0.000 02O000M000t
00351 ASP02A0169_004 f 0.00  0.000     0  0.00  0  0  -2.975  -0.709   0.642   0.212   0.527   0.000 02O000M000t
00352 ASP-1A0169_005 f 0.00 -1.000     0  4.75  0 -1  -3.045  -0.674   0.642  -0.411   0.080   0.000 -1O000M000t
00353 THR01A0170_001 f 0.00  0.000     0  0.00  0  0  -2.828   8.455   0.504  -0.234   0.123   0.000 01O000M000t
00354 TYR01A0171_001 f 0.00  0.000     0  0.00  0  0   7.911  -6.089   0.817  -0.015   0.642   0.000 01O000M000t
00355 TYR-1A0171_002 f 0.00 -1.000     0 10.20  0 -1   7.911  -6.089   0.817  -0.313   3.213   0.000 -1O000M000t
00356 THR01A0172_001 f 0.00  0.000     0  0.00  0  0  -3.441   0.996   0.446  -0.171   1.452   0.000 01O000M000t
00357 THR01A0172_002 f 0.00  0.000     0  0.00  0  0  -3.441   0.996   0.446  -0.051   0.388   0.000 01O000M000t
00358 ALA01A0173_001 f 0.00  0.000     0  0.00  0  0  -0.206  -0.527   0.000   0.000   0.000   0.000 01O000M000t
00359 HIS01A0174_001 f 0.00  0.000     0  0.00  0  0  -6.926  11.207   0.074  -0.489   1.014   0.000 01O000M000t
00360 HIS02A0174_002 f 0.00  0.000     0  0.00  0  0  -6.944 999.000   0.074   3.805   1.407   0.000 02O000M000t
00361 HIS+1A0174_003 f 0.00  1.000     0  6.98  0  1  -6.971 999.000   0.074   5.674   2.164   0.000 +1O000M000t
00362 ALA01A0175_001 f 0.00  0.000     0  0.00  0  0  -5.132  -0.174   0.000   0.000   0.000   0.000 01O000M000t
00363 ALA01A0177_001 f 0.00  0.000     0  0.00  0  0  -3.908   0.001   0.000   0.000   0.000   0.000 01O000M000t
00364 LYS01A0178_001 f 0.00  0.000     0  0.00  0  0  -9.367   0.338   0.920  -0.008   0.024   0.000 01O000M000t
00365 LYS+1A0178_002 f 0.00  1.000     0 10.40  0  1  -9.413   0.336   0.920   0.228  -0.098   0.000 +1O000M000t
00366 PHE01A0179_001 f 0.00  0.000     0  0.00  0  0   3.012  -2.337   2.161   0.000   0.000   0.000 01O000M000t
00367 PRO01A0180_001 f 0.00  0.000     0  0.00  0  0  -1.602   0.485   0.000   0.000   0.000   0.000 01O000M000t
00368 ILE01A0181_001 f 0.00  0.000     0  0.00  0  0  -0.249   2.344   0.548   0.000   0.000   0.000 01O000M000t
00369 LYS01A0182_001 f 0.00  0.000     0  0.00  0  0  -0.969  -4.522   1.056  -0.268   0.640   0.000 01O000M000t
00370 LYS+1A0182_002 f 0.00  1.000     0 10.40  0  1  -1.010  -4.626   1.056  -2.745   4.272   0.000 +1O000M000t
00371 TRP01A0183_001 f 0.00  0.000     0  0.00  0  0   0.788  -8.188   0.651   0.000   0.000   0.000 01O000M000t
00372 THR01A0184_001 f 0.00  0.000     0  0.00  0  0   0.102   2.455   0.421   0.570   0.584   0.000 01O000M000t
00373 THR01A0184_002 f 0.00  0.000     0  0.00  0  0   0.102   2.455   0.421  -2.290   1.576   0.000 01O000M000t
00374 THR01A0184_003 f 0.00  0.000     0  0.00  0  0   0.102   2.455   0.047   0.407   1.632   0.000 01O000M000t
00375 ALA01A0185_001 f 0.00  0.000     0  0.00  0  0   0.000  -1.756   0.000   0.000   0.000   0.000 01O000M000t
00376 PRO01A0186_001 f 0.00  0.000     0  0.00  0  0   0.269   2.658   0.000   0.000   0.000   0.000 01O000M000t
00377 GLU01A0187_001 f 0.00  0.000     0  0.00  0  0   1.185 999.000   4.071   4.777   2.318   0.000 01O000M000t
00378 GLU01A0187_002 f 0.00  0.000     0  0.00  0  0   1.185   5.126   1.351  -0.626   2.862   0.000 01O000M000t
00379 GLU02A0187_003 f 0.00  0.000     0  0.00  0  0   0.875   2.879   4.071  -1.866   1.528   0.000 02O000M000t
00380 GLU02A0187_004 f 0.00  0.000     0  0.00  0  0   0.875   2.879   1.351  -1.586   2.866   0.000 02O000M000t
00381 GLU-1A0187_005 f 0.00 -1.000     0  4.75  0 -1   0.828   3.007   1.351  -6.568  11.382   0.000 -1O000M000t
00382 SER01A0188_001 f 0.00  0.000     0  0.00  0  0   0.000  -0.778   0.479  -1.938   1.863   0.000 01O000M000t
00383 SER01A0188_002 f 0.00  0.000     0  0.00  0  0   0.000  -0.778   0.479   0.443   1.809   0.000 01O000M000t
00384 SER01A0188_003 f 0.00  0.000     0  0.00  0  0   0.000  -0.778   0.104   0.306   1.373   0.000 01O000M000t
00385 LEU01A0189_001 f 0.00  0.000     0  0.00  0  0   0.877  -4.196   0.701   0.000   0.000   0.000 01O000M000t
00386 ALA01A0190_001 f 0.00  0.000     0  0.00  0  0  -0.634  -1.090   0.000   0.000   0.000   0.000 01O000M000t
00387 TYR01A0191_001 f 0.00  0.000     0  0.00  0  0  -4.253  -2.468   0.462   0.301   0.174   0.000 01O000M000t
00388 TYR-1A0191_002 f 0.00 -1.000     0 10.20  0 -1  -4.253  -2.468   0.462  -0.255  -0.043   0.000 -1O000M000t
00389 ASN01A0192_001 f 0.00  0.000     0  0.00  0  0  -0.276   7.283   2.017  -0.693   1.404   0.000 01O000M000t
00390 LYS01A0193_001 f 0.00  0.000     0  0.00  0  0  -3.824  -2.240   1.287   0.021   0.158   0.000 01O000M000t
00391 LYS+1A0193_002 f 0.00  1.000     0 10.40  0  1  -3.904  -2.246   1.287   0.137   0.463   0.000 +1O000M000t
00392 PHE01A0194_001 f 0.00  0.000     0  0.00  0  0   4.320  -7.096   0.025   0.000   0.000   0.000 01O000M000t
00393 SER01A0195_001 f 0.00  0.000     0  0.00  0  0  -0.645  -0.866   0.376  -0.482   0.875   0.000 01O000M000t
00394 ILE01A0196_001 f 0.00  0.000     0  0.00  0  0   1.743  -1.655   0.415   0.000   0.000   0.000 01O000M000t
00395 LYS01A0197_001 f 0.00  0.000     0  0.00  0  0  -1.963  -4.354   0.962  -0.076   0.766   0.000 01O000M000t
00396 LYS+1A0197_002 f 0.00  1.000     0 10.40  0  1  -2.008  -4.384   0.962  -3.008   4.848   0.000 +1O000M000t
00397 SER01A0198_001 f 0.00  0.000     0  0.00  0  0  -0.048  12.970   0.650   1.274   1.652   0.000 01O000M000t
00398 SER01A0198_002 f 0.00  0.000     0  0.00  0  0  -0.048  12.970   0.275   0.158   1.708   0.000 01O000M000t
00399 ASP01A0199_001 f 0.00  0.000     0  0.00  0  0   0.061   1.470   4.212  -1.952   1.642   0.000 01O000M000t
00400 ASP01A0199_002 f 0.00  0.000     0  0.00  0  0   0.061   1.470   1.492   2.627   2.475   0.000 01O000M000t
00401 ASP02A0199_003 f 0.00  0.000     0  0.00  0  0   0.139   1.426   4.212  -2.249   1.803   0.000 02O000M000t
00402 ASP02A0199_004 f 0.00  0.000     0  0.00  0  0   0.139 999.000   1.492   4.862   2.621   0.000 02O000M000t
00403 ASP-1A0199_005 f 0.00 -1.000     0  4.75  0 -1   0.059   0.668   1.492  -9.837  10.195   0.000 -1O000M000t
00404 VAL01A0200_001 f 0.00  0.000     0  0.00  0  0   0.767  -1.125   0.188   0.000   0.000   0.000 01O000M000t
00405 TRP01A0201_001 f 0.00  0.000     0  0.00  0  0   2.684 -12.948   0.045   0.000   0.000   0.000 01O000M000t
00406 ALA01A0202_001 f 0.00  0.000     0  0.00  0  0  -0.309  -2.763   0.000   0.000   0.000   0.000 01O000M000t
00407 PHE01A0203_001 f 0.00  0.000     0  0.00  0  0   4.389  -6.800   0.000   0.000   0.000   0.000 01O000M000t
00408 VAL01A0205_001 f 0.00  0.000     0  0.00  0  0   0.623  -2.575   0.002   0.000   0.000   0.000 01O000M000t
00409 LEU01A0206_001 f 0.00  0.000     0  0.00  0  0   1.831  -1.196   0.570   0.000   0.000   0.000 01O000M000t
00410 LEU01A0207_001 f 0.00  0.000     0  0.00  0  0   1.987  -3.923   0.829   0.000   0.000   0.000 01O000M000t
00411 TRP01A0208_001 f 0.00  0.000     0  0.00  0  0   2.819  -9.785   0.156   0.000   0.000   0.000 01O000M000t
00412 GLU01A0209_001 f 0.00  0.000     0  0.00  0  0   0.508  -7.113   3.934  -2.328   2.975   0.000 01O000M000t
00413 GLU01A0209_002 f 0.00  0.000     0  0.00  0  0   0.508  -7.113   1.214  -0.110   3.027   0.000 01O000M000t
00414 GLU02A0209_003 f 0.00  0.000     0  0.00  0  0   0.489  -6.974   3.934  -1.077   2.896   0.000 02O000M000t
00415 GLU02A0209_004 f 0.00  0.000     0  0.00  0  0   0.489  -6.974   1.214   1.829   3.017   0.000 02O000M000t
00416 GLU-1A0209_005 f 0.00 -1.000     0  4.75  0 -1   0.392  -7.005   1.214  -8.058  14.631   0.000 -1O000M000t
00417 ILE01A0210_001 f 0.00  0.000     0  0.00  0  0   2.315  -2.278   0.648   0.000   0.000   0.000 01O000M000t
00418 ALA01A0211_001 f 0.00  0.000     0  0.00  0  0  -0.206  -1.915   0.000   0.000   0.000   0.000 01O000M000t
00419 THR01A0212_001 f 0.00  0.000     0  0.00  0  0  -0.121  -2.050   0.375  -1.606   1.959   0.000 01O000M000t
00420 THR01A0212_002 f 0.00  0.000     0  0.00  0  0  -0.121  -2.050   0.000  -0.805   1.965   0.000 01O000M000t
00421 TYR01A0213_001 f 0.00  0.000     0  0.00  0  0   2.732   5.696   0.634  -3.136   2.044   0.000 01O000M000t
00422 TYR01A0213_002 f 0.00  0.000     0  0.00  0  0   2.732   5.696   0.634   1.476   1.616   0.000 01O000M000t
00423 TYR-1A0213_003 f 0.00 -1.000     0 10.20  0 -1   2.732   5.696   0.634   3.798   6.702   0.000 -1O000M000t
00424 MET01A0215_001 f 0.00  0.000     0  0.00  0  0  -1.141  -3.094   0.963   0.047   0.047   0.000 01O000M000t
00425 SER01A0216_001 f 0.00  0.000     0  0.00  0  0  -3.421  -0.901   0.376  -0.104  -0.337   0.000 01O000M000t
00426 PRO01A0217_001 f 0.00  0.000     0  0.00  0  0   0.287   1.465   0.000   0.000   0.000   0.000 01O000M000t
00427 TYR01A0218_001 f 0.00  0.000     0  0.00  0  0   4.465  -2.881   0.275  -0.858   1.880   0.000 01O000M000t
00428 TYR-1A0218_002 f 0.00 -1.000     0 10.20  0 -1   4.465  -2.881   0.275   0.245   9.769   0.000 -1O000M000t
00429 PRO01A0219_001 f 0.00  0.000     0  0.00  0  0  -2.595  -1.502   0.000   0.000   0.000   0.000 01O000M000t
00430 ILE01A0221_001 f 0.00  0.000     0  0.00  0  0  -1.367   9.027   1.096   0.000   0.000   0.000 01O000M000t
00431 ASP01A0222_001 f 0.00  0.000     0  0.00  0  0  -2.175  -2.681   3.331   0.449  -0.031   0.000 01O000M000t
00432 ASP01A0222_002 f 0.00  0.000     0  0.00  0  0  -2.175  -2.681   0.611   0.130   0.938   0.000 01O000M000t
00433 ASP02A0222_003 f 0.00  0.000     0  0.00  0  0  -2.100  -2.911   3.331   0.853   1.020   0.000 02O000M000t
00434 ASP02A0222_004 f 0.00  0.000     0  0.00  0  0  -2.100  -2.911   0.611   0.430   0.880   0.000 02O000M000t
00435 ASP-1A0222_005 f 0.00 -1.000     0  4.75  0 -1  -2.097  -2.824   0.611  -2.574   2.097   0.000 -1O000M000t
00436 LEU01A0223_001 f 0.00  0.000     0  0.00  0  0  -3.356  -1.280   0.747   0.000   0.000   0.000 01O000M000t
00437 SER01A0224_001 f 0.00  0.000     0  0.00  0  0  -3.958  -0.595   0.392   0.518   0.841   0.000 01O000M000t
00438 SER01A0224_002 f 0.00  0.000     0  0.00  0  0  -3.958  -0.595   0.392  -0.001   0.603   0.000 01O000M000t
00439 GLN01A0225_001 f 0.00  0.000     0  0.00  0  0  -2.285  -1.998   1.093   0.178   0.216   0.000 01O000M000t
00440 GLN01A0225_002 f 0.00  0.000     0  0.00  0  0  -2.321  -1.987   1.096   0.022  -0.149   0.000 01R001M000t
00441 VAL01A0226_001 f 0.00  0.000     0  0.00  0  0   0.695   0.477   0.254   0.000   0.000   0.000 01O000M000t
00442 TYR01A0227_001 f 0.00  0.000     0  0.00  0  0   1.424  -4.841   0.019   0.429   1.142   0.000 01O000M000t
00443 TYR01A0227_002 f 0.00  0.000     0  0.00  0  0   1.424  -4.841   0.019   0.332   0.952   0.000 01O000M000t
00444 TYR-1A0227_003 f 0.00 -1.000     0 10.20  0 -1   1.424  -4.841   0.019  -0.235   2.797   0.000 -1O000M000t
00445 GLU01A0228_001 f 0.00  0.000     0  0.00  0  0  -1.464  -0.333   5.335   0.550   0.467   0.000 01O000M000t
00446 GLU01A0228_002 f 0.00  0.000     0  0.00  0  0  -1.464  -0.333   2.615  -0.082   2.150   0.000 01O000M000t
00447 GLU02A0228_003 f 0.00  0.000     0  0.00  0  0  -1.446  -0.579   5.335   0.547   0.916   0.000 02O000M000t
00448 GLU02A0228_004 f 0.00  0.000     0  0.00  0  0  -1.446  -0.579   2.615   0.102   2.009   0.000 02O000M000t
00449 GLU-1A0228_005 f 0.00 -1.000     0  4.75  0 -1  -1.453  -0.583   2.615   1.043   5.066   0.000 -1O000M000t
00450 LEU01A0229_001 f 0.00  0.000     0  0.00  0  0  -1.335  -0.761   1.612   0.000   0.000   0.000 01O000M000t
00451 LEU01A0230_001 f 0.00  0.000     0  0.00  0  0   1.726  -3.085   0.579   0.000   0.000   0.000 01O000M000t
00452 GLU01A0231_001 f 0.00  0.000     0  0.00  0  0  -1.503  -2.881   3.924   0.086   0.879   0.000 01O000M000t
00453 GLU01A0231_002 f 0.00  0.000     0  0.00  0  0  -1.503  -2.881   1.204   0.045   0.808   0.000 01O000M000t
00454 GLU02A0231_003 f 0.00  0.000     0  0.00  0  0  -1.526  -2.857   3.924   0.037   0.061   0.000 02O000M000t
00455 GLU02A0231_004 f 0.00  0.000     0  0.00  0  0  -1.526  -2.857   1.204   0.035   0.887   0.000 02O000M000t
00456 GLU-1A0231_005 f 0.00 -1.000     0  4.75  0 -1  -1.593  -2.834   1.204  -0.079   1.702   0.000 -1O000M000t
00457 LYS01A0232_001 f 0.00  0.000     0  0.00  0  0  -4.889   2.525   1.117   0.064   0.190   0.000 01O000M000t
00458 LYS+1A0232_002 f 0.00  1.000     0 10.40  0  1  -4.969   2.515   1.117  -0.258   1.032   0.000 +1O000M000t
00459 ASP01A0233_001 f 0.00  0.000     0  0.00  0  0  -2.236   9.934   3.856   0.276  -0.682   0.000 01O000M000t
00460 ASP01A0233_002 f 0.00  0.000     0  0.00  0  0  -2.236   9.934   1.136   0.194   0.390   0.000 01O000M000t
00461 ASP02A0233_003 f 0.00  0.000     0  0.00  0  0  -2.325   9.752   3.856   0.173  -0.343   0.000 02O000M000t
00462 ASP02A0233_004 f 0.00  0.000     0  0.00  0  0  -2.325   9.752   1.136   0.211   0.693   0.000 02O000M000t
00463 ASP-1A0233_005 f 0.00 -1.000     0  4.75  0 -1  -2.274   9.809   1.136   0.259   0.322   0.000 -1O000M000t
00464 TYR01A0234_001 f 0.00  0.000     0  0.00  0  0  -0.489  -5.990   0.021  -0.123   0.795   0.000 01O000M000t
00465 TYR-1A0234_002 f 0.00 -1.000     0 10.20  0 -1  -0.489  -5.990   0.021  -0.663   2.238   0.000 -1O000M000t
00466 ARG01A0235_001 f 0.00  0.000     0  0.00  0  0   1.748  -2.350   0.707  -1.200   3.085   0.000 01O000M000t
00467 ARG02A0235_002 f 0.00  0.000     0  0.00  0  0   1.739  -2.198   0.707  -2.043   4.017   0.000 02O000M000t
00468 ARG02A0235_003 f 0.00  0.000     0  0.00  0  0   1.836  -3.028   0.707  -0.253   3.810   0.000 02O000M000t
00469 ARG03A0235_004 f 0.00  0.000     0  0.00  0  0   1.733  -2.276   0.707  -1.479   3.630   0.000 03O000M000t
00470 ARG+1A0235_005 f 0.00  1.000     0 12.50  0  1   1.690  -2.424   0.707  -6.598   7.569   0.000 +1O000M000t
00471 MET01A0236_001 f 0.00  0.000     0  0.00  0  0  -0.027  -3.818   1.162  -0.231   0.096   0.000 01O000M000t
00472 GLU01A0237_001 f 0.00  0.000     0  0.00  0  0  -1.366   7.194   4.840   2.742   1.227   0.000 01O000M000t
00473 GLU01A0237_002 f 0.00  0.000     0  0.00  0  0  -1.366   7.194   2.120  -0.491   1.013   0.000 01O000M000t
00474 GLU02A0237_003 f 0.00  0.000     0  0.00  0  0  -1.497   5.671   4.840  -1.166   0.209   0.000 02O000M000t
00475 GLU02A0237_004 f 0.00  0.000     0  0.00  0  0  -1.497   5.671   2.120  -1.136   1.468   0.000 02O000M000t
00476 GLU-1A0237_005 f 0.00 -1.000     0  4.75  0 -1  -1.558   5.710   2.120  -2.010   2.355   0.000 -1O000M000t
00477 ARG01A0238_001 f 0.00  0.000     0  0.00  0  0  -2.518  -4.238   0.607  -0.735   0.623   0.000 01O000M000t
00478 ARG02A0238_002 f 0.00  0.000     0  0.00  0  0  -2.543  -4.146   0.607  -0.994   1.871   0.000 02O000M000t
00479 ARG03A0238_003 f 0.00  0.000     0  0.00  0  0  -2.549  -4.244   0.607  -0.598   1.556   0.000 03O000M000t
00480 ARG+1A0238_004 f 0.00  1.000     0 12.50  0  1  -2.593  -4.251   0.607  -1.102   1.845   0.000 +1O000M000t
00481 PRO01A0239_001 f 0.00  0.000     0  0.00  0  0   0.202  -1.598   0.000   0.000   0.000   0.000 01O000M000t
00482 GLU01A0240_001 f 0.00  0.000     0  0.00  0  0  -3.188   1.232   3.719   0.077  -0.413   0.000 01O000M000t
00483 GLU01A0240_002 f 0.00  0.000     0  0.00  0  0  -3.188   1.232   0.999   0.082   0.659   0.000 01O000M000t
00484 GLU02A0240_003 f 0.00  0.000     0  0.00  0  0  -3.389   1.245   3.719   0.190  -0.600   0.000 02O000M000t
00485 GLU02A0240_004 f 0.00  0.000     0  0.00  0  0  -3.389   1.245   0.999   0.126   0.586   0.000 02O000M000t
00486 GLU-1A0240_005 f 0.00 -1.000     0  4.75  0 -1  -3.416   1.262   0.999   0.040  -0.112   0.000 -1O000M000t
00487 CYS01A0242_001 f 0.00  0.000     0  0.00  0  0  -0.002  -3.374   0.074  -0.461   0.958   0.000 01O000M000t
00488 CYS01A0242_002 f 0.00  0.000     0  0.00  0  0  -0.002  -3.239   0.074  -0.107   0.742   0.000 01O000M000t
00489 CYS01A0242_003 f 0.00  0.000     0  0.00  0  0  -0.002  -3.230   0.074  -0.150   0.964   0.000 01O000M000t
00490 CYS-1A0242_004 f 0.00 -1.000     0  9.10  0 -1   0.000  -3.181   0.074  -2.194  10.909   0.000 -1O000M000t
00491 PRO01A0243_001 f 0.00  0.000     0  0.00  0  0  -2.764   1.349   0.000   0.000   0.000   0.000 01O000M000t
00492 GLU01A0244_001 f 0.00  0.000     0  0.00  0  0  -1.830  -1.234   3.712   0.415   0.298   0.000 01O000M000t
00493 GLU01A0244_002 f 0.00  0.000     0  0.00  0  0  -1.830  -1.234   0.992   0.337   1.372   0.000 01O000M000t
00494 GLU02A0244_003 f 0.00  0.000     0  0.00  0  0  -1.758  -1.098   3.712  -0.554   1.295   0.000 02O000M000t
00495 GLU02A0244_004 f 0.00  0.000     0  0.00  0  0  -1.758  -1.098   0.992   0.305   1.451   0.000 02O000M000t
00496 GLU-1A0244_005 f 0.00 -1.000     0  4.75  0 -1  -1.841  -1.194   0.992   0.087   3.386   0.000 -1O000M000t
00497 LYS01A0245_001 f 0.00  0.000     0  0.00  0  0  -4.706  -1.779   1.159  -0.086   0.451   0.000 01O000M000t
00498 LYS+1A0245_002 f 0.00  1.000     0 10.40  0  1  -4.791  -1.791   1.159   0.067   2.322   0.000 +1O000M000t
00499 VAL01A0246_001 f 0.00  0.000     0  0.00  0  0   0.230   0.700   0.290   0.000   0.000   0.000 01O000M000t
00500 TYR01A0247_001 f 0.00  0.000     0  0.00  0  0   2.916  -7.017   0.009  -2.108   2.068   0.000 01O000M000t
00501 TYR01A0247_002 f 0.00  0.000     0  0.00  0  0   2.916  -7.017   0.009   1.060   1.344   0.000 01O000M000t
00502 TYR-1A0247_003 f 0.00 -1.000     0 10.20  0 -1   2.916  -7.017   0.009   1.668   6.815   0.000 -1O000M000t
00503 GLU01A0248_001 f 0.00  0.000     0  0.00  0  0  -2.287  17.945   3.646  -0.034   1.164   0.000 01O000M000t
00504 GLU01A0248_002 f 0.00  0.000     0  0.00  0  0  -2.287  17.945   0.926  -0.081   0.870   0.000 01O000M000t
00505 GLU02A0248_003 f 0.00  0.000     0  0.00  0  0  -2.360  17.458   3.646  -0.186  -0.080   0.000 02O000M000t
00506 GLU02A0248_004 f 0.00  0.000     0  0.00  0  0  -2.360  17.458   0.926  -0.149   0.713   0.000 02O000M000t
00507 GLU-1A0248_005 f 0.00 -1.000     0  4.75  0 -1  -2.319  17.494   0.926  -0.042   1.383   0.000 -1O000M000t
00508 LEU01A0249_001 f 0.00  0.000     0  0.00  0  0   1.968   1.029   0.884   0.000   0.000   0.000 01O000M000t
00509 MET01A0250_001 f 0.00  0.000     0  0.00  0  0   0.102  -5.699   2.722   0.051   0.097   0.000 01O000M000t
00510 ARG01A0251_001 f 0.00  0.000     0  0.00  0  0  -2.995  -1.322   0.599   0.055   1.212   0.000 01O000M000t
00511 ARG02A0251_002 f 0.00  0.000     0  0.00  0  0  -3.034  -1.354   0.599  -0.107   2.146   0.000 02O000M000t
00512 ARG02A0251_003 f 0.00  0.000     0  0.00  0  0  -2.966  -1.347   0.599   0.028   1.737   0.000 02O000M000t
00513 ARG03A0251_004 f 0.00  0.000     0  0.00  0  0  -3.042  -1.353   0.599  -0.059   2.133   0.000 03O000M000t
00514 ARG+1A0251_005 f 0.00  1.000     0 12.50  0  1  -3.081  -1.362   0.599  -0.503   2.505   0.000 +1O000M000t
00515 ALA01A0252_001 f 0.00  0.000     0  0.00  0  0  -1.819  -1.789   0.000   0.000   0.000   0.000 01O000M000t
00516 CYS01A0253_001 f 0.00  0.000     0  0.00  0  0  -0.002  -4.544   0.281   0.116   0.993   0.000 01O000M000t
00517 CYS01A0253_002 f 0.00  0.000     0  0.00  0  0  -0.002  -4.614   0.281  -0.509   0.962   0.000 01O000M000t
00518 CYS01A0253_003 f 0.00  0.000     0  0.00  0  0  -0.003  -4.562   0.281   0.247   0.992   0.000 01O000M000t
00519 CYS-1A0253_004 f 0.00 -1.000     0  9.10  0 -1   0.000  -4.484   0.281   1.515  14.046   0.000 -1O000M000t
00520 TRP01A0254_001 f 0.00  0.000     0  0.00  0  0   2.741 -12.028   0.049   0.000   0.000   0.000 01O000M000t
00521 GLN01A0255_001 f 0.00  0.000     0  0.00  0  0  -0.915  -5.982   1.151  -0.381   0.475   0.000 01O000M000t
00522 GLN01A0255_002 f 0.00  0.000     0  0.00  0  0  -0.562  -5.862   1.149   0.230   0.283   0.000 01R001M000t
00523 TRP01A0256_001 f 0.00  0.000     0  0.00  0  0  -1.838  -6.709   0.022   0.000   0.000   0.000 01O000M000t
00524 ASN01A0257_001 f 0.00  0.000     0  0.00  0  0  -1.991  -3.138   0.711   0.210   0.997   0.000 01O000M000t
00525 ASN01A0257_002 f 0.00  0.000     0  0.00  0  0  -2.153  -2.751   0.703   0.027   0.638   0.000 01R001M000t
00526 PRO01A0258_001 f 0.00  0.000     0  0.00  0  0  -2.107   2.668   0.000   0.000   0.000   0.000 01O000M000t
00527 SER01A0259_001 f 0.00  0.000     0  0.00  0  0  -4.058  -0.424   0.767   0.779   0.295   0.000 01O000M000t
00528 SER01A0259_002 f 0.00  0.000     0  0.00  0  0  -4.058  -0.424   0.767   0.081   0.745   0.000 01O000M000t
00529 ASP01A0260_001 f 0.00  0.000     0  0.00  0  0  -2.207  -1.515   3.352   0.191  -0.166   0.000 01O000M000t
00530 ASP01A0260_002 f 0.00  0.000     0  0.00  0  0  -2.207  -1.515   0.632   0.054   0.655   0.000 01O000M000t
00531 ASP02A0260_003 f 0.00  0.000     0  0.00  0  0  -2.107  -1.804   3.352   0.392   0.601   0.000 02O000M000t
00532 ASP02A0260_004 f 0.00  0.000     0  0.00  0  0  -2.107  -1.804   0.632   0.175   0.816   0.000 02O000M000t
00533 ASP-1A0260_005 f 0.00 -1.000     0  4.75  0 -1  -2.175  -1.717   0.632  -0.572   1.534   0.000 -1O000M000t
00534 ARG01A0261_001 f 0.00  0.000     0  0.00  0  0   1.545 -13.680   1.128   1.204   4.444   0.000 01O000M000t
00535 ARG02A0261_002 f 0.00  0.000     0  0.00  0  0   1.505 -13.420   1.128  -3.038   4.938   0.000 02O000M000t
00536 ARG02A0261_003 f 0.00  0.000     0  0.00  0  0   1.565 -13.331   1.128  -1.259   4.930   0.000 02O000M000t
00537 ARG03A0261_004 f 0.00  0.000     0  0.00  0  0   1.500 -13.439   1.128  -3.055   4.861   0.000 03O000M000t
00538 ARG03A0261_005 f 0.00  0.000     0  0.00  0  0   1.505 -13.321   1.128  -0.114   4.861   0.000 03O000M000t
00539 ARG+1A0261_006 f 0.00  1.000     0 12.50  0  1   1.461 -13.492   1.128  -6.228  11.136   0.000 +1O000M000t
00540 PRO01A0262_001 f 0.00  0.000     0  0.00  0  0  -0.947  -3.201   0.000   0.000   0.000   0.000 01O000M000t
00541 SER01A0263_001 f 0.00  0.000     0  0.00  0  0  -1.680  -0.445   0.587  -0.299   1.587   0.000 01O000M000t
00542 SER01A0263_002 f 0.00  0.000     0  0.00  0  0  -1.680  -0.445   0.587   3.266   1.556   0.000 01O000M000t
00543 SER01A0263_003 f 0.00  0.000     0  0.00  0  0  -1.680  -0.445   0.212  -2.541   0.757   0.000 01O000M000t
00544 PHE01A0264_001 f 0.00  0.000     0  0.00  0  0   4.441  -8.582   0.984   0.000   0.000   0.000 01O000M000t
00545 ALA01A0265_001 f 0.00  0.000     0  0.00  0  0  -2.727  -0.645   0.000   0.000   0.000   0.000 01O000M000t
00546 GLU01A0266_001 f 0.00  0.000     0  0.00  0  0  -0.252  -0.443   4.044  -1.228  -0.088   0.000 01O000M000t
00547 GLU01A0266_002 f 0.00  0.000     0  0.00  0  0  -0.252  -0.443   1.324  -1.364   1.047   0.000 01O000M000t
00548 GLU02A0266_003 f 0.00  0.000     0  0.00  0  0   0.609   0.761   4.044   2.139   1.166   0.000 02O000M000t
00549 GLU02A0266_004 f 0.00  0.000     0  0.00  0  0   0.609   0.761   1.324  -0.556   0.934   0.000 02O000M000t
00550 GLU-1A0266_005 f 0.00 -1.000     0  4.75  0 -1  -0.135  -0.406   1.324  -2.764   1.612   0.000 -1O000M000t
00551 ILE01A0267_001 f 0.00  0.000     0  0.00  0  0   3.326  -0.920   0.509   0.000   0.000   0.000 01O000M000t
00552 HIS01A0268_001 f 0.00  0.000     0  0.00  0  0  -1.333  -7.478   0.024   0.274   1.370   0.000 01O000M000t
00553 HIS01A0268_002 f 0.00  0.000     0  0.00  0  0  -1.590  -7.997   0.024   0.722   2.497   0.000 01R001M000t
00554 HIS02A0268_003 f 0.00  0.000     0  0.00  0  0  -1.354  -7.511   0.024   0.236   1.396   0.000 02O000M000t
00555 HIS02A0268_004 f 0.00  0.000     0  0.00  0  0  -1.602  -8.166   0.024  -0.017   2.058   0.000 02R001M000t
00556 HIS+1A0268_005 f 0.00  1.000     0  6.98  0  1  -1.380  -7.541   0.024   0.835   2.736   0.000 +1O000M000t
00557 HIS+1A0268_006 f 0.00  1.000     0  6.98  0  1  -1.628  -8.180   0.024   0.536   4.601   0.000 +1R001M000t
00558 GLN01A0269_001 f 0.00  0.000     0  0.00  0  0  -2.256  -1.465   1.130  -0.518   0.763   0.000 01O000M000t
00559 GLN01A0269_002 f 0.00  0.000     0  0.00  0  0  -2.248  -1.907   1.139   0.463   0.628   0.000 01R001M000t
00560 ALA01A0270_001 f 0.00  0.000     0  0.00  0  0  -1.098  -0.585   0.000   0.000   0.000   0.000 01O000M000t
00561 PHE01A0271_001 f 0.00  0.000     0  0.00  0  0   4.751  -7.123   1.018   0.000   0.000   0.000 01O000M000t
00562 GLU01A0272_001 f 0.00  0.000     0  0.00  0  0  -1.410  -2.673   4.167   0.155   0.269   0.000 01O000M000t
00563 GLU01A0272_002 f 0.00  0.000     0  0.00  0  0  -1.410  -2.673   1.447   0.078   0.914   0.000 01O000M000t
00564 GLU02A0272_003 f 0.00  0.000     0  0.00  0  0  -1.500  -2.640   4.167   0.098   0.007   0.000 02O000M000t
00565 GLU02A0272_004 f 0.00  0.000     0  0.00  0  0  -1.500  -2.640   1.447   0.080   0.992   0.000 02O000M000t
00566 GLU-1A0272_005 f 0.00 -1.000     0  4.75  0 -1  -1.558  -2.610   1.447  -0.124   1.317   0.000 -1O000M000t
00567 THR01A0273_001 f 0.00  0.000     0  0.00  0  0  -3.816  -0.397   0.395   0.095   0.284   0.000 01O000M000t
00568 THR01A0273_002 f 0.00  0.000     0  0.00  0  0  -3.816  -0.397   0.395  -1.622   1.360   0.000 01O000M000t
00569 MET01A0274_001 f 0.00  0.000     0  0.00  0  0  -0.808  -2.848   0.418   0.036   0.089   0.000 01O000M000t
00570 PHE01A0275_001 f 0.00  0.000     0  0.00  0  0   1.351  -6.430   0.002   0.000   0.000   0.000 01O000M000t
00571 GLN01A0276_001 f 0.00  0.000     0  0.00  0  0  -2.153   5.996   1.527  -0.030   0.373   0.000 01O000M000t
00572 GLU01A0277_001 f 0.00  0.000     0  0.00  0  0  -2.270   6.211   5.463   0.207   0.451   0.000 01O000M000t
00573 GLU01A0277_002 f 0.00  0.000     0  0.00  0  0  -2.270   6.211   2.743  -0.071   0.716   0.000 01O000M000t
00574 GLU02A0277_003 f 0.00  0.000     0  0.00  0  0  -2.466   5.206   5.463   0.106  -0.131   0.000 02O000M000t
00575 GLU02A0277_004 f 0.00  0.000     0  0.00  0  0  -2.466   5.206   2.743  -0.031   1.089   0.000 02O000M000t
00576 GLU-1A0277_005 f 0.00 -1.000     0  4.75  0 -1  -2.436   5.268   2.743   0.683   1.848   0.000 -1O000M000t
00577 SER01A0278_001 f 0.00  0.000     0  0.00  0  0  -1.473   2.900   1.060  -1.959   0.762   0.000 01O000M000t
00578 SER01A0278_002 f 0.00  0.000     0  0.00  0  0  -1.473   2.900   0.685  -0.441   0.900   0.000 01O000M000t
00579 1N1+1B0001_001 f 0.00  0.680     0  0.00  0  0   0.000  93.289   0.000  -2.468   9.209   0.329 +1O000M000t
00580 1N1+1B0001_002 f 0.00  0.680     0  0.00  0  0   0.000  93.296   0.000  -2.439   8.154   0.329 +1O000M000t
00581 1N1+2B0001_003 f 0.00  0.678     0  0.00  0  0   0.000  93.395   0.000  -3.461  10.399   0.946 +2O000M000t
00582 1N101B0001_004 f 0.00 -0.316     0  0.00  0  0   0.000  93.437   0.000  -2.905   5.971   1.351 01O000M000t
00583 1N1+3B0001_005 f 0.00  0.615     0  0.00  0  0   0.000  95.246   0.000  -3.463   6.326   2.168 +3O000M000t
00584 1N1+3B0001_006 f 0.00  0.615     0  0.00  0  0   0.000  95.169   0.000  -3.685   6.696   2.168 +3O000M000t
00585 1N1+3B0001_007 f 0.00  0.615     0  0.00  0  0   0.000  91.809   0.000  -2.953   6.370   2.168 +3O000M000t
00586 1N1+3B0001_008 f 0.00  0.615     0  0.00  0  0   0.000  91.725   0.000  -3.113   6.621   2.168 +3O000M000t
00587 1N1+3B0001_009 f 0.00  0.615     0  0.00  0  0   0.000  91.798   0.000  -2.937   7.708   2.168 +3O000M000t
00588 1N1+3B0001_010 f 0.00  0.615     0  0.00  0  0   0.000  95.176   0.000  -3.685   6.756   2.168 +3O000M000t
00589 1N1+3B0001_011 f 0.00  0.615     0  0.00  0  0   0.000  95.249   0.000  -3.470   7.833   2.168 +3O000M000t
00590 1N1+3B0001_012 f 0.00  0.615     0  0.00  0  0   0.000  91.732   0.000  -3.125   6.690   2.168 +3O000M000t
00591 1N102B0001_013 f 0.00 -0.457     0  0.00  0  0   0.000  93.289   0.000  -3.217   9.936   2.523 02O000M000t
00592 1N1+4B0001_014 f 0.00  0.989     0  0.00  0  0   0.000  93.295   0.000   0.662   4.513   5.032 +4O000M000t
00593 1N103B0001_015 f 0.00  0.000     0  0.00  0  0   0.000  93.211   0.000   0.000   0.000   5.133 03O000M000t
00594 1N103B0001_016 f 0.00  0.000     0  0.00  0  0   0.000  93.086   0.000   0.000   0.000   5.133 03O000M000t
00595 1N103B0001_017 f 0.00  0.000     0  0.00  0  0   0.000  93.158   0.000   0.000   0.000   5.133 03O000M000t
00596 1N104B0001_018 f 0.00  0.000     0  0.00  0  0   0.000  93.311   0.000   0.000   0.000   5.194 04O000M000t
00597 1N104B0001_019 f 0.00  0.000     0  0.00  0  0   0.000  93.234   0.000   0.000   0.000   5.194 04O000M000t
00598 1N105B0001_020 f 0.00  0.448     0  0.00  0  0   0.000  93.269   0.000  -0.227  -0.068   5.397 05O000M000t
00599 1N105B0001_021 f 0.00  0.448     0  0.00  0  0   0.000  93.192   0.000  -0.222  -0.268   5.397 05O000M000t
00600 1N106B0001_022 f 0.00  0.448     0  0.00  0  0   0.000  93.249   0.000  -0.227  -0.068   0.000 06O000M000t
00601 1N106B0001_023 f 0.00  0.448     0  0.00  0  0   0.000  93.171   0.000  -0.230  -0.059   0.000 06O000M000t
00602 1N106B0001_024 f 0.00  0.448     0  0.00  0  0   0.000  93.244   0.000  -0.230  -0.065   0.000 06O000M000t
00603 1N1DMB0001_025 t 0.00  0.000     0  0.00  0  0   0.000   0.000   0.000   0.000   0.000   0.000         DMt
