iConf CONFORMER     FL  occ    crg   Em0  pKa0 ne nH    vdw0    vdw1    tors    epol   dsolv   extra    history
00001 NTR01A0001_001 f 0.00  0.000     0  0.00  0  0  -3.116  -0.222   0.000   0.005   0.000   0.000 01O000M000t
00002 NTR+1A0001_002 f 0.00  1.000     0  8.00  0  1  -3.118  -0.277   0.000   1.205   0.075   0.000 +1O000M000t
00003 ASN01A0001_001 f 0.00  0.000     0  0.00  0  0  -1.872  -2.284   0.380   1.149   1.012   0.000 01O000M000t
00004 ASN01A0001_002 f 0.00  0.000     0  0.00  0  0  -2.331  -2.054   0.345  -0.360   0.780   0.000 01R001M000t
00005 PRO01A0002_001 f 0.00  0.000     0  0.00  0  0  -1.999  -1.814   0.000   0.000   0.000   0.000 01O000M000t
00006 ASN01A0003_001 f 0.00  0.000     0  0.00  0  0  -2.478  -2.269   0.295   0.343   0.530   0.000 01O000M000t
00007 ASN01A0003_002 f 0.00  0.000     0  0.00  0  0  -2.526  -1.674   0.294  -0.029   0.714   0.000 01R001M000t
00008 TYR01A0004_001 f 0.00  0.000     0  0.00  0  0   4.114  -9.331   0.167   0.025   1.805   0.000 01O000M000t
00009 TYR-1A0004_002 f 0.00 -1.000     0 10.20  0 -1   4.114  -9.331   0.167  -0.167   8.502   0.000 -1O000M000t
00010 CYS01A0005_001 f 0.00  0.000     0  0.00  0  0  -3.241  -2.282   0.100  -0.078   0.456   0.000 01O000M000t
00011 CYS01A0005_002 f 0.00  0.000     0  0.00  0  0  -3.241  -2.290   0.100  -0.046   0.258   0.000 01O000M000t
00012 CYS01A0005_003 f 0.00  0.000     0  0.00  0  0  -3.242  -2.230   0.100  -0.205   0.044   0.000 01O000M000t
00013 CYS-1A0005_004 f 0.00 -1.000     0  9.10  0 -1  -3.240  -2.214   0.100  -1.152   1.704   0.000 -1O000M000t
00014 PHE01A0006_001 f 0.00  0.000     0  0.00  0  0   3.597  -6.225   0.184   0.000   0.000   0.000 01O000M000t
00015 ALA01A0007_001 f 0.00  0.000     0  0.00  0  0  -1.526   0.887   0.000   0.000   0.000   0.000 01O000M000t
00016 LYS01A0009_001 f 0.00  0.000     0  0.00  0  0  -7.962  -3.387   1.552  -0.053   0.022   0.000 01O000M000t
00017 LYS+1A0009_002 f 0.00  1.000     0 10.40  0  1  -8.012  -3.409   1.552  -0.067   0.901   0.000 +1O000M000t
00018 THR01A0010_001 f 0.00  0.000     0  0.00  0  0  -3.524  -2.354   0.376  -0.038   1.243   0.000 01O000M000t
00019 THR01A0010_002 f 0.00  0.000     0  0.00  0  0  -3.524  -2.354   0.001  -0.267   0.068   0.000 01O000M000t
00020 SER01A0011_001 f 0.00  0.000     0  0.00  0  0  -0.144  -2.364   0.430  -0.822   1.520   0.000 01O000M000t
00021 SER01A0011_002 f 0.00  0.000     0  0.00  0  0  -0.144  -2.364   0.430   0.455   1.810   0.000 01O000M000t
00022 SER01A0011_003 f 0.00  0.000     0  0.00  0  0  -0.144  -2.364   0.055  -0.686   1.266   0.000 01O000M000t
00023 SER01A0012_001 f 0.00  0.000     0  0.00  0  0  -1.011  -1.778   0.386  -0.811   0.132   0.000 01O000M000t
00024 SER01A0012_002 f 0.00  0.000     0  0.00  0  0  -1.011  -1.778   0.011  -1.192   0.228   0.000 01O000M000t
00025 ILE01A0013_001 f 0.00  0.000     0  0.00  0  0  -2.647  -1.856   0.730   0.000   0.000   0.000 01O000M000t
00026 SER01A0014_001 f 0.00  0.000     0  0.00  0  0  -4.038  -0.776   0.829   0.895   0.796   0.000 01O000M000t
00027 SER01A0014_002 f 0.00  0.000     0  0.00  0  0  -4.038  -0.776   0.829  -0.064   0.417   0.000 01O000M000t
00028 ASP01A0015_001 f 0.00  0.000     0  0.00  0  0  -1.489  -2.250   3.476   3.037   1.125   0.000 01O000M000t
00029 ASP01A0015_002 f 0.00  0.000     0  0.00  0  0  -1.489  -2.250   0.756  -0.362   0.457   0.000 01O000M000t
00030 ASP02A0015_003 f 0.00  0.000     0  0.00  0  0  -1.750  -2.574   3.476  -0.664  -0.063   0.000 02O000M000t
00031 ASP02A0015_004 f 0.00  0.000     0  0.00  0  0  -1.750  -2.574   0.756  -0.805   0.982   0.000 02O000M000t
00032 ASP-1A0015_005 f 0.00 -1.000     0  4.75  0 -1  -1.636  -2.639   0.756  -1.971   1.768   0.000 -1O000M000t
00033 LEU01A0016_001 f 0.00  0.000     0  0.00  0  0   1.816  -6.626   0.459   0.000   0.000   0.000 01O000M000t
00034 LYS01A0017_001 f 0.00  0.000     0  0.00  0  0 999.000 999.000   4.327  -0.675   1.088   0.000 01O000M000t
00035 LYS+1A0017_002 f 0.00  1.000     0 10.40  0  1 999.000 999.000   4.327   0.060   6.365   0.000 +1O000M000t
00036 GLU01A0018_001 f 0.00  0.000     0  0.00  0  0   0.255  -5.322   3.262  -2.183   0.958   0.000 01O000M000t
00037 GLU01A0018_002 f 0.00  0.000     0  0.00  0  0   0.255  -5.322   0.542   2.617   2.488   0.000 01O000M000t
00038 GLU02A0018_003 f 0.00  0.000     0  0.00  0  0   0.443  -5.400   3.262  -2.068   1.116   0.000 02O000M000t
00039 GLU02A0018_004 f 0.00  0.000     0  0.00  0  0   0.443  -5.400   0.542   2.782   2.237   0.000 02O000M000t
00040 GLU-1A0018_005 f 0.00 -1.000     0  4.75  0 -1   0.208  -5.548   0.542  -6.583   7.035   0.000 -1O000M000t
00041 VAL01A0019_001 f 0.00  0.000     0  0.00  0  0  -0.340  -2.849   2.721   0.000   0.000   0.000 01O000M000t
00042 PRO01A0020_001 f 0.00  0.000     0  0.00  0  0  -3.891  -1.693   0.000   0.000   0.000   0.000 01O000M000t
00043 ARG01A0021_001 f 0.00  0.000     0  0.00  0  0  -1.634  -6.866   0.441  -2.253   3.911   0.000 01O000M000t
00044 ARG02A0021_002 f 0.00  0.000     0  0.00  0  0  -1.691  -6.830   0.441   0.899   4.412   0.000 02O000M000t
00045 ARG02A0021_003 f 0.00  0.000     0  0.00  0  0  -1.686  -6.750   0.441  -1.677   4.336   0.000 02O000M000t
00046 ARG03A0021_004 f 0.00  0.000     0  0.00  0  0  -1.643  -6.893   0.441  -2.324   3.919   0.000 03O000M000t
00047 ARG+1A0021_005 f 0.00  1.000     0 12.50  0  1  -1.730  -6.923   0.441  -3.629   7.303   0.000 +1O000M000t
00048 LYS01A0022_001 f 0.00  0.000     0  0.00  0  0  -8.265  -1.797   1.010   0.072   0.475   0.000 01O000M000t
00049 LYS+1A0022_002 f 0.00  1.000     0 10.40  0  1  -8.329  -1.804   1.010   0.501   1.264   0.000 +1O000M000t
00050 ASN01A0023_001 f 0.00  0.000     0  0.00  0  0  -0.870  -2.704   0.350  -0.280   1.041   0.000 01O000M000t
00051 ASN01A0023_002 f 0.00  0.000     0  0.00  0  0  -1.025  -1.778   0.344   0.669   1.049   0.000 01R001M000t
00052 ILE01A0024_001 f 0.00  0.000     0  0.00  0  0   0.722  -3.865   0.947   0.000   0.000   0.000 01O000M000t
00053 THR01A0025_001 f 0.00  0.000     0  0.00  0  0  -3.705  -1.986   0.401  -0.250  -0.069   0.000 01O000M000t
00054 LEU01A0026_001 f 0.00  0.000     0  0.00  0  0  -1.685  -2.607   0.490   0.000   0.000   0.000 01O000M000t
00055 ILE01A0027_001 f 0.00  0.000     0  0.00  0  0  -1.744  -3.149   0.760   0.000   0.000   0.000 01O000M000t
00056 ARG01A0028_001 f 0.00  0.000     0  0.00  0  0  -6.283  -2.136   1.162  -0.081   0.709   0.000 01O000M000t
00057 ARG02A0028_002 f 0.00  0.000     0  0.00  0  0  -6.325  -2.147   1.162   0.075   1.530   0.000 02O000M000t
00058 ARG03A0028_003 f 0.00  0.000     0  0.00  0  0  -6.290  -2.144   1.162   0.053   0.668   0.000 03O000M000t
00059 ARG+1A0028_004 f 0.00  1.000     0 12.50  0  1  -6.364  -2.148   1.162   0.300   1.565   0.000 +1O000M000t
00060 LEU01A0030_001 f 0.00  0.000     0  0.00  0  0  -1.379  -5.854   0.406   0.000   0.000   0.000 01O000M000t
00061 HIS01A0032_001 f 0.00  0.000     0  0.00  0  0  -7.287  -4.853   0.008   0.267   1.042   0.000 01O000M000t
00062 HIS01A0032_002 f 0.00  0.000     0  0.00  0  0  -7.121  -4.974   0.008   0.345   0.617   0.000 01R001M000t
00063 HIS02A0032_003 f 0.00  0.000     0  0.00  0  0  -7.307  -4.927   0.008   0.428   0.695   0.000 02O000M000t
00064 HIS02A0032_004 f 0.00  0.000     0  0.00  0  0  -7.131  -5.037   0.008   0.346   0.905   0.000 02R001M000t
00065 HIS+1A0032_005 f 0.00  1.000     0  6.98  0  1  -7.332  -4.937   0.008   1.209   0.879   0.000 +1O000M000t
00066 HIS+1A0032_006 f 0.00  1.000     0  6.98  0  1  -7.159  -5.050   0.008   1.202   0.621   0.000 +1R001M000t
00067 ALA01A0034_001 f 0.00  0.000     0  0.00  0  0  -1.648  -0.309   0.000   0.000   0.000   0.000 01O000M000t
00068 PHE01A0035_001 f 0.00  0.000     0  0.00  0  0   0.077  -3.876   0.071   0.000   0.000   0.000 01O000M000t
00069 GLU01A0037_001 f 0.00  0.000     0  0.00  0  0  -2.111  -0.282   4.697   0.304   0.004   0.000 01O000M000t
00070 GLU01A0037_002 f 0.00  0.000     0  0.00  0  0  -2.111  -0.282   1.977   0.092   0.657   0.000 01O000M000t
00071 GLU02A0037_003 f 0.00  0.000     0  0.00  0  0  -2.212  -0.271   4.697   0.117  -0.101   0.000 02O000M000t
00072 GLU02A0037_004 f 0.00  0.000     0  0.00  0  0  -2.212  -0.271   1.977   0.054   0.626   0.000 02O000M000t
00073 GLU-1A0037_005 f 0.00 -1.000     0  4.75  0 -1  -2.170  -0.249   1.977  -0.587   1.020   0.000 -1O000M000t
00074 VAL01A0038_001 f 0.00  0.000     0  0.00  0  0  -1.043  -5.377   0.016   0.000   0.000   0.000 01O000M000t
00075 TYR01A0039_001 f 0.00  0.000     0  0.00  0  0   1.489  -7.923   0.117   0.202   1.084   0.000 01O000M000t
00076 TYR01A0039_002 f 0.00  0.000     0  0.00  0  0   1.489  -7.923   0.117   0.131   0.816   0.000 01O000M000t
00077 TYR-1A0039_003 f 0.00 -1.000     0 10.20  0 -1   1.489  -7.923   0.117  -0.324   2.445   0.000 -1O000M000t
00078 GLU01A0040_001 f 0.00  0.000     0  0.00  0  0  -0.289  -2.950   2.981   0.526   1.093   0.000 01O000M000t
00079 GLU01A0040_002 f 0.00  0.000     0  0.00  0  0  -0.289  -2.950   0.261   0.156   1.057   0.000 01O000M000t
00080 GLU02A0040_003 f 0.00  0.000     0  0.00  0  0  -0.463  -2.946   2.981   0.149   0.950   0.000 02O000M000t
00081 GLU02A0040_004 f 0.00  0.000     0  0.00  0  0  -0.463  -2.946   0.261   0.095   1.047   0.000 02O000M000t
00082 GLU-1A0040_005 f 0.00 -1.000     0  4.75  0 -1  -0.578  -2.907   0.261  -0.375   2.360   0.000 -1O000M000t
00083 GLN01A0042_001 f 0.00  0.000     0  0.00  0  0   0.760  -3.786   1.986   0.173   0.550   0.000 01O000M000t
00084 GLN01A0042_002 f 0.00  0.000     0  0.00  0  0  -0.298  -3.726   1.986  -0.067   0.345   0.000 01R001M000t
00085 VAL01A0043_001 f 0.00  0.000     0  0.00  0  0   0.170  -3.483   0.013   0.000   0.000   0.000 01O000M000t
00086 SER01A0044_001 f 0.00  0.000     0  0.00  0  0  -0.048 999.000   0.380  -0.070   1.656   0.000 01O000M000t
00087 SER01A0044_002 f 0.00  0.000     0  0.00  0  0  -0.048 999.000   0.005  -1.555   1.102   0.000 01O000M000t
00088 MET01A0046_001 f 0.00  0.000     0  0.00  0  0  -4.162 999.000   4.534   0.212   0.047   0.000 01O000M000t
00089 PRO01A0047_001 f 0.00  0.000     0  0.00  0  0  -4.905  14.881   0.000   0.000   0.000   0.000 01O000M000t
00090 ASN01A0048_001 f 0.00  0.000     0  0.00  0  0  -1.432 999.000   1.913   2.118   1.031   0.000 01O000M000t
00091 ASN01A0048_002 f 0.00  0.000     0  0.00  0  0  -1.576 999.000   1.947  -3.037   1.143   0.000 01R001M000t
00092 ASP01A0049_001 f 0.00  0.000     0  0.00  0  0  -3.647  11.785   5.222   0.097  -0.767   0.000 01O000M000t
00093 ASP01A0049_002 f 0.00  0.000     0  0.00  0  0  -3.647  11.785   2.502   0.044   1.012   0.000 01O000M000t
00094 ASP02A0049_003 f 0.00  0.000     0  0.00  0  0  -3.592  13.275   5.222   1.076   0.771   0.000 02O000M000t
00095 ASP02A0049_004 f 0.00  0.000     0  0.00  0  0  -3.592  13.275   2.502   0.019   1.070   0.000 02O000M000t
00096 ASP-1A0049_005 f 0.00 -1.000     0  4.75  0 -1  -3.572  11.828   2.502  -0.395   0.020   0.000 -1O000M000t
00097 PRO01A0050_001 f 0.00  0.000     0  0.00  0  0  -4.207 480.802   0.000   0.000   0.000   0.000 01O000M000t
00098 SER01A0051_001 f 0.00  0.000     0  0.00  0  0  -2.032   2.043   0.400   1.504   1.450   0.000 01O000M000t
00099 PRO01A0052_001 f 0.00  0.000     0  0.00  0  0  -1.449  -4.892   0.000   0.000   0.000   0.000 01O000M000t
00100 LEU01A0053_001 f 0.00  0.000     0  0.00  0  0  -4.133  -2.793   0.681   0.000   0.000   0.000 01O000M000t
00101 GLN01A0054_001 f 0.00  0.000     0  0.00  0  0  -2.244  -2.049   1.424   0.039  -0.025   0.000 01O000M000t
00102 GLN01A0054_002 f 0.00  0.000     0  0.00  0  0  -2.142  -2.050   1.427   0.082   0.114   0.000 01R001M000t
00103 VAL01A0055_001 f 0.00  0.000     0  0.00  0  0   0.549  -6.083   0.019   0.000   0.000   0.000 01O000M000t
00104 ALA01A0056_001 f 0.00  0.000     0  0.00  0  0  -0.512  -2.021   0.000   0.000   0.000   0.000 01O000M000t
00105 VAL01A0057_001 f 0.00  0.000     0  0.00  0  0   0.513  -4.693   0.077   0.000   0.000   0.000 01O000M000t
00106 LYS01A0058_001 f 0.00  0.000     0  0.00  0  0   0.515  -4.175   1.416   0.067   0.464   0.000 01O000M000t
00107 LYS+1A0058_002 f 0.00  1.000     0 10.40  0  1   0.466  -4.190   1.416   1.537   3.948   0.000 +1O000M000t
00108 THR01A0059_001 f 0.00  0.000     0  0.00  0  0  -0.014  -3.063   0.459  -1.760   1.516   0.000 01O000M000t
00109 THR01A0059_002 f 0.00  0.000     0  0.00  0  0  -0.014  -3.063   0.459   0.454   1.220   0.000 01O000M000t
00110 LEU01A0060_001 f 0.00  0.000     0  0.00  0  0   1.325  -5.731   0.629   0.000   0.000   0.000 01O000M000t
00111 PRO01A0061_001 f 0.00  0.000     0  0.00  0  0  -1.280  -3.563   0.000   0.000   0.000   0.000 01O000M000t
00112 GLU01A0062_001 f 0.00  0.000     0  0.00  0  0  -1.578  -2.944   4.943   0.408  -0.210   0.000 01O000M000t
00113 GLU01A0062_002 f 0.00  0.000     0  0.00  0  0  -1.578  -2.944   2.223   0.141   0.936   0.000 01O000M000t
00114 GLU02A0062_003 f 0.00  0.000     0  0.00  0  0  -1.611  -2.938   4.943   0.235   0.291   0.000 02O000M000t
00115 GLU02A0062_004 f 0.00  0.000     0  0.00  0  0  -1.611  -2.938   2.223   0.126   0.580   0.000 02O000M000t
00116 GLU-1A0062_005 f 0.00 -1.000     0  4.75  0 -1  -1.679  -2.885   2.223  -0.607   1.204   0.000 -1O000M000t
00117 VAL01A0063_001 f 0.00  0.000     0  0.00  0  0  -8.233   3.596   0.011   0.000   0.000   0.000 01O000M000t
00118 CYS01A0064_001 f 0.00  0.000     0  0.00  0  0  -0.002  -3.400   0.130  -0.384   0.392   0.000 01O000M000t
00119 CYS01A0064_002 f 0.00  0.000     0  0.00  0  0  -0.002  -3.411   0.130  -0.108   0.652   0.000 01O000M000t
00120 CYS01A0064_003 f 0.00  0.000     0  0.00  0  0  -0.002  -3.343   0.130  -0.089   0.833   0.000 01O000M000t
00121 CYS-1A0064_004 f 0.00 -1.000     0  9.10  0 -1   0.000  -3.283   0.130  -0.392   5.487   0.000 -1O000M000t
00122 SER01A0065_001 f 0.00  0.000     0  0.00  0  0  -2.825  -1.523   0.382  -0.167   1.143   0.000 01O000M000t
00123 SER01A0065_002 f 0.00  0.000     0  0.00  0  0  -2.825  -1.523   0.381   2.335   1.489   0.000 01O000M000t
00124 GLU01A0066_001 f 0.00  0.000     0  0.00  0  0  -3.158  -0.625   3.260   0.044  -0.623   0.000 01O000M000t
00125 GLU01A0066_002 f 0.00  0.000     0  0.00  0  0  -3.158  -0.625   0.540   0.026   0.653   0.000 01O000M000t
00126 GLU02A0066_003 f 0.00  0.000     0  0.00  0  0  -2.873  -0.638   3.260   0.283  -0.353   0.000 02O000M000t
00127 GLU02A0066_004 f 0.00  0.000     0  0.00  0  0  -2.873  -0.638   0.540   0.082   0.536   0.000 02O000M000t
00128 GLU-1A0066_005 f 0.00 -1.000     0  4.75  0 -1  -3.054  -0.612   0.540  -0.311  -0.131   0.000 -1O000M000t
00129 GLN01A0067_001 f 0.00  0.000     0  0.00  0  0  -1.461  -2.041   0.842   0.177   0.056   0.000 01O000M000t
00130 GLN01A0067_002 f 0.00  0.000     0  0.00  0  0  -1.934  -2.038   0.858   0.087   0.354   0.000 01R001M000t
00131 ASP01A0068_001 f 0.00  0.000     0  0.00  0  0  -0.520  -2.985   3.314   0.143   0.429   0.000 01O000M000t
00132 ASP01A0068_002 f 0.00  0.000     0  0.00  0  0  -0.520  -2.985   0.594  -0.207   1.097   0.000 01O000M000t
00133 ASP02A0068_003 f 0.00  0.000     0  0.00  0  0  -0.475  -3.062   3.314   2.638   1.651   0.000 02O000M000t
00134 ASP02A0068_004 f 0.00  0.000     0  0.00  0  0  -0.475  -3.062   0.594   0.011   1.040   0.000 02O000M000t
00135 ASP-1A0068_005 f 0.00 -1.000     0  4.75  0 -1  -0.522  -3.112   0.594  -2.662   2.789   0.000 -1O000M000t
00136 GLU01A0069_001 f 0.00  0.000     0  0.00  0  0   0.561  -3.239   5.543   0.468  -0.053   0.000 01O000M000t
00137 GLU01A0069_002 f 0.00  0.000     0  0.00  0  0   0.561  -3.239   2.823   0.121   1.687   0.000 01O000M000t
00138 GLU02A0069_003 f 0.00  0.000     0  0.00  0  0   0.219  -3.230   5.543   0.029   0.282   0.000 02O000M000t
00139 GLU02A0069_004 f 0.00  0.000     0  0.00  0  0   0.219  -3.230   2.823   0.032   1.748   0.000 02O000M000t
00140 GLU-1A0069_005 f 0.00 -1.000     0  4.75  0 -1   0.208  -3.187   2.823  -0.103   3.032   0.000 -1O000M000t
00141 LEU01A0070_001 f 0.00  0.000     0  0.00  0  0  -2.142  -2.839   0.464   0.000   0.000   0.000 01O000M000t
00142 ASP01A0071_001 f 0.00  0.000     0  0.00  0  0   0.110  -3.287   3.122   0.200   1.277   0.000 01O000M000t
00143 ASP01A0071_002 f 0.00  0.000     0  0.00  0  0   0.110  -3.287   0.402   0.168   2.127   0.000 01O000M000t
00144 ASP02A0071_003 f 0.00  0.000     0  0.00  0  0   0.071  -2.951   3.122   0.496   1.997   0.000 02O000M000t
00145 ASP02A0071_004 f 0.00  0.000     0  0.00  0  0   0.071  -2.951   0.402   0.138   1.982   0.000 02O000M000t
00146 ASP-1A0071_005 f 0.00 -1.000     0  4.75  0 -1   0.066  -3.198   0.402  -0.888   7.435   0.000 -1O000M000t
00147 PHE01A0072_001 f 0.00  0.000     0  0.00  0  0   3.593 -10.639   0.428   0.000   0.000   0.000 01O000M000t
00148 LEU01A0073_001 f 0.00  0.000     0  0.00  0  0   0.899  -3.762   1.154   0.000   0.000   0.000 01O000M000t
00149 MET01A0074_001 f 0.00  0.000     0  0.00  0  0   0.356  -5.743   0.564   0.021   0.095   0.000 01O000M000t
00150 GLU01A0075_001 f 0.00  0.000     0  0.00  0  0   0.490  -4.032   4.347   0.628   2.016   0.000 01O000M000t
00151 GLU01A0075_002 f 0.00  0.000     0  0.00  0  0   0.490  -4.032   1.627   0.089   1.707   0.000 01O000M000t
00152 GLU02A0075_003 f 0.00  0.000     0  0.00  0  0   0.478  -4.007   4.347  -0.098   1.983   0.000 02O000M000t
00153 GLU02A0075_004 f 0.00  0.000     0  0.00  0  0   0.478  -4.007   1.627  -0.156   1.750   0.000 02O000M000t
00154 GLU-1A0075_005 f 0.00 -1.000     0  4.75  0 -1   0.378  -3.952   1.627  -2.083   6.348   0.000 -1O000M000t
00155 ALA01A0076_001 f 0.00  0.000     0  0.00  0  0   0.000  -0.868   0.000   0.000   0.000   0.000 01O000M000t
00156 LEU01A0077_001 f 0.00  0.000     0  0.00  0  0   1.561  -7.263   0.512   0.000   0.000   0.000 01O000M000t
00157 ILE01A0078_001 f 0.00  0.000     0  0.00  0  0   1.477  -4.029   0.613   0.000   0.000   0.000 01O000M000t
00158 ILE01A0079_001 f 0.00  0.000     0  0.00  0  0   1.105  -4.301   0.487   0.000   0.000   0.000 01O000M000t
00159 SER01A0080_001 f 0.00  0.000     0  0.00  0  0  -0.624  -2.100   0.382   0.198   1.017   0.000 01O000M000t
00160 SER01A0080_002 f 0.00  0.000     0  0.00  0  0  -0.624  -2.100   0.383  -1.145   1.762   0.000 01O000M000t
00161 SER01A0080_003 f 0.00  0.000     0  0.00  0  0  -0.624  -2.100   0.007   0.009   1.691   0.000 01O000M000t
00162 LYS01A0081_001 f 0.00  0.000     0  0.00  0  0  -2.385   5.321   2.256  -0.085   0.789   0.000 01O000M000t
00163 LYS+1A0081_002 f 0.00  1.000     0 10.40  0  1  -2.447   5.296   2.256  -0.994   4.465   0.000 +1O000M000t
00164 PHE01A0082_001 f 0.00  0.000     0  0.00  0  0   4.486  -5.752   0.025   0.000   0.000   0.000 01O000M000t
00165 ASN01A0083_001 f 0.00  0.000     0  0.00  0  0  -2.996  -0.426   0.501  -0.075   0.240   0.000 01O000M000t
00166 ASN01A0083_002 f 0.00  0.000     0  0.00  0  0  -3.208   0.189   0.562   0.563   0.395   0.000 01R001M000t
00167 HIS01A0084_001 f 0.00  0.000     0  0.00  0  0  -1.239  -6.251   0.434  -2.565   2.800   0.000 01O000M000t
00168 HIS02A0084_002 f 0.00  0.000     0  0.00  0  0  -1.258  -6.395   0.434   2.616   1.879   0.000 02O000M000t
00169 HIS+1A0084_003 f 0.00  1.000     0  6.98  0  1  -1.283  -6.419   0.434   6.220   5.115   0.000 +1O000M000t
00170 GLN01A0085_001 f 0.00  0.000     0  0.00  0  0  -1.972   0.084   1.359  -1.059   0.352   0.000 01O000M000t
00171 ASN01A0086_001 f 0.00  0.000     0  0.00  0  0   0.545  -5.707   0.981   1.436   2.215   0.000 01O000M000t
00172 ASN01A0086_002 f 0.00  0.000     0  0.00  0  0   0.279  -5.410   1.035  -1.767   2.014   0.000 01R001M000t
00173 ILE01A0087_001 f 0.00  0.000     0  0.00  0  0   1.172  -4.806   0.430   0.000   0.000   0.000 01O000M000t
00174 VAL01A0088_001 f 0.00  0.000     0  0.00  0  0   0.416  -2.823   0.019   0.000   0.000   0.000 01O000M000t
00175 ARG01A0089_001 f 0.00  0.000     0  0.00  0  0  -4.385  -6.743   0.507   0.303   1.242   0.000 01O000M000t
00176 ARG02A0089_002 f 0.00  0.000     0  0.00  0  0  -4.421  -6.697   0.507  -0.033   2.465   0.000 02O000M000t
00177 ARG02A0089_003 f 0.00  0.000     0  0.00  0  0  -4.361  -6.723   0.507   0.479   2.217   0.000 02O000M000t
00178 ARG03A0089_004 f 0.00  0.000     0  0.00  0  0  -4.423  -6.727   0.507   0.270   2.083   0.000 03O000M000t
00179 ARG+1A0089_005 f 0.00  1.000     0 12.50  0  1  -4.465  -6.768   0.507  -0.349   2.035   0.000 +1O000M000t
00180 CYS01A0090_001 f 0.00  0.000     0  0.00  0  0  -0.050  -4.792   0.037   0.074   0.905   0.000 01O000M000t
00181 CYS01A0090_002 f 0.00  0.000     0  0.00  0  0  -0.050  -4.713   0.037  -0.626   0.940   0.000 01O000M000t
00182 CYS01A0090_003 f 0.00  0.000     0  0.00  0  0  -0.050  -4.613   0.037  -0.252   0.966   0.000 01O000M000t
00183 CYS-1A0090_004 f 0.00 -1.000     0  9.10  0 -1  -0.048  -4.549   0.037  -1.479  10.717   0.000 -1O000M000t
00184 ILE01A0091_001 f 0.00  0.000     0  0.00  0  0  -0.285  -3.589   1.503   0.000   0.000   0.000 01O000M000t
00185 VAL01A0093_001 f 0.00  0.000     0  0.00  0  0   0.612  -4.125   0.011   0.000   0.000   0.000 01O000M000t
00186 SER01A0094_001 f 0.00  0.000     0  0.00  0  0   0.000  -2.389   0.377  -0.177   1.719   0.000 01O000M000t
00187 SER01A0094_002 f 0.00  0.000     0  0.00  0  0   0.000  -2.389   0.378   0.048   1.004   0.000 01O000M000t
00188 SER01A0094_003 f 0.00  0.000     0  0.00  0  0   0.000  -2.389   0.002  -0.617   1.755   0.000 01O000M000t
00189 LEU01A0095_001 f 0.00  0.000     0  0.00  0  0   1.134  -3.930   0.533   0.000   0.000   0.000 01O000M000t
00190 GLN01A0096_001 f 0.00  0.000     0  0.00  0  0  -2.254  -0.777   0.444   0.100   0.237   0.000 01O000M000t
00191 GLN01A0096_002 f 0.00  0.000     0  0.00  0  0  -2.378  -0.786   0.481   0.130  -0.062   0.000 01R001M000t
00192 SER01A0097_001 f 0.00  0.000     0  0.00  0  0  -1.601  -1.374   1.478  -0.269  -0.069   0.000 01O000M000t
00193 LEU01A0098_001 f 0.00  0.000     0  0.00  0  0  -3.012  -3.094   0.548   0.000   0.000   0.000 01O000M000t
00194 PRO01A0099_001 f 0.00  0.000     0  0.00  0  0  -2.758  -2.042   0.000   0.000   0.000   0.000 01O000M000t
00195 ARG01A0100_001 f 0.00  0.000     0  0.00  0  0  -1.650  -4.335   1.930  -1.009   1.972   0.000 01O000M000t
00196 ARG02A0100_002 f 0.00  0.000     0  0.00  0  0  -1.674  -4.342   1.930  -0.910   2.754   0.000 02O000M000t
00197 ARG02A0100_003 f 0.00  0.000     0  0.00  0  0  -1.670  -4.341   1.930  -0.942   2.539   0.000 02O000M000t
00198 ARG03A0100_004 f 0.00  0.000     0  0.00  0  0  -1.576  -4.420   1.930   0.756   2.344   0.000 03O000M000t
00199 ARG+1A0100_005 f 0.00  1.000     0 12.50  0  1  -1.713  -4.347   1.930  -1.548   3.729   0.000 +1O000M000t
00200 PHE01A0101_001 f 0.00  0.000     0  0.00  0  0   3.502  -6.669   0.000   0.000   0.000   0.000 01O000M000t
00201 ILE01A0102_001 f 0.00  0.000     0  0.00  0  0   1.190  -4.861   0.487   0.000   0.000   0.000 01O000M000t
00202 LEU01A0103_001 f 0.00  0.000     0  0.00  0  0   1.573  -6.733   0.679   0.000   0.000   0.000 01O000M000t
00203 LEU01A0104_001 f 0.00  0.000     0  0.00  0  0   1.218  -5.137   0.472   0.000   0.000   0.000 01O000M000t
00204 GLU01A0105_001 f 0.00  0.000     0  0.00  0  0   2.061  -4.001   3.162   2.459   1.929   0.000 01O000M000t
00205 GLU01A0105_002 f 0.00  0.000     0  0.00  0  0   2.061  -4.001   0.442  -0.478   2.217   0.000 01O000M000t
00206 GLU02A0105_003 f 0.00  0.000     0  0.00  0  0   1.372  -4.360   3.162  -1.259   1.267   0.000 02O000M000t
00207 GLU02A0105_004 f 0.00  0.000     0  0.00  0  0   1.372  -4.360   0.442  -1.269   2.451   0.000 02O000M000t
00208 GLU-1A0105_005 f 0.00 -1.000     0  4.75  0 -1   1.370  -4.305   0.442  -2.573   6.904   0.000 -1O000M000t
00209 LEU01A0106_001 f 0.00  0.000     0  0.00  0  0   0.853  -6.086   0.558   0.000   0.000   0.000 01O000M000t
00210 MET01A0107_001 f 0.00  0.000     0  0.00  0  0   0.140  -6.854   0.582   0.011   0.075   0.000 01O000M000t
00211 ALA01A0108_001 f 0.00  0.000     0  0.00  0  0  -2.418   0.568   0.000   0.000   0.000   0.000 01O000M000t
00212 ASP01A0111_001 f 0.00  0.000     0  0.00  0  0  -0.925  -4.792   3.918   1.472   1.253   0.000 01O000M000t
00213 ASP01A0111_002 f 0.00  0.000     0  0.00  0  0  -0.925  -4.792   1.198   0.497   1.256   0.000 01O000M000t
00214 ASP02A0111_003 f 0.00  0.000     0  0.00  0  0  -0.967  -4.916   3.918  -0.521   0.576   0.000 02O000M000t
00215 ASP02A0111_004 f 0.00  0.000     0  0.00  0  0  -0.967  -4.916   1.198  -0.854   1.765   0.000 02O000M000t
00216 ASP-1A0111_005 f 0.00 -1.000     0  4.75  0 -1  -1.012  -4.984   1.198  -4.595   4.162   0.000 -1O000M000t
00217 LEU01A0112_001 f 0.00  0.000     0  0.00  0  0   1.256  -4.764   0.573   0.000   0.000   0.000 01O000M000t
00218 LYS01A0113_001 f 0.00  0.000     0  0.00  0  0  -1.032  -3.941   1.996  -0.813   0.931   0.000 01O000M000t
00219 LYS+1A0113_002 f 0.00  1.000     0 10.40  0  1  -1.113  -4.208   1.996  -1.366   5.987   0.000 +1O000M000t
00220 SER01A0114_001 f 0.00  0.000     0  0.00  0  0  -2.121  -1.481   0.657   0.388   1.384   0.000 01O000M000t
00221 SER01A0114_002 f 0.00  0.000     0  0.00  0  0  -2.121  -1.481   0.657  -0.409   0.504   0.000 01O000M000t
00222 SER01A0114_003 f 0.00  0.000     0  0.00  0  0  -2.121  -1.481   0.282  -0.963   0.434   0.000 01O000M000t
00223 PHE01A0115_001 f 0.00  0.000     0  0.00  0  0   4.200  -6.576   0.228   0.000   0.000   0.000 01O000M000t
00224 LEU01A0116_001 f 0.00  0.000     0  0.00  0  0   1.724  -7.622   0.555   0.000   0.000   0.000 01O000M000t
00225 ARG01A0117_001 f 0.00  0.000     0  0.00  0  0  -5.395  -5.253   1.229  -0.033   0.389   0.000 01O000M000t
00226 ARG02A0117_002 f 0.00  0.000     0  0.00  0  0  -5.329  -5.254   1.229  -0.122   1.194   0.000 02O000M000t
00227 ARG03A0117_003 f 0.00  0.000     0  0.00  0  0  -5.424  -5.267   1.229  -0.106   1.311   0.000 03O000M000t
00228 ARG+1A0117_004 f 0.00  1.000     0 12.50  0  1  -5.464  -5.269   1.229  -0.578   0.627   0.000 +1O000M000t
00229 GLU01A0118_001 f 0.00  0.000     0  0.00  0  0  -2.123  -2.728   3.361  -0.139  -0.153   0.000 01O000M000t
00230 GLU01A0118_002 f 0.00  0.000     0  0.00  0  0  -2.123  -2.728   0.641  -0.096   0.592   0.000 01O000M000t
00231 GLU02A0118_003 f 0.00  0.000     0  0.00  0  0  -2.279  -2.724   3.361  -0.072  -0.435   0.000 02O000M000t
00232 GLU02A0118_004 f 0.00  0.000     0  0.00  0  0  -2.279  -2.724   0.641  -0.040   0.674   0.000 02O000M000t
00233 GLU-1A0118_005 f 0.00 -1.000     0  4.75  0 -1  -2.253  -2.674   0.641   0.336   0.471   0.000 -1O000M000t
00234 THR01A0119_001 f 0.00  0.000     0  0.00  0  0  -0.940  -0.315   1.227   0.416   0.635   0.000 01O000M000t
00235 THR01A0119_002 f 0.00  0.000     0  0.00  0  0  -0.940  -0.315   1.227  -1.440   1.292   0.000 01O000M000t
00236 ARG01A0120_001 f 0.00  0.000     0  0.00  0  0   0.502  -4.480   3.362   1.391   2.954   0.000 01O000M000t
00237 ARG02A0120_002 f 0.00  0.000     0  0.00  0  0   0.457  -4.384   3.362  -1.844   3.589   0.000 02O000M000t
00238 ARG03A0120_003 f 0.00  0.000     0  0.00  0  0   0.462  -4.412   3.362  -1.737   3.449   0.000 03O000M000t
00239 ARG03A0120_004 f 0.00  0.000     0  0.00  0  0   0.522  -4.409   3.362  -1.444   3.133   0.000 03O000M000t
00240 ARG+1A0120_005 f 0.00  1.000     0 12.50  0  1   0.419  -4.419   3.362  -5.733   5.726   0.000 +1O000M000t
00241 PRO01A0121_001 f 0.00  0.000     0  0.00  0  0   0.137  -4.286   0.000   0.000   0.000   0.000 01O000M000t
00242 ARG01A0122_001 f 0.00  0.000     0  0.00  0  0  -2.437  -2.752   1.153   0.085   1.531   0.000 01O000M000t
00243 ARG02A0122_002 f 0.00  0.000     0  0.00  0  0  -2.480  -2.782   1.153  -0.317   2.682   0.000 02O000M000t
00244 ARG02A0122_003 f 0.00  0.000     0  0.00  0  0  -2.476  -2.758   1.153   0.065   2.095   0.000 02O000M000t
00245 ARG03A0122_004 f 0.00  0.000     0  0.00  0  0  -2.475  -2.779   1.153  -0.392   2.581   0.000 03O000M000t
00246 ARG03A0122_005 f 0.00  0.000     0  0.00  0  0  -2.415  -2.745   1.153   0.059   2.037   0.000 03O000M000t
00247 ARG+1A0122_006 f 0.00  1.000     0 12.50  0  1  -2.519  -2.791   1.153  -1.964   2.753   0.000 +1O000M000t
00248 PRO01A0123_001 f 0.00  0.000     0  0.00  0  0  -3.266  -2.633   0.000   0.000   0.000   0.000 01O000M000t
00249 SER01A0124_001 f 0.00  0.000     0  0.00  0  0  -4.564  -0.926   0.414  -0.107   0.079   0.000 01O000M000t
00250 GLN01A0125_001 f 0.00  0.000     0  0.00  0  0  -1.567  -3.507   1.416  -0.096   0.600   0.000 01O000M000t
00251 GLN01A0125_002 f 0.00  0.000     0  0.00  0  0  -1.587  -3.381   1.395   0.355   0.500   0.000 01R001M000t
00252 PRO01A0126_001 f 0.00  0.000     0  0.00  0  0  -5.562  -3.206   0.000   0.000   0.000   0.000 01O000M000t
00253 SER01A0127_001 f 0.00  0.000     0  0.00  0  0  -4.267   2.302   2.487  -0.168   0.226   0.000 01O000M000t
00254 SER01A0128_001 f 0.00  0.000     0  0.00  0  0   0.000   6.199   1.068   1.946   1.944   0.000 01O000M000t
00255 SER01A0128_002 f 0.00  0.000     0  0.00  0  0   0.000   6.199   0.693  -2.669   1.939   0.000 01O000M000t
00256 LEU01A0129_001 f 0.00  0.000     0  0.00  0  0   2.569  -2.436   2.510   0.000   0.000   0.000 01O000M000t
00257 ALA01A0130_001 f 0.00  0.000     0  0.00  0  0  -2.160  -0.889   0.000   0.000   0.000   0.000 01O000M000t
00258 MET01A0131_001 f 0.00  0.000     0  0.00  0  0  -0.074  -5.194   3.198  -0.090   0.093   0.000 01O000M000t
00259 LEU01A0132_001 f 0.00  0.000     0  0.00  0  0  -2.311  -2.756   1.128   0.000   0.000   0.000 01O000M000t
00260 ASP01A0133_001 f 0.00  0.000     0  0.00  0  0  -0.056  -2.154   3.617  -0.416  -0.160   0.000 01O000M000t
00261 ASP01A0133_002 f 0.00  0.000     0  0.00  0  0  -0.056  -2.154   0.897  -0.723   0.384   0.000 01O000M000t
00262 ASP02A0133_003 f 0.00  0.000     0  0.00  0  0  -0.062  -1.591   3.617   3.263   1.729   0.000 02O000M000t
00263 ASP02A0133_004 f 0.00  0.000     0  0.00  0  0  -0.062  -1.591   0.897  -0.407   1.253   0.000 02O000M000t
00264 ASP-1A0133_005 f 0.00 -1.000     0  4.75  0 -1  -0.131  -2.162   0.897  -2.776   3.135   0.000 -1O000M000t
00265 LEU01A0134_001 f 0.00  0.000     0  0.00  0  0   1.774  -4.981   0.462   0.000   0.000   0.000 01O000M000t
00266 LEU01A0135_001 f 0.00  0.000     0  0.00  0  0   1.839  -6.315   0.828   0.000   0.000   0.000 01O000M000t
00267 HIS01A0136_001 f 0.00  0.000     0  0.00  0  0  -3.444  -4.099   0.403   0.542   1.236   0.000 01O000M000t
00268 HIS01A0136_002 f 0.00  0.000     0  0.00  0  0  -3.161  -4.352   0.403   0.522   1.881   0.000 01R001M000t
00269 HIS02A0136_003 f 0.00  0.000     0  0.00  0  0  -3.463  -4.114   0.403   0.646   0.878   0.000 02O000M000t
00270 HIS02A0136_004 f 0.00  0.000     0  0.00  0  0  -3.169  -4.438   0.403   0.554   1.233   0.000 02R001M000t
00271 HIS+1A0136_005 f 0.00  1.000     0  6.98  0  1  -3.489  -4.124   0.403   0.965   1.516   0.000 +1O000M000t
00272 HIS+1A0136_006 f 0.00  1.000     0  6.98  0  1  -3.196  -4.445   0.403   0.939   2.328   0.000 +1R001M000t
00273 VAL01A0137_001 f 0.00  0.000     0  0.00  0  0   0.515  -1.830   0.313   0.000   0.000   0.000 01O000M000t
00274 ALA01A0138_001 f 0.00  0.000     0  0.00  0  0   0.000  -1.813   0.000   0.000   0.000   0.000 01O000M000t
00275 ARG01A0139_001 f 0.00  0.000     0  0.00  0  0  -0.876  -4.939   0.660  -0.062   1.626   0.000 01O000M000t
00276 ARG02A0139_002 f 0.00  0.000     0  0.00  0  0  -0.951  -5.024   0.660  -0.046   2.436   0.000 02O000M000t
00277 ARG03A0139_003 f 0.00  0.000     0  0.00  0  0  -0.956  -5.017   0.660  -0.068   2.342   0.000 03O000M000t
00278 ARG03A0139_004 f 0.00  0.000     0  0.00  0  0  -0.950  -4.989   0.660   0.050   1.965   0.000 03O000M000t
00279 ARG+1A0139_005 f 0.00  1.000     0 12.50  0  1  -0.995  -5.029   0.660   0.146   2.729   0.000 +1O000M000t
00280 ASP01A0140_001 f 0.00  0.000     0  0.00  0  0  -0.264  -1.698   3.097  -0.688   1.022   0.000 01O000M000t
00281 ASP01A0140_002 f 0.00  0.000     0  0.00  0  0  -0.264  -1.698   0.377  -0.937   1.472   0.000 01O000M000t
00282 ASP02A0140_003 f 0.00  0.000     0  0.00  0  0  -0.172  -1.492   3.097   2.618   1.472   0.000 02O000M000t
00283 ASP02A0140_004 f 0.00  0.000     0  0.00  0  0  -0.172  -1.492   0.377  -0.379   1.563   0.000 02O000M000t
00284 ASP-1A0140_005 f 0.00 -1.000     0  4.75  0 -1  -0.286  -2.050   0.377  -1.854   4.942   0.000 -1O000M000t
00285 ILE01A0141_001 f 0.00  0.000     0  0.00  0  0   0.826  -5.202   0.496   0.000   0.000   0.000 01O000M000t
00286 ALA01A0142_001 f 0.00  0.000     0  0.00  0  0   0.000  -2.243   0.000   0.000   0.000   0.000 01O000M000t
00287 CYS01A0143_001 f 0.00  0.000     0  0.00  0  0  -1.479  -2.462   0.769   0.001   0.227   0.000 01O000M000t
00288 CYS01A0143_002 f 0.00  0.000     0  0.00  0  0  -1.479  -2.524   0.769  -0.380   0.714   0.000 01O000M000t
00289 CYS01A0143_003 f 0.00  0.000     0  0.00  0  0  -1.479  -2.456   0.769  -0.063   0.206   0.000 01O000M000t
00290 CYS-1A0143_004 f 0.00 -1.000     0  9.10  0 -1  -1.477  -2.434   0.769  -0.641   3.329   0.000 -1O000M000t
00291 CYS01A0145_001 f 0.00  0.000     0  0.00  0  0  -0.002  -3.493   0.136   0.117   0.764   0.000 01O000M000t
00292 CYS01A0145_002 f 0.00  0.000     0  0.00  0  0  -0.002  -3.566   0.136  -0.461   0.949   0.000 01O000M000t
00293 CYS01A0145_003 f 0.00  0.000     0  0.00  0  0  -0.002  -3.490   0.136  -0.113   0.903   0.000 01O000M000t
00294 CYS-1A0145_004 f 0.00 -1.000     0  9.10  0 -1   0.000  -3.456   0.136  -4.230  12.688   0.000 -1O000M000t
00295 GLN01A0146_001 f 0.00  0.000     0  0.00  0  0  -0.439  -4.442   0.646  -0.014   0.700   0.000 01O000M000t
00296 GLN01A0146_002 f 0.00  0.000     0  0.00  0  0  -0.817  -4.389   0.647   0.290   0.514   0.000 01R001M000t
00297 TYR01A0147_001 f 0.00  0.000     0  0.00  0  0   2.195  -7.336   0.247   1.005   2.050   0.000 01O000M000t
00298 TYR-1A0147_002 f 0.00 -1.000     0 10.20  0 -1   2.195  -7.336   0.247  -2.447   6.576   0.000 -1O000M000t
00299 LEU01A0148_001 f 0.00  0.000     0  0.00  0  0   1.787  -4.619   0.419   0.000   0.000   0.000 01O000M000t
00300 GLU01A0149_001 f 0.00  0.000     0  0.00  0  0   0.214  -3.339   3.464  -0.228   1.282   0.000 01O000M000t
00301 GLU01A0149_002 f 0.00  0.000     0  0.00  0  0   0.214  -3.339   0.744   3.509   1.999   0.000 01O000M000t
00302 GLU02A0149_003 f 0.00  0.000     0  0.00  0  0   0.028  -3.607   3.464  -1.495   0.227   0.000 02O000M000t
00303 GLU02A0149_004 f 0.00  0.000     0  0.00  0  0   0.028  -3.607   0.744  -0.620   2.139   0.000 02O000M000t
00304 GLU-1A0149_005 f 0.00 -1.000     0  4.75  0 -1  -0.028  -3.531   0.744  -3.868   4.165   0.000 -1O000M000t
00305 GLU01A0150_001 f 0.00  0.000     0  0.00  0  0  -0.973  -3.164   3.426   0.115  -0.158   0.000 01O000M000t
00306 GLU01A0150_002 f 0.00  0.000     0  0.00  0  0  -0.973  -3.164   0.706   0.009   0.682   0.000 01O000M000t
00307 GLU02A0150_003 f 0.00  0.000     0  0.00  0  0  -0.517  -3.195   3.426  -0.016   0.397   0.000 02O000M000t
00308 GLU02A0150_004 f 0.00  0.000     0  0.00  0  0  -0.517  -3.195   0.706  -0.035   0.806   0.000 02O000M000t
00309 GLU-1A0150_005 f 0.00 -1.000     0  4.75  0 -1  -0.952  -3.126   0.706  -0.170   1.018   0.000 -1O000M000t
00310 ASN01A0151_001 f 0.00  0.000     0  0.00  0  0  -1.087  -1.905   1.276   0.794   1.111   0.000 01O000M000t
00311 ASN01A0151_002 f 0.00  0.000     0  0.00  0  0  -0.826  -0.631   1.203  -1.316   1.101   0.000 01R001M000t
00312 HIS01A0152_001 f 0.00  0.000     0  0.00  0  0  -8.712  -2.718   0.823   0.179   0.678   0.000 01O000M000t
00313 HIS01A0152_002 f 0.00  0.000     0  0.00  0  0  -8.768  -2.708   0.823   0.296   0.560   0.000 01R001M000t
00314 HIS02A0152_003 f 0.00  0.000     0  0.00  0  0  -8.729  -2.755   0.823   0.342   0.329   0.000 02O000M000t
00315 HIS02A0152_004 f 0.00  0.000     0  0.00  0  0  -8.781  -2.754   0.823   0.239   0.585   0.000 02R001M000t
00316 HIS+1A0152_005 f 0.00  1.000     0  6.98  0  1  -8.754  -2.774   0.823   0.466   0.018   0.000 +1O000M000t
00317 HIS+1A0152_006 f 0.00  1.000     0  6.98  0  1  -8.809  -2.771   0.823   0.456  -0.292   0.000 +1R001M000t
00318 PHE01A0153_001 f 0.00  0.000     0  0.00  0  0   3.724  -6.531   0.071   0.000   0.000   0.000 01O000M000t
00319 ILE01A0154_001 f 0.00  0.000     0  0.00  0  0  -1.043  -4.715   0.942   0.000   0.000   0.000 01O000M000t
00320 HIS01A0155_001 f 0.00  0.000     0  0.00  0  0  -0.118  -3.846   0.179  -3.270   3.731   0.000 01O000M000t
00321 HIS02A0155_002 f 0.00  0.000     0  0.00  0  0  -0.136  -4.212   0.179   4.707   3.724   0.000 02O000M000t
00322 HIS+1A0155_003 f 0.00  1.000     0  6.98  0  1  -0.162  -4.045   0.179   6.899  10.226   0.000 +1O000M000t
00323 ARG01A0156_001 f 0.00  0.000     0  0.00  0  0   2.388  -3.567   3.123  -0.291   2.402   0.000 01O000M000t
00324 ARG02A0156_002 f 0.00  0.000     0  0.00  0  0   2.356  -3.569   3.123  -0.242   3.110   0.000 02O000M000t
00325 ARG03A0156_003 f 0.00  0.000     0  0.00  0  0   2.359  -3.570   3.123  -0.194   2.922   0.000 03O000M000t
00326 ARG+1A0156_004 f 0.00  1.000     0 12.50  0  1   2.313  -3.582   3.123   0.344   2.844   0.000 +1O000M000t
00327 ASP01A0157_001 f 0.00  0.000     0  0.00  0  0  -0.382  -1.474   3.157   0.487   1.653   0.000 01O000M000t
00328 ASP01A0157_002 f 0.00  0.000     0  0.00  0  0  -0.382  -1.474   0.437   0.002   1.558   0.000 01O000M000t
00329 ASP02A0157_003 f 0.00  0.000     0  0.00  0  0  -0.329  -1.702   3.157   0.644   1.353   0.000 02O000M000t
00330 ASP02A0157_004 f 0.00  0.000     0  0.00  0  0  -0.329  -1.702   0.437   0.043   1.721   0.000 02O000M000t
00331 ASP-1A0157_005 f 0.00 -1.000     0  4.75  0 -1  -0.386  -1.629   0.437  -1.740   6.475   0.000 -1O000M000t
00332 ILE01A0158_001 f 0.00  0.000     0  0.00  0  0   0.642  -4.015   0.560   0.000   0.000   0.000 01O000M000t
00333 ALA01A0159_001 f 0.00  0.000     0  0.00  0  0   0.000  -1.168   0.000   0.000   0.000   0.000 01O000M000t
00334 ALA01A0160_001 f 0.00  0.000     0  0.00  0  0   0.000  -1.722   0.000   0.000   0.000   0.000 01O000M000t
00335 ARG01A0161_001 f 0.00  0.000     0  0.00  0  0  -2.637  -2.869   0.754   0.046   2.117   0.000 01O000M000t
00336 ARG02A0161_002 f 0.00  0.000     0  0.00  0  0  -2.651  -2.866   0.754  -0.209   3.133   0.000 02O000M000t
00337 ARG03A0161_003 f 0.00  0.000     0  0.00  0  0  -2.659  -2.856   0.754  -0.121   3.077   0.000 03O000M000t
00338 ARG03A0161_004 f 0.00  0.000     0  0.00  0  0  -2.656  -2.861   0.754   0.002   3.014   0.000 03O000M000t
00339 ARG+1A0161_005 f 0.00  1.000     0 12.50  0  1  -2.699  -2.878   0.754   1.748   3.686   0.000 +1O000M000t
00340 ASN01A0162_001 f 0.00  0.000     0  0.00  0  0  -0.723  -2.269   0.397   0.649   1.824   0.000 01O000M000t
00341 ASN01A0162_002 f 0.00  0.000     0  0.00  0  0  -0.395  -2.755   0.374  -1.097   1.378   0.000 01R001M000t
00342 CYS01A0163_001 f 0.00  0.000     0  0.00  0  0  -0.002  -4.378   0.005  -0.003   0.822   0.000 01O000M000t
00343 CYS01A0163_002 f 0.00  0.000     0  0.00  0  0  -0.002  -4.477   0.005  -0.328   0.772   0.000 01O000M000t
00344 CYS01A0163_003 f 0.00  0.000     0  0.00  0  0  -0.002  -4.351   0.005  -0.032   0.957   0.000 01O000M000t
00345 CYS-1A0163_004 f 0.00 -1.000     0  9.10  0 -1   0.000  -4.314   0.005  -4.929  12.697   0.000 -1O000M000t
00346 LEU01A0164_001 f 0.00  0.000     0  0.00  0  0  -0.220  -4.841   0.577   0.000   0.000   0.000 01O000M000t
00347 LEU01A0165_001 f 0.00  0.000     0  0.00  0  0   2.190  -7.855   0.784   0.000   0.000   0.000 01O000M000t
00348 THR01A0166_001 f 0.00  0.000     0  0.00  0  0  -1.773  -2.426   0.437   2.850   1.547   0.000 01O000M000t
00349 THR01A0166_002 f 0.00  0.000     0  0.00  0  0  -1.773  -2.426   0.437  -0.254   1.294   0.000 01O000M000t
00350 CYS01A0167_001 f 0.00  0.000     0  0.00  0  0  -2.524  -3.752   0.023   0.081   0.487   0.000 01O000M000t
00351 CYS01A0167_002 f 0.00  0.000     0  0.00  0  0  -2.524  -3.812   0.023  -0.619   0.783   0.000 01O000M000t
00352 CYS01A0167_003 f 0.00  0.000     0  0.00  0  0  -2.525  -3.648   0.023  -0.589   0.243   0.000 01O000M000t
00353 CYS-1A0167_004 f 0.00 -1.000     0  9.10  0 -1  -2.523  -3.589   0.023  -2.761   3.307   0.000 -1O000M000t
00354 PRO01A0168_001 f 0.00  0.000     0  0.00  0  0  -4.965  -2.994   0.000   0.000   0.000   0.000 01O000M000t
00355 PRO01A0170_001 f 0.00  0.000     0  0.00  0  0  -7.206  -1.077   0.000   0.000   0.000   0.000 01O000M000t
00356 ARG01A0172_001 f 0.00  0.000     0  0.00  0  0   0.982  -7.971   1.406   1.554   3.176   0.000 01O000M000t
00357 ARG02A0172_002 f 0.00  0.000     0  0.00  0  0   0.955  -8.074   1.406  -0.788   3.703   0.000 02O000M000t
00358 ARG02A0172_003 f 0.00  0.000     0  0.00  0  0   1.052  -8.074   1.406  -0.759   3.187   0.000 02O000M000t
00359 ARG03A0172_004 f 0.00  0.000     0  0.00  0  0   0.947  -8.062   1.406  -0.749   3.507   0.000 03O000M000t
00360 ARG03A0172_005 f 0.00  0.000     0  0.00  0  0   0.951  -7.942   1.406   0.258   3.429   0.000 03O000M000t
00361 ARG+1A0172_006 f 0.00  1.000     0 12.50  0  1   0.908  -8.105   1.406  -3.221   5.683   0.000 +1O000M000t
00362 VAL01A0173_001 f 0.00  0.000     0  0.00  0  0  -2.498  -2.330   0.037   0.000   0.000   0.000 01O000M000t
00363 ALA01A0174_001 f 0.00  0.000     0  0.00  0  0   0.000  -2.264   0.000   0.000   0.000   0.000 01O000M000t
00364 LYS01A0175_001 f 0.00  0.000     0  0.00  0  0  -0.324  -5.090   1.619   0.128   0.719   0.000 01O000M000t
00365 LYS+1A0175_002 f 0.00  1.000     0 10.40  0  1  -0.368  -5.129   1.619  -1.555   4.571   0.000 +1O000M000t
00366 ILE01A0176_001 f 0.00  0.000     0  0.00  0  0   0.923  -4.941   0.468   0.000   0.000   0.000 01O000M000t
00367 ASP01A0178_001 f 0.00  0.000     0  0.00  0  0  -0.149  -2.702   3.874   1.507   0.573   0.000 01O000M000t
00368 ASP01A0178_002 f 0.00  0.000     0  0.00  0  0  -0.149  -2.702   1.154   0.546   0.998   0.000 01O000M000t
00369 ASP02A0178_003 f 0.00  0.000     0  0.00  0  0  -0.162  -3.145   3.874  -0.787   0.093   0.000 02O000M000t
00370 ASP02A0178_004 f 0.00  0.000     0  0.00  0  0  -0.162  -3.145   1.154  -0.611   0.844   0.000 02O000M000t
00371 ASP-1A0178_005 f 0.00 -1.000     0  4.75  0 -1  -0.240  -3.082   1.154  -4.285   2.664   0.000 -1O000M000t
00372 PHE01A0179_001 f 0.00  0.000     0  0.00  0  0   4.203  -4.973   0.002   0.000   0.000   0.000 01O000M000t
00373 MET01A0181_001 f 0.00  0.000     0  0.00  0  0  -0.350  -4.334   0.112   0.096   0.074   0.000 01O000M000t
00374 ALA01A0182_001 f 0.00  0.000     0  0.00  0  0  -0.155  -1.851   0.000   0.000   0.000   0.000 01O000M000t
00375 ARG01A0183_001 f 0.00  0.000     0  0.00  0  0   3.893  -8.314   1.358  -1.074   2.929   0.000 01O000M000t
00376 ARG02A0183_002 f 0.00  0.000     0  0.00  0  0   3.852  -8.404   1.358  -1.149   3.438   0.000 02O000M000t
00377 ARG02A0183_003 f 0.00  0.000     0  0.00  0  0   3.857  -8.378   1.358  -1.046   3.273   0.000 02O000M000t
00378 ARG03A0183_004 f 0.00  0.000     0  0.00  0  0   3.964  -8.466   1.358   0.353   3.370   0.000 03O000M000t
00379 ARG+1A0183_005 f 0.00  1.000     0 12.50  0  1   3.812  -8.428   1.358  -0.125   6.620   0.000 +1O000M000t
00380 ASP01A0184_001 f 0.00  0.000     0  0.00  0  0  -0.017  -2.918   3.008   0.433   1.790   0.000 01O000M000t
00381 ASP01A0184_002 f 0.00  0.000     0  0.00  0  0  -0.017  -2.918   0.288   0.120   1.602   0.000 01O000M000t
00382 ASP02A0184_003 f 0.00  0.000     0  0.00  0  0  -0.082  -2.416   3.008   0.432   2.004   0.000 02O000M000t
00383 ASP02A0184_004 f 0.00  0.000     0  0.00  0  0  -0.082  -2.416   0.288   0.028   1.706   0.000 02O000M000t
00384 ASP-1A0184_005 f 0.00 -1.000     0  4.75  0 -1  -0.087  -2.826   0.288  -1.836   6.888   0.000 -1O000M000t
00385 ILE01A0185_001 f 0.00  0.000     0  0.00  0  0  -0.814  -4.117   0.572   0.000   0.000   0.000 01O000M000t
00386 TYR01A0186_001 f 0.00  0.000     0  0.00  0  0   0.326  -5.148   0.213  -0.559   1.152   0.000 01O000M000t
00387 TYR01A0186_002 f 0.00  0.000     0  0.00  0  0   0.326  -5.148   0.213   0.040   0.949   0.000 01O000M000t
00388 TYR-1A0186_003 f 0.00 -1.000     0 10.20  0 -1   0.326  -5.148   0.213  -2.104   2.741   0.000 -1O000M000t
00389 ARG01A0187_001 f 0.00  0.000     0  0.00  0  0   1.876  -7.484   1.538  -0.036   2.260   0.000 01O000M000t
00390 ARG02A0187_002 f 0.00  0.000     0  0.00  0  0   1.836  -7.433   1.538  -0.262   3.726   0.000 02O000M000t
00391 ARG02A0187_003 f 0.00  0.000     0  0.00  0  0   1.875  -7.437   1.538  -0.190   3.700   0.000 02O000M000t
00392 ARG03A0187_004 f 0.00  0.000     0  0.00  0  0   1.835  -7.498   1.538  -0.066   3.306   0.000 03O000M000t
00393 ARG+1A0187_005 f 0.00  1.000     0 12.50  0  1   1.790  -7.507   1.538   0.350   4.659   0.000 +1O000M000t
00394 ALA01A0188_001 f 0.00  0.000     0  0.00  0  0  -0.737  -1.450   0.000   0.000   0.000   0.000 01O000M000t
00395 TYR01A0190_001 f 0.00  0.000     0  0.00  0  0  -5.302  -4.714   0.095   0.084   0.335   0.000 01O000M000t
00396 TYR01A0190_002 f 0.00  0.000     0  0.00  0  0  -5.302  -4.714   0.095   0.045   0.239   0.000 01O000M000t
00397 TYR-1A0190_003 f 0.00 -1.000     0 10.20  0 -1  -5.302  -4.714   0.095  -0.576   0.348   0.000 -1O000M000t
00398 TYR01A0191_001 f 0.00  0.000     0  0.00  0  0   3.134  -8.131   0.356  -0.727   1.364   0.000 01O000M000t
00399 TYR01A0191_002 f 0.00  0.000     0  0.00  0  0   3.134  -8.131   0.356  -0.258   1.787   0.000 01O000M000t
00400 TYR-1A0191_003 f 0.00 -1.000     0 10.20  0 -1   3.134  -8.131   0.356  -3.919   4.713   0.000 -1O000M000t
00401 ARG01A0192_001 f 0.00  0.000     0  0.00  0  0   2.706 999.000   4.286   0.748   2.789   0.000 01O000M000t
00402 ARG02A0192_002 f 0.00  0.000     0  0.00  0  0   2.675 999.000   4.286   0.677   3.710   0.000 02O000M000t
00403 ARG02A0192_003 f 0.00  0.000     0  0.00  0  0   2.679 999.000   4.286   0.778   3.769   0.000 02O000M000t
00404 ARG03A0192_004 f 0.00  0.000     0  0.00  0  0   2.682 999.000   4.286   0.662   3.739   0.000 03O000M000t
00405 ARG03A0192_005 f 0.00  0.000     0  0.00  0  0   2.721 999.000   4.286   0.370   3.585   0.000 03O000M000t
00406 ARG+1A0192_006 f 0.00  1.000     0 12.50  0  1   2.636 999.000   4.286   1.977   5.037   0.000 +1O000M000t
00407 LYS01A0193_001 f 0.00  0.000     0  0.00  0  0  -1.822  -1.647   2.552  -0.038   0.591   0.000 01O000M000t
00408 LYS+1A0193_002 f 0.00  1.000     0 10.40  0  1  -1.867  -1.657   2.552   0.608   2.252   0.000 +1O000M000t
00409 CYS01A0196_001 f 0.00  0.000     0  0.00  0  0  -5.399  -0.961   0.050  -0.160  -0.006   0.000 01O000M000t
00410 CYS01A0196_002 f 0.00  0.000     0  0.00  0  0  -5.399  -0.927   0.050  -0.279   0.088   0.000 01O000M000t
00411 CYS01A0196_003 f 0.00  0.000     0  0.00  0  0  -5.399  -0.908   0.050  -0.259   0.018   0.000 01O000M000t
00412 CYS-1A0196_004 f 0.00 -1.000     0  9.10  0 -1  -5.397  -0.896   0.050  -1.639   0.306   0.000 -1O000M000t
00413 ALA01A0197_001 f 0.00  0.000     0  0.00  0  0  -4.700  -0.396   0.000   0.000   0.000   0.000 01O000M000t
00414 MET01A0198_001 f 0.00  0.000     0  0.00  0  0  -5.674  -3.488   0.295   0.015   0.045   0.000 01O000M000t
00415 LEU01A0199_001 f 0.00  0.000     0  0.00  0  0  -0.556  -3.635   1.053   0.000   0.000   0.000 01O000M000t
00416 PRO01A0200_001 f 0.00  0.000     0  0.00  0  0  -0.271  -1.114   0.000   0.000   0.000   0.000 01O000M000t
00417 VAL01A0201_001 f 0.00  0.000     0  0.00  0  0   0.560  -2.015   0.361   0.000   0.000   0.000 01O000M000t
00418 LYS01A0202_001 f 0.00  0.000     0  0.00  0  0  -0.176  -4.673   2.887  -0.217   0.790   0.000 01O000M000t
00419 LYS+1A0202_002 f 0.00  1.000     0 10.40  0  1  -0.221  -4.729   2.887  -3.588   4.382   0.000 +1O000M000t
00420 TRP01A0203_001 f 0.00  0.000     0  0.00  0  0   1.921  -9.857   0.273   0.000   0.000   0.000 01O000M000t
00421 MET01A0204_001 f 0.00  0.000     0  0.00  0  0  -0.185  -6.937   1.282  -0.031   0.086   0.000 01O000M000t
00422 PRO01A0205_001 f 0.00  0.000     0  0.00  0  0   0.203  -2.600   0.000   0.000   0.000   0.000 01O000M000t
00423 PRO01A0206_001 f 0.00  0.000     0  0.00  0  0  -0.050  -2.730   0.000   0.000   0.000   0.000 01O000M000t
00424 GLU01A0207_001 f 0.00  0.000     0  0.00  0  0   0.640  -3.950   3.863  -0.508   1.650   0.000 01O000M000t
00425 GLU01A0207_002 f 0.00  0.000     0  0.00  0  0   0.640  -3.950   1.143  -0.625   2.729   0.000 01O000M000t
00426 GLU02A0207_003 f 0.00  0.000     0  0.00  0  0   0.753  -3.421   3.863   1.757   1.896   0.000 02O000M000t
00427 GLU02A0207_004 f 0.00  0.000     0  0.00  0  0   0.753  -3.421   1.143  -0.328   2.825   0.000 02O000M000t
00428 GLU-1A0207_005 f 0.00 -1.000     0  4.75  0 -1   0.560  -3.829   1.143  -4.817  10.095   0.000 -1O000M000t
00429 ALA01A0208_001 f 0.00  0.000     0  0.00  0  0   0.000  -1.444   0.000   0.000   0.000   0.000 01O000M000t
00430 PHE01A0209_001 f 0.00  0.000     0  0.00  0  0   4.329  -9.370   0.019   0.000   0.000   0.000 01O000M000t
00431 MET01A0210_001 f 0.00  0.000     0  0.00  0  0  -5.103  -1.566   1.670   0.040   0.053   0.000 01O000M000t
00432 GLU01A0211_001 f 0.00  0.000     0  0.00  0  0  -2.800  -2.464   3.588   0.250  -0.276   0.000 01O000M000t
00433 GLU01A0211_002 f 0.00  0.000     0  0.00  0  0  -2.800  -2.464   0.868   0.099   0.569   0.000 01O000M000t
00434 GLU02A0211_003 f 0.00  0.000     0  0.00  0  0  -2.958  -2.469   3.588   0.196  -0.640   0.000 02O000M000t
00435 GLU02A0211_004 f 0.00  0.000     0  0.00  0  0  -2.958  -2.469   0.868   0.116   0.397   0.000 02O000M000t
00436 GLU-1A0211_005 f 0.00 -1.000     0  4.75  0 -1  -2.940  -2.431   0.868  -0.053   0.036   0.000 -1O000M000t
00437 ILE01A0213_001 f 0.00  0.000     0  0.00  0  0  -4.471  -2.026   0.631   0.000   0.000   0.000 01O000M000t
00438 PHE01A0214_001 f 0.00  0.000     0  0.00  0  0   2.949  -5.101   0.190   0.000   0.000   0.000 01O000M000t
00439 THR01A0215_001 f 0.00  0.000     0  0.00  0  0  -3.455  -0.959   0.564  -0.481   0.906   0.000 01O000M000t
00440 THR01A0215_002 f 0.00  0.000     0  0.00  0  0  -3.455  -0.959   0.564   2.929   1.395   0.000 01O000M000t
00441 SER01A0216_001 f 0.00  0.000     0  0.00  0  0  -0.888  -1.948   1.145   0.154   0.890   0.000 01O000M000t
00442 SER01A0216_002 f 0.00  0.000     0  0.00  0  0  -0.888  -1.948   0.770  -0.436   1.166   0.000 01O000M000t
00443 LYS01A0217_001 f 0.00  0.000     0  0.00  0  0  -2.158  -6.860   1.173  -0.447   0.552   0.000 01O000M000t
00444 LYS+1A0217_002 f 0.00  1.000     0 10.40  0  1  -2.235  -6.917   1.173  -2.818   3.211   0.000 +1O000M000t
00445 THR01A0218_001 f 0.00  0.000     0  0.00  0  0   0.187  -0.295   0.469  -1.000   1.658   0.000 01O000M000t
00446 THR01A0218_002 f 0.00  0.000     0  0.00  0  0   0.187  -0.295   0.469   0.794   1.761   0.000 01O000M000t
00447 ASP01A0219_001 f 0.00  0.000     0  0.00  0  0   0.159  -1.650   3.120  -3.267   1.689   0.000 01O000M000t
00448 ASP01A0219_002 f 0.00  0.000     0  0.00  0  0   0.159 997.350   0.400   3.544   2.806   0.000 01O000M000t
00449 ASP02A0219_003 f 0.00  0.000     0  0.00  0  0   0.086  -1.737   3.120  -1.312   2.399   0.000 02O000M000t
00450 ASP02A0219_004 f 0.00  0.000     0  0.00  0  0   0.086  -1.737   0.400   2.750   2.664   0.000 02O000M000t
00451 ASP-1A0219_005 f 0.00 -1.000     0  4.75  0 -1   0.083  -2.364   0.400 -12.453  12.910   0.000 -1O000M000t
00452 THR01A0220_001 f 0.00  0.000     0  0.00  0  0   0.110  -3.654   0.551  -0.054   1.803   0.000 01O000M000t
00453 THR01A0220_002 f 0.00  0.000     0  0.00  0  0   0.110  -3.654   0.176  -1.874   1.682   0.000 01O000M000t
00454 TRP01A0221_001 f 0.00  0.000     0  0.00  0  0   2.678 -13.952   0.018   0.000   0.000   0.000 01O000M000t
00455 SER01A0222_001 f 0.00  0.000     0  0.00  0  0   0.000  -2.223   0.515  -2.821   1.495   0.000 01O000M000t
00456 SER01A0222_002 f 0.00  0.000     0  0.00  0  0   0.000  -2.223   0.140   0.867   1.253   0.000 01O000M000t
00457 PHE01A0223_001 f 0.00  0.000     0  0.00  0  0   4.062  -7.654   0.102   0.000   0.000   0.000 01O000M000t
00458 VAL01A0225_001 f 0.00  0.000     0  0.00  0  0   0.659  -3.519   0.014   0.000   0.000   0.000 01O000M000t
00459 LEU01A0226_001 f 0.00  0.000     0  0.00  0  0   1.272  -4.691   0.740   0.000   0.000   0.000 01O000M000t
00460 LEU01A0227_001 f 0.00  0.000     0  0.00  0  0   1.445  -2.927   2.336   0.000   0.000   0.000 01O000M000t
00461 TRP01A0228_001 f 0.00  0.000     0  0.00  0  0   2.083 -11.818   0.163   0.000   0.000   0.000 01O000M000t
00462 GLU01A0229_001 f 0.00  0.000     0  0.00  0  0   0.839  -3.754   4.204  -0.692   2.201   0.000 01O000M000t
00463 GLU01A0229_002 f 0.00  0.000     0  0.00  0  0   0.839  -3.754   1.484   2.783   2.404   0.000 01O000M000t
00464 GLU02A0229_003 f 0.00  0.000     0  0.00  0  0   0.838  -4.360   4.204  -2.518   2.752   0.000 02O000M000t
00465 GLU02A0229_004 f 0.00  0.000     0  0.00  0  0   0.838  -4.360   1.484  -1.004   2.605   0.000 02O000M000t
00466 GLU-1A0229_005 f 0.00 -1.000     0  4.75  0 -1   0.705  -4.251   1.484  -6.655  11.221   0.000 -1O000M000t
00467 ILE01A0230_001 f 0.00  0.000     0  0.00  0  0   0.987  -4.952   0.575   0.000   0.000   0.000 01O000M000t
00468 PHE01A0231_001 f 0.00  0.000     0  0.00  0  0   4.094  -5.635   0.249   0.000   0.000   0.000 01O000M000t
00469 SER01A0232_001 f 0.00  0.000     0  0.00  0  0  -0.240  -3.188   0.563  -1.331   1.950   0.000 01O000M000t
00470 SER01A0232_002 f 0.00  0.000     0  0.00  0  0  -0.240  -3.188   0.563   2.133   1.964   0.000 01O000M000t
00471 LEU01A0233_001 f 0.00  0.000     0  0.00  0  0   1.081  -3.451   0.488   0.000   0.000   0.000 01O000M000t
00472 TYR01A0235_001 f 0.00  0.000     0  0.00  0  0  -2.187  -1.776   1.071   0.055   0.380   0.000 01O000M000t
00473 TYR01A0235_002 f 0.00  0.000     0  0.00  0  0  -2.187  -1.776   1.071   0.263   0.298   0.000 01O000M000t
00474 TYR-1A0235_003 f 0.00 -1.000     0 10.20  0 -1  -2.187  -1.776   1.071   0.528   0.137   0.000 -1O000M000t
00475 MET01A0236_001 f 0.00  0.000     0  0.00  0  0  -4.242  -2.201   0.337  -0.000   0.063   0.000 01O000M000t
00476 PRO01A0237_001 f 0.00  0.000     0  0.00  0  0   0.241  -2.291   0.000   0.000   0.000   0.000 01O000M000t
00477 TYR01A0238_001 f 0.00  0.000     0  0.00  0  0   4.116  -4.125   0.100  -0.823   2.079   0.000 01O000M000t
00478 TYR-1A0238_002 f 0.00 -1.000     0 10.20  0 -1   4.116  -4.125   0.100   0.574   8.950   0.000 -1O000M000t
00479 PRO01A0239_001 f 0.00  0.000     0  0.00  0  0  -3.348  -1.400   0.000   0.000   0.000   0.000 01O000M000t
00480 SER01A0240_001 f 0.00  0.000     0  0.00  0  0  -4.640   4.105   0.988  -1.645   0.274   0.000 01O000M000t
00481 SER01A0240_002 f 0.00  0.000     0  0.00  0  0  -4.640   4.105   0.988   0.127   0.129   0.000 01O000M000t
00482 LYS01A0241_001 f 0.00  0.000     0  0.00  0  0  -1.860  -4.667   1.538  -0.031   0.281   0.000 01O000M000t
00483 LYS+1A0241_002 f 0.00  1.000     0 10.40  0  1  -1.937  -4.678   1.538   0.109   1.174   0.000 +1O000M000t
00484 SER01A0242_001 f 0.00  0.000     0  0.00  0  0  -3.072  -0.998   0.407   0.158   1.415   0.000 01O000M000t
00485 SER01A0242_002 f 0.00  0.000     0  0.00  0  0  -3.072  -0.998   0.032  -1.680   0.553   0.000 01O000M000t
00486 ASN01A0243_001 f 0.00  0.000     0  0.00  0  0  -1.125  -2.104   0.814  -0.107   0.820   0.000 01O000M000t
00487 ASN01A0243_002 f 0.00  0.000     0  0.00  0  0  -1.204  -1.219   0.813   0.547   0.867   0.000 01R001M000t
00488 GLN01A0244_001 f 0.00  0.000     0  0.00  0  0  -1.740  -2.223   0.363  -0.042   0.671   0.000 01O000M000t
00489 GLN01A0244_002 f 0.00  0.000     0  0.00  0  0  -1.200  -2.086   0.355   0.236   0.496   0.000 01R001M000t
00490 GLU01A0245_001 f 0.00  0.000     0  0.00  0  0  -1.949  -3.337   3.281   2.970   1.218   0.000 01O000M000t
00491 GLU01A0245_002 f 0.00  0.000     0  0.00  0  0  -1.949  -3.337   0.561  -0.476   0.541   0.000 01O000M000t
00492 GLU02A0245_003 f 0.00  0.000     0  0.00  0  0  -2.145  -3.605   3.281  -0.729  -0.321   0.000 02O000M000t
00493 GLU02A0245_004 f 0.00  0.000     0  0.00  0  0  -2.145  -3.605   0.561  -0.752   0.877   0.000 02O000M000t
00494 GLU-1A0245_005 f 0.00 -1.000     0  4.75  0 -1  -2.101  -3.574   0.561  -1.816   1.140   0.000 -1O000M000t
00495 VAL01A0246_001 f 0.00  0.000     0  0.00  0  0   0.591  -1.723   0.074   0.000   0.000   0.000 01O000M000t
00496 LEU01A0247_001 f 0.00  0.000     0  0.00  0  0   0.618  -2.641   1.206   0.000   0.000   0.000 01O000M000t
00497 GLU01A0248_001 f 0.00  0.000     0  0.00  0  0  -1.955  -2.028   2.955   0.037  -0.062   0.000 01O000M000t
00498 GLU01A0248_002 f 0.00  0.000     0  0.00  0  0  -1.955  -2.028   0.235   0.015   0.663   0.000 01O000M000t
00499 GLU02A0248_003 f 0.00  0.000     0  0.00  0  0  -1.926  -2.028   2.955  -0.156   0.314   0.000 02O000M000t
00500 GLU02A0248_004 f 0.00  0.000     0  0.00  0  0  -1.926  -2.028   0.235   0.005   0.573   0.000 02O000M000t
00501 GLU-1A0248_005 f 0.00 -1.000     0  4.75  0 -1  -1.980  -1.985   0.235   0.050   0.914   0.000 -1O000M000t
00502 PHE01A0249_001 f 0.00  0.000     0  0.00  0  0   0.234  -7.954   0.001   0.000   0.000   0.000 01O000M000t
00503 VAL01A0250_001 f 0.00  0.000     0  0.00  0  0   0.576  -2.749   0.731   0.000   0.000   0.000 01O000M000t
00504 THR01A0251_001 f 0.00  0.000     0  0.00  0  0  -1.375  -1.376   0.375  -0.839   1.478   0.000 01O000M000t
00505 SER01A0252_001 f 0.00  0.000     0  0.00  0  0  -3.517  -1.056   0.398   0.103   0.047   0.000 01O000M000t
00506 SER01A0252_002 f 0.00  0.000     0  0.00  0  0  -3.517  -1.056   0.398  -1.200   0.781   0.000 01O000M000t
00507 ARG01A0255_001 f 0.00  0.000     0  0.00  0  0  -1.390  -6.809   0.525  -1.601   3.172   0.000 01O000M000t
00508 ARG02A0255_002 f 0.00  0.000     0  0.00  0  0  -1.409  -6.687   0.525  -1.390   4.108   0.000 02O000M000t
00509 ARG02A0255_003 f 0.00  0.000     0  0.00  0  0  -1.338  -6.899   0.525  -0.275   3.984   0.000 02O000M000t
00510 ARG03A0255_004 f 0.00  0.000     0  0.00  0  0  -1.415  -6.809   0.525  -2.573   3.894   0.000 03O000M000t
00511 ARG+1A0255_005 f 0.00  1.000     0 12.50  0  1  -1.454  -6.863   0.525  -7.116   6.065   0.000 +1O000M000t
00512 MET01A0256_001 f 0.00  0.000     0  0.00  0  0  -0.029  -4.337   1.405  -0.242   0.091   0.000 01O000M000t
00513 ASP01A0257_001 f 0.00  0.000     0  0.00  0  0  -2.903  -0.726   3.307   0.328  -0.703   0.000 01O000M000t
00514 ASP01A0257_002 f 0.00  0.000     0  0.00  0  0  -2.903  -0.726   0.587   0.241   0.230   0.000 01O000M000t
00515 ASP02A0257_003 f 0.00  0.000     0  0.00  0  0  -2.973  -0.451   3.307   0.621  -0.140   0.000 02O000M000t
00516 ASP02A0257_004 f 0.00  0.000     0  0.00  0  0  -2.973  -0.451   0.587   0.215   0.706   0.000 02O000M000t
00517 ASP-1A0257_005 f 0.00 -1.000     0  4.75  0 -1  -2.922  -0.689   0.587  -0.302   0.057   0.000 -1O000M000t
00518 PRO01A0258_001 f 0.00  0.000     0  0.00  0  0  -3.317  -2.336   0.000   0.000   0.000   0.000 01O000M000t
00519 PRO01A0259_001 f 0.00  0.000     0  0.00  0  0   0.203  -3.435   0.000   0.000   0.000   0.000 01O000M000t
00520 LYS01A0260_001 f 0.00  0.000     0  0.00  0  0  -8.133  -1.812   1.130  -0.028   0.078   0.000 01O000M000t
00521 LYS+1A0260_002 f 0.00  1.000     0 10.40  0  1  -8.180  -1.815   1.130  -0.076  -0.208   0.000 +1O000M000t
00522 ASN01A0261_001 f 0.00  0.000     0  0.00  0  0  -1.816   0.169   0.266  -0.680   0.980   0.000 01O000M000t
00523 ASN01A0261_002 f 0.00  0.000     0  0.00  0  0  -2.001   1.335   0.266   0.273   0.592   0.000 01R001M000t
00524 CYS01A0262_001 f 0.00  0.000     0  0.00  0  0  -0.002  -4.386   0.064  -0.153   0.972   0.000 01O000M000t
00525 CYS01A0262_002 f 0.00  0.000     0  0.00  0  0  -0.002  -4.226   0.064  -0.252   0.966   0.000 01O000M000t
00526 CYS01A0262_003 f 0.00  0.000     0  0.00  0  0  -0.002  -4.234   0.064  -0.094   0.980   0.000 01O000M000t
00527 CYS-1A0262_004 f 0.00 -1.000     0  9.10  0 -1   0.000  -4.169   0.064  -3.742  12.124   0.000 -1O000M000t
00528 PRO01A0263_001 f 0.00  0.000     0  0.00  0  0  -0.043  -3.173   0.000   0.000   0.000   0.000 01O000M000t
00529 PRO01A0265_001 f 0.00  0.000     0  0.00  0  0  -2.252  -2.323   0.000   0.000   0.000   0.000 01O000M000t
00530 VAL01A0266_001 f 0.00  0.000     0  0.00  0  0   0.603  -2.103   0.007   0.000   0.000   0.000 01O000M000t
00531 TYR01A0267_001 f 0.00  0.000     0  0.00  0  0   1.130  -5.898   0.070   0.876   1.422   0.000 01O000M000t
00532 TYR01A0267_002 f 0.00  0.000     0  0.00  0  0   1.130  -5.898   0.070  -2.001   1.550   0.000 01O000M000t
00533 TYR-1A0267_003 f 0.00 -1.000     0 10.20  0 -1   1.130  -5.898   0.070   1.044   5.603   0.000 -1O000M000t
00534 ARG01A0268_001 f 0.00  0.000     0  0.00  0  0  -5.468  -4.696   3.855  -0.348   0.951   0.000 01O000M000t
00535 ARG02A0268_002 f 0.00  0.000     0  0.00  0  0  -5.465  -4.693   3.855  -0.331   1.797   0.000 02O000M000t
00536 ARG03A0268_003 f 0.00  0.000     0  0.00  0  0  -5.524  -4.690   3.855  -0.358   1.854   0.000 03O000M000t
00537 ARG+1A0268_004 f 0.00  1.000     0 12.50  0  1  -5.568  -4.721   3.855   0.287   0.679   0.000 +1O000M000t
00538 ILE01A0269_001 f 0.00  0.000     0  0.00  0  0   0.949  -4.340   0.480   0.000   0.000   0.000 01O000M000t
00539 MET01A0270_001 f 0.00  0.000     0  0.00  0  0   0.151  -7.370   0.708   0.046   0.099   0.000 01O000M000t
00540 THR01A0271_001 f 0.00  0.000     0  0.00  0  0  -1.732  -2.885   0.427  -0.125   1.423   0.000 01O000M000t
00541 GLN01A0272_001 f 0.00  0.000     0  0.00  0  0  -0.732  -4.405   1.334  -0.037   1.396   0.000 01O000M000t
00542 GLN01A0272_002 f 0.00  0.000     0  0.00  0  0  -0.053  -4.416   1.334  -0.096   1.237   0.000 01R001M000t
00543 CYS01A0273_001 f 0.00  0.000     0  0.00  0  0  -0.002  -5.484   0.417  -0.064   0.993   0.000 01O000M000t
00544 CYS01A0273_002 f 0.00  0.000     0  0.00  0  0  -0.002  -5.525   0.417  -0.152   0.994   0.000 01O000M000t
00545 CYS01A0273_003 f 0.00  0.000     0  0.00  0  0  -0.002  -5.499   0.417   0.304   0.996   0.000 01O000M000t
00546 CYS-1A0273_004 f 0.00 -1.000     0  9.10  0 -1   0.000  -5.420   0.417   1.220  14.850   0.000 -1O000M000t
00547 TRP01A0274_001 f 0.00  0.000     0  0.00  0  0   2.467 -12.625   0.049   0.000   0.000   0.000 01O000M000t
00548 GLN01A0275_001 f 0.00  0.000     0  0.00  0  0  -1.466  -5.310   1.157  -0.851   0.569   0.000 01O000M000t
00549 GLN01A0275_002 f 0.00  0.000     0  0.00  0  0  -1.482  -5.278   1.221   0.346   0.034   0.000 01R001M000t
00550 HIS01A0276_001 f 0.00  0.000     0  0.00  0  0  -5.323  -3.330   0.057   0.686   1.424   0.000 01O000M000t
00551 HIS01A0276_002 f 0.00  0.000     0  0.00  0  0  -5.507  -3.331   0.057   0.213   1.056   0.000 01R001M000t
00552 HIS02A0276_003 f 0.00  0.000     0  0.00  0  0  -5.341  -3.366   0.057   0.079   1.084   0.000 02O000M000t
00553 HIS02A0276_004 f 0.00  0.000     0  0.00  0  0  -5.519  -3.356   0.057   0.260   1.476   0.000 02R001M000t
00554 HIS+1A0276_005 f 0.00  1.000     0  6.98  0  1  -5.366  -3.374   0.057   0.378   2.349   0.000 +1O000M000t
00555 HIS+1A0276_006 f 0.00  1.000     0  6.98  0  1  -5.546  -3.379   0.057   0.510   2.369   0.000 +1R001M000t
00556 GLN01A0277_001 f 0.00  0.000     0  0.00  0  0  -2.299  -2.218   1.481   0.136   0.585   0.000 01O000M000t
00557 GLN01A0277_002 f 0.00  0.000     0  0.00  0  0  -2.318  -2.255   1.469   0.134   0.021   0.000 01R001M000t
00558 PRO01A0278_001 f 0.00  0.000     0  0.00  0  0  -0.672  -1.285   0.000   0.000   0.000   0.000 01O000M000t
00559 GLU01A0279_001 f 0.00  0.000     0  0.00  0  0  -1.869  -1.265   3.357   1.401   0.684   0.000 01O000M000t
00560 GLU01A0279_002 f 0.00  0.000     0  0.00  0  0  -1.869  -1.265   0.637   0.060   1.415   0.000 01O000M000t
00561 GLU02A0279_003 f 0.00  0.000     0  0.00  0  0  -2.098  -1.633   3.358  -1.440   0.339   0.000 02O000M000t
00562 GLU02A0279_004 f 0.00  0.000     0  0.00  0  0  -2.098  -1.633   0.637  -1.245   1.524   0.000 02O000M000t
00563 GLU-1A0279_005 f 0.00 -1.000     0  4.75  0 -1  -2.099  -1.589   0.637  -3.837   3.115   0.000 -1O000M000t
00564 ASP01A0280_001 f 0.00  0.000     0  0.00  0  0  -2.417  -1.371   3.078   0.393  -0.145   0.000 01O000M000t
00565 ASP01A0280_002 f 0.00  0.000     0  0.00  0  0  -2.417  -1.371   0.358   0.176   0.537   0.000 01O000M000t
00566 ASP02A0280_003 f 0.00  0.000     0  0.00  0  0  -2.411  -1.754   3.078   0.497   0.125   0.000 02O000M000t
00567 ASP02A0280_004 f 0.00  0.000     0  0.00  0  0  -2.411  -1.754   0.358   0.250   0.773   0.000 02O000M000t
00568 ASP-1A0280_005 f 0.00 -1.000     0  4.75  0 -1  -2.413  -1.687   0.358  -0.668   0.894   0.000 -1O000M000t
00569 ARG01A0281_001 f 0.00  0.000     0  0.00  0  0   1.652 -12.736   1.905   1.089   4.435   0.000 01O000M000t
00570 ARG02A0281_002 f 0.00  0.000     0  0.00  0  0   1.613 -11.918   1.905  -3.435   4.950   0.000 02O000M000t
00571 ARG02A0281_003 f 0.00  0.000     0  0.00  0  0   1.674 -11.828   1.905  -1.641   4.931   0.000 02O000M000t
00572 ARG03A0281_004 f 0.00  0.000     0  0.00  0  0   1.608 -11.909   1.905  -3.444   4.845   0.000 03O000M000t
00573 ARG03A0281_005 f 0.00  0.000     0  0.00  0  0   1.613 -11.782   1.905  -0.483   4.845   0.000 03O000M000t
00574 ARG+1A0281_006 f 0.00  1.000     0 12.50  0  1   1.570 -11.969   1.905  -8.125  11.190   0.000 +1O000M000t
00575 PRO01A0282_001 f 0.00  0.000     0  0.00  0  0   0.069  -4.668   0.000   0.000   0.000   0.000 01O000M000t
00576 ASN01A0283_001 f 0.00  0.000     0  0.00  0  0  -1.594  -1.956   0.251  -2.475   1.665   0.000 01O000M000t
00577 ASN01A0283_002 f 0.00  0.000     0  0.00  0  0  -1.645   0.215   0.234   2.434   1.131   0.000 01R001M000t
00578 PHE01A0284_001 f 0.00  0.000     0  0.00  0  0   4.092  -9.681   0.411   0.000   0.000   0.000 01O000M000t
00579 ALA01A0285_001 f 0.00  0.000     0  0.00  0  0  -2.743  -0.586   0.000   0.000   0.000   0.000 01O000M000t
00580 ILE01A0286_001 f 0.00  0.000     0  0.00  0  0  -3.061  -2.246   0.886   0.000   0.000   0.000 01O000M000t
00581 ILE01A0287_001 f 0.00  0.000     0  0.00  0  0   1.227  -4.896   0.591   0.000   0.000   0.000 01O000M000t
00582 LEU01A0288_001 f 0.00  0.000     0  0.00  0  0   0.952  -6.274   1.497   0.000   0.000   0.000 01O000M000t
00583 GLU01A0289_001 f 0.00  0.000     0  0.00  0  0  -1.185  -2.446   3.562   0.146   0.208   0.000 01O000M000t
00584 GLU01A0289_002 f 0.00  0.000     0  0.00  0  0  -1.185  -2.446   0.842   0.037   0.431   0.000 01O000M000t
00585 GLU02A0289_003 f 0.00  0.000     0  0.00  0  0  -1.617  -2.420   3.562   0.034  -0.517   0.000 02O000M000t
00586 GLU02A0289_004 f 0.00  0.000     0  0.00  0  0  -1.617  -2.420   0.842   0.037   0.739   0.000 02O000M000t
00587 GLU-1A0289_005 f 0.00 -1.000     0  4.75  0 -1  -1.626  -2.392   0.842  -0.208   0.288   0.000 -1O000M000t
00588 ARG01A0290_001 f 0.00  0.000     0  0.00  0  0  -4.217  -4.222   0.688  -0.031   1.348   0.000 01O000M000t
00589 ARG02A0290_002 f 0.00  0.000     0  0.00  0  0  -4.256  -4.222   0.688   0.017   2.319   0.000 02O000M000t
00590 ARG03A0290_003 f 0.00  0.000     0  0.00  0  0  -4.257  -4.231   0.688  -0.038   2.237   0.000 03O000M000t
00591 ARG+1A0290_004 f 0.00  1.000     0 12.50  0  1  -4.300  -4.234   0.688   0.047   2.185   0.000 +1O000M000t
00592 ILE01A0291_001 f 0.00  0.000     0  0.00  0  0   0.669  -6.100   0.610   0.000   0.000   0.000 01O000M000t
00593 GLU01A0292_001 f 0.00  0.000     0  0.00  0  0  -1.140  -4.067   4.605  -0.104   0.384   0.000 01O000M000t
00594 GLU01A0292_002 f 0.00  0.000     0  0.00  0  0  -1.140  -4.067   1.885  -0.065   0.865   0.000 01O000M000t
00595 GLU02A0292_003 f 0.00  0.000     0  0.00  0  0  -1.188  -4.045   4.605  -0.099   0.361   0.000 02O000M000t
00596 GLU02A0292_004 f 0.00  0.000     0  0.00  0  0  -1.188  -4.045   1.885  -0.048   0.817   0.000 02O000M000t
00597 GLU-1A0292_005 f 0.00 -1.000     0  4.75  0 -1  -1.236  -3.991   1.885   0.112   1.819   0.000 -1O000M000t
00598 TYR01A0293_001 f 0.00  0.000     0  0.00  0  0  -5.744  -3.640   1.436   0.316   0.071   0.000 01O000M000t
00599 TYR01A0293_002 f 0.00  0.000     0  0.00  0  0  -5.744  -3.640   1.436   0.313  -0.016   0.000 01O000M000t
00600 TYR-1A0293_003 f 0.00 -1.000     0 10.20  0 -1  -5.744  -3.640   1.436   0.102  -0.347   0.000 -1O000M000t
00601 CYS01A0294_001 f 0.00  0.000     0  0.00  0  0  -0.002  -3.936   0.396   0.376   0.844   0.000 01O000M000t
00602 CYS01A0294_002 f 0.00  0.000     0  0.00  0  0  -0.002  -3.949   0.396  -0.665   0.432   0.000 01O000M000t
00603 CYS01A0294_003 f 0.00  0.000     0  0.00  0  0  -0.002  -3.939   0.396  -0.004   0.820   0.000 01O000M000t
00604 CYS-1A0294_004 f 0.00 -1.000     0  9.10  0 -1   0.000  -3.832   0.396  -2.337   7.205   0.000 -1O000M000t
00605 THR01A0295_001 f 0.00  0.000     0  0.00  0  0  -0.717   4.363   0.698  -1.471   1.367   0.000 01O000M000t
00606 THR01A0295_002 f 0.00  0.000     0  0.00  0  0  -0.717   4.363   0.323  -0.444   0.450   0.000 01O000M000t
00607 GLN01A0296_001 f 0.00  0.000     0  0.00  0  0  -1.988  -2.906   1.371  -0.003   0.587   0.000 01O000M000t
00608 GLN01A0296_002 f 0.00  0.000     0  0.00  0  0  -2.198  -2.939   1.341   0.035   0.267   0.000 01R001M000t
00609 ASP01A0297_001 f 0.00  0.000     0  0.00  0  0  -1.357  -2.164   2.821   3.057   1.141   0.000 01O000M000t
00610 ASP01A0297_002 f 0.00  0.000     0  0.00  0  0  -1.357  -2.164   0.101  -0.030   1.016   0.000 01O000M000t
00611 ASP02A0297_003 f 0.00  0.000     0  0.00  0  0  -1.290  -2.892   2.821  -1.095   0.610   0.000 02O000M000t
00612 ASP02A0297_004 f 0.00  0.000     0  0.00  0  0  -1.290  -2.892   0.101  -1.111   1.506   0.000 02O000M000t
00613 ASP-1A0297_005 f 0.00 -1.000     0  4.75  0 -1  -1.328  -2.811   0.101  -3.874   3.497   0.000 -1O000M000t
00614 PRO01A0298_001 f 0.00  0.000     0  0.00  0  0  -5.512  -0.597   0.000   0.000   0.000   0.000 01O000M000t
00615 ASP01A0299_001 f 0.00  0.000     0  0.00  0  0  -3.347  -0.097   3.222   0.748  -0.356   0.000 01O000M000t
00616 ASP01A0299_002 f 0.00  0.000     0  0.00  0  0  -3.347  -0.097   0.502   0.337   0.471   0.000 01O000M000t
00617 ASP02A0299_003 f 0.00  0.000     0  0.00  0  0  -3.316  -0.498   3.222   0.490  -0.449   0.000 02O000M000t
00618 ASP02A0299_004 f 0.00  0.000     0  0.00  0  0  -3.316  -0.498   0.502   0.338   0.636   0.000 02O000M000t
00619 ASP-1A0299_005 f 0.00 -1.000     0  4.75  0 -1  -3.292  -0.465   0.502  -0.697   0.138   0.000 -1O000M000t
00620 VAL01A0300_001 f 0.00  0.000     0  0.00  0  0   0.566  -2.769   0.258   0.000   0.000   0.000 01O000M000t
00621 ILE01A0301_001 f 0.00  0.000     0  0.00  0  0  -0.917  -5.691   0.512   0.000   0.000   0.000 01O000M000t
00622 ASN01A0302_001 f 0.00  0.000     0  0.00  0  0  -3.000  -0.250   0.518   0.224   0.344   0.000 01O000M000t
00623 ASN01A0302_002 f 0.00  0.000     0  0.00  0  0  -2.939  -1.096   0.530   0.131   0.055   0.000 01R001M000t
00624 THR01A0303_001 f 0.00  0.000     0  0.00  0  0  -1.650  -1.938   0.454   0.545   0.342   0.000 01O000M000t
00625 ALA01A0304_001 f 0.00  0.000     0  0.00  0  0  -3.963  -0.758   0.000   0.000   0.000   0.000 01O000M000t
00626 LEU01A0305_001 f 0.00  0.000     0  0.00  0  0   1.395  -3.570   0.948   0.000   0.000   0.000 01O000M000t
00627 PRO01A0306_001 f 0.00  0.000     0  0.00  0  0  -0.342  -3.126   0.000   0.000   0.000   0.000 01O000M000t
00628 ILE01A0307_001 f 0.00  0.000     0  0.00  0  0  -3.755  -4.665   0.533   0.000   0.000   0.000 01O000M000t
00629 GLU01A0308_001 f 0.00  0.000     0  0.00  0  0  -0.858  -1.344   5.785   0.121   0.342   0.000 01O000M000t
00630 GLU01A0308_002 f 0.00  0.000     0  0.00  0  0  -0.858  -1.344   3.065   0.044   2.011   0.000 01O000M000t
00631 GLU02A0308_003 f 0.00  0.000     0  0.00  0  0  -0.875  -1.347   5.785   0.109   1.092   0.000 02O000M000t
00632 GLU02A0308_004 f 0.00  0.000     0  0.00  0  0  -0.875  -1.347   3.065   0.064   1.717   0.000 02O000M000t
00633 GLU-1A0308_005 f 0.00 -1.000     0  4.75  0 -1  -0.949  -1.316   3.065   0.757   3.576   0.000 -1O000M000t
00634 TYR01A0309_001 f 0.00  0.000     0  0.00  0  0  -7.793  -0.989   0.483   0.100  -0.009   0.000 01O000M000t
00635 TYR01A0309_002 f 0.00  0.000     0  0.00  0  0  -7.793  -0.989   0.483   0.085  -0.212   0.000 01O000M000t
00636 TYR-1A0309_003 f 0.00 -1.000     0 10.20  0 -1  -7.793  -0.989   0.483   0.017  -0.847   0.000 -1O000M000t
00637 CTR01A0309_001 f 0.00  0.000     0  0.00  0  0  -3.110  -0.182   2.720   0.058  -0.756   0.000 01O000M000t
00638 CTR01A0309_002 f 0.00  0.000     0  0.00  0  0  -3.097  -0.583   0.000   0.005  -0.535   0.000 01O000M000t
00639 CTR02A0309_003 f 0.00  0.000     0  0.00  0  0  -3.034  -0.533   2.720   0.012  -0.449   0.000 02O000M000t
00640 CTR02A0309_004 f 0.00  0.000     0  0.00  0  0  -3.182  -0.566   0.000  -0.001  -0.818   0.000 02O000M000t
00641 CTR-1A0309_005 f 0.00 -1.000     0  3.75  0 -1  -3.012  -0.521   0.000   0.198   0.784   0.000 -1O000M000t
