Residue            pK      n(slope)   1000*chi2
NTR A0001_         pK or Em out of range
TYR A0004_         pK or Em out of range
CYS A0005_         pK or Em out of range
LYS A0009_         pK or Em out of range
ASP A0015_         pK or Em out of range
LYS A0017_         pK or Em out of range
GLU A0018_         pK or Em out of range
ARG A0021_         pK or Em out of range
LYS A0022_         pK or Em out of range
ARG A0028_         pK or Em out of range
HIS A0032_         pK or Em out of range
GLU A0037_         pK or Em out of range
TYR A0039_         pK or Em out of range
GLU A0040_         pK or Em out of range
ASP A0049_         pK or Em out of range
LYS A0058_         pK or Em out of range
GLU A0062_         pK or Em out of range
CYS A0064_         pK or Em out of range
GLU A0066_         pK or Em out of range
ASP A0068_         pK or Em out of range
GLU A0069_         pK or Em out of range
ASP A0071_         pK or Em out of range
GLU A0075_         pK or Em out of range
LYS A0081_         pK or Em out of range
HIS A0084_         pK or Em out of range
ARG A0089_         pK or Em out of range
CYS A0090_         pK or Em out of range
ARG A0100_         pK or Em out of range
GLU A0105_         pK or Em out of range
ASP A0111_         pK or Em out of range
LYS A0113_         pK or Em out of range
ARG A0117_         pK or Em out of range
GLU A0118_         pK or Em out of range
ARG A0120_         pK or Em out of range
ARG A0122_         pK or Em out of range
ASP A0133_         pK or Em out of range
HIS A0136_         pK or Em out of range
ARG A0139_         pK or Em out of range
ASP A0140_         pK or Em out of range
CYS A0143_         pK or Em out of range
CYS A0145_         pK or Em out of range
TYR A0147_         pK or Em out of range
GLU A0149_         pK or Em out of range
GLU A0150_         pK or Em out of range
HIS A0152_         pK or Em out of range
HIS A0155_         pK or Em out of range
ARG A0156_         pK or Em out of range
ASP A0157_         pK or Em out of range
ARG A0161_         pK or Em out of range
CYS A0163_         pK or Em out of range
CYS A0167_         pK or Em out of range
ARG A0172_         pK or Em out of range
LYS A0175_         pK or Em out of range
ASP A0178_         pK or Em out of range
ARG A0183_         pK or Em out of range
ASP A0184_         pK or Em out of range
TYR A0186_         pK or Em out of range
ARG A0187_         pK or Em out of range
TYR A0190_         pK or Em out of range
TYR A0191_         pK or Em out of range
ARG A0192_         pK or Em out of range
LYS A0193_         pK or Em out of range
CYS A0196_         pK or Em out of range
LYS A0202_         pK or Em out of range
GLU A0207_         pK or Em out of range
GLU A0211_         pK or Em out of range
LYS A0217_         pK or Em out of range
ASP A0219_         pK or Em out of range
GLU A0229_         pK or Em out of range
TYR A0235_         pK or Em out of range
TYR A0238_         pK or Em out of range
LYS A0241_         pK or Em out of range
GLU A0245_         pK or Em out of range
GLU A0248_         pK or Em out of range
ARG A0255_         pK or Em out of range
ASP A0257_         pK or Em out of range
LYS A0260_         pK or Em out of range
CYS A0262_         pK or Em out of range
TYR A0267_         pK or Em out of range
ARG A0268_         pK or Em out of range
CYS A0273_         pK or Em out of range
HIS A0276_         pK or Em out of range
GLU A0279_         pK or Em out of range
ASP A0280_         pK or Em out of range
ARG A0281_         pK or Em out of range
GLU A0289_         pK or Em out of range
ARG A0290_         pK or Em out of range
GLU A0292_         pK or Em out of range
TYR A0293_         pK or Em out of range
CYS A0294_         pK or Em out of range
ASP A0297_         pK or Em out of range
ASP A0299_         pK or Em out of range
GLU A0308_         pK or Em out of range
TYR A0309_         pK or Em out of range
CTR A0309_         pK or Em out of range
