   confID        vdw0    sas     sum
NTR01A0001_001  -0.003  -3.113  -3.116
NTR+1A0001_002  -0.005  -3.113  -3.118
ASN01A0001_001   0.389  -2.261  -1.872
ASN01A0001_002   0.156  -2.486  -2.331
PRO01A0002_001   0.243  -2.242  -1.999
ASN01A0003_001   0.197  -2.675  -2.478
ASN01A0003_002   0.018  -2.544  -2.526
TYR01A0004_001   4.114   0.000   4.114
TYR-1A0004_002   4.114   0.000   4.114
CYS01A0005_001  -0.002  -3.240  -3.241
CYS01A0005_002  -0.002  -3.240  -3.241
CYS01A0005_003  -0.002  -3.240  -3.242
CYS-1A0005_004   0.000  -3.240  -3.240
PHE01A0006_001   4.153  -0.556   3.597
ALA01A0007_001   0.000  -1.526  -1.526
LYS01A0009_001   0.483  -8.445  -7.962
LYS+1A0009_002   0.433  -8.445  -8.012
THR01A0010_001   0.196  -3.720  -3.524
THR01A0010_002   0.196  -3.720  -3.524
SER01A0011_001   0.000  -0.144  -0.144
SER01A0011_002   0.000  -0.144  -0.144
SER01A0011_003   0.000  -0.144  -0.144
SER01A0012_001   0.000  -1.011  -1.011
SER01A0012_002   0.000  -1.011  -1.011
ILE01A0013_001   1.161  -3.809  -2.647
SER01A0014_001   0.000  -4.038  -4.038
SER01A0014_002   0.000  -4.038  -4.038
ASP01A0015_001   0.472  -1.961  -1.489
ASP01A0015_002   0.472  -1.961  -1.489
ASP02A0015_003   0.377  -2.127  -1.750
ASP02A0015_004   0.377  -2.127  -1.750
ASP-1A0015_005   0.345  -1.981  -1.636
LEU01A0016_001   1.919  -0.103   1.816
LYS01A0017_00115884.034  -4.11815879.916
LYS+1A0017_00216099.774  -4.11816095.656
GLU01A0018_001   0.865  -0.611   0.255
GLU01A0018_002   0.865  -0.611   0.255
GLU02A0018_003   1.050  -0.607   0.443
GLU02A0018_004   1.050  -0.607   0.443
GLU-1A0018_005   0.789  -0.580   0.208
VAL01A0019_001   0.603  -0.943  -0.340
PRO01A0020_001   0.206  -4.097  -3.891
ARG01A0021_001   1.813  -3.447  -1.634
ARG02A0021_002   1.757  -3.447  -1.691
ARG02A0021_003   1.762  -3.447  -1.686
ARG03A0021_004   1.804  -3.447  -1.643
ARG+1A0021_005   1.718  -3.447  -1.730
LYS01A0022_001   0.873  -9.139  -8.265
LYS+1A0022_002   0.809  -9.139  -8.329
ASN01A0023_001   0.272  -1.142  -0.870
ASN01A0023_002   0.068  -1.093  -1.025
ILE01A0024_001   0.722   0.000   0.722
THR01A0025_001   0.218  -3.923  -3.705
LEU01A0026_001   1.506  -3.190  -1.685
ILE01A0027_001   1.089  -2.833  -1.744
ARG01A0028_001   2.373  -8.655  -6.283
ARG02A0028_002   2.331  -8.655  -6.325
ARG03A0028_003   2.366  -8.655  -6.290
ARG+1A0028_004   2.291  -8.655  -6.364
LEU01A0030_001   1.676  -3.055  -1.379
HIS01A0032_001  -0.080  -7.207  -7.287
HIS01A0032_002  -0.027  -7.093  -7.121
HIS02A0032_003  -0.100  -7.207  -7.307
HIS02A0032_004  -0.038  -7.093  -7.131
HIS+1A0032_005  -0.126  -7.207  -7.332
HIS+1A0032_006  -0.065  -7.093  -7.159
ALA01A0034_001   0.000  -1.648  -1.648
PHE01A0035_001   4.349  -4.272   0.077
GLU01A0037_001   0.493  -2.603  -2.111
GLU01A0037_002   0.493  -2.603  -2.111
GLU02A0037_003   0.497  -2.709  -2.212
GLU02A0037_004   0.497  -2.709  -2.212
GLU-1A0037_005   0.384  -2.554  -2.170
VAL01A0038_001   0.503  -1.545  -1.043
TYR01A0039_001   4.255  -2.766   1.489
TYR01A0039_002   4.255  -2.766   1.489
TYR-1A0039_003   4.255  -2.766   1.489
GLU01A0040_001   0.909  -1.198  -0.289
GLU01A0040_002   0.909  -1.198  -0.289
GLU02A0040_003   0.744  -1.207  -0.463
GLU02A0040_004   0.744  -1.207  -0.463
GLU-1A0040_005   0.662  -1.240  -0.578
GLN01A0042_001   2.350  -1.590   0.760
GLN01A0042_002   1.415  -1.713  -0.298
VAL01A0043_001   0.582  -0.412   0.170
SER01A0044_001   0.000  -0.048  -0.048
SER01A0044_002   0.000  -0.048  -0.048
MET01A0046_001   0.840  -5.002  -4.162
PRO01A0047_001   0.085  -4.990  -4.905
ASN01A0048_001   0.377  -1.809  -1.432
ASN01A0048_002   0.570  -2.146  -1.576
ASP01A0049_001   0.019  -3.665  -3.647
ASP01A0049_002   0.019  -3.665  -3.647
ASP02A0049_003  -0.023  -3.569  -3.592
ASP02A0049_004  -0.023  -3.569  -3.592
ASP-1A0049_005  -0.023  -3.548  -3.572
PRO01A0050_001   0.155  -4.362  -4.207
SER01A0051_001   0.000  -2.032  -2.032
PRO01A0052_001   0.281  -1.730  -1.449
LEU01A0053_001   2.045  -6.178  -4.133
GLN01A0054_001   0.615  -2.859  -2.244
GLN01A0054_002   0.579  -2.721  -2.142
VAL01A0055_001   0.549   0.000   0.549
ALA01A0056_001   0.000  -0.512  -0.512
VAL01A0057_001   0.513   0.000   0.513
LYS01A0058_001   1.342  -0.827   0.515
LYS+1A0058_002   1.293  -0.827   0.466
THR01A0059_001   0.266  -0.280  -0.014
THR01A0059_002   0.266  -0.280  -0.014
LEU01A0060_001   1.325   0.000   1.325
PRO01A0061_001   0.230  -1.510  -1.280
GLU01A0062_001   0.936  -2.514  -1.578
GLU01A0062_002   0.936  -2.514  -1.578
GLU02A0062_003   1.005  -2.616  -1.611
GLU02A0062_004   1.005  -2.616  -1.611
GLU-1A0062_005   0.810  -2.489  -1.679
VAL01A0063_001   0.569  -8.802  -8.233
CYS01A0064_001  -0.002   0.000  -0.002
CYS01A0064_002  -0.002   0.000  -0.002
CYS01A0064_003  -0.002   0.000  -0.002
CYS-1A0064_004   0.000   0.000   0.000
SER01A0065_001   0.000  -2.825  -2.825
SER01A0065_002   0.000  -2.825  -2.825
GLU01A0066_001   1.136  -4.294  -3.158
GLU01A0066_002   1.136  -4.294  -3.158
GLU02A0066_003   1.365  -4.238  -2.873
GLU02A0066_004   1.365  -4.238  -2.873
GLU-1A0066_005   1.042  -4.095  -3.054
GLN01A0067_001   1.015  -2.475  -1.461
GLN01A0067_002   0.755  -2.689  -1.934
ASP01A0068_001   0.252  -0.772  -0.520
ASP01A0068_002   0.252  -0.772  -0.520
ASP02A0068_003   0.347  -0.823  -0.475
ASP02A0068_004   0.347  -0.823  -0.475
ASP-1A0068_005   0.236  -0.758  -0.522
GLU01A0069_001   1.754  -1.193   0.561
GLU01A0069_002   1.754  -1.193   0.561
GLU02A0069_003   1.479  -1.259   0.219
GLU02A0069_004   1.479  -1.259   0.219
GLU-1A0069_005   1.392  -1.184   0.208
LEU01A0070_001   1.239  -3.380  -2.142
ASP01A0071_001   0.183  -0.072   0.110
ASP01A0071_002   0.183  -0.072   0.110
ASP02A0071_003   0.105  -0.034   0.071
ASP02A0071_004   0.105  -0.034   0.071
ASP-1A0071_005   0.100  -0.034   0.066
PHE01A0072_001   4.150  -0.557   3.593
LEU01A0073_001   1.569  -0.670   0.899
MET01A0074_001   0.452  -0.096   0.356
GLU01A0075_001   0.490   0.000   0.490
GLU01A0075_002   0.490   0.000   0.490
GLU02A0075_003   0.478   0.000   0.478
GLU02A0075_004   0.478   0.000   0.478
GLU-1A0075_005   0.378   0.000   0.378
ALA01A0076_001   0.000   0.000   0.000
LEU01A0077_001   1.561   0.000   1.561
ILE01A0078_001   1.477   0.000   1.477
ILE01A0079_001   1.105   0.000   1.105
SER01A0080_001   0.000  -0.624  -0.624
SER01A0080_002   0.000  -0.624  -0.624
SER01A0080_003   0.000  -0.624  -0.624
LYS01A0081_001   0.492  -2.877  -2.385
LYS+1A0081_002   0.430  -2.877  -2.447
PHE01A0082_001   4.486   0.000   4.486
ASN01A0083_001   0.381  -3.377  -2.996
ASN01A0083_002   0.142  -3.350  -3.208
HIS01A0084_001  -0.109  -1.130  -1.239
HIS02A0084_002  -0.128  -1.130  -1.258
HIS+1A0084_003  -0.153  -1.130  -1.283
GLN01A0085_001   0.860  -2.832  -1.972
ASN01A0086_001   0.777  -0.231   0.545
ASN01A0086_002   0.461  -0.182   0.279
ILE01A0087_001   1.223  -0.052   1.172
VAL01A0088_001   0.519  -0.103   0.416
ARG01A0089_001   1.094  -5.479  -4.385
ARG02A0089_002   1.058  -5.479  -4.421
ARG02A0089_003   1.118  -5.479  -4.361
ARG03A0089_004   1.057  -5.479  -4.423
ARG+1A0089_005   1.014  -5.479  -4.465
CYS01A0090_001  -0.002  -0.048  -0.050
CYS01A0090_002  -0.002  -0.048  -0.050
CYS01A0090_003  -0.002  -0.048  -0.050
CYS-1A0090_004   0.000  -0.048  -0.048
ILE01A0091_001   1.415  -1.700  -0.285
VAL01A0093_001   0.612   0.000   0.612
SER01A0094_001   0.000   0.000   0.000
SER01A0094_002   0.000   0.000   0.000
SER01A0094_003   0.000   0.000   0.000
LEU01A0095_001   1.546  -0.412   1.134
GLN01A0096_001   1.146  -3.401  -2.254
GLN01A0096_002   0.792  -3.169  -2.378
SER01A0097_001   0.000  -1.601  -1.601
LEU01A0098_001   1.811  -4.823  -3.012
PRO01A0099_001   0.242  -3.000  -2.758
ARG01A0100_001   1.295  -2.945  -1.650
ARG02A0100_002   1.272  -2.945  -1.674
ARG02A0100_003   1.275  -2.945  -1.670
ARG03A0100_004   1.370  -2.945  -1.576
ARG+1A0100_005   1.233  -2.945  -1.713
PHE01A0101_001   4.007  -0.505   3.502
ILE01A0102_001   1.190   0.000   1.190
LEU01A0103_001   1.573   0.000   1.573
LEU01A0104_001   1.682  -0.464   1.218
GLU01A0105_001   3.047  -0.986   2.061
GLU01A0105_002   3.047  -0.986   2.061
GLU02A0105_003   2.414  -1.042   1.372
GLU02A0105_004   2.414  -1.042   1.372
GLU-1A0105_005   2.356  -0.986   1.370
LEU01A0106_001   1.316  -0.464   0.853
MET01A0107_001   0.243  -0.103   0.140
ALA01A0108_001   0.000  -2.418  -2.418
ASP01A0111_001   0.426  -1.351  -0.925
ASP01A0111_002   0.426  -1.351  -0.925
ASP02A0111_003   0.374  -1.341  -0.967
ASP02A0111_004   0.374  -1.341  -0.967
ASP-1A0111_005   0.323  -1.335  -1.012
LEU01A0112_001   1.256   0.000   1.256
LYS01A0113_001   1.482  -2.514  -1.032
LYS+1A0113_002   1.401  -2.514  -1.113
SER01A0114_001   0.000  -2.121  -2.121
SER01A0114_002   0.000  -2.121  -2.121
SER01A0114_003   0.000  -2.121  -2.121
PHE01A0115_001   4.301  -0.101   4.200
LEU01A0116_001   1.724   0.000   1.724
ARG01A0117_001   1.943  -7.339  -5.395
ARG02A0117_002   2.010  -7.339  -5.329
ARG03A0117_003   1.915  -7.339  -5.424
ARG+1A0117_004   1.875  -7.339  -5.464
GLU01A0118_001   0.965  -3.088  -2.123
GLU01A0118_002   0.965  -3.088  -2.123
GLU02A0118_003   0.809  -3.088  -2.279
GLU02A0118_004   0.809  -3.088  -2.279
GLU-1A0118_005   0.722  -2.976  -2.253
THR01A0119_001   0.270  -1.210  -0.940
THR01A0119_002   0.270  -1.210  -0.940
ARG01A0120_001   1.466  -0.964   0.502
ARG02A0120_002   1.421  -0.964   0.457
ARG03A0120_003   1.426  -0.964   0.462
ARG03A0120_004   1.486  -0.964   0.522
ARG+1A0120_005   1.382  -0.964   0.419
PRO01A0121_001   0.308  -0.171   0.137
ARG01A0122_001   1.480  -3.917  -2.437
ARG02A0122_002   1.437  -3.917  -2.480
ARG02A0122_003   1.441  -3.917  -2.476
ARG03A0122_004   1.442  -3.917  -2.475
ARG03A0122_005   1.503  -3.917  -2.415
ARG+1A0122_006   1.399  -3.917  -2.519
PRO01A0123_001   0.239  -3.505  -3.266
SER01A0124_001   0.000  -4.564  -4.564
GLN01A0125_001   0.616  -2.183  -1.567
GLN01A0125_002   0.554  -2.141  -1.587
PRO01A0126_001   0.242  -5.804  -5.562
SER01A0127_001   0.000  -4.267  -4.267
SER01A0128_001   0.000   0.000   0.000
SER01A0128_002   0.000   0.000   0.000
LEU01A0129_001   2.569   0.000   2.569
ALA01A0130_001   0.000  -2.160  -2.160
MET01A0131_001  -0.074   0.000  -0.074
LEU01A0132_001   1.858  -4.169  -2.311
ASP01A0133_001   0.439  -0.495  -0.056
ASP01A0133_002   0.439  -0.495  -0.056
ASP02A0133_003   0.507  -0.569  -0.062
ASP02A0133_004   0.507  -0.569  -0.062
ASP-1A0133_005   0.386  -0.517  -0.131
LEU01A0134_001   1.774   0.000   1.774
LEU01A0135_001   1.839   0.000   1.839
HIS01A0136_001  -0.231  -3.213  -3.444
HIS01A0136_002  -0.208  -2.953  -3.161
HIS02A0136_003  -0.250  -3.213  -3.463
HIS02A0136_004  -0.216  -2.953  -3.169
HIS+1A0136_005  -0.276  -3.213  -3.489
HIS+1A0136_006  -0.243  -2.953  -3.196
VAL01A0137_001   0.515   0.000   0.515
ALA01A0138_001   0.000   0.000   0.000
ARG01A0139_001   3.339  -4.215  -0.876
ARG02A0139_002   3.264  -4.215  -0.951
ARG03A0139_003   3.259  -4.215  -0.956
ARG03A0139_004   3.264  -4.215  -0.950
ARG+1A0139_005   3.220  -4.215  -0.995
ASP01A0140_001   0.097  -0.360  -0.264
ASP01A0140_002   0.097  -0.360  -0.264
ASP02A0140_003   0.175  -0.346  -0.172
ASP02A0140_004   0.175  -0.346  -0.172
ASP-1A0140_005   0.093  -0.379  -0.286
ILE01A0141_001   0.826   0.000   0.826
ALA01A0142_001   0.000   0.000   0.000
CYS01A0143_001  -0.002  -1.477  -1.479
CYS01A0143_002  -0.002  -1.477  -1.479
CYS01A0143_003  -0.002  -1.477  -1.479
CYS-1A0143_004   0.000  -1.477  -1.477
CYS01A0145_001  -0.002   0.000  -0.002
CYS01A0145_002  -0.002   0.000  -0.002
CYS01A0145_003  -0.002   0.000  -0.002
CYS-1A0145_004   0.000   0.000   0.000
GLN01A0146_001   1.111  -1.550  -0.439
GLN01A0146_002   0.788  -1.604  -0.817
TYR01A0147_001   4.086  -1.890   2.195
TYR-1A0147_002   4.086  -1.890   2.195
LEU01A0148_001   1.787   0.000   1.787
GLU01A0149_001   1.041  -0.827   0.214
GLU01A0149_002   1.041  -0.827   0.214
GLU02A0149_003   0.897  -0.869   0.028
GLU02A0149_004   0.897  -0.869   0.028
GLU-1A0149_005   0.799  -0.827  -0.028
GLU01A0150_001   1.723  -2.696  -0.973
GLU01A0150_002   1.723  -2.696  -0.973
GLU02A0150_003   2.168  -2.686  -0.517
GLU02A0150_004   2.168  -2.686  -0.517
GLU-1A0150_005   1.658  -2.610  -0.952
ASN01A0151_001   0.375  -1.462  -1.087
ASN01A0151_002   0.429  -1.255  -0.826
HIS01A0152_001  -0.170  -8.542  -8.712
HIS01A0152_002  -0.145  -8.624  -8.768
HIS02A0152_003  -0.186  -8.542  -8.729
HIS02A0152_004  -0.158  -8.624  -8.781
HIS+1A0152_005  -0.212  -8.542  -8.754
HIS+1A0152_006  -0.185  -8.624  -8.809
PHE01A0153_001   4.297  -0.574   3.724
ILE01A0154_001   0.605  -1.648  -1.043
HIS01A0155_001  -0.118   0.000  -0.118
HIS02A0155_002  -0.136   0.000  -0.136
HIS+1A0155_003  -0.162   0.000  -0.162
ARG01A0156_001   3.965  -1.577   2.388
ARG02A0156_002   3.933  -1.577   2.356
ARG03A0156_003   3.936  -1.577   2.359
ARG+1A0156_004   3.890  -1.577   2.313
ASP01A0157_001   0.102  -0.484  -0.382
ASP01A0157_002   0.102  -0.484  -0.382
ASP02A0157_003   0.176  -0.505  -0.329
ASP02A0157_004   0.176  -0.505  -0.329
ASP-1A0157_005   0.096  -0.482  -0.386
ILE01A0158_001   0.642   0.000   0.642
ALA01A0159_001   0.000   0.000   0.000
ALA01A0160_001   0.000   0.000   0.000
ARG01A0161_001   1.756  -4.393  -2.637
ARG02A0161_002   1.743  -4.393  -2.651
ARG03A0161_003   1.734  -4.393  -2.659
ARG03A0161_004   1.738  -4.393  -2.656
ARG+1A0161_005   1.695  -4.393  -2.699
ASN01A0162_001   0.060  -0.783  -0.723
ASN01A0162_002   0.240  -0.635  -0.395
CYS01A0163_001  -0.002   0.000  -0.002
CYS01A0163_002  -0.002   0.000  -0.002
CYS01A0163_003  -0.002   0.000  -0.002
CYS-1A0163_004   0.000   0.000   0.000
LEU01A0164_001   2.233  -2.453  -0.220
LEU01A0165_001   2.190   0.000   2.190
THR01A0166_001   0.227  -2.000  -1.773
THR01A0166_002   0.227  -2.000  -1.773
CYS01A0167_001  -0.002  -2.523  -2.524
CYS01A0167_002  -0.002  -2.523  -2.524
CYS01A0167_003  -0.002  -2.523  -2.525
CYS-1A0167_004   0.000  -2.523  -2.523
PRO01A0168_001   0.273  -5.238  -4.965
PRO01A0170_001   0.226  -7.432  -7.206
ARG01A0172_001   1.342  -0.360   0.982
ARG02A0172_002   1.315  -0.360   0.955
ARG02A0172_003   1.412  -0.360   1.052
ARG03A0172_004   1.307  -0.360   0.947
ARG03A0172_005   1.311  -0.360   0.951
ARG+1A0172_006   1.268  -0.360   0.908
VAL01A0173_001   0.538  -3.036  -2.498
ALA01A0174_001   0.000   0.000   0.000
LYS01A0175_001   0.576  -0.899  -0.324
LYS+1A0175_002   0.531  -0.899  -0.368
ILE01A0176_001   0.923   0.000   0.923
ASP01A0178_001   0.422  -0.571  -0.149
ASP01A0178_002   0.422  -0.571  -0.149
ASP02A0178_003   0.459  -0.622  -0.162
ASP02A0178_004   0.459  -0.622  -0.162
ASP-1A0178_005   0.358  -0.599  -0.240
PHE01A0179_001   4.203   0.000   4.203
MET01A0181_001   0.273  -0.623  -0.350
ALA01A0182_001   0.000  -0.155  -0.155
ARG01A0183_001   4.342  -0.450   3.893
ARG02A0183_002   4.302  -0.450   3.852
ARG02A0183_003   4.307  -0.450   3.857
ARG03A0183_004   4.414  -0.450   3.964
ARG+1A0183_005   4.262  -0.450   3.812
ASP01A0184_001   0.164  -0.181  -0.017
ASP01A0184_002   0.164  -0.181  -0.017
ASP02A0184_003   0.090  -0.172  -0.082
ASP02A0184_004   0.090  -0.172  -0.082
ASP-1A0184_005   0.086  -0.172  -0.087
ILE01A0185_001   0.352  -1.165  -0.814
TYR01A0186_001   4.150  -3.824   0.326
TYR01A0186_002   4.150  -3.824   0.326
TYR-1A0186_003   4.150  -3.824   0.326
ARG01A0187_001   3.084  -1.208   1.876
ARG02A0187_002   3.044  -1.208   1.836
ARG02A0187_003   3.083  -1.208   1.875
ARG03A0187_004   3.042  -1.208   1.835
ARG+1A0187_005   2.998  -1.208   1.790
ALA01A0188_001   0.000  -0.737  -0.737
TYR01A0190_001   4.133  -9.435  -5.302
TYR01A0190_002   4.133  -9.435  -5.302
TYR-1A0190_003   4.133  -9.435  -5.302
TYR01A0191_001   4.166  -1.031   3.134
TYR01A0191_002   4.166  -1.031   3.134
TYR-1A0191_003   4.166  -1.031   3.134
ARG01A0192_001   3.156  -0.450   2.706
ARG02A0192_002   3.125  -0.450   2.675
ARG02A0192_003   3.129  -0.450   2.679
ARG03A0192_004   3.131  -0.450   2.682
ARG03A0192_005   3.171  -0.450   2.721
ARG+1A0192_006   3.085  -0.450   2.636
LYS01A0193_001   1.248  -3.070  -1.822
LYS+1A0193_002   1.203  -3.070  -1.867
CYS01A0196_001  -0.002  -5.397  -5.399
CYS01A0196_002  -0.002  -5.397  -5.399
CYS01A0196_003  -0.002  -5.397  -5.399
CYS-1A0196_004   0.000  -5.397  -5.397
ALA01A0197_001   0.000  -4.700  -4.700
MET01A0198_001   0.552  -6.226  -5.674
LEU01A0199_001   1.723  -2.279  -0.556
PRO01A0200_001   0.186  -0.457  -0.271
VAL01A0201_001   0.611  -0.052   0.560
LYS01A0202_001   0.907  -1.084  -0.176
LYS+1A0202_002   0.862  -1.084  -0.221
TRP01A0203_001   2.628  -0.707   1.921
MET01A0204_001  -0.018  -0.167  -0.185
PRO01A0205_001   0.203   0.000   0.203
PRO01A0206_001   0.259  -0.309  -0.050
GLU01A0207_001   0.932  -0.292   0.640
GLU01A0207_002   0.932  -0.292   0.640
GLU02A0207_003   1.119  -0.366   0.753
GLU02A0207_004   1.119  -0.366   0.753
GLU-1A0207_005   0.852  -0.292   0.560
ALA01A0208_001   0.000   0.000   0.000
PHE01A0209_001   4.535  -0.206   4.329
MET01A0210_001   0.020  -5.124  -5.103
GLU01A0211_001   0.806  -3.607  -2.800
GLU01A0211_002   0.806  -3.607  -2.800
GLU02A0211_003   0.728  -3.686  -2.958
GLU02A0211_004   0.728  -3.686  -2.958
GLU-1A0211_005   0.621  -3.562  -2.940
ILE01A0213_001   0.832  -5.302  -4.471
PHE01A0214_001   4.286  -1.336   2.949
THR01A0215_001   0.114  -3.569  -3.455
THR01A0215_002   0.114  -3.569  -3.455
SER01A0216_001   0.000  -0.888  -0.888
SER01A0216_002   0.000  -0.888  -0.888
LYS01A0217_001   0.447  -2.605  -2.158
LYS+1A0217_002   0.370  -2.605  -2.235
THR01A0218_001   0.187   0.000   0.187
THR01A0218_002   0.187   0.000   0.187
ASP01A0219_001   0.159   0.000   0.159
ASP01A0219_002   0.159   0.000   0.159
ASP02A0219_003   0.086   0.000   0.086
ASP02A0219_004   0.086   0.000   0.086
ASP-1A0219_005   0.083   0.000   0.083
THR01A0220_001   0.110   0.000   0.110
THR01A0220_002   0.110   0.000   0.110
TRP01A0221_001   2.678   0.000   2.678
SER01A0222_001   0.000   0.000   0.000
SER01A0222_002   0.000   0.000   0.000
PHE01A0223_001   4.062   0.000   4.062
VAL01A0225_001   0.659   0.000   0.659
LEU01A0226_001   1.272   0.000   1.272
LEU01A0227_001   1.445   0.000   1.445
TRP01A0228_001   2.588  -0.505   2.083
GLU01A0229_001   0.839   0.000   0.839
GLU01A0229_002   0.839   0.000   0.839
GLU02A0229_003   0.838   0.000   0.838
GLU02A0229_004   0.838   0.000   0.838
GLU-1A0229_005   0.705   0.000   0.705
ILE01A0230_001   0.987   0.000   0.987
PHE01A0231_001   4.094   0.000   4.094
SER01A0232_001   0.000  -0.240  -0.240
SER01A0232_002   0.000  -0.240  -0.240
LEU01A0233_001   1.132  -0.052   1.081
TYR01A0235_001   4.259  -6.446  -2.187
TYR01A0235_002   4.259  -6.446  -2.187
TYR-1A0235_003   4.259  -6.446  -2.187
MET01A0236_001   1.153  -5.395  -4.242
PRO01A0237_001   0.241   0.000   0.241
TYR01A0238_001   4.166  -0.051   4.116
TYR-1A0238_002   4.166  -0.051   4.116
PRO01A0239_001   0.256  -3.605  -3.348
SER01A0240_001   0.000  -4.640  -4.640
SER01A0240_002   0.000  -4.640  -4.640
LYS01A0241_001   1.322  -3.182  -1.860
LYS+1A0241_002   1.245  -3.182  -1.937
SER01A0242_001   0.000  -3.072  -3.072
SER01A0242_002   0.000  -3.072  -3.072
ASN01A0243_001   0.225  -1.350  -1.125
ASN01A0243_002   0.031  -1.236  -1.204
GLN01A0244_001   0.791  -2.531  -1.740
GLN01A0244_002   1.189  -2.389  -1.200
GLU01A0245_001   0.888  -2.837  -1.949
GLU01A0245_002   0.888  -2.837  -1.949
GLU02A0245_003   0.789  -2.934  -2.145
GLU02A0245_004   0.789  -2.934  -2.145
GLU-1A0245_005   0.677  -2.778  -2.101
VAL01A0246_001   0.591   0.000   0.591
LEU01A0247_001   1.886  -1.268   0.618
GLU01A0248_001   1.128  -3.083  -1.955
GLU01A0248_002   1.128  -3.083  -1.955
GLU02A0248_003   0.926  -2.852  -1.926
GLU02A0248_004   0.926  -2.852  -1.926
GLU-1A0248_005   0.841  -2.821  -1.980
PHE01A0249_001   4.263  -4.029   0.234
VAL01A0250_001   0.576   0.000   0.576
THR01A0251_001   0.266  -1.641  -1.375
SER01A0252_001   0.000  -3.517  -3.517
SER01A0252_002   0.000  -3.517  -3.517
ARG01A0255_001   0.982  -2.372  -1.390
ARG02A0255_002   0.963  -2.372  -1.409
ARG02A0255_003   1.034  -2.372  -1.338
ARG03A0255_004   0.957  -2.372  -1.415
ARG+1A0255_005   0.918  -2.372  -1.454
MET01A0256_001  -0.029   0.000  -0.029
ASP01A0257_001   0.366  -3.269  -2.903
ASP01A0257_002   0.366  -3.269  -2.903
ASP02A0257_003   0.262  -3.235  -2.973
ASP02A0257_004   0.262  -3.235  -2.973
ASP-1A0257_005   0.248  -3.170  -2.922
PRO01A0258_001   0.208  -3.525  -3.317
PRO01A0259_001   0.203   0.000   0.203
LYS01A0260_001   1.030  -9.163  -8.133
LYS+1A0260_002   0.984  -9.163  -8.180
ASN01A0261_001   0.217  -2.033  -1.816
ASN01A0261_002   0.032  -2.033  -2.001
CYS01A0262_001  -0.002   0.000  -0.002
CYS01A0262_002  -0.002   0.000  -0.002
CYS01A0262_003  -0.002   0.000  -0.002
CYS-1A0262_004   0.000   0.000   0.000
PRO01A0263_001   0.215  -0.258  -0.043
PRO01A0265_001   0.255  -2.507  -2.252
VAL01A0266_001   0.603   0.000   0.603
TYR01A0267_001   3.948  -2.818   1.130
TYR01A0267_002   3.948  -2.818   1.130
TYR-1A0267_003   3.948  -2.818   1.130
ARG01A0268_001   2.759  -8.227  -5.468
ARG02A0268_002   2.762  -8.227  -5.465
ARG03A0268_003   2.704  -8.227  -5.524
ARG+1A0268_004   2.659  -8.227  -5.568
ILE01A0269_001   1.052  -0.103   0.949
MET01A0270_001   0.151   0.000   0.151
THR01A0271_001   0.309  -2.042  -1.732
GLN01A0272_001   0.882  -1.614  -0.732
GLN01A0272_002   1.400  -1.453  -0.053
CYS01A0273_001  -0.002   0.000  -0.002
CYS01A0273_002  -0.002   0.000  -0.002
CYS01A0273_003  -0.002   0.000  -0.002
CYS-1A0273_004   0.000   0.000   0.000
TRP01A0274_001   2.467   0.000   2.467
GLN01A0275_001   0.789  -2.254  -1.466
GLN01A0275_002   0.836  -2.318  -1.482
HIS01A0276_001  -0.124  -5.198  -5.323
HIS01A0276_002  -0.090  -5.416  -5.507
HIS02A0276_003  -0.143  -5.198  -5.341
HIS02A0276_004  -0.103  -5.416  -5.519
HIS+1A0276_005  -0.168  -5.198  -5.366
HIS+1A0276_006  -0.130  -5.416  -5.546
GLN01A0277_001   0.518  -2.817  -2.299
GLN01A0277_002   0.506  -2.824  -2.318
PRO01A0278_001   0.260  -0.933  -0.672
GLU01A0279_001   1.018  -2.886  -1.869
GLU01A0279_002   1.018  -2.886  -1.869
GLU02A0279_003   0.855  -2.953  -2.098
GLU02A0279_004   0.855  -2.953  -2.098
GLU-1A0279_005   0.771  -2.870  -2.099
ASP01A0280_001   0.147  -2.564  -2.417
ASP01A0280_002   0.147  -2.564  -2.417
ASP02A0280_003   0.224  -2.635  -2.411
ASP02A0280_004   0.224  -2.635  -2.411
ASP-1A0280_005   0.137  -2.550  -2.413
ARG01A0281_001   1.652   0.000   1.652
ARG02A0281_002   1.613   0.000   1.613
ARG02A0281_003   1.674   0.000   1.674
ARG03A0281_004   1.608   0.000   1.608
ARG03A0281_005   1.613   0.000   1.613
ARG+1A0281_006   1.570   0.000   1.570
PRO01A0282_001   0.272  -0.203   0.069
ASN01A0283_001   0.270  -1.863  -1.594
ASN01A0283_002   0.066  -1.711  -1.645
PHE01A0284_001   4.092   0.000   4.092
ALA01A0285_001   0.000  -2.743  -2.743
ILE01A0286_001   1.279  -4.340  -3.061
ILE01A0287_001   1.227   0.000   1.227
LEU01A0288_001   1.725  -0.773   0.952
GLU01A0289_001   1.848  -3.033  -1.185
GLU01A0289_002   1.848  -3.033  -1.185
GLU02A0289_003   1.493  -3.110  -1.617
GLU02A0289_004   1.493  -3.110  -1.617
GLU-1A0289_005   1.419  -3.045  -1.626
ARG01A0290_001   1.038  -5.255  -4.217
ARG02A0290_002   0.998  -5.255  -4.256
ARG03A0290_003   0.998  -5.255  -4.257
ARG+1A0290_004   0.955  -5.255  -4.300
ILE01A0291_001   0.669   0.000   0.669
GLU01A0292_001   0.949  -2.089  -1.140
GLU01A0292_002   0.949  -2.089  -1.140
GLU02A0292_003   0.786  -1.973  -1.188
GLU02A0292_004   0.786  -1.973  -1.188
GLU-1A0292_005   0.707  -1.942  -1.236
TYR01A0293_001   4.091  -9.835  -5.744
TYR01A0293_002   4.091  -9.835  -5.744
TYR-1A0293_003   4.091  -9.835  -5.744
CYS01A0294_001  -0.002   0.000  -0.002
CYS01A0294_002  -0.002   0.000  -0.002
CYS01A0294_003  -0.002   0.000  -0.002
CYS-1A0294_004   0.000   0.000   0.000
THR01A0295_001   0.213  -0.930  -0.717
THR01A0295_002   0.213  -0.930  -0.717
GLN01A0296_001   0.827  -2.815  -1.988
GLN01A0296_002   0.704  -2.902  -2.198
ASP01A0297_001   0.089  -1.446  -1.357
ASP01A0297_002   0.089  -1.446  -1.357
ASP02A0297_003   0.164  -1.453  -1.290
ASP02A0297_004   0.164  -1.453  -1.290
ASP-1A0297_005   0.085  -1.413  -1.328
PRO01A0298_001   0.237  -5.749  -5.512
ASP01A0299_001   0.099  -3.446  -3.347
ASP01A0299_002   0.099  -3.446  -3.347
ASP02A0299_003   0.172  -3.488  -3.316
ASP02A0299_004   0.172  -3.488  -3.316
ASP-1A0299_005   0.093  -3.385  -3.292
VAL01A0300_001   0.566   0.000   0.566
ILE01A0301_001   1.450  -2.366  -0.917
ASN01A0302_001   0.126  -3.125  -3.000
ASN01A0302_002   0.320  -3.258  -2.939
THR01A0303_001   0.145  -1.795  -1.650
ALA01A0304_001   0.000  -3.963  -3.963
LEU01A0305_001   1.549  -0.155   1.395
PRO01A0306_001   0.241  -0.583  -0.342
ILE01A0307_001   0.811  -4.565  -3.755
GLU01A0308_001   0.489  -1.347  -0.858
GLU01A0308_002   0.489  -1.347  -0.858
GLU02A0308_003   0.476  -1.351  -0.875
GLU02A0308_004   0.476  -1.351  -0.875
GLU-1A0308_005   0.377  -1.326  -0.949
TYR01A0309_001   4.148 -11.941  -7.793
TYR01A0309_002   4.148 -11.941  -7.793
TYR-1A0309_003   4.148 -11.941  -7.793
CTR01A0309_001  -0.021  -3.089  -3.110
CTR01A0309_002   0.108  -3.205  -3.097
CTR02A0309_003  -0.022  -3.012  -3.034
CTR02A0309_004   0.043  -3.224  -3.182
CTR-1A0309_005   0.000  -3.012  -3.012
