  pH           7
ARG+A0005_  1.00
LYS+A0008_  1.00
GLU-A0009_ -1.00
GLU-A0011_ -0.99
LYS+A0013_  1.00
LYS+A0014_  1.00
LYS+A0016_  1.00
TYR-A0027_ -0.00
LYS+A0028_  1.00
GLU-A0034_ -1.00
GLU-A0036_ -1.00
LYS+A0037_  1.00
LYS+A0039_  1.00
LYS+A0045_  1.00
GLU-A0046_ -1.00
ARG+A0048_  1.00
GLU-A0049_ -1.00
LYS+A0054_  1.00
LYS+A0057_  1.00
GLU-A0058_ -1.00
ASP-A0061_ -1.00
GLU-A0062_ -0.92
TYR-A0064_ -0.00
ASP-A0070_ -1.00
HIS+A0073_  0.00
CYS-A0075_ -0.00
ARG+A0076_  1.00
CYS-A0081_ -0.00
CYS-A0097_ -0.00
ASP-A0100_ -1.00
TYR-A0101_ -0.00
ARG+A0103_  1.00
GLU-A0104_ -1.00
HIS+A0105_  0.13
LYS+A0106_  1.00
ASP-A0107_ -1.00
TYR-A0113_ -0.00
CYS-A0118_ -0.00
LYS+A0123_  1.00
TYR-A0127_ -0.00
GLU-A0129_ -1.00
ASP-A0130_ -1.00
ARG+A0131_  1.00
ARG+A0132_  1.00
HIS+A0135_  0.00
ARG+A0136_  1.00
ASP-A0137_ -0.92
ARG+A0141_  1.00
LYS+A0146_  0.99
HIS+A0150_  0.01
LYS+A0152_  0.93
ASP-A0155_ -1.00
LYS+A0160_  1.00
GLU-A0165_ -1.00
GLU-A0166_ -1.00
LYS+A0167_  1.00
GLU-A0168_ -1.00
TYR-A0169_ -0.00
HIS+A0170_  0.28
GLU-A0172_ -0.99
LYS+A0175_  1.00
LYS+A0179_  1.00
GLU-A0184_ -1.00
HIS+A0188_  0.35
ARG+A0189_  1.00
TYR-A0191_ -0.00
HIS+A0193_  0.04
ASP-A0196_ -1.00
TYR-A0200_ -0.00
GLU-A0206_ -0.99
LYS+A0213_  1.00
TYR-A0215_ -0.00
ASP-A0216_ -1.00
GLU-A0222_ -1.00
GLU-A0228_ -0.99
LYS+A0229_  1.00
GLU-A0231_ -1.00
ARG+A0232_  1.00
CYS-A0239_ -0.00
ASP-A0242_ -1.00
TYR-A0244_ -0.00
LYS+A0249_  1.00
CYS-A0250_ -0.00
ASP-A0254_ -1.00
ASP-A0256_ -1.00
ARG+A0258_  1.00
LYS+A0260_  1.00
ARG+A0262_  1.00
GLU-A0263_ -1.00
GLU-A0267_ -0.98
LYS+A0270_  1.00
ARG+A0273_  1.00
ASP-A0274_ -1.00
ARG+A0277_  1.00
TYR-A0278_ -0.00
ASP-A0284_ -1.00
GLU-A0285_ -1.00
ARG+A0286_  1.00
HIS+A0288_  0.40
ASP-A0294_ -0.99
TYR-A0298_ -0.00
ARG+A0299_  1.00
ASP-A0303_ -1.00
GLU-A0304_ -1.00
GLU-A0305_ -0.99
ASP-A0306_ -1.00
ASP-A0308_ -0.99
ASP-A0309_ -0.99
ASP-A0312_ -1.00
ASP-A0314_ -1.00
GLU-A0315_ -0.99
TYR-A0316_ -0.00
FMM+B0001_  0.00
----------
Net_Charge -5.60
Protons    -5.60
Electrons   0.00
