CONFORMER         crg  vdw0  vdw1  tors  epol  self   occ  Hb     history    ASA
GLU01A0002_001  0.000  0.22  0.05  7.38  0.00  7.65 1.000  00  01O000M000  0.384
GLU01A0002_002  0.000  0.22  0.05  4.66  0.00  4.93 1.000  00  01O000M000  0.384
GLU02A0002_003  0.000 -0.18  0.03  7.38  0.00  7.23 1.000  00  02O000M000  0.402
GLU02A0002_004  0.000 -0.18  0.03  4.66  0.00  4.51 1.000  00  02O000M000  0.402
GLU-1A0002_005 -1.000 -0.17  0.06  4.66  0.00  4.55 1.000  00  -1O000M000  0.388
ALA01A0003_001  0.000 -3.16 -0.34  0.00  0.00 -3.49 1.000  00  01O000M000  0.566
PRO01A0004_001  0.000 -5.94 -0.24  0.00  0.00 -6.19 1.000  00  01O000M000  0.657
ASN01A0005_001  0.000 -0.60 -1.25  0.20  0.00 -1.66 0.000  00  01O000M000  0.163
ASN01A0005_002  0.000 -0.73  0.32  0.20  0.00 -0.21 1.000  00  01R001M000  0.154
GLN01A0006_001  0.000  1.25  0.12  4.03  0.00  5.41 0.000  00  01O000M000  0.820
GLN01A0006_002  0.000 -0.64  0.17  4.03  0.00  3.56 1.000  00  01R001M000  0.811
ALA01A0007_001  0.000 -0.62 -1.47  0.00  0.00 -2.09 1.000  00  01O000M000  0.113
LEU01A0008_001  0.000 -7.73 -1.34  0.82  0.00 -8.25 1.000  00  01O000M000  0.839
LEU01A0009_001  0.000 -1.63 -2.47  0.44  0.00 -3.66 1.000  00  01O000M000  0.310
ARG01A0010_001  0.000 -7.18 -2.99  0.87  0.00 -9.30 1.000  00  01O000M000  0.543
ARG02A0010_002  0.000 -7.22 -2.99  0.87  0.00 -9.34 1.000  00  02O000M000  0.543
ARG03A0010_003  0.000 -7.22 -2.99  0.87  0.00 -9.34 1.000  00  03O000M000  0.543
ARG+1A0010_004  1.000 -7.26 -3.00  0.87  0.00 -9.39 1.000  00  +1O000M000  0.543
ILE01A0011_001  0.000 -3.33  0.06  0.52  0.00 -2.74 1.000  00  01O000M000  0.437
LEU01A0012_001  0.000  1.29 -4.67  0.63  0.00 -2.75 1.000  00  01O000M000  0.000
LYS01A0013_001  0.000 -6.65 -1.57  1.19  0.00 -7.02 1.000  00  01O000M000  0.595
LYS+1A0013_002  1.000 -6.70 -1.57  1.19  0.00 -7.07 1.000  00  +1O000M000  0.595
GLU01A0014_001  0.000 -1.10 -1.14  5.22  0.00  2.98 1.000  00  01O000M000  0.676
GLU01A0014_002  0.000 -1.10 -1.14  2.50  0.00  0.26 1.000  00  01O000M000  0.676
GLU02A0014_003  0.000 -1.38 -1.13  5.22  0.00  2.71 1.000  00  02O000M000  0.665
GLU02A0014_004  0.000 -1.38 -1.13  2.50  0.00 -0.01 1.000  00  02O000M000  0.665
GLU-1A0014_005 -1.000 -1.41 -1.10  2.50  0.00 -0.01 1.000  00  -1O000M000  0.662
THR01A0015_001  0.000 -5.51  0.17  0.49  0.00 -4.85 0.664  00  01O000M000  0.656
GLU01A0016_001  0.000  0.27 -4.95  4.12  0.00 -0.56 1.000  00  01O000M000  0.049
GLU01A0016_002  0.000  0.27 -4.95  1.40  0.00 -3.28 1.000  00  01O000M000  0.049
GLU02A0016_003  0.000  0.23 -4.88  4.12  0.00 -0.53 1.000  00  02O000M000  0.054
GLU02A0016_004  0.000  0.23 -4.88  1.40  0.00 -3.25 1.000  00  02O000M000  0.054
GLU-1A0016_005 -1.000  0.16 -5.14  1.40  0.00 -3.58 1.000  00  -1O000M000  0.051
PHE01A0017_001  0.000  4.06 -6.51  0.11  0.00 -2.33 1.000  00  01O000M000  0.025
LYS01A0018_001  0.000 -6.26 -1.96  1.08  0.00 -7.14 1.000  00  01O000M000  0.553
LYS+1A0018_002  1.000 -6.31 -1.96  1.08  0.00 -7.19 1.000  00  +1O000M000  0.553
LYS01A0019_001  0.000 -7.04  0.35  0.85  0.00 -5.84 1.000  00  01O000M000  0.623
LYS+1A0019_002  1.000 -7.08  0.34  0.85  0.00 -5.89 1.000  00  +1O000M000  0.623
ILE01A0020_001  0.000 -2.43 -0.97  1.01  0.00 -2.40 1.000  00  01O000M000  0.302
LYS01A0021_001  0.000 -6.55 -1.26  1.98  0.00 -5.83 1.000  00  01O000M000  0.623
LYS+1A0021_002  1.000 -6.63 -1.27  1.98  0.00 -5.92 1.000  00  +1O000M000  0.623
VAL01A0022_001  0.000 -4.11  1.91  0.41  0.00 -1.80 1.000  00  01O000M000  0.462
LEU01A0023_001  0.000  1.23 -4.68  0.49  0.00 -2.96 1.000  00  01O000M000  0.047
SER01A0025_001  0.000 -1.30394.09  0.38  0.00393.17 0.661  00  01O000M000  0.217
SER01A0025_002  0.000 -1.30394.09  0.38  0.00393.17 0.661  00  01O000M000  0.217
ALA01A0027_001  0.000 -1.29999.00  0.00  0.00999.00 1.000  00  01O000M000  0.219
PHE01A0028_001  0.000 -0.96 -1.53  2.03  0.00 -0.46 1.000  00  01O000M000  0.528
THR01A0030_001  0.000 -0.25 -2.21  0.60  0.00 -1.86 0.671  00  01O000M000  0.050
THR01A0030_002  0.000 -0.25 -2.21  0.22  0.00 -2.23 0.671  00  01O000M000  0.050
VAL01A0031_001  0.000 -0.32 -1.88  0.25  0.00 -1.95 1.000  00  01O000M000  0.099
TYR01A0032_001  0.000  1.68 -7.81  0.00  0.00 -6.12 1.000  00  01O000M000  0.180
TYR01A0032_002  0.000  1.68 -7.81  0.00  0.00 -6.12 1.000  00  01O000M000  0.180
TYR-1A0032_003 -1.000  1.68 -7.81  0.00  0.00 -6.12 1.000  00  -1O000M000  0.180
LYS01A0033_001  0.000 -2.82 -3.04  1.70  0.00 -4.16 1.000  00  01O000M000  0.284
LYS+1A0033_002  1.000 -2.86 -3.05  1.70  0.00 -4.21 1.000  00  +1O000M000  0.284
LEU01A0035_001  0.000 -0.06 -3.69  0.90  0.00 -2.85 1.000  00  01O000M000  0.177
TRP01A0036_001  0.000  2.17 -7.29  0.00  0.00 -5.12 1.000  00  01O000M000  0.035
ILE01A0037_001  0.000  0.19  1.23  1.08  0.00  2.50 1.000  00  01O000M000  0.163
PRO01A0038_001  0.000  0.04 -1.27  0.00  0.00 -1.23 1.000  00  01O000M000  0.022
GLU01A0039_001  0.000 -2.25 -0.53  3.35  0.00  0.57 1.000  00  01O000M000  0.863
GLU01A0039_002  0.000 -2.25 -0.53  0.63  0.00 -2.15 1.000  00  01O000M000  0.863
GLU02A0039_003  0.000 -2.63 -0.52  3.35  0.00  0.20 1.000  00  02O000M000  0.897
GLU02A0039_004  0.000 -2.63 -0.52  0.63  0.00 -2.52 1.000  00  02O000M000  0.897
GLU-1A0039_005 -1.000 -2.61 -0.51  0.63  0.00 -2.49 1.000  00  -1O000M000  0.871
GLU01A0041_001  0.000 -1.28 -1.86  4.99  0.00  1.84 1.000  00  01O000M000  0.594
GLU01A0041_002  0.000 -1.28 -1.86  2.27  0.00 -0.88 1.000  00  01O000M000  0.594
GLU02A0041_003  0.000 -1.79 -1.84  4.99  0.00  1.37 1.000  00  02O000M000  0.629
GLU02A0041_004  0.000 -1.79 -1.84  2.27  0.00 -1.35 1.000  00  02O000M000  0.629
GLU-1A0041_005 -1.000 -1.68 -1.82  2.27  0.00 -1.23 1.000  00  -1O000M000  0.606
LYS01A0042_001  0.000-10.79  1.42  1.76  0.00 -7.60 1.000  00  01O000M000  0.914
LYS+1A0042_002  1.000-10.83  1.42  1.76  0.00 -7.65 1.000  00  +1O000M000  0.914
VAL01A0043_001  0.000 -3.51  0.78  0.00  0.00 -2.73 1.000  00  01O000M000  0.404
LYS01A0044_001  0.000 -5.37 -1.58  1.37  0.00 -5.58 1.000  00  01O000M000  0.496
LYS+1A0044_002  1.000 -5.42 -1.58  1.37  0.00 -5.63 1.000  00  +1O000M000  0.496
ILE01A0045_001  0.000 -1.31 -1.20  0.80  0.00 -1.71 1.000  00  01O000M000  0.252
PRO01A0046_001  0.000 -3.30 -1.27  0.00  0.00 -4.57 1.000  00  01O000M000  0.374
VAL01A0047_001  0.000  0.55 -3.17  0.26  0.00 -2.36 1.000  00  01O000M000  0.000
ALA01A0048_001  0.000  0.00 -1.66  0.00  0.00 -1.66 1.000  00  01O000M000  0.000
ILE01A0049_001  0.000  1.12 -2.85  0.59  0.00 -1.13 1.000  00  01O000M000  0.018
LYS01A0050_001  0.000 -0.65 -3.87  1.33  0.00 -3.18 1.000  00  01O000M000  0.116
LYS+1A0050_002  1.000 -0.69 -3.88  1.33  0.00 -3.23 1.000  00  +1O000M000  0.116
GLU01A0051_001  0.000 -0.07 29.36  5.39  0.00 34.68 1.000  00  01O000M000  0.209
GLU01A0051_002  0.000 -0.07 29.36  2.67  0.00 31.96 1.000  00  01O000M000  0.209
GLU02A0051_003  0.000 -0.17 29.36  5.39  0.00 34.57 1.000  00  02O000M000  0.218
GLU02A0051_004  0.000 -0.17 29.36  2.67  0.00 31.85 1.000  00  02O000M000  0.218
GLU-1A0051_005 -1.000 -0.26 29.43  2.67  0.00 31.83 1.000  00  -1O000M000  0.216
LEU01A0052_001  0.000 -1.14999.00  3.21  0.00999.00 1.000  00  01O000M000  0.163
ARG01A0053_001  0.000 -3.29  2.02 19.95  0.00 18.68 1.000  00  01O000M000  0.251
ARG02A0053_002  0.000 -3.33  2.04 19.95  0.00 18.66 1.000  00  02O000M000  0.251
ARG03A0053_003  0.000 -3.34  2.09 19.95  0.00 18.70 1.000  00  03O000M000  0.251
ARG03A0053_004  0.000 -3.30  2.07 19.95  0.00 18.72 1.000  00  03O000M000  0.251
ARG+1A0053_005  1.000 -3.38  2.00 19.95  0.00 18.57 1.000  00  +1O000M000  0.251
GLU01A0054_001  0.000 -0.23999.00  7.06  0.00999.00 1.000  00  01O000M000  0.042
GLU01A0054_002  0.000 -0.23999.00  4.34  0.00999.00 1.000  00  01O000M000  0.042
GLU02A0054_003  0.000 -0.28999.00  7.06  0.00999.00 1.000  00  02O000M000  0.042
GLU02A0054_004  0.000 -0.28999.00  4.34  0.00999.00 1.000  00  02O000M000  0.042
GLU-1A0054_005 -1.000 -0.28999.00  4.34  0.00999.00 1.000  00  -1O000M000  0.042
ALA01A0055_001  0.000 -2.78602.96  0.00  0.00600.18 1.000  00  01O000M000  0.486
THR01A0056_001  0.000661.32999.00  1.24  0.00999.00 0.666  00  01O000M000  0.315
THR01A0056_002  0.000661.32999.00  1.24  0.00999.00 0.666  00  01O000M000  0.315
SER01A0057_001  0.000 -1.31 -0.12  0.65  0.00 -0.78 0.666  00  01O000M000  0.207
SER01A0057_002  0.000 -1.31 -0.12  0.65  0.00 -0.78 0.666  00  01O000M000  0.207
PRO01A0058_001  0.000 -5.75  0.76  0.00  0.00 -4.99 1.000  00  01O000M000  0.580
LYS01A0059_001  0.000999.00148.25  4.19  0.00999.00 1.000  00  01O000M000  0.461
LYS+1A0059_002  1.000999.00150.59  4.19  0.00999.00 1.000  00  +1O000M000  0.461
ALA01A0060_001  0.000 -0.36 97.41  0.00  0.00 97.05 1.000  00  01O000M000  0.073
ASN01A0061_001  0.000 -1.54999.00  2.28  0.00999.00 0.000  00  01O000M000  0.297
ASN01A0061_002  0.000 -1.68999.00  2.30  0.00999.00 1.000  00  01R001M000  0.341
LYS01A0062_001  0.000 -5.68999.00  0.89  0.00999.00 1.000  00  01O000M000  0.582
LYS+1A0062_002  1.000 -5.72999.00  0.89  0.00999.00 1.000  00  +1O000M000  0.582
GLU01A0063_001  0.000 -1.35  4.13  6.51  0.00  9.29 1.000  00  01O000M000  0.490
GLU01A0063_002  0.000 -1.35  4.13  3.79  0.00  6.57 1.000  00  01O000M000  0.490
GLU02A0063_003  0.000 -1.24  2.42  6.51  0.00  7.68 1.000  00  02O000M000  0.503
GLU02A0063_004  0.000 -1.24  2.42  3.79  0.00  4.96 1.000  00  02O000M000  0.503
GLU-1A0063_005 -1.000 -1.39  2.52  3.79  0.00  4.92 1.000  00  -1O000M000  0.497
ILE01A0064_001  0.000  2.26999.00  1.25  0.00999.00 1.000  00  01O000M000  0.009
LEU01A0065_001  0.000 -1.94  1.75  0.53  0.00  0.34 1.000  00  01O000M000  0.302
ASP01A0066_001  0.000 -1.98 -0.17  2.74  0.00  0.59 1.000  00  01O000M000  0.465
ASP01A0066_002  0.000 -1.98 -0.17  0.02  0.00 -2.13 1.000  00  01O000M000  0.465
ASP02A0066_003  0.000 -1.93 -0.97  2.74  0.00 -0.16 1.000  00  02O000M000  0.470
ASP02A0066_004  0.000 -1.93 -0.97  0.02  0.00 -2.88 1.000  00  02O000M000  0.470
ASP-1A0066_005 -1.000 -1.97 -0.89  0.02  0.00 -2.84 1.000  00  -1O000M000  0.473
GLU01A0067_001  0.000  1.53 -6.55  3.22  0.00 -1.79 1.000  00  01O000M000  0.087
GLU01A0067_002  0.000  1.53 -6.55  0.50  0.00 -4.51 1.000  00  01O000M000  0.087
GLU02A0067_003  0.000  1.18 -6.59  3.22  0.00 -2.19 1.000  00  02O000M000  0.077
GLU02A0067_004  0.000  1.18 -6.59  0.50  0.00 -4.91 1.000  00  02O000M000  0.077
GLU-1A0067_005 -1.000  1.12 -6.51  0.50  0.00 -4.89 1.000  00  -1O000M000  0.077
ALA01A0068_001  0.000 -0.05 -1.81  0.00  0.00 -1.87 1.000  00  01O000M000  0.009
TYR01A0069_001  0.000 -2.48 -4.04  0.03  0.00 -6.50 1.000  00  01O000M000  0.474
TYR-1A0069_002 -1.000 -2.48 -4.04  0.03  0.00 -6.50 1.000  00  -1O000M000  0.474
VAL01A0070_001  0.000  0.34 -1.79  0.11  0.00 -1.35 1.000  00  01O000M000  0.031
MET01A0071_001  0.000  0.34 -6.39  1.50  0.00 -4.55 1.000  00  01O000M000  0.000
ALA01A0072_001  0.000 -0.10 -1.57  0.00  0.00 -1.67 1.000  00  01O000M000  0.019
SER01A0073_001  0.000 -0.10  2.88  0.51  0.00  3.30 0.672  00  01O000M000  0.017
SER01A0073_002  0.000 -0.10  2.88  0.51  0.00  3.30 0.672  00  01O000M000  0.017
SER01A0073_003  0.000 -0.10  2.88  0.14  0.00  2.93 0.672  00  01O000M000  0.017
VAL01A0074_001  0.000  0.58 -2.35  0.13  0.00 -1.63 1.000  00  01O000M000  0.000
ASP01A0075_001  0.000 -2.73  0.72  3.45  0.00  1.45 1.000  00  01O000M000  0.653
ASP01A0075_002  0.000 -2.73  0.72  0.73  0.00 -1.27 1.000  00  01O000M000  0.653
ASP02A0075_003  0.000 -2.60  0.41  3.45  0.00  1.26 1.000  00  02O000M000  0.667
ASP02A0075_004  0.000 -2.60  0.41  0.73  0.00 -1.46 1.000  00  02O000M000  0.667
ASP-1A0075_005 -1.000 -2.69  0.43  0.73  0.00 -1.53 1.000  00  -1O000M000  0.664
ASN01A0076_001  0.000 -0.39 -1.27  1.13  0.00 -0.54 0.749  00  01O000M000  0.217
ASN01A0076_002  0.000 -0.33  1.15  1.12  0.00  1.93 0.751  00  01R001M000  0.172
PRO01A0077_001  0.000 -5.04  0.10  0.00  0.00 -4.94 1.000  00  01O000M000  0.548
HIS01A0078_001  0.000 -1.52 -7.03  0.03  0.00 -8.52 0.752  00  01O000M000  0.119
HIS01A0078_002  0.000 -1.47 -5.59  0.03  0.00 -7.03 0.748  00  01R001M000  0.113
HIS02A0078_003  0.000 -1.54 -7.15  0.03  0.00 -8.66 0.752  00  02O000M000  0.119
HIS02A0078_004  0.000 -1.48 -5.62  0.03  0.00 -7.07 0.748  00  02R001M000  0.113
HIS+1A0078_005  1.000 -1.57 -7.16  0.03  0.00 -8.70 0.752  00  +1O000M000  0.119
HIS+1A0078_006  1.000 -1.51 -5.64  0.03  0.00 -7.12 0.748  00  +1R001M000  0.113
VAL01A0079_001  0.000  0.80 -1.63  0.04  0.00 -0.79 1.000  00  01O000M000  0.000
CYS01A0080_001  0.000 -0.00 -3.07  0.43  0.00 -2.65 1.000  00  01O000M000  0.000
CYS01A0080_002  0.000 -0.00 -3.14  0.43  0.00 -2.72 1.000  00  01O000M000  0.000
CYS01A0080_003  0.000 -0.00 -3.06  0.43  0.00 -2.64 1.000  00  01O000M000  0.000
CYS-1A0080_004 -1.000  0.00 -3.03  0.43  0.00 -2.60 1.000  00  -1O000M000  0.000
ARG01A0081_001  0.000 -3.34 -4.61  0.63  0.00 -7.32 1.000  00  01O000M000  0.334
ARG02A0081_002  0.000 -3.36 -4.60  0.63  0.00 -7.33 1.000  00  02O000M000  0.334
ARG03A0081_003  0.000 -3.26 -4.48  0.63  0.00 -7.11 1.000  00  03O000M000  0.334
ARG+1A0081_004  1.000 -3.40 -4.63  0.63  0.00 -7.40 1.000  00  +1O000M000  0.334
LEU01A0082_001  0.000  2.28 -9.74  0.79  0.00 -6.67 1.000  00  01O000M000  0.004
LEU01A0083_001  0.000 -0.09 -4.80  0.42  0.00 -4.47 1.000  00  01O000M000  0.175
ILE01A0085_001  0.000  2.93 -1.61  0.48  0.00  1.81 1.000  00  01O000M000  0.019
CYS01A0086_001  0.000 -0.00 -4.12  0.06  0.00 -4.07 1.000  00  01O000M000  0.000
CYS01A0086_002  0.000 -0.00 -4.17  0.06  0.00 -4.11 1.000  00  01O000M000  0.000
CYS01A0086_003  0.000 -0.00 -4.05  0.06  0.00 -3.99 1.000  00  01O000M000  0.000
CYS-1A0086_004 -1.000  0.00 -3.98  0.06  0.00 -3.92 1.000  00  -1O000M000  0.000
LEU01A0087_001  0.000 -3.55 -1.24  0.45  0.00 -4.34 1.000  00  01O000M000  0.455
THR01A0088_001  0.000 -2.95 -1.05  0.39  0.00 -3.61 0.664  00  01O000M000  0.355
THR01A0088_002  0.000 -2.95 -1.05  0.39  0.00 -3.61 0.664  00  01O000M000  0.355
THR01A0088_003  0.000 -2.95 -1.05  0.01  0.00 -3.98 0.664  00  01O000M000  0.355
SER01A0089_001  0.000 -3.48 11.31  0.90  0.00  8.74 0.668  00  01O000M000  0.552
SER01A0089_002  0.000 -3.48 11.31  0.90  0.00  8.74 0.668  00  01O000M000  0.552
THR01A0090_001  0.000 -0.31  0.15  0.40  0.00  0.23 0.668  00  01O000M000  0.056
THR01A0090_002  0.000 -0.31  0.15  0.02  0.00 -0.14 0.668  00  01O000M000  0.056
VAL01A0091_001  0.000  0.12 -0.24  0.16  0.00  0.03 1.000  00  01O000M000  0.047
GLN01A0092_001  0.000  3.19 -4.86  0.56  0.00 -1.10 0.748  00  01O000M000  0.101
GLN01A0092_002  0.000  1.58 -4.79  0.56  0.00 -2.65 0.752  00  01R001M000  0.136
LEU01A0093_001  0.000  1.77 -4.01  0.68  0.00 -1.57 1.000  00  01O000M000  0.000
ILE01A0094_001  0.000  1.45 -2.56  0.95  0.00 -0.15 1.000  00  01O000M000  0.000
THR01A0095_001  0.000  0.21 -0.67  0.44  0.00 -0.02 0.662  00  01O000M000  0.000
THR01A0095_002  0.000  0.21 -0.67  0.44  0.00 -0.02 0.662  00  01O000M000  0.000
GLN01A0096_001  0.000 -0.93 -1.72  2.11  0.00 -0.54 0.755  00  01O000M000  0.328
GLN01A0096_002  0.000 -1.00 -1.71  2.09  0.00 -0.63 0.745  00  01R001M000  0.343
LEU01A0097_001  0.000  1.19 -6.20  0.62  0.00 -4.38 1.000  00  01O000M000  0.084
MET01A0098_001  0.000  0.04 -4.56  1.97  0.00 -2.55 1.000  00  01O000M000  0.000
PRO01A0099_001  0.000 -3.23 -2.17  0.00  0.00 -5.40 1.000  00  01O000M000  0.375
PHE01A0100_001  0.000  2.37 -4.72  0.77  0.00 -1.58 1.000  00  01O000M000  0.169
CYS01A0102_001  0.000 -0.00 -3.98  0.05  0.00 -3.93 1.000  00  01O000M000  0.000
CYS01A0102_002  0.000 -0.00 -4.08  0.05  0.00 -4.04 1.000  00  01O000M000  0.000
CYS01A0102_003  0.000 -0.00 -3.96  0.05  0.00 -3.92 1.000  00  01O000M000  0.000
CYS-1A0102_004 -1.000  0.00 -3.93  0.05  0.00 -3.88 1.000  00  -1O000M000  0.000
LEU01A0103_001  0.000  1.69 -4.68  0.42  0.00 -2.58 1.000  00  01O000M000  0.000
LEU01A0104_001  0.000  1.25 -4.36  0.52  0.00 -2.60 1.000  00  01O000M000  0.049
ASP01A0105_001  0.000 -1.70 -0.38  3.00  0.00  0.93 1.000  00  01O000M000  0.388
ASP01A0105_002  0.000 -1.70 -0.38  0.28  0.00 -1.79 1.000  00  01O000M000  0.388
ASP02A0105_003  0.000 -1.65 -0.95  3.00  0.00  0.40 1.000  00  02O000M000  0.395
ASP02A0105_004  0.000 -1.65 -0.95  0.28  0.00 -2.32 1.000  00  02O000M000  0.395
ASP-1A0105_005 -1.000 -1.65 -0.91  0.28  0.00 -2.28 1.000  00  -1O000M000  0.385
TYR01A0106_001  0.000  4.18 -8.51  0.39  0.00 -3.95 1.000  00  01O000M000  0.007
TYR01A0106_002  0.000  4.18 -8.51  0.39  0.00 -3.95 1.000  00  01O000M000  0.007
TYR-1A0106_003 -1.000  4.18 -8.51  0.39  0.00 -3.95 1.000  00  -1O000M000  0.007
VAL01A0107_001  0.000  0.60 -3.81  0.00  0.00 -3.20 1.000  00  01O000M000  0.000
ARG01A0108_001  0.000 -3.42 -5.71  1.12  0.00 -8.01 1.000  00  01O000M000  0.316
ARG02A0108_002  0.000 -3.46 -5.55  1.12  0.00 -7.89 1.000  00  02O000M000  0.316
ARG03A0108_003  0.000 -3.46 -5.45  1.12  0.00 -7.79 1.000  00  03O000M000  0.316
ARG+1A0108_004  1.000 -3.51 -5.55  1.12  0.00 -7.94 1.000  00  +1O000M000  0.316
GLU01A0109_001  0.000 -1.87 -2.57  3.06  0.00 -1.38 1.000  00  01O000M000  0.665
GLU01A0109_002  0.000 -1.87 -2.57  0.34  0.00 -4.10 1.000  00  01O000M000  0.665
GLU02A0109_003  0.000 -2.09 -2.74  3.06  0.00 -1.77 1.000  00  02O000M000  0.663
GLU02A0109_004  0.000 -2.09 -2.74  0.34  0.00 -4.49 1.000  00  02O000M000  0.663
GLU-1A0109_005 -1.000 -2.15 -2.69  0.34  0.00 -4.51 1.000  00  -1O000M000  0.665
HIS01A0110_001  0.000 -0.71 -5.07  0.04  0.00 -5.74 0.755  00  01O000M000  0.050
HIS01A0110_002  0.000 -0.92 -6.02  0.04  0.00 -6.89 0.745  00  01R001M000  0.073
HIS02A0110_003  0.000 -0.73 -5.08  0.04  0.00 -5.77 0.755  00  02O000M000  0.050
HIS02A0110_004  0.000 -0.94 -6.08  0.04  0.00 -6.97 0.745  00  02R001M000  0.073
HIS+1A0110_005  1.000 -0.76 -5.11  0.04  0.00 -5.82 0.755  00  +1O000M000  0.050
HIS+1A0110_006  1.000 -0.96 -6.15  0.04  0.00 -7.07 0.745  00  +1R001M000  0.073
LYS01A0111_001  0.000 -4.96 -1.49  2.53  0.00 -3.93 1.000  00  01O000M000  0.500
LYS+1A0111_002  1.000 -5.01 -1.50  2.53  0.00 -3.98 1.000  00  +1O000M000  0.500
ASP01A0112_001  0.000 -2.80  0.60  3.06  0.00  0.86 1.000  00  01O000M000  0.674
ASP01A0112_002  0.000 -2.80  0.60  0.34  0.00 -1.86 1.000  00  01O000M000  0.674
ASP02A0112_003  0.000 -2.80  0.09  3.06  0.00  0.35 1.000  00  02O000M000  0.669
ASP02A0112_004  0.000 -2.80  0.09  0.34  0.00 -2.37 1.000  00  02O000M000  0.669
ASP-1A0112_005 -1.000 -2.78  0.13  0.34  0.00 -2.30 1.000  00  -1O000M000  0.679
ASN01A0113_001  0.000 -1.13 -4.13  1.07  0.00 -4.18 0.748  00  01O000M000  0.336
ASN01A0113_002  0.000 -1.45 -3.30  1.07  0.00 -3.68 0.752  00  01R001M000  0.355
ILE01A0114_001  0.000  1.86  1.27  0.90  0.00  4.03 1.000  00  01O000M000  0.000
SER01A0116_001  0.000 -0.06 -2.47  0.49  0.00 -2.04 0.670  00  01O000M000  0.010
SER01A0116_002  0.000 -0.06 -2.47  0.49  0.00 -2.04 0.670  00  01O000M000  0.010
SER01A0116_003  0.000 -0.06 -2.47  0.11  0.00 -2.42 0.670  00  01O000M000  0.010
GLN01A0117_001  0.000  0.46 -3.83  1.15  0.00 -2.21 0.749  00  01O000M000  0.106
GLN01A0117_002  0.000  0.71 -4.03  1.13  0.00 -2.18 0.751  00  01R001M000  0.106
TYR01A0118_001  0.000  4.19-10.22  1.25  0.00 -4.78 1.000  00  01O000M000  0.004
TYR01A0118_002  0.000  4.19-10.22  1.25  0.00 -4.78 1.000  00  01O000M000  0.004
TYR-1A0118_003 -1.000  4.19-10.22  1.25  0.00 -4.78 1.000  00  -1O000M000  0.004
LEU01A0119_001  0.000  1.84 -4.86  0.65  0.00 -2.37 1.000  00  01O000M000  0.000
LEU01A0120_001  0.000  1.85 -6.78  0.61  0.00 -4.32 1.000  00  01O000M000  0.000
ASN01A0121_001  0.000 -0.12 -2.94  0.72  0.00 -2.34 0.752  00  01O000M000  0.055
ASN01A0121_002  0.000 -0.12 -1.73  0.72  0.00 -1.14 0.748  00  01R001M000  0.022
TRP01A0122_001  0.000  2.64 -8.76  0.01  0.00 -6.12 1.000  00  01O000M000  0.000
CYS01A0123_001  0.000 -0.00 -2.86  0.03  0.00 -2.83 1.000  00  01O000M000  0.000
CYS01A0123_002  0.000 -0.00 -2.92  0.03  0.00 -2.89 1.000  00  01O000M000  0.000
CYS01A0123_003  0.000 -0.00 -2.85  0.03  0.00 -2.82 1.000  00  01O000M000  0.000
CYS-1A0123_004 -1.000  0.00 -2.81  0.03  0.00 -2.78 1.000  00  -1O000M000  0.000
VAL01A0124_001  0.000  0.27 -1.45  0.20  0.00 -0.98 1.000  00  01O000M000  0.036
GLN01A0125_001  0.000  0.92 -1.74  0.72  0.00 -0.10 1.000  00  01O000M000  0.073
ILE01A0126_001  0.000  1.78 -1.50  0.55  0.00  0.83 1.000  00  01O000M000  0.000
ALA01A0127_001  0.000  0.00 -2.69  0.00  0.00 -2.69 1.000  00  01O000M000  0.000
LYS01A0128_001  0.000 -2.00 -4.07  2.86  0.00 -3.20 1.000  00  01O000M000  0.235
LYS+1A0128_002  1.000 -2.05 -4.08  2.86  0.00 -3.26 1.000  00  +1O000M000  0.235
MET01A0130_001  0.000  1.26 -5.22  0.46  0.00 -3.51 1.000  00  01O000M000  0.000
ASN01A0131_001  0.000 -0.70 -4.35  1.14  0.00 -3.92 0.751  00  01O000M000  0.250
ASN01A0131_002  0.000 -0.86 -4.17  1.15  0.00 -3.89 0.749  00  01R001M000  0.243
TYR01A0132_001  0.000  1.97 -5.49  0.15  0.00 -3.38 1.000  00  01O000M000  0.170
TYR01A0132_002  0.000  1.97 -5.49  0.15  0.00 -3.38 1.000  00  01O000M000  0.170
TYR-1A0132_003 -1.000  1.97 -5.49  0.15  0.00 -3.38 1.000  00  -1O000M000  0.170
LEU01A0133_001  0.000  1.84 -4.73  0.51  0.00 -2.39 1.000  00  01O000M000  0.000
GLU01A0134_001  0.000  1.60 -3.90  3.61  0.00  1.31 1.000  00  01O000M000  0.121
GLU01A0134_002  0.000  1.60 -3.90  0.89  0.00 -1.41 1.000  00  01O000M000  0.121
GLU02A0134_003  0.000  1.07 -3.84  3.61  0.00  0.83 1.000  00  02O000M000  0.135
GLU02A0134_004  0.000  1.07 -3.84  0.89  0.00 -1.89 1.000  00  02O000M000  0.135
GLU-1A0134_005 -1.000  1.08 -3.80  0.89  0.00 -1.84 1.000  00  -1O000M000  0.123
ASP01A0135_001  0.000 -2.28 -1.87  2.88  0.00 -1.27 1.000  00  01O000M000  0.529
ASP01A0135_002  0.000 -2.28 -1.87  0.16  0.00 -3.99 1.000  00  01O000M000  0.529
ASP02A0135_003  0.000 -2.19 -2.31  2.88  0.00 -1.62 1.000  00  02O000M000  0.530
ASP02A0135_004  0.000 -2.19 -2.31  0.16  0.00 -4.34 1.000  00  02O000M000  0.530
ASP-1A0135_005 -1.000 -2.13 -2.23  0.16  0.00 -4.20 1.000  00  -1O000M000  0.523
ARG01A0136_001  0.000 -2.03 -4.94  0.78  0.00 -6.19 1.000  00  01O000M000  0.253
ARG02A0136_002  0.000 -1.96 -4.90  0.78  0.00 -6.08 1.000  00  02O000M000  0.253
ARG03A0136_003  0.000 -2.06 -4.97  0.78  0.00 -6.25 1.000  00  03O000M000  0.253
ARG+1A0136_004  1.000 -2.10 -4.99  0.78  0.00 -6.30 1.000  00  +1O000M000  0.253
ARG01A0137_001  0.000 -2.59 -4.15  0.63  0.00 -6.11 1.000  00  01O000M000  0.248
ARG02A0137_002  0.000 -2.57 -4.08  0.63  0.00 -6.02 1.000  00  02O000M000  0.248
ARG03A0137_003  0.000 -2.63 -4.16  0.63  0.00 -6.16 1.000  00  03O000M000  0.248
ARG+1A0137_004  1.000 -2.67 -4.17  0.63  0.00 -6.21 1.000  00  +1O000M000  0.248
LEU01A0138_001  0.000  1.57 -5.34  0.99  0.00 -2.78 1.000  00  01O000M000  0.009
VAL01A0139_001  0.000  0.79 -3.84  0.00  0.00 -3.05 1.000  00  01O000M000  0.000
HIS01A0140_001  0.000 -0.15 -7.46  0.32  0.00 -7.29 1.000  00  01O000M000  0.000
HIS02A0140_002  0.000 -0.17 -7.62  0.32  0.00 -7.47 1.000  00  02O000M000  0.000
HIS+1A0140_003  1.000 -0.20 -7.75  0.32  0.00 -7.63 1.000  00  +1O000M000  0.000
ARG01A0141_001  0.000  1.06 -3.18  0.51  0.00 -1.61 1.000  00  01O000M000  0.051
ARG02A0141_002  0.000  1.02 -3.17  0.51  0.00 -1.64 1.000  00  02O000M000  0.051
ARG03A0141_003  0.000  1.01 -3.19  0.51  0.00 -1.66 1.000  00  03O000M000  0.051
ARG03A0141_004  0.000  1.02 -3.19  0.51  0.00 -1.66 1.000  00  03O000M000  0.051
ARG+1A0141_005  1.000  0.97 -3.20  0.51  0.00 -1.72 1.000  00  +1O000M000  0.051
ASP01A0142_001  0.000 -0.57  1.77  3.22  0.00  4.42 1.000  00  01O000M000  0.128
ASP01A0142_002  0.000 -0.57  1.77  0.50  0.00  1.70 1.000  00  01O000M000  0.128
ASP02A0142_003  0.000 -0.55  0.96  3.22  0.00  3.64 1.000  00  02O000M000  0.140
ASP02A0142_004  0.000 -0.55  0.96  0.50  0.00  0.92 1.000  00  02O000M000  0.140
ASP-1A0142_005 -1.000 -0.57  1.03  0.50  0.00  0.95 1.000  00  -1O000M000  0.134
LEU01A0143_001  0.000  1.41 -4.25  0.56  0.00 -2.28 1.000  00  01O000M000  0.000
ALA01A0144_001  0.000  0.00  0.33  0.00  0.00  0.33 1.000  00  01O000M000  0.000
ALA01A0145_001  0.000  0.00 -1.72  0.00  0.00 -1.72 1.000  00  01O000M000  0.000
ARG01A0146_001  0.000 -0.27 -2.52  3.26  0.00  0.48 1.000  00  01O000M000  0.150
ARG02A0146_002  0.000 -0.30 -2.52  3.26  0.00  0.44 1.000  00  02O000M000  0.150
ARG02A0146_003  0.000 -0.24 -2.52  3.26  0.00  0.50 1.000  00  02O000M000  0.150
ARG03A0146_004  0.000 -0.31 -2.51  3.26  0.00  0.44 1.000  00  03O000M000  0.150
ARG+1A0146_005  1.000 -0.35 -2.53  3.26  0.00  0.38 1.000  00  +1O000M000  0.150
ASN01A0147_001  0.000  0.16  7.50  0.41  0.00  8.07 0.000  00  01O000M000  0.045
ASN01A0147_002  0.000 -0.17  1.71  0.41  0.00  1.95 1.000  00  01R001M000  0.065
VAL01A0148_001  0.000  0.55 -3.23  0.10  0.00 -2.57 1.000  00  01O000M000  0.000
LEU01A0149_001  0.000  1.64 -5.90  0.71  0.00 -3.55 1.000  00  01O000M000  0.000
VAL01A0150_001  0.000  0.57 -2.78  0.06  0.00 -2.15 1.000  00  01O000M000  0.000
LYS01A0151_001  0.000 -3.23 -1.58  2.74  0.00 -2.06 1.000  00  01O000M000  0.337
LYS+1A0151_002  1.000 -3.27 -1.58  2.74  0.00 -2.11 1.000  00  +1O000M000  0.337
THR01A0152_001  0.000 -3.57 -0.52  0.67  0.00 -3.42 0.663  00  01O000M000  0.417
THR01A0152_002  0.000 -3.57 -0.52  0.67  0.00 -3.42 0.663  00  01O000M000  0.417
THR01A0152_003  0.000 -3.57 -0.52  0.29  0.00 -3.80 0.663  00  01O000M000  0.417
PRO01A0153_001  0.000 -0.27 -3.47  0.00  0.00 -3.74 1.000  00  01O000M000  0.051
GLN01A0154_001  0.000  0.70 -2.86  1.57  0.00 -0.59 0.752  00  01O000M000  0.315
GLN01A0154_002  0.000  2.31 -2.63  1.57  0.00  1.24 0.748  00  01R001M000  0.268
HIS01A0155_001  0.000 -3.16 -2.83  0.24  0.00 -5.76 1.000  00  01O000M000  0.265
HIS02A0155_002  0.000 -3.19 -2.99  0.24  0.00 -5.94 1.000  00  02O000M000  0.265
HIS+1A0155_003  1.000 -3.21 -2.84  0.24  0.00 -5.82 1.000  00  +1O000M000  0.265
VAL01A0156_001  0.000  0.67 -3.13  0.08  0.00 -2.38 1.000  00  01O000M000  0.000
LYS01A0157_001  0.000 -0.38 -8.38  1.10  0.00 -7.67 1.000  00  01O000M000  0.117
LYS+1A0157_002  1.000 -0.43 -8.41  1.10  0.00 -7.74 1.000  00  +1O000M000  0.117
ILE01A0158_001  0.000  1.63 -2.02  0.60  0.00  0.21 1.000  00  01O000M000  0.000
THR01A0159_001  0.000  0.24  1.73  1.23  0.00  3.20 0.675  00  01O000M000  0.000
THR01A0159_002  0.000  0.24  1.73  1.23  0.00  3.20 0.675  00  01O000M000  0.000
ASP01A0160_001  0.000 -0.60  0.64  5.13  0.00  5.17 1.000  00  01O000M000  0.191
ASP01A0160_002  0.000 -0.60  0.64  2.41  0.00  2.45 1.000  00  01O000M000  0.191
ASP02A0160_003  0.000 -0.52  0.44  5.13  0.00  5.06 1.000  00  02O000M000  0.197
ASP02A0160_004  0.000 -0.52  0.44  2.41  0.00  2.34 1.000  00  02O000M000  0.197
ASP-1A0160_005 -1.000 -0.60  0.49  2.41  0.00  2.30 1.000  00  -1O000M000  0.189
PHE01A0161_001  0.000  4.53 -5.96  0.01  0.00 -1.42 1.000  00  01O000M000  0.000
LEU01A0163_001  0.000 -0.88 -3.65  0.42  0.00 -4.11 1.000  00  01O000M000  0.229
ALA01A0164_001  0.000  0.00 -2.43  0.00  0.00 -2.43 1.000  00  01O000M000  0.000
LYS01A0165_001  0.000 -2.76 -3.10  1.71  0.00 -4.15 1.000  00  01O000M000  0.279
LYS+1A0165_002  1.000 -2.82 -3.14  1.71  0.00 -4.25 1.000  00  +1O000M000  0.279
LEU01A0166_001  0.000 -2.93 -3.08  0.57  0.00 -5.43 1.000  00  01O000M000  0.382
LEU01A0167_001  0.000  1.41 -6.07  0.51  0.00 -4.15 1.000  00  01O000M000  0.009
ALA01A0169_001  0.000 -2.11 -0.69  0.00  0.00 -2.79 1.000  00  01O000M000  0.378
GLU01A0170_001  0.000 -1.97 -0.55  3.04  0.00  0.52 1.000  00  01O000M000  0.918
GLU01A0170_002  0.000 -1.97 -0.55  0.32  0.00 -2.20 1.000  00  01O000M000  0.918
GLU02A0170_003  0.000 -2.52 -0.54  3.04  0.00 -0.02 1.000  00  02O000M000  0.912
GLU02A0170_004  0.000 -2.52 -0.54  0.32  0.00 -2.74 1.000  00  02O000M000  0.912
GLU-1A0170_005 -1.000 -2.51 -0.52  0.32  0.00 -2.71 1.000  00  -1O000M000  0.920
GLU01A0171_001  0.000 -0.85 -3.96  3.08  0.00 -1.72 1.000  00  01O000M000  0.610
GLU01A0171_002  0.000 -0.85 -3.96  0.36  0.00 -4.44 1.000  00  01O000M000  0.610
GLU02A0171_003  0.000 -1.26 -3.89  3.08  0.00 -2.07 1.000  00  02O000M000  0.611
GLU02A0171_004  0.000 -1.26 -3.89  0.36  0.00 -4.79 1.000  00  02O000M000  0.611
GLU-1A0171_005 -1.000 -1.25 -3.86  0.36  0.00 -4.75 1.000  00  -1O000M000  0.604
LYS01A0172_001  0.000-10.10 -1.63  0.90  0.00-10.83 1.000  00  01O000M000  0.857
LYS+1A0172_002  1.000-10.15 -1.63  0.90  0.00-10.88 1.000  00  +1O000M000  0.857
GLU01A0173_001  0.000 -0.28 -1.21  3.00  0.00  1.51 1.000  00  01O000M000  0.502
GLU01A0173_002  0.000 -0.28 -1.21  0.28  0.00 -1.21 1.000  00  01O000M000  0.502
GLU02A0173_003  0.000 -0.60 -1.19  3.00  0.00  1.21 1.000  00  02O000M000  0.488
GLU02A0173_004  0.000 -0.60 -1.19  0.28  0.00 -1.51 1.000  00  02O000M000  0.488
GLU-1A0173_005 -1.000 -0.63 -1.17  0.28  0.00 -1.51 1.000  00  -1O000M000  0.499
TYR01A0174_001  0.000  1.30 -6.43  0.16  0.00 -4.97 1.000  00  01O000M000  0.178
TYR-1A0174_002 -1.000  1.30 -6.43  0.16  0.00 -4.97 1.000  00  -1O000M000  0.178
HIS01A0175_001  0.000 -7.57 -4.52  0.34  0.00-11.74 0.747  00  01O000M000  0.643
HIS01A0175_002  0.000 -7.76 -4.44  0.34  0.00-11.87 0.753  00  01R001M000  0.664
HIS02A0175_003  0.000 -7.59 -4.53  0.34  0.00-11.78 0.747  00  02O000M000  0.643
HIS02A0175_004  0.000 -7.77 -4.50  0.34  0.00-11.93 0.753  00  02R001M000  0.664
HIS+1A0175_005  1.000 -7.62 -4.55  0.34  0.00-11.83 0.747  00  +1O000M000  0.643
HIS+1A0175_006  1.000 -7.80 -4.51  0.34  0.00-11.97 0.753  00  +1R001M000  0.664
ALA01A0176_001  0.000 -0.48 -1.24  0.00  0.00 -1.72 1.000  00  01O000M000  0.088
GLU01A0177_001  0.000 -3.17 -0.87  3.62  0.00 -0.42 1.000  00  01O000M000  0.852
GLU01A0177_002  0.000 -3.17 -0.87  0.90  0.00 -3.14 1.000  00  01O000M000  0.852
GLU02A0177_003  0.000 -3.31 -0.86  3.62  0.00 -0.56 1.000  00  02O000M000  0.852
GLU02A0177_004  0.000 -3.31 -0.86  0.90  0.00 -3.28 1.000  00  02O000M000  0.852
GLU-1A0177_005 -1.000 -3.37 -0.84  0.90  0.00 -3.32 1.000  00  -1O000M000  0.849
LYS01A0180_001  0.000-11.57 -0.27  1.89  0.00 -9.94 1.000  00  01O000M000  0.951
LYS+1A0180_002  1.000-11.61 -0.28  1.89  0.00 -9.99 1.000  00  +1O000M000  0.951
VAL01A0181_001  0.000  0.24  0.01  0.10  0.00  0.36 1.000  00  01O000M000  0.046
PRO01A0182_001  0.000 -1.34 -0.78  0.00  0.00 -2.12 1.000  00  01O000M000  0.167
ILE01A0183_001  0.000 -0.56 -1.90  0.63  0.00 -1.83 1.000  00  01O000M000  0.248
LYS01A0184_001  0.000 -1.33  0.21  1.03  0.00 -0.10 1.000  00  01O000M000  0.156
LYS+1A0184_002  1.000 -1.38  2.69  1.03  0.00  2.33 1.000  00  +1O000M000  0.156
TRP01A0185_001  0.000  1.32 -8.67  0.37  0.00 -6.98 1.000  00  01O000M000  0.127
MET01A0186_001  0.000  0.39 -6.43  1.31  0.00 -4.73 1.000  00  01O000M000  0.054
ALA01A0187_001  0.000  0.00 -1.65  0.00  0.00 -1.65 1.000  00  01O000M000  0.000
LEU01A0188_001  0.000  0.92 -3.23  0.90  0.00 -1.41 1.000  00  01O000M000  0.044
GLU01A0189_001  0.000  0.65 -3.82  7.69  0.00  4.51 1.000  00  01O000M000  0.087
GLU01A0189_002  0.000  0.65 -3.82  4.97  0.00  1.79 1.000  00  01O000M000  0.087
GLU02A0189_003  0.000  0.59 -3.81  7.69  0.00  4.47 1.000  00  02O000M000  0.093
GLU02A0189_004  0.000  0.59 -3.81  4.97  0.00  1.75 1.000  00  02O000M000  0.093
GLU-1A0189_005 -1.000  0.47 -3.71  4.97  0.00  1.73 1.000  00  -1O000M000  0.094
SER01A0190_001  0.000  0.00 -1.21  0.47  0.00 -0.74 0.665  00  01O000M000  0.000
SER01A0190_002  0.000  0.00 -1.21  0.47  0.00 -0.74 0.665  00  01O000M000  0.000
SER01A0190_003  0.000  0.00 -1.21  0.09  0.00 -1.12 0.665  00  01O000M000  0.000
ILE01A0191_001  0.000  1.77 -4.43  0.52  0.00 -2.13 1.000  00  01O000M000  0.061
LEU01A0192_001  0.000 -1.61 -2.79  0.53  0.00 -3.88 1.000  00  01O000M000  0.253
HIS01A0193_001  0.000 -6.09 -3.20  0.14  0.00 -9.14 0.751  00  01O000M000  0.519
HIS01A0193_002  0.000 -6.71 -3.40  0.14  0.00 -9.96 0.749  00  01R001M000  0.560
HIS02A0193_003  0.000 -6.11 -3.22  0.14  0.00 -9.18 0.751  00  02O000M000  0.519
HIS02A0193_004  0.000 -6.72 -3.48  0.14  0.00-10.06 0.749  00  02R001M000  0.560
HIS+1A0193_005  1.000 -6.13 -3.23  0.14  0.00 -9.22 0.751  00  +1O000M000  0.519
HIS+1A0193_006  1.000 -6.75 -3.49  0.14  0.00-10.09 0.749  00  +1R001M000  0.560
ARG01A0194_001  0.000 -5.43 -3.89  1.43  0.00 -7.89 1.000  00  01O000M000  0.462
ARG02A0194_002  0.000 -5.47 -3.84  1.43  0.00 -7.88 1.000  00  02O000M000  0.462
ARG03A0194_003  0.000 -5.47 -3.88  1.43  0.00 -7.92 1.000  00  03O000M000  0.462
ARG+1A0194_004  1.000 -5.51 -3.91  1.43  0.00 -7.99 1.000  00  +1O000M000  0.462
ILE01A0195_001  0.000 -0.82 -1.85  0.73  0.00 -1.93 1.000  00  01O000M000  0.211
TYR01A0196_001  0.000  4.29 -8.43  0.07  0.00 -4.08 1.000  00  01O000M000  0.015
TYR-1A0196_002 -1.000  4.29 -8.43  0.07  0.00 -4.08 1.000  00  -1O000M000  0.015
THR01A0197_001  0.000 -0.62  4.95  2.43  0.00  6.76 0.664  00  01O000M000  0.103
THR01A0197_002  0.000 -0.62  4.95  2.43  0.00  6.76 0.664  00  01O000M000  0.103
HIS01A0198_001  0.000 -1.75 -6.87  0.01  0.00 -8.62 0.755  00  01O000M000  0.139
HIS01A0198_002  0.000 -1.48 -7.12  0.01  0.00 -8.59 0.745  00  01R001M000  0.109
HIS02A0198_003  0.000 -1.77 -6.93  0.01  0.00 -8.69 0.755  00  02O000M000  0.139
HIS02A0198_004  0.000 -1.49 -6.94  0.01  0.00 -8.43 0.745  00  02R001M000  0.109
HIS+1A0198_005  1.000 -1.80 -6.98  0.01  0.00 -8.77 0.755  00  +1O000M000  0.139
HIS+1A0198_006  1.000 -1.52 -7.15  0.01  0.00 -8.66 0.745  00  +1R001M000  0.109
GLN01A0199_001  0.000  0.32 -4.08  1.21  0.00 -2.55 0.746  00  01O000M000  0.049
GLN01A0199_002  0.000  0.27 -4.06  1.19  0.00 -2.59 0.754  00  01R001M000  0.049
SER01A0200_001  0.000  0.00 -1.20  0.57  0.00 -0.64 0.668  00  01O000M000  0.000
SER01A0200_002  0.000  0.00 -1.20  0.57  0.00 -0.64 0.668  00  01O000M000  0.000
SER01A0200_003  0.000  0.00 -1.20  0.19  0.00 -1.01 0.668  00  01O000M000  0.000
ASP01A0201_001  0.000  0.02 -1.32  3.09  0.00  1.79 1.000  00  01O000M000  0.000
ASP01A0201_002  0.000  0.02 -1.32  0.37  0.00 -0.93 1.000  00  01O000M000  0.000
ASP02A0201_003  0.000  0.08 -0.69  3.09  0.00  2.48 1.000  00  02O000M000  0.000
ASP02A0201_004  0.000  0.08 -0.69  0.37  0.00 -0.24 1.000  00  02O000M000  0.000
ASP-1A0201_005 -1.000  0.02 -1.72  0.37  0.00 -1.34 1.000  00  -1O000M000  0.000
VAL01A0202_001  0.000  0.71 -1.70  0.10  0.00 -0.89 1.000  00  01O000M000  0.000
TRP01A0203_001  0.000  3.14-12.24  0.01  0.00 -9.10 1.000  00  01O000M000  0.000
SER01A0204_001  0.000 -0.24 -3.13  0.39  0.00 -2.98 0.668  00  01O000M000  0.040
TYR01A0205_001  0.000  4.81 -6.14  0.14  0.00 -1.19 1.000  00  01O000M000  0.000
TYR01A0205_002  0.000  4.81 -6.14  0.14  0.00 -1.19 1.000  00  01O000M000  0.000
TYR-1A0205_003 -1.000  4.81 -6.14  0.14  0.00 -1.19 1.000  00  -1O000M000  0.000
VAL01A0207_001  0.000  0.63 -2.91  0.20  0.00 -2.08 1.000  00  01O000M000  0.000
THR01A0208_001  0.000  0.23 -3.78  0.41  0.00 -3.14 0.665  00  01O000M000  0.000
THR01A0208_002  0.000  0.23 -3.78  0.41  0.00 -3.14 0.665  00  01O000M000  0.000
THR01A0208_003  0.000  0.23 -3.78  0.03  0.00 -3.52 0.665  00  01O000M000  0.000
VAL01A0209_001  0.000  0.56 -0.49  0.13  0.00  0.19 1.000  00  01O000M000  0.000
TRP01A0210_001  0.000  1.94 -9.76  0.03  0.00 -7.80 1.000  00  01O000M000  0.055
GLU01A0211_001  0.000  0.65 -2.50  5.05  0.00  3.20 1.000  00  01O000M000  0.000
GLU01A0211_002  0.000  0.65 -2.50  2.33  0.00  0.48 1.000  00  01O000M000  0.000
GLU02A0211_003  0.000  0.63 -2.88  5.05  0.00  2.81 1.000  00  02O000M000  0.008
GLU02A0211_004  0.000  0.63 -2.88  2.33  0.00  0.09 1.000  00  02O000M000  0.008
GLU-1A0211_005 -1.000  0.55 -2.79  2.33  0.00  0.10 1.000  00  -1O000M000  0.000
LEU01A0212_001  0.000  1.48 -0.98  0.46  0.00  0.95 1.000  00  01O000M000  0.000
MET01A0213_001  0.000  0.05 -0.56  0.29  0.00 -0.22 1.000  00  01O000M000  0.000
THR01A0214_001  0.000 -0.35 -1.72  0.38  0.00 -1.69 0.660  00  01O000M000  0.065
THR01A0214_002  0.000 -0.35 -1.72  0.38  0.00 -1.69 0.660  00  01O000M000  0.065
PHE01A0215_001  0.000  2.48 -5.94  0.00  0.00 -3.46 1.000  00  01O000M000  0.135
SER01A0217_001  0.000 -2.29 -1.13  0.40  0.00 -3.02 0.661  00  01O000M000  0.366
SER01A0217_002  0.000 -2.29 -1.13  0.40  0.00 -3.02 0.661  00  01O000M000  0.366
SER01A0217_003  0.000 -2.29 -1.13  0.03  0.00 -3.39 0.661  00  01O000M000  0.366
LYS01A0218_001  0.000 -6.65 -1.25  0.92  0.00 -6.98 1.000  00  01O000M000  0.593
LYS+1A0218_002  1.000 -6.69 -1.25  0.92  0.00 -7.03 1.000  00  +1O000M000  0.593
PRO01A0219_001  0.000  0.24 -1.06  0.00  0.00 -0.82 1.000  00  01O000M000  0.005
TYR01A0220_001  0.000  4.09 -3.90  0.32  0.00  0.51 1.000  00  01O000M000  0.014
TYR-1A0220_002 -1.000  4.09 -3.90  0.32  0.00  0.51 1.000  00  -1O000M000  0.014
ASP01A0221_001  0.000 -2.29  0.22  3.49  0.00  1.42 1.000  00  01O000M000  0.548
ASP01A0221_002  0.000 -2.29  0.22  0.77  0.00 -1.30 1.000  00  01O000M000  0.548
ASP02A0221_003  0.000 -2.34 -0.38  3.49  0.00  0.78 1.000  00  02O000M000  0.568
ASP02A0221_004  0.000 -2.34 -0.38  0.77  0.00 -1.94 1.000  00  02O000M000  0.568
ASP-1A0221_005 -1.000 -2.27 -0.32  0.77  0.00 -1.83 1.000  00  -1O000M000  0.565
ILE01A0223_001  0.000 -1.27  1.12  0.58  0.00  0.44 1.000  00  01O000M000  0.267
PRO01A0224_001  0.000 -3.83 -1.59  0.00  0.00 -5.42 1.000  00  01O000M000  0.427
ALA01A0225_001  0.000 -2.56 -0.44  0.00  0.00 -3.00 1.000  00  01O000M000  0.473
SER01A0226_001  0.000 -4.60  0.39  0.77  0.00 -3.44 0.667  00  01O000M000  0.766
GLU01A0227_001  0.000 -1.13 -2.44  2.96  0.00 -0.61 1.000  00  01O000M000  0.621
GLU01A0227_002  0.000 -1.13 -2.44  0.24  0.00 -3.33 1.000  00  01O000M000  0.621
GLU02A0227_003  0.000 -1.65 -2.42  2.96  0.00 -1.11 1.000  00  02O000M000  0.655
GLU02A0227_004  0.000 -1.65 -2.42  0.24  0.00 -3.83 1.000  00  02O000M000  0.655
GLU-1A0227_005 -1.000 -1.59 -2.39  0.24  0.00 -3.74 1.000  00  -1O000M000  0.635
ILE01A0228_001  0.000  1.48 -1.41  0.49  0.00  0.56 1.000  00  01O000M000  0.000
SER01A0229_001  0.000 -1.44 -0.45  0.99  0.00 -0.90 0.668  00  01O000M000  0.231
SER01A0229_002  0.000 -1.44 -0.45  0.99  0.00 -0.90 0.668  00  01O000M000  0.231
SER01A0229_003  0.000 -1.44 -0.45  0.62  0.00 -1.28 0.668  00  01O000M000  0.231
SER01A0230_001  0.000 -3.24 -1.52  1.47  0.00 -3.29 0.665  00  01O000M000  0.535
SER01A0230_002  0.000 -3.24 -1.52  1.47  0.00 -3.29 0.665  00  01O000M000  0.535
ILE01A0231_001  0.000  3.73  0.40  1.46  0.00  5.58 1.000  00  01O000M000  0.075
LEU01A0232_001  0.000  1.61 -4.84  0.42  0.00 -2.80 1.000  00  01O000M000  0.004
GLU01A0233_001  0.000 -1.58 -3.34  4.63  0.00 -0.29 1.000  00  01O000M000  0.466
GLU01A0233_002  0.000 -1.58 -3.34  1.91  0.00 -3.01 1.000  00  01O000M000  0.466
GLU02A0233_003  0.000 -1.68 -3.53  4.63  0.00 -0.58 1.000  00  02O000M000  0.486
GLU02A0233_004  0.000 -1.68 -3.53  1.91  0.00 -3.30 1.000  00  02O000M000  0.486
GLU-1A0233_005 -1.000 -1.69 -3.50  1.91  0.00 -3.28 1.000  00  -1O000M000  0.473
LYS01A0234_001  0.000 -8.07 -2.28  1.30  0.00 -9.05 1.000  00  01O000M000  0.703
LYS+1A0234_002  1.000 -8.11 -2.29  1.30  0.00 -9.11 1.000  00  +1O000M000  0.703
GLU01A0236_001  0.000 -0.63 -2.24  2.98  0.00  0.11 1.000  00  01O000M000  0.449
GLU01A0236_002  0.000 -0.63 -2.24  0.26  0.00 -2.61 1.000  00  01O000M000  0.449
GLU02A0236_003  0.000 -0.96 -2.23  2.98  0.00 -0.21 1.000  00  02O000M000  0.449
GLU02A0236_004  0.000 -0.96 -2.23  0.26  0.00 -2.93 1.000  00  02O000M000  0.449
GLU-1A0236_005 -1.000 -0.94 -2.19  0.26  0.00 -2.88 1.000  00  -1O000M000  0.448
ARG01A0237_001  0.000  1.18  1.47  3.24  0.00  5.88 1.000  00  01O000M000  0.088
ARG02A0237_002  0.000  1.15  1.40  3.24  0.00  5.79 1.000  00  02O000M000  0.088
ARG03A0237_003  0.000  1.14  1.43  3.24  0.00  5.81 1.000  00  03O000M000  0.088
ARG+1A0237_004  1.000  1.10  1.34  3.24  0.00  5.68 1.000  00  +1O000M000  0.088
LEU01A0238_001  0.000  2.02 -3.47  0.85  0.00 -0.60 1.000  00  01O000M000  0.000
PRO01A0239_001  0.000 -4.95 -0.94  0.00  0.00 -5.89 1.000  00  01O000M000  0.572
GLN01A0240_001  0.000 -0.47 -4.44  0.63  0.00 -4.28 0.753  00  01O000M000  0.409
GLN01A0240_002  0.000  0.39 -4.37  0.63  0.00 -3.35 0.747  00  01R001M000  0.436
PRO01A0241_001  0.000  0.27 -3.25  0.00  0.00 -2.98 1.000  00  01O000M000  0.000
PRO01A0242_001  0.000 -5.98  0.31  0.00  0.00 -5.67 1.000  00  01O000M000  0.644
ILE01A0243_001  0.000  2.77 -1.06  0.93  0.00  2.64 1.000  00  01O000M000  0.067
CYS01A0244_001  0.000 -0.00 -3.61  0.27  0.00 -3.35 1.000  00  01O000M000  0.000
CYS01A0244_002  0.000 -0.00 -3.65  0.27  0.00 -3.39 1.000  00  01O000M000  0.000
CYS01A0244_003  0.000 -0.00 -3.61  0.27  0.00 -3.34 1.000  00  01O000M000  0.000
CYS-1A0244_004 -1.000  0.00 -3.57  0.27  0.00 -3.31 1.000  00  -1O000M000  0.000
THR01A0245_001  0.000 -1.03  2.15  0.50  0.00  1.61 0.663  00  01O000M000  0.147
THR01A0245_002  0.000 -1.03  2.15  0.50  0.00  1.61 0.663  00  01O000M000  0.147
ILE01A0246_001  0.000 -5.88  0.63  0.53  0.00 -4.72 1.000  00  01O000M000  0.638
ASP01A0247_001  0.000 -1.37 -0.57  3.63  0.00  1.68 1.000  00  01O000M000  0.391
ASP01A0247_002  0.000 -1.37 -0.57  0.91  0.00 -1.04 1.000  00  01O000M000  0.391
ASP02A0247_003  0.000 -1.39 -0.93  3.63  0.00  1.31 1.000  00  02O000M000  0.410
ASP02A0247_004  0.000 -1.39 -0.93  0.91  0.00 -1.41 1.000  00  02O000M000  0.410
ASP-1A0247_005 -1.000 -1.43 -0.90  0.91  0.00 -1.42 1.000  00  -1O000M000  0.404
VAL01A0248_001  0.000  0.66 -1.10  0.15  0.00 -0.29 1.000  00  01O000M000  0.000
TYR01A0249_001  0.000  2.00 -7.19  0.07  0.00 -5.12 1.000  00  01O000M000  0.174
TYR01A0249_002  0.000  2.00 -7.19  0.07  0.00 -5.12 1.000  00  01O000M000  0.174
TYR-1A0249_003 -1.000  2.00 -7.19  0.07  0.00 -5.12 1.000  00  -1O000M000  0.174
MET01A0250_001  0.000 -5.87  0.34  3.23  0.00 -2.29 1.000  00  01O000M000  0.521
ILE01A0251_001  0.000  2.19 -0.31  0.56  0.00  2.44 1.000  00  01O000M000  0.005
MET01A0252_001  0.000  0.24 -6.89  2.65  0.00 -4.00 1.000  00  01O000M000  0.000
VAL01A0253_001  0.000 -2.15 -0.29  0.11  0.00 -2.33 1.000  00  01O000M000  0.280
LYS01A0254_001  0.000 -3.57 -3.87  2.12  0.00 -5.32 1.000  00  01O000M000  0.361
LYS+1A0254_002  1.000 -3.62 -3.87  2.12  0.00 -5.37 1.000  00  +1O000M000  0.361
CYS01A0255_001  0.000 -0.00 -3.20  0.25  0.00 -2.95 1.000  00  01O000M000  0.000
CYS01A0255_002  0.000 -0.00 -3.27  0.25  0.00 -3.02 1.000  00  01O000M000  0.000
CYS01A0255_003  0.000 -0.00 -3.21  0.25  0.00 -2.96 1.000  00  01O000M000  0.000
CYS-1A0255_004 -1.000  0.00 -3.14  0.25  0.00 -2.89 1.000  00  -1O000M000  0.000
TRP01A0256_001  0.000  3.02-11.51  0.05  0.00 -8.45 1.000  00  01O000M000  0.000
MET01A0257_001  0.000 -2.97 -4.82  4.68  0.00 -3.11 1.000  00  01O000M000  0.359
ILE01A0258_001  0.000 -2.86  0.63  0.67  0.00 -1.56 1.000  00  01O000M000  0.489
ASP01A0259_001  0.000 -2.20 -2.72  4.32  0.00 -0.60 1.000  00  01O000M000  0.589
ASP01A0259_002  0.000 -2.20 -2.72  1.60  0.00 -3.32 1.000  00  01O000M000  0.589
ASP02A0259_003  0.000 -2.10 -2.75  4.32  0.00 -0.54 1.000  00  02O000M000  0.568
ASP02A0259_004  0.000 -2.10 -2.75  1.60  0.00 -3.26 1.000  00  02O000M000  0.568
ASP-1A0259_005 -1.000 -2.11 -2.71  1.60  0.00 -3.22 1.000  00  -1O000M000  0.574
ALA01A0260_001  0.000 -0.93 -0.88  0.00  0.00 -1.81 1.000  00  01O000M000  0.165
ASP01A0261_001  0.000 -2.12 -0.88  3.45  0.00  0.45 1.000  00  01O000M000  0.553
ASP01A0261_002  0.000 -2.12 -0.88  0.73  0.00 -2.27 1.000  00  01O000M000  0.553
ASP02A0261_003  0.000 -2.15 -1.04  3.45  0.00  0.26 1.000  00  02O000M000  0.572
ASP02A0261_004  0.000 -2.15 -1.04  0.73  0.00 -2.46 1.000  00  02O000M000  0.572
ASP-1A0261_005 -1.000 -2.12 -1.01  0.73  0.00 -2.40 1.000  00  -1O000M000  0.562
SER01A0262_001  0.000 -2.13 -1.43  0.40  0.00 -3.16 0.668  00  01O000M000  0.365
SER01A0262_002  0.000 -2.13 -1.43  0.40  0.00 -3.16 0.668  00  01O000M000  0.365
ARG01A0263_001  0.000  2.69 -6.87  4.54  0.00  0.36 1.000  00  01O000M000  0.000
ARG02A0263_002  0.000  2.64 -6.91  4.54  0.00  0.28 1.000  00  02O000M000  0.000
ARG02A0263_003  0.000  2.70 -6.75  4.54  0.00  0.49 1.000  00  02O000M000  0.000
ARG03A0263_004  0.000  2.64 -6.95  4.54  0.00  0.23 1.000  00  03O000M000  0.000
ARG03A0263_005  0.000  2.64 -6.86  4.54  0.00  0.33 1.000  00  03O000M000  0.000
ARG+1A0263_006  1.000  2.60 -7.00  4.54  0.00  0.14 1.000  00  +1O000M000  0.000
PRO01A0264_001  0.000  0.05 -3.20  0.00  0.00 -3.15 1.000  00  01O000M000  0.026
LYS01A0265_001  0.000 -2.02 -1.67  3.02  0.00 -0.68 1.000  00  01O000M000  0.227
LYS+1A0265_002  1.000 -2.07 -1.68  3.02  0.00 -0.73 1.000  00  +1O000M000  0.227
PHE01A0266_001  0.000  4.48 -9.33  0.60  0.00 -4.25 1.000  00  01O000M000  0.000
ARG01A0267_001  0.000 -6.45 -1.84  0.41  0.00 -7.89 1.000  00  01O000M000  0.547
ARG02A0267_002  0.000 -6.46 -1.84  0.41  0.00 -7.90 1.000  00  02O000M000  0.547
ARG02A0267_003  0.000 -6.38 -1.84  0.41  0.00 -7.81 1.000  00  02O000M000  0.547
ARG03A0267_004  0.000 -6.47 -1.85  0.41  0.00 -7.91 1.000  00  03O000M000  0.547
ARG03A0267_005  0.000 -6.47 -1.85  0.41  0.00 -7.91 1.000  00  03O000M000  0.547
ARG+1A0267_006  1.000 -6.51 -1.85  0.41  0.00 -7.96 1.000  00  +1O000M000  0.547
GLU01A0268_001  0.000 -0.52 -3.34  3.13  0.00 -0.73 1.000  00  01O000M000  0.487
GLU01A0268_002  0.000 -0.52 -3.34  0.41  0.00 -3.45 1.000  00  01O000M000  0.487
GLU02A0268_003  0.000 -0.88 -3.34  3.13  0.00 -1.08 1.000  00  02O000M000  0.485
GLU02A0268_004  0.000 -0.88 -3.34  0.41  0.00 -3.80 1.000  00  02O000M000  0.485
GLU-1A0268_005 -1.000 -0.82 -3.31  0.41  0.00 -3.72 1.000  00  -1O000M000  0.484
LEU01A0269_001  0.000  2.09 -4.75  1.10  0.00 -1.57 1.000  00  01O000M000  0.000
ILE01A0270_001  0.000  1.79 -1.12  0.94  0.00  1.61 1.000  00  01O000M000  0.052
ILE01A0271_001  0.000  0.91 -1.75  0.77  0.00 -0.07 1.000  00  01O000M000  0.103
GLU01A0272_001  0.000 -0.92 -2.80  5.03  0.00  1.30 1.000  00  01O000M000  0.321
GLU01A0272_002  0.000 -0.92 -2.80  2.31  0.00 -1.42 1.000  00  01O000M000  0.321
GLU02A0272_003  0.000 -1.15 -2.72  5.03  0.00  1.15 1.000  00  02O000M000  0.352
GLU02A0272_004  0.000 -1.15 -2.72  2.31  0.00 -1.57 1.000  00  02O000M000  0.352
GLU-1A0272_005 -1.000 -0.99 -2.75  2.31  0.00 -1.44 1.000  00  -1O000M000  0.317
PHE01A0273_001  0.000  4.70 -5.76  1.04  0.00 -0.02 1.000  00  01O000M000  0.000
SER01A0274_001  0.000 -0.24 -1.76  0.89  0.00 -1.10 0.670  00  01O000M000  0.040
SER01A0274_002  0.000 -0.24 -1.76  0.89  0.00 -1.10 0.670  00  01O000M000  0.040
SER01A0274_003  0.000 -0.24 -1.76  0.52  0.00 -1.48 0.670  00  01O000M000  0.040
LYS01A0275_001  0.000 -3.85 -3.55  1.08  0.00 -6.32 1.000  00  01O000M000  0.349
LYS+1A0275_002  1.000 -3.89 -3.56  1.08  0.00 -6.37 1.000  00  +1O000M000  0.349
MET01A0276_001  0.000 -0.41 -5.40  0.23  0.00 -5.58 1.000  00  01O000M000  0.032
ALA01A0277_001  0.000  0.00 -1.78  0.00  0.00 -1.78 1.000  00  01O000M000  0.000
ARG01A0278_001  0.000  0.12 -6.03  0.82  0.00 -5.09 1.000  00  01O000M000  0.110
ARG02A0278_002  0.000  0.08 -6.01  0.82  0.00 -5.10 1.000  00  02O000M000  0.110
ARG03A0278_003  0.000  0.08 -6.02  0.82  0.00 -5.12 1.000  00  03O000M000  0.110
ARG+1A0278_004  1.000  0.04 -6.08  0.82  0.00 -5.22 1.000  00  +1O000M000  0.110
ASP01A0279_001  0.000 -2.20  0.90  2.86  0.00  1.57 1.000  00  01O000M000  0.511
ASP01A0279_002  0.000 -2.20  0.90  0.14  0.00 -1.15 1.000  00  01O000M000  0.511
ASP02A0279_003  0.000 -2.19  0.27  2.86  0.00  0.94 1.000  00  02O000M000  0.521
ASP02A0279_004  0.000 -2.19  0.27  0.14  0.00 -1.78 1.000  00  02O000M000  0.521
ASP-1A0279_005 -1.000 -2.19  0.33  0.14  0.00 -1.72 1.000  00  -1O000M000  0.514
PRO01A0280_001  0.000 -0.57 -4.03  0.00  0.00 -4.60 1.000  00  01O000M000  0.093
GLN01A0281_001  0.000 -0.72 -2.30  3.25  0.00  0.22 0.000  00  01O000M000  0.425
GLN01A0281_002  0.000 -0.69 -2.19  3.29  0.00  0.41 1.000  00  01R001M000  0.442
ARG01A0282_001  0.000 -7.11  0.48  1.28  0.00 -5.36 1.000  00  01O000M000  0.607
ARG02A0282_002  0.000 -7.15  0.47  1.28  0.00 -5.40 1.000  00  02O000M000  0.607
ARG03A0282_003  0.000 -7.16  0.47  1.28  0.00 -5.41 1.000  00  03O000M000  0.607
ARG+1A0282_004  1.000 -7.20  0.47  1.28  0.00 -5.45 1.000  00  +1O000M000  0.607
TYR01A0283_001  0.000  2.56 -6.55  0.00  0.00 -3.98 1.000  00  01O000M000  0.118
TYR01A0283_002  0.000  2.56 -6.55  0.00  0.00 -3.98 1.000  00  01O000M000  0.118
TYR-1A0283_003 -1.000  2.56 -6.55  0.00  0.00 -3.98 1.000  00  -1O000M000  0.118
LEU01A0284_001  0.000  1.41 -5.95  0.44  0.00 -4.10 1.000  00  01O000M000  0.000
VAL01A0285_001  0.000 -4.27  0.06  0.03  0.00 -4.18 1.000  00  01O000M000  0.482
ILE01A0286_001  0.000  1.44 -4.55  0.67  0.00 -2.44 1.000  00  01O000M000  0.031
GLN01A0287_001  0.000 -3.35 -1.55  0.59  0.00 -4.31 0.749  00  01O000M000  0.815
GLN01A0287_002  0.000 -3.07 -1.48  0.58  0.00 -3.97 0.751  00  01R001M000  0.821
ASP01A0289_001  0.000  0.07  1.01  3.51  0.00  4.59 1.000  00  01O000M000  0.008
ASP01A0289_002  0.000  0.07  1.01  0.79  0.00  1.87 1.000  00  01O000M000  0.008
ASP02A0289_003  0.000  0.15  0.43  3.51  0.00  4.09 1.000  00  02O000M000  0.008
ASP02A0289_004  0.000  0.15  0.43  0.79  0.00  1.37 1.000  00  02O000M000  0.008
ASP-1A0289_005 -1.000  0.07  0.56  0.79  0.00  1.42 1.000  00  -1O000M000  0.008
GLU01A0290_001  0.000 -1.58 -1.89  5.37  0.00  1.90 1.000  00  01O000M000  0.542
GLU01A0290_002  0.000 -1.58 -1.89  2.65  0.00 -0.82 1.000  00  01O000M000  0.542
GLU02A0290_003  0.000 -1.66 -1.68  5.37  0.00  2.04 1.000  00  02O000M000  0.544
GLU02A0290_004  0.000 -1.66 -1.68  2.65  0.00 -0.68 1.000  00  02O000M000  0.544
GLU-1A0290_005 -1.000 -1.67 -1.81  2.65  0.00 -0.82 1.000  00  -1O000M000  0.545
ARG01A0291_001  0.000 -4.66 -1.51  2.58  0.00 -3.60 1.000  00  01O000M000  0.614
ARG02A0291_002  0.000 -4.58 -1.42  2.58  0.00 -3.43 1.000  00  02O000M000  0.614
ARG03A0291_003  0.000 -4.70 -1.50  2.58  0.00 -3.62 1.000  00  03O000M000  0.614
ARG+1A0291_004  1.000 -4.74 -1.52  2.58  0.00 -3.68 1.000  00  +1O000M000  0.614
MET01A0292_001  0.000 -0.37 -9.46  0.26  0.00 -9.57 1.000  00  01O000M000  0.026
HIS01A0293_001  0.000 -3.43 -8.62  0.02  0.00-12.03 0.000  00  01O000M000  0.282
HIS01A0293_002  0.000 -3.25 -8.53  0.02  0.00-11.76 1.000  00  01R001M000  0.264
HIS02A0293_003  0.000 -3.45 -8.69  0.02  0.00-12.11 0.000  00  02O000M000  0.282
HIS02A0293_004  0.000 -3.27 -8.59  0.02  0.00-11.84 1.000  00  02R001M000  0.264
HIS+1A0293_005  1.000 -3.48 -8.73  0.02  0.00-12.18 0.000  00  +1O000M000  0.282
HIS+1A0293_006  1.000 -3.29 -8.61  0.02  0.00-11.89 1.000  00  +1R001M000  0.264
LEU01A0294_001  0.000 -2.87 -3.25  0.80  0.00 -5.32 1.000  00  01O000M000  0.388
PRO01A0295_001  0.000  0.30 -2.46  0.00  0.00 -2.15 1.000  00  01O000M000  0.000
SER01A0296_001  0.000 -3.40 -0.89  0.58  0.00 -3.72 0.665  00  01O000M000  0.553
SER01A0296_002  0.000 -3.40 -0.89  0.20  0.00 -4.09 0.665  00  01O000M000  0.553
PRO01A0297_001  0.000 -4.79 -0.31  0.00  0.00 -5.10 1.000  00  01O000M000  0.528
THR01A0298_001  0.000 -1.48 -0.65  0.63  0.00 -1.50 0.669  00  01O000M000  0.187
THR01A0298_002  0.000 -1.48 -0.65  0.63  0.00 -1.50 0.669  00  01O000M000  0.187
THR01A0298_003  0.000 -1.48 -0.65  0.25  0.00 -1.87 0.669  00  01O000M000  0.187
ASP01A0299_001  0.000 -2.89  0.53  3.81  0.00  1.45 1.000  00  01O000M000  0.671
ASP01A0299_002  0.000 -2.89  0.53  1.09  0.00 -1.27 1.000  00  01O000M000  0.671
ASP02A0299_003  0.000 -2.88  0.01  3.81  0.00  0.94 1.000  00  02O000M000  0.692
ASP02A0299_004  0.000 -2.88  0.01  1.09  0.00 -1.78 1.000  00  02O000M000  0.692
ASP-1A0299_005 -1.000 -2.80  0.05  1.09  0.00 -1.66 1.000  00  -1O000M000  0.674
SER01A0300_001  0.000 -0.05 -1.42  0.99  0.00 -0.48 0.666  00  01O000M000  0.008
SER01A0300_002  0.000 -0.05 -1.42  0.99  0.00 -0.48 0.666  00  01O000M000  0.008
SER01A0300_003  0.000 -0.05 -1.42  0.62  0.00 -0.85 0.666  00  01O000M000  0.008
ASN01A0301_001  0.000 -0.04 -4.05  0.74  0.00 -3.35 0.749  00  01O000M000  0.085
ASN01A0301_002  0.000 -0.31 -2.82  0.73  0.00 -2.40 0.751  00  01R001M000  0.097
PHE01A0302_001  0.000 -3.10  0.08  0.88  0.00 -2.14 1.000  00  01O000M000  0.553
TYR01A0303_001  0.000 -0.90 -5.16  0.03  0.00 -6.04 1.000  00  01O000M000  0.358
TYR-1A0303_002 -1.000 -0.90 -5.16  0.03  0.00 -6.04 1.000  00  -1O000M000  0.358
ARG01A0304_001  0.000  0.89  1.34  0.52  0.00  2.75 1.000  00  01O000M000  0.093
ARG02A0304_002  0.000  0.86  1.34  0.52  0.00  2.72 1.000  00  02O000M000  0.093
ARG03A0304_003  0.000  0.87  1.26  0.52  0.00  2.65 1.000  00  03O000M000  0.093
ARG+1A0304_004  1.000  0.82  1.24  0.52  0.00  2.58 1.000  00  +1O000M000  0.093
ALA01A0305_001  0.000 -3.19 -1.02  0.00  0.00 -4.21 1.000  00  01O000M000  0.590
LEU01A0306_001  0.000 -4.23 -2.33  0.49  0.00 -6.07 1.000  00  01O000M000  0.499
MET01A0307_001  0.000 -2.63 -2.73  1.61  0.00 -3.75 1.000  00  01O000M000  0.222
ASP01A0308_001  0.000 -2.82 -0.75  3.12  0.00 -0.45 1.000  00  01O000M000  0.686
ASP01A0308_002  0.000 -2.82 -0.75  0.40  0.00 -3.17 1.000  00  01O000M000  0.686
ASP02A0308_003  0.000 -2.73 -1.06  3.12  0.00 -0.68 1.000  00  02O000M000  0.688
ASP02A0308_004  0.000 -2.73 -1.06  0.40  0.00 -3.40 1.000  00  02O000M000  0.688
ASP-1A0308_005 -1.000 -2.76 -1.02  0.40  0.00 -3.38 1.000  00  -1O000M000  0.692
GLU01A0309_001  0.000 -2.67 -0.83  3.17  0.00 -0.33 1.000  00  01O000M000  0.924
GLU01A0309_002  0.000 -2.67 -0.83  0.45  0.00 -3.05 1.000  00  01O000M000  0.924
GLU02A0309_003  0.000 -3.01 -0.82  3.17  0.00 -0.66 1.000  00  02O000M000  0.916
GLU02A0309_004  0.000 -3.01 -0.82  0.45  0.00 -3.38 1.000  00  02O000M000  0.916
GLU-1A0309_005 -1.000 -3.01 -0.80  0.45  0.00 -3.36 1.000  00  -1O000M000  0.917
GLU01A0310_001  0.000 -1.87 -1.12  3.03  0.00  0.04 1.000  00  01O000M000  0.800
GLU01A0310_002  0.000 -1.87 -1.12  0.31  0.00 -2.68 1.000  00  01O000M000  0.800
GLU02A0310_003  0.000 -2.21 -1.11  3.03  0.00 -0.29 1.000  00  02O000M000  0.803
GLU02A0310_004  0.000 -2.21 -1.11  0.31  0.00 -3.01 1.000  00  02O000M000  0.803
GLU-1A0310_005 -1.000 -2.16 -1.09  0.31  0.00 -2.94 1.000  00  -1O000M000  0.802
ASP01A0311_001  0.000 -2.75 -1.49  3.05  0.00 -1.19 1.000  00  01O000M000  0.651
ASP01A0311_002  0.000 -2.75 -1.49  0.33  0.00 -3.91 1.000  00  01O000M000  0.651
ASP02A0311_003  0.000 -2.44 -1.84  3.05  0.00 -1.23 1.000  00  02O000M000  0.612
ASP02A0311_004  0.000 -2.44 -1.84  0.33  0.00 -3.95 1.000  00  02O000M000  0.612
ASP-1A0311_005 -1.000 -2.54 -1.78  0.33  0.00 -3.99 1.000  00  -1O000M000  0.622
MET01A0312_001  0.000 -3.14 -7.41  0.90  0.00 -9.65 1.000  00  01O000M000  0.271
ASP01A0313_001  0.000 -3.05 -1.30  3.58  0.00 -0.77 1.000  00  01O000M000  0.739
ASP01A0313_002  0.000 -3.05 -1.30  0.86  0.00 -3.49 1.000  00  01O000M000  0.739
ASP02A0313_003  0.000 -2.90 -1.58  3.58  0.00 -0.90 1.000  00  02O000M000  0.729
ASP02A0313_004  0.000 -2.90 -1.58  0.86  0.00 -3.62 1.000  00  02O000M000  0.729
ASP-1A0313_005 -1.000 -3.01 -1.51  0.86  0.00 -3.66 1.000  00  -1O000M000  0.732
ASP01A0314_001  0.000 -3.21 -0.72  3.64  0.00 -0.29 1.000  00  01O000M000  0.812
ASP01A0314_002  0.000 -3.21 -0.72  0.92  0.00 -3.01 1.000  00  01O000M000  0.812
ASP02A0314_003  0.000 -2.97 -0.78  3.64  0.00 -0.11 1.000  00  02O000M000  0.785
ASP02A0314_004  0.000 -2.97 -0.78  0.92  0.00 -2.83 1.000  00  02O000M000  0.785
ASP-1A0314_005 -1.000 -3.00 -0.75  0.92  0.00 -2.83 1.000  00  -1O000M000  0.777
VAL01A0315_001  0.000 -0.47  4.64  0.04  0.00  4.21 1.000  00  01O000M000  0.134
VAL01A0316_001  0.000 -0.91  0.27  0.01  0.00 -0.62 1.000  00  01O000M000  0.159
ASP01A0317_001  0.000 -0.18 -1.98  2.82  0.00  0.66 1.000  00  01O000M000  0.057
ASP01A0317_002  0.000 -0.18 -1.98  0.10  0.00 -2.06 1.000  00  01O000M000  0.057
ASP02A0317_003  0.000 -0.14 -2.72  2.82  0.00 -0.03 1.000  00  02O000M000  0.065
ASP02A0317_004  0.000 -0.14 -2.72  0.10  0.00 -2.75 1.000  00  02O000M000  0.065
ASP-1A0317_005 -1.000 -0.17 -2.63  0.10  0.00 -2.70 1.000  00  -1O000M000  0.056
ALA01A0318_001  0.000 -4.26 -0.42  0.00  0.00 -4.68 1.000  00  01O000M000  0.761
ASP01A0319_001  0.000 -2.77 -0.46  3.15  0.00 -0.08 1.000  00  01O000M000  0.655
ASP01A0319_002  0.000 -2.77 -0.46  0.43  0.00 -2.80 1.000  00  01O000M000  0.655
ASP02A0319_003  0.000 -2.54 -0.79  3.15  0.00 -0.19 1.000  00  02O000M000  0.622
ASP02A0319_004  0.000 -2.54 -0.79  0.43  0.00 -2.91 1.000  00  02O000M000  0.622
ASP-1A0319_005 -1.000 -2.61 -0.75  0.43  0.00 -2.93 1.000  00  -1O000M000  0.637
GLU01A0320_001  0.000  2.52 -0.79  3.21  0.00  4.94 1.000  00  01O000M000  0.039
GLU01A0320_002  0.000  2.52 -0.79  0.49  0.00  2.22 1.000  00  01O000M000  0.039
GLU02A0320_003  0.000  1.98 -0.75  3.21  0.00  4.43 1.000  00  02O000M000  0.041
GLU02A0320_004  0.000  1.98 -0.75  0.49  0.00  1.71 1.000  00  02O000M000  0.041
GLU-1A0320_005 -1.000  1.91 -0.70  0.49  0.00  1.70 1.000  00  -1O000M000  0.039
TYR01A0321_001  0.000 -3.29 -2.36  2.02  0.00 -3.63 1.000  00  01O000M000  0.525
TYR-1A0321_002 -1.000 -3.29 -2.36  2.02  0.00 -3.63 1.000  00  -1O000M000  0.525
