  pH           7
TYR-A0005_ -0.00
CYS-A0006_ -0.01
LYS+A0010_  1.00
ASP-A0016_ -1.00
LYS+A0018_  1.00
GLU-A0019_ -1.00
ARG+A0022_  1.00
LYS+A0023_  1.00
ARG+A0029_  1.00
HIS+A0033_  0.30
GLU-A0038_ -1.00
TYR-A0040_ -0.00
GLU-A0041_ -1.00
ASP-A0050_ -1.00
LYS+A0059_  1.00
GLU-A0063_ -1.00
CYS-A0065_ -0.00
GLU-A0067_ -1.00
ASP-A0069_ -1.00
GLU-A0070_ -1.00
ASP-A0072_ -1.00
GLU-A0076_ -1.00
LYS+A0082_  1.00
HIS+A0085_  0.00
ARG+A0090_  1.00
CYS-A0091_ -0.00
ARG+A0101_  1.00
GLU-A0106_ -1.00
ASP-A0112_ -1.00
LYS+A0114_  0.98
ARG+A0118_  1.00
GLU-A0119_ -1.00
ARG+A0121_  1.00
ARG+A0123_  1.00
ASP-A0134_ -1.00
HIS+A0137_  0.33
ARG+A0140_  1.00
ASP-A0141_ -0.98
CYS-A0144_ -0.00
CYS-A0146_ -0.00
TYR-A0148_ -0.00
GLU-A0150_ -1.00
GLU-A0151_ -0.99
HIS+A0153_  0.68
HIS+A0156_  0.00
ARG+A0157_  1.00
ASP-A0158_ -1.00
ARG+A0162_  1.00
CYS-A0164_ -0.00
CYS-A0168_ -0.02
ARG+A0173_  1.00
LYS+A0176_  1.00
ASP-A0179_ -0.99
ARG+A0184_  1.00
ASP-A0185_ -1.00
TYR-A0187_ -0.00
ARG+A0188_  1.00
TYR-A0191_ -0.01
TYR-A0192_ -0.00
ARG+A0193_  1.00
LYS+A0194_  1.00
CYS-A0197_ -0.10
LYS+A0203_  1.00
GLU-A0208_ -1.00
GLU-A0212_ -0.99
LYS+A0218_  1.00
ASP-A0220_ -1.00
GLU-A0230_ -1.00
TYR-A0236_ -0.11
TYR-A0239_ -0.00
LYS+A0242_  1.00
GLU-A0246_ -1.00
GLU-A0249_ -1.00
ARG+A0256_  1.00
ASP-A0258_ -1.00
LYS+A0261_  1.00
CYS-A0263_ -0.00
TYR-A0268_ -0.00
ARG+A0269_  1.00
CYS-A0274_ -0.00
HIS+A0277_  0.04
GLU-A0280_ -1.00
ASP-A0281_ -1.00
ARG+A0282_  1.00
GLU-A0290_ -0.99
ARG+A0291_  1.00
GLU-A0293_ -1.00
TYR-A0294_ -0.00
CYS-A0295_ -0.00
ASP-A0298_ -1.00
ASP-A0300_ -1.00
GLU-A0309_ -1.00
TYR-A0310_ -0.00
VGH+B0001_  0.00
----------
Net_Charge -3.87
Protons    -3.87
Electrons   0.00
