iConf CONFORMER     FL  occ    crg   Em0  pKa0 ne nH    vdw0    vdw1    tors    epol   dsolv   extra    history
00001 ASN01A0002_001 f 0.00  0.000     0  0.00  0  0  -2.009  -0.800   1.186   0.008   0.653   0.000 01O000M000t
00002 ASN01A0002_002 f 0.00  0.000     0  0.00  0  0  -2.187  -0.182   1.208   0.574  -0.155   0.000 01R001M000t
00003 ASN01A0003_001 f 0.00  0.000     0  0.00  0  0  -1.869   0.192   0.587   0.104   0.166   0.000 01O000M000t
00004 ASN01A0003_002 f 0.00  0.000     0  0.00  0  0  -2.155   1.197   0.591   0.331   0.184   0.000 01R001M000t
00005 TYR01A0004_001 f 0.00  0.000     0  0.00  0  0  -6.957  -3.499   0.073   0.268   0.113   0.000 01O000M000t
00006 TYR-1A0004_002 f 0.00 -1.000     0 10.20  0 -1  -6.957  -3.499   0.073  -0.087  -0.380   0.000 -1O000M000t
00007 VAL01A0005_001 f 0.00  0.000     0  0.00  0  0  -5.281  -0.568   0.054   0.000   0.000   0.000 01O000M000t
00008 TYR01A0006_001 f 0.00  0.000     0  0.00  0  0  -4.280  -4.091   0.712   0.088   0.383   0.000 01O000M000t
00009 TYR-1A0006_002 f 0.00 -1.000     0 10.20  0 -1  -4.280  -4.091   0.712  -0.269   0.648   0.000 -1O000M000t
00010 ILE01A0007_001 f 0.00  0.000     0  0.00  0  0   0.977   3.002   0.846   0.000   0.000   0.000 01O000M000t
00011 ASP01A0008_001 f 0.00  0.000     0  0.00  0  0  -1.543   0.993   2.727   3.331   1.331   0.000 01O000M000t
00012 ASP01A0008_002 f 0.00  0.000     0  0.00  0  0  -1.543   0.993   0.007   0.015   0.987   0.000 01O000M000t
00013 ASP02A0008_003 f 0.00  0.000     0  0.00  0  0  -1.561   0.051   2.727  -1.167   0.541   0.000 02O000M000t
00014 ASP02A0008_004 f 0.00  0.000     0  0.00  0  0  -1.561   0.051   0.007  -1.115   1.326   0.000 02O000M000t
00015 ASP-1A0008_005 f 0.00 -1.000     0  4.75  0 -1  -1.556   0.112   0.007  -4.043   3.387   0.000 -1O000M000t
00016 PRO01A0009_001 f 0.00  0.000     0  0.00  0  0  -1.615  -1.856   0.000   0.000   0.000   0.000 01O000M000t
00017 THR01A0010_001 f 0.00  0.000     0  0.00  0  0  -3.980   0.019   0.413   0.845   1.207   0.000 01O000M000t
00018 THR01A0010_002 f 0.00  0.000     0  0.00  0  0  -3.980   0.019   0.038  -1.397   0.374   0.000 01O000M000t
00019 GLN01A0011_001 f 0.00  0.000     0  0.00  0  0  -2.657  -2.016   0.657   0.276   0.296   0.000 01O000M000t
00020 GLN01A0011_002 f 0.00  0.000     0  0.00  0  0  -2.391  -1.949   0.656   0.057  -0.078   0.000 01R001M000t
00021 LEU01A0012_001 f 0.00  0.000     0  0.00  0  0   0.292  -6.344   0.534   0.000   0.000   0.000 01O000M000t
00022 PRO01A0013_001 f 0.00  0.000     0  0.00  0  0  -6.061   2.339   0.000   0.000   0.000   0.000 01O000M000t
00023 TYR01A0014_001 f 0.00  0.000     0  0.00  0  0   2.459  -6.248   0.095   0.282   2.423   0.000 01O000M000t
00024 TYR01A0014_002 f 0.00  0.000     0  0.00  0  0   2.459  -6.248   0.095   0.412   2.546   0.000 01O000M000t
00025 TYR-1A0014_003 f 0.00 -1.000     0 10.20  0 -1   2.459  -6.248   0.095  -1.214  11.907   0.000 -1O000M000t
00026 ASP01A0015_001 f 0.00  0.000     0  0.00  0  0  -2.556  11.161   2.776   2.581   0.867   0.000 01O000M000t
00027 ASP01A0015_002 f 0.00  0.000     0  0.00  0  0  -2.556  11.161   0.056  -0.030   0.865   0.000 01O000M000t
00028 ASP02A0015_003 f 0.00  0.000     0  0.00  0  0  -2.353   7.894   2.776  -0.863   0.414   0.000 02O000M000t
00029 ASP02A0015_004 f 0.00  0.000     0  0.00  0  0  -2.353   7.894   0.056  -0.808   1.129   0.000 02O000M000t
00030 ASP-1A0015_005 f 0.00 -1.000     0  4.75  0 -1  -2.396   7.963   0.056  -4.039   2.961   0.000 -1O000M000t
00031 HIS01A0016_001 f 0.00  0.000     0  0.00  0  0  -8.458   0.150   0.039   0.533   1.360   0.000 01O000M000t
00032 HIS01A0016_002 f 0.00  0.000     0  0.00  0  0  -8.149   5.291   0.039   0.392   0.531   0.000 01R001M000t
00033 HIS02A0016_003 f 0.00  0.000     0  0.00  0  0  -8.471  -0.067   0.039   0.073   1.420   0.000 02O000M000t
00034 HIS02A0016_004 f 0.00  0.000     0  0.00  0  0  -8.163   5.308   0.039   0.350   0.629   0.000 02R001M000t
00035 HIS+1A0016_005 f 0.00  1.000     0  6.98  0  1  -8.498  -0.070   0.039   0.475   2.123   0.000 +1O000M000t
00036 HIS+1A0016_006 f 0.00  1.000     0  6.98  0  1  -8.189   5.283   0.039   0.623   0.723   0.000 +1R001M000t
00037 LYS01A0017_001 f 0.00  0.000     0  0.00  0  0  -0.093   0.035   2.065   0.049   0.551   0.000 01O000M000t
00038 LYS+1A0017_002 f 0.00  1.000     0 10.40  0  1  -0.075   0.026   2.065   0.264   2.535   0.000 +1O000M000t
00039 TRP01A0018_001 f 0.00  0.000     0  0.00  0  0   1.446  -9.608   0.195   0.000   0.000   0.000 01O000M000t
00040 GLU01A0019_001 f 0.00  0.000     0  0.00  0  0   0.363  -1.676   3.845  -1.620   0.912   0.000 01O000M000t
00041 GLU01A0019_002 f 0.00  0.000     0  0.00  0  0   0.363 997.324   1.125   5.477   2.610   0.000 01O000M000t
00042 GLU02A0019_003 f 0.00  0.000     0  0.00  0  0   0.467  -2.913   3.845  -1.611   1.638   0.000 02O000M000t
00043 GLU02A0019_004 f 0.00  0.000     0  0.00  0  0   0.467  -2.913   1.125  -0.545   2.510   0.000 02O000M000t
00044 GLU-1A0019_005 f 0.00 -1.000     0  4.75  0 -1   0.228  -2.837   1.125  -5.005   7.018   0.000 -1O000M000t
00045 PHE01A0020_001 f 0.00  0.000     0  0.00  0  0   3.492  -9.965   0.046   0.000   0.000   0.000 01O000M000t
00046 PRO01A0021_001 f 0.00  0.000     0  0.00  0  0  -3.406   0.881   0.000   0.000   0.000   0.000 01O000M000t
00047 ARG01A0022_001 f 0.00  0.000     0  0.00  0  0   1.265  -5.677   1.968  -2.905   3.517   0.000 01O000M000t
00048 ARG02A0022_002 f 0.00  0.000     0  0.00  0  0   1.219  -5.537   1.968  -1.490   4.388   0.000 02O000M000t
00049 ARG02A0022_003 f 0.00  0.000     0  0.00  0  0   1.223  -6.454   1.968  -1.956   4.365   0.000 02O000M000t
00050 ARG03A0022_004 f 0.00  0.000     0  0.00  0  0   1.226  -5.804   1.968  -1.069   4.324   0.000 03O000M000t
00051 ARG03A0022_005 f 0.00  0.000     0  0.00  0  0   1.249  -5.768   1.968  -3.400   4.314   0.000 03O000M000t
00052 ARG+1A0022_006 f 0.00  1.000     0 12.50  0  1   1.179  -5.809   1.968  -5.403   5.275   0.000 +1O000M000t
00053 ASN01A0023_001 f 0.00  0.000     0  0.00  0  0  -3.554   1.739   0.465   0.213   0.190   0.000 01O000M000t
00054 ASN01A0023_002 f 0.00  0.000     0  0.00  0  0  -3.460   0.239   0.465   0.162  -0.097   0.000 01R001M000t
00055 ARG01A0024_001 f 0.00  0.000     0  0.00  0  0  -4.616  -3.004   1.749  -0.124   0.418   0.000 01O000M000t
00056 ARG02A0024_002 f 0.00  0.000     0  0.00  0  0  -4.595  -2.995   1.749   0.152   1.354   0.000 02O000M000t
00057 ARG03A0024_003 f 0.00  0.000     0  0.00  0  0  -4.662  -3.012   1.749  -0.054   1.526   0.000 03O000M000t
00058 ARG+1A0024_004 f 0.00  1.000     0 12.50  0  1  -4.700  -3.015   1.749  -0.590   1.258   0.000 +1O000M000t
00059 LEU01A0025_001 f 0.00  0.000     0  0.00  0  0   2.138  -3.977   1.462   0.000   0.000   0.000 01O000M000t
00060 SER01A0026_001 f 0.00  0.000     0  0.00  0  0  -3.117  -1.655   0.376  -0.025  -0.110   0.000 01O000M000t
00061 PHE01A0027_001 f 0.00  0.000     0  0.00  0  0   0.767  -4.105   0.007   0.000   0.000   0.000 01O000M000t
00062 LYS01A0029_001 f 0.00  0.000     0  0.00  0  0  -5.215  -1.364   4.322  -0.027   0.273   0.000 01O000M000t
00063 LYS+1A0029_002 f 0.00  1.000     0 10.40  0  1  -5.258  -1.371   4.322   0.093   1.318   0.000 +1O000M000t
00064 THR01A0030_001 f 0.00  0.000     0  0.00  0  0  -2.581  -2.442   0.386  -0.065   0.825   0.000 01O000M000t
00065 THR01A0030_002 f 0.00  0.000     0  0.00  0  0  -2.581  -2.442   0.386  -0.189   0.176   0.000 01O000M000t
00066 THR01A0030_003 f 0.00  0.000     0  0.00  0  0  -2.581  -2.442   0.011  -0.342   0.102   0.000 01O000M000t
00067 LEU01A0031_001 f 0.00  0.000     0  0.00  0  0   1.636  -2.054   0.432   0.000   0.000   0.000 01O000M000t
00068 ALA01A0033_001 f 0.00  0.000     0  0.00  0  0  -1.681  -1.377   0.000   0.000   0.000   0.000 01O000M000t
00069 ALA01A0035_001 f 0.00  0.000     0  0.00  0  0  -2.263  -0.184   0.000   0.000   0.000   0.000 01O000M000t
00070 PHE01A0036_001 f 0.00  0.000     0  0.00  0  0   0.038  -4.764   0.001   0.000   0.000   0.000 01O000M000t
00071 LYS01A0038_001 f 0.00  0.000     0  0.00  0  0  -2.822  -3.635   1.042  -0.049   0.092   0.000 01O000M000t
00072 LYS+1A0038_002 f 0.00  1.000     0 10.40  0  1  -2.866  -3.642   1.042   0.130   0.697   0.000 +1O000M000t
00073 VAL01A0039_001 f 0.00  0.000     0  0.00  0  0   0.511  -2.378   0.271   0.000   0.000   0.000 01O000M000t
00074 VAL01A0040_001 f 0.00  0.000     0  0.00  0  0   0.538   0.357   0.491   0.000   0.000   0.000 01O000M000t
00075 GLU01A0041_001 f 0.00  0.000     0  0.00  0  0   1.161  -3.619   3.125   0.445   1.357   0.000 01O000M000t
00076 GLU01A0041_002 f 0.00  0.000     0  0.00  0  0   1.161  -3.619   0.405   0.070   1.026   0.000 01O000M000t
00077 GLU02A0041_003 f 0.00  0.000     0  0.00  0  0   0.703  -3.608   3.125   0.169   0.845   0.000 02O000M000t
00078 GLU02A0041_004 f 0.00  0.000     0  0.00  0  0   0.703  -3.608   0.405   0.058   0.918   0.000 02O000M000t
00079 GLU-1A0041_005 f 0.00 -1.000     0  4.75  0 -1   0.689  -3.570   0.405  -0.609   2.741   0.000 -1O000M000t
00080 ALA01A0042_001 f 0.00  0.000     0  0.00  0  0   0.000  -2.116   0.000   0.000   0.000   0.000 01O000M000t
00081 THR01A0043_001 f 0.00  0.000     0  0.00  0  0  -2.153  -2.571   0.376  -0.122   0.156   0.000 01O000M000t
00082 THR01A0043_002 f 0.00  0.000     0  0.00  0  0  -2.153  -2.571   0.376  -0.198  -0.126   0.000 01O000M000t
00083 ALA01A0044_001 f 0.00  0.000     0  0.00  0  0   0.000  -1.773   0.000   0.000   0.000   0.000 01O000M000t
00084 TYR01A0045_001 f 0.00  0.000     0  0.00  0  0  -2.321  -6.039   0.000   0.135   0.427   0.000 01O000M000t
00085 TYR01A0045_002 f 0.00  0.000     0  0.00  0  0  -2.321  -6.039   0.000   0.081   0.704   0.000 01O000M000t
00086 TYR-1A0045_003 f 0.00 -1.000     0 10.20  0 -1  -2.321  -6.039   0.000  -0.031   1.388   0.000 -1O000M000t
00087 LEU01A0047_001 f 0.00  0.000     0  0.00  0  0   1.539  -4.338   0.502   0.000   0.000   0.000 01O000M000t
00088 ILE01A0048_001 f 0.00  0.000     0  0.00  0  0  -4.477   5.477   1.082   0.000   0.000   0.000 01O000M000t
00089 ALA01A0049_001 f 0.00  0.000     0  0.00  0  0  -3.277  -0.229   0.000   0.000   0.000   0.000 01O000M000t
00090 ALA01A0050_001 f 0.00  0.000     0  0.00  0  0  -2.299  -0.529   0.000   0.000   0.000   0.000 01O000M000t
00091 MET01A0051_001 f 0.00  0.000     0  0.00  0  0  -2.123  -4.579   0.673  -0.022   0.080   0.000 01O000M000t
00092 THR01A0052_001 f 0.00  0.000     0  0.00  0  0  -2.909  -1.020   0.396  -0.193   0.055   0.000 01O000M000t
00093 VAL01A0053_001 f 0.00  0.000     0  0.00  0  0   0.523  -2.212   0.000   0.000   0.000   0.000 01O000M000t
00094 ALA01A0054_001 f 0.00  0.000     0  0.00  0  0   0.000  -2.137   0.000   0.000   0.000   0.000 01O000M000t
00095 VAL01A0055_001 f 0.00  0.000     0  0.00  0  0   0.626  -3.130   0.065   0.000   0.000   0.000 01O000M000t
00096 LYS01A0056_001 f 0.00  0.000     0  0.00  0  0   0.569  -6.229   1.614  -0.170   1.211   0.000 01O000M000t
00097 LYS+1A0056_002 f 0.00  1.000     0 10.40  0  1   0.528  -6.318   1.614  -0.671   9.411   0.000 +1O000M000t
00098 MET01A0057_001 f 0.00  0.000     0  0.00  0  0  -0.326  -4.148   0.494   0.104   0.069   0.000 01O000M000t
00099 LEU01A0058_001 f 0.00  0.000     0  0.00  0  0   1.794  -1.463   2.647   0.000   0.000   0.000 01O000M000t
00100 LYS01A0059_001 f 0.00  0.000     0  0.00  0  0  -0.906   1.460   2.142   0.221   0.474   0.000 01O000M000t
00101 LYS+1A0059_002 f 0.00  1.000     0 10.40  0  1  -0.953   1.415   2.142  -2.423   2.562   0.000 +1O000M000t
00102 PRO01A0060_001 f 0.00  0.000     0  0.00  0  0  -6.817  -0.412   0.000   0.000   0.000   0.000 01O000M000t
00103 SER01A0061_001 f 0.00  0.000     0  0.00  0  0  -2.335  -0.939   0.460   0.943   1.629   0.000 01O000M000t
00104 ALA01A0062_001 f 0.00  0.000     0  0.00  0  0  -0.155  -2.173   0.000   0.000   0.000   0.000 01O000M000t
00105 HIS01A0063_001 f 0.00  0.000     0  0.00  0  0  -6.208  -3.087   0.535   0.862   0.705   0.000 01O000M000t
00106 HIS01A0063_002 f 0.00  0.000     0  0.00  0  0  -6.685  -3.108   0.535   0.371   0.951   0.000 01R001M000t
00107 HIS02A0063_003 f 0.00  0.000     0  0.00  0  0  -6.225  -3.135   0.535   0.646   0.848   0.000 02O000M000t
00108 HIS02A0063_004 f 0.00  0.000     0  0.00  0  0  -6.699  -3.113   0.535   0.799   0.815   0.000 02R001M000t
00109 HIS+1A0063_005 f 0.00  1.000     0  6.98  0  1  -6.251  -3.144   0.535   1.617   0.406   0.000 +1O000M000t
00110 HIS+1A0063_006 f 0.00  1.000     0  6.98  0  1  -6.725  -3.129   0.535   1.676   0.730   0.000 +1R001M000t
00111 LEU01A0064_001 f 0.00  0.000     0  0.00  0  0  -6.406  -0.625   0.493   0.000   0.000   0.000 01O000M000t
00112 THR01A0065_001 f 0.00  0.000     0  0.00  0  0  -5.058   5.957   2.023  -0.300  -0.006   0.000 01O000M000t
00113 THR01A0065_002 f 0.00  0.000     0  0.00  0  0  -5.058   5.957   1.648  -0.431  -0.252   0.000 01O000M000t
00114 GLU01A0066_001 f 0.00  0.000     0  0.00  0  0   0.443  -2.297   3.774  -2.213   1.184   0.000 01O000M000t
00115 GLU01A0066_002 f 0.00  0.000     0  0.00  0  0   0.443  -2.297   1.054  -1.920   2.059   0.000 01O000M000t
00116 GLU02A0066_003 f 0.00  0.000     0  0.00  0  0   0.779  -1.196   3.774   2.389   1.922   0.000 02O000M000t
00117 GLU02A0066_004 f 0.00  0.000     0  0.00  0  0   0.779  -1.196   1.054   0.212   2.316   0.000 02O000M000t
00118 GLU-1A0066_005 f 0.00 -1.000     0  4.75  0 -1   0.464  -2.225   1.054  -6.275   7.371   0.000 -1O000M000t
00119 ARG01A0067_001 f 0.00  0.000     0  0.00  0  0  -2.019   0.139   2.749  -0.851   1.364   0.000 01O000M000t
00120 ARG02A0067_002 f 0.00  0.000     0  0.00  0  0  -2.053   0.117   2.749  -0.757   2.450   0.000 02O000M000t
00121 ARG03A0067_003 f 0.00  0.000     0  0.00  0  0  -2.059   0.153   2.749  -0.917   2.154   0.000 03O000M000t
00122 ARG+1A0067_004 f 0.00  1.000     0 12.50  0  1  -2.098   0.113   2.749  -0.998   2.789   0.000 +1O000M000t
00123 GLU01A0068_001 f 0.00  0.000     0  0.00  0  0   1.639  -3.190   4.055   0.017   0.420   0.000 01O000M000t
00124 GLU01A0068_002 f 0.00  0.000     0  0.00  0  0   1.639  -3.190   1.335   0.025   0.929   0.000 01O000M000t
00125 GLU02A0068_003 f 0.00  0.000     0  0.00  0  0   0.776  -3.259   4.055  -0.062   0.046   0.000 02O000M000t
00126 GLU02A0068_004 f 0.00  0.000     0  0.00  0  0   0.776  -3.259   1.335  -0.007   0.815   0.000 02O000M000t
00127 GLU-1A0068_005 f 0.00 -1.000     0  4.75  0 -1   0.803  -3.211   1.335  -0.256   1.604   0.000 -1O000M000t
00128 ALA01A0069_001 f 0.00  0.000     0  0.00  0  0  -1.957  -1.125   0.000   0.000   0.000   0.000 01O000M000t
00129 LEU01A0070_001 f 0.00  0.000     0  0.00  0  0   1.624  -6.451   0.616   0.000   0.000   0.000 01O000M000t
00130 MET01A0071_001 f 0.00  0.000     0  0.00  0  0   1.872  -3.511   0.207  -0.009   0.083   0.000 01O000M000t
00131 SER01A0072_001 f 0.00  0.000     0  0.00  0  0  -0.676  -3.287   0.770   0.152   1.152   0.000 01O000M000t
00132 SER01A0072_002 f 0.00  0.000     0  0.00  0  0  -0.676  -3.287   0.395  -0.280   0.260   0.000 01O000M000t
00133 GLU01A0073_001 f 0.00  0.000     0  0.00  0  0   1.992  -1.359   3.312   0.070   1.870   0.000 01O000M000t
00134 GLU01A0073_002 f 0.00  0.000     0  0.00  0  0   1.992  -1.359   0.592  -0.096   2.432   0.000 01O000M000t
00135 GLU02A0073_003 f 0.00  0.000     0  0.00  0  0   2.604  -1.387   3.312   0.277   1.970   0.000 02O000M000t
00136 GLU02A0073_004 f 0.00  0.000     0  0.00  0  0   2.604  -1.387   0.592   0.185   2.358   0.000 02O000M000t
00137 GLU-1A0073_005 f 0.00 -1.000     0  4.75  0 -1   1.970  -1.301   0.592  -0.899   8.999   0.000 -1O000M000t
00138 LEU01A0074_001 f 0.00  0.000     0  0.00  0  0   1.599  -3.367   0.559   0.000   0.000   0.000 01O000M000t
00139 LYS01A0075_001 f 0.00  0.000     0  0.00  0  0  -1.578  -9.143   1.604   0.053   0.352   0.000 01O000M000t
00140 LYS+1A0075_002 f 0.00  1.000     0 10.40  0  1  -1.619  -9.200   1.604  -1.338   2.186   0.000 +1O000M000t
00141 VAL01A0076_001 f 0.00  0.000     0  0.00  0  0   0.482   0.250   0.448   0.000   0.000   0.000 01O000M000t
00142 LEU01A0077_001 f 0.00  0.000     0  0.00  0  0   1.575  -2.560   0.494   0.000   0.000   0.000 01O000M000t
00143 SER01A0078_001 f 0.00  0.000     0  0.00  0  0  -0.638  -2.339   0.726  -0.277   0.457   0.000 01O000M000t
00144 SER01A0078_002 f 0.00  0.000     0  0.00  0  0  -0.638  -2.339   0.351  -0.360   0.801   0.000 01O000M000t
00145 TYR01A0079_001 f 0.00  0.000     0  0.00  0  0   0.711  -2.129   0.556  -2.082   1.799   0.000 01O000M000t
00146 TYR01A0079_002 f 0.00  0.000     0  0.00  0  0   0.711  -2.129   0.556   0.892   1.180   0.000 01O000M000t
00147 TYR-1A0079_003 f 0.00 -1.000     0 10.20  0 -1   0.711  -2.129   0.556   1.956   4.903   0.000 -1O000M000t
00148 LEU01A0080_001 f 0.00  0.000     0  0.00  0  0   1.717  -3.594   0.850   0.000   0.000   0.000 01O000M000t
00149 ASN01A0082_001 f 0.00  0.000     0  0.00  0  0  -1.323  -3.796   0.596  -0.586   1.296   0.000 01O000M000t
00150 ASN01A0082_002 f 0.00  0.000     0  0.00  0  0  -1.171  -2.866   0.594   0.390   1.223   0.000 01R001M000t
00151 HIS01A0083_001 f 0.00  0.000     0  0.00  0  0  -3.817  -2.785   0.083   0.753   2.245   0.000 01O000M000t
00152 HIS01A0083_002 f 0.00  0.000     0  0.00  0  0  -3.744  -5.674   0.083  -0.595   1.340   0.000 01R001M000t
00153 HIS02A0083_003 f 0.00  0.000     0  0.00  0  0  -3.837  -2.917   0.083  -0.607   1.549   0.000 02O000M000t
00154 HIS02A0083_004 f 0.00  0.000     0  0.00  0  0  -3.756  -5.583   0.083   0.947   1.544   0.000 02R001M000t
00155 HIS+1A0083_005 f 0.00  1.000     0  6.98  0  1  -3.864  -2.928   0.083  -1.128   3.368   0.000 +1O000M000t
00156 HIS+1A0083_006 f 0.00  1.000     0  6.98  0  1  -3.782  -5.700   0.083  -1.317   2.323   0.000 +1R001M000t
00157 MET01A0084_001 f 0.00  0.000     0  0.00  0  0  -2.539  -0.417   1.537   0.065   0.043   0.000 01O000M000t
00158 ASN01A0085_001 f 0.00  0.000     0  0.00  0  0  -0.126  -4.385   0.926   0.706   2.215   0.000 01O000M000t
00159 ASN01A0085_002 f 0.00  0.000     0  0.00  0  0  -0.157  -3.612   0.931  -1.208   1.777   0.000 01R001M000t
00160 ILE01A0086_001 f 0.00  0.000     0  0.00  0  0   1.046   1.635   0.642   0.000   0.000   0.000 01O000M000t
00161 VAL01A0087_001 f 0.00  0.000     0  0.00  0  0   0.464  -1.563   0.015   0.000   0.000   0.000 01O000M000t
00162 ASN01A0088_001 f 0.00  0.000     0  0.00  0  0  -0.927   3.235   0.782  -2.260   1.477   0.000 01O000M000t
00163 ASN01A0088_002 f 0.00  0.000     0  0.00  0  0  -1.045  -1.623   0.782   2.298   1.753   0.000 01R001M000t
00164 LEU01A0089_001 f 0.00  0.000     0  0.00  0  0   2.069  -4.916   0.733   0.000   0.000   0.000 01O000M000t
00165 LEU01A0090_001 f 0.00  0.000     0  0.00  0  0   0.335  -5.119   0.459   0.000   0.000   0.000 01O000M000t
00166 ALA01A0092_001 f 0.00  0.000     0  0.00  0  0   0.000  -1.630   0.000   0.000   0.000   0.000 01O000M000t
00167 CYS01A0093_001 f 0.00  0.000     0  0.00  0  0  -0.002  -2.421   0.104  -0.924   0.956   0.000 01O000M000t
00168 CYS01A0093_002 f 0.00  0.000     0  0.00  0  0  -0.002  -2.358   0.104   0.375   0.961   0.000 01O000M000t
00169 CYS01A0093_003 f 0.00  0.000     0  0.00  0  0  -0.002  -2.363   0.104   0.075   0.949   0.000 01O000M000t
00170 CYS-1A0093_004 f 0.00 -1.000     0  9.10  0 -1   0.000  -2.264   0.104  -0.300  10.761   0.000 -1O000M000t
00171 THR01A0094_001 f 0.00  0.000     0  0.00  0  0  -0.146  -1.229   0.411   0.727   1.342   0.000 01O000M000t
00172 THR01A0094_002 f 0.00  0.000     0  0.00  0  0  -0.146  -1.229   0.411  -0.334   1.158   0.000 01O000M000t
00173 THR01A0094_003 f 0.00  0.000     0  0.00  0  0  -0.146  -1.229   0.036  -1.107   0.890   0.000 01O000M000t
00174 ILE01A0095_001 f 0.00  0.000     0  0.00  0  0  -4.603   0.842   0.419   0.000   0.000   0.000 01O000M000t
00175 PRO01A0098_001 f 0.00  0.000     0  0.00  0  0  -3.521  -1.965   0.000   0.000   0.000   0.000 01O000M000t
00176 THR01A0099_001 f 0.00  0.000     0  0.00  0  0  -0.019  -2.231   0.375  -0.468   1.158   0.000 01O000M000t
00177 THR01A0099_002 f 0.00  0.000     0  0.00  0  0  -0.019  -2.231   0.375  -0.074   0.822   0.000 01O000M000t
00178 THR01A0099_003 f 0.00  0.000     0  0.00  0  0  -0.019  -2.231   0.000  -0.161   1.556   0.000 01O000M000t
00179 LEU01A0100_001 f 0.00  0.000     0  0.00  0  0   2.573  -6.006   0.863   0.000   0.000   0.000 01O000M000t
00180 VAL01A0101_001 f 0.00  0.000     0  0.00  0  0   0.664  -2.395   0.126   0.000   0.000   0.000 01O000M000t
00181 ILE01A0102_001 f 0.00  0.000     0  0.00  0  0   1.672  -4.057   0.687   0.000   0.000   0.000 01O000M000t
00182 THR01A0103_001 f 0.00  0.000     0  0.00  0  0   0.207  -2.157   0.537  -0.026   1.993   0.000 01O000M000t
00183 THR01A0103_002 f 0.00  0.000     0  0.00  0  0   0.207  -2.157   0.537  -1.587   1.989   0.000 01O000M000t
00184 GLU01A0104_001 f 0.00  0.000     0  0.00  0  0   0.196  -3.452   3.304   4.050   1.860   0.000 01O000M000t
00185 GLU01A0104_002 f 0.00  0.000     0  0.00  0  0   0.196  -3.452   0.584  -0.559   2.163   0.000 01O000M000t
00186 GLU02A0104_003 f 0.00  0.000     0  0.00  0  0   0.257  -3.864   3.304  -0.020   1.369   0.000 02O000M000t
00187 GLU02A0104_004 f 0.00  0.000     0  0.00  0  0   0.257  -3.864   0.584  -0.352   2.174   0.000 02O000M000t
00188 GLU-1A0104_005 f 0.00 -1.000     0  4.75  0 -1   0.102  -3.793   0.584  -1.647   6.977   0.000 -1O000M000t
00189 TYR01A0105_001 f 0.00  0.000     0  0.00  0  0   2.301  -7.780   0.014  -0.016   1.102   0.000 01O000M000t
00190 TYR-1A0105_002 f 0.00 -1.000     0 10.20  0 -1   2.301  -7.780   0.014  -1.148   3.951   0.000 -1O000M000t
00191 CYS01A0106_001 f 0.00  0.000     0  0.00  0  0  -0.002  -3.392   0.000  -0.348   0.949   0.000 01O000M000t
00192 CYS01A0106_002 f 0.00  0.000     0  0.00  0  0  -0.002  -3.424   0.000  -0.285   0.989   0.000 01O000M000t
00193 CYS01A0106_003 f 0.00  0.000     0  0.00  0  0  -0.002  -3.388   0.000  -0.236   0.981   0.000 01O000M000t
00194 CYS-1A0106_004 f 0.00 -1.000     0  9.10  0 -1   0.000  -3.342   0.000  -4.695  12.792   0.000 -1O000M000t
00195 CYS01A0107_001 f 0.00  0.000     0  0.00  0  0  -1.249  -2.528   0.027   0.989   0.828   0.000 01O000M000t
00196 CYS01A0107_002 f 0.00  0.000     0  0.00  0  0  -1.249  -2.424   0.027  -0.408   0.821   0.000 01O000M000t
00197 CYS01A0107_003 f 0.00  0.000     0  0.00  0  0  -1.250  -2.371   0.027  -0.880   0.532   0.000 01O000M000t
00198 CYS-1A0107_004 f 0.00 -1.000     0  9.10  0 -1  -1.247  -2.338   0.027  -5.461   5.958   0.000 -1O000M000t
00199 TYR01A0108_001 f 0.00  0.000     0  0.00  0  0  -0.980  -5.195   0.000  -0.015   0.282   0.000 01O000M000t
00200 TYR-1A0108_002 f 0.00 -1.000     0 10.20  0 -1  -0.980  -5.195   0.000  -0.807   1.188   0.000 -1O000M000t
00201 ASP01A0110_001 f 0.00  0.000     0  0.00  0  0  -0.334  -4.911   4.602  -1.218   0.783   0.000 01O000M000t
00202 ASP01A0110_002 f 0.00  0.000     0  0.00  0  0  -0.334  -4.911   1.882  -0.901   2.005   0.000 01O000M000t
00203 ASP02A0110_003 f 0.00  0.000     0  0.00  0  0  -0.210  -4.687   4.602   1.733   1.626   0.000 02O000M000t
00204 ASP02A0110_004 f 0.00  0.000     0  0.00  0  0  -0.210  -4.687   1.882   1.003   1.320   0.000 02O000M000t
00205 ASP-1A0110_005 f 0.00 -1.000     0  4.75  0 -1  -0.308  -4.890   1.882  -5.245   5.351   0.000 -1O000M000t
00206 LEU01A0111_001 f 0.00  0.000     0  0.00  0  0   1.758  -1.566   0.884   0.000   0.000   0.000 01O000M000t
00207 LEU01A0112_001 f 0.00  0.000     0  0.00  0  0   0.699  -2.999   0.520   0.000   0.000   0.000 01O000M000t
00208 ASN01A0113_001 f 0.00  0.000     0  0.00  0  0  -2.058  -1.788   0.475   0.254   0.333   0.000 01O000M000t
00209 ASN01A0113_002 f 0.00  0.000     0  0.00  0  0  -2.274  -1.091   0.474   0.365   0.143   0.000 01R001M000t
00210 PHE01A0114_001 f 0.00  0.000     0  0.00  0  0   4.365  -5.545   0.037   0.000   0.000   0.000 01O000M000t
00211 LEU01A0115_001 f 0.00  0.000     0  0.00  0  0   1.909  -4.710   0.510   0.000   0.000   0.000 01O000M000t
00212 ARG01A0116_001 f 0.00  0.000     0  0.00  0  0  -4.503  -6.024   0.928   0.478   1.591   0.000 01O000M000t
00213 ARG02A0116_002 f 0.00  0.000     0  0.00  0  0  -4.550  -6.109   0.928  -0.781   2.470   0.000 02O000M000t
00214 ARG03A0116_003 f 0.00  0.000     0  0.00  0  0  -4.546  -6.122   0.928  -0.755   2.153   0.000 03O000M000t
00215 ARG+1A0116_004 f 0.00  1.000     0 12.50  0  1  -4.589  -6.128   0.928  -1.648   2.589   0.000 +1O000M000t
00216 ARG01A0117_001 f 0.00  0.000     0  0.00  0  0  -4.999  -3.271   1.941   0.063   1.079   0.000 01O000M000t
00217 ARG02A0117_002 f 0.00  0.000     0  0.00  0  0  -4.926  -3.286   1.941   0.022   2.132   0.000 02O000M000t
00218 ARG03A0117_003 f 0.00  0.000     0  0.00  0  0  -5.030  -3.288   1.941   0.010   2.089   0.000 03O000M000t
00219 ARG+1A0117_004 f 0.00  1.000     0 12.50  0  1  -5.070  -3.294   1.941  -0.151   1.254   0.000 +1O000M000t
00220 LYS01A0118_001 f 0.00  0.000     0  0.00  0  0   1.749  -2.674   2.361  -0.729   0.448   0.000 01O000M000t
00221 LYS+1A0118_002 f 0.00  1.000     0 10.40  0  1   1.703  -2.822   2.361  -2.227   2.903   0.000 +1O000M000t
00222 ARG01A0119_001 f 0.00  0.000     0  0.00  0  0  -0.134  -6.529   0.759   0.988   1.784   0.000 01O000M000t
00223 ARG02A0119_002 f 0.00  0.000     0  0.00  0  0  -0.223  -6.467   0.759   0.445   2.684   0.000 02O000M000t
00224 ARG03A0119_003 f 0.00  0.000     0  0.00  0  0  -0.227  -6.575   0.759   0.489   2.035   0.000 03O000M000t
00225 ARG+1A0119_004 f 0.00  1.000     0 12.50  0  1  -0.261  -6.590   0.759  -1.163   2.789   0.000 +1O000M000t
00226 ASP01A0120_001 f 0.00  0.000     0  0.00  0  0  -3.537   0.311   3.425   0.530  -0.176   0.000 01O000M000t
00227 ASP01A0120_002 f 0.00  0.000     0  0.00  0  0  -3.537   0.311   0.705   0.216   0.417   0.000 01O000M000t
00228 ASP02A0120_003 f 0.00  0.000     0  0.00  0  0  -3.453  -0.193   3.425   0.240  -0.612   0.000 02O000M000t
00229 ASP02A0120_004 f 0.00  0.000     0  0.00  0  0  -3.453  -0.193   0.705   0.199   0.535   0.000 02O000M000t
00230 ASP-1A0120_005 f 0.00 -1.000     0  4.75  0 -1  -3.370  -0.156   0.705  -0.174   0.202   0.000 -1O000M000t
00231 SER01A0121_001 f 0.00  0.000     0  0.00  0  0  -1.536  -1.817   0.792  -1.619   1.817   0.000 01O000M000t
00232 SER01A0121_002 f 0.00  0.000     0  0.00  0  0  -1.536  -1.817   0.417  -0.488   1.756   0.000 01O000M000t
00233 PHE01A0122_001 f 0.00  0.000     0  0.00  0  0   3.681 -10.213   0.085   0.000   0.000   0.000 01O000M000t
00234 ILE01A0123_001 f 0.00  0.000     0  0.00  0  0  -5.216   1.304   0.801   0.000   0.000   0.000 01O000M000t
00235 CYS01A0124_001 f 0.00  0.000     0  0.00  0  0  -4.061  -0.951   0.000  -0.102   0.553   0.000 01O000M000t
00236 CYS01A0124_002 f 0.00  0.000     0  0.00  0  0  -4.061  -0.978   0.000  -0.232   0.182   0.000 01O000M000t
00237 CYS01A0124_003 f 0.00  0.000     0  0.00  0  0  -4.062  -0.935   0.000  -0.192   0.098   0.000 01O000M000t
00238 CYS-1A0124_004 f 0.00 -1.000     0  9.10  0 -1  -4.060  -0.925   0.000  -0.999   1.638   0.000 -1O000M000t
00239 SER01A0125_001 f 0.00  0.000     0  0.00  0  0  -2.342   1.789   2.114  -0.089   0.865   0.000 01O000M000t
00240 LEU01A0126_001 f 0.00  0.000     0  0.00  0  0  -8.163  10.297   3.247   0.000   0.000   0.000 01O000M000t
00241 ALA01A0127_001 f 0.00  0.000     0  0.00  0  0  -0.670   0.889   0.000   0.000   0.000   0.000 01O000M000t
00242 LEU01A0128_001 f 0.00  0.000     0  0.00  0  0   2.080   5.889   3.082   0.000   0.000   0.000 01O000M000t
00243 ASP01A0129_001 f 0.00  0.000     0  0.00  0  0  -1.427   2.320   2.806   2.976   1.235   0.000 01O000M000t
00244 ASP01A0129_002 f 0.00  0.000     0  0.00  0  0  -1.427   2.320   0.086  -0.186   0.870   0.000 01O000M000t
00245 ASP02A0129_003 f 0.00  0.000     0  0.00  0  0  -1.486   0.970   2.806  -1.241   0.192   0.000 02O000M000t
00246 ASP02A0129_004 f 0.00  0.000     0  0.00  0  0  -1.486   0.970   0.086  -1.258   1.103   0.000 02O000M000t
00247 ASP-1A0129_005 f 0.00 -1.000     0  4.75  0 -1  -1.488   1.043   0.086  -3.613   2.457   0.000 -1O000M000t
00248 LEU01A0130_001 f 0.00  0.000     0  0.00  0  0   0.519   0.458   0.927   0.000   0.000   0.000 01O000M000t
00249 GLU01A0131_001 f 0.00  0.000     0  0.00  0  0  -0.012  -4.016   3.600   1.444   2.243   0.000 01O000M000t
00250 GLU01A0131_002 f 0.00  0.000     0  0.00  0  0  -0.012  -4.016   0.880   0.717   2.908   0.000 01O000M000t
00251 GLU02A0131_003 f 0.00  0.000     0  0.00  0  0  -0.143  -3.803   3.600   0.214   1.756   0.000 02O000M000t
00252 GLU02A0131_004 f 0.00  0.000     0  0.00  0  0  -0.143  -3.803   0.880  -1.570   2.676   0.000 02O000M000t
00253 GLU-1A0131_005 f 0.00 -1.000     0  4.75  0 -1  -0.246  -4.195   0.880   0.504   8.367   0.000 -1O000M000t
00254 ASP01A0132_001 f 0.00  0.000     0  0.00  0  0  -0.066  -0.211   3.721   4.676   1.671   0.000 01O000M000t
00255 ASP01A0132_002 f 0.00  0.000     0  0.00  0  0  -0.066  -0.211   1.001  -0.376   1.237   0.000 01O000M000t
00256 ASP02A0132_003 f 0.00  0.000     0  0.00  0  0  -0.185  -0.766   3.721  -0.622   1.089   0.000 02O000M000t
00257 ASP02A0132_004 f 0.00  0.000     0  0.00  0  0  -0.185  -0.766   1.001  -0.831   1.642   0.000 02O000M000t
00258 ASP-1A0132_005 f 0.00 -1.000     0  4.75  0 -1  -0.269  -0.819   1.001  -3.221   4.692   0.000 -1O000M000t
00259 LEU01A0133_001 f 0.00  0.000     0  0.00  0  0   1.655  -1.961   0.476   0.000   0.000   0.000 01O000M000t
00260 LEU01A0134_001 f 0.00  0.000     0  0.00  0  0   1.641  -4.222   0.493   0.000   0.000   0.000 01O000M000t
00261 SER01A0135_001 f 0.00  0.000     0  0.00  0  0  -2.084  -1.562   0.381  -0.051   1.282   0.000 01O000M000t
00262 SER01A0135_002 f 0.00  0.000     0  0.00  0  0  -2.084  -1.562   0.381  -0.291   0.226   0.000 01O000M000t
00263 PHE01A0136_001 f 0.00  0.000     0  0.00  0  0   4.112  -4.813   0.005   0.000   0.000   0.000 01O000M000t
00264 SER01A0137_001 f 0.00  0.000     0  0.00  0  0   0.000  11.054   0.376  -1.343   1.989   0.000 01O000M000t
00265 TYR01A0138_001 f 0.00  0.000     0  0.00  0  0   1.262  -6.499   0.061   0.321   0.781   0.000 01O000M000t
00266 TYR-1A0138_002 f 0.00 -1.000     0 10.20  0 -1   1.262  -6.499   0.061  -0.046   2.339   0.000 -1O000M000t
00267 GLN01A0139_001 f 0.00  0.000     0  0.00  0  0   0.052  -3.862   1.466  -1.954   2.385   0.000 01O000M000t
00268 GLN01A0139_002 f 0.00  0.000     0  0.00  0  0   0.300  -0.228   1.483   1.024   2.145   0.000 01R001M000t
00269 VAL01A0140_001 f 0.00  0.000     0  0.00  0  0   0.708  -0.277   0.008   0.000   0.000   0.000 01O000M000t
00270 ALA01A0141_001 f 0.00  0.000     0  0.00  0  0   0.000  -2.487   0.000   0.000   0.000   0.000 01O000M000t
00271 LYS01A0142_001 f 0.00  0.000     0  0.00  0  0  -0.248  -1.424   4.244  -0.036   0.082   0.000 01O000M000t
00272 LYS+1A0142_002 f 0.00  1.000     0 10.40  0  1  -0.311  -1.430   4.244   0.269   0.320   0.000 +1O000M000t
00273 MET01A0144_001 f 0.00  0.000     0  0.00  0  0   1.338  -4.304   0.498  -0.009   0.095   0.000 01O000M000t
00274 ALA01A0145_001 f 0.00  0.000     0  0.00  0  0  -0.567  -1.345   0.000   0.000   0.000   0.000 01O000M000t
00275 PHE01A0146_001 f 0.00  0.000     0  0.00  0  0   1.817  -4.998   0.000   0.000   0.000   0.000 01O000M000t
00276 LEU01A0147_001 f 0.00  0.000     0  0.00  0  0   1.825  -1.504   2.927   0.000   0.000   0.000 01O000M000t
00277 ALA01A0148_001 f 0.00  0.000     0  0.00  0  0  -0.979  -1.869   0.000   0.000   0.000   0.000 01O000M000t
00278 SER01A0149_001 f 0.00  0.000     0  0.00  0  0  -2.600  -0.655   1.094  -1.781   1.544   0.000 01O000M000t
00279 SER01A0149_002 f 0.00  0.000     0  0.00  0  0  -2.600  -0.655   0.720  -0.220   0.438   0.000 01O000M000t
00280 LYS01A0150_001 f 0.00  0.000     0  0.00  0  0  -1.906  -3.307   3.637  -0.018   0.449   0.000 01O000M000t
00281 LYS+1A0150_002 f 0.00  1.000     0 10.40  0  1  -1.959  -3.371   3.637  -1.936   2.633   0.000 +1O000M000t
00282 ASN01A0151_001 f 0.00  0.000     0  0.00  0  0  -0.548   4.456   3.061  -0.257   1.921   0.000 01O000M000t
00283 CYS01A0152_001 f 0.00  0.000     0  0.00  0  0  -0.002  -2.825   0.003  -0.002   0.896   0.000 01O000M000t
00284 CYS01A0152_002 f 0.00  0.000     0  0.00  0  0  -0.002  -2.768   0.003  -0.335   0.532   0.000 01O000M000t
00285 CYS01A0152_003 f 0.00  0.000     0  0.00  0  0  -0.003  -2.749   0.003  -0.282   0.908   0.000 01O000M000t
00286 CYS-1A0152_004 f 0.00 -1.000     0  9.10  0 -1   0.000  -2.728   0.003  -1.512   8.623   0.000 -1O000M000t
00287 ILE01A0153_001 f 0.00  0.000     0  0.00  0  0   2.727  -2.548   0.479   0.000   0.000   0.000 01O000M000t
00288 HIS01A0154_001 f 0.00  0.000     0  0.00  0  0  -0.183  -3.334   0.318  -3.889   3.918   0.000 01O000M000t
00289 HIS02A0154_002 f 0.00  0.000     0  0.00  0  0  -0.201  -3.442   0.318   5.449   3.930   0.000 02O000M000t
00290 HIS+1A0154_003 f 0.00  1.000     0  6.98  0  1  -0.228  -3.259   0.318   5.117  11.391   0.000 +1O000M000t
00291 ARG01A0155_001 f 0.00  0.000     0  0.00  0  0  -3.273   8.708   0.500  -0.178   1.166   0.000 01O000M000t
00292 ARG02A0155_002 f 0.00  0.000     0  0.00  0  0  -3.252   8.691   0.500  -0.109   1.668   0.000 02O000M000t
00293 ARG03A0155_003 f 0.00  0.000     0  0.00  0  0  -3.317   8.692   0.500  -0.019   1.897   0.000 03O000M000t
00294 ARG+1A0155_004 f 0.00  1.000     0 12.50  0  1  -3.355   8.686   0.500   0.407   1.906   0.000 +1O000M000t
00295 ASP01A0156_001 f 0.00  0.000     0  0.00  0  0  -0.271   1.111   3.311  -0.318   1.362   0.000 01O000M000t
00296 ASP01A0156_002 f 0.00  0.000     0  0.00  0  0  -0.271   1.111   0.591  -0.105   2.657   0.000 01O000M000t
00297 ASP02A0156_003 f 0.00  0.000     0  0.00  0  0  -0.276   1.800   3.311   0.864   1.830   0.000 02O000M000t
00298 ASP02A0156_004 f 0.00  0.000     0  0.00  0  0  -0.276   1.800   0.591   0.150   2.488   0.000 02O000M000t
00299 ASP-1A0156_005 f 0.00 -1.000     0  4.75  0 -1  -0.280   1.172   0.591  -1.899   8.915   0.000 -1O000M000t
00300 LEU01A0157_001 f 0.00  0.000     0  0.00  0  0   1.514  -3.724   0.498   0.000   0.000   0.000 01O000M000t
00301 ALA01A0158_001 f 0.00  0.000     0  0.00  0  0   0.000  -0.386   0.000   0.000   0.000   0.000 01O000M000t
00302 ALA01A0159_001 f 0.00  0.000     0  0.00  0  0   0.000  -1.553   0.000   0.000   0.000   0.000 01O000M000t
00303 ARG01A0160_001 f 0.00  0.000     0  0.00  0  0   0.847  -3.905   0.639  -0.171   4.189   0.000 01O000M000t
00304 ARG02A0160_002 f 0.00  0.000     0  0.00  0  0   0.825  -3.889   0.639  -0.335   4.720   0.000 02O000M000t
00305 ARG02A0160_003 f 0.00  0.000     0  0.00  0  0   0.828  -3.894   0.639  -0.235   4.693   0.000 02O000M000t
00306 ARG03A0160_004 f 0.00  0.000     0  0.00  0  0   0.833  -3.902   0.639  -0.374   4.615   0.000 03O000M000t
00307 ARG+1A0160_005 f 0.00  1.000     0 12.50  0  1   0.785  -3.917   0.639   3.242   8.808   0.000 +1O000M000t
00308 ASN01A0161_001 f 0.00  0.000     0  0.00  0  0   0.287   0.947   1.247  -3.280   3.226   0.000 01O000M000t
00309 ASN01A0161_002 f 0.00  0.000     0  0.00  0  0   0.095   0.009   1.253   1.945   3.296   0.000 01R001M000t
00310 ILE01A0162_001 f 0.00  0.000     0  0.00  0  0   3.348  -4.118   0.837   0.000   0.000   0.000 01O000M000t
00311 LEU01A0163_001 f 0.00  0.000     0  0.00  0  0   1.900  -3.247   0.442   0.000   0.000   0.000 01O000M000t
00312 LEU01A0164_001 f 0.00  0.000     0  0.00  0  0   2.168  -5.027   0.799   0.000   0.000   0.000 01O000M000t
00313 THR01A0165_001 f 0.00  0.000     0  0.00  0  0  -0.221 999.000   0.392   2.925   1.157   0.000 01O000M000t
00314 THR01A0165_002 f 0.00  0.000     0  0.00  0  0  -0.221   2.187   0.392   1.133   1.490   0.000 01O000M000t
00315 THR01A0165_003 f 0.00  0.000     0  0.00  0  0  -0.221   2.187   0.017  -2.650   0.863   0.000 01O000M000t
00316 HIS01A0166_001 f 0.00  0.000     0  0.00  0  0  -8.372  -2.021   0.064   0.219   0.662   0.000 01O000M000t
00317 HIS01A0166_002 f 0.00  0.000     0  0.00  0  0  -8.699  -2.021   0.064  -0.134   0.766   0.000 01R001M000t
00318 HIS02A0166_003 f 0.00  0.000     0  0.00  0  0  -8.390  -2.038   0.064   0.192   0.643   0.000 02O000M000t
00319 HIS02A0166_004 f 0.00  0.000     0  0.00  0  0  -8.712  -2.051   0.064   0.194   0.592   0.000 02R001M000t
00320 HIS+1A0166_005 f 0.00  1.000     0  6.98  0  1  -8.417  -2.048   0.064   1.580   0.269   0.000 +1O000M000t
00321 HIS+1A0166_006 f 0.00  1.000     0  6.98  0  1  -8.739  -2.055   0.064   1.526  -0.130   0.000 +1R001M000t
00322 ARG01A0168_001 f 0.00  0.000     0  0.00  0  0  -1.602  -1.542   0.688  -1.175   2.139   0.000 01O000M000t
00323 ARG02A0168_002 f 0.00  0.000     0  0.00  0  0  -1.648  -1.401   0.688   0.418   3.321   0.000 02O000M000t
00324 ARG03A0168_003 f 0.00  0.000     0  0.00  0  0  -1.643  -1.442   0.688  -0.531   2.929   0.000 03O000M000t
00325 ARG03A0168_004 f 0.00  0.000     0  0.00  0  0  -1.582  -1.533   0.688  -1.293   2.996   0.000 03O000M000t
00326 ARG+1A0168_005 f 0.00  1.000     0 12.50  0  1  -1.686  -1.552   0.688  -1.344   3.424   0.000 +1O000M000t
00327 ILE01A0169_001 f 0.00  0.000     0  0.00  0  0  -1.103  -2.342   0.724   0.000   0.000   0.000 01O000M000t
00328 THR01A0170_001 f 0.00  0.000     0  0.00  0  0   0.191  -4.118   0.376   0.538   1.810   0.000 01O000M000t
00329 LYS01A0171_001 f 0.00  0.000     0  0.00  0  0   1.805  -2.632   2.753  -0.266   0.907   0.000 01O000M000t
00330 LYS+1A0171_002 f 0.00  1.000     0 10.40  0  1   1.751  -2.752   2.753  -4.283   6.957   0.000 +1O000M000t
00331 ILE01A0172_001 f 0.00  0.000     0  0.00  0  0   1.591  -2.115   0.527   0.000   0.000   0.000 01O000M000t
00332 CYS01A0173_001 f 0.00  0.000     0  0.00  0  0  -0.002  -3.071   0.275  -0.325   0.995   0.000 01O000M000t
00333 CYS01A0173_002 f 0.00  0.000     0  0.00  0  0  -0.002  -2.982   0.275   0.140   0.991   0.000 01O000M000t
00334 CYS01A0173_003 f 0.00  0.000     0  0.00  0  0  -0.002  -2.881   0.275  -0.336   0.990   0.000 01O000M000t
00335 CYS-1A0173_004 f 0.00 -1.000     0  9.10  0 -1   0.000  -2.838   0.275  -4.986  14.518   0.000 -1O000M000t
00336 ASP01A0174_001 f 0.00  0.000     0  0.00  0  0  -0.499   0.238   3.217   2.792   1.679   0.000 01O000M000t
00337 ASP01A0174_002 f 0.00  0.000     0  0.00  0  0  -0.499   0.238   0.497  -0.016   1.049   0.000 01O000M000t
00338 ASP02A0174_003 f 0.00  0.000     0  0.00  0  0  -0.447  -0.391   3.217  -0.664   1.060   0.000 02O000M000t
00339 ASP02A0174_004 f 0.00  0.000     0  0.00  0  0  -0.447  -0.391   0.497  -0.557   1.613   0.000 02O000M000t
00340 ASP-1A0174_005 f 0.00 -1.000     0  4.75  0 -1  -0.496  -0.315   0.497  -2.946   5.779   0.000 -1O000M000t
00341 PHE01A0175_001 f 0.00  0.000     0  0.00  0  0   3.994  -5.541   0.386   0.000   0.000   0.000 01O000M000t
00342 LEU01A0177_001 f 0.00  0.000     0  0.00  0  0  -0.257  -0.673   0.672   0.000   0.000   0.000 01O000M000t
00343 ALA01A0178_001 f 0.00  0.000     0  0.00  0  0   0.000  -2.236   0.000   0.000   0.000   0.000 01O000M000t
00344 ARG01A0179_001 f 0.00  0.000     0  0.00  0  0   1.157  -4.713   0.972   0.141   2.404   0.000 01O000M000t
00345 ARG02A0179_002 f 0.00  0.000     0  0.00  0  0   1.127  -4.681   0.972   0.202   3.267   0.000 02O000M000t
00346 ARG03A0179_003 f 0.00  0.000     0  0.00  0  0   1.131  -4.686   0.972  -0.799   3.485   0.000 03O000M000t
00347 ARG03A0179_004 f 0.00  0.000     0  0.00  0  0   1.163  -4.702   0.972  -0.085   3.344   0.000 03O000M000t
00348 ARG+1A0179_005 f 0.00  1.000     0 12.50  0  1   1.083  -4.726   0.972   1.852   3.936   0.000 +1O000M000t
00349 ASP01A0180_001 f 0.00  0.000     0  0.00  0  0  -1.550   2.620   3.057   1.487   0.714   0.000 01O000M000t
00350 ASP01A0180_002 f 0.00  0.000     0  0.00  0  0  -1.550   2.620   0.337   0.112   1.046   0.000 01O000M000t
00351 ASP02A0180_003 f 0.00  0.000     0  0.00  0  0  -1.499   1.917   3.057  -0.463   0.075   0.000 02O000M000t
00352 ASP02A0180_004 f 0.00  0.000     0  0.00  0  0  -1.499   1.917   0.337  -0.316   1.423   0.000 02O000M000t
00353 ASP-1A0180_005 f 0.00 -1.000     0  4.75  0 -1  -1.540   2.001   0.337  -2.206   3.011   0.000 -1O000M000t
00354 ILE01A0181_001 f 0.00  0.000     0  0.00  0  0   7.693  -1.406   0.661   0.000   0.000   0.000 01O000M000t
00355 LYS01A0182_001 f 0.00  0.000     0  0.00  0  0  -3.229   4.290   3.020  -0.155   0.293   0.000 01O000M000t
00356 LYS+1A0182_002 f 0.00  1.000     0 10.40  0  1  -3.280   4.282   3.020   0.927   1.514   0.000 +1O000M000t
00357 ASN01A0183_001 f 0.00  0.000     0  0.00  0  0  -2.825  -0.853   0.980   0.466   0.613   0.000 01O000M000t
00358 ASN01A0183_002 f 0.00  0.000     0  0.00  0  0  -2.985  -0.659   1.020  -0.040   0.106   0.000 01R001M000t
00359 ASP01A0184_001 f 0.00  0.000     0  0.00  0  0  -0.954   1.079   2.898   2.754   1.563   0.000 01O000M000t
00360 ASP01A0184_002 f 0.00  0.000     0  0.00  0  0  -0.954   1.079   0.178   0.039   1.942   0.000 01O000M000t
00361 ASP02A0184_003 f 0.00  0.000     0  0.00  0  0  -0.780  -0.263   2.898  -1.364   1.240   0.000 02O000M000t
00362 ASP02A0184_004 f 0.00  0.000     0  0.00  0  0  -0.780  -0.263   0.178  -1.133   2.049   0.000 02O000M000t
00363 ASP-1A0184_005 f 0.00 -1.000     0  4.75  0 -1  -0.837  -0.198   0.178  -4.426   5.938   0.000 -1O000M000t
00364 SER01A0185_001 f 0.00  0.000     0  0.00  0  0  -5.711   0.178   0.642   0.179  -0.197   0.000 01O000M000t
00365 SER01A0185_002 f 0.00  0.000     0  0.00  0  0  -5.711   0.178   0.267  -0.672  -0.102   0.000 01O000M000t
00366 ASN01A0186_001 f 0.00  0.000     0  0.00  0  0  -0.228  -1.772   0.867   0.550   0.921   0.000 01O000M000t
00367 ASN01A0186_002 f 0.00  0.000     0  0.00  0  0  -0.457  -1.577   0.874   0.202   0.558   0.000 01R001M000t
00368 TYR01A0187_001 f 0.00  0.000     0  0.00  0  0   3.893  -8.849   0.165   0.026   2.243   0.000 01O000M000t
00369 TYR01A0187_002 f 0.00  0.000     0  0.00  0  0   3.893  -8.849   0.165   0.284   2.295   0.000 01O000M000t
00370 TYR-1A0187_003 f 0.00 -1.000     0 10.20  0 -1   3.893  -8.849   0.165  -2.373   9.310   0.000 -1O000M000t
00371 VAL01A0188_001 f 0.00  0.000     0  0.00  0  0  -1.045  -0.654   0.535   0.000   0.000   0.000 01O000M000t
00372 VAL01A0189_001 f 0.00  0.000     0  0.00  0  0  -4.535   0.719   0.002   0.000   0.000   0.000 01O000M000t
00373 LYS01A0190_001 f 0.00  0.000     0  0.00  0  0  -1.557  -1.522   3.261  -0.213   0.406   0.000 01O000M000t
00374 LYS+1A0190_002 f 0.00  1.000     0 10.40  0  1  -1.603  -1.548   3.261  -0.870   1.409   0.000 +1O000M000t
00375 ASN01A0192_001 f 0.00  0.000     0  0.00  0  0  -3.642   4.406   0.568  -0.064   0.136   0.000 01O000M000t
00376 ALA01A0193_001 f 0.00  0.000     0  0.00  0  0  -1.494  -0.986   0.000   0.000   0.000   0.000 01O000M000t
00377 ARG01A0194_001 f 0.00  0.000     0  0.00  0  0  -0.604  -5.845   2.185  -0.291   1.367   0.000 01O000M000t
00378 ARG02A0194_002 f 0.00  0.000     0  0.00  0  0  -0.626  -5.786   2.185   0.136   2.422   0.000 02O000M000t
00379 ARG03A0194_003 f 0.00  0.000     0  0.00  0  0  -0.634  -5.852   2.185  -0.262   2.197   0.000 03O000M000t
00380 ARG+1A0194_004 f 0.00  1.000     0 12.50  0  1  -0.677  -5.858   2.185  -0.054   1.943   0.000 +1O000M000t
00381 LEU01A0195_001 f 0.00  0.000     0  0.00  0  0  -0.269  -3.106   0.432   0.000   0.000   0.000 01O000M000t
00382 PRO01A0196_001 f 0.00  0.000     0  0.00  0  0  -0.017   0.492   0.000   0.000   0.000   0.000 01O000M000t
00383 VAL01A0197_001 f 0.00  0.000     0  0.00  0  0   0.545   1.127   0.083   0.000   0.000   0.000 01O000M000t
00384 LYS01A0198_001 f 0.00  0.000     0  0.00  0  0  -0.633  -1.975   1.412  -0.227   0.709   0.000 01O000M000t
00385 LYS+1A0198_002 f 0.00  1.000     0 10.40  0  1  -0.677  -2.134   1.412  -5.059   5.014   0.000 +1O000M000t
00386 TRP01A0199_001 f 0.00  0.000     0  0.00  0  0   2.735 -10.093   0.514   0.000   0.000   0.000 01O000M000t
00387 MET01A0200_001 f 0.00  0.000     0  0.00  0  0   0.612  -3.829   0.247  -0.069   0.089   0.000 01O000M000t
00388 ALA01A0201_001 f 0.00  0.000     0  0.00  0  0   0.000  -1.976   0.000   0.000   0.000   0.000 01O000M000t
00389 PRO01A0202_001 f 0.00  0.000     0  0.00  0  0  -0.375  -1.097   0.000   0.000   0.000   0.000 01O000M000t
00390 GLU01A0203_001 f 0.00  0.000     0  0.00  0  0   2.763   0.891   5.085   2.282   1.842   0.000 01O000M000t
00391 GLU01A0203_002 f 0.00  0.000     0  0.00  0  0   2.763   0.891   2.365  -0.517   2.781   0.000 01O000M000t
00392 GLU02A0203_003 f 0.00  0.000     0  0.00  0  0   2.233   0.469   5.085  -0.333   1.860   0.000 02O000M000t
00393 GLU02A0203_004 f 0.00  0.000     0  0.00  0  0   2.233   0.469   2.365  -0.619   2.723   0.000 02O000M000t
00394 GLU-1A0203_005 f 0.00 -1.000     0  4.75  0 -1   2.151   0.592   2.365  -5.276   9.605   0.000 -1O000M000t
00395 SER01A0204_001 f 0.00  0.000     0  0.00  0  0   0.000   5.934   1.186  -2.432   1.751   0.000 01O000M000t
00396 SER01A0204_002 f 0.00  0.000     0  0.00  0  0   0.000   5.934   1.186   0.040   1.707   0.000 01O000M000t
00397 ILE01A0205_001 f 0.00  0.000     0  0.00  0  0   1.235   2.349   0.724   0.000   0.000   0.000 01O000M000t
00398 PHE01A0206_001 f 0.00  0.000     0  0.00  0  0   1.096  -5.270   0.001   0.000   0.000   0.000 01O000M000t
00399 ASN01A0207_001 f 0.00  0.000     0  0.00  0  0  -2.502   2.909   1.233   0.530   0.738   0.000 01O000M000t
00400 ASN01A0207_002 f 0.00  0.000     0  0.00  0  0  -2.484   1.880   1.221  -0.382   0.421   0.000 01R001M000t
00401 CYS01A0208_001 f 0.00  0.000     0  0.00  0  0  -4.531   0.167   0.179  -0.166  -0.002   0.000 01O000M000t
00402 CYS01A0208_002 f 0.00  0.000     0  0.00  0  0  -4.531   0.123   0.179  -0.051   0.090   0.000 01O000M000t
00403 CYS01A0208_003 f 0.00  0.000     0  0.00  0  0  -4.532   0.192   0.179  -0.129   0.024   0.000 01O000M000t
00404 CYS-1A0208_004 f 0.00 -1.000     0  9.10  0 -1  -4.529   0.208   0.179  -0.413   0.685   0.000 -1O000M000t
00405 VAL01A0209_001 f 0.00  0.000     0  0.00  0  0  -3.507   4.506   0.000   0.000   0.000   0.000 01O000M000t
00406 TYR01A0210_001 f 0.00  0.000     0  0.00  0  0   2.876  -5.337   0.010   0.275   1.139   0.000 01O000M000t
00407 TYR-1A0210_002 f 0.00 -1.000     0 10.20  0 -1   2.876  -5.337   0.010  -0.797   4.327   0.000 -1O000M000t
00408 THR01A0211_001 f 0.00  0.000     0  0.00  0  0  -2.267   1.431   0.563   0.169   1.573   0.000 01O000M000t
00409 THR01A0211_002 f 0.00  0.000     0  0.00  0  0  -2.267   1.431   0.188  -2.619   0.560   0.000 01O000M000t
00410 PHE01A0212_001 f 0.00  0.000     0  0.00  0  0   2.345  -5.242   0.018   0.000   0.000   0.000 01O000M000t
00411 GLU01A0213_001 f 0.00  0.000     0  0.00  0  0   2.300  -3.651   4.042  -1.069   0.080   0.000 01O000M000t
00412 GLU01A0213_002 f 0.00  0.000     0  0.00  0  0   2.300  -3.651   1.322  -0.867   1.100   0.000 01O000M000t
00413 GLU02A0213_003 f 0.00  0.000     0  0.00  0  0   3.083  -3.412   4.042   1.804   0.870   0.000 02O000M000t
00414 GLU02A0213_004 f 0.00  0.000     0  0.00  0  0   3.083  -3.412   1.322  -0.170   0.894   0.000 02O000M000t
00415 GLU-1A0213_005 f 0.00 -1.000     0  4.75  0 -1   2.266  -3.593   1.322  -2.944   2.340   0.000 -1O000M000t
00416 SER01A0214_001 f 0.00  0.000     0  0.00  0  0  -0.156  -1.413   0.572   2.000   1.721   0.000 01O000M000t
00417 SER01A0214_002 f 0.00  0.000     0  0.00  0  0  -0.156  -1.413   0.572  -1.322   1.283   0.000 01O000M000t
00418 SER01A0214_003 f 0.00  0.000     0  0.00  0  0  -0.156  -1.413   0.196  -0.508   1.728   0.000 01O000M000t
00419 ASP01A0215_001 f 0.00  0.000     0  0.00  0  0   0.180  -1.945   4.017  -2.625   1.164   0.000 01O000M000t
00420 ASP01A0215_002 f 0.00  0.000     0  0.00  0  0   0.180 997.055   1.297   3.257   1.850   0.000 01O000M000t
00421 ASP02A0215_003 f 0.00  0.000     0  0.00  0  0   0.100  -1.958   4.017  -1.455   1.354   0.000 02O000M000t
00422 ASP02A0215_004 f 0.00  0.000     0  0.00  0  0   0.100  -1.958   1.297   2.175   1.970   0.000 02O000M000t
00423 ASP-1A0215_005 f 0.00 -1.000     0  4.75  0 -1   0.097  -2.488   1.297  -9.697   7.502   0.000 -1O000M000t
00424 VAL01A0216_001 f 0.00  0.000     0  0.00  0  0   0.560   0.075   0.376   0.000   0.000   0.000 01O000M000t
00425 TRP01A0217_001 f 0.00  0.000     0  0.00  0  0   2.879 -12.872   0.018   0.000   0.000   0.000 01O000M000t
00426 SER01A0218_001 f 0.00  0.000     0  0.00  0  0  -0.060  -3.067   0.431  -2.186   1.153   0.000 01O000M000t
00427 SER01A0218_002 f 0.00  0.000     0  0.00  0  0  -0.060  -3.067   0.056   0.667   0.690   0.000 01O000M000t
00428 TYR01A0219_001 f 0.00  0.000     0  0.00  0  0   4.467  -6.692   0.070  -1.111   2.696   0.000 01O000M000t
00429 TYR01A0219_002 f 0.00  0.000     0  0.00  0  0   4.467  -6.692   0.070   0.716   2.695   0.000 01O000M000t
00430 TYR-1A0219_003 f 0.00 -1.000     0 10.20  0 -1   4.467  -6.692   0.070  -1.036  15.881   0.000 -1O000M000t
00431 ILE01A0221_001 f 0.00  0.000     0  0.00  0  0   3.875  -3.493   0.552   0.000   0.000   0.000 01O000M000t
00432 PHE01A0222_001 f 0.00  0.000     0  0.00  0  0   4.784  -5.946   0.221   0.000   0.000   0.000 01O000M000t
00433 LEU01A0223_001 f 0.00  0.000     0  0.00  0  0   1.831  -0.130   1.005   0.000   0.000   0.000 01O000M000t
00434 TRP01A0224_001 f 0.00  0.000     0  0.00  0  0   1.478 -10.937   0.337   0.000   0.000   0.000 01O000M000t
00435 GLU01A0225_001 f 0.00  0.000     0  0.00  0  0   0.955  -5.291   3.996  -2.737   2.220   0.000 01O000M000t
00436 GLU01A0225_002 f 0.00  0.000     0  0.00  0  0   0.955  -5.291   1.276  -0.504   2.737   0.000 01O000M000t
00437 GLU02A0225_003 f 0.00  0.000     0  0.00  0  0   0.892  -4.806   3.996  -0.886   2.360   0.000 02O000M000t
00438 GLU02A0225_004 f 0.00  0.000     0  0.00  0  0   0.892  -4.806   1.276   3.575   2.623   0.000 02O000M000t
00439 GLU-1A0225_005 f 0.00 -1.000     0  4.75  0 -1   0.784  -5.183   1.276  -8.199  12.640   0.000 -1O000M000t
00440 LEU01A0226_001 f 0.00  0.000     0  0.00  0  0   1.533  -4.103   0.421   0.000   0.000   0.000 01O000M000t
00441 PHE01A0227_001 f 0.00  0.000     0  0.00  0  0   4.298  -3.310   0.206   0.000   0.000   0.000 01O000M000t
00442 SER01A0228_001 f 0.00  0.000     0  0.00  0  0  -0.384   0.487   1.263  -0.519   1.924   0.000 01O000M000t
00443 SER01A0228_002 f 0.00  0.000     0  0.00  0  0  -0.384   0.487   0.888  -0.921   1.944   0.000 01O000M000t
00444 LEU01A0229_001 f 0.00  0.000     0  0.00  0  0   1.097   5.254   0.518   0.000   0.000   0.000 01O000M000t
00445 SER01A0231_001 f 0.00  0.000     0  0.00  0  0  -1.643  -1.865   0.390  -0.095   0.343   0.000 01O000M000t
00446 SER01A0231_002 f 0.00  0.000     0  0.00  0  0  -1.643  -1.865   0.015  -0.209   0.287   0.000 01O000M000t
00447 SER01A0232_001 f 0.00  0.000     0  0.00  0  0  -2.855  -0.955   0.554  -0.066   0.070   0.000 01O000M000t
00448 SER01A0232_002 f 0.00  0.000     0  0.00  0  0  -2.855  -0.955   0.554  -0.217   0.327   0.000 01O000M000t
00449 SER01A0232_003 f 0.00  0.000     0  0.00  0  0  -2.855  -0.955   0.179  -0.342  -0.007   0.000 01O000M000t
00450 PRO01A0233_001 f 0.00  0.000     0  0.00  0  0   0.237  -1.522   0.000   0.000   0.000   0.000 01O000M000t
00451 TYR01A0234_001 f 0.00  0.000     0  0.00  0  0   4.100  -3.535   0.044  -0.659   1.916   0.000 01O000M000t
00452 TYR-1A0234_002 f 0.00 -1.000     0 10.20  0 -1   4.100  -3.535   0.044   1.053   8.825   0.000 -1O000M000t
00453 PRO01A0235_001 f 0.00  0.000     0  0.00  0  0  -4.474  -1.190   0.000   0.000   0.000   0.000 01O000M000t
00454 MET01A0237_001 f 0.00  0.000     0  0.00  0  0  -1.535  -0.734   2.870   0.044   0.053   0.000 01O000M000t
00455 PRO01A0238_001 f 0.00  0.000     0  0.00  0  0  -5.243   0.841   0.000   0.000   0.000   0.000 01O000M000t
00456 VAL01A0239_001 f 0.00  0.000     0  0.00  0  0   0.072   0.175   0.003   0.000   0.000   0.000 01O000M000t
00457 ASP01A0240_001 f 0.00  0.000     0  0.00  0  0  -1.344   2.109   3.158  -1.389   0.242   0.000 01O000M000t
00458 ASP01A0240_002 f 0.00  0.000     0  0.00  0  0  -1.344   2.109   0.438  -1.401   1.156   0.000 01O000M000t
00459 ASP02A0240_003 f 0.00  0.000     0  0.00  0  0  -1.374   3.420   3.158   3.186   1.581   0.000 02O000M000t
00460 ASP02A0240_004 f 0.00  0.000     0  0.00  0  0  -1.374   3.420   0.438  -0.309   1.526   0.000 02O000M000t
00461 ASP-1A0240_005 f 0.00 -1.000     0  4.75  0 -1  -1.381   2.210   0.438  -3.473   3.611   0.000 -1O000M000t
00462 SER01A0241_001 f 0.00  0.000     0  0.00  0  0  -5.597  -0.564   0.395  -0.266  -0.151   0.000 01O000M000t
00463 LYS01A0242_001 f 0.00  0.000     0  0.00  0  0  -7.322  -1.267   3.748  -0.011  -0.027   0.000 01O000M000t
00464 LYS+1A0242_002 f 0.00  1.000     0 10.40  0  1  -7.369  -1.269   3.748   0.072  -0.012   0.000 +1O000M000t
00465 PHE01A0243_001 f 0.00  0.000     0  0.00  0  0   4.809  -6.512   0.129   0.000   0.000   0.000 01O000M000t
00466 TYR01A0244_001 f 0.00  0.000     0  0.00  0  0   2.312  -4.725   0.208   0.050   1.551   0.000 01O000M000t
00467 TYR-1A0244_002 f 0.00 -1.000     0 10.20  0 -1   2.312  -4.725   0.208  -0.745   5.536   0.000 -1O000M000t
00468 LYS01A0245_001 f 0.00  0.000     0  0.00  0  0  -7.610  -1.791   1.573  -0.007  -0.026   0.000 01O000M000t
00469 LYS+1A0245_002 f 0.00  1.000     0 10.40  0  1  -7.654  -1.794   1.573   0.063  -0.327   0.000 +1O000M000t
00470 MET01A0246_001 f 0.00  0.000     0  0.00  0  0  -1.707  -1.849   0.314   0.032   0.067   0.000 01O000M000t
00471 ILE01A0247_001 f 0.00  0.000     0  0.00  0  0   1.100   0.739   0.454   0.000   0.000   0.000 01O000M000t
00472 LYS01A0248_001 f 0.00  0.000     0  0.00  0  0  -6.113  -2.057   3.296  -0.005  -0.086   0.000 01O000M000t
00473 LYS+1A0248_002 f 0.00  1.000     0 10.40  0  1  -6.154  -2.060   3.296  -0.011   0.082   0.000 +1O000M000t
00474 GLU01A0249_001 f 0.00  0.000     0  0.00  0  0  -0.411  -3.225   4.161   0.170   1.384   0.000 01O000M000t
00475 GLU01A0249_002 f 0.00  0.000     0  0.00  0  0  -0.411  -3.225   1.441   0.018   0.727   0.000 01O000M000t
00476 GLU02A0249_003 f 0.00  0.000     0  0.00  0  0  -0.666  -3.186   4.161  -0.026   0.009   0.000 02O000M000t
00477 GLU02A0249_004 f 0.00  0.000     0  0.00  0  0  -0.666  -3.186   1.441  -0.012   0.960   0.000 02O000M000t
00478 GLU-1A0249_005 f 0.00 -1.000     0  4.75  0 -1  -0.773  -3.157   1.441  -0.062   2.109   0.000 -1O000M000t
00479 PHE01A0251_001 f 0.00  0.000     0  0.00  0  0  -2.066   2.342   0.976   0.000   0.000   0.000 01O000M000t
00480 ARG01A0252_001 f 0.00  0.000     0  0.00  0  0   0.016  -4.502   0.640  -1.674   2.613   0.000 01O000M000t
00481 ARG02A0252_002 f 0.00  0.000     0  0.00  0  0  -0.003  -4.482   0.640  -1.297   3.637   0.000 02O000M000t
00482 ARG02A0252_003 f 0.00  0.000     0  0.00  0  0   0.049  -4.737   0.640  -0.192   3.533   0.000 02O000M000t
00483 ARG03A0252_004 f 0.00  0.000     0  0.00  0  0  -0.007  -4.442   0.640  -1.776   3.349   0.000 03O000M000t
00484 ARG+1A0252_005 f 0.00  1.000     0 12.50  0  1  -0.049  -4.591   0.640  -6.582   4.713   0.000 +1O000M000t
00485 MET01A0253_001 f 0.00  0.000     0  0.00  0  0  -0.257  -3.969   0.935  -0.264   0.092   0.000 01O000M000t
00486 LEU01A0254_001 f 0.00  0.000     0  0.00  0  0  -8.253  -1.273   0.563   0.000   0.000   0.000 01O000M000t
00487 SER01A0255_001 f 0.00  0.000     0  0.00  0  0  -1.521  -0.331   0.404  -1.404   1.139   0.000 01O000M000t
00488 SER01A0255_002 f 0.00  0.000     0  0.00  0  0  -1.521  -0.331   0.404   0.456   1.568   0.000 01O000M000t
00489 PRO01A0256_001 f 0.00  0.000     0  0.00  0  0   0.244  -4.237   0.000   0.000   0.000   0.000 01O000M000t
00490 GLU01A0257_001 f 0.00  0.000     0  0.00  0  0  -1.622   1.748   3.557   0.038  -0.694   0.000 01O000M000t
00491 GLU01A0257_002 f 0.00  0.000     0  0.00  0  0  -1.622   1.748   0.837   0.028   0.648   0.000 01O000M000t
00492 GLU02A0257_003 f 0.00  0.000     0  0.00  0  0  -0.911   1.728   3.557   0.364   0.312   0.000 02O000M000t
00493 GLU02A0257_004 f 0.00  0.000     0  0.00  0  0  -0.911   1.728   0.837   0.058   0.609   0.000 02O000M000t
00494 GLU-1A0257_005 f 0.00 -1.000     0  4.75  0 -1  -1.469   1.765   0.837  -0.151   0.351   0.000 -1O000M000t
00495 HIS01A0258_001 f 0.00  0.000     0  0.00  0  0  -1.316  -2.037   0.082   0.234   1.610   0.000 01O000M000t
00496 HIS01A0258_002 f 0.00  0.000     0  0.00  0  0  -1.904  -1.915   0.082   0.405   1.886   0.000 01R001M000t
00497 HIS02A0258_003 f 0.00  0.000     0  0.00  0  0  -1.332  -2.090   0.082   0.308   1.201   0.000 02O000M000t
00498 HIS02A0258_004 f 0.00  0.000     0  0.00  0  0  -1.918  -1.944   0.082   0.258   1.757   0.000 02R001M000t
00499 HIS+1A0258_005 f 0.00  1.000     0  6.98  0  1  -1.359  -2.099   0.082   0.720   1.471   0.000 +1O000M000t
00500 HIS+1A0258_006 f 0.00  1.000     0  6.98  0  1  -1.944  -1.957   0.082   0.726   2.093   0.000 +1R001M000t
00501 ALA01A0259_001 f 0.00  0.000     0  0.00  0  0   0.000  -2.123   0.000   0.000   0.000   0.000 01O000M000t
00502 PRO01A0260_001 f 0.00  0.000     0  0.00  0  0  -1.149  -1.998   0.000   0.000   0.000   0.000 01O000M000t
00503 ALA01A0261_001 f 0.00  0.000     0  0.00  0  0  -4.926  -0.472   0.000   0.000   0.000   0.000 01O000M000t
00504 GLU01A0262_001 f 0.00  0.000     0  0.00  0  0  -1.114  -1.600   3.144   0.448   0.105   0.000 01O000M000t
00505 GLU01A0262_002 f 0.00  0.000     0  0.00  0  0  -1.114  -1.600   0.424   0.198   0.633   0.000 01O000M000t
00506 GLU02A0262_003 f 0.00  0.000     0  0.00  0  0  -1.213  -1.663   3.144  -0.039   1.492   0.000 02O000M000t
00507 GLU02A0262_004 f 0.00  0.000     0  0.00  0  0  -1.213  -1.663   0.424   0.110   1.110   0.000 02O000M000t
00508 GLU-1A0262_005 f 0.00 -1.000     0  4.75  0 -1  -1.268  -1.610   0.424  -0.180   2.698   0.000 -1O000M000t
00509 MET01A0263_001 f 0.00  0.000     0  0.00  0  0  -0.030  -2.651   0.543   0.064   0.099   0.000 01O000M000t
00510 TYR01A0264_001 f 0.00  0.000     0  0.00  0  0   2.123  -4.822   0.007  -2.058   1.873   0.000 01O000M000t
00511 TYR01A0264_002 f 0.00  0.000     0  0.00  0  0   2.123  -4.822   0.007   0.765   1.323   0.000 01O000M000t
00512 TYR-1A0264_003 f 0.00 -1.000     0 10.20  0 -1   2.123  -4.822   0.007   0.765   5.311   0.000 -1O000M000t
00513 ASP01A0265_001 f 0.00  0.000     0  0.00  0  0  -1.714  -2.316   3.004   0.695   1.016   0.000 01O000M000t
00514 ASP01A0265_002 f 0.00  0.000     0  0.00  0  0  -1.714  -2.316   0.284   0.205   0.923   0.000 01O000M000t
00515 ASP02A0265_003 f 0.00  0.000     0  0.00  0  0  -1.588  -2.613   3.004   0.482   0.556   0.000 02O000M000t
00516 ASP02A0265_004 f 0.00  0.000     0  0.00  0  0  -1.588  -2.613   0.284   0.234   0.495   0.000 02O000M000t
00517 ASP-1A0265_005 f 0.00 -1.000     0  4.75  0 -1  -1.613  -2.661   0.284  -0.377   1.954   0.000 -1O000M000t
00518 ILE01A0266_001 f 0.00  0.000     0  0.00  0  0   1.410  -1.058   0.806   0.000   0.000   0.000 01O000M000t
00519 MET01A0267_001 f 0.00  0.000     0  0.00  0  0   0.193  -7.395   1.505   0.061   0.099   0.000 01O000M000t
00520 LYS01A0268_001 f 0.00  0.000     0  0.00  0  0  -4.179  -3.834   2.504   0.001  -0.107   0.000 01O000M000t
00521 LYS+1A0268_002 f 0.00  1.000     0 10.40  0  1  -4.228  -3.842   2.504  -0.110   0.481   0.000 +1O000M000t
00522 THR01A0269_001 f 0.00  0.000     0  0.00  0  0  -3.303   1.832   0.392  -1.095   1.659   0.000 01O000M000t
00523 CYS01A0270_001 f 0.00  0.000     0  0.00  0  0  -0.002  -4.530   0.131   0.143   0.992   0.000 01O000M000t
00524 CYS01A0270_002 f 0.00  0.000     0  0.00  0  0  -0.002  -4.616   0.131  -0.258   0.979   0.000 01O000M000t
00525 CYS01A0270_003 f 0.00  0.000     0  0.00  0  0  -0.002  -4.556   0.131   0.310   0.994   0.000 01O000M000t
00526 CYS-1A0270_004 f 0.00 -1.000     0  9.10  0 -1   0.000  -4.465   0.131   1.246  14.368   0.000 -1O000M000t
00527 TRP01A0271_001 f 0.00  0.000     0  0.00  0  0   2.812 -12.905   0.026   0.000   0.000   0.000 01O000M000t
00528 ASP01A0272_001 f 0.00  0.000     0  0.00  0  0  -1.088  -1.486   4.094  -1.167   0.147   0.000 01O000M000t
00529 ASP01A0272_002 f 0.00  0.000     0  0.00  0  0  -1.088  -1.486   1.374  -1.077   1.361   0.000 01O000M000t
00530 ASP02A0272_003 f 0.00  0.000     0  0.00  0  0  -1.086   0.048   4.094   3.001   1.656   0.000 02O000M000t
00531 ASP02A0272_004 f 0.00  0.000     0  0.00  0  0  -1.086   0.048   1.374  -0.431   1.173   0.000 02O000M000t
00532 ASP-1A0272_005 f 0.00 -1.000     0  4.75  0 -1  -1.000  -1.414   1.374  -2.305   3.530   0.000 -1O000M000t
00533 ALA01A0273_001 f 0.00  0.000     0  0.00  0  0  -3.071  -0.690   0.000   0.000   0.000   0.000 01O000M000t
00534 ASP01A0274_001 f 0.00  0.000     0  0.00  0  0  -1.829  -0.162   2.761  -1.052   0.738   0.000 01O000M000t
00535 ASP01A0274_002 f 0.00  0.000     0  0.00  0  0  -1.829  -0.162   0.041  -1.104   1.360   0.000 01O000M000t
00536 ASP02A0274_003 f 0.00  0.000     0  0.00  0  0  -1.831   0.692   2.761   3.325   1.531   0.000 02O000M000t
00537 ASP02A0274_004 f 0.00  0.000     0  0.00  0  0  -1.831   0.692   0.041   0.093   1.500   0.000 02O000M000t
00538 ASP-1A0274_005 f 0.00 -1.000     0  4.75  0 -1  -1.735  -0.098   0.041  -4.045   3.689   0.000 -1O000M000t
00539 PRO01A0275_001 f 0.00  0.000     0  0.00  0  0  -2.199   0.546   0.000   0.000   0.000   0.000 01O000M000t
00540 LEU01A0276_001 f 0.00  0.000     0  0.00  0  0  -6.722  -0.041   0.414   0.000   0.000   0.000 01O000M000t
00541 LYS01A0277_001 f 0.00  0.000     0  0.00  0  0  -6.100  -1.782   1.494  -0.013   0.386   0.000 01O000M000t
00542 LYS+1A0277_002 f 0.00  1.000     0 10.40  0  1  -6.178  -1.793   1.494   0.410   1.959   0.000 +1O000M000t
00543 ARG01A0278_001 f 0.00  0.000     0  0.00  0  0   1.721 -13.358   1.076   0.918   4.422   0.000 01O000M000t
00544 ARG02A0278_002 f 0.00  0.000     0  0.00  0  0   1.680 -13.374   1.076  -2.705   4.928   0.000 02O000M000t
00545 ARG02A0278_003 f 0.00  0.000     0  0.00  0  0   1.741 -13.316   1.076  -0.923   4.915   0.000 02O000M000t
00546 ARG03A0278_004 f 0.00  0.000     0  0.00  0  0   1.676 -13.398   1.076  -2.460   4.838   0.000 03O000M000t
00547 ARG03A0278_005 f 0.00  0.000     0  0.00  0  0   1.681 -13.291   1.076   0.262   4.838   0.000 03O000M000t
00548 ARG+1A0278_006 f 0.00  1.000     0 12.50  0  1   1.637 -13.447   1.076  -5.851  10.758   0.000 +1O000M000t
00549 PRO01A0279_001 f 0.00  0.000     0  0.00  0  0  -0.449  -4.363   0.000   0.000   0.000   0.000 01O000M000t
00550 THR01A0280_001 f 0.00  0.000     0  0.00  0  0  -3.701  -0.734   0.439  -0.034   1.560   0.000 01O000M000t
00551 THR01A0280_002 f 0.00  0.000     0  0.00  0  0  -3.701  -0.734   0.064  -1.895   0.938   0.000 01O000M000t
00552 PHE01A0281_001 f 0.00  0.000     0  0.00  0  0   4.584  -9.707   0.426   0.000   0.000   0.000 01O000M000t
00553 LYS01A0282_001 f 0.00  0.000     0  0.00  0  0  -7.709  -0.901   5.071  -0.038   0.029   0.000 01O000M000t
00554 LYS+1A0282_002 f 0.00  1.000     0 10.40  0  1  -7.761  -0.903   5.071   0.421   0.045   0.000 +1O000M000t
00555 GLN01A0283_001 f 0.00  0.000     0  0.00  0  0  -1.824  -2.395   0.649  -1.148   0.565   0.000 01O000M000t
00556 GLN01A0283_002 f 0.00  0.000     0  0.00  0  0  -1.563  -1.077   0.635   2.593   0.430   0.000 01R001M000t
00557 ILE01A0284_001 f 0.00  0.000     0  0.00  0  0   1.452  -2.521   0.777   0.000   0.000   0.000 01O000M000t
00558 VAL01A0285_001 f 0.00  0.000     0  0.00  0  0  -0.519  -1.713   0.158   0.000   0.000   0.000 01O000M000t
00559 GLN01A0286_001 f 0.00  0.000     0  0.00  0  0  -2.235  -1.502   1.510   0.040  -0.080   0.000 01O000M000t
00560 GLN01A0286_002 f 0.00  0.000     0  0.00  0  0  -1.483  -1.547   1.510   0.081  -0.197   0.000 01R001M000t
00561 LEU01A0287_001 f 0.00  0.000     0  0.00  0  0  -2.281  -3.780   0.515   0.000   0.000   0.000 01O000M000t
00562 ILE01A0288_001 f 0.00  0.000     0  0.00  0  0   2.411  -0.908   0.417   0.000   0.000   0.000 01O000M000t
00563 GLU01A0289_001 f 0.00  0.000     0  0.00  0  0  -1.244  -2.621   4.008   0.620   0.132   0.000 01O000M000t
00564 GLU01A0289_002 f 0.00  0.000     0  0.00  0  0  -1.244  -2.621   1.288   0.148   0.874   0.000 01O000M000t
00565 GLU02A0289_003 f 0.00  0.000     0  0.00  0  0  -1.478  -2.830   4.008   0.050  -0.382   0.000 02O000M000t
00566 GLU02A0289_004 f 0.00  0.000     0  0.00  0  0  -1.478  -2.830   1.288   0.038   1.021   0.000 02O000M000t
00567 GLU-1A0289_005 f 0.00 -1.000     0  4.75  0 -1  -1.476  -2.772   1.288  -0.385   1.218   0.000 -1O000M000t
00568 LYS01A0290_001 f 0.00  0.000     0  0.00  0  0  -4.843  -0.117   2.433  -0.015   0.159   0.000 01O000M000t
00569 LYS+1A0290_002 f 0.00  1.000     0 10.40  0  1  -4.890  -0.123   2.433   0.027   0.257   0.000 +1O000M000t
00570 GLN01A0291_001 f 0.00  0.000     0  0.00  0  0   0.159  -3.404   2.173   0.014   1.182   0.000 01O000M000t
00571 GLN01A0291_002 f 0.00  0.000     0  0.00  0  0   0.561  -3.315   2.187   0.272   1.149   0.000 01R001M000t
00572 ILE01A0292_001 f 0.00  0.000     0  0.00  0  0  -1.032  -1.500   0.769   0.000   0.000   0.000 01O000M000t
00573 SER01A0293_001 f 0.00  0.000     0  0.00  0  0  -3.373  -1.559   1.309  -0.141  -0.271   0.000 01O000M000t
00574 GLU01A0294_001 f 0.00  0.000     0  0.00  0  0  -0.558  -3.819   4.912  -0.484   1.312   0.000 01O000M000t
00575 GLU01A0294_002 f 0.00  0.000     0  0.00  0  0  -0.558  -3.819   2.192   0.091   1.225   0.000 01O000M000t
00576 GLU02A0294_003 f 0.00  0.000     0  0.00  0  0  -0.957  -3.973   4.912   0.002   0.283   0.000 02O000M000t
00577 GLU02A0294_004 f 0.00  0.000     0  0.00  0  0  -0.957  -3.973   2.192   0.060   1.349   0.000 02O000M000t
00578 GLU-1A0294_005 f 0.00 -1.000     0  4.75  0 -1  -0.930  -3.942   2.192   0.020   3.281   0.000 -1O000M000t
00579 SER01A0295_001 f 0.00  0.000     0  0.00  0  0  -0.421  -1.973   0.857   0.160   0.632   0.000 01O000M000t
00580 SER01A0295_002 f 0.00  0.000     0  0.00  0  0  -0.421  -1.973   0.482   0.041   1.511   0.000 01O000M000t
00581 THR01A0296_001 f 0.00  0.000     0  0.00  0  0  -4.220   3.860   0.376   0.238   0.366   0.000 01O000M000t
00582 THR01A0296_002 f 0.00  0.000     0  0.00  0  0  -4.220   3.860   0.376  -2.249   1.470   0.000 01O000M000t
00583 THR01A0296_003 f 0.00  0.000     0  0.00  0  0  -4.220   3.860   0.001   0.223   0.231   0.000 01O000M000t
00584 ASN01A0297_001 f 0.00  0.000     0  0.00  0  0  -3.927  13.255   1.252   0.195  -0.103   0.000 01O000M000t
00585 ASN01A0297_002 f 0.00  0.000     0  0.00  0  0  -3.922  13.459   1.232   0.380  -0.365   0.000 01R001M000t
00586 0LI+1B0001_001 f 0.00  1.004     0  0.00  0  0   0.000 212.381   0.000  -3.256   8.353   0.316 +1O000M000t
00587 0LI+2B0001_002 f 0.00  1.002     0  0.00  0  0   0.000 216.769   0.000  -6.665   9.008   0.573 +2O000M000t
00588 0LI01B0001_003 f 0.00 -0.002     0  0.00  0  0   0.000 212.441   0.000  -3.240   6.440   2.030 01O000M000t
00589 0LIDMB0001_004 t 0.00  0.000     0  0.00  0  0   0.000   0.000   0.000   0.000   0.000   0.000         DMt
