  pH           7
TYR-A0002_ -0.01
ASP-A0003_ -1.00
LYS+A0004_  1.00
GLU-A0006_ -0.96
GLU-A0008_ -1.00
ARG+A0009_  1.00
ASP-A0011_ -0.99
LYS+A0015_  1.00
HIS+A0016_  0.23
LYS+A0017_  1.00
TYR-A0023_ -0.00
GLU-A0025_ -1.00
TYR-A0027_ -0.00
GLU-A0028_ -0.96
LYS+A0032_  1.00
LYS+A0033_  1.00
TYR-A0034_ -0.01
LYS+A0041_  1.00
LYS+A0044_  1.00
GLU-A0045_ -1.00
ASP-A0046_ -1.00
GLU-A0049_ -1.00
GLU-A0051_ -1.00
GLU-A0052_ -1.00
LYS+A0055_  1.00
GLU-A0056_ -1.00
LYS+A0061_  1.00
GLU-A0062_ -1.00
LYS+A0064_  1.00
HIS+A0065_  0.00
CYS-A0075_ -0.00
ARG+A0077_  1.00
GLU-A0078_ -1.00
TYR-A0082_ -0.00
GLU-A0086_ -1.00
TYR-A0090_ -0.00
ASP-A0095_ -1.00
TYR-A0096_ -0.00
ARG+A0098_  1.00
GLU-A0099_ -1.00
CYS-A0100_ -0.00
ARG+A0102_  1.00
GLU-A0104_ -1.00
TYR-A0112_ -0.00
GLU-A0122_ -1.00
TYR-A0123_ -0.00
GLU-A0125_ -1.00
LYS+A0126_  1.00
LYS+A0127_  0.98
HIS+A0131_  0.00
ARG+A0132_  1.00
ASP-A0133_ -1.00
ARG+A0137_  1.00
CYS-A0139_ -0.00
GLU-A0143_ -1.00
HIS+A0145_  0.10
LYS+A0148_  1.00
ASP-A0151_ -0.87
ARG+A0156_  1.00
ASP-A0161_ -1.00
TYR-A0163_ -0.00
HIS+A0166_  0.04
LYS+A0170_  1.00
LYS+A0174_  1.00
GLU-A0179_ -1.00
TYR-A0183_ -0.01
LYS+A0185_  1.00
LYS+A0189_  1.00
ASP-A0191_ -1.00
GLU-A0201_ -1.00
TYR-A0205_ -0.00
TYR-A0210_ -0.00
ASP-A0214_ -1.00
TYR-A0219_ -0.00
GLU-A0220_ -1.00
GLU-A0223_ -0.99
LYS+A0224_  1.00
ASP-A0225_ -1.00
TYR-A0226_ -0.00
ARG+A0227_  1.00
GLU-A0229_ -1.00
ARG+A0230_  1.00
GLU-A0232_ -1.00
CYS-A0234_ -0.00
GLU-A0236_ -1.00
LYS+A0237_  1.00
TYR-A0239_ -0.00
GLU-A0240_ -1.00
ARG+A0243_  1.00
CYS-A0245_ -0.00
ASP-A0252_ -1.00
ARG+A0253_  1.00
GLU-A0258_ -1.00
HIS+A0260_  0.50
GLU-A0264_ -0.99
GLU-A0269_ -1.00
STI+B0001_  0.00
----------
Net_Charge -7.95
Protons    -7.95
Electrons   0.00
