CONFORMER         crg  vdw0  vdw1  tors  epol  self   occ  Hb     history    ASA
ASN01A0001_001  0.000 -1.85 -0.45  1.24  0.00 -1.05 0.000  00  01O000M000  0.508
ASN01A0001_002  0.000 -2.37  0.67  1.24  0.00 -0.46 1.000  00  01R001M000  0.577
PRO01A0002_001  0.000 -1.37  0.28  0.00  0.00 -1.09 1.000  00  01O000M000  0.169
ASN01A0003_001  0.000 -2.14 -2.86  0.50  0.00 -4.50 0.748  00  01O000M000  0.529
ASN01A0003_002  0.000 -2.34 -2.44  0.50  0.00 -4.28 0.752  00  01R001M000  0.534
TYR01A0004_001  0.000  4.45 -8.92  0.14  0.00 -4.33 1.000  00  01O000M000  0.004
TYR-1A0004_002 -1.000  4.45 -8.92  0.14  0.00 -4.33 1.000  00  -1O000M000  0.004
CYS01A0005_001  0.000 -3.69 -1.62  0.37  0.00 -4.94 1.000  00  01O000M000  0.511
CYS01A0005_002  0.000 -3.69 -1.64  0.37  0.00 -4.96 1.000  00  01O000M000  0.511
CYS01A0005_003  0.000 -3.69 -1.58  0.37  0.00 -4.90 1.000  00  01O000M000  0.511
CYS-1A0005_004 -1.000 -3.69 -1.56  0.37  0.00 -4.88 1.000  00  -1O000M000  0.511
PHE01A0006_001  0.000  3.81 -6.23  0.11  0.00 -2.31 1.000  00  01O000M000  0.052
ALA01A0007_001  0.000 -1.46  2.05  0.00  0.00  0.59 1.000  00  01O000M000  0.274
LYS01A0009_001  0.000 -1.07  1.89  1.63  0.00  2.44 1.000  00  01O000M000  0.722
LYS+1A0009_002  1.000 -1.12  1.88  1.63  0.00  2.39 1.000  00  +1O000M000  0.722
THR01A0010_001  0.000 -3.21 -0.32  0.38  0.00 -3.15 0.670  00  01O000M000  0.391
THR01A0010_002  0.000 -3.21 -0.32  0.00  0.00 -3.53 0.670  00  01O000M000  0.391
SER01A0011_001  0.000 -0.14 -2.04  0.38  0.00 -1.80 0.668  00  01O000M000  0.023
SER01A0012_001  0.000 -1.09 -1.33  0.39  0.00 -2.03 0.669  00  01O000M000  0.183
SER01A0012_002  0.000 -1.09 -1.33  0.02  0.00 -2.40 0.669  00  01O000M000  0.183
ILE01A0013_001  0.000 -1.45 57.55  0.67  0.00 56.77 1.000  00  01O000M000  0.196
SER01A0014_001  0.000 -4.46 -0.80  0.40  0.00 -4.86 0.663  00  01O000M000  0.733
ASP01A0015_001  0.000 -1.79  1.87  3.49  0.00  3.58 1.000  00  01O000M000  0.471
ASP01A0015_002  0.000 -1.79  1.87  0.77  0.00  0.86 1.000  00  01O000M000  0.471
ASP02A0015_003  0.000 -1.54999.00  3.49  0.00999.00 1.000  00  02O000M000  0.440
ASP02A0015_004  0.000 -1.54  3.50  0.77  0.00  2.74 1.000  00  02O000M000  0.440
ASP-1A0015_005 -1.000 -1.64  1.79  0.77  0.00  0.93 1.000  00  -1O000M000  0.446
LEU01A0016_001  0.000  1.81 -5.89  0.51  0.00 -3.56 1.000  00  01O000M000  0.009
LYS01A0017_001  0.000 -6.84  1.84  1.67  0.00 -3.33 1.000  00  01O000M000  0.594
LYS+1A0017_002  1.000 -6.89  2.01  1.67  0.00 -3.21 1.000  00  +1O000M000  0.594
GLU01A0018_001  0.000  1.75 -5.48  3.29  0.00 -0.43 1.000  00  01O000M000  0.115
GLU01A0018_002  0.000  1.75 -5.48  0.57  0.00 -3.15 1.000  00  01O000M000  0.115
GLU02A0018_003  0.000  1.31 -5.46  3.29  0.00 -0.86 1.000  00  02O000M000  0.114
GLU02A0018_004  0.000  1.31 -5.46  0.57  0.00 -3.58 1.000  00  02O000M000  0.114
GLU-1A0018_005 -1.000  1.23 -5.61  0.57  0.00 -3.80 1.000  00  -1O000M000  0.118
VAL01A0019_001  0.000  0.05 -1.71  0.02  0.00 -1.63 1.000  00  01O000M000  0.057
PRO01A0020_001  0.000 -3.10 -0.34  0.00  0.00 -3.44 1.000  00  01O000M000  0.342
ARG01A0021_001  0.000 -0.84 -4.28  0.52  0.00 -4.60 1.000  00  01O000M000  0.228
ARG02A0021_002  0.000 -0.84 -4.32  0.52  0.00 -4.64 1.000  00  02O000M000  0.228
ARG03A0021_003  0.000 -0.90 -4.65  0.52  0.00 -5.03 1.000  00  03O000M000  0.228
ARG03A0021_004  0.000 -0.89 -4.17  0.52  0.00 -4.55 1.000  00  03O000M000  0.228
ARG+1A0021_005  1.000 -0.94 -4.34  0.52  0.00 -4.76 1.000  00  +1O000M000  0.228
LYS01A0022_001  0.000 -7.55 -1.32  1.05  0.00 -7.82 1.000  00  01O000M000  0.719
LYS+1A0022_002  1.000 -7.62 -1.32  1.05  0.00 -7.89 1.000  00  +1O000M000  0.719
ASN01A0023_001  0.000 -1.81  2.75  0.24  0.00  1.17 0.000  00  01O000M000  0.371
ASN01A0023_002  0.000 -1.82  0.46  0.24  0.00 -1.12 1.000  00  01R001M000  0.399
ILE01A0024_001  0.000  1.91 -0.15  0.50  0.00  2.26 1.000  00  01O000M000  0.000
THR01A0025_001  0.000 -3.90 -0.67  0.38  0.00 -4.20 0.665  00  01O000M000  0.476
THR01A0025_002  0.000 -3.90 -0.67  0.38  0.00 -4.20 0.665  00  01O000M000  0.476
LEU01A0026_001  0.000 -1.71  4.76  0.59  0.00  3.63 1.000  00  01O000M000  0.293
ILE01A0027_001  0.000 -0.32 -1.33  0.44  0.00 -1.22 1.000  00  01O000M000  0.219
ARG01A0028_001  0.000 -5.14 -1.59  0.63  0.00 -6.10 1.000  00  01O000M000  0.539
ARG02A0028_002  0.000 -5.17 -1.59  0.63  0.00 -6.14 1.000  00  02O000M000  0.539
ARG02A0028_003  0.000 -5.08 -1.59  0.63  0.00 -6.04 1.000  00  02O000M000  0.539
ARG03A0028_004  0.000 -5.18 -1.60  0.63  0.00 -6.14 1.000  00  03O000M000  0.539
ARG+1A0028_005  1.000 -5.22 -1.60  0.63  0.00 -6.19 1.000  00  +1O000M000  0.539
LEU01A0030_001  0.000  1.74 -4.24  0.44  0.00 -2.06 1.000  00  01O000M000  0.000
HIS01A0032_001  0.000 -4.88632.70  2.77  0.00630.59 0.000  00  01O000M000  0.467
HIS01A0032_002  0.000 -4.86521.62  2.77  0.00519.53 1.000  00  01R001M000  0.479
HIS02A0032_003  0.000 -4.90632.69  2.77  0.00630.56 0.000  00  02O000M000  0.467
HIS02A0032_004  0.000 -4.87524.14  2.77  0.00522.04 1.000  00  02R001M000  0.479
HIS+1A0032_005  1.000 -4.93632.67  2.77  0.00630.51 0.000  00  +1O000M000  0.467
HIS+1A0032_006  1.000 -4.89524.13  2.77  0.00522.01 1.000  00  +1R001M000  0.479
ALA01A0034_001  0.000 -3.29  3.81  0.00  0.00  0.52 1.000  00  01O000M000  0.587
PHE01A0035_001  0.000 -0.85 -3.27  0.03  0.00 -4.09 1.000  00  01O000M000  0.400
GLU01A0037_001  0.000 -1.03 -1.53  3.44  0.00  0.88 1.000  00  01O000M000  0.620
GLU01A0037_002  0.000 -1.03 -1.53  0.72  0.00 -1.84 1.000  00  01O000M000  0.620
GLU02A0037_003  0.000 -1.30 -1.52  3.44  0.00  0.63 1.000  00  02O000M000  0.618
GLU02A0037_004  0.000 -1.30 -1.52  0.72  0.00 -2.09 1.000  00  02O000M000  0.618
GLU-1A0037_005 -1.000 -1.31 -1.49  0.72  0.00 -2.08 1.000  00  -1O000M000  0.620
VAL01A0038_001  0.000  0.46 -2.14  0.01  0.00 -1.67 1.000  00  01O000M000  0.015
TYR01A0039_001  0.000  1.49 -8.36  0.02  0.00 -6.85 1.000  00  01O000M000  0.208
TYR01A0039_002  0.000  1.49 -8.36  0.02  0.00 -6.85 1.000  00  01O000M000  0.208
TYR-1A0039_003 -1.000  1.49 -8.36  0.02  0.00 -6.85 1.000  00  -1O000M000  0.208
GLU01A0040_001  0.000  0.92 -3.28  3.06  0.00  0.70 1.000  00  01O000M000  0.217
GLU01A0040_002  0.000  0.92 -3.28  0.34  0.00 -2.02 1.000  00  01O000M000  0.217
GLU02A0040_003  0.000  0.58 -3.27  3.06  0.00  0.37 1.000  00  02O000M000  0.204
GLU02A0040_004  0.000  0.58 -3.27  0.34  0.00 -2.35 1.000  00  02O000M000  0.204
GLU-1A0040_005 -1.000  0.45 -3.23  0.34  0.00 -2.44 1.000  00  -1O000M000  0.226
GLN01A0042_001  0.000 -0.40 -5.31  0.87  0.00 -4.84 0.756  00  01O000M000  0.373
GLN01A0042_002  0.000  0.42 -5.41  0.87  0.00 -4.13 0.744  00  01R001M000  0.371
VAL01A0043_001  0.000 -0.63  2.23  0.08  0.00  1.69 1.000  00  01O000M000  0.131
SER01A0044_001  0.000  0.00471.26  0.44  0.00471.70 0.000  00  01O000M000  0.000
SER01A0044_002  0.000  0.00471.26  0.44  0.00471.70 0.000  00  01O000M000  0.000
SER01A0044_003  0.000  0.00471.26  0.06  0.00471.32 0.000  00  01O000M000  0.000
MET01A0046_001  0.000 -7.36  3.64  3.41  0.00 -0.31 1.000  00  01O000M000  0.819
PRO01A0047_001  0.000 -2.19999.00  0.00  0.00999.00 1.000  00  01O000M000  0.423
ASN01A0048_001  0.000 -3.97 22.64  0.37  0.00 19.05 0.000  00  01O000M000  0.865
ASN01A0048_002  0.000 -3.87 16.33  0.37  0.00 12.83 1.000  00  01R001M000  0.887
ASP01A0049_001  0.000 -3.07 27.07  4.83  0.00 28.84 1.000  00  01O000M000  0.709
ASP01A0049_002  0.000 -3.07 27.07  2.11  0.00 26.12 1.000  00  01O000M000  0.709
ASP02A0049_003  0.000 -3.18 27.06  4.83  0.00 28.71 1.000  00  02O000M000  0.725
ASP02A0049_004  0.000 -3.18 27.06  2.11  0.00 25.99 1.000  00  02O000M000  0.725
ASP-1A0049_005 -1.000 -3.10 27.10  2.11  0.00 26.12 1.000  00  -1O000M000  0.714
PRO01A0050_001  0.000 -7.26  3.89  0.00  0.00 -3.37 1.000  00  01O000M000  0.753
SER01A0051_001  0.000 -1.13999.00  2.79  0.00999.00 0.000  00  01O000M000  0.183
SER01A0051_002  0.000 -1.13104.93  2.42  0.00106.22 0.000  00  01O000M000  0.183
PRO01A0052_001  0.000 -1.66 63.36  0.00  0.00 61.70 1.000  00  01O000M000  0.198
LEU01A0053_001  0.000 -4.23 -2.01  0.82  0.00 -5.42 1.000  00  01O000M000  0.521
GLN01A0054_001  0.000 -0.99 -0.58  0.35  0.00 -1.22 0.751  00  01O000M000  0.562
GLN01A0054_002  0.000  0.08 -0.58  0.35  0.00 -0.15 0.749  00  01R001M000  0.576
VAL01A0055_001  0.000  0.61 -2.80  0.01  0.00 -2.18 1.000  00  01O000M000  0.000
ALA01A0056_001  0.000  0.00 -2.16  0.00  0.00 -2.16 1.000  00  01O000M000  0.000
VAL01A0057_001  0.000  0.58 -3.28  0.05  0.00 -2.65 1.000  00  01O000M000  0.000
LYS01A0058_001  0.000  0.65 -3.83  0.88  0.00 -2.30 1.000  00  01O000M000  0.124
LYS+1A0058_002  1.000  0.57 -3.84  0.88  0.00 -2.39 1.000  00  +1O000M000  0.124
THR01A0059_001  0.000 -0.02 -2.24  0.61  0.00 -1.65 0.665  00  01O000M000  0.028
THR01A0059_002  0.000 -0.02 -2.24  0.61  0.00 -1.65 0.665  00  01O000M000  0.028
THR01A0059_003  0.000 -0.02 -2.24  0.23  0.00 -2.02 0.665  00  01O000M000  0.028
LEU01A0060_001  0.000  2.04 -5.47  0.61  0.00 -2.81 1.000  00  01O000M000  0.000
PRO01A0061_001  0.000 -1.41 -3.08  0.00  0.00 -4.49 1.000  00  01O000M000  0.174
GLU01A0062_001  0.000 -1.15 -3.01  3.93  0.00 -0.24 1.000  00  01O000M000  0.616
GLU01A0062_002  0.000 -1.15 -3.01  1.21  0.00 -2.96 1.000  00  01O000M000  0.616
GLU02A0062_003  0.000 -1.44 -3.02  3.93  0.00 -0.53 1.000  00  02O000M000  0.618
GLU02A0062_004  0.000 -1.44 -3.02  1.21  0.00 -3.25 1.000  00  02O000M000  0.618
GLU-1A0062_005 -1.000 -1.30 -2.96  1.21  0.00 -3.05 1.000  00  -1O000M000  0.594
VAL01A0063_001  0.000 -8.31  3.53  0.00  0.00 -4.78 1.000  00  01O000M000  0.910
CYS01A0064_001  0.000 -0.00 -3.23  0.10  0.00 -3.13 1.000  00  01O000M000  0.000
CYS01A0064_002  0.000 -0.00 -3.24  0.10  0.00 -3.14 1.000  00  01O000M000  0.000
CYS01A0064_003  0.000 -0.00 -3.17  0.10  0.00 -3.07 1.000  00  01O000M000  0.000
CYS-1A0064_004 -1.000  0.00 -3.10  0.10  0.00 -3.01 1.000  00  -1O000M000  0.000
SER01A0065_001  0.000 -2.32 -0.88  0.49  0.00 -2.70 0.671  00  01O000M000  0.387
SER01A0065_002  0.000 -2.32 -0.88  0.49  0.00 -2.70 0.671  00  01O000M000  0.387
SER01A0065_003  0.000 -2.32 -0.88  0.12  0.00 -3.08 0.671  00  01O000M000  0.387
GLU01A0066_001  0.000 -3.12 -1.50  6.12  0.00  1.50 1.000  00  01O000M000  0.841
GLU01A0066_002  0.000 -3.12 -1.50  3.40  0.00 -1.22 1.000  00  01O000M000  0.841
GLU02A0066_003  0.000 -3.24 -1.46  6.12  0.00  1.42 1.000  00  02O000M000  0.840
GLU02A0066_004  0.000 -3.24 -1.46  3.40  0.00 -1.30 1.000  00  02O000M000  0.840
GLU-1A0066_005 -1.000 -3.23 -1.47  3.40  0.00 -1.31 1.000  00  -1O000M000  0.837
GLN01A0067_001  0.000  0.42 21.72  0.57  0.00 22.71 0.000  00  01O000M000  0.165
GLN01A0067_002  0.000  0.19 19.93  0.57  0.00 20.69 1.000  00  01R001M000  0.140
ASP01A0068_001  0.000 -0.47  3.06  3.16  0.00  5.75 1.000  00  01O000M000  0.142
ASP01A0068_002  0.000 -0.47  3.06  0.44  0.00  3.03 1.000  00  01O000M000  0.142
ASP02A0068_003  0.000 -0.36  3.72  3.16  0.00  6.52 1.000  00  02O000M000  0.136
ASP02A0068_004  0.000 -0.36  3.72  0.44  0.00  3.80 1.000  00  02O000M000  0.136
ASP-1A0068_005 -1.000 -0.43  2.71  0.44  0.00  2.72 1.000  00  -1O000M000  0.137
GLU01A0069_001  0.000  2.26 -2.62  4.12  0.00  3.76 1.000  00  01O000M000  0.231
GLU01A0069_002  0.000  2.26 -2.62  1.40  0.00  1.04 1.000  00  01O000M000  0.231
GLU02A0069_003  0.000  1.58 -2.68  4.12  0.00  3.01 1.000  00  02O000M000  0.234
GLU02A0069_004  0.000  1.58 -2.68  1.40  0.00  0.29 1.000  00  02O000M000  0.234
GLU-1A0069_005 -1.000  1.55 -2.63  1.40  0.00  0.32 1.000  00  -1O000M000  0.231
LEU01A0070_001  0.000 -1.36  1.55  0.41  0.00  0.60 1.000  00  01O000M000  0.254
ASP01A0071_001  0.000 -0.04 -2.61  3.04  0.00  0.38 1.000  00  01O000M000  0.039
ASP01A0071_002  0.000 -0.04 -2.61  0.32  0.00 -2.34 1.000  00  01O000M000  0.039
ASP02A0071_003  0.000  0.06 -2.95  3.04  0.00  0.15 1.000  00  02O000M000  0.033
ASP02A0071_004  0.000  0.06 -2.95  0.32  0.00 -2.57 1.000  00  02O000M000  0.033
ASP-1A0071_005 -1.000 -0.05 -2.94  0.32  0.00 -2.67 1.000  00  -1O000M000  0.039
PHE01A0072_001  0.000  4.50 -9.75  0.40  0.00 -4.85 1.000  00  01O000M000  0.003
LEU01A0073_001  0.000  0.80 -2.43  0.80  0.00 -0.84 1.000  00  01O000M000  0.081
MET01A0074_001  0.000  2.50 -5.85  0.60  0.00 -2.76 1.000  00  01O000M000  0.000
GLU01A0075_001  0.000  0.86  5.68  4.08  0.00 10.62 1.000  00  01O000M000  0.023
GLU01A0075_002  0.000  0.86  5.68  1.36  0.00  7.90 1.000  00  01O000M000  0.023
GLU02A0075_003  0.000  0.71  6.02  4.08  0.00 10.81 1.000  00  02O000M000  0.031
GLU02A0075_004  0.000  0.71  6.02  1.36  0.00  8.09 1.000  00  02O000M000  0.031
GLU-1A0075_005 -1.000  0.61  5.74  1.36  0.00  7.72 1.000  00  -1O000M000  0.030
ALA01A0076_001  0.000  0.00 -0.50  0.00  0.00 -0.50 1.000  00  01O000M000  0.000
LEU01A0077_001  0.000  1.94 -7.09  0.62  0.00 -4.53 1.000  00  01O000M000  0.000
ILE01A0078_001  0.000  1.83  1.20  0.51  0.00  3.54 1.000  00  01O000M000  0.000
ILE01A0079_001  0.000  3.80 -2.61  0.41  0.00  1.60 1.000  00  01O000M000  0.013
SER01A0080_001  0.000 -0.84 -2.37  0.56  0.00 -2.65 0.665  00  01O000M000  0.142
SER01A0080_002  0.000 -0.84 -2.37  0.56  0.00 -2.65 0.665  00  01O000M000  0.142
SER01A0080_003  0.000 -0.84 -2.37  0.18  0.00 -3.03 0.665  00  01O000M000  0.142
LYS01A0081_001  0.000 -1.55  7.36  1.03  0.00  6.84 1.000  00  01O000M000  0.227
LYS+1A0081_002  1.000 -1.60  7.34  1.03  0.00  6.77 1.000  00  +1O000M000  0.227
PHE01A0082_001  0.000  4.53 -5.31  0.05  0.00 -0.72 1.000  00  01O000M000  0.000
ASN01A0083_001  0.000 -3.09  1.95  0.61  0.00 -0.53 1.000  00  01O000M000  0.746
HIS01A0084_001  0.000 -1.32 -5.74  0.24  0.00 -6.82 1.000  00  01O000M000  0.099
HIS02A0084_002  0.000 -1.34 -5.87  0.24  0.00 -6.97 1.000  00  02O000M000  0.099
HIS+1A0084_003  1.000 -1.37 -5.89  0.24  0.00 -7.03 1.000  00  +1O000M000  0.099
GLN01A0085_001  0.000  1.82 -0.24  3.03  0.00  4.62 0.000  00  01O000M000  0.731
GLN01A0085_002  0.000  0.03 -0.25  3.03  0.00  2.82 1.000  00  01R001M000  0.708
ASN01A0086_001  0.000  0.05 -5.62  0.96  0.00 -4.61 0.744  00  01O000M000  0.048
ASN01A0086_002  0.000  0.05 -5.88  0.96  0.00 -4.87 0.756  00  01R001M000  0.076
ILE01A0087_001  0.000  3.83 -3.37  0.41  0.00  0.87 1.000  00  01O000M000  0.000
VAL01A0088_001  0.000  0.70 -1.09  0.00  0.00 -0.39 1.000  00  01O000M000  0.000
ARG01A0089_001  0.000 -3.99 -6.06  0.76  0.00 -9.29 1.000  00  01O000M000  0.357
ARG02A0089_002  0.000 -4.03 -6.00  0.76  0.00 -9.27 1.000  00  02O000M000  0.357
ARG02A0089_003  0.000 -3.97 -6.04  0.76  0.00 -9.24 1.000  00  02O000M000  0.357
ARG03A0089_004  0.000 -4.03 -6.04  0.76  0.00 -9.31 1.000  00  03O000M000  0.357
ARG+1A0089_005  1.000 -4.07 -6.09  0.76  0.00 -9.40 1.000  00  +1O000M000  0.357
CYS01A0090_001  0.000 -0.00 -4.71  0.01  0.00 -4.71 1.000  00  01O000M000  0.000
CYS01A0090_002  0.000 -0.00 -4.62  0.01  0.00 -4.61 1.000  00  01O000M000  0.000
CYS01A0090_003  0.000 -0.00 -4.53  0.01  0.00 -4.53 1.000  00  01O000M000  0.000
CYS-1A0090_004 -1.000  0.00 -4.47  0.01  0.00 -4.46 1.000  00  -1O000M000  0.000
ILE01A0091_001  0.000 -0.63  6.95  0.99  0.00  7.31 1.000  00  01O000M000  0.128
VAL01A0093_001  0.000  0.62 -1.95  0.00  0.00 -1.33 1.000  00  01O000M000  0.000
SER01A0094_001  0.000  0.00 -2.22  0.38  0.00 -1.85 0.668  00  01O000M000  0.000
SER01A0094_002  0.000  0.00 -2.22  0.38  0.00 -1.85 0.668  00  01O000M000  0.000
SER01A0094_003  0.000  0.00 -2.22  0.00  0.00 -2.22 0.668  00  01O000M000  0.000
LEU01A0095_001  0.000  0.91 -3.43  0.44  0.00 -2.08 1.000  00  01O000M000  0.071
GLN01A0096_001  0.000 -0.29 -0.68  0.47  0.00 -0.49 0.752  00  01O000M000  0.644
GLN01A0096_002  0.000 -1.50 -0.67  0.47  0.00 -1.69 0.748  00  01R001M000  0.648
SER01A0097_001  0.000 -1.83 -1.40  0.44  0.00 -2.79 0.670  00  01O000M000  0.289
LEU01A0098_001  0.000 -2.47 -3.03  0.53  0.00 -4.98 1.000  00  01O000M000  0.384
PRO01A0099_001  0.000 -2.68 -2.42  0.00  0.00 -5.10 1.000  00  01O000M000  0.301
ARG01A0100_001  0.000 -1.12 -4.24  1.86  0.00 -3.51 1.000  00  01O000M000  0.209
ARG02A0100_002  0.000 -1.03 -4.22  1.86  0.00 -3.39 1.000  00  02O000M000  0.209
ARG03A0100_003  0.000 -1.14 -4.25  1.86  0.00 -3.54 1.000  00  03O000M000  0.209
ARG03A0100_004  0.000 -1.14 -4.25  1.86  0.00 -3.53 1.000  00  03O000M000  0.209
ARG+1A0100_005  1.000 -1.18 -4.26  1.86  0.00 -3.58 1.000  00  +1O000M000  0.209
PHE01A0101_001  0.000  3.80 -2.73  0.13  0.00  1.19 1.000  00  01O000M000  0.021
ILE01A0102_001  0.000  2.05 -3.37  0.56  0.00 -0.76 1.000  00  01O000M000  0.000
LEU01A0103_001  0.000  1.73 -5.67  0.69  0.00 -3.26 1.000  00  01O000M000  0.000
LEU01A0104_001  0.000  1.68 -5.19  0.43  0.00 -3.09 1.000  00  01O000M000  0.004
GLU01A0105_001  0.000  1.42 -4.21  2.95  0.00  0.17 1.000  00  01O000M000  0.231
GLU01A0105_002  0.000  1.42 -4.21  0.23  0.00 -2.55 1.000  00  01O000M000  0.231
GLU02A0105_003  0.000  0.79 -4.45  2.95  0.00 -0.70 1.000  00  02O000M000  0.257
GLU02A0105_004  0.000  0.79 -4.45  0.23  0.00 -3.42 1.000  00  02O000M000  0.257
GLU-1A0105_005 -1.000  0.84 -4.40  0.23  0.00 -3.32 1.000  00  -1O000M000  0.238
LEU01A0106_001  0.000  1.23 -5.25  0.49  0.00 -3.53 1.000  00  01O000M000  0.036
MET01A0107_001  0.000  0.30 -5.78  0.71  0.00 -4.77 1.000  00  01O000M000  0.000
ALA01A0108_001  0.000 -2.25 -0.85  0.00  0.00 -3.10 1.000  00  01O000M000  0.421
ASP01A0111_001  0.000 -0.13 -4.26  4.20  0.00 -0.19 1.000  00  01O000M000  0.124
ASP01A0111_002  0.000 -0.13 -4.26  1.48  0.00 -2.91 1.000  00  01O000M000  0.124
ASP02A0111_003  0.000  0.00 -3.57  4.20  0.00  0.64 1.000  00  02O000M000  0.094
ASP02A0111_004  0.000  0.00 -3.57  1.48  0.00 -2.08 1.000  00  02O000M000  0.094
ASP-1A0111_005 -1.000 -0.11 -4.22  1.48  0.00 -2.85 1.000  00  -1O000M000  0.104
LEU01A0112_001  0.000  1.81 -4.05  0.42  0.00 -1.81 1.000  00  01O000M000  0.000
LYS01A0113_001  0.000 -1.02 -4.93  1.19  0.00 -4.75 1.000  00  01O000M000  0.150
LYS+1A0113_002  1.000 -1.09 -4.98  1.19  0.00 -4.87 1.000  00  +1O000M000  0.150
SER01A0114_001  0.000 -2.60 -1.42  0.38  0.00 -3.64 0.663  00  01O000M000  0.433
SER01A0114_002  0.000 -2.60 -1.42  0.38  0.00 -3.64 0.663  00  01O000M000  0.433
SER01A0114_003  0.000 -2.60 -1.42  0.01  0.00 -4.02 0.663  00  01O000M000  0.433
PHE01A0115_001  0.000  4.63 -7.07  0.16  0.00 -2.28 1.000  00  01O000M000  0.004
LEU01A0116_001  0.000  1.91 -6.75  0.57  0.00 -4.27 1.000  00  01O000M000  0.000
ARG01A0117_001  0.000 -4.00 -5.95  0.55  0.00 -9.41 1.000  00  01O000M000  0.463
ARG02A0117_002  0.000 -4.05 -5.95  0.55  0.00 -9.46 1.000  00  02O000M000  0.463
ARG02A0117_003  0.000 -4.00 -5.90  0.55  0.00 -9.36 1.000  00  02O000M000  0.463
ARG03A0117_004  0.000 -4.06 -5.96  0.55  0.00 -9.48 1.000  00  03O000M000  0.463
ARG+1A0117_005  1.000 -4.10 -5.97  0.55  0.00 -9.52 1.000  00  +1O000M000  0.463
GLU01A0118_001  0.000 -0.13  0.10  3.34  0.00  3.31 1.000  00  01O000M000  0.477
GLU01A0118_002  0.000 -0.13  0.10  0.62  0.00  0.59 1.000  00  01O000M000  0.477
GLU02A0118_003  0.000 -0.42  0.10  3.34  0.00  3.02 1.000  00  02O000M000  0.457
GLU02A0118_004  0.000 -0.42  0.10  0.62  0.00  0.30 1.000  00  02O000M000  0.457
GLU-1A0118_005 -1.000 -0.46  0.16  0.62  0.00  0.32 1.000  00  -1O000M000  0.465
THR01A0119_001  0.000 -0.66 13.55  1.15  0.00 14.04 0.663  00  01O000M000  0.108
ARG01A0120_001  0.000 -0.07  5.82  0.67  0.00  6.42 1.000  00  01O000M000  0.103
ARG02A0120_002  0.000 -0.10  6.70  0.67  0.00  7.26 1.000  00  02O000M000  0.103
ARG02A0120_003  0.000 -0.04  6.70  0.67  0.00  7.33 1.000  00  02O000M000  0.103
ARG03A0120_004  0.000 -0.11  6.73  0.67  0.00  7.29 1.000  00  03O000M000  0.103
ARG+1A0120_005  1.000 -0.15  6.69  0.67  0.00  7.21 1.000  00  +1O000M000  0.103
PRO01A0121_001  0.000  0.22 -4.11  0.00  0.00 -3.89 1.000  00  01O000M000  0.000
ARG01A0122_001  0.000 -1.21539.99  1.71  0.00540.48 1.000  00  01O000M000  0.269
ARG02A0122_002  0.000 -1.23539.85  1.71  0.00540.33 1.000  00  02O000M000  0.269
ARG03A0122_003  0.000 -1.25539.89  1.71  0.00540.35 1.000  00  03O000M000  0.269
ARG03A0122_004  0.000 -1.24496.01  1.71  0.00496.47 1.000  00  03O000M000  0.269
ARG+1A0122_005  1.000 -1.29539.83  1.71  0.00540.25 1.000  00  +1O000M000  0.269
PRO01A0123_001  0.000 -2.61 -2.58  0.00  0.00 -5.19 1.000  00  01O000M000  0.290
SER01A0124_001  0.000 -3.84 -0.60  0.41  0.00 -4.04 0.672  00  01O000M000  0.649
GLN01A0125_001  0.000  0.13  1.75  1.58  0.00  3.47 0.752  00  01O000M000  0.551
GLN01A0125_002  0.000  2.27  1.57  1.58  0.00  5.42 0.748  00  01R001M000  0.543
PRO01A0126_001  0.000 -4.12  0.01  0.00  0.00 -4.11 1.000  00  01O000M000  0.456
SER01A0127_001  0.000 -4.72  2.77  0.39  0.00 -1.56 0.673  00  01O000M000  0.818
SER01A0128_001  0.000 -0.19 -0.56  0.38  0.00 -0.38 0.667  00  01O000M000  0.032
SER01A0128_002  0.000 -0.19 -0.56  0.38  0.00 -0.38 0.667  00  01O000M000  0.032
LEU01A0129_001  0.000  1.80  0.13  3.11  0.00  5.04 1.000  00  01O000M000  0.000
ALA01A0130_001  0.000 -2.26 -0.70  0.00  0.00 -2.96 1.000  00  01O000M000  0.411
MET01A0131_001  0.000 -0.03 -6.44  0.66  0.00 -5.81 1.000  00  01O000M000  0.000
LEU01A0132_001  0.000 -2.27 -1.35  0.65  0.00 -2.98 1.000  00  01O000M000  0.344
ASP01A0133_001  0.000 -0.26 -0.72  3.48  0.00  2.51 1.000  00  01O000M000  0.133
ASP01A0133_002  0.000 -0.26 -0.72  0.76  0.00 -0.21 1.000  00  01O000M000  0.133
ASP02A0133_003  0.000 -0.20999.00  3.48  0.00999.00 1.000  00  02O000M000  0.138
ASP02A0133_004  0.000 -0.20  0.21  0.76  0.00  0.77 1.000  00  02O000M000  0.138
ASP-1A0133_005 -1.000 -0.31 -0.77  0.76  0.00 -0.31 1.000  00  -1O000M000  0.138
LEU01A0134_001  0.000  1.81 -4.47  0.43  0.00 -2.23 1.000  00  01O000M000  0.000
LEU01A0135_001  0.000  1.76 -5.35  0.98  0.00 -2.61 1.000  00  01O000M000  0.000
HIS01A0136_001  0.000 -4.31 -3.84  0.64  0.00 -7.52 0.754  00  01O000M000  0.345
HIS01A0136_002  0.000 -3.79 -4.07  0.64  0.00 -7.22 0.746  00  01R001M000  0.314
HIS02A0136_003  0.000 -4.33 -3.86  0.64  0.00 -7.56 0.754  00  02O000M000  0.345
HIS02A0136_004  0.000 -3.80 -4.16  0.64  0.00 -7.32 0.746  00  02R001M000  0.314
HIS+1A0136_005  1.000 -4.36 -3.87  0.64  0.00 -7.59 0.754  00  +1O000M000  0.345
HIS+1A0136_006  1.000 -3.82 -4.16  0.64  0.00 -7.35 0.746  00  +1R001M000  0.314
VAL01A0137_001  0.000  0.63  0.40  0.23  0.00  1.27 1.000  00  01O000M000  0.000
ALA01A0138_001  0.000  0.00 -1.65  0.00  0.00 -1.65 1.000  00  01O000M000  0.000
ARG01A0139_001  0.000  8.27 -5.92  0.51  0.00  2.86 1.000  00  01O000M000  0.299
ARG02A0139_002  0.000  8.26 -5.89  0.51  0.00  2.88 1.000  00  02O000M000  0.299
ARG02A0139_003  0.000  6.68 -5.89  0.51  0.00  1.31 1.000  00  02O000M000  0.299
ARG03A0139_004  0.000  8.24 -5.92  0.51  0.00  2.83 1.000  00  03O000M000  0.299
ARG03A0139_005  0.000  8.25 -5.92  0.51  0.00  2.84 1.000  00  03O000M000  0.299
ARG+1A0139_006  1.000  8.20 -5.95  0.51  0.00  2.77 1.000  00  +1O000M000  0.299
ASP01A0140_001  0.000 -0.36 -2.46  2.94  0.00  0.12 1.000  00  01O000M000  0.094
ASP01A0140_002  0.000 -0.36 -2.46  0.22  0.00 -2.60 1.000  00  01O000M000  0.094
ASP02A0140_003  0.000 -0.20 -2.58  2.94  0.00  0.16 1.000  00  02O000M000  0.077
ASP02A0140_004  0.000 -0.20 -2.58  0.22  0.00 -2.56 1.000  00  02O000M000  0.077
ASP-1A0140_005 -1.000 -0.31 -2.81  0.22  0.00 -2.90 1.000  00  -1O000M000  0.086
ILE01A0141_001  0.000  2.89 -1.45  0.46  0.00  1.91 1.000  00  01O000M000  0.000
ALA01A0142_001  0.000  0.00 -2.12  0.00  0.00 -2.12 1.000  00  01O000M000  0.000
CYS01A0143_001  0.000 -1.74 -2.50  0.30  0.00 -3.95 1.000  00  01O000M000  0.245
CYS01A0143_002  0.000 -1.74 -2.47  0.30  0.00 -3.92 1.000  00  01O000M000  0.245
CYS01A0143_003  0.000 -1.74 -2.46  0.30  0.00 -3.90 1.000  00  01O000M000  0.245
CYS-1A0143_004 -1.000 -1.74 -2.45  0.30  0.00 -3.89 1.000  00  -1O000M000  0.245
CYS01A0145_001  0.000 -0.00 -3.44  0.39  0.00 -3.05 1.000  00  01O000M000  0.000
CYS01A0145_002  0.000 -0.00 -3.51  0.39  0.00 -3.12 1.000  00  01O000M000  0.000
CYS01A0145_003  0.000 -0.00 -3.44  0.39  0.00 -3.05 1.000  00  01O000M000  0.000
CYS-1A0145_004 -1.000  0.00 -3.40  0.39  0.00 -3.01 1.000  00  -1O000M000  0.000
GLN01A0146_001  0.000 -0.08 -4.48  0.54  0.00 -4.02 0.746  00  01O000M000  0.359
GLN01A0146_002  0.000 -0.57 -4.39  0.54  0.00 -4.42 0.754  00  01R001M000  0.344
TYR01A0147_001  0.000  3.04 -6.89  0.23  0.00 -3.61 1.000  00  01O000M000  0.097
TYR01A0147_002  0.000  3.04 -6.89  0.23  0.00 -3.61 1.000  00  01O000M000  0.097
TYR-1A0147_003 -1.000  3.04 -6.89  0.23  0.00 -3.61 1.000  00  -1O000M000  0.097
LEU01A0148_001  0.000  1.78 -3.24  0.46  0.00 -0.99 1.000  00  01O000M000  0.000
GLU01A0149_001  0.000 -0.02 -2.95  3.63  0.00  0.67 1.000  00  01O000M000  0.194
GLU01A0149_002  0.000 -0.02 -2.95  0.91  0.00 -2.05 1.000  00  01O000M000  0.194
GLU02A0149_003  0.000 -0.19 -3.10  3.63  0.00  0.35 1.000  00  02O000M000  0.210
GLU02A0149_004  0.000 -0.19 -3.10  0.91  0.00 -2.37 1.000  00  02O000M000  0.210
GLU-1A0149_005 -1.000 -0.21 -3.02  0.91  0.00 -2.32 1.000  00  -1O000M000  0.197
GLU01A0150_001  0.000  0.28 -0.65  3.17  0.00  2.81 1.000  00  01O000M000  0.497
GLU01A0150_002  0.000  0.28 -0.65  0.45  0.00  0.09 1.000  00  01O000M000  0.497
GLU02A0150_003  0.000 -0.14 -0.60  3.17  0.00  2.44 1.000  00  02O000M000  0.485
GLU02A0150_004  0.000 -0.14 -0.60  0.45  0.00 -0.28 1.000  00  02O000M000  0.485
GLU-1A0150_005 -1.000 -0.26 -0.58  0.45  0.00 -0.38 1.000  00  -1O000M000  0.492
ASN01A0151_001  0.000 -0.82 -2.48  1.45  0.00 -1.85 0.752  00  01O000M000  0.262
ASN01A0151_002  0.000 -0.64 -1.71  1.44  0.00 -0.91 0.748  00  01R001M000  0.237
HIS01A0152_001  0.000 -9.26 -1.30  0.38  0.00-10.18 0.756  00  01O000M000  0.769
HIS01A0152_002  0.000 -8.63 -1.31  0.38  0.00 -9.56 0.744  00  01R001M000  0.781
HIS02A0152_003  0.000 -9.28 -1.35  0.38  0.00-10.25 0.756  00  02O000M000  0.769
HIS02A0152_004  0.000 -8.64 -1.34  0.38  0.00 -9.60 0.744  00  02R001M000  0.781
HIS+1A0152_005  1.000 -9.31 -1.36  0.38  0.00-10.29 0.756  00  +1O000M000  0.769
HIS+1A0152_006  1.000 -8.67 -1.35  0.38  0.00 -9.64 0.744  00  +1R001M000  0.781
PHE01A0153_001  0.000  4.05 -5.92  0.10  0.00 -1.76 1.000  00  01O000M000  0.039
ILE01A0154_001  0.000  0.23 -2.28  0.46  0.00 -1.59 1.000  00  01O000M000  0.191
HIS01A0155_001  0.000 -0.15 -3.78  0.11  0.00 -3.81 1.000  00  01O000M000  0.000
HIS02A0155_002  0.000 -0.17 -4.09  0.11  0.00 -4.15 1.000  00  02O000M000  0.000
HIS+1A0155_003  1.000 -0.19 -3.99  0.11  0.00 -4.07 1.000  00  +1O000M000  0.000
ARG01A0156_001  0.000  0.75  5.52  0.50  0.00  6.78 1.000  00  01O000M000  0.128
ARG02A0156_002  0.000  0.75  5.50  0.50  0.00  6.75 1.000  00  02O000M000  0.128
ARG03A0156_003  0.000  0.72  5.50  0.50  0.00  6.73 1.000  00  03O000M000  0.128
ARG+1A0156_004  1.000  0.68  5.49  0.50  0.00  6.67 1.000  00  +1O000M000  0.128
ASP01A0157_001  0.000 -0.39  1.47  3.17  0.00  4.25 1.000  00  01O000M000  0.101
ASP01A0157_002  0.000 -0.39  1.47  0.45  0.00  1.53 1.000  00  01O000M000  0.101
ASP02A0157_003  0.000 -0.42  0.86  3.17  0.00  3.62 1.000  00  02O000M000  0.120
ASP02A0157_004  0.000 -0.42  0.86  0.45  0.00  0.90 1.000  00  02O000M000  0.120
ASP-1A0157_005 -1.000 -0.39  0.93  0.45  0.00  1.00 1.000  00  -1O000M000  0.102
ILE01A0158_001  0.000  2.88 -0.57  0.59  0.00  2.91 1.000  00  01O000M000  0.000
ALA01A0159_001  0.000  0.00 -0.99  0.00  0.00 -0.99 1.000  00  01O000M000  0.000
ALA01A0160_001  0.000  0.00 -1.67  0.00  0.00 -1.67 1.000  00  01O000M000  0.000
ARG01A0161_001  0.000 -2.13 -2.46  1.10  0.00 -3.49 1.000  00  01O000M000  0.297
ARG02A0161_002  0.000 -2.05 -2.45  1.10  0.00 -3.40 1.000  00  02O000M000  0.297
ARG03A0161_003  0.000 -2.15 -2.45  1.10  0.00 -3.50 1.000  00  03O000M000  0.297
ARG03A0161_004  0.000 -2.15 -2.45  1.10  0.00 -3.50 1.000  00  03O000M000  0.297
ARG+1A0161_005  1.000 -2.19 -2.47  1.10  0.00 -3.56 1.000  00  +1O000M000  0.297
ASN01A0162_001  0.000 -0.12 -1.89  0.43  0.00 -1.57 0.752  00  01O000M000  0.093
ASN01A0162_002  0.000 -0.44 -1.96  0.44  0.00 -1.97 0.748  00  01R001M000  0.118
CYS01A0163_001  0.000 -0.00 -4.78  0.00  0.00 -4.78 1.000  00  01O000M000  0.000
CYS01A0163_002  0.000 -0.00 -4.87  0.00  0.00 -4.87 1.000  00  01O000M000  0.000
CYS01A0163_003  0.000 -0.00 -4.74  0.00  0.00 -4.74 1.000  00  01O000M000  0.000
CYS-1A0163_004 -1.000  0.00 -4.70  0.00  0.00 -4.70 1.000  00  -1O000M000  0.000
LEU01A0164_001  0.000  1.90 -3.58  0.52  0.00 -1.16 1.000  00  01O000M000  0.000
LEU01A0165_001  0.000  2.11 -7.08  0.63  0.00 -4.34 1.000  00  01O000M000  0.000
THR01A0166_001  0.000 -1.78 -1.61  0.44  0.00 -2.94 0.665  00  01O000M000  0.221
THR01A0166_002  0.000 -1.78 -1.61  0.44  0.00 -2.94 0.665  00  01O000M000  0.221
CYS01A0167_001  0.000 -2.48 -2.95  0.01  0.00 -5.42 1.000  00  01O000M000  0.340
CYS01A0167_002  0.000 -2.48 -3.04  0.01  0.00 -5.51 1.000  00  01O000M000  0.340
CYS01A0167_003  0.000 -2.48 -2.85  0.01  0.00 -5.32 1.000  00  01O000M000  0.340
CYS-1A0167_004 -1.000 -2.48 -2.79  0.01  0.00 -5.26 1.000  00  -1O000M000  0.340
PRO01A0168_001  0.000 -4.45 -1.68  0.00  0.00 -6.12 1.000  00  01O000M000  0.474
PRO01A0170_001  0.000 -7.29  0.84  0.00  0.00 -6.45 1.000  00  01O000M000  0.777
ARG01A0172_001  0.000  1.84 -5.30  0.98  0.00 -2.47 1.000  00  01O000M000  0.032
ARG02A0172_002  0.000  1.81 -5.44  0.98  0.00 -2.65 1.000  00  02O000M000  0.032
ARG02A0172_003  0.000  1.89 -5.44  0.98  0.00 -2.56 1.000  00  02O000M000  0.032
ARG03A0172_004  0.000  1.80 -5.42  0.98  0.00 -2.64 1.000  00  03O000M000  0.032
ARG03A0172_005  0.000  1.80 -5.33  0.98  0.00 -2.54 1.000  00  03O000M000  0.032
ARG+1A0172_006  1.000  1.76 -5.47  0.98  0.00 -2.73 1.000  00  +1O000M000  0.032
VAL01A0173_001  0.000 -2.50 -0.43  0.05  0.00 -2.88 1.000  00  01O000M000  0.310
ALA01A0174_001  0.000  0.00 -2.07  0.00  0.00 -2.07 1.000  00  01O000M000  0.000
LYS01A0175_001  0.000 -0.19 -7.49  1.52  0.00 -6.16 1.000  00  01O000M000  0.077
LYS+1A0175_002  1.000 -0.23 -7.53  1.52  0.00 -6.24 1.000  00  +1O000M000  0.077
ILE01A0176_001  0.000  2.32 -2.99  0.53  0.00 -0.14 1.000  00  01O000M000  0.000
ALA01A0177_001  0.000  0.00 -1.93  0.00  0.00 -1.93 1.000  00  01O000M000  0.000
ASP01A0178_001  0.000 -0.58 -1.72  3.68  0.00  1.38 1.000  00  01O000M000  0.217
ASP01A0178_002  0.000 -0.58 -1.72  0.96  0.00 -1.34 1.000  00  01O000M000  0.217
ASP02A0178_003  0.000 -0.55 -2.35  3.68  0.00  0.78 1.000  00  02O000M000  0.219
ASP02A0178_004  0.000 -0.55 -2.35  0.96  0.00 -1.94 1.000  00  02O000M000  0.219
ASP-1A0178_005 -1.000 -0.62 -2.29  0.96  0.00 -1.95 1.000  00  -1O000M000  0.215
PHE01A0179_001  0.000  4.54 -4.91  0.25  0.00 -0.12 1.000  00  01O000M000  0.000
MET01A0181_001  0.000  0.49 -3.90  0.03  0.00 -3.38 1.000  00  01O000M000  0.073
ALA01A0182_001  0.000 -0.15 -1.76  0.00  0.00 -1.92 1.000  00  01O000M000  0.029
ARG01A0183_001  0.000  5.18 -0.42  1.16  0.00  5.92 1.000  00  01O000M000  0.118
ARG02A0183_002  0.000  5.14 -0.47  1.16  0.00  5.83 1.000  00  02O000M000  0.118
ARG02A0183_003  0.000  5.25 -1.01  1.16  0.00  5.39 1.000  00  02O000M000  0.118
ARG03A0183_004  0.000  5.13 -0.52  1.16  0.00  5.78 1.000  00  03O000M000  0.118
ARG03A0183_005  0.000  5.14 -0.49  1.16  0.00  5.81 1.000  00  03O000M000  0.118
ARG+1A0183_006  1.000  5.09 -0.54  1.16  0.00  5.71 1.000  00  +1O000M000  0.118
ASP01A0184_001  0.000 -0.38 -1.96  2.94  0.00  0.59 1.000  00  01O000M000  0.108
ASP01A0184_002  0.000 -0.38 -1.96  0.22  0.00 -2.13 1.000  00  01O000M000  0.108
ASP02A0184_003  0.000 -0.35 -2.47  2.94  0.00  0.11 1.000  00  02O000M000  0.119
ASP02A0184_004  0.000 -0.35 -2.47  0.22  0.00 -2.61 1.000  00  02O000M000  0.119
ASP-1A0184_005 -1.000 -0.38 -2.40  0.22  0.00 -2.57 1.000  00  -1O000M000  0.111
ILE01A0185_001  0.000 -1.35  3.32  0.46  0.00  2.42 1.000  00  01O000M000  0.316
TYR01A0186_001  0.000 -0.27 -5.60  0.31  0.00 -5.56 1.000  00  01O000M000  0.317
TYR-1A0186_002 -1.000 -0.27 -5.60  0.31  0.00 -5.56 1.000  00  -1O000M000  0.317
ARG01A0187_001  0.000 -1.33999.00  1.07  0.00999.00 1.000  00  01O000M000  0.195
ARG02A0187_002  0.000 -1.39999.00  1.07  0.00999.00 1.000  00  02O000M000  0.195
ARG02A0187_003  0.000 -1.33999.00  1.07  0.00999.00 1.000  00  02O000M000  0.195
ARG03A0187_004  0.000 -1.39999.00  1.07  0.00999.00 1.000  00  03O000M000  0.195
ARG+1A0187_005  1.000 -1.43999.00  1.07  0.00999.00 1.000  00  +1O000M000  0.195
ALA01A0188_001  0.000 -2.54 15.20  0.00  0.00 12.66 1.000  00  01O000M000  0.505
SER01A0189_001  0.000 -1.22242.72  1.57  0.00243.07 0.752  00  01O000M000  0.223
SER01A0189_002  0.000 -1.22242.72  1.57  0.00243.07 0.752  00  01O000M000  0.223
SER01A0189_003  0.000 -1.22242.72  1.19  0.00242.69 0.752  00  01O000M000  0.223
TYR01A0190_001  0.000  8.58  2.14  2.50  0.00 13.21 1.000  00  01O000M000  0.760
TYR-1A0190_002 -1.000  8.58  2.14  2.50  0.00 13.21 1.000  00  -1O000M000  0.760
TYR01A0191_001  0.000 -1.88  1.56  1.21  0.00  0.89 1.000  00  01O000M000  0.395
TYR01A0191_002  0.000 -1.88  1.56  1.21  0.00  0.89 1.000  00  01O000M000  0.395
TYR-1A0191_003 -1.000 -1.88  1.56  1.21  0.00  0.89 1.000  00  -1O000M000  0.395
ARG01A0192_001  0.000 -5.40999.00 10.09  0.00999.00 1.000  00  01O000M000  0.722
ARG02A0192_002  0.000 -5.45999.00 10.09  0.00999.00 1.000  00  02O000M000  0.722
ARG03A0192_003  0.000 -5.47999.00 10.09  0.00999.00 1.000  00  03O000M000  0.722
ARG+1A0192_004  1.000 -5.51999.00 10.09  0.00999.00 1.000  00  +1O000M000  0.722
LYS01A0193_001  0.000  1.29999.00  2.20  0.00999.00 1.000  00  01O000M000  0.108
LYS+1A0193_002  1.000  1.23999.00  2.20  0.00999.00 1.000  00  +1O000M000  0.108
CYS01A0196_001  0.000 -5.90 -0.71  0.05  0.00 -6.57 1.000  00  01O000M000  0.807
CYS01A0196_002  0.000 -5.90 -0.67  0.05  0.00 -6.53 1.000  00  01O000M000  0.807
CYS01A0196_003  0.000 -5.90 -0.65  0.05  0.00 -6.51 1.000  00  01O000M000  0.807
CYS-1A0196_004 -1.000 -5.90 -0.64  0.05  0.00 -6.49 1.000  00  -1O000M000  0.807
ALA01A0197_001  0.000 -4.48 -0.34  0.00  0.00 -4.82 1.000  00  01O000M000  0.853
MET01A0198_001  0.000 -5.78 -2.78  0.13  0.00 -8.43 1.000  00  01O000M000  0.623
LEU01A0199_001  0.000 -1.35 -3.13  0.99  0.00 -3.49 1.000  00  01O000M000  0.262
PRO01A0200_001  0.000 -0.19  1.57  0.00  0.00  1.38 1.000  00  01O000M000  0.045
VAL01A0201_001  0.000  0.60 -0.16  0.01  0.00  0.44 1.000  00  01O000M000  0.005
LYS01A0202_001  0.000 -0.37 -5.05  1.51  0.00 -3.91 1.000  00  01O000M000  0.102
LYS+1A0202_002  1.000 -0.41 -5.10  1.51  0.00 -4.00 1.000  00  +1O000M000  0.102
TRP01A0203_001  0.000  2.09 -9.34  0.32  0.00 -6.92 1.000  00  01O000M000  0.046
MET01A0204_001  0.000  0.18 -6.26  0.27  0.00 -5.80 1.000  00  01O000M000  0.010
PRO01A0205_001  0.000  0.23 -1.48  0.00  0.00 -1.25 1.000  00  01O000M000  0.000
PRO01A0206_001  0.000  0.03 -0.84  0.00  0.00 -0.81 1.000  00  01O000M000  0.021
GLU01A0207_001  0.000  2.03 -1.02  4.67  0.00  5.68 1.000  00  01O000M000  0.069
GLU01A0207_002  0.000  2.03 -1.02  1.95  0.00  2.96 1.000  00  01O000M000  0.069
GLU02A0207_003  0.000  1.62 -1.49  4.67  0.00  4.80 1.000  00  02O000M000  0.064
GLU02A0207_004  0.000  1.62 -1.49  1.95  0.00  2.08 1.000  00  02O000M000  0.064
GLU-1A0207_005 -1.000  1.55 -1.37  1.95  0.00  2.13 1.000  00  -1O000M000  0.065
ALA01A0208_001  0.000  0.00 -1.11  0.00  0.00 -1.11 1.000  00  01O000M000  0.000
PHE01A0209_001  0.000  4.42 -7.78  0.00  0.00 -3.36 1.000  00  01O000M000  0.008
MET01A0210_001  0.000 -4.34 -1.64  0.84  0.00 -5.14 1.000  00  01O000M000  0.403
GLU01A0211_001  0.000 -0.89 -2.00  3.42  0.00  0.53 1.000  00  01O000M000  0.688
GLU01A0211_002  0.000 -0.89 -2.00  0.70  0.00 -2.19 1.000  00  01O000M000  0.688
GLU02A0211_003  0.000 -1.37 -2.03  3.42  0.00  0.02 1.000  00  02O000M000  0.694
GLU02A0211_004  0.000 -1.37 -2.03  0.70  0.00 -2.70 1.000  00  02O000M000  0.694
GLU-1A0211_005 -1.000 -1.30 -1.99  0.70  0.00 -2.59 1.000  00  -1O000M000  0.684
ILE01A0213_001  0.000 -2.01 -0.48  0.47  0.00 -2.02 1.000  00  01O000M000  0.472
PHE01A0214_001  0.000  2.82 -5.79  0.03  0.00 -2.94 1.000  00  01O000M000  0.127
THR01A0215_001  0.000 -3.11  0.84  0.47  0.00 -1.80 0.665  00  01O000M000  0.379
THR01A0215_002  0.000 -3.11  0.84  0.47  0.00 -1.80 0.665  00  01O000M000  0.379
SER01A0216_001  0.000 -1.61 -0.49  0.75  0.00 -1.36 0.667  00  01O000M000  0.259
SER01A0216_002  0.000 -1.61 -0.49  0.75  0.00 -1.36 0.667  00  01O000M000  0.259
LYS01A0217_001  0.000 -1.43 -5.02  1.41  0.00 -5.05 1.000  00  01O000M000  0.172
LYS+1A0217_002  1.000 -1.51 -5.03  1.41  0.00 -5.14 1.000  00  +1O000M000  0.172
THR01A0218_001  0.000  0.21  1.10  0.38  0.00  1.69 0.664  00  01O000M000  0.000
THR01A0218_002  0.000  0.21  1.10  0.01  0.00  1.31 0.664  00  01O000M000  0.000
ASP01A0219_001  0.000  0.09 -3.12  3.11  0.00  0.08 1.000  00  01O000M000  0.000
ASP01A0219_002  0.000  0.09 -3.12  0.39  0.00 -2.64 1.000  00  01O000M000  0.000
ASP02A0219_003  0.000  0.16 -3.34  3.11  0.00 -0.06 1.000  00  02O000M000  0.000
ASP02A0219_004  0.000  0.16995.66  0.39  0.00996.22 1.000  00  02O000M000  0.000
ASP-1A0219_005 -1.000  0.08 -3.66  0.39  0.00 -3.18 1.000  00  -1O000M000  0.000
THR01A0220_001  0.000  0.19 -2.24  0.57  0.00 -1.48 0.663  00  01O000M000  0.000
THR01A0220_002  0.000  0.19 -2.24  0.19  0.00 -1.86 0.663  00  01O000M000  0.000
TRP01A0221_001  0.000  3.01-13.73  0.01  0.00-10.70 1.000  00  01O000M000  0.000
SER01A0222_001  0.000  0.00 -2.39  0.38  0.00 -2.02 0.670  00  01O000M000  0.000
SER01A0222_002  0.000  0.00 -2.39  0.38  0.00 -2.02 0.670  00  01O000M000  0.000
PHE01A0223_001  0.000  4.47 -7.77  0.02  0.00 -3.29 1.000  00  01O000M000  0.000
VAL01A0225_001  0.000  0.60 -2.29  0.00  0.00 -1.69 1.000  00  01O000M000  0.000
LEU01A0226_001  0.000  1.56 -2.62  0.76  0.00 -0.29 1.000  00  01O000M000  0.000
LEU01A0227_001  0.000  1.78 -2.34  2.15  0.00  1.59 1.000  00  01O000M000  0.000
TRP01A0228_001  0.000  2.34-11.40  0.25  0.00 -8.81 1.000  00  01O000M000  0.034
GLU01A0229_001  0.000  0.56 -2.34  4.33  0.00  2.54 1.000  00  01O000M000  0.007
GLU01A0229_002  0.000  0.56 -2.34  1.61  0.00 -0.18 1.000  00  01O000M000  0.007
GLU02A0229_003  0.000  0.56 -2.96  4.33  0.00  1.93 1.000  00  02O000M000  0.008
GLU02A0229_004  0.000  0.56 -2.96  1.61  0.00 -0.79 1.000  00  02O000M000  0.008
GLU-1A0229_005 -1.000  0.45 -2.85  1.61  0.00 -0.79 1.000  00  -1O000M000  0.008
ILE01A0230_001  0.000  1.94 -2.87  0.58  0.00 -0.35 1.000  00  01O000M000  0.000
PHE01A0231_001  0.000  4.54 -5.56  0.61  0.00 -0.41 1.000  00  01O000M000  0.000
SER01A0232_001  0.000 -0.24 -2.79  0.70  0.00 -2.33 0.665  00  01O000M000  0.041
SER01A0232_002  0.000 -0.24 -2.79  0.70  0.00 -2.33 0.665  00  01O000M000  0.041
LEU01A0233_001  0.000  1.42  8.23  0.57  0.00 10.22 1.000  00  01O000M000  0.009
TYR01A0235_001  0.000 -1.59 -1.82  1.04  0.00 -2.37 1.000  00  01O000M000  0.412
TYR-1A0235_002 -1.000 -1.59 -1.82  1.04  0.00 -2.37 1.000  00  -1O000M000  0.412
MET01A0236_001  0.000 -4.76 -1.48  0.37  0.00 -5.87 1.000  00  01O000M000  0.477
PRO01A0237_001  0.000  0.21 -0.79  0.00  0.00 -0.58 1.000  00  01O000M000  0.000
TYR01A0238_001  0.000  4.41 -2.97  0.03  0.00  1.47 1.000  00  01O000M000  0.004
TYR01A0238_002  0.000  4.41 -2.97  0.03  0.00  1.47 1.000  00  01O000M000  0.004
TYR-1A0238_003 -1.000  4.41 -2.97  0.03  0.00  1.47 1.000  00  -1O000M000  0.004
PRO01A0239_001  0.000 -3.69  0.45  0.00  0.00 -3.24 1.000  00  01O000M000  0.401
SER01A0240_001  0.000 -4.22 12.94  1.41  0.00 10.13 0.667  00  01O000M000  0.711
SER01A0240_002  0.000 -4.22 12.94  1.04  0.00  9.75 0.667  00  01O000M000  0.711
LYS01A0241_001  0.000 -1.66 -4.78  1.13  0.00 -5.31 1.000  00  01O000M000  0.264
LYS+1A0241_002  1.000 -1.75 -4.79  1.13  0.00 -5.41 1.000  00  +1O000M000  0.264
SER01A0242_001  0.000 -2.86 -0.84  0.60  0.00 -3.09 0.664  00  01O000M000  0.480
SER01A0242_002  0.000 -2.86 -0.84  0.60  0.00 -3.09 0.664  00  01O000M000  0.480
ASN01A0243_001  0.000 -1.18 -1.40  0.84  0.00 -1.73 0.744  00  01O000M000  0.267
ASN01A0243_002  0.000 -1.14 -0.05  0.84  0.00 -0.34 0.756  00  01R001M000  0.231
GLN01A0244_001  0.000 -1.87 -1.35  0.30  0.00 -2.92 0.755  00  01O000M000  0.613
GLN01A0244_002  0.000 -1.13 -1.10  0.30  0.00 -1.92 0.745  00  01R001M000  0.569
GLU01A0245_001  0.000 -0.74 -2.14  3.26  0.00  0.37 1.000  00  01O000M000  0.571
GLU01A0245_002  0.000 -0.74 -2.14  0.54  0.00 -2.35 1.000  00  01O000M000  0.571
GLU02A0245_003  0.000 -1.21 -2.70  3.26  0.00 -0.65 1.000  00  02O000M000  0.582
GLU02A0245_004  0.000 -1.21 -2.70  0.54  0.00 -3.37 1.000  00  02O000M000  0.582
GLU-1A0245_005 -1.000 -1.18 -2.67  0.54  0.00 -3.31 1.000  00  -1O000M000  0.580
VAL01A0246_001  0.000  0.62 -0.55  0.17  0.00  0.25 1.000  00  01O000M000  0.000
LEU01A0247_001  0.000 -0.03 -0.51  0.69  0.00  0.15 1.000  00  01O000M000  0.196
GLU01A0248_001  0.000 -1.00 -2.04  2.94  0.00 -0.10 1.000  00  01O000M000  0.629
GLU01A0248_002  0.000 -1.00 -2.04  0.22  0.00 -2.82 1.000  00  01O000M000  0.629
GLU02A0248_003  0.000 -1.40 -2.04  2.94  0.00 -0.50 1.000  00  02O000M000  0.640
GLU02A0248_004  0.000 -1.40 -2.04  0.22  0.00 -3.22 1.000  00  02O000M000  0.640
GLU-1A0248_005 -1.000 -1.38 -2.00  0.22  0.00 -3.15 1.000  00  -1O000M000  0.630
PHE01A0249_001  0.000  0.67 -6.95  0.01  0.00 -6.27 1.000  00  01O000M000  0.285
VAL01A0250_001  0.000  0.64 -0.36  0.28  0.00  0.56 1.000  00  01O000M000  0.000
THR01A0251_001  0.000 -2.08  1.15  0.56  0.00 -0.36 0.664  00  01O000M000  0.266
THR01A0251_002  0.000 -2.08  1.15  0.56  0.00 -0.36 0.664  00  01O000M000  0.266
THR01A0251_003  0.000 -2.08  1.15  0.18  0.00 -0.74 0.664  00  01O000M000  0.266
SER01A0252_001  0.000 -3.67 -1.38  0.42  0.00 -4.63 0.661  00  01O000M000  0.614
ARG01A0255_001  0.000 -0.45 -5.10  0.66  0.00 -4.89 1.000  00  01O000M000  0.156
ARG02A0255_002  0.000 -0.47 -5.01  0.66  0.00 -4.81 1.000  00  02O000M000  0.156
ARG02A0255_003  0.000 -0.40 -5.24  0.66  0.00 -4.98 1.000  00  02O000M000  0.156
ARG03A0255_004  0.000 -0.47 -5.13  0.66  0.00 -4.95 1.000  00  03O000M000  0.156
ARG+1A0255_005  1.000 -0.51 -5.19  0.66  0.00 -5.04 1.000  00  +1O000M000  0.156
MET01A0256_001  0.000  0.13 -4.22  1.24  0.00 -2.85 1.000  00  01O000M000  0.000
ASP01A0257_001  0.000 -3.35  0.89  3.27  0.00  0.81 1.000  00  01O000M000  0.774
ASP01A0257_002  0.000 -3.35  0.89  0.55  0.00 -1.91 1.000  00  01O000M000  0.774
ASP02A0257_003  0.000 -3.23  0.36  3.27  0.00  0.40 1.000  00  02O000M000  0.763
ASP02A0257_004  0.000 -3.23  0.36  0.55  0.00 -2.32 1.000  00  02O000M000  0.763
ASP-1A0257_005 -1.000 -3.30  0.39  0.55  0.00 -2.35 1.000  00  -1O000M000  0.770
PRO01A0258_001  0.000 -2.91 -1.54  0.00  0.00 -4.45 1.000  00  01O000M000  0.325
PRO01A0259_001  0.000  0.22 -2.83  0.00  0.00 -2.61 1.000  00  01O000M000  0.000
LYS01A0260_001  0.000 -4.03 -1.71  1.17  0.00 -4.57 1.000  00  01O000M000  0.607
LYS+1A0260_002  1.000 -4.08 -1.71  1.17  0.00 -4.62 1.000  00  +1O000M000  0.607
ASN01A0261_001  0.000 -1.79  5.81  0.61  0.00  4.63 0.746  00  01O000M000  0.415
ASN01A0261_002  0.000 -2.00  6.74  0.61  0.00  5.35 0.754  00  01R001M000  0.424
CYS01A0262_001  0.000 -0.00 -4.49  0.03  0.00 -4.46 1.000  00  01O000M000  0.000
CYS01A0262_002  0.000 -0.00 -4.33  0.03  0.00 -4.30 1.000  00  01O000M000  0.000
CYS01A0262_003  0.000 -0.00 -4.34  0.03  0.00 -4.31 1.000  00  01O000M000  0.000
CYS-1A0262_004 -1.000  0.00 -4.27  0.03  0.00 -4.24 1.000  00  -1O000M000  0.000
PRO01A0263_001  0.000 -0.04 -1.71  0.00  0.00 -1.75 1.000  00  01O000M000  0.027
PRO01A0265_001  0.000 -2.09  0.10  0.00  0.00 -1.99 1.000  00  01O000M000  0.231
VAL01A0266_001  0.000  0.66 -0.78  0.04  0.00 -0.08 1.000  00  01O000M000  0.000
TYR01A0267_001  0.000  1.50 -6.02  0.03  0.00 -4.49 1.000  00  01O000M000  0.199
TYR01A0267_002  0.000  1.50 -6.02  0.03  0.00 -4.49 1.000  00  01O000M000  0.199
TYR-1A0267_003 -1.000  1.50 -6.02  0.03  0.00 -4.49 1.000  00  -1O000M000  0.199
ARG01A0268_001  0.000 -5.80 -5.61  2.13  0.00 -9.28 1.000  00  01O000M000  0.589
ARG02A0268_002  0.000 -5.82 -5.62  2.13  0.00 -9.31 1.000  00  02O000M000  0.589
ARG03A0268_003  0.000 -5.83 -5.61  2.13  0.00 -9.30 1.000  00  03O000M000  0.589
ARG+1A0268_004  1.000 -5.87 -5.65  2.13  0.00 -9.38 1.000  00  +1O000M000  0.589
ILE01A0269_001  0.000  2.61 -2.68  0.42  0.00  0.34 1.000  00  01O000M000  0.004
MET01A0270_001  0.000  0.11 -7.07  0.53  0.00 -6.43 1.000  00  01O000M000  0.000
THR01A0271_001  0.000 -1.88 -1.75  0.38  0.00 -3.25 0.670  00  01O000M000  0.240
GLN01A0272_001  0.000 -0.84 -2.34  0.83  0.00 -2.35 0.745  00  01O000M000  0.365
GLN01A0272_002  0.000 -0.45 -2.31  0.83  0.00 -1.93 0.755  00  01R001M000  0.339
CYS01A0273_001  0.000 -0.00 -5.34  0.20  0.00 -5.15 1.000  00  01O000M000  0.000
CYS01A0273_002  0.000 -0.00 -5.41  0.20  0.00 -5.21 1.000  00  01O000M000  0.000
CYS01A0273_003  0.000 -0.00 -5.37  0.20  0.00 -5.17 1.000  00  01O000M000  0.000
CYS-1A0273_004 -1.000  0.00 -5.28  0.20  0.00 -5.08 1.000  00  -1O000M000  0.000
TRP01A0274_001  0.000  2.82-11.97  0.01  0.00 -9.14 1.000  00  01O000M000  0.000
GLN01A0275_001  0.000 -1.27 -4.86  1.14  0.00 -4.99 0.753  00  01O000M000  0.404
GLN01A0275_002  0.000 -1.17 -4.87  1.15  0.00 -4.89 0.747  00  01R001M000  0.403
HIS01A0276_001  0.000 -5.32 -3.02  0.01  0.00 -8.33 0.750  00  01O000M000  0.451
HIS01A0276_002  0.000 -4.85 -3.01  0.01  0.00 -7.85 0.750  00  01R001M000  0.426
HIS02A0276_003  0.000 -5.34 -3.06  0.01  0.00 -8.40 0.750  00  02O000M000  0.451
HIS02A0276_004  0.000 -4.86 -3.04  0.01  0.00 -7.89 0.750  00  02R001M000  0.426
HIS+1A0276_005  1.000 -5.37 -3.07  0.01  0.00 -8.44 0.750  00  +1O000M000  0.451
HIS+1A0276_006  1.000 -4.88 -3.05  0.01  0.00 -7.92 0.750  00  +1R001M000  0.426
GLN01A0277_001  0.000 -1.33 -1.63  0.90  0.00 -2.06 0.743  00  01O000M000  0.541
GLN01A0277_002  0.000 -1.76 -1.81  0.90  0.00 -2.66 0.757  00  01R001M000  0.546
PRO01A0278_001  0.000 -1.47 -0.71  0.00  0.00 -2.19 1.000  00  01O000M000  0.174
GLU01A0279_001  0.000 -0.79  1.08  5.04  0.00  5.33 1.000  00  01O000M000  0.618
GLU01A0279_002  0.000 -0.79  1.08  2.32  0.00  2.61 1.000  00  01O000M000  0.618
GLU02A0279_003  0.000 -1.19  0.45  5.04  0.00  4.30 1.000  00  02O000M000  0.644
GLU02A0279_004  0.000 -1.19  0.45  2.32  0.00  1.58 1.000  00  02O000M000  0.644
GLU-1A0279_005 -1.000 -1.13  0.50  2.32  0.00  1.68 1.000  00  -1O000M000  0.635
ASP01A0280_001  0.000 -2.45 -0.14  3.07  0.00  0.48 1.000  00  01O000M000  0.556
ASP01A0280_002  0.000 -2.45 -0.14  0.35  0.00 -2.24 1.000  00  01O000M000  0.556
ASP02A0280_003  0.000 -2.19 -0.68  3.07  0.00  0.20 1.000  00  02O000M000  0.526
ASP02A0280_004  0.000 -2.19 -0.68  0.35  0.00 -2.52 1.000  00  02O000M000  0.526
ASP-1A0280_005 -1.000 -2.36 -0.61  0.35  0.00 -2.63 1.000  00  -1O000M000  0.546
ARG01A0281_001  0.000  1.79 22.62  2.28  0.00 26.69 1.000  00  01O000M000  0.000
ARG02A0281_002  0.000  1.75 22.60  2.28  0.00 26.62 1.000  00  02O000M000  0.000
ARG02A0281_003  0.000  1.81 22.19  2.28  0.00 26.28 1.000  00  02O000M000  0.000
ARG03A0281_004  0.000  1.75 22.55  2.28  0.00 26.58 1.000  00  03O000M000  0.000
ARG03A0281_005  0.000  1.75 22.65  2.28  0.00 26.68 1.000  00  03O000M000  0.000
ARG+1A0281_006  1.000  1.71 22.51  2.28  0.00 26.49 1.000  00  +1O000M000  0.000
PRO01A0282_001  0.000  0.01 -3.55  0.00  0.00 -3.54 1.000  00  01O000M000  0.021
ASN01A0283_001  0.000 -1.57  0.04  0.34  0.00 -1.20 1.000  00  01O000M000  0.423
PHE01A0284_001  0.000  4.49 -9.61  0.69  0.00 -4.43 1.000  00  01O000M000  0.000
ALA01A0285_001  0.000 -2.45 -0.43  0.00  0.00 -2.88 1.000  00  01O000M000  0.433
ILE01A0286_001  0.000 -1.88  2.58  0.50  0.00  1.20 1.000  00  01O000M000  0.347
ILE01A0287_001  0.000  2.02 -3.14  0.56  0.00 -0.57 1.000  00  01O000M000  0.000
LEU01A0288_001  0.000  0.65 -3.78  1.63  0.00 -1.51 1.000  00  01O000M000  0.097
GLU01A0289_001  0.000 -0.98  3.72  2.97  0.00  5.71 1.000  00  01O000M000  0.679
GLU01A0289_002  0.000 -0.98  3.72  0.25  0.00  2.99 1.000  00  01O000M000  0.679
GLU02A0289_003  0.000 -1.34  3.74  2.97  0.00  5.38 1.000  00  02O000M000  0.662
GLU02A0289_004  0.000 -1.34  3.74  0.25  0.00  2.66 1.000  00  02O000M000  0.662
GLU-1A0289_005 -1.000 -1.32  3.78  0.25  0.00  2.72 1.000  00  -1O000M000  0.678
ARG01A0290_001  0.000 -3.95 -3.63  0.47  0.00 -7.12 1.000  00  01O000M000  0.336
ARG02A0290_002  0.000 -3.93 -3.63  0.47  0.00 -7.09 1.000  00  02O000M000  0.336
ARG03A0290_003  0.000 -3.99 -3.64  0.47  0.00 -7.17 1.000  00  03O000M000  0.336
ARG+1A0290_004  1.000 -4.04 -3.65  0.47  0.00 -7.21 1.000  00  +1O000M000  0.336
ILE01A0291_001  0.000  2.41 -3.63  0.51  0.00 -0.71 1.000  00  01O000M000  0.000
GLU01A0292_001  0.000 -0.86  7.22  4.40  0.00 10.77 1.000  00  01O000M000  0.501
GLU01A0292_002  0.000 -0.86  7.22  1.68  0.00  8.05 1.000  00  01O000M000  0.501
GLU02A0292_003  0.000 -1.12  7.13  4.40  0.00 10.42 1.000  00  02O000M000  0.500
GLU02A0292_004  0.000 -1.12  7.13  1.68  0.00  7.70 1.000  00  02O000M000  0.500
GLU-1A0292_005 -1.000 -1.04  7.17  1.68  0.00  7.81 1.000  00  -1O000M000  0.492
TYR01A0293_001  0.000 -5.57 -3.63  0.85  0.00 -8.35 1.000  00  01O000M000  0.698
TYR-1A0293_002 -1.000 -5.57 -3.63  0.85  0.00 -8.35 1.000  00  -1O000M000  0.698
CYS01A0294_001  0.000 -0.00 -3.83  0.34  0.00 -3.50 1.000  00  01O000M000  0.000
CYS01A0294_002  0.000 -0.00 -3.86  0.34  0.00 -3.52 1.000  00  01O000M000  0.000
CYS01A0294_003  0.000 -0.00 -3.83  0.34  0.00 -3.49 1.000  00  01O000M000  0.000
CYS-1A0294_004 -1.000  0.00 -3.73  0.34  0.00 -3.40 1.000  00  -1O000M000  0.000
THR01A0295_001  0.000 -0.72 16.77  0.62  0.00 16.66 0.675  00  01O000M000  0.105
THR01A0295_002  0.000 -0.72 16.77  0.62  0.00 16.66 0.675  00  01O000M000  0.105
THR01A0295_003  0.000 -0.72 16.77  0.24  0.00 16.29 0.675  00  01O000M000  0.105
GLN01A0296_001  0.000 -2.26 -2.79  1.06  0.00 -3.99 0.755  00  01O000M000  0.632
GLN01A0296_002  0.000 -2.00 -2.82  1.07  0.00 -3.75 0.745  00  01R001M000  0.591
ASP01A0297_001  0.000 -1.15  0.65  2.76  0.00  2.25 1.000  00  01O000M000  0.277
ASP01A0297_002  0.000 -1.15  0.65  0.04  0.00 -0.47 1.000  00  01O000M000  0.277
ASP02A0297_003  0.000 -0.88 -0.71  2.76  0.00  1.17 1.000  00  02O000M000  0.238
ASP02A0297_004  0.000 -0.88 -0.71  0.04  0.00 -1.55 1.000  00  02O000M000  0.238
ASP-1A0297_005 -1.000 -0.99 -0.63  0.04  0.00 -1.58 1.000  00  -1O000M000  0.249
PRO01A0298_001  0.000 -5.10  2.51  0.00  0.00 -2.58 1.000  00  01O000M000  0.552
ASP01A0299_001  0.000 -3.31  0.96  3.36  0.00  1.01 1.000  00  01O000M000  0.766
ASP01A0299_002  0.000 -3.31  0.96  0.64  0.00 -1.71 1.000  00  01O000M000  0.766
ASP02A0299_003  0.000 -3.34  0.37  3.36  0.00  0.38 1.000  00  02O000M000  0.784
ASP02A0299_004  0.000 -3.34  0.37  0.64  0.00 -2.34 1.000  00  02O000M000  0.784
ASP-1A0299_005 -1.000 -3.22  0.40  0.64  0.00 -2.19 1.000  00  -1O000M000  0.779
VAL01A0300_001  0.000  0.62 -0.78  0.11  0.00 -0.05 1.000  00  01O000M000  0.000
ILE01A0301_001  0.000  1.66 -4.34  0.40  0.00 -2.28 1.000  00  01O000M000  0.194
ASN01A0302_001  0.000 -2.77  2.05  0.72  0.00  0.01 0.748  00  01O000M000  0.646
ASN01A0302_002  0.000 -3.08  2.83  0.72  0.00  0.47 0.752  00  01R001M000  0.669
THR01A0303_001  0.000 -1.76 -1.43  0.38  0.00 -2.82 0.661  00  01O000M000  0.225
ALA01A0304_001  0.000 -4.12 -0.67  0.00  0.00 -4.79 1.000  00  01O000M000  0.762
LEU01A0305_001  0.000  1.64 -4.42  0.71  0.00 -2.07 1.000  00  01O000M000  0.008
PRO01A0306_001  0.000 -0.92 -1.99  0.00  0.00 -2.92 1.000  00  01O000M000  0.118
ILE01A0307_001  0.000 -0.97 -3.27  0.43  0.00 -3.81 1.000  00  01O000M000  0.365
GLU01A0308_001  0.000 -1.03 -2.68  3.78  0.00  0.08 1.000  00  01O000M000  0.380
GLU01A0308_002  0.000 -1.03 -2.68  1.06  0.00 -2.64 1.000  00  01O000M000  0.380
GLU02A0308_003  0.000 -1.03 -2.66  3.78  0.00  0.10 1.000  00  02O000M000  0.375
GLU02A0308_004  0.000 -1.03 -2.66  1.06  0.00 -2.62 1.000  00  02O000M000  0.375
GLU-1A0308_005 -1.000 -1.18 -2.63  1.06  0.00 -2.75 1.000  00  -1O000M000  0.382
TYR01A0309_001  0.000 -7.26 -1.93  0.18  0.00 -9.01 1.000  00  01O000M000  0.807
TYR01A0309_002  0.000 -7.26 -1.93  0.18  0.00 -9.01 1.000  00  01O000M000  0.807
TYR-1A0309_003 -1.000 -7.26 -1.93  0.18  0.00 -9.01 1.000  00  -1O000M000  0.807
