iConf CONFORMER     FL  occ    crg   Em0  pKa0 ne nH    vdw0    vdw1    tors    epol   dsolv   extra    history
00001 ASN01A0001_001 f 0.00  0.000     0  0.00  0  0  -1.850  -0.446   1.242   0.740   0.950   0.000 01O000M000t
00002 ASN01A0001_002 f 0.00  0.000     0  0.00  0  0  -2.368   0.667   1.239  -0.024   0.543   0.000 01R001M000t
00003 PRO01A0002_001 f 0.00  0.000     0  0.00  0  0  -1.370   0.273   0.000   0.000   0.000   0.000 01O000M000t
00004 ASN01A0003_001 f 0.00  0.000     0  0.00  0  0  -2.141  -2.860   0.501   0.337   0.508   0.000 01O000M000t
00005 ASN01A0003_002 f 0.00  0.000     0  0.00  0  0  -2.340  -2.436   0.500   0.022   0.700   0.000 01R001M000t
00006 TYR01A0004_001 f 0.00  0.000     0  0.00  0  0   4.451  -8.920   0.141  -0.025   1.981   0.000 01O000M000t
00007 TYR-1A0004_002 f 0.00 -1.000     0 10.20  0 -1   4.451  -8.920   0.141  -0.225   9.043   0.000 -1O000M000t
00008 CYS01A0005_001 f 0.00  0.000     0  0.00  0  0  -3.692  -1.624   0.372  -0.042   0.371   0.000 01O000M000t
00009 CYS01A0005_002 f 0.00  0.000     0  0.00  0  0  -3.692  -1.637   0.372  -0.042   0.249   0.000 01O000M000t
00010 CYS01A0005_003 f 0.00  0.000     0  0.00  0  0  -3.693  -1.575   0.372  -0.267   0.040   0.000 01O000M000t
00011 CYS-1A0005_004 f 0.00 -1.000     0  9.10  0 -1  -3.690  -1.559   0.372  -1.251   1.837   0.000 -1O000M000t
00012 PHE01A0006_001 f 0.00  0.000     0  0.00  0  0   3.809  -6.225   0.110   0.000   0.000   0.000 01O000M000t
00013 ALA01A0007_001 f 0.00  0.000     0  0.00  0  0  -1.458   2.044   0.000   0.000   0.000   0.000 01O000M000t
00014 LYS01A0009_001 f 0.00  0.000     0  0.00  0  0  -1.078   1.892   1.627  -0.007  -0.076   0.000 01O000M000t
00015 LYS+1A0009_002 f 0.00  1.000     0 10.40  0  1  -1.125   1.889   1.627  -0.156  -0.278   0.000 +1O000M000t
00016 THR01A0010_001 f 0.00  0.000     0  0.00  0  0  -3.212  -0.317   0.375  -0.000   1.094   0.000 01O000M000t
00017 THR01A0010_002 f 0.00  0.000     0  0.00  0  0  -3.212  -0.317   0.000  -0.320   0.021   0.000 01O000M000t
00018 SER01A0011_001 f 0.00  0.000     0  0.00  0  0  -0.144  -2.041   0.383  -0.925   1.017   0.000 01O000M000t
00019 SER01A0012_001 f 0.00  0.000     0  0.00  0  0  -1.095  -1.329   0.394  -0.773   0.136   0.000 01O000M000t
00020 SER01A0012_002 f 0.00  0.000     0  0.00  0  0  -1.095  -1.329   0.019  -1.549   0.181   0.000 01O000M000t
00021 ILE01A0013_001 f 0.00  0.000     0  0.00  0  0  -1.448  57.873   0.667   0.000   0.000   0.000 01O000M000t
00022 SER01A0014_001 f 0.00  0.000     0  0.00  0  0  -4.459  -0.798   0.402  -0.393  -0.114   0.000 01O000M000t
00023 ASP01A0015_001 f 0.00  0.000     0  0.00  0  0  -1.788   1.873   3.494  -1.075  -0.361   0.000 01O000M000t
00024 ASP01A0015_002 f 0.00  0.000     0  0.00  0  0  -1.788   1.873   0.774  -1.225   0.784   0.000 01O000M000t
00025 ASP02A0015_003 f 0.00  0.000     0  0.00  0  0  -1.538 999.000   3.494   4.601   1.343   0.000 02O000M000t
00026 ASP02A0015_004 f 0.00  0.000     0  0.00  0  0  -1.538   3.502   0.774  -0.641   0.844   0.000 02O000M000t
00027 ASP-1A0015_005 f 0.00 -1.000     0  4.75  0 -1  -1.637   1.790   0.774  -2.627   1.740   0.000 -1O000M000t
00028 LEU01A0016_001 f 0.00  0.000     0  0.00  0  0   1.813  -5.890   0.514   0.000   0.000   0.000 01O000M000t
00029 LYS01A0017_001 f 0.00  0.000     0  0.00  0  0  -6.846   1.843   1.673  -0.089   0.478   0.000 01O000M000t
00030 LYS+1A0017_002 f 0.00  1.000     0 10.40  0  1  -6.890   2.017   1.673  -1.508   1.750   0.000 +1O000M000t
00031 GLU01A0018_001 f 0.00  0.000     0  0.00  0  0   1.748  -5.473   3.292  -1.948   1.139   0.000 01O000M000t
00032 GLU01A0018_002 f 0.00  0.000     0  0.00  0  0   1.748  -5.473   0.572   2.916   2.315   0.000 01O000M000t
00033 GLU02A0018_003 f 0.00  0.000     0  0.00  0  0   1.307  -5.460   3.292  -1.858   1.138   0.000 02O000M000t
00034 GLU02A0018_004 f 0.00  0.000     0  0.00  0  0   1.307  -5.460   0.572   2.422   2.394   0.000 02O000M000t
00035 GLU-1A0018_005 f 0.00 -1.000     0  4.75  0 -1   1.230  -5.603   0.572  -6.069   6.831   0.000 -1O000M000t
00036 VAL01A0019_001 f 0.00  0.000     0  0.00  0  0   0.050  -1.708   0.024   0.000   0.000   0.000 01O000M000t
00037 PRO01A0020_001 f 0.00  0.000     0  0.00  0  0  -3.104  -0.338   0.000   0.000   0.000   0.000 01O000M000t
00038 ARG01A0021_001 f 0.00  0.000     0  0.00  0  0  -0.838  -4.281   0.518  -2.301   3.899   0.000 01O000M000t
00039 ARG02A0021_002 f 0.00  0.000     0  0.00  0  0  -0.841  -4.313   0.518  -2.303   4.092   0.000 02O000M000t
00040 ARG03A0021_003 f 0.00  0.000     0  0.00  0  0  -0.898  -4.650   0.518   1.100   4.276   0.000 03O000M000t
00041 ARG03A0021_004 f 0.00  0.000     0  0.00  0  0  -0.893  -4.172   0.518  -1.623   4.182   0.000 03O000M000t
00042 ARG+1A0021_005 f 0.00  1.000     0 12.50  0  1  -0.938  -4.338   0.518  -3.583   7.421   0.000 +1O000M000t
00043 LYS01A0022_001 f 0.00  0.000     0  0.00  0  0  -7.552  -1.316   1.047   0.073   0.480   0.000 01O000M000t
00044 LYS+1A0022_002 f 0.00  1.000     0 10.40  0  1  -7.616  -1.323   1.047   0.564   1.543   0.000 +1O000M000t
00045 ASN01A0023_001 f 0.00  0.000     0  0.00  0  0  -1.811   2.748   0.235   0.199   0.915   0.000 01O000M000t
00046 ASN01A0023_002 f 0.00  0.000     0  0.00  0  0  -1.819   0.463   0.235  -0.097   0.683   0.000 01R001M000t
00047 ILE01A0024_001 f 0.00  0.000     0  0.00  0  0   1.914  -0.145   0.498   0.000   0.000   0.000 01O000M000t
00048 THR01A0025_001 f 0.00  0.000     0  0.00  0  0  -3.900  -0.669   0.375  -0.119  -0.226   0.000 01O000M000t
00049 THR01A0025_002 f 0.00  0.000     0  0.00  0  0  -3.900  -0.669   0.375  -0.278   0.356   0.000 01O000M000t
00050 LEU01A0026_001 f 0.00  0.000     0  0.00  0  0  -1.711   4.774   0.587   0.000   0.000   0.000 01O000M000t
00051 ILE01A0027_001 f 0.00  0.000     0  0.00  0  0  -0.321  -1.336   0.439   0.000   0.000   0.000 01O000M000t
00052 ARG01A0028_001 f 0.00  0.000     0  0.00  0  0  -5.911  -1.589   0.629   0.027   0.637   0.000 01O000M000t
00053 ARG02A0028_002 f 0.00  0.000     0  0.00  0  0  -5.948  -1.594   0.629   0.037   1.902   0.000 02O000M000t
00054 ARG02A0028_003 f 0.00  0.000     0  0.00  0  0  -5.858  -1.588   0.629  -0.105   1.382   0.000 02O000M000t
00055 ARG03A0028_004 f 0.00  0.000     0  0.00  0  0  -5.951  -1.595   0.629   0.017   1.463   0.000 03O000M000t
00056 ARG+1A0028_005 f 0.00  1.000     0 12.50  0  1  -5.996  -1.598   0.629   0.109   0.920   0.000 +1O000M000t
00057 LEU01A0030_001 f 0.00  0.000     0  0.00  0  0  -0.953  -4.237   0.436   0.000   0.000   0.000 01O000M000t
00058 HIS01A0032_001 f 0.00  0.000     0  0.00  0  0  -6.687 632.295   2.767   0.476   0.479   0.000 01O000M000t
00059 HIS01A0032_002 f 0.00  0.000     0  0.00  0  0  -6.763 521.622   2.767   2.847   0.717   0.000 01R001M000t
00060 HIS02A0032_003 f 0.00  0.000     0  0.00  0  0  -6.712 632.287   2.767  -0.316   0.337   0.000 02O000M000t
00061 HIS02A0032_004 f 0.00  0.000     0  0.00  0  0  -6.771 524.130   2.767   1.003   0.864   0.000 02R001M000t
00062 HIS+1A0032_005 f 0.00  1.000     0  6.98  0  1  -6.739 632.269   2.767  -1.249   0.335   0.000 +1O000M000t
00063 HIS+1A0032_006 f 0.00  1.000     0  6.98  0  1  -6.795 524.124   2.767  -0.340   1.559   0.000 +1R001M000t
00064 ALA01A0034_001 f 0.00  0.000     0  0.00  0  0  -3.294   3.816   0.000   0.000   0.000   0.000 01O000M000t
00065 PHE01A0035_001 f 0.00  0.000     0  0.00  0  0  -0.853  -3.266   0.030   0.000   0.000   0.000 01O000M000t
00066 GLU01A0037_001 f 0.00  0.000     0  0.00  0  0  -1.032  -1.532   3.444   0.363   0.064   0.000 01O000M000t
00067 GLU01A0037_002 f 0.00  0.000     0  0.00  0  0  -1.032  -1.532   0.724   0.072   0.729   0.000 01O000M000t
00068 GLU02A0037_003 f 0.00  0.000     0  0.00  0  0  -1.303  -1.517   3.444   0.094  -0.338   0.000 02O000M000t
00069 GLU02A0037_004 f 0.00  0.000     0  0.00  0  0  -1.303  -1.517   0.724   0.024   0.923   0.000 02O000M000t
00070 GLU-1A0037_005 f 0.00 -1.000     0  4.75  0 -1  -1.311  -1.492   0.724  -0.776   1.060   0.000 -1O000M000t
00071 VAL01A0038_001 f 0.00  0.000     0  0.00  0  0  -1.860  -2.138   0.013   0.000   0.000   0.000 01O000M000t
00072 TYR01A0039_001 f 0.00  0.000     0  0.00  0  0   1.492  -8.361   0.018   0.288   0.976   0.000 01O000M000t
00073 TYR01A0039_002 f 0.00  0.000     0  0.00  0  0   1.492  -8.361   0.018   0.202   0.766   0.000 01O000M000t
00074 TYR-1A0039_003 f 0.00 -1.000     0 10.20  0 -1   1.492  -8.361   0.018  -0.515   2.158   0.000 -1O000M000t
00075 GLU01A0040_001 f 0.00  0.000     0  0.00  0  0   0.630  -3.278   3.059   0.471   1.064   0.000 01O000M000t
00076 GLU01A0040_002 f 0.00  0.000     0  0.00  0  0   0.630  -3.278   0.339   0.118   1.198   0.000 01O000M000t
00077 GLU02A0040_003 f 0.00  0.000     0  0.00  0  0   0.308  -3.268   3.059   0.097   0.925   0.000 02O000M000t
00078 GLU02A0040_004 f 0.00  0.000     0  0.00  0  0   0.308  -3.268   0.339   0.052   1.228   0.000 02O000M000t
00079 GLU-1A0040_005 f 0.00 -1.000     0  4.75  0 -1   0.173  -3.230   0.339  -0.405   3.166   0.000 -1O000M000t
00080 GLN01A0042_001 f 0.00  0.000     0  0.00  0  0  -0.403  -5.311   0.870   0.209   0.338   0.000 01O000M000t
00081 GLN01A0042_002 f 0.00  0.000     0  0.00  0  0   0.415  -5.415   0.872  -0.081   0.219   0.000 01R001M000t
00082 VAL01A0043_001 f 0.00  0.000     0  0.00  0  0  -0.678   2.232   0.078   0.000   0.000   0.000 01O000M000t
00083 SER01A0044_001 f 0.00  0.000     0  0.00  0  0   0.000 470.705   0.437   0.632   1.889   0.000 01O000M000t
00084 SER01A0044_002 f 0.00  0.000     0  0.00  0  0   0.000 470.705   0.437   0.675   1.537   0.000 01O000M000t
00085 SER01A0044_003 f 0.00  0.000     0  0.00  0  0   0.000 470.705   0.062   0.497   1.624   0.000 01O000M000t
00086 MET01A0046_001 f 0.00  0.000     0  0.00  0  0  -7.369   3.646   3.414   0.026   0.034   0.000 01O000M000t
00087 PRO01A0047_001 f 0.00  0.000     0  0.00  0  0  -2.187 999.000   0.000   0.000   0.000   0.000 01O000M000t
00088 ASN01A0048_001 f 0.00  0.000     0  0.00  0  0  -3.973  22.636   0.374   0.887   0.144   0.000 01O000M000t
00089 ASN01A0048_002 f 0.00  0.000     0  0.00  0  0  -3.871  16.322   0.372  -0.452   0.170   0.000 01R001M000t
00090 ASP01A0049_001 f 0.00  0.000     0  0.00  0  0  -3.068  26.987   4.835   0.125  -0.591   0.000 01O000M000t
00091 ASP01A0049_002 f 0.00  0.000     0  0.00  0  0  -3.068  26.987   2.115   0.092   0.595   0.000 01O000M000t
00092 ASP02A0049_003 f 0.00  0.000     0  0.00  0  0  -3.183  26.978   4.835   0.615  -0.035   0.000 02O000M000t
00093 ASP02A0049_004 f 0.00  0.000     0  0.00  0  0  -3.183  26.978   2.115   0.144   0.675   0.000 02O000M000t
00094 ASP-1A0049_005 f 0.00 -1.000     0  4.75  0 -1  -3.102  27.021   2.115  -0.428   0.317   0.000 -1O000M000t
00095 PRO01A0050_001 f 0.00  0.000     0  0.00  0  0  -7.256   3.892   0.000   0.000   0.000   0.000 01O000M000t
00096 SER01A0051_001 f 0.00  0.000     0  0.00  0  0  -1.129 999.000   2.795   2.086   1.193   0.000 01O000M000t
00097 SER01A0051_002 f 0.00  0.000     0  0.00  0  0  -1.129 104.816   2.420  -1.024   0.066   0.000 01O000M000t
00098 PRO01A0052_001 f 0.00  0.000     0  0.00  0  0  -1.661  63.311   0.000   0.000   0.000   0.000 01O000M000t
00099 LEU01A0053_001 f 0.00  0.000     0  0.00  0  0  -4.230  -2.008   0.818   0.000   0.000   0.000 01O000M000t
00100 GLN01A0054_001 f 0.00  0.000     0  0.00  0  0  -0.990  -0.583   0.354   0.035   0.111   0.000 01O000M000t
00101 GLN01A0054_002 f 0.00  0.000     0  0.00  0  0   0.080  -0.586   0.354   0.108  -0.155   0.000 01R001M000t
00102 VAL01A0055_001 f 0.00  0.000     0  0.00  0  0   0.609  -2.805   0.010   0.000   0.000   0.000 01O000M000t
00103 ALA01A0056_001 f 0.00  0.000     0  0.00  0  0  -0.274  -2.157   0.000   0.000   0.000   0.000 01O000M000t
00104 VAL01A0057_001 f 0.00  0.000     0  0.00  0  0   0.578  -3.278   0.053   0.000   0.000   0.000 01O000M000t
00105 LYS01A0058_001 f 0.00  0.000     0  0.00  0  0  -0.383  -3.827   0.881  -0.055   0.188   0.000 01O000M000t
00106 LYS+1A0058_002 f 0.00  1.000     0 10.40  0  1  -0.461  -3.841   0.881   0.064   2.401   0.000 +1O000M000t
00107 THR01A0059_001 f 0.00  0.000     0  0.00  0  0  -0.016  -2.239   0.605  -0.417   1.604   0.000 01O000M000t
00108 THR01A0059_002 f 0.00  0.000     0  0.00  0  0  -0.016  -2.239   0.605   0.141   1.300   0.000 01O000M000t
00109 THR01A0059_003 f 0.00  0.000     0  0.00  0  0  -0.016  -2.239   0.230  -0.489   0.652   0.000 01O000M000t
00110 LEU01A0060_001 f 0.00  0.000     0  0.00  0  0   2.042  -5.468   0.615   0.000   0.000   0.000 01O000M000t
00111 PRO01A0061_001 f 0.00  0.000     0  0.00  0  0  -1.413  -3.081   0.000   0.000   0.000   0.000 01O000M000t
00112 GLU01A0062_001 f 0.00  0.000     0  0.00  0  0  -1.146  -3.013   3.925   0.270   0.412   0.000 01O000M000t
00113 GLU01A0062_002 f 0.00  0.000     0  0.00  0  0  -1.146  -3.013   1.205   0.107   0.663   0.000 01O000M000t
00114 GLU02A0062_003 f 0.00  0.000     0  0.00  0  0  -1.434  -3.019   3.925   0.435  -0.045   0.000 02O000M000t
00115 GLU02A0062_004 f 0.00  0.000     0  0.00  0  0  -1.434  -3.019   1.205   0.132   0.968   0.000 02O000M000t
00116 GLU-1A0062_005 f 0.00 -1.000     0  4.75  0 -1  -1.294  -2.959   1.205  -0.710   1.378   0.000 -1O000M000t
00117 VAL01A0063_001 f 0.00  0.000     0  0.00  0  0  -8.314   3.522   0.003   0.000   0.000   0.000 01O000M000t
00118 CYS01A0064_001 f 0.00  0.000     0  0.00  0  0  -0.002  -3.226   0.097  -0.387   0.399   0.000 01O000M000t
00119 CYS01A0064_002 f 0.00  0.000     0  0.00  0  0  -0.002  -3.239   0.097  -0.143   0.552   0.000 01O000M000t
00120 CYS01A0064_003 f 0.00  0.000     0  0.00  0  0  -0.002  -3.164   0.097  -0.110   0.836   0.000 01O000M000t
00121 CYS-1A0064_004 f 0.00 -1.000     0  9.10  0 -1   0.000  -3.105   0.097  -0.721   5.445   0.000 -1O000M000t
00122 SER01A0065_001 f 0.00  0.000     0  0.00  0  0  -2.315  -0.882   0.495  -0.202   1.455   0.000 01O000M000t
00123 SER01A0065_002 f 0.00  0.000     0  0.00  0  0  -2.315  -0.882   0.495   3.053   1.648   0.000 01O000M000t
00124 SER01A0065_003 f 0.00  0.000     0  0.00  0  0  -2.315  -0.882   0.120  -2.012   0.638   0.000 01O000M000t
00125 GLU01A0066_001 f 0.00  0.000     0  0.00  0  0  -3.117  -1.501   6.115  -0.012  -0.424   0.000 01O000M000t
00126 GLU01A0066_002 f 0.00  0.000     0  0.00  0  0  -3.117  -1.501   3.395  -0.043   0.721   0.000 01O000M000t
00127 GLU02A0066_003 f 0.00  0.000     0  0.00  0  0  -3.226  -1.459   6.115   0.715  -0.074   0.000 02O000M000t
00128 GLU02A0066_004 f 0.00  0.000     0  0.00  0  0  -3.226  -1.459   3.395   0.056   0.659   0.000 02O000M000t
00129 GLU-1A0066_005 f 0.00 -1.000     0  4.75  0 -1  -3.216  -1.473   3.395  -0.855   0.164   0.000 -1O000M000t
00130 GLN01A0067_001 f 0.00  0.000     0  0.00  0  0   0.423  21.716   0.570  -1.162   2.147   0.000 01O000M000t
00131 GLN01A0067_002 f 0.00  0.000     0  0.00  0  0   0.195  19.927   0.568   2.052   2.203   0.000 01R001M000t
00132 ASP01A0068_001 f 0.00  0.000     0  0.00  0  0  -0.469   3.059   3.157  -0.211   0.599   0.000 01O000M000t
00133 ASP01A0068_002 f 0.00  0.000     0  0.00  0  0  -0.469   3.059   0.437  -0.626   1.218   0.000 01O000M000t
00134 ASP02A0068_003 f 0.00  0.000     0  0.00  0  0  -0.362   3.720   3.157   3.515   1.775   0.000 02O000M000t
00135 ASP02A0068_004 f 0.00  0.000     0  0.00  0  0  -0.362   3.720   0.437  -0.296   0.919   0.000 02O000M000t
00136 ASP-1A0068_005 f 0.00 -1.000     0  4.75  0 -1  -0.433   2.711   0.437  -3.757   3.465   0.000 -1O000M000t
00137 GLU01A0069_001 f 0.00  0.000     0  0.00  0  0   2.260  -2.614   4.118   0.583  -0.108   0.000 01O000M000t
00138 GLU01A0069_002 f 0.00  0.000     0  0.00  0  0   2.260  -2.614   1.398   0.136   1.745   0.000 01O000M000t
00139 GLU02A0069_003 f 0.00  0.000     0  0.00  0  0   1.578  -2.682   4.118  -0.013   0.313   0.000 02O000M000t
00140 GLU02A0069_004 f 0.00  0.000     0  0.00  0  0   1.578  -2.682   1.398   0.016   1.875   0.000 02O000M000t
00141 GLU-1A0069_005 f 0.00 -1.000     0  4.75  0 -1   1.549  -2.629   1.398  -0.341   3.692   0.000 -1O000M000t
00142 LEU01A0070_001 f 0.00  0.000     0  0.00  0  0  -1.362   1.530   0.412   0.000   0.000   0.000 01O000M000t
00143 ASP01A0071_001 f 0.00  0.000     0  0.00  0  0  -0.044  -2.614   3.040   0.790   1.064   0.000 01O000M000t
00144 ASP01A0071_002 f 0.00  0.000     0  0.00  0  0  -0.044  -2.614   0.320   0.077   1.989   0.000 01O000M000t
00145 ASP02A0071_003 f 0.00  0.000     0  0.00  0  0   0.061  -2.950   3.040   0.153   1.018   0.000 02O000M000t
00146 ASP02A0071_004 f 0.00  0.000     0  0.00  0  0   0.061  -2.950   0.320  -0.019   2.005   0.000 02O000M000t
00147 ASP-1A0071_005 f 0.00 -1.000     0  4.75  0 -1  -0.051  -2.941   0.320  -0.093   6.410   0.000 -1O000M000t
00148 PHE01A0072_001 f 0.00  0.000     0  0.00  0  0   4.500  -9.747   0.401   0.000   0.000   0.000 01O000M000t
00149 LEU01A0073_001 f 0.00  0.000     0  0.00  0  0   0.799  -2.437   0.798   0.000   0.000   0.000 01O000M000t
00150 MET01A0074_001 f 0.00  0.000     0  0.00  0  0   2.502  -5.851   0.595   0.059   0.095   0.000 01O000M000t
00151 GLU01A0075_001 f 0.00  0.000     0  0.00  0  0   0.825   5.671   4.081   0.203   0.854   0.000 01O000M000t
00152 GLU01A0075_002 f 0.00  0.000     0  0.00  0  0   0.825   5.671   1.361   0.051   1.727   0.000 01O000M000t
00153 GLU02A0075_003 f 0.00  0.000     0  0.00  0  0   0.675   6.019   4.081  -0.333   1.503   0.000 02O000M000t
00154 GLU02A0075_004 f 0.00  0.000     0  0.00  0  0   0.675   6.019   1.361  -0.129   1.416   0.000 02O000M000t
00155 GLU-1A0075_005 f 0.00 -1.000     0  4.75  0 -1   0.578   5.738   1.361  -0.299   4.984   0.000 -1O000M000t
00156 ALA01A0076_001 f 0.00  0.000     0  0.00  0  0   0.000  -0.499   0.000   0.000   0.000   0.000 01O000M000t
00157 LEU01A0077_001 f 0.00  0.000     0  0.00  0  0   1.945  -7.087   0.617   0.000   0.000   0.000 01O000M000t
00158 ILE01A0078_001 f 0.00  0.000     0  0.00  0  0   1.833   1.196   0.508   0.000   0.000   0.000 01O000M000t
00159 ILE01A0079_001 f 0.00  0.000     0  0.00  0  0   3.748  -2.609   0.412   0.000   0.000   0.000 01O000M000t
00160 SER01A0080_001 f 0.00  0.000     0  0.00  0  0  -0.840  -2.370   0.558   0.317   0.737   0.000 01O000M000t
00161 SER01A0080_002 f 0.00  0.000     0  0.00  0  0  -0.840  -2.370   0.558  -1.032   1.629   0.000 01O000M000t
00162 SER01A0080_003 f 0.00  0.000     0  0.00  0  0  -0.840  -2.370   0.183  -0.043   1.257   0.000 01O000M000t
00163 LYS01A0081_001 f 0.00  0.000     0  0.00  0  0  -1.548   7.369   1.031   0.010   0.141   0.000 01O000M000t
00164 LYS+1A0081_002 f 0.00  1.000     0 10.40  0  1  -1.596   7.346   1.031  -0.747   0.419   0.000 +1O000M000t
00165 PHE01A0082_001 f 0.00  0.000     0  0.00  0  0   4.532  -5.309   0.052   0.000   0.000   0.000 01O000M000t
00166 ASN01A0083_001 f 0.00  0.000     0  0.00  0  0  -3.091   1.950   0.609  -0.103   0.298   0.000 01O000M000t
00167 HIS01A0084_001 f 0.00  0.000     0  0.00  0  0  -1.324  -5.739   0.237  -2.404   2.827   0.000 01O000M000t
00168 HIS02A0084_002 f 0.00  0.000     0  0.00  0  0  -1.343  -5.871   0.237   3.079   2.022   0.000 02O000M000t
00169 HIS+1A0084_003 f 0.00  1.000     0  6.98  0  1  -1.369  -5.897   0.237   6.519   5.351   0.000 +1O000M000t
00170 GLN01A0085_001 f 0.00  0.000     0  0.00  0  0   1.810  -0.235   3.032   0.125   0.121   0.000 01O000M000t
00171 GLN01A0085_002 f 0.00  0.000     0  0.00  0  0   0.026  -0.248   3.032   0.375  -0.021   0.000 01R001M000t
00172 ASN01A0086_001 f 0.00  0.000     0  0.00  0  0   0.048  -5.624   0.962  -1.385   1.943   0.000 01O000M000t
00173 ASN01A0086_002 f 0.00  0.000     0  0.00  0  0   0.051  -5.882   0.957   1.359   2.116   0.000 01R001M000t
00174 ILE01A0087_001 f 0.00  0.000     0  0.00  0  0   3.829  -3.372   0.414   0.000   0.000   0.000 01O000M000t
00175 VAL01A0088_001 f 0.00  0.000     0  0.00  0  0   0.698  -1.095   0.004   0.000   0.000   0.000 01O000M000t
00176 ARG01A0089_001 f 0.00  0.000     0  0.00  0  0  -3.992  -6.060   0.762   0.406   1.265   0.000 01O000M000t
00177 ARG02A0089_002 f 0.00  0.000     0  0.00  0  0  -4.031  -6.003   0.762  -0.039   2.475   0.000 02O000M000t
00178 ARG02A0089_003 f 0.00  0.000     0  0.00  0  0  -3.970  -6.036   0.762   0.599   1.954   0.000 02O000M000t
00179 ARG03A0089_004 f 0.00  0.000     0  0.00  0  0  -4.031  -6.043   0.762   0.343   2.105   0.000 03O000M000t
00180 ARG+1A0089_005 f 0.00  1.000     0 12.50  0  1  -4.074  -6.084   0.762  -0.262   1.656   0.000 +1O000M000t
00181 CYS01A0090_001 f 0.00  0.000     0  0.00  0  0  -0.002  -4.716   0.007  -0.016   0.698   0.000 01O000M000t
00182 CYS01A0090_002 f 0.00  0.000     0  0.00  0  0  -0.002  -4.616   0.007  -0.493   0.916   0.000 01O000M000t
00183 CYS01A0090_003 f 0.00  0.000     0  0.00  0  0  -0.002  -4.534   0.007  -0.355   0.827   0.000 01O000M000t
00184 CYS-1A0090_004 f 0.00 -1.000     0  9.10  0 -1   0.000  -4.471   0.007  -1.224   8.992   0.000 -1O000M000t
00185 ILE01A0091_001 f 0.00  0.000     0  0.00  0  0  -0.628   6.961   0.991   0.000   0.000   0.000 01O000M000t
00186 VAL01A0093_001 f 0.00  0.000     0  0.00  0  0   0.617  -1.950   0.003   0.000   0.000   0.000 01O000M000t
00187 SER01A0094_001 f 0.00  0.000     0  0.00  0  0   0.000  -2.224   0.378  -0.163   1.640   0.000 01O000M000t
00188 SER01A0094_002 f 0.00  0.000     0  0.00  0  0   0.000  -2.224   0.378   0.010   0.988   0.000 01O000M000t
00189 SER01A0094_003 f 0.00  0.000     0  0.00  0  0   0.000  -2.224   0.003  -0.626   1.761   0.000 01O000M000t
00190 LEU01A0095_001 f 0.00  0.000     0  0.00  0  0   0.906  -3.432   0.438   0.000   0.000   0.000 01O000M000t
00191 GLN01A0096_001 f 0.00  0.000     0  0.00  0  0  -0.286  -0.680   0.475   0.199   0.134   0.000 01O000M000t
00192 GLN01A0096_002 f 0.00  0.000     0  0.00  0  0  -1.503  -0.666   0.475   0.030  -0.202   0.000 01R001M000t
00193 SER01A0097_001 f 0.00  0.000     0  0.00  0  0  -1.829  -1.404   0.443  -0.326  -0.065   0.000 01O000M000t
00194 LEU01A0098_001 f 0.00  0.000     0  0.00  0  0  -2.474  -3.029   0.525   0.000   0.000   0.000 01O000M000t
00195 PRO01A0099_001 f 0.00  0.000     0  0.00  0  0  -2.681  -2.423   0.000   0.000   0.000   0.000 01O000M000t
00196 ARG01A0100_001 f 0.00  0.000     0  0.00  0  0  -1.119  -4.244   1.857  -0.906   1.968   0.000 01O000M000t
00197 ARG02A0100_002 f 0.00  0.000     0  0.00  0  0  -1.034  -4.218   1.857   0.822   2.493   0.000 02O000M000t
00198 ARG03A0100_003 f 0.00  0.000     0  0.00  0  0  -1.141  -4.252   1.857  -0.843   2.545   0.000 03O000M000t
00199 ARG03A0100_004 f 0.00  0.000     0  0.00  0  0  -1.137  -4.251   1.857  -0.890   2.368   0.000 03O000M000t
00200 ARG+1A0100_005 f 0.00  1.000     0 12.50  0  1  -1.180  -4.257   1.857  -1.377   3.534   0.000 +1O000M000t
00201 PHE01A0101_001 f 0.00  0.000     0  0.00  0  0   3.797  -2.740   0.127   0.000   0.000   0.000 01O000M000t
00202 ILE01A0102_001 f 0.00  0.000     0  0.00  0  0   2.055  -3.369   0.557   0.000   0.000   0.000 01O000M000t
00203 LEU01A0103_001 f 0.00  0.000     0  0.00  0  0   1.725  -5.672   0.686   0.000   0.000   0.000 01O000M000t
00204 LEU01A0104_001 f 0.00  0.000     0  0.00  0  0   0.922  -5.191   0.431   0.000   0.000   0.000 01O000M000t
00205 GLU01A0105_001 f 0.00  0.000     0  0.00  0  0   1.415  -4.204   2.953   2.316   1.902   0.000 01O000M000t
00206 GLU01A0105_002 f 0.00  0.000     0  0.00  0  0   1.415  -4.204   0.233  -0.392   2.220   0.000 01O000M000t
00207 GLU02A0105_003 f 0.00  0.000     0  0.00  0  0   0.788  -4.447   2.953  -1.209   1.141   0.000 02O000M000t
00208 GLU02A0105_004 f 0.00  0.000     0  0.00  0  0   0.788  -4.447   0.233  -1.202   2.374   0.000 02O000M000t
00209 GLU-1A0105_005 f 0.00 -1.000     0  4.75  0 -1   0.841  -4.397   0.233  -2.523   7.005   0.000 -1O000M000t
00210 LEU01A0106_001 f 0.00  0.000     0  0.00  0  0   0.971  -5.253   0.494   0.000   0.000   0.000 01O000M000t
00211 MET01A0107_001 f 0.00  0.000     0  0.00  0  0   0.252  -5.784   0.711   0.010   0.074   0.000 01O000M000t
00212 ALA01A0108_001 f 0.00  0.000     0  0.00  0  0  -2.350  -0.850   0.000   0.000   0.000   0.000 01O000M000t
00213 ASP01A0111_001 f 0.00  0.000     0  0.00  0  0  -0.544  -4.259   4.203  -1.614   0.467   0.000 01O000M000t
00214 ASP01A0111_002 f 0.00  0.000     0  0.00  0  0  -0.544  -4.259   1.483  -1.442   1.823   0.000 01O000M000t
00215 ASP02A0111_003 f 0.00  0.000     0  0.00  0  0  -0.389  -3.570   4.203   1.944   1.662   0.000 02O000M000t
00216 ASP02A0111_004 f 0.00  0.000     0  0.00  0  0  -0.389  -3.570   1.483   0.913   1.734   0.000 02O000M000t
00217 ASP-1A0111_005 f 0.00 -1.000     0  4.75  0 -1  -0.505  -4.219   1.483  -5.193   4.824   0.000 -1O000M000t
00218 LEU01A0112_001 f 0.00  0.000     0  0.00  0  0   1.814  -4.048   0.420   0.000   0.000   0.000 01O000M000t
00219 LYS01A0113_001 f 0.00  0.000     0  0.00  0  0  -1.016  -4.928   1.194  -0.657   0.885   0.000 01O000M000t
00220 LYS+1A0113_002 f 0.00  1.000     0 10.40  0  1  -1.091  -4.977   1.194  -1.567   6.061   0.000 +1O000M000t
00221 SER01A0114_001 f 0.00  0.000     0  0.00  0  0  -2.813  -1.424   0.382  -0.530   0.054   0.000 01O000M000t
00222 SER01A0114_002 f 0.00  0.000     0  0.00  0  0  -2.813  -1.424   0.382   0.506   0.542   0.000 01O000M000t
00223 SER01A0114_003 f 0.00  0.000     0  0.00  0  0  -2.813  -1.424   0.007  -0.601   0.081   0.000 01O000M000t
00224 PHE01A0115_001 f 0.00  0.000     0  0.00  0  0   4.629  -7.072   0.162   0.000   0.000   0.000 01O000M000t
00225 LEU01A0116_001 f 0.00  0.000     0  0.00  0  0   1.910  -6.756   0.573   0.000   0.000   0.000 01O000M000t
00226 ARG01A0117_001 f 0.00  0.000     0  0.00  0  0  -4.001  -5.951   0.548  -0.834   0.459   0.000 01O000M000t
00227 ARG02A0117_002 f 0.00  0.000     0  0.00  0  0  -4.051  -5.952   0.548  -0.970   1.509   0.000 02O000M000t
00228 ARG02A0117_003 f 0.00  0.000     0  0.00  0  0  -4.000  -5.901   0.548   0.304   1.181   0.000 02O000M000t
00229 ARG03A0117_004 f 0.00  0.000     0  0.00  0  0  -4.058  -5.963   0.548  -0.791   1.727   0.000 03O000M000t
00230 ARG+1A0117_005 f 0.00  1.000     0 12.50  0  1  -4.097  -5.965   0.548  -1.629   1.083   0.000 +1O000M000t
00231 GLU01A0118_001 f 0.00  0.000     0  0.00  0  0  -0.761   0.103   3.337   0.047  -0.010   0.000 01O000M000t
00232 GLU01A0118_002 f 0.00  0.000     0  0.00  0  0  -0.761   0.103   0.617   0.033   0.381   0.000 01O000M000t
00233 GLU02A0118_003 f 0.00  0.000     0  0.00  0  0  -1.128   0.096   3.337  -0.088  -0.190   0.000 02O000M000t
00234 GLU02A0118_004 f 0.00  0.000     0  0.00  0  0  -1.128   0.096   0.617  -0.016   0.668   0.000 02O000M000t
00235 GLU-1A0118_005 f 0.00 -1.000     0  4.75  0 -1  -1.081   0.160   0.617   0.436   0.262   0.000 -1O000M000t
00236 THR01A0119_001 f 0.00  0.000     0  0.00  0  0  -0.664  13.548   1.155  -1.109   1.343   0.000 01O000M000t
00237 ARG01A0120_001 f 0.00  0.000     0  0.00  0  0  -0.068   5.837   0.670   1.624   2.664   0.000 01O000M000t
00238 ARG02A0120_002 f 0.00  0.000     0  0.00  0  0  -0.105   6.714   0.670  -1.852   3.165   0.000 02O000M000t
00239 ARG02A0120_003 f 0.00  0.000     0  0.00  0  0  -0.043   6.719   0.670  -1.666   2.841   0.000 02O000M000t
00240 ARG03A0120_004 f 0.00  0.000     0  0.00  0  0  -0.110   6.748   0.670  -2.009   3.175   0.000 03O000M000t
00241 ARG+1A0120_005 f 0.00  1.000     0 12.50  0  1  -0.149   6.707   0.670  -6.179   5.301   0.000 +1O000M000t
00242 PRO01A0121_001 f 0.00  0.000     0  0.00  0  0   0.216  -4.102   0.000   0.000   0.000   0.000 01O000M000t
00243 ARG01A0122_001 f 0.00  0.000     0  0.00  0  0  -1.214 541.399   1.705   0.978   1.491   0.000 01O000M000t
00244 ARG02A0122_002 f 0.00  0.000     0  0.00  0  0  -1.231 541.259   1.705   1.091   2.323   0.000 02O000M000t
00245 ARG03A0122_003 f 0.00  0.000     0  0.00  0  0  -1.247 541.296   1.705   0.967   2.384   0.000 03O000M000t
00246 ARG03A0122_004 f 0.00  0.000     0  0.00  0  0  -1.243 497.452   1.705   0.761   2.184   0.000 03O000M000t
00247 ARG+1A0122_005 f 0.00  1.000     0 12.50  0  1  -1.286 541.241   1.705  -0.381   3.381   0.000 +1O000M000t
00248 PRO01A0123_001 f 0.00  0.000     0  0.00  0  0  -2.611  -2.580   0.000   0.000   0.000   0.000 01O000M000t
00249 SER01A0124_001 f 0.00  0.000     0  0.00  0  0  -3.839  -0.604   0.408  -0.522  -0.123   0.000 01O000M000t
00250 GLN01A0125_001 f 0.00  0.000     0  0.00  0  0   0.132   1.748   1.580   0.235   0.520   0.000 01O000M000t
00251 GLN01A0125_002 f 0.00  0.000     0  0.00  0  0   2.265   1.566   1.580   0.017   0.535   0.000 01R001M000t
00252 PRO01A0126_001 f 0.00  0.000     0  0.00  0  0  -4.118   0.007   0.000   0.000   0.000   0.000 01O000M000t
00253 SER01A0127_001 f 0.00  0.000     0  0.00  0  0  -4.717   2.768   0.388  -0.985  -0.133   0.000 01O000M000t
00254 SER01A0128_001 f 0.00  0.000     0  0.00  0  0  -0.192  -0.565   0.378   1.422   1.919   0.000 01O000M000t
00255 SER01A0128_002 f 0.00  0.000     0  0.00  0  0  -0.192  -0.565   0.378  -0.422   1.944   0.000 01O000M000t
00256 LEU01A0129_001 f 0.00  0.000     0  0.00  0  0   1.800   0.137   3.114   0.000   0.000   0.000 01O000M000t
00257 ALA01A0130_001 f 0.00  0.000     0  0.00  0  0  -2.263  -0.701   0.000   0.000   0.000   0.000 01O000M000t
00258 MET01A0131_001 f 0.00  0.000     0  0.00  0  0  -0.031  -6.436   0.660  -0.181   0.096   0.000 01O000M000t
00259 LEU01A0132_001 f 0.00  0.000     0  0.00  0  0  -2.270  -1.356   0.647   0.000   0.000   0.000 01O000M000t
00260 ASP01A0133_001 f 0.00  0.000     0  0.00  0  0  -0.256  -0.719   3.484  -0.597   0.152   0.000 01O000M000t
00261 ASP01A0133_002 f 0.00  0.000     0  0.00  0  0  -0.256  -0.719   0.764  -0.789   0.695   0.000 01O000M000t
00262 ASP02A0133_003 f 0.00  0.000     0  0.00  0  0  -0.205 999.000   3.484   4.743   1.641   0.000 02O000M000t
00263 ASP02A0133_004 f 0.00  0.000     0  0.00  0  0  -0.205   0.211   0.764  -0.349   1.122   0.000 02O000M000t
00264 ASP-1A0133_005 f 0.00 -1.000     0  4.75  0 -1  -0.306  -0.768   0.764  -2.695   2.625   0.000 -1O000M000t
00265 LEU01A0134_001 f 0.00  0.000     0  0.00  0  0   1.808  -4.471   0.427   0.000   0.000   0.000 01O000M000t
00266 LEU01A0135_001 f 0.00  0.000     0  0.00  0  0   1.760  -5.357   0.979   0.000   0.000   0.000 01O000M000t
00267 HIS01A0136_001 f 0.00  0.000     0  0.00  0  0  -4.314  -3.844   0.638   0.690   1.097   0.000 01O000M000t
00268 HIS01A0136_002 f 0.00  0.000     0  0.00  0  0  -3.789  -4.071   0.638   0.480   1.895   0.000 01R001M000t
00269 HIS02A0136_003 f 0.00  0.000     0  0.00  0  0  -4.334  -3.860   0.638   0.552   0.738   0.000 02O000M000t
00270 HIS02A0136_004 f 0.00  0.000     0  0.00  0  0  -3.798  -4.157   0.638   0.564   1.167   0.000 02R001M000t
00271 HIS+1A0136_005 f 0.00  1.000     0  6.98  0  1  -4.361  -3.869   0.638   0.487   1.321   0.000 +1O000M000t
00272 HIS+1A0136_006 f 0.00  1.000     0  6.98  0  1  -3.824  -4.164   0.638   0.515   2.394   0.000 +1R001M000t
00273 VAL01A0137_001 f 0.00  0.000     0  0.00  0  0   0.631   0.403   0.233   0.000   0.000   0.000 01O000M000t
00274 ALA01A0138_001 f 0.00  0.000     0  0.00  0  0   0.000  -1.649   0.000   0.000   0.000   0.000 01O000M000t
00275 ARG01A0139_001 f 0.00  0.000     0  0.00  0  0   8.280  -5.922   0.513   0.065   1.494   0.000 01O000M000t
00276 ARG02A0139_002 f 0.00  0.000     0  0.00  0  0   8.269  -5.894   0.513   0.069   2.556   0.000 02O000M000t
00277 ARG02A0139_003 f 0.00  0.000     0  0.00  0  0   6.690  -5.885   0.513  -0.086   2.388   0.000 02O000M000t
00278 ARG03A0139_004 f 0.00  0.000     0  0.00  0  0   8.253  -5.921   0.513   0.118   2.422   0.000 03O000M000t
00279 ARG03A0139_005 f 0.00  0.000     0  0.00  0  0   8.257  -5.918   0.513   0.041   1.957   0.000 03O000M000t
00280 ARG+1A0139_006 f 0.00  1.000     0 12.50  0  1   8.212  -5.945   0.513   0.176   2.356   0.000 +1O000M000t
00281 ASP01A0140_001 f 0.00  0.000     0  0.00  0  0  -0.359  -2.463   2.940  -0.453   1.578   0.000 01O000M000t
00282 ASP01A0140_002 f 0.00  0.000     0  0.00  0  0  -0.359  -2.463   0.220  -0.987   1.558   0.000 01O000M000t
00283 ASP02A0140_003 f 0.00  0.000     0  0.00  0  0  -0.203  -2.579   2.940   2.336   2.120   0.000 02O000M000t
00284 ASP02A0140_004 f 0.00  0.000     0  0.00  0  0  -0.203  -2.579   0.220  -0.487   1.810   0.000 02O000M000t
00285 ASP-1A0140_005 f 0.00 -1.000     0  4.75  0 -1  -0.309  -2.817   0.220  -1.647   5.872   0.000 -1O000M000t
00286 ILE01A0141_001 f 0.00  0.000     0  0.00  0  0   2.888  -1.440   0.463   0.000   0.000   0.000 01O000M000t
00287 ALA01A0142_001 f 0.00  0.000     0  0.00  0  0   0.000  -2.122   0.000   0.000   0.000   0.000 01O000M000t
00288 CYS01A0143_001 f 0.00  0.000     0  0.00  0  0  -1.741  -2.502   0.298  -0.117   0.579   0.000 01O000M000t
00289 CYS01A0143_002 f 0.00  0.000     0  0.00  0  0  -1.741  -2.473   0.298  -0.281   0.243   0.000 01O000M000t
00290 CYS01A0143_003 f 0.00  0.000     0  0.00  0  0  -1.742  -2.460   0.298  -0.315   0.220   0.000 01O000M000t
00291 CYS-1A0143_004 f 0.00 -1.000     0  9.10  0 -1  -1.739  -2.445   0.298  -1.789   2.973   0.000 -1O000M000t
00292 CYS01A0145_001 f 0.00  0.000     0  0.00  0  0  -0.002  -3.441   0.391   0.108   0.727   0.000 01O000M000t
00293 CYS01A0145_002 f 0.00  0.000     0  0.00  0  0  -0.002  -3.506   0.391  -0.399   0.947   0.000 01O000M000t
00294 CYS01A0145_003 f 0.00  0.000     0  0.00  0  0  -0.002  -3.439   0.391  -0.069   0.898   0.000 01O000M000t
00295 CYS-1A0145_004 f 0.00 -1.000     0  9.10  0 -1   0.000  -3.404   0.391  -3.989  11.742   0.000 -1O000M000t
00296 GLN01A0146_001 f 0.00  0.000     0  0.00  0  0  -0.081  -4.478   0.537   0.029   0.763   0.000 01O000M000t
00297 GLN01A0146_002 f 0.00  0.000     0  0.00  0  0  -0.567  -4.392   0.537   0.239   0.540   0.000 01R001M000t
00298 TYR01A0147_001 f 0.00  0.000     0  0.00  0  0   3.043  -6.891   0.231  -0.940   1.602   0.000 01O000M000t
00299 TYR01A0147_002 f 0.00  0.000     0  0.00  0  0   3.043  -6.891   0.231   0.733   2.075   0.000 01O000M000t
00300 TYR-1A0147_003 f 0.00 -1.000     0 10.20  0 -1   3.043  -6.891   0.231  -2.613   6.638   0.000 -1O000M000t
00301 LEU01A0148_001 f 0.00  0.000     0  0.00  0  0   1.779  -3.247   0.464   0.000   0.000   0.000 01O000M000t
00302 GLU01A0149_001 f 0.00  0.000     0  0.00  0  0  -0.021  -2.953   3.635  -0.277   1.163   0.000 01O000M000t
00303 GLU01A0149_002 f 0.00  0.000     0  0.00  0  0  -0.021  -2.953   0.915   2.980   2.010   0.000 01O000M000t
00304 GLU02A0149_003 f 0.00  0.000     0  0.00  0  0  -0.189  -3.102   3.635  -1.457   0.212   0.000 02O000M000t
00305 GLU02A0149_004 f 0.00  0.000     0  0.00  0  0  -0.189  -3.102   0.915  -0.642   1.999   0.000 02O000M000t
00306 GLU-1A0149_005 f 0.00 -1.000     0  4.75  0 -1  -0.212  -3.024   0.915  -3.667   3.958   0.000 -1O000M000t
00307 GLU01A0150_001 f 0.00  0.000     0  0.00  0  0   0.284  -0.649   3.173   0.077   0.218   0.000 01O000M000t
00308 GLU01A0150_002 f 0.00  0.000     0  0.00  0  0   0.284  -0.649   0.453   0.015   0.858   0.000 01O000M000t
00309 GLU02A0150_003 f 0.00  0.000     0  0.00  0  0  -0.136  -0.603   3.173  -0.104   0.467   0.000 02O000M000t
00310 GLU02A0150_004 f 0.00  0.000     0  0.00  0  0  -0.136  -0.603   0.453  -0.013   0.833   0.000 02O000M000t
00311 GLU-1A0150_005 f 0.00 -1.000     0  4.75  0 -1  -0.258  -0.579   0.453  -0.080   1.275   0.000 -1O000M000t
00312 ASN01A0151_001 f 0.00  0.000     0  0.00  0  0  -0.817  -2.477   1.445   0.731   1.293   0.000 01O000M000t
00313 ASN01A0151_002 f 0.00  0.000     0  0.00  0  0  -0.637  -1.710   1.437  -1.128   1.138   0.000 01R001M000t
00314 HIS01A0152_001 f 0.00  0.000     0  0.00  0  0  -9.261  -1.299   0.377   0.238   0.653   0.000 01O000M000t
00315 HIS01A0152_002 f 0.00  0.000     0  0.00  0  0  -8.631  -1.312   0.377   0.161   0.441   0.000 01R001M000t
00316 HIS02A0152_003 f 0.00  0.000     0  0.00  0  0  -9.283  -1.346   0.377   0.179   0.459   0.000 02O000M000t
00317 HIS02A0152_004 f 0.00  0.000     0  0.00  0  0  -8.641  -1.339   0.377   0.264   0.356   0.000 02R001M000t
00318 HIS+1A0152_005 f 0.00  1.000     0  6.98  0  1  -9.310  -1.358   0.377   0.489  -0.143   0.000 +1O000M000t
00319 HIS+1A0152_006 f 0.00  1.000     0  6.98  0  1  -8.668  -1.354   0.377   0.523  -0.092   0.000 +1R001M000t
00320 PHE01A0153_001 f 0.00  0.000     0  0.00  0  0   4.055  -5.919   0.102   0.000   0.000   0.000 01O000M000t
00321 ILE01A0154_001 f 0.00  0.000     0  0.00  0  0   0.234  -2.279   0.462   0.000   0.000   0.000 01O000M000t
00322 HIS01A0155_001 f 0.00  0.000     0  0.00  0  0  -0.149  -3.777   0.112  -3.387   3.824   0.000 01O000M000t
00323 HIS02A0155_002 f 0.00  0.000     0  0.00  0  0  -0.168  -4.093   0.112   4.429   3.743   0.000 02O000M000t
00324 HIS+1A0155_003 f 0.00  1.000     0  6.98  0  1  -0.195  -3.987   0.112   6.421  10.083   0.000 +1O000M000t
00325 ARG01A0156_001 f 0.00  0.000     0  0.00  0  0   0.750   5.519   0.504  -0.130   1.658   0.000 01O000M000t
00326 ARG02A0156_002 f 0.00  0.000     0  0.00  0  0   0.746   5.494   0.504  -0.392   3.147   0.000 02O000M000t
00327 ARG03A0156_003 f 0.00  0.000     0  0.00  0  0   0.722   5.493   0.504  -0.202   2.789   0.000 03O000M000t
00328 ARG+1A0156_004 f 0.00  1.000     0 12.50  0  1   0.679   5.482   0.504   0.098   2.725   0.000 +1O000M000t
00329 ASP01A0157_001 f 0.00  0.000     0  0.00  0  0  -0.387   1.466   3.175   0.894   1.502   0.000 01O000M000t
00330 ASP01A0157_002 f 0.00  0.000     0  0.00  0  0  -0.387   1.466   0.455   0.136   2.092   0.000 01O000M000t
00331 ASP02A0157_003 f 0.00  0.000     0  0.00  0  0  -0.416   0.861   3.175   0.215   1.546   0.000 02O000M000t
00332 ASP02A0157_004 f 0.00  0.000     0  0.00  0  0  -0.416   0.861   0.455  -0.023   1.888   0.000 02O000M000t
00333 ASP-1A0157_005 f 0.00 -1.000     0  4.75  0 -1  -0.391   0.930   0.455  -1.531   7.741   0.000 -1O000M000t
00334 ILE01A0158_001 f 0.00  0.000     0  0.00  0  0   2.877  -0.564   0.595   0.000   0.000   0.000 01O000M000t
00335 ALA01A0159_001 f 0.00  0.000     0  0.00  0  0   0.000  -0.993   0.000   0.000   0.000   0.000 01O000M000t
00336 ALA01A0160_001 f 0.00  0.000     0  0.00  0  0   0.000  -1.668   0.000   0.000   0.000   0.000 01O000M000t
00337 ARG01A0161_001 f 0.00  0.000     0  0.00  0  0  -2.185  -2.459   1.099   0.096   1.903   0.000 01O000M000t
00338 ARG02A0161_002 f 0.00  0.000     0  0.00  0  0  -2.105  -2.452   1.099  -0.241   3.166   0.000 02O000M000t
00339 ARG03A0161_003 f 0.00  0.000     0  0.00  0  0  -2.207  -2.446   1.099  -0.190   3.123   0.000 03O000M000t
00340 ARG03A0161_004 f 0.00  0.000     0  0.00  0  0  -2.203  -2.450   1.099   0.032   2.985   0.000 03O000M000t
00341 ARG+1A0161_005 f 0.00  1.000     0 12.50  0  1  -2.246  -2.468   1.099   1.849   4.066   0.000 +1O000M000t
00342 ASN01A0162_001 f 0.00  0.000     0  0.00  0  0  -0.221  -1.886   0.434  -1.201   1.604   0.000 01O000M000t
00343 ASN01A0162_002 f 0.00  0.000     0  0.00  0  0  -0.600  -1.958   0.438   0.826   1.599   0.000 01R001M000t
00344 CYS01A0163_001 f 0.00  0.000     0  0.00  0  0  -0.002  -4.782   0.000   0.011   0.889   0.000 01O000M000t
00345 CYS01A0163_002 f 0.00  0.000     0  0.00  0  0  -0.002  -4.868   0.000  -0.275   0.810   0.000 01O000M000t
00346 CYS01A0163_003 f 0.00  0.000     0  0.00  0  0  -0.002  -4.739   0.000   0.044   0.968   0.000 01O000M000t
00347 CYS-1A0163_004 f 0.00 -1.000     0  9.10  0 -1   0.000  -4.701   0.000  -4.961  12.876   0.000 -1O000M000t
00348 LEU01A0164_001 f 0.00  0.000     0  0.00  0  0  -0.620  -3.584   0.521   0.000   0.000   0.000 01O000M000t
00349 LEU01A0165_001 f 0.00  0.000     0  0.00  0  0   2.115  -7.073   0.626   0.000   0.000   0.000 01O000M000t
00350 THR01A0166_001 f 0.00  0.000     0  0.00  0  0  -1.778  -1.610   0.444   2.953   1.556   0.000 01O000M000t
00351 THR01A0166_002 f 0.00  0.000     0  0.00  0  0  -1.778  -1.610   0.444  -0.149   1.476   0.000 01O000M000t
00352 CYS01A0167_001 f 0.00  0.000     0  0.00  0  0  -2.484  -2.951   0.010  -0.005   0.446   0.000 01O000M000t
00353 CYS01A0167_002 f 0.00  0.000     0  0.00  0  0  -2.484  -3.038   0.010  -0.378   0.801   0.000 01O000M000t
00354 CYS01A0167_003 f 0.00  0.000     0  0.00  0  0  -2.485  -2.848   0.010  -0.663   0.264   0.000 01O000M000t
00355 CYS-1A0167_004 f 0.00 -1.000     0  9.10  0 -1  -2.482  -2.787   0.010  -3.802   4.111   0.000 -1O000M000t
00356 PRO01A0168_001 f 0.00  0.000     0  0.00  0  0  -4.862  -1.675   0.000   0.000   0.000   0.000 01O000M000t
00357 PRO01A0170_001 f 0.00  0.000     0  0.00  0  0  -7.285   0.838   0.000   0.000   0.000   0.000 01O000M000t
00358 ARG01A0172_001 f 0.00  0.000     0  0.00  0  0   1.838  -5.298   0.985   1.117   3.222   0.000 01O000M000t
00359 ARG02A0172_002 f 0.00  0.000     0  0.00  0  0   1.803  -5.439   0.985  -0.714   3.678   0.000 02O000M000t
00360 ARG02A0172_003 f 0.00  0.000     0  0.00  0  0   1.892  -5.439   0.985  -0.637   3.169   0.000 02O000M000t
00361 ARG03A0172_004 f 0.00  0.000     0  0.00  0  0   1.795  -5.418   0.985  -0.700   3.358   0.000 03O000M000t
00362 ARG03A0172_005 f 0.00  0.000     0  0.00  0  0   1.799  -5.326   0.985   0.485   3.453   0.000 03O000M000t
00363 ARG+1A0172_006 f 0.00  1.000     0 12.50  0  1   1.755  -5.472   0.985  -3.076   5.584   0.000 +1O000M000t
00364 VAL01A0173_001 f 0.00  0.000     0  0.00  0  0  -2.503  -0.430   0.052   0.000   0.000   0.000 01O000M000t
00365 ALA01A0174_001 f 0.00  0.000     0  0.00  0  0   0.000  -2.074   0.000   0.000   0.000   0.000 01O000M000t
00366 LYS01A0175_001 f 0.00  0.000     0  0.00  0  0  -0.189  -7.493   1.517   0.056   0.722   0.000 01O000M000t
00367 LYS+1A0175_002 f 0.00  1.000     0 10.40  0  1  -0.233  -7.531   1.517  -1.144   5.044   0.000 +1O000M000t
00368 ILE01A0176_001 f 0.00  0.000     0  0.00  0  0   2.325  -2.987   0.527   0.000   0.000   0.000 01O000M000t
00369 ALA01A0177_001 f 0.00  0.000     0  0.00  0  0  -0.103  -1.929   0.000   0.000   0.000   0.000 01O000M000t
00370 ASP01A0178_001 f 0.00  0.000     0  0.00  0  0  -0.962  -1.720   3.682   1.267   0.346   0.000 01O000M000t
00371 ASP01A0178_002 f 0.00  0.000     0  0.00  0  0  -0.962  -1.720   0.962   0.327   0.780   0.000 01O000M000t
00372 ASP02A0178_003 f 0.00  0.000     0  0.00  0  0  -0.948  -2.345   3.682  -0.660  -0.156   0.000 02O000M000t
00373 ASP02A0178_004 f 0.00  0.000     0  0.00  0  0  -0.948  -2.345   0.962  -0.640   0.950   0.000 02O000M000t
00374 ASP-1A0178_005 f 0.00 -1.000     0  4.75  0 -1  -0.996  -2.289   0.962  -3.055   1.829   0.000 -1O000M000t
00375 PHE01A0179_001 f 0.00  0.000     0  0.00  0  0   4.542  -4.911   0.254   0.000   0.000   0.000 01O000M000t
00376 MET01A0181_001 f 0.00  0.000     0  0.00  0  0   0.488  -3.902   0.032   0.093   0.067   0.000 01O000M000t
00377 ALA01A0182_001 f 0.00  0.000     0  0.00  0  0  -0.155  -1.760   0.000   0.000   0.000   0.000 01O000M000t
00378 ARG01A0183_001 f 0.00  0.000     0  0.00  0  0   5.167  -0.415   1.162  -1.151   2.911   0.000 01O000M000t
00379 ARG02A0183_002 f 0.00  0.000     0  0.00  0  0   5.135  -0.470   1.162  -1.184   3.308   0.000 02O000M000t
00380 ARG02A0183_003 f 0.00  0.000     0  0.00  0  0   5.237  -1.013   1.162   0.342   3.205   0.000 02O000M000t
00381 ARG03A0183_004 f 0.00  0.000     0  0.00  0  0   5.125  -0.515   1.162  -1.225   3.280   0.000 03O000M000t
00382 ARG03A0183_005 f 0.00  0.000     0  0.00  0  0   5.130  -0.488   1.162  -1.150   3.159   0.000 03O000M000t
00383 ARG+1A0183_006 f 0.00  1.000     0 12.50  0  1   5.084  -0.538   1.162  -0.866   5.947   0.000 +1O000M000t
00384 ASP01A0184_001 f 0.00  0.000     0  0.00  0  0  -0.380  -1.965   2.938   0.582   1.388   0.000 01O000M000t
00385 ASP01A0184_002 f 0.00  0.000     0  0.00  0  0  -0.380  -1.965   0.218   0.083   1.127   0.000 01O000M000t
00386 ASP02A0184_003 f 0.00  0.000     0  0.00  0  0  -0.353  -2.476   2.938   0.293   1.689   0.000 02O000M000t
00387 ASP02A0184_004 f 0.00  0.000     0  0.00  0  0  -0.353  -2.476   0.218   0.166   1.355   0.000 02O000M000t
00388 ASP-1A0184_005 f 0.00 -1.000     0  4.75  0 -1  -0.381  -2.406   0.218  -0.468   4.002   0.000 -1O000M000t
00389 ILE01A0185_001 f 0.00  0.000     0  0.00  0  0  -1.354   3.314   0.456   0.000   0.000   0.000 01O000M000t
00390 TYR01A0186_001 f 0.00  0.000     0  0.00  0  0  -0.272  -5.598   0.311  -0.188   1.012   0.000 01O000M000t
00391 TYR-1A0186_002 f 0.00 -1.000     0 10.20  0 -1  -0.272  -5.598   0.311  -0.773   2.475   0.000 -1O000M000t
00392 ARG01A0187_001 f 0.00  0.000     0  0.00  0  0  -1.332 999.000   1.070  -9.620   3.341   0.000 01O000M000t
00393 ARG02A0187_002 f 0.00  0.000     0  0.00  0  0  -1.388 999.000   1.070  -5.731   3.873   0.000 02O000M000t
00394 ARG02A0187_003 f 0.00  0.000     0  0.00  0  0  -1.327 999.000   1.070  -7.621   3.752   0.000 02O000M000t
00395 ARG03A0187_004 f 0.00  0.000     0  0.00  0  0  -1.388 999.000   1.070  -9.998   3.766   0.000 03O000M000t
00396 ARG+1A0187_005 f 0.00  1.000     0 12.50  0  1  -1.432 999.000   1.070  -8.504   6.668   0.000 +1O000M000t
00397 ALA01A0188_001 f 0.00  0.000     0  0.00  0  0  -2.540  15.216   0.000   0.000   0.000   0.000 01O000M000t
00398 SER01A0189_001 f 0.00  0.000     0  0.00  0  0  -1.220 242.722   1.567   0.525   1.798   0.000 01O000M000t
00399 SER01A0189_002 f 0.00  0.000     0  0.00  0  0  -1.220 242.722   1.567  -1.945   1.842   0.000 01O000M000t
00400 SER01A0189_003 f 0.00  0.000     0  0.00  0  0  -1.220 242.722   1.192   0.306   1.804   0.000 01O000M000t
00401 TYR01A0190_001 f 0.00  0.000     0  0.00  0  0   8.576   2.138   2.498   0.225   0.066   0.000 01O000M000t
00402 TYR-1A0190_002 f 0.00 -1.000     0 10.20  0 -1   8.576   2.138   2.498   0.208  -0.769   0.000 -1O000M000t
00403 TYR01A0191_001 f 0.00  0.000     0  0.00  0  0  -1.881   1.570   1.215   0.446   0.262   0.000 01O000M000t
00404 TYR01A0191_002 f 0.00  0.000     0  0.00  0  0  -1.881   1.570   1.215   0.450   0.105   0.000 01O000M000t
00405 TYR-1A0191_003 f 0.00 -1.000     0 10.20  0 -1  -1.881   1.570   1.215   0.270   0.166   0.000 -1O000M000t
00406 ARG01A0192_001 f 0.00  0.000     0  0.00  0  0  -5.408 999.000  10.086  -0.243   1.220   0.000 01O000M000t
00407 ARG02A0192_002 f 0.00  0.000     0  0.00  0  0  -5.457 999.000  10.086  -0.336   2.014   0.000 02O000M000t
00408 ARG03A0192_003 f 0.00  0.000     0  0.00  0  0  -5.474 999.000  10.086  -0.340   2.061   0.000 03O000M000t
00409 ARG+1A0192_004 f 0.00  1.000     0 12.50  0  1  -5.517 999.000  10.086   0.388   0.625   0.000 +1O000M000t
00410 LYS01A0193_001 f 0.00  0.000     0  0.00  0  0   1.289 999.000   2.202  -0.160   0.614   0.000 01O000M000t
00411 LYS+1A0193_002 f 0.00  1.000     0 10.40  0  1   1.232 999.000   2.202   1.393   3.291   0.000 +1O000M000t
00412 CYS01A0196_001 f 0.00  0.000     0  0.00  0  0  -5.899  -0.712   0.045  -0.179  -0.011   0.000 01O000M000t
00413 CYS01A0196_002 f 0.00  0.000     0  0.00  0  0  -5.899  -0.673   0.045  -0.279   0.068   0.000 01O000M000t
00414 CYS01A0196_003 f 0.00  0.000     0  0.00  0  0  -5.900  -0.653   0.045  -0.269   0.023   0.000 01O000M000t
00415 CYS-1A0196_004 f 0.00 -1.000     0  9.10  0 -1  -5.897  -0.641   0.045  -1.633   0.389   0.000 -1O000M000t
00416 ALA01A0197_001 f 0.00  0.000     0  0.00  0  0  -4.478  -0.343   0.000   0.000   0.000   0.000 01O000M000t
00417 MET01A0198_001 f 0.00  0.000     0  0.00  0  0  -5.778  -2.780   0.128   0.036   0.045   0.000 01O000M000t
00418 LEU01A0199_001 f 0.00  0.000     0  0.00  0  0  -1.350  -3.133   0.992   0.000   0.000   0.000 01O000M000t
00419 PRO01A0200_001 f 0.00  0.000     0  0.00  0  0  -0.193   1.565   0.000   0.000   0.000   0.000 01O000M000t
00420 VAL01A0201_001 f 0.00  0.000     0  0.00  0  0   0.599  -0.161   0.006   0.000   0.000   0.000 01O000M000t
00421 LYS01A0202_001 f 0.00  0.000     0  0.00  0  0  -0.367  -5.051   1.514   0.226   0.431   0.000 01O000M000t
00422 LYS+1A0202_002 f 0.00  1.000     0 10.40  0  1  -0.413  -5.099   1.514  -0.939   2.987   0.000 +1O000M000t
00423 TRP01A0203_001 f 0.00  0.000     0  0.00  0  0   2.091  -9.335   0.325   0.000   0.000   0.000 01O000M000t
00424 MET01A0204_001 f 0.00  0.000     0  0.00  0  0   0.184  -6.259   0.271  -0.025   0.088   0.000 01O000M000t
00425 PRO01A0205_001 f 0.00  0.000     0  0.00  0  0   0.227  -1.474   0.000   0.000   0.000   0.000 01O000M000t
00426 PRO01A0206_001 f 0.00  0.000     0  0.00  0  0   0.030  -0.845   0.000   0.000   0.000   0.000 01O000M000t
00427 GLU01A0207_001 f 0.00  0.000     0  0.00  0  0   2.027  -1.017   4.673   2.029   2.082   0.000 01O000M000t
00428 GLU01A0207_002 f 0.00  0.000     0  0.00  0  0   2.027  -1.017   1.953  -0.432   2.817   0.000 01O000M000t
00429 GLU02A0207_003 f 0.00  0.000     0  0.00  0  0   1.620  -1.491   4.673  -0.652   1.599   0.000 02O000M000t
00430 GLU02A0207_004 f 0.00  0.000     0  0.00  0  0   1.620  -1.491   1.953  -0.724   2.695   0.000 02O000M000t
00431 GLU-1A0207_005 f 0.00 -1.000     0  4.75  0 -1   1.548  -1.373   1.953  -5.013  10.276   0.000 -1O000M000t
00432 ALA01A0208_001 f 0.00  0.000     0  0.00  0  0   0.000  -1.104   0.000   0.000   0.000   0.000 01O000M000t
00433 PHE01A0209_001 f 0.00  0.000     0  0.00  0  0   4.416  -7.778   0.000   0.000   0.000   0.000 01O000M000t
00434 MET01A0210_001 f 0.00  0.000     0  0.00  0  0  -4.340  -1.646   0.844   0.027   0.052   0.000 01O000M000t
00435 GLU01A0211_001 f 0.00  0.000     0  0.00  0  0  -0.893  -2.003   3.422   0.288  -0.127   0.000 01O000M000t
00436 GLU01A0211_002 f 0.00  0.000     0  0.00  0  0  -0.893  -2.003   0.702   0.099   0.521   0.000 01O000M000t
00437 GLU02A0211_003 f 0.00  0.000     0  0.00  0  0  -1.374  -2.031   3.422   0.195  -0.589   0.000 02O000M000t
00438 GLU02A0211_004 f 0.00  0.000     0  0.00  0  0  -1.374  -2.031   0.702   0.110   0.368   0.000 02O000M000t
00439 GLU-1A0211_005 f 0.00 -1.000     0  4.75  0 -1  -1.303  -1.990   0.702  -0.107   0.147   0.000 -1O000M000t
00440 ILE01A0213_001 f 0.00  0.000     0  0.00  0  0  -2.013  -0.478   0.466   0.000   0.000   0.000 01O000M000t
00441 PHE01A0214_001 f 0.00  0.000     0  0.00  0  0   2.823  -5.792   0.029   0.000   0.000   0.000 01O000M000t
00442 THR01A0215_001 f 0.00  0.000     0  0.00  0  0  -3.110   0.835   0.471  -0.399   1.039   0.000 01O000M000t
00443 THR01A0215_002 f 0.00  0.000     0  0.00  0  0  -3.110   0.835   0.471   3.222   1.519   0.000 01O000M000t
00444 SER01A0216_001 f 0.00  0.000     0  0.00  0  0  -1.612  -0.492   0.749   0.069  -0.063   0.000 01O000M000t
00445 SER01A0216_002 f 0.00  0.000     0  0.00  0  0  -1.612  -0.492   0.749   0.295   0.732   0.000 01O000M000t
00446 LYS01A0217_001 f 0.00  0.000     0  0.00  0  0  -1.435  -5.019   1.406  -0.526   0.562   0.000 01O000M000t
00447 LYS+1A0217_002 f 0.00  1.000     0 10.40  0  1  -1.511  -5.031   1.406  -3.023   3.312   0.000 +1O000M000t
00448 THR01A0218_001 f 0.00  0.000     0  0.00  0  0   0.205   1.099   0.382  -1.516   1.970   0.000 01O000M000t
00449 THR01A0218_002 f 0.00  0.000     0  0.00  0  0   0.205   1.099   0.007  -0.355   1.964   0.000 01O000M000t
00450 ASP01A0219_001 f 0.00  0.000     0  0.00  0  0   0.088  -3.116   3.112  -0.823   2.121   0.000 01O000M000t
00451 ASP01A0219_002 f 0.00  0.000     0  0.00  0  0   0.088  -3.116   0.392   3.111   2.414   0.000 01O000M000t
00452 ASP02A0219_003 f 0.00  0.000     0  0.00  0  0   0.160  -3.336   3.112  -3.505   1.623   0.000 02O000M000t
00453 ASP02A0219_004 f 0.00  0.000     0  0.00  0  0   0.160 995.664   0.392   2.813   3.003   0.000 02O000M000t
00454 ASP-1A0219_005 f 0.00 -1.000     0  4.75  0 -1   0.083  -3.656   0.392 -11.634  10.817   0.000 -1O000M000t
00455 THR01A0220_001 f 0.00  0.000     0  0.00  0  0   0.186  -2.241   0.570  -0.108   1.794   0.000 01O000M000t
00456 THR01A0220_002 f 0.00  0.000     0  0.00  0  0   0.186  -2.241   0.195  -1.861   1.680   0.000 01O000M000t
00457 TRP01A0221_001 f 0.00  0.000     0  0.00  0  0   3.009 -13.728   0.015   0.000   0.000   0.000 01O000M000t
00458 SER01A0222_001 f 0.00  0.000     0  0.00  0  0   0.000  -2.391   0.375  -2.730   1.559   0.000 01O000M000t
00459 SER01A0222_002 f 0.00  0.000     0  0.00  0  0   0.000  -2.391   0.375  -0.330   1.666   0.000 01O000M000t
00460 PHE01A0223_001 f 0.00  0.000     0  0.00  0  0   4.469  -7.773   0.016   0.000   0.000   0.000 01O000M000t
00461 VAL01A0225_001 f 0.00  0.000     0  0.00  0  0   0.602  -2.296   0.000   0.000   0.000   0.000 01O000M000t
00462 LEU01A0226_001 f 0.00  0.000     0  0.00  0  0   1.563  -2.612   0.759   0.000   0.000   0.000 01O000M000t
00463 LEU01A0227_001 f 0.00  0.000     0  0.00  0  0   1.783  -2.335   2.155   0.000   0.000   0.000 01O000M000t
00464 TRP01A0228_001 f 0.00  0.000     0  0.00  0  0   2.338 -11.402   0.253   0.000   0.000   0.000 01O000M000t
00465 GLU01A0229_001 f 0.00  0.000     0  0.00  0  0   0.560  -2.346   4.325  -0.647   2.099   0.000 01O000M000t
00466 GLU01A0229_002 f 0.00  0.000     0  0.00  0  0   0.560  -2.346   1.605   3.334   2.467   0.000 01O000M000t
00467 GLU02A0229_003 f 0.00  0.000     0  0.00  0  0   0.564  -2.961   4.325  -3.015   2.878   0.000 02O000M000t
00468 GLU02A0229_004 f 0.00  0.000     0  0.00  0  0   0.564  -2.961   1.605  -0.908   2.723   0.000 02O000M000t
00469 GLU-1A0229_005 f 0.00 -1.000     0  4.75  0 -1   0.450  -2.852   1.605  -6.956  10.993   0.000 -1O000M000t
00470 ILE01A0230_001 f 0.00  0.000     0  0.00  0  0   1.942  -2.865   0.578   0.000   0.000   0.000 01O000M000t
00471 PHE01A0231_001 f 0.00  0.000     0  0.00  0  0   4.543  -5.555   0.607   0.000   0.000   0.000 01O000M000t
00472 SER01A0232_001 f 0.00  0.000     0  0.00  0  0  -0.240  -2.789   0.697  -1.315   1.947   0.000 01O000M000t
00473 SER01A0232_002 f 0.00  0.000     0  0.00  0  0  -0.240  -2.789   0.697   2.156   1.964   0.000 01O000M000t
00474 LEU01A0233_001 f 0.00  0.000     0  0.00  0  0   1.415   8.245   0.570   0.000   0.000   0.000 01O000M000t
00475 TYR01A0235_001 f 0.00  0.000     0  0.00  0  0  -1.594  -1.818   1.036   0.121   0.201   0.000 01O000M000t
00476 TYR-1A0235_002 f 0.00 -1.000     0 10.20  0 -1  -1.594  -1.818   1.036   0.480  -0.159   0.000 -1O000M000t
00477 MET01A0236_001 f 0.00  0.000     0  0.00  0  0  -4.764  -1.473   0.366  -0.009   0.065   0.000 01O000M000t
00478 PRO01A0237_001 f 0.00  0.000     0  0.00  0  0   0.212  -0.784   0.000   0.000   0.000   0.000 01O000M000t
00479 TYR01A0238_001 f 0.00  0.000     0  0.00  0  0   4.406  -2.969   0.030  -0.061   2.157   0.000 01O000M000t
00480 TYR01A0238_002 f 0.00  0.000     0  0.00  0  0   4.406  -2.969   0.030  -0.806   1.976   0.000 01O000M000t
00481 TYR-1A0238_003 f 0.00 -1.000     0 10.20  0 -1   4.406  -2.969   0.030   0.103   8.973   0.000 -1O000M000t
00482 PRO01A0239_001 f 0.00  0.000     0  0.00  0  0  -3.733   0.453   0.000   0.000   0.000   0.000 01O000M000t
00483 SER01A0240_001 f 0.00  0.000     0  0.00  0  0  -4.224  12.940   1.411  -2.486   0.344   0.000 01O000M000t
00484 SER01A0240_002 f 0.00  0.000     0  0.00  0  0  -4.224  12.940   1.036   0.024   0.033   0.000 01O000M000t
00485 LYS01A0241_001 f 0.00  0.000     0  0.00  0  0  -1.652  -4.785   1.132  -0.032   0.179   0.000 01O000M000t
00486 LYS+1A0241_002 f 0.00  1.000     0 10.40  0  1  -1.741  -4.798   1.132   0.132   1.334   0.000 +1O000M000t
00487 SER01A0242_001 f 0.00  0.000     0  0.00  0  0  -2.860  -0.835   0.603   0.146   1.496   0.000 01O000M000t
00488 SER01A0242_002 f 0.00  0.000     0  0.00  0  0  -2.860  -0.835   0.603   2.002   1.492   0.000 01O000M000t
00489 ASN01A0243_001 f 0.00  0.000     0  0.00  0  0  -1.176  -1.400   0.843  -0.082   0.905   0.000 01O000M000t
00490 ASN01A0243_002 f 0.00  0.000     0  0.00  0  0  -1.135  -0.049   0.843   0.547   0.831   0.000 01R001M000t
00491 GLN01A0244_001 f 0.00  0.000     0  0.00  0  0  -1.866  -1.357   0.303  -0.011   0.641   0.000 01O000M000t
00492 GLN01A0244_002 f 0.00  0.000     0  0.00  0  0  -1.127  -1.101   0.303   0.275   0.525   0.000 01R001M000t
00493 GLU01A0245_001 f 0.00  0.000     0  0.00  0  0  -0.741  -2.146   3.262   2.391   1.199   0.000 01O000M000t
00494 GLU01A0245_002 f 0.00  0.000     0  0.00  0  0  -0.741  -2.146   0.542  -0.572   0.640   0.000 01O000M000t
00495 GLU02A0245_003 f 0.00  0.000     0  0.00  0  0  -1.211  -2.705   3.262  -0.851  -0.643   0.000 02O000M000t
00496 GLU02A0245_004 f 0.00  0.000     0  0.00  0  0  -1.211  -2.705   0.542  -1.041   1.067   0.000 02O000M000t
00497 GLU-1A0245_005 f 0.00 -1.000     0  4.75  0 -1  -1.178  -2.670   0.542  -2.096   1.190   0.000 -1O000M000t
00498 VAL01A0246_001 f 0.00  0.000     0  0.00  0  0   0.625  -0.553   0.174   0.000   0.000   0.000 01O000M000t
00499 LEU01A0247_001 f 0.00  0.000     0  0.00  0  0  -0.034  -0.510   0.689   0.000   0.000   0.000 01O000M000t
00500 GLU01A0248_001 f 0.00  0.000     0  0.00  0  0  -0.998  -2.046   2.943   0.054   0.090   0.000 01O000M000t
00501 GLU01A0248_002 f 0.00  0.000     0  0.00  0  0  -0.998  -2.046   0.223   0.004   0.653   0.000 01O000M000t
00502 GLU02A0248_003 f 0.00  0.000     0  0.00  0  0  -1.402  -2.040   2.943  -0.109   0.118   0.000 02O000M000t
00503 GLU02A0248_004 f 0.00  0.000     0  0.00  0  0  -1.402  -2.040   0.223   0.003   0.548   0.000 02O000M000t
00504 GLU-1A0248_005 f 0.00 -1.000     0  4.75  0 -1  -1.378  -1.999   0.223  -0.016   0.869   0.000 -1O000M000t
00505 PHE01A0249_001 f 0.00  0.000     0  0.00  0  0   0.672  -6.954   0.009   0.000   0.000   0.000 01O000M000t
00506 VAL01A0250_001 f 0.00  0.000     0  0.00  0  0   0.640  -0.359   0.281   0.000   0.000   0.000 01O000M000t
00507 THR01A0251_001 f 0.00  0.000     0  0.00  0  0  -2.075   1.151   0.558   0.494   1.716   0.000 01O000M000t
00508 THR01A0251_002 f 0.00  0.000     0  0.00  0  0  -2.075   1.151   0.558  -1.411   1.843   0.000 01O000M000t
00509 THR01A0251_003 f 0.00  0.000     0  0.00  0  0  -2.075   1.151   0.183  -0.175   1.313   0.000 01O000M000t
00510 SER01A0252_001 f 0.00  0.000     0  0.00  0  0  -3.665  -1.379   0.417   0.011   0.063   0.000 01O000M000t
00511 ARG01A0255_001 f 0.00  0.000     0  0.00  0  0  -0.446  -5.095   0.660  -1.577   3.065   0.000 01O000M000t
00512 ARG02A0255_002 f 0.00  0.000     0  0.00  0  0  -0.464  -5.002   0.660  -1.540   4.043   0.000 02O000M000t
00513 ARG02A0255_003 f 0.00  0.000     0  0.00  0  0  -0.400  -5.232   0.660  -0.321   3.889   0.000 02O000M000t
00514 ARG03A0255_004 f 0.00  0.000     0  0.00  0  0  -0.472  -5.129   0.660  -2.520   3.822   0.000 03O000M000t
00515 ARG+1A0255_005 f 0.00  1.000     0 12.50  0  1  -0.510  -5.182   0.660  -6.506   6.254   0.000 +1O000M000t
00516 MET01A0256_001 f 0.00  0.000     0  0.00  0  0   0.132  -4.224   1.237  -0.237   0.091   0.000 01O000M000t
00517 ASP01A0257_001 f 0.00  0.000     0  0.00  0  0  -3.354   0.890   3.272   0.665   0.108   0.000 01O000M000t
00518 ASP01A0257_002 f 0.00  0.000     0  0.00  0  0  -3.354   0.890   0.552   0.231   0.514   0.000 01O000M000t
00519 ASP02A0257_003 f 0.00  0.000     0  0.00  0  0  -3.232   0.361   3.272   0.339  -0.473   0.000 02O000M000t
00520 ASP02A0257_004 f 0.00  0.000     0  0.00  0  0  -3.232   0.361   0.552   0.258   0.565   0.000 02O000M000t
00521 ASP-1A0257_005 f 0.00 -1.000     0  4.75  0 -1  -3.299   0.396   0.552  -0.323   0.366   0.000 -1O000M000t
00522 PRO01A0258_001 f 0.00  0.000     0  0.00  0  0  -2.915  -1.536   0.000   0.000   0.000   0.000 01O000M000t
00523 PRO01A0259_001 f 0.00  0.000     0  0.00  0  0   0.221  -2.839   0.000   0.000   0.000   0.000 01O000M000t
00524 LYS01A0260_001 f 0.00  0.000     0  0.00  0  0  -4.038  -1.703   1.171  -0.026  -0.075   0.000 01O000M000t
00525 LYS+1A0260_002 f 0.00  1.000     0 10.40  0  1  -4.084  -1.708   1.171  -0.193   0.000   0.000 +1O000M000t
00526 ASN01A0261_001 f 0.00  0.000     0  0.00  0  0  -1.795   5.810   0.609  -0.901   0.937   0.000 01O000M000t
00527 ASN01A0261_002 f 0.00  0.000     0  0.00  0  0  -1.998   6.738   0.609   0.432   0.593   0.000 01R001M000t
00528 CYS01A0262_001 f 0.00  0.000     0  0.00  0  0  -0.002  -4.491   0.028  -0.231   0.973   0.000 01O000M000t
00529 CYS01A0262_002 f 0.00  0.000     0  0.00  0  0  -0.002  -4.330   0.028  -0.208   0.970   0.000 01O000M000t
00530 CYS01A0262_003 f 0.00  0.000     0  0.00  0  0  -0.002  -4.339   0.028  -0.110   0.982   0.000 01O000M000t
00531 CYS-1A0262_004 f 0.00 -1.000     0  9.10  0 -1   0.000  -4.272   0.028  -4.053  12.269   0.000 -1O000M000t
00532 PRO01A0263_001 f 0.00  0.000     0  0.00  0  0  -0.035  -1.708   0.000   0.000   0.000   0.000 01O000M000t
00533 PRO01A0265_001 f 0.00  0.000     0  0.00  0  0  -2.088   0.098   0.000   0.000   0.000   0.000 01O000M000t
00534 VAL01A0266_001 f 0.00  0.000     0  0.00  0  0   0.659  -0.775   0.039   0.000   0.000   0.000 01O000M000t
00535 TYR01A0267_001 f 0.00  0.000     0  0.00  0  0   1.500  -6.020   0.025  -1.893   1.460   0.000 01O000M000t
00536 TYR01A0267_002 f 0.00  0.000     0  0.00  0  0   1.500  -6.020   0.025   0.882   1.407   0.000 01O000M000t
00537 TYR-1A0267_003 f 0.00 -1.000     0 10.20  0 -1   1.500  -6.020   0.025   0.856   5.544   0.000 -1O000M000t
00538 ARG01A0268_001 f 0.00  0.000     0  0.00  0  0  -5.796  -5.609   2.133  -0.314   0.915   0.000 01O000M000t
00539 ARG02A0268_002 f 0.00  0.000     0  0.00  0  0  -5.818  -5.617   2.133  -0.334   2.028   0.000 02O000M000t
00540 ARG03A0268_003 f 0.00  0.000     0  0.00  0  0  -5.827  -5.604   2.133  -0.384   1.962   0.000 03O000M000t
00541 ARG+1A0268_004 f 0.00  1.000     0 12.50  0  1  -5.867  -5.642   2.133   0.359   0.675   0.000 +1O000M000t
00542 ILE01A0269_001 f 0.00  0.000     0  0.00  0  0   2.604  -2.683   0.421   0.000   0.000   0.000 01O000M000t
00543 MET01A0270_001 f 0.00  0.000     0  0.00  0  0   0.105  -7.073   0.534   0.045   0.099   0.000 01O000M000t
00544 THR01A0271_001 f 0.00  0.000     0  0.00  0  0  -1.877  -1.752   0.376   0.070   1.416   0.000 01O000M000t
00545 GLN01A0272_001 f 0.00  0.000     0  0.00  0  0  -0.837  -2.339   0.831  -0.010   1.269   0.000 01O000M000t
00546 GLN01A0272_002 f 0.00  0.000     0  0.00  0  0  -0.447  -2.309   0.828  -0.113   0.921   0.000 01R001M000t
00547 CYS01A0273_001 f 0.00  0.000     0  0.00  0  0  -0.002  -5.345   0.199   0.030   0.993   0.000 01O000M000t
00548 CYS01A0273_002 f 0.00  0.000     0  0.00  0  0  -0.002  -5.411   0.199  -0.292   0.993   0.000 01O000M000t
00549 CYS01A0273_003 f 0.00  0.000     0  0.00  0  0  -0.002  -5.371   0.199   0.260   0.995   0.000 01O000M000t
00550 CYS-1A0273_004 f 0.00 -1.000     0  9.10  0 -1   0.000  -5.282   0.199   1.248  14.822   0.000 -1O000M000t
00551 TRP01A0274_001 f 0.00  0.000     0  0.00  0  0   2.818 -11.972   0.012   0.000   0.000   0.000 01O000M000t
00552 GLN01A0275_001 f 0.00  0.000     0  0.00  0  0  -1.266  -4.861   1.138  -0.867   0.553   0.000 01O000M000t
00553 GLN01A0275_002 f 0.00  0.000     0  0.00  0  0  -1.167  -4.869   1.147   0.394   0.057   0.000 01R001M000t
00554 HIS01A0276_001 f 0.00  0.000     0  0.00  0  0  -5.324  -3.018   0.007   0.212   1.265   0.000 01O000M000t
00555 HIS01A0276_002 f 0.00  0.000     0  0.00  0  0  -4.846  -3.010   0.007   0.665   0.950   0.000 01R001M000t
00556 HIS02A0276_003 f 0.00  0.000     0  0.00  0  0  -5.345  -3.060   0.007   0.304   1.342   0.000 02O000M000t
00557 HIS02A0276_004 f 0.00  0.000     0  0.00  0  0  -4.858  -3.040   0.007   0.212   1.390   0.000 02R001M000t
00558 HIS+1A0276_005 f 0.00  1.000     0  6.98  0  1  -5.371  -3.075   0.007   0.672   2.082   0.000 +1O000M000t
00559 HIS+1A0276_006 f 0.00  1.000     0  6.98  0  1  -4.884  -3.048   0.007   0.539   1.361   0.000 +1R001M000t
00560 GLN01A0277_001 f 0.00  0.000     0  0.00  0  0  -1.328  -1.627   0.896   0.600   0.905   0.000 01O000M000t
00561 GLN01A0277_002 f 0.00  0.000     0  0.00  0  0  -1.757  -1.804   0.898  -0.287   0.549   0.000 01R001M000t
00562 PRO01A0278_001 f 0.00  0.000     0  0.00  0  0  -1.472  -0.718   0.000   0.000   0.000   0.000 01O000M000t
00563 GLU01A0279_001 f 0.00  0.000     0  0.00  0  0  -0.792   1.081   5.039   3.539   0.805   0.000 01O000M000t
00564 GLU01A0279_002 f 0.00  0.000     0  0.00  0  0  -0.792   1.081   2.319  -0.150   1.165   0.000 01O000M000t
00565 GLU02A0279_003 f 0.00  0.000     0  0.00  0  0  -1.194   0.454   5.039  -1.083   0.054   0.000 02O000M000t
00566 GLU02A0279_004 f 0.00  0.000     0  0.00  0  0  -1.194   0.454   2.319  -0.931   1.193   0.000 02O000M000t
00567 GLU-1A0279_005 f 0.00 -1.000     0  4.75  0 -1  -1.133   0.496   2.319  -3.463   2.661   0.000 -1O000M000t
00568 ASP01A0280_001 f 0.00  0.000     0  0.00  0  0  -2.451  -0.134   3.066   0.439  -0.054   0.000 01O000M000t
00569 ASP01A0280_002 f 0.00  0.000     0  0.00  0  0  -2.451  -0.134   0.346   0.158   0.534   0.000 01O000M000t
00570 ASP02A0280_003 f 0.00  0.000     0  0.00  0  0  -2.184  -0.678   3.066   0.418   0.179   0.000 02O000M000t
00571 ASP02A0280_004 f 0.00  0.000     0  0.00  0  0  -2.184  -0.678   0.346   0.195   0.844   0.000 02O000M000t
00572 ASP-1A0280_005 f 0.00 -1.000     0  4.75  0 -1  -2.361  -0.611   0.346  -0.736   1.240   0.000 -1O000M000t
00573 ARG01A0281_001 f 0.00  0.000     0  0.00  0  0   1.792  22.625   2.276  -1.747   4.441   0.000 01O000M000t
00574 ARG02A0281_002 f 0.00  0.000     0  0.00  0  0   1.752  22.599   2.276  -2.484   4.960   0.000 02O000M000t
00575 ARG02A0281_003 f 0.00  0.000     0  0.00  0  0   1.805  22.197   2.276   1.071   4.954   0.000 02O000M000t
00576 ARG03A0281_004 f 0.00  0.000     0  0.00  0  0   1.747  22.558   2.276  -3.148   4.863   0.000 03O000M000t
00577 ARG03A0281_005 f 0.00  0.000     0  0.00  0  0   1.752  22.654   2.276  -1.790   4.838   0.000 03O000M000t
00578 ARG+1A0281_006 f 0.00  1.000     0 12.50  0  1   1.707  22.512   2.276  -6.328  11.445   0.000 +1O000M000t
00579 PRO01A0282_001 f 0.00  0.000     0  0.00  0  0   0.014  -3.548   0.000   0.000   0.000   0.000 01O000M000t
00580 ASN01A0283_001 f 0.00  0.000     0  0.00  0  0  -1.572   0.040   0.336  -2.402   1.618   0.000 01O000M000t
00581 PHE01A0284_001 f 0.00  0.000     0  0.00  0  0   4.490  -9.608   0.692   0.000   0.000   0.000 01O000M000t
00582 ALA01A0285_001 f 0.00  0.000     0  0.00  0  0  -2.453  -0.425   0.000   0.000   0.000   0.000 01O000M000t
00583 ILE01A0286_001 f 0.00  0.000     0  0.00  0  0  -1.874   2.579   0.497   0.000   0.000   0.000 01O000M000t
00584 ILE01A0287_001 f 0.00  0.000     0  0.00  0  0   2.012  -3.148   0.559   0.000   0.000   0.000 01O000M000t
00585 LEU01A0288_001 f 0.00  0.000     0  0.00  0  0   0.644  -3.796   1.627   0.000   0.000   0.000 01O000M000t
00586 GLU01A0289_001 f 0.00  0.000     0  0.00  0  0  -0.984   3.728   2.974   0.089   0.128   0.000 01O000M000t
00587 GLU01A0289_002 f 0.00  0.000     0  0.00  0  0  -0.984   3.728   0.254   0.003   0.619   0.000 01O000M000t
00588 GLU02A0289_003 f 0.00  0.000     0  0.00  0  0  -1.339   3.748   2.974  -0.045  -0.264   0.000 02O000M000t
00589 GLU02A0289_004 f 0.00  0.000     0  0.00  0  0  -1.339   3.748   0.254  -0.002   0.645   0.000 02O000M000t
00590 GLU-1A0289_005 f 0.00 -1.000     0  4.75  0 -1  -1.322   3.789   0.254  -0.175   0.852   0.000 -1O000M000t
00591 ARG01A0290_001 f 0.00  0.000     0  0.00  0  0  -3.954  -3.636   0.472  -0.019   1.721   0.000 01O000M000t
00592 ARG02A0290_002 f 0.00  0.000     0  0.00  0  0  -3.933  -3.628   0.472  -0.098   2.487   0.000 02O000M000t
00593 ARG03A0290_003 f 0.00  0.000     0  0.00  0  0  -3.994  -3.644   0.472  -0.016   2.513   0.000 03O000M000t
00594 ARG+1A0290_004 f 0.00  1.000     0 12.50  0  1  -4.037  -3.648   0.472   0.138   2.428   0.000 +1O000M000t
00595 ILE01A0291_001 f 0.00  0.000     0  0.00  0  0   2.408  -3.623   0.510   0.000   0.000   0.000 01O000M000t
00596 GLU01A0292_001 f 0.00  0.000     0  0.00  0  0  -0.853   7.222   4.402   0.293  -0.021   0.000 01O000M000t
00597 GLU01A0292_002 f 0.00  0.000     0  0.00  0  0  -0.853   7.222   1.682  -0.050   0.556   0.000 01O000M000t
00598 GLU02A0292_003 f 0.00  0.000     0  0.00  0  0  -1.117   7.134   4.402  -0.056  -0.095   0.000 02O000M000t
00599 GLU02A0292_004 f 0.00  0.000     0  0.00  0  0  -1.117   7.134   1.682  -0.043   1.003   0.000 02O000M000t
00600 GLU-1A0292_005 f 0.00 -1.000     0  4.75  0 -1  -1.040   7.172   1.682  -0.088   1.633   0.000 -1O000M000t
00601 TYR01A0293_001 f 0.00  0.000     0  0.00  0  0  -5.566  -3.633   0.852   0.334   0.022   0.000 01O000M000t
00602 TYR-1A0293_002 f 0.00 -1.000     0 10.20  0 -1  -5.566  -3.633   0.852   0.127  -0.595   0.000 -1O000M000t
00603 CYS01A0294_001 f 0.00  0.000     0  0.00  0  0  -0.002  -3.828   0.335   0.321   0.826   0.000 01O000M000t
00604 CYS01A0294_002 f 0.00  0.000     0  0.00  0  0  -0.002  -3.857   0.335  -0.720   0.459   0.000 01O000M000t
00605 CYS01A0294_003 f 0.00  0.000     0  0.00  0  0  -0.002  -3.826   0.335   0.029   0.815   0.000 01O000M000t
00606 CYS-1A0294_004 f 0.00 -1.000     0  9.10  0 -1   0.000  -3.731   0.335  -2.378   7.319   0.000 -1O000M000t
00607 THR01A0295_001 f 0.00  0.000     0  0.00  0  0  -0.723  16.801   0.617  -1.820   1.352   0.000 01O000M000t
00608 THR01A0295_002 f 0.00  0.000     0  0.00  0  0  -0.723  16.801   0.617   0.144   0.655   0.000 01O000M000t
00609 THR01A0295_003 f 0.00  0.000     0  0.00  0  0  -0.723  16.801   0.242  -0.348   0.517   0.000 01O000M000t
00610 GLN01A0296_001 f 0.00  0.000     0  0.00  0  0  -2.260  -2.783   1.056   0.002   0.232   0.000 01O000M000t
00611 GLN01A0296_002 f 0.00  0.000     0  0.00  0  0  -1.996  -2.814   1.065   0.072   0.414   0.000 01R001M000t
00612 ASP01A0297_001 f 0.00  0.000     0  0.00  0  0  -1.154   0.645   2.761   3.739   1.133   0.000 01O000M000t
00613 ASP01A0297_002 f 0.00  0.000     0  0.00  0  0  -1.154   0.645   0.041  -0.147   0.906   0.000 01O000M000t
00614 ASP02A0297_003 f 0.00  0.000     0  0.00  0  0  -0.881  -0.716   2.761  -1.560   0.606   0.000 02O000M000t
00615 ASP02A0297_004 f 0.00  0.000     0  0.00  0  0  -0.881  -0.716   0.041  -1.541   1.586   0.000 02O000M000t
00616 ASP-1A0297_005 f 0.00 -1.000     0  4.75  0 -1  -0.992  -0.634   0.041  -4.710   3.797   0.000 -1O000M000t
00617 PRO01A0298_001 f 0.00  0.000     0  0.00  0  0  -5.096   2.510   0.000   0.000   0.000   0.000 01O000M000t
00618 ASP01A0299_001 f 0.00  0.000     0  0.00  0  0  -3.308   0.964   3.357   0.835  -0.230   0.000 01O000M000t
00619 ASP01A0299_002 f 0.00  0.000     0  0.00  0  0  -3.308   0.964   0.637   0.343   0.506   0.000 01O000M000t
00620 ASP02A0299_003 f 0.00  0.000     0  0.00  0  0  -3.341   0.368   3.357   0.502  -0.423   0.000 02O000M000t
00621 ASP02A0299_004 f 0.00  0.000     0  0.00  0  0  -3.341   0.368   0.637   0.340   0.598   0.000 02O000M000t
00622 ASP-1A0299_005 f 0.00 -1.000     0  4.75  0 -1  -3.223   0.402   0.637  -0.763   0.198   0.000 -1O000M000t
00623 VAL01A0300_001 f 0.00  0.000     0  0.00  0  0   0.623  -0.777   0.109   0.000   0.000   0.000 01O000M000t
00624 ILE01A0301_001 f 0.00  0.000     0  0.00  0  0   1.666  -4.336   0.403   0.000   0.000   0.000 01O000M000t
00625 ASN01A0302_001 f 0.00  0.000     0  0.00  0  0  -2.771   2.055   0.724   0.104   0.232   0.000 01O000M000t
00626 ASN01A0302_002 f 0.00  0.000     0  0.00  0  0  -3.084   2.834   0.723   0.227   0.163   0.000 01R001M000t
00627 THR01A0303_001 f 0.00  0.000     0  0.00  0  0  -1.763  -1.433   0.378   0.539   0.246   0.000 01O000M000t
00628 ALA01A0304_001 f 0.00  0.000     0  0.00  0  0  -4.118  -0.667   0.000   0.000   0.000   0.000 01O000M000t
00629 LEU01A0305_001 f 0.00  0.000     0  0.00  0  0   1.637  -4.420   0.713   0.000   0.000   0.000 01O000M000t
00630 PRO01A0306_001 f 0.00  0.000     0  0.00  0  0  -0.922  -1.993   0.000   0.000   0.000   0.000 01O000M000t
00631 ILE01A0307_001 f 0.00  0.000     0  0.00  0  0  -0.973  -3.265   0.428   0.000   0.000   0.000 01O000M000t
00632 GLU01A0308_001 f 0.00  0.000     0  0.00  0  0  -1.025  -2.681   3.785  -0.091   0.184   0.000 01O000M000t
00633 GLU01A0308_002 f 0.00  0.000     0  0.00  0  0  -1.025  -2.681   1.065   0.009   0.794   0.000 01O000M000t
00634 GLU02A0308_003 f 0.00  0.000     0  0.00  0  0  -1.031  -2.657   3.785   0.180  -0.120   0.000 02O000M000t
00635 GLU02A0308_004 f 0.00  0.000     0  0.00  0  0  -1.031  -2.657   1.065   0.108   1.376   0.000 02O000M000t
00636 GLU-1A0308_005 f 0.00 -1.000     0  4.75  0 -1  -1.181  -2.628   1.065   0.790   1.913   0.000 -1O000M000t
00637 TYR01A0309_001 f 0.00  0.000     0  0.00  0  0  -7.260  -1.930   0.184  -0.106  -0.054   0.000 01O000M000t
00638 TYR01A0309_002 f 0.00  0.000     0  0.00  0  0  -7.260  -1.930   0.184  -0.124   0.157   0.000 01O000M000t
00639 TYR-1A0309_003 f 0.00 -1.000     0 10.20  0 -1  -7.260  -1.930   0.184  -0.875  -0.455   0.000 -1O000M000t
