 ph         7.4   7.4   7.4   7.4   7.4
GLU A0002 -1.00 -1.00 -1.00 -1.00 -1.00
ARG A0010  1.00  1.00  1.00  1.00  1.00
LYS A0013  1.00  1.00  1.00  1.00  1.00
GLU A0014 -1.00 -1.00 -1.00 -1.00 -1.00
GLU A0016 -0.97 -0.97 -0.97 -0.97 -0.97
LYS A0018  1.00  1.00  1.00  1.00  1.00
LYS A0019  1.00  1.00  1.00  1.00  1.00
LYS A0021  1.00  1.00  1.00  1.00  1.00
TYR A0032 -0.00 -0.00 -0.00 -0.00 -0.00
LYS A0033  1.00  1.00  1.00  1.00  1.00
GLU A0039 -1.00 -1.00 -1.00 -1.00 -1.00
GLU A0041 -0.98 -0.98 -0.98 -0.98 -0.98
LYS A0042  1.00  1.00  1.00  1.00  1.00
LYS A0044  1.00  1.00  1.00  1.00  1.00
LYS A0050  1.00  1.00  1.00  1.00  1.00
GLU A0051 -1.00 -1.00 -1.00 -1.00 -1.00
ARG A0053  1.00  1.00  1.00  1.00  1.00
GLU A0054 -1.00 -1.00 -1.00 -1.00 -1.00
LYS A0059  1.00  1.00  1.00  1.00  1.00
LYS A0062  1.00  1.00  1.00  1.00  1.00
GLU A0063 -1.00 -1.00 -1.00 -1.00 -1.00
ASP A0066 -0.99 -0.99 -0.99 -0.99 -0.99
GLU A0067 -1.00 -1.00 -1.00 -1.00 -1.00
TYR A0069 -0.00 -0.00 -0.00 -0.00 -0.00
ASP A0075 -1.00 -1.00 -1.00 -1.00 -1.00
HIS A0078  0.00  0.00  0.00  0.00  0.00
CYS A0080 -0.00 -0.00 -0.00 -0.00 -0.00
ARG A0081  1.00  1.00  1.00  1.00  1.00
CYS A0086  0.00  0.00  0.00  0.00  0.00
CYS A0102  0.00  0.00 -0.00  0.00  0.00
ASP A0105 -1.00 -1.00 -1.00 -1.00 -1.00
TYR A0106 -0.00 -0.00 -0.00 -0.00 -0.00
ARG A0108  1.00  1.00  1.00  1.00  1.00
GLU A0109 -1.00 -1.00 -1.00 -1.00 -1.00
HIS A0110  0.24  0.25  0.25  0.24  0.24
LYS A0111  1.00  1.00  1.00  1.00  1.00
ASP A0112 -1.00 -1.00 -1.00 -1.00 -1.00
TYR A0118 -0.01 -0.01 -0.01 -0.01 -0.01
CYS A0123  0.00  0.00  0.00  0.00  0.00
LYS A0128  0.99  0.99  0.99  0.99  0.99
TYR A0132 -0.00 -0.00 -0.00 -0.00 -0.00
GLU A0134 -1.00 -1.00 -1.00 -1.00 -1.00
ASP A0135 -1.00 -1.00 -1.00 -1.00 -1.00
ARG A0136  1.00  1.00  1.00  1.00  1.00
ARG A0137  1.00  1.00  1.00  1.00  1.00
HIS A0140  0.00  0.00  0.00  0.00  0.00
ARG A0141  1.00  1.00  1.00  1.00  1.00
ASP A0142 -0.79 -0.79 -0.79 -0.79 -0.79
ARG A0146  1.00  1.00  1.00  1.00  1.00
LYS A0151  1.00  1.00  1.00  1.00  1.00
HIS A0155  0.00  0.00  0.00  0.00  0.00
LYS A0157  0.80  0.81  0.81  0.80  0.81
ASP A0160 -0.96 -0.96 -0.96 -0.96 -0.96
LYS A0165  1.00  1.00  1.00  1.00  1.00
GLU A0170 -1.00 -1.00 -1.00 -1.00 -1.00
GLU A0171 -1.00 -1.00 -1.00 -1.00 -1.00
LYS A0172  1.00  1.00  1.00  1.00  1.00
GLU A0173 -1.00 -1.00 -1.00 -1.00 -1.00
TYR A0174 -0.00 -0.00  0.00 -0.00 -0.00
HIS A0175  0.90  0.90  0.90  0.90  0.89
GLU A0177 -1.00 -1.00 -1.00 -1.00 -1.00
LYS A0180  0.99  0.99  0.99  0.99  0.99
LYS A0184  1.00  1.00  1.00  1.00  1.00
GLU A0189 -1.00 -1.00 -1.00 -1.00 -1.00
HIS A0193  0.06  0.06  0.06  0.06  0.06
ARG A0194  1.00  1.00  1.00  1.00  1.00
TYR A0196 -0.00 -0.00  0.00 -0.00 -0.00
HIS A0198  0.32  0.32  0.32  0.32  0.32
ASP A0201 -1.00 -1.00 -1.00 -1.00 -1.00
TYR A0205  0.00  0.00  0.00  0.00  0.00
GLU A0211 -0.92 -0.92 -0.92 -0.93 -0.93
LYS A0218  1.00  1.00  1.00  1.00  1.00
TYR A0220  0.00  0.00  0.00  0.00  0.00
ASP A0221 -1.00 -1.00 -1.00 -1.00 -1.00
GLU A0227 -1.00 -1.00 -1.00 -1.00 -1.00
GLU A0233 -1.00 -1.00 -1.00 -1.00 -1.00
LYS A0234  1.00  1.00  1.00  1.00  1.00
GLU A0236 -1.00 -1.00 -1.00 -1.00 -1.00
ARG A0237  1.00  1.00  1.00  1.00  1.00
CYS A0244  0.00  0.00  0.00  0.00  0.00
ASP A0247 -1.00 -1.00 -1.00 -1.00 -1.00
TYR A0249  0.00  0.00  0.00  0.00  0.00
LYS A0254  0.99  0.99  0.99  1.00  1.00
CYS A0255  0.00  0.00  0.00  0.00  0.00
ASP A0259 -1.00 -1.00 -1.00 -1.00 -1.00
ASP A0261 -1.00 -1.00 -1.00 -1.00 -1.00
ARG A0263  1.00  1.00  1.00  1.00  1.00
LYS A0265  1.00  1.00  1.00  1.00  1.00
ARG A0267  1.00  1.00  1.00  1.00  1.00
GLU A0268 -1.00 -1.00 -1.00 -1.00 -1.00
GLU A0272 -1.00 -1.00 -1.00 -1.00 -1.00
LYS A0275  1.00  1.00  1.00  1.00  1.00
ARG A0278  1.00  1.00  1.00  1.00  1.00
ASP A0279 -1.00 -1.00 -1.00 -1.00 -1.00
ARG A0282  1.00  1.00  1.00  1.00  1.00
TYR A0283  0.00 -0.00 -0.00 -0.00 -0.00
ASP A0289 -0.93 -0.93 -0.94 -0.93 -0.93
GLU A0290 -1.00 -1.00 -1.00 -1.00 -1.00
ARG A0291  1.00  1.00  1.00  1.00  1.00
HIS A0293  0.59  0.59  0.59  0.59  0.59
ASP A0299 -1.00 -1.00 -1.00 -1.00 -1.00
TYR A0303 -0.01 -0.01 -0.01 -0.01 -0.01
ARG A0304  0.00  0.00  0.00  0.00  0.00
ASP A0308 -1.00 -1.00 -1.00 -1.00 -1.00
GLU A0309 -0.99 -0.99 -0.99 -0.99 -0.99
GLU A0310 -0.98 -0.98 -0.98 -0.98 -0.98
ASP A0311  0.00  0.00  0.00  0.00  0.00
ASP A0313 -0.60 -0.60 -0.60 -0.60 -0.60
ASP A0314 -0.98 -0.98 -0.98 -0.98 -0.98
ASP A0317 -0.98 -0.98 -0.98 -0.98 -0.98
ASP A0319 -1.00 -1.00 -1.00 -1.00 -1.00
GLU A0320 -0.95 -0.95 -0.95 -0.96 -0.95
TYR A0321 -0.01 -0.01 -0.01 -0.01 -0.01

Tot Protn  -5.2  -5.2  -5.2  -5.2  -5.2
Tot Elec    0.0   0.0   0.0   0.0   0.0
Net crg    -4.2  -4.2  -4.2  -4.2  -4.2
