  pH           7
GLU-A0002_ -1.00
HIS+A0003_  0.49
CYS-A0004_ -0.00
GLU-A0005_ -1.00
ARG+A0006_  1.00
TYR-A0009_ -0.00
ASP-A0010_ -1.00
LYS+A0013_  1.00
GLU-A0015_ -1.00
ARG+A0018_  1.00
ASP-A0019_ -1.00
ARG+A0020_  1.00
LYS+A0022_  1.00
LYS+A0025_  1.00
ARG+A0029_  1.00
GLU-A0037_ -1.00
ASP-A0039_ -0.98
ASP-A0044_ -1.00
LYS+A0045_  1.00
CYS-A0049_ -0.02
ARG+A0050_  1.00
LYS+A0055_  1.00
LYS+A0058_  1.00
GLU-A0059_ -1.00
HIS+A0063_  0.04
GLU-A0065_ -1.00
HIS+A0066_  0.03
ARG+A0067_  1.00
GLU-A0072_ -1.00
LYS+A0074_  1.00
HIS+A0078_  0.05
HIS+A0081_  0.06
HIS+A0082_  0.00
CYS-A0092_ -0.00
LYS+A0094_  1.00
GLU-A0104_ -1.00
CYS-A0106_ -0.00
LYS+A0107_  0.99
TYR-A0114_ -0.00
ARG+A0116_  1.00
LYS+A0118_  1.00
ARG+A0119_  1.00
GLU-A0121_ -1.00
TYR-A0125_ -0.00
LYS+A0126_  1.00
GLU-A0130_ -1.00
ASP-A0131_ -1.00
TYR-A0133_ -0.00
LYS+A0134_  1.00
ASP-A0135_ -1.00
GLU-A0140_ -1.00
HIS+A0141_  0.00
CYS-A0144_ -0.00
TYR-A0145_ -0.00
LYS+A0151_  1.00
GLU-A0154_ -1.00
ARG+A0159_  1.00
LYS+A0160_  1.00
CYS-A0161_ -0.00
HIS+A0163_  0.00
ARG+A0164_  1.00
ASP-A0165_ -1.00
ARG+A0169_  1.00
GLU-A0175_ -1.00
LYS+A0176_  1.00
LYS+A0180_  1.00
CYS-A0182_ -0.00
ASP-A0183_ -1.00
ARG+A0188_  1.00
ASP-A0189_ -1.00
TYR-A0191_ -0.02
LYS+A0192_  1.00
ASP-A0193_ -1.00
ASP-A0195_ -1.00
TYR-A0196_ -0.00
ARG+A0198_  1.00
LYS+A0199_  1.00
ASP-A0201_ -1.00
ARG+A0203_  1.00
LYS+A0207_  1.00
GLU-A0212_ -1.00
ASP-A0216_ -1.00
ARG+A0217_  1.00
TYR-A0219_ -0.00
ASP-A0224_ -1.00
GLU-A0234_ -1.00
TYR-A0243_ -0.00
LYS+A0247_  1.00
ASP-A0249_ -1.00
GLU-A0250_ -1.00
GLU-A0251_ -1.00
CYS-A0253_ -0.00
ARG+A0254_  1.00
ARG+A0255_  1.00
LYS+A0257_  1.00
GLU-A0258_ -1.00
ARG+A0261_  1.00
ARG+A0263_  1.00
ASP-A0266_ -1.00
TYR-A0267_ -0.00
GLU-A0271_ -1.00
TYR-A0273_ -0.00
ASP-A0278_ -0.99
CYS-A0279_ -0.00
HIS+A0281_  0.00
GLU-A0283_ -1.00
ARG+A0287_  1.00
GLU-A0292_ -1.00
GLU-A0295_ -1.00
HIS+A0296_  0.40
BAX+B0001_  0.00
BAX-B0001_  0.00
----------
Net_Charge  3.08
Protons     3.08
Electrons   0.00
