  pH           7
ASP-A0002_ -1.00
LYS+A0003_  1.00
GLU-A0005_ -1.00
GLU-A0007_ -1.00
ARG+A0008_  1.00
ASP-A0010_ -1.00
LYS+A0014_  1.00
HIS+A0015_  0.18
LYS+A0016_  1.00
TYR-A0022_ -0.00
GLU-A0024_ -0.99
TYR-A0026_ -0.00
GLU-A0027_ -1.00
LYS+A0031_  1.00
LYS+A0032_  1.00
TYR-A0033_ -0.01
LYS+A0040_  1.00
LYS+A0043_  1.00
GLU-A0044_ -1.00
ASP-A0045_ -1.00
GLU-A0048_ -1.00
GLU-A0050_ -1.00
GLU-A0051_ -1.00
LYS+A0054_  1.00
GLU-A0055_ -1.00
LYS+A0060_  0.99
GLU-A0061_ -1.00
LYS+A0063_  1.00
HIS+A0064_  0.00
CYS-A0074_ -0.00
ARG+A0076_  1.00
GLU-A0077_ -1.00
TYR-A0081_ -0.00
GLU-A0085_ -1.00
TYR-A0089_ -0.00
ASP-A0094_ -1.00
TYR-A0095_ -0.00
ARG+A0097_  1.00
GLU-A0098_ -1.00
CYS-A0099_ -0.00
ARG+A0101_  1.00
GLU-A0103_ -1.00
TYR-A0111_ -0.00
GLU-A0121_ -1.00
TYR-A0122_ -0.00
GLU-A0124_ -1.00
LYS+A0125_  1.00
LYS+A0126_  1.00
HIS+A0130_  0.00
ARG+A0131_  1.00
ASP-A0132_ -1.00
ARG+A0136_  1.00
CYS-A0138_ -0.00
GLU-A0142_ -1.00
HIS+A0144_  0.49
LYS+A0147_  1.00
ASP-A0150_ -0.41
ARG+A0155_  1.00
ASP-A0160_ -1.00
TYR-A0162_ -0.00
HIS+A0165_  0.06
LYS+A0169_  1.00
LYS+A0173_  1.00
GLU-A0178_ -1.00
TYR-A0182_ -0.00
LYS+A0184_  1.00
LYS+A0188_  1.00
ASP-A0190_ -1.00
GLU-A0200_ -1.00
TYR-A0204_ -0.00
TYR-A0209_ -0.00
ASP-A0213_ -1.00
TYR-A0218_ -0.00
GLU-A0219_ -1.00
GLU-A0222_ -0.98
LYS+A0223_  1.00
ASP-A0224_ -1.00
TYR-A0225_ -0.00
ARG+A0226_  1.00
GLU-A0228_ -1.00
ARG+A0229_  1.00
GLU-A0231_ -1.00
CYS-A0233_ -0.00
GLU-A0235_ -1.00
LYS+A0236_  1.00
TYR-A0238_ -0.00
GLU-A0239_ -1.00
ARG+A0242_  1.00
CYS-A0244_ -0.00
ASP-A0251_ -1.00
ARG+A0252_  1.00
GLU-A0257_ -1.00
HIS+A0259_  0.89
GLU-A0263_ -1.00
GLU-A0268_ -1.00
NIL+B0001_  0.00
----------
Net_Charge -6.78
Protons    -6.78
Electrons   0.00
