 ph         7.4   7.4   7.4   7.4   7.4
GLU A0002 -1.00 -1.00 -1.00 -1.00 -1.00
LYS A0004  1.00  1.00  1.00  1.00  1.00
ASP A0005 -1.00 -1.00 -1.00 -1.00 -1.00
ASP A0006 -1.00 -1.00 -1.00 -1.00 -1.00
ASP A0007 -1.00 -1.00 -1.00 -1.00 -1.00
GLU A0009 -1.00 -1.00 -1.00 -1.00 -1.00
LYS A0010  1.00  1.00  1.00  1.00  1.00
GLU A0013 -0.99 -0.99 -0.99 -0.99 -0.99
LYS A0024  1.00  1.00  1.00  1.00  1.00
HIS A0027  0.00  0.00  0.00  0.00  0.00
LYS A0028  1.00  1.00  1.00  1.00  1.00
ARG A0036  1.00  1.00  1.00  1.00  1.00
LYS A0037  1.00  1.00  1.00  1.00  1.00
HIS A0040  0.57  0.57  0.57  0.57  0.57
GLU A0042 -1.00 -1.00 -1.00 -1.00 -1.00
LYS A0044  1.00  1.00  1.00  1.00  1.00
ARG A0048  1.00  1.00  1.00  1.00  1.00
ARG A0053  1.00  1.00  1.00  1.00  1.00
GLU A0054 -1.00 -1.00 -1.00 -1.00 -1.00
HIS A0059  0.49  0.49  0.49  0.49  0.49
GLU A0060 -1.00 -1.00 -1.00 -1.00 -1.00
CYS A0061  0.00  0.00  0.00  0.00  0.00
TYR A0065 -0.00 -0.00 -0.00 -0.00 -0.00
TYR A0070 -0.00 -0.00 -0.00 -0.00 -0.00
TYR A0074 -0.00 -0.00 -0.00 -0.00 -0.00
ASP A0076 -1.00 -1.00 -1.00 -1.00 -1.00
GLU A0078 -1.00 -1.00 -1.00 -1.00 -1.00
CYS A0082  0.00  0.00  0.00  0.00  0.00
GLU A0084 -1.00 -1.00 -1.00 -1.00 -1.00
HIS A0085  0.01  0.01  0.01  0.01  0.01
ASP A0087 -1.00 -1.00 -1.00 -1.00 -1.00
ASP A0092 -1.00 -1.00 -1.00 -1.00 -1.00
LYS A0096  1.00  1.00  1.00  1.00  1.00
LYS A0097  1.00  1.00  1.00  1.00  1.00
ARG A0100  1.00  1.00  1.00  1.00  1.00
GLU A0103 -1.00 -1.00 -1.00 -1.00 -1.00
LYS A0108  0.99  0.99  0.99  0.99  0.99
LYS A0115  1.00  1.00  1.00  1.00  1.00
TYR A0119 -0.00 -0.00 -0.00 -0.00 -0.00
ARG A0121  1.00  1.00  1.00  1.00  1.00
GLU A0122 -1.00 -1.00 -1.00 -1.00 -1.00
LYS A0123  1.00  1.00  1.00  1.00  1.00
HIS A0124  0.01  0.01  0.01  0.01  0.01
LYS A0125  1.00  1.00  1.00  1.00  1.00
HIS A0128  0.00  0.00  0.00  0.00  0.00
ARG A0129  1.00  1.00  1.00  1.00  1.00
ASP A0130 -0.66 -0.66 -0.66 -0.66 -0.66
LYS A0132  1.00  1.00  1.00  1.00  1.00
ARG A0141  1.00  1.00  1.00  1.00  1.00
GLU A0143 -1.00 -1.00 -1.00 -1.00 -1.00
LYS A0145  1.00  1.00  1.00  1.00  1.00
CYS A0147 -0.00  0.00  0.00  0.00 -0.00
ASP A0148 -0.98 -0.98 -0.98 -0.98 -0.98
ASP A0157 -1.00 -1.00 -1.00 -1.00 -1.00
ARG A0167  1.00  1.00  1.00  1.00  1.00
TYR A0169  0.00  0.00  0.00  0.00  0.00
GLU A0173 -1.00 -1.00 -1.00 -1.00 -1.00
ARG A0174  1.00  1.00  1.00  1.00  1.00
HIS A0179  0.20  0.20  0.20  0.20  0.20
TYR A0180 -0.00 -0.00 -0.00 -0.00 -0.00
ASP A0185 -1.00 -1.00 -1.00 -1.00 -1.00
GLU A0195 -1.00 -1.00 -1.00 -1.00 -1.00
ARG A0200  1.00  1.00  1.00  1.00  1.00
TYR A0201  0.00  0.00  0.00  0.00  0.00
ASP A0207 -1.00 -1.00 -1.00 -1.00 -1.00
LYS A0209  1.00  1.00  1.00  1.00  1.00
GLU A0210 -0.98 -0.98 -0.98 -0.98 -0.98
GLU A0212 -1.00 -1.00 -1.00 -1.00 -1.00
CYS A0217 -0.00 -0.00 -0.00 -0.00 -0.00
GLU A0220 -1.00 -1.00 -1.00 -1.00 -1.00
ASP A0222 -1.00 -1.00 -1.00 -1.00 -1.00
GLU A0225 -1.00 -1.00 -1.00 -1.00 -1.00
ARG A0229  0.00  0.00  0.00  0.00  0.00
ARG A0231  1.00  1.00  1.00  1.00  1.00
ARG A0235  1.00  1.00  1.00  1.00  1.00
TYR A0240 -0.01 -0.01 -0.01 -0.01 -0.01
ASP A0243 -1.00 -1.00 -1.00 -1.00 -1.00
ARG A0245  1.00  1.00  1.00  1.00  1.00
GLU A0252 -1.00 -1.00 -1.00 -1.00 -1.00
ASP A0255 -1.00 -1.00 -1.00 -1.00 -1.00
TYR A0256  0.00  0.00  0.00  0.00  0.00
GLU A0260 -1.00 -1.00 -0.99 -1.00 -1.00
LYS A0264  1.00  1.00  1.00  1.00  1.00
GLU A0273 -1.00 -1.00 -1.00 -1.00 -1.00
ASP A0276 -1.00 -1.00 -1.00 -1.00 -1.00
LYS A0280  1.00  1.00  1.00  1.00  1.00
CYS A0281  0.00  0.00  0.00  0.00  0.00
LYS A0284  1.00  1.00  1.00  1.00  1.00
GLU A0288 -1.00 -1.00 -1.00 -1.00 -1.00
ARG A0289  1.00  1.00  1.00  1.00  1.00
ASP A0291 -1.00 -1.00 -1.00 -1.00 -1.00
LYS A0293  1.00  1.00  1.00  1.00  1.00
HIS A0298  0.00  0.00  0.00  0.00  0.00
LYS A0302  1.00  1.00  1.00  1.00  1.00
ARG A0303  1.00  1.00  1.00  1.00  1.00
ASP A0305 -1.00 -1.00 -1.00 -1.00 -1.00
GLU A0307 -1.00 -1.00 -1.00 -1.00 -1.00
GLU A0308 -1.00 -1.00 -1.00 -1.00 -1.00
ASP A0310 -1.00 -1.00 -1.00 -1.00 -1.00
CYS A0316 -0.00 -0.00  0.00 -0.00  0.00

Tot Protn  -4.4  -4.3  -4.3  -4.3  -4.4
Tot Elec    0.0   0.0   0.0   0.0   0.0
Net crg    -4.5  -4.5  -4.5  -4.5  -4.5
