 ph         7.4   7.4   7.4   7.4   7.4
NTR A0001  0.41  0.41  0.41  0.41  0.41
GLU A0001 -1.00 -1.00 -1.00 -1.00 -1.00
ARG A0009  1.00  1.00  1.00  1.00  1.00
LYS A0012  1.00  1.00  1.00  1.00  1.00
GLU A0013 -1.00 -1.00 -1.00 -1.00 -1.00
GLU A0015 -0.99 -0.99 -0.99 -0.99 -0.99
LYS A0017  1.00  1.00  1.00  1.00  1.00
LYS A0018  1.00  1.00  1.00  1.00  1.00
LYS A0020  0.99  0.99  0.99  0.99  0.99
TYR A0031 -0.01 -0.01 -0.01 -0.01 -0.01
LYS A0032  0.99  0.99  0.99  0.99  0.99
GLU A0038 -1.00 -1.00 -1.00 -1.00 -1.00
GLU A0040 -0.92 -0.93 -0.93 -0.92 -0.93
LYS A0041  1.00  1.00  1.00  1.00  1.00
LYS A0043  1.00  1.00  1.00  1.00  1.00
LYS A0049  0.95  0.95  0.94  0.95  0.95
GLU A0050 -0.01 -0.01 -0.01 -0.01 -0.01
ARG A0052  1.00  1.00  1.00  1.00  1.00
GLU A0053 -1.00 -1.00 -1.00 -1.00 -1.00
LYS A0058  1.00  1.00  1.00  1.00  1.00
LYS A0061  1.00  1.00  1.00  1.00  1.00
GLU A0062 -1.00 -1.00 -1.00 -1.00 -1.00
ASP A0065 -0.99 -1.00 -0.99 -0.99 -0.99
GLU A0066 -0.71 -0.71 -0.71 -0.71 -0.71
TYR A0068 -0.00 -0.00 -0.00 -0.00 -0.00
ASP A0074 -1.00 -1.00 -1.00 -1.00 -1.00
HIS A0077  0.00  0.00  0.00  0.00  0.00
CYS A0079  0.00  0.00  0.00  0.00  0.00
ARG A0080  1.00  1.00  1.00  1.00  1.00
CYS A0085  0.00  0.00  0.00  0.00  0.00
CYS A0101 -0.01 -0.01 -0.01 -0.01 -0.01
ASP A0104 -0.99 -0.99 -0.99 -0.99 -0.99
TYR A0105  0.00  0.00  0.00  0.00  0.00
ARG A0107  1.00  1.00  1.00  1.00  1.00
GLU A0108 -0.98 -0.97 -0.97 -0.97 -0.98
HIS A0109  0.57  0.57  0.57  0.57  0.57
LYS A0110  1.00  1.00  1.00  1.00  1.00
ASP A0111 -1.00 -1.00 -1.00 -1.00 -1.00
TYR A0117 -0.00 -0.00 -0.00 -0.00 -0.00
CYS A0122  0.00  0.00  0.00  0.00  0.00
LYS A0127  1.00  1.00  1.00  1.00  1.00
TYR A0131 -0.00 -0.00 -0.00 -0.00 -0.00
GLU A0133 -0.98 -0.98 -0.98 -0.98 -0.97
ASP A0134 -1.00 -1.00 -1.00 -1.00 -1.00
ARG A0135  1.00  1.00  1.00  1.00  1.00
ARG A0136  1.00  1.00  1.00  1.00  1.00
HIS A0139  0.00  0.00  0.00  0.00  0.00
ARG A0140  1.00  1.00  1.00  1.00  1.00
ASP A0141 -0.30 -0.30 -0.30 -0.30 -0.30
ARG A0145  1.00  1.00  1.00  1.00  1.00
LYS A0150  1.00  1.00  1.00  1.00  1.00
HIS A0154  0.01  0.01  0.01  0.01  0.01
LYS A0156  1.00  1.00  1.00  1.00  1.00
ASP A0159 -0.99 -0.99 -0.99 -0.99 -0.99
LYS A0164  1.00  1.00  1.00  1.00  1.00
GLU A0169 -1.00 -1.00 -1.00 -1.00 -1.00
GLU A0170 -0.99 -0.99 -0.99 -0.99 -0.99
LYS A0171  1.00  1.00  1.00  1.00  1.00
GLU A0172 -0.99 -0.99 -1.00 -0.99 -0.99
TYR A0173 -0.00 -0.00 -0.00 -0.00 -0.00
HIS A0174  0.36  0.35  0.36  0.36  0.35
GLU A0176 -0.99 -0.99 -0.99 -0.99 -0.99
LYS A0179  1.00  1.00  1.00  1.00  1.00
LYS A0183  0.99  0.99  0.99  0.99  0.99
GLU A0188 -1.00 -1.00 -1.00 -1.00 -1.00
HIS A0192  0.69  0.69  0.69  0.69  0.69
ARG A0193  1.00  1.00  1.00  1.00  1.00
TYR A0195 -0.00 -0.00 -0.00 -0.00 -0.00
HIS A0197  0.54  0.54  0.54  0.54  0.54
ASP A0200 -1.00 -1.00 -1.00 -1.00 -1.00
TYR A0204  0.00  0.00  0.00  0.00  0.00
GLU A0210 -0.96 -0.96 -0.96 -0.96 -0.96
LYS A0217  0.99  0.99  0.99  0.99  0.99
TYR A0219  0.00  0.00  0.00  0.00  0.00
ASP A0220 -1.00 -1.00 -1.00 -1.00 -1.00
GLU A0226 -1.00 -1.00 -1.00 -1.00 -1.00
GLU A0232 -0.99 -0.99 -0.99 -0.99 -0.99
LYS A0233  1.00  1.00  1.00  1.00  1.00
GLU A0235 -1.00 -1.00 -1.00 -1.00 -1.00
ARG A0236  1.00  1.00  1.00  1.00  1.00
CYS A0243  0.00  0.00  0.00  0.00  0.00
ASP A0246 -1.00 -1.00 -1.00 -1.00 -1.00
TYR A0248 -0.00  0.00 -0.00 -0.00 -0.00
LYS A0253  1.00  1.00  1.00  1.00  1.00
CYS A0254  0.00  0.00  0.00  0.00  0.00
ASP A0258 -1.00 -1.00 -1.00 -1.00 -1.00
ASP A0260 -1.00 -1.00 -1.00 -1.00 -1.00
ARG A0262  0.99  0.99  0.99  0.99  0.99
LYS A0264  1.00  1.00  1.00  1.00  1.00
ARG A0266  1.00  1.00  1.00  1.00  1.00
GLU A0267 -1.00 -1.00 -1.00 -1.00 -1.00
GLU A0271 -0.97 -0.97 -0.97 -0.97 -0.97
LYS A0274  1.00  1.00  1.00  1.00  1.00
ARG A0277  1.00  1.00  1.00  1.00  1.00
ASP A0278 -1.00 -1.00 -1.00 -1.00 -1.00
ARG A0281  1.00  1.00  1.00  1.00  1.00
TYR A0282 -0.00 -0.00 -0.00 -0.00 -0.00
ASP A0288 -1.00 -1.00 -1.00 -1.00 -1.00
GLU A0289 -1.00 -1.00 -1.00 -1.00 -1.00
ARG A0290  1.00  1.00  1.00  1.00  1.00
HIS A0292  0.64  0.64  0.64  0.64  0.64
ASP A0298 -1.00 -1.00 -1.00 -1.00 -1.00
TYR A0302  0.00 -0.00 -0.00 -0.00  0.00
ARG A0303  1.00  1.00  1.00  1.00  1.00
ASP A0307 -1.00 -1.00 -1.00 -1.00 -1.00
GLU A0308 -1.00 -1.00 -1.00 -1.00 -1.00
GLU A0309 -1.00 -1.00 -1.00 -1.00 -1.00
ASP A0310 -1.00 -1.00 -1.00 -1.00 -1.00
ASP A0312 -1.00 -1.00 -1.00 -1.00 -1.00
ASP A0313 -0.99 -1.00 -1.00 -1.00 -0.99
ASP A0316 -1.00 -1.00 -1.00 -1.00 -1.00
ASP A0318 -1.00 -1.00 -1.00 -1.00 -1.00
GLU A0319 -0.99 -1.00 -1.00 -0.99 -0.99
TYR A0320  0.00  0.00  0.00  0.00  0.00
CTR A0322 -1.00 -1.00 -1.00 -1.00 -1.00

Tot Protn  -3.6  -3.6  -3.6  -3.6  -3.6
Tot Elec    0.0   0.0   0.0   0.0   0.0
Net crg    -3.7  -3.7  -3.7  -3.7  -3.7
