 ph         7.4   7.4   7.4   7.4   7.4
ARG A0006  1.00  1.00  1.00  1.00  1.00
LYS A0009  1.00  1.00  1.00  1.00  1.00
GLU A0010 -1.00 -1.00 -1.00 -1.00 -1.00
GLU A0012 -1.00 -1.00 -1.00 -1.00 -1.00
LYS A0014  1.00  1.00  1.00  1.00  1.00
LYS A0015  1.00  1.00  1.00  1.00  1.00
LYS A0017  1.00  1.00  1.00  1.00  1.00
TYR A0028 -0.00  0.00  0.00 -0.00 -0.00
LYS A0029  0.99  0.99  0.99  0.99  0.99
GLU A0035 -1.00 -1.00 -1.00 -1.00 -1.00
GLU A0037 -1.00 -1.00 -1.00 -1.00 -1.00
LYS A0038  1.00  1.00  1.00  1.00  1.00
LYS A0040  1.00  1.00  1.00  1.00  1.00
LYS A0046  0.25  0.25  0.25  0.25  0.26
GLU A0047 -1.00 -1.00 -1.00 -1.00 -1.00
ARG A0049  1.00  1.00  1.00  1.00  1.00
GLU A0050 -1.00 -1.00 -1.00 -1.00 -1.00
LYS A0055  1.00  1.00  1.00  1.00  1.00
LYS A0058  0.96  0.96  0.96  0.96  0.96
GLU A0059 -1.00 -1.00 -1.00 -1.00 -1.00
ASP A0062 -1.00 -1.00 -1.00 -1.00 -1.00
GLU A0063 -0.80 -0.80 -0.79 -0.80 -0.80
TYR A0065 -0.00 -0.00  0.00  0.00  0.00
ASP A0071 -1.00 -1.00 -1.00 -1.00 -1.00
HIS A0074  0.00  0.00  0.00  0.00  0.00
CYS A0076 -0.00 -0.00 -0.00 -0.00 -0.00
ARG A0077  1.00  1.00  1.00  1.00  1.00
CYS A0082  0.00  0.00  0.00  0.00  0.00
CYS A0098  0.00  0.00  0.00  0.00  0.00
ASP A0101 -1.00 -1.00 -1.00 -1.00 -1.00
TYR A0102 -0.00 -0.00 -0.00 -0.00 -0.00
ARG A0104  1.00  1.00  1.00  1.00  1.00
GLU A0105 -1.00 -1.00 -1.00 -1.00 -1.00
HIS A0106  0.44  0.44  0.44  0.44  0.44
LYS A0107  1.00  1.00  1.00  1.00  1.00
ASP A0108 -1.00 -1.00 -1.00 -1.00 -1.00
TYR A0114 -0.00  0.00  0.00  0.00 -0.00
CYS A0119  0.00  0.00  0.00  0.00  0.00
LYS A0124  0.99  0.99  0.99  1.00  1.00
TYR A0128 -0.00 -0.00 -0.00 -0.00 -0.00
GLU A0130 -1.00 -1.00 -1.00 -1.00 -1.00
ASP A0131 -1.00 -1.00 -1.00 -1.00 -1.00
ARG A0132  1.00  1.00  1.00  1.00  1.00
ARG A0133  1.00  1.00  1.00  1.00  1.00
HIS A0136  0.00  0.00  0.00  0.00  0.00
ARG A0137  1.00  1.00  1.00  1.00  1.00
ASP A0138 -0.99 -0.99 -0.99 -0.99 -0.99
ARG A0142  1.00  1.00  1.00  1.00  1.00
LYS A0147  1.00  1.00  1.00  1.00  1.00
HIS A0151  1.00  1.00  1.00  1.00  1.00
LYS A0153  1.00  1.00  1.00  1.00  1.00
ASP A0156 -1.00 -1.00 -1.00 -1.00 -1.00
ARG A0159  0.89  0.89  0.89  0.89  0.89
LYS A0161  1.00  1.00  1.00  1.00  1.00
GLU A0166 -1.00 -1.00 -1.00 -1.00 -1.00
GLU A0167 -0.41 -0.41 -0.41 -0.41 -0.41
LYS A0168  1.00  1.00  1.00  1.00  1.00
GLU A0169 -0.74 -0.74 -0.74 -0.74 -0.74
TYR A0170 -0.02 -0.02 -0.02 -0.02 -0.02
HIS A0171  0.57  0.57  0.57  0.57  0.57
GLU A0173 -1.00 -1.00 -1.00 -1.00 -1.00
LYS A0176  1.00  1.00  1.00  1.00  1.00
LYS A0180  1.00  1.00  1.00  1.00  1.00
GLU A0185 -1.00 -1.00 -1.00 -1.00 -1.00
HIS A0189  0.36  0.36  0.36  0.36  0.36
ARG A0190  1.00  1.00  1.00  1.00  1.00
TYR A0192 -0.00 -0.00 -0.00 -0.00 -0.00
HIS A0194  0.70  0.71  0.70  0.70  0.70
ASP A0197 -1.00 -1.00 -1.00 -1.00 -1.00
TYR A0201  0.00  0.00  0.00  0.00  0.00
GLU A0207 -1.00 -1.00 -1.00 -1.00 -1.00
LYS A0214  0.99  0.99  0.99  0.99  0.99
TYR A0216  0.00  0.00  0.00  0.00  0.00
ASP A0217 -1.00 -1.00 -1.00 -1.00 -1.00
GLU A0223 -1.00 -1.00 -1.00 -1.00 -1.00
GLU A0229 -0.99 -0.99 -0.99 -0.99 -0.99
LYS A0230  1.00  1.00  1.00  1.00  1.00
GLU A0232 -1.00 -1.00 -1.00 -1.00 -1.00
ARG A0233  1.00  1.00  1.00  1.00  1.00
CYS A0240  0.00  0.00  0.00  0.00  0.00
ASP A0243 -1.00 -1.00 -1.00 -1.00 -1.00
TYR A0245  0.00  0.00  0.00  0.00 -0.00
ARG A0249  1.00  1.00  1.00  1.00  1.00
LYS A0250  1.00  1.00  1.00  1.00  1.00
CYS A0251  0.00  0.00  0.00  0.00  0.00
ASP A0255 -1.00 -1.00 -1.00 -1.00 -1.00
ASP A0257 -1.00 -1.00 -1.00 -1.00 -1.00
ARG A0259  1.00  1.00  1.00  1.00  1.00
LYS A0261  1.00  1.00  1.00  1.00  1.00
ARG A0263  1.00  1.00  1.00  1.00  1.00
GLU A0264 -1.00 -1.00 -1.00 -1.00 -1.00
GLU A0268 -1.00 -1.00 -1.00 -1.00 -1.00
LYS A0271  1.00  1.00  1.00  1.00  1.00
ARG A0274  1.00  1.00  1.00  1.00  1.00
ASP A0275 -1.00 -1.00 -1.00 -1.00 -1.00
ARG A0278  1.00  1.00  1.00  1.00  1.00
TYR A0279 -0.00 -0.00 -0.00 -0.00 -0.00
ASP A0285 -1.00 -1.00 -1.00 -1.00 -1.00
GLU A0286 -1.00 -1.00 -1.00 -1.00 -1.00
ARG A0287  1.00  1.00  1.00  1.00  1.00
HIS A0289  0.66  0.66  0.66  0.66  0.66
ASP A0295 -1.00 -1.00 -1.00 -1.00 -1.00
TYR A0299 -0.00 -0.00 -0.00 -0.00 -0.00
ARG A0300  1.00  1.00  1.00  1.00  1.00
ASP A0304 -1.00 -1.00 -1.00 -1.00 -1.00
GLU A0305 -1.00 -1.00 -1.00 -1.00 -1.00
GLU A0306 -1.00 -1.00 -1.00 -1.00 -1.00
ASP A0307 -1.00 -1.00 -1.00 -1.00 -1.00
ASP A0309 -1.00 -1.00 -1.00 -1.00 -1.00
ASP A0310 -1.00 -1.00 -1.00 -1.00 -1.00
ASP A0313 -1.00 -1.00 -1.00 -1.00 -1.00
ASP A0315 -1.00 -1.00 -1.00 -1.00 -1.00

Tot Protn  -0.1  -0.1  -0.1  -0.1  -0.1
Tot Elec    0.0   0.0   0.0   0.0   0.0
Net crg     0.2   0.2   0.2   0.2   0.2
