 ph         7.4   7.4   7.4   7.4   7.4
GLU A0001 -1.00 -1.00 -1.00 -1.00 -1.00
HIS A0002  0.50  0.50  0.50  0.50  0.50
CYS A0003 -0.00  0.00 -0.00  0.00 -0.00
GLU A0004 -1.00 -1.00 -1.00 -1.00 -1.00
ARG A0005  1.00  1.00  1.00  1.00  1.00
TYR A0008  0.00  0.00  0.00  0.00  0.00
ASP A0009 -1.00 -1.00 -1.00 -1.00 -1.00
LYS A0012  1.00  1.00  1.00  1.00  1.00
GLU A0014 -1.00 -1.00 -1.00 -1.00 -1.00
ARG A0017  1.00  1.00  1.00  1.00  1.00
ASP A0018 -1.00 -1.00 -1.00 -1.00 -1.00
ARG A0019  1.00  1.00  1.00  1.00  1.00
LYS A0021  1.00  1.00  1.00  1.00  1.00
LYS A0024  1.00  1.00  1.00  1.00  1.00
ARG A0028  1.00  1.00  1.00  1.00  1.00
GLU A0036 -1.00 -1.00 -1.00 -1.00 -1.00
ASP A0038 -1.00 -1.00 -1.00 -1.00 -1.00
ASP A0043 -1.00 -1.00 -1.00 -1.00 -1.00
LYS A0044  1.00  1.00  1.00  1.00  1.00
CYS A0048 -0.01 -0.01 -0.01 -0.01 -0.01
ARG A0049  1.00  1.00  1.00  1.00  1.00
LYS A0054  1.00  1.00  1.00  1.00  1.00
LYS A0057  1.00  1.00  1.00  1.00  1.00
GLU A0058 -1.00 -1.00 -1.00 -1.00 -1.00
HIS A0062  0.03  0.03  0.03  0.03  0.03
GLU A0064 -1.00 -1.00 -1.00 -1.00 -1.00
HIS A0065  0.02  0.02  0.02  0.02  0.02
ARG A0066  1.00  1.00  1.00  1.00  1.00
GLU A0071 -1.00 -1.00 -1.00 -1.00 -1.00
LYS A0073  1.00  1.00  1.00  1.00  1.00
HIS A0077  0.06  0.06  0.06  0.06  0.06
HIS A0080  0.04  0.04  0.04  0.04  0.04
HIS A0081  0.00  0.00  0.00  0.00  0.00
CYS A0091  0.00  0.00  0.00  0.00  0.00
LYS A0093  1.00  1.00  1.00  1.00  1.00
GLU A0103 -1.00 -1.00 -1.00 -1.00 -1.00
CYS A0105  0.00  0.00  0.00  0.00  0.00
LYS A0106  1.00  1.00  1.00  1.00  1.00
TYR A0113 -0.00 -0.00 -0.00 -0.00 -0.00
ARG A0115  1.00  1.00  1.00  1.00  1.00
LYS A0117  1.00  1.00  1.00  1.00  1.00
ARG A0118  1.00  1.00  1.00  1.00  1.00
GLU A0120 -1.00 -1.00 -1.00 -1.00 -1.00
TYR A0124 -0.00 -0.00 -0.00 -0.00 -0.00
LYS A0125  1.00  1.00  1.00  1.00  1.00
ASP A0126 -1.00 -1.00 -1.00 -1.00 -1.00
TYR A0128 -0.00 -0.00 -0.00 -0.00 -0.00
LYS A0129  1.00  1.00  1.00  1.00  1.00
ASP A0130 -1.00 -1.00 -1.00 -1.00 -1.00
GLU A0135 -1.00 -1.00 -1.00 -1.00 -1.00
HIS A0136  0.00  0.00  0.00  0.00  0.00
CYS A0139 -0.01 -0.01 -0.01 -0.01 -0.01
TYR A0140  0.00  0.00  0.00  0.00  0.00
LYS A0146  1.00  1.00  1.00  1.00  1.00
GLU A0149 -1.00 -1.00 -1.00 -1.00 -1.00
ARG A0154  1.00  1.00  1.00  1.00  1.00
LYS A0155  1.00  1.00  1.00  1.00  1.00
CYS A0156 -0.00 -0.00 -0.00 -0.00 -0.00
HIS A0158  0.00  0.00  0.00  0.00  0.00
ARG A0159  1.00  1.00  1.00  1.00  1.00
ASP A0160 -1.00 -1.00 -1.00 -1.00 -1.00
ARG A0164  1.00  1.00  1.00  1.00  1.00
GLU A0170 -1.00 -1.00 -1.00 -1.00 -1.00
LYS A0171  1.00  1.00  1.00  1.00  1.00
LYS A0175  1.00  1.00  1.00  1.00  1.00
CYS A0177  0.00  0.00  0.00  0.00  0.00
ASP A0178 -0.99 -0.99 -0.99 -0.99 -0.99
ARG A0183  1.00  1.00  1.00  1.00  1.00
ASP A0184 -1.00 -1.00 -1.00 -1.00 -1.00
TYR A0186 -0.07 -0.07 -0.07 -0.07 -0.07
LYS A0187  1.00  1.00  1.00  1.00  1.00
ASP A0188 -1.00 -1.00 -1.00 -1.00 -1.00
ASP A0190 -1.00 -1.00 -1.00 -1.00 -1.00
TYR A0191  0.00  0.00  0.00  0.00  0.00
ARG A0193  1.00  1.00  1.00  1.00  1.00
LYS A0194  1.00  1.00  1.00  1.00  1.00
ARG A0197  1.00  1.00  1.00  1.00  1.00
LYS A0201  1.00  1.00  1.00  1.00  1.00
GLU A0206 -1.00 -1.00 -1.00 -1.00 -1.00
ASP A0210 -1.00 -1.00 -1.00 -1.00 -1.00
ARG A0211  1.00  1.00  1.00  1.00  1.00
TYR A0213 -0.00 -0.00 -0.00 -0.00 -0.00
ASP A0218 -1.00 -1.00 -1.00 -1.00 -1.00
GLU A0228 -0.98 -0.98 -0.99 -0.98 -0.98
TYR A0237  0.00  0.00  0.00  0.00  0.00
LYS A0241  1.00  1.00  1.00  1.00  1.00
ASP A0243 -1.00 -1.00 -1.00 -1.00 -1.00
GLU A0244 -1.00 -1.00 -1.00 -1.00 -1.00
GLU A0245 -1.00 -1.00 -1.00 -1.00 -1.00
CYS A0247 -0.00 -0.00 -0.00 -0.00 -0.00
ARG A0248  1.00  1.00  1.00  1.00  1.00
ARG A0249  1.00  1.00  1.00  1.00  1.00
LYS A0251  1.00  1.00  1.00  1.00  1.00
GLU A0252 -1.00 -1.00 -1.00 -1.00 -1.00
ARG A0255  1.00  1.00  1.00  1.00  1.00
ARG A0257  1.00  1.00  1.00  1.00  1.00
ASP A0260 -1.00 -1.00 -1.00 -1.00 -1.00
TYR A0261 -0.00 -0.00 -0.00 -0.00 -0.00
GLU A0265 -1.00 -1.00 -1.00 -1.00 -1.00
TYR A0267  0.00  0.00  0.00  0.00  0.00
ASP A0272 -0.99 -0.99 -0.99 -0.99 -0.99
CYS A0273  0.00  0.00  0.00  0.00  0.00
HIS A0275  0.00  0.00  0.00  0.00  0.00
GLU A0277 -1.00 -1.00 -1.00 -1.00 -1.00
ARG A0281  1.00  1.00  1.00  1.00  1.00
GLU A0286 -1.00 -1.00 -1.00 -1.00 -1.00
GLU A0289 -1.00 -1.00 -1.00 -1.00 -1.00
HIS A0290  0.34  0.34  0.34  0.34  0.34

Tot Protn   4.9   4.9   4.9   4.9   4.9
Tot Elec    0.0   0.0   0.0   0.0   0.0
Net crg     4.6   4.6   4.6   4.6   4.6
