 ph              7.4
HIS01A0001_001 0.745
HIS01A0001_002 0.745
HIS02A0001_003 0.745
HIS02A0001_004 0.745
HIS+1A0001_005 0.408
HIS+1A0001_006 0.408
ILE01A0002_001 0.000
ASP01A0003_001 0.000
ASP01A0003_002 0.000
ASP02A0003_003 0.000
ASP02A0003_004 0.000
ASP-1A0003_005 0.000
LEU01A0004_001 0.000
SER01A0005_001 0.000
ALA01A0006_001 0.000
LEU01A0007_001 0.000
ASN01A0008_001 0.004
ASN01A0008_002 0.004
PRO01A0009_001 0.000
GLU01A0010_001 0.000
GLU01A0010_002 0.000
GLU02A0010_003 0.000
GLU02A0010_004 0.000
GLU-1A0010_005 0.000
LEU01A0011_001 0.000
VAL01A0012_001 0.000
GLN01A0013_001 0.244
GLN01A0013_002 0.244
ALA01A0014_001 0.000
VAL01A0015_001 0.000
GLN01A0016_001 0.400
GLN01A0016_002 0.400
HIS01A0017_001 0.519
HIS01A0017_002 0.519
HIS02A0017_003 0.519
HIS02A0017_004 0.519
HIS+1A0017_005 0.315
HIS+1A0017_006 0.315
VAL01A0018_001 0.000
VAL01A0019_001 0.000
ILE01A0020_001 0.000
PRO01A0022_001 0.000
SER01A0023_001 0.080
SER01A0023_002 0.080
SER01A0024_001 0.285
SER01A0024_002 0.285
LEU01A0025_001 0.000
ILE01A0026_001 0.000
VAL01A0027_001 0.000
HIS01A0028_001 0.690
HIS01A0028_002 0.690
HIS02A0028_003 0.690
HIS02A0028_004 0.690
HIS+1A0028_005 0.256
HIS+1A0028_006 0.256
PHE01A0029_001 0.000
ASN01A0030_001 0.012
ASN01A0030_002 0.012
GLU01A0031_001 0.418
GLU01A0031_002 0.418
GLU02A0031_003 0.418
GLU02A0031_004 0.418
GLU-1A0031_005 0.000
VAL01A0032_001 0.000
ILE01A0033_001 0.000
ARG01A0035_001 0.000
ARG02A0035_002 0.000
ARG02A0035_003 0.000
ARG03A0035_004 0.000
ARG+1A0035_005 0.000
HIS01A0037_001 0.768
HIS01A0037_002 0.768
HIS02A0037_003 0.768
HIS02A0037_004 0.768
HIS+1A0037_005 0.348
HIS+1A0037_006 0.348
PHE01A0038_001 0.000
CYS01A0040_001 0.628
CYS01A0040_002 0.628
CYS01A0040_003 0.628
CYS-1A0040_004 0.000
VAL01A0041_001 0.000
TYR01A0042_001 0.000
TYR-1A0042_002 0.000
HIS01A0043_001 0.377
HIS01A0043_002 0.377
HIS02A0043_003 0.377
HIS02A0043_004 0.377
HIS+1A0043_005 0.000
HIS+1A0043_006 0.000
THR01A0045_001 0.401
THR01A0045_002 0.401
LEU01A0046_001 0.000
LEU01A0047_001 0.000
ASP01A0048_001 0.000
ASP01A0048_002 0.000
ASP02A0048_003 0.000
ASP02A0048_004 0.000
ASP-1A0048_005 0.000
ASN01A0049_001 0.000
ASN01A0049_002 0.000
ASP01A0050_001 0.000
ASP01A0050_002 0.000
ASP02A0050_003 0.000
ASP02A0050_004 0.000
ASP-1A0050_005 0.000
LYS01A0052_001 0.000
LYS+1A0052_002 0.000
LYS01A0053_001 0.000
LYS+1A0053_002 0.000
ILE01A0054_001 0.000
HIS01A0055_001 0.410
HIS02A0055_002 0.410
HIS+1A0055_003 0.000
CYS01A0056_001 0.581
CYS01A0056_002 0.581
CYS01A0056_003 0.581
CYS-1A0056_004 0.000
ALA01A0057_001 0.000
VAL01A0058_001 0.000
LYS01A0059_001 0.000
LYS+1A0059_002 0.000
SER01A0060_001 0.000
LEU01A0061_001 0.000
ASN01A0062_001 0.000
ARG01A0063_001 0.000
ARG02A0063_002 0.000
ARG03A0063_003 0.000
ARG+1A0063_004 0.000
ILE01A0064_001 0.000
THR01A0065_001 0.000
ASP01A0066_001 0.000
ASP01A0066_002 0.000
ASP02A0066_003 0.000
ASP02A0066_004 0.000
ASP-1A0066_005 0.000
ILE01A0067_001 0.000
GLU01A0069_001 0.410
GLU01A0069_002 0.410
GLU02A0069_003 0.410
GLU02A0069_004 0.410
GLU-1A0069_005 0.000
VAL01A0070_001 0.000
SER01A0071_001 0.215
SER01A0071_002 0.215
GLN01A0072_001 0.402
GLN01A0072_002 0.402
PHE01A0073_001 0.000
LEU01A0074_001 0.000
THR01A0075_001 0.088
THR01A0075_002 0.088
GLU01A0076_001 0.000
GLU01A0076_002 0.000
GLU02A0076_003 0.000
GLU02A0076_004 0.000
GLU-1A0076_005 0.000
ILE01A0078_001 0.000
ILE01A0079_001 0.000
MET01A0080_001 0.000
LYS01A0081_001 0.000
LYS+1A0081_002 0.000
ASP01A0082_001 0.000
ASP01A0082_002 0.000
ASP02A0082_003 0.000
ASP02A0082_004 0.000
ASP-1A0082_005 0.000
PHE01A0083_001 0.000
SER01A0084_001 0.205
SER01A0084_002 0.205
HIS01A0085_001 0.000
HIS02A0085_002 0.000
HIS+1A0085_003 0.000
PRO01A0086_001 0.000
ASN01A0087_001 0.010
ASN01A0087_002 0.010
VAL01A0088_001 0.000
LEU01A0089_001 0.000
SER01A0090_001 0.228
SER01A0090_002 0.228
LEU01A0091_001 0.000
LEU01A0092_001 0.000
ILE01A0094_001 0.000
CYS01A0095_001 0.629
CYS01A0095_002 0.629
CYS01A0095_003 0.629
CYS-1A0095_004 0.000
LEU01A0096_001 0.000
ARG01A0097_001 0.000
ARG02A0097_002 0.000
ARG03A0097_003 0.000
ARG+1A0097_004 0.000
SER01A0098_001 0.205
SER01A0098_002 0.205
GLU01A0099_001 0.000
GLU01A0099_002 0.000
GLU02A0099_003 0.000
GLU02A0099_004 0.000
GLU-1A0099_005 0.000
SER01A0101_001 0.108
SER01A0101_002 0.108
PRO01A0102_001 0.000
LEU01A0103_001 0.000
VAL01A0104_001 0.000
VAL01A0105_001 0.000
LEU01A0106_001 0.000
PRO01A0107_001 0.000
TYR01A0108_001 0.400
TYR01A0108_002 0.400
TYR-1A0108_003 0.000
MET01A0109_001 0.000
LYS01A0110_001 0.000
LYS+1A0110_002 0.000
HIS01A0111_001 0.000
HIS02A0111_002 0.000
HIS+1A0111_003 0.000
ASP01A0113_001 0.000
ASP01A0113_002 0.000
ASP02A0113_003 0.000
ASP02A0113_004 0.000
ASP-1A0113_005 0.000
LEU01A0114_001 0.000
ARG01A0115_001 0.000
ARG02A0115_002 0.000
ARG03A0115_003 0.000
ARG03A0115_004 0.000
ARG+1A0115_005 0.000
ASN01A0116_001 0.349
ASN01A0116_002 0.349
PHE01A0117_001 0.000
ILE01A0118_001 0.000
ARG01A0119_001 0.000
ARG02A0119_002 0.000
ARG03A0119_003 0.000
ARG+1A0119_004 0.000
ASN01A0120_001 0.000
GLU01A0121_001 0.000
GLU01A0121_002 0.000
GLU02A0121_003 0.000
GLU02A0121_004 0.000
GLU-1A0121_005 0.000
THR01A0122_001 0.145
THR01A0122_002 0.145
THR01A0122_003 0.145
HIS01A0123_001 0.054
HIS01A0123_002 0.054
HIS02A0123_003 0.054
HIS02A0123_004 0.054
HIS+1A0123_005 0.000
HIS+1A0123_006 0.000
ASN01A0124_001 0.402
ASN01A0124_002 0.402
PRO01A0125_001 0.000
THR01A0126_001 0.020
THR01A0126_002 0.020
VAL01A0127_001 0.000
LYS01A0128_001 0.000
LYS+1A0128_002 0.000
ASP01A0129_001 0.000
ASP01A0129_002 0.000
ASP02A0129_003 0.000
ASP02A0129_004 0.000
ASP-1A0129_005 0.000
LEU01A0130_001 0.000
ILE01A0131_001 0.000
PHE01A0133_001 0.000
LEU01A0135_001 0.000
GLN01A0136_001 0.000
GLN01A0136_002 0.000
VAL01A0137_001 0.000
ALA01A0138_001 0.000
LYS01A0139_001 0.000
LYS+1A0139_002 0.000
MET01A0141_001 0.000
LYS01A0142_001 0.000
LYS+1A0142_002 0.000
TYR01A0143_001 0.000
TYR-1A0143_002 0.000
LEU01A0144_001 0.000
ALA01A0145_001 0.000
SER01A0146_001 0.395
SER01A0146_002 0.395
LYS01A0147_001 0.000
LYS+1A0147_002 0.000
LYS01A0148_001 0.000
LYS+1A0148_002 0.000
PHE01A0149_001 0.000
VAL01A0150_001 0.000
HIS01A0151_001 0.000
HIS01A0151_002 0.000
HIS02A0151_003 0.000
HIS02A0151_004 0.000
HIS+1A0151_005 0.000
HIS+1A0151_006 0.000
ARG01A0152_001 0.000
ARG02A0152_002 0.000
ARG03A0152_003 0.000
ARG+1A0152_004 0.000
ASP01A0153_001 0.000
ASP01A0153_002 0.000
ASP02A0153_003 0.000
ASP02A0153_004 0.000
ASP-1A0153_005 0.000
LEU01A0154_001 0.000
ALA01A0155_001 0.000
ALA01A0156_001 0.000
ARG01A0157_001 0.000
ARG02A0157_002 0.000
ARG03A0157_003 0.000
ARG03A0157_004 0.000
ARG+1A0157_005 0.000
ASN01A0158_001 0.000
ASN01A0158_002 0.000
CYS01A0159_001 0.523
CYS01A0159_002 0.523
CYS01A0159_003 0.523
CYS-1A0159_004 0.000
MET01A0160_001 0.000
LEU01A0161_001 0.000
ASP01A0162_001 0.000
ASP01A0162_002 0.000
ASP02A0162_003 0.000
ASP02A0162_004 0.000
ASP-1A0162_005 0.000
GLU01A0163_001 0.000
GLU01A0163_002 0.000
GLU02A0163_003 0.000
GLU02A0163_004 0.000
GLU-1A0163_005 0.000
LYS01A0164_001 0.000
LYS+1A0164_002 0.000
PHE01A0165_001 0.000
THR01A0166_001 0.288
THR01A0166_002 0.288
VAL01A0167_001 0.000
LYS01A0168_001 0.000
LYS+1A0168_002 0.000
VAL01A0169_001 0.000
ALA01A0170_001 0.000
ASP01A0171_001 0.012
ASP01A0171_002 0.012
ASP02A0171_003 0.012
ASP02A0171_004 0.012
ASP-1A0171_005 0.000
PHE01A0172_001 0.000
LEU01A0174_001 0.000
ALA01A0175_001 0.000
ARG01A0176_001 0.000
ARG02A0176_002 0.000
ARG03A0176_003 0.000
ARG+1A0176_004 0.000
ASP01A0177_001 0.000
ASP01A0177_002 0.000
ASP02A0177_003 0.000
ASP02A0177_004 0.000
ASP-1A0177_005 0.000
MET01A0178_001 0.000
TYR01A0179_001 0.000
TYR01A0179_002 0.000
TYR-1A0179_003 0.000
ASP01A0180_001 0.000
ASP01A0180_002 0.000
ASP02A0180_003 0.000
ASP02A0180_004 0.000
ASP-1A0180_005 0.000
LYS01A0181_001 0.000
LYS+1A0181_002 0.000
GLU01A0182_001 0.000
GLU01A0182_002 0.000
GLU02A0182_003 0.000
GLU02A0182_004 0.000
GLU-1A0182_005 0.000
TYR01A0183_001 0.397
TYR01A0183_002 0.397
TYR-1A0183_003 0.000
TYR01A0184_001 0.005
TYR01A0184_002 0.005
TYR-1A0184_003 0.000
SER01A0185_001 0.000
SER01A0185_002 0.000
VAL01A0186_001 0.000
HIS01A0187_001 0.191
HIS02A0187_002 0.191
HIS+1A0187_003 0.000
ASN01A0188_001 0.000
ASN01A0188_002 0.000
LYS01A0189_001 0.000
LYS+1A0189_002 0.000
THR01A0190_001 0.023
THR01A0190_002 0.023
THR01A0190_003 0.023
ALA01A0192_001 0.000
LYS01A0193_001 0.000
LYS+1A0193_002 0.000
LEU01A0194_001 0.000
PRO01A0195_001 0.000
VAL01A0196_001 0.000
LYS01A0197_001 0.000
LYS+1A0197_002 0.000
TRP01A0198_001 0.000
MET01A0199_001 0.000
ALA01A0200_001 0.000
LEU01A0201_001 0.000
GLU01A0202_001 0.000
GLU01A0202_002 0.000
GLU02A0202_003 0.000
GLU02A0202_004 0.000
GLU-1A0202_005 0.000
SER01A0203_001 0.058
SER01A0203_002 0.058
SER01A0203_003 0.058
LEU01A0204_001 0.000
GLN01A0205_001 0.133
GLN01A0205_002 0.133
THR01A0206_001 0.000
GLN01A0207_001 0.143
GLN01A0207_002 0.143
LYS01A0208_001 0.000
LYS+1A0208_002 0.000
PHE01A0209_001 0.000
THR01A0210_001 0.104
THR01A0210_002 0.104
THR01A0211_001 0.000
LYS01A0212_001 0.000
LYS+1A0212_002 0.000
SER01A0213_001 0.000
SER01A0213_002 0.000
ASP01A0214_001 0.000
ASP01A0214_002 0.000
ASP02A0214_003 0.000
ASP02A0214_004 0.000
ASP-1A0214_005 0.000
VAL01A0215_001 0.000
TRP01A0216_001 0.000
SER01A0217_001 0.133
SER01A0217_002 0.133
PHE01A0218_001 0.000
VAL01A0220_001 0.000
LEU01A0221_001 0.000
LEU01A0222_001 0.000
TRP01A0223_001 0.000
GLU01A0224_001 0.000
GLU01A0224_002 0.000
GLU02A0224_003 0.000
GLU02A0224_004 0.000
GLU-1A0224_005 0.000
LEU01A0225_001 0.000
MET01A0226_001 0.000
THR01A0227_001 0.274
THR01A0227_002 0.274
ARG01A0228_001 0.000
ARG02A0228_002 0.000
ARG03A0228_003 0.000
ARG+1A0228_004 0.000
ALA01A0230_001 0.000
PRO01A0231_001 0.000
PRO01A0232_001 0.000
TYR01A0233_001 0.000
TYR-1A0233_002 0.000
PRO01A0234_001 0.000
ASP01A0235_001 0.000
ASP01A0235_002 0.000
ASP02A0235_003 0.000
ASP02A0235_004 0.000
ASP-1A0235_005 0.000
VAL01A0236_001 0.000
ASN01A0237_001 0.000
THR01A0238_001 0.282
THR01A0238_002 0.282
THR01A0238_003 0.282
PHE01A0239_001 0.000
ASP01A0240_001 0.000
ASP01A0240_002 0.000
ASP02A0240_003 0.000
ASP02A0240_004 0.000
ASP-1A0240_005 0.000
ILE01A0241_001 0.000
THR01A0242_001 0.000
VAL01A0243_001 0.000
TYR01A0244_001 0.392
TYR01A0244_002 0.392
TYR-1A0244_003 0.000
LEU01A0245_001 0.000
LEU01A0246_001 0.000
GLN01A0247_001 0.118
GLN01A0247_002 0.118
ARG01A0249_001 0.000
ARG02A0249_002 0.000
ARG03A0249_003 0.000
ARG03A0249_004 0.000
ARG+1A0249_005 0.000
ARG01A0250_001 0.000
ARG02A0250_002 0.000
ARG02A0250_003 0.000
ARG03A0250_004 0.000
ARG+1A0250_005 0.000
LEU01A0251_001 0.000
LEU01A0252_001 0.000
GLN01A0253_001 0.263
GLN01A0253_002 0.263
PRO01A0254_001 0.000
GLU01A0255_001 0.000
GLU01A0255_002 0.000
GLU02A0255_003 0.000
GLU02A0255_004 0.000
GLU-1A0255_005 0.000
TYR01A0256_001 0.000
TYR-1A0256_002 0.000
CYS01A0257_001 0.620
CYS01A0257_002 0.620
CYS01A0257_003 0.620
CYS-1A0257_004 0.000
PRO01A0258_001 0.000
ASP01A0259_001 0.000
ASP01A0259_002 0.000
ASP02A0259_003 0.000
ASP02A0259_004 0.000
ASP-1A0259_005 0.000
PRO01A0260_001 0.000
LEU01A0261_001 0.000
TYR01A0262_001 0.025
TYR01A0262_002 0.025
TYR-1A0262_003 0.000
GLU01A0263_001 0.000
GLU01A0263_002 0.000
GLU02A0263_003 0.000
GLU02A0263_004 0.000
GLU-1A0263_005 0.000
VAL01A0264_001 0.000
MET01A0265_001 0.000
LEU01A0266_001 0.000
LYS01A0267_001 0.000
LYS+1A0267_002 0.000
CYS01A0268_001 0.601
CYS01A0268_002 0.601
CYS01A0268_003 0.601
CYS-1A0268_004 0.000
TRP01A0269_001 0.000
HIS01A0270_001 0.498
HIS01A0270_002 0.498
HIS02A0270_003 0.498
HIS02A0270_004 0.498
HIS+1A0270_005 0.000
HIS+1A0270_006 0.000
PRO01A0271_001 0.000
LYS01A0272_001 0.000
LYS+1A0272_002 0.000
ALA01A0273_001 0.000
GLU01A0274_001 0.000
GLU01A0274_002 0.000
GLU02A0274_003 0.000
GLU02A0274_004 0.000
GLU-1A0274_005 0.000
MET01A0275_001 0.000
ARG01A0276_001 0.000
ARG02A0276_002 0.000
ARG02A0276_003 0.000
ARG03A0276_004 0.000
ARG03A0276_005 0.000
ARG+1A0276_006 0.000
PRO01A0277_001 0.000
SER01A0278_001 0.008
SER01A0278_002 0.008
SER01A0278_003 0.008
PHE01A0279_001 0.000
SER01A0280_001 0.411
SER01A0280_002 0.411
GLU01A0281_001 0.000
GLU01A0281_002 0.000
GLU02A0281_003 0.000
GLU02A0281_004 0.000
GLU-1A0281_005 0.000
LEU01A0282_001 0.000
VAL01A0283_001 0.000
SER01A0284_001 0.371
SER01A0284_002 0.371
ARG01A0285_001 0.000
ARG02A0285_002 0.000
ARG03A0285_003 0.000
ARG+1A0285_004 0.000
ILE01A0286_001 0.000
SER01A0287_001 0.000
ALA01A0288_001 0.000
ILE01A0289_001 0.000
PHE01A0290_001 0.000
SER01A0291_001 0.382
SER01A0291_002 0.382
THR01A0292_001 0.065
THR01A0292_002 0.065
PHE01A0293_001 0.000
ILE01A0294_001 0.000
