   confID        vdw0    sas     sum
HIS01A0001_001  -0.177  -8.316  -8.493
HIS01A0001_002  -0.141  -8.235  -8.376
HIS02A0001_003  -0.195  -8.316  -8.511
HIS02A0001_004  -0.155  -8.235  -8.390
HIS+1A0001_005  -0.221  -8.316  -8.537
HIS+1A0001_006  -0.181  -8.235  -8.416
ILE01A0002_001   1.601  -0.274   1.328
ASP01A0003_001   0.233  -2.119  -1.886
ASP01A0003_002   0.233  -2.119  -1.886
ASP02A0003_003   0.253  -2.141  -1.888
ASP02A0003_004   0.253  -2.141  -1.888
ASP-1A0003_005   0.187  -2.033  -1.846
LEU01A0004_001   1.526  -3.863  -2.337
SER01A0005_001   0.000  -5.239  -5.239
ALA01A0006_001   0.000  -1.442  -1.442
LEU01A0007_001   2.242   0.000   2.242
ASN01A0008_001   0.394  -2.465  -2.071
ASN01A0008_002   0.397  -2.223  -1.825
PRO01A0009_001   0.254  -6.346  -6.092
GLU01A0010_001   0.943  -3.659  -2.717
GLU01A0010_002   0.943  -3.659  -2.717
GLU02A0010_003   0.954  -3.847  -2.892
GLU02A0010_004   0.954  -3.847  -2.892
GLU-1A0010_005   0.840  -3.690  -2.850
LEU01A0011_001   1.627  -0.103   1.524
VAL01A0012_001   0.581  -1.288  -0.707
GLN01A0013_001   1.594  -3.060  -1.466
GLN01A0013_002   1.372  -3.282  -1.910
ALA01A0014_001   0.000  -1.236  -1.236
VAL01A0015_001   0.671   0.000   0.671
GLN01A0016_001   1.617  -1.926  -0.310
GLN01A0016_002   2.274  -2.022   0.252
HIS01A0017_001  -0.096  -6.201  -6.297
HIS01A0017_002  -0.031  -6.148  -6.179
HIS02A0017_003  -0.117  -6.201  -6.318
HIS02A0017_004  -0.043  -6.148  -6.191
HIS+1A0017_005  -0.144  -6.201  -6.345
HIS+1A0017_006  -0.069  -6.148  -6.218
VAL01A0018_001   0.594  -1.149  -0.555
VAL01A0019_001   0.555  -3.155  -2.600
ILE01A0020_001   0.991  -0.959   0.032
PRO01A0022_001   0.225  -4.681  -4.457
SER01A0023_001   0.000  -5.053  -5.053
SER01A0023_002   0.000  -5.053  -5.053
SER01A0024_001   0.000  -1.312  -1.312
SER01A0024_002   0.000  -1.312  -1.312
LEU01A0025_001   2.101  -0.206   1.895
ILE01A0026_001   1.285  -5.818  -4.532
VAL01A0027_001   0.675  -0.361   0.315
HIS01A0028_001  -0.112  -3.635  -3.747
HIS01A0028_002  -0.051  -3.454  -3.505
HIS02A0028_003  -0.132  -3.635  -3.767
HIS02A0028_004  -0.063  -3.454  -3.517
HIS+1A0028_005  -0.159  -3.635  -3.794
HIS+1A0028_006  -0.089  -3.454  -3.543
PHE01A0029_001   4.325  -6.259  -1.934
ASN01A0030_001   0.509  -2.864  -2.355
ASN01A0030_002   0.250  -2.671  -2.421
GLU01A0031_001   1.839  -1.833   0.006
GLU01A0031_002   1.839  -1.833   0.006
GLU02A0031_003   1.463  -1.964  -0.500
GLU02A0031_004   1.463  -1.964  -0.500
GLU-1A0031_005   1.402  -1.864  -0.463
VAL01A0032_001   0.604  -1.819  -1.215
ILE01A0033_001   4.313  -2.266   2.047
ARG01A0035_001   2.613  -8.882  -6.268
ARG02A0035_002   2.604  -8.882  -6.277
ARG02A0035_003   2.679  -8.882  -6.202
ARG03A0035_004   2.591  -8.882  -6.290
ARG+1A0035_005   2.552  -8.882  -6.330
HIS01A0037_001  -0.077  -6.359  -6.436
HIS01A0037_002   0.002  -6.423  -6.421
HIS02A0037_003  -0.099  -6.359  -6.458
HIS02A0037_004  -0.009  -6.423  -6.433
HIS+1A0037_005  -0.126  -6.359  -6.485
HIS+1A0037_006  -0.036  -6.423  -6.459
PHE01A0038_001   4.151  -1.634   2.517
CYS01A0040_001  -0.002  -1.286  -1.288
CYS01A0040_002  -0.002  -1.286  -1.288
CYS01A0040_003  -0.002  -1.286  -1.288
CYS-1A0040_004   0.000  -1.286  -1.286
VAL01A0041_001   0.610  -0.927  -0.318
TYR01A0042_001   4.408  -1.707   2.701
TYR-1A0042_002   4.408  -1.707   2.701
HIS01A0043_001  -0.162  -2.040  -2.201
HIS01A0043_002  -0.123  -2.071  -2.194
HIS02A0043_003  -0.180  -2.040  -2.219
HIS02A0043_004  -0.136  -2.071  -2.207
HIS+1A0043_005  -0.206  -2.040  -2.246
HIS+1A0043_006  -0.162  -2.071  -2.234
THR01A0045_001   0.423  -0.670  -0.247
THR01A0045_002   0.423  -0.670  -0.247
LEU01A0046_001   1.865  -0.773   1.092
LEU01A0047_001   1.885  -2.057  -0.172
ASP01A0048_001   6.795  -2.429   4.366
ASP01A0048_002   6.795  -2.429   4.366
ASP02A0048_003   8.721  -2.524   6.197
ASP02A0048_004   8.721  -2.524   6.197
ASP-1A0048_005   6.793  -2.377   4.416
ASN01A0049_001   3.635  -2.315   1.320
ASN01A0049_002   7.788  -2.485   5.303
ASP01A0050_0011066.818  -1.6351065.183
ASP01A0050_002  67.818  -1.635  66.183
ASP02A0050_003  53.772  -1.639  52.133
ASP02A0050_004  53.772  -1.639  52.133
ASP-1A0050_005  53.761  -1.550  52.212
LYS01A0052_001   2.002  -5.399  -3.397
LYS+1A0052_002   1.930  -5.399  -3.469
LYS01A0053_001   2.202  -7.440  -5.237
LYS+1A0053_002   2.145  -7.440  -5.294
ILE01A0054_001   1.775  -4.498  -2.722
HIS01A0055_001  -0.081  -5.575  -5.656
HIS02A0055_002  -0.103  -5.575  -5.678
HIS+1A0055_003  -0.129  -5.575  -5.705
CYS01A0056_001  -0.002   0.000  -0.002
CYS01A0056_002  -0.002   0.000  -0.002
CYS01A0056_003  -0.003   0.000  -0.003
CYS-1A0056_004   0.000   0.000   0.000
ALA01A0057_001   0.000  -0.512  -0.512
VAL01A0058_001   0.516   0.000   0.516
LYS01A0059_001   1.075   0.000   1.075
LYS+1A0059_002   1.008   0.000   1.008
SER01A0060_001   0.000  -0.060  -0.060
LEU01A0061_001   1.478   0.000   1.478
ASN01A0062_001   0.133  -1.548  -1.415
ARG01A0063_001   2.838  -7.549  -4.712
ARG02A0063_002   2.798  -7.549  -4.751
ARG03A0063_003   2.791  -7.549  -4.758
ARG+1A0063_004   2.751  -7.549  -4.798
ILE01A0064_001   2.081   0.000   2.081
THR01A0065_001   0.408  -6.342  -5.933
ASP01A0066_001   0.322  -2.261  -1.939
ASP01A0066_002   0.322  -2.261  -1.939
ASP02A0066_003   0.293  -2.288  -1.995
ASP02A0066_004   0.293  -2.288  -1.995
ASP-1A0066_005   0.243  -2.162  -1.919
ILE01A0067_001   1.443  -3.345  -1.902
GLU01A0069_001   1.145  -1.680  -0.535
GLU01A0069_002   1.145  -1.680  -0.535
GLU02A0069_003   1.072  -1.733  -0.662
GLU02A0069_004   1.072  -1.733  -0.662
GLU-1A0069_005   0.960  -1.688  -0.728
VAL01A0070_001   0.623   0.000   0.623
SER01A0071_001   0.000  -1.240  -1.240
SER01A0071_002   0.000  -1.240  -1.240
GLN01A0072_001   0.905  -3.121  -2.217
GLN01A0072_002   1.063  -3.266  -2.203
PHE01A0073_001   4.034  -0.102   3.932
LEU01A0074_001   1.788   0.000   1.788
THR01A0075_001   0.428  -4.152  -3.724
THR01A0075_002   0.428  -4.152  -3.724
GLU01A0076_001   2.224  -2.089   0.135
GLU01A0076_002   2.224  -2.089   0.135
GLU02A0076_003   1.793  -2.173  -0.380
GLU02A0076_004   1.793  -2.173  -0.380
GLU-1A0076_005   1.725  -2.123  -0.398
ILE01A0078_001   1.112  -0.943   0.169
ILE01A0079_001   1.148  -5.029  -3.880
MET01A0080_001   0.150   0.000   0.150
LYS01A0081_001   1.036  -1.954  -0.918
LYS+1A0081_002   0.965  -1.954  -0.989
ASP01A0082_001   0.244  -2.508  -2.264
ASP01A0082_002   0.244  -2.508  -2.264
ASP02A0082_003   0.259  -2.512  -2.253
ASP02A0082_004   0.259  -2.512  -2.253
ASP-1A0082_005   0.194  -2.442  -2.248
PHE01A0083_001   3.880  -0.152   3.729
SER01A0084_001   0.000  -5.140  -5.140
SER01A0084_002   0.000  -5.140  -5.140
HIS01A0085_001  -0.163  -1.816  -1.979
HIS02A0085_002  -0.182  -1.816  -1.998
HIS+1A0085_003  -0.208  -1.816  -2.024
PRO01A0086_001   0.311  -5.790  -5.480
ASN01A0087_001   0.228  -0.620  -0.392
ASN01A0087_002   0.403  -0.536  -0.133
VAL01A0088_001   0.565   0.000   0.565
LEU01A0089_001   1.661  -0.155   1.506
SER01A0090_001   0.000  -2.398  -2.398
SER01A0090_002   0.000  -2.398  -2.398
LEU01A0091_001   2.083   0.000   2.083
LEU01A0092_001   1.709  -1.938  -0.229
ILE01A0094_001   1.631   0.000   1.631
CYS01A0095_001  -0.002  -0.071  -0.073
CYS01A0095_002  -0.002  -0.071  -0.073
CYS01A0095_003  -0.002  -0.071  -0.074
CYS-1A0095_004   0.000  -0.071  -0.071
LEU01A0096_001   2.301  -0.361   1.941
ARG01A0097_001   1.663  -2.340  -0.677
ARG02A0097_002   1.646  -2.340  -0.694
ARG03A0097_003   1.639  -2.340  -0.701
ARG+1A0097_004   1.599  -2.340  -0.740
SER01A0098_001   0.000  -4.993  -4.993
SER01A0098_002   0.000  -4.993  -4.993
GLU01A0099_001   3.613  -3.272   0.341
GLU01A0099_002   3.613  -3.272   0.341
GLU02A0099_003   4.487  -3.261   1.226
GLU02A0099_004   4.487  -3.261   1.226
GLU-1A0099_005   3.550  -3.187   0.363
SER01A0101_001   0.000  -0.181  -0.181
SER01A0101_002   0.000  -0.181  -0.181
PRO01A0102_001   0.247  -0.052   0.195
LEU01A0103_001   2.029  -0.222   1.807
VAL01A0104_001   0.596   0.000   0.596
VAL01A0105_001   0.508   0.000   0.508
LEU01A0106_001   2.210  -0.496   1.715
PRO01A0107_001   0.298  -1.391  -1.093
TYR01A0108_001   4.212  -2.394   1.818
TYR01A0108_002   4.212  -2.394   1.818
TYR-1A0108_003   4.212  -2.394   1.818
MET01A0109_001   0.385  -0.487  -0.102
LYS01A0110_001   1.496  -6.376  -4.880
LYS+1A0110_002   1.442  -6.376  -4.934
HIS01A0111_001  -0.106  -0.959  -1.064
HIS02A0111_002  -0.127  -0.959  -1.085
HIS+1A0111_003  -0.153  -0.959  -1.112
ASP01A0113_001   0.312  -0.795  -0.484
ASP01A0113_002   0.312  -0.795  -0.484
ASP02A0113_003   0.309  -0.725  -0.416
ASP02A0113_004   0.309  -0.725  -0.416
ASP-1A0113_005   0.245  -0.724  -0.478
LEU01A0114_001   2.077   0.000   2.077
ARG01A0115_001   1.830  -0.404   1.426
ARG02A0115_002   1.849  -0.404   1.445
ARG03A0115_003   1.790  -0.404   1.386
ARG03A0115_004   1.795  -0.404   1.391
ARG+1A0115_005   1.752  -0.404   1.348
ASN01A0116_001   0.488  -2.319  -1.832
ASN01A0116_002   0.244  -2.378  -2.134
PHE01A0117_001   3.996  -0.960   3.036
ILE01A0118_001   1.737   0.000   1.737
ARG01A0119_001   1.445  -6.493  -5.048
ARG02A0119_002   1.449  -6.493  -5.044
ARG03A0119_003   1.390  -6.493  -5.103
ARG+1A0119_004   1.346  -6.493  -5.148
ASN01A0120_001   0.365  -2.136  -1.771
GLU01A0121_001   1.887  -3.598  -1.711
GLU01A0121_002   1.887  -3.598  -1.711
GLU02A0121_003   1.632  -3.556  -1.924
GLU02A0121_004   1.632  -3.556  -1.924
GLU-1A0121_005   1.524  -3.496  -1.972
THR01A0122_001   0.534  -5.887  -5.354
THR01A0122_002   0.534  -5.887  -5.354
THR01A0122_003   0.534  -5.887  -5.354
HIS01A0123_001  -0.334  -2.596  -2.930
HIS01A0123_002  -0.298  -2.953  -3.250
HIS02A0123_003  -0.348  -2.596  -2.944
HIS02A0123_004  -0.311  -2.953  -3.264
HIS+1A0123_005  -0.374  -2.596  -2.970
HIS+1A0123_006  -0.337  -2.953  -3.290
ASN01A0124_001   0.467  -3.165  -2.698
ASN01A0124_002   0.264  -3.079  -2.815
PRO01A0125_001   0.243   0.000   0.243
THR01A0126_001   0.457  -4.408  -3.951
THR01A0126_002   0.457  -4.408  -3.951
VAL01A0127_001   0.665  -1.957  -1.292
LYS01A0128_001   1.038  -5.747  -4.710
LYS+1A0128_002   0.994  -5.747  -4.753
ASP01A0129_001   0.046  -1.460  -1.414
ASP01A0129_002   0.046  -1.460  -1.414
ASP02A0129_003   0.101  -1.619  -1.518
ASP02A0129_004   0.101  -1.619  -1.518
ASP-1A0129_005   0.040  -1.482  -1.441
LEU01A0130_001   1.644  -0.171   1.473
ILE01A0131_001   1.672   0.000   1.672
PHE01A0133_001   3.488  -1.062   2.426
LEU01A0135_001   1.473  -0.927   0.546
GLN01A0136_001   1.189  -1.197  -0.008
GLN01A0136_002   1.457  -1.131   0.326
VAL01A0137_001   0.621   0.000   0.621
ALA01A0138_001   0.000   0.000   0.000
LYS01A0139_001   0.980  -4.677  -3.697
LYS+1A0139_002   0.933  -4.677  -3.744
MET01A0141_001   0.139   0.000   0.139
LYS01A0142_001   1.029  -4.655  -3.626
LYS+1A0142_002   0.981  -4.655  -3.674
TYR01A0143_001   4.180  -2.272   1.908
TYR-1A0143_002   4.180  -2.272   1.908
LEU01A0144_001   1.443   0.000   1.443
ALA01A0145_001   0.000  -0.876  -0.876
SER01A0146_001   0.000  -2.728  -2.728
SER01A0146_002   0.000  -2.728  -2.728
LYS01A0147_001   1.385  -4.699  -3.314
LYS+1A0147_002   1.339  -4.699  -3.359
LYS01A0148_001   7.132 -10.451  -3.319
LYS+1A0148_002   7.177 -10.451  -3.274
PHE01A0149_001   4.229  -1.888   2.341
VAL01A0150_001   0.583  -2.144  -1.561
HIS01A0151_001  -0.097   0.000  -0.097
HIS01A0151_002  -0.026   0.000  -0.026
HIS02A0151_003  -0.119   0.000  -0.119
HIS02A0151_004  -0.037   0.000  -0.037
HIS+1A0151_005  -0.145   0.000  -0.145
HIS+1A0151_006  -0.063   0.000  -0.063
ARG01A0152_001   1.096  -6.999  -5.903
ARG02A0152_002   1.024  -6.999  -5.975
ARG03A0152_003   1.020  -6.999  -5.979
ARG+1A0152_004   0.981  -6.999  -6.018
ASP01A0153_001   0.028  -0.151  -0.123
ASP01A0153_002   0.028  -0.151  -0.123
ASP02A0153_003   0.082  -0.194  -0.112
ASP02A0153_004   0.082  -0.194  -0.112
ASP-1A0153_005   0.024  -0.151  -0.126
LEU01A0154_001   1.856   0.000   1.856
ALA01A0155_001   0.000   0.000   0.000
ALA01A0156_001   0.000   0.000   0.000
ARG01A0157_001   1.256  -0.258   0.999
ARG02A0157_002   1.314  -0.258   1.056
ARG03A0157_003   1.230  -0.258   0.973
ARG03A0157_004   1.235  -0.258   0.977
ARG+1A0157_005   1.191  -0.258   0.934
ASN01A0158_001   0.219  -0.069   0.150
ASN01A0158_002   0.040  -0.118  -0.078
CYS01A0159_001  -0.002   0.000  -0.002
CYS01A0159_002  -0.002   0.000  -0.002
CYS01A0159_003  -0.002   0.000  -0.002
CYS-1A0159_004   0.000   0.000   0.000
MET01A0160_001   0.147  -2.859  -2.712
LEU01A0161_001   1.949   0.000   1.949
ASP01A0162_001   0.038  -0.482  -0.444
ASP01A0162_002   0.038  -0.482  -0.444
ASP02A0162_003   0.093  -0.507  -0.414
ASP02A0162_004   0.093  -0.507  -0.414
ASP-1A0162_005   0.034  -0.482  -0.449
GLU01A0163_001   1.755  -2.057  -0.302
GLU01A0163_002   1.755  -2.057  -0.302
GLU02A0163_003   1.415  -2.255  -0.840
GLU02A0163_004   1.415  -2.255  -0.840
GLU-1A0163_005   1.345  -2.174  -0.829
LYS01A0164_001   2.863  -8.715  -5.852
LYS+1A0164_002   2.816  -8.715  -5.899
PHE01A0165_001   4.242  -5.832  -1.590
THR01A0166_001   0.435  -1.865  -1.430
THR01A0166_002   0.435  -1.865  -1.430
VAL01A0167_001   0.621   0.000   0.621
LYS01A0168_001   1.120  -1.696  -0.576
LYS+1A0168_002   1.074  -1.696  -0.622
VAL01A0169_001   0.660   0.000   0.660
ALA01A0170_001   0.000  -0.258  -0.258
ASP01A0171_001   0.042  -0.096  -0.054
ASP01A0171_002   0.042  -0.096  -0.054
ASP02A0171_003   0.093  -0.096  -0.003
ASP02A0171_004   0.093  -0.096  -0.003
ASP-1A0171_005   0.035  -0.095  -0.060
PHE01A0172_001   4.288   0.000   4.288
LEU01A0174_001   1.706   0.000   1.706
ALA01A0175_001   0.000  -0.155  -0.155
ARG01A0176_001   5.351  -3.861   1.490
ARG02A0176_002   5.296  -3.861   1.435
ARG03A0176_003   5.296  -3.861   1.435
ARG+1A0176_004   5.251  -3.861   1.390
ASP01A0177_001   0.042  -0.036   0.006
ASP01A0177_002   0.042  -0.036   0.006
ASP02A0177_003   0.097  -0.069   0.028
ASP02A0177_004   0.097  -0.069   0.028
ASP-1A0177_005   0.037  -0.069  -0.032
MET01A0178_001   1.334  -1.761  -0.427
TYR01A0179_001   4.369  -1.941   2.429
TYR01A0179_002   4.369  -1.941   2.429
TYR-1A0179_003   4.369  -1.941   2.429
ASP01A0180_001   0.015  -0.970  -0.955
ASP01A0180_002   0.015  -0.970  -0.955
ASP02A0180_003   0.065  -0.827  -0.762
ASP02A0180_004   0.065  -0.827  -0.762
ASP-1A0180_005   0.012  -0.805  -0.794
LYS01A0181_001   1.268  -9.709  -8.441
LYS+1A0181_002   1.193  -9.709  -8.515
GLU01A0182_001   2.285  -2.814  -0.529
GLU01A0182_002   2.285  -2.814  -0.529
GLU02A0182_003   1.847  -2.878  -1.030
GLU02A0182_004   1.847  -2.878  -1.030
GLU-1A0182_005   1.776  -2.726  -0.951
TYR01A0183_001   4.076  -1.143   2.933
TYR01A0183_002   4.076  -1.143   2.933
TYR-1A0183_003   4.076  -1.143   2.933
TYR01A0184_001   4.012  -0.152   3.861
TYR01A0184_002   4.012  -0.152   3.861
TYR-1A0184_003   4.012  -0.152   3.861
SER01A0185_001   0.000  -0.421  -0.421
SER01A0185_002   0.000  -0.421  -0.421
VAL01A0186_001   0.722  -4.291  -3.569
HIS01A0187_001  -0.208  -3.477  -3.684
HIS02A0187_002  -0.229  -3.477  -3.705
HIS+1A0187_003  -0.255  -3.477  -3.732
ASN01A0188_001   0.450   0.000   0.450
ASN01A0188_002   0.413   0.000   0.413
LYS01A0189_001   0.992  -6.119  -5.127
LYS+1A0189_002   0.945  -6.119  -5.174
THR01A0190_001   0.485  -1.225  -0.740
THR01A0190_002   0.485  -1.225  -0.740
THR01A0190_003   0.485  -1.225  -0.740
ALA01A0192_001   0.000  -3.689  -3.689
LYS01A0193_001   1.128  -5.249  -4.121
LYS+1A0193_002   1.082  -5.249  -4.167
LEU01A0194_001   1.281  -1.268   0.012
PRO01A0195_001   0.240  -0.144   0.096
VAL01A0196_001   0.482  -0.052   0.430
LYS01A0197_001   0.590  -1.327  -0.737
LYS+1A0197_002   0.548  -1.327  -0.780
TRP01A0198_001   2.655   0.000   2.655
MET01A0199_001   0.548   0.000   0.548
ALA01A0200_001   0.000   0.000   0.000
LEU01A0201_001   1.687  -0.377   1.310
GLU01A0202_001   2.437  -0.442   1.995
GLU01A0202_002   2.437  -0.442   1.995
GLU02A0202_003   2.020  -0.377   1.643
GLU02A0202_004   2.020  -0.377   1.643
GLU-1A0202_005   1.938  -0.417   1.521
SER01A0203_001   0.000   0.000   0.000
SER01A0203_002   0.000   0.000   0.000
SER01A0203_003   0.000   0.000   0.000
LEU01A0204_001   1.801  -0.052   1.750
GLN01A0205_001   2.013  -1.659   0.354
GLN01A0205_002   1.319  -1.820  -0.501
THR01A0206_001   0.422  -3.397  -2.975
GLN01A0207_001   0.584  -2.436  -1.852
GLN01A0207_002   0.508  -2.505  -1.997
LYS01A0208_001   1.627  -8.797  -7.170
LYS+1A0208_002   1.567  -8.797  -7.230
PHE01A0209_001   4.197  -0.460   3.738
THR01A0210_001   0.372  -3.409  -3.037
THR01A0210_002   0.372  -3.409  -3.037
THR01A0211_001   0.426  -1.386  -0.960
LYS01A0212_001   0.781  -3.352  -2.572
LYS+1A0212_002   0.743  -3.352  -2.609
SER01A0213_001   0.000   0.000   0.000
SER01A0213_002   0.000   0.000   0.000
ASP01A0214_001   0.013   0.000   0.013
ASP01A0214_002   0.013   0.000   0.013
ASP02A0214_003   0.064   0.000   0.064
ASP02A0214_004   0.064   0.000   0.064
ASP-1A0214_005   0.010   0.000   0.010
VAL01A0215_001   0.696   0.000   0.696
TRP01A0216_001   2.700   0.000   2.700
SER01A0217_001   0.000   0.000   0.000
SER01A0217_002   0.000   0.000   0.000
PHE01A0218_001   4.458   0.000   4.458
VAL01A0220_001   0.680   0.000   0.680
LEU01A0221_001   2.133   0.000   2.133
LEU01A0222_001   1.763   0.000   1.763
TRP01A0223_001   2.831  -1.364   1.467
GLU01A0224_001   0.674   0.000   0.674
GLU01A0224_002   0.674   0.000   0.674
GLU02A0224_003   0.710   0.000   0.710
GLU02A0224_004   0.710   0.000   0.710
GLU-1A0224_005   0.564   0.000   0.564
LEU01A0225_001   1.722   0.000   1.722
MET01A0226_001   0.002   0.000   0.002
THR01A0227_001   0.415  -0.766  -0.350
THR01A0227_002   0.415  -0.766  -0.350
ARG01A0228_001   1.494  -2.882  -1.388
ARG02A0228_002   1.455  -2.882  -1.428
ARG03A0228_003   1.449  -2.882  -1.433
ARG+1A0228_004   1.410  -2.882  -1.472
ALA01A0230_001   0.000  -1.716  -1.716
PRO01A0231_001   0.204  -2.802  -2.598
PRO01A0232_001   0.219   0.000   0.219
TYR01A0233_001   4.136  -0.051   4.086
TYR-1A0233_002   4.136  -0.051   4.086
PRO01A0234_001   0.302  -3.946  -3.644
ASP01A0235_001   0.105  -3.737  -3.632
ASP01A0235_002   0.105  -3.737  -3.632
ASP02A0235_003   0.157  -3.769  -3.613
ASP02A0235_004   0.157  -3.769  -3.613
ASP-1A0235_005   0.090  -3.694  -3.604
VAL01A0236_001   0.605  -0.258   0.347
ASN01A0237_001   0.491  -2.414  -1.922
THR01A0238_001   0.331  -2.033  -1.702
THR01A0238_002   0.331  -2.033  -1.702
THR01A0238_003   0.331  -2.033  -1.702
PHE01A0239_001   3.874  -8.342  -4.468
ASP01A0240_001   0.037  -2.467  -2.430
ASP01A0240_002   0.037  -2.467  -2.430
ASP02A0240_003   0.085  -2.412  -2.327
ASP02A0240_004   0.085  -2.412  -2.327
ASP-1A0240_005   0.029  -2.377  -2.348
ILE01A0241_001   0.836   0.000   0.836
THR01A0242_001   0.494  -2.377  -1.883
VAL01A0243_001   0.515  -4.601  -4.085
TYR01A0244_001   4.138  -2.236   1.903
TYR01A0244_002   4.138  -2.236   1.903
TYR-1A0244_003   4.138  -2.236   1.903
LEU01A0245_001   1.412   0.000   1.412
LEU01A0246_001   1.888  -6.007  -4.119
GLN01A0247_001   1.624  -2.595  -0.971
GLN01A0247_002   2.717  -2.393   0.324
ARG01A0249_001   2.634  -7.120  -4.486
ARG02A0249_002   2.564  -7.120  -4.556
ARG03A0249_003   2.558  -7.120  -4.561
ARG03A0249_004   2.564  -7.120  -4.556
ARG+1A0249_005   2.520  -7.120  -4.600
ARG01A0250_001   1.278  -1.068   0.209
ARG02A0250_002   1.263  -1.068   0.195
ARG02A0250_003   1.348  -1.068   0.280
ARG03A0250_004   1.256  -1.068   0.187
ARG+1A0250_005   1.217  -1.068   0.148
LEU01A0251_001   1.573  -0.206   1.367
LEU01A0252_001   1.766  -9.179  -7.412
GLN01A0253_001   1.213  -1.611  -0.398
GLN01A0253_002   1.913  -1.774   0.139
PRO01A0254_001   0.249   0.000   0.249
GLU01A0255_001   2.101  -3.466  -1.366
GLU01A0255_002   2.101  -3.466  -1.366
GLU02A0255_003   1.694  -3.423  -1.729
GLU02A0255_004   1.694  -3.423  -1.729
GLU-1A0255_005   1.615  -3.411  -1.796
TYR01A0256_001   4.247  -8.712  -4.464
TYR-1A0256_002   4.247  -8.712  -4.464
CYS01A0257_001  -0.002   0.000  -0.002
CYS01A0257_002  -0.002   0.000  -0.002
CYS01A0257_003  -0.002   0.000  -0.002
CYS-1A0257_004   0.000   0.000   0.000
PRO01A0258_001   0.230  -1.130  -0.900
ASP01A0259_001   0.038  -3.228  -3.190
ASP01A0259_002   0.038  -3.228  -3.190
ASP02A0259_003   0.093  -3.411  -3.317
ASP02A0259_004   0.093  -3.411  -3.317
ASP-1A0259_005   0.033  -3.144  -3.110
PRO01A0260_001   0.284  -3.825  -3.541
LEU01A0261_001   1.530   0.000   1.530
TYR01A0262_001   4.016  -1.908   2.108
TYR01A0262_002   4.016  -1.908   2.108
TYR-1A0262_003   4.016  -1.908   2.108
GLU01A0263_001   0.456  -2.932  -2.477
GLU01A0263_002   0.456  -2.932  -2.477
GLU02A0263_003   0.483  -2.887  -2.403
GLU02A0263_004   0.483  -2.887  -2.403
GLU-1A0263_005   0.363  -2.872  -2.509
VAL01A0264_001   0.585  -0.206   0.379
MET01A0265_001   0.353   0.000   0.353
LEU01A0266_001   1.405  -4.340  -2.935
LYS01A0267_001   0.948  -4.683  -3.735
LYS+1A0267_002   0.886  -4.683  -3.797
CYS01A0268_001  -0.002   0.000  -0.002
CYS01A0268_002  -0.002   0.000  -0.002
CYS01A0268_003  -0.002   0.000  -0.002
CYS-1A0268_004   0.000   0.000   0.000
TRP01A0269_001   2.691   0.000   2.691
HIS01A0270_001  -0.094  -3.899  -3.993
HIS01A0270_002  -0.022  -3.661  -3.683
HIS02A0270_003  -0.115  -3.899  -4.014
HIS02A0270_004  -0.033  -3.661  -3.694
HIS+1A0270_005  -0.142  -3.899  -4.040
HIS+1A0270_006  -0.059  -3.661  -3.720
PRO01A0271_001   0.252  -3.413  -3.161
LYS01A0272_001   1.338  -6.920  -5.582
LYS+1A0272_002   1.283  -6.920  -5.637
ALA01A0273_001   0.000  -1.391  -1.391
GLU01A0274_001   1.137  -2.962  -1.826
GLU01A0274_002   1.137  -2.962  -1.826
GLU02A0274_003   1.028  -2.991  -1.963
GLU02A0274_004   1.028  -2.991  -1.963
GLU-1A0274_005   0.930  -2.961  -2.031
MET01A0275_001  -0.112  -6.090  -6.201
ARG01A0276_001   3.356   0.000   3.356
ARG02A0276_002   3.318   0.000   3.318
ARG02A0276_003   3.360   0.000   3.360
ARG03A0276_004   3.313   0.000   3.313
ARG03A0276_005   3.318   0.000   3.318
ARG+1A0276_006   3.274   0.000   3.274
PRO01A0277_001   0.288  -0.048   0.240
SER01A0278_001   0.000  -1.968  -1.968
SER01A0278_002   0.000  -1.968  -1.968
SER01A0278_003   0.000  -1.968  -1.968
PHE01A0279_001   4.113  -0.103   4.010
SER01A0280_001   0.000  -3.373  -3.373
SER01A0280_002   0.000  -3.373  -3.373
GLU01A0281_001   0.929  -2.017  -1.088
GLU01A0281_002   0.929  -2.017  -1.088
GLU02A0281_003   1.081  -1.992  -0.911
GLU02A0281_004   1.081  -1.992  -0.911
GLU-1A0281_005   0.834  -1.933  -1.100
LEU01A0282_001   2.115   0.000   2.115
VAL01A0283_001   0.612  -0.995  -0.383
SER01A0284_001   0.000  -4.045  -4.045
SER01A0284_002   0.000  -4.045  -4.045
ARG01A0285_001   2.495  -5.199  -2.703
ARG02A0285_002   2.477  -5.199  -2.722
ARG03A0285_003   2.469  -5.199  -2.730
ARG+1A0285_004   2.430  -5.199  -2.768
ILE01A0286_001   1.532   0.000   1.532
SER01A0287_001   0.000  -2.198  -2.198
ALA01A0288_001   0.000  -3.670  -3.670
ILE01A0289_001   1.591  -0.721   0.870
PHE01A0290_001   4.049  -4.263  -0.214
SER01A0291_001   0.000  -3.546  -3.546
SER01A0291_002   0.000  -3.546  -3.546
THR01A0292_001   0.418  -4.250  -3.832
THR01A0292_002   0.418  -4.250  -3.832
PHE01A0293_001   4.240  -3.439   0.801
ILE01A0294_001 866.055  -8.834 857.221
