COMMAND:
 /opt/schrodinger/suites2015-3/epik-v33015/bin/Darwin-x86_64/epik_app -imae /private/var/folders/m1/wl3ptzqx2csf2r_q2bfy78n0h7kcfv/T/tmpvSYCJL/Cobimetinib-input.mae -omae /Users/choderaj/github/choderalab/mcce-charges/mcce-charges.jchodera/epik_inhibitors/output/Cobimetinib/Cobimetinib-epik.mae -ms 100 -ph 7.4 -nt -p 4.53999297625e-05 -pKa_atom
SCHRODINGER: /opt/schrodinger/suites2015-3

Running Epik version     3.3015
Epik. Copyright Schrodinger, LLC. All rights reserved.

Input file name:                        /private/var/folders/m1/wl3ptzqx2csf2r_q2bfy78n0h7kcfv/T/tmpvSYCJL/Cobimetinib-input.mae
Output file name:                       /Users/choderaj/github/choderalab/mcce-charges/mcce-charges.jchodera/epik_inhibitors/output/Cobimetinib/Cobimetinib-epik.mae
Maximum number of states set to: 100
Structure adjustment calculation requested.
  Target pH set to 7.400
Minimum probability set to 4.539993e-05
reporting for specific atoms turned on (pKa_atom)

Adjusting structures for pH 7.400000e+00 and minimum probability 4.539993e-05
Solvent model name:                     water
Jobcontrol is not being used for this specific Epik calculation.
---------------------------
Processing Input Structure #1
        Title: EUI
                                              Calculated pKas
                                                 Conjugate
                                          Atom   Acid/Base  pKa
. . . . . . . . . . . . . . . . . . . . . . .
Variation: 1
                                            41   Conj_Acid 11.27
                                            45   Conj_Acid  9.14
                                            52   Conj_Acid  9.14
                                            33   Conj_Acid 11.69
                                             1   Conj_Base -1.65
 pKa penalty:                                 0.01 kcal/mol
     Charging penalty:                        0.01 kcal/mol
     Neutralization penalty:                  0.00 kcal/mol
 Overall Penalty (tautomerization included):  0.01 kcal/mol
 Total Charge: 1
. . . . . . . . . . . . . . . . . . . . . . .
Variation: 2
                                            41   Conj_Acid 13.78
                                            30   Conj_Base  9.14
                                            33   Conj_Acid 11.81
                                            24   Conj_Base -1.49
                                             1   Conj_Base -0.29
 pKa penalty:                                 2.38 kcal/mol
     Charging penalty:                        0.00 kcal/mol
     Neutralization penalty:                  2.38 kcal/mol
 Overall Penalty (tautomerization included):  2.54 kcal/mol
 Total Charge: 0
. . . . . . . . . . . . . . . . . . . . . . .
Variation: 3
                                            24   Conj_Base 11.27
                                            44   Conj_Acid 11.81
                                            51   Conj_Acid 11.81
                                            33   Conj_Acid 11.83
                                             1   Conj_Base -0.02
 pKa penalty:                                 5.27 kcal/mol
     Charging penalty:                        5.27 kcal/mol
     Neutralization penalty:                  0.00 kcal/mol
 Overall Penalty (tautomerization included):  5.64 kcal/mol
 Total Charge: 0
---------------------------
