  pH           7
GLU-A0003_ -1.00
ARG+A0011_  1.00
LYS+A0014_  1.00
GLU-A0015_ -1.00
GLU-A0017_ -1.00
LYS+A0019_  1.00
LYS+A0020_  1.00
LYS+A0022_  0.94
TYR-A0033_ -0.00
LYS+A0034_  0.00
GLU-A0040_ -1.00
GLU-A0042_ -1.00
LYS+A0043_  1.00
LYS+A0045_  1.00
LYS+A0051_  1.00
GLU-A0052_ -1.00
ARG+A0054_  1.00
GLU-A0055_ -1.00
LYS+A0060_  1.00
LYS+A0063_  1.00
GLU-A0064_ -0.97
ASP-A0067_ -0.99
GLU-A0068_ -1.00
TYR-A0070_ -0.00
ASP-A0076_ -1.00
HIS+A0079_  0.01
CYS-A0081_ -0.00
ARG+A0082_  1.00
CYS-A0087_ -0.00
CYS-A0103_ -0.00
ASP-A0106_ -1.00
TYR-A0107_ -0.00
ARG+A0109_  1.00
GLU-A0110_ -0.98
HIS+A0111_  0.00
LYS+A0112_  1.00
ASP-A0113_ -1.00
TYR-A0119_ -0.00
CYS-A0124_ -0.00
LYS+A0129_  1.00
TYR-A0133_ -0.00
GLU-A0135_ -1.00
ASP-A0136_ -0.98
ARG+A0137_  1.00
ARG+A0138_  1.00
HIS+A0141_  0.00
ARG+A0142_  1.00
ASP-A0143_ -1.00
ARG+A0147_  1.00
LYS+A0152_  1.00
HIS+A0156_  0.01
LYS+A0158_  1.00
ASP-A0161_ -1.00
LYS+A0166_  1.00
GLU-A0171_ -1.00
GLU-A0172_ -1.00
LYS+A0173_  1.00
GLU-A0174_ -0.86
TYR-A0175_ -0.02
HIS+A0176_  0.08
GLU-A0178_ -1.00
LYS+A0181_  1.00
LYS+A0185_  1.00
GLU-A0190_ -1.00
HIS+A0194_  0.25
ARG+A0195_  1.00
TYR-A0197_ -0.00
HIS+A0199_  0.02
ASP-A0202_ -1.00
TYR-A0206_ -0.00
GLU-A0212_ -1.00
LYS+A0219_  1.00
TYR-A0221_ -0.00
ASP-A0222_ -1.00
GLU-A0228_ -1.00
GLU-A0234_ -1.00
LYS+A0235_  1.00
GLU-A0237_ -1.00
ARG+A0238_  1.00
CYS-A0245_ -0.00
ASP-A0248_ -1.00
TYR-A0250_ -0.00
LYS+A0255_  1.00
CYS-A0256_ -0.00
ASP-A0260_ -1.00
ASP-A0262_ -1.00
ARG+A0264_  1.00
LYS+A0266_  1.00
ARG+A0268_  1.00
GLU-A0269_ -1.00
GLU-A0273_ -1.00
LYS+A0276_  1.00
ARG+A0279_  1.00
ASP-A0280_ -1.00
ARG+A0283_  1.00
TYR-A0284_ -0.00
ASP-A0290_ -1.00
GLU-A0291_ -1.00
ARG+A0292_  1.00
HIS+A0294_  0.52
ASP-A0300_ -0.99
TYR-A0304_ -0.00
ARG+A0305_  1.00
ASP-A0309_ -0.98
GLU-A0310_ -1.00
GLU-A0311_ -1.00
ASP-A0312_ -0.99
ASP-A0314_ -1.00
ASP-A0315_ -0.91
ASP-A0318_ -1.00
ASP-A0320_ -1.00
GLU-A0321_ -0.99
TYR-A0322_ -0.00
IRE+B0001_  0.00
----------
Net_Charge -7.85
Protons    -7.85
Electrons   0.00
