 ph         7.4   7.4   7.4   7.4   7.4
NTR A0001  0.50  0.50  0.50  0.50  0.50
TYR A0004  0.00  0.00  0.00 -0.00  0.00
CYS A0005 -0.01 -0.01 -0.01 -0.01 -0.01
LYS A0009  0.99  0.99  0.99  0.99  0.99
ASP A0015 -1.00 -1.00 -1.00 -1.00 -1.00
LYS A0017  1.00  1.00  1.00  1.00  1.00
GLU A0018 -1.00 -1.00 -1.00 -1.00 -1.00
ARG A0021  1.00  1.00  1.00  1.00  1.00
LYS A0022  1.00  1.00  1.00  1.00  1.00
ARG A0028  1.00  1.00  1.00  1.00  1.00
HIS A0032  0.84  0.84  0.84  0.84  0.84
GLU A0037 -1.00 -1.00 -1.00 -1.00 -1.00
TYR A0039 -0.00 -0.00 -0.00 -0.00 -0.00
GLU A0040 -1.00 -1.00 -1.00 -1.00 -1.00
ASP A0049 -1.00 -1.00 -1.00 -1.00 -1.00
LYS A0058  1.00  1.00  1.00  1.00  1.00
GLU A0062 -1.00 -1.00 -1.00 -1.00 -1.00
CYS A0064  0.00  0.00  0.00  0.00  0.00
GLU A0066 -1.00 -1.00 -1.00 -1.00 -1.00
ASP A0068 -0.99 -0.99 -0.99 -0.99 -0.99
GLU A0069 -1.00 -1.00 -1.00 -1.00 -1.00
ASP A0071 -0.05 -0.05 -0.05 -0.05 -0.05
GLU A0075 -0.98 -0.98 -0.98 -0.98 -0.98
LYS A0081  0.66  0.66  0.66  0.66  0.66
HIS A0084  0.00  0.00  0.00  0.00  0.00
ARG A0089  1.00  1.00  1.00  1.00  1.00
CYS A0090  0.00  0.00  0.00  0.00  0.00
ARG A0100  1.00  1.00  1.00  1.00  1.00
GLU A0105 -1.00 -1.00 -1.00 -1.00 -1.00
ASP A0111 -1.00 -1.00 -1.00 -1.00 -1.00
LYS A0113  0.95  0.95  0.95  0.95  0.95
ARG A0117  1.00  1.00  1.00  1.00  1.00
GLU A0118 -1.00 -1.00 -1.00 -1.00 -1.00
ARG A0120  1.00  1.00  1.00  1.00  1.00
ARG A0122  1.00  1.00  1.00  1.00  1.00
ASP A0133 -1.00 -1.00 -1.00 -1.00 -1.00
HIS A0136  0.30  0.30  0.30  0.30  0.31
ARG A0139  1.00  1.00  1.00  1.00  1.00
ASP A0140 -0.99 -0.99 -0.99 -0.99 -0.99
CYS A0143 -0.00 -0.00 -0.00 -0.00 -0.00
CYS A0145  0.00  0.00  0.00  0.00  0.00
TYR A0147 -0.00 -0.00 -0.00 -0.00 -0.00
GLU A0149 -1.00 -1.00 -1.00 -1.00 -1.00
GLU A0150 -0.99 -0.99 -0.99 -0.99 -0.99
HIS A0152  0.69  0.70  0.69  0.69  0.69
HIS A0155  0.00  0.00  0.00  0.00  0.00
ARG A0156  1.00  1.00  1.00  1.00  1.00
ASP A0157 -0.97 -0.97 -0.97 -0.97 -0.97
ARG A0161  1.00  1.00  1.00  1.00  1.00
CYS A0163  0.00  0.00  0.00  0.00  0.00
CYS A0167 -0.03 -0.03 -0.03 -0.03 -0.03
ARG A0172  1.00  1.00  1.00  1.00  1.00
LYS A0175  1.00  1.00  1.00  1.00  1.00
ASP A0178 -1.00 -1.00 -1.00 -1.00 -1.00
ARG A0183  1.00  1.00  1.00  1.00  1.00
ASP A0184 -0.99 -0.99 -0.99 -0.99 -0.99
TYR A0186 -0.00 -0.00 -0.00 -0.00 -0.00
ARG A0187  1.00  1.00  1.00  1.00  1.00
TYR A0190 -0.03 -0.03 -0.03 -0.03 -0.03
TYR A0191 -0.00 -0.00 -0.00 -0.00 -0.00
ARG A0192  1.00  1.00  1.00  1.00  1.00
LYS A0193  0.41  0.41  0.40  0.41  0.40
CYS A0196 -0.33 -0.33 -0.33 -0.33 -0.33
LYS A0202  1.00  1.00  1.00  1.00  1.00
GLU A0207 -1.00 -1.00 -1.00 -1.00 -1.00
GLU A0211 -1.00 -1.00 -1.00 -1.00 -1.00
LYS A0217  1.00  1.00  1.00  1.00  1.00
ASP A0219 -1.00 -1.00 -1.00 -1.00 -1.00
GLU A0229 -1.00 -1.00 -1.00 -1.00 -1.00
TYR A0235 -0.01 -0.01 -0.01 -0.01 -0.01
TYR A0238  0.00  0.00  0.00  0.00  0.00
LYS A0241  1.00  1.00  1.00  1.00  1.00
GLU A0245 -1.00 -1.00 -1.00 -1.00 -1.00
GLU A0248 -1.00 -1.00 -1.00 -1.00 -1.00
ARG A0255  1.00  1.00  1.00  1.00  1.00
ASP A0257 -1.00 -1.00 -1.00 -1.00 -1.00
LYS A0260  1.00  1.00  1.00  1.00  1.00
CYS A0262  0.00  0.00  0.00  0.00  0.00
TYR A0267  0.00  0.00  0.00  0.00  0.00
ARG A0268  1.00  1.00  1.00  1.00  1.00
CYS A0273  0.00  0.00  0.00  0.00  0.00
HIS A0276  0.06  0.07  0.06  0.06  0.06
GLU A0279 -1.00 -1.00 -1.00 -1.00 -1.00
ASP A0280 -1.00 -1.00 -1.00 -1.00 -1.00
ARG A0281  1.00  1.00  1.00  1.00  1.00
GLU A0289 -1.00 -1.00 -1.00 -1.00 -1.00
ARG A0290  1.00  1.00  1.00  1.00  1.00
GLU A0292 -1.00 -1.00 -1.00 -1.00 -1.00
TYR A0293 -0.01 -0.01 -0.01 -0.01 -0.01
CYS A0294  0.00 -0.00 -0.00 -0.00  0.00
ASP A0297 -1.00 -1.00 -1.00 -1.00 -1.00
ASP A0299 -0.99 -0.99 -0.99 -0.99 -0.99
GLU A0308 -1.00 -1.00 -1.00 -1.00 -1.00
TYR A0309 -0.00 -0.00 -0.00 -0.00 -0.00
CTR A0310 -1.00 -1.00 -1.00 -1.00 -1.00

Tot Protn  -4.0  -3.9  -3.9  -4.0  -4.0
Tot Elec    0.0   0.0   0.0   0.0   0.0
Net crg    -3.0  -3.0  -3.0  -3.0  -3.0
