 ph         7.4   7.4   7.4   7.4   7.4
ASP A0001 -1.00 -1.00 -1.00 -1.00 -1.00
LYS A0002  1.00  1.00  1.00  1.00  1.00
GLU A0004 -1.00 -1.00 -1.00 -1.00 -1.00
GLU A0006 -1.00 -1.00 -1.00 -1.00 -1.00
ARG A0007  1.00  1.00  1.00  1.00  1.00
ASP A0009 -1.00 -1.00 -1.00 -1.00 -1.00
LYS A0013  1.00  1.00  1.00  1.00  1.00
HIS A0014  0.33  0.33  0.33  0.33  0.33
LYS A0015  1.00  1.00  1.00  1.00  1.00
TYR A0021 -0.00 -0.00 -0.00 -0.00 -0.00
GLU A0023 -1.00 -1.00 -1.00 -1.00 -1.00
TYR A0025  0.00  0.00  0.00  0.00  0.00
GLU A0026 -1.00 -1.00 -1.00 -1.00 -1.00
LYS A0030  1.00  1.00  1.00  1.00  1.00
LYS A0031  1.00  1.00  1.00  1.00  1.00
TYR A0032 -0.05 -0.05 -0.05 -0.05 -0.05
LYS A0039  1.00  1.00  1.00  1.00  1.00
LYS A0042  1.00  1.00  1.00  1.00  1.00
GLU A0043 -0.00 -0.00 -0.00 -0.00 -0.00
ASP A0044 -0.99 -0.99 -0.99 -0.99 -0.99
GLU A0047 -0.72 -0.71 -0.71 -0.72 -0.71
GLU A0049 -1.00 -1.00 -1.00 -1.00 -1.00
GLU A0050 -1.00 -1.00 -1.00 -1.00 -1.00
LYS A0053  1.00  1.00  1.00  1.00  1.00
GLU A0054 -1.00 -1.00 -1.00 -1.00 -1.00
LYS A0059  1.00  1.00  1.00  1.00  1.00
GLU A0060 -1.00 -1.00 -1.00 -1.00 -1.00
LYS A0062  0.99  0.99  0.99  0.99  0.99
HIS A0063  0.00  0.00  0.00  0.00  0.00
CYS A0073  0.00  0.00  0.00  0.00  0.00
ARG A0075  1.00  1.00  1.00  1.00  1.00
GLU A0076 -1.00 -1.00 -1.00 -1.00 -1.00
TYR A0080  0.00  0.00  0.00 -0.00  0.00
GLU A0084 -1.00 -1.00 -1.00 -1.00 -1.00
TYR A0088 -0.00 -0.00 -0.00  0.00 -0.00
ASP A0093 -1.00 -1.00 -1.00 -1.00 -1.00
TYR A0094  0.00  0.00  0.00 -0.00  0.00
ARG A0096  1.00  1.00  1.00  1.00  1.00
GLU A0097 -0.98 -0.98 -0.98 -0.98 -0.98
CYS A0098  0.00  0.00  0.00  0.00  0.00
ARG A0100  1.00  1.00  1.00  1.00  1.00
GLU A0102 -1.00 -1.00 -1.00 -1.00 -1.00
TYR A0110 -0.00 -0.00 -0.00 -0.00 -0.00
GLU A0120 -1.00 -1.00 -1.00 -1.00 -1.00
TYR A0121  0.00 -0.00 -0.00 -0.00 -0.00
GLU A0123 -1.00 -1.00 -1.00 -1.00 -1.00
LYS A0124  1.00  1.00  1.00  1.00  1.00
LYS A0125  1.00  1.00  1.00  1.00  1.00
HIS A0129  0.00  0.00  0.00  0.00  0.00
ARG A0130  1.00  1.00  1.00  1.00  1.00
ASP A0131 -1.00 -1.00 -1.00 -1.00 -1.00
ARG A0135  1.00  1.00  1.00  1.00  1.00
CYS A0137  0.00  0.00  0.00  0.00  0.00
GLU A0141 -1.00 -1.00 -1.00 -1.00 -1.00
HIS A0143  0.79  0.80  0.79  0.79  0.79
LYS A0146  1.00  1.00  1.00  1.00  1.00
ASP A0149 -0.87 -0.87 -0.87 -0.87 -0.87
ARG A0154  1.00  1.00  1.00  1.00  1.00
ASP A0159 -1.00 -1.00 -1.00 -1.00 -1.00
TYR A0161  0.00  0.00  0.00  0.00  0.00
HIS A0164  0.29  0.29  0.29  0.29  0.29
LYS A0168  1.00  1.00  1.00  1.00  1.00
LYS A0172  1.00  1.00  1.00  1.00  1.00
GLU A0177 -1.00 -1.00 -1.00 -1.00 -1.00
TYR A0181 -0.00 -0.00 -0.00 -0.00 -0.00
LYS A0183  0.99  0.99  0.99  0.99  0.99
LYS A0187  1.00  1.00  1.00  1.00  1.00
ASP A0189 -1.00 -1.00 -1.00 -1.00 -1.00
GLU A0199 -1.00 -1.00 -1.00 -1.00 -1.00
TYR A0203  0.00  0.00  0.00  0.00  0.00
TYR A0208  0.00  0.00  0.00  0.00  0.00
ASP A0212 -1.00 -1.00 -1.00 -1.00 -1.00
TYR A0217  0.00  0.00  0.00  0.00 -0.00
GLU A0218 -1.00 -1.00 -1.00 -1.00 -1.00
GLU A0221 -0.99 -0.99 -0.99 -1.00 -0.99
LYS A0222  1.00  1.00  1.00  1.00  1.00
ASP A0223 -1.00 -1.00 -1.00 -1.00 -1.00
TYR A0224 -0.00 -0.00 -0.00 -0.00 -0.00
ARG A0225  1.00  1.00  1.00  1.00  1.00
GLU A0227 -1.00 -1.00 -1.00 -1.00 -1.00
ARG A0228  1.00  1.00  1.00  1.00  1.00
GLU A0230 -1.00 -1.00 -1.00 -1.00 -1.00
CYS A0232  0.00  0.00 -0.00  0.00  0.00
GLU A0234 -1.00 -1.00 -1.00 -1.00 -1.00
LYS A0235  1.00  1.00  1.00  1.00  1.00
TYR A0237  0.00  0.00  0.00  0.00  0.00
GLU A0238 -1.00 -1.00 -1.00 -1.00 -1.00
ARG A0241  1.00  1.00  1.00  1.00  1.00
CYS A0243  0.00  0.00  0.00  0.00  0.00
ASP A0250 -1.00 -1.00 -1.00 -1.00 -1.00
ARG A0251  1.00  1.00  1.00  1.00  1.00
GLU A0256 -1.00 -1.00 -1.00 -1.00 -1.00
HIS A0258  0.87  0.87  0.87  0.86  0.87
GLU A0262 -1.00 -1.00 -1.00 -1.00 -1.00
GLU A0267 -1.00 -1.00 -1.00 -1.00 -1.00

Tot Protn  -5.3  -5.3  -5.3  -5.3  -5.3
Tot Elec    0.0   0.0   0.0   0.0   0.0
Net crg    -5.1  -5.1  -5.1  -5.1  -5.1
