 ph         7.4   7.4   7.4   7.4   7.4
ARG A0003  1.00  1.00  1.00  1.00  1.00
LYS A0005  0.42  0.42  0.41  0.41  0.42
ASP A0007 -1.00 -1.00 -1.00 -1.00 -1.00
LYS A0012  1.00  1.00  1.00  1.00  1.00
ASP A0013 -1.00 -1.00 -1.00 -1.00 -1.00
ARG A0015  1.00  1.00  1.00  1.00  1.00
LYS A0021  1.00  1.00  1.00  1.00  1.00
ARG A0023  1.00  1.00  1.00  1.00  1.00
GLU A0024 -1.00 -1.00 -1.00 -1.00 -1.00
LYS A0029  1.00  1.00  1.00  1.00  1.00
GLU A0035 -1.00 -1.00 -1.00 -1.00 -1.00
GLU A0039 -1.00 -1.00 -1.00 -1.00 -1.00
ASP A0043 -1.00 -1.00 -1.00 -1.00 -1.00
ARG A0045  1.00  1.00  1.00  1.00  1.00
HIS A0053  0.00  0.00  0.00  0.00  0.00
CYS A0056  0.00  0.00  0.00  0.00  0.00
GLU A0057 -1.00 -1.00 -1.00 -1.00 -1.00
GLU A0060 -1.00 -1.00 -1.00 -1.00 -1.00
ASP A0062 -1.00 -1.00 -1.00 -1.00 -1.00
LYS A0063  1.00  1.00  1.00  1.00  1.00
ASP A0074 -1.00 -1.00 -1.00 -1.00 -1.00
ARG A0075  1.00  1.00  1.00  1.00  1.00
TYR A0076  0.00  0.00  0.00 -0.00 -0.00
CYS A0078 -0.00 -0.00 -0.00 -0.00 -0.00
LYS A0079  1.00  1.00  1.00  1.00  1.00
LYS A0080  1.00  1.00  1.00  1.00  1.00
LYS A0084  1.00  1.00  1.00  1.00  1.00
LYS A0085  1.00  1.00  1.00  1.00  1.00
LYS A0089  1.00  1.00  1.00  1.00  1.00
CYS A0094  0.00  0.00  0.00  0.00  0.00
LYS A0100  1.00  1.00  1.00  1.00  1.00
ARG A0102  1.00  1.00  1.00  1.00  1.00
LYS A0105  1.00  1.00  1.00  1.00  1.00
LYS A0111  0.80  0.80  0.80  0.80  0.80
TYR A0114 -0.01 -0.01 -0.01 -0.01 -0.01
ASP A0118 -1.00 -1.00 -1.00 -1.00 -1.00
GLU A0124 -1.00 -1.00 -1.00 -1.00 -1.00
GLU A0129 -1.00 -1.00 -1.00 -1.00 -1.00
LYS A0130  1.00  1.00  1.00  1.00  1.00
ASP A0131 -1.00 -1.00 -1.00 -1.00 -1.00
GLU A0134 -1.00 -1.00 -1.00 -1.00 -1.00
LYS A0137  1.00  1.00  1.00  1.00  1.00
ASP A0139 -1.00 -1.00 -1.00 -1.00 -1.00
GLU A0141 -1.00 -1.00 -1.00 -1.00 -1.00
ASP A0147 -1.00 -1.00 -1.00 -1.00 -1.00
CYS A0153  0.00  0.00  0.00  0.00  0.00
LYS A0157  1.00  1.00  1.00  1.00  1.00
GLU A0160 -1.00 -1.00 -1.00 -1.00 -1.00
ASP A0161 -1.00 -1.00 -1.00 -1.00 -1.00
TYR A0167 -0.02 -0.02 -0.02 -0.02 -0.02
GLU A0168 -1.00 -1.00 -1.00 -1.00 -1.00
CYS A0175  0.00  0.00  0.00  0.00  0.00
LYS A0176  1.00  1.00  1.00  1.00  1.00
CYS A0192  0.00  0.00  0.00  0.00  0.00
GLU A0201 -1.00 -1.00 -1.00 -1.00 -1.00
ASP A0203 -0.99 -0.99 -0.99 -0.99 -0.99
CYS A0207  0.00  0.00  0.00  0.00  0.00
ARG A0208  0.00  0.00  0.00  0.00  0.00
CYS A0212  0.00  0.00  0.00  0.00  0.00
TYR A0213  0.00  0.00  0.00 -0.00 -0.00
GLU A0215 -1.00 -1.00 -1.00 -1.00 -1.00
ASP A0216 -1.00 -1.00 -1.00 -1.00 -1.00
ARG A0229  1.00  1.00  1.00  1.00  1.00
LYS A0232  1.00  1.00  1.00  1.00  1.00
ASP A0233 -1.00 -1.00 -1.00 -1.00 -1.00
GLU A0237 -0.99 -0.99 -0.99 -0.99 -0.99
TYR A0242  0.00  0.00  0.00 -0.00 -0.00
ASP A0243 -0.97 -0.97 -0.97 -0.97 -0.97
GLU A0245 -0.99 -0.99 -0.99 -0.99 -0.99
GLU B0002 -1.00 -1.00 -1.00 -1.00 -1.00
LYS B0003  1.00  1.00  1.00  1.00  1.00
ASP B0004 -1.00 -1.00 -1.00 -1.00 -1.00
CYS B0007 -0.25 -0.25 -0.25 -0.25 -0.25
ARG B0008  0.96  0.96  0.96  0.96  0.96
ASP B0010 -1.00 -1.00 -1.00 -1.00 -1.00
TYR B0013  0.00 -0.00 -0.00 -0.00  0.00
GLU B0014 -0.99 -0.99 -0.99 -0.99 -0.99
CYS B0015 -0.06 -0.06 -0.06 -0.06 -0.06
GLU B0018 -1.00 -1.00 -1.00 -1.00 -1.00
GLU B0021 -0.97 -0.97 -0.97 -0.97 -0.97
TYR B0024 -0.00 -0.00 -0.00 -0.00 -0.00
LYS B0026  0.00  0.00  0.00  0.00  0.00
LYS B0029  0.00  0.00  0.00  0.00  0.00
ARG B0031  1.00  1.00  1.00  1.00  1.00
ASP B0032 -0.98 -0.98 -0.98 -0.98 -0.98
LYS B0034  1.00  1.00  1.00  1.00  1.00
ARG B0038  1.00  1.00  1.00  1.00  1.00
LYS B0043  0.76  0.76  0.76  0.76  0.76
ARG B0044  1.00  1.00  1.00  1.00  1.00
ARG B0046  0.00  0.00  0.00  0.00  0.00
GLU B0051 -1.00 -1.00 -1.00 -1.00 -1.00
GLU B0052 -0.99 -0.99 -0.99 -0.99 -0.99
ARG B0060  1.00  1.00  1.00  1.00  1.00
GLU B0061 -0.99 -0.99 -0.99 -0.99 -0.99
ARG B0066  1.00  1.00  1.00  1.00  1.00
HIS B0067  0.00  0.00  0.00  0.00  0.00
GLU B0069 -1.00 -1.00 -1.00 -1.00 -1.00
GLU B0072 -1.00 -1.00 -1.00 -1.00 -1.00
HIS B0073  0.00  0.00  0.00  0.00  0.00
ARG B0078  1.00  1.00  1.00  1.00  1.00
ASP B0081 -1.00 -1.00 -1.00 -1.00 -1.00
CYS B0083 -0.00 -0.00 -0.00 -0.00 -0.00
ARG B0087  1.00  1.00  1.00  1.00  1.00
ASP B0089 -1.00 -1.00 -1.00 -1.00 -1.00
ARG B0090  1.00  1.00  1.00  1.00  1.00
GLU B0091 -0.93 -0.93 -0.93 -0.93 -0.93
LYS B0093  0.00  0.00  0.00  0.00  0.00
GLU B0099 -1.00 -1.00 -1.00 -1.00 -1.00
HIS B0100  0.03  0.03  0.03  0.03  0.03
ASP B0102 -1.00 -1.00 -1.00 -1.00 -1.00
ASP B0104 -1.00 -1.00 -1.00 -1.00 -1.00
TYR B0108  0.00  0.00  0.00  0.00  0.00
ASP B0110 -1.00 -1.00 -1.00 -1.00 -1.00
LYS B0111  1.00  1.00  1.00  1.00  1.00
GLU B0114 -1.00 -1.00 -1.00 -1.00 -1.00
GLU B0120 -0.99 -0.99 -0.99 -0.99 -0.99
LYS B0123  1.00  1.00  1.00  1.00  1.00
ASP B0124 -1.00 -1.00 -1.00 -1.00 -1.00
ARG B0131  1.00  1.00  1.00  1.00  1.00
ASP B0134 -1.00 -1.00 -1.00 -1.00 -1.00
HIS B0137  0.65  0.65  0.65  0.65  0.65
HIS B0139  0.00  0.00  0.00  0.00  0.00
ARG B0140  1.00  1.00  1.00  1.00  1.00
HIS B0143  0.00  0.00  0.00  0.00  0.00
ARG B0144  1.00  1.00  1.00  1.00  1.00
ASP B0145 -1.00 -1.00 -1.00 -1.00 -1.00
LYS B0147  1.00  1.00  1.00  1.00  1.00
LYS B0160  1.00  1.00  1.00  1.00  1.00
ASP B0163 -0.92 -0.92 -0.92 -0.92 -0.92
ARG B0168  0.03  0.03  0.03  0.03  0.03
TYR B0170  0.00  0.00  0.00  0.00  0.00
TYR B0185  0.00  0.00  0.00  0.00  0.00
ARG B0186  1.00  1.00  1.00  1.00  1.00
GLU B0189 -1.00 -1.00 -1.00 -1.00 -1.00
TYR B0196  0.00  0.00  0.00  0.00  0.00
ASP B0201 -0.69 -0.69 -0.68 -0.69 -0.69
CYS B0207  0.00  0.00  0.00  0.00  0.00
GLU B0211 -0.99 -0.99 -0.99 -0.99 -0.99
ARG B0214  1.00  1.00  1.00  1.00  1.00
ARG B0215  1.00  1.00  1.00  1.00  1.00
LYS B0216  1.00  1.00  1.00  1.00  1.00
ARG B0220  1.00  1.00  1.00  1.00  1.00
ASP B0224 -1.00 -1.00 -1.00 -1.00 -1.00
ASP B0226 -1.00 -1.00 -1.00 -1.00 -1.00
LYS B0230  1.00  1.00  1.00  1.00  1.00
ASP B0233 -0.98 -0.98 -0.98 -0.98 -0.98
GLU B0240 -1.00 -1.00 -1.00 -1.00 -1.00
GLU B0241 -1.00 -1.00 -1.00 -1.00 -1.00
ASP B0242 -1.00 -1.00 -1.00 -1.00 -1.00
ARG B0245  0.00  0.00  0.00  0.00  0.00
ASP B0246 -0.00 -0.00 -0.00 -0.00 -0.00
ARG B0251  0.00  0.00  0.00  0.00  0.00
HIS B0255  0.00  0.00  0.00  0.00  0.00
LYS B0257  0.01  0.01  0.01  0.01  0.01
GLU B0263 -1.00 -1.00 -1.00 -1.00 -1.00
LYS B0264  1.00  1.00  1.00  1.00  1.00
ASP B0268 -1.00 -1.00 -1.00 -1.00 -1.00
ASP B0270 -1.00 -1.00 -1.00 -1.00 -1.00
GLU B0271 -1.00 -1.00 -1.00 -1.00 -1.00
LYS B0274  1.00  1.00  1.00  1.00  1.00
ASP B0275 -1.00 -1.00 -1.00 -1.00 -1.00
LYS B0279  1.00  1.00  1.00  1.00  1.00
CYS B0280  0.00  0.00  0.00  0.00  0.00
LYS B0287  1.00  1.00  1.00  1.00  1.00
ARG B0288  1.00  1.00  1.00  1.00  1.00
TYR B0292 -0.01 -0.01 -0.01 -0.01 -0.01
HIS B0297  0.00  0.00  0.00  0.00  0.00
TYR B0299  0.00  0.00  0.00  0.00  0.00
ASP B0302 -1.00 -1.00 -1.00 -1.00 -1.00
GLU B0304 -1.00 -1.00 -1.00 -1.00 -1.00
ARG B0305  1.00  1.00  1.00  1.00  1.00

Tot Protn -14.0 -14.0 -14.0 -14.0 -14.0
Tot Elec    0.0   0.0   0.0   0.0   0.0
Net crg   -13.9 -13.9 -13.9 -13.9 -13.9
