iConf CONFORMER     FL  occ    crg   Em0  pKa0 ne nH    vdw0    vdw1    tors    epol   dsolv   extra    history
00001 MET01A0001_001 f 0.00  0.000     0  0.00  0  0  -6.345  -1.860   0.928   0.033   0.043   0.000 01O000M000t
00002 ALA01A0002_001 f 0.00  0.000     0  0.00  0  0  -3.448  -0.513   0.000   0.000   0.000   0.000 01O000M000t
00003 LEU01A0003_001 f 0.00  0.000     0  0.00  0  0   2.009  -3.297   1.093   0.000   0.000   0.000 01O000M000t
00004 GLU01A0005_001 f 0.00  0.000     0  0.00  0  0  -3.199   0.823   3.935   0.156   0.114   0.000 01O000M000t
00005 GLU01A0005_002 f 0.00  0.000     0  0.00  0  0  -3.199   0.823   1.215   0.104   0.639   0.000 01O000M000t
00006 GLU02A0005_003 f 0.00  0.000     0  0.00  0  0  -3.008   0.828   3.935   0.142  -0.119   0.000 02O000M000t
00007 GLU02A0005_004 f 0.00  0.000     0  0.00  0  0  -3.008   0.828   1.215   0.077   0.740   0.000 02O000M000t
00008 GLU-1A0005_005 f 0.00 -1.000     0  4.75  0 -1  -3.067   0.849   1.215  -0.266   0.482   0.000 -1O000M000t
00009 LEU01A0006_001 f 0.00  0.000     0  0.00  0  0   1.706  -0.070   0.797   0.000   0.000   0.000 01O000M000t
00010 LYS01A0007_001 f 0.00  0.000     0  0.00  0  0  -4.864  -2.976   2.614  -0.106   0.353   0.000 01O000M000t
00011 LYS+1A0007_002 f 0.00  1.000     0 10.40  0  1  -4.928  -2.987   2.614   0.106   1.862   0.000 +1O000M000t
00012 ASP01A0008_001 f 0.00  0.000     0  0.00  0  0  -1.098  -0.455   4.400   0.749   0.312   0.000 01O000M000t
00013 ASP01A0008_002 f 0.00  0.000     0  0.00  0  0  -1.098  -0.455   1.680   0.468   0.847   0.000 01O000M000t
00014 ASP02A0008_003 f 0.00  0.000     0  0.00  0  0  -0.906  -0.905   4.400   0.822   1.088   0.000 02O000M000t
00015 ASP02A0008_004 f 0.00  0.000     0  0.00  0  0  -0.906  -0.905   1.680   0.443   0.971   0.000 02O000M000t
00016 ASP-1A0008_005 f 0.00 -1.000     0  4.75  0 -1  -1.083  -0.846   1.680  -0.442   2.253   0.000 -1O000M000t
00017 ASP01A0009_001 f 0.00  0.000     0  0.00  0  0  -3.157   0.983   5.365   0.652  -0.479   0.000 01O000M000t
00018 ASP01A0009_002 f 0.00  0.000     0  0.00  0  0  -3.157   0.983   2.645   0.332   0.326   0.000 01O000M000t
00019 ASP02A0009_003 f 0.00  0.000     0  0.00  0  0  -2.997   0.559   5.365   0.458  -0.634   0.000 02O000M000t
00020 ASP02A0009_004 f 0.00  0.000     0  0.00  0  0  -2.997   0.559   2.645   0.331   0.457   0.000 02O000M000t
00021 ASP-1A0009_005 f 0.00 -1.000     0  4.75  0 -1  -3.066   0.596   2.645  -0.300   0.034   0.000 -1O000M000t
00022 ASP01A0010_001 f 0.00  0.000     0  0.00  0  0  -1.067  -1.410   2.869   0.733   0.773   0.000 01O000M000t
00023 ASP01A0010_002 f 0.00  0.000     0  0.00  0  0  -1.067  -1.410   0.149   0.289   1.163   0.000 01O000M000t
00024 ASP02A0010_003 f 0.00  0.000     0  0.00  0  0  -0.921  -1.947   2.869   0.586  -0.112   0.000 02O000M000t
00025 ASP02A0010_004 f 0.00  0.000     0  0.00  0  0  -0.921  -1.947   0.149   0.315   1.164   0.000 02O000M000t
00026 ASP-1A0010_005 f 0.00 -1.000     0  4.75  0 -1  -1.026  -1.859   0.149  -1.154   3.555   0.000 -1O000M000t
00027 PHE01A0011_001 f 0.00  0.000     0  0.00  0  0   5.111  -6.048   0.196   0.000   0.000   0.000 01O000M000t
00028 GLU01A0012_001 f 0.00  0.000     0  0.00  0  0   5.041  -2.043   6.053   0.180   0.941   0.000 01O000M000t
00029 GLU01A0012_002 f 0.00  0.000     0  0.00  0  0   5.041  -2.043   3.333   0.094   0.621   0.000 01O000M000t
00030 GLU02A0012_003 f 0.00  0.000     0  0.00  0  0   3.550  -2.006   6.053   0.178  -0.272   0.000 02O000M000t
00031 GLU02A0012_004 f 0.00  0.000     0  0.00  0  0   3.550  -2.006   3.333   0.112   0.743   0.000 02O000M000t
00032 GLU-1A0012_005 f 0.00 -1.000     0  4.75  0 -1   3.473  -1.956   3.333   0.204   1.348   0.000 -1O000M000t
00033 LYS01A0013_001 f 0.00  0.000     0  0.00  0  0  -6.412  -2.053   0.848  -0.019  -0.079   0.000 01O000M000t
00034 LYS+1A0013_002 f 0.00  1.000     0 10.40  0  1  -6.457  -2.055   0.848   0.151   0.529   0.000 +1O000M000t
00035 ILE01A0014_001 f 0.00  0.000     0  0.00  0  0  -1.949  -0.341   0.427   0.000   0.000   0.000 01O000M000t
00036 SER01A0015_001 f 0.00  0.000     0  0.00  0  0  -2.425   0.736   0.381  -0.013   1.307   0.000 01O000M000t
00037 SER01A0015_002 f 0.00  0.000     0  0.00  0  0  -2.425   0.736   0.381   0.067   1.484   0.000 01O000M000t
00038 GLU01A0016_001 f 0.00  0.000     0  0.00  0  0  -1.873  -3.259   3.498   0.391   0.111   0.000 01O000M000t
00039 GLU01A0016_002 f 0.00  0.000     0  0.00  0  0  -1.873  -3.259   0.778   0.177   0.619   0.000 01O000M000t
00040 GLU02A0016_003 f 0.00  0.000     0  0.00  0  0  -2.144  -3.275   3.498   0.370  -0.178   0.000 02O000M000t
00041 GLU02A0016_004 f 0.00  0.000     0  0.00  0  0  -2.144  -3.275   0.778   0.199   0.758   0.000 02O000M000t
00042 GLU-1A0016_005 f 0.00 -1.000     0  4.75  0 -1  -2.182  -3.227   0.778  -0.504   0.363   0.000 -1O000M000t
00043 LEU01A0017_001 f 0.00  0.000     0  0.00  0  0  -0.672  -0.765   0.571   0.000   0.000   0.000 01O000M000t
00044 ALA01A0019_001 f 0.00  0.000     0  0.00  0  0  -3.380  -0.869   0.000   0.000   0.000   0.000 01O000M000t
00045 ASN01A0021_001 f 0.00  0.000     0  0.00  0  0  -1.599  -0.360   1.099   0.004   0.361   0.000 01O000M000t
00046 ASN01A0021_002 f 0.00  0.000     0  0.00  0  0  -1.442  -0.565   1.050   0.347   0.122   0.000 01R001M000t
00047 VAL01A0024_001 f 0.00  0.000     0  0.00  0  0  -0.823  -2.415   0.001   0.000   0.000   0.000 01O000M000t
00048 VAL01A0025_001 f 0.00  0.000     0  0.00  0  0  -0.751   0.161   0.358   0.000   0.000   0.000 01O000M000t
00049 PHE01A0026_001 f 0.00  0.000     0  0.00  0  0   2.984  -6.937   0.017   0.000   0.000   0.000 01O000M000t
00050 LYS01A0027_001 f 0.00  0.000     0  0.00  0  0  -1.774  -3.505   1.264  -0.060   0.237   0.000 01O000M000t
00051 LYS+1A0027_002 f 0.00  1.000     0 10.40  0  1  -1.824  -3.510   1.264   0.245   0.935   0.000 +1O000M000t
00052 VAL01A0028_001 f 0.00  0.000     0  0.00  0  0   0.301  -1.454   0.000   0.000   0.000   0.000 01O000M000t
00053 SER01A0029_001 f 0.00  0.000     0  0.00  0  0  -1.379  -1.972   0.676   0.421   1.269   0.000 01O000M000t
00054 HIS01A0030_001 f 0.00  0.000     0  0.00  0  0  -0.116  -5.629   0.048  -0.735   3.374   0.000 01O000M000t
00055 HIS02A0030_002 f 0.00  0.000     0  0.00  0  0  -0.138  -5.692   0.048   0.495   2.798   0.000 02O000M000t
00056 HIS+1A0030_003 f 0.00  1.000     0  6.98  0  1  -0.165  -5.720   0.048   3.402   7.587   0.000 +1O000M000t
00057 LYS01A0031_001 f 0.00  0.000     0  0.00  0  0   6.746  50.162   1.403  -0.608   0.529   0.000 01O000M000t
00058 LYS+1A0031_002 f 0.00  1.000     0 10.40  0  1   6.704  50.349   1.403  -3.248   3.050   0.000 +1O000M000t
00059 PRO01A0032_001 f 0.00  0.000     0  0.00  0  0  -2.715  -1.580   0.000   0.000   0.000   0.000 01O000M000t
00060 SER01A0033_001 f 0.00  0.000     0  0.00  0  0  -1.335  -1.686   0.749   0.190   1.840   0.000 01O000M000t
00061 SER01A0033_002 f 0.00  0.000     0  0.00  0  0  -1.335  -1.686   0.374  -1.264   1.674   0.000 01O000M000t
00062 LEU01A0035_001 f 0.00  0.000     0  0.00  0  0  -0.816  -3.077   0.805   0.000   0.000   0.000 01O000M000t
00063 VAL01A0036_001 f 0.00  0.000     0  0.00  0  0  -3.853   0.704   0.025   0.000   0.000   0.000 01O000M000t
00064 MET01A0037_001 f 0.00  0.000     0  0.00  0  0   0.615  -6.177   0.131  -0.048   0.099   0.000 01O000M000t
00065 ALA01A0038_001 f 0.00  0.000     0  0.00  0  0  -0.119  -2.019   0.000   0.000   0.000   0.000 01O000M000t
00066 ARG01A0039_001 f 0.00  0.000     0  0.00  0  0   1.874  -5.632   1.169  -0.162   2.838   0.000 01O000M000t
00067 ARG02A0039_002 f 0.00  0.000     0  0.00  0  0   1.900  -5.636   1.169  -0.057   3.272   0.000 02O000M000t
00068 ARG03A0039_003 f 0.00  0.000     0  0.00  0  0   1.834  -5.612   1.169   0.050   3.359   0.000 03O000M000t
00069 ARG03A0039_004 f 0.00  0.000     0  0.00  0  0   1.839  -5.631   1.169   0.031   3.220   0.000 03O000M000t
00070 ARG+1A0039_005 f 0.00  1.000     0 12.50  0  1   1.796  -5.653   1.169   1.086   6.193   0.000 +1O000M000t
00071 LYS01A0040_001 f 0.00  0.000     0  0.00  0  0   5.900  -4.625   2.654  -0.070   0.678   0.000 01O000M000t
00072 LYS+1A0040_002 f 0.00  1.000     0 10.40  0  1   5.846  -4.637   2.654   1.747   6.298   0.000 +1O000M000t
00073 LEU01A0041_001 f 0.00  0.000     0  0.00  0  0   8.537  -4.056   0.349   0.000   0.000   0.000 01O000M000t
00074 ILE01A0042_001 f 0.00  0.000     0  0.00  0  0   3.298  -0.532   2.543   0.000   0.000   0.000 01O000M000t
00075 HIS01A0043_001 f 0.00  0.000     0  0.00  0  0  -6.113   4.861   1.481  -1.105   1.461   0.000 01O000M000t
00076 HIS02A0043_002 f 0.00  0.000     0  0.00  0  0  -6.126   5.020   1.481   2.648   1.810   0.000 02O000M000t
00077 HIS+1A0043_003 f 0.00  1.000     0  6.98  0  1  -6.153   5.014   1.481   3.884   2.581   0.000 +1O000M000t
00078 LEU01A0044_001 f 0.00  0.000     0  0.00  0  0   0.872  11.125   0.666   0.000   0.000   0.000 01O000M000t
00079 GLU01A0045_001 f 0.00  0.000     0  0.00  0  0  -2.849  12.275   4.197   0.346  -0.137   0.000 01O000M000t
00080 GLU01A0045_002 f 0.00  0.000     0  0.00  0  0  -2.849  12.275   1.477  -0.112   0.549   0.000 01O000M000t
00081 GLU02A0045_003 f 0.00  0.000     0  0.00  0  0  -2.843   9.989   4.197  -0.482  -0.459   0.000 02O000M000t
00082 GLU02A0045_004 f 0.00  0.000     0  0.00  0  0  -2.843   9.989   1.477  -0.293   0.694   0.000 02O000M000t
00083 GLU-1A0045_005 f 0.00 -1.000     0  4.75  0 -1  -2.922   9.995   1.477   0.005   0.401   0.000 -1O000M000t
00084 ILE01A0046_001 f 0.00  0.000     0  0.00  0  0   0.255   1.595   0.871   0.000   0.000   0.000 01O000M000t
00085 LYS01A0047_001 f 0.00  0.000     0  0.00  0  0  -8.826  -1.665   1.224  -0.040   0.102   0.000 01O000M000t
00086 LYS+1A0047_002 f 0.00  1.000     0 10.40  0  1  -8.872  -1.667   1.224   0.333  -0.375   0.000 +1O000M000t
00087 PRO01A0048_001 f 0.00  0.000     0  0.00  0  0  -5.670   1.269   0.000   0.000   0.000   0.000 01O000M000t
00088 ALA01A0049_001 f 0.00  0.000     0  0.00  0  0  -3.313   0.006   0.000   0.000   0.000   0.000 01O000M000t
00089 ILE01A0050_001 f 0.00  0.000     0  0.00  0  0  -1.959  -0.500   0.449   0.000   0.000   0.000 01O000M000t
00090 ARG01A0051_001 f 0.00  0.000     0  0.00  0  0   1.448  11.463   3.750   0.559   1.818   0.000 01O000M000t
00091 ARG02A0051_002 f 0.00  0.000     0  0.00  0  0   1.435  11.547   3.750   0.661   2.867   0.000 02O000M000t
00092 ARG02A0051_003 f 0.00  0.000     0  0.00  0  0   1.535   9.225   3.750  -0.275   2.587   0.000 02O000M000t
00093 ARG03A0051_004 f 0.00  0.000     0  0.00  0  0   1.423  11.458   3.750   0.749   2.786   0.000 03O000M000t
00094 ARG03A0051_005 f 0.00  0.000     0  0.00  0  0   1.427  11.459   3.750   0.621   2.382   0.000 03O000M000t
00095 ARG+1A0051_006 f 0.00  1.000     0 12.50  0  1   1.384  11.447   3.750   2.331   3.871   0.000 +1O000M000t
00096 ASN01A0052_001 f 0.00  0.000     0  0.00  0  0  -2.346  -1.027   1.726  -0.005   0.301   0.000 01O000M000t
00097 ASN01A0052_002 f 0.00  0.000     0  0.00  0  0  -2.464   0.258   1.724   0.423   0.207   0.000 01R001M000t
00098 GLN01A0053_001 f 0.00  0.000     0  0.00  0  0  -1.714  -0.980   3.608   0.286   1.100   0.000 01O000M000t
00099 GLN01A0053_002 f 0.00  0.000     0  0.00  0  0  -1.745  -0.900   3.619  -0.094   0.920   0.000 01R001M000t
00100 ILE01A0054_001 f 0.00  0.000     0  0.00  0  0   2.931  -3.724   0.832   0.000   0.000   0.000 01O000M000t
00101 ILE01A0055_001 f 0.00  0.000     0  0.00  0  0   0.955  88.318   1.229   0.000   0.000   0.000 01O000M000t
00102 ARG01A0056_001 f 0.00  0.000     0  0.00  0  0  -7.980  -2.667   1.956  -0.082   0.831   0.000 01O000M000t
00103 ARG02A0056_002 f 0.00  0.000     0  0.00  0  0  -8.020  -2.708   1.956   0.109   1.600   0.000 02O000M000t
00104 ARG03A0056_003 f 0.00  0.000     0  0.00  0  0  -8.027  -2.707   1.956   0.113   1.587   0.000 03O000M000t
00105 ARG+1A0056_004 f 0.00  1.000     0 12.50  0  1  -8.066  -2.709   1.956   0.620   1.512   0.000 +1O000M000t
00106 GLU01A0057_001 f 0.00  0.000     0  0.00  0  0  -0.236  -5.024   4.233   0.844   1.735   0.000 01O000M000t
00107 GLU01A0057_002 f 0.00  0.000     0  0.00  0  0  -0.236  -5.024   1.513   1.776   2.011   0.000 01O000M000t
00108 GLU02A0057_003 f 0.00  0.000     0  0.00  0  0  -0.540  -5.524   4.233  -2.847   1.068   0.000 02O000M000t
00109 GLU02A0057_004 f 0.00  0.000     0  0.00  0  0  -0.540  -5.524   1.513  -2.495   1.996   0.000 02O000M000t
00110 GLU-1A0057_005 f 0.00 -1.000     0  4.75  0 -1  -0.484  -5.444   1.513  -6.001   6.275   0.000 -1O000M000t
00111 LEU01A0058_001 f 0.00  0.000     0  0.00  0  0   1.304  -2.276   0.988   0.000   0.000   0.000 01O000M000t
00112 GLN01A0059_001 f 0.00  0.000     0  0.00  0  0  -0.924  -3.029   1.039  -1.680   1.589   0.000 01O000M000t
00113 GLN01A0059_002 f 0.00  0.000     0  0.00  0  0  -0.850  -3.334   1.048   1.072   1.441   0.000 01R001M000t
00114 VAL01A0060_001 f 0.00  0.000     0  0.00  0  0  -2.841   1.265   0.190   0.000   0.000   0.000 01O000M000t
00115 LEU01A0061_001 f 0.00  0.000     0  0.00  0  0   1.297  -3.619   0.525   0.000   0.000   0.000 01O000M000t
00116 HIS01A0062_001 f 0.00  0.000     0  0.00  0  0  -2.218  -5.945   0.546  -0.020   1.915   0.000 01O000M000t
00117 HIS01A0062_002 f 0.00  0.000     0  0.00  0  0  -1.877  -2.685   0.546   0.291   1.439   0.000 01R001M000t
00118 HIS02A0062_003 f 0.00  0.000     0  0.00  0  0  -2.241  -5.896   0.546   0.125   1.700   0.000 02O000M000t
00119 HIS02A0062_004 f 0.00  0.000     0  0.00  0  0  -1.888  -2.713   0.546  -0.276   1.663   0.000 02R001M000t
00120 HIS+1A0062_005 f 0.00  1.000     0  6.98  0  1  -2.268  -6.021   0.546   0.486   1.684   0.000 +1O000M000t
00121 HIS+1A0062_006 f 0.00  1.000     0  6.98  0  1  -1.914  -2.747   0.546   0.711   1.883   0.000 +1R001M000t
00122 GLU01A0063_001 f 0.00  0.000     0  0.00  0  0  -1.061  -1.056   4.674   0.052  -0.168   0.000 01O000M000t
00123 GLU01A0063_002 f 0.00  0.000     0  0.00  0  0  -1.061  -1.056   1.954   0.043   0.636   0.000 01O000M000t
00124 GLU02A0063_003 f 0.00  0.000     0  0.00  0  0  -1.283  -1.070   4.674   0.170  -0.165   0.000 02O000M000t
00125 GLU02A0063_004 f 0.00  0.000     0  0.00  0  0  -1.283  -1.070   1.954   0.096   0.627   0.000 02O000M000t
00126 GLU-1A0063_005 f 0.00 -1.000     0  4.75  0 -1  -1.309  -1.015   1.954  -0.006   0.996   0.000 -1O000M000t
00127 CYS01A0064_001 f 0.00  0.000     0  0.00  0  0  -0.002  -2.341   0.246   0.053   0.972   0.000 01O000M000t
00128 CYS01A0064_002 f 0.00  0.000     0  0.00  0  0  -0.002  -2.412   0.246  -0.442   0.972   0.000 01O000M000t
00129 CYS01A0064_003 f 0.00  0.000     0  0.00  0  0  -0.003  -2.327   0.246  -0.081   0.977   0.000 01O000M000t
00130 CYS-1A0064_004 f 0.00 -1.000     0  9.10  0 -1   0.000  -2.299   0.246  -3.217  11.707   0.000 -1O000M000t
00131 ASN01A0065_001 f 0.00  0.000     0  0.00  0  0  -3.160  -0.064   0.532   0.572   0.103   0.000 01O000M000t
00132 ASN01A0065_002 f 0.00  0.000     0  0.00  0  0  -3.314  -1.121   0.535   0.022  -0.269   0.000 01R001M000t
00133 SER01A0066_001 f 0.00  0.000     0  0.00  0  0   0.000   1.517   1.214   4.044   1.753   0.000 01O000M000t
00134 SER01A0066_002 f 0.00  0.000     0  0.00  0  0   0.000   1.517   0.839  -2.044   1.806   0.000 01O000M000t
00135 PRO01A0067_001 f 0.00  0.000     0  0.00  0  0  -5.030   1.817   0.000   0.000   0.000   0.000 01O000M000t
00136 TYR01A0068_001 f 0.00  0.000     0  0.00  0  0  -0.104  -6.948   0.351   0.090   0.774   0.000 01O000M000t
00137 TYR-1A0068_002 f 0.00 -1.000     0 10.20  0 -1  -0.104  -6.948   0.351  -0.826   2.432   0.000 -1O000M000t
00138 ILE01A0069_001 f 0.00  0.000     0  0.00  0  0   1.448   8.193   0.346   0.000   0.000   0.000 01O000M000t
00139 VAL01A0070_001 f 0.00  0.000     0  0.00  0  0   0.717  16.969   0.291   0.000   0.000   0.000 01O000M000t
00140 PHE01A0072_001 f 0.00  0.000     0  0.00  0  0   2.897  -7.488   0.434   0.000   0.000   0.000 01O000M000t
00141 TYR01A0073_001 f 0.00  0.000     0  0.00  0  0   0.418  -5.400   0.078   0.268   0.729   0.000 01O000M000t
00142 TYR-1A0073_002 f 0.00 -1.000     0 10.20  0 -1   0.418  -5.400   0.078  -0.577   2.763   0.000 -1O000M000t
00143 ALA01A0075_001 f 0.00  0.000     0  0.00  0  0   0.000  -1.535   0.000   0.000   0.000   0.000 01O000M000t
00144 PHE01A0076_001 f 0.00  0.000     0  0.00  0  0   2.977  -7.967   0.039   0.000   0.000   0.000 01O000M000t
00145 TYR01A0077_001 f 0.00  0.000     0  0.00  0  0   0.516  48.618   0.091  -0.671   1.112   0.000 01O000M000t
00146 TYR-1A0077_002 f 0.00 -1.000     0 10.20  0 -1   0.516  48.618   0.091  -4.063   4.185   0.000 -1O000M000t
00147 SER01A0078_001 f 0.00  0.000     0  0.00  0  0  -0.865   1.046   2.479  -0.574   0.578   0.000 01O000M000t
00148 SER01A0078_002 f 0.00  0.000     0  0.00  0  0  -0.865   1.046   2.104  -0.435   1.455   0.000 01O000M000t
00149 ASP01A0079_001 f 0.00  0.000     0  0.00  0  0  -3.508   0.556   4.754  -0.531  -0.912   0.000 01O000M000t
00150 ASP01A0079_002 f 0.00  0.000     0  0.00  0  0  -3.508   0.556   2.034   0.281   0.375   0.000 01O000M000t
00151 ASP02A0079_003 f 0.00  0.000     0  0.00  0  0  -3.397   0.326   4.754   0.437  -0.510   0.000 02O000M000t
00152 ASP02A0079_004 f 0.00  0.000     0  0.00  0  0  -3.397   0.326   2.034   0.323   0.641   0.000 02O000M000t
00153 ASP-1A0079_005 f 0.00 -1.000     0  4.75  0 -1  -3.435   0.351   2.034  -0.143  -0.020   0.000 -1O000M000t
00154 GLU01A0081_001 f 0.00  0.000     0  0.00  0  0  -0.073  -5.087   4.198  -0.169   0.274   0.000 01O000M000t
00155 GLU01A0081_002 f 0.00  0.000     0  0.00  0  0  -0.073  -5.087   1.478  -0.024   1.524   0.000 01O000M000t
00156 GLU02A0081_003 f 0.00  0.000     0  0.00  0  0  -0.243  -5.098   4.198   0.493   1.439   0.000 02O000M000t
00157 GLU02A0081_004 f 0.00  0.000     0  0.00  0  0  -0.243  -5.098   1.478   0.090   1.363   0.000 02O000M000t
00158 GLU-1A0081_005 f 0.00 -1.000     0  4.75  0 -1  -0.293  -5.028   1.478  -0.331   3.777   0.000 -1O000M000t
00159 ILE01A0082_001 f 0.00  0.000     0  0.00  0  0   1.352   1.970   1.420   0.000   0.000   0.000 01O000M000t
00160 SER01A0083_001 f 0.00  0.000     0  0.00  0  0  -0.060  -1.934   2.907   0.189   1.695   0.000 01O000M000t
00161 SER01A0083_002 f 0.00  0.000     0  0.00  0  0  -0.060  -1.934   2.907  -0.679   1.150   0.000 01O000M000t
00162 SER01A0083_003 f 0.00  0.000     0  0.00  0  0  -0.060  -1.934   2.532  -0.277   1.523   0.000 01O000M000t
00163 ILE01A0084_001 f 0.00  0.000     0  0.00  0  0   5.534  -1.766   0.456   0.000   0.000   0.000 01O000M000t
00164 CYS01A0085_001 f 0.00  0.000     0  0.00  0  0  -0.002   0.681   0.105  -0.072   0.991   0.000 01O000M000t
00165 CYS01A0085_002 f 0.00  0.000     0  0.00  0  0  -0.002   0.638   0.105  -0.056   0.992   0.000 01O000M000t
00166 CYS01A0085_003 f 0.00  0.000     0  0.00  0  0  -0.002   0.702   0.105  -0.006   0.993   0.000 01O000M000t
00167 CYS-1A0085_004 f 0.00 -1.000     0  9.10  0 -1   0.000   0.730   0.105  -3.365  14.326   0.000 -1O000M000t
00168 MET01A0086_001 f 0.00  0.000     0  0.00  0  0   0.146  -5.596   1.563  -0.014   0.083   0.000 01O000M000t
00169 GLU01A0087_001 f 0.00  0.000     0  0.00  0  0   1.160  -4.205   3.433   1.967   1.634   0.000 01O000M000t
00170 GLU01A0087_002 f 0.00  0.000     0  0.00  0  0   1.160  -4.205   0.713  -0.350   1.698   0.000 01O000M000t
00171 GLU02A0087_003 f 0.00  0.000     0  0.00  0  0   0.677  -4.218   3.433  -0.623   0.420   0.000 02O000M000t
00172 GLU02A0087_004 f 0.00  0.000     0  0.00  0  0   0.677  -4.218   0.713  -0.551   1.797   0.000 02O000M000t
00173 GLU-1A0087_005 f 0.00 -1.000     0  4.75  0 -1   0.696  -4.167   0.713  -2.086   4.835   0.000 -1O000M000t
00174 HIS01A0088_001 f 0.00  0.000     0  0.00  0  0  -0.991  -6.655   0.011   0.275   1.662   0.000 01O000M000t
00175 HIS01A0088_002 f 0.00  0.000     0  0.00  0  0  -1.129  -6.596   0.011  -0.153   2.084   0.000 01R001M000t
00176 HIS02A0088_003 f 0.00  0.000     0  0.00  0  0  -1.013  -6.674   0.011   0.178   1.602   0.000 02O000M000t
00177 HIS02A0088_004 f 0.00  0.000     0  0.00  0  0  -1.139  -6.624   0.011   0.139   2.346   0.000 02R001M000t
00178 HIS+1A0088_005 f 0.00  1.000     0  6.98  0  1  -1.040  -6.698   0.011   2.065   2.192   0.000 +1O000M000t
00179 HIS+1A0088_006 f 0.00  1.000     0  6.98  0  1  -1.165  -6.659   0.011   2.161   3.120   0.000 +1R001M000t
00180 MET01A0089_001 f 0.00  0.000     0  0.00  0  0   0.451  -5.573   1.713   0.001   0.092   0.000 01O000M000t
00181 ASP01A0090_001 f 0.00  0.000     0  0.00  0  0  -1.429  12.469   2.762   2.245   1.223   0.000 01O000M000t
00182 ASP01A0090_002 f 0.00  0.000     0  0.00  0  0  -1.429  12.469   0.042   1.210   1.713   0.000 01O000M000t
00183 ASP02A0090_003 f 0.00  0.000     0  0.00  0  0  -1.389   8.386   2.762  -3.406   0.768   0.000 02O000M000t
00184 ASP02A0090_004 f 0.00  0.000     0  0.00  0  0  -1.389   8.386   0.042  -2.751   1.982   0.000 02O000M000t
00185 ASP-1A0090_005 f 0.00 -1.000     0  4.75  0 -1  -1.428   8.459   0.042  -7.488   5.120   0.000 -1O000M000t
00186 SER01A0093_001 f 0.00  0.000     0  0.00  0  0  -0.108  -3.177   0.380  -0.578   1.381   0.000 01O000M000t
00187 SER01A0093_002 f 0.00  0.000     0  0.00  0  0  -0.108  -3.177   0.005  -1.549   1.104   0.000 01O000M000t
00188 LEU01A0094_001 f 0.00  0.000     0  0.00  0  0   2.520  -0.381   0.431   0.000   0.000   0.000 01O000M000t
00189 ASP01A0095_001 f 0.00  0.000     0  0.00  0  0  -1.075  -3.616   3.500   1.240   1.090   0.000 01O000M000t
00190 ASP01A0095_002 f 0.00  0.000     0  0.00  0  0  -1.075  -3.616   0.780   0.465   1.140   0.000 01O000M000t
00191 ASP02A0095_003 f 0.00  0.000     0  0.00  0  0  -0.950  -3.707   3.500   0.916   0.523   0.000 02O000M000t
00192 ASP02A0095_004 f 0.00  0.000     0  0.00  0  0  -0.950  -3.707   0.780   0.486   1.525   0.000 02O000M000t
00193 ASP-1A0095_005 f 0.00 -1.000     0  4.75  0 -1  -1.067  -3.651   0.780  -1.537   3.272   0.000 -1O000M000t
00194 GLN01A0096_001 f 0.00  0.000     0  0.00  0  0  -1.957  -4.508   1.421  -0.638   0.510   0.000 01O000M000t
00195 GLN01A0096_002 f 0.00  0.000     0  0.00  0  0  -1.702  -4.460   1.420   0.974   0.153   0.000 01R001M000t
00196 VAL01A0097_001 f 0.00  0.000     0  0.00  0  0   0.879   3.106   0.002   0.000   0.000   0.000 01O000M000t
00197 LEU01A0098_001 f 0.00  0.000     0  0.00  0  0   1.077  -6.863   0.558   0.000   0.000   0.000 01O000M000t
00198 LYS01A0099_001 f 0.00  0.000     0  0.00  0  0  -5.811  -0.074   4.574   0.123   0.141   0.000 01O000M000t
00199 LYS+1A0099_002 f 0.00  1.000     0 10.40  0  1  -5.852  -0.085   4.574   0.210   1.278   0.000 +1O000M000t
00200 LYS01A0100_001 f 0.00  0.000     0  0.00  0  0  -2.134  -3.689   1.765   0.045   0.092   0.000 01O000M000t
00201 LYS+1A0100_002 f 0.00  1.000     0 10.40  0  1  -2.174  -3.712   1.765  -0.679   0.562   0.000 +1O000M000t
00202 ALA01A0101_001 f 0.00  0.000     0  0.00  0  0  -0.052  -2.176   0.000   0.000   0.000   0.000 01O000M000t
00203 ARG01A0103_001 f 0.00  0.000     0  0.00  0  0  -7.348  -3.207   0.872   0.050   0.161   0.000 01O000M000t
00204 ARG02A0103_002 f 0.00  0.000     0  0.00  0  0  -7.328  -3.223   0.872  -0.077   0.708   0.000 02O000M000t
00205 ARG03A0103_003 f 0.00  0.000     0  0.00  0  0  -7.393  -3.229   0.872  -0.077   1.165   0.000 03O000M000t
00206 ARG+1A0103_004 f 0.00  1.000     0 12.50  0  1  -7.432  -3.231   0.872  -0.525   0.348   0.000 +1O000M000t
00207 ILE01A0104_001 f 0.00  0.000     0  0.00  0  0   1.532  -4.219   0.521   0.000   0.000   0.000 01O000M000t
00208 PRO01A0105_001 f 0.00  0.000     0  0.00  0  0  -2.568   0.976   0.000   0.000   0.000   0.000 01O000M000t
00209 GLU01A0106_001 f 0.00  0.000     0  0.00  0  0   1.426   0.910   6.954  -1.142   1.190   0.000 01O000M000t
00210 GLU01A0106_002 f 0.00  0.000     0  0.00  0  0   1.426   0.910   4.234   1.636   2.811   0.000 01O000M000t
00211 GLU02A0106_003 f 0.00  0.000     0  0.00  0  0   1.127   0.604   6.954  -1.155   2.074   0.000 02O000M000t
00212 GLU02A0106_004 f 0.00  0.000     0  0.00  0  0   1.127   0.604   4.234   0.267   2.576   0.000 02O000M000t
00213 GLU-1A0106_005 f 0.00 -1.000     0  4.75  0 -1   1.034   0.695   4.234  -4.704   8.438   0.000 -1O000M000t
00214 GLN01A0107_001 f 0.00  0.000     0  0.00  0  0   2.121  -2.355   1.246   0.392   0.416   0.000 01O000M000t
00215 GLN01A0107_002 f 0.00  0.000     0  0.00  0  0   0.399  -2.672   1.244  -0.515   0.239   0.000 01R001M000t
00216 ILE01A0108_001 f 0.00  0.000     0  0.00  0  0   3.371  -0.687   1.093   0.000   0.000   0.000 01O000M000t
00217 LEU01A0109_001 f 0.00  0.000     0  0.00  0  0   1.427  -7.165   0.448   0.000   0.000   0.000 01O000M000t
00218 LYS01A0111_001 f 0.00  0.000     0  0.00  0  0  -1.905  -2.772   0.812  -1.060   0.765   0.000 01O000M000t
00219 LYS+1A0111_002 f 0.00  1.000     0 10.40  0  1  -1.950  -2.733   0.812  -4.925   5.498   0.000 +1O000M000t
00220 VAL01A0112_001 f 0.00  0.000     0  0.00  0  0   0.588  -1.004   0.402   0.000   0.000   0.000 01O000M000t
00221 SER01A0113_001 f 0.00  0.000     0  0.00  0  0   0.000  -1.003   0.540   0.249   1.918   0.000 01O000M000t
00222 SER01A0113_002 f 0.00  0.000     0  0.00  0  0   0.000  -1.003   0.540  -1.687   1.985   0.000 01O000M000t
00223 ILE01A0114_001 f 0.00  0.000     0  0.00  0  0   5.267  -0.030   0.461   0.000   0.000   0.000 01O000M000t
00224 ALA01A0115_001 f 0.00  0.000     0  0.00  0  0  -0.258  -1.904   0.000   0.000   0.000   0.000 01O000M000t
00225 VAL01A0116_001 f 0.00  0.000     0  0.00  0  0   0.802  -1.006   0.013   0.000   0.000   0.000 01O000M000t
00226 ILE01A0117_001 f 0.00  0.000     0  0.00  0  0   1.115  42.428   0.389   0.000   0.000   0.000 01O000M000t
00227 LYS01A0118_001 f 0.00  0.000     0  0.00  0  0  -1.696  -3.652   1.226   0.022   0.434   0.000 01O000M000t
00228 LYS+1A0118_002 f 0.00  1.000     0 10.40  0  1  -1.746  -3.658   1.226  -0.151   1.974   0.000 +1O000M000t
00229 LEU01A0120_001 f 0.00  0.000     0  0.00  0  0   2.217  -3.924   0.417   0.000   0.000   0.000 01O000M000t
00230 THR01A0121_001 f 0.00  0.000     0  0.00  0  0  -2.098   0.387   0.570   0.315   0.743   0.000 01O000M000t
00231 THR01A0121_002 f 0.00  0.000     0  0.00  0  0  -2.098   0.387   0.570  -1.574   1.654   0.000 01O000M000t
00232 THR01A0121_003 f 0.00  0.000     0  0.00  0  0  -2.098   0.387   0.195  -0.445   0.815   0.000 01O000M000t
00233 TYR01A0122_001 f 0.00  0.000     0  0.00  0  0   1.819  -6.123   0.028  -1.416   1.586   0.000 01O000M000t
00234 TYR01A0122_002 f 0.00  0.000     0  0.00  0  0   1.819  -6.123   0.028   0.896   2.116   0.000 01O000M000t
00235 TYR-1A0122_003 f 0.00 -1.000     0 10.20  0 -1   1.819  -6.123   0.028  -3.944   6.717   0.000 -1O000M000t
00236 LEU01A0123_001 f 0.00  0.000     0  0.00  0  0   1.212  -5.178   0.959   0.000   0.000   0.000 01O000M000t
00237 ARG01A0124_001 f 0.00  0.000     0  0.00  0  0  -0.802  -3.137   1.929  -0.122   1.152   0.000 01O000M000t
00238 ARG02A0124_002 f 0.00  0.000     0  0.00  0  0  -0.801  -3.148   1.929   0.047   1.767   0.000 02O000M000t
00239 ARG03A0124_003 f 0.00  0.000     0  0.00  0  0  -0.863  -3.152   1.929   0.062   1.873   0.000 03O000M000t
00240 ARG+1A0124_004 f 0.00  1.000     0 12.50  0  1  -0.903  -3.156   1.929   1.182   1.857   0.000 +1O000M000t
00241 GLU01A0125_001 f 0.00  0.000     0  0.00  0  0  -1.396  -2.660   3.156  -0.024   0.268   0.000 01O000M000t
00242 GLU01A0125_002 f 0.00  0.000     0  0.00  0  0  -1.396  -2.660   0.436  -0.008   0.679   0.000 01O000M000t
00243 GLU02A0125_003 f 0.00  0.000     0  0.00  0  0  -1.628  -2.630   3.156   0.070  -0.348   0.000 02O000M000t
00244 GLU02A0125_004 f 0.00  0.000     0  0.00  0  0  -1.628  -2.630   0.436   0.023   0.804   0.000 02O000M000t
00245 GLU-1A0125_005 f 0.00 -1.000     0  4.75  0 -1  -1.573  -2.604   0.436  -0.264   0.798   0.000 -1O000M000t
00246 LYS01A0126_001 f 0.00  0.000     0  0.00  0  0  -6.042   0.125   2.437  -0.064   0.190   0.000 01O000M000t
00247 LYS+1A0126_002 f 0.00  1.000     0 10.40  0  1  -6.119   0.120   2.437   0.100   0.535   0.000 +1O000M000t
00248 HIS01A0127_001 f 0.00  0.000     0  0.00  0  0  -0.724  -3.643   0.001   0.501   2.331   0.000 01O000M000t
00249 HIS02A0127_002 f 0.00  0.000     0  0.00  0  0  -0.744  -3.593   0.001   0.337   2.294   0.000 02O000M000t
00250 HIS+1A0127_003 f 0.00  1.000     0  6.98  0  1  -0.770  -3.679   0.001   1.498   4.724   0.000 +1O000M000t
00251 LYS01A0128_001 f 0.00  0.000     0  0.00  0  0  -7.978   1.753   4.020   0.010   0.116   0.000 01O000M000t
00252 LYS+1A0128_002 f 0.00  1.000     0 10.40  0  1  -8.042   1.749   4.020  -0.083  -0.169   0.000 +1O000M000t
00253 ILE01A0129_001 f 0.00  0.000     0  0.00  0  0   1.419   2.162   0.689   0.000   0.000   0.000 01O000M000t
00254 MET01A0130_001 f 0.00  0.000     0  0.00  0  0  -0.381  -0.358   7.431   0.204   0.062   0.000 01O000M000t
00255 HIS01A0131_001 f 0.00  0.000     0  0.00  0  0  -0.205  -3.894   0.176  -3.151   3.679   0.000 01O000M000t
00256 HIS02A0131_002 f 0.00  0.000     0  0.00  0  0  -0.221  -3.899   0.176   4.110   3.502   0.000 02O000M000t
00257 HIS+1A0131_003 f 0.00  1.000     0  6.98  0  1  -0.247  -3.982   0.176   5.413  10.454   0.000 +1O000M000t
00258 ARG01A0132_001 f 0.00  0.000     0  0.00  0  0   0.195  -2.286   1.243  -0.051   1.249   0.000 01O000M000t
00259 ARG02A0132_002 f 0.00  0.000     0  0.00  0  0   0.158  -2.292   1.243  -0.129   2.283   0.000 02O000M000t
00260 ARG03A0132_003 f 0.00  0.000     0  0.00  0  0   0.150  -2.293   1.243  -0.157   2.289   0.000 03O000M000t
00261 ARG+1A0132_004 f 0.00  1.000     0 12.50  0  1   0.110  -2.299   1.243   0.210   1.709   0.000 +1O000M000t
00262 ASP01A0133_001 f 0.00  0.000     0  0.00  0  0   0.067  -0.623   3.561   0.455   1.458   0.000 01O000M000t
00263 ASP01A0133_002 f 0.00  0.000     0  0.00  0  0   0.067  -0.623   0.841   0.278   2.618   0.000 01O000M000t
00264 ASP02A0133_003 f 0.00  0.000     0  0.00  0  0   0.085  -0.903   3.561  -0.437   2.084   0.000 02O000M000t
00265 ASP02A0133_004 f 0.00  0.000     0  0.00  0  0   0.085  -0.903   0.841   0.104   2.501   0.000 02O000M000t
00266 ASP-1A0133_005 f 0.00 -1.000     0  4.75  0 -1   0.059  -0.837   0.841  -0.418   9.523   0.000 -1O000M000t
00267 VAL01A0134_001 f 0.00  0.000     0  0.00  0  0   0.622  -2.507   0.014   0.000   0.000   0.000 01O000M000t
00268 LYS01A0135_001 f 0.00  0.000     0  0.00  0  0   0.303  -2.676   2.476  -0.086   1.008   0.000 01O000M000t
00269 LYS+1A0135_002 f 0.00  1.000     0 10.40  0  1   0.258  -2.691   2.476   1.287   6.824   0.000 +1O000M000t
00270 PRO01A0136_001 f 0.00  0.000     0  0.00  0  0   0.058  -3.694   0.000   0.000   0.000   0.000 01O000M000t
00271 SER01A0137_001 f 0.00  0.000     0  0.00  0  0  -2.146  -0.654   0.486   0.331   0.503   0.000 01O000M000t
00272 SER01A0137_002 f 0.00  0.000     0  0.00  0  0  -2.146  -0.654   0.111  -1.258   0.332   0.000 01O000M000t
00273 ASN01A0138_001 f 0.00  0.000     0  0.00  0  0   0.028   0.327   0.362  -2.032   1.911   0.000 01O000M000t
00274 ASN01A0138_002 f 0.00  0.000     0  0.00  0  0  -0.252  -0.122   0.368   1.778   2.538   0.000 01R001M000t
00275 ILE01A0139_001 f 0.00  0.000     0  0.00  0  0   3.639  -3.594   0.597   0.000   0.000   0.000 01O000M000t
00276 LEU01A0140_001 f 0.00  0.000     0  0.00  0  0   0.056  -4.369   0.509   0.000   0.000   0.000 01O000M000t
00277 VAL01A0141_001 f 0.00  0.000     0  0.00  0  0   1.028   9.124   0.004   0.000   0.000   0.000 01O000M000t
00278 ASN01A0142_001 f 0.00  0.000     0  0.00  0  0  -0.158  -1.255   0.255  -2.155   2.645   0.000 01O000M000t
00279 SER01A0143_001 f 0.00  0.000     0  0.00  0  0  -1.933   0.817   0.375   0.810   0.706   0.000 01O000M000t
00280 SER01A0143_002 f 0.00  0.000     0  0.00  0  0  -1.933   0.817   0.375  -0.285   0.738   0.000 01O000M000t
00281 SER01A0143_003 f 0.00  0.000     0  0.00  0  0  -1.933   0.817   0.000  -1.502   0.168   0.000 01O000M000t
00282 ARG01A0144_001 f 0.00  0.000     0  0.00  0  0  -7.230   0.158   1.605  -0.104   0.607   0.000 01O000M000t
00283 ARG02A0144_002 f 0.00  0.000     0  0.00  0  0  -7.300   0.146   1.605   0.059   1.664   0.000 02O000M000t
00284 ARG03A0144_003 f 0.00  0.000     0  0.00  0  0  -7.305   0.147   1.605   0.075   1.592   0.000 03O000M000t
00285 ARG03A0144_004 f 0.00  0.000     0  0.00  0  0  -7.299   0.149   1.605   0.010   1.238   0.000 03O000M000t
00286 ARG+1A0144_005 f 0.00  1.000     0 12.50  0  1  -7.343   0.146   1.605   0.570   1.508   0.000 +1O000M000t
00287 GLU01A0146_001 f 0.00  0.000     0  0.00  0  0  -0.275  -2.346   3.977   1.049   1.655   0.000 01O000M000t
00288 GLU01A0146_002 f 0.00  0.000     0  0.00  0  0  -0.275  -2.346   1.257   0.079   1.618   0.000 01O000M000t
00289 GLU02A0146_003 f 0.00  0.000     0  0.00  0  0  -0.536  -2.333   3.977  -0.249   0.398   0.000 02O000M000t
00290 GLU02A0146_004 f 0.00  0.000     0  0.00  0  0  -0.536  -2.333   1.257  -0.197   1.695   0.000 02O000M000t
00291 GLU-1A0146_005 f 0.00 -1.000     0  4.75  0 -1  -0.526  -2.297   1.257  -1.021   4.225   0.000 -1O000M000t
00292 ILE01A0147_001 f 0.00  0.000     0  0.00  0  0   0.733  -0.543   0.843   0.000   0.000   0.000 01O000M000t
00293 LYS01A0148_001 f 0.00  0.000     0  0.00  0  0   0.787  -8.444   2.755  -0.114   0.532   0.000 01O000M000t
00294 LYS+1A0148_002 f 0.00  1.000     0 10.40  0  1   0.738  -8.484   2.755   0.094   4.460   0.000 +1O000M000t
00295 LEU01A0149_001 f 0.00  0.000     0  0.00  0  0   2.330  -7.137   0.528   0.000   0.000   0.000 01O000M000t
00296 CYS01A0150_001 f 0.00  0.000     0  0.00  0  0  -0.145  -0.390   0.046  -0.105   0.902   0.000 01O000M000t
00297 CYS01A0150_002 f 0.00  0.000     0  0.00  0  0  -0.145  -0.327   0.046  -0.480   0.762   0.000 01O000M000t
00298 CYS01A0150_003 f 0.00  0.000     0  0.00  0  0  -0.145  -0.217   0.046  -0.739   0.462   0.000 01O000M000t
00299 CYS-1A0150_004 f 0.00 -1.000     0  9.10  0 -1  -0.143  -0.174   0.046  -4.771   8.053   0.000 -1O000M000t
00300 ASP01A0151_001 f 0.00  0.000     0  0.00  0  0  -0.254   5.496   2.792   1.734   1.888   0.000 01O000M000t
00301 ASP01A0151_002 f 0.00  0.000     0  0.00  0  0  -0.254   5.496   0.072  -0.093   1.537   0.000 01O000M000t
00302 ASP02A0151_003 f 0.00  0.000     0  0.00  0  0  -0.162   5.005   2.792  -0.624   1.644   0.000 02O000M000t
00303 ASP02A0151_004 f 0.00  0.000     0  0.00  0  0  -0.162   5.005   0.072  -0.442   1.667   0.000 02O000M000t
00304 ASP-1A0151_005 f 0.00 -1.000     0  4.75  0 -1  -0.254   5.059   0.072  -2.479   6.787   0.000 -1O000M000t
00305 PHE01A0152_001 f 0.00  0.000     0  0.00  0  0   4.749  -6.436   0.749   0.000   0.000   0.000 01O000M000t
00306 VAL01A0154_001 f 0.00  0.000     0  0.00  0  0   0.475   0.656   2.796   0.000   0.000   0.000 01O000M000t
00307 SER01A0155_001 f 0.00  0.000     0  0.00  0  0   0.000  -3.165   0.632   2.116   1.960   0.000 01O000M000t
00308 SER01A0155_002 f 0.00  0.000     0  0.00  0  0   0.000  -3.165   0.632  -1.060   1.947   0.000 01O000M000t
00309 SER01A0155_003 f 0.00  0.000     0  0.00  0  0   0.000  -3.165   0.257  -1.214   1.964   0.000 01O000M000t
00310 GLN01A0157_001 f 0.00  0.000     0  0.00  0  0  -0.824  -3.176   0.921   0.280   0.825   0.000 01O000M000t
00311 GLN01A0157_002 f 0.00  0.000     0  0.00  0  0  -0.679  -3.073   0.940   0.337   0.448   0.000 01R001M000t
00312 LEU01A0158_001 f 0.00  0.000     0  0.00  0  0   2.266   2.962   2.980   0.000   0.000   0.000 01O000M000t
00313 ILE01A0159_001 f 0.00  0.000     0  0.00  0  0  -0.325  -3.288   0.883   0.000   0.000   0.000 01O000M000t
00314 ASP01A0160_001 f 0.00  0.000     0  0.00  0  0  -2.171   4.323   4.198   0.875   0.341   0.000 01O000M000t
00315 ASP01A0160_002 f 0.00  0.000     0  0.00  0  0  -2.171   4.323   1.478   0.197   0.315   0.000 01O000M000t
00316 ASP02A0160_003 f 0.00  0.000     0  0.00  0  0  -2.323   2.771   4.198   0.323  -0.051   0.000 02O000M000t
00317 ASP02A0160_004 f 0.00  0.000     0  0.00  0  0  -2.323   2.771   1.478   0.202   0.802   0.000 02O000M000t
00318 ASP-1A0160_005 f 0.00 -1.000     0  4.75  0 -1  -2.266   2.834   1.478  -0.567   0.747   0.000 -1O000M000t
00319 GLU01A0161_001 f 0.00  0.000     0  0.00  0  0  -0.416  -3.039   5.628   0.231   0.550   0.000 01O000M000t
00320 GLU01A0161_002 f 0.00  0.000     0  0.00  0  0  -0.416  -3.039   2.908   0.129   1.281   0.000 01O000M000t
00321 GLU02A0161_003 f 0.00  0.000     0  0.00  0  0  -0.391  -3.214   5.628   0.529   1.621   0.000 02O000M000t
00322 GLU02A0161_004 f 0.00  0.000     0  0.00  0  0  -0.391  -3.214   2.908   0.188   1.017   0.000 02O000M000t
00323 GLU-1A0161_005 f 0.00 -1.000     0  4.75  0 -1  -0.423  -3.145   2.908  -0.717   3.111   0.000 -1O000M000t
00324 MET01A0162_001 f 0.00  0.000     0  0.00  0  0  -0.024   1.381   4.356  -0.050   0.096   0.000 01O000M000t
00325 ALA01A0163_001 f 0.00  0.000     0  0.00  0  0  -1.835  -1.899   0.000   0.000   0.000   0.000 01O000M000t
00326 ASN01A0164_001 f 0.00  0.000     0  0.00  0  0  -2.566  -2.790   1.462   0.336   0.142   0.000 01O000M000t
00327 ASN01A0164_002 f 0.00  0.000     0  0.00  0  0  -2.688  -2.534   1.434   0.022   0.071   0.000 01R001M000t
00328 GLU01A0165_001 f 0.00  0.000     0  0.00  0  0  -2.966  -2.973   3.923  -0.491   0.028   0.000 01O000M000t
00329 GLU01A0165_002 f 0.00  0.000     0  0.00  0  0  -2.966  -2.973   1.203   0.166   0.723   0.000 01O000M000t
00330 GLU02A0165_003 f 0.00  0.000     0  0.00  0  0  -2.954  -3.086   3.923   0.174  -0.576   0.000 02O000M000t
00331 GLU02A0165_004 f 0.00  0.000     0  0.00  0  0  -2.954  -3.086   1.203   0.194   0.662   0.000 02O000M000t
00332 GLU-1A0165_005 f 0.00 -1.000     0  4.75  0 -1  -2.948  -3.052   1.203   0.415   0.126   0.000 -1O000M000t
00333 PHE01A0166_001 f 0.00  0.000     0  0.00  0  0   0.728  -5.479   1.330   0.000   0.000   0.000 01O000M000t
00334 VAL01A0167_001 f 0.00  0.000     0  0.00  0  0  -3.335   3.253   1.500   0.000   0.000   0.000 01O000M000t
00335 THR01A0169_001 f 0.00  0.000     0  0.00  0  0  -1.042   4.917   3.119  -0.002   1.397   0.000 01O000M000t
00336 THR01A0169_002 f 0.00  0.000     0  0.00  0  0  -1.042   4.917   3.119  -0.183   1.000   0.000 01O000M000t
00337 THR01A0169_003 f 0.00  0.000     0  0.00  0  0  -1.042   4.917   2.744  -0.453   1.745   0.000 01O000M000t
00338 ARG01A0170_001 f 0.00  0.000     0  0.00  0  0   0.539   5.222   4.310  -1.263   2.189   0.000 01O000M000t
00339 ARG02A0170_002 f 0.00  0.000     0  0.00  0  0   0.522   5.283   4.310  -1.001   3.215   0.000 02O000M000t
00340 ARG02A0170_003 f 0.00  0.000     0  0.00  0  0   0.628   4.735   4.310   0.636   2.986   0.000 02O000M000t
00341 ARG03A0170_004 f 0.00  0.000     0  0.00  0  0   0.510   5.221   4.310  -1.219   2.886   0.000 03O000M000t
00342 ARG+1A0170_005 f 0.00  1.000     0 12.50  0  1   0.469   5.213   4.310  -1.889   2.978   0.000 +1O000M000t
00343 SER01A0171_001 f 0.00  0.000     0  0.00  0  0  -1.476  -1.213   0.381   0.157   0.516   0.000 01O000M000t
00344 SER01A0171_002 f 0.00  0.000     0  0.00  0  0  -1.476  -1.213   0.381   0.051   1.032   0.000 01O000M000t
00345 TYR01A0172_001 f 0.00  0.000     0  0.00  0  0   3.502  -7.568   1.496   0.100   1.878   0.000 01O000M000t
00346 TYR01A0172_002 f 0.00  0.000     0  0.00  0  0   3.502  -7.568   1.496   0.328   2.308   0.000 01O000M000t
00347 TYR-1A0172_003 f 0.00 -1.000     0 10.20  0 -1   3.502  -7.568   1.496  -1.087   9.938   0.000 -1O000M000t
00348 MET01A0173_001 f 0.00  0.000     0  0.00  0  0  -0.421   0.751   3.526   0.097   0.076   0.000 01O000M000t
00349 SER01A0174_001 f 0.00  0.000     0  0.00  0  0   0.000  -2.871   0.402  -0.735   1.801   0.000 01O000M000t
00350 SER01A0174_002 f 0.00  0.000     0  0.00  0  0   0.000  -2.871   0.401   1.933   1.933   0.000 01O000M000t
00351 SER01A0174_003 f 0.00  0.000     0  0.00  0  0   0.000  -2.871   0.026  -0.911   1.930   0.000 01O000M000t
00352 PRO01A0175_001 f 0.00  0.000     0  0.00  0  0   0.294  -2.771   0.000   0.000   0.000   0.000 01O000M000t
00353 GLU01A0176_001 f 0.00  0.000     0  0.00  0  0   1.964  -2.986   4.667   1.974   2.824   0.000 01O000M000t
00354 GLU01A0176_002 f 0.00  0.000     0  0.00  0  0   1.964  -2.986   1.947  -0.953   3.065   0.000 01O000M000t
00355 GLU02A0176_003 f 0.00  0.000     0  0.00  0  0   1.595  -3.259   4.667   0.210   2.758   0.000 02O000M000t
00356 GLU02A0176_004 f 0.00  0.000     0  0.00  0  0   1.595  -3.259   1.947  -0.529   3.044   0.000 02O000M000t
00357 GLU-1A0176_005 f 0.00 -1.000     0  4.75  0 -1   1.527  -3.125   1.947  -6.938  13.633   0.000 -1O000M000t
00358 ARG01A0177_001 f 0.00  0.000     0  0.00  0  0  -0.903  -2.706   0.960   0.531   1.110   0.000 01O000M000t
00359 ARG02A0177_002 f 0.00  0.000     0  0.00  0  0  -0.884  -2.641   0.960   0.099   1.958   0.000 02O000M000t
00360 ARG03A0177_003 f 0.00  0.000     0  0.00  0  0  -0.945  -2.716   0.960   0.516   1.792   0.000 03O000M000t
00361 ARG+1A0177_004 f 0.00  1.000     0 12.50  0  1  -0.988  -2.723   0.960   0.850   2.516   0.000 +1O000M000t
00362 LEU01A0178_001 f 0.00  0.000     0  0.00  0  0   1.135  -6.812   0.639   0.000   0.000   0.000 01O000M000t
00363 GLN01A0179_001 f 0.00  0.000     0  0.00  0  0  -1.935  -2.954   1.918  -0.349   0.755   0.000 01O000M000t
00364 GLN01A0179_002 f 0.00  0.000     0  0.00  0  0  -2.007  -2.854   1.953   0.138   0.197   0.000 01R001M000t
00365 THR01A0181_001 f 0.00  0.000     0  0.00  0  0  -3.675   3.799   0.375  -0.285   0.183   0.000 01O000M000t
00366 HIS01A0182_001 f 0.00  0.000     0  0.00  0  0 -10.102  -1.005   0.171   0.433   0.281   0.000 01O000M000t
00367 HIS01A0182_002 f 0.00  0.000     0  0.00  0  0 -10.347  -1.275   0.171   0.509   0.438   0.000 01R001M000t
00368 HIS02A0182_003 f 0.00  0.000     0  0.00  0  0 -10.122  -1.007   0.171   0.408   0.076   0.000 02O000M000t
00369 HIS02A0182_004 f 0.00  0.000     0  0.00  0  0 -10.356  -1.376   0.171   0.210   0.588   0.000 02R001M000t
00370 HIS+1A0182_005 f 0.00  1.000     0  6.98  0  1 -10.149  -1.015   0.171   0.634  -0.214   0.000 +1O000M000t
00371 HIS+1A0182_006 f 0.00  1.000     0  6.98  0  1 -10.383  -1.379   0.171   0.550   0.084   0.000 +1R001M000t
00372 TYR01A0183_001 f 0.00  0.000     0  0.00  0  0   2.069  -3.835   2.014  -1.427   1.809   0.000 01O000M000t
00373 TYR01A0183_002 f 0.00  0.000     0  0.00  0  0   2.069  -3.835   2.014   1.115   2.104   0.000 01O000M000t
00374 TYR-1A0183_003 f 0.00 -1.000     0 10.20  0 -1   2.069  -3.835   2.014  -5.329   8.431   0.000 -1O000M000t
00375 SER01A0184_001 f 0.00  0.000     0  0.00  0  0  -0.644   4.562   0.625  -0.773   1.551   0.000 01O000M000t
00376 SER01A0184_002 f 0.00  0.000     0  0.00  0  0  -0.644   4.562   0.625   3.323   1.891   0.000 01O000M000t
00377 SER01A0184_003 f 0.00  0.000     0  0.00  0  0  -0.644   4.562   0.250  -1.263   1.897   0.000 01O000M000t
00378 VAL01A0185_001 f 0.00  0.000     0  0.00  0  0  -1.963   7.923   0.289   0.000   0.000   0.000 01O000M000t
00379 GLN01A0186_001 f 0.00  0.000     0  0.00  0  0  -0.304  -5.396   0.510  -0.549   1.908   0.000 01O000M000t
00380 GLN01A0186_002 f 0.00  0.000     0  0.00  0  0  -0.586  -5.430   0.527   0.906   1.175   0.000 01R001M000t
00381 SER01A0187_001 f 0.00  0.000     0  0.00  0  0   0.000  -2.578   1.416  -0.249   1.778   0.000 01O000M000t
00382 SER01A0187_002 f 0.00  0.000     0  0.00  0  0   0.000  -2.578   1.415   0.312   1.681   0.000 01O000M000t
00383 SER01A0187_003 f 0.00  0.000     0  0.00  0  0   0.000  -2.578   1.040  -0.730   1.636   0.000 01O000M000t
00384 ASP01A0188_001 f 0.00  0.000     0  0.00  0  0   0.112  -2.286   3.081  -0.807   2.230   0.000 01O000M000t
00385 ASP01A0188_002 f 0.00  0.000     0  0.00  0  0   0.112  -2.286   0.361   3.696   2.436   0.000 01O000M000t
00386 ASP02A0188_003 f 0.00  0.000     0  0.00  0  0   0.191  -2.481   3.081  -2.837   1.760   0.000 02O000M000t
00387 ASP02A0188_004 f 0.00  0.000     0  0.00  0  0   0.191  -2.481   0.361   1.177   2.927   0.000 02O000M000t
00388 ASP-1A0188_005 f 0.00 -1.000     0  4.75  0 -1   0.108  -2.889   0.361 -11.638  11.603   0.000 -1O000M000t
00389 ILE01A0189_001 f 0.00  0.000     0  0.00  0  0   1.673  -1.074   1.191   0.000   0.000   0.000 01O000M000t
00390 TRP01A0190_001 f 0.00  0.000     0  0.00  0  0   2.758 -12.139   0.085   0.000   0.000   0.000 01O000M000t
00391 SER01A0191_001 f 0.00  0.000     0  0.00  0  0  -0.060  -2.398   0.379  -2.639   1.567   0.000 01O000M000t
00392 SER01A0191_002 f 0.00  0.000     0  0.00  0  0  -0.060  -2.398   0.004   0.567   0.538   0.000 01O000M000t
00393 MET01A0192_001 f 0.00  0.000     0  0.00  0  0   0.607  -4.402   0.032   0.026   0.095   0.000 01O000M000t
00394 LEU01A0194_001 f 0.00  0.000     0  0.00  0  0   2.578  -4.529   0.706   0.000   0.000   0.000 01O000M000t
00395 SER01A0195_001 f 0.00  0.000     0  0.00  0  0   0.000   0.044   1.321  -0.146   1.936   0.000 01O000M000t
00396 SER01A0195_002 f 0.00  0.000     0  0.00  0  0   0.000   0.044   1.321  -2.781   1.965   0.000 01O000M000t
00397 SER01A0195_003 f 0.00  0.000     0  0.00  0  0   0.000   0.044   0.946   0.723   1.887   0.000 01O000M000t
00398 LEU01A0196_001 f 0.00  0.000     0  0.00  0  0   1.531  -5.698   0.533   0.000   0.000   0.000 01O000M000t
00399 VAL01A0197_001 f 0.00  0.000     0  0.00  0  0   0.403  21.801   0.007   0.000   0.000   0.000 01O000M000t
00400 GLU01A0198_001 f 0.00  0.000     0  0.00  0  0   0.563  -3.759   4.247   0.511   1.757   0.000 01O000M000t
00401 GLU01A0198_002 f 0.00  0.000     0  0.00  0  0   0.563  -3.759   1.527   0.143   1.142   0.000 01O000M000t
00402 GLU02A0198_003 f 0.00  0.000     0  0.00  0  0   0.245  -3.746   4.247   0.120   1.287   0.000 02O000M000t
00403 GLU02A0198_004 f 0.00  0.000     0  0.00  0  0   0.245  -3.746   1.527   0.039   1.392   0.000 02O000M000t
00404 GLU-1A0198_005 f 0.00 -1.000     0  4.75  0 -1   0.226  -3.675   1.527  -1.664   4.554   0.000 -1O000M000t
00405 MET01A0199_001 f 0.00  0.000     0  0.00  0  0  -0.193  -5.467   0.583  -0.059   0.098   0.000 01O000M000t
00406 ALA01A0200_001 f 0.00  0.000     0  0.00  0  0   0.000  -1.126   0.000   0.000   0.000   0.000 01O000M000t
00407 VAL01A0201_001 f 0.00  0.000     0  0.00  0  0  -0.440  -2.212   0.079   0.000   0.000   0.000 01O000M000t
00408 ARG01A0203_001 f 0.00  0.000     0  0.00  0  0  -7.443  -4.902   0.922   0.071   1.196   0.000 01O000M000t
00409 ARG02A0203_002 f 0.00  0.000     0  0.00  0  0  -7.478  -4.885   0.922   0.141   2.251   0.000 02O000M000t
00410 ARG03A0203_003 f 0.00  0.000     0  0.00  0  0  -7.478  -4.854   0.922   0.106   2.272   0.000 03O000M000t
00411 ARG+1A0203_004 f 0.00  1.000     0 12.50  0  1  -7.521  -4.923   0.922  -0.662   1.015   0.000 +1O000M000t
00412 TYR01A0204_001 f 0.00  0.000     0  0.00  0  0   1.463  -1.331   0.003  -1.579   2.037   0.000 01O000M000t
00413 TYR01A0204_002 f 0.00  0.000     0  0.00  0  0   1.463  -1.331   0.003   0.553   2.073   0.000 01O000M000t
00414 TYR-1A0204_003 f 0.00 -1.000     0 10.20  0 -1   1.463  -1.331   0.003   2.128   8.112   0.000 -1O000M000t
00415 PRO01A0205_001 f 0.00  0.000     0  0.00  0  0   0.066   0.978   0.000   0.000   0.000   0.000 01O000M000t
00416 ARG01A0206_001 f 0.00  0.000     0  0.00  0  0   1.227   2.016   2.934  -1.002   3.447   0.000 01O000M000t
00417 ARG02A0206_002 f 0.00  0.000     0  0.00  0  0   1.184   1.314   2.934   0.263   4.442   0.000 02O000M000t
00418 ARG03A0206_003 f 0.00  0.000     0  0.00  0  0   1.184   2.028   2.934  -1.016   4.361   0.000 03O000M000t
00419 ARG+1A0206_004 f 0.00  1.000     0 12.50  0  1   1.141   1.998   2.934  -4.224   7.686   0.000 +1O000M000t
00420 PRO01A0207_001 f 0.00  0.000     0  0.00  0  0  -3.700  -1.320   0.000   0.000   0.000   0.000 01O000M000t
00421 PRO01A0208_001 f 0.00  0.000     0  0.00  0  0  -6.779   1.531   0.000   0.000   0.000   0.000 01O000M000t
00422 MET01A0209_001 f 0.00  0.000     0  0.00  0  0   0.503  -4.910   0.445   0.001   0.076   0.000 01O000M000t
00423 ALA01A0210_001 f 0.00  0.000     0  0.00  0  0  -2.334  -0.626   0.000   0.000   0.000   0.000 01O000M000t
00424 ILE01A0211_001 f 0.00  0.000     0  0.00  0  0  -3.966   2.747   0.569   0.000   0.000   0.000 01O000M000t
00425 PHE01A0212_001 f 0.00  0.000     0  0.00  0  0  -8.130   0.496   1.931   0.000   0.000   0.000 01O000M000t
00426 GLU01A0213_001 f 0.00  0.000     0  0.00  0  0  -0.407  -1.829   3.667   0.852   1.163   0.000 01O000M000t
00427 GLU01A0213_002 f 0.00  0.000     0  0.00  0  0  -0.407  -1.829   0.947  -0.107   0.740   0.000 01O000M000t
00428 GLU02A0213_003 f 0.00  0.000     0  0.00  0  0  -0.833  -1.890   3.667  -0.378  -0.228   0.000 02O000M000t
00429 GLU02A0213_004 f 0.00  0.000     0  0.00  0  0  -0.833  -1.890   0.947  -0.348   0.706   0.000 02O000M000t
00430 GLU-1A0213_005 f 0.00 -1.000     0  4.75  0 -1  -0.856  -1.854   0.947  -1.355   1.146   0.000 -1O000M000t
00431 LEU01A0214_001 f 0.00  0.000     0  0.00  0  0   0.758  -3.863   0.651   0.000   0.000   0.000 01O000M000t
00432 LEU01A0215_001 f 0.00  0.000     0  0.00  0  0   0.108  -4.345   0.514   0.000   0.000   0.000 01O000M000t
00433 ASP01A0216_001 f 0.00  0.000     0  0.00  0  0  -2.667  -1.545   3.084   0.476   0.096   0.000 01O000M000t
00434 ASP01A0216_002 f 0.00  0.000     0  0.00  0  0  -2.667  -1.545   0.364   0.222   0.554   0.000 01O000M000t
00435 ASP02A0216_003 f 0.00  0.000     0  0.00  0  0  -2.688  -1.972   3.084   0.331  -0.272   0.000 02O000M000t
00436 ASP02A0216_004 f 0.00  0.000     0  0.00  0  0  -2.688  -1.972   0.364   0.233   0.480   0.000 02O000M000t
00437 ASP-1A0216_005 f 0.00 -1.000     0  4.75  0 -1  -2.623  -1.910   0.364  -0.211   0.558   0.000 -1O000M000t
00438 TYR01A0217_001 f 0.00  0.000     0  0.00  0  0   0.387  -3.419   0.301   0.073   1.132   0.000 01O000M000t
00439 TYR-1A0217_002 f 0.00 -1.000     0 10.20  0 -1   0.387  -3.419   0.301   0.459   4.457   0.000 -1O000M000t
00440 ILE01A0218_001 f 0.00  0.000     0  0.00  0  0   3.075   2.048   0.731   0.000   0.000   0.000 01O000M000t
00441 VAL01A0219_001 f 0.00  0.000     0  0.00  0  0  -1.032   1.908   0.017   0.000   0.000   0.000 01O000M000t
00442 ASN01A0220_001 f 0.00  0.000     0  0.00  0  0  -2.428  -1.207   1.080  -0.490   0.367   0.000 01O000M000t
00443 ASN01A0220_002 f 0.00  0.000     0  0.00  0  0  -2.677  -2.336   1.096   0.348   0.144   0.000 01R001M000t
00444 GLU01A0221_001 f 0.00  0.000     0  0.00  0  0  -2.044  -3.035   3.304   0.216   0.352   0.000 01O000M000t
00445 GLU01A0221_002 f 0.00  0.000     0  0.00  0  0  -2.044  -3.035   0.584  -0.015   0.706   0.000 01O000M000t
00446 GLU02A0221_003 f 0.00  0.000     0  0.00  0  0  -1.987  -3.079   3.304  -0.002  -0.018   0.000 02O000M000t
00447 GLU02A0221_004 f 0.00  0.000     0  0.00  0  0  -1.987  -3.079   0.584  -0.027   0.818   0.000 02O000M000t
00448 GLU-1A0221_005 f 0.00 -1.000     0  4.75  0 -1  -2.092  -3.022   0.584   0.015   0.816   0.000 -1O000M000t
00449 PRO01A0222_001 f 0.00  0.000     0  0.00  0  0  -5.298  -0.516   0.000   0.000   0.000   0.000 01O000M000t
00450 PRO01A0223_001 f 0.00  0.000     0  0.00  0  0  -0.763  -1.696   0.000   0.000   0.000   0.000 01O000M000t
00451 PRO01A0224_001 f 0.00  0.000     0  0.00  0  0   0.285  -1.906   0.000   0.000   0.000   0.000 01O000M000t
00452 LYS01A0225_001 f 0.00  0.000     0  0.00  0  0  -6.812  -2.626   1.322   0.034  -0.143   0.000 01O000M000t
00453 LYS+1A0225_002 f 0.00  1.000     0 10.40  0  1  -6.858  -2.629   1.322  -0.198   0.023   0.000 +1O000M000t
00454 LEU01A0226_001 f 0.00  0.000     0  0.00  0  0   1.444   0.542   1.631   0.000   0.000   0.000 01O000M000t
00455 PRO01A0227_001 f 0.00  0.000     0  0.00  0  0  -3.249  -1.876   0.000   0.000   0.000   0.000 01O000M000t
00456 SER01A0228_001 f 0.00  0.000     0  0.00  0  0  -4.305   0.757   0.669   0.115  -0.021   0.000 01O000M000t
00457 ALA01A0229_001 f 0.00  0.000     0  0.00  0  0  -4.427  -0.517   0.000   0.000   0.000   0.000 01O000M000t
00458 VAL01A0230_001 f 0.00  0.000     0  0.00  0  0  -5.073   1.395   0.779   0.000   0.000   0.000 01O000M000t
00459 PHE01A0231_001 f 0.00  0.000     0  0.00  0  0   3.253  -5.905   0.026   0.000   0.000   0.000 01O000M000t
00460 SER01A0232_001 f 0.00  0.000     0  0.00  0  0  -1.316  -1.774   0.641  -0.675   1.880   0.000 01O000M000t
00461 SER01A0232_002 f 0.00  0.000     0  0.00  0  0  -1.316  -1.774   0.641   2.625   1.868   0.000 01O000M000t
00462 SER01A0232_003 f 0.00  0.000     0  0.00  0  0  -1.316  -1.774   0.266  -1.288   1.845   0.000 01O000M000t
00463 LEU01A0233_001 f 0.00  0.000     0  0.00  0  0  -8.146  -1.896   0.510   0.000   0.000   0.000 01O000M000t
00464 GLU01A0234_001 f 0.00  0.000     0  0.00  0  0  -1.437  -2.763   4.834   1.488   0.814   0.000 01O000M000t
00465 GLU01A0234_002 f 0.00  0.000     0  0.00  0  0  -1.437  -2.763   2.114   0.171   0.493   0.000 01O000M000t
00466 GLU02A0234_003 f 0.00  0.000     0  0.00  0  0  -1.440  -2.776   4.834   0.111  -0.132   0.000 02O000M000t
00467 GLU02A0234_004 f 0.00  0.000     0  0.00  0  0  -1.440  -2.776   2.114  -0.081   0.673   0.000 02O000M000t
00468 GLU-1A0234_005 f 0.00 -1.000     0  4.75  0 -1  -1.502  -2.721   2.114  -2.063   1.473   0.000 -1O000M000t
00469 PHE01A0235_001 f 0.00  0.000     0  0.00  0  0   3.613  -2.550   0.193   0.000   0.000   0.000 01O000M000t
00470 GLN01A0236_001 f 0.00  0.000     0  0.00  0  0   0.824   6.788   0.561  -1.500   1.303   0.000 01O000M000t
00471 GLN01A0236_002 f 0.00  0.000     0  0.00  0  0   1.437   5.210   0.546   0.890   1.442   0.000 01R001M000t
00472 ASP01A0237_001 f 0.00  0.000     0  0.00  0  0  -1.730  -3.174   3.587   0.404  -0.043   0.000 01O000M000t
00473 ASP01A0237_002 f 0.00  0.000     0  0.00  0  0  -1.730  -3.174   0.867   0.207   0.864   0.000 01O000M000t
00474 ASP02A0237_003 f 0.00  0.000     0  0.00  0  0  -1.786  -3.273   3.587   0.900   0.866   0.000 02O000M000t
00475 ASP02A0237_004 f 0.00  0.000     0  0.00  0  0  -1.786  -3.273   0.867   0.377   1.623   0.000 02O000M000t
00476 ASP-1A0237_005 f 0.00 -1.000     0  4.75  0 -1  -1.706  -3.215   0.867  -0.803   2.747   0.000 -1O000M000t
00477 PHE01A0238_001 f 0.00  0.000     0  0.00  0  0   3.576  -1.487   0.141   0.000   0.000   0.000 01O000M000t
00478 VAL01A0239_001 f 0.00  0.000     0  0.00  0  0   0.400  -1.234   1.450   0.000   0.000   0.000 01O000M000t
00479 ASN01A0240_001 f 0.00  0.000     0  0.00  0  0  -0.908  -2.569   0.374   0.387   0.946   0.000 01O000M000t
00480 ASN01A0240_002 f 0.00  0.000     0  0.00  0  0  -0.719  -3.177   0.358   0.258   1.194   0.000 01R001M000t
00481 LYS01A0241_001 f 0.00  0.000     0  0.00  0  0  -2.628  -1.247   2.108  -0.025   0.249   0.000 01O000M000t
00482 LYS+1A0241_002 f 0.00  1.000     0 10.40  0  1  -2.697  -1.255   2.108  -0.034   1.140   0.000 +1O000M000t
00483 CYS01A0242_001 f 0.00  0.000     0  0.00  0  0  -0.002  -4.968   0.077  -0.019   0.994   0.000 01O000M000t
00484 CYS01A0242_002 f 0.00  0.000     0  0.00  0  0  -0.002  -5.026   0.077  -0.262   0.993   0.000 01O000M000t
00485 CYS01A0242_003 f 0.00  0.000     0  0.00  0  0  -0.002  -4.970   0.077   0.224   0.993   0.000 01O000M000t
00486 CYS-1A0242_004 f 0.00 -1.000     0  9.10  0 -1   0.000  -4.926   0.077  -1.324  14.780   0.000 -1O000M000t
00487 LEU01A0243_001 f 0.00  0.000     0  0.00  0  0   1.684  -7.730   0.554   0.000   0.000   0.000 01O000M000t
00488 ILE01A0244_001 f 0.00  0.000     0  0.00  0  0  -2.877  13.149   0.426   0.000   0.000   0.000 01O000M000t
00489 LYS01A0245_001 f 0.00  0.000     0  0.00  0  0  -2.275  27.494   2.836   0.513   0.856   0.000 01O000M000t
00490 LYS+1A0245_002 f 0.00  1.000     0 10.40  0  1  -2.323  32.636   2.836  -8.942   6.522   0.000 +1O000M000t
00491 ASN01A0246_001 f 0.00  0.000     0  0.00  0  0  -2.355  -2.107   0.420  -1.618   1.061   0.000 01O000M000t
00492 ASN01A0246_002 f 0.00  0.000     0  0.00  0  0  -2.356  -1.027   0.419   3.112   0.869   0.000 01R001M000t
00493 PRO01A0247_001 f 0.00  0.000     0  0.00  0  0  -1.877  -1.145   0.000   0.000   0.000   0.000 01O000M000t
00494 ALA01A0248_001 f 0.00  0.000     0  0.00  0  0  -3.844  -0.655   0.000   0.000   0.000   0.000 01O000M000t
00495 GLU01A0249_001 f 0.00  0.000     0  0.00  0  0  -3.249  -2.503   3.830   0.076  -0.326   0.000 01O000M000t
00496 GLU01A0249_002 f 0.00  0.000     0  0.00  0  0  -3.249  -2.503   1.110   0.066   0.739   0.000 01O000M000t
00497 GLU02A0249_003 f 0.00  0.000     0  0.00  0  0  -3.339  -2.507   3.830   0.389   0.509   0.000 02O000M000t
00498 GLU02A0249_004 f 0.00  0.000     0  0.00  0  0  -3.339  -2.507   1.110   0.107   0.581   0.000 02O000M000t
00499 GLU-1A0249_005 f 0.00 -1.000     0  4.75  0 -1  -3.257  -2.480   1.110  -0.254   0.503   0.000 -1O000M000t
00500 ARG01A0250_001 f 0.00  0.000     0  0.00  0  0   7.918  -6.124   0.996   0.667   4.466   0.000 01O000M000t
00501 ARG02A0250_002 f 0.00  0.000     0  0.00  0  0   7.844  -5.883   0.996  -3.521   4.971   0.000 02O000M000t
00502 ARG02A0250_003 f 0.00  0.000     0  0.00  0  0   7.897  -5.836   0.996  -1.774   4.958   0.000 02O000M000t
00503 ARG03A0250_004 f 0.00  0.000     0  0.00  0  0   7.838  -5.839   0.996  -2.630   4.876   0.000 03O000M000t
00504 ARG03A0250_005 f 0.00  0.000     0  0.00  0  0   7.847  -6.199   0.996   0.297   4.874   0.000 03O000M000t
00505 ARG+1A0250_006 f 0.00  1.000     0 12.50  0  1   7.799  -5.949   0.996  -6.459  11.709   0.000 +1O000M000t
00506 ALA01A0251_001 f 0.00  0.000     0  0.00  0  0  -0.103  -1.591   0.000   0.000   0.000   0.000 01O000M000t
00507 ASP01A0252_001 f 0.00  0.000     0  0.00  0  0  -1.253   4.701   2.792   2.332   1.286   0.000 01O000M000t
00508 ASP01A0252_002 f 0.00  0.000     0  0.00  0  0  -1.253   4.701   0.072   0.389   1.339   0.000 01O000M000t
00509 ASP02A0252_003 f 0.00  0.000     0  0.00  0  0  -1.121   2.961   2.792  -1.521   0.580   0.000 02O000M000t
00510 ASP02A0252_004 f 0.00  0.000     0  0.00  0  0  -1.121   2.961   0.072  -1.552   1.892   0.000 02O000M000t
00511 ASP-1A0252_005 f 0.00 -1.000     0  4.75  0 -1  -1.148   3.027   0.072  -4.647   3.961   0.000 -1O000M000t
00512 LEU01A0253_001 f 0.00  0.000     0  0.00  0  0   2.221  -4.190   0.575   0.000   0.000   0.000 01O000M000t
00513 LYS01A0254_001 f 0.00  0.000     0  0.00  0  0  -9.975  -1.055   1.575  -0.018   0.001   0.000 01O000M000t
00514 LYS+1A0254_002 f 0.00  1.000     0 10.40  0  1 -10.021  -1.056   1.575   0.173  -0.153   0.000 +1O000M000t
00515 GLN01A0255_001 f 0.00  0.000     0  0.00  0  0   0.096  -3.094   0.592  -0.478   0.465   0.000 01O000M000t
00516 GLN01A0255_002 f 0.00  0.000     0  0.00  0  0   2.412  -2.798   0.595   0.835   0.353   0.000 01R001M000t
00517 LEU01A0256_001 f 0.00  0.000     0  0.00  0  0   4.422  -5.131   0.411   0.000   0.000   0.000 01O000M000t
00518 MET01A0257_001 f 0.00  0.000     0  0.00  0  0  -3.146  -3.745   2.108   0.018   0.075   0.000 01O000M000t
00519 VAL01A0258_001 f 0.00  0.000     0  0.00  0  0  -5.951   0.878   0.011   0.000   0.000   0.000 01O000M000t
00520 HIS01A0259_001 f 0.00  0.000     0  0.00  0  0  -0.702  -6.211   0.424  -2.681   3.394   0.000 01O000M000t
00521 HIS02A0259_002 f 0.00  0.000     0  0.00  0  0  -0.720  -6.259   0.424   3.303   2.828   0.000 02O000M000t
00522 HIS+1A0259_003 f 0.00  1.000     0  6.98  0  1  -0.747  -6.312   0.424   7.462   7.009   0.000 +1O000M000t
00523 ALA01A0260_001 f 0.00  0.000     0  0.00  0  0  -2.730  -0.834   0.000   0.000   0.000   0.000 01O000M000t
00524 PHE01A0261_001 f 0.00  0.000     0  0.00  0  0   4.207  -9.132   0.025   0.000   0.000   0.000 01O000M000t
00525 ILE01A0262_001 f 0.00  0.000     0  0.00  0  0   0.691  -1.991   0.389   0.000   0.000   0.000 01O000M000t
00526 LYS01A0263_001 f 0.00  0.000     0  0.00  0  0  -5.627  -3.203   1.340   0.073   0.048   0.000 01O000M000t
00527 LYS+1A0263_002 f 0.00  1.000     0 10.40  0  1  -5.691  -3.213   1.340  -0.296   0.374   0.000 +1O000M000t
00528 ARG01A0264_001 f 0.00  0.000     0  0.00  0  0  -3.059  -4.528   1.964   0.627   2.930   0.000 01O000M000t
00529 ARG02A0264_002 f 0.00  0.000     0  0.00  0  0  -3.103  -4.522   1.964  -0.567   3.642   0.000 02O000M000t
00530 ARG02A0264_003 f 0.00  0.000     0  0.00  0  0  -3.045  -4.533   1.964   0.338   3.612   0.000 02O000M000t
00531 ARG03A0264_004 f 0.00  0.000     0  0.00  0  0  -3.108  -4.533   1.964   0.243   3.413   0.000 03O000M000t
00532 ARG03A0264_005 f 0.00  0.000     0  0.00  0  0  -3.102  -4.533   1.964   0.640   3.408   0.000 03O000M000t
00533 ARG+1A0264_006 f 0.00  1.000     0 12.50  0  1  -3.146  -4.550   1.964   2.064   5.485   0.000 +1O000M000t
00534 SER01A0265_001 f 0.00  0.000     0  0.00  0  0   0.000  -2.336   0.496   0.199   1.981   0.000 01O000M000t
00535 SER01A0265_002 f 0.00  0.000     0  0.00  0  0   0.000  -2.336   0.496  -1.335   1.890   0.000 01O000M000t
00536 SER01A0265_003 f 0.00  0.000     0  0.00  0  0   0.000  -2.336   0.121   0.223   1.890   0.000 01O000M000t
00537 ASP01A0266_001 f 0.00  0.000     0  0.00  0  0  -1.816   6.687   4.914   0.396   0.123   0.000 01O000M000t
00538 ASP01A0266_002 f 0.00  0.000     0  0.00  0  0  -1.816   6.687   2.194   0.153   0.639   0.000 01O000M000t
00539 ASP02A0266_003 f 0.00  0.000     0  0.00  0  0  -1.756   6.045   4.914   0.024  -0.209   0.000 02O000M000t
00540 ASP02A0266_004 f 0.00  0.000     0  0.00  0  0  -1.756   6.045   2.194   0.144   1.006   0.000 02O000M000t
00541 ASP-1A0266_005 f 0.00 -1.000     0  4.75  0 -1  -1.808   6.105   2.194   0.162   1.896   0.000 -1O000M000t
00542 ALA01A0267_001 f 0.00  0.000     0  0.00  0  0  -3.792  -1.179   0.000   0.000   0.000   0.000 01O000M000t
00543 GLU01A0268_001 f 0.00  0.000     0  0.00  0  0   8.752  -4.479   4.154  -0.364   1.927   0.000 01O000M000t
00544 GLU01A0268_002 f 0.00  0.000     0  0.00  0  0   8.752  -4.479   1.434   0.101   2.444   0.000 01O000M000t
00545 GLU02A0268_003 f 0.00  0.000     0  0.00  0  0   6.714  -4.501   4.154  -0.054   1.218   0.000 02O000M000t
00546 GLU02A0268_004 f 0.00  0.000     0  0.00  0  0   6.714  -4.501   1.434   0.116   2.275   0.000 02O000M000t
00547 GLU-1A0268_005 f 0.00 -1.000     0  4.75  0 -1   6.672  -4.436   1.434  -0.264   7.889   0.000 -1O000M000t
00548 GLU01A0269_001 f 0.00  0.000     0  0.00  0  0  -3.418   0.226   3.213   0.060  -0.975   0.000 01O000M000t
00549 GLU01A0269_002 f 0.00  0.000     0  0.00  0  0  -3.418   0.226   0.493   0.047   0.260   0.000 01O000M000t
00550 GLU02A0269_003 f 0.00  0.000     0  0.00  0  0  -3.640   0.229   3.213   0.122  -0.568   0.000 02O000M000t
00551 GLU02A0269_004 f 0.00  0.000     0  0.00  0  0  -3.640   0.229   0.493   0.068   0.570   0.000 02O000M000t
00552 GLU-1A0269_005 f 0.00 -1.000     0  4.75  0 -1  -3.660   0.249   0.493  -0.086  -0.224   0.000 -1O000M000t
00553 VAL01A0270_001 f 0.00  0.000     0  0.00  0  0  -0.427  -1.694   0.004   0.000   0.000   0.000 01O000M000t
00554 ASP01A0271_001 f 0.00  0.000     0  0.00  0  0  -2.835   0.044   2.828   0.940  -0.112   0.000 01O000M000t
00555 ASP01A0271_002 f 0.00  0.000     0  0.00  0  0  -2.835   0.044   0.108   0.498   0.976   0.000 01O000M000t
00556 ASP02A0271_003 f 0.00  0.000     0  0.00  0  0  -2.703  -0.581   2.828  -0.911  -0.272   0.000 02O000M000t
00557 ASP02A0271_004 f 0.00  0.000     0  0.00  0  0  -2.703  -0.581   0.108  -0.704   1.280   0.000 02O000M000t
00558 ASP-1A0271_005 f 0.00 -1.000     0  4.75  0 -1  -2.722  -0.692   0.108  -2.669   1.865   0.000 -1O000M000t
00559 PHE01A0272_001 f 0.00  0.000     0  0.00  0  0   3.512   1.919   0.025   0.000   0.000   0.000 01O000M000t
00560 ALA01A0273_001 f 0.00  0.000     0  0.00  0  0  -1.578  -1.465   0.000   0.000   0.000   0.000 01O000M000t
00561 TRP01A0275_001 f 0.00  0.000     0  0.00  0  0  -0.427  -6.837   0.017   0.000   0.000   0.000 01O000M000t
00562 LEU01A0276_001 f 0.00  0.000     0  0.00  0  0   2.731  -1.210   3.060   0.000   0.000   0.000 01O000M000t
00563 CYS01A0277_001 f 0.00  0.000     0  0.00  0  0  -2.476  -3.163   0.042   0.138   0.706   0.000 01O000M000t
00564 CYS01A0277_002 f 0.00  0.000     0  0.00  0  0  -2.476  -3.208   0.042  -0.482   0.600   0.000 01O000M000t
00565 CYS01A0277_003 f 0.00  0.000     0  0.00  0  0  -2.477  -3.111   0.042  -0.379   0.242   0.000 01O000M000t
00566 CYS-1A0277_004 f 0.00 -1.000     0  9.10  0 -1  -2.475  -3.079   0.042  -1.955   3.879   0.000 -1O000M000t
00567 SER01A0278_001 f 0.00  0.000     0  0.00  0  0  -3.428   0.879   0.405  -0.031  -0.031   0.000 01O000M000t
00568 THR01A0279_001 f 0.00  0.000     0  0.00  0  0  -0.676   0.350   1.662  -0.370   0.454   0.000 01O000M000t
00569 ILE01A0280_001 f 0.00  0.000     0  0.00  0  0  -0.147  -3.302   2.546   0.000   0.000   0.000 01O000M000t
00570 LEU01A0282_001 f 0.00  0.000     0  0.00  0  0  -0.387  -3.868   1.166   0.000   0.000   0.000 01O000M000t
00571 EUI+1B0001_001 f 0.00  0.556     0  0.00  0  0   0.000 212.504   0.000  -1.330   8.523   0.008 +1O000M000t
00572 EUI+1B0001_002 f 0.00  0.556     0  0.00  0  0   0.000 212.531   0.000  -1.355   8.344   0.008 +1O000M000t
00573 EUI+1B0001_003 f 0.00  0.556     0  0.00  0  0   0.000 212.583   0.000  -1.169   8.727   0.008 +1O000M000t
00574 EUI01B0001_004 f 0.00 -0.425     0  0.00  0  0   0.000 212.580   0.000  -1.934   9.907   2.536 01O000M000t
00575 EUI01B0001_005 f 0.00 -0.425     0  0.00  0  0   0.000 212.607   0.000  -1.950   9.869   2.536 01O000M000t
00576 EUI01B0001_006 f 0.00 -0.425     0  0.00  0  0   0.000 212.660   0.000  -1.780  11.368   2.536 01O000M000t
00577 EUI02B0001_007 f 0.00 -0.004     0  0.00  0  0   0.000 212.412   0.000  -0.780   9.257   5.637 02O000M000t
00578 EUIDMB0001_008 t 0.00  0.000     0  0.00  0  0   0.000   0.000   0.000   0.000   0.000   0.000         DMt
