VDW_RAD  EMH+1  C4    1.91
VDW_EPS  EMH+1  C4    0.11
VDW_RAD  EMH+1  C5    1.91
VDW_EPS  EMH+1  C5    0.11
VDW_RAD  EMH+1  C6    1.91
VDW_EPS  EMH+1  C6    0.11
VDW_RAD  EMH+1  C7    1.91
VDW_EPS  EMH+1  C7    0.11
VDW_RAD  EMH+1  C8    1.91
VDW_EPS  EMH+1  C8    0.11
VDW_RAD  EMH+1  C10   1.91
VDW_EPS  EMH+1  C10   0.11
VDW_RAD  EMH+1  C13   1.91
VDW_EPS  EMH+1  C13   0.11
VDW_RAD  EMH+1  C15   1.91
VDW_EPS  EMH+1  C15   0.11
VDW_RAD  EMH+1  C17   1.91
VDW_EPS  EMH+1  C17   0.11
VDW_RAD  EMH+1  C21   1.91
VDW_EPS  EMH+1  C21   0.11
VDW_RAD  EMH+1  C22   1.91
VDW_EPS  EMH+1  C22   0.11
VDW_RAD  EMH+1  C24   1.91
VDW_EPS  EMH+1  C24   0.11
VDW_RAD  EMH+1  C26   1.91
VDW_EPS  EMH+1  C26   0.11
VDW_RAD  EMH+1  C28   1.91
VDW_EPS  EMH+1  C28   0.11
VDW_RAD  EMH+1  N19   1.82
VDW_EPS  EMH+1  N19   0.17
VDW_RAD  EMH+1  C18   1.91
VDW_EPS  EMH+1  C18   0.11
VDW_RAD  EMH+1  C3    1.91
VDW_EPS  EMH+1  C3    0.11
VDW_RAD  EMH+1  C1    1.91
VDW_EPS  EMH+1  C1    0.11
VDW_RAD  EMH+1  C2    1.91
VDW_EPS  EMH+1  C2    0.11
VDW_RAD  EMH+1  N9    1.82
VDW_EPS  EMH+1  N9    0.17
VDW_RAD  EMH+1  C14   1.91
VDW_EPS  EMH+1  C14   0.11
VDW_RAD  EMH+1  C16   1.91
VDW_EPS  EMH+1  C16   0.11
VDW_RAD  EMH+1  O20   1.66
VDW_EPS  EMH+1  O20   0.21
VDW_RAD  EMH+1  C12   1.91
VDW_EPS  EMH+1  C12   0.11
VDW_RAD  EMH+1  C11   1.91
VDW_EPS  EMH+1  C11   0.11
VDW_RAD  EMH+1  C23   1.91
VDW_EPS  EMH+1  C23   0.11
VDW_RAD  EMH+1  N25   1.82
VDW_EPS  EMH+1  N25   0.17
VDW_RAD  EMH+1  C29   1.91
VDW_EPS  EMH+1  C29   0.11
VDW_RAD  EMH+1  C27   1.91
VDW_EPS  EMH+1  C27   0.11
VDW_RAD  EMH+1  C30   1.91
VDW_EPS  EMH+1  C30   0.11
VDW_RAD  EMH+1  N31   1.82
VDW_EPS  EMH+1  N31   0.17
VDW_RAD  EMH+1  C32   1.91
VDW_EPS  EMH+1  C32   0.11
VDW_RAD  EMH+1  C34   1.91
VDW_EPS  EMH+1  C34   0.11
VDW_RAD  EMH+1  O36   1.66
VDW_EPS  EMH+1  O36   0.21
VDW_RAD  EMH+1  C35   1.91
VDW_EPS  EMH+1  C35   0.11
VDW_RAD  EMH+1  C33   1.91
VDW_EPS  EMH+1  C33   0.11
VDW_RAD  EMH+1   H4   1.91
VDW_EPS  EMH+1   H4   0.11
VDW_RAD  EMH+1   H6   1.91
VDW_EPS  EMH+1   H6   0.11
VDW_RAD  EMH+1  H13   1.49
VDW_EPS  EMH+1  H13   0.02
VDW_RAD  EMH+1  H21   1.49
VDW_EPS  EMH+1  H21   0.02
VDW_RAD  EMH+1 H21A   1.91
VDW_EPS  EMH+1 H21A   0.11
VDW_RAD  EMH+1 H21B   1.91
VDW_EPS  EMH+1 H21B   0.11
VDW_RAD  EMH+1  H22   1.49
VDW_EPS  EMH+1  H22   0.02
VDW_RAD  EMH+1 H22A   1.91
VDW_EPS  EMH+1 H22A   0.11
VDW_RAD  EMH+1 H22B   1.91
VDW_EPS  EMH+1 H22B   0.11
VDW_RAD  EMH+1  H24   1.49
VDW_EPS  EMH+1  H24   0.02
VDW_RAD  EMH+1 H24A   1.91
VDW_EPS  EMH+1 H24A   0.11
VDW_RAD  EMH+1 H24B   1.91
VDW_EPS  EMH+1 H24B   0.11
VDW_RAD  EMH+1  H26   1.49
VDW_EPS  EMH+1  H26   0.02
VDW_RAD  EMH+1  H28   1.49
VDW_EPS  EMH+1  H28   0.02
VDW_RAD  EMH+1 H28A   1.91
VDW_EPS  EMH+1 H28A   0.11
VDW_RAD  EMH+1   H3   1.91
VDW_EPS  EMH+1   H3   0.11
VDW_RAD  EMH+1  H12   1.49
VDW_EPS  EMH+1  H12   0.02
VDW_RAD  EMH+1  H23   1.49
VDW_EPS  EMH+1  H23   0.02
VDW_RAD  EMH+1 H23A   1.91
VDW_EPS  EMH+1 H23A   0.11
VDW_RAD  EMH+1  H29   1.49
VDW_EPS  EMH+1  H29   0.02
VDW_RAD  EMH+1 H29A   1.91
VDW_EPS  EMH+1 H29A   0.11
VDW_RAD  EMH+1  H27   1.49
VDW_EPS  EMH+1  H27   0.02
VDW_RAD  EMH+1 H27A   1.91
VDW_EPS  EMH+1 H27A   0.11
VDW_RAD  EMH+1  H30   1.49
VDW_EPS  EMH+1  H30   0.02
VDW_RAD  EMH+1 H30A   1.91
VDW_EPS  EMH+1 H30A   0.11
VDW_RAD  EMH+1  H32   1.49
VDW_EPS  EMH+1  H32   0.02
VDW_RAD  EMH+1 H32A   1.91
VDW_EPS  EMH+1 H32A   0.11
VDW_RAD  EMH+1  H34   1.49
VDW_EPS  EMH+1  H34   0.02
VDW_RAD  EMH+1 H34A   1.91
VDW_EPS  EMH+1 H34A   0.11
VDW_RAD  EMH+1  H35   1.49
VDW_EPS  EMH+1  H35   0.02
VDW_RAD  EMH+1 H35A   1.91
VDW_EPS  EMH+1 H35A   0.11
VDW_RAD  EMH+1  H33   1.49
VDW_EPS  EMH+1  H33   0.02
VDW_RAD  EMH+1 H33A   1.91
VDW_EPS  EMH+1 H33A   0.11
VDW_RAD  EMH+1   H9   1.91
VDW_EPS  EMH+1   H9   0.11
VDW_RAD  EMH+1  H71   1.49
VDW_EPS  EMH+1  H71   0.02
VDW_RAD  EMH01  C4    1.91
VDW_EPS  EMH01  C4    0.11
VDW_RAD  EMH01  C5    1.91
VDW_EPS  EMH01  C5    0.11
VDW_RAD  EMH01  C6    1.91
VDW_EPS  EMH01  C6    0.11
VDW_RAD  EMH01  C7    1.91
VDW_EPS  EMH01  C7    0.11
VDW_RAD  EMH01  C8    1.91
VDW_EPS  EMH01  C8    0.11
VDW_RAD  EMH01  C10   1.91
VDW_EPS  EMH01  C10   0.11
VDW_RAD  EMH01  C13   1.91
VDW_EPS  EMH01  C13   0.11
VDW_RAD  EMH01  C15   1.91
VDW_EPS  EMH01  C15   0.11
VDW_RAD  EMH01  C17   1.91
VDW_EPS  EMH01  C17   0.11
VDW_RAD  EMH01  C21   1.91
VDW_EPS  EMH01  C21   0.11
VDW_RAD  EMH01  C22   1.91
VDW_EPS  EMH01  C22   0.11
VDW_RAD  EMH01  C24   1.91
VDW_EPS  EMH01  C24   0.11
VDW_RAD  EMH01  C26   1.91
VDW_EPS  EMH01  C26   0.11
VDW_RAD  EMH01  C28   1.91
VDW_EPS  EMH01  C28   0.11
VDW_RAD  EMH01  N19   1.82
VDW_EPS  EMH01  N19   0.17
VDW_RAD  EMH01  C18   1.91
VDW_EPS  EMH01  C18   0.11
VDW_RAD  EMH01  C3    1.91
VDW_EPS  EMH01  C3    0.11
VDW_RAD  EMH01  C1    1.91
VDW_EPS  EMH01  C1    0.11
VDW_RAD  EMH01  C2    1.91
VDW_EPS  EMH01  C2    0.11
VDW_RAD  EMH01  N9    1.82
VDW_EPS  EMH01  N9    0.17
VDW_RAD  EMH01  C14   1.91
VDW_EPS  EMH01  C14   0.11
VDW_RAD  EMH01  C16   1.91
VDW_EPS  EMH01  C16   0.11
VDW_RAD  EMH01  O20   1.66
VDW_EPS  EMH01  O20   0.21
VDW_RAD  EMH01  C12   1.91
VDW_EPS  EMH01  C12   0.11
VDW_RAD  EMH01  C11   1.91
VDW_EPS  EMH01  C11   0.11
VDW_RAD  EMH01  C23   1.91
VDW_EPS  EMH01  C23   0.11
VDW_RAD  EMH01  N25   1.82
VDW_EPS  EMH01  N25   0.17
VDW_RAD  EMH01  C29   1.91
VDW_EPS  EMH01  C29   0.11
VDW_RAD  EMH01  C27   1.91
VDW_EPS  EMH01  C27   0.11
VDW_RAD  EMH01  C30   1.91
VDW_EPS  EMH01  C30   0.11
VDW_RAD  EMH01  N31   1.82
VDW_EPS  EMH01  N31   0.17
VDW_RAD  EMH01  C32   1.91
VDW_EPS  EMH01  C32   0.11
VDW_RAD  EMH01  C34   1.91
VDW_EPS  EMH01  C34   0.11
VDW_RAD  EMH01  O36   1.66
VDW_EPS  EMH01  O36   0.21
VDW_RAD  EMH01  C35   1.91
VDW_EPS  EMH01  C35   0.11
VDW_RAD  EMH01  C33   1.91
VDW_EPS  EMH01  C33   0.11
VDW_RAD  EMH01   H4   1.91
VDW_EPS  EMH01   H4   0.11
VDW_RAD  EMH01   H6   1.91
VDW_EPS  EMH01   H6   0.11
VDW_RAD  EMH01  H13   1.49
VDW_EPS  EMH01  H13   0.02
VDW_RAD  EMH01  H21   1.49
VDW_EPS  EMH01  H21   0.02
VDW_RAD  EMH01 H21A   1.91
VDW_EPS  EMH01 H21A   0.11
VDW_RAD  EMH01 H21B   1.91
VDW_EPS  EMH01 H21B   0.11
VDW_RAD  EMH01  H22   1.49
VDW_EPS  EMH01  H22   0.02
VDW_RAD  EMH01 H22A   1.91
VDW_EPS  EMH01 H22A   0.11
VDW_RAD  EMH01 H22B   1.91
VDW_EPS  EMH01 H22B   0.11
VDW_RAD  EMH01  H24   1.49
VDW_EPS  EMH01  H24   0.02
VDW_RAD  EMH01 H24A   1.91
VDW_EPS  EMH01 H24A   0.11
VDW_RAD  EMH01 H24B   1.91
VDW_EPS  EMH01 H24B   0.11
VDW_RAD  EMH01  H26   1.49
VDW_EPS  EMH01  H26   0.02
VDW_RAD  EMH01  H28   1.49
VDW_EPS  EMH01  H28   0.02
VDW_RAD  EMH01 H28A   1.91
VDW_EPS  EMH01 H28A   0.11
VDW_RAD  EMH01   H3   1.91
VDW_EPS  EMH01   H3   0.11
VDW_RAD  EMH01  H12   1.49
VDW_EPS  EMH01  H12   0.02
VDW_RAD  EMH01  H23   1.49
VDW_EPS  EMH01  H23   0.02
VDW_RAD  EMH01 H23A   1.91
VDW_EPS  EMH01 H23A   0.11
VDW_RAD  EMH01  H29   1.49
VDW_EPS  EMH01  H29   0.02
VDW_RAD  EMH01 H29A   1.91
VDW_EPS  EMH01 H29A   0.11
VDW_RAD  EMH01  H27   1.49
VDW_EPS  EMH01  H27   0.02
VDW_RAD  EMH01 H27A   1.91
VDW_EPS  EMH01 H27A   0.11
VDW_RAD  EMH01  H30   1.49
VDW_EPS  EMH01  H30   0.02
VDW_RAD  EMH01 H30A   1.91
VDW_EPS  EMH01 H30A   0.11
VDW_RAD  EMH01  H32   1.49
VDW_EPS  EMH01  H32   0.02
VDW_RAD  EMH01 H32A   1.91
VDW_EPS  EMH01 H32A   0.11
VDW_RAD  EMH01  H34   1.49
VDW_EPS  EMH01  H34   0.02
VDW_RAD  EMH01 H34A   1.91
VDW_EPS  EMH01 H34A   0.11
VDW_RAD  EMH01  H35   1.49
VDW_EPS  EMH01  H35   0.02
VDW_RAD  EMH01 H35A   1.91
VDW_EPS  EMH01 H35A   0.11
VDW_RAD  EMH01  H33   1.49
VDW_EPS  EMH01  H33   0.02
VDW_RAD  EMH01 H33A   1.91
VDW_EPS  EMH01 H33A   0.11
VDW_RAD  EMH01   H9   1.91
VDW_EPS  EMH01   H9   0.11
   Error! get_connect12(): connectivity of atom " N   SER A0001" is not complete:

          get_connect12(): atom  C   of residue i-1 is not found 

   Error! get_connect12(): connectivity of atom " C   TYR A0316" is not complete:

          get_connect12(): atom  N   of residue i+1 is not found 

