  pH           7     7     7     7     7
TYR-A0005_ -0.00 -0.00 -0.00 -0.00 -0.00
ASP-A0006_ -1.00 -1.00 -1.00 -1.00 -1.00
LYS+A0007_  1.00  1.00  1.00  1.00  1.00
GLU-A0009_ -1.00 -1.00 -1.00 -1.00 -1.00
GLU-A0011_ -1.00 -1.00 -1.00 -1.00 -1.00
ARG+A0012_  1.00  1.00  1.00  1.00  1.00
ASP-A0014_ -1.00 -1.00 -1.00 -1.00 -1.00
LYS+A0018_  1.00  1.00  1.00  1.00  1.00
HIS+A0019_  0.13  0.13  0.13  0.12  0.12
LYS+A0020_  1.00  1.00  1.00  1.00  1.00
TYR-A0026_ -0.00 -0.00 -0.00 -0.00 -0.00
GLU-A0028_ -1.00 -1.00 -1.00 -1.00 -1.00
TYR-A0030_ -0.00 -0.00 -0.00 -0.00 -0.00
GLU-A0031_ -0.98 -0.98 -0.98 -0.98 -0.98
LYS+A0035_  0.99  0.99  0.99  0.99  0.99
LYS+A0036_  1.00  1.00  1.00  1.00  1.00
TYR-A0037_ -0.00 -0.00 -0.00 -0.00 -0.00
LYS+A0044_  1.00  1.00  1.00  1.00  1.00
LYS+A0047_  1.00  1.00  1.00  1.00  1.00
GLU-A0048_ -1.00 -1.00 -1.00 -1.00 -1.00
ASP-A0049_ -1.00 -1.00 -1.00 -1.00 -1.00
GLU-A0052_ -1.00 -1.00 -1.00 -1.00 -1.00
GLU-A0054_ -0.99 -1.00 -0.99 -0.99 -0.99
GLU-A0055_ -1.00 -1.00 -1.00 -1.00 -1.00
LYS+A0058_  1.00  1.00  1.00  1.00  1.00
GLU-A0059_ -0.98 -0.99 -0.99 -0.99 -0.98
LYS+A0064_  1.00  1.00  1.00  1.00  1.00
GLU-A0065_ -1.00 -1.00 -1.00 -1.00 -1.00
LYS+A0067_  0.99  0.99  1.00  0.99  0.99
HIS+A0068_  0.00  0.00  0.00  0.00  0.00
CYS-A0078_ -0.00 -0.00 -0.00 -0.00 -0.00
ARG+A0080_  1.00  1.00  1.00  1.00  1.00
GLU-A0081_ -1.00 -1.00 -1.00 -1.00 -1.00
TYR-A0085_ -0.00 -0.00 -0.00 -0.00 -0.00
GLU-A0089_ -1.00 -1.00 -1.00 -1.00 -1.00
TYR-A0093_ -0.00 -0.00 -0.00 -0.00 -0.00
ASP-A0098_ -1.00 -1.00 -1.00 -1.00 -1.00
TYR-A0099_ -0.00 -0.00 -0.00 -0.00 -0.00
ARG+A0101_  1.00  1.00  1.00  1.00  1.00
GLU-A0102_ -0.99 -0.98 -0.99 -0.99 -0.99
CYS-A0103_ -0.00 -0.00 -0.00 -0.00 -0.00
ARG+A0105_  1.00  1.00  1.00  1.00  1.00
GLU-A0107_ -1.00 -1.00 -1.00 -1.00 -1.00
TYR-A0115_ -0.00 -0.00 -0.00 -0.00 -0.00
GLU-A0125_ -0.99 -0.99 -0.99 -0.99 -0.99
TYR-A0126_ -0.00 -0.00 -0.00 -0.00 -0.00
GLU-A0128_ -1.00 -1.00 -1.00 -1.00 -1.00
LYS+A0129_  1.00  1.00  1.00  1.00  1.00
LYS+A0130_  1.00  1.00  1.00  1.00  1.00
HIS+A0134_  0.00  0.00  0.00  0.00  0.00
ARG+A0135_  1.00  1.00  1.00  1.00  1.00
ASP-A0136_ -1.00 -1.00 -1.00 -1.00 -1.00
ARG+A0140_  1.00  1.00  1.00  1.00  1.00
CYS-A0142_ -0.00 -0.00 -0.00 -0.00 -0.00
GLU-A0146_ -1.00 -0.99 -1.00 -0.99 -1.00
HIS+A0148_  0.13  0.13  0.13  0.12  0.13
LYS+A0151_  1.00  1.00  1.00  1.00  1.00
ASP-A0154_ -0.95 -0.95 -0.96 -0.94 -0.95
ARG+A0159_  1.00  1.00  1.00  1.00  1.00
ASP-A0164_ -1.00 -1.00 -1.00 -1.00 -1.00
TYR-A0166_ -0.00 -0.00 -0.00 -0.00 -0.00
HIS+A0169_  0.07  0.06  0.06  0.06  0.06
LYS+A0173_  0.98  0.98  0.98  0.98  0.98
LYS+A0177_  0.98  0.99  0.98  0.98  0.98
GLU-A0182_ -1.00 -1.00 -1.00 -1.00 -1.00
TYR-A0186_ -0.00 -0.00 -0.00 -0.00 -0.00
LYS+A0188_  1.00  1.00  1.00  1.00  1.00
LYS+A0192_  1.00  1.00  1.00  1.00  1.00
ASP-A0194_ -1.00 -1.00 -1.00 -1.00 -1.00
GLU-A0204_ -1.00 -1.00 -1.00 -1.00 -1.00
TYR-A0208_ -0.00 -0.00 -0.00 -0.00 -0.00
TYR-A0213_ -0.00 -0.00 -0.00 -0.00 -0.00
ASP-A0217_ -1.00 -1.00 -1.00 -1.00 -1.00
TYR-A0222_ -0.00 -0.00 -0.00 -0.00 -0.00
GLU-A0223_ -1.00 -1.00 -1.00 -1.00 -1.00
GLU-A0226_ -0.99 -1.00 -0.99 -1.00 -0.99
LYS+A0227_  1.00  1.00  1.00  1.00  1.00
ASP-A0228_ -1.00 -1.00 -1.00 -1.00 -1.00
TYR-A0229_ -0.00 -0.00 -0.00 -0.00 -0.00
ARG+A0230_  1.00  1.00  1.00  1.00  1.00
GLU-A0232_ -1.00 -1.00 -1.00 -1.00 -1.00
ARG+A0233_  1.00  1.00  1.00  1.00  1.00
GLU-A0235_ -1.00 -1.00 -1.00 -1.00 -1.00
CYS-A0237_ -0.00 -0.00 -0.00 -0.00 -0.00
GLU-A0239_ -1.00 -1.00 -1.00 -1.00 -1.00
LYS+A0240_  1.00  1.00  1.00  1.00  1.00
TYR-A0242_ -0.00 -0.00 -0.00 -0.00 -0.00
GLU-A0243_ -1.00 -1.00 -1.00 -1.00 -1.00
ARG+A0246_  1.00  1.00  1.00  1.00  1.00
CYS-A0248_ -0.00 -0.00 -0.00 -0.00 -0.00
ASP-A0255_ -1.00 -1.00 -1.00 -1.00 -1.00
ARG+A0256_  1.00  1.00  1.00  1.00  1.00
GLU-A0261_ -1.00 -1.00 -1.00 -1.00 -1.00
HIS+A0263_  0.36  0.40  0.40  0.38  0.38
GLU-A0267_ -1.00 -0.99 -0.99 -0.99 -0.99
GLU-A0272_ -1.00 -1.00 -1.00 -1.00 -1.00
ASP-A0277_ -1.00 -1.00 -1.00 -1.00 -1.00
GLU-A0278_ -1.00 -1.00 -1.00 -1.00 -1.00
GLU-A0280_ -1.00 -1.00 -1.00 -1.00 -1.00
LYS+A0281_  1.00  1.00  1.00  1.00  1.00
GLU-A0282_ -0.99 -0.98 -0.99 -0.98 -0.99
LYS+A0285_  1.00  1.00  1.00  1.00  1.00
ARG+A0286_  1.00  1.00  1.00  1.00  1.00
TYR-B0005_ -0.00 -0.00 -0.00 -0.00 -0.00
ASP-B0006_ -1.00 -1.00 -1.00 -1.00 -1.00
LYS+B0007_  1.00  1.00  1.00  1.00  1.00
GLU-B0009_ -1.00 -1.00 -1.00 -1.00 -1.00
GLU-B0011_ -1.00 -1.00 -1.00 -1.00 -1.00
ARG+B0012_  1.00  1.00  1.00  1.00  1.00
ASP-B0014_ -1.00 -1.00 -1.00 -1.00 -1.00
LYS+B0018_  1.00  1.00  1.00  1.00  1.00
HIS+B0019_  0.11  0.12  0.12  0.12  0.12
LYS+B0020_  1.00  1.00  1.00  1.00  1.00
TYR-B0026_ -0.00 -0.00 -0.00 -0.00 -0.00
GLU-B0028_ -1.00 -1.00 -1.00 -1.00 -1.00
TYR-B0030_ -0.00 -0.00 -0.00 -0.00 -0.00
GLU-B0031_ -0.98 -0.98 -0.98 -0.98 -0.98
LYS+B0035_  1.00  1.00  1.00  1.00  1.00
LYS+B0036_  1.00  1.00  1.00  1.00  1.00
TYR-B0037_ -0.00 -0.00 -0.00 -0.00 -0.01
LYS+B0044_  1.00  1.00  1.00  1.00  1.00
LYS+B0047_  1.00  1.00  1.00  1.00  1.00
GLU-B0048_ -1.00 -1.00 -1.00 -1.00 -1.00
ASP-B0049_ -1.00 -1.00 -1.00 -1.00 -1.00
GLU-B0052_ -1.00 -1.00 -1.00 -1.00 -1.00
GLU-B0054_ -0.99 -0.99 -0.99 -0.99 -0.99
GLU-B0055_ -1.00 -0.99 -0.99 -0.99 -0.99
LYS+B0058_  1.00  1.00  1.00  1.00  1.00
GLU-B0059_ -0.99 -0.99 -0.99 -0.99 -0.99
LYS+B0064_  1.00  1.00  1.00  1.00  1.00
GLU-B0065_ -1.00 -1.00 -1.00 -1.00 -1.00
LYS+B0067_  1.00  1.00  1.00  1.00  1.00
HIS+B0068_  0.00  0.00  0.00  0.00  0.00
CYS-B0078_ -0.00 -0.00 -0.00 -0.00 -0.00
ARG+B0080_  1.00  1.00  1.00  1.00  1.00
GLU-B0081_ -1.00 -1.00 -1.00 -1.00 -1.00
TYR-B0085_ -0.00 -0.00 -0.00 -0.00 -0.00
GLU-B0089_ -1.00 -1.00 -1.00 -1.00 -1.00
TYR-B0093_ -0.00 -0.00 -0.00 -0.00 -0.00
ASP-B0098_ -1.00 -1.00 -1.00 -1.00 -1.00
TYR-B0099_ -0.00 -0.00 -0.00 -0.00 -0.00
ARG+B0101_  1.00  1.00  1.00  1.00  1.00
GLU-B0102_ -0.98 -0.98 -0.99 -0.99 -0.98
CYS-B0103_ -0.00 -0.00 -0.00 -0.00 -0.00
ARG+B0105_  1.00  1.00  1.00  1.00  1.00
GLU-B0107_ -1.00 -1.00 -1.00 -1.00 -1.00
TYR-B0115_ -0.00 -0.00 -0.00 -0.00 -0.00
GLU-B0125_ -1.00 -1.00 -1.00 -1.00 -1.00
TYR-B0126_ -0.00 -0.00 -0.00 -0.00 -0.00
GLU-B0128_ -1.00 -1.00 -1.00 -1.00 -1.00
LYS+B0129_  1.00  1.00  0.99  0.99  1.00
LYS+B0130_  1.00  1.00  1.00  1.00  1.00
HIS+B0134_  0.00  0.00  0.00  0.00  0.00
ARG+B0135_  1.00  1.00  1.00  1.00  1.00
ASP-B0136_ -1.00 -1.00 -1.00 -1.00 -1.00
ARG+B0140_  1.00  1.00  1.00  1.00  1.00
CYS-B0142_ -0.00 -0.00 -0.00 -0.00 -0.00
GLU-B0146_ -1.00 -1.00 -1.00 -1.00 -1.00
HIS+B0148_  0.21  0.19  0.19  0.20  0.21
LYS+B0151_  1.00  1.00  1.00  1.00  1.00
ASP-B0154_ -0.97 -0.97 -0.98 -0.97 -0.97
ARG+B0159_  0.00  0.00  0.00  0.00  0.00
ASP-B0164_ -1.00 -1.00 -1.00 -1.00 -1.00
TYR-B0166_ -0.00 -0.00 -0.00 -0.00 -0.00
HIS+B0169_  0.10  0.10  0.11  0.10  0.11
LYS+B0173_  1.00  1.00  1.00  1.00  1.00
LYS+B0177_  1.00  1.00  1.00  1.00  1.00
GLU-B0182_ -1.00 -1.00 -1.00 -1.00 -1.00
TYR-B0186_ -0.00 -0.00 -0.00 -0.00 -0.00
LYS+B0188_  1.00  1.00  1.00  1.00  1.00
LYS+B0192_  0.99  0.99  0.99  0.99  0.99
ASP-B0194_ -1.00 -1.00 -1.00 -1.00 -1.00
GLU-B0204_ -1.00 -1.00 -1.00 -1.00 -1.00
TYR-B0208_ -0.00 -0.00 -0.00 -0.00 -0.00
TYR-B0213_ -0.00 -0.00 -0.00 -0.00 -0.00
ASP-B0217_ -1.00 -1.00 -1.00 -1.00 -1.00
TYR-B0222_ -0.00 -0.00 -0.00 -0.00 -0.00
GLU-B0223_ -1.00 -1.00 -1.00 -1.00 -1.00
GLU-B0226_ -1.00 -1.00 -1.00 -1.00 -0.99
LYS+B0227_  1.00  1.00  1.00  1.00  1.00
ASP-B0228_ -1.00 -1.00 -1.00 -1.00 -1.00
TYR-B0229_ -0.00 -0.00 -0.00 -0.00 -0.00
ARG+B0230_  1.00  1.00  1.00  1.00  1.00
GLU-B0232_ -1.00 -1.00 -1.00 -1.00 -1.00
ARG+B0233_  1.00  1.00  1.00  1.00  1.00
GLU-B0235_ -1.00 -1.00 -1.00 -1.00 -1.00
CYS-B0237_ -0.00 -0.00 -0.00 -0.00 -0.00
GLU-B0239_ -1.00 -1.00 -1.00 -1.00 -1.00
LYS+B0240_  0.98  0.98  0.98  0.98  0.98
TYR-B0242_ -0.00 -0.00 -0.00 -0.00 -0.00
GLU-B0243_ -1.00 -1.00 -1.00 -1.00 -1.00
ARG+B0246_  1.00  1.00  1.00  1.00  1.00
CYS-B0248_ -0.00 -0.00 -0.00 -0.00 -0.00
ASP-B0255_ -1.00 -1.00 -1.00 -1.00 -1.00
ARG+B0256_  1.00  1.00  1.00  1.00  1.00
GLU-B0261_ -1.00 -1.00 -1.00 -1.00 -1.00
HIS+B0263_  0.09  0.08  0.08  0.09  0.08
GLU-B0267_ -0.98 -0.99 -0.99 -0.99 -0.99
GLU-B0272_ -1.00 -1.00 -1.00 -1.00 -1.00
ASP-B0277_ -0.99 -1.00 -0.99 -0.99 -0.99
GLU-B0278_ -1.00 -1.00 -1.00 -1.00 -1.00
GLU-B0280_ -1.00 -1.00 -1.00 -1.00 -1.00
LYS+B0281_  1.00  1.00  1.00  1.00  1.00
GLU-B0282_ -1.00 -1.00 -1.00 -1.00 -1.00
LYS+B0285_  1.00  1.00  1.00  1.00  1.00
ARG+B0286_  1.00  1.00  1.00  1.00  1.00
----------
Net_Charge -19.62 -19.59 -19.61 -19.60 -19.60
Protons    -19.62 -19.59 -19.61 -19.60 -19.60
Electrons   0.00  0.00  0.00  0.00  0.00
