iConf CONFORMER     FL  occ    crg   Em0  pKa0 ne nH    vdw0    vdw1    tors    epol   dsolv   extra    history
00001 LEU01A0001_001 f 0.00  0.000     0  0.00  0  0  -0.748  -1.320   0.454   0.000   0.000   0.000 01O000M000t
00002 PRO01A0002_001 f 0.00  0.000     0  0.00  0  0  -6.249   1.252   0.000   0.000   0.000   0.000 01O000M000t
00003 LEU01A0003_001 f 0.00  0.000     0  0.00  0  0  -2.378  -1.934   1.019   0.000   0.000   0.000 01O000M000t
00004 ASP01A0004_001 f 0.00  0.000     0  0.00  0  0  -1.292   0.071   2.756   3.455   1.477   0.000 01O000M000t
00005 ASP01A0004_002 f 0.00  0.000     0  0.00  0  0  -1.292   0.071   0.036  -0.151   1.349   0.000 01O000M000t
00006 ASP02A0004_003 f 0.00  0.000     0  0.00  0  0  -1.114  -0.648   2.756  -0.911   0.946   0.000 02O000M000t
00007 ASP02A0004_004 f 0.00  0.000     0  0.00  0  0  -1.114  -0.648   0.036  -1.071   1.652   0.000 02O000M000t
00008 ASP-1A0004_005 f 0.00 -1.000     0  4.75  0 -1  -1.195  -0.589   0.036  -3.888   4.133   0.000 -1O000M000t
00009 PRO01A0005_001 f 0.00  0.000     0  0.00  0  0  -5.656   1.409   0.000   0.000   0.000   0.000 01O000M000t
00010 LEU01A0006_001 f 0.00  0.000     0  0.00  0  0  -6.289  -0.856   0.525   0.000   0.000   0.000 01O000M000t
00011 TRP01A0007_001 f 0.00  0.000     0  0.00  0  0   0.225  -8.558   0.323   0.000   0.000   0.000 01O000M000t
00012 GLU01A0008_001 f 0.00  0.000     0  0.00  0  0   1.444  -7.239   3.418  -0.928   1.877   0.000 01O000M000t
00013 GLU01A0008_002 f 0.00  0.000     0  0.00  0  0   1.444  -7.239   0.698   0.234   2.509   0.000 01O000M000t
00014 GLU02A0008_003 f 0.00  0.000     0  0.00  0  0   1.062  -6.966   3.418  -1.695   1.287   0.000 02O000M000t
00015 GLU02A0008_004 f 0.00  0.000     0  0.00  0  0   1.062  -6.966   0.698   3.846   2.691   0.000 02O000M000t
00016 GLU-1A0008_005 f 0.00 -1.000     0  4.75  0 -1   1.029  -7.162   0.698  -6.061   8.660   0.000 -1O000M000t
00017 PHE01A0009_001 f 0.00  0.000     0  0.00  0  0   3.654  -9.754   0.052   0.000   0.000   0.000 01O000M000t
00018 PRO01A0010_001 f 0.00  0.000     0  0.00  0  0  -3.946   0.893   0.000   0.000   0.000   0.000 01O000M000t
00019 ARG01A0011_001 f 0.00  0.000     0  0.00  0  0   0.813  -9.126   0.448  -2.172   3.072   0.000 01O000M000t
00020 ARG02A0011_002 f 0.00  0.000     0  0.00  0  0   0.778  -9.024   0.448  -1.074   4.292   0.000 02O000M000t
00021 ARG03A0011_003 f 0.00  0.000     0  0.00  0  0   0.846  -9.224   0.448  -2.969   4.131   0.000 03O000M000t
00022 ARG+1A0011_004 f 0.00  1.000     0 12.50  0  1   0.737  -9.260   0.448  -4.539   4.500   0.000 +1O000M000t
00023 ASP01A0012_001 f 0.00  0.000     0  0.00  0  0  -2.929  -0.744   3.480   0.374  -0.492   0.000 01O000M000t
00024 ASP01A0012_002 f 0.00  0.000     0  0.00  0  0  -2.929  -0.744   0.760   0.250   0.489   0.000 01O000M000t
00025 ASP02A0012_003 f 0.00  0.000     0  0.00  0  0  -2.903  -0.952   3.480   0.526  -0.562   0.000 02O000M000t
00026 ASP02A0012_004 f 0.00  0.000     0  0.00  0  0  -2.903  -0.952   0.760   0.325   0.520   0.000 02O000M000t
00027 ASP-1A0012_005 f 0.00 -1.000     0  4.75  0 -1  -2.938  -0.915   0.760  -0.375   0.341   0.000 -1O000M000t
00028 ARG01A0013_001 f 0.00  0.000     0  0.00  0  0  -2.623  -3.002   0.996  -2.268   1.140   0.000 01O000M000t
00029 ARG02A0013_002 f 0.00  0.000     0  0.00  0  0  -2.647  -2.990   0.996  -2.219   2.234   0.000 02O000M000t
00030 ARG03A0013_003 f 0.00  0.000     0  0.00  0  0  -2.639  -3.167   0.996  -0.787   2.147   0.000 03O000M000t
00031 ARG+1A0013_004 f 0.00  1.000     0 12.50  0  1  -2.686  -3.012   0.996  -3.668   2.780   0.000 +1O000M000t
00032 LEU01A0014_001 f 0.00  0.000     0  0.00  0  0   2.003  -5.345   0.531   0.000   0.000   0.000 01O000M000t
00033 VAL01A0015_001 f 0.00  0.000     0  0.00  0  0  -4.697  -0.090   0.012   0.000   0.000   0.000 01O000M000t
00034 LEU01A0016_001 f 0.00  0.000     0  0.00  0  0  -1.287  -1.483   0.418   0.000   0.000   0.000 01O000M000t
00035 LYS01A0018_001 f 0.00  0.000     0  0.00  0  0  -5.727  -0.973   4.954  -0.021   0.063   0.000 01O000M000t
00036 LYS+1A0018_002 f 0.00  1.000     0 10.40  0  1  -5.789  -0.976   4.954   0.020  -0.114   0.000 +1O000M000t
00037 PRO01A0019_001 f 0.00  0.000     0  0.00  0  0  -4.659   0.323   0.000   0.000   0.000   0.000 01O000M000t
00038 LEU01A0020_001 f 0.00  0.000     0  0.00  0  0   0.485  -3.711   0.442   0.000   0.000   0.000 01O000M000t
00039 GLU01A0022_001 f 0.00  0.000     0  0.00  0  0  -2.250   2.661   6.052   0.198  -0.223   0.000 01O000M000t
00040 GLU01A0022_002 f 0.00  0.000     0  0.00  0  0  -2.250   2.661   3.332   0.148   0.729   0.000 01O000M000t
00041 GLU02A0022_003 f 0.00  0.000     0  0.00  0  0  -2.301   2.640   6.052  -0.041  -0.017   0.000 02O000M000t
00042 GLU02A0022_004 f 0.00  0.000     0  0.00  0  0  -2.301   2.640   3.332   0.118   0.441   0.000 02O000M000t
00043 GLU-1A0022_005 f 0.00 -1.000     0  4.75  0 -1  -2.316   2.691   3.332  -0.302   0.845   0.000 -1O000M000t
00044 ALA01A0024_001 f 0.00  0.000     0  0.00  0  0  -4.514  -0.389   0.000   0.000   0.000   0.000 01O000M000t
00045 PHE01A0025_001 f 0.00  0.000     0  0.00  0  0   3.000  44.743   0.230   0.000   0.000   0.000 01O000M000t
00046 GLN01A0027_001 f 0.00  0.000     0  0.00  0  0   1.482  -3.802   0.783   0.237   1.154   0.000 01O000M000t
00047 GLN01A0027_002 f 0.00  0.000     0  0.00  0  0   3.382  -3.912   0.783  -0.026   1.027   0.000 01R001M000t
00048 VAL01A0028_001 f 0.00  0.000     0  0.00  0  0   0.430  -2.404   0.043   0.000   0.000   0.000 01O000M000t
00049 VAL01A0029_001 f 0.00  0.000     0  0.00  0  0   0.413   6.652   0.022   0.000   0.000   0.000 01O000M000t
00050 ARG01A0030_001 f 0.00  0.000     0  0.00  0  0  -2.434  -4.192   1.445  -0.078   1.152   0.000 01O000M000t
00051 ARG02A0030_002 f 0.00  0.000     0  0.00  0  0  -2.483  -4.210   1.445   0.084   2.021   0.000 02O000M000t
00052 ARG03A0030_003 f 0.00  0.000     0  0.00  0  0  -2.393  -4.204   1.445  -0.025   1.718   0.000 03O000M000t
00053 ARG+1A0030_004 f 0.00  1.000     0 12.50  0  1  -2.523  -4.214   1.445   0.387   1.959   0.000 +1O000M000t
00054 ALA01A0031_001 f 0.00  0.000     0  0.00  0  0   0.000  -2.124   0.000   0.000   0.000   0.000 01O000M000t
00055 GLU01A0032_001 f 0.00  0.000     0  0.00  0  0   0.114  -3.935   3.257   0.215   0.923   0.000 01O000M000t
00056 GLU01A0032_002 f 0.00  0.000     0  0.00  0  0   0.114  -3.935   0.537   0.048   0.897   0.000 01O000M000t
00057 GLU02A0032_003 f 0.00  0.000     0  0.00  0  0  -0.408  -3.928   3.257   0.173   0.325   0.000 02O000M000t
00058 GLU02A0032_004 f 0.00  0.000     0  0.00  0  0  -0.408  -3.928   0.537   0.066   0.523   0.000 02O000M000t
00059 GLU-1A0032_005 f 0.00 -1.000     0  4.75  0 -1  -0.363  -3.890   0.537  -0.200   1.836   0.000 -1O000M000t
00060 ALA01A0033_001 f 0.00  0.000     0  0.00  0  0   0.000  -1.850   0.000   0.000   0.000   0.000 01O000M000t
00061 PHE01A0034_001 f 0.00  0.000     0  0.00  0  0   0.486  -7.783   0.024   0.000   0.000   0.000 01O000M000t
00062 MET01A0036_001 f 0.00  0.000     0  0.00  0  0  -0.938  -3.582   0.216   0.140   0.067   0.000 01O000M000t
00063 ASP01A0037_001 f 0.00  0.000     0  0.00  0  0  -1.807  -0.617   2.832   2.484   1.185   0.000 01O000M000t
00064 ASP01A0037_002 f 0.00  0.000     0  0.00  0  0  -1.807  -0.617   0.112   0.074   1.306   0.000 01O000M000t
00065 ASP02A0037_003 f 0.00  0.000     0  0.00  0  0  -1.782  -1.435   2.832  -0.941   0.573   0.000 02O000M000t
00066 ASP02A0037_004 f 0.00  0.000     0  0.00  0  0  -1.782  -1.435   0.112  -0.869   1.471   0.000 02O000M000t
00067 ASP-1A0037_005 f 0.00 -1.000     0  4.75  0 -1  -1.663  -1.359   0.112  -3.999   3.576   0.000 -1O000M000t
00068 PRO01A0038_001 f 0.00  0.000     0  0.00  0  0  -6.700   0.002   0.000   0.000   0.000   0.000 01O000M000t
00069 ALA01A0039_001 f 0.00  0.000     0  0.00  0  0  -3.603  -0.475   0.000   0.000   0.000   0.000 01O000M000t
00070 ARG01A0040_001 f 0.00  0.000     0  0.00  0  0  -7.370  -0.399   0.838   0.049  -0.127   0.000 01O000M000t
00071 ARG02A0040_002 f 0.00  0.000     0  0.00  0  0  -7.348  -0.405   0.838   0.040   0.839   0.000 02O000M000t
00072 ARG03A0040_003 f 0.00  0.000     0  0.00  0  0  -7.410  -0.406   0.838   0.074   1.001   0.000 03O000M000t
00073 ARG+1A0040_004 f 0.00  1.000     0 12.50  0  1  -7.453  -0.407   0.838   0.316   0.532   0.000 +1O000M000t
00074 PRO01A0041_001 f 0.00  0.000     0  0.00  0  0  -4.267  -1.904   0.000   0.000   0.000   0.000 01O000M000t
00075 ASP01A0042_001 f 0.00  0.000     0  0.00  0  0  -3.144  -0.089   3.417   0.290  -0.181   0.000 01O000M000t
00076 ASP01A0042_002 f 0.00  0.000     0  0.00  0  0  -3.144  -0.089   0.697   0.204   0.543   0.000 01O000M000t
00077 ASP02A0042_003 f 0.00  0.000     0  0.00  0  0  -3.239  -0.413   3.417   0.381  -0.504   0.000 02O000M000t
00078 ASP02A0042_004 f 0.00  0.000     0  0.00  0  0  -3.239  -0.413   0.697   0.261   0.758   0.000 02O000M000t
00079 ASP-1A0042_005 f 0.00 -1.000     0  4.75  0 -1  -3.072  -0.375   0.697  -0.163   0.357   0.000 -1O000M000t
00080 GLN01A0043_001 f 0.00  0.000     0  0.00  0  0  -1.571  -2.603   0.720  -0.041   0.507   0.000 01O000M000t
00081 GLN01A0043_002 f 0.00  0.000     0  0.00  0  0  -1.255  -2.693   0.728   0.203   0.148   0.000 01R001M000t
00082 ALA01A0044_001 f 0.00  0.000     0  0.00  0  0  -1.819  -0.722   0.000   0.000   0.000   0.000 01O000M000t
00083 SER01A0045_001 f 0.00  0.000     0  0.00  0  0  -1.763  -1.906   0.398  -0.442   1.267   0.000 01O000M000t
00084 THR01A0046_001 f 0.00  0.000     0  0.00  0  0  -3.518  -1.229   0.378  -0.172   0.078   0.000 01O000M000t
00085 VAL01A0047_001 f 0.00  0.000     0  0.00  0  0   0.555  -2.149   0.011   0.000   0.000   0.000 01O000M000t
00086 ALA01A0048_001 f 0.00  0.000     0  0.00  0  0   0.000  -2.261   0.000   0.000   0.000   0.000 01O000M000t
00087 VAL01A0049_001 f 0.00  0.000     0  0.00  0  0   0.510  -3.440   0.036   0.000   0.000   0.000 01O000M000t
00088 LYS01A0050_001 f 0.00  0.000     0  0.00  0  0   2.445  -1.085   2.113  -1.590   1.395   0.000 01O000M000t
00089 LYS+1A0050_002 f 0.00  1.000     0 10.40  0  1   2.367  -1.035   2.113  -1.987  10.348   0.000 +1O000M000t
00090 MET01A0051_001 f 0.00  0.000     0  0.00  0  0   0.155  -4.045   0.364   0.019   0.065   0.000 01O000M000t
00091 LEU01A0052_001 f 0.00  0.000     0  0.00  0  0   0.543  -3.235   0.424   0.000   0.000   0.000 01O000M000t
00092 LYS01A0053_001 f 0.00  0.000     0  0.00  0  0  -1.730  -0.526   4.083   0.728   0.394   0.000 01O000M000t
00093 LYS+1A0053_002 f 0.00  1.000     0 10.40  0  1  -1.781  -0.632   4.083  -1.181   1.839   0.000 +1O000M000t
00094 ASP01A0054_001 f 0.00  0.000     0  0.00  0  0  -2.733   6.692   3.648   0.499  -0.427   0.000 01O000M000t
00095 ASP01A0054_002 f 0.00  0.000     0  0.00  0  0  -2.733   6.692   0.928   0.320   0.330   0.000 01O000M000t
00096 ASP02A0054_003 f 0.00  0.000     0  0.00  0  0  -2.735   5.234   3.648   0.339  -0.497   0.000 02O000M000t
00097 ASP02A0054_004 f 0.00  0.000     0  0.00  0  0  -2.735   5.234   0.928   0.232   0.664   0.000 02O000M000t
00098 ASP-1A0054_005 f 0.00 -1.000     0  4.75  0 -1  -2.726   5.270   0.928  -1.014   0.199   0.000 -1O000M000t
00099 ASN01A0055_001 f 0.00  0.000     0  0.00  0  0  -3.523   0.138   1.259   0.270  -0.140   0.000 01O000M000t
00100 ASN01A0055_002 f 0.00  0.000     0  0.00  0  0  -3.726   0.189   1.258   0.043  -0.230   0.000 01R001M000t
00101 ALA01A0056_001 f 0.00  0.000     0  0.00  0  0  -0.258  -1.756   0.000   0.000   0.000   0.000 01O000M000t
00102 SER01A0057_001 f 0.00  0.000     0  0.00  0  0  -2.467  -0.296   0.378  -0.195   0.950   0.000 01O000M000t
00103 SER01A0057_002 f 0.00  0.000     0  0.00  0  0  -2.467  -0.296   0.003  -1.729   0.688   0.000 01O000M000t
00104 ASP01A0058_001 f 0.00  0.000     0  0.00  0  0  -3.441   2.278   5.254   0.656  -0.205   0.000 01O000M000t
00105 ASP01A0058_002 f 0.00  0.000     0  0.00  0  0  -3.441   2.278   2.534   0.242   0.244   0.000 01O000M000t
00106 ASP02A0058_003 f 0.00  0.000     0  0.00  0  0  -3.454   1.583   5.254   0.320  -0.789   0.000 02O000M000t
00107 ASP02A0058_004 f 0.00  0.000     0  0.00  0  0  -3.454   1.583   2.534   0.223   0.655   0.000 02O000M000t
00108 ASP-1A0058_005 f 0.00 -1.000     0  4.75  0 -1  -3.418   1.614   2.534  -0.549  -0.069   0.000 -1O000M000t
00109 LYS01A0059_001 f 0.00  0.000     0  0.00  0  0  -5.495  -1.357   1.966  -0.151   0.149   0.000 01O000M000t
00110 LYS+1A0059_002 f 0.00  1.000     0 10.40  0  1  -5.541  -1.365   1.966   0.913   0.218   0.000 +1O000M000t
00111 ASP01A0060_001 f 0.00  0.000     0  0.00  0  0  -0.804   3.148   3.365  -0.739   0.126   0.000 01O000M000t
00112 ASP01A0060_002 f 0.00  0.000     0  0.00  0  0  -0.804   3.148   0.645  -1.037   0.963   0.000 01O000M000t
00113 ASP02A0060_003 f 0.00  0.000     0  0.00  0  0  -0.725 999.000   3.365   6.067   1.519   0.000 02O000M000t
00114 ASP02A0060_004 f 0.00  0.000     0  0.00  0  0  -0.725   5.385   0.645  -0.518   1.030   0.000 02O000M000t
00115 ASP-1A0060_005 f 0.00 -1.000     0  4.75  0 -1  -0.801   3.032   0.645  -4.588   3.134   0.000 -1O000M000t
00116 LEU01A0061_001 f 0.00  0.000     0  0.00  0  0  -2.008  -2.491   0.377   0.000   0.000   0.000 01O000M000t
00117 ALA01A0062_001 f 0.00  0.000     0  0.00  0  0  -3.448  -1.603   0.000   0.000   0.000   0.000 01O000M000t
00118 ASP01A0063_001 f 0.00  0.000     0  0.00  0  0  -1.082  -1.850   3.139   0.509   0.544   0.000 01O000M000t
00119 ASP01A0063_002 f 0.00  0.000     0  0.00  0  0  -1.082  -1.850   0.419   0.110   0.469   0.000 01O000M000t
00120 ASP02A0063_003 f 0.00  0.000     0  0.00  0  0  -0.950  -2.376   3.139   0.184   0.048   0.000 02O000M000t
00121 ASP02A0063_004 f 0.00  0.000     0  0.00  0  0  -0.950  -2.376   0.419   0.081   0.897   0.000 02O000M000t
00122 ASP-1A0063_005 f 0.00 -1.000     0  4.75  0 -1  -1.007  -2.302   0.419  -0.459   2.332   0.000 -1O000M000t
00123 LEU01A0064_001 f 0.00  0.000     0  0.00  0  0   1.360  -5.525   0.428   0.000   0.000   0.000 01O000M000t
00124 VAL01A0065_001 f 0.00  0.000     0  0.00  0  0  -1.400   2.302   0.163   0.000   0.000   0.000 01O000M000t
00125 SER01A0066_001 f 0.00  0.000     0  0.00  0  0  -2.533  -1.524   0.607   0.009   1.047   0.000 01O000M000t
00126 GLU01A0067_001 f 0.00  0.000     0  0.00  0  0   1.845  -4.025   3.294   1.316   3.016   0.000 01O000M000t
00127 GLU01A0067_002 f 0.00  0.000     0  0.00  0  0   1.845  -4.025   0.574   0.908   3.069   0.000 01O000M000t
00128 GLU02A0067_003 f 0.00  0.000     0  0.00  0  0   1.481  -3.986   3.294  -0.361   2.992   0.000 02O000M000t
00129 GLU02A0067_004 f 0.00  0.000     0  0.00  0  0   1.481  -3.986   0.574  -0.260   3.063   0.000 02O000M000t
00130 GLU-1A0067_005 f 0.00 -1.000     0  4.75  0 -1   1.410  -3.931   0.574   2.308  15.090   0.000 -1O000M000t
00131 MET01A0068_001 f 0.00  0.000     0  0.00  0  0   0.401  -3.610   0.435   0.030   0.093   0.000 01O000M000t
00132 GLU01A0069_001 f 0.00  0.000     0  0.00  0  0  -0.833  -1.463   4.031   0.115   0.531   0.000 01O000M000t
00133 GLU01A0069_002 f 0.00  0.000     0  0.00  0  0  -0.833  -1.463   1.311   0.044   1.569   0.000 01O000M000t
00134 GLU02A0069_003 f 0.00  0.000     0  0.00  0  0  -0.989  -1.629   4.031   0.006   1.002   0.000 02O000M000t
00135 GLU02A0069_004 f 0.00  0.000     0  0.00  0  0  -0.989  -1.629   1.311   0.126   1.460   0.000 02O000M000t
00136 GLU-1A0069_005 f 0.00 -1.000     0  4.75  0 -1  -1.006  -1.570   1.311  -0.416   3.359   0.000 -1O000M000t
00137 VAL01A0070_001 f 0.00  0.000     0  0.00  0  0  -1.728   1.035   0.409   0.000   0.000   0.000 01O000M000t
00138 MET01A0071_001 f 0.00  0.000     0  0.00  0  0   0.663  -1.468   0.706  -0.036   0.094   0.000 01O000M000t
00139 LYS01A0072_001 f 0.00  0.000     0  0.00  0  0   0.122  -3.417   1.542  -0.072   0.786   0.000 01O000M000t
00140 LYS+1A0072_002 f 0.00  1.000     0 10.40  0  1   0.073  -3.430   1.542   0.926   4.842   0.000 +1O000M000t
00141 LEU01A0073_001 f 0.00  0.000     0  0.00  0  0  -5.505  -3.635   0.943   0.000   0.000   0.000 01O000M000t
00142 ILE01A0074_001 f 0.00  0.000     0  0.00  0  0   7.339   4.195   1.941   0.000   0.000   0.000 01O000M000t
00143 ARG01A0076_001 f 0.00  0.000     0  0.00  0  0  -8.463   0.107   4.783   0.055  -0.097   0.000 01O000M000t
00144 ARG02A0076_002 f 0.00  0.000     0  0.00  0  0  -8.475   0.099   4.783   0.038   0.898   0.000 02O000M000t
00145 ARG03A0076_003 f 0.00  0.000     0  0.00  0  0  -8.479   0.099   4.783   0.029   0.886   0.000 03O000M000t
00146 ARG+1A0076_004 f 0.00  1.000     0 12.50  0  1  -8.521   0.098   4.783   0.080  -0.107   0.000 +1O000M000t
00147 HIS01A0077_001 f 0.00  0.000     0  0.00  0  0  -1.499  -5.308   0.102  -2.226   2.812   0.000 01O000M000t
00148 HIS02A0077_002 f 0.00  0.000     0  0.00  0  0  -1.518  -5.450   0.102   2.685   2.507   0.000 02O000M000t
00149 HIS+1A0077_003 f 0.00  1.000     0  6.98  0  1  -1.545  -5.469   0.102   5.842   5.508   0.000 +1O000M000t
00150 LYS01A0078_001 f 0.00  0.000     0  0.00  0  0  -2.914  -0.298   1.630  -0.053   0.214   0.000 01O000M000t
00151 LYS+1A0078_002 f 0.00  1.000     0 10.40  0  1  -2.961  -0.301   1.630   0.265   0.468   0.000 +1O000M000t
00152 ASN01A0079_001 f 0.00  0.000     0  0.00  0  0   0.179  -4.081   0.808  -1.622   2.498   0.000 01O000M000t
00153 ASN01A0079_002 f 0.00  0.000     0  0.00  0  0   0.443  -4.953   0.812   1.262   2.671   0.000 01R001M000t
00154 ILE01A0080_001 f 0.00  0.000     0  0.00  0  0   4.493  -2.840   0.695   0.000   0.000   0.000 01O000M000t
00155 ILE01A0081_001 f 0.00  0.000     0  0.00  0  0   5.738   1.265   1.579   0.000   0.000   0.000 01O000M000t
00156 ASN01A0082_001 f 0.00  0.000     0  0.00  0  0   0.051  -4.680   0.928  -1.162   2.049   0.000 01O000M000t
00157 ASN01A0082_002 f 0.00  0.000     0  0.00  0  0  -0.069  -3.764   0.939   2.323   1.723   0.000 01R001M000t
00158 LEU01A0083_001 f 0.00  0.000     0  0.00  0  0   1.734  -5.905   0.580   0.000   0.000   0.000 01O000M000t
00159 LEU01A0084_001 f 0.00  0.000     0  0.00  0  0  -1.291  -3.624   0.695   0.000   0.000   0.000 01O000M000t
00160 VAL01A0086_001 f 0.00  0.000     0  0.00  0  0   0.617  -1.476   0.004   0.000   0.000   0.000 01O000M000t
00161 CYS01A0087_001 f 0.00  0.000     0  0.00  0  0  -0.002  -3.441   0.036  -1.079   0.963   0.000 01O000M000t
00162 CYS01A0087_002 f 0.00  0.000     0  0.00  0  0  -0.002  -3.385   0.036   0.246   0.955   0.000 01O000M000t
00163 CYS01A0087_003 f 0.00  0.000     0  0.00  0  0  -0.002  -3.377   0.036   0.098   0.963   0.000 01O000M000t
00164 CYS-1A0087_004 f 0.00 -1.000     0  9.10  0 -1   0.000  -3.297   0.036  -0.190  11.699   0.000 -1O000M000t
00165 THR01A0088_001 f 0.00  0.000     0  0.00  0  0   0.186  -1.596   0.377   0.767   1.714   0.000 01O000M000t
00166 THR01A0088_002 f 0.00  0.000     0  0.00  0  0   0.186  -1.596   0.377   0.043   1.817   0.000 01O000M000t
00167 THR01A0088_003 f 0.00  0.000     0  0.00  0  0   0.186  -1.596   0.003  -1.363   1.446   0.000 01O000M000t
00168 GLN01A0089_001 f 0.00  0.000     0  0.00  0  0  -0.606  -3.860   0.921   0.072   1.459   0.000 01O000M000t
00169 GLN01A0089_002 f 0.00  0.000     0  0.00  0  0  -0.691  -3.910   0.935   0.116   1.380   0.000 01R001M000t
00170 GLU01A0090_001 f 0.00  0.000     0  0.00  0  0  -1.834   2.005   3.097   0.044  -0.411   0.000 01O000M000t
00171 GLU01A0090_002 f 0.00  0.000     0  0.00  0  0  -1.834   2.005   0.377   0.046   0.447   0.000 01O000M000t
00172 GLU02A0090_003 f 0.00  0.000     0  0.00  0  0  -2.247   2.018   3.097   0.090  -0.677   0.000 02O000M000t
00173 GLU02A0090_004 f 0.00  0.000     0  0.00  0  0  -2.247   2.018   0.377   0.053   0.512   0.000 02O000M000t
00174 GLU-1A0090_005 f 0.00 -1.000     0  4.75  0 -1  -2.230   2.036   0.377  -0.146  -0.187   0.000 -1O000M000t
00175 PRO01A0092_001 f 0.00  0.000     0  0.00  0  0  -4.356  -1.015   0.000   0.000   0.000   0.000 01O000M000t
00176 LEU01A0093_001 f 0.00  0.000     0  0.00  0  0   1.637  -4.550   0.553   0.000   0.000   0.000 01O000M000t
00177 TYR01A0094_001 f 0.00  0.000     0  0.00  0  0   2.781  -3.792   0.135   0.488   1.137   0.000 01O000M000t
00178 TYR-1A0094_002 f 0.00 -1.000     0 10.20  0 -1   2.781  -3.792   0.135   1.199   4.554   0.000 -1O000M000t
00179 VAL01A0095_001 f 0.00  0.000     0  0.00  0  0   0.558  -2.253   0.022   0.000   0.000   0.000 01O000M000t
00180 ILE01A0096_001 f 0.00  0.000     0  0.00  0  0   2.169  -4.019   0.674   0.000   0.000   0.000 01O000M000t
00181 VAL01A0097_001 f 0.00  0.000     0  0.00  0  0   0.648   1.953   0.250   0.000   0.000   0.000 01O000M000t
00182 GLU01A0098_001 f 0.00  0.000     0  0.00  0  0  -0.726  -3.968   3.911   3.451   1.677   0.000 01O000M000t
00183 GLU01A0098_002 f 0.00  0.000     0  0.00  0  0  -0.726  -3.968   1.191  -0.847   2.109   0.000 01O000M000t
00184 GLU02A0098_003 f 0.00  0.000     0  0.00  0  0  -0.723  -4.215   3.911  -0.138   0.670   0.000 02O000M000t
00185 GLU02A0098_004 f 0.00  0.000     0  0.00  0  0  -0.723  -4.215   1.191  -0.301   1.920   0.000 02O000M000t
00186 GLU-1A0098_005 f 0.00 -1.000     0  4.75  0 -1  -0.806  -4.165   1.191  -1.189   5.832   0.000 -1O000M000t
00187 CYS01A0099_001 f 0.00  0.000     0  0.00  0  0  -0.146  -3.963   0.429  -0.140   0.356   0.000 01O000M000t
00188 CYS01A0099_002 f 0.00  0.000     0  0.00  0  0  -0.146  -3.914   0.429  -0.169   0.812   0.000 01O000M000t
00189 CYS01A0099_003 f 0.00  0.000     0  0.00  0  0  -0.146  -3.899   0.429  -0.533   0.757   0.000 01O000M000t
00190 CYS-1A0099_004 f 0.00 -1.000     0  9.10  0 -1  -0.144  -3.866   0.429  -2.777   5.761   0.000 -1O000M000t
00191 ALA01A0100_001 f 0.00  0.000     0  0.00  0  0   0.000  -1.024   0.000   0.000   0.000   0.000 01O000M000t
00192 ALA01A0101_001 f 0.00  0.000     0  0.00  0  0  -2.472  -1.111   0.000   0.000   0.000   0.000 01O000M000t
00193 LYS01A0102_001 f 0.00  0.000     0  0.00  0  0  -2.576  -4.791   1.035   0.026   0.193   0.000 01O000M000t
00194 LYS+1A0102_002 f 0.00  1.000     0 10.40  0  1  -2.621  -4.807   1.035  -0.318   2.776   0.000 +1O000M000t
00195 ASN01A0104_001 f 0.00  0.000     0  0.00  0  0  -0.171  -5.069   1.255  -2.534   1.520   0.000 01O000M000t
00196 ASN01A0104_002 f 0.00  0.000     0  0.00  0  0  -0.324  -2.953   1.171   3.055   0.867   0.000 01R001M000t
00197 LEU01A0105_001 f 0.00  0.000     0  0.00  0  0   1.866  -3.621   0.488   0.000   0.000   0.000 01O000M000t
00198 ARG01A0106_001 f 0.00  0.000     0  0.00  0  0   0.004  -3.990   1.701   0.379   1.868   0.000 01O000M000t
00199 ARG02A0106_002 f 0.00  0.000     0  0.00  0  0  -0.016  -3.992   1.701   0.434   2.472   0.000 02O000M000t
00200 ARG03A0106_003 f 0.00  0.000     0  0.00  0  0  -0.013  -3.916   1.701   1.059   2.728   0.000 03O000M000t
00201 ARG+1A0106_004 f 0.00  1.000     0 12.50  0  1  -0.059  -4.002   1.701   0.448   2.954   0.000 +1O000M000t
00202 GLU01A0107_001 f 0.00  0.000     0  0.00  0  0  -1.295  -1.476   4.118   0.157  -0.175   0.000 01O000M000t
00203 GLU01A0107_002 f 0.00  0.000     0  0.00  0  0  -1.295  -1.476   1.398   0.057   1.184   0.000 01O000M000t
00204 GLU02A0107_003 f 0.00  0.000     0  0.00  0  0  -1.197  -1.614   4.118   0.652   0.214   0.000 02O000M000t
00205 GLU02A0107_004 f 0.00  0.000     0  0.00  0  0  -1.197  -1.614   1.398   0.165   1.176   0.000 02O000M000t
00206 GLU-1A0107_005 f 0.00 -1.000     0  4.75  0 -1  -1.301  -1.565   1.398  -0.665   2.257   0.000 -1O000M000t
00207 PHE01A0108_001 f 0.00  0.000     0  0.00  0  0   3.863  -5.541   0.182   0.000   0.000   0.000 01O000M000t
00208 LEU01A0109_001 f 0.00  0.000     0  0.00  0  0   1.767  -5.378   0.459   0.000   0.000   0.000 01O000M000t
00209 ARG01A0110_001 f 0.00  0.000     0  0.00  0  0  -2.333  -5.795   0.916  -1.319   0.984   0.000 01O000M000t
00210 ARG02A0110_002 f 0.00  0.000     0  0.00  0  0  -2.377  -5.803   0.916  -1.285   2.239   0.000 02O000M000t
00211 ARG03A0110_003 f 0.00  0.000     0  0.00  0  0  -2.283  -5.749   0.916   1.078   2.013   0.000 03O000M000t
00212 ARG+1A0110_004 f 0.00  1.000     0 12.50  0  1  -2.416  -5.807   0.916  -2.655   1.923   0.000 +1O000M000t
00213 ALA01A0111_001 f 0.00  0.000     0  0.00  0  0  -2.675  -1.109   0.000   0.000   0.000   0.000 01O000M000t
00214 ARG01A0112_001 f 0.00  0.000     0  0.00  0  0  -1.615  -3.610   1.057  -1.055   1.334   0.000 01O000M000t
00215 ARG02A0112_002 f 0.00  0.000     0  0.00  0  0  -1.520  -3.496   1.057   0.586   2.361   0.000 02O000M000t
00216 ARG03A0112_003 f 0.00  0.000     0  0.00  0  0  -1.635  -3.608   1.057  -1.000   2.524   0.000 03O000M000t
00217 ARG03A0112_004 f 0.00  0.000     0  0.00  0  0  -1.632  -3.613   1.057  -1.051   2.524   0.000 03O000M000t
00218 ARG+1A0112_005 f 0.00  1.000     0 12.50  0  1  -1.674  -3.618   1.057  -2.129   2.184   0.000 +1O000M000t
00219 ARG01A0113_001 f 0.00  0.000     0  0.00  0  0  -3.767  -6.871   1.238   1.108   1.921   0.000 01O000M000t
00220 ARG02A0113_002 f 0.00  0.000     0  0.00  0  0  -3.806  -6.870   1.238  -1.464   2.698   0.000 02O000M000t
00221 ARG03A0113_003 f 0.00  0.000     0  0.00  0  0  -3.807  -6.622   1.238   0.292   2.217   0.000 03O000M000t
00222 ARG+1A0113_004 f 0.00  1.000     0 12.50  0  1  -3.849  -6.878   1.238  -4.996   4.339   0.000 +1O000M000t
00223 PRO01A0114_001 f 0.00  0.000     0  0.00  0  0  -3.394  -2.149   0.000   0.000   0.000   0.000 01O000M000t
00224 PRO01A0115_001 f 0.00  0.000     0  0.00  0  0  -1.945  -4.023   0.000   0.000   0.000   0.000 01O000M000t
00225 PRO01A0117_001 f 0.00  0.000     0  0.00  0  0  -7.728   0.252   0.000   0.000   0.000   0.000 01O000M000t
00226 ASP01A0118_001 f 0.00  0.000     0  0.00  0  0  -3.879  -0.273   3.712   0.535  -0.662   0.000 01O000M000t
00227 ASP01A0118_002 f 0.00  0.000     0  0.00  0  0  -3.879  -0.273   0.992   0.401   0.188   0.000 01O000M000t
00228 ASP02A0118_003 f 0.00  0.000     0  0.00  0  0  -3.913   0.163   3.712   0.671  -0.435   0.000 02O000M000t
00229 ASP02A0118_004 f 0.00  0.000     0  0.00  0  0  -3.913   0.163   0.992   0.357   0.478   0.000 02O000M000t
00230 ASP-1A0118_005 f 0.00 -1.000     0  4.75  0 -1  -3.867  -0.250   0.992  -0.008  -0.112   0.000 -1O000M000t
00231 LEU01A0119_001 f 0.00  0.000     0  0.00  0  0  -0.148  -3.809   0.889   0.000   0.000   0.000 01O000M000t
00232 SER01A0120_001 f 0.00  0.000     0  0.00  0  0  -4.823  -0.997   0.596   0.151   0.402   0.000 01O000M000t
00233 SER01A0120_002 f 0.00  0.000     0  0.00  0  0  -4.823  -0.997   0.596  -0.308   0.060   0.000 01O000M000t
00234 PRO01A0121_001 f 0.00  0.000     0  0.00  0  0  -5.638   0.076   0.000   0.000   0.000   0.000 01O000M000t
00235 ASP01A0122_001 f 0.00  0.000     0  0.00  0  0  -3.717   0.330   3.151   0.864  -0.376   0.000 01O000M000t
00236 ASP01A0122_002 f 0.00  0.000     0  0.00  0  0  -3.717   0.330   0.431   0.238   0.406   0.000 01O000M000t
00237 ASP02A0122_003 f 0.00  0.000     0  0.00  0  0  -3.579  -0.093   3.151   0.122  -0.621   0.000 02O000M000t
00238 ASP02A0122_004 f 0.00  0.000     0  0.00  0  0  -3.579  -0.093   0.431   0.145   0.515   0.000 02O000M000t
00239 ASP-1A0122_005 f 0.00 -1.000     0  4.75  0 -1  -3.646  -0.051   0.431  -0.424  -0.006   0.000 -1O000M000t
00240 PRO01A0124_001 f 0.00  0.000     0  0.00  0  0  -6.484   0.064   0.000   0.000   0.000   0.000 01O000M000t
00241 ARG01A0125_001 f 0.00  0.000     0  0.00  0  0  -7.639   1.108   0.883   0.028   0.367   0.000 01O000M000t
00242 ARG02A0125_002 f 0.00  0.000     0  0.00  0  0  -7.655   1.106   0.883   0.032   1.459   0.000 02O000M000t
00243 ARG02A0125_003 f 0.00  0.000     0  0.00  0  0  -7.558   1.110   0.883   0.020   1.059   0.000 02O000M000t
00244 ARG03A0125_004 f 0.00  0.000     0  0.00  0  0  -7.664   1.104   0.883   0.030   1.399   0.000 03O000M000t
00245 ARG+1A0125_005 f 0.00  1.000     0 12.50  0  1  -7.703   1.104   0.883   0.067   0.561   0.000 +1O000M000t
00246 SER01A0126_001 f 0.00  0.000     0  0.00  0  0  -0.588   2.496   0.511   0.730   0.406   0.000 01O000M000t
00247 SER01A0127_001 f 0.00  0.000     0  0.00  0  0  -4.830  -0.322   0.430  -0.254   0.033   0.000 01O000M000t
00248 GLU01A0128_001 f 0.00  0.000     0  0.00  0  0  -0.406  -0.602   5.258   0.110   0.527   0.000 01O000M000t
00249 GLU01A0128_002 f 0.00  0.000     0  0.00  0  0  -0.406  -0.602   2.538   0.055   0.941   0.000 01O000M000t
00250 GLU02A0128_003 f 0.00  0.000     0  0.00  0  0  -0.889  -0.578   5.258   0.072  -0.095   0.000 02O000M000t
00251 GLU02A0128_004 f 0.00  0.000     0  0.00  0  0  -0.889  -0.578   2.538   0.047   1.182   0.000 02O000M000t
00252 GLU-1A0128_005 f 0.00 -1.000     0  4.75  0 -1  -0.809  -0.556   2.538  -0.058   0.910   0.000 -1O000M000t
00253 PRO01A0130_001 f 0.00  0.000     0  0.00  0  0  -3.377  -2.081   0.000   0.000   0.000   0.000 01O000M000t
00254 LEU01A0131_001 f 0.00  0.000     0  0.00  0  0   1.660  -3.950   0.423   0.000   0.000   0.000 01O000M000t
00255 SER01A0132_001 f 0.00  0.000     0  0.00  0  0  -2.574  -1.212   0.375  -0.419   0.704   0.000 01O000M000t
00256 PHE01A0133_001 f 0.00  0.000     0  0.00  0  0   1.115  -3.683   0.000   0.000   0.000   0.000 01O000M000t
00257 PRO01A0134_001 f 0.00  0.000     0  0.00  0  0  -2.770  -2.406   0.000   0.000   0.000   0.000 01O000M000t
00258 VAL01A0135_001 f 0.00  0.000     0  0.00  0  0  -2.778  -0.674   0.195   0.000   0.000   0.000 01O000M000t
00259 LEU01A0136_001 f 0.00  0.000     0  0.00  0  0   1.465  -4.413   0.403   0.000   0.000   0.000 01O000M000t
00260 VAL01A0137_001 f 0.00  0.000     0  0.00  0  0   0.776  -0.984   0.084   0.000   0.000   0.000 01O000M000t
00261 SER01A0138_001 f 0.00  0.000     0  0.00  0  0  -1.615  -1.635   0.733  -0.146   0.779   0.000 01O000M000t
00262 SER01A0138_002 f 0.00  0.000     0  0.00  0  0  -1.615  -1.635   0.358  -0.520   0.062   0.000 01O000M000t
00263 CYS01A0139_001 f 0.00  0.000     0  0.00  0  0  -0.002  -2.739   0.211  -0.119   0.634   0.000 01O000M000t
00264 CYS01A0139_002 f 0.00  0.000     0  0.00  0  0  -0.002  -2.821   0.211  -0.604   0.657   0.000 01O000M000t
00265 CYS01A0139_003 f 0.00  0.000     0  0.00  0  0  -0.002  -2.728   0.211  -0.049   0.861   0.000 01O000M000t
00266 CYS-1A0139_004 f 0.00 -1.000     0  9.10  0 -1   0.000  -2.702   0.211  -1.264   8.041   0.000 -1O000M000t
00267 ALA01A0140_001 f 0.00  0.000     0  0.00  0  0   0.000  -1.423   0.000   0.000   0.000   0.000 01O000M000t
00268 TYR01A0141_001 f 0.00  0.000     0  0.00  0  0   2.155  -8.144   0.118   0.202   1.139   0.000 01O000M000t
00269 TYR-1A0141_002 f 0.00 -1.000     0 10.20  0 -1   2.155  -8.144   0.118  -0.157   4.036   0.000 -1O000M000t
00270 GLN01A0142_001 f 0.00  0.000     0  0.00  0  0   0.226  -2.191   0.770  -1.897   2.104   0.000 01O000M000t
00271 GLN01A0142_002 f 0.00  0.000     0  0.00  0  0   0.491   0.370   0.834   0.965   1.856   0.000 01R001M000t
00272 VAL01A0143_001 f 0.00  0.000     0  0.00  0  0   0.566  -1.110   0.140   0.000   0.000   0.000 01O000M000t
00273 ALA01A0144_001 f 0.00  0.000     0  0.00  0  0   0.000  -2.524   0.000   0.000   0.000   0.000 01O000M000t
00274 ARG01A0145_001 f 0.00  0.000     0  0.00  0  0  -0.306  -3.869   1.723  -0.067   0.990   0.000 01O000M000t
00275 ARG02A0145_002 f 0.00  0.000     0  0.00  0  0  -0.337  -3.886   1.723  -0.089   2.396   0.000 02O000M000t
00276 ARG02A0145_003 f 0.00  0.000     0  0.00  0  0  -0.239  -3.881   1.723  -0.101   2.068   0.000 02O000M000t
00277 ARG03A0145_004 f 0.00  0.000     0  0.00  0  0  -0.346  -3.886   1.723  -0.117   2.131   0.000 03O000M000t
00278 ARG+1A0145_005 f 0.00  1.000     0 12.50  0  1  -0.385  -3.889   1.723   0.350   1.896   0.000 +1O000M000t
00279 MET01A0147_001 f 0.00  0.000     0  0.00  0  0   0.369  -4.558   0.395   0.025   0.098   0.000 01O000M000t
00280 GLN01A0148_001 f 0.00  0.000     0  0.00  0  0   0.215  -4.238   0.419   0.105   0.904   0.000 01O000M000t
00281 GLN01A0148_002 f 0.00  0.000     0  0.00  0  0   1.190  -4.377   0.414   0.063   0.851   0.000 01R001M000t
00282 TYR01A0149_001 f 0.00  0.000     0  0.00  0  0   2.475  -1.362   0.018   1.712   1.834   0.000 01O000M000t
00283 TYR01A0149_002 f 0.00  0.000     0  0.00  0  0   2.475  -1.362   0.018  -1.848   2.088   0.000 01O000M000t
00284 TYR-1A0149_003 f 0.00 -1.000     0 10.20  0 -1   2.475  -1.362   0.018   3.938   7.179   0.000 -1O000M000t
00285 LEU01A0150_001 f 0.00  0.000     0  0.00  0  0   1.175  -3.294   0.583   0.000   0.000   0.000 01O000M000t
00286 GLU01A0151_001 f 0.00  0.000     0  0.00  0  0   0.885  -3.672   2.945   0.050   1.019   0.000 01O000M000t
00287 GLU01A0151_002 f 0.00  0.000     0  0.00  0  0   0.885  -3.672   0.225   0.443   0.996   0.000 01O000M000t
00288 GLU02A0151_003 f 0.00  0.000     0  0.00  0  0   0.479  -3.624   2.945  -0.326   0.550   0.000 02O000M000t
00289 GLU02A0151_004 f 0.00  0.000     0  0.00  0  0   0.479  -3.624   0.225  -0.073   1.512   0.000 02O000M000t
00290 GLU-1A0151_005 f 0.00 -1.000     0  4.75  0 -1   0.453  -3.575   0.225  -1.826   3.311   0.000 -1O000M000t
00291 SER01A0152_001 f 0.00  0.000     0  0.00  0  0  -2.099   1.682   1.070  -2.428   1.676   0.000 01O000M000t
00292 SER01A0152_002 f 0.00  0.000     0  0.00  0  0  -2.099   1.682   1.070   0.251   1.593   0.000 01O000M000t
00293 SER01A0152_003 f 0.00  0.000     0  0.00  0  0  -2.099   1.682   0.695  -0.132   0.771   0.000 01O000M000t
00294 ARG01A0153_001 f 0.00  0.000     0  0.00  0  0  -3.823  -5.201   0.636   0.408   0.951   0.000 01O000M000t
00295 ARG02A0153_002 f 0.00  0.000     0  0.00  0  0  -3.838  -5.231   0.636  -0.097   1.983   0.000 02O000M000t
00296 ARG03A0153_003 f 0.00  0.000     0  0.00  0  0  -3.846  -5.240   0.636  -0.118   1.851   0.000 03O000M000t
00297 ARG03A0153_004 f 0.00  0.000     0  0.00  0  0  -3.843  -5.236   0.636   0.007   1.844   0.000 03O000M000t
00298 ARG+1A0153_005 f 0.00  1.000     0 12.50  0  1  -3.885  -5.244   0.636  -1.362   1.742   0.000 +1O000M000t
00299 LYS01A0154_001 f 0.00  0.000     0  0.00  0  0  -8.752   0.859   1.288   0.013   0.121   0.000 01O000M000t
00300 LYS+1A0154_002 f 0.00  1.000     0 10.40  0  1  -8.798   0.850   1.288  -0.065  -0.063   0.000 +1O000M000t
00301 CYS01A0155_001 f 0.00  0.000     0  0.00  0  0  -0.146  -2.693   0.068  -0.004   0.926   0.000 01O000M000t
00302 CYS01A0155_002 f 0.00  0.000     0  0.00  0  0  -0.146  -2.635   0.068  -0.367   0.701   0.000 01O000M000t
00303 CYS01A0155_003 f 0.00  0.000     0  0.00  0  0  -0.146  -2.613   0.068  -0.339   0.921   0.000 01O000M000t
00304 CYS-1A0155_004 f 0.00 -1.000     0  9.10  0 -1  -0.144  -2.592   0.068  -0.727   9.163   0.000 -1O000M000t
00305 ILE01A0156_001 f 0.00  0.000     0  0.00  0  0   1.809  -3.563   0.477   0.000   0.000   0.000 01O000M000t
00306 HIS01A0157_001 f 0.00  0.000     0  0.00  0  0  -0.196  -4.819   0.200  -3.899   3.961   0.000 01O000M000t
00307 HIS02A0157_002 f 0.00  0.000     0  0.00  0  0  -0.213  -5.264   0.200   5.258   3.959   0.000 02O000M000t
00308 HIS+1A0157_003 f 0.00  1.000     0  6.98  0  1  -0.239  -5.038   0.200   2.333  12.063   0.000 +1O000M000t
00309 ARG01A0158_001 f 0.00  0.000     0  0.00  0  0  -0.757  -1.252   0.572   0.442   2.431   0.000 01O000M000t
00310 ARG02A0158_002 f 0.00  0.000     0  0.00  0  0  -0.827  -1.275   0.572   0.148   2.953   0.000 02O000M000t
00311 ARG03A0158_003 f 0.00  0.000     0  0.00  0  0  -0.828  -1.180   0.572   0.012   2.780   0.000 03O000M000t
00312 ARG+1A0158_004 f 0.00  1.000     0 12.50  0  1  -0.871  -1.281   0.572   0.155   4.529   0.000 +1O000M000t
00313 ASP01A0159_001 f 0.00  0.000     0  0.00  0  0  -0.372   0.963   3.082   0.693   0.678   0.000 01O000M000t
00314 ASP01A0159_002 f 0.00  0.000     0  0.00  0  0  -0.372   0.963   0.362   0.125   2.117   0.000 01O000M000t
00315 ASP02A0159_003 f 0.00  0.000     0  0.00  0  0  -0.331   0.590   3.082  -0.273   1.090   0.000 02O000M000t
00316 ASP02A0159_004 f 0.00  0.000     0  0.00  0  0  -0.331   0.590   0.362  -0.008   2.298   0.000 02O000M000t
00317 ASP-1A0159_005 f 0.00 -1.000     0  4.75  0 -1  -0.386   0.652   0.362  -0.528   6.284   0.000 -1O000M000t
00318 LEU01A0160_001 f 0.00  0.000     0  0.00  0  0   1.749  -4.294   0.495   0.000   0.000   0.000 01O000M000t
00319 ALA01A0161_001 f 0.00  0.000     0  0.00  0  0   0.000  -1.243   0.000   0.000   0.000   0.000 01O000M000t
00320 ALA01A0162_001 f 0.00  0.000     0  0.00  0  0   0.000  -1.755   0.000   0.000   0.000   0.000 01O000M000t
00321 ARG01A0163_001 f 0.00  0.000     0  0.00  0  0  -1.753  -1.099   3.389  -0.149   1.078   0.000 01O000M000t
00322 ARG02A0163_002 f 0.00  0.000     0  0.00  0  0  -1.769  -1.097   3.389  -0.099   2.321   0.000 02O000M000t
00323 ARG03A0163_003 f 0.00  0.000     0  0.00  0  0  -1.762  -1.067   3.389  -0.123   2.033   0.000 03O000M000t
00324 ARG+1A0163_004 f 0.00  1.000     0 12.50  0  1  -1.811  -1.106   3.389   0.740   2.283   0.000 +1O000M000t
00325 ASN01A0164_001 f 0.00  0.000     0  0.00  0  0   0.282   0.246   0.755  -1.839   2.568   0.000 01O000M000t
00326 ASN01A0164_002 f 0.00  0.000     0  0.00  0  0   0.039  -0.949   0.760   1.281   2.440   0.000 01R001M000t
00327 VAL01A0165_001 f 0.00  0.000     0  0.00  0  0   0.463  -4.952   0.062   0.000   0.000   0.000 01O000M000t
00328 LEU01A0166_001 f 0.00  0.000     0  0.00  0  0   1.485  -4.570   0.419   0.000   0.000   0.000 01O000M000t
00329 VAL01A0167_001 f 0.00  0.000     0  0.00  0  0   0.384  -4.461   0.005   0.000   0.000   0.000 01O000M000t
00330 THR01A0168_001 f 0.00  0.000     0  0.00  0  0  -0.574  -1.141   0.707   1.060   1.713   0.000 01O000M000t
00331 THR01A0168_002 f 0.00  0.000     0  0.00  0  0  -0.574  -1.141   0.707   2.529   1.723   0.000 01O000M000t
00332 THR01A0168_003 f 0.00  0.000     0  0.00  0  0  -0.574  -1.141   0.332  -2.332   0.620   0.000 01O000M000t
00333 GLU01A0169_001 f 0.00  0.000     0  0.00  0  0  -2.676  -0.233   3.503   0.309  -0.301   0.000 01O000M000t
00334 GLU01A0169_002 f 0.00  0.000     0  0.00  0  0  -2.676  -0.233   0.783   0.147   0.442   0.000 01O000M000t
00335 GLU02A0169_003 f 0.00  0.000     0  0.00  0  0  -2.461  -0.236   3.503   0.377  -0.198   0.000 02O000M000t
00336 GLU02A0169_004 f 0.00  0.000     0  0.00  0  0  -2.461  -0.236   0.783   0.162   0.711   0.000 02O000M000t
00337 GLU-1A0169_005 f 0.00 -1.000     0  4.75  0 -1  -2.663  -0.208   0.783  -0.490   0.226   0.000 -1O000M000t
00338 ASP01A0170_001 f 0.00  0.000     0  0.00  0  0  -2.855   0.026   3.514   0.386  -0.314   0.000 01O000M000t
00339 ASP01A0170_002 f 0.00  0.000     0  0.00  0  0  -2.855   0.026   0.794   0.242   0.729   0.000 01O000M000t
00340 ASP02A0170_003 f 0.00  0.000     0  0.00  0  0  -2.711  -0.109   3.514   0.702  -0.337   0.000 02O000M000t
00341 ASP02A0170_004 f 0.00  0.000     0  0.00  0  0  -2.711  -0.109   0.794   0.378   0.902   0.000 02O000M000t
00342 ASP-1A0170_005 f 0.00 -1.000     0  4.75  0 -1  -2.758  -0.073   0.794  -0.720   0.938   0.000 -1O000M000t
00343 ASN01A0171_001 f 0.00  0.000     0  0.00  0  0  -1.064   2.754   0.590  -0.084   1.793   0.000 01O000M000t
00344 VAL01A0172_001 f 0.00  0.000     0  0.00  0  0  -1.269  -1.672   0.070   0.000   0.000   0.000 01O000M000t
00345 MET01A0173_001 f 0.00  0.000     0  0.00  0  0   0.129  -6.629   1.954  -0.011   0.097   0.000 01O000M000t
00346 LYS01A0174_001 f 0.00  0.000     0  0.00  0  0   0.217  -7.578   1.977  -0.959   0.922   0.000 01O000M000t
00347 LYS+1A0174_002 f 0.00  1.000     0 10.40  0  1   0.158  -7.637   1.977  -4.206   6.909   0.000 +1O000M000t
00348 ILE01A0175_001 f 0.00  0.000     0  0.00  0  0   2.078  -3.081   0.592   0.000   0.000   0.000 01O000M000t
00349 ALA01A0176_001 f 0.00  0.000     0  0.00  0  0   0.000  -0.473   0.000   0.000   0.000   0.000 01O000M000t
00350 ASP01A0177_001 f 0.00  0.000     0  0.00  0  0   0.242  11.830   3.369   0.874   2.876   0.000 01O000M000t
00351 ASP01A0177_002 f 0.00  0.000     0  0.00  0  0   0.242  11.830   0.649  -0.002   2.902   0.000 01O000M000t
00352 ASP02A0177_003 f 0.00  0.000     0  0.00  0  0   0.353   9.157   3.369   0.525   3.022   0.000 02O000M000t
00353 ASP02A0177_004 f 0.00  0.000     0  0.00  0  0   0.353   9.157   0.649  -0.193   3.114   0.000 02O000M000t
00354 ASP-1A0177_005 f 0.00 -1.000     0  4.75  0 -1   0.234   9.164   0.649   4.581  15.699   0.000 -1O000M000t
00355 PHE01A0178_001 f 0.00  0.000     0  0.00  0  0   3.729   5.034   0.374   0.000   0.000   0.000 01O000M000t
00356 LEU01A0180_001 f 0.00  0.000     0  0.00  0  0   1.861  27.175   1.445   0.000   0.000   0.000 01O000M000t
00357 ALA01A0181_001 f 0.00  0.000     0  0.00  0  0  -1.391   0.200   0.000   0.000   0.000   0.000 01O000M000t
00358 ARG01A0182_001 f 0.00  0.000     0  0.00  0  0   1.192  -4.435   1.464  -0.007   3.333   0.000 01O000M000t
00359 ARG02A0182_002 f 0.00  0.000     0  0.00  0  0   1.291  -4.506   1.464  -1.584   3.713   0.000 02O000M000t
00360 ARG03A0182_003 f 0.00  0.000     0  0.00  0  0   1.171  -4.398   1.464  -0.714   4.049   0.000 03O000M000t
00361 ARG03A0182_004 f 0.00  0.000     0  0.00  0  0   1.174  -4.482   1.464  -0.782   3.691   0.000 03O000M000t
00362 ARG+1A0182_005 f 0.00  1.000     0 12.50  0  1   1.132  -4.538   1.464  -2.999   6.919   0.000 +1O000M000t
00363 VAL01A0184_001 f 0.00  0.000     0  0.00  0  0  -0.441   0.556   0.008   0.000   0.000   0.000 01O000M000t
00364 HIS01A0185_001 f 0.00  0.000     0  0.00  0  0  -7.858  -1.338   0.118   0.433   1.295   0.000 01O000M000t
00365 HIS02A0185_002 f 0.00  0.000     0  0.00  0  0  -7.873  -1.396   0.118   0.235   0.903   0.000 02O000M000t
00366 HIS+1A0185_003 f 0.00  1.000     0  6.98  0  1  -7.900  -1.400   0.118   0.759   0.795   0.000 +1O000M000t
00367 HIS01A0186_001 f 0.00  0.000     0  0.00  0  0  -8.080  -1.998   0.046   0.688   0.768   0.000 01O000M000t
00368 HIS01A0186_002 f 0.00  0.000     0  0.00  0  0  -8.157  -0.885   0.046   0.086   0.696   0.000 01R001M000t
00369 HIS02A0186_003 f 0.00  0.000     0  0.00  0  0  -8.100  -2.058   0.046  -0.048   0.129   0.000 02O000M000t
00370 HIS02A0186_004 f 0.00  0.000     0  0.00  0  0  -8.170  -0.923   0.046   0.174   0.310   0.000 02R001M000t
00371 HIS+1A0186_005 f 0.00  1.000     0  6.98  0  1  -8.126  -2.092   0.046   0.564  -0.059   0.000 +1O000M000t
00372 HIS+1A0186_006 f 0.00  1.000     0  6.98  0  1  -8.196  -0.941   0.046   0.671   0.281   0.000 +1R001M000t
00373 ILE01A0187_001 f 0.00  0.000     0  0.00  0  0   0.934  -2.043   0.514   0.000   0.000   0.000 01O000M000t
00374 ASP01A0188_001 f 0.00  0.000     0  0.00  0  0  -2.519   0.223   2.822   2.701   0.511   0.000 01O000M000t
00375 ASP01A0188_002 f 0.00  0.000     0  0.00  0  0  -2.519   0.223   0.102  -0.136   0.702   0.000 01O000M000t
00376 ASP02A0188_003 f 0.00  0.000     0  0.00  0  0  -2.545  -0.608   2.822  -0.869   0.036   0.000 02O000M000t
00377 ASP02A0188_004 f 0.00  0.000     0  0.00  0  0  -2.545  -0.608   0.102  -0.919   0.851   0.000 02O000M000t
00378 ASP-1A0188_005 f 0.00 -1.000     0  4.75  0 -1  -2.558  -0.539   0.102  -2.658   1.697   0.000 -1O000M000t
00379 TYR01A0189_001 f 0.00  0.000     0  0.00  0  0   0.515  -4.497   0.000   0.218   1.208   0.000 01O000M000t
00380 TYR01A0189_002 f 0.00  0.000     0  0.00  0  0   0.515  -4.497   0.000   0.540   0.674   0.000 01O000M000t
00381 TYR-1A0189_003 f 0.00 -1.000     0 10.20  0 -1   0.515  -4.497   0.000   0.850   3.015   0.000 -1O000M000t
00382 TYR01A0190_001 f 0.00  0.000     0  0.00  0  0  -2.548  -3.695   0.619   0.522   1.199   0.000 01O000M000t
00383 TYR01A0190_002 f 0.00  0.000     0  0.00  0  0  -2.548  -3.695   0.619   0.139   0.826   0.000 01O000M000t
00384 TYR-1A0190_003 f 0.00 -1.000     0 10.20  0 -1  -2.548  -3.695   0.619  -0.596   2.652   0.000 -1O000M000t
00385 LYS01A0191_001 f 0.00  0.000     0  0.00  0  0  -2.078  -1.275   3.292  -0.008   0.029   0.000 01O000M000t
00386 LYS+1A0191_002 f 0.00  1.000     0 10.40  0  1  -2.134  -1.281   3.292   0.561   0.325   0.000 +1O000M000t
00387 LYS01A0192_001 f 0.00  0.000     0  0.00  0  0  -5.281  -4.892   3.835  -0.017   0.218   0.000 01O000M000t
00388 LYS+1A0192_002 f 0.00  1.000     0 10.40  0  1  -5.329  -4.901   3.835   0.108   0.688   0.000 +1O000M000t
00389 THR01A0193_001 f 0.00  0.000     0  0.00  0  0  -1.527  -1.377   0.636   1.380   1.676   0.000 01O000M000t
00390 THR01A0193_002 f 0.00  0.000     0  0.00  0  0  -1.527  -1.377   0.636   2.098   1.661   0.000 01O000M000t
00391 SER01A0194_001 f 0.00  0.000     0  0.00  0  0  -5.426  -0.420   0.399  -0.314  -0.236   0.000 01O000M000t
00392 ASN01A0195_001 f 0.00  0.000     0  0.00  0  0  -2.179  -0.552   1.096   0.448  -0.166   0.000 01O000M000t
00393 ASN01A0195_002 f 0.00  0.000     0  0.00  0  0  -2.420  -0.265   1.142   0.077  -0.253   0.000 01R001M000t
00394 ARG01A0197_001 f 0.00  0.000     0  0.00  0  0   1.715  -5.147   0.469  -0.809   3.415   0.000 01O000M000t
00395 ARG02A0197_002 f 0.00  0.000     0  0.00  0  0   1.677  -5.135   0.469  -0.272   4.286   0.000 02O000M000t
00396 ARG02A0197_003 f 0.00  0.000     0  0.00  0  0   1.682  -5.136   0.469  -0.684   4.081   0.000 02O000M000t
00397 ARG03A0197_004 f 0.00  0.000     0  0.00  0  0   1.684  -5.156   0.469  -0.258   4.046   0.000 03O000M000t
00398 ARG03A0197_005 f 0.00  0.000     0  0.00  0  0   1.707  -5.159   0.469  -0.448   3.875   0.000 03O000M000t
00399 ARG+1A0197_006 f 0.00  1.000     0 12.50  0  1   1.639  -5.170   0.469   2.051   5.843   0.000 +1O000M000t
00400 LEU01A0198_001 f 0.00  0.000     0  0.00  0  0   1.111  -3.910   0.473   0.000   0.000   0.000 01O000M000t
00401 PRO01A0199_001 f 0.00  0.000     0  0.00  0  0  -1.171  -1.252   0.000   0.000   0.000   0.000 01O000M000t
00402 VAL01A0200_001 f 0.00  0.000     0  0.00  0  0   0.440  -1.276   0.030   0.000   0.000   0.000 01O000M000t
00403 LYS01A0201_001 f 0.00  0.000     0  0.00  0  0   0.341  -5.383   1.069   0.177   0.697   0.000 01O000M000t
00404 LYS+1A0201_002 f 0.00  1.000     0 10.40  0  1   0.294  -5.438   1.069  -3.797   5.022   0.000 +1O000M000t
00405 TRP01A0202_001 f 0.00  0.000     0  0.00  0  0   2.502 -10.675   0.557   0.000   0.000   0.000 01O000M000t
00406 MET01A0203_001 f 0.00  0.000     0  0.00  0  0   0.865  -6.336   0.017   0.049   0.077   0.000 01O000M000t
00407 ALA01A0204_001 f 0.00  0.000     0  0.00  0  0   0.000  -2.314   0.000   0.000   0.000   0.000 01O000M000t
00408 PRO01A0205_001 f 0.00  0.000     0  0.00  0  0  -1.010  -1.120   0.000   0.000   0.000   0.000 01O000M000t
00409 GLU01A0206_001 f 0.00  0.000     0  0.00  0  0   2.105  -1.602   4.606   1.766   2.041   0.000 01O000M000t
00410 GLU01A0206_002 f 0.00  0.000     0  0.00  0  0   2.105  -1.602   1.886  -0.583   2.678   0.000 01O000M000t
00411 GLU02A0206_003 f 0.00  0.000     0  0.00  0  0   1.685  -2.147   4.606  -0.416   1.813   0.000 02O000M000t
00412 GLU02A0206_004 f 0.00  0.000     0  0.00  0  0   1.685  -2.147   1.886  -0.687   2.576   0.000 02O000M000t
00413 GLU-1A0206_005 f 0.00 -1.000     0  4.75  0 -1   1.611  -2.031   1.886  -5.900   9.268   0.000 -1O000M000t
00414 ALA01A0207_001 f 0.00  0.000     0  0.00  0  0   0.000  -1.824   0.000   0.000   0.000   0.000 01O000M000t
00415 LEU01A0208_001 f 0.00  0.000     0  0.00  0  0   1.708  -2.739   0.401   0.000   0.000   0.000 01O000M000t
00416 PHE01A0209_001 f 0.00  0.000     0  0.00  0  0   2.618  -4.433   0.122   0.000   0.000   0.000 01O000M000t
00417 ASP01A0210_001 f 0.00  0.000     0  0.00  0  0  -2.422  -0.214   3.082   0.392  -0.580   0.000 01O000M000t
00418 ASP01A0210_002 f 0.00  0.000     0  0.00  0  0  -2.422  -0.214   0.362   0.176   0.657   0.000 01O000M000t
00419 ASP02A0210_003 f 0.00  0.000     0  0.00  0  0  -2.355  -0.666   3.082   0.423   0.166   0.000 02O000M000t
00420 ASP02A0210_004 f 0.00  0.000     0  0.00  0  0  -2.355  -0.666   0.362   0.203   0.729   0.000 02O000M000t
00421 ASP-1A0210_005 f 0.00 -1.000     0  4.75  0 -1  -2.433  -0.588   0.362  -0.600   1.141   0.000 -1O000M000t
00422 GLU01A0211_001 f 0.00  0.000     0  0.00  0  0  -1.587  -0.089   3.947   0.067  -0.087   0.000 01O000M000t
00423 GLU01A0211_002 f 0.00  0.000     0  0.00  0  0  -1.587  -0.089   1.227   0.103   1.005   0.000 01O000M000t
00424 GLU02A0211_003 f 0.00  0.000     0  0.00  0  0  -1.540  -0.108   3.947  -0.310  -0.285   0.000 02O000M000t
00425 GLU02A0211_004 f 0.00  0.000     0  0.00  0  0  -1.540  -0.108   1.227   0.070   0.265   0.000 02O000M000t
00426 GLU-1A0211_005 f 0.00 -1.000     0  4.75  0 -1  -1.558  -0.046   1.227   0.567   1.074   0.000 -1O000M000t
00427 VAL01A0212_001 f 0.00  0.000     0  0.00  0  0  -4.076   0.197   0.385   0.000   0.000   0.000 01O000M000t
00428 TYR01A0213_001 f 0.00  0.000     0  0.00  0  0   3.731  -6.681   0.010  -0.004   1.365   0.000 01O000M000t
00429 TYR-1A0213_002 f 0.00 -1.000     0 10.20  0 -1   3.731  -6.681   0.010  -0.379   5.634   0.000 -1O000M000t
00430 THR01A0214_001 f 0.00  0.000     0  0.00  0  0  -3.415  -0.257   0.441  -0.082   1.279   0.000 01O000M000t
00431 HIS01A0215_001 f 0.00  0.000     0  0.00  0  0  -2.242  -6.660   0.005   0.286   2.272   0.000 01O000M000t
00432 HIS01A0215_002 f 0.00  0.000     0  0.00  0  0  -1.928  -6.883   0.005   0.643   1.638   0.000 01R001M000t
00433 HIS02A0215_003 f 0.00  0.000     0  0.00  0  0  -2.259  -6.704   0.005   0.534   1.976   0.000 02O000M000t
00434 HIS02A0215_004 f 0.00  0.000     0  0.00  0  0  -1.941  -6.709   0.005   0.324   2.301   0.000 02R001M000t
00435 HIS+1A0215_005 f 0.00  1.000     0  6.98  0  1  -2.285  -6.753   0.005   1.984   3.918   0.000 +1O000M000t
00436 HIS+1A0215_006 f 0.00  1.000     0  6.98  0  1  -1.968  -6.906   0.005   2.088   4.051   0.000 +1R001M000t
00437 GLN01A0216_001 f 0.00  0.000     0  0.00  0  0  -0.250  -6.636   1.344  -2.340   2.290   0.000 01O000M000t
00438 GLN01A0216_002 f 0.00  0.000     0  0.00  0  0  -0.269  -6.488   1.353   1.999   2.179   0.000 01R001M000t
00439 SER01A0217_001 f 0.00  0.000     0  0.00  0  0  -0.144  -2.895   0.447  -1.158   1.938   0.000 01O000M000t
00440 SER01A0217_002 f 0.00  0.000     0  0.00  0  0  -0.144  -2.895   0.072  -0.731   1.947   0.000 01O000M000t
00441 ASP01A0218_001 f 0.00  0.000     0  0.00  0  0   0.104  -1.152   3.395  -2.133   2.068   0.000 01O000M000t
00442 ASP01A0218_002 f 0.00  0.000     0  0.00  0  0   0.104  -1.152   0.675   2.068   2.690   0.000 01O000M000t
00443 ASP02A0218_003 f 0.00  0.000     0  0.00  0  0   0.186  -0.458   3.395  -2.243   2.045   0.000 02O000M000t
00444 ASP02A0218_004 f 0.00  0.000     0  0.00  0  0   0.186 998.542   0.675   3.648   2.736   0.000 02O000M000t
00445 ASP-1A0218_005 f 0.00 -1.000     0  4.75  0 -1   0.102  -1.531   0.675 -10.892  11.361   0.000 -1O000M000t
00446 VAL01A0219_001 f 0.00  0.000     0  0.00  0  0   0.705  -2.038   0.233   0.000   0.000   0.000 01O000M000t
00447 TRP01A0220_001 f 0.00  0.000     0  0.00  0  0   2.832 -11.870   0.022   0.000   0.000   0.000 01O000M000t
00448 SER01A0221_001 f 0.00  0.000     0  0.00  0  0  -0.181  -2.729   0.380  -2.600   1.209   0.000 01O000M000t
00449 SER01A0221_002 f 0.00  0.000     0  0.00  0  0  -0.181  -2.729   0.005   0.716   0.805   0.000 01O000M000t
00450 PHE01A0222_001 f 0.00  0.000     0  0.00  0  0   4.339  -7.509   0.005   0.000   0.000   0.000 01O000M000t
00451 ILE01A0224_001 f 0.00  0.000     0  0.00  0  0   2.525  -2.810   0.610   0.000   0.000   0.000 01O000M000t
00452 LEU01A0225_001 f 0.00  0.000     0  0.00  0  0   3.276  -5.560   0.825   0.000   0.000   0.000 01O000M000t
00453 LEU01A0226_001 f 0.00  0.000     0  0.00  0  0   1.830  -5.144   1.111   0.000   0.000   0.000 01O000M000t
00454 TRP01A0227_001 f 0.00  0.000     0  0.00  0  0   2.350 -10.709   0.265   0.000   0.000   0.000 01O000M000t
00455 GLU01A0228_001 f 0.00  0.000     0  0.00  0  0   0.609  -4.584   4.085  -2.351   2.515   0.000 01O000M000t
00456 GLU01A0228_002 f 0.00  0.000     0  0.00  0  0   0.609  -4.584   1.365  -0.697   2.538   0.000 01O000M000t
00457 GLU02A0228_003 f 0.00  0.000     0  0.00  0  0   0.583  -4.092   4.085  -0.914   2.391   0.000 02O000M000t
00458 GLU02A0228_004 f 0.00  0.000     0  0.00  0  0   0.583  -4.092   1.365   3.013   2.573   0.000 02O000M000t
00459 GLU-1A0228_005 f 0.00 -1.000     0  4.75  0 -1   0.484  -4.469   1.365  -6.659  11.904   0.000 -1O000M000t
00460 ILE01A0229_001 f 0.00  0.000     0  0.00  0  0   2.138  -2.739   0.590   0.000   0.000   0.000 01O000M000t
00461 PHE01A0230_001 f 0.00  0.000     0  0.00  0  0   4.556  -3.188   0.231   0.000   0.000   0.000 01O000M000t
00462 THR01A0231_001 f 0.00  0.000     0  0.00  0  0  -0.633  -2.334   0.384  -1.597   1.841   0.000 01O000M000t
00463 THR01A0231_002 f 0.00  0.000     0  0.00  0  0  -0.633  -2.334   0.384   2.673   1.932   0.000 01O000M000t
00464 THR01A0231_003 f 0.00  0.000     0  0.00  0  0  -0.633  -2.334   0.009  -0.665   1.871   0.000 01O000M000t
00465 LEU01A0232_001 f 0.00  0.000     0  0.00  0  0  -0.610  -0.770   0.701   0.000   0.000   0.000 01O000M000t
00466 SER01A0235_001 f 0.00  0.000     0  0.00  0  0  -2.727  -1.147   0.562  -0.003   0.302   0.000 01O000M000t
00467 PRO01A0236_001 f 0.00  0.000     0  0.00  0  0   0.285  -1.427   0.000   0.000   0.000   0.000 01O000M000t
00468 TYR01A0237_001 f 0.00  0.000     0  0.00  0  0   4.199  -3.211   0.039   0.148   1.976   0.000 01O000M000t
00469 TYR-1A0237_002 f 0.00 -1.000     0 10.20  0 -1   4.199  -3.211   0.039   0.923   9.792   0.000 -1O000M000t
00470 PRO01A0238_001 f 0.00  0.000     0  0.00  0  0  -4.273   0.103   0.000   0.000   0.000   0.000 01O000M000t
00471 ILE01A0240_001 f 0.00  0.000     0  0.00  0  0   1.164  -2.372   0.432   0.000   0.000   0.000 01O000M000t
00472 PRO01A0241_001 f 0.00  0.000     0  0.00  0  0  -4.560  -1.142   0.000   0.000   0.000   0.000 01O000M000t
00473 VAL01A0242_001 f 0.00  0.000     0  0.00  0  0   0.548  -1.266   0.059   0.000   0.000   0.000 01O000M000t
00474 GLU01A0243_001 f 0.00  0.000     0  0.00  0  0  -1.436  -1.138   3.567   0.336  -0.292   0.000 01O000M000t
00475 GLU01A0243_002 f 0.00  0.000     0  0.00  0  0  -1.436  -1.138   0.847   0.085   0.445   0.000 01O000M000t
00476 GLU02A0243_003 f 0.00  0.000     0  0.00  0  0  -1.980  -1.125   3.567   0.028  -0.639   0.000 02O000M000t
00477 GLU02A0243_004 f 0.00  0.000     0  0.00  0  0  -1.980  -1.125   0.847   0.035   0.271   0.000 02O000M000t
00478 GLU-1A0243_005 f 0.00 -1.000     0  4.75  0 -1  -1.988  -1.110   0.847  -0.340  -0.267   0.000 -1O000M000t
00479 GLU01A0244_001 f 0.00  0.000     0  0.00  0  0  -1.042  -2.495   3.002   0.071   0.420   0.000 01O000M000t
00480 GLU01A0244_002 f 0.00  0.000     0  0.00  0  0  -1.042  -2.495   0.282  -0.002   1.068   0.000 01O000M000t
00481 GLU02A0244_003 f 0.00  0.000     0  0.00  0  0  -0.820  -2.535   3.002   0.522   0.541   0.000 02O000M000t
00482 GLU02A0244_004 f 0.00  0.000     0  0.00  0  0  -0.820  -2.535   0.282   0.039   0.899   0.000 02O000M000t
00483 GLU-1A0244_005 f 0.00 -1.000     0  4.75  0 -1  -1.040  -2.463   0.282  -0.359   1.698   0.000 -1O000M000t
00484 LEU01A0245_001 f 0.00  0.000     0  0.00  0  0   1.678  -3.536   0.692   0.000   0.000   0.000 01O000M000t
00485 PHE01A0246_001 f 0.00  0.000     0  0.00  0  0   1.819  -3.229   0.660   0.000   0.000   0.000 01O000M000t
00486 SER01A0247_001 f 0.00  0.000     0  0.00  0  0  -3.069  -1.190   1.468   0.408   0.589   0.000 01O000M000t
00487 LEU01A0248_001 f 0.00  0.000     0  0.00  0  0  -0.091  -3.740   0.764   0.000   0.000   0.000 01O000M000t
00488 LEU01A0249_001 f 0.00  0.000     0  0.00  0  0   1.288  -2.424   0.589   0.000   0.000   0.000 01O000M000t
00489 ARG01A0250_001 f 0.00  0.000     0  0.00  0  0  -6.984  -3.368   1.442   0.026   0.674   0.000 01O000M000t
00490 ARG02A0250_002 f 0.00  0.000     0  0.00  0  0  -7.006  -3.378   1.442   0.032   1.483   0.000 02O000M000t
00491 ARG03A0250_003 f 0.00  0.000     0  0.00  0  0  -6.905  -3.376   1.442   0.021   1.075   0.000 03O000M000t
00492 ARG+1A0250_004 f 0.00  1.000     0 12.50  0  1  -7.045  -3.381   1.442  -0.216   0.626   0.000 +1O000M000t
00493 GLU01A0251_001 f 0.00  0.000     0  0.00  0  0   0.164  -2.936   3.306   0.058   0.186   0.000 01O000M000t
00494 GLU01A0251_002 f 0.00  0.000     0  0.00  0  0   0.164  -2.936   0.586   0.002   0.490   0.000 01O000M000t
00495 GLU02A0251_003 f 0.00  0.000     0  0.00  0  0  -0.407  -2.916   3.306  -0.061  -0.274   0.000 02O000M000t
00496 GLU02A0251_004 f 0.00  0.000     0  0.00  0  0  -0.407  -2.916   0.586  -0.005   0.875   0.000 02O000M000t
00497 GLU-1A0251_005 f 0.00 -1.000     0  4.75  0 -1  -0.375  -2.870   0.586   0.076   0.819   0.000 -1O000M000t
00498 HIS01A0253_001 f 0.00  0.000     0  0.00  0  0  -3.413  -5.624   0.002   0.363   2.031   0.000 01O000M000t
00499 HIS01A0253_002 f 0.00  0.000     0  0.00  0  0  -2.932  -5.641   0.002   0.410   1.395   0.000 01R001M000t
00500 HIS02A0253_003 f 0.00  0.000     0  0.00  0  0  -3.434  -5.658   0.002   0.202   1.971   0.000 02O000M000t
00501 HIS02A0253_004 f 0.00  0.000     0  0.00  0  0  -2.943  -5.646   0.002   0.011   1.588   0.000 02R001M000t
00502 HIS+1A0253_005 f 0.00  1.000     0  6.98  0  1  -3.461  -5.675   0.002   0.714   3.766   0.000 +1O000M000t
00503 HIS+1A0253_006 f 0.00  1.000     0  6.98  0  1  -2.970  -5.673   0.002   0.793   2.733   0.000 +1R001M000t
00504 ARG01A0254_001 f 0.00  0.000     0  0.00  0  0   0.580  -5.120   0.550  -0.698   2.253   0.000 01O000M000t
00505 ARG02A0254_002 f 0.00  0.000     0  0.00  0  0   0.622  -5.132   0.550   0.335   3.240   0.000 02O000M000t
00506 ARG03A0254_003 f 0.00  0.000     0  0.00  0  0   0.555  -5.109   0.550  -2.204   3.087   0.000 03O000M000t
00507 ARG+1A0254_004 f 0.00  1.000     0 12.50  0  1   0.517  -5.147   0.550  -5.382   4.643   0.000 +1O000M000t
00508 MET01A0255_001 f 0.00  0.000     0  0.00  0  0   0.146  -3.919   1.514  -0.223   0.093   0.000 01O000M000t
00509 ASP01A0256_001 f 0.00  0.000     0  0.00  0  0  -3.174   1.183   3.281   0.489  -0.376   0.000 01O000M000t
00510 ASP01A0256_002 f 0.00  0.000     0  0.00  0  0  -3.174   1.183   0.561   0.249   0.274   0.000 01O000M000t
00511 ASP02A0256_003 f 0.00  0.000     0  0.00  0  0  -3.072   0.710   3.281   0.314  -0.587   0.000 02O000M000t
00512 ASP02A0256_004 f 0.00  0.000     0  0.00  0  0  -3.072   0.710   0.561   0.253   0.562   0.000 02O000M000t
00513 ASP-1A0256_005 f 0.00 -1.000     0  4.75  0 -1  -3.124   0.746   0.561  -0.284  -0.045   0.000 -1O000M000t
00514 ARG01A0257_001 f 0.00  0.000     0  0.00  0  0  -4.650  -4.345   1.000  -0.024   1.464   0.000 01O000M000t
00515 ARG02A0257_002 f 0.00  0.000     0  0.00  0  0  -4.689  -4.345   1.000  -0.388   2.224   0.000 02O000M000t
00516 ARG03A0257_003 f 0.00  0.000     0  0.00  0  0  -4.688  -4.419   1.000  -1.103   2.231   0.000 03O000M000t
00517 ARG+1A0257_004 f 0.00  1.000     0 12.50  0  1  -4.732  -4.430   1.000  -1.606   2.046   0.000 +1O000M000t
00518 PRO01A0258_001 f 0.00  0.000     0  0.00  0  0   0.200  -1.503   0.000   0.000   0.000   0.000 01O000M000t
00519 PRO01A0259_001 f 0.00  0.000     0  0.00  0  0  -5.449  -0.190   0.000   0.000   0.000   0.000 01O000M000t
00520 HIS01A0260_001 f 0.00  0.000     0  0.00  0  0 -10.166   0.301   0.281   0.062   0.444   0.000 01O000M000t
00521 HIS01A0260_002 f 0.00  0.000     0  0.00  0  0  -9.823   0.313   0.281   0.272   0.428   0.000 01R001M000t
00522 HIS02A0260_003 f 0.00  0.000     0  0.00  0  0 -10.182   0.262   0.281   0.178   0.055   0.000 02O000M000t
00523 HIS02A0260_004 f 0.00  0.000     0  0.00  0  0  -9.837   0.290   0.281   0.039   0.426   0.000 02R001M000t
00524 HIS+1A0260_005 f 0.00  1.000     0  6.98  0  1 -10.209   0.258   0.281   0.334  -0.068   0.000 +1O000M000t
00525 HIS+1A0260_006 f 0.00  1.000     0  6.98  0  1  -9.864   0.286   0.281   0.284  -0.167   0.000 +1R001M000t
00526 CYS01A0261_001 f 0.00  0.000     0  0.00  0  0  -0.002  -3.972   0.030   0.005   0.973   0.000 01O000M000t
00527 CYS01A0261_002 f 0.00  0.000     0  0.00  0  0  -0.002  -3.832   0.030   0.044   0.981   0.000 01O000M000t
00528 CYS01A0261_003 f 0.00  0.000     0  0.00  0  0  -0.002  -3.826   0.030  -0.273   0.982   0.000 01O000M000t
00529 CYS-1A0261_004 f 0.00 -1.000     0  9.10  0 -1   0.000  -3.774   0.030  -3.449  12.354   0.000 -1O000M000t
00530 PRO01A0262_001 f 0.00  0.000     0  0.00  0  0  -1.689  -1.838   0.000   0.000   0.000   0.000 01O000M000t
00531 PRO01A0263_001 f 0.00  0.000     0  0.00  0  0  -5.001  -0.525   0.000   0.000   0.000   0.000 01O000M000t
00532 GLU01A0264_001 f 0.00  0.000     0  0.00  0  0  -0.408   0.040   4.591   3.801   1.077   0.000 01O000M000t
00533 GLU01A0264_002 f 0.00  0.000     0  0.00  0  0  -0.408   0.040   1.871  -0.561   0.636   0.000 01O000M000t
00534 GLU02A0264_003 f 0.00  0.000     0  0.00  0  0  -0.874  -0.623   4.591  -1.637  -0.066   0.000 02O000M000t
00535 GLU02A0264_004 f 0.00  0.000     0  0.00  0  0  -0.874  -0.623   1.871  -1.652   1.277   0.000 02O000M000t
00536 GLU-1A0264_005 f 0.00 -1.000     0  4.75  0 -1  -0.838  -0.595   1.871  -3.418   2.028   0.000 -1O000M000t
00537 LEU01A0265_001 f 0.00  0.000     0  0.00  0  0   1.816   4.074   1.907   0.000   0.000   0.000 01O000M000t
00538 TYR01A0266_001 f 0.00  0.000     0  0.00  0  0   1.906  -6.454   0.040  -2.289   1.950   0.000 01O000M000t
00539 TYR01A0266_002 f 0.00  0.000     0  0.00  0  0   1.906  -6.454   0.040   1.207   1.501   0.000 01O000M000t
00540 TYR-1A0266_003 f 0.00 -1.000     0 10.20  0 -1   1.906  -6.454   0.040   1.780   5.884   0.000 -1O000M000t
00541 LEU01A0268_001 f 0.00  0.000     0  0.00  0  0   0.954  -1.425   0.755   0.000   0.000   0.000 01O000M000t
00542 MET01A0269_001 f 0.00  0.000     0  0.00  0  0   0.102  -7.459   1.160   0.032   0.099   0.000 01O000M000t
00543 ARG01A0270_001 f 0.00  0.000     0  0.00  0  0  -2.768  -3.723   0.625  -0.045   1.256   0.000 01O000M000t
00544 ARG02A0270_002 f 0.00  0.000     0  0.00  0  0  -2.815  -3.756   0.625  -0.210   2.259   0.000 02O000M000t
00545 ARG02A0270_003 f 0.00  0.000     0  0.00  0  0  -2.743  -3.746   0.625  -0.013   1.903   0.000 02O000M000t
00546 ARG03A0270_004 f 0.00  0.000     0  0.00  0  0  -2.817  -3.754   0.625  -0.088   1.920   0.000 03O000M000t
00547 ARG+1A0270_005 f 0.00  1.000     0 12.50  0  1  -2.862  -3.763   0.625  -0.654   2.774   0.000 +1O000M000t
00548 GLU01A0271_001 f 0.00  0.000     0  0.00  0  0  -1.505  -3.493   4.173  -0.067  -0.348   0.000 01O000M000t
00549 GLU01A0271_002 f 0.00  0.000     0  0.00  0  0  -1.505  -3.493   1.453   0.009   0.847   0.000 01O000M000t
00550 GLU02A0271_003 f 0.00  0.000     0  0.00  0  0  -1.509  -3.533   4.173   0.029   1.082   0.000 02O000M000t
00551 GLU02A0271_004 f 0.00  0.000     0  0.00  0  0  -1.509  -3.533   1.453   0.065   0.720   0.000 02O000M000t
00552 GLU-1A0271_005 f 0.00 -1.000     0  4.75  0 -1  -1.647  -3.458   1.453  -0.027   0.980   0.000 -1O000M000t
00553 CYS01A0272_001 f 0.00  0.000     0  0.00  0  0  -0.002  -5.369   0.081   0.049   0.993   0.000 01O000M000t
00554 CYS01A0272_002 f 0.00  0.000     0  0.00  0  0  -0.002  -5.436   0.081  -0.259   0.989   0.000 01O000M000t
00555 CYS01A0272_003 f 0.00  0.000     0  0.00  0  0  -0.002  -5.394   0.081   0.279   0.995   0.000 01O000M000t
00556 CYS-1A0272_004 f 0.00 -1.000     0  9.10  0 -1   0.000  -5.314   0.081   1.329  14.600   0.000 -1O000M000t
00557 TRP01A0273_001 f 0.00  0.000     0  0.00  0  0   2.766 -12.019   0.148   0.000   0.000   0.000 01O000M000t
00558 HIS01A0274_001 f 0.00  0.000     0  0.00  0  0  -4.543  -7.058   0.599   1.206   1.669   0.000 01O000M000t
00559 HIS01A0274_002 f 0.00  0.000     0  0.00  0  0  -4.386  -0.777   0.599   0.238   0.988   0.000 01R001M000t
00560 HIS02A0274_003 f 0.00  0.000     0  0.00  0  0  -4.563  -7.159   0.599  -0.760   1.326   0.000 02O000M000t
00561 HIS02A0274_004 f 0.00  0.000     0  0.00  0  0  -4.395  -0.846   0.599  -0.144   1.153   0.000 02R001M000t
00562 HIS+1A0274_005 f 0.00  1.000     0  6.98  0  1  -4.590  -7.182   0.599  -1.811   2.003   0.000 +1O000M000t
00563 HIS+1A0274_006 f 0.00  1.000     0  6.98  0  1  -4.422  -0.870   0.599  -1.121   1.122   0.000 +1R001M000t
00564 ALA01A0275_001 f 0.00  0.000     0  0.00  0  0  -4.427  -0.214   0.000   0.000   0.000   0.000 01O000M000t
00565 ALA01A0276_001 f 0.00  0.000     0  0.00  0  0  -2.334  -0.767   0.000   0.000   0.000   0.000 01O000M000t
00566 PRO01A0277_001 f 0.00  0.000     0  0.00  0  0  -2.293   0.962   0.000   0.000   0.000   0.000 01O000M000t
00567 SER01A0278_001 f 0.00  0.000     0  0.00  0  0  -4.509  -0.740   0.377   0.426   0.282   0.000 01O000M000t
00568 SER01A0278_002 f 0.00  0.000     0  0.00  0  0  -4.509  -0.740   0.377  -0.079   0.067   0.000 01O000M000t
00569 GLN01A0279_001 f 0.00  0.000     0  0.00  0  0  -2.426  -0.854   1.957  -0.034   0.089   0.000 01O000M000t
00570 GLN01A0279_002 f 0.00  0.000     0  0.00  0  0  -1.389  -0.927   1.958   0.152   0.144   0.000 01R001M000t
00571 ARG01A0280_001 f 0.00  0.000     0  0.00  0  0   1.749 -12.674   0.791   1.096   4.389   0.000 01O000M000t
00572 ARG02A0280_002 f 0.00  0.000     0  0.00  0  0   1.710 -12.483   0.791  -3.148   4.920   0.000 02O000M000t
00573 ARG02A0280_003 f 0.00  0.000     0  0.00  0  0   1.769 -12.424   0.791  -0.990   4.885   0.000 02O000M000t
00574 ARG03A0280_004 f 0.00  0.000     0  0.00  0  0   1.705 -12.504   0.791  -2.907   4.816   0.000 03O000M000t
00575 ARG03A0280_005 f 0.00  0.000     0  0.00  0  0   1.710 -12.396   0.791  -0.136   4.825   0.000 03O000M000t
00576 ARG+1A0280_006 f 0.00  1.000     0 12.50  0  1   1.666 -12.554   0.791  -7.278  10.796   0.000 +1O000M000t
00577 PRO01A0281_001 f 0.00  0.000     0  0.00  0  0  -0.128  -3.089   0.000   0.000   0.000   0.000 01O000M000t
00578 THR01A0282_001 f 0.00  0.000     0  0.00  0  0  -3.135  -0.250   0.404  -0.077   1.487   0.000 01O000M000t
00579 THR01A0282_002 f 0.00  0.000     0  0.00  0  0  -3.135  -0.250   0.029  -2.108   0.853   0.000 01O000M000t
00580 PHE01A0283_001 f 0.00  0.000     0  0.00  0  0   4.338  -9.179   0.619   0.000   0.000   0.000 01O000M000t
00581 LYS01A0284_001 f 0.00  0.000     0  0.00  0  0  -8.179  -0.804   1.412  -0.025   0.060   0.000 01O000M000t
00582 LYS+1A0284_002 f 0.00  1.000     0 10.40  0  1  -8.224  -0.805   1.412   0.199  -0.457   0.000 +1O000M000t
00583 GLN01A0285_001 f 0.00  0.000     0  0.00  0  0  -1.982  -3.081   0.937  -1.249   0.645   0.000 01O000M000t
00584 GLN01A0285_002 f 0.00  0.000     0  0.00  0  0  -1.393  -1.991   0.933   3.165   0.662   0.000 01R001M000t
00585 LEU01A0286_001 f 0.00  0.000     0  0.00  0  0   1.862  -5.491   0.847   0.000   0.000   0.000 01O000M000t
00586 VAL01A0287_001 f 0.00  0.000     0  0.00  0  0  -0.299  -2.113   0.456   0.000   0.000   0.000 01O000M000t
00587 GLU01A0288_001 f 0.00  0.000     0  0.00  0  0  -1.832  -2.720   3.831   0.370  -0.077   0.000 01O000M000t
00588 GLU01A0288_002 f 0.00  0.000     0  0.00  0  0  -1.832  -2.720   1.111   0.271   0.858   0.000 01O000M000t
00589 GLU02A0288_003 f 0.00  0.000     0  0.00  0  0  -1.814  -2.704   3.831  -0.270   0.955   0.000 02O000M000t
00590 GLU02A0288_004 f 0.00  0.000     0  0.00  0  0  -1.814  -2.704   1.111   0.241   0.894   0.000 02O000M000t
00591 GLU-1A0288_005 f 0.00 -1.000     0  4.75  0 -1  -1.919  -2.683   1.111   0.067   1.276   0.000 -1O000M000t
00592 ALA01A0289_001 f 0.00  0.000     0  0.00  0  0  -1.442  -1.501   0.000   0.000   0.000   0.000 01O000M000t
00593 LEU01A0290_001 f 0.00  0.000     0  0.00  0  0   1.722  -5.581   0.641   0.000   0.000   0.000 01O000M000t
00594 ASP01A0291_001 f 0.00  0.000     0  0.00  0  0  -1.107  -2.289   3.605   0.638   0.861   0.000 01O000M000t
00595 ASP01A0291_002 f 0.00  0.000     0  0.00  0  0  -1.107  -2.289   0.885   0.323   0.685   0.000 01O000M000t
00596 ASP02A0291_003 f 0.00  0.000     0  0.00  0  0  -0.998  -2.463   3.605   0.491   0.332   0.000 02O000M000t
00597 ASP02A0291_004 f 0.00  0.000     0  0.00  0  0  -0.998  -2.463   0.885   0.305   1.141   0.000 02O000M000t
00598 ASP-1A0291_005 f 0.00 -1.000     0  4.75  0 -1  -1.103  -2.402   0.885  -0.427   2.342   0.000 -1O000M000t
00599 LYS01A0292_001 f 0.00  0.000     0  0.00  0  0  -7.319  -2.830   1.164   0.028  -0.012   0.000 01O000M000t
00600 LYS+1A0292_002 f 0.00  1.000     0 10.40  0  1  -7.364  -2.836   1.164  -0.031   0.107   0.000 +1O000M000t
00601 VAL01A0293_001 f 0.00  0.000     0  0.00  0  0  -0.375  -0.301   0.203   0.000   0.000   0.000 01O000M000t
00602 LEU01A0294_001 f 0.00  0.000     0  0.00  0  0  -0.099  -0.551   2.232   0.000   0.000   0.000 01O000M000t
00603 LEU01A0295_001 f 0.00  0.000     0  0.00  0  0  -5.604  -0.053   0.508   0.000   0.000   0.000 01O000M000t
00604 ALA01A0296_001 f 0.00  0.000     0  0.00  0  0  -3.139  -1.256   0.000   0.000   0.000   0.000 01O000M000t
00605 VAL01A0297_001 f 0.00  0.000     0  0.00  0  0  -1.383   2.649   0.014   0.000   0.000   0.000 01O000M000t
00606 0LI11B0002_001 f 0.00  1.004     0  0.00  0  0 000.000 000.000   0.000  -7.036  10.228   0.316 11O000M000t
00607 0LI11B0002_002 f 0.00  1.004     0  0.00  0  0 000.000 000.000   0.000  -5.924  10.226   0.316 11O000M000t
00608 0LI12B0002_003 f 0.00  1.002     0  0.00  0  0 000.000 000.000   0.000 -10.013   9.789   0.573 12O000M000t
00609 0LI12B0002_004 f 0.00  1.002     0  0.00  0  0 000.000 000.000   0.000  -8.954   9.863   0.573 12O000M000t
00610 0LI01B0002_005 f 0.00 -0.002     0  0.00  0  0 000.000 000.000   0.000  -4.387   7.024   2.030 01O000M000t
00611 0LI01B0002_006 f 0.00 -0.002     0  0.00  0  0 000.000 000.000   0.000  -3.379   7.041   2.030 01O000M000t
00612 0LIDMB0002_007 t 0.00  0.000     0  0.00  0  0   0.000   0.000   0.000   0.000   0.000   0.000         DMt
