  pH           7
ASP-A0004_ -1.00
GLU-A0008_ -1.00
ARG+A0011_  1.00
ASP-A0012_ -1.00
ARG+A0013_  1.00
LYS+A0018_  1.00
GLU-A0022_ -1.00
ARG+A0030_  1.00
GLU-A0032_ -0.99
ASP-A0037_ -1.00
ARG+A0040_  1.00
ASP-A0042_ -1.00
LYS+A0050_  1.00
LYS+A0053_  1.00
ASP-A0054_ -1.00
ASP-A0058_ -1.00
LYS+A0059_  1.00
ASP-A0060_ -1.00
ASP-A0063_ -1.00
GLU-A0067_ -1.00
GLU-A0069_ -1.00
LYS+A0072_  1.00
ARG+A0076_  1.00
HIS+A0077_  0.00
LYS+A0078_  0.99
CYS-A0087_ -0.00
GLU-A0090_ -1.00
TYR-A0094_ -0.00
GLU-A0098_ -1.00
CYS-A0099_ -0.00
LYS+A0102_  0.95
ARG+A0106_  1.00
GLU-A0107_ -1.00
ARG+A0110_  1.00
ARG+A0112_  1.00
ARG+A0113_  1.00
ASP-A0118_ -1.00
ASP-A0122_ -1.00
ARG+A0125_  1.00
GLU-A0128_ -1.00
CYS-A0139_ -0.00
TYR-A0141_ -0.00
ARG+A0145_  1.00
TYR-A0149_ -0.00
GLU-A0151_ -1.00
ARG+A0153_  1.00
LYS+A0154_  1.00
CYS-A0155_ -0.00
HIS+A0157_  0.00
ARG+A0158_  0.98
ASP-A0159_ -1.00
ARG+A0163_  1.00
GLU-A0169_ -1.00
ASP-A0170_ -1.00
LYS+A0174_  1.00
ASP-A0177_ -0.00
ARG+A0182_  1.00
HIS+A0185_  0.32
HIS+A0186_  0.13
ASP-A0188_ -1.00
TYR-A0189_ -0.00
TYR-A0190_ -0.00
LYS+A0191_  0.99
LYS+A0192_  0.99
ARG+A0197_  1.00
LYS+A0201_  0.99
GLU-A0206_ -1.00
ASP-A0210_ -1.00
GLU-A0211_ -1.00
TYR-A0213_ -0.00
HIS+A0215_  0.09
ASP-A0218_ -1.00
GLU-A0228_ -1.00
TYR-A0237_ -0.00
GLU-A0243_ -1.00
GLU-A0244_ -1.00
ARG+A0250_  1.00
GLU-A0251_ -1.00
HIS+A0253_  0.00
ARG+A0254_  1.00
ASP-A0256_ -1.00
ARG+A0257_  1.00
HIS+A0260_  0.25
CYS-A0261_ -0.00
GLU-A0264_ -1.00
TYR-A0266_ -0.00
ARG+A0270_  1.00
GLU-A0271_ -1.00
CYS-A0272_ -0.00
HIS+A0274_  0.07
ARG+A0280_  1.00
LYS+A0284_  1.00
GLU-A0288_ -1.00
ASP-A0291_ -0.99
LYS+A0292_  1.00
----------
Net_Charge -1.22
Protons    -1.22
Electrons   0.00
