iConf CONFORMER     FL  occ    crg   Em0  pKa0 ne nH    vdw0    vdw1    tors    epol   dsolv   extra    history
00001 TYR01A0001_001 f 0.00  0.000     0  0.00  0  0   1.388   0.809   0.006   0.460   1.720   0.000 01O000M000t
00002 TYR01A0001_002 f 0.00  0.000     0  0.00  0  0   1.388   0.809   0.006  -0.219   1.533   0.000 01O000M000t
00003 TYR-1A0001_003 f 0.00 -1.000     0 10.20  0 -1   1.388   0.809   0.006  -2.009   5.597   0.000 -1O000M000t
00004 LEU01A0002_001 f 0.00  0.000     0  0.00  0  0  -0.933  16.797   2.243   0.000   0.000   0.000 01O000M000t
00005 SER01A0003_001 f 0.00  0.000     0  0.00  0  0  -0.120  -2.519   0.503  -1.119   0.723   0.000 01O000M000t
00006 SER01A0003_002 f 0.00  0.000     0  0.00  0  0  -0.120  -2.519   0.503  -0.142   1.246   0.000 01O000M000t
00007 SER01A0003_003 f 0.00  0.000     0  0.00  0  0  -0.120  -2.519   0.128  -0.301   1.265   0.000 01O000M000t
00008 ILE01A0004_001 f 0.00  0.000     0  0.00  0  0   3.509  -1.793   0.401   0.000   0.000   0.000 01O000M000t
00009 VAL01A0005_001 f 0.00  0.000     0  0.00  0  0  -0.468   0.351   0.019   0.000   0.000   0.000 01O000M000t
00010 MET01A0006_001 f 0.00  0.000     0  0.00  0  0  -0.616  -3.254   0.121   0.035   0.081   0.000 01O000M000t
00011 ASP01A0007_001 f 0.00  0.000     0  0.00  0  0   0.014  -0.783   3.164   4.079   1.794   0.000 01O000M000t
00012 ASP01A0007_002 f 0.00  0.000     0  0.00  0  0   0.014  -0.783   0.444  -0.227   1.717   0.000 01O000M000t
00013 ASP02A0007_003 f 0.00  0.000     0  0.00  0  0   0.125  -2.079   3.164  -1.839   0.731   0.000 02O000M000t
00014 ASP02A0007_004 f 0.00  0.000     0  0.00  0  0   0.125  -2.079   0.444  -1.413   2.183   0.000 02O000M000t
00015 ASP-1A0007_005 f 0.00 -1.000     0  4.75  0 -1   0.044  -1.968   0.444  -6.238   6.623   0.000 -1O000M000t
00016 PRO01A0008_001 f 0.00  0.000     0  0.00  0  0  -4.471   2.250   0.000   0.000   0.000   0.000 01O000M000t
00017 ASP01A0009_001 f 0.00  0.000     0  0.00  0  0  -2.407  -0.949   3.633   0.483  -0.804   0.000 01O000M000t
00018 ASP01A0009_002 f 0.00  0.000     0  0.00  0  0  -2.407  -0.949   0.913   0.334   0.102   0.000 01O000M000t
00019 ASP02A0009_003 f 0.00  0.000     0  0.00  0  0  -2.517  -0.936   3.633   0.974   0.502   0.000 02O000M000t
00020 ASP02A0009_004 f 0.00  0.000     0  0.00  0  0  -2.517  -0.936   0.913   0.346   0.710   0.000 02O000M000t
00021 ASP-1A0009_005 f 0.00 -1.000     0  4.75  0 -1  -2.467  -0.982   0.913  -0.750   0.796   0.000 -1O000M000t
00022 GLU01A0010_001 f 0.00  0.000     0  0.00  0  0  -0.617  -2.407   3.142   0.213   0.793   0.000 01O000M000t
00023 GLU01A0010_002 f 0.00  0.000     0  0.00  0  0  -0.617  -2.407   0.422  -0.017   0.891   0.000 01O000M000t
00024 GLU02A0010_003 f 0.00  0.000     0  0.00  0  0  -0.820  -2.679   3.142   0.653  -0.174   0.000 02O000M000t
00025 GLU02A0010_004 f 0.00  0.000     0  0.00  0  0  -0.820  -2.679   0.422   0.146   0.400   0.000 02O000M000t
00026 GLU-1A0010_005 f 0.00 -1.000     0  4.75  0 -1  -0.829  -2.610   0.422  -0.632   1.637   0.000 -1O000M000t
00027 LEU01A0011_001 f 0.00  0.000     0  0.00  0  0  -3.005  -0.022   0.517   0.000   0.000   0.000 01O000M000t
00028 PRO01A0012_001 f 0.00  0.000     0  0.00  0  0  -8.462  -0.347   0.000   0.000   0.000   0.000 01O000M000t
00029 LEU01A0013_001 f 0.00  0.000     0  0.00  0  0  -2.082   1.183   1.353   0.000   0.000   0.000 01O000M000t
00030 PRO01A0014_001 f 0.00  0.000     0  0.00  0  0  -6.807   3.216   0.000   0.000   0.000   0.000 01O000M000t
00031 TYR01A0015_001 f 0.00  0.000     0  0.00  0  0   2.171  -7.150   0.002  -0.077   2.465   0.000 01O000M000t
00032 TYR01A0015_002 f 0.00  0.000     0  0.00  0  0   2.171  -7.150   0.002  -0.375   2.386   0.000 01O000M000t
00033 TYR-1A0015_003 f 0.00 -1.000     0 10.20  0 -1   2.171  -7.150   0.002  -3.641  10.977   0.000 -1O000M000t
00034 ASP01A0016_001 f 0.00  0.000     0  0.00  0  0  -2.214   0.393   2.798   1.996   0.453   0.000 01O000M000t
00035 ASP01A0016_002 f 0.00  0.000     0  0.00  0  0  -2.214   0.393   0.078   0.181   0.876   0.000 01O000M000t
00036 ASP02A0016_003 f 0.00  0.000     0  0.00  0  0  -2.213  -0.281   2.798  -0.434   0.250   0.000 02O000M000t
00037 ASP02A0016_004 f 0.00  0.000     0  0.00  0  0  -2.213  -0.281   0.078  -0.480   1.054   0.000 02O000M000t
00038 ASP-1A0016_005 f 0.00 -1.000     0  4.75  0 -1  -2.174  -0.212   0.078  -2.321   2.406   0.000 -1O000M000t
00039 ALA01A0017_001 f 0.00  0.000     0  0.00  0  0  -2.984  -0.675   0.000   0.000   0.000   0.000 01O000M000t
00040 SER01A0018_001 f 0.00  0.000     0  0.00  0  0  -4.292  -0.563   0.385   0.414   0.695   0.000 01O000M000t
00041 SER01A0018_002 f 0.00  0.000     0  0.00  0  0  -4.292  -0.563   0.385  -0.104   0.435   0.000 01O000M000t
00042 LYS01A0019_001 f 0.00  0.000     0  0.00  0  0  -5.901  -1.126   1.168   0.001   0.055   0.000 01O000M000t
00043 LYS+1A0019_002 f 0.00  1.000     0 10.40  0  1  -5.946  -1.128   1.168  -0.333   0.197   0.000 +1O000M000t
00044 TRP01A0020_001 f 0.00  0.000     0  0.00  0  0   1.156  -8.908   0.016   0.000   0.000   0.000 01O000M000t
00045 GLU01A0021_001 f 0.00  0.000     0  0.00  0  0   1.417  -4.884   3.329  -1.295   2.026   0.000 01O000M000t
00046 GLU01A0021_002 f 0.00  0.000     0  0.00  0  0   1.417  -4.884   0.609  -0.623   2.581   0.000 01O000M000t
00047 GLU02A0021_003 f 0.00  0.000     0  0.00  0  0   1.049  -4.181   3.329  -1.373   1.455   0.000 02O000M000t
00048 GLU02A0021_004 f 0.00  0.000     0  0.00  0  0   1.049 994.820   0.609   4.448   2.733   0.000 02O000M000t
00049 GLU-1A0021_005 f 0.00 -1.000     0  4.75  0 -1   0.965  -4.817   0.609  -5.068   7.524   0.000 -1O000M000t
00050 PHE01A0022_001 f 0.00  0.000     0  0.00  0  0   3.911  -8.914   0.244   0.000   0.000   0.000 01O000M000t
00051 PRO01A0023_001 f 0.00  0.000     0  0.00  0  0  -2.642   1.552   0.000   0.000   0.000   0.000 01O000M000t
00052 ARG01A0024_001 f 0.00  0.000     0  0.00  0  0  -0.053  -5.977   1.274  -1.935   3.426   0.000 01O000M000t
00053 ARG02A0024_002 f 0.00  0.000     0  0.00  0  0   0.049  -6.058   1.274  -3.270   3.662   0.000 02O000M000t
00054 ARG03A0024_003 f 0.00  0.000     0  0.00  0  0  -0.072  -5.989   1.274  -1.881   3.843   0.000 03O000M000t
00055 ARG03A0024_004 f 0.00  0.000     0  0.00  0  0  -0.069  -6.661   1.274  -0.521   3.835   0.000 03O000M000t
00056 ARG+1A0024_005 f 0.00  1.000     0 12.50  0  1  -0.112  -6.091   1.274  -4.590   5.783   0.000 +1O000M000t
00057 ASP01A0025_001 f 0.00  0.000     0  0.00  0  0  -2.695   0.738   3.201   2.911   0.912   0.000 01O000M000t
00058 ASP01A0025_002 f 0.00  0.000     0  0.00  0  0  -2.695   0.738   0.481  -0.045   0.886   0.000 01O000M000t
00059 ASP02A0025_003 f 0.00  0.000     0  0.00  0  0  -2.892  -0.036   3.201  -0.535  -0.033   0.000 02O000M000t
00060 ASP02A0025_004 f 0.00  0.000     0  0.00  0  0  -2.892  -0.036   0.481  -0.552   1.284   0.000 02O000M000t
00061 ASP-1A0025_005 f 0.00 -1.000     0  4.75  0 -1  -2.754   0.011   0.481  -2.143   1.724   0.000 -1O000M000t
00062 ARG01A0026_001 f 0.00  0.000     0  0.00  0  0  -3.199  -2.057   2.354   0.039   1.205   0.000 01O000M000t
00063 ARG02A0026_002 f 0.00  0.000     0  0.00  0  0  -3.235  -2.086   2.354  -0.219   1.786   0.000 02O000M000t
00064 ARG03A0026_003 f 0.00  0.000     0  0.00  0  0  -3.237  -2.078   2.354  -0.054   1.714   0.000 03O000M000t
00065 ARG+1A0026_004 f 0.00  1.000     0 12.50  0  1  -3.281  -2.089   2.354  -0.445   1.510   0.000 +1O000M000t
00066 LEU01A0027_001 f 0.00  0.000     0  0.00  0  0   1.975  -5.589   0.839   0.000   0.000   0.000 01O000M000t
00067 LYS01A0028_001 f 0.00  0.000     0  0.00  0  0  -7.072  10.447   1.374   0.187   0.288   0.000 01O000M000t
00068 LYS+1A0028_002 f 0.00  1.000     0 10.40  0  1  -7.120  10.359   1.374  -0.957   1.061   0.000 +1O000M000t
00069 LEU01A0029_001 f 0.00  0.000     0  0.00  0  0  -1.553   0.183   1.220   0.000   0.000   0.000 01O000M000t
00070 LYS01A0031_001 f 0.00  0.000     0  0.00  0  0  -6.391  -1.358   0.981   0.012   0.238   0.000 01O000M000t
00071 LYS+1A0031_002 f 0.00  1.000     0 10.40  0  1  -6.453  -1.364   0.981   0.279   1.286   0.000 +1O000M000t
00072 PRO01A0032_001 f 0.00  0.000     0  0.00  0  0  -3.020   0.126   0.000   0.000   0.000   0.000 01O000M000t
00073 LEU01A0033_001 f 0.00  0.000     0  0.00  0  0   1.449  -4.897   0.417   0.000   0.000   0.000 01O000M000t
00074 ARG01A0035_001 f 0.00  0.000     0  0.00  0  0  -6.537  -3.443   1.222  -0.104   1.087   0.000 01O000M000t
00075 ARG02A0035_002 f 0.00  0.000     0  0.00  0  0  -6.515  -3.457   1.222   0.004   1.598   0.000 02O000M000t
00076 ARG03A0035_003 f 0.00  0.000     0  0.00  0  0  -6.581  -3.457   1.222   0.014   1.720   0.000 03O000M000t
00077 ARG+1A0035_004 f 0.00  1.000     0 12.50  0  1  -6.620  -3.460   1.222   0.192   2.558   0.000 +1O000M000t
00078 ALA01A0037_001 f 0.00  0.000     0  0.00  0  0  -1.561  -0.242   0.000   0.000   0.000   0.000 01O000M000t
00079 PHE01A0038_001 f 0.00  0.000     0  0.00  0  0  -0.585  -5.199   0.113   0.000   0.000   0.000 01O000M000t
00080 GLN01A0040_001 f 0.00  0.000     0  0.00  0  0   0.271  -4.580   0.614  -0.468   1.067   0.000 01O000M000t
00081 GLN01A0040_002 f 0.00  0.000     0  0.00  0  0   0.685  -4.503   0.615   0.302   1.392   0.000 01R001M000t
00082 VAL01A0041_001 f 0.00  0.000     0  0.00  0  0   0.596  -4.019   0.014   0.000   0.000   0.000 01O000M000t
00083 ILE01A0042_001 f 0.00  0.000     0  0.00  0  0   1.711  41.946   1.684   0.000   0.000   0.000 01O000M000t
00084 GLU01A0043_001 f 0.00  0.000     0  0.00  0  0   0.527  -3.561   3.431   0.444   1.507   0.000 01O000M000t
00085 GLU01A0043_002 f 0.00  0.000     0  0.00  0  0   0.527  -3.561   0.711   0.092   1.385   0.000 01O000M000t
00086 GLU02A0043_003 f 0.00  0.000     0  0.00  0  0   0.226  -3.548   3.431   0.202   0.630   0.000 02O000M000t
00087 GLU02A0043_004 f 0.00  0.000     0  0.00  0  0   0.226  -3.548   0.711   0.064   1.247   0.000 02O000M000t
00088 GLU-1A0043_005 f 0.00 -1.000     0  4.75  0 -1   0.159  -3.512   0.711  -0.615   3.527   0.000 -1O000M000t
00089 ALA01A0044_001 f 0.00  0.000     0  0.00  0  0   0.000  -0.854   0.000   0.000   0.000   0.000 01O000M000t
00090 ASP01A0045_001 f 0.00  0.000     0  0.00  0  0  -1.206  -4.830   4.104   0.405   0.077   0.000 01O000M000t
00091 ASP01A0045_002 f 0.00  0.000     0  0.00  0  0  -1.206  -4.830   1.384   0.815   1.929   0.000 01O000M000t
00092 ASP02A0045_003 f 0.00  0.000     0  0.00  0  0  -1.214  -4.908   4.104  -0.091   0.406   0.000 02O000M000t
00093 ASP02A0045_004 f 0.00  0.000     0  0.00  0  0  -1.214  -4.908   1.384   0.148   1.757   0.000 02O000M000t
00094 ASP-1A0045_005 f 0.00 -1.000     0  4.75  0 -1  -1.280  -4.805   1.384  -1.892   3.881   0.000 -1O000M000t
00095 ALA01A0046_001 f 0.00  0.000     0  0.00  0  0   0.000  -1.577   0.000   0.000   0.000   0.000 01O000M000t
00096 PHE01A0047_001 f 0.00  0.000     0  0.00  0  0  -1.658  -6.473   0.186   0.000   0.000   0.000 01O000M000t
00097 ILE01A0049_001 f 0.00  0.000     0  0.00  0  0   1.253  -1.343   0.656   0.000   0.000   0.000 01O000M000t
00098 ASP01A0050_001 f 0.00  0.000     0  0.00  0  0  -1.007   2.176   2.741   3.044   1.311   0.000 01O000M000t
00099 ASP01A0050_002 f 0.00  0.000     0  0.00  0  0  -1.007   2.176   0.021   0.162   2.023   0.000 01O000M000t
00100 ASP02A0050_003 f 0.00  0.000     0  0.00  0  0  -0.946   1.041   2.741  -0.935   1.022   0.000 02O000M000t
00101 ASP02A0050_004 f 0.00  0.000     0  0.00  0  0  -0.946   1.041   0.021  -0.834   1.990   0.000 02O000M000t
00102 ASP-1A0050_005 f 0.00 -1.000     0  4.75  0 -1  -0.972   1.096   0.021  -3.154   5.023   0.000 -1O000M000t
00103 LYS01A0051_001 f 0.00  0.000     0  0.00  0  0  -7.009  -2.286   0.927  -0.002  -0.040   0.000 01O000M000t
00104 LYS+1A0051_002 f 0.00  1.000     0 10.40  0  1  -7.055  -2.289   0.927  -0.019  -0.309   0.000 +1O000M000t
00105 THR01A0052_001 f 0.00  0.000     0  0.00  0  0  -7.196   0.195   0.392  -0.215  -0.293   0.000 01O000M000t
00106 THR01A0052_002 f 0.00  0.000     0  0.00  0  0  -7.196   0.195   0.017  -0.318  -0.209   0.000 01O000M000t
00107 ALA01A0053_001 f 0.00  0.000     0  0.00  0  0  -3.345   2.661   0.000   0.000   0.000   0.000 01O000M000t
00108 THR01A0054_001 f 0.00  0.000     0  0.00  0  0  -1.778   9.174   0.700  -0.871   1.671   0.000 01O000M000t
00109 CYS01A0055_001 f 0.00  0.000     0  0.00  0  0  -3.861  -1.431   0.000  -0.148   0.242   0.000 01O000M000t
00110 CYS01A0055_002 f 0.00  0.000     0  0.00  0  0  -3.861  -1.443   0.000  -0.182   0.044   0.000 01O000M000t
00111 CYS01A0055_003 f 0.00  0.000     0  0.00  0  0  -3.862  -1.409   0.000  -0.318   0.004   0.000 01O000M000t
00112 CYS-1A0055_004 f 0.00 -1.000     0  9.10  0 -1  -3.859  -1.398   0.000  -1.780   1.534   0.000 -1O000M000t
00113 ARG01A0056_001 f 0.00  0.000     0  0.00  0  0  -3.293  -4.407   0.970  -0.185   1.447   0.000 01O000M000t
00114 ARG02A0056_002 f 0.00  0.000     0  0.00  0  0  -3.355  -4.428   0.970   0.417   1.983   0.000 02O000M000t
00115 ARG03A0056_003 f 0.00  0.000     0  0.00  0  0  -3.360  -4.424   0.970   0.441   1.845   0.000 03O000M000t
00116 ARG03A0056_004 f 0.00  0.000     0  0.00  0  0  -3.355  -4.406   0.970   0.104   1.785   0.000 03O000M000t
00117 ARG+1A0056_005 f 0.00  1.000     0 12.50  0  1  -3.399  -4.432   0.970   1.282   3.182   0.000 +1O000M000t
00118 THR01A0057_001 f 0.00  0.000     0  0.00  0  0  -2.584  -1.430   0.425  -0.186  -0.131   0.000 01O000M000t
00119 VAL01A0058_001 f 0.00  0.000     0  0.00  0  0   0.636  -2.462   0.016   0.000   0.000   0.000 01O000M000t
00120 ALA01A0059_001 f 0.00  0.000     0  0.00  0  0   0.000  -2.020   0.000   0.000   0.000   0.000 01O000M000t
00121 VAL01A0060_001 f 0.00  0.000     0  0.00  0  0   0.710   1.729   0.631   0.000   0.000   0.000 01O000M000t
00122 LYS01A0061_001 f 0.00  0.000     0  0.00  0  0   0.961  -5.426   1.309   0.017   1.275   0.000 01O000M000t
00123 LYS+1A0061_002 f 0.00  1.000     0 10.40  0  1   0.914  -5.320   1.309  -0.349  10.844   0.000 +1O000M000t
00124 MET01A0062_001 f 0.00  0.000     0  0.00  0  0  -1.123  -3.765   0.383   0.022   0.080   0.000 01O000M000t
00125 LEU01A0063_001 f 0.00  0.000     0  0.00  0  0   0.561  -0.114   0.405   0.000   0.000   0.000 01O000M000t
00126 LYS01A0064_001 f 0.00  0.000     0  0.00  0  0  -0.855  -0.667   1.445  -0.338   0.639   0.000 01O000M000t
00127 LYS+1A0064_002 f 0.00  1.000     0 10.40  0  1  -0.917  -0.857   1.445  -3.116   2.954   0.000 +1O000M000t
00128 GLU01A0065_001 f 0.00  0.000     0  0.00  0  0  -3.220  -0.620   3.385   0.394  -0.233   0.000 01O000M000t
00129 GLU01A0065_002 f 0.00  0.000     0  0.00  0  0  -3.220  -0.620   0.665   0.244   0.711   0.000 01O000M000t
00130 GLU02A0065_003 f 0.00  0.000     0  0.00  0  0  -3.205  -0.639   3.385   0.307  -0.308   0.000 02O000M000t
00131 GLU02A0065_004 f 0.00  0.000     0  0.00  0  0  -3.205  -0.639   0.665   0.217   0.513   0.000 02O000M000t
00132 GLU-1A0065_005 f 0.00 -1.000     0  4.75  0 -1  -3.301  -0.610   0.665  -0.654   0.413   0.000 -1O000M000t
00133 ALA01A0067_001 f 0.00  0.000     0  0.00  0  0  -0.464  -1.742   0.000   0.000   0.000   0.000 01O000M000t
00134 THR01A0068_001 f 0.00  0.000     0  0.00  0  0  -4.533   0.657   0.505   0.098   1.140   0.000 01O000M000t
00135 THR01A0068_002 f 0.00  0.000     0  0.00  0  0  -4.533   0.657   0.505   2.051   1.263   0.000 01O000M000t
00136 HIS01A0069_001 f 0.00  0.000     0  0.00  0  0  -9.548  -1.742   0.143   0.386   0.333   0.000 01O000M000t
00137 HIS01A0069_002 f 0.00  0.000     0  0.00  0  0  -9.614  -1.747   0.143   0.561   0.130   0.000 01R001M000t
00138 HIS02A0069_003 f 0.00  0.000     0  0.00  0  0  -9.568  -1.768   0.143   0.439   0.095   0.000 02O000M000t
00139 HIS02A0069_004 f 0.00  0.000     0  0.00  0  0  -9.626  -1.765   0.143   0.437   0.085   0.000 02R001M000t
00140 HIS+1A0069_005 f 0.00  1.000     0  6.98  0  1  -9.595  -1.771   0.143   1.177  -0.276   0.000 +1O000M000t
00141 HIS+1A0069_006 f 0.00  1.000     0  6.98  0  1  -9.653  -1.768   0.143   1.189  -0.245   0.000 +1R001M000t
00142 SER01A0070_001 f 0.00  0.000     0  0.00  0  0  -2.954  -0.925   0.404   0.369   0.658   0.000 01O000M000t
00143 SER01A0070_002 f 0.00  0.000     0  0.00  0  0  -2.954  -0.925   0.404   0.401   0.979   0.000 01O000M000t
00144 GLU01A0071_001 f 0.00  0.000     0  0.00  0  0  -0.016  -2.451   3.730   3.363   1.533   0.000 01O000M000t
00145 GLU01A0071_002 f 0.00  0.000     0  0.00  0  0  -0.016  -2.451   1.010  -0.190   0.868   0.000 01O000M000t
00146 GLU02A0071_003 f 0.00  0.000     0  0.00  0  0  -0.240  -3.181   3.730  -1.483   0.501   0.000 02O000M000t
00147 GLU02A0071_004 f 0.00  0.000     0  0.00  0  0  -0.240  -3.181   1.010  -1.492   1.687   0.000 02O000M000t
00148 GLU-1A0071_005 f 0.00 -1.000     0  4.75  0 -1  -0.298  -3.125   1.010  -4.942   3.628   0.000 -1O000M000t
00149 HIS01A0072_001 f 0.00  0.000     0  0.00  0  0  -4.161  -3.108   0.010   0.498   1.193   0.000 01O000M000t
00150 HIS01A0072_002 f 0.00  0.000     0  0.00  0  0  -4.456  -3.125   0.010   0.528   1.025   0.000 01R001M000t
00151 HIS02A0072_003 f 0.00  0.000     0  0.00  0  0  -4.180  -3.182   0.010   0.529   0.919   0.000 02O000M000t
00152 HIS02A0072_004 f 0.00  0.000     0  0.00  0  0  -4.469  -3.143   0.010   0.618   0.977   0.000 02R001M000t
00153 HIS+1A0072_005 f 0.00  1.000     0  6.98  0  1  -4.207  -3.206   0.010   1.338   1.414   0.000 +1O000M000t
00154 HIS+1A0072_006 f 0.00  1.000     0  6.98  0  1  -4.496  -3.155   0.010   1.360   1.137   0.000 +1R001M000t
00155 ARG01A0073_001 f 0.00  0.000     0  0.00  0  0  -7.082  -4.560   0.867  -0.094   0.770   0.000 01O000M000t
00156 ARG02A0073_002 f 0.00  0.000     0  0.00  0  0  -7.134  -4.563   0.867  -0.140   1.874   0.000 02O000M000t
00157 ARG03A0073_003 f 0.00  0.000     0  0.00  0  0  -7.136  -4.564   0.867  -0.096   1.730   0.000 03O000M000t
00158 ARG+1A0073_004 f 0.00  1.000     0 12.50  0  1  -7.181  -4.578   0.867   0.348   0.156   0.000 +1O000M000t
00159 ALA01A0074_001 f 0.00  0.000     0  0.00  0  0  -0.927  -1.638   0.000   0.000   0.000   0.000 01O000M000t
00160 LEU01A0075_001 f 0.00  0.000     0  0.00  0  0   1.592  -6.385   0.449   0.000   0.000   0.000 01O000M000t
00161 MET01A0076_001 f 0.00  0.000     0  0.00  0  0  -1.819  -2.970   0.033   0.045   0.066   0.000 01O000M000t
00162 SER01A0077_001 f 0.00  0.000     0  0.00  0  0  -2.824   0.562   0.435  -0.843   1.415   0.000 01O000M000t
00163 SER01A0077_002 f 0.00  0.000     0  0.00  0  0  -2.824   0.562   0.060  -0.489   0.298   0.000 01O000M000t
00164 GLU01A0078_001 f 0.00  0.000     0  0.00  0  0   2.054  -2.933   3.084   0.164   2.634   0.000 01O000M000t
00165 GLU01A0078_002 f 0.00  0.000     0  0.00  0  0   2.054  -2.933   0.364   0.270   2.759   0.000 01O000M000t
00166 GLU02A0078_003 f 0.00  0.000     0  0.00  0  0   1.648  -2.905   3.084   0.010   1.899   0.000 02O000M000t
00167 GLU02A0078_004 f 0.00  0.000     0  0.00  0  0   1.648  -2.905   0.364  -0.051   2.054   0.000 02O000M000t
00168 GLU-1A0078_005 f 0.00 -1.000     0  4.75  0 -1   1.572  -2.845   0.364  -2.036  10.830   0.000 -1O000M000t
00169 LEU01A0079_001 f 0.00  0.000     0  0.00  0  0   1.704  -2.178   0.622   0.000   0.000   0.000 01O000M000t
00170 LYS01A0080_001 f 0.00  0.000     0  0.00  0  0  -2.972  -5.150   1.544   0.218  -0.077   0.000 01O000M000t
00171 LYS+1A0080_002 f 0.00  1.000     0 10.40  0  1  -3.018  -5.172   1.544  -0.717   0.704   0.000 +1O000M000t
00172 ILE01A0081_001 f 0.00  0.000     0  0.00  0  0   1.269   3.055   0.765   0.000   0.000   0.000 01O000M000t
00173 LEU01A0082_001 f 0.00  0.000     0  0.00  0  0   1.636  -3.333   0.726   0.000   0.000   0.000 01O000M000t
00174 ILE01A0083_001 f 0.00  0.000     0  0.00  0  0   0.763  -0.226   0.525   0.000   0.000   0.000 01O000M000t
00175 HIS01A0084_001 f 0.00  0.000     0  0.00  0  0  -2.624  -4.350   0.436  -0.900   1.999   0.000 01O000M000t
00176 HIS02A0084_002 f 0.00  0.000     0  0.00  0  0  -2.643  -4.329   0.436   1.264   2.114   0.000 02O000M000t
00177 HIS+1A0084_003 f 0.00  1.000     0  6.98  0  1  -2.670  -4.381   0.436  -1.942   3.568   0.000 +1O000M000t
00178 ILE01A0085_001 f 0.00  0.000     0  0.00  0  0   2.203  -0.680   0.708   0.000   0.000   0.000 01O000M000t
00179 HIS01A0087_001 f 0.00  0.000     0  0.00  0  0  -7.136  -2.567   0.524   0.163   1.332   0.000 01O000M000t
00180 HIS02A0087_002 f 0.00  0.000     0  0.00  0  0  -7.156  -2.578   0.524  -0.116   1.443   0.000 02O000M000t
00181 HIS+1A0087_003 f 0.00  1.000     0  6.98  0  1  -7.183  -2.601   0.524   0.746   1.603   0.000 +1O000M000t
00182 HIS01A0088_001 f 0.00  0.000     0  0.00  0  0  -1.967  -4.484   0.087  -2.395   2.607   0.000 01O000M000t
00183 HIS02A0088_002 f 0.00  0.000     0  0.00  0  0  -1.985  -4.480   0.087   3.135   2.316   0.000 02O000M000t
00184 HIS+1A0088_003 f 0.00  1.000     0  6.98  0  1  -2.012  -4.500   0.087   6.053   4.508   0.000 +1O000M000t
00185 LEU01A0089_001 f 0.00  0.000     0  0.00  0  0  -4.261  -0.962   0.539   0.000   0.000   0.000 01O000M000t
00186 ASN01A0090_001 f 0.00  0.000     0  0.00  0  0  -0.051  -4.464   0.691  -1.260   2.282   0.000 01O000M000t
00187 ASN01A0090_002 f 0.00  0.000     0  0.00  0  0   0.098  -5.126   0.684   1.112   2.696   0.000 01R001M000t
00188 VAL01A0091_001 f 0.00  0.000     0  0.00  0  0   0.615  -2.188   0.050   0.000   0.000   0.000 01O000M000t
00189 VAL01A0092_001 f 0.00  0.000     0  0.00  0  0   0.545  -0.954   0.304   0.000   0.000   0.000 01O000M000t
00190 ASN01A0093_001 f 0.00  0.000     0  0.00  0  0  -0.702  -2.874   1.250   0.345   0.921   0.000 01O000M000t
00191 ASN01A0093_002 f 0.00  0.000     0  0.00  0  0  -0.574  -3.334   1.252   0.319   0.703   0.000 01R001M000t
00192 LEU01A0094_001 f 0.00  0.000     0  0.00  0  0   1.742  -3.905   0.566   0.000   0.000   0.000 01O000M000t
00193 LEU01A0095_001 f 0.00  0.000     0  0.00  0  0   0.874  -5.789   0.409   0.000   0.000   0.000 01O000M000t
00194 ALA01A0097_001 f 0.00  0.000     0  0.00  0  0   0.000  -1.475   0.000   0.000   0.000   0.000 01O000M000t
00195 CYS01A0098_001 f 0.00  0.000     0  0.00  0  0  -0.002  -2.914   0.251  -0.929   0.966   0.000 01O000M000t
00196 CYS01A0098_002 f 0.00  0.000     0  0.00  0  0  -0.002  -2.842   0.251   0.286   0.961   0.000 01O000M000t
00197 CYS01A0098_003 f 0.00  0.000     0  0.00  0  0  -0.002  -2.811   0.251  -0.097   0.897   0.000 01O000M000t
00198 CYS-1A0098_004 f 0.00 -1.000     0  9.10  0 -1   0.000  -2.755   0.251  -1.069  11.281   0.000 -1O000M000t
00199 THR01A0099_001 f 0.00  0.000     0  0.00  0  0  -0.706   0.026   0.511   0.615   1.369   0.000 01O000M000t
00200 THR01A0099_002 f 0.00  0.000     0  0.00  0  0  -0.706   0.026   0.511  -0.409   0.681   0.000 01O000M000t
00201 THR01A0099_003 f 0.00  0.000     0  0.00  0  0  -0.706   0.026   0.136  -0.897   0.747   0.000 01O000M000t
00202 LYS01A0100_001 f 0.00  0.000     0  0.00  0  0  -2.586  -1.845   1.712  -0.022   0.025   0.000 01O000M000t
00203 LYS+1A0100_002 f 0.00  1.000     0 10.40  0  1  -2.630  -1.849   1.712   0.454  -0.004   0.000 +1O000M000t
00204 PRO01A0101_001 f 0.00  0.000     0  0.00  0  0  -6.971   0.655   0.000   0.000   0.000   0.000 01O000M000t
00205 PRO01A0104_001 f 0.00  0.000     0  0.00  0  0  -3.420  -0.581   0.000   0.000   0.000   0.000 01O000M000t
00206 LEU01A0105_001 f 0.00  0.000     0  0.00  0  0   1.533  -4.335   0.579   0.000   0.000   0.000 01O000M000t
00207 MET01A0106_001 f 0.00  0.000     0  0.00  0  0  -0.207  -4.515   0.817  -0.029   0.084   0.000 01O000M000t
00208 VAL01A0107_001 f 0.00  0.000     0  0.00  0  0   0.610  -1.978   0.056   0.000   0.000   0.000 01O000M000t
00209 ILE01A0108_001 f 0.00  0.000     0  0.00  0  0   2.282  -4.019   0.581   0.000   0.000   0.000 01O000M000t
00210 VAL01A0109_001 f 0.00  0.000     0  0.00  0  0   0.514   1.741   0.001   0.000   0.000   0.000 01O000M000t
00211 GLU01A0110_001 f 0.00  0.000     0  0.00  0  0   0.022  -3.639   3.596  -0.103   1.020   0.000 01O000M000t
00212 GLU01A0110_002 f 0.00  0.000     0  0.00  0  0   0.022  -3.639   0.876  -0.354   1.923   0.000 01O000M000t
00213 GLU02A0110_003 f 0.00  0.000     0  0.00  0  0   0.014  -3.221   3.596   3.780   1.850   0.000 02O000M000t
00214 GLU02A0110_004 f 0.00  0.000     0  0.00  0  0   0.014  -3.221   0.876  -0.336   1.569   0.000 02O000M000t
00215 GLU-1A0110_005 f 0.00 -1.000     0  4.75  0 -1  -0.126  -3.574   0.876  -1.730   5.593   0.000 -1O000M000t
00216 PHE01A0111_001 f 0.00  0.000     0  0.00  0  0   2.836  -7.306   0.043   0.000   0.000   0.000 01O000M000t
00217 CYS01A0112_001 f 0.00  0.000     0  0.00  0  0  -0.002  -3.304   0.003  -0.343   0.894   0.000 01O000M000t
00218 CYS01A0112_002 f 0.00  0.000     0  0.00  0  0  -0.002  -3.354   0.003  -0.427   0.985   0.000 01O000M000t
00219 CYS01A0112_003 f 0.00  0.000     0  0.00  0  0  -0.002  -3.296   0.003  -0.149   0.976   0.000 01O000M000t
00220 CYS-1A0112_004 f 0.00 -1.000     0  9.10  0 -1   0.000  -3.248   0.003  -3.635  12.660   0.000 -1O000M000t
00221 LYS01A0113_001 f 0.00  0.000     0  0.00  0  0  -3.297  -1.914   1.044  -0.056  -0.087   0.000 01O000M000t
00222 LYS+1A0113_002 f 0.00  1.000     0 10.40  0  1  -3.344  -1.917   1.044   0.369   0.320   0.000 +1O000M000t
00223 PHE01A0114_001 f 0.00  0.000     0  0.00  0  0  -0.399  -3.532   0.080   0.000   0.000   0.000 01O000M000t
00224 ASN01A0116_001 f 0.00  0.000     0  0.00  0  0  -0.452  -3.911   2.099  -2.440   1.492   0.000 01O000M000t
00225 ASN01A0116_002 f 0.00  0.000     0  0.00  0  0  -0.454  -1.589   2.098   3.455   1.444   0.000 01R001M000t
00226 LEU01A0117_001 f 0.00  0.000     0  0.00  0  0   1.704  -4.180   0.492   0.000   0.000   0.000 01O000M000t
00227 SER01A0118_001 f 0.00  0.000     0  0.00  0  0  -0.578  -2.453   0.376  -0.302   1.323   0.000 01O000M000t
00228 SER01A0118_002 f 0.00  0.000     0  0.00  0  0  -0.578  -2.453   0.001  -0.821   0.305   0.000 01O000M000t
00229 THR01A0119_001 f 0.00  0.000     0  0.00  0  0  -4.530  -0.504   0.380  -0.480   0.532   0.000 01O000M000t
00230 THR01A0119_002 f 0.00  0.000     0  0.00  0  0  -4.530  -0.504   0.380   0.661   0.790   0.000 01O000M000t
00231 THR01A0119_003 f 0.00  0.000     0  0.00  0  0  -4.530  -0.504   0.005  -0.769   0.179   0.000 01O000M000t
00232 TYR01A0120_001 f 0.00  0.000     0  0.00  0  0   3.135  -5.611   0.109   0.347   1.189   0.000 01O000M000t
00233 TYR-1A0120_002 f 0.00 -1.000     0 10.20  0 -1   3.135  -5.611   0.109   0.163   5.362   0.000 -1O000M000t
00234 LEU01A0121_001 f 0.00  0.000     0  0.00  0  0   1.522  -0.699   0.616   0.000   0.000   0.000 01O000M000t
00235 ARG01A0122_001 f 0.00  0.000     0  0.00  0  0  -1.935  -5.072   1.535  -0.827   1.359   0.000 01O000M000t
00236 ARG02A0122_002 f 0.00  0.000     0  0.00  0  0  -1.972  -5.009   1.535  -1.190   2.530   0.000 02O000M000t
00237 ARG02A0122_003 f 0.00  0.000     0  0.00  0  0  -1.926  -5.209   1.535   0.854   2.131   0.000 02O000M000t
00238 ARG03A0122_004 f 0.00  0.000     0  0.00  0  0  -1.975  -5.058   1.535  -0.838   2.250   0.000 03O000M000t
00239 ARG+1A0122_005 f 0.00  1.000     0 12.50  0  1  -2.021  -5.089   1.535  -1.223   1.945   0.000 +1O000M000t
00240 SER01A0123_001 f 0.00  0.000     0  0.00  0  0  -2.877   0.424   1.460  -2.116   1.495   0.000 01O000M000t
00241 SER01A0123_002 f 0.00  0.000     0  0.00  0  0  -2.877   0.424   1.460   0.098   0.785   0.000 01O000M000t
00242 LYS01A0124_001 f 0.00  0.000     0  0.00  0  0   0.278  -1.350   1.321   0.014   0.647   0.000 01O000M000t
00243 LYS+1A0124_002 f 0.00  1.000     0 10.40  0  1   0.232  -0.407   1.321  -2.564   3.889   0.000 +1O000M000t
00244 ARG01A0125_001 f 0.00  0.000     0  0.00  0  0  -3.530  -6.844   0.832   1.633   1.752   0.000 01O000M000t
00245 ARG02A0125_002 f 0.00  0.000     0  0.00  0  0  -3.473  -6.723   0.832  -1.156   2.433   0.000 02O000M000t
00246 ARG03A0125_003 f 0.00  0.000     0  0.00  0  0  -3.554  -6.664   0.832  -1.364   2.603   0.000 03O000M000t
00247 ARG+1A0125_004 f 0.00  1.000     0 12.50  0  1  -3.593  -6.732   0.832  -4.343   5.037   0.000 +1O000M000t
00248 ASN01A0126_001 f 0.00  0.000     0  0.00  0  0  -3.592  -0.385   0.739   0.270  -0.059   0.000 01O000M000t
00249 ASN01A0126_002 f 0.00  0.000     0  0.00  0  0  -3.752   0.151   0.736   0.289  -0.248   0.000 01R001M000t
00250 GLU01A0127_001 f 0.00  0.000     0  0.00  0  0  -0.072  -1.518   3.145  -0.132   0.369   0.000 01O000M000t
00251 GLU01A0127_002 f 0.00  0.000     0  0.00  0  0  -0.072  -1.518   0.425   0.073   0.779   0.000 01O000M000t
00252 GLU02A0127_003 f 0.00  0.000     0  0.00  0  0  -0.564  -1.481   3.145   0.175  -0.190   0.000 02O000M000t
00253 GLU02A0127_004 f 0.00  0.000     0  0.00  0  0  -0.564  -1.481   0.425   0.141   0.927   0.000 02O000M000t
00254 GLU-1A0127_005 f 0.00 -1.000     0  4.75  0 -1  -0.505  -1.444   0.425   0.432   1.276   0.000 -1O000M000t
00255 PHE01A0128_001 f 0.00  0.000     0  0.00  0  0   4.367  -9.887   0.055   0.000   0.000   0.000 01O000M000t
00256 VAL01A0129_001 f 0.00  0.000     0  0.00  0  0  -1.410   0.963   0.114   0.000   0.000   0.000 01O000M000t
00257 PRO01A0130_001 f 0.00  0.000     0  0.00  0  0  -4.105   1.451   0.000   0.000   0.000   0.000 01O000M000t
00258 TYR01A0131_001 f 0.00  0.000     0  0.00  0  0  -4.126  -3.487   0.150   0.386   0.777   0.000 01O000M000t
00259 TYR01A0131_002 f 0.00  0.000     0  0.00  0  0  -4.126  -3.487   0.150   0.409   0.620   0.000 01O000M000t
00260 TYR-1A0131_003 f 0.00 -1.000     0 10.20  0 -1  -4.126  -3.487   0.150   0.213   1.161   0.000 -1O000M000t
00261 TYR01A0132_001 f 0.00  0.000     0  0.00  0  0  -5.267   0.063   0.183   0.170   0.173   0.000 01O000M000t
00262 TYR01A0132_002 f 0.00  0.000     0  0.00  0  0  -5.267   0.063   0.183   0.187   0.167   0.000 01O000M000t
00263 TYR-1A0132_003 f 0.00 -1.000     0 10.20  0 -1  -5.267   0.063   0.183   0.150  -0.371   0.000 -1O000M000t
00264 LYS01A0133_001 f 0.00  0.000     0  0.00  0  0  -9.166   3.560   1.129  -0.014   0.024   0.000 01O000M000t
00265 LYS+1A0133_002 f 0.00  1.000     0 10.40  0  1  -9.213   3.558   1.129   0.112  -0.323   0.000 +1O000M000t
00266 ASP01A0134_001 f 0.00  0.000     0  0.00  0  0  -2.806  27.243   3.797   0.254  -0.341   0.000 01O000M000t
00267 ASP01A0134_002 f 0.00  0.000     0  0.00  0  0  -2.806  27.243   1.077   0.160   0.457   0.000 01O000M000t
00268 ASP02A0134_003 f 0.00  0.000     0  0.00  0  0  -2.779  27.058   3.797  -0.057  -0.069   0.000 02O000M000t
00269 ASP02A0134_004 f 0.00  0.000     0  0.00  0  0  -2.779  27.058   1.077   0.111   0.764   0.000 02O000M000t
00270 ASP-1A0134_005 f 0.00 -1.000     0  4.75  0 -1  -2.886  27.102   1.077  -0.137   0.396   0.000 -1O000M000t
00271 PHE01A0135_001 f 0.00  0.000     0  0.00  0  0   1.355   3.762   1.750   0.000   0.000   0.000 01O000M000t
00272 LEU01A0136_001 f 0.00  0.000     0  0.00  0  0   1.714  -2.422   0.889   0.000   0.000   0.000 01O000M000t
00273 THR01A0137_001 f 0.00  0.000     0  0.00  0  0  -1.497  -2.680   0.415  -0.174   1.447   0.000 01O000M000t
00274 THR01A0137_002 f 0.00  0.000     0  0.00  0  0  -1.497  -2.680   0.040  -1.777   0.452   0.000 01O000M000t
00275 LEU01A0138_001 f 0.00  0.000     0  0.00  0  0   1.633   0.104   1.604   0.000   0.000   0.000 01O000M000t
00276 GLU01A0139_001 f 0.00  0.000     0  0.00  0  0  -1.370  -1.359   4.136   0.311  -0.037   0.000 01O000M000t
00277 GLU01A0139_002 f 0.00  0.000     0  0.00  0  0  -1.370  -1.359   1.416   0.120   0.676   0.000 01O000M000t
00278 GLU02A0139_003 f 0.00  0.000     0  0.00  0  0  -1.473  -1.371   4.136   0.125   0.227   0.000 02O000M000t
00279 GLU02A0139_004 f 0.00  0.000     0  0.00  0  0  -1.473  -1.371   1.416   0.096   0.669   0.000 02O000M000t
00280 GLU-1A0139_005 f 0.00 -1.000     0  4.75  0 -1  -1.552  -1.325   1.416  -0.415   0.956   0.000 -1O000M000t
00281 HIS01A0140_001 f 0.00  0.000     0  0.00  0  0  -2.404  -4.581   0.062  -1.481   2.181   0.000 01O000M000t
00282 HIS02A0140_002 f 0.00  0.000     0  0.00  0  0  -2.422  -4.783   0.062   1.871   2.082   0.000 02O000M000t
00283 HIS+1A0140_003 f 0.00  1.000     0  6.98  0  1  -2.449  -4.796   0.062   4.236   4.144   0.000 +1O000M000t
00284 LEU01A0141_001 f 0.00  0.000     0  0.00  0  0   2.179  -1.744   2.053   0.000   0.000   0.000 01O000M000t
00285 ILE01A0142_001 f 0.00  0.000     0  0.00  0  0   2.166  -0.439   0.418   0.000   0.000   0.000 01O000M000t
00286 CYS01A0143_001 f 0.00  0.000     0  0.00  0  0  -1.716  -2.338   0.008  -0.357   0.618   0.000 01O000M000t
00287 CYS01A0143_002 f 0.00  0.000     0  0.00  0  0  -1.716  -2.293   0.008  -0.169   0.101   0.000 01O000M000t
00288 CYS01A0143_003 f 0.00  0.000     0  0.00  0  0  -1.717  -2.279   0.008  -0.211   0.139   0.000 01O000M000t
00289 CYS-1A0143_004 f 0.00 -1.000     0  9.10  0 -1  -1.715  -2.258   0.008  -0.884   3.311   0.000 -1O000M000t
00290 TYR01A0144_001 f 0.00  0.000     0  0.00  0  0   4.080  -5.744   0.035   0.360   2.445   0.000 01O000M000t
00291 TYR01A0144_002 f 0.00  0.000     0  0.00  0  0   4.080  -5.744   0.035   0.523   2.467   0.000 01O000M000t
00292 TYR-1A0144_003 f 0.00 -1.000     0 10.20  0 -1   4.080  -5.744   0.035  -0.718  10.347   0.000 -1O000M000t
00293 SER01A0145_001 f 0.00  0.000     0  0.00  0  0   0.000   0.177   0.409   0.317   1.995   0.000 01O000M000t
00294 SER01A0145_002 f 0.00  0.000     0  0.00  0  0   0.000   0.177   0.409  -2.032   1.995   0.000 01O000M000t
00295 PHE01A0146_001 f 0.00  0.000     0  0.00  0  0   1.249  -8.009   0.163   0.000   0.000   0.000 01O000M000t
00296 GLN01A0147_001 f 0.00  0.000     0  0.00  0  0   0.373  -0.109   1.429  -3.051   2.780   0.000 01O000M000t
00297 GLN01A0147_002 f 0.00  0.000     0  0.00  0  0   0.356   2.245   1.430   1.581   2.523   0.000 01R001M000t
00298 VAL01A0148_001 f 0.00  0.000     0  0.00  0  0   0.499  -0.746   0.049   0.000   0.000   0.000 01O000M000t
00299 ALA01A0149_001 f 0.00  0.000     0  0.00  0  0   0.000  -2.254   0.000   0.000   0.000   0.000 01O000M000t
00300 LYS01A0150_001 f 0.00  0.000     0  0.00  0  0  -0.484  -2.050   1.137  -0.057   0.383   0.000 01O000M000t
00301 LYS+1A0150_002 f 0.00  1.000     0 10.40  0  1  -0.573  -2.063   1.137   0.248   2.058   0.000 +1O000M000t
00302 MET01A0152_001 f 0.00  0.000     0  0.00  0  0   1.063  -4.508   0.464  -0.019   0.099   0.000 01O000M000t
00303 GLU01A0153_001 f 0.00  0.000     0  0.00  0  0  -0.175  -4.588   3.260   0.112   0.259   0.000 01O000M000t
00304 GLU01A0153_002 f 0.00  0.000     0  0.00  0  0  -0.175  -4.588   0.540  -0.015   0.524   0.000 01O000M000t
00305 GLU02A0153_003 f 0.00  0.000     0  0.00  0  0  -0.457  -4.367   3.260   0.413   0.496   0.000 02O000M000t
00306 GLU02A0153_004 f 0.00  0.000     0  0.00  0  0  -0.457  -4.367   0.540   0.008   1.165   0.000 02O000M000t
00307 GLU-1A0153_005 f 0.00 -1.000     0  4.75  0 -1  -0.406  -4.502   0.540  -0.625   2.333   0.000 -1O000M000t
00308 PHE01A0154_001 f 0.00  0.000     0  0.00  0  0   1.810  -7.328   0.004   0.000   0.000   0.000 01O000M000t
00309 LEU01A0155_001 f 0.00  0.000     0  0.00  0  0   1.758  -3.773   0.684   0.000   0.000   0.000 01O000M000t
00310 ALA01A0156_001 f 0.00  0.000     0  0.00  0  0  -1.185  -0.821   0.000   0.000   0.000   0.000 01O000M000t
00311 SER01A0157_001 f 0.00  0.000     0  0.00  0  0  -2.496   2.094   1.130  -2.325   1.513   0.000 01O000M000t
00312 SER01A0157_002 f 0.00  0.000     0  0.00  0  0  -2.496   2.094   1.130   0.261   0.682   0.000 01O000M000t
00313 SER01A0157_003 f 0.00  0.000     0  0.00  0  0  -2.496   2.094   0.755  -0.217   0.262   0.000 01O000M000t
00314 ARG01A0158_001 f 0.00  0.000     0  0.00  0  0  -2.745  -1.225   0.906  -1.340   1.079   0.000 01O000M000t
00315 ARG02A0158_002 f 0.00  0.000     0  0.00  0  0  -2.736  -1.390   0.906   0.488   1.898   0.000 02O000M000t
00316 ARG03A0158_003 f 0.00  0.000     0  0.00  0  0  -2.796  -1.308   0.906  -1.233   1.914   0.000 03O000M000t
00317 ARG+1A0158_004 f 0.00  1.000     0 12.50  0  1  -2.835  -1.314   0.906  -2.854   2.268   0.000 +1O000M000t
00318 LYS01A0159_001 f 0.00  0.000     0  0.00  0  0  -4.924   1.812   1.091  -0.023  -0.025   0.000 01O000M000t
00319 LYS+1A0159_002 f 0.00  1.000     0 10.40  0  1  -4.969   1.804   1.091  -0.467   0.306   0.000 +1O000M000t
00320 CYS01A0160_001 f 0.00  0.000     0  0.00  0  0  -0.002  -4.843   0.004   0.120   0.979   0.000 01O000M000t
00321 CYS01A0160_002 f 0.00  0.000     0  0.00  0  0  -0.002  -4.900   0.004  -0.960   0.976   0.000 01O000M000t
00322 CYS01A0160_003 f 0.00  0.000     0  0.00  0  0  -0.002  -4.778   0.004   0.056   0.987   0.000 01O000M000t
00323 CYS-1A0160_004 f 0.00 -1.000     0  9.10  0 -1   0.000  -4.737   0.004   1.128  13.189   0.000 -1O000M000t
00324 ILE01A0161_001 f 0.00  0.000     0  0.00  0  0   2.853  -4.815   0.430   0.000   0.000   0.000 01O000M000t
00325 HIS01A0162_001 f 0.00  0.000     0  0.00  0  0  -0.264  -5.485   0.508  -4.346   3.957   0.000 01O000M000t
00326 HIS02A0162_002 f 0.00  0.000     0  0.00  0  0  -0.279  -5.881   0.508   4.464   3.954   0.000 02O000M000t
00327 HIS+1A0162_003 f 0.00  1.000     0  6.98  0  1  -0.306  -5.762   0.508   6.502  12.281   0.000 +1O000M000t
00328 ARG01A0163_001 f 0.00  0.000     0  0.00  0  0  -0.712  -2.591   3.169   0.506   1.357   0.000 01O000M000t
00329 ARG02A0163_002 f 0.00  0.000     0  0.00  0  0  -0.688  -2.584   3.169   0.368   2.045   0.000 02O000M000t
00330 ARG03A0163_003 f 0.00  0.000     0  0.00  0  0  -0.739  -2.590   3.169   0.547   2.245   0.000 03O000M000t
00331 ARG+1A0163_004 f 0.00  1.000     0 12.50  0  1  -0.778  -2.607   3.169   0.475   1.860   0.000 +1O000M000t
00332 ASP01A0164_001 f 0.00  0.000     0  0.00  0  0   0.069   1.192   3.205   0.315   2.190   0.000 01O000M000t
00333 ASP01A0164_002 f 0.00  0.000     0  0.00  0  0   0.069   1.192   0.485  -0.086   2.884   0.000 01O000M000t
00334 ASP02A0164_003 f 0.00  0.000     0  0.00  0  0   0.137   0.600   3.205   0.439   2.922   0.000 02O000M000t
00335 ASP02A0164_004 f 0.00  0.000     0  0.00  0  0   0.137   0.600   0.485   0.108   3.056   0.000 02O000M000t
00336 ASP-1A0164_005 f 0.00 -1.000     0  4.75  0 -1   0.065   0.665   0.485  -3.250  13.872   0.000 -1O000M000t
00337 LEU01A0165_001 f 0.00  0.000     0  0.00  0  0   1.654  -4.641   0.465   0.000   0.000   0.000 01O000M000t
00338 ALA01A0166_001 f 0.00  0.000     0  0.00  0  0   0.000  -0.140   0.000   0.000   0.000   0.000 01O000M000t
00339 ALA01A0167_001 f 0.00  0.000     0  0.00  0  0   0.000  -1.871   0.000   0.000   0.000   0.000 01O000M000t
00340 ARG01A0168_001 f 0.00  0.000     0  0.00  0  0   0.762  -3.590   0.619  -0.320   4.210   0.000 01O000M000t
00341 ARG02A0168_002 f 0.00  0.000     0  0.00  0  0   0.748  -3.587   0.619  -0.285   4.554   0.000 02O000M000t
00342 ARG03A0168_003 f 0.00  0.000     0  0.00  0  0   0.740  -3.573   0.619  -0.301   4.500   0.000 03O000M000t
00343 ARG03A0168_004 f 0.00  0.000     0  0.00  0  0   0.744  -3.580   0.619  -0.240   4.514   0.000 03O000M000t
00344 ARG+1A0168_005 f 0.00  1.000     0 12.50  0  1   0.701  -3.603   0.619   3.570   9.086   0.000 +1O000M000t
00345 ASN01A0169_001 f 0.00  0.000     0  0.00  0  0   0.387  -2.151   1.234  -2.852   3.433   0.000 01O000M000t
00346 ASN01A0169_002 f 0.00  0.000     0  0.00  0  0   0.168  -1.611   1.242   1.928   3.437   0.000 01R001M000t
00347 ILE01A0170_001 f 0.00  0.000     0  0.00  0  0   1.641  -4.341   0.493   0.000   0.000   0.000 01O000M000t
00348 LEU01A0171_001 f 0.00  0.000     0  0.00  0  0   2.160  -6.539   0.494   0.000   0.000   0.000 01O000M000t
00349 LEU01A0172_001 f 0.00  0.000     0  0.00  0  0   1.480  -5.232   0.584   0.000   0.000   0.000 01O000M000t
00350 SER01A0173_001 f 0.00  0.000     0  0.00  0  0  -0.181  -1.466   0.421  -0.896   1.646   0.000 01O000M000t
00351 GLU01A0174_001 f 0.00  0.000     0  0.00  0  0   1.815  -0.409   5.739   1.506  -0.395   0.000 01O000M000t
00352 GLU01A0174_002 f 0.00  0.000     0  0.00  0  0   1.815  -0.409   3.019  -0.032   0.572   0.000 01O000M000t
00353 GLU02A0174_003 f 0.00  0.000     0  0.00  0  0   1.135  -0.503   5.739  -0.078  -0.286   0.000 02O000M000t
00354 GLU02A0174_004 f 0.00  0.000     0  0.00  0  0   1.135  -0.503   3.019  -0.123   0.825   0.000 02O000M000t
00355 GLU-1A0174_005 f 0.00 -1.000     0  4.75  0 -1   1.049  -0.469   3.019  -1.443   1.173   0.000 -1O000M000t
00356 LYS01A0175_001 f 0.00  0.000     0  0.00  0  0  -9.624   2.137   0.821  -0.015  -0.120   0.000 01O000M000t
00357 LYS+1A0175_002 f 0.00  1.000     0 10.40  0  1  -9.669   2.136   0.821   0.036  -0.165   0.000 +1O000M000t
00358 ASN01A0176_001 f 0.00  0.000     0  0.00  0  0  -1.348   1.965   0.935  -0.018   0.495   0.000 01O000M000t
00359 ASN01A0176_002 f 0.00  0.000     0  0.00  0  0  -1.214   2.358   0.943   0.235   0.593   0.000 01R001M000t
00360 VAL01A0177_001 f 0.00  0.000     0  0.00  0  0  -0.683  -1.284   0.034   0.000   0.000   0.000 01O000M000t
00361 VAL01A0178_001 f 0.00  0.000     0  0.00  0  0   0.627  -3.191   0.171   0.000   0.000   0.000 01O000M000t
00362 LYS01A0179_001 f 0.00  0.000     0  0.00  0  0   1.105  -3.602   1.241  -1.732   0.801   0.000 01O000M000t
00363 LYS+1A0179_002 f 0.00  1.000     0 10.40  0  1   1.039  -3.837   1.241  -3.626   5.624   0.000 +1O000M000t
00364 ILE01A0180_001 f 0.00  0.000     0  0.00  0  0   1.293  -2.684   0.506   0.000   0.000   0.000 01O000M000t
00365 CYS01A0181_001 f 0.00  0.000     0  0.00  0  0  -0.002  -2.660   0.451  -0.578   0.996   0.000 01O000M000t
00366 CYS01A0181_002 f 0.00  0.000     0  0.00  0  0  -0.002  -2.609   0.451   0.494   0.994   0.000 01O000M000t
00367 CYS01A0181_003 f 0.00  0.000     0  0.00  0  0  -0.002  -2.488   0.451  -0.418   0.991   0.000 01O000M000t
00368 CYS-1A0181_004 f 0.00 -1.000     0  9.10  0 -1   0.000  -2.448   0.451  -5.678  14.715   0.000 -1O000M000t
00369 ASP01A0182_001 f 0.00  0.000     0  0.00  0  0   0.115  -3.199   2.944   0.677   2.386   0.000 01O000M000t
00370 ASP01A0182_002 f 0.00  0.000     0  0.00  0  0   0.115  -3.199   0.224  -0.405   2.446   0.000 01O000M000t
00371 ASP02A0182_003 f 0.00  0.000     0  0.00  0  0   0.188  -3.426   2.944  -1.076   1.496   0.000 02O000M000t
00372 ASP02A0182_004 f 0.00  0.000     0  0.00  0  0   0.188  -3.426   0.224  -0.260   2.853   0.000 02O000M000t
00373 ASP-1A0182_005 f 0.00 -1.000     0  4.75  0 -1   0.108  -3.554   0.224  -9.579  11.312   0.000 -1O000M000t
00374 PHE01A0183_001 f 0.00  0.000     0  0.00  0  0   3.788  -6.441   0.737   0.000   0.000   0.000 01O000M000t
00375 LEU01A0185_001 f 0.00  0.000     0  0.00  0  0   1.418   0.286   0.955   0.000   0.000   0.000 01O000M000t
00376 ALA01A0186_001 f 0.00  0.000     0  0.00  0  0   0.000  -2.376   0.000   0.000   0.000   0.000 01O000M000t
00377 ARG01A0187_001 f 0.00  0.000     0  0.00  0  0   1.862  -5.130   0.641   0.445   2.804   0.000 01O000M000t
00378 ARG02A0187_002 f 0.00  0.000     0  0.00  0  0   1.834  -5.112   0.641  -1.030   4.161   0.000 02O000M000t
00379 ARG02A0187_003 f 0.00  0.000     0  0.00  0  0   1.836  -5.123   0.641  -0.286   3.929   0.000 02O000M000t
00380 ARG03A0187_004 f 0.00  0.000     0  0.00  0  0   1.830  -5.087   0.641   0.606   3.920   0.000 03O000M000t
00381 ARG+1A0187_005 f 0.00  1.000     0 12.50  0  1   1.785  -5.143   0.641   3.049   5.054   0.000 +1O000M000t
00382 ASP01A0188_001 f 0.00  0.000     0  0.00  0  0  -1.198  -1.463   2.790   2.669   0.599   0.000 01O000M000t
00383 ASP01A0188_002 f 0.00  0.000     0  0.00  0  0  -1.198  -1.463   0.070   0.046   0.747   0.000 01O000M000t
00384 ASP02A0188_003 f 0.00  0.000     0  0.00  0  0  -1.203  -2.079   2.790  -0.794   0.511   0.000 02O000M000t
00385 ASP02A0188_004 f 0.00  0.000     0  0.00  0  0  -1.203  -2.079   0.070  -0.832   1.168   0.000 02O000M000t
00386 ASP-1A0188_005 f 0.00 -1.000     0  4.75  0 -1  -1.189  -1.986   0.070  -3.563   3.329   0.000 -1O000M000t
00387 ILE01A0189_001 f 0.00  0.000     0  0.00  0  0   1.558  -0.075   0.443   0.000   0.000   0.000 01O000M000t
00388 TYR01A0190_001 f 0.00  0.000     0  0.00  0  0  -1.667  -2.737   0.054   0.169   0.280   0.000 01O000M000t
00389 TYR-1A0190_002 f 0.00 -1.000     0 10.20  0 -1  -1.667  -2.737   0.054  -0.715   0.517   0.000 -1O000M000t
00390 LYS01A0191_001 f 0.00  0.000     0  0.00  0  0  -8.266  -1.630   0.966  -0.009  -0.127   0.000 01O000M000t
00391 LYS+1A0191_002 f 0.00  1.000     0 10.40  0  1  -8.329  -1.635   0.966   0.066   0.085   0.000 +1O000M000t
00392 ASP01A0192_001 f 0.00  0.000     0  0.00  0  0  -0.773   6.577   2.835   4.697   1.734   0.000 01O000M000t
00393 ASP01A0192_002 f 0.00  0.000     0  0.00  0  0  -0.773   6.577   0.115  -0.460   1.771   0.000 01O000M000t
00394 ASP02A0192_003 f 0.00  0.000     0  0.00  0  0  -0.782   3.918   2.835  -1.903   1.570   0.000 02O000M000t
00395 ASP02A0192_004 f 0.00  0.000     0  0.00  0  0  -0.782   3.918   0.115  -1.971   1.750   0.000 02O000M000t
00396 ASP-1A0192_005 f 0.00 -1.000     0  4.75  0 -1  -0.692   3.989   0.115  -6.338   6.234   0.000 -1O000M000t
00397 PRO01A0193_001 f 0.00  0.000     0  0.00  0  0  -6.364   1.283   0.000   0.000   0.000   0.000 01O000M000t
00398 ASP01A0194_001 f 0.00  0.000     0  0.00  0  0  -0.635   0.803   3.561   0.818   0.665   0.000 01O000M000t
00399 ASP01A0194_002 f 0.00  0.000     0  0.00  0  0  -0.635   0.803   0.841   0.328   0.901   0.000 01O000M000t
00400 ASP02A0194_003 f 0.00  0.000     0  0.00  0  0  -0.573   0.173   3.561   0.916   1.161   0.000 02O000M000t
00401 ASP02A0194_004 f 0.00  0.000     0  0.00  0  0  -0.573   0.173   0.841   0.442   1.195   0.000 02O000M000t
00402 ASP-1A0194_005 f 0.00 -1.000     0  4.75  0 -1  -0.663   0.218   0.841  -2.150   3.408   0.000 -1O000M000t
00403 TYR01A0195_001 f 0.00  0.000     0  0.00  0  0   4.369  -8.400   0.007   0.124   2.639   0.000 01O000M000t
00404 TYR01A0195_002 f 0.00  0.000     0  0.00  0  0   4.369  -8.400   0.007   0.003   2.647   0.000 01O000M000t
00405 TYR-1A0195_003 f 0.00 -1.000     0 10.20  0 -1   4.369  -8.400   0.007  -3.861  13.336   0.000 -1O000M000t
00406 VAL01A0196_001 f 0.00  0.000     0  0.00  0  0  -1.459  -1.347   0.061   0.000   0.000   0.000 01O000M000t
00407 ARG01A0197_001 f 0.00  0.000     0  0.00  0  0  -6.337  -2.528   1.410   0.016   0.219   0.000 01O000M000t
00408 ARG02A0197_002 f 0.00  0.000     0  0.00  0  0  -6.358  -2.530   1.410   0.008   1.337   0.000 02O000M000t
00409 ARG03A0197_003 f 0.00  0.000     0  0.00  0  0  -6.365  -2.532   1.410   0.010   1.006   0.000 03O000M000t
00410 ARG+1A0197_004 f 0.00  1.000     0 12.50  0  1  -6.409  -2.533   1.410   0.053   0.375   0.000 +1O000M000t
00411 LYS01A0198_001 f 0.00  0.000     0  0.00  0  0  -0.923  -2.299   1.842  -0.421   0.701   0.000 01O000M000t
00412 LYS+1A0198_002 f 0.00  1.000     0 10.40  0  1  -0.970  -2.290   1.842  -1.333   3.470   0.000 +1O000M000t
00413 ASP01A0200_001 f 0.00  0.000     0  0.00  0  0  -3.827  -0.676   4.203   0.273  -0.685   0.000 01O000M000t
00414 ASP01A0200_002 f 0.00  0.000     0  0.00  0  0  -3.758  -0.676   1.483   0.202   0.379   0.000 01O000M000t
00415 ASP02A0200_003 f 0.00  0.000     0  0.00  0  0  -3.752  -0.723   4.203   0.399  -0.589   0.000 02O000M000t
00416 ASP02A0200_004 f 0.00  0.000     0  0.00  0  0  -3.752  -0.723   1.483   0.236   0.624   0.000 02O000M000t
00417 ASP-1A0200_005 f 0.00 -1.000     0  4.75  0 -1  -3.812  -0.705   1.483  -0.336  -0.130   0.000 -1O000M000t
00418 ALA01A0201_001 f 0.00  0.000     0  0.00  0  0  -2.163  -0.955   0.000   0.000   0.000   0.000 01O000M000t
00419 ARG01A0202_001 f 0.00  0.000     0  0.00  0  0   0.855  -5.947   1.780  -0.464   1.384   0.000 01O000M000t
00420 ARG02A0202_002 f 0.00  0.000     0  0.00  0  0   0.780  -5.984   1.780  -0.295   2.323   0.000 02O000M000t
00421 ARG03A0202_003 f 0.00  0.000     0  0.00  0  0   0.774  -6.007   1.780  -0.369   2.205   0.000 03O000M000t
00422 ARG+1A0202_004 f 0.00  1.000     0 12.50  0  1   0.735  -6.014   1.780  -0.333   3.049   0.000 +1O000M000t
00423 LEU01A0203_001 f 0.00  0.000     0  0.00  0  0   0.453  -3.755   0.532   0.000   0.000   0.000 01O000M000t
00424 PRO01A0204_001 f 0.00  0.000     0  0.00  0  0   0.027   1.784   0.000   0.000   0.000   0.000 01O000M000t
00425 LEU01A0205_001 f 0.00  0.000     0  0.00  0  0   1.366  -2.562   0.638   0.000   0.000   0.000 01O000M000t
00426 LYS01A0206_001 f 0.00  0.000     0  0.00  0  0   0.238  -3.580   1.739   0.215   0.645   0.000 01O000M000t
00427 LYS+1A0206_002 f 0.00  1.000     0 10.40  0  1   0.191  -3.248   1.739  -0.877   4.254   0.000 +1O000M000t
00428 TRP01A0207_001 f 0.00  0.000     0  0.00  0  0   2.823 -10.445   0.400   0.000   0.000   0.000 01O000M000t
00429 MET01A0208_001 f 0.00  0.000     0  0.00  0  0  -0.083  -6.462   0.961  -0.156   0.093   0.000 01O000M000t
00430 ALA01A0209_001 f 0.00  0.000     0  0.00  0  0   0.000  -1.988   0.000   0.000   0.000   0.000 01O000M000t
00431 PRO01A0210_001 f 0.00  0.000     0  0.00  0  0  -0.072  -2.487   0.000   0.000   0.000   0.000 01O000M000t
00432 GLU01A0211_001 f 0.00  0.000     0  0.00  0  0   2.157 999.000   4.651   3.655   1.627   0.000 01O000M000t
00433 GLU01A0211_002 f 0.00  0.000     0  0.00  0  0   2.157   2.516   1.931  -0.519   2.839   0.000 01O000M000t
00434 GLU02A0211_003 f 0.00  0.000     0  0.00  0  0   1.856   1.329   4.651  -1.041   1.685   0.000 02O000M000t
00435 GLU02A0211_004 f 0.00  0.000     0  0.00  0  0   1.856   1.329   1.931  -1.202   2.835   0.000 02O000M000t
00436 GLU-1A0211_005 f 0.00 -1.000     0  4.75  0 -1   1.762   1.449   1.931  -6.076  10.248   0.000 -1O000M000t
00437 THR01A0212_001 f 0.00  0.000     0  0.00  0  0   0.152  -1.619   0.409  -3.110   1.796   0.000 01O000M000t
00438 THR01A0212_002 f 0.00  0.000     0  0.00  0  0   0.152  -1.619   0.409   1.333   1.744   0.000 01O000M000t
00439 THR01A0212_003 f 0.00  0.000     0  0.00  0  0   0.152  -1.619   0.034   0.049   1.158   0.000 01O000M000t
00440 ILE01A0213_001 f 0.00  0.000     0  0.00  0  0   2.824  -2.211   0.514   0.000   0.000   0.000 01O000M000t
00441 PHE01A0214_001 f 0.00  0.000     0  0.00  0  0   2.106   4.646   0.058   0.000   0.000   0.000 01O000M000t
00442 ASP01A0215_001 f 0.00  0.000     0  0.00  0  0  -2.508   2.169   3.019   0.393  -0.045   0.000 01O000M000t
00443 ASP01A0215_002 f 0.00  0.000     0  0.00  0  0  -2.508   2.169   0.299   0.170   0.549   0.000 01O000M000t
00444 ASP02A0215_003 f 0.00  0.000     0  0.00  0  0  -2.370   1.523   3.019   0.363   0.249   0.000 02O000M000t
00445 ASP02A0215_004 f 0.00  0.000     0  0.00  0  0  -2.370   1.523   0.299   0.197   0.907   0.000 02O000M000t
00446 ASP-1A0215_005 f 0.00 -1.000     0  4.75  0 -1  -2.428   1.603   0.299  -0.761   1.332   0.000 -1O000M000t
00447 ARG01A0216_001 f 0.00  0.000     0  0.00  0  0  -8.071   1.667   0.578   0.069  -0.217   0.000 01O000M000t
00448 ARG02A0216_002 f 0.00  0.000     0  0.00  0  0  -8.089   1.642   0.578  -0.012   0.705   0.000 02O000M000t
00449 ARG03A0216_003 f 0.00  0.000     0  0.00  0  0  -8.155   1.640   0.578  -0.008   1.030   0.000 03O000M000t
00450 ARG+1A0216_004 f 0.00  1.000     0 12.50  0  1  -8.193   1.639   0.578  -0.100   0.216   0.000 +1O000M000t
00451 VAL01A0217_001 f 0.00  0.000     0  0.00  0  0  -3.616  -0.065   0.013   0.000   0.000   0.000 01O000M000t
00452 TYR01A0218_001 f 0.00  0.000     0  0.00  0  0   1.881  -5.015   0.162   0.231   1.021   0.000 01O000M000t
00453 TYR-1A0218_002 f 0.00 -1.000     0 10.20  0 -1   1.881  -5.015   0.162  -0.549   3.452   0.000 -1O000M000t
00454 THR01A0219_001 f 0.00  0.000     0  0.00  0  0  -1.825  -1.040   0.390  -0.476   1.396   0.000 01O000M000t
00455 ILE01A0220_001 f 0.00  0.000     0  0.00  0  0  -1.376   2.758   0.726   0.000   0.000   0.000 01O000M000t
00456 GLN01A0221_001 f 0.00  0.000     0  0.00  0  0  -0.278  -5.549   1.711  -1.969   2.208   0.000 01O000M000t
00457 GLN01A0221_002 f 0.00  0.000     0  0.00  0  0  -0.472  -5.529   1.715   1.814   1.958   0.000 01R001M000t
00458 SER01A0222_001 f 0.00  0.000     0  0.00  0  0  -0.108   3.633   0.381   0.541   1.516   0.000 01O000M000t
00459 SER01A0222_002 f 0.00  0.000     0  0.00  0  0  -0.108   3.633   0.381  -1.377   0.851   0.000 01O000M000t
00460 SER01A0222_003 f 0.00  0.000     0  0.00  0  0  -0.108   3.633   0.006  -0.173   1.551   0.000 01O000M000t
00461 ASP01A0223_001 f 0.00  0.000     0  0.00  0  0   0.081  14.859   4.142  -0.561   1.772   0.000 01O000M000t
00462 ASP01A0223_002 f 0.00  0.000     0  0.00  0  0   0.081  14.859   1.422  -2.928   2.338   0.000 01O000M000t
00463 ASP02A0223_003 f 0.00  0.000     0  0.00  0  0   0.157  12.101   4.142   0.418   2.298   0.000 02O000M000t
00464 ASP02A0223_004 f 0.00  0.000     0  0.00  0  0   0.157  12.101   1.422   3.495   2.383   0.000 02O000M000t
00465 ASP-1A0223_005 f 0.00 -1.000     0  4.75  0 -1   0.076  11.826   1.422  -5.007  10.193   0.000 -1O000M000t
00466 VAL01A0224_001 f 0.00  0.000     0  0.00  0  0   0.629  -1.210   0.182   0.000   0.000   0.000 01O000M000t
00467 TRP01A0225_001 f 0.00  0.000     0  0.00  0  0   2.962 -10.990   0.011   0.000   0.000   0.000 01O000M000t
00468 SER01A0226_001 f 0.00  0.000     0  0.00  0  0  -0.421  -2.244   0.393  -2.480   1.128   0.000 01O000M000t
00469 SER01A0226_002 f 0.00  0.000     0  0.00  0  0  -0.421  -2.244   0.018   0.425   0.634   0.000 01O000M000t
00470 PHE01A0227_001 f 0.00  0.000     0  0.00  0  0   4.416  -7.631   0.000   0.000   0.000   0.000 01O000M000t
00471 VAL01A0229_001 f 0.00  0.000     0  0.00  0  0   0.537  -2.998   0.000   0.000   0.000   0.000 01O000M000t
00472 LEU01A0230_001 f 0.00  0.000     0  0.00  0  0   2.039  11.611   0.899   0.000   0.000   0.000 01O000M000t
00473 LEU01A0231_001 f 0.00  0.000     0  0.00  0  0   1.703  -2.019   0.694   0.000   0.000   0.000 01O000M000t
00474 TRP01A0232_001 f 0.00  0.000     0  0.00  0  0   2.246 -11.882   0.121   0.000   0.000   0.000 01O000M000t
00475 GLU01A0233_001 f 0.00  0.000     0  0.00  0  0   0.555  -4.988   4.329  -0.619   2.247   0.000 01O000M000t
00476 GLU01A0233_002 f 0.00  0.000     0  0.00  0  0   0.555  -4.988   1.609   2.728   2.548   0.000 01O000M000t
00477 GLU02A0233_003 f 0.00  0.000     0  0.00  0  0   0.545  -5.295   4.329  -2.394   1.845   0.000 02O000M000t
00478 GLU02A0233_004 f 0.00  0.000     0  0.00  0  0   0.545  -5.295   1.609  -0.722   2.524   0.000 02O000M000t
00479 GLU-1A0233_005 f 0.00 -1.000     0  4.75  0 -1   0.433  -5.184   1.609  -6.989  10.833   0.000 -1O000M000t
00480 ILE01A0234_001 f 0.00  0.000     0  0.00  0  0   2.360  -3.156   0.591   0.000   0.000   0.000 01O000M000t
00481 PHE01A0235_001 f 0.00  0.000     0  0.00  0  0   4.388  -4.484   0.157   0.000   0.000   0.000 01O000M000t
00482 SER01A0236_001 f 0.00  0.000     0  0.00  0  0  -0.288  -3.031   0.458  -1.080   1.944   0.000 01O000M000t
00483 SER01A0236_002 f 0.00  0.000     0  0.00  0  0  -0.288  -3.031   0.458   2.309   1.951   0.000 01O000M000t
00484 LEU01A0237_001 f 0.00  0.000     0  0.00  0  0   1.655   1.487   0.655   0.000   0.000   0.000 01O000M000t
00485 ALA01A0239_001 f 0.00  0.000     0  0.00  0  0  -1.133  -1.279   0.000   0.000   0.000   0.000 01O000M000t
00486 SER01A0240_001 f 0.00  0.000     0  0.00  0  0  -3.145  -1.142   0.613   0.089   1.304   0.000 01O000M000t
00487 SER01A0240_002 f 0.00  0.000     0  0.00  0  0  -3.145  -1.142   0.238  -0.825   0.384   0.000 01O000M000t
00488 PRO01A0241_001 f 0.00  0.000     0  0.00  0  0   0.210   0.691   0.000   0.000   0.000   0.000 01O000M000t
00489 TYR01A0242_001 f 0.00  0.000     0  0.00  0  0   4.045  -2.280   0.001   0.158   1.745   0.000 01O000M000t
00490 TYR01A0242_002 f 0.00  0.000     0  0.00  0  0   4.045  -2.280   0.001  -0.866   1.989   0.000 01O000M000t
00491 TYR-1A0242_003 f 0.00 -1.000     0 10.20  0 -1   4.045  -2.280   0.001   0.342   8.680   0.000 -1O000M000t
00492 PRO01A0243_001 f 0.00  0.000     0  0.00  0  0  -4.395   1.282   0.000   0.000   0.000   0.000 01O000M000t
00493 VAL01A0245_001 f 0.00  0.000     0  0.00  0  0  -2.053   0.460   0.052   0.000   0.000   0.000 01O000M000t
00494 LYS01A0246_001 f 0.00  0.000     0  0.00  0  0  -7.398  -1.732   2.054  -0.016   0.332   0.000 01O000M000t
00495 LYS+1A0246_002 f 0.00  1.000     0 10.40  0  1  -7.473  -1.742   2.054   0.418   1.086   0.000 +1O000M000t
00496 ILE01A0247_001 f 0.00  0.000     0  0.00  0  0   1.442   1.300   0.524   0.000   0.000   0.000 01O000M000t
00497 ASP01A0248_001 f 0.00  0.000     0  0.00  0  0  -1.036   6.223   2.911   3.825   1.388   0.000 01O000M000t
00498 ASP01A0248_002 f 0.00  0.000     0  0.00  0  0  -1.036   6.223   0.191  -0.155   1.476   0.000 01O000M000t
00499 ASP02A0248_003 f 0.00  0.000     0  0.00  0  0  -1.006   4.210   2.911  -1.925   1.589   0.000 02O000M000t
00500 ASP02A0248_004 f 0.00  0.000     0  0.00  0  0  -1.006   4.210   0.191  -2.025   1.806   0.000 02O000M000t
00501 ASP-1A0248_005 f 0.00 -1.000     0  4.75  0 -1  -1.005   4.303   0.191  -5.919   4.812   0.000 -1O000M000t
00502 GLU01A0249_001 f 0.00  0.000     0  0.00  0  0  -1.838  -1.227   4.339   0.291  -0.210   0.000 01O000M000t
00503 GLU01A0249_002 f 0.00  0.000     0  0.00  0  0  -1.838  -1.227   1.619   0.160   0.764   0.000 01O000M000t
00504 GLU02A0249_003 f 0.00  0.000     0  0.00  0  0  -1.882  -1.229   4.339   0.154  -0.131   0.000 02O000M000t
00505 GLU02A0249_004 f 0.00  0.000     0  0.00  0  0  -1.882  -1.229   1.619   0.137   0.745   0.000 02O000M000t
00506 GLU-1A0249_005 f 0.00 -1.000     0  4.75  0 -1  -1.957  -1.197   1.619  -0.278   0.649   0.000 -1O000M000t
00507 GLU01A0250_001 f 0.00  0.000     0  0.00  0  0  -1.380   0.857   3.980   0.775   1.128   0.000 01O000M000t
00508 GLU01A0250_002 f 0.00  0.000     0  0.00  0  0  -1.380   0.857   1.260   0.143   0.824   0.000 01O000M000t
00509 GLU02A0250_003 f 0.00  0.000     0  0.00  0  0  -1.631   0.482   3.980   0.334  -0.128   0.000 02O000M000t
00510 GLU02A0250_004 f 0.00  0.000     0  0.00  0  0  -1.631   0.482   1.260   0.126   1.063   0.000 02O000M000t
00511 GLU-1A0250_005 f 0.00 -1.000     0  4.75  0 -1  -1.672   0.530   1.260  -1.089   1.682   0.000 -1O000M000t
00512 PHE01A0251_001 f 0.00  0.000     0  0.00  0  0   4.424  -5.267   0.549   0.000   0.000   0.000 01O000M000t
00513 CYS01A0252_001 f 0.00  0.000     0  0.00  0  0  -0.430  -2.116   0.241  -0.065   0.823   0.000 01O000M000t
00514 CYS01A0252_002 f 0.00  0.000     0  0.00  0  0  -0.430  -2.036   0.241  -0.987   0.705   0.000 01O000M000t
00515 CYS01A0252_003 f 0.00  0.000     0  0.00  0  0  -0.431  -2.105   0.241  -0.416   0.312   0.000 01O000M000t
00516 CYS-1A0252_004 f 0.00 -1.000     0  9.10  0 -1  -0.429  -2.073   0.241  -2.190   6.492   0.000 -1O000M000t
00517 ARG01A0253_001 f 0.00  0.000     0  0.00  0  0  -2.549  -3.537   2.083  -0.063   1.764   0.000 01O000M000t
00518 ARG02A0253_002 f 0.00  0.000     0  0.00  0  0  -2.556  -3.527   2.083  -0.198   2.259   0.000 02O000M000t
00519 ARG03A0253_003 f 0.00  0.000     0  0.00  0  0  -2.590  -3.548   2.083  -0.061   2.229   0.000 03O000M000t
00520 ARG03A0253_004 f 0.00  0.000     0  0.00  0  0  -2.585  -3.546   2.083  -0.048   2.213   0.000 03O000M000t
00521 ARG+1A0253_005 f 0.00  1.000     0 12.50  0  1  -2.630  -3.555   2.083   0.351   1.830   0.000 +1O000M000t
00522 ARG01A0254_001 f 0.00  0.000     0  0.00  0  0  -2.869   1.258   0.426  -0.074   0.491   0.000 01O000M000t
00523 ARG02A0254_002 f 0.00  0.000     0  0.00  0  0  -2.885   1.264   0.426  -0.088   1.456   0.000 02O000M000t
00524 ARG03A0254_003 f 0.00  0.000     0  0.00  0  0  -2.907   1.253   0.426  -0.071   1.442   0.000 03O000M000t
00525 ARG+1A0254_004 f 0.00  1.000     0 12.50  0  1  -2.952   1.249   0.426  -0.045   0.670   0.000 +1O000M000t
00526 LEU01A0255_001 f 0.00  0.000     0  0.00  0  0   1.732  -2.974   0.956   0.000   0.000   0.000 01O000M000t
00527 LYS01A0256_001 f 0.00  0.000     0  0.00  0  0  -2.982  -3.401   1.737  -0.028   0.349   0.000 01O000M000t
00528 LYS+1A0256_002 f 0.00  1.000     0 10.40  0  1  -3.074  -3.424   1.737  -0.014   2.236   0.000 +1O000M000t
00529 GLU01A0257_001 f 0.00  0.000     0  0.00  0  0   0.155  -3.461   3.635  -0.020   0.415   0.000 01O000M000t
00530 GLU01A0257_002 f 0.00  0.000     0  0.00  0  0   0.155  -3.461   0.915  -0.051   0.722   0.000 01O000M000t
00531 GLU02A0257_003 f 0.00  0.000     0  0.00  0  0  -0.225  -3.447   3.635  -0.250   0.187   0.000 02O000M000t
00532 GLU02A0257_004 f 0.00  0.000     0  0.00  0  0  -0.225  -3.447   0.915  -0.058   1.210   0.000 02O000M000t
00533 GLU-1A0257_005 f 0.00 -1.000     0  4.75  0 -1  -0.259  -3.385   0.915   0.245   2.411   0.000 -1O000M000t
00534 THR01A0259_001 f 0.00  0.000     0  0.00  0  0  -2.442  -0.948   0.385  -0.086   0.191   0.000 01O000M000t
00535 THR01A0259_002 f 0.00  0.000     0  0.00  0  0  -2.442  -0.948   0.010  -0.151   0.914   0.000 01O000M000t
00536 ARG01A0260_001 f 0.00  0.000     0  0.00  0  0   0.353  -6.038   0.660  -1.650   2.750   0.000 01O000M000t
00537 ARG02A0260_002 f 0.00  0.000     0  0.00  0  0   0.334  -6.098   0.660  -1.006   3.788   0.000 02O000M000t
00538 ARG02A0260_003 f 0.00  0.000     0  0.00  0  0   0.389  -5.987   0.660  -0.691   3.580   0.000 02O000M000t
00539 ARG03A0260_004 f 0.00  0.000     0  0.00  0  0   0.327  -6.067   0.660  -2.529   3.408   0.000 03O000M000t
00540 ARG+1A0260_005 f 0.00  1.000     0 12.50  0  1   0.288  -6.141   0.660  -6.092   5.331   0.000 +1O000M000t
00541 MET01A0261_001 f 0.00  0.000     0  0.00  0  0  -0.067  -4.056   1.490  -0.274   0.092   0.000 01O000M000t
00542 ARG01A0262_001 f 0.00  0.000     0  0.00  0  0 -10.534  -1.014   3.268   0.020  -0.368   0.000 01O000M000t
00543 ARG02A0262_002 f 0.00  0.000     0  0.00  0  0 -10.469  -1.014   3.268   0.038   0.837   0.000 02O000M000t
00544 ARG03A0262_003 f 0.00  0.000     0  0.00  0  0 -10.557  -1.017   3.268   0.025   0.611   0.000 03O000M000t
00545 ARG+1A0262_004 f 0.00  1.000     0 12.50  0  1 -10.600  -1.018   3.268   0.063  -0.198   0.000 +1O000M000t
00546 ALA01A0263_001 f 0.00  0.000     0  0.00  0  0  -1.903  -0.729   0.000   0.000   0.000   0.000 01O000M000t
00547 PRO01A0264_001 f 0.00  0.000     0  0.00  0  0   0.238   0.197   0.000   0.000   0.000   0.000 01O000M000t
00548 ASP01A0265_001 f 0.00  0.000     0  0.00  0  0  -2.546   1.582   2.783   0.636  -0.200   0.000 01O000M000t
00549 ASP01A0265_002 f 0.00  0.000     0  0.00  0  0  -2.546   1.582   0.063   0.290   0.372   0.000 01O000M000t
00550 ASP02A0265_003 f 0.00  0.000     0  0.00  0  0  -2.629   0.793   2.783   0.292  -0.264   0.000 02O000M000t
00551 ASP02A0265_004 f 0.00  0.000     0  0.00  0  0  -2.629   0.793   0.063   0.257   0.530   0.000 02O000M000t
00552 ASP-1A0265_005 f 0.00 -1.000     0  4.75  0 -1  -2.450   0.830   0.063  -0.505   0.216   0.000 -1O000M000t
00553 TYR01A0266_001 f 0.00  0.000     0  0.00  0  0   1.926  -5.563   0.270   0.134   0.871   0.000 01O000M000t
00554 TYR01A0266_002 f 0.00  0.000     0  0.00  0  0   1.926  -5.563   0.270   0.132   1.056   0.000 01O000M000t
00555 TYR-1A0266_003 f 0.00 -1.000     0 10.20  0 -1   1.926  -5.563   0.270  -0.122   3.080   0.000 -1O000M000t
00556 THR01A0267_001 f 0.00  0.000     0  0.00  0  0  -0.409   0.198   0.583  -1.106   1.959   0.000 01O000M000t
00557 THR01A0267_002 f 0.00  0.000     0  0.00  0  0  -0.409   0.198   0.583   0.543   1.942   0.000 01O000M000t
00558 THR01A0268_001 f 0.00  0.000     0  0.00  0  0  -0.867  -0.793   0.375   0.224   1.718   0.000 01O000M000t
00559 THR01A0268_002 f 0.00  0.000     0  0.00  0  0  -0.867  -0.793   0.375   2.693   1.724   0.000 01O000M000t
00560 THR01A0268_003 f 0.00  0.000     0  0.00  0  0  -0.867  -0.793   0.000  -2.384   1.034   0.000 01O000M000t
00561 PRO01A0269_001 f 0.00  0.000     0  0.00  0  0  -6.796  -0.710   0.000   0.000   0.000   0.000 01O000M000t
00562 GLU01A0270_001 f 0.00  0.000     0  0.00  0  0   0.429   4.427   3.599   2.525   1.012   0.000 01O000M000t
00563 GLU01A0270_002 f 0.00  0.000     0  0.00  0  0   0.429   4.427   0.879  -0.390   1.460   0.000 01O000M000t
00564 GLU02A0270_003 f 0.00  0.000     0  0.00  0  0  -0.217   2.805   3.599  -2.108   0.044   0.000 02O000M000t
00565 GLU02A0270_004 f 0.00  0.000     0  0.00  0  0  -0.217   2.805   0.879  -1.880   1.455   0.000 02O000M000t
00566 GLU-1A0270_005 f 0.00 -1.000     0  4.75  0 -1  -0.212   2.846   0.879  -4.488   2.770   0.000 -1O000M000t
00567 MET01A0271_001 f 0.00  0.000     0  0.00  0  0   2.724  -4.017   1.311   0.136   0.097   0.000 01O000M000t
00568 TYR01A0272_001 f 0.00  0.000     0  0.00  0  0   1.262  -5.982   0.004  -1.754   1.841   0.000 01O000M000t
00569 TYR01A0272_002 f 0.00  0.000     0  0.00  0  0   1.262  -5.982   0.004   0.869   1.309   0.000 01O000M000t
00570 TYR-1A0272_003 f 0.00 -1.000     0 10.20  0 -1   1.262  -5.982   0.004   0.859   4.915   0.000 -1O000M000t
00571 GLN01A0273_001 f 0.00  0.000     0  0.00  0  0  -2.087  -2.947   0.838  -0.128   0.714   0.000 01O000M000t
00572 GLN01A0273_002 f 0.00  0.000     0  0.00  0  0  -1.990  -2.954   0.843   0.517   0.242   0.000 01R001M000t
00573 THR01A0274_001 f 0.00  0.000     0  0.00  0  0   0.139  -0.075   0.389  -0.317   0.788   0.000 01O000M000t
00574 THR01A0274_002 f 0.00  0.000     0  0.00  0  0   0.139  -0.075   0.389  -0.853   1.214   0.000 01O000M000t
00575 MET01A0275_001 f 0.00  0.000     0  0.00  0  0   0.044  -7.503   0.809   0.035   0.099   0.000 01O000M000t
00576 LEU01A0276_001 f 0.00  0.000     0  0.00  0  0  -1.398  -1.835   0.464   0.000   0.000   0.000 01O000M000t
00577 ASP01A0277_001 f 0.00  0.000     0  0.00  0  0  -1.547  -1.987   2.916   0.257   0.153   0.000 01O000M000t
00578 ASP01A0277_002 f 0.00  0.000     0  0.00  0  0  -1.547  -1.987   0.196   0.041   1.076   0.000 01O000M000t
00579 ASP02A0277_003 f 0.00  0.000     0  0.00  0  0  -1.445  -2.497   2.916   0.320   0.176   0.000 02O000M000t
00580 ASP02A0277_004 f 0.00  0.000     0  0.00  0  0  -1.445  -2.497   0.196   0.215   0.956   0.000 02O000M000t
00581 ASP-1A0277_005 f 0.00 -1.000     0  4.75  0 -1  -1.441  -2.411   0.196   0.401   2.242   0.000 -1O000M000t
00582 CYS01A0278_001 f 0.00  0.000     0  0.00  0  0  -0.002  -4.683   0.111   0.104   0.991   0.000 01O000M000t
00583 CYS01A0278_002 f 0.00  0.000     0  0.00  0  0  -0.002  -4.767   0.111  -0.452   0.947   0.000 01O000M000t
00584 CYS01A0278_003 f 0.00  0.000     0  0.00  0  0  -0.002  -4.702   0.111   0.247   0.992   0.000 01O000M000t
00585 CYS-1A0278_004 f 0.00 -1.000     0  9.10  0 -1   0.000  -4.629   0.111   1.544  13.979   0.000 -1O000M000t
00586 TRP01A0279_001 f 0.00  0.000     0  0.00  0  0   2.702 -12.273   0.004   0.000   0.000   0.000 01O000M000t
00587 HIS01A0280_001 f 0.00  0.000     0  0.00  0  0  -4.300  -3.932   0.489  -1.639   1.996   0.000 01O000M000t
00588 HIS02A0280_002 f 0.00  0.000     0  0.00  0  0  -4.316 995.551   0.489   3.568   1.724   0.000 02O000M000t
00589 HIS+1A0280_003 f 0.00  1.000     0  6.98  0  1  -4.343 995.542   0.489   4.196   2.735   0.000 +1O000M000t
00590 GLU01A0282_001 f 0.00  0.000     0  0.00  0  0  -1.910  -2.977   3.369  -0.167   0.070   0.000 01O000M000t
00591 GLU01A0282_002 f 0.00  0.000     0  0.00  0  0  -1.910  -2.977   0.649  -0.269   0.850   0.000 01O000M000t
00592 GLU02A0282_003 f 0.00  0.000     0  0.00  0  0  -1.997  -3.001   3.369   3.080   0.919   0.000 02O000M000t
00593 GLU02A0282_004 f 0.00  0.000     0  0.00  0  0  -1.997  -3.001   0.649   0.128   0.835   0.000 02O000M000t
00594 GLU-1A0282_005 f 0.00 -1.000     0  4.75  0 -1  -2.046  -2.994   0.649  -2.889   2.295   0.000 -1O000M000t
00595 PRO01A0283_001 f 0.00  0.000     0  0.00  0  0  -1.938   2.380   0.000   0.000   0.000   0.000 01O000M000t
00596 SER01A0284_001 f 0.00  0.000     0  0.00  0  0  -3.638  -0.603   0.444   1.007   1.333   0.000 01O000M000t
00597 SER01A0284_002 f 0.00  0.000     0  0.00  0  0  -3.638  -0.603   0.444  -0.087   0.890   0.000 01O000M000t
00598 GLN01A0285_001 f 0.00  0.000     0  0.00  0  0  -2.752  -1.476   1.385   0.263   0.085   0.000 01O000M000t
00599 GLN01A0285_002 f 0.00  0.000     0  0.00  0  0  -2.690  -1.519   1.397   0.107  -0.029   0.000 01R001M000t
00600 ARG01A0286_001 f 0.00  0.000     0  0.00  0  0   2.390 -12.728   0.847   1.340   4.433   0.000 01O000M000t
00601 ARG02A0286_002 f 0.00  0.000     0  0.00  0  0   2.356 -12.066   0.847  -2.871   4.941   0.000 02O000M000t
00602 ARG02A0286_003 f 0.00  0.000     0  0.00  0  0   2.407 -11.985   0.847  -0.982   4.931   0.000 02O000M000t
00603 ARG03A0286_004 f 0.00  0.000     0  0.00  0  0   2.350 -12.098   0.847  -2.954   4.851   0.000 03O000M000t
00604 ARG03A0286_005 f 0.00  0.000     0  0.00  0  0   2.354 -12.017   0.847  -0.491   4.835   0.000 03O000M000t
00605 ARG+1A0286_006 f 0.00  1.000     0 12.50  0  1   2.312 -12.145   0.847  -6.451  11.011   0.000 +1O000M000t
00606 PRO01A0287_001 f 0.00  0.000     0  0.00  0  0  -0.741  -3.660   0.000   0.000   0.000   0.000 01O000M000t
00607 THR01A0288_001 f 0.00  0.000     0  0.00  0  0  -3.593  -0.277   0.419  -0.005   1.504   0.000 01O000M000t
00608 THR01A0288_002 f 0.00  0.000     0  0.00  0  0  -3.593  -0.277   0.044  -2.034   0.532   0.000 01O000M000t
00609 PHE01A0289_001 f 0.00  0.000     0  0.00  0  0   4.181  -9.231   0.632   0.000   0.000   0.000 01O000M000t
00610 SER01A0290_001 f 0.00  0.000     0  0.00  0  0  -3.569  -0.916   0.441  -0.292   0.688   0.000 01O000M000t
00611 SER01A0290_002 f 0.00  0.000     0  0.00  0  0  -3.569  -0.916   0.065  -0.601   0.120   0.000 01O000M000t
00612 GLU01A0291_001 f 0.00  0.000     0  0.00  0  0  -1.341   1.097   3.359   3.976   1.279   0.000 01O000M000t
00613 GLU01A0291_002 f 0.00  0.000     0  0.00  0  0  -1.341   1.097   0.639  -0.772   0.946   0.000 01O000M000t
00614 GLU02A0291_003 f 0.00  0.000     0  0.00  0  0  -1.676  -0.221   3.359  -1.177  -0.038   0.000 02O000M000t
00615 GLU02A0291_004 f 0.00  0.000     0  0.00  0  0  -1.676  -0.221   0.639  -1.303   1.127   0.000 02O000M000t
00616 GLU-1A0291_005 f 0.00 -1.000     0  4.75  0 -1  -1.562  -0.185   0.639  -2.842   1.779   0.000 -1O000M000t
00617 LEU01A0292_001 f 0.00  0.000     0  0.00  0  0   1.738  -4.158   0.834   0.000   0.000   0.000 01O000M000t
00618 VAL01A0293_001 f 0.00  0.000     0  0.00  0  0  -0.568   6.901   0.213   0.000   0.000   0.000 01O000M000t
00619 GLU01A0294_001 f 0.00  0.000     0  0.00  0  0  -2.526  -2.459   3.407   0.213  -0.020   0.000 01O000M000t
00620 GLU01A0294_002 f 0.00  0.000     0  0.00  0  0  -2.526  -2.459   0.687   0.091   0.539   0.000 01O000M000t
00621 GLU02A0294_003 f 0.00  0.000     0  0.00  0  0  -2.540  -2.427   3.407   0.066  -0.588   0.000 02O000M000t
00622 GLU02A0294_004 f 0.00  0.000     0  0.00  0  0  -2.540  -2.427   0.687   0.067   0.609   0.000 02O000M000t
00623 GLU-1A0294_005 f 0.00 -1.000     0  4.75  0 -1  -2.561  -2.405   0.687  -0.210  -0.072   0.000 -1O000M000t
00624 HIS01A0295_001 f 0.00  0.000     0  0.00  0  0  -4.897  -4.323   0.039   0.620   1.498   0.000 01O000M000t
00625 HIS01A0295_002 f 0.00  0.000     0  0.00  0  0  -4.695  -4.334   0.039   0.301   1.297   0.000 01R001M000t
00626 HIS02A0295_003 f 0.00  0.000     0  0.00  0  0  -4.914  -4.346   0.039   0.341   1.138   0.000 02O000M000t
00627 HIS02A0295_004 f 0.00  0.000     0  0.00  0  0  -4.709  -4.360   0.039   0.556   1.794   0.000 02R001M000t
00628 HIS+1A0295_005 f 0.00  1.000     0  6.98  0  1  -4.941  -4.369   0.039   1.365   2.339   0.000 +1O000M000t
00629 HIS+1A0295_006 f 0.00  1.000     0  6.98  0  1  -4.736  -4.368   0.039   1.431   2.931   0.000 +1R001M000t
00630 LEU01A0296_001 f 0.00  0.000     0  0.00  0  0   1.672  -3.714   0.558   0.000   0.000   0.000 01O000M000t
00631 ASN01A0298_001 f 0.00  0.000     0  0.00  0  0  -2.107  -2.927   0.324   0.226   0.296   0.000 01O000M000t
00632 ASN01A0298_002 f 0.00  0.000     0  0.00  0  0  -2.236  -2.063   0.324   0.437   0.429   0.000 01R001M000t
00633 LEU01A0299_001 f 0.00  0.000     0  0.00  0  0   0.664  -1.436   2.267   0.000   0.000   0.000 01O000M000t
00634 LEU01A0300_001 f 0.00  0.000     0  0.00  0  0  -0.547  -2.378   0.471   0.000   0.000   0.000 01O000M000t
00635 GLN01A0301_001 f 0.00  0.000     0  0.00  0  0  -0.464  -1.345   0.571   0.102   0.243   0.000 01O000M000t
00636 GLN01A0301_002 f 0.00  0.000     0  0.00  0  0  -1.564  -1.399   0.571   0.141   0.274   0.000 01R001M000t
00637 ALA01A0302_001 f 0.00  0.000     0  0.00  0  0  -2.901  -0.607   0.000   0.000   0.000   0.000 01O000M000t
00638 ASN01A0303_001 f 0.00  0.000     0  0.00  0  0  -0.116  -3.421   1.270   0.126   1.569   0.000 01O000M000t
00639 ASN01A0303_002 f 0.00  0.000     0  0.00  0  0  -0.029  -3.232   1.270   0.449   1.937   0.000 01R001M000t
00640 ALA01A0304_001 f 0.00  0.000     0  0.00  0  0  -1.149   0.445   0.000   0.000   0.000   0.000 01O000M000t
00641 GLN01A0305_001 f 0.00  0.000     0  0.00  0  0  -4.654  18.273   4.732  -0.008  -0.140   0.000 01O000M000t
00642 GLN01A0305_002 f 0.00  0.000     0  0.00  0  0  -4.211  18.272   4.443   0.058  -0.603   0.000 01R001M000t
00643 AXI01B0001_001 f 0.00  0.002     0  0.00  0  0   0.000 -20.645   0.000  -4.587   6.499   0.124 01O000M000t
00644 AXI01B0001_002 f 0.00  0.002     0  0.00  0  0   0.000 -22.094   0.000  -3.783   6.142   0.124 01O000M000t
00645 AXI02B0001_003 f 0.00 -0.327     0  0.00  0  0   0.000 -19.508   0.000  -1.655   5.969   0.993 02O000M000t
00646 AXI02B0001_004 f 0.00 -0.327     0  0.00  0  0   0.000  -8.669   0.000  -1.142   5.960   0.993 02O000M000t
00647 AXI+1B0001_005 f 0.00  1.000     0  0.00  0  0   0.000 -20.855   0.000  -3.698   7.718   3.790 +1O000M000t
00648 AXI+1B0001_006 f 0.00  1.000     0  0.00  0  0   0.000 -22.301   0.000  -2.952   8.574   3.790 +1O000M000t
00649 AXIDMB0001_007 t 0.00  0.000     0  0.00  0  0   0.000   0.000   0.000   0.000   0.000   0.000         DMt
