 ph              7.4
GLU01A0002_001 0.000
GLU01A0002_002 0.000
GLU02A0002_003 0.000
GLU02A0002_004 0.000
GLU-1A0002_005 0.000
ALA01A0003_001 0.000
PRO01A0004_001 0.000
ASN01A0005_001 0.018
ASN01A0005_002 0.018
GLN01A0006_001 0.080
GLN01A0006_002 0.080
ALA01A0007_001 0.000
LEU01A0008_001 0.000
LEU01A0009_001 0.000
ARG01A0010_001 0.000
ARG02A0010_002 0.000
ARG03A0010_003 0.000
ARG+1A0010_004 0.000
ILE01A0011_001 0.000
LEU01A0012_001 0.000
LYS01A0013_001 0.000
LYS+1A0013_002 0.000
GLU01A0014_001 0.000
GLU01A0014_002 0.000
GLU02A0014_003 0.000
GLU02A0014_004 0.000
GLU-1A0014_005 0.000
THR01A0015_001 0.000
GLU01A0016_001 0.344
GLU01A0016_002 0.344
GLU02A0016_003 0.344
GLU02A0016_004 0.344
GLU-1A0016_005 0.000
PHE01A0017_001 0.000
LYS01A0018_001 0.000
LYS+1A0018_002 0.000
LYS01A0019_001 0.000
LYS+1A0019_002 0.000
ILE01A0020_001 0.000
LYS01A0021_001 0.000
LYS+1A0021_002 0.000
VAL01A0022_001 0.000
LEU01A0023_001 0.000
SER01A0025_001 0.136
SER01A0025_002 0.136
ALA01A0027_001 0.000
PHE01A0028_001 0.000
THR01A0030_001 0.110
THR01A0030_002 0.110
VAL01A0031_001 0.000
TYR01A0032_001 0.410
TYR01A0032_002 0.410
TYR-1A0032_003 0.000
LYS01A0033_001 0.000
LYS+1A0033_002 0.000
LEU01A0035_001 0.000
TRP01A0036_001 0.000
ILE01A0037_001 0.000
PRO01A0038_001 0.000
GLU01A0039_001 0.000
GLU01A0039_002 0.000
GLU02A0039_003 0.000
GLU02A0039_004 0.000
GLU-1A0039_005 0.000
GLU01A0041_001 0.000
GLU01A0041_002 0.000
GLU02A0041_003 0.000
GLU02A0041_004 0.000
GLU-1A0041_005 0.000
LYS01A0042_001 0.000
LYS+1A0042_002 0.000
VAL01A0043_001 0.000
LYS01A0044_001 0.000
LYS+1A0044_002 0.000
ILE01A0045_001 0.000
PRO01A0046_001 0.000
VAL01A0047_001 0.000
ALA01A0048_001 0.000
ILE01A0049_001 0.000
LYS01A0050_001 0.000
LYS+1A0050_002 0.000
GLU01A0051_001 0.452
GLU01A0051_002 0.452
GLU02A0051_003 0.452
GLU02A0051_004 0.452
GLU-1A0051_005 0.000
LEU01A0052_001 0.000
ARG01A0053_001 0.000
ARG02A0053_002 0.000
ARG03A0053_003 0.000
ARG03A0053_004 0.000
ARG+1A0053_005 0.000
GLU01A0054_001 0.379
GLU01A0054_002 0.379
GLU02A0054_003 0.379
GLU02A0054_004 0.379
GLU-1A0054_005 0.000
ALA01A0055_001 0.000
THR01A0056_001 0.209
THR01A0056_002 0.209
SER01A0057_001 0.336
SER01A0057_002 0.336
PRO01A0058_001 0.000
LYS01A0059_001 0.000
LYS+1A0059_002 0.000
ALA01A0060_001 0.000
ASN01A0061_001 0.102
ASN01A0061_002 0.102
LYS01A0062_001 0.000
LYS+1A0062_002 0.000
GLU01A0063_001 0.000
GLU01A0063_002 0.000
GLU02A0063_003 0.000
GLU02A0063_004 0.000
GLU-1A0063_005 0.000
ILE01A0064_001 0.000
LEU01A0065_001 0.000
ASP01A0066_001 0.000
ASP01A0066_002 0.000
ASP02A0066_003 0.000
ASP02A0066_004 0.000
ASP-1A0066_005 0.000
GLU01A0067_001 0.000
GLU01A0067_002 0.000
GLU02A0067_003 0.000
GLU02A0067_004 0.000
GLU-1A0067_005 0.000
ALA01A0068_001 0.000
TYR01A0069_001 0.000
TYR-1A0069_002 0.000
VAL01A0070_001 0.000
MET01A0071_001 0.000
ALA01A0072_001 0.000
SER01A0073_001 0.137
SER01A0073_002 0.137
SER01A0073_003 0.137
VAL01A0074_001 0.000
ASP01A0075_001 0.000
ASP01A0075_002 0.000
ASP02A0075_003 0.000
ASP02A0075_004 0.000
ASP-1A0075_005 0.000
ASN01A0076_001 0.000
ASN01A0076_002 0.000
PRO01A0077_001 0.000
HIS01A0078_001 0.142
HIS01A0078_002 0.142
HIS02A0078_003 0.142
HIS02A0078_004 0.142
HIS+1A0078_005 0.000
HIS+1A0078_006 0.000
VAL01A0079_001 0.000
CYS01A0080_001 0.615
CYS01A0080_002 0.615
CYS01A0080_003 0.615
CYS-1A0080_004 0.000
ARG01A0081_001 0.000
ARG02A0081_002 0.000
ARG03A0081_003 0.000
ARG+1A0081_004 0.000
LEU01A0082_001 0.000
LEU01A0083_001 0.000
ILE01A0085_001 0.000
CYS01A0086_001 0.505
CYS01A0086_002 0.505
CYS01A0086_003 0.505
CYS-1A0086_004 0.000
LEU01A0087_001 0.000
THR01A0088_001 0.527
THR01A0088_002 0.527
THR01A0088_003 0.527
SER01A0089_001 0.023
SER01A0089_002 0.023
THR01A0090_001 0.070
THR01A0090_002 0.070
VAL01A0091_001 0.000
GLN01A0092_001 0.072
GLN01A0092_002 0.072
LEU01A0093_001 0.000
ILE01A0094_001 0.000
THR01A0095_001 0.108
THR01A0095_002 0.108
GLN01A0096_001 0.392
GLN01A0096_002 0.392
LEU01A0097_001 0.000
MET01A0098_001 0.000
PRO01A0099_001 0.000
PHE01A0100_001 0.000
CYS01A0102_001 0.475
CYS01A0102_002 0.475
CYS01A0102_003 0.475
CYS-1A0102_004 0.000
LEU01A0103_001 0.000
LEU01A0104_001 0.000
ASP01A0105_001 0.000
ASP01A0105_002 0.000
ASP02A0105_003 0.000
ASP02A0105_004 0.000
ASP-1A0105_005 0.000
TYR01A0106_001 0.410
TYR01A0106_002 0.410
TYR-1A0106_003 0.000
VAL01A0107_001 0.000
ARG01A0108_001 0.000
ARG02A0108_002 0.000
ARG03A0108_003 0.000
ARG+1A0108_004 0.000
GLU01A0109_001 0.000
GLU01A0109_002 0.000
GLU02A0109_003 0.000
GLU02A0109_004 0.000
GLU-1A0109_005 0.000
HIS01A0110_001 0.683
HIS01A0110_002 0.683
HIS02A0110_003 0.683
HIS02A0110_004 0.683
HIS+1A0110_005 0.380
HIS+1A0110_006 0.380
LYS01A0111_001 0.000
LYS+1A0111_002 0.000
ASP01A0112_001 0.000
ASP01A0112_002 0.000
ASP02A0112_003 0.000
ASP02A0112_004 0.000
ASP-1A0112_005 0.000
ASN01A0113_001 0.383
ASN01A0113_002 0.383
ILE01A0114_001 0.000
SER01A0116_001 0.344
SER01A0116_002 0.344
SER01A0116_003 0.344
GLN01A0117_001 0.276
GLN01A0117_002 0.276
TYR01A0118_001 0.398
TYR01A0118_002 0.398
TYR-1A0118_003 0.000
LEU01A0119_001 0.000
LEU01A0120_001 0.000
ASN01A0121_001 0.184
ASN01A0121_002 0.184
TRP01A0122_001 0.000
CYS01A0123_001 0.527
CYS01A0123_002 0.527
CYS01A0123_003 0.527
CYS-1A0123_004 0.000
VAL01A0124_001 0.000
GLN01A0125_001 0.000
ILE01A0126_001 0.000
ALA01A0127_001 0.000
LYS01A0128_001 0.000
LYS+1A0128_002 0.000
MET01A0130_001 0.000
ASN01A0131_001 0.382
ASN01A0131_002 0.382
TYR01A0132_001 0.000
TYR01A0132_002 0.000
TYR-1A0132_003 0.000
LEU01A0133_001 0.000
GLU01A0134_001 0.631
GLU01A0134_002 0.631
GLU02A0134_003 0.631
GLU02A0134_004 0.631
GLU-1A0134_005 0.000
ASP01A0135_001 0.000
ASP01A0135_002 0.000
ASP02A0135_003 0.000
ASP02A0135_004 0.000
ASP-1A0135_005 0.000
ARG01A0136_001 0.000
ARG02A0136_002 0.000
ARG03A0136_003 0.000
ARG+1A0136_004 0.000
ARG01A0137_001 0.000
ARG02A0137_002 0.000
ARG03A0137_003 0.000
ARG+1A0137_004 0.000
LEU01A0138_001 0.000
VAL01A0139_001 0.000
HIS01A0140_001 0.000
HIS02A0140_002 0.000
HIS+1A0140_003 0.000
ARG01A0141_001 0.000
ARG02A0141_002 0.000
ARG03A0141_003 0.000
ARG03A0141_004 0.000
ARG+1A0141_005 0.000
ASP01A0142_001 0.434
ASP01A0142_002 0.434
ASP02A0142_003 0.434
ASP02A0142_004 0.434
ASP-1A0142_005 0.000
LEU01A0143_001 0.000
ALA01A0144_001 0.000
ALA01A0145_001 0.000
ARG01A0146_001 0.000
ARG02A0146_002 0.000
ARG02A0146_003 0.000
ARG03A0146_004 0.000
ARG+1A0146_005 0.000
ASN01A0147_001 0.284
ASN01A0147_002 0.284
VAL01A0148_001 0.000
LEU01A0149_001 0.000
VAL01A0150_001 0.000
LYS01A0151_001 0.000
LYS+1A0151_002 0.000
THR01A0152_001 0.035
THR01A0152_002 0.035
THR01A0152_003 0.035
PRO01A0153_001 0.000
GLN01A0154_001 0.008
GLN01A0154_002 0.008
HIS01A0155_001 0.050
HIS02A0155_002 0.050
HIS+1A0155_003 0.000
VAL01A0156_001 0.000
LYS01A0157_001 0.000
LYS+1A0157_002 0.000
ILE01A0158_001 0.000
THR01A0159_001 0.250
THR01A0159_002 0.250
ASP01A0160_001 0.000
ASP01A0160_002 0.000
ASP02A0160_003 0.000
ASP02A0160_004 0.000
ASP-1A0160_005 0.000
PHE01A0161_001 0.000
LEU01A0163_001 0.000
ALA01A0164_001 0.000
LYS01A0165_001 0.000
LYS+1A0165_002 0.000
LEU01A0166_001 0.000
LEU01A0167_001 0.000
ALA01A0169_001 0.000
GLU01A0170_001 0.000
GLU01A0170_002 0.000
GLU02A0170_003 0.000
GLU02A0170_004 0.000
GLU-1A0170_005 0.000
GLU01A0171_001 0.000
GLU01A0171_002 0.000
GLU02A0171_003 0.000
GLU02A0171_004 0.000
GLU-1A0171_005 0.000
LYS01A0172_001 0.000
LYS+1A0172_002 0.000
GLU01A0173_001 0.376
GLU01A0173_002 0.376
GLU02A0173_003 0.376
GLU02A0173_004 0.376
GLU-1A0173_005 0.000
TYR01A0174_001 0.000
TYR-1A0174_002 0.000
HIS01A0175_001 0.760
HIS01A0175_002 0.760
HIS02A0175_003 0.760
HIS02A0175_004 0.760
HIS+1A0175_005 0.411
HIS+1A0175_006 0.411
ALA01A0176_001 0.000
GLU01A0177_001 0.000
GLU01A0177_002 0.000
GLU02A0177_003 0.000
GLU02A0177_004 0.000
GLU-1A0177_005 0.000
LYS01A0180_001 0.000
LYS+1A0180_002 0.000
VAL01A0181_001 0.000
PRO01A0182_001 0.000
ILE01A0183_001 0.000
LYS01A0184_001 0.000
LYS+1A0184_002 0.000
TRP01A0185_001 0.000
MET01A0186_001 0.000
ALA01A0187_001 0.000
LEU01A0188_001 0.000
GLU01A0189_001 0.372
GLU01A0189_002 0.372
GLU02A0189_003 0.372
GLU02A0189_004 0.372
GLU-1A0189_005 0.000
SER01A0190_001 0.171
SER01A0190_002 0.171
SER01A0190_003 0.171
ILE01A0191_001 0.000
LEU01A0192_001 0.000
HIS01A0193_001 0.760
HIS01A0193_002 0.760
HIS02A0193_003 0.760
HIS02A0193_004 0.760
HIS+1A0193_005 0.407
HIS+1A0193_006 0.407
ARG01A0194_001 0.000
ARG02A0194_002 0.000
ARG03A0194_003 0.000
ARG+1A0194_004 0.000
ILE01A0195_001 0.000
TYR01A0196_001 0.000
TYR-1A0196_002 0.000
THR01A0197_001 0.000
THR01A0197_002 0.000
HIS01A0198_001 0.468
HIS01A0198_002 0.468
HIS02A0198_003 0.468
HIS02A0198_004 0.468
HIS+1A0198_005 0.388
HIS+1A0198_006 0.388
GLN01A0199_001 0.053
GLN01A0199_002 0.053
SER01A0200_001 0.253
SER01A0200_002 0.253
SER01A0200_003 0.253
ASP01A0201_001 0.000
ASP01A0201_002 0.000
ASP02A0201_003 0.000
ASP02A0201_004 0.000
ASP-1A0201_005 0.000
VAL01A0202_001 0.000
TRP01A0203_001 0.000
SER01A0204_001 0.000
TYR01A0205_001 0.075
TYR01A0205_002 0.075
TYR-1A0205_003 0.000
VAL01A0207_001 0.000
THR01A0208_001 0.141
THR01A0208_002 0.141
THR01A0208_003 0.141
VAL01A0209_001 0.000
TRP01A0210_001 0.000
GLU01A0211_001 0.000
GLU01A0211_002 0.000
GLU02A0211_003 0.000
GLU02A0211_004 0.000
GLU-1A0211_005 0.000
LEU01A0212_001 0.000
MET01A0213_001 0.000
THR01A0214_001 0.021
THR01A0214_002 0.021
PHE01A0215_001 0.000
SER01A0217_001 0.602
SER01A0217_002 0.602
SER01A0217_003 0.602
LYS01A0218_001 0.000
LYS+1A0218_002 0.000
PRO01A0219_001 0.000
TYR01A0220_001 0.000
TYR-1A0220_002 0.000
ASP01A0221_001 0.000
ASP01A0221_002 0.000
ASP02A0221_003 0.000
ASP02A0221_004 0.000
ASP-1A0221_005 0.000
ILE01A0223_001 0.000
PRO01A0224_001 0.000
ALA01A0225_001 0.000
SER01A0226_001 0.000
GLU01A0227_001 0.409
GLU01A0227_002 0.409
GLU02A0227_003 0.409
GLU02A0227_004 0.409
GLU-1A0227_005 0.000
ILE01A0228_001 0.000
SER01A0229_001 0.252
SER01A0229_002 0.252
SER01A0229_003 0.252
SER01A0230_001 0.366
SER01A0230_002 0.366
ILE01A0231_001 0.000
LEU01A0232_001 0.000
GLU01A0233_001 0.404
GLU01A0233_002 0.404
GLU02A0233_003 0.404
GLU02A0233_004 0.404
GLU-1A0233_005 0.000
LYS01A0234_001 0.000
LYS+1A0234_002 0.000
GLU01A0236_001 0.000
GLU01A0236_002 0.000
GLU02A0236_003 0.000
GLU02A0236_004 0.000
GLU-1A0236_005 0.000
ARG01A0237_001 0.000
ARG02A0237_002 0.000
ARG03A0237_003 0.000
ARG+1A0237_004 0.000
LEU01A0238_001 0.000
PRO01A0239_001 0.000
GLN01A0240_001 0.125
GLN01A0240_002 0.125
PRO01A0241_001 0.000
PRO01A0242_001 0.000
ILE01A0243_001 0.000
CYS01A0244_001 0.646
CYS01A0244_002 0.646
CYS01A0244_003 0.646
CYS-1A0244_004 0.000
THR01A0245_001 0.000
THR01A0245_002 0.000
ILE01A0246_001 0.000
ASP01A0247_001 0.000
ASP01A0247_002 0.000
ASP02A0247_003 0.000
ASP02A0247_004 0.000
ASP-1A0247_005 0.000
VAL01A0248_001 0.000
TYR01A0249_001 0.222
TYR01A0249_002 0.222
TYR-1A0249_003 0.000
MET01A0250_001 0.000
ILE01A0251_001 0.000
MET01A0252_001 0.000
VAL01A0253_001 0.000
LYS01A0254_001 0.000
LYS+1A0254_002 0.000
CYS01A0255_001 0.577
CYS01A0255_002 0.577
CYS01A0255_003 0.577
CYS-1A0255_004 0.000
TRP01A0256_001 0.000
MET01A0257_001 0.000
ILE01A0258_001 0.000
ASP01A0259_001 0.000
ASP01A0259_002 0.000
ASP02A0259_003 0.000
ASP02A0259_004 0.000
ASP-1A0259_005 0.000
ALA01A0260_001 0.000
ASP01A0261_001 0.000
ASP01A0261_002 0.000
ASP02A0261_003 0.000
ASP02A0261_004 0.000
ASP-1A0261_005 0.000
SER01A0262_001 0.184
SER01A0262_002 0.184
ARG01A0263_001 0.000
ARG02A0263_002 0.000
ARG02A0263_003 0.000
ARG03A0263_004 0.000
ARG03A0263_005 0.000
ARG+1A0263_006 0.000
PRO01A0264_001 0.000
LYS01A0265_001 0.000
LYS+1A0265_002 0.000
PHE01A0266_001 0.000
ARG01A0267_001 0.000
ARG02A0267_002 0.000
ARG02A0267_003 0.000
ARG03A0267_004 0.000
ARG03A0267_005 0.000
ARG+1A0267_006 0.000
GLU01A0268_001 0.000
GLU01A0268_002 0.000
GLU02A0268_003 0.000
GLU02A0268_004 0.000
GLU-1A0268_005 0.000
LEU01A0269_001 0.000
ILE01A0270_001 0.000
ILE01A0271_001 0.000
GLU01A0272_001 0.000
GLU01A0272_002 0.000
GLU02A0272_003 0.000
GLU02A0272_004 0.000
GLU-1A0272_005 0.000
PHE01A0273_001 0.000
SER01A0274_001 0.242
SER01A0274_002 0.242
SER01A0274_003 0.242
LYS01A0275_001 0.000
LYS+1A0275_002 0.000
MET01A0276_001 0.000
ALA01A0277_001 0.000
ARG01A0278_001 0.000
ARG02A0278_002 0.000
ARG03A0278_003 0.000
ARG+1A0278_004 0.000
ASP01A0279_001 0.000
ASP01A0279_002 0.000
ASP02A0279_003 0.000
ASP02A0279_004 0.000
ASP-1A0279_005 0.000
PRO01A0280_001 0.000
GLN01A0281_001 0.390
GLN01A0281_002 0.390
ARG01A0282_001 0.000
ARG02A0282_002 0.000
ARG03A0282_003 0.000
ARG+1A0282_004 0.000
TYR01A0283_001 0.410
TYR01A0283_002 0.410
TYR-1A0283_003 0.000
LEU01A0284_001 0.000
VAL01A0285_001 0.000
ILE01A0286_001 0.000
GLN01A0287_001 0.384
GLN01A0287_002 0.384
ASP01A0289_001 0.410
ASP01A0289_002 0.410
ASP02A0289_003 0.410
ASP02A0289_004 0.410
ASP-1A0289_005 0.000
GLU01A0290_001 0.000
GLU01A0290_002 0.000
GLU02A0290_003 0.000
GLU02A0290_004 0.000
GLU-1A0290_005 0.000
ARG01A0291_001 0.000
ARG02A0291_002 0.000
ARG03A0291_003 0.000
ARG+1A0291_004 0.000
MET01A0292_001 0.000
HIS01A0293_001 0.396
HIS01A0293_002 0.396
HIS02A0293_003 0.396
HIS02A0293_004 0.396
HIS+1A0293_005 0.000
HIS+1A0293_006 0.000
LEU01A0294_001 0.000
PRO01A0295_001 0.000
SER01A0296_001 0.352
SER01A0296_002 0.352
PRO01A0297_001 0.000
THR01A0298_001 0.037
THR01A0298_002 0.037
THR01A0298_003 0.037
ASP01A0299_001 0.000
ASP01A0299_002 0.000
ASP02A0299_003 0.000
ASP02A0299_004 0.000
ASP-1A0299_005 0.000
SER01A0300_001 0.271
SER01A0300_002 0.271
SER01A0300_003 0.271
ASN01A0301_001 0.171
ASN01A0301_002 0.171
PHE01A0302_001 0.000
TYR01A0303_001 0.000
TYR-1A0303_002 0.000
ARG01A0304_001 0.000
ARG02A0304_002 0.000
ARG03A0304_003 0.000
ARG+1A0304_004 0.000
ALA01A0305_001 0.000
LEU01A0306_001 0.000
MET01A0307_001 0.000
ASP01A0308_001 0.410
ASP01A0308_002 0.410
ASP02A0308_003 0.410
ASP02A0308_004 0.410
ASP-1A0308_005 0.000
GLU01A0309_001 0.000
GLU01A0309_002 0.000
GLU02A0309_003 0.000
GLU02A0309_004 0.000
GLU-1A0309_005 0.000
GLU01A0310_001 0.000
GLU01A0310_002 0.000
GLU02A0310_003 0.000
GLU02A0310_004 0.000
GLU-1A0310_005 0.000
ASP01A0311_001 0.000
ASP01A0311_002 0.000
ASP02A0311_003 0.000
ASP02A0311_004 0.000
ASP-1A0311_005 0.000
MET01A0312_001 0.000
ASP01A0313_001 0.000
ASP01A0313_002 0.000
ASP02A0313_003 0.000
ASP02A0313_004 0.000
ASP-1A0313_005 0.000
ASP01A0314_001 0.000
ASP01A0314_002 0.000
ASP02A0314_003 0.000
ASP02A0314_004 0.000
ASP-1A0314_005 0.000
VAL01A0315_001 0.000
VAL01A0316_001 0.000
ASP01A0317_001 0.000
ASP01A0317_002 0.000
ASP02A0317_003 0.000
ASP02A0317_004 0.000
ASP-1A0317_005 0.000
ALA01A0318_001 0.000
ASP01A0319_001 0.000
ASP01A0319_002 0.000
ASP02A0319_003 0.000
ASP02A0319_004 0.000
ASP-1A0319_005 0.000
GLU01A0320_001 0.000
GLU01A0320_002 0.000
GLU02A0320_003 0.000
GLU02A0320_004 0.000
GLU-1A0320_005 0.000
TYR01A0321_001 0.000
TYR-1A0321_002 0.000
