 ph         7.4   7.4   7.4   7.4   7.4
LYS A0002  0.03  0.03  0.03  0.03  0.03
LYS A0003  1.00  1.00  1.00  1.00  1.00
LYS A0015  1.00  1.00  1.00  1.00  1.00
HIS A0018  0.08  0.08  0.08  0.08  0.08
GLU A0019 -1.00 -1.00 -1.00 -1.00 -1.00
ASP A0021 -1.00 -1.00 -1.00 -1.00 -1.00
ARG A0024  1.00  1.00  1.00  1.00  1.00
ASP A0025 -1.00 -1.00 -1.00 -1.00 -1.00
GLU A0027 -1.00 -1.00 -1.00 -1.00 -1.00
ASP A0030 -1.00 -1.00 -1.00 -1.00 -1.00
ARG A0032  1.00  1.00  1.00  1.00  1.00
LYS A0034  1.00  1.00  1.00  1.00  1.00
ARG A0036  1.00  1.00  1.00  1.00  1.00
CYS A0039  0.00  0.00  0.00  0.00  0.00
GLU A0040 -1.00 -1.00 -1.00 -1.00 -1.00
GLU A0041 -1.00 -1.00 -1.00 -1.00 -1.00
HIS A0045  0.53  0.53  0.53  0.53  0.53
ARG A0046  1.00  1.00  1.00  1.00  1.00
GLU A0053 -1.00 -1.00 -1.00 -1.00 -1.00
TYR A0057 -0.00 -0.00 -0.00 -0.00 -0.00
GLU A0064 -0.98 -0.98 -0.98 -0.98 -0.98
ARG A0068  1.00  1.00  1.00  1.00  1.00
ARG A0071  0.00  0.00  0.00  0.00  0.00
ARG A0076  1.00  1.00  1.00  1.00  1.00
ARG A0080  1.00  1.00  1.00  1.00  1.00
LYS A0087  1.00  1.00  1.00  1.00  1.00
GLU A0089 -1.00 -1.00 -1.00 -1.00 -1.00
GLU A0092 -1.00 -1.00 -1.00 -1.00 -1.00
GLU A0093 -1.00 -1.00 -1.00 -1.00 -1.00
LYS A0102  1.00  1.00  1.00  1.00  1.00
ASP A0103 -1.00 -1.00 -1.00 -1.00 -1.00
CYS A0111 -0.17 -0.17 -0.17 -0.17 -0.17
ARG A0114  1.00  1.00  1.00  1.00  1.00
LYS A0115  1.00  1.00  1.00  1.00  1.00
LYS A0116  1.00  1.00  1.00  1.00  1.00
ARG A0121  1.00  1.00  1.00  1.00  1.00
GLU A0126 -0.98 -0.98 -0.98 -0.98 -0.98
GLU A0129 -1.00 -1.00 -1.00 -1.00 -1.00
GLU A0130 -1.00 -1.00 -1.00 -1.00 -1.00
TYR A0131 -0.00 -0.00 -0.00 -0.00 -0.00
ARG A0138  1.00  1.00  1.00  1.00  1.00
HIS A0139  0.03  0.03  0.03  0.03  0.03
GLU A0140 -0.98 -0.98 -0.98 -0.98 -0.98
TYR A0141  0.00  0.00  0.00  0.00  0.00
TYR A0143  0.00  0.00  0.00  0.00  0.00
TYR A0146 -0.00 -0.00 -0.00 -0.00 -0.00
CYS A0149 -0.01 -0.01 -0.01 -0.01 -0.01
HIS A0150  0.00  0.00  0.00  0.00  0.00
TYR A0153  0.00 -0.00 -0.00 -0.00 -0.00
CYS A0155  0.00  0.00  0.00  0.00  0.00
CYS A0157  0.00  0.00  0.00  0.00  0.00
HIS A0159  0.05  0.05  0.05  0.05  0.05
HIS A0165  0.06  0.06  0.06  0.06  0.06
HIS A0170  0.00  0.00  0.00  0.00  0.00
ARG A0178  1.00  1.00  1.00  1.00  1.00
ASP A0179 -1.00 -1.00 -1.00 -1.00 -1.00
GLU A0180 -1.00 -1.00 -1.00 -1.00 -1.00
LYS A0190  1.00  1.00  1.00  1.00  1.00
ARG A0192  1.00  1.00  1.00  1.00  1.00
LYS A0194  1.00  1.00  1.00  1.00  1.00
LYS A0201  1.00  1.00  1.00  1.00  1.00
LYS A0202  0.94  0.94  0.94  0.94  0.94
GLU A0212 -1.00 -1.00 -1.00 -1.00 -1.00
GLU A0218 -1.00 -1.00 -1.00 -1.00 -1.00
GLU A0221 -1.00 -1.00 -1.00 -1.00 -1.00
ARG A0223  1.00  1.00  1.00  1.00  1.00
LYS A0224  1.00  1.00  1.00  1.00  1.00
ASP A0228 -1.00 -1.00 -1.00 -1.00 -1.00
GLU A0229 -1.00 -1.00 -1.00 -1.00 -1.00
ARG A0230  1.00  1.00  1.00  1.00  1.00
LYS A0232  1.00  1.00  1.00  1.00  1.00
HIS A0241  0.00  0.00  0.00  0.00  0.00
GLU A0244 -1.00 -1.00 -1.00 -1.00 -1.00
CYS A0247  0.00  0.00  0.00  0.00  0.00
LYS A0248  1.00  1.00  1.00  1.00  1.00
GLU A0254 -1.00 -1.00 -1.00 -1.00 -1.00
CYS A0258 -0.03 -0.03 -0.03 -0.03 -0.03
GLU A0260 -1.00 -1.00 -1.00 -1.00 -1.00
LYS A0264  1.00  1.00  1.00  1.00  1.00
ARG A0266  1.00  1.00  1.00  1.00  1.00
GLU A0268 -1.00 -1.00 -1.00 -1.00 -1.00
ASP A0270 -1.00 -1.00 -1.00 -1.00 -1.00
CYS A0274  0.00  0.00  0.00  0.00  0.00
ASP A0275 -0.42 -0.42 -0.41 -0.42 -0.42
ARG A0278  1.00  1.00  1.00  1.00  1.00
ARG A0281  1.00  1.00  1.00  1.00  1.00
CYS A0283  0.00  0.00  0.00  0.00  0.00
TYR A0287 -0.00 -0.00 -0.00 -0.00 -0.00
GLU A0291 -1.00 -1.00 -1.00 -1.00 -1.00
LYS A0292  1.00  1.00  1.00  1.00  1.00
LYS A0294  0.00  0.00  0.00  0.00  0.00
LYS A0295  0.00  0.00  0.00  0.00  0.00
ARG A0297  1.00  1.00  1.00  1.00  1.00
LYS A0300  1.00  1.00  1.00  1.00  1.00
LYS A0301  1.00  1.00  1.00  1.00  1.00
LYS A0302  1.00  1.00  1.00  1.00  1.00
LYS A0304  0.00  0.00  0.00  0.00  0.00
LYS A0305  1.00  1.00  1.00  1.00  1.00
ASP A0307 -0.97 -0.96 -0.97 -0.97 -0.97
CYS A0308 -0.07 -0.07 -0.07 -0.07 -0.07
ASP A0319 -1.00 -1.00 -1.00 -1.00 -1.00
TYR A0320  0.00  0.00  0.00  0.00  0.00
LYS A0321  1.00  1.00  1.00  1.00  1.00
ASP A0322 -1.00 -1.00 -1.00 -1.00 -1.00
LYS A0325  0.87  0.87  0.87  0.87  0.87
GLU A0328 -1.00 -1.00 -1.00 -1.00 -1.00
ARG A0329  1.00  1.00  1.00  1.00  1.00
CYS A0330 -0.00 -0.00  0.00 -0.00 -0.00
TYR A0332 -0.01 -0.01 -0.01 -0.01 -0.01
ASP A0339 -0.99 -0.99 -0.99 -0.99 -0.99
GLU A0340 -0.99 -0.99 -0.99 -0.99 -0.99
LYS A0341  1.00  1.00  1.00  1.00  1.00
GLU A0343 -0.38 -0.38 -0.37 -0.37 -0.37
ARG A0352  1.00  1.00  1.00  1.00  1.00
GLU A0358 -1.00 -1.00 -1.00 -1.00 -1.00
TYR A0366 -0.00 -0.00 -0.00 -0.00 -0.00
GLU A0369 -1.00 -1.00 -1.00 -1.00 -1.00
HIS A0373  0.13  0.13  0.13  0.13  0.13
TYR A0376 -0.00 -0.00 -0.00 -0.00 -0.00
GLU A0381 -1.00 -1.00 -1.00 -1.00 -1.00
LYS A0382  1.00  1.00  1.00  1.00  1.00
GLU A0385 -1.00 -0.99 -1.00 -1.00 -0.99
ARG A0388  1.00  1.00  1.00  1.00  1.00
HIS A0389  0.00  0.00  0.00  0.00  0.00
GLU A0391 -1.00 -1.00 -1.00 -1.00 -1.00
ARG A0392  0.95  0.95  0.95  0.95  0.95
ARG A0394  1.00  1.00  1.00  1.00  1.00
GLU A0397 -1.00 -1.00 -1.00 -1.00 -1.00
GLU A0398 -1.00 -1.00 -1.00 -1.00 -1.00
GLU A0399 -1.00 -1.00 -1.00 -1.00 -1.00
ARG A0404  1.00  1.00  1.00  1.00  1.00
GLU A0405 -1.00 -1.00 -1.00 -1.00 -1.00
GLU A0408 -1.00 -1.00 -1.00 -1.00 -1.00
ARG A0409  0.12  0.12  0.12  0.12  0.12
ARG A0410  1.00  1.00  1.00  1.00  1.00
GLU A0414 -1.00 -1.00 -1.00 -1.00 -1.00
TYR A0416 -0.00 -0.00 -0.00 -0.00 -0.00
GLU A0417 -1.00 -1.00 -1.00 -1.00 -1.00
HIS A0418  0.21  0.21  0.21  0.21  0.21
GLU A0419 -0.04 -0.04 -0.04 -0.04 -0.04
LYS A0420  1.00  1.00  1.00  1.00  1.00
ASP A0421 -0.98 -0.98 -0.98 -0.98 -0.98
LYS A0425  1.00  1.00  1.00  1.00  1.00
ARG A0427  0.26  0.27  0.26  0.26  0.26
HIS A0428  0.69  0.68  0.69  0.68  0.68
GLU A0429 -1.00 -1.00 -1.00 -1.00 -1.00
GLU A0432 -1.00 -1.00 -1.00 -1.00 -1.00
HIS A0433  0.78  0.78  0.77  0.78  0.77
GLU A0436 -1.00 -1.00 -1.00 -1.00 -1.00
ARG A0440  1.00  1.00  1.00  1.00  1.00
LYS A0446  1.00  1.00  1.00  1.00  1.00
LYS A0449  1.00  1.00  1.00  1.00  1.00
HIS A0450  0.00  0.00  0.00  0.00  0.00
GLU A0451 -1.00 -1.00 -1.00 -1.00 -1.00
ASP A0452 -1.00 -1.00 -1.00 -1.00 -1.00
TYR A0458 -0.00 -0.00 -0.00 -0.00 -0.00
CYS A0461  0.00  0.00 -0.00  0.00  0.00
GLU A0465 -1.00 -1.00 -1.00 -1.00 -1.00
GLU A0473 -1.00 -1.00 -1.00 -1.00 -1.00
ASP A0476 -1.00 -1.00 -1.00 -1.00 -1.00
ASP A0481 -1.00 -1.00 -1.00 -1.00 -1.00
CYS A0482 -0.00 -0.00 -0.00 -0.00 -0.00
TYR A0483  0.00  0.00  0.00  0.00  0.00
LYS A0490  1.00  1.00  1.00  1.00  1.00
ARG A0493  1.00  1.00  1.00  1.00  1.00
LYS A0494  0.00  0.00  0.00  0.00  0.00
ASP A0497 -1.00 -1.00 -1.00 -1.00 -1.00
ASP A0498 -1.00 -1.00 -1.00 -1.00 -1.00
GLU A0499 -0.98 -0.98 -0.98 -0.98 -0.98
TYR A0503  0.00  0.00  0.00  0.00  0.00
LYS A0512  1.00  1.00  1.00  1.00  1.00
TYR A0513  0.00  0.00  0.00  0.00  0.00
GLU A0514 -0.99 -0.99 -0.99 -0.99 -0.99
TYR A0516  0.00  0.00  0.00  0.00  0.00
ASP A0518 -1.00 -1.00 -1.00 -1.00 -1.00
CYS A0519  0.00  0.00  0.00  0.00  0.00
GLU A0520 -1.00 -1.00 -1.00 -1.00 -1.00
LYS A0523  1.00  1.00  1.00  1.00  1.00
ARG A0528  1.00  1.00  1.00  1.00  1.00
ARG A0533  1.00  1.00  1.00  1.00  1.00
LYS A0534  1.00  1.00  1.00  1.00  1.00
HIS A0537  0.00  0.00  0.00  0.00  0.00
HIS A0542  0.02  0.02  0.02  0.02  0.02
ARG A0544  1.00  1.00  1.00  1.00  1.00
GLU A0546 -1.00 -1.00 -1.00 -1.00 -1.00
HIS A0548  0.25  0.25  0.26  0.25  0.25
ARG A0555  1.00  1.00  1.00  1.00  1.00
GLU A0561 -1.00 -1.00 -1.00 -1.00 -1.00
TYR A0563  0.00  0.00  0.00  0.00  0.00
CYS A0564  0.00  0.00  0.00  0.00  0.00
ARG A0565  0.00  0.00  0.00  0.00  0.00
HIS A0569  0.01  0.01  0.01  0.01  0.01
HIS A0570  0.00  0.00  0.00  0.00  0.00
LYS A0572  1.00  1.00  1.00  1.00  1.00
LYS A0576  1.00  1.00  1.00  1.00  1.00
GLU A0579 -1.00 -1.00 -1.00 -1.00 -1.00
LYS A0583  1.00  1.00  1.00  1.00  1.00
LYS A0585  1.00  1.00  1.00  1.00  1.00
ASP A0589 -1.00 -1.00 -1.00 -1.00 -1.00
LYS A0592  1.00  1.00  1.00  1.00  1.00
LYS A0597  1.00  1.00  1.00  1.00  1.00
LYS A0600  0.99  0.99  0.99  0.99  0.99
LYS A0604  1.00  1.00  1.00  1.00  1.00
GLU A0605 -1.00 -1.00 -1.00 -1.00 -1.00
HIS A0608  0.11  0.11  0.11  0.11  0.12
CYS A0610 -0.00 -0.00 -0.00 -0.00 -0.00
ARG A0612  1.00  1.00  1.00  1.00  1.00
GLU A0614 -1.00 -1.00 -1.00 -1.00 -1.00
TYR A0616 -0.00 -0.00 -0.00 -0.00 -0.00
GLU A0618 -1.00 -1.00 -1.00 -1.00 -1.00
HIS A0622  0.99  0.99  0.99  0.99  0.99
ASP A0628 -1.00 -1.00 -1.00 -1.00 -1.00
GLU A0634 -0.98 -0.98 -0.98 -0.98 -0.98
GLU A0635 -1.00 -1.00 -1.00 -1.00 -1.00
CYS A0637 -0.00 -0.00 -0.00 -0.00 -0.00
GLU A0639 -1.00 -1.00 -1.00 -1.00 -1.00
CYS A0641  0.00  0.00  0.00  0.00  0.00
ASP A0645 -1.00 -1.00 -1.00 -1.00 -1.00
LYS A0647  1.00  1.00  1.00  1.00  1.00
LYS A0649  1.00  1.00  1.00  1.00  1.00
TYR A0655  0.00  0.00  0.00  0.00  0.00
GLU A0658 -0.99 -0.99 -0.99 -0.99 -0.99
GLU A0659 -0.99 -0.99 -0.99 -0.99 -0.99
LYS A0671  1.00  1.00  1.00  1.00  1.00
ASP A0674 -1.00 -1.00 -1.00 -1.00 -1.00
ASP A0675 -1.00 -1.00 -1.00 -1.00 -1.00
ARG A0677  1.00  1.00  1.00  1.00  1.00
ASP A0679 -1.00 -1.00 -1.00 -1.00 -1.00
ASP A0690 -0.99 -0.99 -0.99 -0.99 -0.99
LYS A0694  1.00  1.00  1.00  1.00  1.00
GLU A0696 -1.00 -1.00 -1.00 -1.00 -1.00
ASP A0699 -1.00 -1.00 -1.00 -1.00 -1.00
ARG A0701  1.00  1.00  1.00  1.00  1.00
TYR A0705  0.00  0.00  0.00  0.00  0.00
CYS A0707  0.00  0.00  0.00  0.00  0.00
ASP A0712 -1.00 -1.00 -1.00 -1.00 -1.00
ARG A0713  1.00  1.00  1.00  1.00  1.00
GLU A0718 -1.00 -1.00 -1.00 -1.00 -1.00
HIS A0722  0.54  0.54  0.54  0.54  0.54
ASP A0724 -1.00 -1.00 -1.00 -1.00 -1.00
LYS A0733  1.00  1.00  1.00  1.00  1.00
LYS A0744  1.00  1.00  1.00  1.00  1.00
ASP A0745 -1.00 -1.00 -1.00 -1.00 -1.00
LYS A0752  1.00  1.00  1.00  1.00  1.00
LYS A0754  1.00  1.00  1.00  1.00  1.00
GLU A0758 -1.00 -1.00 -1.00 -1.00 -1.00
ASP A0761 -1.00 -1.00 -1.00 -1.00 -1.00
ARG A0762  1.00  1.00  1.00  1.00  1.00
GLU A0765 -1.00 -1.00 -1.00 -1.00 -1.00
GLU A0766 -1.00 -1.00 -1.00 -1.00 -1.00
CYS A0771  0.00  0.00  0.00  0.00  0.00
TYR A0774  0.00  0.00  0.00  0.00  0.00
CYS A0775 -0.00  0.00  0.00  0.00  0.00
TYR A0779 -0.00  0.00 -0.00 -0.00 -0.00
ASP A0785 -1.00 -1.00 -1.00 -1.00 -1.00
ARG A0786  1.00  1.00  1.00  1.00  1.00
HIS A0787  0.00  0.00  0.00  0.00  0.00
ASP A0789 -1.00 -1.00 -1.00 -1.00 -1.00
ARG A0794  1.00  1.00  1.00  1.00  1.00
GLU A0795 -1.00 -1.00 -1.00 -1.00 -1.00
HIS A0801  0.00  0.00  0.00  0.00  0.00
ASP A0803 -1.00 -1.00 -1.00 -1.00 -1.00
HIS A0806  0.00  0.00  0.00  0.00  0.00
LYS A0812  1.00  1.00  1.00  1.00  1.00
LYS A0814  1.00  1.00  1.00  1.00  1.00
ARG A0819  1.00  1.00  1.00  1.00  1.00
GLU A0820 -0.43 -0.43 -0.43 -0.43 -0.43
ARG A0821  0.08  0.08  0.08  0.08  0.08
TYR A0828 -0.00 -0.00 -0.00 -0.00 -0.00
ASP A0829 -0.88 -0.88 -0.88 -0.88 -0.88
HIS A0832  0.41  0.41  0.41  0.41  0.41
LYS A0838  1.00  1.00  1.00  1.00  1.00
GLU A0843 -1.00 -1.00 -1.00 -1.00 -1.00
LYS A0844  1.00  1.00  1.00  1.00  1.00
GLU A0846 -1.00 -1.00 -1.00 -1.00 -1.00
ARG A0847  1.00  1.00  1.00  1.00  1.00
ARG A0849  1.00  1.00  1.00  1.00  1.00
TYR A0851  0.00  0.00 -0.00  0.00  0.00
CYS A0852  0.00  0.00  0.00  0.00  0.00
GLU A0853 -1.00 -1.00 -1.00 -1.00 -1.00
ARG A0854  1.00  1.00  1.00  1.00  1.00
TYR A0856  0.00  0.00  0.00  0.00  0.00
ARG A0860  1.00  1.00  1.00  1.00  1.00
ARG A0861  1.00  1.00  1.00  1.00  1.00
HIS A0862  0.46  0.46  0.46  0.46  0.46
HIS A0868  0.75  0.75  0.75  0.75  0.75
ARG A0874  1.00  1.00  1.00  1.00  1.00
GLU A0880 -1.00 -1.00 -1.00 -1.00 -1.00
CYS A0883 -0.01 -0.01 -0.01 -0.01 -0.01
LYS A0885  0.00  0.00  0.00  0.00  0.00
ASP A0886 -1.00 -1.00 -1.00 -1.00 -1.00
TYR A0889  0.00  0.00  0.00  0.00  0.00
LYS A0891  1.00  1.00  1.00  1.00  1.00
ASP A0892 -1.00 -1.00 -1.00 -1.00 -1.00
LYS A0898  1.00  1.00  1.00  1.00  1.00
GLU A0900 -1.00 -1.00 -1.00 -1.00 -1.00
GLU A0901 -1.00 -1.00 -1.00 -1.00 -1.00
GLU A0902 -1.00 -1.00 -1.00 -1.00 -1.00
LYS A0905  0.99  0.99  0.99  0.99  0.99
HIS A0906  0.00  0.00  0.00  0.00  0.00
ARG A0908  1.00  1.00  1.00  1.00  1.00
LYS A0910  0.20  0.20  0.20  0.20  0.20
GLU A0913 -1.00 -1.00 -1.00 -1.00 -1.00
ARG A0916  1.00  1.00  1.00  1.00  1.00
GLU A0917 -1.00 -1.00 -1.00 -1.00 -1.00

Tot Protn  -0.7  -0.6  -0.7  -0.6  -0.7
Tot Elec    0.0   0.0   0.0   0.0   0.0
Net crg    -0.1  -0.1  -0.2  -0.1  -0.1
