 ph         7.4   7.4   7.4   7.4   7.4
TYR A0005 -0.00 -0.00 -0.00 -0.00 -0.00
ASP A0006 -1.00 -1.00 -1.00 -1.00 -1.00
LYS A0007  1.00  1.00  1.00  1.00  1.00
GLU A0009 -1.00 -1.00 -1.00 -1.00 -1.00
GLU A0011 -1.00 -1.00 -1.00 -1.00 -1.00
ARG A0012  1.00  1.00  1.00  1.00  1.00
ASP A0014 -1.00 -1.00 -1.00 -1.00 -1.00
LYS A0018  1.00  1.00  1.00  1.00  1.00
HIS A0019  0.24  0.24  0.24  0.24  0.24
LYS A0020  1.00  1.00  1.00  1.00  1.00
TYR A0026 -0.00 -0.00 -0.00 -0.00 -0.00
GLU A0028 -1.00 -1.00 -1.00 -1.00 -1.00
TYR A0030  0.00  0.00 -0.00  0.00 -0.00
GLU A0031 -0.99 -0.99 -0.99 -0.99 -0.99
LYS A0035  1.00  1.00  1.00  1.00  1.00
LYS A0036  1.00  1.00  1.00  1.00  1.00
TYR A0037 -0.01 -0.01 -0.01 -0.01 -0.01
LYS A0044  1.00  1.00  1.00  1.00  1.00
LYS A0047  0.03  0.03  0.03  0.03  0.03
GLU A0048 -1.00 -1.00 -1.00 -1.00 -1.00
ASP A0049 -1.00 -1.00 -1.00 -1.00 -1.00
GLU A0052 -0.99 -0.99 -0.99 -0.99 -0.99
GLU A0054 -1.00 -1.00 -1.00 -1.00 -1.00
GLU A0055 -1.00 -1.00 -1.00 -1.00 -1.00
LYS A0058  1.00  1.00  1.00  1.00  1.00
GLU A0059 -1.00 -1.00 -1.00 -1.00 -1.00
LYS A0064  1.00  1.00  1.00  1.00  1.00
GLU A0065 -1.00 -1.00 -1.00 -1.00 -1.00
LYS A0067  1.00  1.00  1.00  1.00  1.00
HIS A0068  0.00  0.00  0.00  0.00  0.00
CYS A0078  0.00  0.00  0.00  0.00  0.00
ARG A0080  1.00  1.00  1.00  1.00  1.00
GLU A0081 -1.00 -1.00 -1.00 -1.00 -1.00
TYR A0085 -0.00  0.00 -0.00 -0.00  0.00
GLU A0089 -1.00 -1.00 -1.00 -1.00 -1.00
TYR A0093 -0.00  0.00 -0.00 -0.00 -0.00
ASP A0098 -1.00 -1.00 -1.00 -1.00 -1.00
TYR A0099 -0.00 -0.00 -0.00  0.00 -0.00
ARG A0101  1.00  1.00  1.00  1.00  1.00
GLU A0102 -0.99 -0.99 -0.99 -0.99 -0.99
CYS A0103  0.00  0.00  0.00  0.00  0.00
ARG A0105  1.00  1.00  1.00  1.00  1.00
GLU A0107 -0.99 -0.99 -0.99 -0.99 -0.99
TYR A0115  0.00 -0.00 -0.00  0.00  0.00
GLU A0125 -0.99 -0.99 -0.99 -0.99 -0.99
TYR A0126 -0.00 -0.00 -0.00 -0.00 -0.00
GLU A0128 -1.00 -1.00 -1.00 -1.00 -1.00
LYS A0129  1.00  1.00  1.00  1.00  1.00
LYS A0130  0.00  0.00  0.00  0.00  0.00
HIS A0134  0.00  0.00  0.00  0.00  0.00
ARG A0135  1.00  1.00  1.00  1.00  1.00
ASP A0136 -1.00 -1.00 -1.00 -1.00 -1.00
ARG A0140  1.00  1.00  1.00  1.00  1.00
CYS A0142  0.00  0.00  0.00  0.00  0.00
GLU A0146 -1.00 -1.00 -1.00 -1.00 -1.00
HIS A0148  0.07  0.07  0.07  0.07  0.07
LYS A0151  1.00  1.00  1.00  1.00  1.00
ASP A0154 -1.00 -1.00 -1.00 -1.00 -1.00
ARG A0159  1.00  1.00  1.00  1.00  1.00
ASP A0164 -1.00 -1.00 -1.00 -1.00 -1.00
TYR A0166  0.00  0.00  0.00  0.00  0.00
HIS A0169  0.00  0.00  0.00  0.00  0.00
LYS A0173  0.97  0.97  0.97  0.97  0.97
LYS A0177  1.00  1.00  1.00  1.00  1.00
GLU A0182 -1.00 -1.00 -1.00 -1.00 -1.00
TYR A0186 -0.00 -0.00 -0.00 -0.00 -0.00
LYS A0188  1.00  1.00  1.00  1.00  1.00
LYS A0192  1.00  1.00  1.00  1.00  1.00
ASP A0194 -1.00 -1.00 -1.00 -1.00 -1.00
GLU A0204 -1.00 -1.00 -1.00 -1.00 -1.00
TYR A0208  0.00  0.00  0.00  0.00  0.00
TYR A0213  0.00  0.00  0.00  0.00  0.00
ASP A0217 -1.00 -1.00 -1.00 -1.00 -1.00
TYR A0222  0.00  0.00 -0.00 -0.00  0.00
GLU A0223 -1.00 -1.00 -1.00 -1.00 -1.00
GLU A0226 -1.00 -0.99 -1.00 -0.99 -1.00
LYS A0227  1.00  1.00  1.00  1.00  1.00
ASP A0228 -1.00 -1.00 -1.00 -1.00 -1.00
TYR A0229  0.00 -0.00 -0.00 -0.00 -0.00
ARG A0230  1.00  1.00  1.00  1.00  1.00
GLU A0232 -1.00 -1.00 -1.00 -1.00 -1.00
ARG A0233  1.00  1.00  1.00  1.00  1.00
GLU A0235 -1.00 -1.00 -1.00 -1.00 -1.00
CYS A0237  0.00  0.00  0.00 -0.00  0.00
GLU A0239 -1.00 -1.00 -1.00 -1.00 -1.00
LYS A0240  1.00  1.00  1.00  1.00  1.00
TYR A0242  0.00  0.00  0.00  0.00  0.00
GLU A0243 -0.99 -1.00 -0.99 -1.00 -1.00
ARG A0246  1.00  1.00  1.00  1.00  1.00
CYS A0248  0.00  0.00  0.00  0.00  0.00
ASP A0255 -1.00 -1.00 -1.00 -1.00 -1.00
ARG A0256  1.00  1.00  1.00  1.00  1.00
GLU A0261 -1.00 -1.00 -1.00 -1.00 -1.00
HIS A0263  0.58  0.58  0.57  0.58  0.57
GLU A0267 -0.99 -0.99 -0.99 -0.99 -0.99
GLU A0272 -1.00 -1.00 -1.00 -1.00 -1.00
ASP A0277 -0.99 -0.99 -0.99 -0.99 -0.99
GLU A0278 -1.00 -1.00 -1.00 -1.00 -1.00
GLU A0280 -0.99 -0.99 -1.00 -1.00 -0.99
LYS A0281  1.00  1.00  1.00  1.00  1.00
GLU A0282 -1.00 -1.00 -1.00 -1.00 -1.00

Tot Protn -13.0 -13.0 -13.0 -13.0 -13.0
Tot Elec    0.0   0.0   0.0   0.0   0.0
Net crg   -12.0 -12.0 -12.0 -12.0 -12.0
