  pH           7
HIS+A0002_  0.63
ASP-A0004_ -1.00
GLU-A0011_ -1.00
HIS+A0018_  0.11
HIS+A0029_  0.21
GLU-A0032_ -1.00
ARG+A0036_  1.00
HIS+A0038_  0.07
CYS-A0041_ -0.02
TYR-A0043_ -0.00
HIS+A0044_  0.05
ASP-A0049_ -1.00
ASP-A0051_ -1.00
LYS+A0053_  1.00
LYS+A0054_  1.00
HIS+A0056_  0.06
CYS-A0057_ -0.00
LYS+A0060_  1.00
ARG+A0064_  1.00
ASP-A0067_ -1.00
GLU-A0070_ -1.00
GLU-A0077_ -1.00
LYS+A0082_  1.00
ASP-A0083_ -1.00
HIS+A0086_  0.00
CYS-A0096_ -0.00
ARG+A0098_  1.00
GLU-A0100_ -1.00
TYR-A0109_ -0.00
LYS+A0111_  1.00
HIS+A0112_  0.00
ASP-A0114_ -1.00
ARG+A0116_  1.00
ARG+A0120_  1.00
GLU-A0122_ -1.00
HIS+A0124_  0.03
LYS+A0129_  1.00
ASP-A0130_ -1.00
LYS+A0140_  0.98
LYS+A0143_  0.98
TYR-A0144_ -0.00
LYS+A0148_  1.00
LYS+A0149_  0.99
HIS+A0152_  0.00
ARG+A0153_  1.00
ASP-A0154_ -1.00
ARG+A0158_  1.00
CYS-A0160_ -0.00
ASP-A0163_ -1.00
GLU-A0164_ -1.00
LYS+A0165_  1.00
LYS+A0169_  1.00
ASP-A0172_ -0.00
ARG+A0177_  1.00
ASP-A0178_ -1.00
TYR-A0180_ -0.00
ASP-A0181_ -1.00
LYS+A0182_  1.00
GLU-A0183_ -1.00
TYR-A0184_ -0.00
TYR-A0185_ -0.00
HIS+A0188_  0.00
LYS+A0190_  1.00
LYS+A0194_  1.00
LYS+A0198_  1.00
GLU-A0203_ -1.00
LYS+A0209_  1.00
LYS+A0213_  1.00
ASP-A0215_ -1.00
GLU-A0225_ -1.00
ARG+A0229_  1.00
TYR-A0234_ -0.00
ASP-A0236_ -1.00
ASP-A0241_ -1.00
TYR-A0245_ -0.00
ARG+A0250_  1.00
ARG+A0251_  1.00
GLU-A0256_ -1.00
TYR-A0257_ -0.00
CYS-A0258_ -0.00
ASP-A0260_ -1.00
TYR-A0263_ -0.00
GLU-A0264_ -1.00
LYS+A0268_  0.99
CYS-A0269_ -0.00
HIS+A0271_  0.00
LYS+A0273_  1.00
GLU-A0275_ -1.00
ARG+A0277_  1.00
GLU-A0282_ -1.00
ARG+A0286_  1.00
VGH+B0001_  0.00
----------
Net_Charge  5.10
Protons     5.10
Electrons   0.00
