CONFORMER         crg  vdw0  vdw1  tors  epol  self   occ  Hb     history    ASA
NTR01A0001_001  0.000 -3.95  0.24  0.00  0.00 -3.71 1.000  00  01O000M000  0.403
NTR+1A0001_002  1.000 -3.96  0.18  0.00  0.00 -3.78 1.000  00  +1O000M000  0.403
MET01A0001_001  0.000 -5.43 -1.71  1.20  0.00 -5.93 1.000  00  01O000M000  0.438
GLU01A0002_001  0.000 -2.83 -1.44  3.92  0.00 -0.34 1.000  00  01O000M000  0.806
GLU01A0002_002  0.000 -2.83 -1.44  1.20  0.00 -3.06 1.000  00  01O000M000  0.806
GLU02A0002_003  0.000 -2.89 -1.45  3.92  0.00 -0.41 1.000  00  02O000M000  0.812
GLU02A0002_004  0.000 -2.89 -1.45  1.20  0.00 -3.13 1.000  00  02O000M000  0.812
GLU-1A0002_005 -1.000 -2.95 -1.42  1.20  0.00 -3.17 1.000  00  -1O000M000  0.815
LEU01A0003_001  0.000  1.36 -4.14  1.47  0.00 -1.31 1.000  00  01O000M000  0.034
LYS01A0004_001  0.000 -5.16 -2.75  1.76  0.00 -6.15 1.000  00  01O000M000  0.500
LYS+1A0004_002  1.000 -5.21 -2.75  1.76  0.00 -6.20 1.000  00  +1O000M000  0.500
ASP01A0005_001  0.000 -1.58 -1.98  3.70  0.00  0.14 1.000  00  01O000M000  0.457
ASP01A0005_002  0.000 -1.58 -1.98  0.98  0.00 -2.58 1.000  00  01O000M000  0.457
ASP02A0005_003  0.000 -1.63 -1.92  3.70  0.00  0.14 1.000  00  02O000M000  0.461
ASP02A0005_004  0.000 -1.63 -1.92  0.98  0.00 -2.58 1.000  00  02O000M000  0.461
ASP-1A0005_005 -1.000 -1.65 -1.95  0.98  0.00 -2.63 1.000  00  -1O000M000  0.459
ASP01A0006_001  0.000 -2.22  1.22  3.59  0.00  2.60 1.000  00  01O000M000  0.565
ASP01A0006_002  0.000 -2.22  1.22  0.87  0.00 -0.12 1.000  00  01O000M000  0.565
ASP02A0006_003  0.000 -2.14  0.53  3.59  0.00  1.98 1.000  00  02O000M000  0.585
ASP02A0006_004  0.000 -2.14  0.53  0.87  0.00 -0.74 1.000  00  02O000M000  0.585
ASP-1A0006_005 -1.000 -2.19  0.57  0.87  0.00 -0.75 1.000  00  -1O000M000  0.578
ASP01A0007_001  0.000 -1.01  0.04  3.86  0.00  2.90 1.000  00  01O000M000  0.262
ASP01A0007_002  0.000 -1.01  0.04  1.14  0.00  0.18 1.000  00  01O000M000  0.262
ASP02A0007_003  0.000 -1.10  0.77  3.86  0.00  3.53 1.000  00  02O000M000  0.265
ASP02A0007_004  0.000 -1.10  0.77  1.14  0.00  0.81 1.000  00  02O000M000  0.265
ASP-1A0007_005 -1.000 -1.03  0.11  1.14  0.00  0.22 1.000  00  -1O000M000  0.257
PHE01A0008_001  0.000  4.47 -8.25  0.01  0.00 -3.77 1.000  00  01O000M000  0.000
GLU01A0009_001  0.000 -2.09 -2.84  3.97  0.00 -0.96 1.000  00  01O000M000  0.613
GLU01A0009_002  0.000 -2.09 -2.84  1.25  0.00 -3.68 1.000  00  01O000M000  0.613
GLU02A0009_003  0.000 -2.04 -2.87  3.97  0.00 -0.93 1.000  00  02O000M000  0.614
GLU02A0009_004  0.000 -2.04 -2.87  1.25  0.00 -3.65 1.000  00  02O000M000  0.614
GLU-1A0009_005 -1.000 -2.09 -2.82  1.25  0.00 -3.65 1.000  00  -1O000M000  0.592
LYS01A0010_001  0.000 -6.28 -2.06  1.26  0.00 -7.08 1.000  00  01O000M000  0.590
LYS+1A0010_002  1.000 -6.33 -2.06  1.26  0.00 -7.13 1.000  00  +1O000M000  0.590
ILE01A0011_001  0.000 -1.51 -4.11  0.52  0.00 -5.10 1.000  00  01O000M000  0.263
SER01A0012_001  0.000 -2.77 -1.30  0.42  0.00 -3.65 0.666  00  01O000M000  0.434
GLU01A0013_001  0.000 -1.04 -3.90  3.19  0.00 -1.75 1.000  00  01O000M000  0.458
GLU01A0013_002  0.000 -1.04 -3.90  0.47  0.00 -4.47 1.000  00  01O000M000  0.458
GLU02A0013_003  0.000 -1.39 -3.85  3.19  0.00 -2.05 1.000  00  02O000M000  0.504
GLU02A0013_004  0.000 -1.39 -3.85  0.47  0.00 -4.77 1.000  00  02O000M000  0.504
GLU-1A0013_005 -1.000 -1.31 -3.86  0.47  0.00 -4.70 1.000  00  -1O000M000  0.468
LEU01A0014_001  0.000 -1.28 -5.86  0.58  0.00 -6.56 1.000  00  01O000M000  0.232
ALA01A0016_001  0.000 -1.85 -1.00  0.00  0.00 -2.85 1.000  00  01O000M000  0.339
ASN01A0018_001  0.000 -1.98 -0.32  2.03  0.00 -0.27 1.000  00  01O000M000  0.461
VAL01A0021_001  0.000 -2.03 -1.71  0.01  0.00 -3.74 1.000  00  01O000M000  0.260
VAL01A0022_001  0.000 -1.15 -2.89  2.13  0.00 -1.90 1.000  00  01O000M000  0.175
PHE01A0023_001  0.000  2.60 -6.69  0.02  0.00 -4.07 1.000  00  01O000M000  0.131
LYS01A0024_001  0.000 -2.32 -3.95  0.88  0.00 -5.39 1.000  00  01O000M000  0.262
LYS+1A0024_002  1.000 -2.36 -3.95  0.88  0.00 -5.44 1.000  00  +1O000M000  0.262
VAL01A0025_001  0.000  0.53 -5.18  0.02  0.00 -4.62 1.000  00  01O000M000  0.000
SER01A0026_001  0.000 -1.13 -2.62  0.88  0.00 -2.87 0.662  00  01O000M000  0.186
SER01A0026_002  0.000 -1.13 -2.62  0.51  0.00 -3.24 0.662  00  01O000M000  0.186
HIS01A0027_001  0.000 -0.17 -6.24  0.03  0.00 -6.38 1.000  00  01O000M000  0.012
HIS02A0027_002  0.000 -0.19 -6.28  0.03  0.00 -6.45 1.000  00  02O000M000  0.012
HIS+1A0027_003  1.000 -0.22 -6.32  0.03  0.00 -6.51 1.000  00  +1O000M000  0.012
LYS01A0028_001  0.000 -4.81 -5.68  1.87  0.00 -8.62 1.000  00  01O000M000  0.466
LYS+1A0028_002  1.000 -4.86 -5.70  1.87  0.00 -8.69 1.000  00  +1O000M000  0.466
PRO01A0029_001  0.000 -1.53 -2.13  0.00  0.00 -3.66 1.000  00  01O000M000  0.187
SER01A0030_001  0.000 -1.08 -1.26  0.38  0.00 -1.96 0.673  00  01O000M000  0.178
SER01A0030_002  0.000 -1.08 -1.26  0.38  0.00 -1.96 0.673  00  01O000M000  0.178
SER01A0030_003  0.000 -1.08 -1.26  0.00  0.00 -2.33 0.673  00  01O000M000  0.178
LEU01A0032_001  0.000 -3.31 -2.40  0.41  0.00 -5.30 1.000  00  01O000M000  0.447
VAL01A0033_001  0.000 -2.56 -2.07  0.21  0.00 -4.42 1.000  00  01O000M000  0.312
MET01A0034_001  0.000  3.42 -5.56  0.84  0.00 -1.30 1.000  00  01O000M000  0.000
ALA01A0035_001  0.000 -0.24 -1.96  0.00  0.00 -2.20 1.000  00  01O000M000  0.043
ARG01A0036_001  0.000  1.23 -5.72  0.81  0.00 -3.69 1.000  00  01O000M000  0.044
ARG02A0036_002  0.000  1.19 -5.72  0.81  0.00 -3.72 1.000  00  02O000M000  0.044
ARG02A0036_003  0.000  1.25 -5.73  0.81  0.00 -3.67 1.000  00  02O000M000  0.044
ARG03A0036_004  0.000  1.19 -5.70  0.81  0.00 -3.71 1.000  00  03O000M000  0.044
ARG03A0036_005  0.000  1.19 -5.73  0.81  0.00 -3.73 1.000  00  03O000M000  0.044
ARG+1A0036_006  1.000  1.15 -5.75  0.81  0.00 -3.79 1.000  00  +1O000M000  0.044
LYS01A0037_001  0.000  0.29 -5.37  3.71  0.00 -1.37 1.000  00  01O000M000  0.106
LYS+1A0037_002  1.000  0.24 -5.38  3.71  0.00 -1.43 1.000  00  +1O000M000  0.106
LEU01A0038_001  0.000  2.38 -4.44  1.04  0.00 -1.02 1.000  00  01O000M000  0.093
ILE01A0039_001  0.000  0.42 -3.79  0.73  0.00 -2.64 1.000  00  01O000M000  0.017
HIS01A0040_001  0.000 -6.09 -4.42  1.40  0.00 -9.11 1.000  00  01O000M000  0.516
HIS02A0040_002  0.000 -6.11 -4.44  1.40  0.00 -9.15 1.000  00  02O000M000  0.516
HIS+1A0040_003  1.000 -6.14 -4.45  1.40  0.00 -9.19 1.000  00  +1O000M000  0.516
LEU01A0041_001  0.000  2.12 -4.84  0.78  0.00 -1.93 1.000  00  01O000M000  0.053
GLU01A0042_001  0.000 -3.32 -0.49  3.10  0.00 -0.70 1.000  00  01O000M000  0.938
GLU01A0042_002  0.000 -3.32 -0.49  0.38  0.00 -3.42 1.000  00  01O000M000  0.938
GLU02A0042_003  0.000 -3.45 -0.48  3.10  0.00 -0.83 1.000  00  02O000M000  0.936
GLU02A0042_004  0.000 -3.45 -0.48  0.38  0.00 -3.55 1.000  00  02O000M000  0.936
GLU-1A0042_005 -1.000 -3.59 -0.46  0.38  0.00 -3.67 1.000  00  -1O000M000  0.937
ILE01A0043_001  0.000 -1.12 -3.46  1.02  0.00 -3.55 1.000  00  01O000M000  0.142
LYS01A0044_001  0.000 -9.12 -0.79  3.63  0.00 -6.28 1.000  00  01O000M000  0.763
LYS+1A0044_002  1.000 -9.17 -0.79  3.63  0.00 -6.33 1.000  00  +1O000M000  0.763
PRO01A0045_001  0.000 -5.05 -1.66  0.00  0.00 -6.71 1.000  00  01O000M000  0.560
ALA01A0046_001  0.000 -3.82 -0.41  0.00  0.00 -4.23 1.000  00  01O000M000  0.686
ILE01A0047_001  0.000 -2.25 -3.00  0.60  0.00 -4.65 1.000  00  01O000M000  0.301
ARG01A0048_001  0.000 -2.07 -4.64  0.96  0.00 -5.75 1.000  00  01O000M000  0.243
ARG02A0048_002  0.000 -2.12 -4.72  0.96  0.00 -5.87 1.000  00  02O000M000  0.243
ARG03A0048_003  0.000 -2.11 -4.71  0.96  0.00 -5.86 1.000  00  03O000M000  0.243
ARG+1A0048_004  1.000 -2.16 -4.72  0.96  0.00 -5.91 1.000  00  +1O000M000  0.243
ASN01A0049_001  0.000 -1.65 -1.22  0.80  0.00 -2.08 1.000  00  01O000M000  0.442
GLN01A0050_001  0.000 -1.03 -3.26  1.80  0.00 -2.48 1.000  00  01O000M000  0.428
ILE01A0051_001  0.000  1.92 -5.27  0.68  0.00 -2.66 1.000  00  01O000M000  0.000
ILE01A0052_001  0.000 -0.16 -3.88  1.89  0.00 -2.15 1.000  00  01O000M000  0.181
ARG01A0053_001  0.000 -5.69 -4.33  1.95  0.00 -8.07 1.000  00  01O000M000  0.626
ARG02A0053_002  0.000 -5.69 -4.32  1.95  0.00 -8.06 1.000  00  02O000M000  0.626
ARG03A0053_003  0.000 -5.72 -4.32  1.95  0.00 -8.09 1.000  00  03O000M000  0.626
ARG+1A0053_004  1.000 -5.77 -4.35  1.95  0.00 -8.16 1.000  00  +1O000M000  0.626
GLU01A0054_001  0.000 -0.92 -6.49  3.24  0.00 -4.16 1.000  00  01O000M000  0.329
GLU01A0054_002  0.000 -0.92 -6.49  0.52  0.00 -6.88 1.000  00  01O000M000  0.329
GLU02A0054_003  0.000 -1.13 -6.52  3.24  0.00 -4.40 1.000  00  02O000M000  0.357
GLU02A0054_004  0.000 -1.13 -6.52  0.52  0.00 -7.12 1.000  00  02O000M000  0.357
GLU-1A0054_005 -1.000 -1.10 -6.44  0.52  0.00 -7.02 1.000  00  -1O000M000  0.340
LEU01A0055_001  0.000  1.72 -3.59  0.99  0.00 -0.88 1.000  00  01O000M000  0.004
GLN01A0056_001  0.000 -0.92 -4.09  1.20  0.00 -3.81 1.000  00  01O000M000  0.329
VAL01A0057_001  0.000 -3.23 -0.75  0.68  0.00 -3.30 1.000  00  01O000M000  0.376
LEU01A0058_001  0.000  1.33 -2.74  0.61  0.00 -0.80 1.000  00  01O000M000  0.053
HIS01A0059_001  0.000 -4.29 -4.14  1.05  0.00 -7.37 1.000  00  01O000M000  0.362
HIS02A0059_002  0.000 -4.31 -4.11  1.05  0.00 -7.37 1.000  00  02O000M000  0.362
HIS+1A0059_003  1.000 -4.34 -4.21  1.05  0.00 -7.49 1.000  00  +1O000M000  0.362
GLU01A0060_001  0.000 -2.65 -3.19  4.87  0.00 -0.98 1.000  00  01O000M000  0.657
GLU01A0060_002  0.000 -2.65 -3.19  2.15  0.00 -3.70 1.000  00  01O000M000  0.657
GLU02A0060_003  0.000 -2.63 -3.15  4.87  0.00 -0.91 1.000  00  02O000M000  0.664
GLU02A0060_004  0.000 -2.63 -3.15  2.15  0.00 -3.63 1.000  00  02O000M000  0.664
GLU-1A0060_005 -1.000 -2.61 -3.10  2.15  0.00 -3.56 1.000  00  -1O000M000  0.646
CYS01A0061_001  0.000 -0.00 -2.32  0.22  0.00 -2.10 1.000  00  01O000M000  0.000
CYS01A0061_002  0.000 -0.00 -2.43  0.22  0.00 -2.21 1.000  00  01O000M000  0.000
CYS01A0061_003  0.000 -0.00 -2.32  0.22  0.00 -2.10 1.000  00  01O000M000  0.000
CYS-1A0061_004 -1.000  0.00 -2.28  0.22  0.00 -2.06 1.000  00  -1O000M000  0.000
ASN01A0062_001  0.000 -1.95 -3.50  2.45  0.00 -3.00 1.000  00  01O000M000  0.514
SER01A0063_001  0.000  0.00 -2.34  0.76  0.00 -1.58 0.670  00  01O000M000  0.000
SER01A0063_002  0.000  0.00 -2.34  0.38  0.00 -1.96 0.670  00  01O000M000  0.000
PRO01A0064_001  0.000 -4.66 -1.38  0.00  0.00 -6.04 1.000  00  01O000M000  0.517
TYR01A0065_001  0.000  0.45 -7.03  0.40  0.00 -6.18 1.000  00  01O000M000  0.253
TYR01A0065_002  0.000  0.45 -7.03  0.40  0.00 -6.18 1.000  00  01O000M000  0.253
TYR-1A0065_003 -1.000  0.45 -7.03  0.40  0.00 -6.18 1.000  00  -1O000M000  0.253
ILE01A0066_001  0.000  0.51 -5.14  0.50  0.00 -4.12 1.000  00  01O000M000  0.000
VAL01A0067_001  0.000  0.53 -3.70  0.16  0.00 -3.01 1.000  00  01O000M000  0.010
PHE01A0069_001  0.000  4.22-12.53  0.14  0.00 -8.16 1.000  00  01O000M000  0.007
TYR01A0070_001  0.000  0.55 -7.39  0.07  0.00 -6.76 1.000  00  01O000M000  0.252
TYR-1A0070_002 -1.000  0.55 -7.39  0.07  0.00 -6.76 1.000  00  -1O000M000  0.252
ALA01A0072_001  0.000  0.00 -1.67  0.00  0.00 -1.67 1.000  00  01O000M000  0.000
PHE01A0073_001  0.000  3.13 -9.86  0.06  0.00 -6.67 1.000  00  01O000M000  0.094
TYR01A0074_001  0.000  1.01 -8.86  0.01  0.00 -7.83 1.000  00  01O000M000  0.218
TYR-1A0074_002 -1.000  1.01 -8.86  0.01  0.00 -7.83 1.000  00  -1O000M000  0.218
SER01A0075_001  0.000 -0.36 -0.29  0.41  0.00 -0.24 0.670  00  01O000M000  0.059
SER01A0075_002  0.000 -0.36 -0.29  0.03  0.00 -0.61 0.670  00  01O000M000  0.059
ASP01A0076_001  0.000 -3.49  1.85  6.12  0.00  4.47 1.000  00  01O000M000  0.884
ASP01A0076_002  0.000 -3.49  1.85  3.40  0.00  1.75 1.000  00  01O000M000  0.884
ASP02A0076_003  0.000 -3.54  1.88  6.12  0.00  4.46 1.000  00  02O000M000  0.876
ASP02A0076_004  0.000 -3.54  1.88  3.40  0.00  1.74 1.000  00  02O000M000  0.876
ASP-1A0076_005 -1.000 -3.50  1.87  3.40  0.00  1.77 1.000  00  -1O000M000  0.875
GLU01A0078_001  0.000 -0.48 -5.78  6.21  0.00 -0.05 1.000  00  01O000M000  0.291
GLU01A0078_002  0.000 -0.48 -5.78  3.49  0.00 -2.77 1.000  00  01O000M000  0.291
GLU02A0078_003  0.000 -0.53 -5.84  6.21  0.00 -0.17 1.000  00  02O000M000  0.302
GLU02A0078_004  0.000 -0.53 -5.84  3.49  0.00 -2.89 1.000  00  02O000M000  0.302
GLU-1A0078_005 -1.000 -0.60 -5.79  3.49  0.00 -2.90 1.000  00  -1O000M000  0.290
ILE01A0079_001  0.000  1.79 -1.09  2.35  0.00  3.04 1.000  00  01O000M000  0.000
SER01A0080_001  0.000  0.00 -2.39  1.97  0.00 -0.43 0.665  00  01O000M000  0.000
SER01A0080_002  0.000  0.00 -2.39  1.97  0.00 -0.43 0.665  00  01O000M000  0.000
SER01A0080_003  0.000  0.00 -2.39  1.59  0.00 -0.80 0.665  00  01O000M000  0.000
ILE01A0081_001  0.000  1.01 -2.47  0.86  0.00 -0.60 1.000  00  01O000M000  0.059
CYS01A0082_001  0.000 -0.00 -3.19  0.07  0.00 -3.13 1.000  00  01O000M000  0.000
CYS01A0082_002  0.000 -0.00 -3.24  0.07  0.00 -3.17 1.000  00  01O000M000  0.000
CYS01A0082_003  0.000 -0.00 -3.17  0.07  0.00 -3.10 1.000  00  01O000M000  0.000
CYS-1A0082_004 -1.000  0.00 -3.14  0.07  0.00 -3.07 1.000  00  -1O000M000  0.000
MET01A0083_001  0.000 -0.48 -2.14  2.93  0.00  0.31 1.000  00  01O000M000  0.054
GLU01A0084_001  0.000  0.69 -4.16  2.97  0.00 -0.50 1.000  00  01O000M000  0.175
GLU01A0084_002  0.000  0.69 -4.16  0.25  0.00 -3.22 1.000  00  01O000M000  0.175
GLU02A0084_003  0.000  1.01 -3.83  2.97  0.00  0.15 1.000  00  02O000M000  0.188
GLU02A0084_004  0.000  1.01 -3.83  0.25  0.00 -2.57 1.000  00  02O000M000  0.188
GLU-1A0084_005 -1.000  0.62 -4.10  0.25  0.00 -3.24 1.000  00  -1O000M000  0.183
HIS01A0085_001  0.000 -1.02 -7.07  0.46  0.00 -7.63 1.000  00  01O000M000  0.084
HIS02A0085_002  0.000 -1.04 -7.10  0.46  0.00 -7.67 1.000  00  02O000M000  0.084
HIS+1A0085_003  1.000 -1.07 -7.12  0.46  0.00 -7.72 1.000  00  +1O000M000  0.084
MET01A0086_001  0.000  0.05 -6.05  0.31  0.00 -5.69 1.000  00  01O000M000  0.004
ASP01A0087_001  0.000 -1.11 -1.28  3.19  0.00  0.81 1.000  00  01O000M000  0.313
ASP01A0087_002  0.000 -1.11 -1.28  0.47  0.00 -1.91 1.000  00  01O000M000  0.313
ASP02A0087_003  0.000 -1.10 -0.16  3.19  0.00  1.93 1.000  00  02O000M000  0.287
ASP02A0087_004  0.000 -1.10 -0.16  0.47  0.00 -0.79 1.000  00  02O000M000  0.287
ASP-1A0087_005 -1.000 -1.14 -1.20  0.47  0.00 -1.86 1.000  00  -1O000M000  0.300
SER01A0090_001  0.000 -0.49  0.00  1.81  0.00  1.32 0.665  00  01O000M000  0.082
LEU01A0091_001  0.000  1.78  0.40  0.97  0.00  3.14 1.000  00  01O000M000  0.000
ASP01A0092_001  0.000 -0.55 -2.73  4.91  0.00  1.63 1.000  00  01O000M000  0.218
ASP01A0092_002  0.000 -0.55 -2.73  2.19  0.00 -1.09 1.000  00  01O000M000  0.218
ASP02A0092_003  0.000 -0.43 -2.91  4.91  0.00  1.58 1.000  00  02O000M000  0.208
ASP02A0092_004  0.000 -0.43 -2.91  2.19  0.00 -1.14 1.000  00  02O000M000  0.208
ASP-1A0092_005 -1.000 -0.55 -2.84  2.19  0.00 -1.20 1.000  00  -1O000M000  0.216
GLN01A0093_001  0.000 -0.91 -2.58  0.76  0.00 -2.73 1.000  00  01O000M000  0.381
VAL01A0094_001  0.000  0.60 -1.03  1.73  0.00  1.29 1.000  00  01O000M000  0.000
LEU01A0095_001  0.000  0.95 -8.21  0.45  0.00 -6.81 1.000  00  01O000M000  0.030
LYS01A0096_001  0.000 -6.15 -1.80  1.95  0.00 -6.01 1.000  00  01O000M000  0.553
LYS+1A0096_002  1.000 -6.21 -1.81  1.95  0.00 -6.08 1.000  00  +1O000M000  0.553
LYS01A0097_001  0.000 -4.66 -3.67  1.67  0.00 -6.66 1.000  00  01O000M000  0.443
LYS+1A0097_002  1.000 -4.70 -3.71  1.67  0.00 -6.75 1.000  00  +1O000M000  0.443
ALA01A0098_001  0.000 -0.15 -1.93  0.00  0.00 -2.08 1.000  00  01O000M000  0.028
ARG01A0100_001  0.000 -1.88 -4.30  3.31  0.00 -2.87 1.000  00  01O000M000  0.305
ARG02A0100_002  0.000 -1.87 -4.33  3.31  0.00 -2.89 1.000  00  02O000M000  0.305
ARG03A0100_003  0.000 -1.94 -4.22  3.31  0.00 -2.85 1.000  00  03O000M000  0.305
ARG03A0100_004  0.000 -1.93 -4.24  3.31  0.00 -2.86 1.000  00  03O000M000  0.305
ARG+1A0100_005  1.000 -1.98 -4.33  3.31  0.00 -3.00 1.000  00  +1O000M000  0.305
ILE01A0101_001  0.000  1.44 -4.85  0.74  0.00 -2.66 1.000  00  01O000M000  0.000
PRO01A0102_001  0.000 -3.06 -1.52  0.00  0.00 -4.58 1.000  00  01O000M000  0.358
GLU01A0103_001  0.000  0.05 -3.30  4.26  0.00  1.00 1.000  00  01O000M000  0.174
GLU01A0103_002  0.000  0.05 -3.30  1.54  0.00 -1.72 1.000  00  01O000M000  0.174
GLU02A0103_003  0.000  0.12 -3.54  4.26  0.00  0.84 1.000  00  02O000M000  0.147
GLU02A0103_004  0.000  0.12 -3.54  1.54  0.00 -1.88 1.000  00  02O000M000  0.147
GLU-1A0103_005 -1.000 -0.10 -3.44  1.54  0.00 -2.01 1.000  00  -1O000M000  0.167
GLN01A0104_001  0.000 -1.18 -1.60  3.11  0.00  0.34 1.000  00  01O000M000  0.550
ILE01A0105_001  0.000  0.07 -3.30  0.56  0.00 -2.67 1.000  00  01O000M000  0.033
LEU01A0106_001  0.000  2.02 -4.70  0.85  0.00 -1.82 1.000  00  01O000M000  0.000
LYS01A0108_001  0.000 -3.12 -4.37  2.45  0.00 -5.04 1.000  00  01O000M000  0.282
LYS+1A0108_002  1.000 -3.16 -4.41  2.45  0.00 -5.12 1.000  00  +1O000M000  0.282
VAL01A0109_001  0.000  0.52 -1.74  0.46  0.00 -0.76 1.000  00  01O000M000  0.000
SER01A0110_001  0.000  0.00 -1.22  0.38  0.00 -0.84 0.669  00  01O000M000  0.000
SER01A0110_002  0.000  0.00 -1.22  0.38  0.00 -0.84 0.669  00  01O000M000  0.000
SER01A0110_003  0.000  0.00 -1.22  0.01  0.00 -1.21 0.669  00  01O000M000  0.000
ILE01A0111_001  0.000  0.44 -5.18  0.76  0.00 -3.98 1.000  00  01O000M000  0.039
ALA01A0112_001  0.000  0.00 -1.74  0.00  0.00 -1.74 1.000  00  01O000M000  0.000
VAL01A0113_001  0.000  0.53 -2.45  0.00  0.00 -1.92 1.000  00  01O000M000  0.005
ILE01A0114_001  0.000  2.24 -4.35  0.46  0.00 -1.64 1.000  00  01O000M000  0.000
LYS01A0115_001  0.000 -3.18 -3.47  1.10  0.00 -5.55 1.000  00  01O000M000  0.286
LYS+1A0115_002  1.000 -3.23 -3.48  1.10  0.00 -5.60 1.000  00  +1O000M000  0.286
LEU01A0117_001  0.000  2.18 -2.80  0.64  0.00  0.02 1.000  00  01O000M000  0.004
THR01A0118_001  0.000 -1.85 -0.77  0.38  0.00 -2.24 0.665  00  01O000M000  0.240
THR01A0118_002  0.000 -1.85 -0.77  0.38  0.00 -2.24 0.665  00  01O000M000  0.240
THR01A0118_003  0.000 -1.85 -0.77  0.01  0.00 -2.62 0.665  00  01O000M000  0.240
TYR01A0119_001  0.000  2.43 -8.29  0.02  0.00 -5.84 1.000  00  01O000M000  0.112
TYR01A0119_002  0.000  2.43 -8.29  0.02  0.00 -5.84 1.000  00  01O000M000  0.112
TYR-1A0119_003 -1.000  2.43 -8.29  0.02  0.00 -5.84 1.000  00  -1O000M000  0.112
LEU01A0120_001  0.000  1.82 -5.46  0.44  0.00 -3.20 1.000  00  01O000M000  0.000
ARG01A0121_001  0.000 -3.17 -7.32  3.35  0.00 -7.14 1.000  00  01O000M000  0.328
ARG02A0121_002  0.000 -3.21 -7.30  3.35  0.00 -7.16 1.000  00  02O000M000  0.328
ARG03A0121_003  0.000 -3.22 -7.33  3.35  0.00 -7.20 1.000  00  03O000M000  0.328
ARG+1A0121_004  1.000 -3.26 -7.34  3.35  0.00 -7.25 1.000  00  +1O000M000  0.328
GLU01A0122_001  0.000 -2.49 -2.51  3.64  0.00 -1.36 1.000  00  01O000M000  0.636
GLU01A0122_002  0.000 -2.49 -2.51  0.92  0.00 -4.08 1.000  00  01O000M000  0.636
GLU02A0122_003  0.000 -2.40 -2.53  3.64  0.00 -1.29 1.000  00  02O000M000  0.619
GLU02A0122_004  0.000 -2.40 -2.53  0.92  0.00 -4.01 1.000  00  02O000M000  0.619
GLU-1A0122_005 -1.000 -2.58 -2.47  0.92  0.00 -4.14 1.000  00  -1O000M000  0.634
LYS01A0123_001  0.000 -5.97 -1.94  2.07  0.00 -5.84 1.000  00  01O000M000  0.564
LYS+1A0123_002  1.000 -6.04 -1.95  2.07  0.00 -5.92 1.000  00  +1O000M000  0.564
HIS01A0124_001  0.000 -1.04 -5.68  0.00  0.00 -6.72 1.000  00  01O000M000  0.081
HIS02A0124_002  0.000 -1.06 -5.61  0.00  0.00 -6.67 1.000  00  02O000M000  0.081
HIS+1A0124_003  1.000 -1.08 -5.72  0.00  0.00 -6.80 1.000  00  +1O000M000  0.081
LYS01A0125_001  0.000 -9.16  0.12  1.72  0.00 -7.32 1.000  00  01O000M000  0.780
LYS+1A0125_002  1.000 -9.21  0.12  1.72  0.00 -7.37 1.000  00  +1O000M000  0.780
ILE01A0126_001  0.000  0.93 -4.11  1.30  0.00 -1.89 1.000  00  01O000M000  0.107
MET01A0127_001  0.000 -0.65 -3.46  1.58  0.00 -2.52 1.000  00  01O000M000  0.036
HIS01A0128_001  0.000 -0.07  0.44  0.40  0.00  0.77 1.000  00  01O000M000  0.000
HIS02A0128_002  0.000 -0.09  0.57  0.40  0.00  0.88 1.000  00  02O000M000  0.000
HIS+1A0128_003  1.000 -0.11  0.41  0.40  0.00  0.69 1.000  00  +1O000M000  0.000
ARG01A0129_001  0.000 -1.09 -0.99  3.25  0.00  1.17 1.000  00  01O000M000  0.279
ARG02A0129_002  0.000 -1.03 -0.97  3.25  0.00  1.25 1.000  00  02O000M000  0.279
ARG03A0129_003  0.000 -1.11 -0.99  3.25  0.00  1.14 1.000  00  03O000M000  0.279
ARG03A0129_004  0.000 -1.11 -0.99  3.25  0.00  1.15 1.000  00  03O000M000  0.279
ARG+1A0129_005  1.000 -1.15 -0.99  3.25  0.00  1.10 1.000  00  +1O000M000  0.279
ASP01A0130_001  0.000 -0.79  0.47  3.67  0.00  3.35 1.000  00  01O000M000  0.209
ASP01A0130_002  0.000 -0.79  0.47  0.95  0.00  0.63 1.000  00  01O000M000  0.209
ASP02A0130_003  0.000 -0.76  1.02  3.67  0.00  3.93 1.000  00  02O000M000  0.188
ASP02A0130_004  0.000 -0.76  1.02  0.95  0.00  1.21 1.000  00  02O000M000  0.188
ASP-1A0130_005 -1.000 -0.80  0.53  0.95  0.00  0.68 1.000  00  -1O000M000  0.202
VAL01A0131_001  0.000  0.56 -3.53  0.00  0.00 -2.97 1.000  00  01O000M000  0.000
LYS01A0132_001  0.000 -1.04 -4.09  1.33  0.00 -3.80 1.000  00  01O000M000  0.172
LYS+1A0132_002  1.000 -1.09 -4.10  1.33  0.00 -3.85 1.000  00  +1O000M000  0.172
PRO01A0133_001  0.000  0.25 -4.09  0.00  0.00 -3.84 1.000  00  01O000M000  0.005
SER01A0134_001  0.000 -1.94 -0.55  0.89  0.00 -1.61 0.666  00  01O000M000  0.331
ASN01A0135_001  0.000 -0.33 -1.82  0.31  0.00 -1.83 1.000  00  01O000M000  0.150
ILE01A0136_001  0.000  1.31 -5.30  0.57  0.00 -3.42 1.000  00  01O000M000  0.000
LEU01A0137_001  0.000  0.75 -6.29  1.53  0.00 -4.02 1.000  00  01O000M000  0.126
VAL01A0138_001  0.000  0.54 -4.49  0.07  0.00 -3.88 1.000  00  01O000M000  0.000
ASN01A0139_001  0.000  0.26 -4.87  0.44  0.00 -4.17 1.000  00  01O000M000  0.043
SER01A0140_001  0.000 -1.06 -0.33  0.51  0.00 -0.88 0.670  00  01O000M000  0.184
SER01A0140_002  0.000 -1.06 -0.33  0.51  0.00 -0.88 0.670  00  01O000M000  0.184
SER01A0140_003  0.000 -1.06 -0.33  0.14  0.00 -1.25 0.670  00  01O000M000  0.184
ARG01A0141_001  0.000 -7.79 -1.48  0.58  0.00 -8.69 1.000  00  01O000M000  0.622
ARG02A0141_002  0.000 -7.85 -1.49  0.58  0.00 -8.76 1.000  00  02O000M000  0.622
ARG03A0141_003  0.000 -7.79 -1.49  0.58  0.00 -8.70 1.000  00  03O000M000  0.622
ARG+1A0141_004  1.000 -7.89 -1.50  0.58  0.00 -8.81 1.000  00  +1O000M000  0.622
GLU01A0143_001  0.000 -0.23 -2.90  3.23  0.00  0.11 1.000  00  01O000M000  0.275
GLU01A0143_002  0.000 -0.23 -2.90  0.51  0.00 -2.61 1.000  00  01O000M000  0.275
GLU02A0143_003  0.000  0.05 -2.92  3.23  0.00  0.37 1.000  00  02O000M000  0.278
GLU02A0143_004  0.000  0.05 -2.92  0.51  0.00 -2.35 1.000  00  02O000M000  0.278
GLU-1A0143_005 -1.000 -0.22 -2.87  0.51  0.00 -2.58 1.000  00  -1O000M000  0.267
ILE01A0144_001  0.000  1.70 -3.95  1.00  0.00 -1.25 1.000  00  01O000M000  0.013
LYS01A0145_001  0.000 -0.04 -6.60  1.20  0.00 -5.44 1.000  00  01O000M000  0.066
LYS+1A0145_002  1.000 -0.08 -6.62  1.20  0.00 -5.50 1.000  00  +1O000M000  0.066
LEU01A0146_001  0.000  2.38 -7.26  0.48  0.00 -4.41 1.000  00  01O000M000  0.000
CYS01A0147_001  0.000 -0.43 -2.11  0.13  0.00 -2.41 1.000  00  01O000M000  0.057
CYS01A0147_002  0.000 -0.43 -2.06  0.13  0.00 -2.37 1.000  00  01O000M000  0.057
CYS01A0147_003  0.000 -0.43 -1.99  0.13  0.00 -2.30 1.000  00  01O000M000  0.057
CYS-1A0147_004 -1.000 -0.43 -1.96  0.13  0.00 -2.26 1.000  00  -1O000M000  0.057
ASP01A0148_001  0.000 -0.69  3.15  2.87  0.00  5.33 1.000  00  01O000M000  0.186
ASP01A0148_002  0.000 -0.69  3.15  0.15  0.00  2.61 1.000  00  01O000M000  0.186
ASP02A0148_003  0.000 -0.62  2.28  2.87  0.00  4.53 1.000  00  02O000M000  0.185
ASP02A0148_004  0.000 -0.62  2.28  0.15  0.00  1.81 1.000  00  02O000M000  0.185
ASP-1A0148_005 -1.000 -0.64  2.33  0.15  0.00  1.83 1.000  00  -1O000M000  0.177
PHE01A0149_001  0.000  4.24 -7.55  0.39  0.00 -2.93 1.000  00  01O000M000  0.013
VAL01A0151_001  0.000  0.65 -0.46  2.59  0.00  2.77 1.000  00  01O000M000  0.005
SER01A0152_001  0.000  0.00 -2.99  1.11  0.00 -1.88 0.664  00  01O000M000  0.000
SER01A0152_002  0.000  0.00 -2.99  1.11  0.00 -1.88 0.664  00  01O000M000  0.000
SER01A0152_003  0.000  0.00 -2.99  0.74  0.00 -2.26 0.664  00  01O000M000  0.000
GLN01A0154_001  0.000 -1.38 -3.38  1.98  0.00 -2.78 1.000  00  01O000M000  0.373
LEU01A0155_001  0.000  0.79 -2.75  0.49  0.00 -1.47 1.000  00  01O000M000  0.062
ILE01A0156_001  0.000 -0.33  5.48  1.28  0.00  6.44 1.000  00  01O000M000  0.159
ASP01A0157_001  0.000 -2.33 -3.29  3.29  0.00 -2.34 1.000  00  01O000M000  0.572
ASP01A0157_002  0.000 -2.33 -3.29  0.57  0.00 -5.06 1.000  00  01O000M000  0.572
ASP02A0157_003  0.000 -2.29 -3.40  3.29  0.00 -2.41 1.000  00  02O000M000  0.581
ASP02A0157_004  0.000 -2.29 -3.40  0.57  0.00 -5.13 1.000  00  02O000M000  0.581
ASP-1A0157_005 -1.000 -2.31 -3.37  0.57  0.00 -5.11 1.000  00  -1O000M000  0.580
SER01A0158_001  0.000 -0.12 -0.24  0.55  0.00  0.19 0.668  00  01O000M000  0.019
SER01A0158_002  0.000 -0.12 -0.24  0.55  0.00  0.19 0.668  00  01O000M000  0.019
MET01A0159_001  0.000 -1.59 -2.84  0.22  0.00 -4.21 1.000  00  01O000M000  0.228
ALA01A0160_001  0.000 -3.04 -0.98  0.00  0.00 -4.02 1.000  00  01O000M000  0.536
ASN01A0161_001  0.000 -1.17  1.17  0.42  0.00  0.42 1.000  00  01O000M000  0.323
SER01A0162_001  0.000 -3.94  2.81  0.48  0.00 -0.65 0.661  00  01O000M000  0.690
PHE01A0163_001  0.000 -4.25 -3.41  0.14  0.00 -7.52 1.000  00  01O000M000  0.596
VAL01A0164_001  0.000 -0.23999.00  0.36  0.00999.00 1.000  00  01O000M000  0.091
THR01A0166_001  0.000 -3.64 -1.52  1.15  0.00 -4.01 0.669  00  01O000M000  0.444
ARG01A0167_001  0.000 -2.16 -2.20  1.04  0.00 -3.32 1.000  00  01O000M000  0.344
ARG02A0167_002  0.000 -2.21 -2.21  1.04  0.00 -3.38 1.000  00  02O000M000  0.344
ARG02A0167_003  0.000 -2.18 -2.20  1.04  0.00 -3.34 1.000  00  02O000M000  0.344
ARG03A0167_004  0.000 -2.22 -2.21  1.04  0.00 -3.39 1.000  00  03O000M000  0.344
ARG03A0167_005  0.000 -2.22 -2.21  1.04  0.00 -3.38 1.000  00  03O000M000  0.344
ARG+1A0167_006  1.000 -2.26 -2.21  1.04  0.00 -3.43 1.000  00  +1O000M000  0.344
SER01A0168_001  0.000 -0.06 -1.74  0.38  0.00 -1.42 0.670  00  01O000M000  0.010
SER01A0168_002  0.000 -0.06 -1.74  0.01  0.00 -1.80 0.670  00  01O000M000  0.010
TYR01A0169_001  0.000  3.53 -6.54  0.03  0.00 -2.98 1.000  00  01O000M000  0.050
TYR01A0169_002  0.000  3.53 -6.54  0.03  0.00 -2.98 1.000  00  01O000M000  0.050
TYR-1A0169_003 -1.000  3.53 -6.54  0.03  0.00 -2.98 1.000  00  -1O000M000  0.050
MET01A0170_001  0.000 -1.77 -2.96  1.17  0.00 -3.56 1.000  00  01O000M000  0.172
SER01A0171_001  0.000  0.00 -3.18  0.65  0.00 -2.53 0.666  00  01O000M000  0.000
SER01A0171_002  0.000  0.00 -3.18  0.65  0.00 -2.53 0.666  00  01O000M000  0.000
SER01A0171_003  0.000  0.00 -3.18  0.28  0.00 -2.90 0.666  00  01O000M000  0.000
PRO01A0172_001  0.000  0.19 -3.36  0.00  0.00 -3.17 1.000  00  01O000M000  0.011
GLU01A0173_001  0.000  1.04 -1.42  5.90  0.00  5.52 1.000  00  01O000M000  0.043
GLU01A0173_002  0.000  1.04 -1.42  3.18  0.00  2.80 1.000  00  01O000M000  0.043
GLU02A0173_003  0.000  0.91 -1.45  5.90  0.00  5.37 1.000  00  02O000M000  0.045
GLU02A0173_004  0.000  0.91 -1.45  3.18  0.00  2.65 1.000  00  02O000M000  0.045
GLU-1A0173_005 -1.000  0.80 -1.31  3.18  0.00  2.67 1.000  00  -1O000M000  0.047
ARG01A0174_001  0.000  0.90 -3.97  3.37  0.00  0.30 1.000  00  01O000M000  0.103
ARG02A0174_002  0.000  0.86 -3.94  3.37  0.00  0.29 1.000  00  02O000M000  0.103
ARG03A0174_003  0.000  0.86 -3.98  3.37  0.00  0.25 1.000  00  03O000M000  0.103
ARG+1A0174_004  1.000  0.81 -3.98  3.37  0.00  0.20 1.000  00  +1O000M000  0.103
LEU01A0175_001  0.000  1.56 -5.06  1.19  0.00 -2.31 1.000  00  01O000M000  0.040
GLN01A0176_001  0.000 -1.49 -3.09  1.93  0.00 -2.65 1.000  00  01O000M000  0.482
THR01A0178_001  0.000 -6.87 -0.55  0.41  0.00 -7.01 0.663  00  01O000M000  0.794
HIS01A0179_001  0.000 -9.22 -1.75  0.03  0.00-10.94 1.000  00  01O000M000  0.814
HIS02A0179_002  0.000 -9.24 -1.77  0.03  0.00-10.97 1.000  00  02O000M000  0.814
HIS+1A0179_003  1.000 -9.26 -1.77  0.03  0.00-11.01 1.000  00  +1O000M000  0.814
TYR01A0180_001  0.000  1.76 -7.67  0.09  0.00 -5.82 1.000  00  01O000M000  0.162
TYR01A0180_002  0.000  1.76 -7.67  0.09  0.00 -5.82 1.000  00  01O000M000  0.162
TYR-1A0180_003 -1.000  1.76 -7.67  0.09  0.00 -5.82 1.000  00  -1O000M000  0.162
SER01A0181_001  0.000 -3.62  2.44  0.54  0.00 -0.65 0.665  00  01O000M000  0.577
SER01A0181_002  0.000 -3.62  2.44  0.16  0.00 -1.02 0.665  00  01O000M000  0.577
VAL01A0182_001  0.000 -1.32 -0.77  0.04  0.00 -2.05 1.000  00  01O000M000  0.197
GLN01A0183_001  0.000 -0.11 -4.13  1.58  0.00 -2.66 1.000  00  01O000M000  0.117
SER01A0184_001  0.000 -0.10  0.64  3.06  0.00  3.60 0.665  00  01O000M000  0.016
SER01A0184_002  0.000 -0.10  0.64  3.06  0.00  3.60 0.665  00  01O000M000  0.016
ASP01A0185_001  0.000  0.11 -4.07  2.90  0.00 -1.06 1.000  00  01O000M000  0.008
ASP01A0185_002  0.000  0.11 -4.07  0.18  0.00 -3.78 1.000  00  01O000M000  0.008
ASP02A0185_003  0.000  0.20 -4.01  2.90  0.00 -0.91 1.000  00  02O000M000  0.008
ASP02A0185_004  0.000  0.20 -4.01  0.18  0.00 -3.63 1.000  00  02O000M000  0.008
ASP-1A0185_005 -1.000  0.10 -4.33  0.18  0.00 -4.05 1.000  00  -1O000M000  0.008
ILE01A0186_001  0.000  0.79 -3.48  0.41  0.00 -2.29 1.000  00  01O000M000  0.000
TRP01A0187_001  0.000  2.68-10.34  0.22  0.00 -7.44 1.000  00  01O000M000  0.000
SER01A0188_001  0.000 -0.30  1.42  0.38  0.00  1.49 0.670  00  01O000M000  0.049
SER01A0188_002  0.000 -0.30  1.42  0.00  0.00  1.12 0.670  00  01O000M000  0.049
MET01A0189_001  0.000  0.58 -4.81  0.10  0.00 -4.13 1.000  00  01O000M000  0.000
LEU01A0191_001  0.000  2.18 -3.79  1.06  0.00 -0.56 1.000  00  01O000M000  0.000
SER01A0192_001  0.000  0.00 -1.29  0.38  0.00 -0.91 0.677  00  01O000M000  0.000
SER01A0192_002  0.000  0.00 -1.29  0.38  0.00 -0.91 0.677  00  01O000M000  0.000
SER01A0192_003  0.000  0.00 -1.29  0.00  0.00 -1.28 0.677  00  01O000M000  0.000
LEU01A0193_001  0.000  2.13 -4.96  0.48  0.00 -2.35 1.000  00  01O000M000  0.000
VAL01A0194_001  0.000  0.67 -2.10  0.00  0.00 -1.42 1.000  00  01O000M000  0.000
GLU01A0195_001  0.000  0.74 -2.51  3.03  0.00  1.26 1.000  00  01O000M000  0.032
GLU01A0195_002  0.000  0.74 -2.51  0.31  0.00 -1.46 1.000  00  01O000M000  0.032
GLU02A0195_003  0.000  0.94 -2.52  3.03  0.00  1.45 1.000  00  02O000M000  0.030
GLU02A0195_004  0.000  0.94 -2.52  0.31  0.00 -1.27 1.000  00  02O000M000  0.030
GLU-1A0195_005 -1.000  0.67 -2.43  0.31  0.00 -1.46 1.000  00  -1O000M000  0.031
MET01A0196_001  0.000  0.51 -5.41  0.22  0.00 -4.68 1.000  00  01O000M000  0.000
ALA01A0197_001  0.000  0.00 -1.28  0.00  0.00 -1.28 1.000  00  01O000M000  0.000
VAL01A0198_001  0.000  0.67 -0.66  0.02  0.00  0.04 1.000  00  01O000M000  0.000
ARG01A0200_001  0.000 -1.74 -2.35  3.26  0.00 -0.83 1.000  00  01O000M000  0.283
ARG02A0200_002  0.000 -1.78 -2.41  3.26  0.00 -0.93 1.000  00  02O000M000  0.283
ARG03A0200_003  0.000 -1.78 -2.31  3.26  0.00 -0.83 1.000  00  03O000M000  0.283
ARG+1A0200_004  1.000 -1.83 -2.42  3.26  0.00 -0.99 1.000  00  +1O000M000  0.283
TYR01A0201_001  0.000  3.55 -7.39  0.00  0.00 -3.83 1.000  00  01O000M000  0.048
TYR01A0201_002  0.000  3.55 -7.39  0.00  0.00 -3.83 1.000  00  01O000M000  0.048
TYR-1A0201_003 -1.000  3.55 -7.39  0.00  0.00 -3.83 1.000  00  -1O000M000  0.048
PRO01A0202_001  0.000  0.13 -2.39  0.00  0.00 -2.26 1.000  00  01O000M000  0.016
ILE01A0203_001  0.000  1.31 -1.88  0.65  0.00  0.08 1.000  00  01O000M000  0.000
PRO01A0204_001  0.000 -3.12 -1.62  0.00  0.00 -4.75 1.000  00  01O000M000  0.351
PRO01A0205_001  0.000 -2.78 -2.47  0.00  0.00 -5.25 1.000  00  01O000M000  0.316
PRO01A0206_001  0.000 -0.02 -2.51  0.00  0.00 -2.53 1.000  00  01O000M000  0.032
ASP01A0207_001  0.000 -2.10 -2.23  3.65  0.00 -0.69 1.000  00  01O000M000  0.587
ASP01A0207_002  0.000 -2.10 -2.23  0.93  0.00 -3.41 1.000  00  01O000M000  0.587
ASP02A0207_003  0.000 -2.04 -2.48  3.65  0.00 -0.87 1.000  00  02O000M000  0.600
ASP02A0207_004  0.000 -2.04 -2.48  0.93  0.00 -3.59 1.000  00  02O000M000  0.600
ASP-1A0207_005 -1.000 -2.02 -2.43  0.93  0.00 -3.52 1.000  00  -1O000M000  0.580
ALA01A0208_001  0.000 -4.48 -0.21  0.00  0.00 -4.69 1.000  00  01O000M000  0.813
LYS01A0209_001  0.000 -8.90 -1.04  1.56  0.00 -8.38 1.000  00  01O000M000  0.785
LYS+1A0209_002  1.000 -8.95 -1.04  1.56  0.00 -8.43 1.000  00  +1O000M000  0.785
GLU01A0210_001  0.000 -1.01 -2.97  6.63  0.00  2.65 1.000  00  01O000M000  0.337
GLU01A0210_002  0.000 -1.01 -2.97  3.91  0.00 -0.07 1.000  00  01O000M000  0.337
GLU02A0210_003  0.000 -0.86 -3.13  6.63  0.00  2.65 1.000  00  02O000M000  0.302
GLU02A0210_004  0.000 -0.86 -3.13  3.91  0.00 -0.07 1.000  00  02O000M000  0.302
GLU-1A0210_005 -1.000 -1.05 -3.07  3.91  0.00 -0.21 1.000  00  -1O000M000  0.324
LEU01A0211_001  0.000 -1.13 -5.25  0.83  0.00 -5.55 1.000  00  01O000M000  0.251
GLU01A0212_001  0.000 -1.77 -2.96  3.50  0.00 -1.24 1.000  00  01O000M000  0.700
GLU01A0212_002  0.000 -1.77 -2.96  0.78  0.00 -3.96 1.000  00  01O000M000  0.700
GLU02A0212_003  0.000 -2.22 -2.92  3.50  0.00 -1.64 1.000  00  02O000M000  0.720
GLU02A0212_004  0.000 -2.22 -2.92  0.78  0.00 -4.36 1.000  00  02O000M000  0.720
GLU-1A0212_005 -1.000 -2.12 -2.89  0.78  0.00 -4.24 1.000  00  -1O000M000  0.704
LEU01A0213_001  0.000 -3.95 -4.99  1.99  0.00 -6.94 1.000  00  01O000M000  0.478
MET01A0214_001  0.000 -0.89 -5.93  1.81  0.00 -5.01 1.000  00  01O000M000  0.093
PHE01A0215_001  0.000  3.23 -5.43  1.29  0.00 -0.91 1.000  00  01O000M000  0.085
CYS01A0217_001  0.000 -1.12  6.88  2.19  0.00  7.95 1.000  00  01O000M000  0.153
CYS01A0217_002  0.000 -1.12  6.96  2.19  0.00  8.03 1.000  00  01O000M000  0.153
CYS01A0217_003  0.000 -1.12  6.97  2.19  0.00  8.04 1.000  00  01O000M000  0.153
CYS-1A0217_004 -1.000 -1.12  7.01  2.19  0.00  8.08 1.000  00  -1O000M000  0.153
GLN01A0218_001  0.000  8.26999.00  5.25  0.00999.00 1.000  00  01O000M000  0.531
VAL01A0219_001  0.000  3.40999.00  2.80  0.00999.00 1.000  00  01O000M000  0.394
GLU01A0220_001  0.000 -2.14192.30  7.54  0.00197.69 1.000  00  01O000M000  0.569
GLU01A0220_002  0.000 -2.14192.30  4.82  0.00194.97 1.000  00  01O000M000  0.569
GLU02A0220_003  0.000 -2.06192.91  7.54  0.00198.38 1.000  00  02O000M000  0.576
GLU02A0220_004  0.000 -2.06192.91  4.82  0.00195.66 1.000  00  02O000M000  0.576
GLU-1A0220_005 -1.000 -2.19192.34  4.82  0.00194.96 1.000  00  -1O000M000  0.575
ASP01A0222_001  0.000 -1.31 54.37  2.73  0.00 55.79 1.000  00  01O000M000  0.453
ASP01A0222_002  0.000 -1.31 54.37  0.01  0.00 53.07 1.000  00  01O000M000  0.453
ASP02A0222_003  0.000 -1.51 57.29  2.73  0.00 58.51 1.000  00  02O000M000  0.449
ASP02A0222_004  0.000 -1.51 57.29  0.01  0.00 55.79 1.000  00  02O000M000  0.449
ASP-1A0222_005 -1.000 -1.51 54.45  0.01  0.00 52.96 1.000  00  -1O000M000  0.455
ALA01A0223_001  0.000 -3.82  7.65  0.00  0.00  3.83 1.000  00  01O000M000  0.726
ALA01A0224_001  0.000 -3.50  6.72  0.00  0.00  3.22 1.000  00  01O000M000  0.654
GLU01A0225_001  0.000 -2.76 57.23  5.91  0.00 60.38 1.000  00  01O000M000  0.644
GLU01A0225_002  0.000 -2.76 57.23  3.19  0.00 57.66 1.000  00  01O000M000  0.644
GLU02A0225_003  0.000 -2.84 61.20  5.91  0.00 64.26 1.000  00  02O000M000  0.650
GLU02A0225_004  0.000 -2.84 61.20  3.19  0.00 61.54 1.000  00  02O000M000  0.650
GLU-1A0225_005 -1.000 -2.81 55.44  3.19  0.00 55.82 1.000  00  -1O000M000  0.653
THR01A0226_001  0.000 -3.33  0.26  1.79  0.00 -1.28 0.668  00  01O000M000  0.396
THR01A0226_002  0.000 -3.33  0.26  1.41  0.00 -1.66 0.668  00  01O000M000  0.396
PRO01A0227_001  0.000 -0.63 -1.09  0.00  0.00 -1.72 1.000  00  01O000M000  0.069
PRO01A0228_001  0.000 -1.38999.00  0.00  0.00999.00 1.000  00  01O000M000  0.156
ARG01A0229_001  0.000 -7.12229.04 22.16  0.00244.08 1.000  00  01O000M000  0.483
ARG02A0229_002  0.000 -7.16229.00 22.16  0.00244.00 1.000  00  02O000M000  0.483
ARG02A0229_003  0.000 -7.14229.08 22.16  0.00244.10 1.000  00  02O000M000  0.483
ARG03A0229_004  0.000 -7.16228.97 22.16  0.00243.97 1.000  00  03O000M000  0.483
ARG03A0229_005  0.000 -7.15228.97 22.16  0.00243.98 1.000  00  03O000M000  0.483
ARG+1A0229_006  1.000 -7.20228.97 22.16  0.00243.92 1.000  00  +1O000M000  0.483
PRO01A0230_001  0.000 -1.91716.73  0.00  0.00714.82 1.000  00  01O000M000  0.202
ARG01A0231_001  0.000-11.61999.00 16.28  0.00999.00 1.000  00  01O000M000  0.702
ARG02A0231_002  0.000-11.64999.00 16.28  0.00999.00 1.000  00  02O000M000  0.702
ARG03A0231_003  0.000-11.60999.00 16.28  0.00999.00 1.000  00  03O000M000  0.702
ARG+1A0231_004  1.000-11.67999.00 16.28  0.00999.00 1.000  00  +1O000M000  0.702
THR01A0232_001  0.000 -3.10 12.87  0.60  0.00 10.37 0.663  00  01O000M000  0.405
THR01A0232_002  0.000 -3.10 12.87  0.60  0.00 10.37 0.663  00  01O000M000  0.405
THR01A0232_003  0.000 -3.10 12.87  0.23  0.00  9.99 0.663  00  01O000M000  0.405
PRO01A0233_001  0.000 -1.56999.00  0.00  0.00999.00 1.000  00  01O000M000  0.184
ARG01A0235_001  0.000999.00 -4.22  3.99  0.00999.00 1.000  00  01O000M000  0.265
ARG02A0235_002  0.000999.00 -4.18  3.99  0.00999.00 1.000  00  02O000M000  0.265
ARG02A0235_003  0.000999.00 -4.27  3.99  0.00999.00 1.000  00  02O000M000  0.265
ARG03A0235_004  0.000999.00 -4.21  3.99  0.00999.00 1.000  00  03O000M000  0.265
ARG+1A0235_005  1.000999.00 -4.23  3.99  0.00999.00 1.000  00  +1O000M000  0.265
PRO01A0236_001  0.000 -4.10 95.62  0.00  0.00 91.52 1.000  00  01O000M000  0.487
LEU01A0237_001  0.000  3.32 10.41  3.13  0.00 16.86 1.000  00  01O000M000  0.472
SER01A0238_001  0.000 -1.75  0.71  2.34  0.00  1.30 0.667  00  01O000M000  0.301
SER01A0238_002  0.000 -1.75  0.71  1.97  0.00  0.93 0.667  00  01O000M000  0.301
SER01A0239_001  0.000 -1.78635.19  0.89  0.00634.30 0.658  00  01O000M000  0.283
TYR01A0240_001  0.000999.00999.00  1.36  0.00999.00 1.000  00  01O000M000  0.504
TYR01A0240_002  0.000 97.47999.00  1.36  0.00999.00 1.000  00  01O000M000  0.504
TYR-1A0240_003 -1.000 97.47999.00  1.36  0.00999.00 1.000  00  -1O000M000  0.504
MET01A0242_001  0.000 -6.91999.00  5.79  0.00999.00 1.000  00  01O000M000  0.558
ASP01A0243_001  0.000 -2.13 36.33  5.25  0.00 39.45 1.000  00  01O000M000  0.547
ASP01A0243_002  0.000 -2.13 36.33  2.53  0.00 36.73 1.000  00  01O000M000  0.547
ASP02A0243_003  0.000 -2.01 36.00  5.25  0.00 39.24 1.000  00  02O000M000  0.550
ASP02A0243_004  0.000 -2.01 36.00  2.53  0.00 36.52 1.000  00  02O000M000  0.550
ASP-1A0243_005 -1.000 -2.06 36.06  2.53  0.00 36.53 1.000  00  -1O000M000  0.539
SER01A0244_001  0.000 -4.13  1.40  0.53  0.00 -2.20 0.669  00  01O000M000  0.661
SER01A0244_002  0.000 -4.13  1.40  0.53  0.00 -2.20 0.669  00  01O000M000  0.661
ARG01A0245_001  0.000 -5.32999.00 24.60  0.00999.00 1.000  00  01O000M000  0.591
ARG02A0245_002  0.000 -5.34999.00 24.60  0.00999.00 1.000  00  02O000M000  0.591
ARG03A0245_003  0.000 -5.34999.00 24.60  0.00999.00 1.000  00  03O000M000  0.591
ARG+1A0245_004  1.000 -5.38999.00 24.60  0.00999.00 1.000  00  +1O000M000  0.591
PRO01A0246_001  0.000 -3.21559.21  0.00  0.00556.00 1.000  00  01O000M000  0.351
PRO01A0247_001  0.000 -4.08  5.02  0.00  0.00  0.95 1.000  00  01O000M000  0.445
MET01A0248_001  0.000 -0.58 -4.57  2.88  0.00 -2.27 1.000  00  01O000M000  0.059
ALA01A0249_001  0.000 -3.16 -0.71  0.00  0.00 -3.86 1.000  00  01O000M000  0.588
ILE01A0250_001  0.000 -5.35 -0.59  2.32  0.00 -3.62 1.000  00  01O000M000  0.526
PHE01A0251_001  0.000 -6.35 -3.08  0.00  0.00 -9.43 1.000  00  01O000M000  0.765
GLU01A0252_001  0.000 -1.54 -2.53  5.05  0.00  0.98 1.000  00  01O000M000  0.545
GLU01A0252_002  0.000 -1.54 -2.53  2.33  0.00 -1.74 1.000  00  01O000M000  0.545
GLU02A0252_003  0.000 -1.40 -2.56  5.05  0.00  1.10 1.000  00  02O000M000  0.550
GLU02A0252_004  0.000 -1.40 -2.56  2.33  0.00 -1.62 1.000  00  02O000M000  0.550
GLU-1A0252_005 -1.000 -1.61 -2.49  2.33  0.00 -1.77 1.000  00  -1O000M000  0.549
LEU01A0253_001  0.000  1.94 -7.16  0.85  0.00 -4.37 1.000  00  01O000M000  0.000
LEU01A0254_001  0.000 -1.08 -0.94  0.42  0.00 -1.60 1.000  00  01O000M000  0.197
ASP01A0255_001  0.000 -1.63 -1.67  3.81  0.00  0.51 1.000  00  01O000M000  0.449
ASP01A0255_002  0.000 -1.63 -1.67  1.09  0.00 -2.21 1.000  00  01O000M000  0.449
ASP02A0255_003  0.000 -1.59 -1.79  3.81  0.00  0.42 1.000  00  02O000M000  0.456
ASP02A0255_004  0.000 -1.59 -1.79  1.09  0.00 -2.30 1.000  00  02O000M000  0.456
ASP-1A0255_005 -1.000 -1.62 -1.73  1.09  0.00 -2.26 1.000  00  -1O000M000  0.455
TYR01A0256_001  0.000  1.76 -6.68  0.53  0.00 -4.40 1.000  00  01O000M000  0.143
TYR-1A0256_002 -1.000  1.76 -6.68  0.53  0.00 -4.40 1.000  00  -1O000M000  0.143
ILE01A0257_001  0.000  0.83 -3.51  0.47  0.00 -2.21 1.000  00  01O000M000  0.000
VAL01A0258_001  0.000 -0.42 -0.34  0.08  0.00 -0.69 1.000  00  01O000M000  0.114
ASN01A0259_001  0.000 -1.85 -2.57  0.70  0.00 -3.72 1.000  00  01O000M000  0.529
GLU01A0260_001  0.000 -1.51 -0.37  4.03  0.00  2.15 1.000  00  01O000M000  0.535
GLU01A0260_002  0.000 -1.51 -0.37  1.31  0.00 -0.57 1.000  00  01O000M000  0.535
GLU02A0260_003  0.000 -1.69 -0.46  4.03  0.00  1.88 1.000  00  02O000M000  0.549
GLU02A0260_004  0.000 -1.69 -0.46  1.31  0.00 -0.84 1.000  00  02O000M000  0.549
GLU-1A0260_005 -1.000 -1.63 -0.43  1.31  0.00 -0.75 1.000  00  -1O000M000  0.542
PRO01A0261_001  0.000 -5.31 -1.87  0.00  0.00 -7.18 1.000  00  01O000M000  0.584
PRO01A0262_001  0.000 -1.70 -1.78  0.00  0.00 -3.48 1.000  00  01O000M000  0.210
PRO01A0263_001  0.000  0.24 -2.59  0.00  0.00 -2.35 1.000  00  01O000M000  0.007
LYS01A0264_001  0.000 -7.59 -1.97  1.35  0.00 -8.21 1.000  00  01O000M000  0.675
LYS+1A0264_002  1.000 -7.64 -1.97  1.35  0.00 -8.26 1.000  00  +1O000M000  0.675
LEU01A0265_001  0.000  2.41 -0.07  2.93  0.00  5.26 1.000  00  01O000M000  0.000
PRO01A0266_001  0.000  0.12 -2.13  0.00  0.00 -2.02 1.000  00  01O000M000  0.016
SER01A0267_001  0.000 -4.11 -0.61  1.13  0.00 -3.59 0.667  00  01O000M000  0.665
VAL01A0269_001  0.000 -1.20  0.13  0.74  0.00 -0.32 1.000  00  01O000M000  0.179
PHE01A0270_001  0.000  4.02 -4.62  0.00  0.00 -0.60 1.000  00  01O000M000  0.021
SER01A0271_001  0.000 -1.51 -1.31  1.35  0.00 -1.47 0.748  00  01O000M000  0.249
SER01A0271_002  0.000 -1.51 -1.31  1.35  0.00 -1.47 0.748  00  01O000M000  0.249
SER01A0271_003  0.000 -1.51 -1.31  0.98  0.00 -1.84 0.748  00  01O000M000  0.249
LEU01A0272_001  0.000 -7.14 -1.55  0.52  0.00 -8.17 1.000  00  01O000M000  0.748
GLU01A0273_001  0.000 -0.56 -2.89  5.45  0.00  2.01 1.000  00  01O000M000  0.466
GLU01A0273_002  0.000 -0.56 -2.89  2.73  0.00 -0.71 1.000  00  01O000M000  0.466
GLU02A0273_003  0.000 -0.84 -2.96  5.45  0.00  1.65 1.000  00  02O000M000  0.459
GLU02A0273_004  0.000 -0.84 -2.96  2.73  0.00 -1.07 1.000  00  02O000M000  0.459
GLU-1A0273_005 -1.000 -0.80 -2.93  2.73  0.00 -0.99 1.000  00  -1O000M000  0.460
PHE01A0274_001  0.000  3.84 -4.11  0.35  0.00  0.08 1.000  00  01O000M000  0.000
GLN01A0275_001  0.000  0.13 -5.09  0.92  0.00 -4.03 1.000  00  01O000M000  0.162
ASP01A0276_001  0.000 -1.73 -2.93  3.66  0.00 -1.00 1.000  00  01O000M000  0.469
ASP01A0276_002  0.000 -1.73 -2.93  0.94  0.00 -3.72 1.000  00  01O000M000  0.469
ASP02A0276_003  0.000 -1.66 -3.05  3.66  0.00 -1.04 1.000  00  02O000M000  0.467
ASP02A0276_004  0.000 -1.66 -3.05  0.94  0.00 -3.76 1.000  00  02O000M000  0.467
ASP-1A0276_005 -1.000 -1.74 -3.00  0.94  0.00 -3.80 1.000  00  -1O000M000  0.479
PHE01A0277_001  0.000  4.34 -6.14  0.00  0.00 -1.79 1.000  00  01O000M000  0.000
VAL01A0278_001  0.000  0.60 -3.79  0.11  0.00 -3.09 1.000  00  01O000M000  0.000
ASN01A0279_001  0.000 -1.20 -2.82  0.42  0.00 -3.60 1.000  00  01O000M000  0.311
LYS01A0280_001  0.000 -3.64  0.67  1.45  0.00 -1.52 1.000  00  01O000M000  0.346
LYS+1A0280_002  1.000 -3.72  0.66  1.45  0.00 -1.61 1.000  00  +1O000M000  0.346
CYS01A0281_001  0.000 -0.00 -4.69  0.35  0.00 -4.35 1.000  00  01O000M000  0.000
CYS01A0281_002  0.000 -0.00 -4.75  0.35  0.00 -4.40 1.000  00  01O000M000  0.000
CYS01A0281_003  0.000 -0.00 -4.69  0.35  0.00 -4.35 1.000  00  01O000M000  0.000
CYS-1A0281_004 -1.000  0.00 -4.64  0.35  0.00 -4.30 1.000  00  -1O000M000  0.000
LEU01A0282_001  0.000  1.92 -5.03  0.46  0.00 -2.65 1.000  00  01O000M000  0.000
ILE01A0283_001  0.000 -0.55 -1.61  1.34  0.00 -0.82 1.000  00  01O000M000  0.181
LYS01A0284_001  0.000 -0.17 -2.96  1.97  0.00 -1.16 1.000  00  01O000M000  0.240
LYS+1A0284_002  1.000 -0.22 -2.99  1.97  0.00 -1.24 1.000  00  +1O000M000  0.240
ASN01A0285_001  0.000 -2.30 -1.34  0.50  0.00 -3.14 1.000  00  01O000M000  0.577
PRO01A0286_001  0.000 -1.99 -1.59  0.00  0.00 -3.58 1.000  00  01O000M000  0.247
ALA01A0287_001  0.000 -4.15 -0.40  0.00  0.00 -4.56 1.000  00  01O000M000  0.763
GLU01A0288_001  0.000 -2.81 -2.28  4.93  0.00 -0.16 1.000  00  01O000M000  0.749
GLU01A0288_002  0.000 -2.81 -2.28  2.21  0.00 -2.88 1.000  00  01O000M000  0.749
GLU02A0288_003  0.000 -2.75 -2.30  4.93  0.00 -0.12 1.000  00  02O000M000  0.756
GLU02A0288_004  0.000 -2.75 -2.30  2.21  0.00 -2.84 1.000  00  02O000M000  0.756
GLU-1A0288_005 -1.000 -2.73 -2.26  2.21  0.00 -2.78 1.000  00  -1O000M000  0.729
ARG01A0289_001  0.000  4.63  5.03  2.69  0.00 12.34 1.000  00  01O000M000  0.000
ARG02A0289_002  0.000  4.58  4.99  2.69  0.00 12.26 1.000  00  02O000M000  0.000
ARG02A0289_003  0.000  4.64  4.83  2.69  0.00 12.16 1.000  00  02O000M000  0.000
ARG03A0289_004  0.000  4.58  4.97  2.69  0.00 12.23 1.000  00  03O000M000  0.000
ARG03A0289_005  0.000  4.58  5.10  2.69  0.00 12.37 1.000  00  03O000M000  0.000
ARG+1A0289_006  1.000  4.54  4.91  2.69  0.00 12.13 1.000  00  +1O000M000  0.000
ALA01A0290_001  0.000  0.00 -1.82  0.00  0.00 -1.82 1.000  00  01O000M000  0.000
ASP01A0291_001  0.000 -1.21 -3.50  4.15  0.00 -0.56 1.000  00  01O000M000  0.354
ASP01A0291_002  0.000 -1.21 -3.50  1.43  0.00 -3.28 1.000  00  01O000M000  0.354
ASP02A0291_003  0.000 -1.10 -3.75  4.15  0.00 -0.69 1.000  00  02O000M000  0.358
ASP02A0291_004  0.000 -1.10 -3.75  1.43  0.00 -3.41 1.000  00  02O000M000  0.358
ASP-1A0291_005 -1.000 -1.18 -3.66  1.43  0.00 -3.41 1.000  00  -1O000M000  0.350
LEU01A0292_001  0.000  1.50 -5.14  0.61  0.00 -3.03 1.000  00  01O000M000  0.075
LYS01A0293_001  0.000 -8.90  0.18  4.25  0.00 -4.47 1.000  00  01O000M000  0.819
LYS+1A0293_002  1.000 -8.94  0.18  4.25  0.00 -4.51 1.000  00  +1O000M000  0.819
GLN01A0294_001  0.000  0.56 -0.60  0.88  0.00  0.84 1.000  00  01O000M000  0.526
LEU01A0295_001  0.000  1.90 -5.44  0.47  0.00 -3.06 1.000  00  01O000M000  0.000
MET01A0296_001  0.000 -2.90 -3.26  2.04  0.00 -4.12 1.000  00  01O000M000  0.239
VAL01A0297_001  0.000 -5.79 -0.28  0.00  0.00 -6.07 1.000  00  01O000M000  0.644
HIS01A0298_001  0.000 -0.73 -6.32  0.32  0.00 -6.74 1.000  00  01O000M000  0.053
HIS02A0298_002  0.000 -0.75 -6.40  0.32  0.00 -6.83 1.000  00  02O000M000  0.053
HIS+1A0298_003  1.000 -0.77 -6.47  0.32  0.00 -6.92 1.000  00  +1O000M000  0.053
ALA01A0299_001  0.000 -2.23 -0.39  0.00  0.00 -2.62 1.000  00  01O000M000  0.413
PHE01A0300_001  0.000  4.19 -8.32  0.08  0.00 -4.05 1.000  00  01O000M000  0.000
ILE01A0301_001  0.000  0.45 -5.45  0.42  0.00 -4.58 1.000  00  01O000M000  0.004
LYS01A0302_001  0.000 -6.06 -2.89  3.78  0.00 -5.17 1.000  00  01O000M000  0.569
LYS+1A0302_002  1.000 -6.11 -2.92  3.78  0.00 -5.25 1.000  00  +1O000M000  0.569
ARG01A0303_001  0.000 -2.62 -5.35  1.30  0.00 -6.66 1.000  00  01O000M000  0.283
ARG02A0303_002  0.000 -2.66 -5.34  1.30  0.00 -6.70 1.000  00  02O000M000  0.283
ARG02A0303_003  0.000 -2.60 -5.36  1.30  0.00 -6.66 1.000  00  02O000M000  0.283
ARG03A0303_004  0.000 -2.66 -5.36  1.30  0.00 -6.72 1.000  00  03O000M000  0.283
ARG03A0303_005  0.000 -2.66 -5.35  1.30  0.00 -6.71 1.000  00  03O000M000  0.283
ARG+1A0303_006  1.000 -2.70 -5.38  1.30  0.00 -6.78 1.000  00  +1O000M000  0.283
SER01A0304_001  0.000  0.00 -3.38  0.45  0.00 -2.93 0.665  00  01O000M000  0.000
SER01A0304_002  0.000  0.00 -3.38  0.45  0.00 -2.93 0.665  00  01O000M000  0.000
SER01A0304_003  0.000  0.00 -3.38  0.08  0.00 -3.30 0.665  00  01O000M000  0.000
ASP01A0305_001  0.000 -1.73 -0.18  5.56  0.00  3.65 1.000  00  01O000M000  0.410
ASP01A0305_002  0.000 -1.73 -0.18  2.84  0.00  0.93 1.000  00  01O000M000  0.410
ASP02A0305_003  0.000 -1.59 -0.54  5.56  0.00  3.42 1.000  00  02O000M000  0.415
ASP02A0305_004  0.000 -1.59 -0.54  2.84  0.00  0.70 1.000  00  02O000M000  0.415
ASP-1A0305_005 -1.000 -1.65 -0.46  2.84  0.00  0.72 1.000  00  -1O000M000  0.411
ALA01A0306_001  0.000 -3.50 -0.75  0.00  0.00 -4.25 1.000  00  01O000M000  0.639
GLU01A0307_001  0.000  0.21 -2.47  5.33  0.00  3.07 1.000  00  01O000M000  0.179
GLU01A0307_002  0.000  0.21 -2.47  2.61  0.00  0.35 1.000  00  01O000M000  0.179
GLU02A0307_003  0.000 -0.03 -2.71  5.33  0.00  2.59 1.000  00  02O000M000  0.201
GLU02A0307_004  0.000 -0.03 -2.71  2.61  0.00 -0.13 1.000  00  02O000M000  0.201
GLU-1A0307_005 -1.000 -0.03 -2.64  2.61  0.00 -0.06 1.000  00  -1O000M000  0.186
GLU01A0308_001  0.000 -4.09 -0.23  3.66  0.00 -0.66 1.000  00  01O000M000  0.967
GLU01A0308_002  0.000 -4.02 -0.23  0.94  0.00 -3.31 1.000  00  01O000M000  0.952
GLU02A0308_003  0.000 -3.94 -0.24  3.66  0.00 -0.52 1.000  00  02O000M000  0.958
GLU02A0308_004  0.000 -3.91 -0.24  0.94  0.00 -3.20 1.000  00  02O000M000  0.950
GLU-1A0308_005 -1.000 -4.02 -0.21  0.94  0.00 -3.29 1.000  00  -1O000M000  0.958
VAL01A0309_001  0.000  0.29 -2.19  0.27  0.00 -1.62 1.000  00  01O000M000  0.035
ASP01A0310_001  0.000 -2.93 -1.05  3.42  0.00 -0.56 1.000  00  01O000M000  0.720
ASP01A0310_002  0.000 -2.93 -1.05  0.70  0.00 -3.28 1.000  00  01O000M000  0.720
ASP02A0310_003  0.000 -2.76 -0.41  3.42  0.00  0.24 1.000  00  02O000M000  0.711
ASP02A0310_004  0.000 -2.76 -0.41  0.70  0.00 -2.48 1.000  00  02O000M000  0.711
ASP-1A0310_005 -1.000 -2.81 -1.07  0.70  0.00 -3.19 1.000  00  -1O000M000  0.712
PHE01A0311_001  0.000  4.45 -5.85  0.18  0.00 -1.21 1.000  00  01O000M000  0.000
ALA01A0312_001  0.000 -1.32 -1.25  0.00  0.00 -2.57 1.000  00  01O000M000  0.233
TRP01A0314_001  0.000  0.11 -7.77  0.11  0.00 -7.54 1.000  00  01O000M000  0.157
LEU01A0315_001  0.000  1.91 -6.95  0.65  0.00 -4.39 1.000  00  01O000M000  0.000
CYS01A0316_001  0.000 -0.17 -3.99  0.06  0.00 -4.10 1.000  00  01O000M000  0.022
CYS01A0316_002  0.000 -0.17 -4.08  0.06  0.00 -4.20 1.000  00  01O000M000  0.022
CYS01A0316_003  0.000 -0.17 -3.97  0.06  0.00 -4.08 1.000  00  01O000M000  0.022
CYS-1A0316_004 -1.000 -0.17 -3.91  0.06  0.00 -4.02 1.000  00  -1O000M000  0.022
SER01A0317_001  0.000 -3.63 -2.43  1.08  0.00 -4.98 0.670  00  01O000M000  0.598
THR01A0318_001  0.000 -1.65 -2.76  0.38  0.00 -4.03 0.666  00  01O000M000  0.208
THR01A0318_002  0.000 -1.65 -2.76  0.01  0.00 -4.41 0.666  00  01O000M000  0.208
ILE01A0319_001  0.000  0.41 -3.69  1.21  0.00 -2.07 1.000  00  01O000M000  0.052
LEU01A0321_001  0.000 -0.62  5.37  3.18  0.00  7.94 1.000  00  01O000M000  0.203
ASN01A0322_001  0.000 -2.65 -0.91  0.95  0.00 -2.60 1.000  00  01O000M000  0.591
CTR01A0322_001  0.000 -4.50  0.83  2.72  0.00 -0.95 1.000  00  01O000M000  0.434
CTR01A0322_002  0.000 -4.55 -0.06  0.00  0.00 -4.61 1.000  00  01O000M000  0.449
CTR02A0322_003  0.000 -4.57  2.25  2.72  0.00  0.40 1.000  00  02O000M000  0.438
CTR02A0322_004  0.000 -4.43 -0.04  0.00  0.00 -4.47 1.000  00  02O000M000  0.444
CTR-1A0322_005 -1.000 -4.47  0.03  0.00  0.00 -4.44 1.000  00  -1O000M000  0.437
