NTR A0001_ R f 00 S f  0.0 H f 00 M 000
MET A0001_ R f 00 S f  0.0 H f 00 M 000
GLU A0002_ R f 00 S f  0.0 H f 00 M 000
LEU A0003_ R f 00 S f  0.0 H f 00 M 000
LYS A0004_ R f 00 S f  0.0 H f 00 M 000
ASP A0005_ R f 00 S f  0.0 H f 00 M 000
ASP A0006_ R f 00 S f  0.0 H f 00 M 000
ASP A0007_ R f 00 S f  0.0 H f 00 M 000
PHE A0008_ R f 00 S f  0.0 H f 00 M 000
GLU A0009_ R f 00 S f  0.0 H f 00 M 000
LYS A0010_ R f 00 S f  0.0 H f 00 M 000
ILE A0011_ R f 00 S f  0.0 H f 00 M 000
SER A0012_ R f 00 S f  0.0 H f 00 M 000
GLU A0013_ R f 00 S f  0.0 H f 00 M 000
LEU A0014_ R f 00 S f  0.0 H f 00 M 000
GLY A0015_ R f 00 S f  0.0 H f 00 M 000
ALA A0016_ R f 00 S f  0.0 H f 00 M 000
GLY A0017_ R f 00 S f  0.0 H f 00 M 000
ASN A0018_ R f 00 S f  0.0 H f 00 M 000
GLY A0019_ R f 00 S f  0.0 H f 00 M 000
GLY A0020_ R f 00 S f  0.0 H f 00 M 000
VAL A0021_ R f 00 S f  0.0 H f 00 M 000
VAL A0022_ R f 00 S f  0.0 H f 00 M 000
PHE A0023_ R f 00 S f  0.0 H f 00 M 000
LYS A0024_ R f 00 S f  0.0 H f 00 M 000
VAL A0025_ R f 00 S f  0.0 H f 00 M 000
SER A0026_ R f 00 S f  0.0 H f 00 M 000
HIS A0027_ R f 00 S f  0.0 H f 00 M 000
LYS A0028_ R f 00 S f  0.0 H f 00 M 000
PRO A0029_ R f 00 S f  0.0 H f 00 M 000
SER A0030_ R f 00 S f  0.0 H f 00 M 000
GLY A0031_ R f 00 S f  0.0 H f 00 M 000
LEU A0032_ R f 00 S f  0.0 H f 00 M 000
VAL A0033_ R f 00 S f  0.0 H f 00 M 000
MET A0034_ R f 00 S f  0.0 H f 00 M 000
ALA A0035_ R f 00 S f  0.0 H f 00 M 000
ARG A0036_ R f 00 S f  0.0 H f 00 M 000
LYS A0037_ R f 00 S f  0.0 H f 00 M 000
LEU A0038_ R f 00 S f  0.0 H f 00 M 000
ILE A0039_ R f 00 S f  0.0 H f 00 M 000
HIS A0040_ R f 00 S f  0.0 H f 00 M 000
LEU A0041_ R f 00 S f  0.0 H f 00 M 000
GLU A0042_ R f 00 S f  0.0 H f 00 M 000
ILE A0043_ R f 00 S f  0.0 H f 00 M 000
LYS A0044_ R f 00 S f  0.0 H f 00 M 000
PRO A0045_ R f 00 S f  0.0 H f 00 M 000
ALA A0046_ R f 00 S f  0.0 H f 00 M 000
ILE A0047_ R f 00 S f  0.0 H f 00 M 000
ARG A0048_ R f 00 S f  0.0 H f 00 M 000
ASN A0049_ R f 00 S f  0.0 H f 00 M 000
GLN A0050_ R f 00 S f  0.0 H f 00 M 000
ILE A0051_ R f 00 S f  0.0 H f 00 M 000
ILE A0052_ R f 00 S f  0.0 H f 00 M 000
ARG A0053_ R f 00 S f  0.0 H f 00 M 000
GLU A0054_ R f 00 S f  0.0 H f 00 M 000
LEU A0055_ R f 00 S f  0.0 H f 00 M 000
GLN A0056_ R f 00 S f  0.0 H f 00 M 000
VAL A0057_ R f 00 S f  0.0 H f 00 M 000
LEU A0058_ R f 00 S f  0.0 H f 00 M 000
HIS A0059_ R f 00 S f  0.0 H f 00 M 000
GLU A0060_ R f 00 S f  0.0 H f 00 M 000
CYS A0061_ R f 00 S f  0.0 H f 00 M 000
ASN A0062_ R f 00 S f  0.0 H f 00 M 000
SER A0063_ R f 00 S f  0.0 H f 00 M 000
PRO A0064_ R f 00 S f  0.0 H f 00 M 000
TYR A0065_ R f 00 S f  0.0 H f 00 M 000
ILE A0066_ R f 00 S f  0.0 H f 00 M 000
VAL A0067_ R f 00 S f  0.0 H f 00 M 000
GLY A0068_ R f 00 S f  0.0 H f 00 M 000
PHE A0069_ R f 00 S f  0.0 H f 00 M 000
TYR A0070_ R f 00 S f  0.0 H f 00 M 000
GLY A0071_ R f 00 S f  0.0 H f 00 M 000
ALA A0072_ R f 00 S f  0.0 H f 00 M 000
PHE A0073_ R f 00 S f  0.0 H f 00 M 000
TYR A0074_ R f 00 S f  0.0 H f 00 M 000
SER A0075_ R f 00 S f  0.0 H f 00 M 000
ASP A0076_ R f 00 S f  0.0 H f 00 M 000
GLY A0077_ R f 00 S f  0.0 H f 00 M 000
GLU A0078_ R f 00 S f  0.0 H f 00 M 000
ILE A0079_ R f 00 S f  0.0 H f 00 M 000
SER A0080_ R f 00 S f  0.0 H f 00 M 000
ILE A0081_ R f 00 S f  0.0 H f 00 M 000
CYS A0082_ R f 00 S f  0.0 H f 00 M 000
MET A0083_ R f 00 S f  0.0 H f 00 M 000
GLU A0084_ R f 00 S f  0.0 H f 00 M 000
HIS A0085_ R f 00 S f  0.0 H f 00 M 000
MET A0086_ R f 00 S f  0.0 H f 00 M 000
ASP A0087_ R f 00 S f  0.0 H f 00 M 000
GLY A0088_ R f 00 S f  0.0 H f 00 M 000
GLY A0089_ R f 00 S f  0.0 H f 00 M 000
SER A0090_ R f 00 S f  0.0 H f 00 M 000
LEU A0091_ R f 00 S f  0.0 H f 00 M 000
ASP A0092_ R f 00 S f  0.0 H f 00 M 000
GLN A0093_ R f 00 S f  0.0 H f 00 M 000
VAL A0094_ R f 00 S f  0.0 H f 00 M 000
LEU A0095_ R f 00 S f  0.0 H f 00 M 000
LYS A0096_ R f 00 S f  0.0 H f 00 M 000
LYS A0097_ R f 00 S f  0.0 H f 00 M 000
ALA A0098_ R f 00 S f  0.0 H f 00 M 000
GLY A0099_ R f 00 S f  0.0 H f 00 M 000
ARG A0100_ R f 00 S f  0.0 H f 00 M 000
ILE A0101_ R f 00 S f  0.0 H f 00 M 000
PRO A0102_ R f 00 S f  0.0 H f 00 M 000
GLU A0103_ R f 00 S f  0.0 H f 00 M 000
GLN A0104_ R f 00 S f  0.0 H f 00 M 000
ILE A0105_ R f 00 S f  0.0 H f 00 M 000
LEU A0106_ R f 00 S f  0.0 H f 00 M 000
GLY A0107_ R f 00 S f  0.0 H f 00 M 000
LYS A0108_ R f 00 S f  0.0 H f 00 M 000
VAL A0109_ R f 00 S f  0.0 H f 00 M 000
SER A0110_ R f 00 S f  0.0 H f 00 M 000
ILE A0111_ R f 00 S f  0.0 H f 00 M 000
ALA A0112_ R f 00 S f  0.0 H f 00 M 000
VAL A0113_ R f 00 S f  0.0 H f 00 M 000
ILE A0114_ R f 00 S f  0.0 H f 00 M 000
LYS A0115_ R f 00 S f  0.0 H f 00 M 000
GLY A0116_ R f 00 S f  0.0 H f 00 M 000
LEU A0117_ R f 00 S f  0.0 H f 00 M 000
THR A0118_ R f 00 S f  0.0 H f 00 M 000
TYR A0119_ R f 00 S f  0.0 H f 00 M 000
LEU A0120_ R f 00 S f  0.0 H f 00 M 000
ARG A0121_ R f 00 S f  0.0 H f 00 M 000
GLU A0122_ R f 00 S f  0.0 H f 00 M 000
LYS A0123_ R f 00 S f  0.0 H f 00 M 000
HIS A0124_ R f 00 S f  0.0 H f 00 M 000
LYS A0125_ R f 00 S f  0.0 H f 00 M 000
ILE A0126_ R f 00 S f  0.0 H f 00 M 000
MET A0127_ R f 00 S f  0.0 H f 00 M 000
HIS A0128_ R f 00 S f  0.0 H f 00 M 000
ARG A0129_ R f 00 S f  0.0 H f 00 M 000
ASP A0130_ R f 00 S f  0.0 H f 00 M 000
VAL A0131_ R f 00 S f  0.0 H f 00 M 000
LYS A0132_ R f 00 S f  0.0 H f 00 M 000
PRO A0133_ R f 00 S f  0.0 H f 00 M 000
SER A0134_ R f 00 S f  0.0 H f 00 M 000
ASN A0135_ R f 00 S f  0.0 H f 00 M 000
ILE A0136_ R f 00 S f  0.0 H f 00 M 000
LEU A0137_ R f 00 S f  0.0 H f 00 M 000
VAL A0138_ R f 00 S f  0.0 H f 00 M 000
ASN A0139_ R f 00 S f  0.0 H f 00 M 000
SER A0140_ R f 00 S f  0.0 H f 00 M 000
ARG A0141_ R f 00 S f  0.0 H f 00 M 000
GLY A0142_ R f 00 S f  0.0 H f 00 M 000
GLU A0143_ R f 00 S f  0.0 H f 00 M 000
ILE A0144_ R f 00 S f  0.0 H f 00 M 000
LYS A0145_ R f 00 S f  0.0 H f 00 M 000
LEU A0146_ R f 00 S f  0.0 H f 00 M 000
CYS A0147_ R f 00 S f  0.0 H f 00 M 000
ASP A0148_ R f 00 S f  0.0 H f 00 M 000
PHE A0149_ R f 00 S f  0.0 H f 00 M 000
GLY A0150_ R f 00 S f  0.0 H f 00 M 000
VAL A0151_ R f 00 S f  0.0 H f 00 M 000
SER A0152_ R f 00 S f  0.0 H f 00 M 000
GLY A0153_ R f 00 S f  0.0 H f 00 M 000
GLN A0154_ R f 00 S f  0.0 H f 00 M 000
LEU A0155_ R f 00 S f  0.0 H f 00 M 000
ILE A0156_ R f 00 S f  0.0 H f 00 M 000
ASP A0157_ R f 00 S f  0.0 H f 00 M 000
SER A0158_ R f 00 S f  0.0 H f 00 M 000
MET A0159_ R f 00 S f  0.0 H f 00 M 000
ALA A0160_ R f 00 S f  0.0 H f 00 M 000
ASN A0161_ R f 00 S f  0.0 H f 00 M 000
SER A0162_ R f 00 S f  0.0 H f 00 M 000
PHE A0163_ R f 00 S f  0.0 H f 00 M 000
VAL A0164_ R f 00 S f  0.0 H f 00 M 000
GLY A0165_ R f 00 S f  0.0 H f 00 M 000
THR A0166_ R f 00 S f  0.0 H f 00 M 000
ARG A0167_ R f 00 S f  0.0 H f 00 M 000
SER A0168_ R f 00 S f  0.0 H f 00 M 000
TYR A0169_ R f 00 S f  0.0 H f 00 M 000
MET A0170_ R f 00 S f  0.0 H f 00 M 000
SER A0171_ R f 00 S f  0.0 H f 00 M 000
PRO A0172_ R f 00 S f  0.0 H f 00 M 000
GLU A0173_ R f 00 S f  0.0 H f 00 M 000
ARG A0174_ R f 00 S f  0.0 H f 00 M 000
LEU A0175_ R f 00 S f  0.0 H f 00 M 000
GLN A0176_ R f 00 S f  0.0 H f 00 M 000
GLY A0177_ R f 00 S f  0.0 H f 00 M 000
THR A0178_ R f 00 S f  0.0 H f 00 M 000
HIS A0179_ R f 00 S f  0.0 H f 00 M 000
TYR A0180_ R f 00 S f  0.0 H f 00 M 000
SER A0181_ R f 00 S f  0.0 H f 00 M 000
VAL A0182_ R f 00 S f  0.0 H f 00 M 000
GLN A0183_ R f 00 S f  0.0 H f 00 M 000
SER A0184_ R f 00 S f  0.0 H f 00 M 000
ASP A0185_ R f 00 S f  0.0 H f 00 M 000
ILE A0186_ R f 00 S f  0.0 H f 00 M 000
TRP A0187_ R f 00 S f  0.0 H f 00 M 000
SER A0188_ R f 00 S f  0.0 H f 00 M 000
MET A0189_ R f 00 S f  0.0 H f 00 M 000
GLY A0190_ R f 00 S f  0.0 H f 00 M 000
LEU A0191_ R f 00 S f  0.0 H f 00 M 000
SER A0192_ R f 00 S f  0.0 H f 00 M 000
LEU A0193_ R f 00 S f  0.0 H f 00 M 000
VAL A0194_ R f 00 S f  0.0 H f 00 M 000
GLU A0195_ R f 00 S f  0.0 H f 00 M 000
MET A0196_ R f 00 S f  0.0 H f 00 M 000
ALA A0197_ R f 00 S f  0.0 H f 00 M 000
VAL A0198_ R f 00 S f  0.0 H f 00 M 000
GLY A0199_ R f 00 S f  0.0 H f 00 M 000
ARG A0200_ R f 00 S f  0.0 H f 00 M 000
TYR A0201_ R f 00 S f  0.0 H f 00 M 000
PRO A0202_ R f 00 S f  0.0 H f 00 M 000
ILE A0203_ R f 00 S f  0.0 H f 00 M 000
PRO A0204_ R f 00 S f  0.0 H f 00 M 000
PRO A0205_ R f 00 S f  0.0 H f 00 M 000
PRO A0206_ R f 00 S f  0.0 H f 00 M 000
ASP A0207_ R f 00 S f  0.0 H f 00 M 000
ALA A0208_ R f 00 S f  0.0 H f 00 M 000
LYS A0209_ R f 00 S f  0.0 H f 00 M 000
GLU A0210_ R f 00 S f  0.0 H f 00 M 000
LEU A0211_ R f 00 S f  0.0 H f 00 M 000
GLU A0212_ R f 00 S f  0.0 H f 00 M 000
LEU A0213_ R f 00 S f  0.0 H f 00 M 000
MET A0214_ R f 00 S f  0.0 H f 00 M 000
PHE A0215_ R f 00 S f  0.0 H f 00 M 000
GLY A0216_ R f 00 S f  0.0 H f 00 M 000
CYS A0217_ R f 00 S f  0.0 H f 00 M 000
GLN A0218_ R f 00 S f  0.0 H f 00 M 000
VAL A0219_ R f 00 S f  0.0 H f 00 M 000
GLU A0220_ R f 00 S f  0.0 H f 00 M 000
GLY A0221_ R f 00 S f  0.0 H f 00 M 000
ASP A0222_ R f 00 S f  0.0 H f 00 M 000
ALA A0223_ R f 00 S f  0.0 H f 00 M 000
ALA A0224_ R f 00 S f  0.0 H f 00 M 000
GLU A0225_ R f 00 S f  0.0 H f 00 M 000
THR A0226_ R f 00 S f  0.0 H f 00 M 000
PRO A0227_ R f 00 S f  0.0 H f 00 M 000
PRO A0228_ R f 00 S f  0.0 H f 00 M 000
ARG A0229_ R f 00 S f  0.0 H f 00 M 000
PRO A0230_ R f 00 S f  0.0 H f 00 M 000
ARG A0231_ R f 00 S f  0.0 H f 00 M 000
THR A0232_ R f 00 S f  0.0 H f 00 M 000
PRO A0233_ R f 00 S f  0.0 H f 00 M 000
GLY A0234_ R f 00 S f  0.0 H f 00 M 000
ARG A0235_ R f 00 S f  0.0 H f 00 M 000
PRO A0236_ R f 00 S f  0.0 H f 00 M 000
LEU A0237_ R f 00 S f  0.0 H f 00 M 000
SER A0238_ R f 00 S f  0.0 H f 00 M 000
SER A0239_ R f 00 S f  0.0 H f 00 M 000
TYR A0240_ R f 00 S f  0.0 H f 00 M 000
GLY A0241_ R f 00 S f  0.0 H f 00 M 000
MET A0242_ R f 00 S f  0.0 H f 00 M 000
ASP A0243_ R f 00 S f  0.0 H f 00 M 000
SER A0244_ R f 00 S f  0.0 H f 00 M 000
ARG A0245_ R f 00 S f  0.0 H f 00 M 000
PRO A0246_ R f 00 S f  0.0 H f 00 M 000
PRO A0247_ R f 00 S f  0.0 H f 00 M 000
MET A0248_ R f 00 S f  0.0 H f 00 M 000
ALA A0249_ R f 00 S f  0.0 H f 00 M 000
ILE A0250_ R f 00 S f  0.0 H f 00 M 000
PHE A0251_ R f 00 S f  0.0 H f 00 M 000
GLU A0252_ R f 00 S f  0.0 H f 00 M 000
LEU A0253_ R f 00 S f  0.0 H f 00 M 000
LEU A0254_ R f 00 S f  0.0 H f 00 M 000
ASP A0255_ R f 00 S f  0.0 H f 00 M 000
TYR A0256_ R f 00 S f  0.0 H f 00 M 000
ILE A0257_ R f 00 S f  0.0 H f 00 M 000
VAL A0258_ R f 00 S f  0.0 H f 00 M 000
ASN A0259_ R f 00 S f  0.0 H f 00 M 000
GLU A0260_ R f 00 S f  0.0 H f 00 M 000
PRO A0261_ R f 00 S f  0.0 H f 00 M 000
PRO A0262_ R f 00 S f  0.0 H f 00 M 000
PRO A0263_ R f 00 S f  0.0 H f 00 M 000
LYS A0264_ R f 00 S f  0.0 H f 00 M 000
LEU A0265_ R f 00 S f  0.0 H f 00 M 000
PRO A0266_ R f 00 S f  0.0 H f 00 M 000
SER A0267_ R f 00 S f  0.0 H f 00 M 000
GLY A0268_ R f 00 S f  0.0 H f 00 M 000
VAL A0269_ R f 00 S f  0.0 H f 00 M 000
PHE A0270_ R f 00 S f  0.0 H f 00 M 000
SER A0271_ R f 00 S f  0.0 H f 00 M 000
LEU A0272_ R f 00 S f  0.0 H f 00 M 000
GLU A0273_ R f 00 S f  0.0 H f 00 M 000
PHE A0274_ R f 00 S f  0.0 H f 00 M 000
GLN A0275_ R f 00 S f  0.0 H f 00 M 000
ASP A0276_ R f 00 S f  0.0 H f 00 M 000
PHE A0277_ R f 00 S f  0.0 H f 00 M 000
VAL A0278_ R f 00 S f  0.0 H f 00 M 000
ASN A0279_ R f 00 S f  0.0 H f 00 M 000
LYS A0280_ R f 00 S f  0.0 H f 00 M 000
CYS A0281_ R f 00 S f  0.0 H f 00 M 000
LEU A0282_ R f 00 S f  0.0 H f 00 M 000
ILE A0283_ R f 00 S f  0.0 H f 00 M 000
LYS A0284_ R f 00 S f  0.0 H f 00 M 000
ASN A0285_ R f 00 S f  0.0 H f 00 M 000
PRO A0286_ R f 00 S f  0.0 H f 00 M 000
ALA A0287_ R f 00 S f  0.0 H f 00 M 000
GLU A0288_ R f 00 S f  0.0 H f 00 M 000
ARG A0289_ R f 00 S f  0.0 H f 00 M 000
ALA A0290_ R f 00 S f  0.0 H f 00 M 000
ASP A0291_ R f 00 S f  0.0 H f 00 M 000
LEU A0292_ R f 00 S f  0.0 H f 00 M 000
LYS A0293_ R f 00 S f  0.0 H f 00 M 000
GLN A0294_ R f 00 S f  0.0 H f 00 M 000
LEU A0295_ R f 00 S f  0.0 H f 00 M 000
MET A0296_ R f 00 S f  0.0 H f 00 M 000
VAL A0297_ R f 00 S f  0.0 H f 00 M 000
HIS A0298_ R f 00 S f  0.0 H f 00 M 000
ALA A0299_ R f 00 S f  0.0 H f 00 M 000
PHE A0300_ R f 00 S f  0.0 H f 00 M 000
ILE A0301_ R f 00 S f  0.0 H f 00 M 000
LYS A0302_ R f 00 S f  0.0 H f 00 M 000
ARG A0303_ R f 00 S f  0.0 H f 00 M 000
SER A0304_ R f 00 S f  0.0 H f 00 M 000
ASP A0305_ R f 00 S f  0.0 H f 00 M 000
ALA A0306_ R f 00 S f  0.0 H f 00 M 000
GLU A0307_ R f 00 S f  0.0 H f 00 M 000
GLU A0308_ R f 00 S f  0.0 H f 00 M 000
VAL A0309_ R f 00 S f  0.0 H f 00 M 000
ASP A0310_ R f 00 S f  0.0 H f 00 M 000
PHE A0311_ R f 00 S f  0.0 H f 00 M 000
ALA A0312_ R f 00 S f  0.0 H f 00 M 000
GLY A0313_ R f 00 S f  0.0 H f 00 M 000
TRP A0314_ R f 00 S f  0.0 H f 00 M 000
LEU A0315_ R f 00 S f  0.0 H f 00 M 000
CYS A0316_ R f 00 S f  0.0 H f 00 M 000
SER A0317_ R f 00 S f  0.0 H f 00 M 000
THR A0318_ R f 00 S f  0.0 H f 00 M 000
ILE A0319_ R f 00 S f  0.0 H f 00 M 000
GLY A0320_ R f 00 S f  0.0 H f 00 M 000
LEU A0321_ R f 00 S f  0.0 H f 00 M 000
ASN A0322_ R f 00 S f  0.0 H f 00 M 000
CTR A0322_ R f 00 S f  0.0 H f 00 M 000
