 ph              7.4
ASP01A0001_001 0.000
ASP01A0001_002 0.000
ASP02A0001_003 0.000
ASP02A0001_004 0.000
ASP-1A0001_005 0.000
LYS01A0002_001 0.000
LYS+1A0002_002 0.000
TRP01A0003_001 0.000
GLU01A0004_001 0.000
GLU01A0004_002 0.000
GLU02A0004_003 0.000
GLU02A0004_004 0.000
GLU-1A0004_005 0.000
MET01A0005_001 0.000
GLU01A0006_001 0.000
GLU01A0006_002 0.000
GLU02A0006_003 0.000
GLU02A0006_004 0.000
GLU-1A0006_005 0.000
ARG01A0007_001 0.000
ARG02A0007_002 0.000
ARG02A0007_003 0.000
ARG03A0007_004 0.000
ARG03A0007_005 0.000
ARG+1A0007_006 0.000
THR01A0008_001 0.140
THR01A0008_002 0.140
ASP01A0009_001 0.000
ASP01A0009_002 0.000
ASP02A0009_003 0.000
ASP02A0009_004 0.000
ASP-1A0009_005 0.000
ILE01A0010_001 0.000
THR01A0011_001 0.000
MET01A0012_001 0.000
LYS01A0013_001 0.000
LYS+1A0013_002 0.000
HIS01A0014_001 0.767
HIS01A0014_002 0.767
HIS02A0014_003 0.767
HIS02A0014_004 0.767
HIS+1A0014_005 0.325
HIS+1A0014_006 0.325
LYS01A0015_001 0.000
LYS+1A0015_002 0.000
LEU01A0016_001 0.000
GLN01A0020_001 0.000
TYR01A0021_001 0.410
TYR01A0021_002 0.410
TYR-1A0021_003 0.000
GLU01A0023_001 0.000
GLU01A0023_002 0.000
GLU02A0023_003 0.000
GLU02A0023_004 0.000
GLU-1A0023_005 0.000
VAL01A0024_001 0.000
TYR01A0025_001 0.407
TYR01A0025_002 0.407
TYR-1A0025_003 0.000
GLU01A0026_001 0.398
GLU01A0026_002 0.398
GLU02A0026_003 0.398
GLU02A0026_004 0.398
GLU-1A0026_005 0.000
VAL01A0028_001 0.000
TRP01A0029_001 0.000
LYS01A0030_001 0.000
LYS+1A0030_002 0.000
LYS01A0031_001 0.000
LYS+1A0031_002 0.000
TYR01A0032_001 0.362
TYR01A0032_002 0.362
TYR-1A0032_003 0.000
SER01A0033_001 0.373
SER01A0033_002 0.373
LEU01A0034_001 0.000
THR01A0035_001 0.000
VAL01A0036_001 0.000
ALA01A0037_001 0.000
VAL01A0038_001 0.000
LYS01A0039_001 0.000
LYS+1A0039_002 0.000
THR01A0040_001 0.073
THR01A0040_002 0.073
LEU01A0041_001 0.000
LYS01A0042_001 0.000
LYS+1A0042_002 0.000
GLU01A0043_001 0.000
GLU01A0043_002 0.000
GLU02A0043_003 0.000
GLU02A0043_004 0.000
GLU-1A0043_005 0.000
ASP01A0044_001 0.408
ASP01A0044_002 0.408
ASP02A0044_003 0.408
ASP02A0044_004 0.408
ASP-1A0044_005 0.000
THR01A0045_001 0.000
THR01A0045_002 0.000
MET01A0046_001 0.000
GLU01A0047_001 0.329
GLU01A0047_002 0.329
GLU02A0047_003 0.329
GLU02A0047_004 0.329
GLU-1A0047_005 0.000
VAL01A0048_001 0.000
GLU01A0049_001 0.000
GLU01A0049_002 0.000
GLU02A0049_003 0.000
GLU02A0049_004 0.000
GLU-1A0049_005 0.000
GLU01A0050_001 0.197
GLU01A0050_002 0.197
GLU02A0050_003 0.197
GLU02A0050_004 0.197
GLU-1A0050_005 0.000
PHE01A0051_001 0.000
LEU01A0052_001 0.000
LYS01A0053_001 0.000
LYS+1A0053_002 0.000
GLU01A0054_001 0.359
GLU01A0054_002 0.359
GLU02A0054_003 0.359
GLU02A0054_004 0.359
GLU-1A0054_005 0.000
ALA01A0055_001 0.000
ALA01A0056_001 0.000
VAL01A0057_001 0.000
MET01A0058_001 0.000
LYS01A0059_001 0.000
LYS+1A0059_002 0.000
GLU01A0060_001 0.000
GLU01A0060_002 0.000
GLU02A0060_003 0.000
GLU02A0060_004 0.000
GLU-1A0060_005 0.000
ILE01A0061_001 0.000
LYS01A0062_001 0.000
LYS+1A0062_002 0.000
HIS01A0063_001 0.000
HIS01A0063_002 0.000
HIS02A0063_003 0.000
HIS02A0063_004 0.000
HIS+1A0063_005 0.000
HIS+1A0063_006 0.000
PRO01A0064_001 0.000
ASN01A0065_001 0.075
ASN01A0065_002 0.075
LEU01A0066_001 0.000
VAL01A0067_001 0.000
GLN01A0068_001 0.043
GLN01A0068_002 0.043
LEU01A0069_001 0.000
LEU01A0070_001 0.000
VAL01A0072_001 0.000
CYS01A0073_001 0.324
CYS01A0073_002 0.324
CYS01A0073_003 0.324
CYS-1A0073_004 0.000
THR01A0074_001 0.410
THR01A0074_002 0.410
ARG01A0075_001 0.000
ARG02A0075_002 0.000
ARG03A0075_003 0.000
ARG+1A0075_004 0.000
GLU01A0076_001 0.000
GLU01A0076_002 0.000
GLU02A0076_003 0.000
GLU02A0076_004 0.000
GLU-1A0076_005 0.000
PRO01A0077_001 0.000
PRO01A0078_001 0.000
PHE01A0079_001 0.000
TYR01A0080_001 0.000
TYR-1A0080_002 0.000
ILE01A0081_001 0.000
ILE01A0082_001 0.000
THR01A0083_001 0.310
THR01A0083_002 0.310
THR01A0083_003 0.310
GLU01A0084_001 0.000
GLU01A0084_002 0.000
GLU02A0084_003 0.000
GLU02A0084_004 0.000
GLU-1A0084_005 0.000
PHE01A0085_001 0.000
MET01A0086_001 0.000
THR01A0087_001 0.064
THR01A0087_002 0.064
TYR01A0088_001 0.000
TYR-1A0088_002 0.000
ASN01A0090_001 0.000
ASN01A0090_002 0.000
LEU01A0091_001 0.000
LEU01A0092_001 0.000
ASP01A0093_001 0.000
ASP01A0093_002 0.000
ASP02A0093_003 0.000
ASP02A0093_004 0.000
ASP-1A0093_005 0.000
TYR01A0094_001 0.283
TYR01A0094_002 0.283
TYR-1A0094_003 0.000
LEU01A0095_001 0.000
ARG01A0096_001 0.000
ARG02A0096_002 0.000
ARG03A0096_003 0.000
ARG+1A0096_004 0.000
GLU01A0097_001 0.351
GLU01A0097_002 0.351
GLU02A0097_003 0.351
GLU02A0097_004 0.351
GLU-1A0097_005 0.000
CYS01A0098_001 0.370
CYS01A0098_002 0.370
CYS01A0098_003 0.370
CYS-1A0098_004 0.000
ASN01A0099_001 0.000
ARG01A0100_001 0.000
ARG02A0100_002 0.000
ARG03A0100_003 0.000
ARG+1A0100_004 0.000
GLN01A0101_001 0.396
GLN01A0101_002 0.396
GLU01A0102_001 0.000
GLU01A0102_002 0.000
GLU02A0102_003 0.000
GLU02A0102_004 0.000
GLU-1A0102_005 0.000
VAL01A0103_001 0.000
ASN01A0104_001 0.000
ALA01A0105_001 0.000
VAL01A0106_001 0.000
VAL01A0107_001 0.000
LEU01A0108_001 0.000
LEU01A0109_001 0.000
TYR01A0110_001 0.000
TYR-1A0110_002 0.000
MET01A0111_001 0.000
ALA01A0112_001 0.000
THR01A0113_001 0.093
THR01A0113_002 0.093
GLN01A0114_001 0.000
GLN01A0114_002 0.000
ILE01A0115_001 0.000
SER01A0116_001 0.215
SER01A0116_002 0.215
SER01A0117_001 0.216
SER01A0117_002 0.216
ALA01A0118_001 0.000
MET01A0119_001 0.000
GLU01A0120_001 0.000
GLU01A0120_002 0.000
GLU02A0120_003 0.000
GLU02A0120_004 0.000
GLU-1A0120_005 0.000
TYR01A0121_001 0.000
TYR-1A0121_002 0.000
LEU01A0122_001 0.000
GLU01A0123_001 0.000
GLU01A0123_002 0.000
GLU02A0123_003 0.000
GLU02A0123_004 0.000
GLU-1A0123_005 0.000
LYS01A0124_001 0.000
LYS+1A0124_002 0.000
LYS01A0125_001 0.000
LYS+1A0125_002 0.000
ASN01A0126_001 0.382
ASN01A0126_002 0.382
PHE01A0127_001 0.000
ILE01A0128_001 0.000
HIS01A0129_001 0.000
HIS02A0129_002 0.000
HIS+1A0129_003 0.000
ARG01A0130_001 0.000
ARG02A0130_002 0.000
ARG03A0130_003 0.000
ARG+1A0130_004 0.000
ASP01A0131_001 0.000
ASP01A0131_002 0.000
ASP02A0131_003 0.000
ASP02A0131_004 0.000
ASP-1A0131_005 0.000
LEU01A0132_001 0.000
ALA01A0133_001 0.000
ALA01A0134_001 0.000
ARG01A0135_001 0.000
ARG02A0135_002 0.000
ARG03A0135_003 0.000
ARG03A0135_004 0.000
ARG+1A0135_005 0.000
ASN01A0136_001 0.013
ASN01A0136_002 0.013
CYS01A0137_001 0.597
CYS01A0137_002 0.597
CYS01A0137_003 0.597
CYS-1A0137_004 0.000
LEU01A0138_001 0.000
VAL01A0139_001 0.000
GLU01A0141_001 0.000
GLU01A0141_002 0.000
GLU02A0141_003 0.000
GLU02A0141_004 0.000
GLU-1A0141_005 0.000
ASN01A0142_001 0.383
ASN01A0142_002 0.383
HIS01A0143_001 0.328
HIS01A0143_002 0.328
HIS02A0143_003 0.328
HIS02A0143_004 0.328
HIS+1A0143_005 0.000
HIS+1A0143_006 0.000
LEU01A0144_001 0.000
VAL01A0145_001 0.000
LYS01A0146_001 0.000
LYS+1A0146_002 0.000
VAL01A0147_001 0.000
ALA01A0148_001 0.000
ASP01A0149_001 0.043
ASP01A0149_002 0.043
ASP02A0149_003 0.043
ASP02A0149_004 0.043
ASP-1A0149_005 0.000
PHE01A0150_001 0.000
LEU01A0152_001 0.000
SER01A0153_001 0.480
SER01A0153_002 0.480
SER01A0153_003 0.480
ARG01A0154_001 0.000
ARG02A0154_002 0.000
ARG02A0154_003 0.000
ARG03A0154_004 0.000
ARG03A0154_005 0.000
ARG+1A0154_006 0.000
LEU01A0155_001 0.000
MET01A0156_001 0.000
THR01A0157_001 0.000
ASP01A0159_001 0.000
ASP01A0159_002 0.000
ASP02A0159_003 0.000
ASP02A0159_004 0.000
ASP-1A0159_005 0.000
THR01A0160_001 0.000
TYR01A0161_001 0.000
TYR-1A0161_002 0.000
THR01A0162_001 0.197
THR01A0162_002 0.197
ALA01A0163_001 0.000
HIS01A0164_001 0.215
HIS01A0164_002 0.215
HIS02A0164_003 0.215
HIS02A0164_004 0.215
HIS+1A0164_005 0.000
HIS+1A0164_006 0.000
ALA01A0165_001 0.000
ALA01A0167_001 0.000
LYS01A0168_001 0.000
LYS+1A0168_002 0.000
PHE01A0169_001 0.000
PRO01A0170_001 0.000
ILE01A0171_001 0.000
LYS01A0172_001 0.000
LYS+1A0172_002 0.000
TRP01A0173_001 0.000
THR01A0174_001 0.222
THR01A0174_002 0.222
ALA01A0175_001 0.000
PRO01A0176_001 0.000
GLU01A0177_001 0.000
GLU01A0177_002 0.000
GLU02A0177_003 0.000
GLU02A0177_004 0.000
GLU-1A0177_005 0.000
SER01A0178_001 0.188
SER01A0178_002 0.188
SER01A0178_003 0.188
LEU01A0179_001 0.000
ALA01A0180_001 0.000
TYR01A0181_001 0.000
TYR-1A0181_002 0.000
ASN01A0182_001 0.104
ASN01A0182_002 0.104
LYS01A0183_001 0.000
LYS+1A0183_002 0.000
PHE01A0184_001 0.000
SER01A0185_001 0.027
SER01A0185_002 0.027
ILE01A0186_001 0.000
LYS01A0187_001 0.000
LYS+1A0187_002 0.000
SER01A0188_001 0.174
SER01A0188_002 0.174
SER01A0188_003 0.174
ASP01A0189_001 0.009
ASP01A0189_002 0.009
ASP02A0189_003 0.009
ASP02A0189_004 0.009
ASP-1A0189_005 0.000
VAL01A0190_001 0.000
TRP01A0191_001 0.000
ALA01A0192_001 0.000
PHE01A0193_001 0.000
VAL01A0195_001 0.000
LEU01A0196_001 0.000
LEU01A0197_001 0.000
TRP01A0198_001 0.000
GLU01A0199_001 0.000
GLU01A0199_002 0.000
GLU02A0199_003 0.000
GLU02A0199_004 0.000
GLU-1A0199_005 0.000
ILE01A0200_001 0.000
ALA01A0201_001 0.000
THR01A0202_001 0.003
THR01A0202_002 0.003
TYR01A0203_001 0.008
TYR01A0203_002 0.008
TYR-1A0203_003 0.000
MET01A0205_001 0.000
SER01A0206_001 0.314
SER01A0206_002 0.314
PRO01A0207_001 0.000
TYR01A0208_001 0.000
TYR-1A0208_002 0.000
PRO01A0209_001 0.000
ILE01A0211_001 0.000
ASP01A0212_001 0.230
ASP01A0212_002 0.230
ASP02A0212_003 0.230
ASP02A0212_004 0.230
ASP-1A0212_005 0.000
LEU01A0213_001 0.000
SER01A0214_001 0.070
SER01A0214_002 0.070
GLN01A0215_001 0.392
GLN01A0215_002 0.392
VAL01A0216_001 0.000
TYR01A0217_001 0.375
TYR01A0217_002 0.375
TYR-1A0217_003 0.000
GLU01A0218_001 0.000
GLU01A0218_002 0.000
GLU02A0218_003 0.000
GLU02A0218_004 0.000
GLU-1A0218_005 0.000
LEU01A0219_001 0.000
LEU01A0220_001 0.000
GLU01A0221_001 0.393
GLU01A0221_002 0.393
GLU02A0221_003 0.393
GLU02A0221_004 0.393
GLU-1A0221_005 0.000
LYS01A0222_001 0.000
LYS+1A0222_002 0.000
ASP01A0223_001 0.000
ASP01A0223_002 0.000
ASP02A0223_003 0.000
ASP02A0223_004 0.000
ASP-1A0223_005 0.000
TYR01A0224_001 0.000
TYR-1A0224_002 0.000
ARG01A0225_001 0.000
ARG02A0225_002 0.000
ARG03A0225_003 0.000
ARG+1A0225_004 0.000
MET01A0226_001 0.000
GLU01A0227_001 0.000
GLU01A0227_002 0.000
GLU02A0227_003 0.000
GLU02A0227_004 0.000
GLU-1A0227_005 0.000
ARG01A0228_001 0.000
ARG02A0228_002 0.000
ARG03A0228_003 0.000
ARG+1A0228_004 0.000
PRO01A0229_001 0.000
GLU01A0230_001 0.000
GLU01A0230_002 0.000
GLU02A0230_003 0.000
GLU02A0230_004 0.000
GLU-1A0230_005 0.000
CYS01A0232_001 0.642
CYS01A0232_002 0.642
CYS01A0232_003 0.642
CYS-1A0232_004 0.000
PRO01A0233_001 0.000
GLU01A0234_001 0.000
GLU01A0234_002 0.000
GLU02A0234_003 0.000
GLU02A0234_004 0.000
GLU-1A0234_005 0.000
LYS01A0235_001 0.000
LYS+1A0235_002 0.000
VAL01A0236_001 0.000
TYR01A0237_001 0.065
TYR01A0237_002 0.065
TYR-1A0237_003 0.000
GLU01A0238_001 0.495
GLU01A0238_002 0.495
GLU02A0238_003 0.495
GLU02A0238_004 0.495
GLU-1A0238_005 0.000
LEU01A0239_001 0.000
MET01A0240_001 0.000
ARG01A0241_001 0.000
ARG02A0241_002 0.000
ARG02A0241_003 0.000
ARG03A0241_004 0.000
ARG+1A0241_005 0.000
ALA01A0242_001 0.000
CYS01A0243_001 0.624
CYS01A0243_002 0.624
CYS01A0243_003 0.624
CYS-1A0243_004 0.000
TRP01A0244_001 0.000
GLN01A0245_001 0.233
GLN01A0245_002 0.233
TRP01A0246_001 0.000
ASN01A0247_001 0.410
ASN01A0247_002 0.410
PRO01A0248_001 0.000
SER01A0249_001 0.405
SER01A0249_002 0.405
ASP01A0250_001 0.000
ASP01A0250_002 0.000
ASP02A0250_003 0.000
ASP02A0250_004 0.000
ASP-1A0250_005 0.000
ARG01A0251_001 0.000
ARG02A0251_002 0.000
ARG02A0251_003 0.000
ARG03A0251_004 0.000
ARG03A0251_005 0.000
ARG+1A0251_006 0.000
PRO01A0252_001 0.000
SER01A0253_001 0.015
SER01A0253_002 0.015
SER01A0253_003 0.015
PHE01A0254_001 0.000
ALA01A0255_001 0.000
GLU01A0256_001 0.000
GLU01A0256_002 0.000
GLU02A0256_003 0.000
GLU02A0256_004 0.000
GLU-1A0256_005 0.000
ILE01A0257_001 0.000
HIS01A0258_001 0.702
HIS01A0258_002 0.702
HIS02A0258_003 0.702
HIS02A0258_004 0.702
HIS+1A0258_005 0.386
HIS+1A0258_006 0.386
GLN01A0259_001 0.381
GLN01A0259_002 0.381
ALA01A0260_001 0.000
PHE01A0261_001 0.000
GLU01A0262_001 0.427
GLU01A0262_002 0.427
GLU02A0262_003 0.427
GLU02A0262_004 0.427
GLU-1A0262_005 0.000
THR01A0263_001 0.407
THR01A0263_002 0.407
MET01A0264_001 0.000
PHE01A0265_001 0.000
GLN01A0266_001 0.398
GLN01A0266_002 0.398
GLU01A0267_001 0.000
GLU01A0267_002 0.000
GLU02A0267_003 0.000
GLU02A0267_004 0.000
GLU-1A0267_005 0.000
SER01A0268_001 0.000
SER01A0269_001 0.228
SER01A0269_002 0.228
ILE01A0270_001 0.000
DB8+1B0001_001 0.000
DB8+2B0001_002 0.000
DB801B0001_003 0.000
DB802B0001_004 0.000
DB8DMB0001_005 0.000
