iConf CONFORMER     FL  occ    crg   Em0  pKa0 ne nH    vdw0    vdw1    tors    epol   dsolv   extra    history
00001 ASP01A0001_001 f 0.00  0.000     0  0.00  0  0  -1.115  -1.193   5.047  -0.768   0.622   0.000 01O000M000t
00002 ASP01A0001_002 f 0.00  0.000     0  0.00  0  0  -1.115  -1.193   2.327  -0.534   1.993   0.000 01O000M000t
00003 ASP02A0001_003 f 0.00  0.000     0  0.00  0  0  -0.919  -1.384   5.047   1.455   1.273   0.000 02O000M000t
00004 ASP02A0001_004 f 0.00  0.000     0  0.00  0  0  -0.919  -1.384   2.327   0.934   2.242   0.000 02O000M000t
00005 ASP-1A0001_005 f 0.00 -1.000     0  4.75  0 -1  -1.061  -1.344   2.327  -3.307   5.500   0.000 -1O000M000t
00006 LYS01A0002_001 f 0.00  0.000     0  0.00  0  0  -4.747  31.821   7.193  -0.004   0.110   0.000 01O000M000t
00007 LYS+1A0002_002 f 0.00  1.000     0 10.40  0  1  -4.797  31.817   7.193  -0.365   0.221   0.000 +1O000M000t
00008 TRP01A0003_001 f 0.00  0.000     0  0.00  0  0  -0.405  -7.213   0.457   0.000   0.000   0.000 01O000M000t
00009 GLU01A0004_001 f 0.00  0.000     0  0.00  0  0   2.620  -4.796   4.974  -1.076   1.220   0.000 01O000M000t
00010 GLU01A0004_002 f 0.00  0.000     0  0.00  0  0   2.620  -4.796   2.254  -0.049   2.239   0.000 01O000M000t
00011 GLU02A0004_003 f 0.00  0.000     0  0.00  0  0   1.974  -4.179   4.974  -0.822   0.572   0.000 02O000M000t
00012 GLU02A0004_004 f 0.00  0.000     0  0.00  0  0   1.974  -4.179   2.254   3.588   1.890   0.000 02O000M000t
00013 GLU-1A0004_005 f 0.00 -1.000     0  4.75  0 -1   1.922  -4.673   2.254  -4.442   6.830   0.000 -1O000M000t
00014 MET01A0005_001 f 0.00  0.000     0  0.00  0  0   1.523  -5.262   0.884  -0.008   0.091   0.000 01O000M000t
00015 GLU01A0006_001 f 0.00  0.000     0  0.00  0  0  -2.336  -1.984   5.662   0.230  -0.455   0.000 01O000M000t
00016 GLU01A0006_002 f 0.00  0.000     0  0.00  0  0  -2.336  -1.984   2.942   0.155   0.660   0.000 01O000M000t
00017 GLU02A0006_003 f 0.00  0.000     0  0.00  0  0  -2.189  -1.971   5.662   0.579  -0.361   0.000 02O000M000t
00018 GLU02A0006_004 f 0.00  0.000     0  0.00  0  0  -2.189  -1.971   2.942   0.220   0.563   0.000 02O000M000t
00019 GLU-1A0006_005 f 0.00 -1.000     0  4.75  0 -1  -2.415  -1.947   2.942  -0.789   0.109   0.000 -1O000M000t
00020 ARG01A0007_001 f 0.00  0.000     0  0.00  0  0   5.416   2.123   3.519  -0.940   2.997   0.000 01O000M000t
00021 ARG02A0007_002 f 0.00  0.000     0  0.00  0  0   5.371   2.094   3.519  -1.518   3.425   0.000 02O000M000t
00022 ARG02A0007_003 f 0.00  0.000     0  0.00  0  0   5.432   2.087   3.519  -1.534   3.232   0.000 02O000M000t
00023 ARG03A0007_004 f 0.00  0.000     0  0.00  0  0   5.363   2.210   3.519  -0.790   3.398   0.000 03O000M000t
00024 ARG03A0007_005 f 0.00  0.000     0  0.00  0  0   5.370   1.929   3.519   1.253   3.252   0.000 03O000M000t
00025 ARG+1A0007_006 f 0.00  1.000     0 12.50  0  1   5.322   2.074   3.519  -2.473   5.663   0.000 +1O000M000t
00026 THR01A0008_001 f 0.00  0.000     0  0.00  0  0  -5.424   2.778   1.870   0.601   1.094   0.000 01O000M000t
00027 THR01A0008_002 f 0.00  0.000     0  0.00  0  0  -5.424   2.778   1.870  -0.577   0.367   0.000 01O000M000t
00028 ASP01A0009_001 f 0.00  0.000     0  0.00  0  0  -0.674  13.382   5.401   0.756   1.402   0.000 01O000M000t
00029 ASP01A0009_002 f 0.00  0.000     0  0.00  0  0  -0.674  13.382   2.681   0.040   1.054   0.000 01O000M000t
00030 ASP02A0009_003 f 0.00  0.000     0  0.00  0  0  -0.487  13.340   5.401   0.419   1.390   0.000 02O000M000t
00031 ASP02A0009_004 f 0.00  0.000     0  0.00  0  0  -0.487  13.340   2.681   0.013   1.052   0.000 02O000M000t
00032 ASP-1A0009_005 f 0.00 -1.000     0  4.75  0 -1  -0.620  13.393   2.681  -1.116   2.509   0.000 -1O000M000t
00033 ILE01A0010_001 f 0.00  0.000     0  0.00  0  0   1.184  -1.953   0.622   0.000   0.000   0.000 01O000M000t
00034 THR01A0011_001 f 0.00  0.000     0  0.00  0  0  -3.229  -1.438   0.492  -0.061   0.536   0.000 01O000M000t
00035 MET01A0012_001 f 0.00  0.000     0  0.00  0  0  -2.726  -2.079   1.218  -0.077   0.087   0.000 01O000M000t
00036 LYS01A0013_001 f 0.00  0.000     0  0.00  0  0  -1.034  -1.932   5.633  -0.042   0.089   0.000 01O000M000t
00037 LYS+1A0013_002 f 0.00  1.000     0 10.40  0  1  -1.094  -1.936   5.633   0.132   0.501   0.000 +1O000M000t
00038 HIS01A0014_001 f 0.00  0.000     0  0.00  0  0  -6.834  -3.087   0.109   0.633   0.920   0.000 01O000M000t
00039 HIS01A0014_002 f 0.00  0.000     0  0.00  0  0  -6.693  -3.086   0.109   0.303   1.070   0.000 01R001M000t
00040 HIS02A0014_003 f 0.00  0.000     0  0.00  0  0  -6.852  -3.121   0.109   0.518   0.665   0.000 02O000M000t
00041 HIS02A0014_004 f 0.00  0.000     0  0.00  0  0  -6.706  -3.111   0.109   0.548   1.149   0.000 02R001M000t
00042 HIS+1A0014_005 f 0.00  1.000     0  6.98  0  1  -6.879  -3.128   0.109   0.784   0.516   0.000 +1O000M000t
00043 HIS+1A0014_006 f 0.00  1.000     0  6.98  0  1  -6.732  -3.118   0.109   0.826   1.277   0.000 +1R001M000t
00044 LYS01A0015_001 f 0.00  0.000     0  0.00  0  0  -3.867  -4.530   1.609   0.011   0.290   0.000 01O000M000t
00045 LYS+1A0015_002 f 0.00  1.000     0 10.40  0  1  -3.912  -4.541   1.609   0.214   2.303   0.000 +1O000M000t
00046 LEU01A0016_001 f 0.00  0.000     0  0.00  0  0   0.706  -4.983   0.407   0.000   0.000   0.000 01O000M000t
00047 GLN01A0020_001 f 0.00  0.000     0  0.00  0  0  -0.080 999.000   2.830   0.975   1.500   0.000 01O000M000t
00048 TYR01A0021_001 f 0.00  0.000     0  0.00  0  0  -2.005  -2.226   0.078   0.462   0.323   0.000 01O000M000t
00049 TYR01A0021_002 f 0.00  0.000     0  0.00  0  0  -2.005  -2.226   0.078   0.352   0.326   0.000 01O000M000t
00050 TYR-1A0021_003 f 0.00 -1.000     0 10.20  0 -1  -2.005  -2.226   0.078  -0.453   0.457   0.000 -1O000M000t
00051 GLU01A0023_001 f 0.00  0.000     0  0.00  0  0  -0.700  -0.608   7.183   0.178   0.589   0.000 01O000M000t
00052 GLU01A0023_002 f 0.00  0.000     0  0.00  0  0  -0.700  -0.608   4.463   0.103   1.286   0.000 01O000M000t
00053 GLU02A0023_003 f 0.00  0.000     0  0.00  0  0  -0.578  -0.630   7.183   0.466   1.480   0.000 02O000M000t
00054 GLU02A0023_004 f 0.00  0.000     0  0.00  0  0  -0.578  -0.630   4.463   0.163   1.134   0.000 02O000M000t
00055 GLU-1A0023_005 f 0.00 -1.000     0  4.75  0 -1  -0.752  -0.575   4.463  -0.656   3.548   0.000 -1O000M000t
00056 VAL01A0024_001 f 0.00  0.000     0  0.00  0  0   0.670  -2.705   0.026   0.000   0.000   0.000 01O000M000t
00057 TYR01A0025_001 f 0.00  0.000     0  0.00  0  0   1.689  -7.518   0.364   0.203   1.097   0.000 01O000M000t
00058 TYR01A0025_002 f 0.00  0.000     0  0.00  0  0   1.689  -7.518   0.364   0.198   0.769   0.000 01O000M000t
00059 TYR-1A0025_003 f 0.00 -1.000     0 10.20  0 -1   1.689  -7.518   0.364  -0.442   2.864   0.000 -1O000M000t
00060 GLU01A0026_001 f 0.00  0.000     0  0.00  0  0   1.488  -2.858   3.622   0.601   1.457   0.000 01O000M000t
00061 GLU01A0026_002 f 0.00  0.000     0  0.00  0  0   1.488  -2.858   0.902   0.129   1.058   0.000 01O000M000t
00062 GLU02A0026_003 f 0.00  0.000     0  0.00  0  0   0.865  -2.846   3.622   0.267   1.247   0.000 02O000M000t
00063 GLU02A0026_004 f 0.00  0.000     0  0.00  0  0   0.865  -2.846   0.902   0.102   1.067   0.000 02O000M000t
00064 GLU-1A0026_005 f 0.00 -1.000     0  4.75  0 -1   0.875  -2.809   0.902  -0.557   3.090   0.000 -1O000M000t
00065 VAL01A0028_001 f 0.00  0.000     0  0.00  0  0  -1.542  -0.729   1.391   0.000   0.000   0.000 01O000M000t
00066 TRP01A0029_001 f 0.00  0.000     0  0.00  0  0   1.128  -4.088   0.373   0.000   0.000   0.000 01O000M000t
00067 LYS01A0030_001 f 0.00  0.000     0  0.00  0  0  -4.617  -3.535   1.146   0.271   0.065   0.000 01O000M000t
00068 LYS+1A0030_002 f 0.00  1.000     0 10.40  0  1  -4.666  -3.187   1.146  -1.504   1.078   0.000 +1O000M000t
00069 LYS01A0031_001 f 0.00  0.000     0  0.00  0  0  -5.159  -1.410   3.341  -0.082   0.088   0.000 01O000M000t
00070 LYS+1A0031_002 f 0.00  1.000     0 10.40  0  1  -5.208  -1.413   3.341   0.217   0.651   0.000 +1O000M000t
00071 TYR01A0032_001 f 0.00  0.000     0  0.00  0  0  -2.296  -3.412   0.169   0.387   0.769   0.000 01O000M000t
00072 TYR01A0032_002 f 0.00  0.000     0  0.00  0  0  -2.296  -3.412   0.169   0.384   0.497   0.000 01O000M000t
00073 TYR-1A0032_003 f 0.00 -1.000     0 10.20  0 -1  -2.296  -3.412   0.169   0.121   0.784   0.000 -1O000M000t
00074 SER01A0033_001 f 0.00  0.000     0  0.00  0  0  -4.908  -0.350   0.454  -0.093  -0.265   0.000 01O000M000t
00075 SER01A0033_002 f 0.00  0.000     0  0.00  0  0  -4.908  -0.350   0.079  -0.256  -0.119   0.000 01O000M000t
00076 LEU01A0034_001 f 0.00  0.000     0  0.00  0  0  -3.656  -3.183   0.436   0.000   0.000   0.000 01O000M000t
00077 THR01A0035_001 f 0.00  0.000     0  0.00  0  0  -2.486  -1.783   0.404  -0.194   0.586   0.000 01O000M000t
00078 VAL01A0036_001 f 0.00  0.000     0  0.00  0  0   0.584  -3.344   0.142   0.000   0.000   0.000 01O000M000t
00079 ALA01A0037_001 f 0.00  0.000     0  0.00  0  0   0.000  -2.086   0.000   0.000   0.000   0.000 01O000M000t
00080 VAL01A0038_001 f 0.00  0.000     0  0.00  0  0   0.645  -3.982   0.047   0.000   0.000   0.000 01O000M000t
00081 LYS01A0039_001 f 0.00  0.000     0  0.00  0  0   1.513  -6.954   1.718  -0.238   1.432   0.000 01O000M000t
00082 LYS+1A0039_002 f 0.00  1.000     0 10.40  0  1   1.468  -6.978   1.718   3.026  12.535   0.000 +1O000M000t
00083 THR01A0040_001 f 0.00  0.000     0  0.00  0  0  -0.190   0.469   0.982   0.683   1.214   0.000 01O000M000t
00084 THR01A0040_002 f 0.00  0.000     0  0.00  0  0  -0.190   0.469   0.608  -0.656   0.728   0.000 01O000M000t
00085 LEU01A0041_001 f 0.00  0.000     0  0.00  0  0   2.354  -4.674   2.358   0.000   0.000   0.000 01O000M000t
00086 LYS01A0042_001 f 0.00  0.000     0  0.00  0  0  -6.045   2.495   2.726  -0.024   0.181   0.000 01O000M000t
00087 LYS+1A0042_002 f 0.00  1.000     0 10.40  0  1  -6.123   2.483   2.726   0.585   0.799   0.000 +1O000M000t
00088 GLU01A0043_001 f 0.00  0.000     0  0.00  0  0  -3.294   1.557   4.268   0.188  -0.356   0.000 01O000M000t
00089 GLU01A0043_002 f 0.00  0.000     0  0.00  0  0  -3.294   1.557   1.548   0.059   0.623   0.000 01O000M000t
00090 GLU02A0043_003 f 0.00  0.000     0  0.00  0  0  -3.250   1.567   4.268   0.053  -0.601   0.000 02O000M000t
00091 GLU02A0043_004 f 0.00  0.000     0  0.00  0  0  -3.250   1.567   1.548   0.028   0.639   0.000 02O000M000t
00092 GLU-1A0043_005 f 0.00 -1.000     0  4.75  0 -1  -3.311   1.585   1.548  -0.418  -0.117   0.000 -1O000M000t
00093 ASP01A0044_001 f 0.00  0.000     0  0.00  0  0  -2.466   1.452   5.447   0.013   1.056   0.000 01O000M000t
00094 ASP01A0044_002 f 0.00  0.000     0  0.00  0  0  -2.466   1.452   2.727   0.282   0.698   0.000 01O000M000t
00095 ASP02A0044_003 f 0.00  0.000     0  0.00  0  0  -2.522   0.870   5.447   0.462  -0.175   0.000 02O000M000t
00096 ASP02A0044_004 f 0.00  0.000     0  0.00  0  0  -2.522   0.870   2.727   0.351   1.142   0.000 02O000M000t
00097 ASP-1A0044_005 f 0.00 -1.000     0  4.75  0 -1  -2.448   0.906   2.727  -0.074   1.718   0.000 -1O000M000t
00098 THR01A0045_001 f 0.00  0.000     0  0.00  0  0  -2.441  13.087   0.815   2.418   0.657   0.000 01O000M000t
00099 THR01A0045_002 f 0.00  0.000     0  0.00  0  0  -2.441  13.087   0.440  -1.251   0.296   0.000 01O000M000t
00100 MET01A0046_001 f 0.00  0.000     0  0.00  0  0  -7.108  -0.756   2.912   0.073   0.040   0.000 01O000M000t
00101 GLU01A0047_001 f 0.00  0.000     0  0.00  0  0  -1.215  10.769   7.695   0.219   0.059   0.000 01O000M000t
00102 GLU01A0047_002 f 0.00  0.000     0  0.00  0  0  -1.215  10.769   4.975   0.091   0.608   0.000 01O000M000t
00103 GLU02A0047_003 f 0.00  0.000     0  0.00  0  0  -1.163  10.760   7.695   0.708   0.376   0.000 02O000M000t
00104 GLU02A0047_004 f 0.00  0.000     0  0.00  0  0  -1.163  10.760   4.975   0.151   0.825   0.000 02O000M000t
00105 GLU-1A0047_005 f 0.00 -1.000     0  4.75  0 -1  -1.243  10.815   4.975  -0.710   0.756   0.000 -1O000M000t
00106 VAL01A0048_001 f 0.00  0.000     0  0.00  0  0  -1.267   7.254   2.488   0.000   0.000   0.000 01O000M000t
00107 GLU01A0049_001 f 0.00  0.000     0  0.00  0  0   2.494  -1.622   5.731   1.067   0.556   0.000 01O000M000t
00108 GLU01A0049_002 f 0.00  0.000     0  0.00  0  0   2.494  -1.622   3.011   0.052   0.757   0.000 01O000M000t
00109 GLU02A0049_003 f 0.00  0.000     0  0.00  0  0   1.423  -1.594   5.731  -0.056  -0.721   0.000 02O000M000t
00110 GLU02A0049_004 f 0.00  0.000     0  0.00  0  0   1.423  -1.594   3.011  -0.033   0.184   0.000 02O000M000t
00111 GLU-1A0049_005 f 0.00 -1.000     0  4.75  0 -1   1.419  -1.570   3.011  -0.672   0.951   0.000 -1O000M000t
00112 GLU01A0050_001 f 0.00  0.000     0  0.00  0  0   0.698  -2.084   4.231   0.220   0.284   0.000 01O000M000t
00113 GLU01A0050_002 f 0.00  0.000     0  0.00  0  0   0.698  -2.084   1.511   0.157   1.706   0.000 01O000M000t
00114 GLU02A0050_003 f 0.00  0.000     0  0.00  0  0   1.378  -2.132   4.231   0.001   0.725   0.000 02O000M000t
00115 GLU02A0050_004 f 0.00  0.000     0  0.00  0  0   1.378  -2.132   1.511   0.150   0.948   0.000 02O000M000t
00116 GLU-1A0050_005 f 0.00 -1.000     0  4.75  0 -1   0.739  -2.049   1.511  -0.252   3.385   0.000 -1O000M000t
00117 PHE01A0051_001 f 0.00  0.000     0  0.00  0  0   4.520  -7.916   0.809   0.000   0.000   0.000 01O000M000t
00118 LEU01A0052_001 f 0.00  0.000     0  0.00  0  0  -1.318   7.143   2.853   0.000   0.000   0.000 01O000M000t
00119 LYS01A0053_001 f 0.00  0.000     0  0.00  0  0  -4.255   0.431   4.239  -0.007  -0.006   0.000 01O000M000t
00120 LYS+1A0053_002 f 0.00  1.000     0 10.40  0  1  -4.324   0.427   4.239   0.010   0.300   0.000 +1O000M000t
00121 GLU01A0054_001 f 0.00  0.000     0  0.00  0  0   1.144  -0.409   3.252  -0.729   1.951   0.000 01O000M000t
00122 GLU01A0054_002 f 0.00  0.000     0  0.00  0  0   1.144  -0.409   0.532  -0.385   2.891   0.000 01O000M000t
00123 GLU02A0054_003 f 0.00  0.000     0  0.00  0  0   1.396  -0.396   3.252   0.454   2.376   0.000 02O000M000t
00124 GLU02A0054_004 f 0.00  0.000     0  0.00  0  0   1.396  -0.396   0.532   0.232   2.465   0.000 02O000M000t
00125 GLU-1A0054_005 f 0.00 -1.000     0  4.75  0 -1   1.040  -0.306   0.532  -0.892   9.913   0.000 -1O000M000t
00126 ALA01A0055_001 f 0.00  0.000     0  0.00  0  0  -0.103  -0.547   0.000   0.000   0.000   0.000 01O000M000t
00127 ALA01A0056_001 f 0.00  0.000     0  0.00  0  0  -3.004  -1.087   0.000   0.000   0.000   0.000 01O000M000t
00128 VAL01A0057_001 f 0.00  0.000     0  0.00  0  0  -0.121   6.787   0.054   0.000   0.000   0.000 01O000M000t
00129 MET01A0058_001 f 0.00  0.000     0  0.00  0  0   0.089  -6.980   0.263  -0.086   0.096   0.000 01O000M000t
00130 LYS01A0059_001 f 0.00  0.000     0  0.00  0  0  -1.141  -1.429   1.199   0.161   0.632   0.000 01O000M000t
00131 LYS+1A0059_002 f 0.00  1.000     0 10.40  0  1  -1.187  -1.443   1.199   0.519   3.635   0.000 +1O000M000t
00132 GLU01A0060_001 f 0.00  0.000     0  0.00  0  0  -0.926  -0.577   4.915   0.114   0.629   0.000 01O000M000t
00133 GLU01A0060_002 f 0.00  0.000     0  0.00  0  0  -0.926  -0.577   2.195   0.125   0.766   0.000 01O000M000t
00134 GLU02A0060_003 f 0.00  0.000     0  0.00  0  0  -1.144  -0.611   4.915  -0.385   0.405   0.000 02O000M000t
00135 GLU02A0060_004 f 0.00  0.000     0  0.00  0  0  -1.144  -0.611   2.195   0.120   0.755   0.000 02O000M000t
00136 GLU-1A0060_005 f 0.00 -1.000     0  4.75  0 -1  -1.268  -0.533   2.195   0.435   1.129   0.000 -1O000M000t
00137 ILE01A0061_001 f 0.00  0.000     0  0.00  0  0   1.389   2.024   3.371   0.000   0.000   0.000 01O000M000t
00138 LYS01A0062_001 f 0.00  0.000     0  0.00  0  0  -6.549  -0.626   1.576  -0.008  -0.121   0.000 01O000M000t
00139 LYS+1A0062_002 f 0.00  1.000     0 10.40  0  1  -6.607  -0.629   1.576  -0.209  -0.041   0.000 +1O000M000t
00140 HIS01A0063_001 f 0.00  0.000     0  0.00  0  0  -1.252  -6.525   0.063  -2.690   2.918   0.000 01O000M000t
00141 HIS01A0063_002 f 0.00  0.000     0  0.00  0  0  -1.303   2.080   0.063   1.192   1.595   0.000 01R001M000t
00142 HIS02A0063_003 f 0.00  0.000     0  0.00  0  0  -1.271  -6.702   0.063   2.798   2.661   0.000 02O000M000t
00143 HIS02A0063_004 f 0.00  0.000     0  0.00  0  0  -1.316   2.146   0.063   0.465   2.354   0.000 02R001M000t
00144 HIS+1A0063_005 f 0.00  1.000     0  6.98  0  1  -1.298  -6.747   0.063   6.330   4.934   0.000 +1O000M000t
00145 HIS+1A0063_006 f 0.00  1.000     0  6.98  0  1  -1.342   2.048   0.063   4.824   5.085   0.000 +1R001M000t
00146 PRO01A0064_001 f 0.00  0.000     0  0.00  0  0  -5.631   3.339   0.000   0.000   0.000   0.000 01O000M000t
00147 ASN01A0065_001 f 0.00  0.000     0  0.00  0  0  -0.275  -4.852   0.980  -1.277   1.666   0.000 01O000M000t
00148 ASN01A0065_002 f 0.00  0.000     0  0.00  0  0  -0.209  -5.323   0.967   1.172   1.695   0.000 01R001M000t
00149 LEU01A0066_001 f 0.00  0.000     0  0.00  0  0   1.616  -5.864   0.844   0.000   0.000   0.000 01O000M000t
00150 VAL01A0067_001 f 0.00  0.000     0  0.00  0  0   0.558   0.512   0.000   0.000   0.000   0.000 01O000M000t
00151 GLN01A0068_001 f 0.00  0.000     0  0.00  0  0  -0.221  -3.805   1.376  -0.362   1.361   0.000 01O000M000t
00152 GLN01A0068_002 f 0.00  0.000     0  0.00  0  0  -0.328  -3.776   1.392   0.493   0.902   0.000 01R001M000t
00153 LEU01A0069_001 f 0.00  0.000     0  0.00  0  0   2.108  -5.979   0.667   0.000   0.000   0.000 01O000M000t
00154 LEU01A0070_001 f 0.00  0.000     0  0.00  0  0  -0.053  -5.320   0.427   0.000   0.000   0.000 01O000M000t
00155 VAL01A0072_001 f 0.00  0.000     0  0.00  0  0   0.460  -0.415   0.023   0.000   0.000   0.000 01O000M000t
00156 CYS01A0073_001 f 0.00  0.000     0  0.00  0  0  -0.146  -3.596   0.016  -1.140   0.915   0.000 01O000M000t
00157 CYS01A0073_002 f 0.00  0.000     0  0.00  0  0  -0.146  -3.737   0.016   0.079   0.935   0.000 01O000M000t
00158 CYS01A0073_003 f 0.00  0.000     0  0.00  0  0  -0.146  -3.762   0.016   0.157   0.959   0.000 01O000M000t
00159 CYS-1A0073_004 f 0.00 -1.000     0  9.10  0 -1  -0.144  -3.626   0.016  -1.288  10.414   0.000 -1O000M000t
00160 THR01A0074_001 f 0.00  0.000     0  0.00  0  0  -0.735   2.595   0.807   0.642   1.243   0.000 01O000M000t
00161 THR01A0074_002 f 0.00  0.000     0  0.00  0  0  -0.735   2.595   0.432  -0.843   0.389   0.000 01O000M000t
00162 ARG01A0075_001 f 0.00  0.000     0  0.00  0  0  -7.128  -2.210   1.015  -0.023   0.921   0.000 01O000M000t
00163 ARG02A0075_002 f 0.00  0.000     0  0.00  0  0  -7.168  -2.214   1.015   0.027   1.863   0.000 02O000M000t
00164 ARG03A0075_003 f 0.00  0.000     0  0.00  0  0  -7.169  -2.208   1.015  -0.017   1.806   0.000 03O000M000t
00165 ARG+1A0075_004 f 0.00  1.000     0 12.50  0  1  -7.212  -2.219   1.015   0.704   0.937   0.000 +1O000M000t
00166 GLU01A0076_001 f 0.00  0.000     0  0.00  0  0   0.763   3.598   5.343   0.509   0.586   0.000 01O000M000t
00167 GLU01A0076_002 f 0.00  0.000     0  0.00  0  0   0.763   3.598   2.623  -0.007   0.867   0.000 01O000M000t
00168 GLU02A0076_003 f 0.00  0.000     0  0.00  0  0   0.025   3.339   5.343  -0.399  -0.050   0.000 02O000M000t
00169 GLU02A0076_004 f 0.00  0.000     0  0.00  0  0   0.025   3.339   2.623  -0.186   1.031   0.000 02O000M000t
00170 GLU-1A0076_005 f 0.00 -1.000     0  4.75  0 -1   0.055   3.386   2.623  -0.832   1.469   0.000 -1O000M000t
00171 PRO01A0077_001 f 0.00  0.000     0  0.00  0  0  -2.533  -2.165   0.000   0.000   0.000   0.000 01O000M000t
00172 PRO01A0078_001 f 0.00  0.000     0  0.00  0  0  -2.893  -2.625   0.000   0.000   0.000   0.000 01O000M000t
00173 PHE01A0079_001 f 0.00  0.000     0  0.00  0  0   3.630  -7.984   0.000   0.000   0.000   0.000 01O000M000t
00174 TYR01A0080_001 f 0.00  0.000     0  0.00  0  0   3.427   0.211   0.267   0.162   1.207   0.000 01O000M000t
00175 TYR-1A0080_002 f 0.00 -1.000     0 10.20  0 -1   3.427   0.211   0.267  -0.074   5.573   0.000 -1O000M000t
00176 ILE01A0081_001 f 0.00  0.000     0  0.00  0  0   3.645  -3.228   1.003   0.000   0.000   0.000 01O000M000t
00177 ILE01A0082_001 f 0.00  0.000     0  0.00  0  0   1.303  -1.633   0.711   0.000   0.000   0.000 01O000M000t
00178 THR01A0083_001 f 0.00  0.000     0  0.00  0  0   0.230  -2.803   0.409   0.033   1.991   0.000 01O000M000t
00179 THR01A0083_002 f 0.00  0.000     0  0.00  0  0   0.230  -2.803   0.409  -1.663   1.982   0.000 01O000M000t
00180 THR01A0083_003 f 0.00  0.000     0  0.00  0  0   0.230  -2.803   0.034  -0.056   1.982   0.000 01O000M000t
00181 GLU01A0084_001 f 0.00  0.000     0  0.00  0  0  -0.190 999.000   3.405   4.746   1.777   0.000 01O000M000t
00182 GLU01A0084_002 f 0.00  0.000     0  0.00  0  0  -0.190   1.762   0.685  -0.567   1.948   0.000 01O000M000t
00183 GLU02A0084_003 f 0.00  0.000     0  0.00  0  0  -0.130   0.305   3.405  -1.375   1.211   0.000 02O000M000t
00184 GLU02A0084_004 f 0.00  0.000     0  0.00  0  0  -0.130   0.305   0.685  -1.502   1.748   0.000 02O000M000t
00185 GLU-1A0084_005 f 0.00 -1.000     0  4.75  0 -1  -0.264   0.368   0.685  -3.810   6.207   0.000 -1O000M000t
00186 PHE01A0085_001 f 0.00  0.000     0  0.00  0  0   2.930  -7.886   0.171   0.000   0.000   0.000 01O000M000t
00187 MET01A0086_001 f 0.00  0.000     0  0.00  0  0   0.706  -6.440   0.066   0.071   0.083   0.000 01O000M000t
00188 THR01A0087_001 f 0.00  0.000     0  0.00  0  0  -2.555   3.438   1.586   0.256   0.723   0.000 01O000M000t
00189 THR01A0087_002 f 0.00  0.000     0  0.00  0  0  -2.555   3.438   1.211  -0.785  -0.056   0.000 01O000M000t
00190 TYR01A0088_001 f 0.00  0.000     0  0.00  0  0  -1.354  -4.683   0.293   0.382   0.323   0.000 01O000M000t
00191 TYR-1A0088_002 f 0.00 -1.000     0 10.20  0 -1  -1.354  -4.683   0.293  -0.127  -0.181   0.000 -1O000M000t
00192 ASN01A0090_001 f 0.00  0.000     0  0.00  0  0  -0.319  -4.395   1.540  -2.436   1.424   0.000 01O000M000t
00193 ASN01A0090_002 f 0.00  0.000     0  0.00  0  0  -0.306  -2.708   1.540   3.587   1.509   0.000 01R001M000t
00194 LEU01A0091_001 f 0.00  0.000     0  0.00  0  0   1.483  -4.657   0.486   0.000   0.000   0.000 01O000M000t
00195 LEU01A0092_001 f 0.00  0.000     0  0.00  0  0   0.081  -4.559   0.574   0.000   0.000   0.000 01O000M000t
00196 ASP01A0093_001 f 0.00  0.000     0  0.00  0  0  -1.471  -0.192   3.064   0.788   0.323   0.000 01O000M000t
00197 ASP01A0093_002 f 0.00  0.000     0  0.00  0  0  -1.471  -0.192   0.344   0.356   0.419   0.000 01O000M000t
00198 ASP02A0093_003 f 0.00  0.000     0  0.00  0  0  -1.436  -0.714   3.064   0.476   0.111   0.000 02O000M000t
00199 ASP02A0093_004 f 0.00  0.000     0  0.00  0  0  -1.436  -0.714   0.344   0.355   0.811   0.000 02O000M000t
00200 ASP-1A0093_005 f 0.00 -1.000     0  4.75  0 -1  -1.444  -0.667   0.344  -1.189   1.306   0.000 -1O000M000t
00201 TYR01A0094_001 f 0.00  0.000     0  0.00  0  0   3.224  -6.189   0.001   0.263   1.257   0.000 01O000M000t
00202 TYR01A0094_002 f 0.00  0.000     0  0.00  0  0   3.224  -6.189   0.001   0.312   1.945   0.000 01O000M000t
00203 TYR-1A0094_003 f 0.00 -1.000     0 10.20  0 -1   3.224  -6.189   0.001  -0.336   5.637   0.000 -1O000M000t
00204 LEU01A0095_001 f 0.00  0.000     0  0.00  0  0   1.237  -2.950   0.840   0.000   0.000   0.000 01O000M000t
00205 ARG01A0096_001 f 0.00  0.000     0  0.00  0  0  -4.490  -4.390   0.764   0.409   1.770   0.000 01O000M000t
00206 ARG02A0096_002 f 0.00  0.000     0  0.00  0  0  -4.530  -3.887   0.764  -1.771   2.415   0.000 02O000M000t
00207 ARG03A0096_003 f 0.00  0.000     0  0.00  0  0  -4.531  -3.783   0.764  -0.583   2.122   0.000 03O000M000t
00208 ARG+1A0096_004 f 0.00  1.000     0 12.50  0  1  -4.574  -3.892   0.764  -3.355   2.923   0.000 +1O000M000t
00209 GLU01A0097_001 f 0.00  0.000     0  0.00  0  0   1.734  -2.835   4.210  -0.203   0.051   0.000 01O000M000t
00210 GLU01A0097_002 f 0.00  0.000     0  0.00  0  0   1.734  -2.835   1.490  -0.123   0.923   0.000 01O000M000t
00211 GLU02A0097_003 f 0.00  0.000     0  0.00  0  0   0.831  -2.820   4.210  -0.076  -0.249   0.000 02O000M000t
00212 GLU02A0097_004 f 0.00  0.000     0  0.00  0  0   0.831  -2.820   1.490  -0.025   0.902   0.000 02O000M000t
00213 GLU-1A0097_005 f 0.00 -1.000     0  4.75  0 -1   0.963  -2.762   1.490   0.465   1.197   0.000 -1O000M000t
00214 CYS01A0098_001 f 0.00  0.000     0  0.00  0  0  -0.050  -2.249   0.193  -1.282   0.721   0.000 01O000M000t
00215 CYS01A0098_002 f 0.00  0.000     0  0.00  0  0  -0.050  -2.301   0.193   0.162   0.934   0.000 01O000M000t
00216 CYS01A0098_003 f 0.00  0.000     0  0.00  0  0  -0.051  -2.182   0.193  -0.439   0.938   0.000 01O000M000t
00217 CYS-1A0098_004 f 0.00 -1.000     0  9.10  0 -1  -0.048  -2.121   0.193   0.198   9.493   0.000 -1O000M000t
00218 ASN01A0099_001 f 0.00  0.000     0  0.00  0  0  -2.478   0.477   0.260  -1.372   0.683   0.000 01O000M000t
00219 ARG01A0100_001 f 0.00  0.000     0  0.00  0  0  -4.725  -3.410   0.867   0.165   0.848   0.000 01O000M000t
00220 ARG02A0100_002 f 0.00  0.000     0  0.00  0  0  -4.705  -3.423   0.867  -0.040   1.707   0.000 02O000M000t
00221 ARG03A0100_003 f 0.00  0.000     0  0.00  0  0  -4.763  -3.410   0.867   0.131   1.440   0.000 03O000M000t
00222 ARG+1A0100_004 f 0.00  1.000     0 12.50  0  1  -4.806  -3.429   0.867  -0.865   1.077   0.000 +1O000M000t
00223 GLN01A0101_001 f 0.00  0.000     0  0.00  0  0  -3.231  -1.603   1.013   0.154  -0.039   0.000 01O000M000t
00224 GLN01A0101_002 f 0.00  0.000     0  0.00  0  0  -3.207  -1.567   1.052   0.128  -0.417   0.000 01R001M000t
00225 GLU01A0102_001 f 0.00  0.000     0  0.00  0  0  -0.478   1.966   3.914   0.251   0.400   0.000 01O000M000t
00226 GLU01A0102_002 f 0.00  0.000     0  0.00  0  0  -0.478   1.966   1.194   0.082   0.715   0.000 01O000M000t
00227 GLU02A0102_003 f 0.00  0.000     0  0.00  0  0  -0.631   1.978   3.914   0.198   0.665   0.000 02O000M000t
00228 GLU02A0102_004 f 0.00  0.000     0  0.00  0  0  -0.631   1.978   1.194   0.120   0.737   0.000 02O000M000t
00229 GLU-1A0102_005 f 0.00 -1.000     0  4.75  0 -1  -0.679   2.017   1.194  -0.616   1.462   0.000 -1O000M000t
00230 VAL01A0103_001 f 0.00  0.000     0  0.00  0  0   0.465   0.747   0.005   0.000   0.000   0.000 01O000M000t
00231 ASN01A0104_001 f 0.00  0.000     0  0.00  0  0  -1.884  -1.097   0.216  -1.900   1.172   0.000 01O000M000t
00232 ALA01A0105_001 f 0.00  0.000     0  0.00  0  0  -3.190  -0.593   0.000   0.000   0.000   0.000 01O000M000t
00233 VAL01A0106_001 f 0.00  0.000     0  0.00  0  0  -2.371  -0.321   0.148   0.000   0.000   0.000 01O000M000t
00234 VAL01A0107_001 f 0.00  0.000     0  0.00  0  0  -0.317  -2.450   0.000   0.000   0.000   0.000 01O000M000t
00235 LEU01A0108_001 f 0.00  0.000     0  0.00  0  0   0.484  -1.580   0.476   0.000   0.000   0.000 01O000M000t
00236 LEU01A0109_001 f 0.00  0.000     0  0.00  0  0   1.136  -4.218   1.089   0.000   0.000   0.000 01O000M000t
00237 TYR01A0110_001 f 0.00  0.000     0  0.00  0  0  -0.149  -4.804   0.010   0.401   0.481   0.000 01O000M000t
00238 TYR-1A0110_002 f 0.00 -1.000     0 10.20  0 -1  -0.149  -4.804   0.010   1.016   1.098   0.000 -1O000M000t
00239 MET01A0111_001 f 0.00  0.000     0  0.00  0  0   0.135  -5.375   1.876  -0.021   0.099   0.000 01O000M000t
00240 ALA01A0112_001 f 0.00  0.000     0  0.00  0  0  -0.052  -1.763   0.000   0.000   0.000   0.000 01O000M000t
00241 THR01A0113_001 f 0.00  0.000     0  0.00  0  0  -0.257  -2.609   0.386   0.644   1.965   0.000 01O000M000t
00242 THR01A0113_002 f 0.00  0.000     0  0.00  0  0  -0.257  -2.609   0.386  -1.452   1.961   0.000 01O000M000t
00243 GLN01A0114_001 f 0.00  0.000     0  0.00  0  0   0.338  -5.259   2.023  -3.247   2.793   0.000 01O000M000t
00244 GLN01A0114_002 f 0.00  0.000     0  0.00  0  0   0.264  -2.911   2.022   2.056   3.074   0.000 01R001M000t
00245 ILE01A0115_001 f 0.00  0.000     0  0.00  0  0   1.212  -2.257   0.580   0.000   0.000   0.000 01O000M000t
00246 SER01A0116_001 f 0.00  0.000     0  0.00  0  0   0.000  -1.559   0.915  -1.123   1.982   0.000 01O000M000t
00247 SER01A0116_002 f 0.00  0.000     0  0.00  0  0   0.000  -1.559   0.915   0.314   1.979   0.000 01O000M000t
00248 SER01A0117_001 f 0.00  0.000     0  0.00  0  0  -1.211  -1.934   0.475   0.319   1.282   0.000 01O000M000t
00249 SER01A0117_002 f 0.00  0.000     0  0.00  0  0  -1.211  -1.934   0.475  -0.508   0.320   0.000 01O000M000t
00250 ALA01A0118_001 f 0.00  0.000     0  0.00  0  0   0.000  -1.810   0.000   0.000   0.000   0.000 01O000M000t
00251 MET01A0119_001 f 0.00  0.000     0  0.00  0  0   1.604  -4.283   0.316   0.033   0.099   0.000 01O000M000t
00252 GLU01A0120_001 f 0.00  0.000     0  0.00  0  0   0.021  -5.606   2.989   0.233   0.865   0.000 01O000M000t
00253 GLU01A0120_002 f 0.00  0.000     0  0.00  0  0   0.021  -5.606   0.269   0.107   1.176   0.000 01O000M000t
00254 GLU02A0120_003 f 0.00  0.000     0  0.00  0  0  -0.362  -5.556   2.989   0.401   1.352   0.000 02O000M000t
00255 GLU02A0120_004 f 0.00  0.000     0  0.00  0  0  -0.362  -5.556   0.269   0.083   1.181   0.000 02O000M000t
00256 GLU-1A0120_005 f 0.00 -1.000     0  4.75  0 -1  -0.343  -5.505   0.269  -0.518   3.023   0.000 -1O000M000t
00257 TYR01A0121_001 f 0.00  0.000     0  0.00  0  0   2.108  -3.506   0.186  -0.753   1.473   0.000 01O000M000t
00258 TYR-1A0121_002 f 0.00 -1.000     0 10.20  0 -1   2.108  -3.506   0.186  -1.748   6.213   0.000 -1O000M000t
00259 LEU01A0122_001 f 0.00  0.000     0  0.00  0  0   1.358  -4.637   0.455   0.000   0.000   0.000 01O000M000t
00260 GLU01A0123_001 f 0.00  0.000     0  0.00  0  0  -0.132  -1.276   4.528  -2.239   2.004   0.000 01O000M000t
00261 GLU01A0123_002 f 0.00  0.000     0  0.00  0  0  -0.132 997.724   1.808   3.511   2.511   0.000 01O000M000t
00262 GLU02A0123_003 f 0.00  0.000     0  0.00  0  0  -0.138  -2.170   4.528  -2.716   1.562   0.000 02O000M000t
00263 GLU02A0123_004 f 0.00  0.000     0  0.00  0  0  -0.138  -2.170   1.808   1.461   2.753   0.000 02O000M000t
00264 GLU-1A0123_005 f 0.00 -1.000     0  4.75  0 -1  -0.210  -2.228   1.808  -7.689   7.998   0.000 -1O000M000t
00265 LYS01A0124_001 f 0.00  0.000     0  0.00  0  0  -4.316  -1.750   3.146   0.091   0.466   0.000 01O000M000t
00266 LYS+1A0124_002 f 0.00  1.000     0 10.40  0  1  -4.365  -1.760   3.146   0.324   2.267   0.000 +1O000M000t
00267 LYS01A0125_001 f 0.00  0.000     0  0.00  0  0  -3.513  -2.251   1.698  -0.010   0.039   0.000 01O000M000t
00268 LYS+1A0125_002 f 0.00  1.000     0 10.40  0  1  -3.557  -2.256   1.698  -0.298  -0.046   0.000 +1O000M000t
00269 ASN01A0126_001 f 0.00  0.000     0  0.00  0  0  -2.015  -0.008   0.866   0.194   0.218   0.000 01O000M000t
00270 ASN01A0126_002 f 0.00  0.000     0  0.00  0  0  -1.995  -0.300   0.839   0.015  -0.186   0.000 01R001M000t
00271 PHE01A0127_001 f 0.00  0.000     0  0.00  0  0   4.437  -9.073   0.929   0.000   0.000   0.000 01O000M000t
00272 ILE01A0128_001 f 0.00  0.000     0  0.00  0  0   2.571  -4.979   0.444   0.000   0.000   0.000 01O000M000t
00273 HIS01A0129_001 f 0.00  0.000     0  0.00  0  0  -0.232  -4.360   0.187  -3.302   3.214   0.000 01O000M000t
00274 HIS02A0129_002 f 0.00  0.000     0  0.00  0  0  -0.248 994.654   0.187   4.826   3.386   0.000 02O000M000t
00275 HIS+1A0129_003 f 0.00  1.000     0  6.98  0  1  -0.274 994.609   0.187   6.808   8.929   0.000 +1O000M000t
00276 ARG01A0130_001 f 0.00  0.000     0  0.00  0  0  -0.318  -4.389   2.821   0.313   1.301   0.000 01O000M000t
00277 ARG02A0130_002 f 0.00  0.000     0  0.00  0  0  -0.357  -4.222   2.821   0.258   2.336   0.000 02O000M000t
00278 ARG03A0130_003 f 0.00  0.000     0  0.00  0  0  -0.359  -4.392   2.821   0.294   2.184   0.000 03O000M000t
00279 ARG+1A0130_004 f 0.00  1.000     0 12.50  0  1  -0.404  -4.400   2.821   0.877   3.036   0.000 +1O000M000t
00280 ASP01A0131_001 f 0.00  0.000     0  0.00  0  0  -0.605   2.275   3.824   0.846   0.888   0.000 01O000M000t
00281 ASP01A0131_002 f 0.00  0.000     0  0.00  0  0  -0.605   2.275   1.104   0.159   1.707   0.000 01O000M000t
00282 ASP02A0131_003 f 0.00  0.000     0  0.00  0  0  -0.570   1.784   3.824  -0.061   0.780   0.000 02O000M000t
00283 ASP02A0131_004 f 0.00  0.000     0  0.00  0  0  -0.570   1.784   1.104  -0.083   1.926   0.000 02O000M000t
00284 ASP-1A0131_005 f 0.00 -1.000     0  4.75  0 -1  -0.606   1.834   1.104  -1.242   5.809   0.000 -1O000M000t
00285 LEU01A0132_001 f 0.00  0.000     0  0.00  0  0   2.777  -1.097   3.477   0.000   0.000   0.000 01O000M000t
00286 ALA01A0133_001 f 0.00  0.000     0  0.00  0  0   0.000  -0.885   0.000   0.000   0.000   0.000 01O000M000t
00287 ALA01A0134_001 f 0.00  0.000     0  0.00  0  0   0.000  -1.835   0.000   0.000   0.000   0.000 01O000M000t
00288 ARG01A0135_001 f 0.00  0.000     0  0.00  0  0  -2.606  -1.874   0.464   0.106   2.201   0.000 01O000M000t
00289 ARG02A0135_002 f 0.00  0.000     0  0.00  0  0  -2.620  -1.873   0.464  -0.130   3.133   0.000 02O000M000t
00290 ARG03A0135_003 f 0.00  0.000     0  0.00  0  0  -2.628  -1.864   0.464  -0.102   3.114   0.000 03O000M000t
00291 ARG03A0135_004 f 0.00  0.000     0  0.00  0  0  -2.624  -1.869   0.464   0.052   2.903   0.000 03O000M000t
00292 ARG+1A0135_005 f 0.00  1.000     0 12.50  0  1  -2.666  -1.884   0.464   1.839   3.876   0.000 +1O000M000t
00293 ASN01A0136_001 f 0.00  0.000     0  0.00  0  0  -0.362   1.942   0.312  -1.786   1.486   0.000 01O000M000t
00294 ASN01A0136_002 f 0.00  0.000     0  0.00  0  0  -0.469  -0.233   0.318   0.871   1.550   0.000 01R001M000t
00295 CYS01A0137_001 f 0.00  0.000     0  0.00  0  0  -0.002  -4.605   0.001  -0.037   0.994   0.000 01O000M000t
00296 CYS01A0137_002 f 0.00  0.000     0  0.00  0  0  -0.002  -4.687   0.001  -0.278   0.993   0.000 01O000M000t
00297 CYS01A0137_003 f 0.00  0.000     0  0.00  0  0  -0.002  -4.571   0.001   0.046   0.994   0.000 01O000M000t
00298 CYS-1A0137_004 f 0.00 -1.000     0  9.10  0 -1   0.000  -4.539   0.001  -3.480  14.798   0.000 -1O000M000t
00299 LEU01A0138_001 f 0.00  0.000     0  0.00  0  0   1.768  -2.576   0.698   0.000   0.000   0.000 01O000M000t
00300 VAL01A0139_001 f 0.00  0.000     0  0.00  0  0   0.352  -4.168   0.187   0.000   0.000   0.000 01O000M000t
00301 GLU01A0141_001 f 0.00  0.000     0  0.00  0  0  -2.032  -0.696   3.985   0.223  -0.510   0.000 01O000M000t
00302 GLU01A0141_002 f 0.00  0.000     0  0.00  0  0  -2.032  -0.696   1.265   0.078   0.428   0.000 01O000M000t
00303 GLU02A0141_003 f 0.00  0.000     0  0.00  0  0  -2.369  -0.684   3.985   0.137  -0.651   0.000 02O000M000t
00304 GLU02A0141_004 f 0.00  0.000     0  0.00  0  0  -2.369  -0.684   1.265   0.079   0.463   0.000 02O000M000t
00305 GLU-1A0141_005 f 0.00 -1.000     0  4.75  0 -1  -2.298  -0.671   1.265  -0.271  -0.154   0.000 -1O000M000t
00306 ASN01A0142_001 f 0.00  0.000     0  0.00  0  0  -3.054   0.165   1.160   0.076   0.130   0.000 01O000M000t
00307 ASN01A0142_002 f 0.00  0.000     0  0.00  0  0  -2.862   0.140   1.136   0.197  -0.088   0.000 01R001M000t
00308 HIS01A0143_001 f 0.00  0.000     0  0.00  0  0  -1.894  -0.581   0.554  -0.251   2.187   0.000 01O000M000t
00309 HIS01A0143_002 f 0.00  0.000     0  0.00  0  0  -1.866  -0.532   0.554   0.292   2.097   0.000 01R001M000t
00310 HIS02A0143_003 f 0.00  0.000     0  0.00  0  0  -1.909  -0.635   0.554   0.161   1.879   0.000 02O000M000t
00311 HIS02A0143_004 f 0.00  0.000     0  0.00  0  0  -1.880  -0.543   0.554  -0.140   1.928   0.000 02R001M000t
00312 HIS+1A0143_005 f 0.00  1.000     0  6.98  0  1  -1.936  -0.653   0.554   0.716   3.704   0.000 +1O000M000t
00313 HIS+1A0143_006 f 0.00  1.000     0  6.98  0  1  -1.907  -0.561   0.554   0.679   3.481   0.000 +1R001M000t
00314 LEU01A0144_001 f 0.00  0.000     0  0.00  0  0  -2.109  -4.838   0.570   0.000   0.000   0.000 01O000M000t
00315 VAL01A0145_001 f 0.00  0.000     0  0.00  0  0   0.601  -2.661   0.009   0.000   0.000   0.000 01O000M000t
00316 LYS01A0146_001 f 0.00  0.000     0  0.00  0  0  -0.317  -7.175   1.467  -0.063   0.495   0.000 01O000M000t
00317 LYS+1A0146_002 f 0.00  1.000     0 10.40  0  1  -0.360  -7.203   1.467   0.243   3.813   0.000 +1O000M000t
00318 VAL01A0147_001 f 0.00  0.000     0  0.00  0  0   0.522  -0.971   0.287   0.000   0.000   0.000 01O000M000t
00319 ALA01A0148_001 f 0.00  0.000     0  0.00  0  0   0.000  -1.107   0.000   0.000   0.000   0.000 01O000M000t
00320 ASP01A0149_001 f 0.00  0.000     0  0.00  0  0   0.121  -0.257   2.986   2.804   2.261   0.000 01O000M000t
00321 ASP01A0149_002 f 0.00  0.000     0  0.00  0  0   0.121  -0.257   0.266  -0.156   2.300   0.000 01O000M000t
00322 ASP02A0149_003 f 0.00  0.000     0  0.00  0  0   0.200  -0.900   2.986  -0.233   2.715   0.000 02O000M000t
00323 ASP02A0149_004 f 0.00  0.000     0  0.00  0  0   0.200  -0.900   0.266  -2.108   2.545   0.000 02O000M000t
00324 ASP-1A0149_005 f 0.00 -1.000     0  4.75  0 -1   0.115  -0.968   0.266  -2.451  11.594   0.000 -1O000M000t
00325 PHE01A0150_001 f 0.00  0.000     0  0.00  0  0   3.417  -3.664   0.266   0.000   0.000   0.000 01O000M000t
00326 LEU01A0152_001 f 0.00  0.000     0  0.00  0  0   1.673  -1.987   0.481   0.000   0.000   0.000 01O000M000t
00327 SER01A0153_001 f 0.00  0.000     0  0.00  0  0  -0.409  -1.893   0.758  -0.398   0.632   0.000 01O000M000t
00328 SER01A0153_002 f 0.00  0.000     0  0.00  0  0  -0.409  -1.893   0.758  -0.144   1.399   0.000 01O000M000t
00329 SER01A0153_003 f 0.00  0.000     0  0.00  0  0  -0.409  -1.893   0.383  -0.114   1.485   0.000 01O000M000t
00330 ARG01A0154_001 f 0.00  0.000     0  0.00  0  0  -1.449  -3.255   1.960   0.135   1.240   0.000 01O000M000t
00331 ARG02A0154_002 f 0.00  0.000     0  0.00  0  0  -1.473  -3.259   1.960  -0.051   2.462   0.000 02O000M000t
00332 ARG02A0154_003 f 0.00  0.000     0  0.00  0  0  -1.442  -3.259   1.960  -0.085   2.204   0.000 02O000M000t
00333 ARG03A0154_004 f 0.00  0.000     0  0.00  0  0  -1.481  -3.253   1.960  -0.031   2.153   0.000 03O000M000t
00334 ARG03A0154_005 f 0.00  0.000     0  0.00  0  0  -1.477  -3.257   1.960   0.084   2.319   0.000 03O000M000t
00335 ARG+1A0154_006 f 0.00  1.000     0 12.50  0  1  -1.520  -3.267   1.960  -0.434   2.086   0.000 +1O000M000t
00336 LEU01A0155_001 f 0.00  0.000     0  0.00  0  0   1.215  -7.406   0.403   0.000   0.000   0.000 01O000M000t
00337 MET01A0156_001 f 0.00  0.000     0  0.00  0  0  -8.019  -1.526   2.025   0.029   0.059   0.000 01O000M000t
00338 THR01A0157_001 f 0.00  0.000     0  0.00  0  0  -6.617  12.561   0.401   0.165   0.168   0.000 01O000M000t
00339 ASP01A0159_001 f 0.00  0.000     0  0.00  0  0  -2.686   3.790   5.492   0.483  -0.437   0.000 01O000M000t
00340 ASP01A0159_002 f 0.00  0.000     0  0.00  0  0  -2.686   3.790   2.772   0.221   0.346   0.000 01O000M000t
00341 ASP02A0159_003 f 0.00  0.000     0  0.00  0  0  -2.734   2.933   5.492   0.399  -0.490   0.000 02O000M000t
00342 ASP02A0159_004 f 0.00  0.000     0  0.00  0  0  -2.734   2.933   2.772   0.270   0.636   0.000 02O000M000t
00343 ASP-1A0159_005 f 0.00 -1.000     0  4.75  0 -1  -2.720   2.968   2.772  -0.569   0.034   0.000 -1O000M000t
00344 THR01A0160_001 f 0.00  0.000     0  0.00  0  0  -2.895   2.315   1.640  -0.497  -0.023   0.000 01O000M000t
00345 TYR01A0161_001 f 0.00  0.000     0  0.00  0  0   0.110  -6.403   0.108   0.095   0.648   0.000 01O000M000t
00346 TYR-1A0161_002 f 0.00 -1.000     0 10.20  0 -1   0.110  -6.403   0.108  -0.570   1.841   0.000 -1O000M000t
00347 THR01A0162_001 f 0.00  0.000     0  0.00  0  0  -3.673  -0.583   0.404  -0.283   1.463   0.000 01O000M000t
00348 THR01A0162_002 f 0.00  0.000     0  0.00  0  0  -3.673  -0.583   0.404  -0.057   0.493   0.000 01O000M000t
00349 ALA01A0163_001 f 0.00  0.000     0  0.00  0  0  -0.412  -1.106   0.000   0.000   0.000   0.000 01O000M000t
00350 HIS01A0164_001 f 0.00  0.000     0  0.00  0  0  -8.438  29.366   0.350   0.049   0.869   0.000 01O000M000t
00351 HIS01A0164_002 f 0.00  0.000     0  0.00  0  0  -8.334  -3.428   0.350   1.084   0.916   0.000 01R001M000t
00352 HIS02A0164_003 f 0.00  0.000     0  0.00  0  0  -8.459  29.395   0.350  -0.034   0.755   0.000 02O000M000t
00353 HIS02A0164_004 f 0.00  0.000     0  0.00  0  0  -8.346  -3.334   0.350  -0.647   1.027   0.000 02R001M000t
00354 HIS+1A0164_005 f 0.00  1.000     0  6.98  0  1  -8.486  29.335   0.350   0.151   0.521   0.000 +1O000M000t
00355 HIS+1A0164_006 f 0.00  1.000     0  6.98  0  1  -8.372  -3.347   0.350  -0.757   0.905   0.000 +1R001M000t
00356 ALA01A0165_001 f 0.00  0.000     0  0.00  0  0  -5.338  -0.395   0.000   0.000   0.000   0.000 01O000M000t
00357 ALA01A0167_001 f 0.00  0.000     0  0.00  0  0  -0.464  -0.941   0.000   0.000   0.000   0.000 01O000M000t
00358 LYS01A0168_001 f 0.00  0.000     0  0.00  0  0  -9.476   4.094   2.711   0.028   0.126   0.000 01O000M000t
00359 LYS+1A0168_002 f 0.00  1.000     0 10.40  0  1  -9.538   4.089   2.711  -0.016  -0.185   0.000 +1O000M000t
00360 PHE01A0169_001 f 0.00  0.000     0  0.00  0  0   3.394  -6.013   0.609   0.000   0.000   0.000 01O000M000t
00361 PRO01A0170_001 f 0.00  0.000     0  0.00  0  0  -1.316  -0.163   0.000   0.000   0.000   0.000 01O000M000t
00362 ILE01A0171_001 f 0.00  0.000     0  0.00  0  0  -1.530  -0.652   0.518   0.000   0.000   0.000 01O000M000t
00363 LYS01A0172_001 f 0.00  0.000     0  0.00  0  0  -0.700   3.630   1.269  -0.358   0.598   0.000 01O000M000t
00364 LYS+1A0172_002 f 0.00  1.000     0 10.40  0  1  -0.743   3.443   1.269  -4.265   4.905   0.000 +1O000M000t
00365 TRP01A0173_001 f 0.00  0.000     0  0.00  0  0   0.419  -8.576   0.344   0.000   0.000   0.000 01O000M000t
00366 THR01A0174_001 f 0.00  0.000     0  0.00  0  0   0.109  -1.501   0.409   0.360   1.050   0.000 01O000M000t
00367 THR01A0174_002 f 0.00  0.000     0  0.00  0  0   0.109  -1.501   0.409  -1.731   1.607   0.000 01O000M000t
00368 ALA01A0175_001 f 0.00  0.000     0  0.00  0  0   0.000  -2.127   0.000   0.000   0.000   0.000 01O000M000t
00369 PRO01A0176_001 f 0.00  0.000     0  0.00  0  0   0.281   0.070   0.000   0.000   0.000   0.000 01O000M000t
00370 GLU01A0177_001 f 0.00  0.000     0  0.00  0  0   1.250   6.894   3.620   2.825   2.084   0.000 01O000M000t
00371 GLU01A0177_002 f 0.00  0.000     0  0.00  0  0   1.250   6.894   0.900  -0.642   2.838   0.000 01O000M000t
00372 GLU02A0177_003 f 0.00  0.000     0  0.00  0  0   0.891   3.889   3.620  -1.367   1.652   0.000 02O000M000t
00373 GLU02A0177_004 f 0.00  0.000     0  0.00  0  0   0.891   3.889   0.900  -1.523   2.811   0.000 02O000M000t
00374 GLU-1A0177_005 f 0.00 -1.000     0  4.75  0 -1   0.887   4.019   0.900  -6.204   9.660   0.000 -1O000M000t
00375 SER01A0178_001 f 0.00  0.000     0  0.00  0  0   0.000  -1.477   0.394  -2.281   1.810   0.000 01O000M000t
00376 SER01A0178_002 f 0.00  0.000     0  0.00  0  0   0.000  -1.477   0.394   0.936   1.834   0.000 01O000M000t
00377 SER01A0178_003 f 0.00  0.000     0  0.00  0  0   0.000  -1.477   0.019   0.109   1.373   0.000 01O000M000t
00378 LEU01A0179_001 f 0.00  0.000     0  0.00  0  0   0.914  -6.614   0.448   0.000   0.000   0.000 01O000M000t
00379 ALA01A0180_001 f 0.00  0.000     0  0.00  0  0  -0.567  -1.311   0.000   0.000   0.000   0.000 01O000M000t
00380 TYR01A0181_001 f 0.00  0.000     0  0.00  0  0  -4.761  -3.595   0.118   0.217   0.148   0.000 01O000M000t
00381 TYR-1A0181_002 f 0.00 -1.000     0 10.20  0 -1  -4.761  -3.595   0.118  -0.174  -0.012   0.000 -1O000M000t
00382 ASN01A0182_001 f 0.00  0.000     0  0.00  0  0  -0.331  11.286   2.259  -0.680   1.595   0.000 01O000M000t
00383 ASN01A0182_002 f 0.00  0.000     0  0.00  0  0  -0.598  11.956   2.275   0.671   1.738   0.000 01R001M000t
00384 LYS01A0183_001 f 0.00  0.000     0  0.00  0  0  -2.212  -3.369   1.238   0.058   0.340   0.000 01O000M000t
00385 LYS+1A0183_002 f 0.00  1.000     0 10.40  0  1  -2.282  -3.398   1.238  -0.230   1.396   0.000 +1O000M000t
00386 PHE01A0184_001 f 0.00  0.000     0  0.00  0  0   4.225  -7.355   0.011   0.000   0.000   0.000 01O000M000t
00387 SER01A0185_001 f 0.00  0.000     0  0.00  0  0  -0.429  -1.628   1.186   0.053   1.102   0.000 01O000M000t
00388 SER01A0185_002 f 0.00  0.000     0  0.00  0  0  -0.429  -1.628   0.811  -2.191   0.725   0.000 01O000M000t
00389 ILE01A0186_001 f 0.00  0.000     0  0.00  0  0  -0.771  -1.742   0.968   0.000   0.000   0.000 01O000M000t
00390 LYS01A0187_001 f 0.00  0.000     0  0.00  0  0  -1.238  -5.263   0.917  -0.008   0.803   0.000 01O000M000t
00391 LYS+1A0187_002 f 0.00  1.000     0 10.40  0  1  -1.285  -5.232   0.917  -3.166   5.316   0.000 +1O000M000t
00392 SER01A0188_001 f 0.00  0.000     0  0.00  0  0   0.000  -2.101   0.519  -1.081   1.809   0.000 01O000M000t
00393 SER01A0188_002 f 0.00  0.000     0  0.00  0  0   0.000  -2.101   0.519   1.165   1.723   0.000 01O000M000t
00394 SER01A0188_003 f 0.00  0.000     0  0.00  0  0   0.000  -2.101   0.144  -0.662   1.764   0.000 01O000M000t
00395 ASP01A0189_001 f 0.00  0.000     0  0.00  0  0   0.057   8.035   3.666  -0.674   1.841   0.000 01O000M000t
00396 ASP01A0189_002 f 0.00  0.000     0  0.00  0  0   0.057   8.035   0.946  -2.718   2.131   0.000 01O000M000t
00397 ASP02A0189_003 f 0.00  0.000     0  0.00  0  0   0.132   5.889   3.666   0.500   2.337   0.000 02O000M000t
00398 ASP02A0189_004 f 0.00  0.000     0  0.00  0  0   0.132   5.889   0.946   4.506   2.553   0.000 02O000M000t
00399 ASP-1A0189_005 f 0.00 -1.000     0  4.75  0 -1   0.054   5.480   0.946  -5.236  11.328   0.000 -1O000M000t
00400 VAL01A0190_001 f 0.00  0.000     0  0.00  0  0   0.473  -1.637   0.445   0.000   0.000   0.000 01O000M000t
00401 TRP01A0191_001 f 0.00  0.000     0  0.00  0  0   2.529 -10.695   0.035   0.000   0.000   0.000 01O000M000t
00402 ALA01A0192_001 f 0.00  0.000     0  0.00  0  0  -0.515  -2.674   0.000   0.000   0.000   0.000 01O000M000t
00403 PHE01A0193_001 f 0.00  0.000     0  0.00  0  0   4.384  -6.539   0.040   0.000   0.000   0.000 01O000M000t
00404 VAL01A0195_001 f 0.00  0.000     0  0.00  0  0   0.549  -2.551   0.001   0.000   0.000   0.000 01O000M000t
00405 LEU01A0196_001 f 0.00  0.000     0  0.00  0  0   1.748  -1.375   0.363   0.000   0.000   0.000 01O000M000t
00406 LEU01A0197_001 f 0.00  0.000     0  0.00  0  0   1.401  -3.681   1.275   0.000   0.000   0.000 01O000M000t
00407 TRP01A0198_001 f 0.00  0.000     0  0.00  0  0   2.233  -9.470   0.187   0.000   0.000   0.000 01O000M000t
00408 GLU01A0199_001 f 0.00  0.000     0  0.00  0  0   0.586  -3.935   4.129  -2.493   2.722   0.000 01O000M000t
00409 GLU01A0199_002 f 0.00  0.000     0  0.00  0  0   0.586  -3.935   1.409  -1.071   3.017   0.000 01O000M000t
00410 GLU02A0199_003 f 0.00  0.000     0  0.00  0  0   0.557  -3.043   4.129  -0.598   2.571   0.000 02O000M000t
00411 GLU02A0199_004 f 0.00  0.000     0  0.00  0  0   0.557  -3.043   1.409   2.550   2.621   0.000 02O000M000t
00412 GLU-1A0199_005 f 0.00 -1.000     0  4.75  0 -1   0.466  -3.830   1.409  -7.305  11.593   0.000 -1O000M000t
00413 ILE01A0200_001 f 0.00  0.000     0  0.00  0  0   1.570  -2.957   0.749   0.000   0.000   0.000 01O000M000t
00414 ALA01A0201_001 f 0.00  0.000     0  0.00  0  0  -0.103  -2.074   0.000   0.000   0.000   0.000 01O000M000t
00415 THR01A0202_001 f 0.00  0.000     0  0.00  0  0  -0.279  -1.481   0.389  -1.663   1.960   0.000 01O000M000t
00416 THR01A0202_002 f 0.00  0.000     0  0.00  0  0  -0.279  -1.481   0.389   2.362   1.932   0.000 01O000M000t
00417 TYR01A0203_001 f 0.00  0.000     0  0.00  0  0   2.828  -2.596   0.140   1.269   1.567   0.000 01O000M000t
00418 TYR01A0203_002 f 0.00  0.000     0  0.00  0  0   2.828  -2.596   0.140  -2.783   2.019   0.000 01O000M000t
00419 TYR-1A0203_003 f 0.00 -1.000     0 10.20  0 -1   2.828  -2.596   0.140   3.510   6.578   0.000 -1O000M000t
00420 MET01A0205_001 f 0.00  0.000     0  0.00  0  0   0.431  -3.231   1.244   0.043   0.044   0.000 01O000M000t
00421 SER01A0206_001 f 0.00  0.000     0  0.00  0  0  -3.482  -0.829   0.677  -0.064   0.132   0.000 01O000M000t
00422 SER01A0206_002 f 0.00  0.000     0  0.00  0  0  -3.482  -0.829   0.302  -0.367  -0.070   0.000 01O000M000t
00423 PRO01A0207_001 f 0.00  0.000     0  0.00  0  0   0.249   1.900   0.000   0.000   0.000   0.000 01O000M000t
00424 TYR01A0208_001 f 0.00  0.000     0  0.00  0  0   3.948  -3.279   0.166  -0.775   2.183   0.000 01O000M000t
00425 TYR-1A0208_002 f 0.00 -1.000     0 10.20  0 -1   3.948  -3.279   0.166   0.667  11.527   0.000 -1O000M000t
00426 PRO01A0209_001 f 0.00  0.000     0  0.00  0  0  -3.182   0.600   0.000   0.000   0.000   0.000 01O000M000t
00427 ILE01A0211_001 f 0.00  0.000     0  0.00  0  0  -0.811  -1.565   0.418   0.000   0.000   0.000 01O000M000t
00428 ASP01A0212_001 f 0.00  0.000     0  0.00  0  0  -2.415  -0.879   2.765  -0.799   0.312   0.000 01O000M000t
00429 ASP01A0212_002 f 0.00  0.000     0  0.00  0  0  -2.415  -0.879   0.045  -0.777   1.030   0.000 01O000M000t
00430 ASP02A0212_003 f 0.00  0.000     0  0.00  0  0  -2.386  -0.005   2.765   1.859   0.714   0.000 02O000M000t
00431 ASP02A0212_004 f 0.00  0.000     0  0.00  0  0  -2.386  -0.005   0.045   0.097   1.341   0.000 02O000M000t
00432 ASP-1A0212_005 f 0.00 -1.000     0  4.75  0 -1  -2.351  -0.813   0.045  -3.320   2.566   0.000 -1O000M000t
00433 LEU01A0213_001 f 0.00  0.000     0  0.00  0  0  -4.263  -1.910   0.528   0.000   0.000   0.000 01O000M000t
00434 SER01A0214_001 f 0.00  0.000     0  0.00  0  0  -4.060   2.760   3.158  -0.374  -0.017   0.000 01O000M000t
00435 SER01A0214_002 f 0.00  0.000     0  0.00  0  0  -4.060   2.760   3.158   1.059   1.246   0.000 01O000M000t
00436 GLN01A0215_001 f 0.00  0.000     0  0.00  0  0  -2.335  -2.129   1.074   0.253   0.536   0.000 01O000M000t
00437 GLN01A0215_002 f 0.00  0.000     0  0.00  0  0  -2.136  -2.097   1.091  -0.014  -0.131   0.000 01R001M000t
00438 VAL01A0216_001 f 0.00  0.000     0  0.00  0  0   0.492  -1.906   0.111   0.000   0.000   0.000 01O000M000t
00439 TYR01A0217_001 f 0.00  0.000     0  0.00  0  0   1.328  -5.321   0.015   0.455   1.097   0.000 01O000M000t
00440 TYR01A0217_002 f 0.00  0.000     0  0.00  0  0   1.328  -5.321   0.015   0.362   0.925   0.000 01O000M000t
00441 TYR-1A0217_003 f 0.00 -1.000     0 10.20  0 -1   1.328  -5.321   0.015  -0.000   2.806   0.000 -1O000M000t
00442 GLU01A0218_001 f 0.00  0.000     0  0.00  0  0  -2.061  -2.219   4.054   0.402   0.581   0.000 01O000M000t
00443 GLU01A0218_002 f 0.00  0.000     0  0.00  0  0  -2.061  -2.219   1.334   0.088   0.599   0.000 01O000M000t
00444 GLU02A0218_003 f 0.00  0.000     0  0.00  0  0  -2.116  -2.191   4.054   0.104  -0.253   0.000 02O000M000t
00445 GLU02A0218_004 f 0.00  0.000     0  0.00  0  0  -2.116  -2.191   1.334   0.086   0.917   0.000 02O000M000t
00446 GLU-1A0218_005 f 0.00 -1.000     0  4.75  0 -1  -2.103  -2.167   1.334  -0.214   0.764   0.000 -1O000M000t
00447 LEU01A0219_001 f 0.00  0.000     0  0.00  0  0  -1.586  -2.107   0.557   0.000   0.000   0.000 01O000M000t
00448 LEU01A0220_001 f 0.00  0.000     0  0.00  0  0   1.488  -3.486   0.467   0.000   0.000   0.000 01O000M000t
00449 GLU01A0221_001 f 0.00  0.000     0  0.00  0  0  -1.153   4.161   4.546  -0.058   1.231   0.000 01O000M000t
00450 GLU01A0221_002 f 0.00  0.000     0  0.00  0  0  -1.153   4.161   1.826  -0.007   0.720   0.000 01O000M000t
00451 GLU02A0221_003 f 0.00  0.000     0  0.00  0  0  -1.224   4.104   4.546  -0.027  -0.162   0.000 02O000M000t
00452 GLU02A0221_004 f 0.00  0.000     0  0.00  0  0  -1.224   4.104   1.826  -0.023   0.671   0.000 02O000M000t
00453 GLU-1A0221_005 f 0.00 -1.000     0  4.75  0 -1  -1.292   4.132   1.826   0.065   1.104   0.000 -1O000M000t
00454 LYS01A0222_001 f 0.00  0.000     0  0.00  0  0  -7.437  -1.790   1.633   0.042   0.158   0.000 01O000M000t
00455 LYS+1A0222_002 f 0.00  1.000     0 10.40  0  1  -7.482  -1.799   1.633  -0.127   0.023   0.000 +1O000M000t
00456 ASP01A0223_001 f 0.00  0.000     0  0.00  0  0  -2.189   0.749   4.104   0.262  -0.163   0.000 01O000M000t
00457 ASP01A0223_002 f 0.00  0.000     0  0.00  0  0  -2.189   0.749   1.384   0.080   0.666   0.000 01O000M000t
00458 ASP02A0223_003 f 0.00  0.000     0  0.00  0  0  -2.251   0.587   4.104   0.070  -0.209   0.000 02O000M000t
00459 ASP02A0223_004 f 0.00  0.000     0  0.00  0  0  -2.251   0.587   1.384   0.104   0.998   0.000 02O000M000t
00460 ASP-1A0223_005 f 0.00 -1.000     0  4.75  0 -1  -2.144   0.604   1.384   0.578   1.368   0.000 -1O000M000t
00461 TYR01A0224_001 f 0.00  0.000     0  0.00  0  0  -0.538  -6.237   0.004   0.022   0.679   0.000 01O000M000t
00462 TYR-1A0224_002 f 0.00 -1.000     0 10.20  0 -1  -0.538  -6.237   0.004  -0.088   2.469   0.000 -1O000M000t
00463 ARG01A0225_001 f 0.00  0.000     0  0.00  0  0   0.991  -4.376   0.582  -1.362   3.276   0.000 01O000M000t
00464 ARG02A0225_002 f 0.00  0.000     0  0.00  0  0   0.972  -4.221   0.582  -2.049   4.009   0.000 02O000M000t
00465 ARG03A0225_003 f 0.00  0.000     0  0.00  0  0   0.965  -4.380   0.582  -2.984   3.786   0.000 03O000M000t
00466 ARG+1A0225_004 f 0.00  1.000     0 12.50  0  1   0.927  -4.438   0.582  -7.219   6.507   0.000 +1O000M000t
00467 MET01A0226_001 f 0.00  0.000     0  0.00  0  0  -0.102  -3.532   0.908  -0.250   0.096   0.000 01O000M000t
00468 GLU01A0227_001 f 0.00  0.000     0  0.00  0  0  -2.093  -0.131   4.423   1.841   0.864   0.000 01O000M000t
00469 GLU01A0227_002 f 0.00  0.000     0  0.00  0  0  -2.093  -0.131   1.703  -0.248   0.755   0.000 01O000M000t
00470 GLU02A0227_003 f 0.00  0.000     0  0.00  0  0  -2.372  -0.496   4.423  -0.400  -0.295   0.000 02O000M000t
00471 GLU02A0227_004 f 0.00  0.000     0  0.00  0  0  -2.372  -0.496   1.703  -0.378   0.745   0.000 02O000M000t
00472 GLU-1A0227_005 f 0.00 -1.000     0  4.75  0 -1  -2.291  -0.471   1.703  -0.777   0.799   0.000 -1O000M000t
00473 ARG01A0228_001 f 0.00  0.000     0  0.00  0  0  -3.221  -1.026   0.444   0.473   1.292   0.000 01O000M000t
00474 ARG02A0228_002 f 0.00  0.000     0  0.00  0  0  -3.256  -0.563   0.444  -1.215   2.403   0.000 02O000M000t
00475 ARG03A0228_003 f 0.00  0.000     0  0.00  0  0  -3.262  -0.518   0.444  -1.430   2.226   0.000 03O000M000t
00476 ARG+1A0228_004 f 0.00  1.000     0 12.50  0  1  -3.300  -0.579   0.444  -2.301   2.295   0.000 +1O000M000t
00477 PRO01A0229_001 f 0.00  0.000     0  0.00  0  0   0.199  -1.156   0.000   0.000   0.000   0.000 01O000M000t
00478 GLU01A0230_001 f 0.00  0.000     0  0.00  0  0  -2.447  11.641   6.740   0.246  -0.395   0.000 01O000M000t
00479 GLU01A0230_002 f 0.00  0.000     0  0.00  0  0  -2.447  11.641   4.020   0.144   0.606   0.000 01O000M000t
00480 GLU02A0230_003 f 0.00  0.000     0  0.00  0  0  -2.551  11.629   6.740   0.099  -0.462   0.000 02O000M000t
00481 GLU02A0230_004 f 0.00  0.000     0  0.00  0  0  -2.551  11.629   4.020   0.084   0.505   0.000 02O000M000t
00482 GLU-1A0230_005 f 0.00 -1.000     0  4.75  0 -1  -2.645  11.668   4.020   0.071  -0.017   0.000 -1O000M000t
00483 CYS01A0232_001 f 0.00  0.000     0  0.00  0  0  -0.002  -4.175   0.003  -0.296   0.967   0.000 01O000M000t
00484 CYS01A0232_002 f 0.00  0.000     0  0.00  0  0  -0.002  -4.032   0.003  -0.192   0.819   0.000 01O000M000t
00485 CYS01A0232_003 f 0.00  0.000     0  0.00  0  0  -0.003  -4.029   0.003  -0.243   0.973   0.000 01O000M000t
00486 CYS-1A0232_004 f 0.00 -1.000     0  9.10  0 -1   0.000  -3.975   0.003  -2.927  11.292   0.000 -1O000M000t
00487 PRO01A0233_001 f 0.00  0.000     0  0.00  0  0  -2.780  -0.914   0.000   0.000   0.000   0.000 01O000M000t
00488 GLU01A0234_001 f 0.00  0.000     0  0.00  0  0  -0.972   1.687   5.530   0.601   1.291   0.000 01O000M000t
00489 GLU01A0234_002 f 0.00  0.000     0  0.00  0  0  -0.972   1.687   2.810   0.081   0.809   0.000 01O000M000t
00490 GLU02A0234_003 f 0.00  0.000     0  0.00  0  0  -1.359   1.675   5.530   0.108  -0.045   0.000 02O000M000t
00491 GLU02A0234_004 f 0.00  0.000     0  0.00  0  0  -1.359   1.675   2.810   0.059   1.027   0.000 02O000M000t
00492 GLU-1A0234_005 f 0.00 -1.000     0  4.75  0 -1  -1.291   1.698   2.810  -0.398   1.566   0.000 -1O000M000t
00493 LYS01A0235_001 f 0.00  0.000     0  0.00  0  0  -5.771  -1.456   1.654  -0.050  -0.039   0.000 01O000M000t
00494 LYS+1A0235_002 f 0.00  1.000     0 10.40  0  1  -5.816  -1.460   1.654   0.369   0.052   0.000 +1O000M000t
00495 VAL01A0236_001 f 0.00  0.000     0  0.00  0  0   0.243   0.108   0.077   0.000   0.000   0.000 01O000M000t
00496 TYR01A0237_001 f 0.00  0.000     0  0.00  0  0   3.402  -3.763   0.078  -2.217   2.192   0.000 01O000M000t
00497 TYR01A0237_002 f 0.00  0.000     0  0.00  0  0   3.402  -3.763   0.078   0.966   1.778   0.000 01O000M000t
00498 TYR-1A0237_003 f 0.00 -1.000     0 10.20  0 -1   3.402  -3.763   0.078   1.482   7.708   0.000 -1O000M000t
00499 GLU01A0238_001 f 0.00  0.000     0  0.00  0  0  -0.142  -3.345   3.948   0.040   0.302   0.000 01O000M000t
00500 GLU01A0238_002 f 0.00  0.000     0  0.00  0  0  -0.142  -3.345   1.228  -0.018   0.876   0.000 01O000M000t
00501 GLU02A0238_003 f 0.00  0.000     0  0.00  0  0  -0.571  -3.454   3.948  -0.123   0.113   0.000 02O000M000t
00502 GLU02A0238_004 f 0.00  0.000     0  0.00  0  0  -0.571  -3.454   1.228  -0.050   1.011   0.000 02O000M000t
00503 GLU-1A0238_005 f 0.00 -1.000     0  4.75  0 -1  -0.610  -3.404   1.228  -0.241   1.660   0.000 -1O000M000t
00504 LEU01A0239_001 f 0.00  0.000     0  0.00  0  0   1.082  -4.148   3.357   0.000   0.000   0.000 01O000M000t
00505 MET01A0240_001 f 0.00  0.000     0  0.00  0  0   0.048  -5.752   4.475   0.013   0.098   0.000 01O000M000t
00506 ARG01A0241_001 f 0.00  0.000     0  0.00  0  0  -2.394  -0.456   0.604  -0.056   1.149   0.000 01O000M000t
00507 ARG02A0241_002 f 0.00  0.000     0  0.00  0  0  -2.443  -0.483   0.604  -0.155   2.140   0.000 02O000M000t
00508 ARG02A0241_003 f 0.00  0.000     0  0.00  0  0  -2.382  -0.473   0.604   0.038   1.725   0.000 02O000M000t
00509 ARG03A0241_004 f 0.00  0.000     0  0.00  0  0  -2.444  -0.483   0.604  -0.077   2.011   0.000 03O000M000t
00510 ARG+1A0241_005 f 0.00  1.000     0 12.50  0  1  -2.488  -0.493   0.604  -0.816   2.428   0.000 +1O000M000t
00511 ALA01A0242_001 f 0.00  0.000     0  0.00  0  0  -1.784  -1.503   0.000   0.000   0.000   0.000 01O000M000t
00512 CYS01A0243_001 f 0.00  0.000     0  0.00  0  0  -0.002  -3.840   0.112   0.141   0.994   0.000 01O000M000t
00513 CYS01A0243_002 f 0.00  0.000     0  0.00  0  0  -0.002  -3.915   0.112  -0.104   0.984   0.000 01O000M000t
00514 CYS01A0243_003 f 0.00  0.000     0  0.00  0  0  -0.003  -3.863   0.112   0.346   0.993   0.000 01O000M000t
00515 CYS-1A0243_004 f 0.00 -1.000     0  9.10  0 -1   0.000  -3.772   0.112   2.910  14.374   0.000 -1O000M000t
00516 TRP01A0244_001 f 0.00  0.000     0  0.00  0  0   2.771 -11.789   0.005   0.000   0.000   0.000 01O000M000t
00517 GLN01A0245_001 f 0.00  0.000     0  0.00  0  0  -0.786  -5.555   0.674  -0.297   0.381   0.000 01O000M000t
00518 GLN01A0245_002 f 0.00  0.000     0  0.00  0  0  -0.287  -5.350   0.690   0.258   0.237   0.000 01R001M000t
00519 TRP01A0246_001 f 0.00  0.000     0  0.00  0  0  -2.940  -6.188   0.001   0.000   0.000   0.000 01O000M000t
00520 ASN01A0247_001 f 0.00  0.000     0  0.00  0  0  -2.394  -1.265   0.599   0.323   0.398   0.000 01O000M000t
00521 ASN01A0247_002 f 0.00  0.000     0  0.00  0  0  -2.708  -0.572   0.610   0.387   0.178   0.000 01R001M000t
00522 PRO01A0248_001 f 0.00  0.000     0  0.00  0  0  -2.371   2.700   0.000   0.000   0.000   0.000 01O000M000t
00523 SER01A0249_001 f 0.00  0.000     0  0.00  0  0  -4.467   2.844   2.569   0.684   0.196   0.000 01O000M000t
00524 SER01A0249_002 f 0.00  0.000     0  0.00  0  0  -4.467   2.844   2.569   0.502   0.620   0.000 01O000M000t
00525 ASP01A0250_001 f 0.00  0.000     0  0.00  0  0  -2.400  -1.087   3.124   0.370  -0.155   0.000 01O000M000t
00526 ASP01A0250_002 f 0.00  0.000     0  0.00  0  0  -2.400  -1.087   0.404   0.161   0.769   0.000 01O000M000t
00527 ASP02A0250_003 f 0.00  0.000     0  0.00  0  0  -2.369  -1.504   3.124   0.494   0.195   0.000 02O000M000t
00528 ASP02A0250_004 f 0.00  0.000     0  0.00  0  0  -2.369  -1.504   0.404   0.240   0.907   0.000 02O000M000t
00529 ASP-1A0250_005 f 0.00 -1.000     0  4.75  0 -1  -2.291  -1.437   0.404  -0.653   0.929   0.000 -1O000M000t
00530 ARG01A0251_001 f 0.00  0.000     0  0.00  0  0   1.901 -12.872   1.625   0.720   4.450   0.000 01O000M000t
00531 ARG02A0251_002 f 0.00  0.000     0  0.00  0  0   1.862 -12.853   1.625  -3.176   4.951   0.000 02O000M000t
00532 ARG02A0251_003 f 0.00  0.000     0  0.00  0  0   1.923 -13.010   1.625  -0.682   4.943   0.000 02O000M000t
00533 ARG03A0251_004 f 0.00  0.000     0  0.00  0  0   1.856 -12.888   1.625  -3.246   4.863   0.000 03O000M000t
00534 ARG03A0251_005 f 0.00  0.000     0  0.00  0  0   1.861 -12.780   1.625  -0.415   4.859   0.000 03O000M000t
00535 ARG+1A0251_006 f 0.00  1.000     0 12.50  0  1   1.818 -12.940   1.625  -7.611  11.331   0.000 +1O000M000t
00536 PRO01A0252_001 f 0.00  0.000     0  0.00  0  0  -0.787  -3.251   0.000   0.000   0.000   0.000 01O000M000t
00537 SER01A0253_001 f 0.00  0.000     0  0.00  0  0  -1.615  -0.929   0.502  -0.678   1.523   0.000 01O000M000t
00538 SER01A0253_002 f 0.00  0.000     0  0.00  0  0  -1.615  -0.929   0.502   3.369   1.621   0.000 01O000M000t
00539 SER01A0253_003 f 0.00  0.000     0  0.00  0  0  -1.615  -0.929   0.127  -2.272   0.463   0.000 01O000M000t
00540 PHE01A0254_001 f 0.00  0.000     0  0.00  0  0   4.188  -9.145   0.699   0.000   0.000   0.000 01O000M000t
00541 ALA01A0255_001 f 0.00  0.000     0  0.00  0  0  -1.887  -0.519   0.000   0.000   0.000   0.000 01O000M000t
00542 GLU01A0256_001 f 0.00  0.000     0  0.00  0  0  -0.620  -1.510   4.186   1.485   1.141   0.000 01O000M000t
00543 GLU01A0256_002 f 0.00  0.000     0  0.00  0  0  -0.620  -1.510   1.466  -0.381   0.683   0.000 01O000M000t
00544 GLU02A0256_003 f 0.00  0.000     0  0.00  0  0  -1.156  -2.040   4.186  -0.947  -0.126   0.000 02O000M000t
00545 GLU02A0256_004 f 0.00  0.000     0  0.00  0  0  -1.156  -2.040   1.466  -1.059   1.188   0.000 02O000M000t
00546 GLU-1A0256_005 f 0.00 -1.000     0  4.75  0 -1  -1.069  -2.005   1.466  -2.181   1.386   0.000 -1O000M000t
00547 ILE01A0257_001 f 0.00  0.000     0  0.00  0  0   1.261  -2.826   0.814   0.000   0.000   0.000 01O000M000t
00548 HIS01A0258_001 f 0.00  0.000     0  0.00  0  0  -2.266  -7.069   0.041   0.316   1.511   0.000 01O000M000t
00549 HIS01A0258_002 f 0.00  0.000     0  0.00  0  0  -1.987  -7.516   0.041   0.619   2.306   0.000 01R001M000t
00550 HIS02A0258_003 f 0.00  0.000     0  0.00  0  0  -2.287  -7.111   0.041   0.254   1.500   0.000 02O000M000t
00551 HIS02A0258_004 f 0.00  0.000     0  0.00  0  0  -1.998  -7.685   0.041   0.008   2.276   0.000 02R001M000t
00552 HIS+1A0258_005 f 0.00  1.000     0  6.98  0  1  -2.313  -7.138   0.041   0.853   2.824   0.000 +1O000M000t
00553 HIS+1A0258_006 f 0.00  1.000     0  6.98  0  1  -2.025  -7.697   0.041   0.616   3.989   0.000 +1R001M000t
00554 GLN01A0259_001 f 0.00  0.000     0  0.00  0  0  -2.623  -2.724   1.051   0.368   0.369   0.000 01O000M000t
00555 GLN01A0259_002 f 0.00  0.000     0  0.00  0  0  -2.570  -2.503   1.041  -0.223   0.293   0.000 01R001M000t
00556 ALA01A0260_001 f 0.00  0.000     0  0.00  0  0  -1.494  -1.118   0.000   0.000   0.000   0.000 01O000M000t
00557 PHE01A0261_001 f 0.00  0.000     0  0.00  0  0   4.486  -7.504   1.047   0.000   0.000   0.000 01O000M000t
00558 GLU01A0262_001 f 0.00  0.000     0  0.00  0  0  -0.530  -3.088   3.720   0.214   1.284   0.000 01O000M000t
00559 GLU01A0262_002 f 0.00  0.000     0  0.00  0  0  -0.530  -3.088   1.000   0.167   1.140   0.000 01O000M000t
00560 GLU02A0262_003 f 0.00  0.000     0  0.00  0  0  -0.645  -3.093   3.720   0.010   0.454   0.000 02O000M000t
00561 GLU02A0262_004 f 0.00  0.000     0  0.00  0  0  -0.645  -3.093   1.000   0.140   1.024   0.000 02O000M000t
00562 GLU-1A0262_005 f 0.00 -1.000     0  4.75  0 -1  -0.714  -3.037   1.000  -0.024   3.050   0.000 -1O000M000t
00563 THR01A0263_001 f 0.00  0.000     0  0.00  0  0  -3.544  -1.278   0.488  -0.021   0.184   0.000 01O000M000t
00564 THR01A0263_002 f 0.00  0.000     0  0.00  0  0  -3.544  -1.278   0.488  -1.107   1.282   0.000 01O000M000t
00565 MET01A0264_001 f 0.00  0.000     0  0.00  0  0  -0.693  -4.981   1.097   0.006   0.060   0.000 01O000M000t
00566 PHE01A0265_001 f 0.00  0.000     0  0.00  0  0   1.596  -7.630   0.015   0.000   0.000   0.000 01O000M000t
00567 GLN01A0266_001 f 0.00  0.000     0  0.00  0  0  -1.615  -2.473   3.533  -0.275   0.920   0.000 01O000M000t
00568 GLN01A0266_002 f 0.00  0.000     0  0.00  0  0  -1.852  -2.666   3.528   0.419   0.947   0.000 01R001M000t
00569 GLU01A0267_001 f 0.00  0.000     0  0.00  0  0  -0.105  -1.946   3.535  -0.034   0.399   0.000 01O000M000t
00570 GLU01A0267_002 f 0.00  0.000     0  0.00  0  0  -0.105  -1.946   0.815  -0.061   1.014   0.000 01O000M000t
00571 GLU02A0267_003 f 0.00  0.000     0  0.00  0  0  -0.526  -1.924   3.535  -0.130  -0.226   0.000 02O000M000t
00572 GLU02A0267_004 f 0.00  0.000     0  0.00  0  0  -0.526  -1.924   0.815  -0.090   1.006   0.000 02O000M000t
00573 GLU-1A0267_005 f 0.00 -1.000     0  4.75  0 -1  -0.540  -1.877   0.815   0.158   1.451   0.000 -1O000M000t
00574 SER01A0268_001 f 0.00  0.000     0  0.00  0  0  -0.770  -2.375   1.283  -0.154   0.902   0.000 01O000M000t
00575 SER01A0269_001 f 0.00  0.000     0  0.00  0  0  -1.968   1.339   0.915   0.304   0.745   0.000 01O000M000t
00576 SER01A0269_002 f 0.00  0.000     0  0.00  0  0  -1.968   1.339   0.915  -1.419   1.509   0.000 01O000M000t
00577 ILE01A0270_001 f 0.00  0.000     0  0.00  0  0  -5.955  50.595   2.168   0.000   0.000   0.000 01O000M000t
00578 DB8+1B0001_001 f 0.00  1.000     0  0.00  0  0 999.000 291.197   0.000  -3.742   3.978   0.071 +1O000M000t
00579 DB8+2B0001_002 f 0.00  1.002     0  0.00  0  0 999.000 291.166   0.000  -3.692   4.635   1.695 +2O000M000t
00580 DB801B0001_003 f 0.00 -0.002     0  0.00  0  0 999.000 291.209   0.000  -3.517   3.923   1.715 01O000M000t
00581 DB802B0001_004 f 0.00 -0.041     0  0.00  0  0 999.000 291.625   0.000  -6.203   6.930   5.065 02O000M000t
00582 DB8DMB0001_005 f 0.00  0.000     0  0.00  0  0   0.000   0.000   0.000   0.000   0.000   0.000         DMt
