   confID        vdw0    sas     sum
ASP01A0001_001   0.372  -1.487  -1.115
ASP01A0001_002   0.372  -1.487  -1.115
ASP02A0001_003   0.442  -1.362  -0.919
ASP02A0001_004   0.442  -1.362  -0.919
ASP-1A0001_005   0.330  -1.391  -1.061
LYS01A0002_001   4.366  -9.113  -4.747
LYS+1A0002_002   4.316  -9.113  -4.797
TRP01A0003_001   2.764  -3.169  -0.405
GLU01A0004_001   3.101  -0.481   2.620
GLU01A0004_002   3.101  -0.481   2.620
GLU02A0004_003   2.528  -0.554   1.974
GLU02A0004_004   2.528  -0.554   1.974
GLU-1A0004_005   2.434  -0.512   1.922
MET01A0005_001   2.192  -0.670   1.523
GLU01A0006_001   0.801  -3.137  -2.336
GLU01A0006_002   0.801  -3.137  -2.336
GLU02A0006_003   0.730  -2.919  -2.189
GLU02A0006_004   0.730  -2.919  -2.189
GLU-1A0006_005   0.622  -3.036  -2.415
ARG01A0007_001   8.262  -2.846   5.416
ARG02A0007_002   8.218  -2.846   5.371
ARG02A0007_003   8.279  -2.846   5.432
ARG03A0007_004   8.210  -2.846   5.363
ARG03A0007_005   8.216  -2.846   5.370
ARG+1A0007_006   8.168  -2.846   5.322
THR01A0008_001   0.178  -5.603  -5.424
THR01A0008_002   0.178  -5.603  -5.424
ASP01A0009_001   0.435  -1.109  -0.674
ASP01A0009_002   0.435  -1.109  -0.674
ASP02A0009_003   0.496  -0.982  -0.487
ASP02A0009_004   0.496  -0.982  -0.487
ASP-1A0009_005   0.380  -0.999  -0.620
ILE01A0010_001   1.184   0.000   1.184
THR01A0011_001   0.198  -3.426  -3.229
MET01A0012_001  -0.040  -2.685  -2.726
LYS01A0013_001   4.267  -5.301  -1.034
LYS+1A0013_002   4.207  -5.301  -1.094
HIS01A0014_001  -0.153  -6.681  -6.834
HIS01A0014_002  -0.117  -6.576  -6.693
HIS02A0014_003  -0.171  -6.681  -6.852
HIS02A0014_004  -0.130  -6.576  -6.706
HIS+1A0014_005  -0.198  -6.681  -6.879
HIS+1A0014_006  -0.157  -6.576  -6.732
LYS01A0015_001   1.724  -5.591  -3.867
LYS+1A0015_002   1.679  -5.591  -3.912
LEU01A0016_001   1.460  -0.753   0.706
GLN01A0020_001   0.605  -0.685  -0.080
TYR01A0021_001   3.329  -5.335  -2.005
TYR01A0021_002   3.329  -5.335  -2.005
TYR-1A0021_003   3.329  -5.335  -2.005
GLU01A0023_001   0.617  -1.317  -0.700
GLU01A0023_002   0.617  -1.317  -0.700
GLU02A0023_003   0.651  -1.229  -0.578
GLU02A0023_004   0.651  -1.229  -0.578
GLU-1A0023_005   0.523  -1.275  -0.752
VAL01A0024_001   0.670   0.000   0.670
TYR01A0025_001   4.453  -2.764   1.689
TYR01A0025_002   4.453  -2.764   1.689
TYR-1A0025_003   4.453  -2.764   1.689
GLU01A0026_001   2.615  -1.127   1.488
GLU01A0026_002   2.615  -1.127   1.488
GLU02A0026_003   2.073  -1.209   0.865
GLU02A0026_004   2.073  -1.209   0.865
GLU-1A0026_005   2.012  -1.137   0.875
VAL01A0028_001   0.570  -2.112  -1.542
TRP01A0029_001   2.747  -1.619   1.128
LYS01A0030_001   1.279  -5.896  -4.617
LYS+1A0030_002   1.230  -5.896  -4.666
LYS01A0031_001   1.499  -6.658  -5.159
LYS+1A0031_002   1.449  -6.658  -5.208
TYR01A0032_001   4.392  -6.688  -2.296
TYR01A0032_002   4.392  -6.688  -2.296
TYR-1A0032_003   4.392  -6.688  -2.296
SER01A0033_001   0.000  -4.908  -4.908
SER01A0033_002   0.000  -4.908  -4.908
LEU01A0034_001   1.250  -4.906  -3.656
THR01A0035_001   0.166  -2.652  -2.486
VAL01A0036_001   0.584   0.000   0.584
ALA01A0037_001   0.000   0.000   0.000
VAL01A0038_001   0.645   0.000   0.645
LYS01A0039_001   1.513   0.000   1.513
LYS+1A0039_002   1.468   0.000   1.468
THR01A0040_001   0.205  -0.395  -0.190
THR01A0040_002   0.205  -0.395  -0.190
LEU01A0041_001   2.612  -0.258   2.354
LYS01A0042_001   0.849  -6.895  -6.045
LYS+1A0042_002   0.771  -6.895  -6.123
GLU01A0043_001   0.528  -3.821  -3.294
GLU01A0043_002   0.528  -3.821  -3.294
GLU02A0043_003   0.505  -3.755  -3.250
GLU02A0043_004   0.505  -3.755  -3.250
GLU-1A0043_005   0.406  -3.717  -3.311
ASP01A0044_001   0.085  -2.551  -2.466
ASP01A0044_002   0.085  -2.551  -2.466
ASP02A0044_003   0.155  -2.677  -2.522
ASP02A0044_004   0.155  -2.677  -2.522
ASP-1A0044_005   0.080  -2.528  -2.448
THR01A0045_001   0.209  -2.649  -2.441
THR01A0045_002   0.209  -2.649  -2.441
MET01A0046_001   2.935 -10.043  -7.108
GLU01A0047_001   0.996  -2.212  -1.215
GLU01A0047_002   0.996  -2.212  -1.215
GLU02A0047_003   0.938  -2.101  -1.163
GLU02A0047_004   0.938  -2.101  -1.163
GLU-1A0047_005   0.828  -2.072  -1.243
VAL01A0048_001   0.620  -1.887  -1.267
GLU01A0049_001   5.350  -2.856   2.494
GLU01A0049_002   5.350  -2.856   2.494
GLU02A0049_003   4.350  -2.927   1.423
GLU02A0049_004   4.350  -2.927   1.423
GLU-1A0049_005   4.269  -2.850   1.419
GLU01A0050_001   2.238  -1.541   0.698
GLU01A0050_002   2.238  -1.541   0.698
GLU02A0050_003   2.830  -1.451   1.378
GLU02A0050_004   2.830  -1.451   1.378
GLU-1A0050_005   2.181  -1.443   0.739
PHE01A0051_001   4.520   0.000   4.520
LEU01A0052_001   2.510  -3.828  -1.318
LYS01A0053_001   2.546  -6.801  -4.255
LYS+1A0053_002   2.477  -6.801  -4.324
GLU01A0054_001   1.180  -0.036   1.144
GLU01A0054_002   1.180  -0.036   1.144
GLU02A0054_003   1.465  -0.069   1.396
GLU02A0054_004   1.465  -0.069   1.396
GLU-1A0054_005   1.109  -0.069   1.040
ALA01A0055_001   0.000  -0.103  -0.103
ALA01A0056_001   0.000  -3.004  -3.004
VAL01A0057_001   0.720  -0.840  -0.121
MET01A0058_001   0.089   0.000   0.089
LYS01A0059_001   0.955  -2.096  -1.141
LYS+1A0059_002   0.909  -2.096  -1.187
GLU01A0060_001   1.457  -2.383  -0.926
GLU01A0060_002   1.457  -2.383  -0.926
GLU02A0060_003   1.251  -2.394  -1.144
GLU02A0060_004   1.251  -2.394  -1.144
GLU-1A0060_005   1.144  -2.412  -1.268
ILE01A0061_001   1.389   0.000   1.389
LYS01A0062_001   2.319  -8.868  -6.549
LYS+1A0062_002   2.261  -8.868  -6.607
HIS01A0063_001  -0.150  -1.102  -1.252
HIS01A0063_002  -0.106  -1.196  -1.303
HIS02A0063_003  -0.169  -1.102  -1.271
HIS02A0063_004  -0.119  -1.196  -1.316
HIS+1A0063_005  -0.195  -1.102  -1.298
HIS+1A0063_006  -0.145  -1.196  -1.342
PRO01A0064_001   0.269  -5.900  -5.631
ASN01A0065_001   0.261  -0.537  -0.275
ASN01A0065_002   0.377  -0.586  -0.209
LEU01A0066_001   1.616   0.000   1.616
VAL01A0067_001   0.558   0.000   0.558
GLN01A0068_001   0.722  -0.943  -0.221
GLN01A0068_002   0.770  -1.098  -0.328
LEU01A0069_001   2.108   0.000   2.108
LEU01A0070_001   1.921  -1.974  -0.053
VAL01A0072_001   0.460   0.000   0.460
CYS01A0073_001  -0.002  -0.144  -0.146
CYS01A0073_002  -0.002  -0.144  -0.146
CYS01A0073_003  -0.002  -0.144  -0.146
CYS-1A0073_004   0.000  -0.144  -0.144
THR01A0074_001   0.203  -0.937  -0.735
THR01A0074_002   0.203  -0.937  -0.735
ARG01A0075_001   1.204  -8.332  -7.128
ARG02A0075_002   1.164  -8.332  -7.168
ARG03A0075_003   1.164  -8.332  -7.169
ARG+1A0075_004   1.121  -8.332  -7.212
GLU01A0076_001   3.145  -2.383   0.763
GLU01A0076_002   3.145  -2.383   0.763
GLU02A0076_003   2.530  -2.505   0.025
GLU02A0076_004   2.530  -2.505   0.025
GLU-1A0076_005   2.466  -2.411   0.055
PRO01A0077_001   0.229  -2.763  -2.533
PRO01A0078_001   0.231  -3.124  -2.893
PHE01A0079_001   4.337  -0.707   3.630
TYR01A0080_001   4.200  -0.773   3.427
TYR-1A0080_002   4.200  -0.773   3.427
ILE01A0081_001   3.645   0.000   3.645
ILE01A0082_001   1.303   0.000   1.303
THR01A0083_001   0.230   0.000   0.230
THR01A0083_002   0.230   0.000   0.230
THR01A0083_003   0.230   0.000   0.230
GLU01A0084_001   0.882  -1.072  -0.190
GLU01A0084_002   0.882  -1.072  -0.190
GLU02A0084_003   0.991  -1.121  -0.130
GLU02A0084_004   0.991  -1.121  -0.130
GLU-1A0084_005   0.770  -1.034  -0.264
PHE01A0085_001   4.265  -1.336   2.930
MET01A0086_001   0.777  -0.071   0.706
THR01A0087_001   0.246  -2.801  -2.555
THR01A0087_002   0.246  -2.801  -2.555
TYR01A0088_001   4.123  -5.477  -1.354
TYR-1A0088_002   4.123  -5.477  -1.354
ASN01A0090_001   0.429  -0.748  -0.319
ASN01A0090_002   0.358  -0.664  -0.306
LEU01A0091_001   1.483   0.000   1.483
LEU01A0092_001   1.556  -1.475   0.081
ASP01A0093_001   0.164  -1.635  -1.471
ASP01A0093_002   0.164  -1.635  -1.471
ASP02A0093_003   0.246  -1.682  -1.436
ASP02A0093_004   0.246  -1.682  -1.436
ASP-1A0093_005   0.153  -1.598  -1.444
TYR01A0094_001   4.132  -0.908   3.224
TYR01A0094_002   4.132  -0.908   3.224
TYR-1A0094_003   4.132  -0.908   3.224
LEU01A0095_001   1.237   0.000   1.237
ARG01A0096_001   1.094  -5.583  -4.490
ARG02A0096_002   1.053  -5.583  -4.530
ARG03A0096_003   1.053  -5.583  -4.531
ARG+1A0096_004   1.010  -5.583  -4.574
GLU01A0097_001   3.773  -2.039   1.734
GLU01A0097_002   3.773  -2.039   1.734
GLU02A0097_003   3.012  -2.181   0.831
GLU02A0097_004   3.012  -2.181   0.831
GLU-1A0097_005   2.952  -1.989   0.963
CYS01A0098_001  -0.002  -0.048  -0.050
CYS01A0098_002  -0.002  -0.048  -0.050
CYS01A0098_003  -0.003  -0.048  -0.051
CYS-1A0098_004   0.000  -0.048  -0.048
ASN01A0099_001   0.168  -2.646  -2.478
ARG01A0100_001   2.781  -7.506  -4.725
ARG02A0100_002   2.801  -7.506  -4.705
ARG03A0100_003   2.743  -7.506  -4.763
ARG+1A0100_004   2.701  -7.506  -4.806
GLN01A0101_001   0.689  -3.920  -3.231
GLN01A0101_002   0.812  -4.019  -3.207
GLU01A0102_001   1.600  -2.079  -0.478
GLU01A0102_002   1.600  -2.079  -0.478
GLU02A0102_003   1.309  -1.940  -0.631
GLU02A0102_004   1.309  -1.940  -0.631
GLU-1A0102_005   1.236  -1.915  -0.679
VAL01A0103_001   0.465   0.000   0.465
ASN01A0104_001   0.120  -2.005  -1.884
ALA01A0105_001   0.000  -3.190  -3.190
VAL01A0106_001   0.752  -3.123  -2.371
VAL01A0107_001   0.711  -1.027  -0.317
LEU01A0108_001   1.463  -0.979   0.484
LEU01A0109_001   1.908  -0.773   1.136
TYR01A0110_001   4.081  -4.229  -0.149
TYR-1A0110_002   4.081  -4.229  -0.149
MET01A0111_001   0.135   0.000   0.135
ALA01A0112_001   0.000  -0.052  -0.052
THR01A0113_001   0.206  -0.464  -0.257
THR01A0113_002   0.206  -0.464  -0.257
GLN01A0114_001   0.587  -0.250   0.338
GLN01A0114_002   0.551  -0.288   0.264
ILE01A0115_001   1.212   0.000   1.212
SER01A0116_001   0.000   0.000   0.000
SER01A0116_002   0.000   0.000   0.000
SER01A0117_001   0.000  -1.211  -1.211
SER01A0117_002   0.000  -1.211  -1.211
ALA01A0118_001   0.000   0.000   0.000
MET01A0119_001   1.604   0.000   1.604
GLU01A0120_001   1.392  -1.370   0.021
GLU01A0120_002   1.392  -1.370   0.021
GLU02A0120_003   1.098  -1.460  -0.362
GLU02A0120_004   1.098  -1.460  -0.362
GLU-1A0120_005   1.035  -1.378  -0.343
TYR01A0121_001   4.389  -2.282   2.108
TYR-1A0121_002   4.389  -2.282   2.108
LEU01A0122_001   1.358   0.000   1.358
GLU01A0123_001   0.430  -0.563  -0.132
GLU01A0123_002   0.430  -0.563  -0.132
GLU02A0123_003   0.438  -0.577  -0.138
GLU02A0123_004   0.438  -0.577  -0.138
GLU-1A0123_005   0.346  -0.555  -0.210
LYS01A0124_001   2.011  -6.327  -4.316
LYS+1A0124_002   1.961  -6.327  -4.365
LYS01A0125_001   1.729  -5.242  -3.513
LYS+1A0125_002   1.685  -5.242  -3.557
ASN01A0126_001   0.234  -2.249  -2.015
ASN01A0126_002   0.397  -2.392  -1.995
PHE01A0127_001   4.588  -0.152   4.437
ILE01A0128_001   2.571   0.000   2.571
HIS01A0129_001  -0.232   0.000  -0.232
HIS02A0129_002  -0.248   0.000  -0.248
HIS+1A0129_003  -0.274   0.000  -0.274
ARG01A0130_001   4.016  -4.335  -0.318
ARG02A0130_002   3.978  -4.335  -0.357
ARG03A0130_003   3.976  -4.335  -0.359
ARG+1A0130_004   3.931  -4.335  -0.404
ASP01A0131_001   0.052  -0.656  -0.605
ASP01A0131_002   0.052  -0.656  -0.605
ASP02A0131_003   0.116  -0.686  -0.570
ASP02A0131_004   0.116  -0.686  -0.570
ASP-1A0131_005   0.049  -0.655  -0.606
LEU01A0132_001   2.777   0.000   2.777
ALA01A0133_001   0.000   0.000   0.000
ALA01A0134_001   0.000   0.000   0.000
ARG01A0135_001   1.310  -3.916  -2.606
ARG02A0135_002   1.296  -3.916  -2.620
ARG03A0135_003   1.288  -3.916  -2.628
ARG03A0135_004   1.292  -3.916  -2.624
ARG+1A0135_005   1.249  -3.916  -2.666
ASN01A0136_001   0.273  -0.635  -0.362
ASN01A0136_002   0.082  -0.551  -0.469
CYS01A0137_001  -0.002   0.000  -0.002
CYS01A0137_002  -0.002   0.000  -0.002
CYS01A0137_003  -0.002   0.000  -0.002
CYS-1A0137_004   0.000   0.000   0.000
LEU01A0138_001   1.768   0.000   1.768
VAL01A0139_001   0.352   0.000   0.352
GLU01A0141_001   1.631  -3.663  -2.032
GLU01A0141_002   1.631  -3.663  -2.032
GLU02A0141_003   1.322  -3.691  -2.369
GLU02A0141_004   1.322  -3.691  -2.369
GLU-1A0141_005   1.251  -3.549  -2.298
ASN01A0142_001   0.275  -3.329  -3.054
ASN01A0142_002   0.335  -3.198  -2.862
HIS01A0143_001  -0.253  -1.641  -1.894
HIS01A0143_002  -0.221  -1.645  -1.866
HIS02A0143_003  -0.268  -1.641  -1.909
HIS02A0143_004  -0.235  -1.645  -1.880
HIS+1A0143_005  -0.295  -1.641  -1.936
HIS+1A0143_006  -0.262  -1.645  -1.907
LEU01A0144_001   1.493  -3.603  -2.109
VAL01A0145_001   0.601   0.000   0.601
LYS01A0146_001   0.711  -1.028  -0.317
LYS+1A0146_002   0.668  -1.028  -0.360
VAL01A0147_001   0.522   0.000   0.522
ALA01A0148_001   0.000   0.000   0.000
ASP01A0149_001   0.121   0.000   0.121
ASP01A0149_002   0.121   0.000   0.121
ASP02A0149_003   0.200   0.000   0.200
ASP02A0149_004   0.200   0.000   0.200
ASP-1A0149_005   0.115   0.000   0.115
PHE01A0150_001   4.158  -0.741   3.417
LEU01A0152_001   1.673   0.000   1.673
SER01A0153_001   0.000  -0.409  -0.409
SER01A0153_002   0.000  -0.409  -0.409
SER01A0153_003   0.000  -0.409  -0.409
ARG01A0154_001   2.600  -4.049  -1.449
ARG02A0154_002   2.576  -4.049  -1.473
ARG02A0154_003   2.607  -4.049  -1.442
ARG03A0154_004   2.568  -4.049  -1.481
ARG03A0154_005   2.572  -4.049  -1.477
ARG+1A0154_006   2.529  -4.049  -1.520
LEU01A0155_001   1.521  -0.306   1.215
MET01A0156_001   0.002  -8.021  -8.019
THR01A0157_001   0.133  -6.750  -6.617
ASP01A0159_001   0.119  -2.805  -2.686
ASP01A0159_002   0.119  -2.805  -2.686
ASP02A0159_003   0.200  -2.934  -2.734
ASP02A0159_004   0.200  -2.934  -2.734
ASP-1A0159_005   0.114  -2.834  -2.720
THR01A0160_001   0.195  -3.090  -2.895
TYR01A0161_001   4.473  -4.362   0.110
TYR-1A0161_002   4.473  -4.362   0.110
THR01A0162_001   0.205  -3.878  -3.673
THR01A0162_002   0.205  -3.878  -3.673
ALA01A0163_001   0.000  -0.412  -0.412
HIS01A0164_001  -0.092  -8.346  -8.438
HIS01A0164_002  -0.022  -8.312  -8.334
HIS02A0164_003  -0.113  -8.346  -8.459
HIS02A0164_004  -0.034  -8.312  -8.346
HIS+1A0164_005  -0.140  -8.346  -8.486
HIS+1A0164_006  -0.060  -8.312  -8.372
ALA01A0165_001   0.000  -5.338  -5.338
ALA01A0167_001   0.000  -0.464  -0.464
LYS01A0168_001   0.769 -10.246  -9.476
LYS+1A0168_002   0.707 -10.246  -9.538
PHE01A0169_001   4.506  -1.112   3.394
PRO01A0170_001   0.276  -1.592  -1.316
ILE01A0171_001   1.664  -3.194  -1.530
LYS01A0172_001   0.483  -1.183  -0.700
LYS+1A0172_002   0.440  -1.183  -0.743
TRP01A0173_001   2.408  -1.988   0.419
THR01A0174_001   0.169  -0.060   0.109
THR01A0174_002   0.169  -0.060   0.109
ALA01A0175_001   0.000   0.000   0.000
PRO01A0176_001   0.281   0.000   0.281
GLU01A0177_001   1.604  -0.354   1.250
GLU01A0177_002   1.604  -0.354   1.250
GLU02A0177_003   1.305  -0.414   0.891
GLU02A0177_004   1.305  -0.414   0.891
GLU-1A0177_005   1.239  -0.352   0.887
SER01A0178_001   0.000   0.000   0.000
SER01A0178_002   0.000   0.000   0.000
SER01A0178_003   0.000   0.000   0.000
LEU01A0179_001   1.635  -0.721   0.914
ALA01A0180_001   0.000  -0.567  -0.567
TYR01A0181_001   4.578  -9.339  -4.761
TYR-1A0181_002   4.578  -9.339  -4.761
ASN01A0182_001   0.461  -0.792  -0.331
ASN01A0182_002   0.214  -0.812  -0.598
LYS01A0183_001   2.036  -4.248  -2.212
LYS+1A0183_002   1.965  -4.248  -2.282
PHE01A0184_001   4.477  -0.253   4.225
SER01A0185_001   0.000  -0.429  -0.429
SER01A0185_002   0.000  -0.429  -0.429
ILE01A0186_001   0.790  -1.561  -0.771
LYS01A0187_001   0.912  -2.149  -1.238
LYS+1A0187_002   0.864  -2.149  -1.285
SER01A0188_001   0.000   0.000   0.000
SER01A0188_002   0.000   0.000   0.000
SER01A0188_003   0.000   0.000   0.000
ASP01A0189_001   0.094  -0.036   0.057
ASP01A0189_002   0.094  -0.036   0.057
ASP02A0189_003   0.166  -0.034   0.132
ASP02A0189_004   0.166  -0.034   0.132
ASP-1A0189_005   0.088  -0.034   0.054
VAL01A0190_001   0.473   0.000   0.473
TRP01A0191_001   2.529   0.000   2.529
ALA01A0192_001   0.000  -0.515  -0.515
PHE01A0193_001   4.384   0.000   4.384
VAL01A0195_001   0.549   0.000   0.549
LEU01A0196_001   1.748   0.000   1.748
LEU01A0197_001   1.452  -0.052   1.401
TRP01A0198_001   2.839  -0.606   2.233
GLU01A0199_001   0.586   0.000   0.586
GLU01A0199_002   0.586   0.000   0.586
GLU02A0199_003   0.557   0.000   0.557
GLU02A0199_004   0.557   0.000   0.557
GLU-1A0199_005   0.466   0.000   0.466
ILE01A0200_001   1.622  -0.052   1.570
ALA01A0201_001   0.000  -0.103  -0.103
THR01A0202_001   0.082  -0.361  -0.279
THR01A0202_002   0.082  -0.361  -0.279
TYR01A0203_001   4.342  -1.513   2.828
TYR01A0203_002   4.342  -1.513   2.828
TYR-1A0203_003   4.342  -1.513   2.828
MET01A0205_001   5.513  -5.082   0.431
SER01A0206_001   0.000  -3.482  -3.482
SER01A0206_002   0.000  -3.482  -3.482
PRO01A0207_001   0.249   0.000   0.249
TYR01A0208_001   3.948   0.000   3.948
TYR-1A0208_002   3.948   0.000   3.948
PRO01A0209_001   0.183  -3.365  -3.182
ILE01A0211_001   1.523  -2.334  -0.811
ASP01A0212_001   0.166  -2.580  -2.415
ASP01A0212_002   0.166  -2.580  -2.415
ASP02A0212_003   0.089  -2.476  -2.386
ASP02A0212_004   0.089  -2.476  -2.386
ASP-1A0212_005   0.086  -2.437  -2.351
LEU01A0213_001   1.658  -5.921  -4.263
SER01A0214_001   0.000  -4.060  -4.060
SER01A0214_002   0.000  -4.060  -4.060
GLN01A0215_001   0.610  -2.944  -2.335
GLN01A0215_002   0.648  -2.784  -2.136
VAL01A0216_001   0.492   0.000   0.492
TYR01A0217_001   4.423  -3.094   1.328
TYR01A0217_002   4.423  -3.094   1.328
TYR-1A0217_003   4.423  -3.094   1.328
GLU01A0218_001   0.543  -2.603  -2.061
GLU01A0218_002   0.543  -2.603  -2.061
GLU02A0218_003   0.542  -2.658  -2.116
GLU02A0218_004   0.542  -2.658  -2.116
GLU-1A0218_005   0.425  -2.528  -2.103
LEU01A0219_001   1.691  -3.277  -1.586
LEU01A0220_001   1.540  -0.052   1.488
GLU01A0221_001   1.028  -2.181  -1.153
GLU01A0221_002   1.028  -2.181  -1.153
GLU02A0221_003   0.937  -2.162  -1.224
GLU02A0221_004   0.937  -2.162  -1.224
GLU-1A0221_005   0.822  -2.115  -1.292
LYS01A0222_001   1.001  -8.437  -7.437
LYS+1A0222_002   0.955  -8.437  -7.482
ASP01A0223_001   0.238  -2.427  -2.189
ASP01A0223_002   0.238  -2.427  -2.189
ASP02A0223_003   0.324  -2.575  -2.251
ASP02A0223_004   0.324  -2.575  -2.251
ASP-1A0223_005   0.221  -2.364  -2.144
TYR01A0224_001   4.312  -4.850  -0.538
TYR-1A0224_002   4.312  -4.850  -0.538
ARG01A0225_001   1.145  -0.155   0.991
ARG02A0225_002   1.126  -0.155   0.972
ARG03A0225_003   1.120  -0.155   0.965
ARG+1A0225_004   1.081  -0.155   0.927
MET01A0226_001  -0.006  -0.096  -0.102
GLU01A0227_001   0.975  -3.067  -2.093
GLU01A0227_002   0.975  -3.067  -2.093
GLU02A0227_003   0.831  -3.203  -2.372
GLU02A0227_004   0.831  -3.203  -2.372
GLU-1A0227_005   0.748  -3.039  -2.291
ARG01A0228_001   2.112  -5.333  -3.221
ARG02A0228_002   2.077  -5.333  -3.256
ARG03A0228_003   2.071  -5.333  -3.262
ARG+1A0228_004   2.033  -5.333  -3.300
PRO01A0229_001   0.199   0.000   0.199
GLU01A0230_001   1.416  -3.863  -2.447
GLU01A0230_002   1.416  -3.863  -2.447
GLU02A0230_003   1.264  -3.815  -2.551
GLU02A0230_004   1.264  -3.815  -2.551
GLU-1A0230_005   1.161  -3.806  -2.645
CYS01A0232_001  -0.002   0.000  -0.002
CYS01A0232_002  -0.002   0.000  -0.002
CYS01A0232_003  -0.003   0.000  -0.003
CYS-1A0232_004   0.000   0.000   0.000
PRO01A0233_001   0.175  -2.954  -2.780
GLU01A0234_001   1.702  -2.674  -0.972
GLU01A0234_002   1.702  -2.674  -0.972
GLU02A0234_003   1.493  -2.852  -1.359
GLU02A0234_004   1.493  -2.852  -1.359
GLU-1A0234_005   1.391  -2.682  -1.291
LYS01A0235_001   1.746  -7.517  -5.771
LYS+1A0235_002   1.701  -7.517  -5.816
VAL01A0236_001   0.604  -0.361   0.243
TYR01A0237_001   4.463  -1.061   3.402
TYR01A0237_002   4.463  -1.061   3.402
TYR-1A0237_003   4.463  -1.061   3.402
GLU01A0238_001   2.494  -2.637  -0.142
GLU01A0238_002   2.494  -2.637  -0.142
GLU02A0238_003   1.977  -2.548  -0.571
GLU02A0238_004   1.977  -2.548  -0.571
GLU-1A0238_005   1.917  -2.527  -0.610
LEU01A0239_001   2.643  -1.561   1.082
MET01A0240_001   0.048   0.000   0.048
ARG01A0241_001   2.048  -4.442  -2.394
ARG02A0241_002   1.999  -4.442  -2.443
ARG02A0241_003   2.060  -4.442  -2.382
ARG03A0241_004   1.998  -4.442  -2.444
ARG+1A0241_005   1.954  -4.442  -2.488
ALA01A0242_001   0.000  -1.784  -1.784
CYS01A0243_001  -0.002   0.000  -0.002
CYS01A0243_002  -0.002   0.000  -0.002
CYS01A0243_003  -0.003   0.000  -0.003
CYS-1A0243_004   0.000   0.000   0.000
TRP01A0244_001   2.771   0.000   2.771
GLN01A0245_001   1.129  -1.915  -0.786
GLN01A0245_002   1.633  -1.920  -0.287
TRP01A0246_001   2.502  -5.442  -2.940
ASN01A0247_001   0.490  -2.884  -2.394
ASN01A0247_002   0.240  -2.948  -2.708
PRO01A0248_001   0.223  -2.594  -2.371
SER01A0249_001   0.000  -4.467  -4.467
SER01A0249_002   0.000  -4.467  -4.467
ASP01A0250_001   0.094  -2.493  -2.400
ASP01A0250_002   0.094  -2.493  -2.400
ASP02A0250_003   0.161  -2.530  -2.369
ASP02A0250_004   0.161  -2.530  -2.369
ASP-1A0250_005   0.087  -2.377  -2.291
ARG01A0251_001   1.901   0.000   1.901
ARG02A0251_002   1.862   0.000   1.862
ARG02A0251_003   1.923   0.000   1.923
ARG03A0251_004   1.856   0.000   1.856
ARG03A0251_005   1.861   0.000   1.861
ARG+1A0251_006   1.818   0.000   1.818
PRO01A0252_001   0.295  -1.082  -0.787
SER01A0253_001   0.000  -1.615  -1.615
SER01A0253_002   0.000  -1.615  -1.615
SER01A0253_003   0.000  -1.615  -1.615
PHE01A0254_001   4.188   0.000   4.188
ALA01A0255_001   0.000  -1.887  -1.887
GLU01A0256_001   2.500  -3.120  -0.620
GLU01A0256_002   2.500  -3.120  -0.620
GLU02A0256_003   1.990  -3.147  -1.156
GLU02A0256_004   1.990  -3.147  -1.156
GLU-1A0256_005   1.923  -2.992  -1.069
ILE01A0257_001   1.261   0.000   1.261
HIS01A0258_001  -0.097  -2.169  -2.266
HIS01A0258_002  -0.030  -1.957  -1.987
HIS02A0258_003  -0.117  -2.169  -2.287
HIS02A0258_004  -0.041  -1.957  -1.998
HIS+1A0258_005  -0.144  -2.169  -2.313
HIS+1A0258_006  -0.068  -1.957  -2.025
GLN01A0259_001   0.642  -3.265  -2.623
GLN01A0259_002   0.541  -3.111  -2.570
ALA01A0260_001   0.000  -1.494  -1.494
PHE01A0261_001   4.486   0.000   4.486
GLU01A0262_001   1.365  -1.895  -0.530
GLU01A0262_002   1.365  -1.895  -0.530
GLU02A0262_003   1.199  -1.844  -0.645
GLU02A0262_004   1.199  -1.844  -0.645
GLU-1A0262_005   1.077  -1.791  -0.714
THR01A0263_001   0.218  -3.762  -3.544
THR01A0263_002   0.218  -3.762  -3.544
MET01A0264_001   0.056  -0.749  -0.693
PHE01A0265_001   4.527  -2.931   1.596
GLN01A0266_001   0.924  -2.539  -1.615
GLN01A0266_002   0.708  -2.559  -1.852
GLU01A0267_001   2.474  -2.578  -0.105
GLU01A0267_002   2.474  -2.578  -0.105
GLU02A0267_003   1.981  -2.506  -0.526
GLU02A0267_004   1.981  -2.506  -0.526
GLU-1A0267_005   1.905  -2.445  -0.540
SER01A0268_001   0.000  -0.770  -0.770
SER01A0269_001   0.000  -1.968  -1.968
SER01A0269_002   0.000  -1.968  -1.968
ILE01A0270_001   2.197  -8.152  -5.955
DB8+1B0001_0012075.651 -14.6032061.048
DB8+2B0001_0022073.702 -14.6422059.060
DB801B0001_0032065.872 -14.7092051.163
DB802B0001_0041953777.000 -14.8751953762.125
