 pH          7.4
ARG+1A0004_  1.00
LYS+1A0006_  0.99
ASP-1A0008_ -1.00
LYS+1A0013_  0.97
ASP-1A0014_ -0.98
ARG+1A0016_  1.00
LYS+1A0022_  1.00
ARG+1A0024_  1.00
GLU-1A0025_ -0.97
LYS+1A0030_  1.00
GLU-1A0036_ -0.99
GLU-1A0040_ -1.00
ASP-1A0044_ -1.00
ARG+1A0046_  0.99
HIS+1A0054_  0.00
CYS-1A0057_ -0.00
GLU-1A0058_ -1.00
GLU-1A0061_ -1.00
ASP-1A0063_ -0.98
LYS+1A0064_  0.98
ASP-1A0075_ -0.70
ARG+1A0076_  1.00
TYR-1A0077_ -0.00
CYS-1A0079_ -0.00
LYS+1A0080_  1.00
LYS+1A0081_  1.00
LYS+1A0085_  1.00
LYS+1A0086_  1.00
LYS+1A0090_  0.96
CYS-1A0095_ -0.00
LYS+1A0101_  0.78
ARG+1A0103_  0.93
LYS+1A0106_  1.00
LYS+1A0112_  1.00
TYR-1A0115_ -0.00
CYS-1A0118_ -0.23
ASP-1A0119_ -1.00
CYS-1A0120_ -0.02
GLU-1A0125_ -0.99
GLU-1A0130_ -0.00
LYS+1A0131_  0.97
ASP-1A0132_ -0.98
GLU-1A0135_ -1.00
LYS+1A0138_  1.00
ASP-1A0140_ -0.95
GLU-1A0142_ -0.00
ASP-1A0148_ -0.00
CYS-1A0154_ -0.00
LYS+1A0158_  1.00
GLU-1A0161_ -1.00
ASP-1A0162_ -1.00
TYR-1A0168_ -0.00
GLU-1A0169_ -1.00
CYS-1A0176_ -0.00
LYS+1A0177_  0.99
CYS-1A0193_ -0.00
GLU-1A0202_ -0.96
ASP-1A0204_ -1.00
CYS-1A0208_ -0.00
ARG+1A0209_  1.00
CYS-1A0213_ -0.01
TYR-1A0214_ -0.00
GLU-1A0216_ -1.00
ASP-1A0217_ -0.99
ARG+1A0230_  1.00
LYS+1A0233_  0.11
ASP-1A0234_ -1.00
GLU-1A0238_ -1.00
TYR-1A0243_ -0.00
ASP-1A0244_ -1.00
GLU-1A0246_ -1.00
ASP-1B0002_ -1.00
TYR-1B0005_ -0.00
GLU-1B0006_ -1.00
CYS-1B0007_ -0.04
GLU-1B0010_ -0.99
GLU-1B0013_ -1.00
TYR-1B0016_ -0.02
LYS+1B0018_  1.00
LYS+1B0021_  0.86
ARG+1B0023_  1.00
ASP-1B0024_ -0.99
LYS+1B0026_  1.00
ARG+1B0030_  1.00
LYS+1B0035_  0.00
ARG+1B0036_  1.00
ARG+1B0038_  1.00
GLU-1B0043_ -1.00
GLU-1B0044_ -1.00
ARG+1B0052_  1.00
GLU-1B0053_ -0.97
ARG+1B0058_  1.00
HIS+1B0059_  0.03
GLU-1B0061_ -1.00
GLU-1B0064_ -1.00
HIS+1B0065_  0.00
ARG+1B0070_  1.00
ASP-1B0073_ -1.00
CYS-1B0075_ -0.04
ARG+1B0079_  1.00
ASP-1B0081_ -1.00
ARG+1B0082_  1.00
GLU-1B0083_ -0.98
LYS+1B0085_  1.00
GLU-1B0091_ -1.00
HIS+1B0092_  0.00
ASP-1B0094_ -1.00
ASP-1B0096_ -0.95
TYR-1B0100_ -0.01
ASP-1B0102_ -1.00
LYS+1B0103_  1.00
GLU-1B0106_ -1.00
GLU-1B0112_ -1.00
LYS+1B0115_  0.49
ASP-1B0116_ -0.99
ARG+1B0123_  1.00
ASP-1B0126_ -0.99
HIS+1B0129_  0.00
HIS+1B0131_  0.06
ARG+1B0132_  1.00
HIS+1B0135_  0.00
ARG+1B0136_  1.00
ASP-1B0137_ -0.99
LYS+1B0139_  0.80
LYS+1B0152_  0.99
ASP-1B0155_ -1.00
ARG+1B0160_  1.00
TYR-1B0162_ -0.00
TYR-1B0177_ -0.00
ARG+1B0178_  1.00
GLU-1B0181_ -0.67
TYR-1B0188_ -0.00
ASP-1B0193_ -0.93
CYS-1B0199_ -0.00
GLU-1B0203_ -0.45
ARG+1B0206_  1.00
ARG+1B0207_  1.00
LYS+1B0208_  1.00
ARG+1B0212_  1.00
ASP-1B0216_ -1.00
ASP-1B0218_ -1.00
LYS+1B0222_  1.00
ASP-1B0225_ -1.00
GLU-1B0232_ -1.00
GLU-1B0233_ -1.00
ASP-1B0234_ -0.96
ARG+1B0237_  1.00
ASP-1B0238_ -1.00
ARG+1B0243_  1.00
HIS+1B0247_  0.05
LYS+1B0249_  1.00
GLU-1B0255_ -1.00
LYS+1B0256_  1.00
ASP-1B0260_ -1.00
ASP-1B0262_ -1.00
GLU-1B0263_ -1.00
LYS+1B0266_  0.99
ASP-1B0267_ -1.00
LYS+1B0271_  1.00
CYS-1B0272_ -0.00
LYS+1B0279_  1.00
ARG+1B0280_  0.99
TYR-1B0284_ -0.02
HIS+1B0289_  0.00
TYR-1B0291_ -0.00
ASP-1B0294_ -1.00
GLU-1B0296_ -1.00
ARG+1B0297_  1.00
LQQ+1C0001_  0.87
----------
Tot Protn -4.81
Tot Elec   0.00
Net crg   -3.93
