CONFORMER         crg  vdw0  vdw1  tors  epol  self   occ  Hb     history    ASA
GLU01A0002_001  0.000  0.11 -0.91  3.02  0.00  2.22 1.000  00  01O000M000  0.360
GLU01A0002_002  0.000  0.11 -0.91  0.30  0.00 -0.50 1.000  00  01O000M000  0.360
GLU02A0002_003  0.000 -0.25 -0.91  3.02  0.00  1.87 1.000  00  02O000M000  0.357
GLU02A0002_004  0.000 -0.25 -0.91  0.30  0.00 -0.85 1.000  00  02O000M000  0.357
GLU-1A0002_005 -1.000 -0.41 -0.88  0.30  0.00 -0.98 1.000  00  -1O000M000  0.380
ALA01A0003_001  0.000 -4.01 -0.23  0.00  0.00 -4.24 1.000  00  01O000M000  0.722
PRO01A0004_001  0.000 -5.39 -0.79  0.00  0.00 -6.18 1.000  00  01O000M000  0.583
ASN01A0005_001  0.000 -0.91 -1.69  1.23  0.00 -1.37 0.754  00  01O000M000  0.286
ASN01A0005_002  0.000 -1.11 -0.68  1.19  0.00 -0.59 0.746  00  01R001M000  0.272
GLN01A0006_001  0.000 -2.42 -0.57  3.26  0.00  0.28 0.750  00  01O000M000  0.774
GLN01A0006_002  0.000 -2.76 -0.53  3.27  0.00 -0.01 0.750  00  01R001M000  0.786
ALA01A0007_001  0.000 -0.46 -1.88  0.00  0.00 -2.34 1.000  00  01O000M000  0.084
LEU01A0008_001  0.000 -5.64 -1.36  0.41  0.00 -6.58 1.000  00  01O000M000  0.618
LEU01A0009_001  0.000 -1.11 -2.63  1.27  0.00 -2.47 1.000  00  01O000M000  0.270
ARG01A0010_001  0.000 -1.43 -3.57  0.98  0.00 -4.02 1.000  00  01O000M000  0.225
ARG02A0010_002  0.000 -1.44 -3.56  0.98  0.00 -4.02 1.000  00  02O000M000  0.225
ARG03A0010_003  0.000 -1.45 -3.56  0.98  0.00 -4.03 1.000  00  03O000M000  0.225
ARG+1A0010_004  1.000 -1.49 -3.58  0.98  0.00 -4.09 1.000  00  +1O000M000  0.225
ILE01A0011_001  0.000 -3.69 -1.29  1.24  0.00 -3.73 1.000  00  01O000M000  0.437
LEU01A0012_001  0.000  1.33 -3.51  0.41  0.00 -1.76 1.000  00  01O000M000  0.028
LYS01A0013_001  0.000 -5.34 -1.47  2.62  0.00 -4.20 1.000  00  01O000M000  0.573
LYS+1A0013_002  1.000 -5.42 -1.48  2.62  0.00 -4.28 1.000  00  +1O000M000  0.573
GLU01A0014_001  0.000 -0.74 -0.92  4.37  0.00  2.71 1.000  00  01O000M000  0.515
GLU01A0014_002  0.000 -0.74 -0.92  1.65  0.00 -0.01 1.000  00  01O000M000  0.515
GLU02A0014_003  0.000 -0.57 -0.92  4.37  0.00  2.88 1.000  00  02O000M000  0.517
GLU02A0014_004  0.000 -0.57 -0.92  1.65  0.00  0.16 1.000  00  02O000M000  0.517
GLU-1A0014_005 -1.000 -0.84 -0.89  1.65  0.00 -0.08 1.000  00  -1O000M000  0.530
THR01A0015_001  0.000 -4.69  1.13  0.41  0.00 -3.15 0.670  00  01O000M000  0.559
THR01A0015_002  0.000 -4.69  1.13  0.41  0.00 -3.15 0.670  00  01O000M000  0.559
GLU01A0016_001  0.000 -0.02 -6.88  3.45  0.00 -3.45 1.000  00  01O000M000  0.133
GLU01A0016_002  0.000 -0.02 -6.88  0.73  0.00 -6.17 1.000  00  01O000M000  0.133
GLU02A0016_003  0.000  0.02 -6.84  3.45  0.00 -3.37 1.000  00  02O000M000  0.141
GLU02A0016_004  0.000  0.02 -6.84  0.73  0.00 -6.09 1.000  00  02O000M000  0.141
GLU-1A0016_005 -1.000 -0.13 -6.88  0.73  0.00 -6.28 1.000  00  -1O000M000  0.139
PHE01A0017_001  0.000  4.22 -7.73  0.00  0.00 -3.51 1.000  00  01O000M000  0.004
LYS01A0018_001  0.000 -6.24 -1.57  2.45  0.00 -5.36 1.000  00  01O000M000  0.575
LYS+1A0018_002  1.000 -6.28 -1.57  2.45  0.00 -5.40 1.000  00  +1O000M000  0.575
LYS01A0019_001  0.000 -1.75 -0.82  1.56  0.00 -1.01 1.000  00  01O000M000  0.222
LYS+1A0019_002  1.000 -1.79 -0.83  1.56  0.00 -1.07 1.000  00  +1O000M000  0.222
ILE01A0020_001  0.000 -1.99 27.10  0.65  0.00 25.75 1.000  00  01O000M000  0.289
LYS01A0021_001  0.000 -7.26  0.00  1.39  0.00 -5.87 1.000  00  01O000M000  0.614
LYS+1A0021_002  1.000 -7.34 -0.00  1.39  0.00 -5.95 1.000  00  +1O000M000  0.614
VAL01A0022_001  0.000 -5.48  5.37  0.33  0.00  0.23 1.000  00  01O000M000  0.583
LEU01A0023_001  0.000  0.89 -3.74  0.43  0.00 -2.42 1.000  00  01O000M000  0.065
SER01A0025_001  0.000 -2.66 -1.16  0.69  0.00 -3.13 0.666  00  01O000M000  0.428
ALA01A0027_001  0.000 -3.50 -0.36  0.00  0.00 -3.86 1.000  00  01O000M000  0.624
PHE01A0028_001  0.000 -0.62 -3.95  0.12  0.00 -4.45 1.000  00  01O000M000  0.364
THR01A0030_001  0.000 -1.37  0.86  0.38  0.00 -0.13 0.668  00  01O000M000  0.181
THR01A0030_002  0.000 -1.37  0.86  0.00  0.00 -0.51 0.668  00  01O000M000  0.181
VAL01A0031_001  0.000  0.22 -1.71  0.48  0.00 -1.00 1.000  00  01O000M000  0.041
TYR01A0032_001  0.000  1.29 -7.04  0.05  0.00 -5.70 1.000  00  01O000M000  0.229
TYR01A0032_002  0.000  1.29 -7.04  0.05  0.00 -5.70 1.000  00  01O000M000  0.229
TYR-1A0032_003 -1.000  1.29 -7.04  0.05  0.00 -5.70 1.000  00  -1O000M000  0.229
LYS01A0033_001  0.000 -3.86 -2.56  1.20  0.00 -5.23 1.000  00  01O000M000  0.345
LYS+1A0033_002  1.000 -3.91 -2.57  1.20  0.00 -5.27 1.000  00  +1O000M000  0.345
LEU01A0035_001  0.000 -0.37 -3.98  1.50  0.00 -2.86 1.000  00  01O000M000  0.197
TRP01A0036_001  0.000  1.53 -9.02  0.04  0.00 -7.45 1.000  00  01O000M000  0.082
ILE01A0037_001  0.000 -1.37  2.77  1.10  0.00  2.51 1.000  00  01O000M000  0.232
PRO01A0038_001  0.000  0.32  0.91  0.00  0.00  1.23 1.000  00  01O000M000  0.005
GLU01A0039_001  0.000 -1.36 -1.55  4.44  0.00  1.53 1.000  00  01O000M000  0.505
GLU01A0039_002  0.000 -1.36 -1.55  1.72  0.00 -1.19 1.000  00  01O000M000  0.505
GLU02A0039_003  0.000 -1.66 -1.68  4.44  0.00  1.10 1.000  00  02O000M000  0.530
GLU02A0039_004  0.000 -1.66 -1.68  1.72  0.00 -1.62 1.000  00  02O000M000  0.530
GLU-1A0039_005 -1.000 -1.61 -1.66  1.72  0.00 -1.55 1.000  00  -1O000M000  0.525
GLU01A0041_001  0.000 -1.41 -2.43  4.56  0.00  0.72 1.000  00  01O000M000  0.551
GLU01A0041_002  0.000 -1.41 -2.43  1.84  0.00 -2.00 1.000  00  01O000M000  0.551
GLU02A0041_003  0.000 -1.58 -2.45  4.56  0.00  0.53 1.000  00  02O000M000  0.572
GLU02A0041_004  0.000 -1.58 -2.45  1.84  0.00 -2.19 1.000  00  02O000M000  0.572
GLU-1A0041_005 -1.000 -1.55 -2.39  1.84  0.00 -2.10 1.000  00  -1O000M000  0.548
LYS01A0042_001  0.000-10.04 -0.51  1.03  0.00 -9.52 1.000  00  01O000M000  0.865
LYS+1A0042_002  1.000-10.08 -0.52  1.03  0.00 -9.58 1.000  00  +1O000M000  0.865
VAL01A0043_001  0.000 -2.52  0.64  2.06  0.00  0.18 1.000  00  01O000M000  0.308
LYS01A0044_001  0.000 -4.00 -2.95  1.01  0.00 -5.95 1.000  00  01O000M000  0.421
LYS+1A0044_002  1.000 -4.07 -2.96  1.01  0.00 -6.02 1.000  00  +1O000M000  0.421
ILE01A0045_001  0.000  1.77 -0.89  0.45  0.00  1.33 1.000  00  01O000M000  0.009
PRO01A0046_001  0.000 -1.55  0.40  0.00  0.00 -1.15 1.000  00  01O000M000  0.184
VAL01A0047_001  0.000  0.62  0.14  0.05  0.00  0.82 1.000  00  01O000M000  0.000
ALA01A0048_001  0.000  0.00 -2.07  0.00  0.00 -2.07 1.000  00  01O000M000  0.000
ILE01A0049_001  0.000  1.85 -3.62  0.56  0.00 -1.21 1.000  00  01O000M000  0.000
LYS01A0050_001  0.000  0.19 -4.28  1.39  0.00 -2.70 1.000  00  01O000M000  0.054
LYS+1A0050_002  1.000  0.14 -4.29  1.39  0.00 -2.76 1.000  00  +1O000M000  0.054
GLU01A0051_001  0.000  0.13 -3.68  2.96  0.00 -0.59 1.000  00  01O000M000  0.288
GLU01A0051_002  0.000  0.13 -3.68  0.24  0.00 -3.31 1.000  00  01O000M000  0.288
GLU02A0051_003  0.000 -0.25 -3.70  2.96  0.00 -0.98 1.000  00  02O000M000  0.300
GLU02A0051_004  0.000 -0.25 -3.70  0.24  0.00 -3.70 1.000  00  02O000M000  0.300
GLU-1A0051_005 -1.000 -0.15 -3.64  0.24  0.00 -3.55 1.000  00  -1O000M000  0.284
LEU01A0052_001  0.000  0.55 -2.62  0.75  0.00 -1.32 1.000  00  01O000M000  0.091
ARG01A0053_001  0.000 -8.25 -2.70  0.43  0.00-10.53 1.000  00  01O000M000  0.635
ARG02A0053_002  0.000 -8.29 -2.71  0.43  0.00-10.57 1.000  00  02O000M000  0.635
ARG03A0053_003  0.000 -8.29 -2.71  0.43  0.00-10.58 1.000  00  03O000M000  0.635
ARG+1A0053_004  1.000 -8.33 -2.71  0.43  0.00-10.62 1.000  00  +1O000M000  0.635
GLU01A0054_001  0.000 -0.66999.00  4.69  0.00999.00 1.000  00  01O000M000  0.331
GLU01A0054_002  0.000 -0.66  3.28  1.97  0.00  4.60 1.000  00  01O000M000  0.331
GLU02A0054_003  0.000 -0.83  1.70  4.69  0.00  5.56 1.000  00  02O000M000  0.359
GLU02A0054_004  0.000 -0.83  1.70  1.97  0.00  2.84 1.000  00  02O000M000  0.359
GLU-1A0054_005 -1.000 -0.81  1.75  1.97  0.00  2.91 1.000  00  -1O000M000  0.339
ALA01A0055_001  0.000 -1.03 -0.76  0.00  0.00 -1.79 1.000  00  01O000M000  0.189
THR01A0056_001  0.000 -6.57  7.60  0.88  0.00  1.91 0.663  00  01O000M000  0.813
SER01A0057_001  0.000 -2.29 -1.67  0.38  0.00 -3.57 0.660  00  01O000M000  0.376
PRO01A0058_001  0.000 -6.47  1.19  0.00  0.00 -5.27 1.000  00  01O000M000  0.681
LYS01A0059_001  0.000 -9.83 -1.11  0.83  0.00-10.11 1.000  00  01O000M000  0.837
LYS+1A0059_002  1.000 -9.88 -1.11  0.83  0.00-10.16 1.000  00  +1O000M000  0.837
ALA01A0060_001  0.000 -0.98 -0.47  0.00  0.00 -1.45 1.000  00  01O000M000  0.173
ASN01A0061_001  0.000 -0.34 -5.12  1.64  0.00 -3.81 0.753  00  01O000M000  0.175
ASN01A0061_002  0.000 -0.46 -5.06  1.62  0.00 -3.90 0.747  00  01R001M000  0.164
LYS01A0062_001  0.000 -6.92 -1.68  2.10  0.00 -6.50 1.000  00  01O000M000  0.637
LYS+1A0062_002  1.000 -7.00 -1.69  2.10  0.00 -6.59 1.000  00  +1O000M000  0.637
GLU01A0063_001  0.000  0.25 -2.77  6.13  0.00  3.61 1.000  00  01O000M000  0.372
GLU01A0063_002  0.000  0.25 -2.77  3.41  0.00  0.89 1.000  00  01O000M000  0.372
GLU02A0063_003  0.000 -0.00 -2.75  6.13  0.00  3.39 1.000  00  02O000M000  0.371
GLU02A0063_004  0.000 -0.00 -2.75  3.41  0.00  0.67 1.000  00  02O000M000  0.371
GLU-1A0063_005 -1.000 -0.12 -2.71  3.41  0.00  0.58 1.000  00  -1O000M000  0.370
ILE01A0064_001  0.000  1.37 -0.08  0.53  0.00  1.82 1.000  00  01O000M000  0.009
LEU01A0065_001  0.000 -3.16 -1.07  0.81  0.00 -3.42 1.000  00  01O000M000  0.399
ASP01A0066_001  0.000 -1.58  0.48  2.72  0.00  1.62 1.000  00  01O000M000  0.358
ASP01A0066_002  0.000 -1.58  0.48  0.00  0.00 -1.10 1.000  00  01O000M000  0.358
ASP02A0066_003  0.000 -1.44 -0.42  2.72  0.00  0.87 1.000  00  02O000M000  0.339
ASP02A0066_004  0.000 -1.44 -0.42  0.00  0.00 -1.85 1.000  00  02O000M000  0.339
ASP-1A0066_005 -1.000 -1.51 -0.33  0.00  0.00 -1.84 1.000  00  -1O000M000  0.355
GLU01A0067_001  0.000  1.22 -5.28  3.23  0.00 -0.83 1.000  00  01O000M000  0.037
GLU01A0067_002  0.000  1.22 -5.28  0.51  0.00 -3.55 1.000  00  01O000M000  0.037
GLU02A0067_003  0.000  0.89 -5.34  3.23  0.00 -1.22 1.000  00  02O000M000  0.046
GLU02A0067_004  0.000  0.89 -5.34  0.51  0.00 -3.94 1.000  00  02O000M000  0.046
GLU-1A0067_005 -1.000  0.82 -5.24  0.51  0.00 -3.90 1.000  00  -1O000M000  0.046
ALA01A0068_001  0.000 -0.05 -0.81  0.00  0.00 -0.86 1.000  00  01O000M000  0.009
TYR01A0069_001  0.000 -2.44 -3.55  0.04  0.00 -5.95 1.000  00  01O000M000  0.489
TYR01A0069_002  0.000 -2.44 -3.55  0.04  0.00 -5.95 1.000  00  01O000M000  0.489
TYR-1A0069_003 -1.000 -2.44 -3.55  0.04  0.00 -5.95 1.000  00  -1O000M000  0.489
VAL01A0070_001  0.000  0.74  4.73  0.00  0.00  5.47 1.000  00  01O000M000  0.010
MET01A0071_001  0.000  0.26 -6.46  1.89  0.00 -4.31 1.000  00  01O000M000  0.000
ALA01A0072_001  0.000 -0.10 -1.93  0.00  0.00 -2.03 1.000  00  01O000M000  0.018
SER01A0073_001  0.000 -0.74  2.67  0.39  0.00  2.32 0.665  00  01O000M000  0.120
SER01A0073_002  0.000 -0.74  2.67  0.39  0.00  2.32 0.665  00  01O000M000  0.120
VAL01A0074_001  0.000  0.42 -0.57  0.01  0.00 -0.14 1.000  00  01O000M000  0.015
ASP01A0075_001  0.000 -2.42  1.50  2.77  0.00  1.85 1.000  00  01O000M000  0.574
ASP01A0075_002  0.000 -2.42  1.50  0.05  0.00 -0.87 1.000  00  01O000M000  0.574
ASP02A0075_003  0.000 -2.60  0.88  2.77  0.00  1.05 1.000  00  02O000M000  0.613
ASP02A0075_004  0.000 -2.60  0.88  0.05  0.00 -1.67 1.000  00  02O000M000  0.613
ASP-1A0075_005 -1.000 -2.39  0.92  0.05  0.00 -1.42 1.000  00  -1O000M000  0.581
ASN01A0076_001  0.000 -0.08 -3.30  1.19  0.00 -2.19 0.752  00  01O000M000  0.127
ASN01A0076_002  0.000 -0.32 -4.53  1.18  0.00 -3.67 0.748  00  01R001M000  0.161
PRO01A0077_001  0.000 -4.67  0.95  0.00  0.00 -3.72 1.000  00  01O000M000  0.508
HIS01A0078_001  0.000 -0.81 -6.15  0.17  0.00 -6.79 0.880  00  01O000M000  0.064
HIS01A0078_002  0.000 -0.69 -6.31  0.17  0.00 -6.83 0.366  00  01R001M000  0.059
HIS02A0078_003  0.000 -0.84 -6.18  0.17  0.00 -6.85 0.880  00  02O000M000  0.064
HIS02A0078_004  0.000 -0.70 -6.41  0.17  0.00 -6.93 0.366  00  02R001M000  0.059
HIS+1A0078_005  1.000 -0.86 -6.20  0.17  0.00 -6.89 0.880  00  +1O000M000  0.064
HIS+1A0078_006  1.000 -0.73 -6.42  0.17  0.00 -6.98 0.366  00  +1R001M000  0.059
VAL01A0079_001  0.000  0.70 -1.81  0.01  0.00 -1.11 1.000  00  01O000M000  0.000
CYS01A0080_001  0.000 -0.00 -3.33  0.16  0.00 -3.17 1.000  00  01O000M000  0.000
CYS01A0080_002  0.000 -0.00 -3.43  0.16  0.00 -3.27 1.000  00  01O000M000  0.000
CYS01A0080_003  0.000 -0.00 -3.32  0.16  0.00 -3.16 1.000  00  01O000M000  0.000
CYS-1A0080_004 -1.000  0.00 -3.28  0.16  0.00 -3.12 1.000  00  -1O000M000  0.000
ARG01A0081_001  0.000 -4.36 -2.59  2.37  0.00 -4.58 1.000  00  01O000M000  0.396
ARG02A0081_002  0.000 -4.42 -2.70  2.37  0.00 -4.75 1.000  00  02O000M000  0.396
ARG03A0081_003  0.000 -4.42 -2.68  2.37  0.00 -4.73 1.000  00  03O000M000  0.396
ARG03A0081_004  0.000 -4.42 -2.60  2.37  0.00 -4.64 1.000  00  03O000M000  0.396
ARG+1A0081_005  1.000 -4.46 -2.71  2.37  0.00 -4.80 1.000  00  +1O000M000  0.396
LEU01A0082_001  0.000  2.09 -7.12  0.81  0.00 -4.22 1.000  00  01O000M000  0.000
LEU01A0083_001  0.000  1.21 -2.10  2.38  0.00  1.49 1.000  00  01O000M000  0.047
ILE01A0085_001  0.000  2.82 -0.18  1.00  0.00  3.65 1.000  00  01O000M000  0.004
CYS01A0086_001  0.000 -0.22 -3.62  0.22  0.00 -3.61 1.000  00  01O000M000  0.030
CYS01A0086_002  0.000 -0.22 -3.62  0.22  0.00 -3.61 1.000  00  01O000M000  0.030
CYS01A0086_003  0.000 -0.22 -3.52  0.22  0.00 -3.52 1.000  00  01O000M000  0.030
CYS-1A0086_004 -1.000 -0.21 -3.46  0.22  0.00 -3.45 1.000  00  -1O000M000  0.030
LEU01A0087_001  0.000 -4.05  0.35  1.43  0.00 -2.26 1.000  00  01O000M000  0.485
THR01A0088_001  0.000 -1.61  0.61  0.93  0.00 -0.07 0.664  00  01O000M000  0.208
THR01A0088_002  0.000 -1.61  0.61  0.56  0.00 -0.44 0.664  00  01O000M000  0.208
SER01A0089_001  0.000 -3.32  1.93  1.12  0.00 -0.27 0.668  00  01O000M000  0.554
THR01A0090_001  0.000 -2.24 -0.84  0.41  0.00 -2.67 0.663  00  01O000M000  0.282
THR01A0090_002  0.000 -2.24 -0.84  0.41  0.00 -2.67 0.663  00  01O000M000  0.282
THR01A0090_003  0.000 -2.24 -0.84  0.03  0.00 -3.05 0.663  00  01O000M000  0.282
VAL01A0091_001  0.000  0.17 -1.34  0.07  0.00 -1.10 1.000  00  01O000M000  0.044
GLN01A0092_001  0.000  0.49 -4.34  1.14  0.00 -2.71 0.741  00  01O000M000  0.107
GLN01A0092_002  0.000  1.02 -4.32  1.14  0.00 -2.17 0.759  00  01R001M000  0.080
LEU01A0093_001  0.000  1.73 -4.23  0.53  0.00 -1.97 1.000  00  01O000M000  0.000
ILE01A0094_001  0.000  1.18 -1.76  0.85  0.00  0.27 1.000  00  01O000M000  0.000
MET01A0095_001  0.000  1.06 -4.12  2.87  0.00 -0.19 1.000  00  01O000M000  0.000
GLN01A0096_001  0.000  0.74 -4.06  4.33  0.00  1.01 0.754  00  01O000M000  0.056
GLN01A0096_002  0.000  0.72 -3.97  4.32  0.00  1.08 0.746  00  01R001M000  0.050
LEU01A0097_001  0.000  1.10 -3.80  0.72  0.00 -1.98 1.000  00  01O000M000  0.050
MET01A0098_001  0.000 -0.13 -4.00  0.33  0.00 -3.81 1.000  00  01O000M000  0.000
PRO01A0099_001  0.000 -2.85 -0.26  0.00  0.00 -3.11 1.000  00  01O000M000  0.320
PHE01A0100_001  0.000 -0.95 -5.13  0.01  0.00 -6.07 1.000  00  01O000M000  0.373
CYS01A0102_001  0.000 -0.00 -2.64  0.14  0.00 -2.50 1.000  00  01O000M000  0.000
CYS01A0102_002  0.000 -0.00 -2.77  0.14  0.00 -2.63 1.000  00  01O000M000  0.000
CYS01A0102_003  0.000 -0.00 -2.62  0.14  0.00 -2.48 1.000  00  01O000M000  0.000
CYS-1A0102_004 -1.000  0.00 -2.59  0.14  0.00 -2.45 1.000  00  -1O000M000  0.000
LEU01A0103_001  0.000  1.86 -4.67  0.66  0.00 -2.16 1.000  00  01O000M000  0.000
LEU01A0104_001  0.000  0.83 -2.85  0.47  0.00 -1.55 1.000  00  01O000M000  0.057
ASP01A0105_001  0.000 -1.11  0.06  2.76  0.00  1.72 1.000  00  01O000M000  0.251
ASP01A0105_002  0.000 -1.11  0.06  0.04  0.00 -1.00 1.000  00  01O000M000  0.251
ASP02A0105_003  0.000 -1.09 -0.48  2.76  0.00  1.19 1.000  00  02O000M000  0.270
ASP02A0105_004  0.000 -1.09 -0.48  0.04  0.00 -1.53 1.000  00  02O000M000  0.270
ASP-1A0105_005 -1.000 -1.12 -0.42  0.04  0.00 -1.50 1.000  00  -1O000M000  0.263
TYR01A0106_001  0.000  3.92 -5.89  0.36  0.00 -1.61 1.000  00  01O000M000  0.071
TYR01A0106_002  0.000  3.92 -5.89  0.36  0.00 -1.61 1.000  00  01O000M000  0.071
TYR-1A0106_003 -1.000  3.92 -5.89  0.36  0.00 -1.61 1.000  00  -1O000M000  0.071
VAL01A0107_001  0.000  0.64 -2.10  0.00  0.00 -1.46 1.000  00  01O000M000  0.000
ARG01A0108_001  0.000 -4.80 -5.64  0.68  0.00 -9.77 1.000  00  01O000M000  0.400
ARG02A0108_002  0.000 -4.78 -5.73  0.68  0.00 -9.83 1.000  00  02O000M000  0.400
ARG03A0108_003  0.000 -4.85 -5.73  0.68  0.00 -9.90 1.000  00  03O000M000  0.400
ARG+1A0108_004  1.000 -4.88 -5.74  0.68  0.00 -9.94 1.000  00  +1O000M000  0.400
GLU01A0109_001  0.000  0.12 -0.87  4.97  0.00  4.22 1.000  00  01O000M000  0.598
GLU01A0109_002  0.000  0.12 -0.87  2.25  0.00  1.50 1.000  00  01O000M000  0.598
GLU02A0109_003  0.000 -0.38 -0.84  4.97  0.00  3.75 1.000  00  02O000M000  0.592
GLU02A0109_004  0.000 -0.38 -0.84  2.25  0.00  1.03 1.000  00  02O000M000  0.592
GLU-1A0109_005 -1.000 -0.49 -0.81  2.25  0.00  0.95 1.000  00  -1O000M000  0.606
HIS01A0110_001  0.000 -3.38 -2.29  0.00  0.00 -5.68 0.754  00  01O000M000  0.295
HIS01A0110_002  0.000 -3.63 -1.89  0.00  0.00 -5.51 0.746  00  01R001M000  0.298
HIS02A0110_003  0.000 -3.40 -2.45  0.00  0.00 -5.85 0.754  00  02O000M000  0.295
HIS02A0110_004  0.000 -3.64 -1.89  0.00  0.00 -5.53 0.746  00  02R001M000  0.298
HIS+1A0110_005  1.000 -3.43 -2.45  0.00  0.00 -5.88 0.754  00  +1O000M000  0.295
HIS+1A0110_006  1.000 -3.67 -1.90  0.00  0.00 -5.57 0.746  00  +1R001M000  0.298
LYS01A0111_001  0.000 -2.61 -2.86  1.22  0.00 -4.25 1.000  00  01O000M000  0.424
LYS+1A0111_002  1.000 -2.67 -2.93  1.22  0.00 -4.38 1.000  00  +1O000M000  0.424
ASP01A0112_001  0.000 -2.76  3.22  2.81  0.00  3.26 1.000  00  01O000M000  0.638
ASP01A0112_002  0.000 -2.76  3.22  0.09  0.00  0.54 1.000  00  01O000M000  0.638
ASP02A0112_003  0.000 -2.70  2.07  2.81  0.00  2.19 1.000  00  02O000M000  0.631
ASP02A0112_004  0.000 -2.70  2.07  0.09  0.00 -0.53 1.000  00  02O000M000  0.631
ASP-1A0112_005 -1.000 -2.67  2.11  0.09  0.00 -0.48 1.000  00  -1O000M000  0.635
ASN01A0113_001  0.000 -1.85 -1.06  0.48  0.00 -2.43 0.757  00  01O000M000  0.439
ASN01A0113_002  0.000 -1.93  0.20  0.48  0.00 -1.25 0.743  00  01R001M000  0.409
ILE01A0114_001  0.000  1.94  6.27  0.70  0.00  8.92 1.000  00  01O000M000  0.013
SER01A0116_001  0.000 -0.30 -1.90  0.75  0.00 -1.45 0.662  00  01O000M000  0.049
SER01A0116_002  0.000 -0.30 -1.90  0.75  0.00 -1.45 0.662  00  01O000M000  0.049
SER01A0116_003  0.000 -0.30 -1.90  0.38  0.00 -1.82 0.662  00  01O000M000  0.049
GLN01A0117_001  0.000 -2.06 -1.76  0.65  0.00 -3.17 0.743  00  01O000M000  0.537
GLN01A0117_002  0.000 -1.56 -0.18  0.64  0.00 -1.11 0.757  00  01R001M000  0.459
TYR01A0118_001  0.000 -0.38 -3.64  0.53  0.00 -3.49 1.000  00  01O000M000  0.323
TYR01A0118_002  0.000 -0.38 -3.64  0.53  0.00 -3.49 1.000  00  01O000M000  0.323
TYR-1A0118_003 -1.000 -0.38 -3.64  0.53  0.00 -3.49 1.000  00  -1O000M000  0.323
LEU01A0119_001  0.000  1.92 -5.10  2.00  0.00 -1.18 1.000  00  01O000M000  0.000
LEU01A0120_001  0.000  1.80 -6.86  0.49  0.00 -4.58 1.000  00  01O000M000  0.000
ASN01A0121_001  0.000 -1.01 -1.39  1.54  0.00 -0.86 0.747  00  01O000M000  0.267
ASN01A0121_002  0.000 -0.84 -1.70  1.54  0.00 -1.00 0.753  00  01R001M000  0.273
TRP01A0122_001  0.000  2.63 -4.32  0.72  0.00 -0.97 1.000  00  01O000M000  0.000
CYS01A0123_001  0.000 -0.00 -2.46  0.09  0.00 -2.37 1.000  00  01O000M000  0.000
CYS01A0123_002  0.000 -0.00 -2.49  0.09  0.00 -2.40 1.000  00  01O000M000  0.000
CYS01A0123_003  0.000 -0.00 -2.45  0.09  0.00 -2.36 1.000  00  01O000M000  0.000
CYS-1A0123_004 -1.000  0.00 -2.42  0.09  0.00 -2.33 1.000  00  -1O000M000  0.000
VAL01A0124_001  0.000  0.38 -1.37  0.57  0.00 -0.42 1.000  00  01O000M000  0.031
GLN01A0125_001  0.000  0.40 -3.03  0.43  0.00 -2.20 0.754  00  01O000M000  0.138
GLN01A0125_002  0.000  1.02 -2.10  0.42  0.00 -0.66 0.746  00  01R001M000  0.107
ILE01A0126_001  0.000  3.58 -2.39  0.41  0.00  1.61 1.000  00  01O000M000  0.000
ALA01A0127_001  0.000  0.00 -2.74  0.00  0.00 -2.74 1.000  00  01O000M000  0.000
LYS01A0128_001  0.000 -4.07 -3.15  3.15  0.00 -4.07 1.000  00  01O000M000  0.392
LYS+1A0128_002  1.000 -4.11 -3.17  3.15  0.00 -4.13 1.000  00  +1O000M000  0.392
MET01A0130_001  0.000  1.44 -3.58  0.49  0.00 -1.64 1.000  00  01O000M000  0.000
ASN01A0131_001  0.000 -0.39 -5.27  1.33  0.00 -4.33 0.753  00  01O000M000  0.191
ASN01A0131_002  0.000 -0.40 -4.71  1.35  0.00 -3.76 0.747  00  01R001M000  0.144
TYR01A0132_001  0.000  2.70 -4.40  0.70  0.00 -1.00 1.000  00  01O000M000  0.144
TYR01A0132_002  0.000  2.70 -4.40  0.70  0.00 -1.00 1.000  00  01O000M000  0.144
TYR-1A0132_003 -1.000  2.70 -4.40  0.70  0.00 -1.00 1.000  00  -1O000M000  0.144
LEU01A0133_001  0.000  1.48 -2.93  0.52  0.00 -0.93 1.000  00  01O000M000  0.000
GLU01A0134_001  0.000  0.42 -3.86  2.95  0.00 -0.48 1.000  00  01O000M000  0.157
GLU01A0134_002  0.000  0.42 -3.86  0.23  0.00 -3.20 1.000  00  01O000M000  0.157
GLU02A0134_003  0.000  0.09 -3.80  2.95  0.00 -0.76 1.000  00  02O000M000  0.181
GLU02A0134_004  0.000  0.09 -3.80  0.23  0.00 -3.48 1.000  00  02O000M000  0.181
GLU-1A0134_005 -1.000  0.13 -3.76  0.23  0.00 -3.40 1.000  00  -1O000M000  0.164
ASP01A0135_001  0.000 -1.98  1.05  3.49  0.00  2.56 1.000  00  01O000M000  0.484
ASP01A0135_002  0.000 -1.98  1.05  0.77  0.00 -0.16 1.000  00  01O000M000  0.484
ASP02A0135_003  0.000 -1.80  0.75  3.49  0.00  2.44 1.000  00  02O000M000  0.473
ASP02A0135_004  0.000 -1.80  0.75  0.77  0.00 -0.28 1.000  00  02O000M000  0.473
ASP-1A0135_005 -1.000 -1.90  0.75  0.77  0.00 -0.38 1.000  00  -1O000M000  0.478
ARG01A0136_001  0.000 -5.82 -2.06  0.65  0.00 -7.22 1.000  00  01O000M000  0.510
ARG02A0136_002  0.000 -5.84 -2.06  0.65  0.00 -7.25 1.000  00  02O000M000  0.510
ARG03A0136_003  0.000 -5.77 -2.06  0.65  0.00 -7.18 1.000  00  03O000M000  0.510
ARG+1A0136_004  1.000 -5.88 -2.07  0.65  0.00 -7.30 1.000  00  +1O000M000  0.510
ARG01A0137_001  0.000 -2.83 -2.47  1.06  0.00 -4.24 1.000  00  01O000M000  0.326
ARG02A0137_002  0.000 -2.86 -2.41  1.06  0.00 -4.22 1.000  00  02O000M000  0.326
ARG03A0137_003  0.000 -2.86 -2.57  1.06  0.00 -4.38 1.000  00  03O000M000  0.326
ARG+1A0137_004  1.000 -2.91 -2.58  1.06  0.00 -4.43 1.000  00  +1O000M000  0.326
LEU01A0138_001  0.000  1.37 -4.19  0.63  0.00 -2.20 1.000  00  01O000M000  0.017
VAL01A0139_001  0.000  0.65 -2.49  0.01  0.00 -1.83 1.000  00  01O000M000  0.000
HIS01A0140_001  0.000 -0.21 -2.49  0.51  0.00 -2.19 1.000  00  01O000M000  0.000
HIS02A0140_002  0.000 -0.23 -2.62  0.51  0.00 -2.33 1.000  00  02O000M000  0.000
HIS+1A0140_003  1.000 -0.25 -2.70  0.51  0.00 -2.44 1.000  00  +1O000M000  0.000
ARG01A0141_001  0.000  3.07 -0.72  0.84  0.00  3.19 1.000  00  01O000M000  0.023
ARG02A0141_002  0.000  2.99 -0.73  0.84  0.00  3.11 1.000  00  02O000M000  0.023
ARG02A0141_003  0.000  3.00 -0.73  0.84  0.00  3.11 1.000  00  02O000M000  0.023
ARG03A0141_004  0.000  3.00 -0.70  0.84  0.00  3.14 1.000  00  03O000M000  0.023
ARG+1A0141_005  1.000  2.95 -0.74  0.84  0.00  3.06 1.000  00  +1O000M000  0.023
ASP01A0142_001  0.000 -0.47  1.59  3.01  0.00  4.13 1.000  00  01O000M000  0.124
ASP01A0142_002  0.000 -0.47  1.59  0.29  0.00  1.41 1.000  00  01O000M000  0.124
ASP02A0142_003  0.000 -0.50  0.96  3.01  0.00  3.47 1.000  00  02O000M000  0.146
ASP02A0142_004  0.000 -0.50  0.96  0.29  0.00  0.75 1.000  00  02O000M000  0.146
ASP-1A0142_005 -1.000 -0.51  1.03  0.29  0.00  0.81 1.000  00  -1O000M000  0.136
LEU01A0143_001  0.000  1.47 -0.58  2.04  0.00  2.92 1.000  00  01O000M000  0.000
ALA01A0144_001  0.000  0.00  9.55  0.00  0.00  9.55 1.000  00  01O000M000  0.000
ALA01A0145_001  0.000  0.00 -0.95  0.00  0.00 -0.95 1.000  00  01O000M000  0.000
ARG01A0146_001  0.000 -1.75 -2.03  1.14  0.00 -2.64 1.000  00  01O000M000  0.241
ARG02A0146_002  0.000 -1.77 -2.03  1.14  0.00 -2.66 1.000  00  02O000M000  0.241
ARG02A0146_003  0.000 -1.77 -2.03  1.14  0.00 -2.66 1.000  00  02O000M000  0.241
ARG03A0146_004  0.000 -1.65 -2.03  1.14  0.00 -2.54 1.000  00  03O000M000  0.241
ARG+1A0146_005  1.000 -1.81 -2.04  1.14  0.00 -2.72 1.000  00  +1O000M000  0.241
ASN01A0147_001  0.000 -0.01 -2.77  0.96  0.00 -1.82 0.754  00  01O000M000  0.056
ASN01A0147_002  0.000  0.15 -2.87  0.95  0.00 -1.77 0.746  00  01R001M000  0.052
VAL01A0148_001  0.000  0.54 -1.29  0.41  0.00 -0.35 1.000  00  01O000M000  0.000
LEU01A0149_001  0.000  1.69 -1.91  0.56  0.00  0.34 1.000  00  01O000M000  0.000
VAL01A0150_001  0.000  0.58 -2.90  0.08  0.00 -2.24 1.000  00  01O000M000  0.000
LYS01A0151_001  0.000 -1.35 -2.04  2.19  0.00 -1.20 1.000  00  01O000M000  0.184
LYS+1A0151_002  1.000 -1.42 -2.04  2.19  0.00 -1.27 1.000  00  +1O000M000  0.184
THR01A0152_001  0.000 -2.76  1.55  2.17  0.00  0.96 0.663  00  01O000M000  0.356
PRO01A0153_001  0.000 -1.56 -0.09  0.00  0.00 -1.65 1.000  00  01O000M000  0.195
GLN01A0154_001  0.000 -1.98 11.73  1.35  0.00 11.11 1.000  00  01O000M000  0.568
HIS01A0155_001  0.000 -2.37 -0.49  0.26  0.00 -2.60 1.000  00  01O000M000  0.202
HIS02A0155_002  0.000 -2.39 -1.19  0.26  0.00 -3.32 1.000  00  02O000M000  0.202
HIS+1A0155_003  1.000 -2.42 -0.51  0.26  0.00 -2.67 1.000  00  +1O000M000  0.202
VAL01A0156_001  0.000  0.68 -1.22  0.38  0.00 -0.16 1.000  00  01O000M000  0.000
LYS01A0157_001  0.000 -0.39 -6.32  1.17  0.00 -5.53 1.000  00  01O000M000  0.107
LYS+1A0157_002  1.000 -0.43 -6.36  1.17  0.00 -5.62 1.000  00  +1O000M000  0.107
ILE01A0158_001  0.000  1.88 -2.29  0.69  0.00  0.29 1.000  00  01O000M000  0.000
THR01A0159_001  0.000  0.28 -0.46  1.25  0.00  1.07 0.668  00  01O000M000  0.000
THR01A0159_002  0.000  0.28 -0.46  0.88  0.00  0.70 0.668  00  01O000M000  0.000
ASP01A0160_001  0.000 -0.34  1.52  3.50  0.00  4.68 1.000  00  01O000M000  0.127
ASP01A0160_002  0.000 -0.34  1.52  0.78  0.00  1.96 1.000  00  01O000M000  0.127
ASP02A0160_003  0.000 -0.31  1.21  3.50  0.00  4.41 1.000  00  02O000M000  0.140
ASP02A0160_004  0.000 -0.31  1.21  0.78  0.00  1.69 1.000  00  02O000M000  0.140
ASP-1A0160_005 -1.000 -0.35  1.29  0.78  0.00  1.72 1.000  00  -1O000M000  0.130
PHE01A0161_001  0.000  4.48 -4.66  0.01  0.00 -0.17 1.000  00  01O000M000  0.000
LEU01A0163_001  0.000 -1.15 -0.93  1.06  0.00 -1.03 1.000  00  01O000M000  0.211
ALA01A0164_001  0.000 -0.05 -2.27  0.00  0.00 -2.32 1.000  00  01O000M000  0.009
LYS01A0165_001  0.000 -1.84 -1.89  1.86  0.00 -1.88 1.000  00  01O000M000  0.212
LYS+1A0165_002  1.000 -1.90 -1.92  1.86  0.00 -1.96 1.000  00  +1O000M000  0.212
LEU01A0166_001  0.000 -2.20 -2.65  0.71  0.00 -4.15 1.000  00  01O000M000  0.321
LEU01A0167_001  0.000  1.71 -6.71  0.72  0.00 -4.28 1.000  00  01O000M000  0.004
ALA01A0169_001  0.000 -4.70  0.43  0.00  0.00 -4.27 1.000  00  01O000M000  0.828
GLU01A0170_001  0.000 -3.27 -0.79  4.96  0.00  0.91 1.000  00  01O000M000  0.880
GLU01A0170_002  0.000 -3.27 -0.79  2.24  0.00 -1.81 1.000  00  01O000M000  0.880
GLU02A0170_003  0.000 -3.21 -0.76  4.96  0.00  0.99 1.000  00  02O000M000  0.888
GLU02A0170_004  0.000 -3.21 -0.76  2.24  0.00 -1.73 1.000  00  02O000M000  0.888
GLU-1A0170_005 -1.000 -3.30 -0.77  2.24  0.00 -1.83 1.000  00  -1O000M000  0.890
GLU01A0171_001  0.000  0.05 -1.30  3.67  0.00  2.43 1.000  00  01O000M000  0.517
GLU01A0171_002  0.000  0.05 -1.30  0.95  0.00 -0.29 1.000  00  01O000M000  0.517
GLU02A0171_003  0.000 -0.49 -2.35  3.67  0.00  0.83 1.000  00  02O000M000  0.519
GLU02A0171_004  0.000 -0.49 -2.35  0.95  0.00 -1.89 1.000  00  02O000M000  0.519
GLU-1A0171_005 -1.000 -0.43 -2.30  0.95  0.00 -1.78 1.000  00  -1O000M000  0.507
LYS01A0172_001  0.000 -9.68 -1.00  1.17  0.00 -9.51 1.000  00  01O000M000  0.819
LYS+1A0172_002  1.000 -9.73 -1.00  1.17  0.00 -9.56 1.000  00  +1O000M000  0.819
GLU01A0173_001  0.000 -0.09 -1.27  2.97  0.00  1.61 1.000  00  01O000M000  0.483
GLU01A0173_002  0.000 -0.09 -1.27  0.25  0.00 -1.11 1.000  00  01O000M000  0.483
GLU02A0173_003  0.000 -0.55 -1.24  2.97  0.00  1.18 1.000  00  02O000M000  0.494
GLU02A0173_004  0.000 -0.55 -1.24  0.25  0.00 -1.54 1.000  00  02O000M000  0.494
GLU-1A0173_005 -1.000 -0.52 -1.21  0.25  0.00 -1.49 1.000  00  -1O000M000  0.498
TYR01A0174_001  0.000  0.84 -5.81  1.04  0.00 -3.93 1.000  00  01O000M000  0.238
TYR-1A0174_002 -1.000  0.84 -5.81  1.04  0.00 -3.93 1.000  00  -1O000M000  0.238
HIS01A0175_001  0.000 -5.60  0.40  0.52  0.00 -4.68 1.000  00  01O000M000  0.465
HIS02A0175_002  0.000 -5.62  0.43  0.52  0.00 -4.67 1.000  00  02O000M000  0.465
HIS+1A0175_003  1.000 -5.65  0.37  0.52  0.00 -4.76 1.000  00  +1O000M000  0.465
ALA01A0176_001  0.000 -0.46 -0.74  0.00  0.00 -1.21 1.000  00  01O000M000  0.084
GLU01A0177_001  0.000 -2.87 -0.11  3.63  0.00  0.65 1.000  00  01O000M000  0.818
GLU01A0177_002  0.000 -2.87 -0.11  0.91  0.00 -2.07 1.000  00  01O000M000  0.818
GLU02A0177_003  0.000 -3.21 -0.10  3.63  0.00  0.31 1.000  00  02O000M000  0.841
GLU02A0177_004  0.000 -3.21 -0.10  0.91  0.00 -2.41 1.000  00  02O000M000  0.841
GLU-1A0177_005 -1.000 -3.07 -0.08  0.91  0.00 -2.24 1.000  00  -1O000M000  0.831
LYS01A0180_001  0.000 -7.37 -1.55  1.31  0.00 -7.61 1.000  00  01O000M000  0.794
LYS+1A0180_002  1.000 -7.44 -1.55  1.31  0.00 -7.68 1.000  00  +1O000M000  0.794
VAL01A0181_001  0.000 -0.83 -0.70  0.55  0.00 -0.98 1.000  00  01O000M000  0.141
PRO01A0182_001  0.000 -0.83 -0.62  0.00  0.00 -1.45 1.000  00  01O000M000  0.120
ILE01A0183_001  0.000 -1.43  0.60  1.09  0.00  0.26 1.000  00  01O000M000  0.219
LYS01A0184_001  0.000 -1.10 10.91  1.02  0.00 10.83 1.000  00  01O000M000  0.172
LYS+1A0184_002  1.000 -1.14 11.11  1.02  0.00 10.99 1.000  00  +1O000M000  0.172
TRP01A0185_001  0.000  0.82 -7.11  2.13  0.00 -4.16 1.000  00  01O000M000  0.135
MET01A0186_001  0.000  0.07 -5.73  2.69  0.00 -2.98 1.000  00  01O000M000  0.009
ALA01A0187_001  0.000  0.00 -1.76  0.00  0.00 -1.76 1.000  00  01O000M000  0.000
LEU01A0188_001  0.000  1.27 -3.61  0.80  0.00 -1.54 1.000  00  01O000M000  0.026
GLU01A0189_001  0.000  0.02 -4.74  3.55  0.00 -1.17 1.000  00  01O000M000  0.107
GLU01A0189_002  0.000  0.02 -4.74  0.83  0.00 -3.89 1.000  00  01O000M000  0.107
GLU02A0189_003  0.000  0.01 -4.72  3.55  0.00 -1.15 1.000  00  02O000M000  0.105
GLU02A0189_004  0.000  0.01 -4.72  0.83  0.00 -3.87 1.000  00  02O000M000  0.105
GLU-1A0189_005 -1.000 -0.10 -4.64  0.83  0.00 -3.90 1.000  00  -1O000M000  0.109
SER01A0190_001  0.000  0.00 -1.10  0.64  0.00 -0.46 0.669  00  01O000M000  0.000
SER01A0190_002  0.000  0.00 -1.10  0.64  0.00 -0.46 0.669  00  01O000M000  0.000
SER01A0190_003  0.000  0.00 -1.10  0.26  0.00 -0.84 0.669  00  01O000M000  0.000
ILE01A0191_001  0.000  0.14 -1.16  0.59  0.00 -0.43 1.000  00  01O000M000  0.080
LEU01A0192_001  0.000 -2.07 -1.94  0.81  0.00 -3.21 1.000  00  01O000M000  0.296
HIS01A0193_001  0.000 -5.79 -3.37  0.35  0.00 -8.81 0.748  00  01O000M000  0.482
HIS01A0193_002  0.000 -5.53 -2.71  0.35  0.00 -7.89 0.752  00  01R001M000  0.484
HIS02A0193_003  0.000 -5.80 -3.56  0.35  0.00 -9.01 0.748  00  02O000M000  0.482
HIS02A0193_004  0.000 -5.55 -2.71  0.35  0.00 -7.90 0.752  00  02R001M000  0.484
HIS+1A0193_005  1.000 -5.83 -3.57  0.35  0.00 -9.05 0.748  00  +1O000M000  0.482
HIS+1A0193_006  1.000 -5.57 -2.73  0.35  0.00 -7.95 0.752  00  +1R001M000  0.484
ARG01A0194_001  0.000 -5.75 -3.38  1.05  0.00 -8.08 1.000  00  01O000M000  0.488
ARG02A0194_002  0.000 -5.67 -3.35  1.05  0.00 -7.97 1.000  00  02O000M000  0.488
ARG03A0194_003  0.000 -5.77 -3.38  1.05  0.00 -8.11 1.000  00  03O000M000  0.488
ARG+1A0194_004  1.000 -5.81 -3.39  1.05  0.00 -8.15 1.000  00  +1O000M000  0.488
ILE01A0195_001  0.000 -1.15 -0.34  0.50  0.00 -1.00 1.000  00  01O000M000  0.230
TYR01A0196_001  0.000  3.94 -7.89  0.01  0.00 -3.94 1.000  00  01O000M000  0.011
TYR-1A0196_002 -1.000  3.94 -7.89  0.01  0.00 -3.94 1.000  00  -1O000M000  0.011
THR01A0197_001  0.000 -0.96  7.42  0.81  0.00  7.27 0.669  00  01O000M000  0.131
THR01A0197_002  0.000 -0.96  7.42  0.81  0.00  7.27 0.669  00  01O000M000  0.131
HIS01A0198_001  0.000 -1.47 -6.07  0.06  0.00 -7.47 0.746  00  01O000M000  0.114
HIS01A0198_002  0.000 -1.34 -5.41  0.06  0.00 -6.69 0.754  00  01R001M000  0.112
HIS02A0198_003  0.000 -1.49 -5.93  0.06  0.00 -7.36 0.746  00  02O000M000  0.114
HIS02A0198_004  0.000 -1.35 -5.45  0.06  0.00 -6.73 0.754  00  02R001M000  0.112
HIS+1A0198_005  1.000 -1.51 -6.12  0.06  0.00 -7.57 0.746  00  +1O000M000  0.114
HIS+1A0198_006  1.000 -1.38 -5.49  0.06  0.00 -6.80 0.754  00  +1R001M000  0.112
GLN01A0199_001  0.000  0.22 -5.42  1.22  0.00 -3.98 0.740  00  01O000M000  0.053
GLN01A0199_002  0.000  0.05 -5.16  1.21  0.00 -3.90 0.760  00  01R001M000  0.074
SER01A0200_001  0.000 -0.06 -3.92  0.51  0.00 -3.47 0.669  00  01O000M000  0.010
SER01A0200_002  0.000 -0.06 -3.92  0.51  0.00 -3.47 0.669  00  01O000M000  0.010
ASP01A0201_001  0.000  0.05 -1.71  3.88  0.00  2.22 1.000  00  01O000M000  0.008
ASP01A0201_002  0.000  0.05 -1.71  1.16  0.00 -0.50 1.000  00  01O000M000  0.008
ASP02A0201_003  0.000  0.13 -1.62  3.88  0.00  2.39 1.000  00  02O000M000  0.008
ASP02A0201_004  0.000  0.13 -1.62  1.16  0.00 -0.33 1.000  00  02O000M000  0.008
ASP-1A0201_005 -1.000  0.05 -2.14  1.16  0.00 -0.93 1.000  00  -1O000M000  0.008
VAL01A0202_001  0.000  0.56  4.22  0.87  0.00  5.66 1.000  00  01O000M000  0.000
TRP01A0203_001  0.000  3.37 -8.21  0.01  0.00 -4.83 1.000  00  01O000M000  0.004
SER01A0204_001  0.000 -0.24  0.67  0.44  0.00  0.87 0.662  00  01O000M000  0.040
SER01A0204_002  0.000 -0.24  0.67  0.07  0.00  0.50 0.662  00  01O000M000  0.040
TYR01A0205_001  0.000  4.79 -2.76  0.02  0.00  2.05 1.000  00  01O000M000  0.000
TYR01A0205_002  0.000  4.79 -2.76  0.02  0.00  2.05 1.000  00  01O000M000  0.000
TYR-1A0205_003 -1.000  4.79 -2.76  0.02  0.00  2.05 1.000  00  -1O000M000  0.000
VAL01A0207_001  0.000  0.61 -2.26  0.10  0.00 -1.55 1.000  00  01O000M000  0.000
THR01A0208_001  0.000  0.17 -2.22  0.55  0.00 -1.49 0.669  00  01O000M000  0.000
VAL01A0209_001  0.000  0.62  3.44  0.02  0.00  4.08 1.000  00  01O000M000  0.005
TRP01A0210_001  0.000  1.79 -9.14  0.01  0.00 -7.33 1.000  00  01O000M000  0.060
GLU01A0211_001  0.000  0.47 -4.22  4.69  0.00  0.94 1.000  00  01O000M000  0.015
GLU01A0211_002  0.000  0.47 -4.22  1.97  0.00 -1.78 1.000  00  01O000M000  0.015
GLU02A0211_003  0.000  0.46 -4.19  4.69  0.00  0.96 1.000  00  02O000M000  0.016
GLU02A0211_004  0.000  0.46 -4.19  1.97  0.00 -1.76 1.000  00  02O000M000  0.016
GLU-1A0211_005 -1.000  0.35 -4.09  1.97  0.00 -1.77 1.000  00  -1O000M000  0.015
LEU01A0212_001  0.000  1.76 -2.91  2.88  0.00  1.74 1.000  00  01O000M000  0.000
MET01A0213_001  0.000 -0.13 -4.44  0.56  0.00 -4.01 1.000  00  01O000M000  0.000
THR01A0214_001  0.000 -0.26  1.58  0.85  0.00  2.18 0.669  00  01O000M000  0.053
THR01A0214_002  0.000 -0.26  1.58  0.85  0.00  2.18 0.669  00  01O000M000  0.053
PHE01A0215_001  0.000  2.74 -0.48  0.40  0.00  2.66 1.000  00  01O000M000  0.108
SER01A0217_001  0.000 -2.09 -1.95  0.42  0.00 -3.62 0.665  00  01O000M000  0.335
LYS01A0218_001  0.000 -6.83 -1.81  1.71  0.00 -6.93 1.000  00  01O000M000  0.600
LYS+1A0218_002  1.000 -6.88 -1.81  1.71  0.00 -6.97 1.000  00  +1O000M000  0.600
PRO01A0219_001  0.000  0.18 -1.22  0.00  0.00 -1.04 1.000  00  01O000M000  0.010
TYR01A0220_001  0.000  4.09 -2.25  0.09  0.00  1.93 1.000  00  01O000M000  0.012
TYR-1A0220_002 -1.000  4.09 -2.25  0.09  0.00  1.93 1.000  00  -1O000M000  0.012
ASP01A0221_001  0.000 -2.43  0.55  3.59  0.00  1.71 1.000  00  01O000M000  0.556
ASP01A0221_002  0.000 -2.43  0.55  0.87  0.00 -1.01 1.000  00  01O000M000  0.556
ASP02A0221_003  0.000 -2.41 -0.08  3.59  0.00  1.11 1.000  00  02O000M000  0.563
ASP02A0221_004  0.000 -2.41 -0.08  0.87  0.00 -1.61 1.000  00  02O000M000  0.563
ASP-1A0221_005 -1.000 -2.33 -0.02  0.87  0.00 -1.48 1.000  00  -1O000M000  0.552
ILE01A0223_001  0.000  0.03 -1.49  0.40  0.00 -1.05 1.000  00  01O000M000  0.325
PRO01A0224_001  0.000 -4.06 -0.56  0.00  0.00 -4.62 1.000  00  01O000M000  0.443
ALA01A0225_001  0.000 -2.11 -0.48  0.00  0.00 -2.60 1.000  00  01O000M000  0.371
SER01A0226_001  0.000 -3.69 -0.03  0.40  0.00 -3.33 0.668  00  01O000M000  0.630
SER01A0226_002  0.000 -3.69 -0.03  0.40  0.00 -3.33 0.668  00  01O000M000  0.630
GLU01A0227_001  0.000  1.51 -2.67  4.84  0.00  3.67 1.000  00  01O000M000  0.503
GLU01A0227_002  0.000  1.51 -2.67  2.12  0.00  0.95 1.000  00  01O000M000  0.503
GLU02A0227_003  0.000  0.91 -2.71  4.84  0.00  3.04 1.000  00  02O000M000  0.467
GLU02A0227_004  0.000  0.91 -2.71  2.12  0.00  0.32 1.000  00  02O000M000  0.467
GLU-1A0227_005 -1.000  0.83 -2.64  2.12  0.00  0.31 1.000  00  -1O000M000  0.471
ILE01A0228_001  0.000  2.07  1.10  0.63  0.00  3.81 1.000  00  01O000M000  0.000
SER01A0229_001  0.000 -1.35  0.75  0.68  0.00  0.08 0.667  00  01O000M000  0.210
SER01A0230_001  0.000 -2.22 -0.52  1.16  0.00 -1.58 0.663  00  01O000M000  0.365
SER01A0230_002  0.000 -2.22 -0.52  1.16  0.00 -1.58 0.663  00  01O000M000  0.365
ILE01A0231_001  0.000 -0.14 -2.04  1.10  0.00 -1.08 1.000  00  01O000M000  0.127
LEU01A0232_001  0.000  1.63 -3.10  2.10  0.00  0.63 1.000  00  01O000M000  0.004
GLU01A0233_001  0.000 -1.75 -2.47  5.55  0.00  1.34 1.000  00  01O000M000  0.543
GLU01A0233_002  0.000 -1.75 -2.47  2.83  0.00 -1.38 1.000  00  01O000M000  0.543
GLU02A0233_003  0.000 -1.77 -2.44  5.55  0.00  1.34 1.000  00  02O000M000  0.555
GLU02A0233_004  0.000 -1.77 -2.44  2.83  0.00 -1.38 1.000  00  02O000M000  0.555
GLU-1A0233_005 -1.000 -1.81 -2.42  2.83  0.00 -1.39 1.000  00  -1O000M000  0.550
LYS01A0234_001  0.000 -7.92 -2.24  2.50  0.00 -7.66 1.000  00  01O000M000  0.671
LYS+1A0234_002  1.000 -7.96 -2.25  2.50  0.00 -7.72 1.000  00  +1O000M000  0.671
GLU01A0236_001  0.000 -1.40 -1.94  3.19  0.00 -0.15 1.000  00  01O000M000  0.555
GLU01A0236_002  0.000 -1.40 -1.94  0.47  0.00 -2.87 1.000  00  01O000M000  0.555
GLU02A0236_003  0.000 -1.61 -1.93  3.19  0.00 -0.36 1.000  00  02O000M000  0.539
GLU02A0236_004  0.000 -1.61 -1.93  0.47  0.00 -3.08 1.000  00  02O000M000  0.539
GLU-1A0236_005 -1.000 -1.71 -1.90  0.47  0.00 -3.15 1.000  00  -1O000M000  0.559
ARG01A0237_001  0.000  0.33 -1.50  2.46  0.00  1.29 1.000  00  01O000M000  0.093
ARG02A0237_002  0.000  0.28 -1.57  2.46  0.00  1.17 1.000  00  02O000M000  0.093
ARG03A0237_003  0.000  0.35 -1.57  2.46  0.00  1.24 1.000  00  03O000M000  0.093
ARG+1A0237_004  1.000  0.24 -1.63  2.46  0.00  1.07 1.000  00  +1O000M000  0.093
LEU01A0238_001  0.000  0.94 -1.24  0.48  0.00  0.19 1.000  00  01O000M000  0.034
PRO01A0239_001  0.000 -5.24 -0.81  0.00  0.00 -6.05 1.000  00  01O000M000  0.582
GLN01A0240_001  0.000 -0.40 -2.64  1.40  0.00 -1.64 0.750  00  01O000M000  0.354
GLN01A0240_002  0.000  0.14 -3.43  1.40  0.00 -1.89 0.750  00  01R001M000  0.392
PRO01A0241_001  0.000  0.29 -3.45  0.00  0.00 -3.16 1.000  00  01O000M000  0.000
PRO01A0242_001  0.000 -5.80  1.91  0.00  0.00 -3.88 1.000  00  01O000M000  0.624
ILE01A0243_001  0.000  0.73 -3.13  0.52  0.00 -1.88 1.000  00  01O000M000  0.113
CYS01A0244_001  0.000 -0.00 -3.38  0.48  0.00 -2.91 1.000  00  01O000M000  0.000
CYS01A0244_002  0.000 -0.00 -3.41  0.48  0.00 -2.94 1.000  00  01O000M000  0.000
CYS01A0244_003  0.000 -0.00 -3.38  0.48  0.00 -2.91 1.000  00  01O000M000  0.000
CYS-1A0244_004 -1.000  0.00 -3.34  0.48  0.00 -2.87 1.000  00  -1O000M000  0.000
THR01A0245_001  0.000 -1.37 18.57  0.39  0.00 17.59 0.669  00  01O000M000  0.174
THR01A0245_002  0.000 -1.37 18.57  0.39  0.00 17.59 0.669  00  01O000M000  0.174
ILE01A0246_001  0.000 -6.22  4.42  0.66  0.00 -1.13 1.000  00  01O000M000  0.642
ASP01A0247_001  0.000 -1.67 -1.28  3.64  0.00  0.70 1.000  00  01O000M000  0.481
ASP01A0247_002  0.000 -1.67 -1.28  0.92  0.00 -2.02 1.000  00  01O000M000  0.481
ASP02A0247_003  0.000 -1.72 -1.07  3.64  0.00  0.85 1.000  00  02O000M000  0.481
ASP02A0247_004  0.000 -1.72 -1.07  0.92  0.00 -1.87 1.000  00  02O000M000  0.481
ASP-1A0247_005 -1.000 -1.74 -1.25  0.92  0.00 -2.07 1.000  00  -1O000M000  0.490
VAL01A0248_001  0.000  0.66 -2.08  0.21  0.00 -1.22 1.000  00  01O000M000  0.000
TYR01A0249_001  0.000  2.46 -7.10  0.00  0.00 -4.64 1.000  00  01O000M000  0.149
TYR01A0249_002  0.000  2.46 -7.10  0.00  0.00 -4.64 1.000  00  01O000M000  0.149
TYR-1A0249_003 -1.000  2.46 -7.10  0.00  0.00 -4.64 1.000  00  -1O000M000  0.149
MET01A0250_001  0.000 -5.44  0.62  0.88  0.00 -3.94 1.000  00  01O000M000  0.456
ILE01A0251_001  0.000  1.71 -0.91  0.63  0.00  1.43 1.000  00  01O000M000  0.009
MET01A0252_001  0.000  0.03 -1.97  3.38  0.00  1.44 1.000  00  01O000M000  0.000
VAL01A0253_001  0.000 -2.43  0.60  0.00  0.00 -1.83 1.000  00  01O000M000  0.292
LYS01A0254_001  0.000 -2.21 -4.06  1.34  0.00 -4.93 1.000  00  01O000M000  0.293
LYS+1A0254_002  1.000 -2.27 -4.08  1.34  0.00 -5.02 1.000  00  +1O000M000  0.293
CYS01A0255_001  0.000 -0.00 -4.92  0.00  0.00 -4.92 1.000  00  01O000M000  0.000
CYS01A0255_002  0.000 -0.00 -5.00  0.00  0.00 -5.00 1.000  00  01O000M000  0.000
CYS01A0255_003  0.000 -0.00 -4.92  0.00  0.00 -4.92 1.000  00  01O000M000  0.000
CYS-1A0255_004 -1.000  0.00 -4.85  0.00  0.00 -4.85 1.000  00  -1O000M000  0.000
TRP01A0256_001  0.000  2.81-11.37  0.03  0.00 -8.53 1.000  00  01O000M000  0.000
MET01A0257_001  0.000 -4.19 -5.40  2.29  0.00 -7.30 1.000  00  01O000M000  0.381
ILE01A0258_001  0.000 -2.09 -0.11  0.46  0.00 -1.74 1.000  00  01O000M000  0.452
ASP01A0259_001  0.000 -2.02 26.71  3.20  0.00 27.89 1.000  00  01O000M000  0.489
ASP01A0259_002  0.000 -2.02 26.71  0.48  0.00 25.17 1.000  00  01O000M000  0.489
ASP02A0259_003  0.000 -2.06 20.07  3.20  0.00 21.22 1.000  00  02O000M000  0.507
ASP02A0259_004  0.000 -2.06 20.07  0.48  0.00 18.50 1.000  00  02O000M000  0.507
ASP-1A0259_005 -1.000 -1.99 20.15  0.48  0.00 18.64 1.000  00  -1O000M000  0.489
ALA01A0260_001  0.000 -1.55 -0.63  0.00  0.00 -2.17 1.000  00  01O000M000  0.275
ASP01A0261_001  0.000 -2.65  0.04  3.31  0.00  0.69 1.000  00  01O000M000  0.631
ASP01A0261_002  0.000 -2.65  0.04  0.59  0.00 -2.03 1.000  00  01O000M000  0.631
ASP02A0261_003  0.000 -2.55 -0.26  3.31  0.00  0.50 1.000  00  02O000M000  0.631
ASP02A0261_004  0.000 -2.55 -0.26  0.59  0.00 -2.22 1.000  00  02O000M000  0.631
ASP-1A0261_005 -1.000 -2.53 -0.23  0.59  0.00 -2.17 1.000  00  -1O000M000  0.625
SER01A0262_001  0.000 -2.11 -1.67  0.71  0.00 -3.06 0.671  00  01O000M000  0.353
SER01A0262_002  0.000 -2.11 -1.67  0.71  0.00 -3.06 0.671  00  01O000M000  0.353
ARG01A0263_001  0.000  1.53-11.87  1.28  0.00 -9.05 1.000  00  01O000M000  0.000
ARG02A0263_002  0.000  1.49-12.04  1.28  0.00 -9.26 1.000  00  02O000M000  0.000
ARG02A0263_003  0.000  1.55-11.98  1.28  0.00 -9.14 1.000  00  02O000M000  0.000
ARG03A0263_004  0.000  1.49-12.06  1.28  0.00 -9.29 1.000  00  03O000M000  0.000
ARG03A0263_005  0.000  1.49-11.92  1.28  0.00 -9.14 1.000  00  03O000M000  0.000
ARG+1A0263_006  1.000  1.45-12.12  1.28  0.00 -9.38 1.000  00  +1O000M000  0.000
PRO01A0264_001  0.000  0.19 -1.57  0.00  0.00 -1.38 1.000  00  01O000M000  0.011
LYS01A0265_001  0.000 -0.42 -2.52  2.19  0.00 -0.74 1.000  00  01O000M000  0.251
LYS+1A0265_002  1.000 -0.53 -2.56  2.19  0.00 -0.90 1.000  00  +1O000M000  0.251
PHE01A0266_001  0.000  4.89-10.24  0.00  0.00 -5.36 1.000  00  01O000M000  0.000
ARG01A0267_001  0.000 -6.45 -1.84  0.93  0.00 -7.36 1.000  00  01O000M000  0.569
ARG02A0267_002  0.000 -6.50 -1.85  0.93  0.00 -7.41 1.000  00  02O000M000  0.569
ARG03A0267_003  0.000 -6.50 -1.85  0.93  0.00 -7.42 1.000  00  03O000M000  0.569
ARG+1A0267_004  1.000 -6.54 -1.85  0.93  0.00 -7.46 1.000  00  +1O000M000  0.569
GLU01A0268_001  0.000 -0.67  0.42  3.88  0.00  3.63 1.000  00  01O000M000  0.417
GLU01A0268_002  0.000 -0.67  0.42  1.16  0.00  0.91 1.000  00  01O000M000  0.417
GLU02A0268_003  0.000 -0.80  0.81  3.88  0.00  3.89 1.000  00  02O000M000  0.395
GLU02A0268_004  0.000 -0.80  0.81  1.16  0.00  1.17 1.000  00  02O000M000  0.395
GLU-1A0268_005 -1.000 -0.89  0.48  1.16  0.00  0.76 1.000  00  -1O000M000  0.409
LEU01A0269_001  0.000  1.71 -5.11  0.85  0.00 -2.54 1.000  00  01O000M000  0.000
ILE01A0270_001  0.000  0.15 -0.60  1.07  0.00  0.62 1.000  00  01O000M000  0.155
ILE01A0271_001  0.000 -3.50  0.28  1.13  0.00 -2.09 1.000  00  01O000M000  0.590
GLU01A0272_001  0.000 -0.22 -2.59  4.58  0.00  1.78 1.000  00  01O000M000  0.299
GLU01A0272_002  0.000 -0.22 -2.59  1.86  0.00 -0.94 1.000  00  01O000M000  0.299
GLU02A0272_003  0.000  0.18 -2.33  4.58  0.00  2.43 1.000  00  02O000M000  0.282
GLU02A0272_004  0.000  0.18 -2.33  1.86  0.00 -0.29 1.000  00  02O000M000  0.282
GLU-1A0272_005 -1.000 -0.21 -2.55  1.86  0.00 -0.91 1.000  00  -1O000M000  0.302
PHE01A0273_001  0.000  4.69 -5.93  0.29  0.00 -0.95 1.000  00  01O000M000  0.000
SER01A0274_001  0.000 -2.45 -2.48  0.89  0.00 -4.04 0.668  00  01O000M000  0.397
LYS01A0275_001  0.000 -4.03 -3.01  1.18  0.00 -5.86 1.000  00  01O000M000  0.405
LYS+1A0275_002  1.000 -4.08 -3.02  1.18  0.00 -5.91 1.000  00  +1O000M000  0.405
MET01A0276_001  0.000 -0.02 -3.77  0.23  0.00 -3.56 1.000  00  01O000M000  0.000
ALA01A0277_001  0.000 -0.57  0.94  0.00  0.00  0.37 1.000  00  01O000M000  0.104
ARG01A0278_001  0.000 -3.45 -3.11  2.03  0.00 -4.53 1.000  00  01O000M000  0.710
ARG02A0278_002  0.000 -3.50 -3.10  2.03  0.00 -4.57 1.000  00  02O000M000  0.710
ARG03A0278_003  0.000 -3.49 -3.04  2.03  0.00 -4.50 1.000  00  03O000M000  0.710
ARG+1A0278_004  1.000 -3.54 -3.12  2.03  0.00 -4.63 1.000  00  +1O000M000  0.710
ASP01A0279_001  0.000 -1.63  0.53  2.79  0.00  1.70 1.000  00  01O000M000  0.391
ASP01A0279_002  0.000 -1.63  0.53  0.07  0.00 -1.02 1.000  00  01O000M000  0.391
ASP02A0279_003  0.000 -1.50 -0.12  2.79  0.00  1.17 1.000  00  02O000M000  0.378
ASP02A0279_004  0.000 -1.50 -0.12  0.07  0.00 -1.55 1.000  00  02O000M000  0.378
ASP-1A0279_005 -1.000 -1.55 -0.05  0.07  0.00 -1.53 1.000  00  -1O000M000  0.385
PRO01A0280_001  0.000 -0.77 -3.24  0.00  0.00 -4.02 1.000  00  01O000M000  0.109
GLN01A0281_001  0.000 -1.40 -1.93  0.47  0.00 -2.86 0.750  00  01O000M000  0.455
GLN01A0281_002  0.000 -1.03 -1.91  0.46  0.00 -2.48 0.750  00  01R001M000  0.466
ARG01A0282_001  0.000 -7.86 -0.77  2.91  0.00 -5.72 1.000  00  01O000M000  0.662
ARG02A0282_002  0.000 -7.91 -0.78  2.91  0.00 -5.78 1.000  00  02O000M000  0.662
ARG03A0282_003  0.000 -7.91 -0.78  2.91  0.00 -5.78 1.000  00  03O000M000  0.662
ARG+1A0282_004  1.000 -7.96 -0.78  2.91  0.00 -5.83 1.000  00  +1O000M000  0.662
TYR01A0283_001  0.000  3.81 -6.24  0.00  0.00 -2.44 1.000  00  01O000M000  0.049
TYR-1A0283_002 -1.000  3.81 -6.24  0.00  0.00 -2.44 1.000  00  -1O000M000  0.049
LEU01A0284_001  0.000  1.99 -4.92  1.54  0.00 -1.39 1.000  00  01O000M000  0.000
VAL01A0285_001  0.000 -5.38  0.57  0.01  0.00 -4.80 1.000  00  01O000M000  0.568
ILE01A0286_001  0.000  0.66 -0.85  0.54  0.00  0.36 1.000  00  01O000M000  0.061
GLN01A0287_001  0.000 -1.55 -1.45  1.52  0.00 -1.48 0.757  00  01O000M000  0.672
GLN01A0287_002  0.000 -0.66 -1.28  1.52  0.00 -0.42 0.743  00  01R001M000  0.715
ASP01A0289_001  0.000 -0.43 -2.20  4.67  0.00  2.05 1.000  00  01O000M000  0.105
ASP01A0289_002  0.000 -0.43 -2.20  1.95  0.00 -0.67 1.000  00  01O000M000  0.105
ASP02A0289_003  0.000 -0.49 -2.73  4.67  0.00  1.45 1.000  00  02O000M000  0.135
ASP02A0289_004  0.000 -0.49 -2.73  1.95  0.00 -1.27 1.000  00  02O000M000  0.135
ASP-1A0289_005 -1.000 -0.49 -2.61  1.95  0.00 -1.15 1.000  00  -1O000M000  0.122
GLU01A0290_001  0.000 -1.72  0.88  3.73  0.00  2.89 1.000  00  01O000M000  0.752
GLU01A0290_002  0.000 -1.72  0.88  1.01  0.00  0.17 1.000  00  01O000M000  0.752
GLU02A0290_003  0.000 -2.01  0.89  3.73  0.00  2.62 1.000  00  02O000M000  0.739
GLU02A0290_004  0.000 -2.01  0.89  1.01  0.00 -0.10 1.000  00  02O000M000  0.739
GLU-1A0290_005 -1.000 -2.05  0.91  1.01  0.00 -0.13 1.000  00  -1O000M000  0.738
ARG01A0291_001  0.000 -5.67999.00  0.61  0.00999.00 1.000  00  01O000M000  0.457
ARG02A0291_002  0.000 -5.71999.00  0.61  0.00999.00 1.000  00  02O000M000  0.457
ARG03A0291_003  0.000 -5.71999.00  0.61  0.00999.00 1.000  00  03O000M000  0.457
ARG+1A0291_004  1.000 -5.75999.00  0.61  0.00999.00 1.000  00  +1O000M000  0.457
MET01A0292_001  0.000 -3.72999.00  4.14  0.00999.00 1.000  00  01O000M000  0.364
HIS01A0293_001  0.000 -8.42999.00  1.29  0.00999.00 0.754  00  01O000M000  0.913
HIS01A0293_002  0.000 -8.89999.00  1.29  0.00999.00 0.746  00  01R001M000  0.896
HIS02A0293_003  0.000 -8.43999.00  1.29  0.00999.00 0.754  00  02O000M000  0.913
HIS02A0293_004  0.000 -8.92999.00  1.29  0.00999.00 0.746  00  02R001M000  0.896
HIS+1A0293_005  1.000 -8.46999.00  1.29  0.00999.00 0.754  00  +1O000M000  0.913
HIS+1A0293_006  1.000 -8.94999.00  1.29  0.00999.00 0.746  00  +1R001M000  0.896
LEU01A0294_001  0.000 -2.22121.01  0.35  0.00119.14 1.000  00  01O000M000  0.570
PRO01A0295_001  0.000 -6.31  4.23  0.00  0.00 -2.08 1.000  00  01O000M000  0.619
SER01A0296_001  0.000 -3.72  0.76  1.36  0.00 -1.60 0.670  00  01O000M000  0.625
PRO01A0297_001  0.000 -4.36999.00  0.00  0.00999.00 1.000  00  01O000M000  0.475
THR01A0298_001  0.000 -3.44 -0.76  0.38  0.00 -3.82 0.667  00  01O000M000  0.403
THR01A0298_002  0.000 -3.44 -0.76  0.38  0.00 -3.82 0.667  00  01O000M000  0.403
ASP01A0299_001  0.000 -1.88  0.39  5.64  0.00  4.14 1.000  00  01O000M000  0.748
ASP01A0299_002  0.000 -1.88  0.39  2.92  0.00  1.42 1.000  00  01O000M000  0.748
ASP02A0299_003  0.000 -2.05  0.14  5.64  0.00  3.74 1.000  00  02O000M000  0.796
ASP02A0299_004  0.000 -2.05  0.14  2.92  0.00  1.02 1.000  00  02O000M000  0.796
ASP-1A0299_005 -1.000 -2.03  0.18  2.92  0.00  1.06 1.000  00  -1O000M000  0.766
SER01A0300_001  0.000 -0.90999.00  3.15  0.00999.00 0.659  00  01O000M000  0.139
ASN01A0301_001  0.000 -2.19231.74  0.90  0.00230.46 0.000  00  01O000M000  0.571
ASN01A0301_002  0.000 -1.86221.35  0.51  0.00220.00 1.000  00  01R001M000  0.601
PHE01A0302_001  0.000 -3.39999.00  2.80  0.00999.00 1.000  00  01O000M000  0.596
TYR01A0303_001  0.000 -3.22999.00  0.68  0.00999.00 1.000  00  01O000M000  0.422
TYR-1A0303_002 -1.000 -3.22999.00  0.68  0.00999.00 1.000  00  -1O000M000  0.422
ARG01A0304_001  0.000 -5.24999.00  9.69  0.00999.00 1.000  00  01O000M000  0.464
ARG02A0304_002  0.000 -5.26999.00  9.69  0.00999.00 1.000  00  02O000M000  0.464
ARG03A0304_003  0.000 -5.26999.00  9.69  0.00999.00 1.000  00  03O000M000  0.464
ARG+1A0304_004  1.000 -5.30999.00  9.69  0.00999.00 1.000  00  +1O000M000  0.464
ALA01A0305_001  0.000  0.00999.00  0.00  0.00999.00 1.000  00  01O000M000  0.000
LEU01A0306_001  0.000  1.92 43.50  3.12  0.00 48.54 1.000  00  01O000M000  0.324
MET01A0307_001  0.000  0.13 46.88  3.11  0.00 50.13 1.000  00  01O000M000  0.584
ASP01A0308_001  0.000 -1.68999.00  5.26  0.00999.00 1.000  00  01O000M000  0.465
ASP01A0308_002  0.000 -1.68999.00  2.54  0.00999.00 1.000  00  01O000M000  0.465
ASP02A0308_003  0.000 -1.74999.00  5.26  0.00999.00 1.000  00  02O000M000  0.511
ASP02A0308_004  0.000 -1.74999.00  2.54  0.00999.00 1.000  00  02O000M000  0.511
ASP-1A0308_005 -1.000 -1.79999.00  2.54  0.00999.00 1.000  00  -1O000M000  0.498
GLU01A0309_001  0.000 -2.22 -1.58  3.63  0.00 -0.17 1.000  00  01O000M000  0.688
GLU01A0309_002  0.000 -2.22 -1.58  0.91  0.00 -2.89 1.000  00  01O000M000  0.688
GLU02A0309_003  0.000 -2.21 -1.58  3.63  0.00 -0.16 1.000  00  02O000M000  0.681
GLU02A0309_004  0.000 -2.21 -1.58  0.91  0.00 -2.88 1.000  00  02O000M000  0.681
GLU-1A0309_005 -1.000 -2.30 -1.56  0.91  0.00 -2.94 1.000  00  -1O000M000  0.683
GLU01A0310_001  0.000 -1.79 21.51  6.40  0.00 26.11 1.000  00  01O000M000  0.543
GLU01A0310_002  0.000 -1.79 21.51  3.68  0.00 23.39 1.000  00  01O000M000  0.543
GLU02A0310_003  0.000 -1.92 21.55  6.40  0.00 26.04 1.000  00  02O000M000  0.540
GLU02A0310_004  0.000 -1.92 21.55  3.68  0.00 23.32 1.000  00  02O000M000  0.540
GLU-1A0310_005 -1.000 -1.93 21.60  3.68  0.00 23.35 1.000  00  -1O000M000  0.538
ASP01A0311_001  0.000 -3.10999.00  5.08  0.00999.00 1.000  00  01O000M000  0.636
ASP01A0311_002  0.000 -3.10999.00  2.36  0.00999.00 1.000  00  01O000M000  0.636
ASP02A0311_003  0.000 -3.10999.00  5.08  0.00999.00 1.000  00  02O000M000  0.628
ASP02A0311_004  0.000 -3.10999.00  2.36  0.00999.00 1.000  00  02O000M000  0.628
ASP-1A0311_005 -1.000 -3.01999.00  2.36  0.00999.00 1.000  00  -1O000M000  0.623
MET01A0312_001  0.000 -5.72 21.79  3.80  0.00 19.87 1.000  00  01O000M000  0.446
ASP01A0313_001  0.000 -2.01 21.32  5.32  0.00 24.62 1.000  00  01O000M000  0.516
ASP01A0313_002  0.000 -2.01 21.32  2.60  0.00 21.90 1.000  00  01O000M000  0.516
ASP02A0313_003  0.000 -1.89 20.77  5.32  0.00 24.19 1.000  00  02O000M000  0.518
ASP02A0313_004  0.000 -1.89 20.77  2.60  0.00 21.47 1.000  00  02O000M000  0.518
ASP-1A0313_005 -1.000 -1.99 20.82  2.60  0.00 21.43 1.000  00  -1O000M000  0.520
ASP01A0314_001  0.000 -1.91999.00  2.88  0.00999.00 1.000  00  01O000M000  0.441
ASP01A0314_002  0.000 -1.91999.00  0.16  0.00999.00 1.000  00  01O000M000  0.441
ASP02A0314_003  0.000 -1.78999.00  2.88  0.00999.00 1.000  00  02O000M000  0.420
ASP02A0314_004  0.000 -1.78999.00  0.16  0.00999.00 1.000  00  02O000M000  0.420
ASP-1A0314_005 -1.000 -1.89999.00  0.16  0.00999.00 1.000  00  -1O000M000  0.440
VAL01A0315_001  0.000 -3.44 -0.56  0.19  0.00 -3.80 1.000  00  01O000M000  0.404
VAL01A0316_001  0.000 -2.08  0.67  0.01  0.00 -1.40 1.000  00  01O000M000  0.264
ASP01A0317_001  0.000 -1.10 -1.74  3.89  0.00  1.05 1.000  00  01O000M000  0.330
ASP01A0317_002  0.000 -1.10 -1.74  1.17  0.00 -1.67 1.000  00  01O000M000  0.330
ASP02A0317_003  0.000 -1.10 -1.89  3.89  0.00  0.91 1.000  00  02O000M000  0.337
ASP02A0317_004  0.000 -1.10 -1.89  1.17  0.00 -1.81 1.000  00  02O000M000  0.337
ASP-1A0317_005 -1.000 -1.17 -1.83  1.17  0.00 -1.83 1.000  00  -1O000M000  0.338
ALA01A0318_001  0.000  0.00 13.60  0.00  0.00 13.60 1.000  00  01O000M000  0.000
ASP01A0319_001  0.000 -1.38  4.15  3.17  0.00  5.93 1.000  00  01O000M000  0.369
ASP01A0319_002  0.000 -1.38  4.15  0.45  0.00  3.21 1.000  00  01O000M000  0.369
ASP02A0319_003  0.000 -1.42  3.07  3.17  0.00  4.82 1.000  00  02O000M000  0.397
ASP02A0319_004  0.000 -1.42  3.07  0.45  0.00  2.10 1.000  00  02O000M000  0.397
ASP-1A0319_005 -1.000 -1.35  3.11  0.45  0.00  2.20 1.000  00  -1O000M000  0.373
GLU01A0320_001  0.000 -0.66  3.14  4.47  0.00  6.95 1.000  00  01O000M000  0.272
GLU01A0320_002  0.000 -0.66  3.14  1.75  0.00  4.23 1.000  00  01O000M000  0.272
GLU02A0320_003  0.000 -0.68  3.89  4.47  0.00  7.67 1.000  00  02O000M000  0.276
GLU02A0320_004  0.000 -0.68  3.89  1.75  0.00  4.95 1.000  00  02O000M000  0.276
GLU-1A0320_005 -1.000 -0.75  3.12  1.75  0.00  4.12 1.000  00  -1O000M000  0.272
TYR01A0321_001  0.000 -8.99  2.39  0.02  0.00 -6.58 1.000  00  01O000M000  0.883
TYR01A0321_002  0.000 -8.99  2.39  0.02  0.00 -6.58 1.000  00  01O000M000  0.883
TYR-1A0321_003 -1.000 -8.99  2.39  0.02  0.00 -6.58 1.000  00  -1O000M000  0.883
