  pH           7     7     7     7     7
GLU-A0002_ -1.00 -1.00 -1.00 -1.00 -1.00
ARG+A0010_  1.00  1.00  1.00  1.00  1.00
LYS+A0013_  1.00  1.00  1.00  1.00  1.00
GLU-A0014_ -1.00 -1.00 -1.00 -1.00 -1.00
GLU-A0016_ -0.99 -0.99 -0.99 -0.99 -0.98
LYS+A0018_  1.00  1.00  1.00  1.00  1.00
LYS+A0019_  0.97  0.97  0.97  0.97  0.96
LYS+A0021_  1.00  1.00  1.00  1.00  1.00
TYR-A0032_ -0.00 -0.00 -0.00 -0.00 -0.00
LYS+A0033_  1.00  1.00  1.00  1.00  1.00
GLU-A0039_ -1.00 -1.00 -1.00 -1.00 -1.00
GLU-A0041_ -0.99 -0.99 -0.99 -0.99 -0.99
LYS+A0042_  1.00  1.00  1.00  1.00  1.00
LYS+A0044_  1.00  1.00  1.00  1.00  1.00
LYS+A0050_  1.00  1.00  1.00  1.00  1.00
GLU-A0051_ -0.99 -1.00 -1.00 -1.00 -1.00
ARG+A0053_  1.00  1.00  1.00  1.00  1.00
GLU-A0054_ -1.00 -1.00 -1.00 -1.00 -1.00
LYS+A0059_  1.00  1.00  1.00  1.00  1.00
LYS+A0062_  1.00  1.00  1.00  1.00  1.00
GLU-A0063_ -1.00 -1.00 -1.00 -1.00 -1.00
ASP-A0066_ -1.00 -1.00 -1.00 -0.99 -0.99
GLU-A0067_ -0.99 -0.99 -0.99 -0.99 -0.99
TYR-A0069_ -0.00 -0.00 -0.00 -0.00 -0.00
ASP-A0075_ -1.00 -1.00 -1.00 -1.00 -1.00
HIS+A0078_  0.00  0.00  0.00  0.00  0.00
CYS-A0080_ -0.00 -0.00 -0.00 -0.00 -0.00
ARG+A0081_  1.00  1.00  1.00  1.00  1.00
CYS-A0086_ -0.00 -0.00 -0.00 -0.00 -0.00
CYS-A0102_ -0.00 -0.00 -0.00 -0.00 -0.00
ASP-A0105_ -1.00 -1.00 -1.00 -1.00 -1.00
TYR-A0106_ -0.00 -0.00 -0.00 -0.00 -0.00
ARG+A0108_  1.00  1.00  1.00  1.00  1.00
GLU-A0109_ -1.00 -1.00 -1.00 -1.00 -1.00
HIS+A0110_  0.19  0.19  0.18  0.19  0.20
LYS+A0111_  1.00  1.00  1.00  1.00  1.00
ASP-A0112_ -1.00 -1.00 -1.00 -1.00 -1.00
TYR-A0118_ -0.02 -0.02 -0.02 -0.02 -0.02
CYS-A0123_ -0.00 -0.00 -0.00 -0.00 -0.00
LYS+A0128_  0.98  0.99  0.99  0.98  0.98
TYR-A0132_ -0.00 -0.00 -0.00 -0.00 -0.00
GLU-A0134_ -0.99 -0.99 -0.99 -0.99 -0.98
ASP-A0135_ -1.00 -1.00 -1.00 -1.00 -1.00
ARG+A0136_  1.00  1.00  1.00  1.00  1.00
ARG+A0137_  1.00  1.00  1.00  1.00  1.00
HIS+A0140_  0.00  0.00  0.00  0.00  0.00
ARG+A0141_  1.00  1.00  1.00  1.00  1.00
ASP-A0142_ -0.09 -0.10 -0.10 -0.09 -0.09
ARG+A0146_  1.00  1.00  1.00  1.00  1.00
LYS+A0151_  0.87  0.87  0.87  0.87  0.87
HIS+A0155_  0.01  0.01  0.01  0.01  0.01
LYS+A0157_  0.91  0.91  0.91  0.91  0.91
ASP-A0160_ -1.00 -0.99 -1.00 -1.00 -0.99
LYS+A0165_  1.00  1.00  1.00  1.00  1.00
GLU-A0170_ -1.00 -1.00 -1.00 -1.00 -1.00
GLU-A0171_ -1.00 -1.00 -1.00 -1.00 -1.00
LYS+A0172_  1.00  1.00  1.00  1.00  1.00
GLU-A0173_ -1.00 -1.00 -1.00 -1.00 -1.00
TYR-A0174_ -0.00 -0.00 -0.00 -0.00 -0.00
HIS+A0175_  0.88  0.89  0.90  0.89  0.88
GLU-A0177_ -1.00 -1.00 -1.00 -1.00 -1.00
LYS+A0180_  0.99  0.99  0.99  0.99  0.99
LYS+A0184_  1.00  1.00  1.00  1.00  1.00
GLU-A0189_ -1.00 -1.00 -1.00 -1.00 -1.00
HIS+A0193_  0.06  0.05  0.06  0.06  0.06
ARG+A0194_  1.00  1.00  1.00  1.00  1.00
TYR-A0196_ -0.00 -0.00 -0.00 -0.00 -0.00
HIS+A0198_  0.16  0.16  0.16  0.16  0.17
ASP-A0201_ -1.00 -1.00 -1.00 -1.00 -1.00
TYR-A0205_ -0.00 -0.00 -0.00 -0.00 -0.00
GLU-A0211_ -0.81 -0.80 -0.80 -0.81 -0.81
LYS+A0218_  1.00  1.00  1.00  1.00  1.00
TYR-A0220_ -0.00 -0.00 -0.00 -0.00 -0.00
ASP-A0221_ -1.00 -1.00 -1.00 -1.00 -1.00
GLU-A0227_ -1.00 -1.00 -1.00 -1.00 -1.00
GLU-A0233_ -1.00 -1.00 -1.00 -1.00 -1.00
LYS+A0234_  1.00  1.00  1.00  1.00  1.00
GLU-A0236_ -1.00 -1.00 -1.00 -1.00 -1.00
ARG+A0237_  1.00  1.00  1.00  1.00  1.00
CYS-A0244_ -0.00 -0.00 -0.00 -0.00 -0.00
ASP-A0247_ -1.00 -1.00 -1.00 -1.00 -1.00
TYR-A0249_ -0.00 -0.00 -0.00 -0.00 -0.00
LYS+A0254_  0.99  0.99  0.99  0.99  0.99
CYS-A0255_ -0.00 -0.00 -0.00 -0.00 -0.00
ASP-A0259_ -1.00 -1.00 -1.00 -1.00 -1.00
ASP-A0261_ -1.00 -1.00 -1.00 -1.00 -1.00
ARG+A0263_  1.00  1.00  1.00  1.00  1.00
LYS+A0265_  0.99  0.99  0.99  0.99  0.99
ARG+A0267_  1.00  1.00  1.00  1.00  1.00
GLU-A0268_ -1.00 -1.00 -1.00 -1.00 -1.00
GLU-A0272_ -1.00 -1.00 -1.00 -1.00 -1.00
LYS+A0275_  1.00  1.00  1.00  1.00  1.00
ARG+A0278_  1.00  1.00  1.00  1.00  1.00
ASP-A0279_ -1.00 -1.00 -1.00 -1.00 -1.00
ARG+A0282_  1.00  1.00  1.00  1.00  1.00
TYR-A0283_ -0.00 -0.00 -0.00 -0.00 -0.00
ASP-A0289_ -0.89 -0.90 -0.90 -0.90 -0.91
GLU-A0290_ -1.00 -1.00 -1.00 -1.00 -1.00
ARG+A0291_  1.00  1.00  1.00  1.00  1.00
HIS+A0293_  0.54  0.55  0.55  0.54  0.55
ASP-A0299_ -1.00 -1.00 -1.00 -1.00 -1.00
TYR-A0303_ -0.02 -0.02 -0.02 -0.02 -0.01
ARG+A0304_  0.00  0.00  0.00  0.00  0.00
ASP-A0308_ -1.00 -1.00 -1.00 -1.00 -1.00
GLU-A0309_ -1.00 -0.99 -1.00 -1.00 -1.00
GLU-A0310_ -0.99 -1.00 -1.00 -0.99 -0.99
ASP-A0311_ -0.00 -0.00 -0.00 -0.00 -0.00
ASP-A0313_ -0.98 -0.98 -0.98 -0.98 -0.98
ASP-A0314_ -1.00 -0.99 -0.99 -0.99 -1.00
ASP-A0317_ -0.98 -0.98 -0.98 -0.98 -0.98
ASP-A0319_ -1.00 -0.99 -0.99 -1.00 -1.00
GLU-A0320_ -0.97 -0.97 -0.97 -0.97 -0.97
TYR-A0321_ -0.01 -0.01 -0.00 -0.01 -0.01
----------
Net_Charge -5.15 -5.14 -5.15 -5.15 -5.14
Protons    -5.15 -5.14 -5.15 -5.15 -5.14
Electrons   0.00  0.00  0.00  0.00  0.00
