  pH           7
HIS+A0002_  0.03
GLU-A0004_ -1.00
ARG+A0005_  1.00
TYR-A0008_ -0.00
ASP-A0009_ -1.00
LYS+A0012_  1.00
GLU-A0014_ -1.00
ARG+A0017_  1.00
ASP-A0018_ -1.00
ARG+A0019_  1.00
LYS+A0021_  1.00
LYS+A0024_  1.00
ARG+A0028_  1.00
GLU-A0036_ -1.00
ASP-A0038_ -1.00
ASP-A0043_ -1.00
LYS+A0044_  1.00
CYS-A0048_ -0.01
ARG+A0049_  1.00
LYS+A0054_  1.00
LYS+A0057_  1.00
GLU-A0058_ -1.00
HIS+A0062_  0.10
GLU-A0064_ -1.00
HIS+A0065_  0.30
ARG+A0066_  1.00
GLU-A0071_ -0.97
LYS+A0073_  1.00
HIS+A0077_  0.13
HIS+A0080_  0.09
HIS+A0081_  0.00
CYS-A0091_ -0.00
LYS+A0093_  1.00
GLU-A0103_ -1.00
CYS-A0105_ -0.00
LYS+A0106_  1.00
TYR-A0113_ -0.00
ARG+A0115_  1.00
LYS+A0117_  1.00
ARG+A0118_  1.00
GLU-A0120_ -1.00
TYR-A0124_ -0.00
LYS+A0125_  1.00
GLU-A0129_ -1.00
ASP-A0130_ -1.00
TYR-A0132_ -0.00
LYS+A0133_  1.00
ASP-A0134_ -1.00
GLU-A0139_ -1.00
HIS+A0140_  0.00
CYS-A0143_ -0.01
TYR-A0144_ -0.00
LYS+A0150_  1.00
GLU-A0153_ -0.99
ARG+A0158_  1.00
LYS+A0159_  1.00
CYS-A0160_ -0.00
HIS+A0162_  0.00
ARG+A0163_  1.00
ASP-A0164_ -1.00
ARG+A0168_  1.00
GLU-A0174_ -1.00
LYS+A0175_  1.00
LYS+A0179_  1.00
CYS-A0181_ -0.00
ASP-A0182_ -1.00
ARG+A0187_  1.00
ASP-A0188_ -1.00
ASP-A0192_ -1.00
ARG+A0194_  1.00
LYS+A0198_  1.00
GLU-A0203_ -1.00
ASP-A0207_ -1.00
ARG+A0208_  1.00
TYR-A0210_ -0.00
ASP-A0215_ -1.00
GLU-A0225_ -1.00
TYR-A0234_ -0.00
LYS+A0238_  1.00
ASP-A0240_ -1.00
GLU-A0241_ -1.00
GLU-A0242_ -1.00
CYS-A0244_ -0.00
ARG+A0245_  1.00
ARG+A0246_  1.00
LYS+A0248_  1.00
GLU-A0249_ -1.00
ARG+A0252_  1.00
ARG+A0254_  1.00
ASP-A0257_ -1.00
TYR-A0258_ -0.00
GLU-A0262_ -1.00
TYR-A0264_ -0.00
ASP-A0269_ -1.00
CYS-A0270_ -0.00
HIS+A0272_  0.07
GLU-A0274_ -1.00
ARG+A0278_  1.00
GLU-A0283_ -1.00
GLU-A0286_ -1.00
HIS+A0287_  0.28
276+B0001_  0.00
----------
Net_Charge  2.99
Protons     2.99
Electrons   0.00
