iConf CONFORMER     FL  occ    crg   Em0  pKa0 ne nH    vdw0    vdw1    tors    epol   dsolv   extra    history
00001 SER01A0002_001 f 0.00  0.000     0  0.00  0  0  -4.148  -0.733   0.375  -0.281  -0.099   0.000 01O000M000t
00002 SER01A0002_002 f 0.00  0.000     0  0.00  0  0  -4.148  -0.733   0.000  -0.225  -0.049   0.000 01O000M000t
00003 PRO01A0003_001 f 0.00  0.000     0  0.00  0  0  -7.468  -0.304   0.000   0.000   0.000   0.000 01O000M000t
00004 ASN01A0004_001 f 0.00  0.000     0  0.00  0  0  -3.130   3.495   0.469   0.286   0.185   0.000 01O000M000t
00005 ASN01A0004_002 f 0.00  0.000     0  0.00  0  0  -3.037   1.712   0.468   0.335  -0.109   0.000 01R001M000t
00006 TYR01A0005_001 f 0.00  0.000     0  0.00  0  0  -3.590  -6.561   0.222  -0.298   0.493   0.000 01O000M000t
00007 TYR01A0005_002 f 0.00  0.000     0  0.00  0  0  -3.590  -6.561   0.222  -0.137   0.444   0.000 01O000M000t
00008 TYR-1A0005_003 f 0.00 -1.000     0 10.20  0 -1  -3.590  -6.561   0.222  -0.981   1.421   0.000 -1O000M000t
00009 ASP01A0006_001 f 0.00  0.000     0  0.00  0  0  -1.034   2.532   3.093  -2.005   0.309   0.000 01O000M000t
00010 ASP01A0006_002 f 0.00  0.000     0  0.00  0  0  -1.034   2.532   0.373  -1.830   1.545   0.000 01O000M000t
00011 ASP02A0006_003 f 0.00  0.000     0  0.00  0  0  -1.075   4.573   3.093   4.151   1.528   0.000 02O000M000t
00012 ASP02A0006_004 f 0.00  0.000     0  0.00  0  0  -1.075   4.573   0.373  -0.422   1.349   0.000 02O000M000t
00013 ASP-1A0006_005 f 0.00 -1.000     0  4.75  0 -1  -1.078   2.593   0.373  -4.846   3.935   0.000 -1O000M000t
00014 LYS01A0007_001 f 0.00  0.000     0  0.00  0  0  -5.176  -0.110   1.928  -0.002   0.089   0.000 01O000M000t
00015 LYS+1A0007_002 f 0.00  1.000     0 10.40  0  1  -5.239  -0.115   1.928   0.023   0.646   0.000 +1O000M000t
00016 TRP01A0008_001 f 0.00  0.000     0  0.00  0  0   0.855  -7.685   0.764   0.000   0.000   0.000 01O000M000t
00017 GLU01A0009_001 f 0.00  0.000     0  0.00  0  0   1.361  -6.273   3.497  -0.868   1.698   0.000 01O000M000t
00018 GLU01A0009_002 f 0.00  0.000     0  0.00  0  0   1.361  -6.273   0.777   3.838   2.501   0.000 01O000M000t
00019 GLU02A0009_003 f 0.00  0.000     0  0.00  0  0   1.040  -6.498   3.497  -1.470   1.355   0.000 02O000M000t
00020 GLU02A0009_004 f 0.00  0.000     0  0.00  0  0   1.040  -6.498   0.777   0.484   2.591   0.000 02O000M000t
00021 GLU-1A0009_005 f 0.00 -1.000     0  4.75  0 -1   0.967  -6.382   0.777  -4.662   7.544   0.000 -1O000M000t
00022 MET01A0010_001 f 0.00  0.000     0  0.00  0  0   2.280  -4.428   1.961   0.043   0.077   0.000 01O000M000t
00023 GLU01A0011_001 f 0.00  0.000     0  0.00  0  0  -1.095  -1.544   6.613   0.321  -0.676   0.000 01O000M000t
00024 GLU01A0011_002 f 0.00  0.000     0  0.00  0  0  -1.095  -1.544   3.893   0.098   0.678   0.000 01O000M000t
00025 GLU02A0011_003 f 0.00  0.000     0  0.00  0  0  -0.979  -1.541   6.613   0.208  -0.091   0.000 02O000M000t
00026 GLU02A0011_004 f 0.00  0.000     0  0.00  0  0  -0.979  -1.541   3.893   0.060   0.710   0.000 02O000M000t
00027 GLU-1A0011_005 f 0.00 -1.000     0  4.75  0 -1  -1.174  -1.493   3.893  -0.536   0.854   0.000 -1O000M000t
00028 ARG01A0012_001 f 0.00  0.000     0  0.00  0  0  -0.162  13.777   2.726  -0.798   2.107   0.000 01O000M000t
00029 ARG02A0012_002 f 0.00  0.000     0  0.00  0  0  -0.203  13.948   2.726   0.466   3.283   0.000 02O000M000t
00030 ARG02A0012_003 f 0.00  0.000     0  0.00  0  0  -0.116  13.430   2.726   1.826   3.343   0.000 02O000M000t
00031 ARG03A0012_004 f 0.00  0.000     0  0.00  0  0  -0.210  13.867   2.726  -0.638   3.065   0.000 03O000M000t
00032 ARG+1A0012_005 f 0.00  1.000     0 12.50  0  1  -0.250  13.754   2.726  -2.165   3.219   0.000 +1O000M000t
00033 THR01A0013_001 f 0.00  0.000     0  0.00  0  0  -6.366  -0.151   0.424   0.744   0.918   0.000 01O000M000t
00034 ASP01A0014_001 f 0.00  0.000     0  0.00  0  0  -1.183  -0.492   2.991   0.029   0.361   0.000 01O000M000t
00035 ASP01A0014_002 f 0.00  0.000     0  0.00  0  0  -1.183  -0.492   0.271  -0.329   0.907   0.000 01O000M000t
00036 ASP02A0014_003 f 0.00  0.000     0  0.00  0  0  -1.086  -1.018   2.991   0.492   1.138   0.000 02O000M000t
00037 ASP02A0014_004 f 0.00  0.000     0  0.00  0  0  -1.086  -1.018   0.271   0.002   1.005   0.000 02O000M000t
00038 ASP-1A0014_005 f 0.00 -1.000     0  4.75  0 -1  -1.110  -1.028   0.271  -1.520   2.768   0.000 -1O000M000t
00039 ILE01A0015_001 f 0.00  0.000     0  0.00  0  0   5.689  -1.122   0.714   0.000   0.000   0.000 01O000M000t
00040 THR01A0016_001 f 0.00  0.000     0  0.00  0  0  -3.148  -1.493   0.536  -0.233   0.823   0.000 01O000M000t
00041 THR01A0016_002 f 0.00  0.000     0  0.00  0  0  -3.148  -1.493   0.536   0.082   1.459   0.000 01O000M000t
00042 MET01A0017_001 f 0.00  0.000     0  0.00  0  0  -2.722  -3.754   1.141  -0.019   0.090   0.000 01O000M000t
00043 LYS01A0018_001 f 0.00  0.000     0  0.00  0  0  -3.500  -0.608   2.664  -0.018  -0.045   0.000 01O000M000t
00044 LYS+1A0018_002 f 0.00  1.000     0 10.40  0  1  -3.545  -0.613   2.664   0.155   0.422   0.000 +1O000M000t
00045 HIS01A0019_001 f 0.00  0.000     0  0.00  0  0  -6.099  -3.252   0.194   0.380   1.600   0.000 01O000M000t
00046 HIS01A0019_002 f 0.00  0.000     0  0.00  0  0  -5.877  -3.338   0.194  -0.179   1.146   0.000 01R001M000t
00047 HIS02A0019_003 f 0.00  0.000     0  0.00  0  0  -6.119  -3.341   0.194   0.263   1.434   0.000 02O000M000t
00048 HIS02A0019_004 f 0.00  0.000     0  0.00  0  0  -5.888  -3.382   0.194   0.252   1.200   0.000 02R001M000t
00049 HIS+1A0019_005 f 0.00  1.000     0  6.98  0  1  -6.146  -3.351   0.194   1.584   1.747   0.000 +1O000M000t
00050 HIS+1A0019_006 f 0.00  1.000     0  6.98  0  1  -5.915  -3.396   0.194   1.583   1.069   0.000 +1R001M000t
00051 LYS01A0020_001 f 0.00  0.000     0  0.00  0  0  -2.410  -5.744   3.210   0.008   0.478   0.000 01O000M000t
00052 LYS+1A0020_002 f 0.00  1.000     0 10.40  0  1  -2.454  -5.760   3.210  -0.058   2.004   0.000 +1O000M000t
00053 LEU01A0021_001 f 0.00  0.000     0  0.00  0  0   1.343  -4.586   0.569   0.000   0.000   0.000 01O000M000t
00054 GLN01A0025_001 f 0.00  0.000     0  0.00  0  0   1.063  33.193   0.861   0.296   0.823   0.000 01O000M000t
00055 GLN01A0025_002 f 0.00  0.000     0  0.00  0  0   2.921  33.249   0.863  -0.019   0.613   0.000 01R001M000t
00056 TYR01A0026_001 f 0.00  0.000     0  0.00  0  0   3.845  -6.078   0.035  -0.301   1.714   0.000 01O000M000t
00057 TYR01A0026_002 f 0.00  0.000     0  0.00  0  0   3.845  -6.078   0.035   0.507   2.089   0.000 01O000M000t
00058 TYR-1A0026_003 f 0.00 -1.000     0 10.20  0 -1   3.845  -6.078   0.035  -2.070   6.925   0.000 -1O000M000t
00059 GLU01A0028_001 f 0.00  0.000     0  0.00  0  0  -1.610  -1.839   3.563   0.177   0.127   0.000 01O000M000t
00060 GLU01A0028_002 f 0.00  0.000     0  0.00  0  0  -1.610  -1.839   0.843   0.106   0.835   0.000 01O000M000t
00061 GLU02A0028_003 f 0.00  0.000     0  0.00  0  0  -1.550  -1.860   3.563   0.054   0.077   0.000 02O000M000t
00062 GLU02A0028_004 f 0.00  0.000     0  0.00  0  0  -1.550  -1.860   0.843   0.026   1.147   0.000 02O000M000t
00063 GLU-1A0028_005 f 0.00 -1.000     0  4.75  0 -1  -1.633  -1.808   0.843  -0.152   2.119   0.000 -1O000M000t
00064 VAL01A0029_001 f 0.00  0.000     0  0.00  0  0   0.667  -2.687   0.009   0.000   0.000   0.000 01O000M000t
00065 TYR01A0030_001 f 0.00  0.000     0  0.00  0  0   1.866  -9.451   0.003   0.020   1.157   0.000 01O000M000t
00066 TYR01A0030_002 f 0.00  0.000     0  0.00  0  0   1.866  -9.451   0.003  -0.081   1.015   0.000 01O000M000t
00067 TYR-1A0030_003 f 0.00 -1.000     0 10.20  0 -1   1.866  -9.451   0.003  -0.190   3.036   0.000 -1O000M000t
00068 GLU01A0031_001 f 0.00  0.000     0  0.00  0  0  -0.168  -2.073   3.411   0.193   1.124   0.000 01O000M000t
00069 GLU01A0031_002 f 0.00  0.000     0  0.00  0  0  -0.168  -2.073   0.691   0.081   0.368   0.000 01O000M000t
00070 GLU02A0031_003 f 0.00  0.000     0  0.00  0  0  -0.030  -2.073   3.411   0.383   1.541   0.000 02O000M000t
00071 GLU02A0031_004 f 0.00  0.000     0  0.00  0  0  -0.030  -2.073   0.691   0.101   1.040   0.000 02O000M000t
00072 GLU-1A0031_005 f 0.00 -1.000     0  4.75  0 -1  -0.282  -2.031   0.691  -0.558   2.858   0.000 -1O000M000t
00073 VAL01A0033_001 f 0.00  0.000     0  0.00  0  0  -0.807   0.965   0.029   0.000   0.000   0.000 01O000M000t
00074 TRP01A0034_001 f 0.00  0.000     0  0.00  0  0  -0.618  -3.246   0.009   0.000   0.000   0.000 01O000M000t
00075 LYS01A0035_001 f 0.00  0.000     0  0.00  0  0   0.157  69.058   2.212  -0.008   0.318   0.000 01O000M000t
00076 LYS+1A0035_002 f 0.00  1.000     0 10.40  0  1   0.108  69.012   2.212  -0.233   1.403   0.000 +1O000M000t
00077 LYS01A0036_001 f 0.00  0.000     0  0.00  0  0  -2.322  -0.749   4.547  -0.030  -0.009   0.000 01O000M000t
00078 LYS+1A0036_002 f 0.00  1.000     0 10.40  0  1  -2.370  -0.750   4.547   0.111   0.106   0.000 +1O000M000t
00079 TYR01A0037_001 f 0.00  0.000     0  0.00  0  0  -2.297  -1.721   0.003   0.200   0.648   0.000 01O000M000t
00080 TYR-1A0037_002 f 0.00 -1.000     0 10.20  0 -1  -2.297  -1.721   0.003  -0.141   0.895   0.000 -1O000M000t
00081 SER01A0038_001 f 0.00  0.000     0  0.00  0  0  -4.897   4.633   0.397  -0.103  -0.337   0.000 01O000M000t
00082 SER01A0038_002 f 0.00  0.000     0  0.00  0  0  -4.897   4.633   0.022  -0.127  -0.261   0.000 01O000M000t
00083 LEU01A0039_001 f 0.00  0.000     0  0.00  0  0  -2.647   1.149   0.828   0.000   0.000   0.000 01O000M000t
00084 THR01A0040_001 f 0.00  0.000     0  0.00  0  0  -2.697  -1.312   0.459  -0.219  -0.037   0.000 01O000M000t
00085 THR01A0040_002 f 0.00  0.000     0  0.00  0  0  -2.697  -1.312   0.084  -0.291   0.028   0.000 01O000M000t
00086 VAL01A0041_001 f 0.00  0.000     0  0.00  0  0   0.516  -3.242   0.000   0.000   0.000   0.000 01O000M000t
00087 ALA01A0042_001 f 0.00  0.000     0  0.00  0  0   0.000  -1.941   0.000   0.000   0.000   0.000 01O000M000t
00088 VAL01A0043_001 f 0.00  0.000     0  0.00  0  0   0.550  -2.788   0.175   0.000   0.000   0.000 01O000M000t
00089 LYS01A0044_001 f 0.00  0.000     0  0.00  0  0  -0.581  -5.026   1.110   0.036   0.652   0.000 01O000M000t
00090 LYS+1A0044_002 f 0.00  1.000     0 10.40  0  1  -0.624  -5.043   1.110  -0.377   3.398   0.000 +1O000M000t
00091 THR01A0045_001 f 0.00  0.000     0  0.00  0  0  -0.416  -0.504   0.412  -0.573   1.530   0.000 01O000M000t
00092 LEU01A0046_001 f 0.00  0.000     0  0.00  0  0   1.016  -1.690   0.603   0.000   0.000   0.000 01O000M000t
00093 LYS01A0047_001 f 0.00  0.000     0  0.00  0  0 999.000 999.000   4.323  -1.135   0.700   0.000 01O000M000t
00094 LYS+1A0047_002 f 0.00  1.000     0 10.40  0  1 999.000 999.000   4.323   3.192   4.038   0.000 +1O000M000t
00095 GLU01A0048_001 f 0.00  0.000     0  0.00  0  0   0.210 999.000   5.607  -0.454   1.511   0.000 01O000M000t
00096 GLU01A0048_002 f 0.00  0.000     0  0.00  0  0   0.210 999.000   2.887  -0.348   1.933   0.000 01O000M000t
00097 GLU02A0048_003 f 0.00  0.000     0  0.00  0  0  -0.005 999.000   5.607   0.051   0.563   0.000 02O000M000t
00098 GLU02A0048_004 f 0.00  0.000     0  0.00  0  0  -0.005 999.000   2.887   0.320   1.602   0.000 02O000M000t
00099 GLU-1A0048_005 f 0.00 -1.000     0  4.75  0 -1   0.075 999.000   2.887  -2.445   4.336   0.000 -1O000M000t
00100 ASP01A0049_001 f 0.00  0.000     0  0.00  0  0  -3.121  44.860   5.255   0.648  -0.068   0.000 01O000M000t
00101 ASP01A0049_002 f 0.00  0.000     0  0.00  0  0  -3.121  44.860   2.535   0.441   0.242   0.000 01O000M000t
00102 ASP02A0049_003 f 0.00  0.000     0  0.00  0  0  -2.944  44.650   5.255   0.663  -0.097   0.000 02O000M000t
00103 ASP02A0049_004 f 0.00  0.000     0  0.00  0  0  -2.944  44.650   2.535   0.499   0.604   0.000 02O000M000t
00104 ASP-1A0049_005 f 0.00 -1.000     0  4.75  0 -1  -3.043  44.705   2.535  -0.507   0.436   0.000 -1O000M000t
00105 THR01A0050_001 f 0.00  0.000     0  0.00  0  0  -4.150   0.553   1.390   0.021   0.304   0.000 01O000M000t
00106 THR01A0050_002 f 0.00  0.000     0  0.00  0  0  -4.150   0.553   1.015  -0.532   0.028   0.000 01O000M000t
00107 MET01A0051_001 f 0.00  0.000     0  0.00  0  0  -1.498 999.000   0.872  -0.208   0.061   0.000 01O000M000t
00108 GLU01A0052_001 f 0.00  0.000     0  0.00  0  0   7.836   6.617   5.348   1.205   0.262   0.000 01O000M000t
00109 GLU01A0052_002 f 0.00  0.000     0  0.00  0  0   7.836   6.617   2.628   0.004   0.462   0.000 01O000M000t
00110 GLU02A0052_003 f 0.00  0.000     0  0.00  0  0   5.602   6.649   5.348   0.094   0.270   0.000 02O000M000t
00111 GLU02A0052_004 f 0.00  0.000     0  0.00  0  0   5.602   6.649   2.628  -0.222   0.503   0.000 02O000M000t
00112 GLU-1A0052_005 f 0.00 -1.000     0  4.75  0 -1   5.709   6.691   2.628  -1.700   1.134   0.000 -1O000M000t
00113 VAL01A0053_001 f 0.00  0.000     0  0.00  0  0   0.186  54.896   0.008   0.000   0.000   0.000 01O000M000t
00114 GLU01A0054_001 f 0.00  0.000     0  0.00  0  0  -1.451   6.077   3.291   0.605  -0.180   0.000 01O000M000t
00115 GLU01A0054_002 f 0.00  0.000     0  0.00  0  0  -1.451   6.077   0.571   0.152   0.557   0.000 01O000M000t
00116 GLU02A0054_003 f 0.00  0.000     0  0.00  0  0  -1.623   6.088   3.291   0.155  -0.314   0.000 02O000M000t
00117 GLU02A0054_004 f 0.00  0.000     0  0.00  0  0  -1.623   6.088   0.571   0.107   0.509   0.000 02O000M000t
00118 GLU-1A0054_005 f 0.00 -1.000     0  4.75  0 -1  -1.667   6.113   0.571  -0.525   0.031   0.000 -1O000M000t
00119 GLU01A0055_001 f 0.00  0.000     0  0.00  0  0  -0.666  35.853   3.632   0.907   0.041   0.000 01O000M000t
00120 GLU01A0055_002 f 0.00  0.000     0  0.00  0  0  -0.666  35.853   0.912   1.193   1.483   0.000 01O000M000t
00121 GLU02A0055_003 f 0.00  0.000     0  0.00  0  0  -1.114  27.663   3.632  -0.739   0.313   0.000 02O000M000t
00122 GLU02A0055_004 f 0.00  0.000     0  0.00  0  0  -1.114  27.663   0.912  -0.540   1.414   0.000 02O000M000t
00123 GLU-1A0055_005 f 0.00 -1.000     0  4.75  0 -1  -1.096  27.741   0.912  -3.432   2.800   0.000 -1O000M000t
00124 PHE01A0056_001 f 0.00  0.000     0  0.00  0  0   4.024  -9.321   0.577   0.000   0.000   0.000 01O000M000t
00125 LEU01A0057_001 f 0.00  0.000     0  0.00  0  0  -2.439  -0.690   0.532   0.000   0.000   0.000 01O000M000t
00126 LYS01A0058_001 f 0.00  0.000     0  0.00  0  0  -4.355  -3.544   3.355   0.087   0.457   0.000 01O000M000t
00127 LYS+1A0058_002 f 0.00  1.000     0 10.40  0  1  -4.422  -3.563   3.355   0.552   2.277   0.000 +1O000M000t
00128 GLU01A0059_001 f 0.00  0.000     0  0.00  0  0   1.306  -2.288   2.943   0.268   1.609   0.000 01O000M000t
00129 GLU01A0059_002 f 0.00  0.000     0  0.00  0  0   1.306  -2.288   0.223   0.120   2.524   0.000 01O000M000t
00130 GLU02A0059_003 f 0.00  0.000     0  0.00  0  0   0.971  -2.275   2.943   0.120   1.951   0.000 02O000M000t
00131 GLU02A0059_004 f 0.00  0.000     0  0.00  0  0   0.971  -2.275   0.223   0.013   1.734   0.000 02O000M000t
00132 GLU-1A0059_005 f 0.00 -1.000     0  4.75  0 -1   0.944  -2.222   0.223  -0.304   6.640   0.000 -1O000M000t
00133 ALA01A0060_001 f 0.00  0.000     0  0.00  0  0  -0.155  -1.375   0.000   0.000   0.000   0.000 01O000M000t
00134 ALA01A0061_001 f 0.00  0.000     0  0.00  0  0  -3.310  -1.266   0.000   0.000   0.000   0.000 01O000M000t
00135 VAL01A0062_001 f 0.00  0.000     0  0.00  0  0  -0.636   2.191   0.533   0.000   0.000   0.000 01O000M000t
00136 MET01A0063_001 f 0.00  0.000     0  0.00  0  0  -0.034   4.691   0.929  -0.034   0.095   0.000 01O000M000t
00137 LYS01A0064_001 f 0.00  0.000     0  0.00  0  0  -1.808  -2.216   1.107  -0.052   0.390   0.000 01O000M000t
00138 LYS+1A0064_002 f 0.00  1.000     0 10.40  0  1  -1.855  -2.227   1.107   0.508   2.504   0.000 +1O000M000t
00139 GLU01A0065_001 f 0.00  0.000     0  0.00  0  0  -1.999   5.389   4.446   0.117  -0.291   0.000 01O000M000t
00140 GLU01A0065_002 f 0.00  0.000     0  0.00  0  0  -1.999   5.389   1.726   0.101   0.506   0.000 01O000M000t
00141 GLU02A0065_003 f 0.00  0.000     0  0.00  0  0  -1.882   5.594   4.446   0.134  -0.200   0.000 02O000M000t
00142 GLU02A0065_004 f 0.00  0.000     0  0.00  0  0  -1.882   5.594   1.726   0.081   0.570   0.000 02O000M000t
00143 GLU-1A0065_005 f 0.00 -1.000     0  4.75  0 -1  -2.036   5.436   1.726   0.239   0.189   0.000 -1O000M000t
00144 ILE01A0066_001 f 0.00  0.000     0  0.00  0  0   4.163  -0.463   0.428   0.000   0.000   0.000 01O000M000t
00145 LYS01A0067_001 f 0.00  0.000     0  0.00  0  0  -5.279   0.410   5.376   0.035   0.062   0.000 01O000M000t
00146 LYS+1A0067_002 f 0.00  1.000     0 10.40  0  1  -5.347   0.407   5.376  -0.274   0.104   0.000 +1O000M000t
00147 HIS01A0068_001 f 0.00  0.000     0  0.00  0  0  -1.130  -3.761   0.006  -3.166   2.913   0.000 01O000M000t
00148 HIS02A0068_002 f 0.00  0.000     0  0.00  0  0  -1.149  -3.729   0.006   3.656   2.266   0.000 02O000M000t
00149 HIS+1A0068_003 f 0.00  1.000     0  6.98  0  1  -1.176  -3.773   0.006   7.313   4.947   0.000 +1O000M000t
00150 PRO01A0069_001 f 0.00  0.000     0  0.00  0  0  -6.117   1.202   0.000   0.000   0.000   0.000 01O000M000t
00151 ASN01A0070_001 f 0.00  0.000     0  0.00  0  0  -0.272  -4.592   1.059  -1.110   1.418   0.000 01O000M000t
00152 ASN01A0070_002 f 0.00  0.000     0  0.00  0  0  -0.170  -4.747   1.052   1.105   1.549   0.000 01R001M000t
00153 LEU01A0071_001 f 0.00  0.000     0  0.00  0  0   1.816  -5.207   0.863   0.000   0.000   0.000 01O000M000t
00154 VAL01A0072_001 f 0.00  0.000     0  0.00  0  0   0.705   7.400   0.088   0.000   0.000   0.000 01O000M000t
00155 GLN01A0073_001 f 0.00  0.000     0  0.00  0  0   3.253   1.112   1.652   0.201   0.430   0.000 01O000M000t
00156 GLN01A0073_002 f 0.00  0.000     0  0.00  0  0   0.929   1.123   1.651  -0.153   0.189   0.000 01R001M000t
00157 LEU01A0074_001 f 0.00  0.000     0  0.00  0  0   2.366  -7.474   0.735   0.000   0.000   0.000 01O000M000t
00158 LEU01A0075_001 f 0.00  0.000     0  0.00  0  0   0.618  -5.411   0.423   0.000   0.000   0.000 01O000M000t
00159 VAL01A0077_001 f 0.00  0.000     0  0.00  0  0   0.573  -1.040   0.057   0.000   0.000   0.000 01O000M000t
00160 CYS01A0078_001 f 0.00  0.000     0  0.00  0  0  -0.050  -3.855   0.008  -0.342   0.945   0.000 01O000M000t
00161 CYS01A0078_002 f 0.00  0.000     0  0.00  0  0  -0.050  -3.720   0.008   0.153   0.950   0.000 01O000M000t
00162 CYS01A0078_003 f 0.00  0.000     0  0.00  0  0  -0.051  -3.745   0.008  -0.034   0.961   0.000 01O000M000t
00163 CYS-1A0078_004 f 0.00 -1.000     0  9.10  0 -1  -0.048  -3.631   0.008  -2.324  11.136   0.000 -1O000M000t
00164 THR01A0079_001 f 0.00  0.000     0  0.00  0  0  -0.467   0.471   0.393   0.862   1.436   0.000 01O000M000t
00165 THR01A0079_002 f 0.00  0.000     0  0.00  0  0  -0.467   0.471   0.393  -0.536   0.476   0.000 01O000M000t
00166 ARG01A0080_001 f 0.00  0.000     0  0.00  0  0  -0.316  -4.587   0.616  -0.130   1.441   0.000 01O000M000t
00167 ARG02A0080_002 f 0.00  0.000     0  0.00  0  0  -0.318  -4.586   0.616  -0.485   2.028   0.000 02O000M000t
00168 ARG03A0080_003 f 0.00  0.000     0  0.00  0  0  -0.345  -4.554   0.616  -0.321   2.497   0.000 03O000M000t
00169 ARG+1A0080_004 f 0.00  1.000     0 12.50  0  1  -0.383  -4.604   0.616   0.003   2.028   0.000 +1O000M000t
00170 GLU01A0081_001 f 0.00  0.000     0  0.00  0  0  -1.585  11.587   8.071   1.154   0.987   0.000 01O000M000t
00171 GLU01A0081_002 f 0.00  0.000     0  0.00  0  0  -1.585  11.587   5.351   0.031   0.895   0.000 01O000M000t
00172 GLU02A0081_003 f 0.00  0.000     0  0.00  0  0  -1.724  11.563   8.071  -0.312  -0.143   0.000 02O000M000t
00173 GLU02A0081_004 f 0.00  0.000     0  0.00  0  0  -1.724  11.563   5.351  -0.236   1.052   0.000 02O000M000t
00174 GLU-1A0081_005 f 0.00 -1.000     0  4.75  0 -1  -1.652  11.594   5.351  -1.037   1.621   0.000 -1O000M000t
00175 PRO01A0082_001 f 0.00  0.000     0  0.00  0  0  -5.033   1.004   0.000   0.000   0.000   0.000 01O000M000t
00176 PRO01A0083_001 f 0.00  0.000     0  0.00  0  0  -4.439  -0.810   0.000   0.000   0.000   0.000 01O000M000t
00177 PHE01A0084_001 f 0.00  0.000     0  0.00  0  0   2.921   3.587   0.705   0.000   0.000   0.000 01O000M000t
00178 TYR01A0085_001 f 0.00  0.000     0  0.00  0  0   3.303   1.449   0.269   0.286   1.282   0.000 01O000M000t
00179 TYR-1A0085_002 f 0.00 -1.000     0 10.20  0 -1   3.303   1.449   0.269   0.555   4.704   0.000 -1O000M000t
00180 ILE01A0086_001 f 0.00  0.000     0  0.00  0  0   1.480  -3.221   0.459   0.000   0.000   0.000 01O000M000t
00181 ILE01A0087_001 f 0.00  0.000     0  0.00  0  0   1.883  -4.591   0.944   0.000   0.000   0.000 01O000M000t
00182 THR01A0088_001 f 0.00  0.000     0  0.00  0  0   0.177  -3.305   0.506   0.119   1.992   0.000 01O000M000t
00183 THR01A0088_002 f 0.00  0.000     0  0.00  0  0   0.177  -3.305   0.506  -1.504   1.986   0.000 01O000M000t
00184 GLU01A0089_001 f 0.00  0.000     0  0.00  0  0  -0.011  -1.870   3.779   3.225   1.887   0.000 01O000M000t
00185 GLU01A0089_002 f 0.00  0.000     0  0.00  0  0  -0.011  -1.870   1.059  -0.331   2.112   0.000 01O000M000t
00186 GLU02A0089_003 f 0.00  0.000     0  0.00  0  0   0.065  -2.058   3.779  -0.944   1.234   0.000 02O000M000t
00187 GLU02A0089_004 f 0.00  0.000     0  0.00  0  0   0.065  -2.058   1.059  -0.973   1.882   0.000 02O000M000t
00188 GLU-1A0089_005 f 0.00 -1.000     0  4.75  0 -1  -0.084  -2.000   1.059  -2.904   6.691   0.000 -1O000M000t
00189 PHE01A0090_001 f 0.00  0.000     0  0.00  0  0   2.306  -7.747   0.025   0.000   0.000   0.000 01O000M000t
00190 MET01A0091_001 f 0.00  0.000     0  0.00  0  0   0.398  -6.095   0.426   0.081   0.079   0.000 01O000M000t
00191 THR01A0092_001 f 0.00  0.000     0  0.00  0  0  -2.603   1.277   1.323  -0.454   0.085   0.000 01O000M000t
00192 TYR01A0093_001 f 0.00  0.000     0  0.00  0  0  -1.609  16.374   0.316   0.085   0.622   0.000 01O000M000t
00193 TYR01A0093_002 f 0.00  0.000     0  0.00  0  0  -1.609  16.374   0.316  -0.006   0.418   0.000 01O000M000t
00194 TYR-1A0093_003 f 0.00 -1.000     0 10.20  0 -1  -1.609  16.374   0.316  -0.272   0.326   0.000 -1O000M000t
00195 ASN01A0095_001 f 0.00  0.000     0  0.00  0  0   0.213  -5.909   1.567  -1.640   2.106   0.000 01O000M000t
00196 ASN01A0095_002 f 0.00  0.000     0  0.00  0  0   0.235  -5.441   1.565   2.507   1.960   0.000 01R001M000t
00197 LEU01A0096_001 f 0.00  0.000     0  0.00  0  0   1.829  -1.254   0.382   0.000   0.000   0.000 01O000M000t
00198 LEU01A0097_001 f 0.00  0.000     0  0.00  0  0  -0.084   9.237   0.456   0.000   0.000   0.000 01O000M000t
00199 ASP01A0098_001 f 0.00  0.000     0  0.00  0  0  -1.241  -0.504   3.003   0.822   0.602   0.000 01O000M000t
00200 ASP01A0098_002 f 0.00  0.000     0  0.00  0  0  -1.241  -0.504   0.283   0.298   0.823   0.000 01O000M000t
00201 ASP02A0098_003 f 0.00  0.000     0  0.00  0  0  -1.060  -0.984   3.003   0.536  -0.275   0.000 02O000M000t
00202 ASP02A0098_004 f 0.00  0.000     0  0.00  0  0  -1.060  -0.984   0.283   0.310   0.906   0.000 02O000M000t
00203 ASP-1A0098_005 f 0.00 -1.000     0  4.75  0 -1  -1.183  -0.930   0.283  -1.161   1.471   0.000 -1O000M000t
00204 TYR01A0099_001 f 0.00  0.000     0  0.00  0  0   2.733  -6.178   0.099   0.257   1.364   0.000 01O000M000t
00205 TYR01A0099_002 f 0.00  0.000     0  0.00  0  0   2.733  -6.178   0.099   0.342   1.875   0.000 01O000M000t
00206 TYR-1A0099_003 f 0.00 -1.000     0 10.20  0 -1   2.733  -6.178   0.099  -0.334   4.457   0.000 -1O000M000t
00207 LEU01A0100_001 f 0.00  0.000     0  0.00  0  0   2.115  -6.765   1.104   0.000   0.000   0.000 01O000M000t
00208 ARG01A0101_001 f 0.00  0.000     0  0.00  0  0  -3.425  12.105   1.196   0.225   1.488   0.000 01O000M000t
00209 ARG02A0101_002 f 0.00  0.000     0  0.00  0  0  -3.468  12.499   1.196  -1.739   2.366   0.000 02O000M000t
00210 ARG03A0101_003 f 0.00  0.000     0  0.00  0  0  -3.473  12.517   1.196  -1.798   2.342   0.000 03O000M000t
00211 ARG03A0101_004 f 0.00  0.000     0  0.00  0  0  -3.469  12.458   1.196   0.007   1.760   0.000 03O000M000t
00212 ARG+1A0101_005 f 0.00  1.000     0 12.50  0  1  -3.512  12.494   1.196  -3.404   2.771   0.000 +1O000M000t
00213 GLU01A0102_001 f 0.00  0.000     0  0.00  0  0  -1.432   0.612   3.057  -0.168  -0.020   0.000 01O000M000t
00214 GLU01A0102_002 f 0.00  0.000     0  0.00  0  0  -1.432   0.612   0.337  -0.092   0.653   0.000 01O000M000t
00215 GLU02A0102_003 f 0.00  0.000     0  0.00  0  0  -1.843   0.628   3.057  -0.146  -0.389   0.000 02O000M000t
00216 GLU02A0102_004 f 0.00  0.000     0  0.00  0  0  -1.843   0.628   0.337  -0.065   0.566   0.000 02O000M000t
00217 GLU-1A0102_005 f 0.00 -1.000     0  4.75  0 -1  -1.708   0.674   0.337   0.138   0.603   0.000 -1O000M000t
00218 CYS01A0103_001 f 0.00  0.000     0  0.00  0  0  -0.050  -1.251   0.324  -0.931   0.645   0.000 01O000M000t
00219 CYS01A0103_002 f 0.00  0.000     0  0.00  0  0  -0.050  -1.258   0.324   0.136   0.942   0.000 01O000M000t
00220 CYS01A0103_003 f 0.00  0.000     0  0.00  0  0  -0.050  -1.159   0.324  -0.325   0.941   0.000 01O000M000t
00221 CYS-1A0103_004 f 0.00 -1.000     0  9.10  0 -1  -0.048  -1.107   0.324  -0.305   9.552   0.000 -1O000M000t
00222 ASN01A0104_001 f 0.00  0.000     0  0.00  0  0  -2.739  19.936   0.452  -2.650   0.992   0.000 01O000M000t
00223 ARG01A0105_001 f 0.00  0.000     0  0.00  0  0  -5.931  -1.970   0.764   0.126   0.822   0.000 01O000M000t
00224 ARG02A0105_002 f 0.00  0.000     0  0.00  0  0  -5.910  -1.984   0.764  -0.074   1.706   0.000 02O000M000t
00225 ARG03A0105_003 f 0.00  0.000     0  0.00  0  0  -5.976  -1.975   0.764   0.026   1.798   0.000 03O000M000t
00226 ARG+1A0105_004 f 0.00  1.000     0 12.50  0  1  -6.015  -1.989   0.764  -0.677   1.080   0.000 +1O000M000t
00227 GLN01A0106_001 f 0.00  0.000     0  0.00  0  0  -3.226   0.346   3.156   0.259   0.064   0.000 01O000M000t
00228 GLN01A0106_002 f 0.00  0.000     0  0.00  0  0  -3.372   0.304   3.157   0.011  -0.248   0.000 01R001M000t
00229 GLU01A0107_001 f 0.00  0.000     0  0.00  0  0   0.610 999.000   8.896   1.007   0.470   0.000 01O000M000t
00230 GLU01A0107_002 f 0.00  0.000     0  0.00  0  0   0.610 999.000   6.176  -0.237   0.517   0.000 01O000M000t
00231 GLU02A0107_003 f 0.00  0.000     0  0.00  0  0   0.795 999.000   8.896   0.431   0.041   0.000 02O000M000t
00232 GLU02A0107_004 f 0.00  0.000     0  0.00  0  0   0.795 999.000   6.176   0.190   0.501   0.000 02O000M000t
00233 GLU-1A0107_005 f 0.00 -1.000     0  4.75  0 -1   0.357 999.000   6.176  -0.520   1.364   0.000 -1O000M000t
00234 VAL01A0108_001 f 0.00  0.000     0  0.00  0  0   0.510  10.763   0.000   0.000   0.000   0.000 01O000M000t
00235 SER01A0109_001 f 0.00  0.000     0  0.00  0  0  -1.339  -0.900   0.389  -0.295   1.086   0.000 01O000M000t
00236 SER01A0109_002 f 0.00  0.000     0  0.00  0  0  -1.339  -0.900   0.014  -1.389   0.957   0.000 01O000M000t
00237 ALA01A0110_001 f 0.00  0.000     0  0.00  0  0  -3.638  -0.550   0.000   0.000   0.000   0.000 01O000M000t
00238 VAL01A0111_001 f 0.00  0.000     0  0.00  0  0   0.198   0.194   0.006   0.000   0.000   0.000 01O000M000t
00239 VAL01A0112_001 f 0.00  0.000     0  0.00  0  0  -0.176   1.020   0.070   0.000   0.000   0.000 01O000M000t
00240 LEU01A0113_001 f 0.00  0.000     0  0.00  0  0   0.377  -3.173   0.491   0.000   0.000   0.000 01O000M000t
00241 LEU01A0114_001 f 0.00  0.000     0  0.00  0  0   1.214  -5.320   0.560   0.000   0.000   0.000 01O000M000t
00242 TYR01A0115_001 f 0.00  0.000     0  0.00  0  0   0.589  -5.348   0.004   0.468   0.600   0.000 01O000M000t
00243 TYR-1A0115_002 f 0.00 -1.000     0 10.20  0 -1   0.589  -5.348   0.004   0.856   1.732   0.000 -1O000M000t
00244 MET01A0116_001 f 0.00  0.000     0  0.00  0  0   0.122  -4.290   1.385  -0.005   0.099   0.000 01O000M000t
00245 ALA01A0117_001 f 0.00  0.000     0  0.00  0  0  -0.052  -1.770   0.000   0.000   0.000   0.000 01O000M000t
00246 THR01A0118_001 f 0.00  0.000     0  0.00  0  0  -0.137  -4.806   0.375   0.900   1.964   0.000 01O000M000t
00247 THR01A0118_002 f 0.00  0.000     0  0.00  0  0  -0.137  -4.806   0.375  -1.457   1.964   0.000 01O000M000t
00248 GLN01A0119_001 f 0.00  0.000     0  0.00  0  0   0.353  -5.481   1.395  -2.929   2.952   0.000 01O000M000t
00249 GLN01A0119_002 f 0.00  0.000     0  0.00  0  0   0.163  -3.971   1.391   1.684   2.856   0.000 01R001M000t
00250 ILE01A0120_001 f 0.00  0.000     0  0.00  0  0   1.499  -0.468   0.484   0.000   0.000   0.000 01O000M000t
00251 SER01A0121_001 f 0.00  0.000     0  0.00  0  0   0.000  -2.904   0.381  -1.142   1.985   0.000 01O000M000t
00252 SER01A0121_002 f 0.00  0.000     0  0.00  0  0   0.000  -2.904   0.381   0.059   1.976   0.000 01O000M000t
00253 SER01A0121_003 f 0.00  0.000     0  0.00  0  0   0.000  -2.904   0.006  -0.470   1.987   0.000 01O000M000t
00254 SER01A0122_001 f 0.00  0.000     0  0.00  0  0  -0.783  -1.197   0.523   0.350   1.344   0.000 01O000M000t
00255 SER01A0122_002 f 0.00  0.000     0  0.00  0  0  -0.783  -1.197   0.523  -0.480   0.351   0.000 01O000M000t
00256 ALA01A0123_001 f 0.00  0.000     0  0.00  0  0   0.000  -2.388   0.000   0.000   0.000   0.000 01O000M000t
00257 MET01A0124_001 f 0.00  0.000     0  0.00  0  0   0.223  -3.482   0.256   0.043   0.099   0.000 01O000M000t
00258 GLU01A0125_001 f 0.00  0.000     0  0.00  0  0   0.054  -0.539   4.313   0.253   0.285   0.000 01O000M000t
00259 GLU01A0125_002 f 0.00  0.000     0  0.00  0  0   0.054  -0.539   1.593   0.180   0.714   0.000 01O000M000t
00260 GLU02A0125_003 f 0.00  0.000     0  0.00  0  0   0.389  -0.579   4.313   0.351   0.762   0.000 02O000M000t
00261 GLU02A0125_004 f 0.00  0.000     0  0.00  0  0   0.389  -0.579   1.593   0.170   0.688   0.000 02O000M000t
00262 GLU-1A0125_005 f 0.00 -1.000     0  4.75  0 -1   0.060  -0.479   1.593  -0.511   2.024   0.000 -1O000M000t
00263 TYR01A0126_001 f 0.00  0.000     0  0.00  0  0   2.201  -1.714   0.077  -0.546   1.425   0.000 01O000M000t
00264 TYR-1A0126_002 f 0.00 -1.000     0 10.20  0 -1   2.201  -1.714   0.077  -1.702   6.222   0.000 -1O000M000t
00265 LEU01A0127_001 f 0.00  0.000     0  0.00  0  0   1.639  -1.452   0.585   0.000   0.000   0.000 01O000M000t
00266 GLU01A0128_001 f 0.00  0.000     0  0.00  0  0   0.123  -0.116   3.907  -2.808   1.036   0.000 01O000M000t
00267 GLU01A0128_002 f 0.00  0.000     0  0.00  0  0   0.123  -0.116   1.187   0.765   2.557   0.000 01O000M000t
00268 GLU02A0128_003 f 0.00  0.000     0  0.00  0  0   0.092   1.567   3.907  -1.823   1.418   0.000 02O000M000t
00269 GLU02A0128_004 f 0.00  0.000     0  0.00  0  0   0.092 999.000   1.187   3.601   2.251   0.000 02O000M000t
00270 GLU-1A0128_005 f 0.00 -1.000     0  4.75  0 -1  -0.029  -0.039   1.187  -7.489   6.454   0.000 -1O000M000t
00271 LYS01A0129_001 f 0.00  0.000     0  0.00  0  0  -5.358  -1.710   4.424  -0.008   0.002   0.000 01O000M000t
00272 LYS+1A0129_002 f 0.00  1.000     0 10.40  0  1  -5.413  -1.713   4.424  -0.001  -0.015   0.000 +1O000M000t
00273 LYS01A0130_001 f 0.00  0.000     0  0.00  0  0  15.926  -3.606   4.016   0.248   1.419   0.000 01O000M000t
00274 LYS+1A0130_002 f 0.00  1.000     0 10.40  0  1  16.079  -3.644   4.016   0.384  10.690   0.000 +1O000M000t
00275 ASN01A0131_001 f 0.00  0.000     0  0.00  0  0  -2.986   7.659   0.770   0.041   0.052   0.000 01O000M000t
00276 ASN01A0131_002 f 0.00  0.000     0  0.00  0  0  -3.138   8.270   0.774   0.243  -0.200   0.000 01R001M000t
00277 PHE01A0132_001 f 0.00  0.000     0  0.00  0  0   3.319  -5.018   0.440   0.000   0.000   0.000 01O000M000t
00278 ILE01A0133_001 f 0.00  0.000     0  0.00  0  0  -0.831  -0.384   0.654   0.000   0.000   0.000 01O000M000t
00279 HIS01A0134_001 f 0.00  0.000     0  0.00  0  0  -0.190  -0.227   0.063  -4.146   3.898   0.000 01O000M000t
00280 HIS02A0134_002 f 0.00  0.000     0  0.00  0  0  -0.207  -1.351   0.063   5.581   3.916   0.000 02O000M000t
00281 HIS+1A0134_003 f 0.00  1.000     0  6.98  0  1  -0.234  -0.149   0.063   5.779  11.129   0.000 +1O000M000t
00282 ARG01A0135_001 f 0.00  0.000     0  0.00  0  0  -3.358  18.112   2.772  -0.121   0.467   0.000 01O000M000t
00283 ARG02A0135_002 f 0.00  0.000     0  0.00  0  0  -3.303  18.110   2.772  -0.232   1.691   0.000 02O000M000t
00284 ARG03A0135_003 f 0.00  0.000     0  0.00  0  0  -3.379  18.111   2.772  -0.113   1.799   0.000 03O000M000t
00285 ARG+1A0135_004 f 0.00  1.000     0 12.50  0  1  -3.422  18.102   2.772   0.453   0.595   0.000 +1O000M000t
00286 ASP01A0136_001 f 0.00  0.000     0  0.00  0  0  -0.215   0.517   3.335   0.265   1.574   0.000 01O000M000t
00287 ASP01A0136_002 f 0.00  0.000     0  0.00  0  0  -0.215   0.517   0.615  -0.123   2.572   0.000 01O000M000t
00288 ASP02A0136_003 f 0.00  0.000     0  0.00  0  0  -0.164   0.073   3.335   0.100   1.813   0.000 02O000M000t
00289 ASP02A0136_004 f 0.00  0.000     0  0.00  0  0  -0.164   0.073   0.615   0.036   2.796   0.000 02O000M000t
00290 ASP-1A0136_005 f 0.00 -1.000     0  4.75  0 -1  -0.228   0.157   0.615  -2.212   9.199   0.000 -1O000M000t
00291 LEU01A0137_001 f 0.00  0.000     0  0.00  0  0   1.646  -4.955   0.458   0.000   0.000   0.000 01O000M000t
00292 ALA01A0138_001 f 0.00  0.000     0  0.00  0  0   0.000  -0.264   0.000   0.000   0.000   0.000 01O000M000t
00293 ALA01A0139_001 f 0.00  0.000     0  0.00  0  0   0.000  -1.736   0.000   0.000   0.000   0.000 01O000M000t
00294 ARG01A0140_001 f 0.00  0.000     0  0.00  0  0  -0.367  -2.800   0.438  -0.137   3.369   0.000 01O000M000t
00295 ARG02A0140_002 f 0.00  0.000     0  0.00  0  0  -0.308  -2.802   0.438  -0.127   3.741   0.000 02O000M000t
00296 ARG03A0140_003 f 0.00  0.000     0  0.00  0  0  -0.392  -2.789   0.438  -0.152   3.835   0.000 03O000M000t
00297 ARG03A0140_004 f 0.00  0.000     0  0.00  0  0  -0.388  -2.792   0.438  -0.058   3.849   0.000 03O000M000t
00298 ARG+1A0140_005 f 0.00  1.000     0 12.50  0  1  -0.432  -2.816   0.438   2.389   7.276   0.000 +1O000M000t
00299 ASN01A0141_001 f 0.00  0.000     0  0.00  0  0   0.522  -3.641   2.088  -1.460   3.413   0.000 01O000M000t
00300 ASN01A0141_002 f 0.00  0.000     0  0.00  0  0   0.300  -3.475   2.108   1.871   3.413   0.000 01R001M000t
00301 CYS01A0142_001 f 0.00  0.000     0  0.00  0  0  -0.002  -4.844   0.015  -0.049   0.993   0.000 01O000M000t
00302 CYS01A0142_002 f 0.00  0.000     0  0.00  0  0  -0.002  -4.924   0.015  -0.243   0.993   0.000 01O000M000t
00303 CYS01A0142_003 f 0.00  0.000     0  0.00  0  0  -0.002  -4.803   0.015   0.065   0.996   0.000 01O000M000t
00304 CYS-1A0142_004 f 0.00 -1.000     0  9.10  0 -1   0.000  -4.769   0.015  -4.440  15.152   0.000 -1O000M000t
00305 LEU01A0143_001 f 0.00  0.000     0  0.00  0  0   1.837  -5.625   0.505   0.000   0.000   0.000 01O000M000t
00306 VAL01A0144_001 f 0.00  0.000     0  0.00  0  0   0.641  -3.381   0.007   0.000   0.000   0.000 01O000M000t
00307 GLU01A0146_001 f 0.00  0.000     0  0.00  0  0  -1.394  -0.569   6.230   0.254  -0.124   0.000 01O000M000t
00308 GLU01A0146_002 f 0.00  0.000     0  0.00  0  0  -1.394  -0.569   3.510   0.151   0.906   0.000 01O000M000t
00309 GLU02A0146_003 f 0.00  0.000     0  0.00  0  0  -1.642  -0.560   6.230   0.219  -0.090   0.000 02O000M000t
00310 GLU02A0146_004 f 0.00  0.000     0  0.00  0  0  -1.642  -0.560   3.510   0.070   1.056   0.000 02O000M000t
00311 GLU-1A0146_005 f 0.00 -1.000     0  4.75  0 -1  -1.700  -0.524   3.510  -0.743   1.622   0.000 -1O000M000t
00312 ASN01A0147_001 f 0.00  0.000     0  0.00  0  0  -3.292   1.496   0.701   0.070  -0.027   0.000 01O000M000t
00313 ASN01A0147_002 f 0.00  0.000     0  0.00  0  0  -3.246   1.914   0.730   0.189  -0.187   0.000 01R001M000t
00314 HIS01A0148_001 f 0.00  0.000     0  0.00  0  0  -1.644  -0.352   0.007   0.206   1.254   0.000 01O000M000t
00315 HIS01A0148_002 f 0.00  0.000     0  0.00  0  0  -1.922  -0.360   0.007  -0.140   2.252   0.000 01R001M000t
00316 HIS02A0148_003 f 0.00  0.000     0  0.00  0  0  -1.666  -0.367   0.007  -0.167   1.589   0.000 02O000M000t
00317 HIS02A0148_004 f 0.00  0.000     0  0.00  0  0  -1.933  -0.376   0.007   0.137   2.063   0.000 02R001M000t
00318 HIS+1A0148_005 f 0.00  1.000     0  6.98  0  1  -1.693  -0.393   0.007   0.725   2.823   0.000 +1O000M000t
00319 HIS+1A0148_006 f 0.00  1.000     0  6.98  0  1  -1.959  -0.404   0.007   0.744   3.973   0.000 +1R001M000t
00320 LEU01A0149_001 f 0.00  0.000     0  0.00  0  0  -2.012  -2.621   0.523   0.000   0.000   0.000 01O000M000t
00321 VAL01A0150_001 f 0.00  0.000     0  0.00  0  0   0.760  -1.534   0.009   0.000   0.000   0.000 01O000M000t
00322 LYS01A0151_001 f 0.00  0.000     0  0.00  0  0   0.781  -7.382   1.543  -0.046   0.680   0.000 01O000M000t
00323 LYS+1A0151_002 f 0.00  1.000     0 10.40  0  1   0.734  -7.415   1.543   0.180   4.820   0.000 +1O000M000t
00324 VAL01A0152_001 f 0.00  0.000     0  0.00  0  0   0.714  -2.175   0.119   0.000   0.000   0.000 01O000M000t
00325 ALA01A0153_001 f 0.00  0.000     0  0.00  0  0   0.000   0.249   0.000   0.000   0.000   0.000 01O000M000t
00326 ASP01A0154_001 f 0.00  0.000     0  0.00  0  0  -0.386  -0.310   2.950   3.764   1.593   0.000 01O000M000t
00327 ASP01A0154_002 f 0.00  0.000     0  0.00  0  0  -0.386  -0.310   0.230  -0.173   1.489   0.000 01O000M000t
00328 ASP02A0154_003 f 0.00  0.000     0  0.00  0  0  -0.308  -1.130   2.950  -1.559   1.706   0.000 02O000M000t
00329 ASP02A0154_004 f 0.00  0.000     0  0.00  0  0  -0.308  -1.130   0.230  -1.448   1.848   0.000 02O000M000t
00330 ASP-1A0154_005 f 0.00 -1.000     0  4.75  0 -1  -0.351  -1.049   0.230  -4.256   5.278   0.000 -1O000M000t
00331 PHE01A0155_001 f 0.00  0.000     0  0.00  0  0   4.932  -5.619   0.323   0.000   0.000   0.000 01O000M000t
00332 LEU01A0157_001 f 0.00  0.000     0  0.00  0  0   0.923  -4.762   1.000   0.000   0.000   0.000 01O000M000t
00333 SER01A0158_001 f 0.00  0.000     0  0.00  0  0  -1.384  -1.574   0.415   0.118   0.341   0.000 01O000M000t
00334 SER01A0158_002 f 0.00  0.000     0  0.00  0  0  -1.384  -1.574   0.040  -0.712   0.280   0.000 01O000M000t
00335 ARG01A0159_001 f 0.00  0.000     0  0.00  0  0 999.000 369.522   8.459   0.281   0.725   0.000 01O000M000t
00336 ARG02A0159_002 f 0.00  0.000     0  0.00  0  0 999.000 369.492   8.459   0.356   1.693   0.000 02O000M000t
00337 ARG03A0159_003 f 0.00  0.000     0  0.00  0  0 999.000 369.497   8.459   0.450   1.943   0.000 03O000M000t
00338 ARG03A0159_004 f 0.00  0.000     0  0.00  0  0 999.000 369.548   8.459   0.453   1.556   0.000 03O000M000t
00339 ARG+1A0159_005 f 0.00  1.000     0 12.50  0  1 999.000 369.486   8.459   0.838   2.177   0.000 +1O000M000t
00340 LEU01A0160_001 f 0.00  0.000     0  0.00  0  0  14.788 335.809   0.457   0.000   0.000   0.000 01O000M000t
00341 MET01A0161_001 f 0.00  0.000     0  0.00  0  0 611.159 999.000   1.655  -0.140   0.043   0.000 01O000M000t
00342 THR01A0162_001 f 0.00  0.000     0  0.00  0  0  -6.633 230.489   0.707  -0.291  -0.077   0.000 01O000M000t
00343 THR01A0162_002 f 0.00  0.000     0  0.00  0  0  -6.633 230.489   0.707   1.150   0.337   0.000 01O000M000t
00344 ASP01A0164_001 f 0.00  0.000     0  0.00  0  0  -1.636 455.345   5.312   0.704   0.662   0.000 01O000M000t
00345 ASP01A0164_002 f 0.00  0.000     0  0.00  0  0  -1.636 455.345   2.592   0.384   0.758   0.000 01O000M000t
00346 ASP02A0164_003 f 0.00  0.000     0  0.00  0  0  -1.810 559.931   5.312   3.440   1.062   0.000 02O000M000t
00347 ASP02A0164_004 f 0.00  0.000     0  0.00  0  0  -1.810 559.931   2.592   0.682   1.089   0.000 02O000M000t
00348 ASP-1A0164_005 f 0.00 -1.000     0  4.75  0 -1  -1.701 455.427   2.592  -3.028   2.474   0.000 -1O000M000t
00349 THR01A0165_001 f 0.00  0.000     0  0.00  0  0   0.201 999.000   1.315  -1.353   1.863   0.000 01O000M000t
00350 THR01A0165_002 f 0.00  0.000     0  0.00  0  0   0.201 999.000   0.940  -1.042   1.806   0.000 01O000M000t
00351 TYR01A0166_001 f 0.00  0.000     0  0.00  0  0   3.480 999.000   0.003   0.772   2.228   0.000 01O000M000t
00352 TYR01A0166_002 f 0.00  0.000     0  0.00  0  0   3.480 999.000   0.003   0.677   2.126   0.000 01O000M000t
00353 TYR-1A0166_003 f 0.00 -1.000     0 10.20  0 -1   3.480 999.000   0.003  -2.136   8.891   0.000 -1O000M000t
00354 THR01A0167_001 f 0.00  0.000     0  0.00  0  0  -1.924   0.738   0.399  -0.155   1.530   0.000 01O000M000t
00355 THR01A0167_002 f 0.00  0.000     0  0.00  0  0  -1.924   0.738   0.024  -0.958   0.437   0.000 01O000M000t
00356 ALA01A0168_001 f 0.00  0.000     0  0.00  0  0  -1.510 339.161   0.000   0.000   0.000   0.000 01O000M000t
00357 HIS01A0169_001 f 0.00  0.000     0  0.00  0  0  -8.585  63.911   2.800  -3.119   1.053   0.000 01O000M000t
00358 HIS02A0169_002 f 0.00  0.000     0  0.00  0  0  -8.597  63.915   2.800   0.308   1.050   0.000 02O000M000t
00359 HIS+1A0169_003 f 0.00  1.000     0  6.98  0  1  -8.623  63.900   2.800   3.131   1.517   0.000 +1O000M000t
00360 ALA01A0170_001 f 0.00  0.000     0  0.00  0  0  -1.578  15.805   0.000   0.000   0.000   0.000 01O000M000t
00361 ALA01A0172_001 f 0.00  0.000     0  0.00  0  0  -3.448   2.132   0.000   0.000   0.000   0.000 01O000M000t
00362 LYS01A0173_001 f 0.00  0.000     0  0.00  0  0  -0.710  -8.351   2.485   0.128   0.623   0.000 01O000M000t
00363 LYS+1A0173_002 f 0.00  1.000     0 10.40  0  1  -0.751  -8.379   2.485   1.112   4.436   0.000 +1O000M000t
00364 PHE01A0174_001 f 0.00  0.000     0  0.00  0  0   3.984   2.678   0.456   0.000   0.000   0.000 01O000M000t
00365 PRO01A0175_001 f 0.00  0.000     0  0.00  0  0  -0.339   0.148   0.000   0.000   0.000   0.000 01O000M000t
00366 ILE01A0176_001 f 0.00  0.000     0  0.00  0  0   0.302  -0.150   0.441   0.000   0.000   0.000 01O000M000t
00367 LYS01A0177_001 f 0.00  0.000     0  0.00  0  0  -0.664  -4.056   1.423  -0.471   0.518   0.000 01O000M000t
00368 LYS+1A0177_002 f 0.00  1.000     0 10.40  0  1  -0.707  -4.068   1.423  -3.165   4.018   0.000 +1O000M000t
00369 TRP01A0178_001 f 0.00  0.000     0  0.00  0  0   1.334  -8.591   0.568   0.000   0.000   0.000 01O000M000t
00370 THR01A0179_001 f 0.00  0.000     0  0.00  0  0   0.190  -1.513   0.448   0.341   1.143   0.000 01O000M000t
00371 THR01A0179_002 f 0.00  0.000     0  0.00  0  0   0.190  -1.513   0.448  -1.814   1.753   0.000 01O000M000t
00372 ALA01A0180_001 f 0.00  0.000     0  0.00  0  0   0.000  -1.902   0.000   0.000   0.000   0.000 01O000M000t
00373 PRO01A0181_001 f 0.00  0.000     0  0.00  0  0   0.181   1.079   0.000   0.000   0.000   0.000 01O000M000t
00374 GLU01A0182_001 f 0.00  0.000     0  0.00  0  0   3.201   0.876   4.602   1.375   2.032   0.000 01O000M000t
00375 GLU01A0182_002 f 0.00  0.000     0  0.00  0  0   3.201   0.876   1.882  -0.351   2.867   0.000 01O000M000t
00376 GLU02A0182_003 f 0.00  0.000     0  0.00  0  0   2.555   0.409   4.602  -0.964   1.733   0.000 02O000M000t
00377 GLU02A0182_004 f 0.00  0.000     0  0.00  0  0   2.555   0.409   1.882  -0.575   2.892   0.000 02O000M000t
00378 GLU-1A0182_005 f 0.00 -1.000     0  4.75  0 -1   2.491   0.549   1.882  -5.535  10.654   0.000 -1O000M000t
00379 SER01A0183_001 f 0.00  0.000     0  0.00  0  0   0.000  -1.306   0.381  -2.282   1.733   0.000 01O000M000t
00380 SER01A0183_002 f 0.00  0.000     0  0.00  0  0   0.000  -1.306   0.381   0.775   1.887   0.000 01O000M000t
00381 SER01A0183_003 f 0.00  0.000     0  0.00  0  0   0.000  -1.306   0.006   0.186   1.348   0.000 01O000M000t
00382 LEU01A0184_001 f 0.00  0.000     0  0.00  0  0   1.104  -6.091   0.789   0.000   0.000   0.000 01O000M000t
00383 ALA01A0185_001 f 0.00  0.000     0  0.00  0  0  -0.428  -0.963   0.000   0.000   0.000   0.000 01O000M000t
00384 TYR01A0186_001 f 0.00  0.000     0  0.00  0  0  -4.277  -3.191   0.401   0.122  -0.050   0.000 01O000M000t
00385 TYR-1A0186_002 f 0.00 -1.000     0 10.20  0 -1  -4.277  -3.191   0.401  -0.481   0.509   0.000 -1O000M000t
00386 ASN01A0187_001 f 0.00  0.000     0  0.00  0  0  -1.797   4.412   1.342   0.109   0.810   0.000 01O000M000t
00387 ASN01A0187_002 f 0.00  0.000     0  0.00  0  0  -1.731   3.846   1.339  -0.006   0.477   0.000 01R001M000t
00388 LYS01A0188_001 f 0.00  0.000     0  0.00  0  0  -7.492  -0.192   2.289  -0.009   0.077   0.000 01O000M000t
00389 LYS+1A0188_002 f 0.00  1.000     0 10.40  0  1  -7.541  -0.196   2.289   0.036  -0.354   0.000 +1O000M000t
00390 PHE01A0189_001 f 0.00  0.000     0  0.00  0  0   3.977  -5.728   0.554   0.000   0.000   0.000 01O000M000t
00391 SER01A0190_001 f 0.00  0.000     0  0.00  0  0  -1.815   0.276   0.724  -0.294   1.127   0.000 01O000M000t
00392 SER01A0190_002 f 0.00  0.000     0  0.00  0  0  -1.815   0.276   0.349  -2.399   0.770   0.000 01O000M000t
00393 ILE01A0191_001 f 0.00  0.000     0  0.00  0  0  -0.890   1.028   0.881   0.000   0.000   0.000 01O000M000t
00394 LYS01A0192_001 f 0.00  0.000     0  0.00  0  0  -1.770  -7.076   1.395   0.122   0.498   0.000 01O000M000t
00395 LYS+1A0192_002 f 0.00  1.000     0 10.40  0  1  -1.815  -7.195   1.395  -2.143   4.171   0.000 +1O000M000t
00396 SER01A0193_001 f 0.00  0.000     0  0.00  0  0  -0.156   1.484   0.400   2.397   1.730   0.000 01O000M000t
00397 SER01A0193_002 f 0.00  0.000     0  0.00  0  0  -0.156   1.484   0.400  -1.447   1.300   0.000 01O000M000t
00398 ASP01A0194_001 f 0.00  0.000     0  0.00  0  0   0.061  -1.266   3.106  -2.485   2.067   0.000 01O000M000t
00399 ASP01A0194_002 f 0.00  0.000     0  0.00  0  0   0.061  -1.266   0.386   1.694   2.827   0.000 01O000M000t
00400 ASP02A0194_003 f 0.00  0.000     0  0.00  0  0   0.136  -1.396   3.106  -1.269   2.549   0.000 02O000M000t
00401 ASP02A0194_004 f 0.00  0.000     0  0.00  0  0   0.136  -1.396   0.386   2.896   2.677   0.000 02O000M000t
00402 ASP-1A0194_005 f 0.00 -1.000     0  4.75  0 -1   0.057  -1.841   0.386 -12.050  12.380   0.000 -1O000M000t
00403 VAL01A0195_001 f 0.00  0.000     0  0.00  0  0   0.673   6.673   0.095   0.000   0.000   0.000 01O000M000t
00404 TRP01A0196_001 f 0.00  0.000     0  0.00  0  0   2.675 -12.958   0.001   0.000   0.000   0.000 01O000M000t
00405 ALA01A0197_001 f 0.00  0.000     0  0.00  0  0  -0.206  -2.203   0.000   0.000   0.000   0.000 01O000M000t
00406 PHE01A0198_001 f 0.00  0.000     0  0.00  0  0   4.137  -7.299   0.053   0.000   0.000   0.000 01O000M000t
00407 VAL01A0200_001 f 0.00  0.000     0  0.00  0  0   0.838  -0.727   0.001   0.000   0.000   0.000 01O000M000t
00408 LEU01A0201_001 f 0.00  0.000     0  0.00  0  0   2.254  -5.376   2.296   0.000   0.000   0.000 01O000M000t
00409 LEU01A0202_001 f 0.00  0.000     0  0.00  0  0   2.089  -3.503   0.676   0.000   0.000   0.000 01O000M000t
00410 TRP01A0203_001 f 0.00  0.000     0  0.00  0  0   2.616  -7.763   0.066   0.000   0.000   0.000 01O000M000t
00411 GLU01A0204_001 f 0.00  0.000     0  0.00  0  0   0.374  -2.670   4.077  -2.238   2.495   0.000 01O000M000t
00412 GLU01A0204_002 f 0.00  0.000     0  0.00  0  0   0.374  -2.670   1.357  -0.485   2.643   0.000 01O000M000t
00413 GLU02A0204_003 f 0.00  0.000     0  0.00  0  0   0.373  -2.391   4.077  -0.819   2.468   0.000 02O000M000t
00414 GLU02A0204_004 f 0.00  0.000     0  0.00  0  0   0.373  -2.391   1.357   2.399   2.493   0.000 02O000M000t
00415 GLU-1A0204_005 f 0.00 -1.000     0  4.75  0 -1   0.283  -2.564   1.357  -6.985  11.270   0.000 -1O000M000t
00416 ILE01A0205_001 f 0.00  0.000     0  0.00  0  0   1.280  -4.203   0.588   0.000   0.000   0.000 01O000M000t
00417 ALA01A0206_001 f 0.00  0.000     0  0.00  0  0  -0.052  -1.996   0.000   0.000   0.000   0.000 01O000M000t
00418 THR01A0207_001 f 0.00  0.000     0  0.00  0  0  -0.230  -2.391   0.379  -1.326   1.956   0.000 01O000M000t
00419 THR01A0207_002 f 0.00  0.000     0  0.00  0  0  -0.230  -2.391   0.379   2.831   1.931   0.000 01O000M000t
00420 TYR01A0208_001 f 0.00  0.000     0  0.00  0  0   2.983  -1.765   0.149  -1.982   2.042   0.000 01O000M000t
00421 TYR01A0208_002 f 0.00  0.000     0  0.00  0  0   2.983  -1.765   0.149   1.131   1.549   0.000 01O000M000t
00422 TYR-1A0208_003 f 0.00 -1.000     0 10.20  0 -1   2.983  -1.765   0.149   2.730   6.066   0.000 -1O000M000t
00423 MET01A0210_001 f 0.00  0.000     0  0.00  0  0  44.183  -3.362   1.100   0.057   0.049   0.000 01O000M000t
00424 SER01A0211_001 f 0.00  0.000     0  0.00  0  0  -3.710  -0.941   0.653  -0.056  -0.166   0.000 01O000M000t
00425 PRO01A0212_001 f 0.00  0.000     0  0.00  0  0   0.224  -0.472   0.000   0.000   0.000   0.000 01O000M000t
00426 TYR01A0213_001 f 0.00  0.000     0  0.00  0  0   4.509  -2.956   0.067  -0.865   1.806   0.000 01O000M000t
00427 TYR-1A0213_002 f 0.00 -1.000     0 10.20  0 -1   4.509  -2.956   0.067   0.355  10.058   0.000 -1O000M000t
00428 PRO01A0214_001 f 0.00  0.000     0  0.00  0  0  -3.038  -1.943   0.000   0.000   0.000   0.000 01O000M000t
00429 ILE01A0216_001 f 0.00  0.000     0  0.00  0  0   2.144  -1.560   0.425   0.000   0.000   0.000 01O000M000t
00430 ASP01A0217_001 f 0.00  0.000     0  0.00  0  0  -2.299   7.637   2.796   0.232   0.096   0.000 01O000M000t
00431 ASP01A0217_002 f 0.00  0.000     0  0.00  0  0  -2.299   7.637   0.076   0.178   1.369   0.000 01O000M000t
00432 ASP02A0217_003 f 0.00  0.000     0  0.00  0  0  -2.189  10.629   2.796   0.168   1.397   0.000 02O000M000t
00433 ASP02A0217_004 f 0.00  0.000     0  0.00  0  0  -2.189  10.629   0.076   0.537   1.373   0.000 02O000M000t
00434 ASP-1A0217_005 f 0.00 -1.000     0  4.75  0 -1  -2.185   7.691   0.076  -1.337   2.849   0.000 -1O000M000t
00435 LEU01A0218_001 f 0.00  0.000     0  0.00  0  0  -2.483  -1.085   0.446   0.000   0.000   0.000 01O000M000t
00436 SER01A0219_001 f 0.00  0.000     0  0.00  0  0  -3.831  -0.400   0.774   0.210   0.836   0.000 01O000M000t
00437 SER01A0219_002 f 0.00  0.000     0  0.00  0  0  -3.831  -0.400   0.399  -0.995   0.238   0.000 01O000M000t
00438 GLN01A0220_001 f 0.00  0.000     0  0.00  0  0   1.826  -1.883   3.798   0.489   0.620   0.000 01O000M000t
00439 GLN01A0220_002 f 0.00  0.000     0  0.00  0  0   0.297  -1.953   3.797  -0.127   0.158   0.000 01R001M000t
00440 VAL01A0221_001 f 0.00  0.000     0  0.00  0  0   0.649  -0.716   0.009   0.000   0.000   0.000 01O000M000t
00441 TYR01A0222_001 f 0.00  0.000     0  0.00  0  0   1.428  -5.115   0.037   0.468   1.202   0.000 01O000M000t
00442 TYR01A0222_002 f 0.00  0.000     0  0.00  0  0   1.428  -5.115   0.037   0.288   1.099   0.000 01O000M000t
00443 TYR-1A0222_003 f 0.00 -1.000     0 10.20  0 -1   1.428  -5.115   0.037  -0.422   3.102   0.000 -1O000M000t
00444 GLU01A0223_001 f 0.00  0.000     0  0.00  0  0  -2.308  -1.792   4.016   0.179  -0.241   0.000 01O000M000t
00445 GLU01A0223_002 f 0.00  0.000     0  0.00  0  0  -2.308  -1.792   1.296   0.134   0.633   0.000 01O000M000t
00446 GLU02A0223_003 f 0.00  0.000     0  0.00  0  0  -2.232  -1.833   4.016   0.228   0.673   0.000 02O000M000t
00447 GLU02A0223_004 f 0.00  0.000     0  0.00  0  0  -2.232  -1.833   1.296   0.122   0.817   0.000 02O000M000t
00448 GLU-1A0223_005 f 0.00 -1.000     0  4.75  0 -1  -2.251  -1.767   1.296  -0.146   0.717   0.000 -1O000M000t
00449 LEU01A0224_001 f 0.00  0.000     0  0.00  0  0  -0.659  -3.668   1.604   0.000   0.000   0.000 01O000M000t
00450 LEU01A0225_001 f 0.00  0.000     0  0.00  0  0   1.810  -3.061   0.686   0.000   0.000   0.000 01O000M000t
00451 GLU01A0226_001 f 0.00  0.000     0  0.00  0  0   0.224  -0.212   3.294   0.100   0.018   0.000 01O000M000t
00452 GLU01A0226_002 f 0.00  0.000     0  0.00  0  0   0.224  -0.212   0.574   0.068   0.804   0.000 01O000M000t
00453 GLU02A0226_003 f 0.00  0.000     0  0.00  0  0  -0.187  -0.170   3.294   0.074  -0.143   0.000 02O000M000t
00454 GLU02A0226_004 f 0.00  0.000     0  0.00  0  0  -0.187  -0.170   0.574   0.060   0.749   0.000 02O000M000t
00455 GLU-1A0226_005 f 0.00 -1.000     0  4.75  0 -1  -0.228  -0.146   0.574  -0.070   1.188   0.000 -1O000M000t
00456 LYS01A0227_001 f 0.00  0.000     0  0.00  0  0  -6.481  -2.858   1.302   0.032  -0.001   0.000 01O000M000t
00457 LYS+1A0227_002 f 0.00  1.000     0 10.40  0  1  -6.525  -2.865   1.302  -0.045   0.334   0.000 +1O000M000t
00458 ASP01A0228_001 f 0.00  0.000     0  0.00  0  0  -2.162   4.170   3.978   0.253  -0.040   0.000 01O000M000t
00459 ASP01A0228_002 f 0.00  0.000     0  0.00  0  0  -2.162   4.170   1.258   0.099   0.613   0.000 01O000M000t
00460 ASP02A0228_003 f 0.00  0.000     0  0.00  0  0  -2.061   4.076   3.978   0.047  -0.406   0.000 02O000M000t
00461 ASP02A0228_004 f 0.00  0.000     0  0.00  0  0  -2.061   4.076   1.258   0.098   0.897   0.000 02O000M000t
00462 ASP-1A0228_005 f 0.00 -1.000     0  4.75  0 -1  -2.097   4.039   1.258   0.652   0.744   0.000 -1O000M000t
00463 TYR01A0229_001 f 0.00  0.000     0  0.00  0  0   0.040  -1.165   0.067  -0.012   0.930   0.000 01O000M000t
00464 TYR01A0229_002 f 0.00  0.000     0  0.00  0  0   0.040  -1.165   0.067   0.252   1.259   0.000 01O000M000t
00465 TYR-1A0229_003 f 0.00 -1.000     0 10.20  0 -1   0.040  -1.165   0.067  -0.205   3.352   0.000 -1O000M000t
00466 ARG01A0230_001 f 0.00  0.000     0  0.00  0  0   1.240   0.441   0.556  -1.628   3.220   0.000 01O000M000t
00467 ARG02A0230_002 f 0.00  0.000     0  0.00  0  0   1.222   0.568   0.556  -2.113   4.130   0.000 02O000M000t
00468 ARG03A0230_003 f 0.00  0.000     0  0.00  0  0   1.215   0.473   0.556  -3.109   3.800   0.000 03O000M000t
00469 ARG03A0230_004 f 0.00  0.000     0  0.00  0  0   1.220  -0.252   0.556  -0.823   3.691   0.000 03O000M000t
00470 ARG+1A0230_005 f 0.00  1.000     0 12.50  0  1   1.176   0.416   0.556  -7.112   6.902   0.000 +1O000M000t
00471 MET01A0231_001 f 0.00  0.000     0  0.00  0  0   0.031  -2.481   1.580  -0.329   0.096   0.000 01O000M000t
00472 GLU01A0232_001 f 0.00  0.000     0  0.00  0  0  -1.326  -1.234   5.842   0.228  -0.248   0.000 01O000M000t
00473 GLU01A0232_002 f 0.00  0.000     0  0.00  0  0  -1.326  -1.234   3.122   0.134   0.735   0.000 01O000M000t
00474 GLU02A0232_003 f 0.00  0.000     0  0.00  0  0  -1.350  -1.256   5.842   0.082  -0.325   0.000 02O000M000t
00475 GLU02A0232_004 f 0.00  0.000     0  0.00  0  0  -1.350  -1.256   3.122   0.123   0.168   0.000 02O000M000t
00476 GLU-1A0232_005 f 0.00 -1.000     0  4.75  0 -1  -1.429  -1.183   3.122   0.047   0.718   0.000 -1O000M000t
00477 ARG01A0233_001 f 0.00  0.000     0  0.00  0  0  -2.113  -6.543   0.442  -0.402   1.167   0.000 01O000M000t
00478 ARG02A0233_002 f 0.00  0.000     0  0.00  0  0  -2.045  -6.387   0.442   0.725   1.883   0.000 02O000M000t
00479 ARG03A0233_003 f 0.00  0.000     0  0.00  0  0  -2.150  -6.551   0.442  -0.346   1.902   0.000 03O000M000t
00480 ARG+1A0233_004 f 0.00  1.000     0 12.50  0  1  -2.195  -6.557   0.442  -0.566   2.190   0.000 +1O000M000t
00481 PRO01A0234_001 f 0.00  0.000     0  0.00  0  0   0.110  -2.333   0.000   0.000   0.000   0.000 01O000M000t
00482 GLU01A0235_001 f 0.00  0.000     0  0.00  0  0  -4.397   0.278   8.166   0.123  -0.705   0.000 01O000M000t
00483 GLU01A0235_002 f 0.00  0.000     0  0.00  0  0  -4.397   0.278   5.446   0.049   0.592   0.000 01O000M000t
00484 GLU02A0235_003 f 0.00  0.000     0  0.00  0  0  -4.424   0.292   8.166   0.069  -0.641   0.000 02O000M000t
00485 GLU02A0235_004 f 0.00  0.000     0  0.00  0  0  -4.424   0.292   5.446   0.049   0.413   0.000 02O000M000t
00486 GLU-1A0235_005 f 0.00 -1.000     0  4.75  0 -1  -4.451   0.302   5.446  -0.046  -0.344   0.000 -1O000M000t
00487 CYS01A0237_001 f 0.00  0.000     0  0.00  0  0  -0.002  -3.972   0.070  -0.581   0.965   0.000 01O000M000t
00488 CYS01A0237_002 f 0.00  0.000     0  0.00  0  0  -0.002  -3.814   0.070  -0.134   0.781   0.000 01O000M000t
00489 CYS01A0237_003 f 0.00  0.000     0  0.00  0  0  -0.002  -3.816   0.070  -0.254   0.973   0.000 01O000M000t
00490 CYS-1A0237_004 f 0.00 -1.000     0  9.10  0 -1   0.000  -3.747   0.070  -3.039  10.594   0.000 -1O000M000t
00491 PRO01A0238_001 f 0.00  0.000     0  0.00  0  0  -2.291  -0.961   0.000   0.000   0.000   0.000 01O000M000t
00492 GLU01A0239_001 f 0.00  0.000     0  0.00  0  0  -1.543  -0.933   3.251   0.067  -0.003   0.000 01O000M000t
00493 GLU01A0239_002 f 0.00  0.000     0  0.00  0  0  -1.543  -0.933   0.531   0.078   1.041   0.000 01O000M000t
00494 GLU02A0239_003 f 0.00  0.000     0  0.00  0  0  -1.230  -0.714   3.251   0.433  -0.077   0.000 02O000M000t
00495 GLU02A0239_004 f 0.00  0.000     0  0.00  0  0  -1.230  -0.714   0.531   0.145   0.911   0.000 02O000M000t
00496 GLU-1A0239_005 f 0.00 -1.000     0  4.75  0 -1  -1.475  -0.889   0.531  -0.371   1.266   0.000 -1O000M000t
00497 LYS01A0240_001 f 0.00  0.000     0  0.00  0  0  -7.791  -0.848   4.525  -0.026   0.014   0.000 01O000M000t
00498 LYS+1A0240_002 f 0.00  1.000     0 10.40  0  1  -7.820  -0.850   4.525   0.190  -0.353   0.000 +1O000M000t
00499 VAL01A0241_001 f 0.00  0.000     0  0.00  0  0   0.391  -0.627   0.031   0.000   0.000   0.000 01O000M000t
00500 TYR01A0242_001 f 0.00  0.000     0  0.00  0  0   2.610  -0.755   0.187  -3.011   2.044   0.000 01O000M000t
00501 TYR01A0242_002 f 0.00  0.000     0  0.00  0  0   2.610  -0.755   0.187   1.147   1.664   0.000 01O000M000t
00502 TYR-1A0242_003 f 0.00 -1.000     0 10.20  0 -1   2.610  -0.755   0.187   2.258   5.914   0.000 -1O000M000t
00503 GLU01A0243_001 f 0.00  0.000     0  0.00  0  0  -0.973   0.429   3.412   0.036   0.297   0.000 01O000M000t
00504 GLU01A0243_002 f 0.00  0.000     0  0.00  0  0  -0.973   0.429   0.692   0.056   0.828   0.000 01O000M000t
00505 GLU02A0243_003 f 0.00  0.000     0  0.00  0  0  -0.633   0.423   3.412   0.125   0.232   0.000 02O000M000t
00506 GLU02A0243_004 f 0.00  0.000     0  0.00  0  0  -0.633   0.423   0.692   0.052   1.252   0.000 02O000M000t
00507 GLU-1A0243_005 f 0.00 -1.000     0  4.75  0 -1  -0.956   0.482   0.692  -0.311   2.006   0.000 -1O000M000t
00508 LEU01A0244_001 f 0.00  0.000     0  0.00  0  0   0.718  -3.375   1.129   0.000   0.000   0.000 01O000M000t
00509 MET01A0245_001 f 0.00  0.000     0  0.00  0  0   0.353  -5.102   1.846   0.081   0.098   0.000 01O000M000t
00510 ARG01A0246_001 f 0.00  0.000     0  0.00  0  0  -2.029  -4.564   0.819  -0.134   0.982   0.000 01O000M000t
00511 ARG02A0246_002 f 0.00  0.000     0  0.00  0  0  -2.083  -4.580   0.819  -0.264   2.264   0.000 02O000M000t
00512 ARG02A0246_003 f 0.00  0.000     0  0.00  0  0  -2.035  -4.568   0.819   0.022   1.931   0.000 02O000M000t
00513 ARG03A0246_004 f 0.00  0.000     0  0.00  0  0  -2.084  -4.583   0.819  -0.155   1.916   0.000 03O000M000t
00514 ARG+1A0246_005 f 0.00  1.000     0 12.50  0  1  -2.129  -4.591   0.819  -0.765   1.949   0.000 +1O000M000t
00515 ALA01A0247_001 f 0.00  0.000     0  0.00  0  0  -1.561  -1.711   0.000   0.000   0.000   0.000 01O000M000t
00516 CYS01A0248_001 f 0.00  0.000     0  0.00  0  0  -0.002  -3.331   0.591   0.060   0.954   0.000 01O000M000t
00517 CYS01A0248_002 f 0.00  0.000     0  0.00  0  0  -0.002  -3.359   0.591   0.017   0.723   0.000 01O000M000t
00518 CYS01A0248_003 f 0.00  0.000     0  0.00  0  0  -0.003  -3.338   0.591   0.263   0.908   0.000 01O000M000t
00519 CYS-1A0248_004 f 0.00 -1.000     0  9.10  0 -1   0.000  -3.261   0.591   1.747  13.428   0.000 -1O000M000t
00520 TRP01A0249_001 f 0.00  0.000     0  0.00  0  0   2.786 -11.265   0.044   0.000   0.000   0.000 01O000M000t
00521 GLN01A0250_001 f 0.00  0.000     0  0.00  0  0  -1.171  -4.990   0.943  -0.259   0.294   0.000 01O000M000t
00522 GLN01A0250_002 f 0.00  0.000     0  0.00  0  0  -0.802  -4.601   0.947   0.296   0.288   0.000 01R001M000t
00523 TRP01A0251_001 f 0.00  0.000     0  0.00  0  0  -1.814  -5.211   0.005   0.000   0.000   0.000 01O000M000t
00524 ASN01A0252_001 f 0.00  0.000     0  0.00  0  0  -2.040  -0.784   0.988  -1.990   0.507   0.000 01O000M000t
00525 ASN01A0252_002 f 0.00  0.000     0  0.00  0  0  -2.263   1.639   1.011   3.598   0.766   0.000 01R001M000t
00526 PRO01A0253_001 f 0.00  0.000     0  0.00  0  0  -1.921  -1.154   0.000   0.000   0.000   0.000 01O000M000t
00527 SER01A0254_001 f 0.00  0.000     0  0.00  0  0  -4.075  -0.270   0.708  -0.560  -0.286   0.000 01O000M000t
00528 SER01A0254_002 f 0.00  0.000     0  0.00  0  0  -4.075  -0.270   0.708   0.740   0.470   0.000 01O000M000t
00529 ASP01A0255_001 f 0.00  0.000     0  0.00  0  0  -2.378   0.393   2.908   0.505   0.108   0.000 01O000M000t
00530 ASP01A0255_002 f 0.00  0.000     0  0.00  0  0  -2.378   0.393   0.188   0.157   0.715   0.000 01O000M000t
00531 ASP02A0255_003 f 0.00  0.000     0  0.00  0  0  -2.254  -0.254   2.908   0.323   0.291   0.000 02O000M000t
00532 ASP02A0255_004 f 0.00  0.000     0  0.00  0  0  -2.254  -0.254   0.188   0.173   0.789   0.000 02O000M000t
00533 ASP-1A0255_005 f 0.00 -1.000     0  4.75  0 -1  -2.247  -0.185   0.188  -0.709   1.171   0.000 -1O000M000t
00534 ARG01A0256_001 f 0.00  0.000     0  0.00  0  0   1.411 -13.921   1.707   1.285   4.448   0.000 01O000M000t
00535 ARG02A0256_002 f 0.00  0.000     0  0.00  0  0   1.371 -13.761   1.707  -2.993   4.947   0.000 02O000M000t
00536 ARG02A0256_003 f 0.00  0.000     0  0.00  0  0   1.431 -13.730   1.707  -1.173   4.912   0.000 02O000M000t
00537 ARG03A0256_004 f 0.00  0.000     0  0.00  0  0   1.366 -13.779   1.707  -3.024   4.864   0.000 03O000M000t
00538 ARG03A0256_005 f 0.00  0.000     0  0.00  0  0   1.371 -13.657   1.707  -0.045   4.857   0.000 03O000M000t
00539 ARG+1A0256_006 f 0.00  1.000     0 12.50  0  1   1.328 -13.834   1.707  -7.150  11.299   0.000 +1O000M000t
00540 PRO01A0257_001 f 0.00  0.000     0  0.00  0  0  -0.781  -2.635   0.000   0.000   0.000   0.000 01O000M000t
00541 SER01A0258_001 f 0.00  0.000     0  0.00  0  0  -1.536  -0.439   0.569  -0.598   1.617   0.000 01O000M000t
00542 SER01A0258_002 f 0.00  0.000     0  0.00  0  0  -1.536  -0.439   0.569   3.394   1.663   0.000 01O000M000t
00543 SER01A0258_003 f 0.00  0.000     0  0.00  0  0  -1.536  -0.439   0.194  -2.586   0.681   0.000 01O000M000t
00544 PHE01A0259_001 f 0.00  0.000     0  0.00  0  0   4.479  -9.349   0.721   0.000   0.000   0.000 01O000M000t
00545 ALA01A0260_001 f 0.00  0.000     0  0.00  0  0  -2.521  -0.486   0.000   0.000   0.000   0.000 01O000M000t
00546 GLU01A0261_001 f 0.00  0.000     0  0.00  0  0  -1.778   4.861   3.991  -1.286  -0.209   0.000 01O000M000t
00547 GLU01A0261_002 f 0.00  0.000     0  0.00  0  0  -1.778   4.861   1.271  -1.394   0.820   0.000 01O000M000t
00548 GLU02A0261_003 f 0.00  0.000     0  0.00  0  0  -1.693   7.469   3.991   3.707   1.261   0.000 02O000M000t
00549 GLU02A0261_004 f 0.00  0.000     0  0.00  0  0  -1.693   7.469   1.271  -0.730   0.786   0.000 02O000M000t
00550 GLU-1A0261_005 f 0.00 -1.000     0  4.75  0 -1  -1.926   4.901   1.271  -3.057   1.286   0.000 -1O000M000t
00551 ILE01A0262_001 f 0.00  0.000     0  0.00  0  0   2.536   5.556   0.516   0.000   0.000   0.000 01O000M000t
00552 HIS01A0263_001 f 0.00  0.000     0  0.00  0  0  -2.476  -7.944   0.218   0.833   2.488   0.000 01O000M000t
00553 HIS01A0263_002 f 0.00  0.000     0  0.00  0  0  -2.290  -6.561   0.218   0.354   1.430   0.000 01R001M000t
00554 HIS02A0263_003 f 0.00  0.000     0  0.00  0  0  -2.493  -8.126   0.218  -0.195   1.610   0.000 02O000M000t
00555 HIS02A0263_004 f 0.00  0.000     0  0.00  0  0  -2.304  -6.558   0.218   0.319   1.762   0.000 02R001M000t
00556 HIS+1A0263_005 f 0.00  1.000     0  6.98  0  1  -2.520  -8.138   0.218   0.157   4.377   0.000 +1O000M000t
00557 HIS+1A0263_006 f 0.00  1.000     0  6.98  0  1  -2.330  -6.604   0.218   0.481   3.066   0.000 +1R001M000t
00558 GLN01A0264_001 f 0.00  0.000     0  0.00  0  0  -2.240  -2.064   2.578   0.155   0.028   0.000 01O000M000t
00559 GLN01A0264_002 f 0.00  0.000     0  0.00  0  0  -2.345  -2.431   2.585   0.409   0.086   0.000 01R001M000t
00560 ALA01A0265_001 f 0.00  0.000     0  0.00  0  0  -1.391  -1.275   0.000   0.000   0.000   0.000 01O000M000t
00561 PHE01A0266_001 f 0.00  0.000     0  0.00  0  0   4.455  -6.769   1.403   0.000   0.000   0.000 01O000M000t
00562 GLU01A0267_001 f 0.00  0.000     0  0.00  0  0  -0.686  -0.613   4.815   0.233   0.185   0.000 01O000M000t
00563 GLU01A0267_002 f 0.00  0.000     0  0.00  0  0  -0.686  -0.613   2.095   0.187   0.806   0.000 01O000M000t
00564 GLU02A0267_003 f 0.00  0.000     0  0.00  0  0  -0.735  -0.624   4.815   0.023   1.403   0.000 02O000M000t
00565 GLU02A0267_004 f 0.00  0.000     0  0.00  0  0  -0.735  -0.624   2.095   0.177   1.054   0.000 02O000M000t
00566 GLU-1A0267_005 f 0.00 -1.000     0  4.75  0 -1  -0.861  -0.569   2.095  -0.241   2.466   0.000 -1O000M000t
00567 THR01A0268_001 f 0.00  0.000     0  0.00  0  0  -4.357  -0.789   0.453  -0.042   0.306   0.000 01O000M000t
00568 THR01A0268_002 f 0.00  0.000     0  0.00  0  0  -4.357  -0.789   0.453  -1.049   1.368   0.000 01O000M000t
00569 MET01A0269_001 f 0.00  0.000     0  0.00  0  0  -1.206  -4.112   0.372   0.019   0.071   0.000 01O000M000t
00570 PHE01A0270_001 f 0.00  0.000     0  0.00  0  0   1.669  -5.918   0.162   0.000   0.000   0.000 01O000M000t
00571 GLN01A0271_001 f 0.00  0.000     0  0.00  0  0  -1.327  -1.010   0.279  -0.053   0.428   0.000 01O000M000t
00572 GLN01A0271_002 f 0.00  0.000     0  0.00  0  0  -0.602  -0.411   0.279   0.174   0.302   0.000 01R001M000t
00573 GLU01A0272_001 f 0.00  0.000     0  0.00  0  0  -2.585   7.250   6.643   0.225  -0.479   0.000 01O000M000t
00574 GLU01A0272_002 f 0.00  0.000     0  0.00  0  0  -2.585   7.250   3.923   0.240   0.886   0.000 01O000M000t
00575 GLU02A0272_003 f 0.00  0.000     0  0.00  0  0  -2.735   7.291   6.643  -0.554   0.279   0.000 02O000M000t
00576 GLU02A0272_004 f 0.00  0.000     0  0.00  0  0  -2.735   7.291   3.923   0.189   0.768   0.000 02O000M000t
00577 GLU-1A0272_005 f 0.00 -1.000     0  4.75  0 -1  -2.727   7.280   3.923  -0.033   0.132   0.000 -1O000M000t
00578 SER01A0273_001 f 0.00  0.000     0  0.00  0  0  -0.757  -2.799   0.399   0.181   0.985   0.000 01O000M000t
00579 SER01A0274_001 f 0.00  0.000     0  0.00  0  0  -1.435  -0.118   1.143  -0.103   1.255   0.000 01O000M000t
00580 SER01A0274_002 f 0.00  0.000     0  0.00  0  0  -1.435  -0.118   1.143  -1.116   1.629   0.000 01O000M000t
00581 ILE01A0275_001 f 0.00  0.000     0  0.00  0  0  -5.371   0.119   0.562   0.000   0.000   0.000 01O000M000t
00582 SER01A0276_001 f 0.00  0.000     0  0.00  0  0  -3.805  -0.967   3.163  -0.204  -0.454   0.000 01O000M000t
00583 SER01A0276_002 f 0.00  0.000     0  0.00  0  0  -3.805  -0.967   2.788  -0.331  -0.164   0.000 01O000M000t
00584 ASP01A0277_001 f 0.00  0.000     0  0.00  0  0  -0.334  -3.297   3.601   0.953   0.328   0.000 01O000M000t
00585 ASP01A0277_002 f 0.00  0.000     0  0.00  0  0  -0.334  -3.297   0.881   0.418   0.740   0.000 01O000M000t
00586 ASP02A0277_003 f 0.00  0.000     0  0.00  0  0  -0.404  -3.221   3.601   0.786  -0.010   0.000 02O000M000t
00587 ASP02A0277_004 f 0.00  0.000     0  0.00  0  0  -0.404  -3.221   0.881   0.373   1.328   0.000 02O000M000t
00588 ASP-1A0277_005 f 0.00 -1.000     0  4.75  0 -1  -0.396  -3.253   0.881  -0.892   2.650   0.000 -1O000M000t
00589 GLU01A0278_001 f 0.00  0.000     0  0.00  0  0  -2.405  -1.448   4.341   0.052   0.015   0.000 01O000M000t
00590 GLU01A0278_002 f 0.00  0.000     0  0.00  0  0  -2.405  -1.448   1.621   0.022   1.283   0.000 01O000M000t
00591 GLU02A0278_003 f 0.00  0.000     0  0.00  0  0  -2.509  -1.306   4.341   0.374   0.365   0.000 02O000M000t
00592 GLU02A0278_004 f 0.00  0.000     0  0.00  0  0  -2.509  -1.306   1.621   0.095   1.247   0.000 02O000M000t
00593 GLU-1A0278_005 f 0.00 -1.000     0  4.75  0 -1  -2.367  -1.409   1.621  -0.325   1.885   0.000 -1O000M000t
00594 VAL01A0279_001 f 0.00  0.000     0  0.00  0  0  -4.099   4.848   0.640   0.000   0.000   0.000 01O000M000t
00595 GLU01A0280_001 f 0.00  0.000     0  0.00  0  0  -2.647  -0.637   3.901   0.403  -0.127   0.000 01O000M000t
00596 GLU01A0280_002 f 0.00  0.000     0  0.00  0  0  -2.647  -0.637   1.181   0.399   0.985   0.000 01O000M000t
00597 GLU02A0280_003 f 0.00  0.000     0  0.00  0  0  -2.739   0.084   3.901  -1.311   0.404   0.000 02O000M000t
00598 GLU02A0280_004 f 0.00  0.000     0  0.00  0  0  -2.739   0.084   1.181   0.352   0.893   0.000 02O000M000t
00599 GLU-1A0280_005 f 0.00 -1.000     0  4.75  0 -1  -2.718  -0.598   1.181   0.363   1.034   0.000 -1O000M000t
00600 LYS01A0281_001 f 0.00  0.000     0  0.00  0  0  -3.941   0.520   3.479  -0.008   0.010   0.000 01O000M000t
00601 LYS+1A0281_002 f 0.00  1.000     0 10.40  0  1  -3.990   0.513   3.479   0.041   0.927   0.000 +1O000M000t
00602 GLU01A0282_001 f 0.00  0.000     0  0.00  0  0  -2.641   0.613   3.925   0.114  -0.597   0.000 01O000M000t
00603 GLU01A0282_002 f 0.00  0.000     0  0.00  0  0  -2.641   0.613   1.205   0.087   0.611   0.000 01O000M000t
00604 GLU02A0282_003 f 0.00  0.000     0  0.00  0  0  -2.459   0.919   3.925   0.514  -0.431   0.000 02O000M000t
00605 GLU02A0282_004 f 0.00  0.000     0  0.00  0  0  -2.459   0.919   1.205   0.082   0.313   0.000 02O000M000t
00606 GLU-1A0282_005 f 0.00 -1.000     0  4.75  0 -1  -2.615   0.639   1.205  -0.076   0.081   0.000 -1O000M000t
00607 LEU01A0283_001 f 0.00  0.000     0  0.00  0  0  -4.922   0.500   0.562   0.000   0.000   0.000 01O000M000t
00608 0LI11B0001_001 f 0.00  1.004     0  0.00  0  0 000.000 167.728   0.000  -2.865   8.407   0.316 11O000M000t
00609 0LI11B0001_002 f 0.00  1.004     0  0.00  0  0 000.000 167.770   0.000  -2.600   8.921   0.316 11O000M000t
00610 0LI12B0001_003 f 0.00  1.002     0  0.00  0  0 000.000 192.320   0.000  -6.811   8.375   0.573 12O000M000t
00611 0LI12B0001_004 f 0.00  1.002     0  0.00  0  0 000.000 192.362   0.000  -6.553   8.708   0.573 12O000M000t
00612 0LI01B0001_005 f 0.00 -0.002     0  0.00  0  0 000.000 167.794   0.000  -3.197   6.830   2.030 01O000M000t
00613 0LI01B0001_006 f 0.00 -0.002     0  0.00  0  0 000.000 167.836   0.000  -2.964   7.074   2.030 01O000M000t
00614 0LIDMB0001_007 t 0.00  0.000     0  0.00  0  0   0.000   0.000   0.000   0.000   0.000   0.000         DMt
