 ph         7.4   7.4   7.4   7.4   7.4
NTR A0001  0.83  0.83  0.83  0.83  0.83
GLU A0001 -1.00 -1.00 -1.00 -1.00 -1.00
ARG A0009  1.00  1.00  1.00  1.00  1.00
LYS A0012  1.00  1.00  1.00  1.00  1.00
GLU A0013 -1.00 -1.00 -1.00 -1.00 -0.99
GLU A0015 -0.27 -0.27 -0.27 -0.27 -0.27
LYS A0017  1.00  1.00  1.00  1.00  1.00
LYS A0018  1.00  1.00  1.00  1.00  1.00
LYS A0020  0.98  0.98  0.98  0.98  0.98
TYR A0031 -0.00  0.00 -0.00 -0.00  0.00
LYS A0032  1.00  1.00  1.00  1.00  1.00
GLU A0038 -0.99 -0.99 -0.99 -0.99 -1.00
GLU A0040 -0.98 -0.98 -0.98 -0.98 -0.98
LYS A0041  1.00  1.00  1.00  1.00  1.00
LYS A0043  0.99  0.99  0.99  0.99  0.99
LYS A0049  1.00  1.00  1.00  1.00  1.00
GLU A0050 -0.95 -0.95 -0.95 -0.95 -0.95
ARG A0052  1.00  1.00  1.00  1.00  1.00
GLU A0053 -0.99 -1.00 -1.00 -1.00 -0.99
LYS A0058  1.00  1.00  1.00  1.00  1.00
LYS A0061  1.00  1.00  1.00  1.00  1.00
GLU A0062 -0.99 -0.99 -0.99 -0.99 -0.99
ASP A0065 -1.00 -1.00 -1.00 -0.99 -1.00
GLU A0066 -1.00 -1.00 -1.00 -1.00 -1.00
TYR A0068 -0.00 -0.00 -0.00 -0.00 -0.00
ASP A0074 -1.00 -1.00 -1.00 -1.00 -1.00
HIS A0077  0.00  0.00  0.00  0.00  0.00
CYS A0079  0.00  0.00  0.00  0.00  0.00
ARG A0080  1.00  1.00  1.00  1.00  1.00
CYS A0085  0.00  0.00  0.00  0.00  0.00
CYS A0101 -0.00 -0.00 -0.00 -0.00 -0.00
ASP A0104 -1.00 -1.00 -1.00 -1.00 -1.00
TYR A0105  0.00  0.00  0.00  0.00  0.00
ARG A0107  1.00  1.00  1.00  1.00  1.00
GLU A0108 -1.00 -1.00 -1.00 -1.00 -1.00
HIS A0109  0.85  0.85  0.85  0.85  0.85
LYS A0110  1.00  1.00  1.00  1.00  1.00
ASP A0111 -1.00 -1.00 -1.00 -1.00 -1.00
TYR A0117 -0.00 -0.00 -0.00 -0.00 -0.00
CYS A0122  0.00  0.00  0.00  0.00  0.00
LYS A0127  1.00  1.00  1.00  1.00  1.00
TYR A0131 -0.00 -0.00  0.00 -0.00 -0.00
GLU A0133 -1.00 -1.00 -1.00 -1.00 -1.00
ASP A0134 -1.00 -1.00 -1.00 -1.00 -1.00
ARG A0135  1.00  1.00  1.00  1.00  1.00
ARG A0136  1.00  1.00  1.00  1.00  1.00
HIS A0139  0.00  0.00  0.00  0.00  0.00
ARG A0140  1.00  1.00  1.00  1.00  1.00
ASP A0141 -0.23 -0.23 -0.23 -0.23 -0.23
ARG A0145  1.00  1.00  1.00  1.00  1.00
LYS A0150  1.00  1.00  1.00  1.00  1.00
HIS A0154  0.00  0.00  0.00  0.00  0.00
LYS A0156  1.00  1.00  1.00  1.00  1.00
ASP A0159 -0.90 -0.90 -0.90 -0.90 -0.91
ARG A0162  1.00  1.00  1.00  1.00  1.00
LYS A0164  1.00  1.00  1.00  1.00  1.00
GLU A0169 -0.53 -0.52 -0.52 -0.53 -0.53
GLU A0170 -1.00 -1.00 -1.00 -1.00 -1.00
LYS A0171  1.00  1.00  1.00  1.00  1.00
GLU A0172 -0.99 -0.99 -0.99 -0.99 -0.99
TYR A0173 -0.01 -0.01 -0.01 -0.01 -0.01
HIS A0174  0.04  0.04  0.04  0.04  0.04
GLU A0176 -0.71 -0.71 -0.71 -0.71 -0.71
LYS A0179  0.94  0.94  0.94  0.94  0.94
LYS A0183  0.91  0.91  0.91  0.91  0.91
GLU A0188 -1.00 -1.00 -1.00 -1.00 -1.00
HIS A0192  0.53  0.53  0.53  0.53  0.53
ARG A0193  1.00  1.00  1.00  1.00  1.00
TYR A0195 -0.00 -0.00 -0.00 -0.00 -0.00
HIS A0197  0.17  0.17  0.17  0.17  0.17
ASP A0200 -0.99 -0.99 -0.99 -0.99 -0.99
TYR A0204  0.00  0.00  0.00  0.00  0.00
GLU A0210 -0.99 -0.99 -0.99 -0.99 -0.99
LYS A0217  1.00  1.00  1.00  1.00  1.00
TYR A0219  0.00  0.00  0.00  0.00  0.00
ASP A0220 -1.00 -1.00 -1.00 -1.00 -1.00
GLU A0226 -1.00 -1.00 -1.00 -1.00 -1.00
GLU A0232 -0.98 -0.98 -0.98 -0.98 -0.98
LYS A0233  1.00  1.00  1.00  1.00  1.00
GLU A0235 -1.00 -1.00 -1.00 -1.00 -1.00
ARG A0236  1.00  1.00  1.00  1.00  1.00
CYS A0243  0.00  0.00  0.00  0.00  0.00
ASP A0246 -1.00 -1.00 -1.00 -1.00 -1.00
TYR A0248  0.00  0.00  0.00  0.00  0.00
LYS A0253  1.00  1.00  1.00  1.00  1.00
CYS A0254  0.00  0.00  0.00  0.00  0.00
ASP A0258 -1.00 -1.00 -1.00 -1.00 -1.00
ASP A0260 -1.00 -1.00 -1.00 -1.00 -1.00
ARG A0262  1.00  1.00  1.00  1.00  1.00
LYS A0264  1.00  1.00  1.00  1.00  1.00
ARG A0266  1.00  1.00  1.00  1.00  1.00
GLU A0267 -1.00 -1.00 -1.00 -1.00 -1.00
GLU A0271 -1.00 -1.00 -1.00 -1.00 -1.00
LYS A0274  1.00  1.00  1.00  1.00  1.00
ARG A0277  1.00  1.00  1.00  1.00  1.00
ASP A0278 -1.00 -1.00 -1.00 -1.00 -1.00
ARG A0281  1.00  1.00  1.00  1.00  1.00
TYR A0282 -0.00 -0.00 -0.00 -0.00 -0.00
ASP A0288 -0.98 -0.98 -0.98 -0.98 -0.98
GLU A0289 -1.00 -1.00 -1.00 -1.00 -1.00
ARG A0290  1.00  1.00  1.00  1.00  1.00
HIS A0292  0.52  0.52  0.52  0.52  0.52
ASP A0298 -1.00 -1.00 -1.00 -1.00 -1.00
TYR A0302 -0.00 -0.00 -0.00 -0.00 -0.00
ARG A0303  1.00  1.00  1.00  1.00  1.00
ASP A0307 -1.00 -1.00 -1.00 -1.00 -1.00
GLU A0308 -1.00 -1.00 -1.00 -1.00 -1.00
GLU A0309 -1.00 -1.00 -1.00 -1.00 -1.00
ASP A0310 -1.00 -1.00 -1.00 -1.00 -1.00
ASP A0312 -0.97 -0.97 -0.97 -0.97 -0.97
ASP A0313 -0.97 -0.97 -0.97 -0.97 -0.97
ASP A0316 -1.00 -1.00 -1.00 -1.00 -1.00
ASP A0318 -1.00 -1.00 -1.00 -1.00 -1.00
GLU A0319 -1.00 -1.00 -1.00 -1.00 -1.00
TYR A0320  0.00  0.00  0.00  0.00 -0.00
CTR A0324 -1.00 -1.00 -1.00 -1.00 -1.00

Tot Protn  -2.7  -2.7  -2.7  -2.7  -2.7
Tot Elec    0.0   0.0   0.0   0.0   0.0
Net crg    -2.9  -2.9  -2.9  -2.9  -2.9
