iConf CONFORMER     FL  occ    crg   Em0  pKa0 ne nH    vdw0    vdw1    tors    epol   dsolv   extra    history
00001 LEU01A0001_001 f 0.00  0.000     0  0.00  0  0   0.028  -2.862   2.792   0.000   0.000   0.000 01O000M000t
00002 ASP01A0002_001 f 0.00  0.000     0  0.00  0  0  -3.445   2.675   3.639   1.308  -0.048   0.000 01O000M000t
00003 ASP01A0002_002 f 0.00  0.000     0  0.00  0  0  -3.445   2.675   0.919   0.092   0.447   0.000 01O000M000t
00004 ASP02A0002_003 f 0.00  0.000     0  0.00  0  0  -3.254   2.009   3.639  -0.104  -0.426   0.000 02O000M000t
00005 ASP02A0002_004 f 0.00  0.000     0  0.00  0  0  -3.254   2.009   0.919  -0.080   0.734   0.000 02O000M000t
00006 ASP-1A0002_005 f 0.00 -1.000     0  4.75  0 -1  -3.394   2.053   0.919  -0.743   0.375   0.000 -1O000M000t
00007 LEU01A0003_001 f 0.00  0.000     0  0.00  0  0   0.829  -0.590   2.670   0.000   0.000   0.000 01O000M000t
00008 PRO01A0004_001 f 0.00  0.000     0  0.00  0  0  -5.036  -1.040   0.000   0.000   0.000   0.000 01O000M000t
00009 LEU01A0005_001 f 0.00  0.000     0  0.00  0  0  -3.314  -1.906   1.224   0.000   0.000   0.000 01O000M000t
00010 ASP01A0006_001 f 0.00  0.000     0  0.00  0  0  -1.420  -1.199   2.936   3.783   1.325   0.000 01O000M000t
00011 ASP01A0006_002 f 0.00  0.000     0  0.00  0  0  -1.420  -1.199   0.216  -0.171   1.198   0.000 01O000M000t
00012 ASP02A0006_003 f 0.00  0.000     0  0.00  0  0  -1.332  -1.576   2.936  -0.757   0.735   0.000 02O000M000t
00013 ASP02A0006_004 f 0.00  0.000     0  0.00  0  0  -1.332  -1.576   0.216  -0.898   1.486   0.000 02O000M000t
00014 ASP-1A0006_005 f 0.00 -1.000     0  4.75  0 -1  -1.361  -1.525   0.216  -3.440   3.626   0.000 -1O000M000t
00015 PRO01A0007_001 f 0.00  0.000     0  0.00  0  0  -5.538  -1.283   0.000   0.000   0.000   0.000 01O000M000t
00016 LEU01A0008_001 f 0.00  0.000     0  0.00  0  0  -6.213   1.610   0.526   0.000   0.000   0.000 01O000M000t
00017 TRP01A0009_001 f 0.00  0.000     0  0.00  0  0  -0.211  -7.720   0.284   0.000   0.000   0.000 01O000M000t
00018 GLU01A0010_001 f 0.00  0.000     0  0.00  0  0   0.696  -7.700   3.576  -0.580   1.891   0.000 01O000M000t
00019 GLU01A0010_002 f 0.00  0.000     0  0.00  0  0   0.696  -7.700   0.856   0.969   2.425   0.000 01O000M000t
00020 GLU02A0010_003 f 0.00  0.000     0  0.00  0  0   0.422  -7.685   3.576  -1.485   1.147   0.000 02O000M000t
00021 GLU02A0010_004 f 0.00  0.000     0  0.00  0  0   0.422  -7.685   0.856   2.305   2.581   0.000 02O000M000t
00022 GLU-1A0010_005 f 0.00 -1.000     0  4.75  0 -1   0.424  -7.620   0.856  -5.162   8.375   0.000 -1O000M000t
00023 PHE01A0011_001 f 0.00  0.000     0  0.00  0  0   3.299 -10.272   0.007   0.000   0.000   0.000 01O000M000t
00024 PRO01A0012_001 f 0.00  0.000     0  0.00  0  0  -3.943  -1.027   0.000   0.000   0.000   0.000 01O000M000t
00025 ARG01A0013_001 f 0.00  0.000     0  0.00  0  0   0.038  -6.630   0.526  -2.891   3.106   0.000 01O000M000t
00026 ARG02A0013_002 f 0.00  0.000     0  0.00  0  0   0.018  -6.763   0.526  -1.120   4.207   0.000 02O000M000t
00027 ARG02A0013_003 f 0.00  0.000     0  0.00  0  0   0.103  -6.720   0.526  -3.614   4.194   0.000 02O000M000t
00028 ARG03A0013_004 f 0.00  0.000     0  0.00  0  0   0.008  -6.607   0.526  -0.682   4.172   0.000 03O000M000t
00029 ARG+1A0013_005 f 0.00  1.000     0 12.50  0  1  -0.033  -6.756   0.526  -5.512   4.638   0.000 +1O000M000t
00030 ASP01A0014_001 f 0.00  0.000     0  0.00  0  0  -2.853  -0.528   3.469   0.439  -0.451   0.000 01O000M000t
00031 ASP01A0014_002 f 0.00  0.000     0  0.00  0  0  -2.853  -0.528   0.749   0.277   0.509   0.000 01O000M000t
00032 ASP02A0014_003 f 0.00  0.000     0  0.00  0  0  -2.764  -0.773   3.469   0.646  -0.313   0.000 02O000M000t
00033 ASP02A0014_004 f 0.00  0.000     0  0.00  0  0  -2.764  -0.773   0.749   0.370   0.593   0.000 02O000M000t
00034 ASP-1A0014_005 f 0.00 -1.000     0  4.75  0 -1  -2.811  -0.741   0.749  -0.589   0.498   0.000 -1O000M000t
00035 ARG01A0015_001 f 0.00  0.000     0  0.00  0  0  -1.959  -0.975   1.066  -2.388   1.316   0.000 01O000M000t
00036 ARG02A0015_002 f 0.00  0.000     0  0.00  0  0  -1.971  -1.121   1.066  -0.577   2.306   0.000 02O000M000t
00037 ARG02A0015_003 f 0.00  0.000     0  0.00  0  0  -1.867  -0.963   1.066  -0.256   2.007   0.000 02O000M000t
00038 ARG03A0015_004 f 0.00  0.000     0  0.00  0  0  -1.981  -0.961   1.066  -2.113   2.185   0.000 03O000M000t
00039 ARG+1A0015_005 f 0.00  1.000     0 12.50  0  1  -2.020  -0.985   1.066  -3.747   2.669   0.000 +1O000M000t
00040 LEU01A0016_001 f 0.00  0.000     0  0.00  0  0   2.241  -2.614   2.674   0.000   0.000   0.000 01O000M000t
00041 VAL01A0017_001 f 0.00  0.000     0  0.00  0  0  -4.081  -1.363   0.000   0.000   0.000   0.000 01O000M000t
00042 LEU01A0018_001 f 0.00  0.000     0  0.00  0  0  -1.387  -2.411   0.486   0.000   0.000   0.000 01O000M000t
00043 LYS01A0020_001 f 0.00  0.000     0  0.00  0  0  -6.021  -1.846   2.680   0.020   0.195   0.000 01O000M000t
00044 LYS+1A0020_002 f 0.00  1.000     0 10.40  0  1  -6.083  -1.863   2.680  -0.141   0.379   0.000 +1O000M000t
00045 PRO01A0021_001 f 0.00  0.000     0  0.00  0  0  -5.000  -0.414   0.000   0.000   0.000   0.000 01O000M000t
00046 LEU01A0022_001 f 0.00  0.000     0  0.00  0  0   0.929  -5.794   0.756   0.000   0.000   0.000 01O000M000t
00047 GLU01A0024_001 f 0.00  0.000     0  0.00  0  0  -1.793  -1.619   3.279   0.186  -0.114   0.000 01O000M000t
00048 GLU01A0024_002 f 0.00  0.000     0  0.00  0  0  -1.793  -1.619   0.559   0.046   0.540   0.000 01O000M000t
00049 GLU02A0024_003 f 0.00  0.000     0  0.00  0  0  -2.195  -1.610   3.279   0.173  -0.498   0.000 02O000M000t
00050 GLU02A0024_004 f 0.00  0.000     0  0.00  0  0  -2.195  -1.610   0.559   0.071   0.478   0.000 02O000M000t
00051 GLU-1A0024_005 f 0.00 -1.000     0  4.75  0 -1  -2.047  -1.590   0.559  -0.358   0.299   0.000 -1O000M000t
00052 ALA01A0026_001 f 0.00  0.000     0  0.00  0  0  -0.892  -1.536   0.000   0.000   0.000   0.000 01O000M000t
00053 PHE01A0027_001 f 0.00  0.000     0  0.00  0  0   2.924  -7.882   0.002   0.000   0.000   0.000 01O000M000t
00054 GLN01A0029_001 f 0.00  0.000     0  0.00  0  0   0.044  -6.049   0.649  -1.036   0.788   0.000 01O000M000t
00055 GLN01A0029_002 f 0.00  0.000     0  0.00  0  0   0.425  -6.429   0.615   0.372   0.584   0.000 01R001M000t
00056 VAL01A0030_001 f 0.00  0.000     0  0.00  0  0   0.577  -3.132   0.003   0.000   0.000   0.000 01O000M000t
00057 VAL01A0031_001 f 0.00  0.000     0  0.00  0  0   0.074  -4.222   0.500   0.000   0.000   0.000 01O000M000t
00058 ARG01A0032_001 f 0.00  0.000     0  0.00  0  0  -4.536  -4.525   0.779  -0.033   0.694   0.000 01O000M000t
00059 ARG02A0032_002 f 0.00  0.000     0  0.00  0  0  -4.548  -4.549   0.779   0.123   1.395   0.000 02O000M000t
00060 ARG03A0032_003 f 0.00  0.000     0  0.00  0  0  -4.608  -4.545   0.779   0.032   1.305   0.000 03O000M000t
00061 ARG+1A0032_004 f 0.00  1.000     0 12.50  0  1  -4.652  -4.556   0.779   0.424   1.386   0.000 +1O000M000t
00062 ALA01A0033_001 f 0.00  0.000     0  0.00  0  0   0.000  -2.176   0.000   0.000   0.000   0.000 01O000M000t
00063 GLU01A0034_001 f 0.00  0.000     0  0.00  0  0  -1.110  -2.534   3.604   0.213   0.556   0.000 01O000M000t
00064 GLU01A0034_002 f 0.00  0.000     0  0.00  0  0  -1.110  -2.534   0.884   0.055   0.691   0.000 01O000M000t
00065 GLU02A0034_003 f 0.00  0.000     0  0.00  0  0  -1.545  -2.528   3.604   0.076  -0.296   0.000 02O000M000t
00066 GLU02A0034_004 f 0.00  0.000     0  0.00  0  0  -1.545  -2.528   0.884   0.035   0.752   0.000 02O000M000t
00067 GLU-1A0034_005 f 0.00 -1.000     0  4.75  0 -1  -1.385  -2.496   0.884  -0.156   1.158   0.000 -1O000M000t
00068 ALA01A0035_001 f 0.00  0.000     0  0.00  0  0   0.000  -1.796   0.000   0.000   0.000   0.000 01O000M000t
00069 PHE01A0036_001 f 0.00  0.000     0  0.00  0  0   0.294  -8.189   0.042   0.000   0.000   0.000 01O000M000t
00070 MET01A0038_001 f 0.00  0.000     0  0.00  0  0  -1.129  -3.637   0.461   0.128   0.068   0.000 01O000M000t
00071 ASP01A0039_001 f 0.00  0.000     0  0.00  0  0  -1.976  -1.942   2.794   2.558   1.327   0.000 01O000M000t
00072 ASP01A0039_002 f 0.00  0.000     0  0.00  0  0  -1.976  -1.942   0.074  -0.031   1.302   0.000 01O000M000t
00073 ASP02A0039_003 f 0.00  0.000     0  0.00  0  0  -1.926  -2.457   2.794  -0.951   0.537   0.000 02O000M000t
00074 ASP02A0039_004 f 0.00  0.000     0  0.00  0  0  -1.926  -2.457   0.074  -0.839   1.716   0.000 02O000M000t
00075 ASP-1A0039_005 f 0.00 -1.000     0  4.75  0 -1  -1.970  -2.384   0.074  -3.994   3.869   0.000 -1O000M000t
00076 PRO01A0040_001 f 0.00  0.000     0  0.00  0  0  -6.993  -2.101   0.000   0.000   0.000   0.000 01O000M000t
00077 ALA01A0041_001 f 0.00  0.000     0  0.00  0  0  -3.226  -0.470   0.000   0.000   0.000   0.000 01O000M000t
00078 ARG01A0042_001 f 0.00  0.000     0  0.00  0  0  -6.895  -1.320   0.850   0.240   0.455   0.000 01O000M000t
00079 ARG02A0042_002 f 0.00  0.000     0  0.00  0  0  -6.912  -1.320   0.850   0.252   1.581   0.000 02O000M000t
00080 ARG02A0042_003 f 0.00  0.000     0  0.00  0  0  -6.831  -1.308   0.850  -0.030   0.865   0.000 02O000M000t
00081 ARG03A0042_004 f 0.00  0.000     0  0.00  0  0  -6.916  -1.323   0.850   0.258   1.381   0.000 03O000M000t
00082 ARG+1A0042_005 f 0.00  1.000     0 12.50  0  1  -6.958  -1.323   0.850   0.560   0.923   0.000 +1O000M000t
00083 PRO01A0043_001 f 0.00  0.000     0  0.00  0  0  -3.970  -3.222   0.000   0.000   0.000   0.000 01O000M000t
00084 ASP01A0044_001 f 0.00  0.000     0  0.00  0  0  -3.109  -0.108   3.547   0.280  -0.109   0.000 01O000M000t
00085 ASP01A0044_002 f 0.00  0.000     0  0.00  0  0  -3.109  -0.108   0.827   0.215   0.525   0.000 01O000M000t
00086 ASP02A0044_003 f 0.00  0.000     0  0.00  0  0  -3.197  -0.394   3.547   0.392  -0.423   0.000 02O000M000t
00087 ASP02A0044_004 f 0.00  0.000     0  0.00  0  0  -3.197  -0.394   0.827   0.279   0.758   0.000 02O000M000t
00088 ASP-1A0044_005 f 0.00 -1.000     0  4.75  0 -1  -3.099  -0.356   0.827  -0.114   0.468   0.000 -1O000M000t
00089 GLN01A0045_001 f 0.00  0.000     0  0.00  0  0  -2.914  -4.321   1.133   0.164   0.336   0.000 01O000M000t
00090 GLN01A0045_002 f 0.00  0.000     0  0.00  0  0  -2.955  -4.281   1.129  -0.239   0.202   0.000 01R001M000t
00091 ALA01A0046_001 f 0.00  0.000     0  0.00  0  0  -2.176  -0.776   0.000   0.000   0.000   0.000 01O000M000t
00092 SER01A0047_001 f 0.00  0.000     0  0.00  0  0  -1.867  -2.075   0.410  -0.685   1.515   0.000 01O000M000t
00093 THR01A0048_001 f 0.00  0.000     0  0.00  0  0  -3.074  -1.920   0.396  -0.150   0.117   0.000 01O000M000t
00094 VAL01A0049_001 f 0.00  0.000     0  0.00  0  0   0.497  -4.211   0.031   0.000   0.000   0.000 01O000M000t
00095 ALA01A0050_001 f 0.00  0.000     0  0.00  0  0   0.000  -2.053   0.000   0.000   0.000   0.000 01O000M000t
00096 VAL01A0051_001 f 0.00  0.000     0  0.00  0  0   0.560  -3.795   0.043   0.000   0.000   0.000 01O000M000t
00097 LYS01A0052_001 f 0.00  0.000     0  0.00  0  0   0.670  -6.368   1.253  -0.239   0.815   0.000 01O000M000t
00098 LYS+1A0052_002 f 0.00  1.000     0 10.40  0  1   0.626  -6.392   1.253   1.676   5.946   0.000 +1O000M000t
00099 MET01A0053_001 f 0.00  0.000     0  0.00  0  0  -0.696  -3.455   0.210   0.035   0.063   0.000 01O000M000t
00100 LEU01A0054_001 f 0.00  0.000     0  0.00  0  0  -0.310  -3.179   0.855   0.000   0.000   0.000 01O000M000t
00101 LYS01A0055_001 f 0.00  0.000     0  0.00  0  0  -0.940  -0.354   2.925  -0.057   0.274   0.000 01O000M000t
00102 LYS+1A0055_002 f 0.00  1.000     0 10.40  0  1  -1.001  -0.441   2.925  -0.802   2.737   0.000 +1O000M000t
00103 ASP01A0056_001 f 0.00  0.000     0  0.00  0  0  -3.140   1.338   5.334   0.590  -0.162   0.000 01O000M000t
00104 ASP01A0056_002 f 0.00  0.000     0  0.00  0  0  -3.140   1.338   2.614   0.258   0.460   0.000 01O000M000t
00105 ASP02A0056_003 f 0.00  0.000     0  0.00  0  0  -2.979   0.876   5.334   0.315  -0.631   0.000 02O000M000t
00106 ASP02A0056_004 f 0.00  0.000     0  0.00  0  0  -2.979   0.876   2.614   0.255   0.493   0.000 02O000M000t
00107 ASP-1A0056_005 f 0.00 -1.000     0  4.75  0 -1  -2.942   0.905   2.614  -0.511   0.132   0.000 -1O000M000t
00108 ASN01A0057_001 f 0.00  0.000     0  0.00  0  0  -3.597   0.336   1.181   0.105   0.052   0.000 01O000M000t
00109 ASN01A0057_002 f 0.00  0.000     0  0.00  0  0  -3.508   0.336   1.171   0.127  -0.010   0.000 01R001M000t
00110 ALA01A0058_001 f 0.00  0.000     0  0.00  0  0  -0.670  -1.370   0.000   0.000   0.000   0.000 01O000M000t
00111 SER01A0059_001 f 0.00  0.000     0  0.00  0  0  -3.421  -0.427   0.429  -0.201   0.799   0.000 01O000M000t
00112 SER01A0059_002 f 0.00  0.000     0  0.00  0  0  -3.421  -0.427   0.429   2.405   1.400   0.000 01O000M000t
00113 ASP01A0060_001 f 0.00  0.000     0  0.00  0  0  -3.343  -1.093   3.574   0.444  -0.446   0.000 01O000M000t
00114 ASP01A0060_002 f 0.00  0.000     0  0.00  0  0  -3.343  -1.093   0.854   0.257   0.447   0.000 01O000M000t
00115 ASP02A0060_003 f 0.00  0.000     0  0.00  0  0  -3.166  -1.205   3.574   0.476  -0.390   0.000 02O000M000t
00116 ASP02A0060_004 f 0.00  0.000     0  0.00  0  0  -3.166  -1.205   0.854   0.260   0.702   0.000 02O000M000t
00117 ASP-1A0060_005 f 0.00 -1.000     0  4.75  0 -1  -3.212  -1.184   0.854  -0.654   0.176   0.000 -1O000M000t
00118 LYS01A0061_001 f 0.00  0.000     0  0.00  0  0  -5.268  -1.565   1.248  -0.017   0.322   0.000 01O000M000t
00119 LYS+1A0061_002 f 0.00  1.000     0 10.40  0  1  -5.353  -1.578   1.248   0.071   2.229   0.000 +1O000M000t
00120 ASP01A0062_001 f 0.00  0.000     0  0.00  0  0  -0.508  -4.751   3.017   0.908   0.955   0.000 01O000M000t
00121 ASP01A0062_002 f 0.00  0.000     0  0.00  0  0  -0.508  -4.751   0.297  -0.050   0.771   0.000 01O000M000t
00122 ASP02A0062_003 f 0.00  0.000     0  0.00  0  0  -0.544  -4.985   3.017   2.160   1.537   0.000 02O000M000t
00123 ASP02A0062_004 f 0.00  0.000     0  0.00  0  0  -0.544  -4.985   0.297   0.072   1.082   0.000 02O000M000t
00124 ASP-1A0062_005 f 0.00 -1.000     0  4.75  0 -1  -0.571  -4.948   0.297  -2.500   2.915   0.000 -1O000M000t
00125 LEU01A0063_001 f 0.00  0.000     0  0.00  0  0  -1.112  -3.517   0.464   0.000   0.000   0.000 01O000M000t
00126 ALA01A0064_001 f 0.00  0.000     0  0.00  0  0  -2.643  -0.889   0.000   0.000   0.000   0.000 01O000M000t
00127 ASP01A0065_001 f 0.00  0.000     0  0.00  0  0  -0.753  -2.318   3.765   0.548   0.286   0.000 01O000M000t
00128 ASP01A0065_002 f 0.00  0.000     0  0.00  0  0  -0.753  -2.318   1.045   0.306   1.219   0.000 01O000M000t
00129 ASP02A0065_003 f 0.00  0.000     0  0.00  0  0  -0.612  -2.534   3.765   0.404   0.940   0.000 02O000M000t
00130 ASP02A0065_004 f 0.00  0.000     0  0.00  0  0  -0.612  -2.534   1.045   0.263   1.585   0.000 02O000M000t
00131 ASP-1A0065_005 f 0.00 -1.000     0  4.75  0 -1  -0.726  -2.541   1.045  -0.163   3.230   0.000 -1O000M000t
00132 LEU01A0066_001 f 0.00  0.000     0  0.00  0  0   1.235  -7.157   0.664   0.000   0.000   0.000 01O000M000t
00133 VAL01A0067_001 f 0.00  0.000     0  0.00  0  0  -1.170  -0.041   0.217   0.000   0.000   0.000 01O000M000t
00134 SER01A0068_001 f 0.00  0.000     0  0.00  0  0  -3.565   0.623   0.461  -0.035  -0.149   0.000 01O000M000t
00135 SER01A0068_002 f 0.00  0.000     0  0.00  0  0  -3.565   0.623   0.461  -1.197   0.804   0.000 01O000M000t
00136 GLU01A0069_001 f 0.00  0.000     0  0.00  0  0   1.856  -3.127   3.379   0.168   2.252   0.000 01O000M000t
00137 GLU01A0069_002 f 0.00  0.000     0  0.00  0  0   1.856  -3.127   0.659   0.221   2.782   0.000 01O000M000t
00138 GLU02A0069_003 f 0.00  0.000     0  0.00  0  0   1.466  -3.095   3.379  -0.233   2.523   0.000 02O000M000t
00139 GLU02A0069_004 f 0.00  0.000     0  0.00  0  0   1.466  -3.095   0.659  -0.068   2.623   0.000 02O000M000t
00140 GLU-1A0069_005 f 0.00 -1.000     0  4.75  0 -1   1.391  -3.044   0.659  -0.593   9.722   0.000 -1O000M000t
00141 MET01A0070_001 f 0.00  0.000     0  0.00  0  0  -0.009  -3.097   0.898   0.048   0.089   0.000 01O000M000t
00142 GLU01A0071_001 f 0.00  0.000     0  0.00  0  0  -0.769  -3.180   3.417   0.065   0.106   0.000 01O000M000t
00143 GLU01A0071_002 f 0.00  0.000     0  0.00  0  0  -0.769  -3.180   0.697   0.033   1.182   0.000 01O000M000t
00144 GLU02A0071_003 f 0.00  0.000     0  0.00  0  0  -0.839  -3.228   3.417   0.072   0.834   0.000 02O000M000t
00145 GLU02A0071_004 f 0.00  0.000     0  0.00  0  0  -0.839  -3.228   0.697   0.129   1.059   0.000 02O000M000t
00146 GLU-1A0071_005 f 0.00 -1.000     0  4.75  0 -1  -0.939  -3.174   0.697  -0.255   2.303   0.000 -1O000M000t
00147 VAL01A0072_001 f 0.00  0.000     0  0.00  0  0  -2.856  -1.631   0.222   0.000   0.000   0.000 01O000M000t
00148 MET01A0073_001 f 0.00  0.000     0  0.00  0  0   0.363  -3.610   0.950   0.010   0.088   0.000 01O000M000t
00149 LYS01A0074_001 f 0.00  0.000     0  0.00  0  0   0.605  -2.845   1.013   0.141   1.027   0.000 01O000M000t
00150 LYS+1A0074_002 f 0.00  1.000     0 10.40  0  1   0.540  -2.863   1.013   0.956   9.614   0.000 +1O000M000t
00151 LEU01A0075_001 f 0.00  0.000     0  0.00  0  0  -6.516  -2.715   0.700   0.000   0.000   0.000 01O000M000t
00152 ILE01A0076_001 f 0.00  0.000     0  0.00  0  0   1.490  -1.700   0.433   0.000   0.000   0.000 01O000M000t
00153 ARG01A0078_001 f 0.00  0.000     0  0.00  0  0  -7.571  -4.487   2.549  -0.143   0.518   0.000 01O000M000t
00154 ARG02A0078_002 f 0.00  0.000     0  0.00  0  0  -7.581  -4.436   2.549  -0.258   1.623   0.000 02O000M000t
00155 ARG03A0078_003 f 0.00  0.000     0  0.00  0  0  -7.641  -4.506   2.549  -0.166   1.598   0.000 03O000M000t
00156 ARG+1A0078_004 f 0.00  1.000     0 12.50  0  1  -7.685  -4.515   2.549   0.627   0.907   0.000 +1O000M000t
00157 HIS01A0079_001 f 0.00  0.000     0  0.00  0  0  -1.715  -4.940   0.004  -2.375   2.756   0.000 01O000M000t
00158 HIS02A0079_002 f 0.00  0.000     0  0.00  0  0  -1.733  -5.086   0.004   2.529   2.385   0.000 02O000M000t
00159 HIS+1A0079_003 f 0.00  1.000     0  6.98  0  1  -1.759  -5.112   0.004   5.410   4.986   0.000 +1O000M000t
00160 LYS01A0080_001 f 0.00  0.000     0  0.00  0  0 999.000  -0.638   4.933   0.038   0.596   0.000 01O000M000t
00161 LYS+1A0080_002 f 0.00  1.000     0 10.40  0  1 999.000  -0.733   4.933  -0.792   3.551   0.000 +1O000M000t
00162 ASN01A0081_001 f 0.00  0.000     0  0.00  0  0   0.244  -4.886   0.991  -1.365   2.624   0.000 01O000M000t
00163 ILE01A0082_001 f 0.00  0.000     0  0.00  0  0   2.056  -5.008   0.916   0.000   0.000   0.000 01O000M000t
00164 ILE01A0083_001 f 0.00  0.000     0  0.00  0  0   0.944  -3.956   0.977   0.000   0.000   0.000 01O000M000t
00165 ASN01A0084_001 f 0.00  0.000     0  0.00  0  0  -0.701  -3.478   0.535   0.254   1.267   0.000 01O000M000t
00166 ASN01A0084_002 f 0.00  0.000     0  0.00  0  0  -0.891  -3.170   0.502   0.287   0.942   0.000 01R001M000t
00167 LEU01A0085_001 f 0.00  0.000     0  0.00  0  0   1.905  -5.407   0.655   0.000   0.000   0.000 01O000M000t
00168 LEU01A0086_001 f 0.00  0.000     0  0.00  0  0  -0.139  -5.610   0.453   0.000   0.000   0.000 01O000M000t
00169 VAL01A0088_001 f 0.00  0.000     0  0.00  0  0   0.535  -3.760   0.003   0.000   0.000   0.000 01O000M000t
00170 CYS01A0089_001 f 0.00  0.000     0  0.00  0  0  -0.002  -3.658   0.107  -0.909   0.972   0.000 01O000M000t
00171 CYS01A0089_002 f 0.00  0.000     0  0.00  0  0  -0.002  -3.573   0.107   0.354   0.961   0.000 01O000M000t
00172 CYS01A0089_003 f 0.00  0.000     0  0.00  0  0  -0.002  -3.560   0.107   0.057   0.968   0.000 01O000M000t
00173 CYS-1A0089_004 f 0.00 -1.000     0  9.10  0 -1   0.000  -3.483   0.107  -1.068  12.076   0.000 -1O000M000t
00174 THR01A0090_001 f 0.00  0.000     0  0.00  0  0   0.083  -2.061   0.376   1.042   1.718   0.000 01O000M000t
00175 THR01A0090_002 f 0.00  0.000     0  0.00  0  0   0.083  -2.061   0.376   0.041   1.770   0.000 01O000M000t
00176 THR01A0090_003 f 0.00  0.000     0  0.00  0  0   0.083  -2.061   0.001  -1.541   1.418   0.000 01O000M000t
00177 GLN01A0091_001 f 0.00  0.000     0  0.00  0  0  -0.775  -5.101   1.060  -0.105   1.350   0.000 01O000M000t
00178 GLN01A0091_002 f 0.00  0.000     0  0.00  0  0  -0.948  -5.183   1.058   0.370   1.433   0.000 01R001M000t
00179 GLU01A0092_001 f 0.00  0.000     0  0.00  0  0  -1.635 530.763   6.390  -0.074  -0.300   0.000 01O000M000t
00180 GLU01A0092_002 f 0.00  0.000     0  0.00  0  0  -1.635 530.763   3.670  -0.038   0.289   0.000 01O000M000t
00181 GLU02A0092_003 f 0.00  0.000     0  0.00  0  0  -1.676 530.749   6.390  -0.234  -0.399   0.000 02O000M000t
00182 GLU02A0092_004 f 0.00  0.000     0  0.00  0  0  -1.676 530.749   3.670  -0.024   0.282   0.000 02O000M000t
00183 GLU-1A0092_005 f 0.00 -1.000     0  4.75  0 -1  -1.750 530.788   3.670   0.018   0.086   0.000 -1O000M000t
00184 PRO01A0094_001 f 0.00  0.000     0  0.00  0  0  -4.199  -1.432   0.000   0.000   0.000   0.000 01O000M000t
00185 LEU01A0095_001 f 0.00  0.000     0  0.00  0  0   1.619  -4.773   0.999   0.000   0.000   0.000 01O000M000t
00186 TYR01A0096_001 f 0.00  0.000     0  0.00  0  0   2.409  -3.653   0.050   0.596   1.083   0.000 01O000M000t
00187 TYR01A0096_002 f 0.00  0.000     0  0.00  0  0   2.409  -3.653   0.050   0.582   1.200   0.000 01O000M000t
00188 TYR-1A0096_003 f 0.00 -1.000     0 10.20  0 -1   2.409  -3.653   0.050   1.041   4.529   0.000 -1O000M000t
00189 VAL01A0097_001 f 0.00  0.000     0  0.00  0  0   0.529  -3.374   0.001   0.000   0.000   0.000 01O000M000t
00190 ILE01A0098_001 f 0.00  0.000     0  0.00  0  0   0.900  -2.054   1.401   0.000   0.000   0.000 01O000M000t
00191 VAL01A0099_001 f 0.00  0.000     0  0.00  0  0   0.537  -2.035   0.009   0.000   0.000   0.000 01O000M000t
00192 GLU01A0100_001 f 0.00  0.000     0  0.00  0  0  -0.498  -2.927   3.245   0.328   0.013   0.000 01O000M000t
00193 GLU01A0100_002 f 0.00  0.000     0  0.00  0  0  -0.498  -2.927   0.525   0.082   0.484   0.000 01O000M000t
00194 GLU02A0100_003 f 0.00  0.000     0  0.00  0  0  -0.685  -2.922   3.245   0.101   0.466   0.000 02O000M000t
00195 GLU02A0100_004 f 0.00  0.000     0  0.00  0  0  -0.685  -2.922   0.525   0.023   0.805   0.000 02O000M000t
00196 GLU-1A0100_005 f 0.00 -1.000     0  4.75  0 -1  -0.693  -2.880   0.525  -0.332   1.746   0.000 -1O000M000t
00197 CYS01A0101_001 f 0.00  0.000     0  0.00  0  0  -0.050  -4.258   0.034  -0.119   0.662   0.000 01O000M000t
00198 CYS01A0101_002 f 0.00  0.000     0  0.00  0  0  -0.050  -4.145   0.034  -0.249   0.706   0.000 01O000M000t
00199 CYS01A0101_003 f 0.00  0.000     0  0.00  0  0  -0.050  -4.123   0.034  -0.589   0.602   0.000 01O000M000t
00200 CYS-1A0101_004 f 0.00 -1.000     0  9.10  0 -1  -0.048  -4.089   0.034  -3.418   5.492   0.000 -1O000M000t
00201 ALA01A0102_001 f 0.00  0.000     0  0.00  0  0   0.000   0.008   0.000   0.000   0.000   0.000 01O000M000t
00202 ALA01A0103_001 f 0.00  0.000     0  0.00  0  0  -1.545  -1.017   0.000   0.000   0.000   0.000 01O000M000t
00203 LYS01A0104_001 f 0.00  0.000     0  0.00  0  0  -2.166  -5.468   1.071   0.064   0.333   0.000 01O000M000t
00204 LYS+1A0104_002 f 0.00  1.000     0 10.40  0  1  -2.214  -5.484   1.071  -0.346   2.463   0.000 +1O000M000t
00205 ASN01A0106_001 f 0.00  0.000     0  0.00  0  0   0.056  -4.977   1.703  -2.953   2.137   0.000 01O000M000t
00206 ASN01A0106_002 f 0.00  0.000     0  0.00  0  0  -0.157  -3.165   1.751   3.289   1.996   0.000 01R001M000t
00207 LEU01A0107_001 f 0.00  0.000     0  0.00  0  0   1.541  -3.247   0.458   0.000   0.000   0.000 01O000M000t
00208 ARG01A0108_001 f 0.00  0.000     0  0.00  0  0   1.070  -4.235   4.113   0.520   2.165   0.000 01O000M000t
00209 ARG02A0108_002 f 0.00  0.000     0  0.00  0  0   1.044  -4.275   4.113   0.446   3.050   0.000 02O000M000t
00210 ARG02A0108_003 f 0.00  0.000     0  0.00  0  0   1.107  -4.274   4.113   0.226   2.712   0.000 02O000M000t
00211 ARG03A0108_004 f 0.00  0.000     0  0.00  0  0   1.038  -4.244   4.113   0.409   2.922   0.000 03O000M000t
00212 ARG+1A0108_005 f 0.00  1.000     0 12.50  0  1   0.999  -4.285   4.113   0.320   4.481   0.000 +1O000M000t
00213 GLU01A0109_001 f 0.00  0.000     0  0.00  0  0  -2.284  -3.134   6.514   0.168   0.066   0.000 01O000M000t
00214 GLU01A0109_002 f 0.00  0.000     0  0.00  0  0  -2.284  -3.134   3.794   0.081   1.283   0.000 01O000M000t
00215 GLU02A0109_003 f 0.00  0.000     0  0.00  0  0  -2.233  -3.054   6.514   0.351   0.601   0.000 02O000M000t
00216 GLU02A0109_004 f 0.00  0.000     0  0.00  0  0  -2.233  -3.054   3.794   0.032   1.141   0.000 02O000M000t
00217 GLU-1A0109_005 f 0.00 -1.000     0  4.75  0 -1  -2.360  -3.075   3.794   0.250   2.139   0.000 -1O000M000t
00218 PHE01A0110_001 f 0.00  0.000     0  0.00  0  0   4.179  -5.362   0.395   0.000   0.000   0.000 01O000M000t
00219 LEU01A0111_001 f 0.00  0.000     0  0.00  0  0   2.815  -8.264   0.859   0.000   0.000   0.000 01O000M000t
00220 ARG01A0112_001 f 0.00  0.000     0  0.00  0  0  -3.261  -4.313   1.712  -1.280   0.953   0.000 01O000M000t
00221 ARG02A0112_002 f 0.00  0.000     0  0.00  0  0  -3.291  -4.281   1.712  -1.234   2.346   0.000 02O000M000t
00222 ARG03A0112_003 f 0.00  0.000     0  0.00  0  0  -3.298  -4.319   1.712  -1.208   2.096   0.000 03O000M000t
00223 ARG+1A0112_004 f 0.00  1.000     0 12.50  0  1  -3.338  -4.323   1.712  -2.490   1.923   0.000 +1O000M000t
00224 ALA01A0113_001 f 0.00  0.000     0  0.00  0  0  -1.613  -1.201   0.000   0.000   0.000   0.000 01O000M000t
00225 ARG01A0114_001 f 0.00  0.000     0  0.00  0  0  -0.964  -3.337   3.619   0.938   2.107   0.000 01O000M000t
00226 ARG02A0114_002 f 0.00  0.000     0  0.00  0  0  -1.010  -3.463   3.619  -0.484   2.746   0.000 02O000M000t
00227 ARG03A0114_003 f 0.00  0.000     0  0.00  0  0  -1.011  -3.411   3.619  -0.250   2.399   0.000 03O000M000t
00228 ARG+1A0114_004 f 0.00  1.000     0 12.50  0  1  -1.054  -3.473   3.619  -2.374   3.895   0.000 +1O000M000t
00229 ARG01A0115_001 f 0.00  0.000     0  0.00  0  0  -3.757  -7.129   1.094   1.511   1.865   0.000 01O000M000t
00230 ARG02A0115_002 f 0.00  0.000     0  0.00  0  0  -3.736  -6.901   1.094  -1.358   2.443   0.000 02O000M000t
00231 ARG03A0115_003 f 0.00  0.000     0  0.00  0  0  -3.797  -6.636   1.094  -0.108   2.545   0.000 03O000M000t
00232 ARG+1A0115_004 f 0.00  1.000     0 12.50  0  1  -3.840  -6.908   1.094  -5.001   4.538   0.000 +1O000M000t
00233 PRO01A0116_001 f 0.00  0.000     0  0.00  0  0  -3.542  -2.197   0.000   0.000   0.000   0.000 01O000M000t
00234 PRO01A0117_001 f 0.00  0.000     0  0.00  0  0  -1.811 838.873   0.000   0.000   0.000   0.000 01O000M000t
00235 PRO01A0119_001 f 0.00  0.000     0  0.00  0  0  -3.196  25.297   0.000   0.000   0.000   0.000 01O000M000t
00236 ASP01A0120_001 f 0.00  0.000     0  0.00  0  0  -1.023   6.883   5.145  -0.178  -0.046   0.000 01O000M000t
00237 ASP01A0120_002 f 0.00  0.000     0  0.00  0  0  -1.023   6.883   2.425   0.059   0.432   0.000 01O000M000t
00238 ASP02A0120_003 f 0.00  0.000     0  0.00  0  0  -1.472   6.887   5.145   0.099  -0.067   0.000 02O000M000t
00239 ASP02A0120_004 f 0.00  0.000     0  0.00  0  0  -1.472   6.887   2.425   0.079   0.595   0.000 02O000M000t
00240 ASP-1A0120_005 f 0.00 -1.000     0  4.75  0 -1  -1.310   6.942   2.425   0.326   0.521   0.000 -1O000M000t
00241 LEU01A0121_001 f 0.00  0.000     0  0.00  0  0   3.137   3.549   0.411   0.000   0.000   0.000 01O000M000t
00242 SER01A0122_001 f 0.00  0.000     0  0.00  0  0  -2.904   0.003   1.305  -0.282   0.331   0.000 01O000M000t
00243 PRO01A0123_001 f 0.00  0.000     0  0.00  0  0  -7.692   0.854   0.000   0.000   0.000   0.000 01O000M000t
00244 ASP01A0124_001 f 0.00  0.000     0  0.00  0  0  -2.156  85.052   5.443   0.209  -0.558   0.000 01O000M000t
00245 ASP01A0124_002 f 0.00  0.000     0  0.00  0  0  -2.156  85.052   2.723   0.118   0.519   0.000 01O000M000t
00246 ASP02A0124_003 f 0.00  0.000     0  0.00  0  0  -2.239  85.923   5.443   1.803   0.719   0.000 02O000M000t
00247 ASP02A0124_004 f 0.00  0.000     0  0.00  0  0  -2.239  85.923   2.723   0.239   0.689   0.000 02O000M000t
00248 ASP-1A0124_005 f 0.00 -1.000     0  4.75  0 -1  -2.132  85.118   2.723  -0.898   0.611   0.000 -1O000M000t
00249 PRO01A0126_001 f 0.00  0.000     0  0.00  0  0  -0.757 999.000   0.000   0.000   0.000   0.000 01O000M000t
00250 ARG01A0127_001 f 0.00  0.000     0  0.00  0  0 -10.076  10.181   6.156   0.211   0.258   0.000 01O000M000t
00251 ARG02A0127_002 f 0.00  0.000     0  0.00  0  0 -10.095  10.168   6.156   0.237   1.328   0.000 02O000M000t
00252 ARG03A0127_003 f 0.00  0.000     0  0.00  0  0 -10.098  10.168   6.156   0.246   1.164   0.000 03O000M000t
00253 ARG+1A0127_004 f 0.00  1.000     0 12.50  0  1 -10.141  10.167   6.156   0.734   0.375   0.000 +1O000M000t
00254 SER01A0128_001 f 0.00  0.000     0  0.00  0  0  -3.357  76.312   0.386  -0.277  -0.150   0.000 01O000M000t
00255 SER01A0128_002 f 0.00  0.000     0  0.00  0  0  -3.357  76.312   0.387  -0.288  -0.141   0.000 01O000M000t
00256 SER01A0129_001 f 0.00  0.000     0  0.00  0  0  -2.515   3.428   2.578  -0.897   0.098   0.000 01O000M000t
00257 GLU01A0130_001 f 0.00  0.000     0  0.00  0  0  65.029  22.281   6.569   0.222   0.350   0.000 01O000M000t
00258 GLU01A0130_002 f 0.00  0.000     0  0.00  0  0  65.029  22.281   3.849   0.033   0.254   0.000 01O000M000t
00259 GLU02A0130_003 f 0.00  0.000     0  0.00  0  0  78.487  22.250   6.569   0.763   1.020   0.000 02O000M000t
00260 GLU02A0130_004 f 0.00  0.000     0  0.00  0  0  78.487  22.250   3.849   0.065   0.237   0.000 02O000M000t
00261 GLU-1A0130_005 f 0.00 -1.000     0  4.75  0 -1  64.876  22.336   3.849  -0.625   1.777   0.000 -1O000M000t
00262 PRO01A0132_001 f 0.00  0.000     0  0.00  0  0  -3.008  -2.570   0.000   0.000   0.000   0.000 01O000M000t
00263 LEU01A0133_001 f 0.00  0.000     0  0.00  0  0   1.184  -4.461   0.491   0.000   0.000   0.000 01O000M000t
00264 SER01A0134_001 f 0.00  0.000     0  0.00  0  0  -2.908  -1.127   0.412  -0.503   0.796   0.000 01O000M000t
00265 SER01A0134_002 f 0.00  0.000     0  0.00  0  0  -2.908  -1.127   0.037  -1.368   0.529   0.000 01O000M000t
00266 PHE01A0135_001 f 0.00  0.000     0  0.00  0  0   1.173  -3.727   0.009   0.000   0.000   0.000 01O000M000t
00267 PRO01A0136_001 f 0.00  0.000     0  0.00  0  0  -2.728  -3.090   0.000   0.000   0.000   0.000 01O000M000t
00268 VAL01A0137_001 f 0.00  0.000     0  0.00  0  0  -2.518  -1.534   0.340   0.000   0.000   0.000 01O000M000t
00269 LEU01A0138_001 f 0.00  0.000     0  0.00  0  0   0.991  -3.348   0.641   0.000   0.000   0.000 01O000M000t
00270 VAL01A0139_001 f 0.00  0.000     0  0.00  0  0   0.605  -2.806   0.002   0.000   0.000   0.000 01O000M000t
00271 SER01A0140_001 f 0.00  0.000     0  0.00  0  0  -1.416  -1.987   0.482  -0.171   1.122   0.000 01O000M000t
00272 SER01A0140_002 f 0.00  0.000     0  0.00  0  0  -1.416  -1.987   0.107  -0.655   0.068   0.000 01O000M000t
00273 CYS01A0141_001 f 0.00  0.000     0  0.00  0  0  -0.002  -2.802   0.023  -0.165   0.659   0.000 01O000M000t
00274 CYS01A0141_002 f 0.00  0.000     0  0.00  0  0  -0.002  -2.898   0.023  -0.838   0.724   0.000 01O000M000t
00275 CYS01A0141_003 f 0.00  0.000     0  0.00  0  0  -0.002  -2.791   0.023  -0.106   0.893   0.000 01O000M000t
00276 CYS-1A0141_004 f 0.00 -1.000     0  9.10  0 -1   0.000  -2.762   0.023  -1.640   9.514   0.000 -1O000M000t
00277 ALA01A0142_001 f 0.00  0.000     0  0.00  0  0   0.000  -0.104   0.000   0.000   0.000   0.000 01O000M000t
00278 TYR01A0143_001 f 0.00  0.000     0  0.00  0  0   2.532  -8.164   0.157   0.166   1.317   0.000 01O000M000t
00279 TYR-1A0143_002 f 0.00 -1.000     0 10.20  0 -1   2.532  -8.164   0.157  -0.300   4.976   0.000 -1O000M000t
00280 GLN01A0144_001 f 0.00  0.000     0  0.00  0  0   0.289  -1.162   1.104  -2.016   2.415   0.000 01O000M000t
00281 VAL01A0145_001 f 0.00  0.000     0  0.00  0  0   0.571  -1.398   0.011   0.000   0.000   0.000 01O000M000t
00282 ALA01A0146_001 f 0.00  0.000     0  0.00  0  0   0.000  -1.779   0.000   0.000   0.000   0.000 01O000M000t
00283 ARG01A0147_001 f 0.00  0.000     0  0.00  0  0  -3.229  -1.784   3.848   0.105   0.543   0.000 01O000M000t
00284 ARG02A0147_002 f 0.00  0.000     0  0.00  0  0  -3.188  -1.784   3.848   0.041   1.102   0.000 02O000M000t
00285 ARG03A0147_003 f 0.00  0.000     0  0.00  0  0  -3.255  -1.790   3.848   0.105   1.240   0.000 03O000M000t
00286 ARG+1A0147_004 f 0.00  1.000     0 12.50  0  1  -3.294  -1.790   3.848   0.397   0.722   0.000 +1O000M000t
00287 MET01A0149_001 f 0.00  0.000     0  0.00  0  0   0.084  -4.215   0.603   0.016   0.098   0.000 01O000M000t
00288 GLN01A0150_001 f 0.00  0.000     0  0.00  0  0   0.050  -4.900   0.380   0.108   1.061   0.000 01O000M000t
00289 GLN01A0150_002 f 0.00  0.000     0  0.00  0  0   0.790  -5.094   0.372   0.081   1.044   0.000 01R001M000t
00290 TYR01A0151_001 f 0.00  0.000     0  0.00  0  0   2.022  -7.002   0.049   1.095   1.852   0.000 01O000M000t
00291 TYR01A0151_002 f 0.00  0.000     0  0.00  0  0   2.022  -7.002   0.049  -1.682   2.132   0.000 01O000M000t
00292 TYR-1A0151_003 f 0.00 -1.000     0 10.20  0 -1   2.022  -7.002   0.049   2.373   7.517   0.000 -1O000M000t
00293 LEU01A0152_001 f 0.00  0.000     0  0.00  0  0   1.612  -4.639   0.443   0.000   0.000   0.000 01O000M000t
00294 GLU01A0153_001 f 0.00  0.000     0  0.00  0  0   7.032  -3.796   7.573   0.700   0.884   0.000 01O000M000t
00295 GLU01A0153_002 f 0.00  0.000     0  0.00  0  0   7.032  -3.796   4.853   0.167   0.641   0.000 01O000M000t
00296 GLU02A0153_003 f 0.00  0.000     0  0.00  0  0   5.834  -3.785   7.573   0.204   0.119   0.000 02O000M000t
00297 GLU02A0153_004 f 0.00  0.000     0  0.00  0  0   5.834  -3.785   4.853  -0.023   0.796   0.000 02O000M000t
00298 GLU-1A0153_005 f 0.00 -1.000     0  4.75  0 -1   5.470  -3.726   4.853  -1.107   2.040   0.000 -1O000M000t
00299 SER01A0154_001 f 0.00  0.000     0  0.00  0  0  -2.553   0.375   1.199  -2.327   1.507   0.000 01O000M000t
00300 SER01A0154_002 f 0.00  0.000     0  0.00  0  0  -2.553   0.375   1.199   0.250   0.455   0.000 01O000M000t
00301 ARG01A0155_001 f 0.00  0.000     0  0.00  0  0  -3.761  -5.003   1.634  -0.208   0.959   0.000 01O000M000t
00302 ARG02A0155_002 f 0.00  0.000     0  0.00  0  0  -3.798  -4.953   1.634  -0.209   2.128   0.000 02O000M000t
00303 ARG03A0155_003 f 0.00  0.000     0  0.00  0  0  -3.803  -5.004   1.634  -0.190   1.958   0.000 03O000M000t
00304 ARG+1A0155_004 f 0.00  1.000     0 12.50  0  1  -3.842  -5.018   1.634  -1.886   1.245   0.000 +1O000M000t
00305 LYS01A0156_001 f 0.00  0.000     0  0.00  0  0  -9.494   0.216   3.076  -0.001  -0.046   0.000 01O000M000t
00306 LYS+1A0156_002 f 0.00  1.000     0 10.40  0  1  -9.542   0.213   3.076  -0.124  -0.200   0.000 +1O000M000t
00307 CYS01A0157_001 f 0.00  0.000     0  0.00  0  0  -0.577  -2.825   0.000   0.023   0.874   0.000 01O000M000t
00308 CYS01A0157_002 f 0.00  0.000     0  0.00  0  0  -0.577  -2.767   0.000  -0.377   0.450   0.000 01O000M000t
00309 CYS01A0157_003 f 0.00  0.000     0  0.00  0  0  -0.577  -2.746   0.000  -0.357   0.706   0.000 01O000M000t
00310 CYS-1A0157_004 f 0.00 -1.000     0  9.10  0 -1  -0.575  -2.725   0.000  -1.178   6.475   0.000 -1O000M000t
00311 ILE01A0158_001 f 0.00  0.000     0  0.00  0  0  -1.074  -4.902   0.613   0.000   0.000   0.000 01O000M000t
00312 HIS01A0159_001 f 0.00  0.000     0  0.00  0  0  -0.139  -4.724   0.655  -3.325   3.876   0.000 01O000M000t
00313 HIS02A0159_002 f 0.00  0.000     0  0.00  0  0  -0.156  -5.354   0.655   4.362   3.912   0.000 02O000M000t
00314 HIS+1A0159_003 f 0.00  1.000     0  6.98  0  1  -0.181  -5.004   0.655   3.539  11.369   0.000 +1O000M000t
00315 ARG01A0160_001 f 0.00  0.000     0  0.00  0  0  -1.655  10.230   3.947  -0.162   1.202   0.000 01O000M000t
00316 ARG02A0160_002 f 0.00  0.000     0  0.00  0  0  -1.633  10.256   3.947   0.193   1.771   0.000 02O000M000t
00317 ARG03A0160_003 f 0.00  0.000     0  0.00  0  0  -1.693  10.223   3.947  -0.042   1.835   0.000 03O000M000t
00318 ARG+1A0160_004 f 0.00  1.000     0 12.50  0  1  -1.735  10.219   3.947   0.520   2.977   0.000 +1O000M000t
00319 ASP01A0161_001 f 0.00  0.000     0  0.00  0  0   0.075   0.991   3.277   0.725   1.363   0.000 01O000M000t
00320 ASP01A0161_002 f 0.00  0.000     0  0.00  0  0   0.075   0.991   0.557   0.176   2.502   0.000 01O000M000t
00321 ASP02A0161_003 f 0.00  0.000     0  0.00  0  0   0.156   0.393   3.277  -0.466   1.854   0.000 02O000M000t
00322 ASP02A0161_004 f 0.00  0.000     0  0.00  0  0   0.156   0.393   0.557  -0.055   2.647   0.000 02O000M000t
00323 ASP-1A0161_005 f 0.00 -1.000     0  4.75  0 -1   0.067   0.467   0.557  -2.547  10.078   0.000 -1O000M000t
00324 LEU01A0162_001 f 0.00  0.000     0  0.00  0  0   1.700  -5.340   0.504   0.000   0.000   0.000 01O000M000t
00325 ALA01A0163_001 f 0.00  0.000     0  0.00  0  0   0.000  -1.243   0.000   0.000   0.000   0.000 01O000M000t
00326 ALA01A0164_001 f 0.00  0.000     0  0.00  0  0   0.000  -1.892   0.000   0.000   0.000   0.000 01O000M000t
00327 ARG01A0165_001 f 0.00  0.000     0  0.00  0  0   2.837   0.318   9.309  -0.299   2.419   0.000 01O000M000t
00328 ARG02A0165_002 f 0.00  0.000     0  0.00  0  0   2.812   0.311   9.309  -0.174   2.938   0.000 02O000M000t
00329 ARG03A0165_003 f 0.00  0.000     0  0.00  0  0   2.815   0.340   9.309  -0.664   2.600   0.000 03O000M000t
00330 ARG+1A0165_004 f 0.00  1.000     0 12.50  0  1   2.774   0.305   9.309   1.957   2.713   0.000 +1O000M000t
00331 ASN01A0166_001 f 0.00  0.000     0  0.00  0  0   0.199  -1.383   0.798  -2.933   2.313   0.000 01O000M000t
00332 ASN01A0166_002 f 0.00  0.000     0  0.00  0  0  -0.051  -1.815   0.735   1.886   2.542   0.000 01R001M000t
00333 VAL01A0167_001 f 0.00  0.000     0  0.00  0  0   0.648  -5.485   0.006   0.000   0.000   0.000 01O000M000t
00334 LEU01A0168_001 f 0.00  0.000     0  0.00  0  0   2.180  -5.585   0.727   0.000   0.000   0.000 01O000M000t
00335 VAL01A0169_001 f 0.00  0.000     0  0.00  0  0   0.546  -4.424   0.471   0.000   0.000   0.000 01O000M000t
00336 THR01A0170_001 f 0.00  0.000     0  0.00  0  0  -0.383  -3.193   0.638   0.963   1.739   0.000 01O000M000t
00337 GLU01A0171_001 f 0.00  0.000     0  0.00  0  0  -1.554   1.535   6.698   4.920   1.239   0.000 01O000M000t
00338 GLU01A0171_002 f 0.00  0.000     0  0.00  0  0  -1.554   1.535   3.978   0.328   1.720   0.000 01O000M000t
00339 GLU02A0171_003 f 0.00  0.000     0  0.00  0  0  -1.522   0.631   6.698  -2.043  -0.309   0.000 02O000M000t
00340 GLU02A0171_004 f 0.00  0.000     0  0.00  0  0  -1.522   0.631   3.978  -1.980   1.378   0.000 02O000M000t
00341 GLU-1A0171_005 f 0.00 -1.000     0  4.75  0 -1  -1.621   0.701   3.978  -5.647   2.970   0.000 -1O000M000t
00342 ASP01A0172_001 f 0.00  0.000     0  0.00  0  0  -3.033  -0.179   3.224   0.526  -0.370   0.000 01O000M000t
00343 ASP01A0172_002 f 0.00  0.000     0  0.00  0  0  -3.033  -0.179   0.504   0.311   0.530   0.000 01O000M000t
00344 ASP02A0172_003 f 0.00  0.000     0  0.00  0  0  -2.939  -0.441   3.224   0.630  -0.397   0.000 02O000M000t
00345 ASP02A0172_004 f 0.00  0.000     0  0.00  0  0  -2.939  -0.441   0.504   0.345   0.594   0.000 02O000M000t
00346 ASP-1A0172_005 f 0.00 -1.000     0  4.75  0 -1  -3.000  -0.403   0.504  -0.801   0.590   0.000 -1O000M000t
00347 ASN01A0173_001 f 0.00  0.000     0  0.00  0  0  -0.908   0.944   0.593  -0.053   1.916   0.000 01O000M000t
00348 ASN01A0173_002 f 0.00  0.000     0  0.00  0  0  -0.998   1.430   0.586   0.444   1.201   0.000 01R001M000t
00349 VAL01A0174_001 f 0.00  0.000     0  0.00  0  0  -1.842  -2.690   0.045   0.000   0.000   0.000 01O000M000t
00350 MET01A0175_001 f 0.00  0.000     0  0.00  0  0   0.153  -7.307   1.534  -0.043   0.098   0.000 01O000M000t
00351 LYS01A0176_001 f 0.00  0.000     0  0.00  0  0   1.741  -3.987   3.197  -1.414   0.812   0.000 01O000M000t
00352 LYS+1A0176_002 f 0.00  1.000     0 10.40  0  1   1.663  -4.444   3.197  -3.330   4.750   0.000 +1O000M000t
00353 ILE01A0177_001 f 0.00  0.000     0  0.00  0  0   2.397  -4.098   0.417   0.000   0.000   0.000 01O000M000t
00354 ALA01A0178_001 f 0.00  0.000     0  0.00  0  0   0.000  -0.364   0.000   0.000   0.000   0.000 01O000M000t
00355 ASP01A0179_001 f 0.00  0.000     0  0.00  0  0   0.065  -2.854   3.261   1.723   1.693   0.000 01O000M000t
00356 ASP01A0179_002 f 0.00  0.000     0  0.00  0  0   0.065  -2.854   0.541   0.219   0.989   0.000 01O000M000t
00357 ASP02A0179_003 f 0.00  0.000     0  0.00  0  0   0.151  -3.033   3.261  -0.060   1.235   0.000 02O000M000t
00358 ASP02A0179_004 f 0.00  0.000     0  0.00  0  0   0.151  -3.033   0.541  -0.128   1.568   0.000 02O000M000t
00359 ASP-1A0179_005 f 0.00 -1.000     0  4.75  0 -1   0.047  -2.956   0.541  -1.424   4.996   0.000 -1O000M000t
00360 PHE01A0180_001 f 0.00  0.000     0  0.00  0  0   2.512  -5.285   0.005   0.000   0.000   0.000 01O000M000t
00361 LEU01A0182_001 f 0.00  0.000     0  0.00  0  0   1.928  -4.166   0.603   0.000   0.000   0.000 01O000M000t
00362 ALA01A0183_001 f 0.00  0.000     0  0.00  0  0  -1.597  -0.886   0.000   0.000   0.000   0.000 01O000M000t
00363 ARG01A0184_001 f 0.00  0.000     0  0.00  0  0  -3.820  -5.220   2.079   0.187   1.116   0.000 01O000M000t
00364 ARG02A0184_002 f 0.00  0.000     0  0.00  0  0  -3.857  -5.334   2.079  -0.200   1.945   0.000 02O000M000t
00365 ARG03A0184_003 f 0.00  0.000     0  0.00  0  0  -3.863  -5.318   2.079  -0.233   2.087   0.000 03O000M000t
00366 ARG+1A0184_004 f 0.00  1.000     0 12.50  0  1  -3.902  -5.339   2.079  -0.653   2.247   0.000 +1O000M000t
00367 VAL01A0186_001 f 0.00  0.000     0  0.00  0  0  -6.269  -0.396   0.002   0.000   0.000   0.000 01O000M000t
00368 HIS01A0187_001 f 0.00  0.000     0  0.00  0  0  -8.333  -1.955   0.008   0.209   0.899   0.000 01O000M000t
00369 HIS01A0187_002 f 0.00  0.000     0  0.00  0  0  -8.338  -1.966   0.008   0.524   0.372   0.000 01R001M000t
00370 HIS02A0187_003 f 0.00  0.000     0  0.00  0  0  -8.353  -1.990   0.008   0.428   0.429   0.000 02O000M000t
00371 HIS02A0187_004 f 0.00  0.000     0  0.00  0  0  -8.350  -1.983   0.008   0.324   0.456   0.000 02R001M000t
00372 HIS+1A0187_005 f 0.00  1.000     0  6.98  0  1  -8.379  -1.994   0.008   0.919  -0.064   0.000 +1O000M000t
00373 HIS+1A0187_006 f 0.00  1.000     0  6.98  0  1  -8.377  -1.989   0.008   0.844  -0.190   0.000 +1R001M000t
00374 HIS01A0188_001 f 0.00  0.000     0  0.00  0  0  -8.595  -2.844   0.023   0.515   0.705   0.000 01O000M000t
00375 HIS01A0188_002 f 0.00  0.000     0  0.00  0  0  -8.594  -2.835   0.023   0.265   0.543   0.000 01R001M000t
00376 HIS02A0188_003 f 0.00  0.000     0  0.00  0  0  -8.613  -2.866   0.023   0.442   0.339   0.000 02O000M000t
00377 HIS02A0188_004 f 0.00  0.000     0  0.00  0  0  -8.607  -2.874   0.023   0.537   0.266   0.000 02R001M000t
00378 HIS+1A0188_005 f 0.00  1.000     0  6.98  0  1  -8.639  -2.873   0.023   0.958  -0.011   0.000 +1O000M000t
00379 HIS+1A0188_006 f 0.00  1.000     0  6.98  0  1  -8.634  -2.880   0.023   0.987  -0.088   0.000 +1R001M000t
00380 ILE01A0189_001 f 0.00  0.000     0  0.00  0  0  -3.305  -1.134   0.538   0.000   0.000   0.000 01O000M000t
00381 ASP01A0190_001 f 0.00  0.000     0  0.00  0  0  -1.421  -2.419   3.006   2.780   0.997   0.000 01O000M000t
00382 ASP01A0190_002 f 0.00  0.000     0  0.00  0  0  -1.421  -2.419   0.286  -0.099   0.959   0.000 01O000M000t
00383 ASP02A0190_003 f 0.00  0.000     0  0.00  0  0  -1.297  -3.366   3.006  -1.660   0.689   0.000 02O000M000t
00384 ASP02A0190_004 f 0.00  0.000     0  0.00  0  0  -1.297  -3.366   0.286  -1.653   1.503   0.000 02O000M000t
00385 ASP-1A0190_005 f 0.00 -1.000     0  4.75  0 -1  -1.328  -3.262   0.286  -4.390   3.169   0.000 -1O000M000t
00386 TYR01A0191_001 f 0.00  0.000     0  0.00  0  0   3.899  -5.128   0.864   0.742   1.854   0.000 01O000M000t
00387 TYR01A0191_002 f 0.00  0.000     0  0.00  0  0   3.899  -5.128   0.864  -0.969   2.092   0.000 01O000M000t
00388 TYR-1A0191_003 f 0.00 -1.000     0 10.20  0 -1   3.899  -5.128   0.864  -0.107   7.472   0.000 -1O000M000t
00389 TYR01A0192_001 f 0.00  0.000     0  0.00  0  0  -2.959  -2.487   0.133   0.353   0.543   0.000 01O000M000t
00390 TYR-1A0192_002 f 0.00 -1.000     0 10.20  0 -1  -2.959  -2.487   0.133  -0.317   2.038   0.000 -1O000M000t
00391 LYS01A0193_001 f 0.00  0.000     0  0.00  0  0  -5.909  -2.488   3.478  -0.033  -0.082   0.000 01O000M000t
00392 LYS+1A0193_002 f 0.00  1.000     0 10.40  0  1  -5.958  -2.492   3.478   0.088  -0.097   0.000 +1O000M000t
00393 LYS01A0194_001 f 0.00  0.000     0  0.00  0  0  -5.917  -3.511   2.092   0.033   0.035   0.000 01O000M000t
00394 LYS+1A0194_002 f 0.00  1.000     0 10.40  0  1  -5.962  -3.519   2.092  -0.005   0.246   0.000 +1O000M000t
00395 THR01A0195_001 f 0.00  0.000     0  0.00  0  0  -1.088  -3.453   0.443  -0.230   1.850   0.000 01O000M000t
00396 SER01A0196_001 f 0.00  0.000     0  0.00  0  0  -4.354   0.315   1.302  -0.477  -0.268   0.000 01O000M000t
00397 ASN01A0197_001 f 0.00  0.000     0  0.00  0  0  -1.459  -0.029   3.280   0.814   0.719   0.000 01O000M000t
00398 ASN01A0197_002 f 0.00  0.000     0  0.00  0  0  -1.813   0.086   3.295  -0.413   0.180   0.000 01R001M000t
00399 ARG01A0199_001 f 0.00  0.000     0  0.00  0  0   2.305  -5.200   1.462  -0.671   3.814   0.000 01O000M000t
00400 ARG02A0199_002 f 0.00  0.000     0  0.00  0  0   2.263  -5.213   1.462  -0.289   4.336   0.000 02O000M000t
00401 ARG02A0199_003 f 0.00  0.000     0  0.00  0  0   2.323  -5.218   1.462  -0.340   4.217   0.000 02O000M000t
00402 ARG03A0199_004 f 0.00  0.000     0  0.00  0  0   2.258  -5.192   1.462  -0.310   4.361   0.000 03O000M000t
00403 ARG03A0199_005 f 0.00  0.000     0  0.00  0  0   2.262  -5.186   1.462  -0.514   4.295   0.000 03O000M000t
00404 ARG+1A0199_006 f 0.00  1.000     0 12.50  0  1   2.219  -5.231   1.462   3.545   7.787   0.000 +1O000M000t
00405 LEU01A0200_001 f 0.00  0.000     0  0.00  0  0   0.204  -3.343   0.538   0.000   0.000   0.000 01O000M000t
00406 PRO01A0201_001 f 0.00  0.000     0  0.00  0  0   0.224  -2.856   0.000   0.000   0.000   0.000 01O000M000t
00407 VAL01A0202_001 f 0.00  0.000     0  0.00  0  0   0.645  -1.652   0.012   0.000   0.000   0.000 01O000M000t
00408 LYS01A0203_001 f 0.00  0.000     0  0.00  0  0   0.307  -4.923   1.192  -0.055   0.479   0.000 01O000M000t
00409 LYS+1A0203_002 f 0.00  1.000     0 10.40  0  1   0.263  -4.923   1.192  -3.380   4.837   0.000 +1O000M000t
00410 TRP01A0204_001 f 0.00  0.000     0  0.00  0  0   2.826 -10.427   0.595   0.000   0.000   0.000 01O000M000t
00411 MET01A0205_001 f 0.00  0.000     0  0.00  0  0  -0.148  -6.403   0.964   0.031   0.083   0.000 01O000M000t
00412 ALA01A0206_001 f 0.00  0.000     0  0.00  0  0   0.000  -2.131   0.000   0.000   0.000   0.000 01O000M000t
00413 PRO01A0207_001 f 0.00  0.000     0  0.00  0  0  -0.678  -2.419   0.000   0.000   0.000   0.000 01O000M000t
00414 GLU01A0208_001 f 0.00  0.000     0  0.00  0  0   1.025 998.236   4.614   4.142   2.197   0.000 01O000M000t
00415 GLU01A0208_002 f 0.00  0.000     0  0.00  0  0   1.025  -0.764   1.894  -0.694   2.554   0.000 01O000M000t
00416 GLU02A0208_003 f 0.00  0.000     0  0.00  0  0   0.937  -1.633   4.614  -0.818   1.421   0.000 02O000M000t
00417 GLU02A0208_004 f 0.00  0.000     0  0.00  0  0   0.937  -1.633   1.894  -1.127   2.541   0.000 02O000M000t
00418 GLU-1A0208_005 f 0.00 -1.000     0  4.75  0 -1   0.832  -1.510   1.894  -5.977   8.692   0.000 -1O000M000t
00419 ALA01A0209_001 f 0.00  0.000     0  0.00  0  0  -0.068  -2.177   0.000   0.000   0.000   0.000 01O000M000t
00420 LEU01A0210_001 f 0.00  0.000     0  0.00  0  0   1.559  -5.064   0.391   0.000   0.000   0.000 01O000M000t
00421 PHE01A0211_001 f 0.00  0.000     0  0.00  0  0   2.679   0.031   0.053   0.000   0.000   0.000 01O000M000t
00422 ASP01A0212_001 f 0.00  0.000     0  0.00  0  0  -2.589  -0.398   3.224   0.458   0.241   0.000 01O000M000t
00423 ASP01A0212_002 f 0.00  0.000     0  0.00  0  0  -2.589  -0.398   0.504   0.103   0.386   0.000 01O000M000t
00424 ASP02A0212_003 f 0.00  0.000     0  0.00  0  0  -2.467  -1.085   3.224   0.206  -0.188   0.000 02O000M000t
00425 ASP02A0212_004 f 0.00  0.000     0  0.00  0  0  -2.467  -1.085   0.504   0.096   0.814   0.000 02O000M000t
00426 ASP-1A0212_005 f 0.00 -1.000     0  4.75  0 -1  -2.447  -1.015   0.504  -0.661   0.955   0.000 -1O000M000t
00427 ARG01A0213_001 f 0.00  0.000     0  0.00  0  0 -11.240   6.169  10.182  -0.247   0.218   0.000 01O000M000t
00428 ARG02A0213_002 f 0.00  0.000     0  0.00  0  0 -11.192   6.153  10.182  -0.288   0.436   0.000 02O000M000t
00429 ARG03A0213_003 f 0.00  0.000     0  0.00  0  0 -11.219   6.151  10.182  -0.310   0.813   0.000 03O000M000t
00430 ARG+1A0213_004 f 0.00  1.000     0 12.50  0  1 -11.259   6.150  10.182  -0.805  -0.085   0.000 +1O000M000t
00431 VAL01A0214_001 f 0.00  0.000     0  0.00  0  0  -3.620  -1.015   0.008   0.000   0.000   0.000 01O000M000t
00432 TYR01A0215_001 f 0.00  0.000     0  0.00  0  0   2.088  -6.899   0.010   0.182   1.198   0.000 01O000M000t
00433 TYR01A0215_002 f 0.00  0.000     0  0.00  0  0   2.088  -6.899   0.010   0.584   1.713   0.000 01O000M000t
00434 TYR-1A0215_003 f 0.00 -1.000     0 10.20  0 -1   2.088  -6.899   0.010  -0.995   4.751   0.000 -1O000M000t
00435 THR01A0216_001 f 0.00  0.000     0  0.00  0  0  -2.987  -0.984   0.761   0.136   1.290   0.000 01O000M000t
00436 HIS01A0217_001 f 0.00  0.000     0  0.00  0  0  -1.960  -6.245   0.023   0.185   2.289   0.000 01O000M000t
00437 HIS01A0217_002 f 0.00  0.000     0  0.00  0  0  -1.951  -6.648   0.023   0.310   1.611   0.000 01R001M000t
00438 HIS02A0217_003 f 0.00  0.000     0  0.00  0  0  -1.976  -6.302   0.023   0.316   2.053   0.000 02O000M000t
00439 HIS02A0217_004 f 0.00  0.000     0  0.00  0  0  -1.964  -6.466   0.023   0.482   2.377   0.000 02R001M000t
00440 HIS+1A0217_005 f 0.00  1.000     0  6.98  0  1  -2.002  -6.343   0.023   1.826   3.773   0.000 +1O000M000t
00441 HIS+1A0217_006 f 0.00  1.000     0  6.98  0  1  -1.990  -6.674   0.023   1.731   4.238   0.000 +1R001M000t
00442 GLN01A0218_001 f 0.00  0.000     0  0.00  0  0  -0.366  -6.051   1.419  -2.459   2.040   0.000 01O000M000t
00443 GLN01A0218_002 f 0.00  0.000     0  0.00  0  0  -0.328  -6.231   1.420   1.902   1.852   0.000 01R001M000t
00444 SER01A0219_001 f 0.00  0.000     0  0.00  0  0  -0.156  -0.999   0.387   0.821   1.729   0.000 01O000M000t
00445 SER01A0219_002 f 0.00  0.000     0  0.00  0  0  -0.156  -0.999   0.387  -1.006   1.331   0.000 01O000M000t
00446 SER01A0219_003 f 0.00  0.000     0  0.00  0  0  -0.156  -0.999   0.012  -0.335   1.728   0.000 01O000M000t
00447 ASP01A0220_001 f 0.00  0.000     0  0.00  0  0   0.117  -1.629   3.752  -1.947   2.109   0.000 01O000M000t
00448 ASP01A0220_002 f 0.00  0.000     0  0.00  0  0   0.117  -1.629   1.032   2.371   2.690   0.000 01O000M000t
00449 ASP02A0220_003 f 0.00  0.000     0  0.00  0  0   0.198  -1.256   3.752  -2.365   2.070   0.000 02O000M000t
00450 ASP02A0220_004 f 0.00  0.000     0  0.00  0  0   0.198 997.744   1.032   3.682   2.733   0.000 02O000M000t
00451 ASP-1A0220_005 f 0.00 -1.000     0  4.75  0 -1   0.112  -1.977   1.032 -11.200  12.415   0.000 -1O000M000t
00452 VAL01A0221_001 f 0.00  0.000     0  0.00  0  0   0.640   0.973   0.067   0.000   0.000   0.000 01O000M000t
00453 TRP01A0222_001 f 0.00  0.000     0  0.00  0  0   2.604 -11.894   0.036   0.000   0.000   0.000 01O000M000t
00454 SER01A0223_001 f 0.00  0.000     0  0.00  0  0  -0.181  -1.089   0.457  -2.487   1.156   0.000 01O000M000t
00455 SER01A0223_002 f 0.00  0.000     0  0.00  0  0  -0.181  -1.089   0.457   0.227   1.089   0.000 01O000M000t
00456 PHE01A0224_001 f 0.00  0.000     0  0.00  0  0   4.302  -6.177   0.047   0.000   0.000   0.000 01O000M000t
00457 ILE01A0226_001 f 0.00  0.000     0  0.00  0  0   0.589  -3.820   0.765   0.000   0.000   0.000 01O000M000t
00458 LEU01A0227_001 f 0.00  0.000     0  0.00  0  0   3.583  -6.679   0.983   0.000   0.000   0.000 01O000M000t
00459 LEU01A0228_001 f 0.00  0.000     0  0.00  0  0   1.628  -4.193   1.262   0.000   0.000   0.000 01O000M000t
00460 TRP01A0229_001 f 0.00  0.000     0  0.00  0  0   2.168 -10.068   0.080   0.000   0.000   0.000 01O000M000t
00461 GLU01A0230_001 f 0.00  0.000     0  0.00  0  0   0.788  -3.838   4.059  -2.773   2.784   0.000 01O000M000t
00462 GLU01A0230_002 f 0.00  0.000     0  0.00  0  0   0.788  -3.838   1.339  -0.957   2.536   0.000 01O000M000t
00463 GLU02A0230_003 f 0.00  0.000     0  0.00  0  0   0.753  -3.072   4.059  -0.878   2.475   0.000 02O000M000t
00464 GLU02A0230_004 f 0.00  0.000     0  0.00  0  0   0.753  -3.072   1.339   2.901   2.637   0.000 02O000M000t
00465 GLU-1A0230_005 f 0.00 -1.000     0  4.75  0 -1   0.638  -3.717   1.339  -7.886  12.733   0.000 -1O000M000t
00466 ILE01A0231_001 f 0.00  0.000     0  0.00  0  0   2.957  -5.414   0.526   0.000   0.000   0.000 01O000M000t
00467 PHE01A0232_001 f 0.00  0.000     0  0.00  0  0   3.992  -2.693   0.243   0.000   0.000   0.000 01O000M000t
00468 THR01A0233_001 f 0.00  0.000     0  0.00  0  0  -0.336  -1.237   0.432  -1.659   1.930   0.000 01O000M000t
00469 THR01A0233_002 f 0.00  0.000     0  0.00  0  0  -0.336  -1.237   0.057  -0.825   1.928   0.000 01O000M000t
00470 LEU01A0234_001 f 0.00  0.000     0  0.00  0  0   0.501  -3.496   0.508   0.000   0.000   0.000 01O000M000t
00471 SER01A0237_001 f 0.00  0.000     0  0.00  0  0  -2.631  -1.295   0.563   0.083   0.325   0.000 01O000M000t
00472 PRO01A0238_001 f 0.00  0.000     0  0.00  0  0   0.270  -2.229   0.000   0.000   0.000   0.000 01O000M000t
00473 TYR01A0239_001 f 0.00  0.000     0  0.00  0  0   4.006  -4.326   0.073   0.246   2.053   0.000 01O000M000t
00474 TYR-1A0239_002 f 0.00 -1.000     0 10.20  0 -1   4.006  -4.326   0.073   0.409   9.558   0.000 -1O000M000t
00475 PRO01A0240_001 f 0.00  0.000     0  0.00  0  0  -5.036  -1.210   0.000   0.000   0.000   0.000 01O000M000t
00476 ILE01A0242_001 f 0.00  0.000     0  0.00  0  0  -2.417  -3.508   0.696   0.000   0.000   0.000 01O000M000t
00477 PRO01A0243_001 f 0.00  0.000     0  0.00  0  0  -3.642  -2.037   0.000   0.000   0.000   0.000 01O000M000t
00478 VAL01A0244_001 f 0.00  0.000     0  0.00  0  0   0.162  -0.366   1.445   0.000   0.000   0.000 01O000M000t
00479 GLU01A0245_001 f 0.00  0.000     0  0.00  0  0  -2.148   0.594   4.187   0.319  -0.139   0.000 01O000M000t
00480 GLU01A0245_002 f 0.00  0.000     0  0.00  0  0  -2.148   0.594   1.467   0.150   0.569   0.000 01O000M000t
00481 GLU02A0245_003 f 0.00  0.000     0  0.00  0  0  -2.312   0.556   4.187   0.531  -0.381   0.000 02O000M000t
00482 GLU02A0245_004 f 0.00  0.000     0  0.00  0  0  -2.312   0.556   1.467   0.221   0.658   0.000 02O000M000t
00483 GLU-1A0245_005 f 0.00 -1.000     0  4.75  0 -1  -2.341   0.602   1.467  -0.891   0.659   0.000 -1O000M000t
00484 GLU01A0246_001 f 0.00  0.000     0  0.00  0  0  -2.401  -1.360   5.159   0.623   0.386   0.000 01O000M000t
00485 GLU01A0246_002 f 0.00  0.000     0  0.00  0  0  -2.401  -1.360   2.439   0.089   0.809   0.000 01O000M000t
00486 GLU02A0246_003 f 0.00  0.000     0  0.00  0  0  -2.443  -1.744   5.159  -0.145   0.033   0.000 02O000M000t
00487 GLU02A0246_004 f 0.00  0.000     0  0.00  0  0  -2.443  -1.744   2.439  -0.148   0.733   0.000 02O000M000t
00488 GLU-1A0246_005 f 0.00 -1.000     0  4.75  0 -1  -2.450  -1.705   2.439  -1.357   1.720   0.000 -1O000M000t
00489 LEU01A0247_001 f 0.00  0.000     0  0.00  0  0   1.719  -3.866   0.847   0.000   0.000   0.000 01O000M000t
00490 PHE01A0248_001 f 0.00  0.000     0  0.00  0  0   2.228  -5.826   0.147   0.000   0.000   0.000 01O000M000t
00491 SER01A0249_001 f 0.00  0.000     0  0.00  0  0  -3.455  -1.325   0.381  -0.347  -0.051   0.000 01O000M000t
00492 SER01A0249_002 f 0.00  0.000     0  0.00  0  0  -3.455  -1.325   0.380   0.118   0.209   0.000 01O000M000t
00493 LEU01A0250_001 f 0.00  0.000     0  0.00  0  0  -1.992  -2.924   2.317   0.000   0.000   0.000 01O000M000t
00494 LEU01A0251_001 f 0.00  0.000     0  0.00  0  0   1.631  -4.540   0.625   0.000   0.000   0.000 01O000M000t
00495 ARG01A0252_001 f 0.00  0.000     0  0.00  0  0  -5.934  -2.662   2.306   0.012   0.676   0.000 01O000M000t
00496 ARG02A0252_002 f 0.00  0.000     0  0.00  0  0  -5.949  -2.674   2.306   0.046   1.700   0.000 02O000M000t
00497 ARG03A0252_003 f 0.00  0.000     0  0.00  0  0  -5.957  -2.674   2.306   0.049   1.423   0.000 03O000M000t
00498 ARG+1A0252_004 f 0.00  1.000     0 12.50  0  1  -5.996  -2.677   2.306  -0.055   0.797   0.000 +1O000M000t
00499 GLU01A0253_001 f 0.00  0.000     0  0.00  0  0  -2.250  -2.095   4.979  -0.065  -0.459   0.000 01O000M000t
00500 GLU01A0253_002 f 0.00  0.000     0  0.00  0  0  -2.250  -2.095   2.259  -0.022   0.888   0.000 01O000M000t
00501 GLU02A0253_003 f 0.00  0.000     0  0.00  0  0  -2.296  -2.059   4.979  -0.295  -0.265   0.000 02O000M000t
00502 GLU02A0253_004 f 0.00  0.000     0  0.00  0  0  -2.296  -2.059   2.259  -0.017   0.678   0.000 02O000M000t
00503 GLU-1A0253_005 f 0.00 -1.000     0  4.75  0 -1  -2.372  -2.044   2.259   0.294   1.137   0.000 -1O000M000t
00504 HIS01A0255_001 f 0.00  0.000     0  0.00  0  0  -5.815  -4.943   0.010   0.313   0.723   0.000 01O000M000t
00505 HIS01A0255_002 f 0.00  0.000     0  0.00  0  0  -6.178  -4.933   0.010   0.648   1.304   0.000 01R001M000t
00506 HIS02A0255_003 f 0.00  0.000     0  0.00  0  0  -5.833  -4.948   0.010   0.316   0.638   0.000 02O000M000t
00507 HIS02A0255_004 f 0.00  0.000     0  0.00  0  0  -6.190  -5.084   0.010   0.117   1.443   0.000 02R001M000t
00508 HIS+1A0255_005 f 0.00  1.000     0  6.98  0  1  -5.859  -4.975   0.010  -0.082   1.119   0.000 +1O000M000t
00509 HIS+1A0255_006 f 0.00  1.000     0  6.98  0  1  -6.218  -5.091   0.010  -0.170   1.985   0.000 +1R001M000t
00510 ARG01A0256_001 f 0.00  0.000     0  0.00  0  0   1.373  -6.832   0.495  -0.440   2.921   0.000 01O000M000t
00511 ARG02A0256_002 f 0.00  0.000     0  0.00  0  0   1.413  -6.029   0.495  -0.879   3.804   0.000 02O000M000t
00512 ARG03A0256_003 f 0.00  0.000     0  0.00  0  0   1.347  -6.144   0.495  -2.715   3.425   0.000 03O000M000t
00513 ARG+1A0256_004 f 0.00  1.000     0 12.50  0  1   1.308  -6.205   0.495  -6.028   6.392   0.000 +1O000M000t
00514 MET01A0257_001 f 0.00  0.000     0  0.00  0  0  -0.088  -3.923   1.212  -0.225   0.092   0.000 01O000M000t
00515 ASP01A0258_001 f 0.00  0.000     0  0.00  0  0  -3.380  -0.406   3.134   0.369  -0.379   0.000 01O000M000t
00516 ASP01A0258_002 f 0.00  0.000     0  0.00  0  0  -3.380  -0.406   0.414   0.220   0.394   0.000 01O000M000t
00517 ASP02A0258_003 f 0.00  0.000     0  0.00  0  0  -3.185  -0.719   3.134   0.335  -0.672   0.000 02O000M000t
00518 ASP02A0258_004 f 0.00  0.000     0  0.00  0  0  -3.185  -0.719   0.414   0.232   0.691   0.000 02O000M000t
00519 ASP-1A0258_005 f 0.00 -1.000     0  4.75  0 -1  -3.289  -0.681   0.414  -0.317   0.167   0.000 -1O000M000t
00520 ARG01A0259_001 f 0.00  0.000     0  0.00  0  0  -3.130  -4.907   0.677  -0.437   0.515   0.000 01O000M000t
00521 ARG02A0259_002 f 0.00  0.000     0  0.00  0  0  -3.188  -4.883   0.677  -0.506   1.632   0.000 02O000M000t
00522 ARG03A0259_003 f 0.00  0.000     0  0.00  0  0  -3.189  -4.917   0.677  -0.376   1.741   0.000 03O000M000t
00523 ARG+1A0259_004 f 0.00  1.000     0 12.50  0  1  -3.234  -4.923   0.677  -0.639   1.285   0.000 +1O000M000t
00524 PRO01A0260_001 f 0.00  0.000     0  0.00  0  0   0.396  -2.915   0.000   0.000   0.000   0.000 01O000M000t
00525 PRO01A0261_001 f 0.00  0.000     0  0.00  0  0  -5.950  -0.701   0.000   0.000   0.000   0.000 01O000M000t
00526 HIS01A0262_001 f 0.00  0.000     0  0.00  0  0  -9.813  -1.382   0.001   0.329   0.671   0.000 01O000M000t
00527 HIS01A0262_002 f 0.00  0.000     0  0.00  0  0 -10.211  -1.431   0.001   0.434   0.536   0.000 01R001M000t
00528 HIS02A0262_003 f 0.00  0.000     0  0.00  0  0  -9.834  -1.391   0.001   0.210   0.217   0.000 02O000M000t
00529 HIS02A0262_004 f 0.00  0.000     0  0.00  0  0 -10.220  -1.501   0.001   0.174   0.431   0.000 02R001M000t
00530 HIS+1A0262_005 f 0.00  1.000     0  6.98  0  1  -9.860  -1.398   0.001   0.358  -0.063   0.000 +1O000M000t
00531 HIS+1A0262_006 f 0.00  1.000     0  6.98  0  1 -10.248  -1.506   0.001   0.374  -0.308   0.000 +1R001M000t
00532 CYS01A0263_001 f 0.00  0.000     0  0.00  0  0  -0.002  -4.024   0.048  -0.291   0.981   0.000 01O000M000t
00533 CYS01A0263_002 f 0.00  0.000     0  0.00  0  0  -0.002  -3.891   0.048  -0.032   0.984   0.000 01O000M000t
00534 CYS01A0263_003 f 0.00  0.000     0  0.00  0  0  -0.002  -3.883   0.048  -0.286   0.985   0.000 01O000M000t
00535 CYS-1A0263_004 f 0.00 -1.000     0  9.10  0 -1   0.000  -3.828   0.048  -4.619  12.893   0.000 -1O000M000t
00536 PRO01A0264_001 f 0.00  0.000     0  0.00  0  0  -2.071  -1.866   0.000   0.000   0.000   0.000 01O000M000t
00537 PRO01A0265_001 f 0.00  0.000     0  0.00  0  0  -5.130   0.609   0.000   0.000   0.000   0.000 01O000M000t
00538 GLU01A0266_001 f 0.00  0.000     0  0.00  0  0  -1.000  -1.455   5.189   4.029   1.053   0.000 01O000M000t
00539 GLU01A0266_002 f 0.00  0.000     0  0.00  0  0  -1.000  -1.455   2.469  -0.553   0.649   0.000 01O000M000t
00540 GLU02A0266_003 f 0.00  0.000     0  0.00  0  0  -1.305  -1.685   5.189  -1.329  -0.065   0.000 02O000M000t
00541 GLU02A0266_004 f 0.00  0.000     0  0.00  0  0  -1.305  -1.685   2.469  -1.298   0.991   0.000 02O000M000t
00542 GLU-1A0266_005 f 0.00 -1.000     0  4.75  0 -1  -1.242  -1.659   2.469  -2.942   1.716   0.000 -1O000M000t
00543 LEU01A0267_001 f 0.00  0.000     0  0.00  0  0   2.432  -1.747   2.285   0.000   0.000   0.000 01O000M000t
00544 TYR01A0268_001 f 0.00  0.000     0  0.00  0  0   2.459  -7.576   0.073  -1.851   1.906   0.000 01O000M000t
00545 TYR01A0268_002 f 0.00  0.000     0  0.00  0  0   2.459  -7.576   0.073   0.986   1.527   0.000 01O000M000t
00546 TYR-1A0268_003 f 0.00 -1.000     0 10.20  0 -1   2.459  -7.576   0.073   1.309   6.066   0.000 -1O000M000t
00547 LEU01A0270_001 f 0.00  0.000     0  0.00  0  0   0.268  -0.587   2.296   0.000   0.000   0.000 01O000M000t
00548 MET01A0271_001 f 0.00  0.000     0  0.00  0  0   0.294  -6.730   0.768   0.051   0.099   0.000 01O000M000t
00549 ARG01A0272_001 f 0.00  0.000     0  0.00  0  0  -2.308  -0.279   1.014  -0.062   1.436   0.000 01O000M000t
00550 ARG02A0272_002 f 0.00  0.000     0  0.00  0  0  -2.362  -0.330   1.014  -0.165   2.082   0.000 02O000M000t
00551 ARG02A0272_003 f 0.00  0.000     0  0.00  0  0  -2.317  -0.323   1.014  -0.044   1.669   0.000 02O000M000t
00552 ARG03A0272_004 f 0.00  0.000     0  0.00  0  0  -2.368  -0.330   1.014  -0.129   1.999   0.000 03O000M000t
00553 ARG+1A0272_005 f 0.00  1.000     0 12.50  0  1  -2.408  -0.337   1.014  -0.602   2.522   0.000 +1O000M000t
00554 GLU01A0273_001 f 0.00  0.000     0  0.00  0  0  -1.815  -0.458   3.918   0.153   0.060   0.000 01O000M000t
00555 GLU01A0273_002 f 0.00  0.000     0  0.00  0  0  -1.815  -0.458   1.198   0.059   0.749   0.000 01O000M000t
00556 GLU02A0273_003 f 0.00  0.000     0  0.00  0  0  -1.874  -0.462   3.918   0.007  -0.195   0.000 02O000M000t
00557 GLU02A0273_004 f 0.00  0.000     0  0.00  0  0  -1.874  -0.462   1.198   0.067   0.506   0.000 02O000M000t
00558 GLU-1A0273_005 f 0.00 -1.000     0  4.75  0 -1  -1.956  -0.407   1.198   0.056   0.712   0.000 -1O000M000t
00559 CYS01A0274_001 f 0.00  0.000     0  0.00  0  0  -0.002  -5.281   0.061   0.034   0.992   0.000 01O000M000t
00560 CYS01A0274_002 f 0.00  0.000     0  0.00  0  0  -0.002  -5.337   0.061  -0.182   0.964   0.000 01O000M000t
00561 CYS01A0274_003 f 0.00  0.000     0  0.00  0  0  -0.002  -5.298   0.061   0.209   0.993   0.000 01O000M000t
00562 CYS-1A0274_004 f 0.00 -1.000     0  9.10  0 -1   0.000  -5.225   0.061   0.404  14.175   0.000 -1O000M000t
00563 TRP01A0275_001 f 0.00  0.000     0  0.00  0  0   2.592 -11.420   0.070   0.000   0.000   0.000 01O000M000t
00564 HIS01A0276_001 f 0.00  0.000     0  0.00  0  0  -3.597  -5.339   0.659   1.849   1.773   0.000 01O000M000t
00565 HIS02A0276_002 f 0.00  0.000     0  0.00  0  0  -3.618  -4.634   0.659  -1.553   1.640   0.000 02O000M000t
00566 HIS+1A0276_003 f 0.00  1.000     0  6.98  0  1  -3.644  -4.660   0.659  -3.277   2.504   0.000 +1O000M000t
00567 ALA01A0277_001 f 0.00  0.000     0  0.00  0  0  -3.689  -0.524   0.000   0.000   0.000   0.000 01O000M000t
00568 ALA01A0278_001 f 0.00  0.000     0  0.00  0  0  -2.009  -0.618   0.000   0.000   0.000   0.000 01O000M000t
00569 PRO01A0279_001 f 0.00  0.000     0  0.00  0  0  -2.592  -1.234   0.000   0.000   0.000   0.000 01O000M000t
00570 SER01A0280_001 f 0.00  0.000     0  0.00  0  0  -4.512  -0.905   0.442   0.494   0.716   0.000 01O000M000t
00571 GLN01A0281_001 f 0.00  0.000     0  0.00  0  0  -2.536  -1.509   0.910   0.202   0.295   0.000 01O000M000t
00572 GLN01A0281_002 f 0.00  0.000     0  0.00  0  0  -2.777  -1.448   0.887  -0.032  -0.194   0.000 01R001M000t
00573 ARG01A0282_001 f 0.00  0.000     0  0.00  0  0   2.118 -13.523   1.668   1.800   4.414   0.000 01O000M000t
00574 ARG02A0282_002 f 0.00  0.000     0  0.00  0  0   2.082 -13.425   1.668  -2.373   4.943   0.000 02O000M000t
00575 ARG02A0282_003 f 0.00  0.000     0  0.00  0  0   2.142 -13.340   1.668  -0.530   4.916   0.000 02O000M000t
00576 ARG03A0282_004 f 0.00  0.000     0  0.00  0  0   2.076 -13.444   1.668  -2.251   4.849   0.000 03O000M000t
00577 ARG03A0282_005 f 0.00  0.000     0  0.00  0  0   2.081 -13.369   1.668   0.360   4.845   0.000 03O000M000t
00578 ARG+1A0282_006 f 0.00  1.000     0 12.50  0  1   2.038 -13.498   1.668  -6.473  11.046   0.000 +1O000M000t
00579 PRO01A0283_001 f 0.00  0.000     0  0.00  0  0  -0.447  -4.532   0.000   0.000   0.000   0.000 01O000M000t
00580 THR01A0284_001 f 0.00  0.000     0  0.00  0  0  -3.410  -1.487   0.451   0.095   1.598   0.000 01O000M000t
00581 THR01A0284_002 f 0.00  0.000     0  0.00  0  0  -3.410  -1.487   0.076  -2.053   0.870   0.000 01O000M000t
00582 PHE01A0285_001 f 0.00  0.000     0  0.00  0  0   4.144  -9.120   0.709   0.000   0.000   0.000 01O000M000t
00583 LYS01A0286_001 f 0.00  0.000     0  0.00  0  0  -8.284  -1.691   1.683  -0.038   0.071   0.000 01O000M000t
00584 LYS+1A0286_002 f 0.00  1.000     0 10.40  0  1  -8.353  -1.694   1.683   0.199   0.179   0.000 +1O000M000t
00585 GLN01A0287_001 f 0.00  0.000     0  0.00  0  0  -1.065  -1.739   0.858   3.590   0.887   0.000 01O000M000t
00586 GLN01A0287_002 f 0.00  0.000     0  0.00  0  0  -1.659  -2.943   0.758  -1.346   0.550   0.000 01R001M000t
00587 LEU01A0288_001 f 0.00  0.000     0  0.00  0  0   1.402  -4.639   0.748   0.000   0.000   0.000 01O000M000t
00588 VAL01A0289_001 f 0.00  0.000     0  0.00  0  0  -0.383  -1.718   0.301   0.000   0.000   0.000 01O000M000t
00589 GLU01A0290_001 f 0.00  0.000     0  0.00  0  0  -2.023  -0.904   9.281   0.119   0.014   0.000 01O000M000t
00590 GLU01A0290_002 f 0.00  0.000     0  0.00  0  0  -2.023  -0.904   6.561   0.085   0.911   0.000 01O000M000t
00591 GLU02A0290_003 f 0.00  0.000     0  0.00  0  0  -2.087  -0.882   9.281   0.121  -0.301   0.000 02O000M000t
00592 GLU02A0290_004 f 0.00  0.000     0  0.00  0  0  -2.087  -0.882   6.561   0.091   0.834   0.000 02O000M000t
00593 GLU-1A0290_005 f 0.00 -1.000     0  4.75  0 -1  -2.130  -0.858   6.561  -0.160   0.597   0.000 -1O000M000t
00594 ALA01A0291_001 f 0.00  0.000     0  0.00  0  0  -1.545  -1.584   0.000   0.000   0.000   0.000 01O000M000t
00595 LEU01A0292_001 f 0.00  0.000     0  0.00  0  0   1.549  -6.187   0.608   0.000   0.000   0.000 01O000M000t
00596 ASP01A0293_001 f 0.00  0.000     0  0.00  0  0  -1.280  -1.470   3.807   0.810   1.248   0.000 01O000M000t
00597 ASP01A0293_002 f 0.00  0.000     0  0.00  0  0  -1.280  -1.470   1.087   0.272   0.889   0.000 01O000M000t
00598 ASP02A0293_003 f 0.00  0.000     0  0.00  0  0  -1.127  -1.841   3.807   0.328   0.043   0.000 02O000M000t
00599 ASP02A0293_004 f 0.00  0.000     0  0.00  0  0  -1.127  -1.841   1.087   0.239   1.296   0.000 02O000M000t
00600 ASP-1A0293_005 f 0.00 -1.000     0  4.75  0 -1  -1.242  -1.785   1.087  -0.385   2.818   0.000 -1O000M000t
00601 LYS01A0294_001 f 0.00  0.000     0  0.00  0  0  -7.077  -2.948   3.040   0.010   0.091   0.000 01O000M000t
00602 LYS+1A0294_002 f 0.00  1.000     0 10.40  0  1  -7.151  -2.957   3.040   0.016   0.868   0.000 +1O000M000t
00603 VAL01A0295_001 f 0.00  0.000     0  0.00  0  0  -0.441  -1.016   0.011   0.000   0.000   0.000 01O000M000t
00604 LEU01A0296_001 f 0.00  0.000     0  0.00  0  0  -0.543  -5.689   0.775   0.000   0.000   0.000 01O000M000t
00605 LEU01A0297_001 f 0.00  0.000     0  0.00  0  0  -5.634   1.100   2.021   0.000   0.000   0.000 01O000M000t
00606 ALA01A0298_001 f 0.00  0.000     0  0.00  0  0  -3.294  -1.347   0.000   0.000   0.000   0.000 01O000M000t
00607 VAL01A0299_001 f 0.00  0.000     0  0.00  0  0  -1.050  -0.005   0.037   0.000   0.000   0.000 01O000M000t
00608 0LI+1B0002_001 f 0.00  1.004     0  0.00  0  0   0.000  99.744   0.000  -2.861   7.597   0.316 +1O000M000t
00609 0LI+2B0002_002 f 0.00  1.002     0  0.00  0  0   0.000 104.720   0.000  -6.129   8.730   0.573 +2O000M000t
00610 0LI01B0002_003 f 0.00 -0.002     0  0.00  0  0   0.000  99.797   0.000  -2.486   6.808   2.030 01O000M000t
00611 0LIDMB0002_004 t 0.00  0.000     0  0.00  0  0   0.000   0.000   0.000   0.000   0.000   0.000         DMt
