ASP A0001_ R f 00 S f  0.0 H f 00 M 000
LYS A0002_ R f 00 S f  0.0 H f 00 M 000
TRP A0003_ R f 00 S f  0.0 H f 00 M 000
GLU A0004_ R f 00 S f  0.0 H f 00 M 000
MET A0005_ R f 00 S f  0.0 H f 00 M 000
GLU A0006_ R f 00 S f  0.0 H f 00 M 000
ARG A0007_ R f 00 S f  0.0 H f 00 M 000
THR A0008_ R f 00 S f  0.0 H f 00 M 000
ASP A0009_ R f 00 S f  0.0 H f 00 M 000
ILE A0010_ R f 00 S f  0.0 H f 00 M 000
THR A0011_ R f 00 S f  0.0 H f 00 M 000
MET A0012_ R f 00 S f  0.0 H f 00 M 000
LYS A0013_ R f 00 S f  0.0 H f 00 M 000
HIS A0014_ R f 00 S f  0.0 H f 00 M 000
LYS A0015_ R f 00 S f  0.0 H f 00 M 000
LEU A0016_ R f 00 S f  0.0 H f 00 M 000
GLY A0017_ R f 00 S f  0.0 H f 00 M 000
GLY A0018_ R f 00 S f  0.0 H f 00 M 000
GLY A0019_ R f 00 S f  0.0 H f 00 M 000
GLN A0020_ R f 00 S f  0.0 H f 00 M 000
TYR A0021_ R f 00 S f  0.0 H f 00 M 000
GLY A0022_ R f 00 S f  0.0 H f 00 M 000
GLU A0023_ R f 00 S f  0.0 H f 00 M 000
VAL A0024_ R f 00 S f  0.0 H f 00 M 000
TYR A0025_ R f 00 S f  0.0 H f 00 M 000
GLU A0026_ R f 00 S f  0.0 H f 00 M 000
GLY A0027_ R f 00 S f  0.0 H f 00 M 000
VAL A0028_ R f 00 S f  0.0 H f 00 M 000
TRP A0029_ R f 00 S f  0.0 H f 00 M 000
LYS A0030_ R f 00 S f  0.0 H f 00 M 000
LYS A0031_ R f 00 S f  0.0 H f 00 M 000
TYR A0032_ R f 00 S f  0.0 H f 00 M 000
SER A0033_ R f 00 S f  0.0 H f 00 M 000
LEU A0034_ R f 00 S f  0.0 H f 00 M 000
THR A0035_ R f 00 S f  0.0 H f 00 M 000
VAL A0036_ R f 00 S f  0.0 H f 00 M 000
ALA A0037_ R f 00 S f  0.0 H f 00 M 000
VAL A0038_ R f 00 S f  0.0 H f 00 M 000
LYS A0039_ R f 00 S f  0.0 H f 00 M 000
THR A0040_ R f 00 S f  0.0 H f 00 M 000
LEU A0041_ R f 00 S f  0.0 H f 00 M 000
LYS A0042_ R f 00 S f  0.0 H f 00 M 000
GLU A0043_ R f 00 S f  0.0 H f 00 M 000
ASP A0044_ R f 00 S f  0.0 H f 00 M 000
THR A0045_ R f 00 S f  0.0 H f 00 M 000
MET A0046_ R f 00 S f  0.0 H f 00 M 000
GLU A0047_ R f 00 S f  0.0 H f 00 M 000
VAL A0048_ R f 00 S f  0.0 H f 00 M 000
GLU A0049_ R f 00 S f  0.0 H f 00 M 000
GLU A0050_ R f 00 S f  0.0 H f 00 M 000
PHE A0051_ R f 00 S f  0.0 H f 00 M 000
LEU A0052_ R f 00 S f  0.0 H f 00 M 000
LYS A0053_ R f 00 S f  0.0 H f 00 M 000
GLU A0054_ R f 00 S f  0.0 H f 00 M 000
ALA A0055_ R f 00 S f  0.0 H f 00 M 000
ALA A0056_ R f 00 S f  0.0 H f 00 M 000
VAL A0057_ R f 00 S f  0.0 H f 00 M 000
MET A0058_ R f 00 S f  0.0 H f 00 M 000
LYS A0059_ R f 00 S f  0.0 H f 00 M 000
GLU A0060_ R f 00 S f  0.0 H f 00 M 000
ILE A0061_ R f 00 S f  0.0 H f 00 M 000
LYS A0062_ R f 00 S f  0.0 H f 00 M 000
HIS A0063_ R f 00 S f  0.0 H f 00 M 000
PRO A0064_ R f 00 S f  0.0 H f 00 M 000
ASN A0065_ R f 00 S f  0.0 H f 00 M 000
LEU A0066_ R f 00 S f  0.0 H f 00 M 000
VAL A0067_ R f 00 S f  0.0 H f 00 M 000
GLN A0068_ R f 00 S f  0.0 H f 00 M 000
LEU A0069_ R f 00 S f  0.0 H f 00 M 000
LEU A0070_ R f 00 S f  0.0 H f 00 M 000
GLY A0071_ R f 00 S f  0.0 H f 00 M 000
VAL A0072_ R f 00 S f  0.0 H f 00 M 000
CYS A0073_ R f 00 S f  0.0 H f 00 M 000
THR A0074_ R f 00 S f  0.0 H f 00 M 000
ARG A0075_ R f 00 S f  0.0 H f 00 M 000
GLU A0076_ R f 00 S f  0.0 H f 00 M 000
PRO A0077_ R f 00 S f  0.0 H f 00 M 000
PRO A0078_ R f 00 S f  0.0 H f 00 M 000
PHE A0079_ R f 00 S f  0.0 H f 00 M 000
TYR A0080_ R f 00 S f  0.0 H f 00 M 000
ILE A0081_ R f 00 S f  0.0 H f 00 M 000
ILE A0082_ R f 00 S f  0.0 H f 00 M 000
THR A0083_ R f 00 S f  0.0 H f 00 M 000
GLU A0084_ R f 00 S f  0.0 H f 00 M 000
PHE A0085_ R f 00 S f  0.0 H f 00 M 000
MET A0086_ R f 00 S f  0.0 H f 00 M 000
THR A0087_ R f 00 S f  0.0 H f 00 M 000
TYR A0088_ R f 00 S f  0.0 H f 00 M 000
GLY A0089_ R f 00 S f  0.0 H f 00 M 000
ASN A0090_ R f 00 S f  0.0 H f 00 M 000
LEU A0091_ R f 00 S f  0.0 H f 00 M 000
LEU A0092_ R f 00 S f  0.0 H f 00 M 000
ASP A0093_ R f 00 S f  0.0 H f 00 M 000
TYR A0094_ R f 00 S f  0.0 H f 00 M 000
LEU A0095_ R f 00 S f  0.0 H f 00 M 000
ARG A0096_ R f 00 S f  0.0 H f 00 M 000
GLU A0097_ R f 00 S f  0.0 H f 00 M 000
CYS A0098_ R f 00 S f  0.0 H f 00 M 000
ASN A0099_ R f 00 S f  0.0 H f 00 M 000
ARG A0100_ R f 00 S f  0.0 H f 00 M 000
GLN A0101_ R f 00 S f  0.0 H f 00 M 000
GLU A0102_ R f 00 S f  0.0 H f 00 M 000
VAL A0103_ R f 00 S f  0.0 H f 00 M 000
ASN A0104_ R f 00 S f  0.0 H f 00 M 000
ALA A0105_ R f 00 S f  0.0 H f 00 M 000
VAL A0106_ R f 00 S f  0.0 H f 00 M 000
VAL A0107_ R f 00 S f  0.0 H f 00 M 000
LEU A0108_ R f 00 S f  0.0 H f 00 M 000
LEU A0109_ R f 00 S f  0.0 H f 00 M 000
TYR A0110_ R f 00 S f  0.0 H f 00 M 000
MET A0111_ R f 00 S f  0.0 H f 00 M 000
ALA A0112_ R f 00 S f  0.0 H f 00 M 000
THR A0113_ R f 00 S f  0.0 H f 00 M 000
GLN A0114_ R f 00 S f  0.0 H f 00 M 000
ILE A0115_ R f 00 S f  0.0 H f 00 M 000
SER A0116_ R f 00 S f  0.0 H f 00 M 000
SER A0117_ R f 00 S f  0.0 H f 00 M 000
ALA A0118_ R f 00 S f  0.0 H f 00 M 000
MET A0119_ R f 00 S f  0.0 H f 00 M 000
GLU A0120_ R f 00 S f  0.0 H f 00 M 000
TYR A0121_ R f 00 S f  0.0 H f 00 M 000
LEU A0122_ R f 00 S f  0.0 H f 00 M 000
GLU A0123_ R f 00 S f  0.0 H f 00 M 000
LYS A0124_ R f 00 S f  0.0 H f 00 M 000
LYS A0125_ R f 00 S f  0.0 H f 00 M 000
ASN A0126_ R f 00 S f  0.0 H f 00 M 000
PHE A0127_ R f 00 S f  0.0 H f 00 M 000
ILE A0128_ R f 00 S f  0.0 H f 00 M 000
HIS A0129_ R f 00 S f  0.0 H f 00 M 000
ARG A0130_ R f 00 S f  0.0 H f 00 M 000
ASP A0131_ R f 00 S f  0.0 H f 00 M 000
LEU A0132_ R f 00 S f  0.0 H f 00 M 000
ALA A0133_ R f 00 S f  0.0 H f 00 M 000
ALA A0134_ R f 00 S f  0.0 H f 00 M 000
ARG A0135_ R f 00 S f  0.0 H f 00 M 000
ASN A0136_ R f 00 S f  0.0 H f 00 M 000
CYS A0137_ R f 00 S f  0.0 H f 00 M 000
LEU A0138_ R f 00 S f  0.0 H f 00 M 000
VAL A0139_ R f 00 S f  0.0 H f 00 M 000
GLY A0140_ R f 00 S f  0.0 H f 00 M 000
GLU A0141_ R f 00 S f  0.0 H f 00 M 000
ASN A0142_ R f 00 S f  0.0 H f 00 M 000
HIS A0143_ R f 00 S f  0.0 H f 00 M 000
LEU A0144_ R f 00 S f  0.0 H f 00 M 000
VAL A0145_ R f 00 S f  0.0 H f 00 M 000
LYS A0146_ R f 00 S f  0.0 H f 00 M 000
VAL A0147_ R f 00 S f  0.0 H f 00 M 000
ALA A0148_ R f 00 S f  0.0 H f 00 M 000
ASP A0149_ R f 00 S f  0.0 H f 00 M 000
PHE A0150_ R f 00 S f  0.0 H f 00 M 000
GLY A0151_ R f 00 S f  0.0 H f 00 M 000
LEU A0152_ R f 00 S f  0.0 H f 00 M 000
SER A0153_ R f 00 S f  0.0 H f 00 M 000
ARG A0154_ R f 00 S f  0.0 H f 00 M 000
LEU A0155_ R f 00 S f  0.0 H f 00 M 000
MET A0156_ R f 00 S f  0.0 H f 00 M 000
THR A0157_ R f 00 S f  0.0 H f 00 M 000
GLY A0158_ R f 00 S f  0.0 H f 00 M 000
ASP A0159_ R f 00 S f  0.0 H f 00 M 000
THR A0160_ R f 00 S f  0.0 H f 00 M 000
TYR A0161_ R f 00 S f  0.0 H f 00 M 000
THR A0162_ R f 00 S f  0.0 H f 00 M 000
ALA A0163_ R f 00 S f  0.0 H f 00 M 000
HIS A0164_ R f 00 S f  0.0 H f 00 M 000
ALA A0165_ R f 00 S f  0.0 H f 00 M 000
GLY A0166_ R f 00 S f  0.0 H f 00 M 000
ALA A0167_ R f 00 S f  0.0 H f 00 M 000
LYS A0168_ R f 00 S f  0.0 H f 00 M 000
PHE A0169_ R f 00 S f  0.0 H f 00 M 000
PRO A0170_ R f 00 S f  0.0 H f 00 M 000
ILE A0171_ R f 00 S f  0.0 H f 00 M 000
LYS A0172_ R f 00 S f  0.0 H f 00 M 000
TRP A0173_ R f 00 S f  0.0 H f 00 M 000
THR A0174_ R f 00 S f  0.0 H f 00 M 000
ALA A0175_ R f 00 S f  0.0 H f 00 M 000
PRO A0176_ R f 00 S f  0.0 H f 00 M 000
GLU A0177_ R f 00 S f  0.0 H f 00 M 000
SER A0178_ R f 00 S f  0.0 H f 00 M 000
LEU A0179_ R f 00 S f  0.0 H f 00 M 000
ALA A0180_ R f 00 S f  0.0 H f 00 M 000
TYR A0181_ R f 00 S f  0.0 H f 00 M 000
ASN A0182_ R f 00 S f  0.0 H f 00 M 000
LYS A0183_ R f 00 S f  0.0 H f 00 M 000
PHE A0184_ R f 00 S f  0.0 H f 00 M 000
SER A0185_ R f 00 S f  0.0 H f 00 M 000
ILE A0186_ R f 00 S f  0.0 H f 00 M 000
LYS A0187_ R f 00 S f  0.0 H f 00 M 000
SER A0188_ R f 00 S f  0.0 H f 00 M 000
ASP A0189_ R f 00 S f  0.0 H f 00 M 000
VAL A0190_ R f 00 S f  0.0 H f 00 M 000
TRP A0191_ R f 00 S f  0.0 H f 00 M 000
ALA A0192_ R f 00 S f  0.0 H f 00 M 000
PHE A0193_ R f 00 S f  0.0 H f 00 M 000
GLY A0194_ R f 00 S f  0.0 H f 00 M 000
VAL A0195_ R f 00 S f  0.0 H f 00 M 000
LEU A0196_ R f 00 S f  0.0 H f 00 M 000
LEU A0197_ R f 00 S f  0.0 H f 00 M 000
TRP A0198_ R f 00 S f  0.0 H f 00 M 000
GLU A0199_ R f 00 S f  0.0 H f 00 M 000
ILE A0200_ R f 00 S f  0.0 H f 00 M 000
ALA A0201_ R f 00 S f  0.0 H f 00 M 000
THR A0202_ R f 00 S f  0.0 H f 00 M 000
TYR A0203_ R f 00 S f  0.0 H f 00 M 000
GLY A0204_ R f 00 S f  0.0 H f 00 M 000
MET A0205_ R f 00 S f  0.0 H f 00 M 000
SER A0206_ R f 00 S f  0.0 H f 00 M 000
PRO A0207_ R f 00 S f  0.0 H f 00 M 000
TYR A0208_ R f 00 S f  0.0 H f 00 M 000
PRO A0209_ R f 00 S f  0.0 H f 00 M 000
GLY A0210_ R f 00 S f  0.0 H f 00 M 000
ILE A0211_ R f 00 S f  0.0 H f 00 M 000
ASP A0212_ R f 00 S f  0.0 H f 00 M 000
LEU A0213_ R f 00 S f  0.0 H f 00 M 000
SER A0214_ R f 00 S f  0.0 H f 00 M 000
GLN A0215_ R f 00 S f  0.0 H f 00 M 000
VAL A0216_ R f 00 S f  0.0 H f 00 M 000
TYR A0217_ R f 00 S f  0.0 H f 00 M 000
GLU A0218_ R f 00 S f  0.0 H f 00 M 000
LEU A0219_ R f 00 S f  0.0 H f 00 M 000
LEU A0220_ R f 00 S f  0.0 H f 00 M 000
GLU A0221_ R f 00 S f  0.0 H f 00 M 000
LYS A0222_ R f 00 S f  0.0 H f 00 M 000
ASP A0223_ R f 00 S f  0.0 H f 00 M 000
TYR A0224_ R f 00 S f  0.0 H f 00 M 000
ARG A0225_ R f 00 S f  0.0 H f 00 M 000
MET A0226_ R f 00 S f  0.0 H f 00 M 000
GLU A0227_ R f 00 S f  0.0 H f 00 M 000
ARG A0228_ R f 00 S f  0.0 H f 00 M 000
PRO A0229_ R f 00 S f  0.0 H f 00 M 000
GLU A0230_ R f 00 S f  0.0 H f 00 M 000
GLY A0231_ R f 00 S f  0.0 H f 00 M 000
CYS A0232_ R f 00 S f  0.0 H f 00 M 000
PRO A0233_ R f 00 S f  0.0 H f 00 M 000
GLU A0234_ R f 00 S f  0.0 H f 00 M 000
LYS A0235_ R f 00 S f  0.0 H f 00 M 000
VAL A0236_ R f 00 S f  0.0 H f 00 M 000
TYR A0237_ R f 00 S f  0.0 H f 00 M 000
GLU A0238_ R f 00 S f  0.0 H f 00 M 000
LEU A0239_ R f 00 S f  0.0 H f 00 M 000
MET A0240_ R f 00 S f  0.0 H f 00 M 000
ARG A0241_ R f 00 S f  0.0 H f 00 M 000
ALA A0242_ R f 00 S f  0.0 H f 00 M 000
CYS A0243_ R f 00 S f  0.0 H f 00 M 000
TRP A0244_ R f 00 S f  0.0 H f 00 M 000
GLN A0245_ R f 00 S f  0.0 H f 00 M 000
TRP A0246_ R f 00 S f  0.0 H f 00 M 000
ASN A0247_ R f 00 S f  0.0 H f 00 M 000
PRO A0248_ R f 00 S f  0.0 H f 00 M 000
SER A0249_ R f 00 S f  0.0 H f 00 M 000
ASP A0250_ R f 00 S f  0.0 H f 00 M 000
ARG A0251_ R f 00 S f  0.0 H f 00 M 000
PRO A0252_ R f 00 S f  0.0 H f 00 M 000
SER A0253_ R f 00 S f  0.0 H f 00 M 000
PHE A0254_ R f 00 S f  0.0 H f 00 M 000
ALA A0255_ R f 00 S f  0.0 H f 00 M 000
GLU A0256_ R f 00 S f  0.0 H f 00 M 000
ILE A0257_ R f 00 S f  0.0 H f 00 M 000
HIS A0258_ R f 00 S f  0.0 H f 00 M 000
GLN A0259_ R f 00 S f  0.0 H f 00 M 000
ALA A0260_ R f 00 S f  0.0 H f 00 M 000
PHE A0261_ R f 00 S f  0.0 H f 00 M 000
GLU A0262_ R f 00 S f  0.0 H f 00 M 000
THR A0263_ R f 00 S f  0.0 H f 00 M 000
MET A0264_ R f 00 S f  0.0 H f 00 M 000
PHE A0265_ R f 00 S f  0.0 H f 00 M 000
GLN A0266_ R f 00 S f  0.0 H f 00 M 000
GLU A0267_ R f 00 S f  0.0 H f 00 M 000
SER A0268_ R f 00 S f  0.0 H f 00 M 000
SER A0269_ R f 00 S f  0.0 H f 00 M 000
ILE A0270_ R f 00 S f  0.0 H f 00 M 000
DB8 B0001_ R f 00 S f  0.0 H f 00 M 000
