CONFORMER         crg  vdw0  vdw1  tors  epol  self   occ  Hb     history    ASA
ASP01A0001_001  0.000 -1.11 -1.19  5.05  0.00  2.74 1.000  00  01O000M000  0.335
ASP01A0001_002  0.000 -1.11 -1.19  2.33  0.00  0.02 1.000  00  01O000M000  0.335
ASP02A0001_003  0.000 -0.92 -1.38  5.05  0.00  2.74 1.000  00  02O000M000  0.302
ASP02A0001_004  0.000 -0.92 -1.38  2.33  0.00  0.02 1.000  00  02O000M000  0.302
ASP-1A0001_005 -1.000 -1.06 -1.35  2.33  0.00 -0.08 1.000  00  -1O000M000  0.324
LYS01A0002_001  0.000 -4.74 31.89  7.19  0.00 34.33 1.000  00  01O000M000  0.756
LYS+1A0002_002  1.000 -4.79 31.88  7.19  0.00 34.28 1.000  00  +1O000M000  0.756
TRP01A0003_001  0.000 -0.40 -7.21  0.46  0.00 -7.16 1.000  00  01O000M000  0.193
GLU01A0004_001  0.000  2.62 -4.80  4.97  0.00  2.80 1.000  00  01O000M000  0.106
GLU01A0004_002  0.000  2.62 -4.80  2.25  0.00  0.08 1.000  00  01O000M000  0.106
GLU02A0004_003  0.000  1.97 -4.18  4.97  0.00  2.77 1.000  00  02O000M000  0.120
GLU02A0004_004  0.000  1.97 -4.18  2.25  0.00  0.05 1.000  00  02O000M000  0.120
GLU-1A0004_005 -1.000  1.92 -4.67  2.25  0.00 -0.50 1.000  00  -1O000M000  0.115
MET01A0005_001  0.000  1.51 -5.26  0.88  0.00 -2.86 1.000  00  01O000M000  0.059
GLU01A0006_001  0.000 -2.34 -1.98  5.66  0.00  1.34 1.000  00  01O000M000  0.636
GLU01A0006_002  0.000 -2.34 -1.98  2.94  0.00 -1.38 1.000  00  01O000M000  0.636
GLU02A0006_003  0.000 -2.19 -1.97  5.66  0.00  1.50 1.000  00  02O000M000  0.616
GLU02A0006_004  0.000 -2.19 -1.97  2.94  0.00 -1.22 1.000  00  02O000M000  0.616
GLU-1A0006_005 -1.000 -2.42 -1.95  2.94  0.00 -1.42 1.000  00  -1O000M000  0.633
ARG01A0007_001  0.000  5.42  2.12  3.52  0.00 11.06 1.000  00  01O000M000  0.211
ARG02A0007_002  0.000  5.37  2.09  3.52  0.00 10.98 1.000  00  02O000M000  0.211
ARG02A0007_003  0.000  5.43  2.08  3.52  0.00 11.04 1.000  00  02O000M000  0.211
ARG03A0007_004  0.000  5.37  2.21  3.52  0.00 11.09 1.000  00  03O000M000  0.211
ARG03A0007_005  0.000  5.37  1.93  3.52  0.00 10.82 1.000  00  03O000M000  0.211
ARG+1A0007_006  1.000  5.32  2.07  3.52  0.00 10.91 1.000  00  +1O000M000  0.211
THR01A0008_001  0.000 -5.42  2.78  1.87  0.00 -0.78 0.670  00  01O000M000  0.641
THR01A0008_002  0.000 -5.42  2.78  1.87  0.00 -0.78 0.670  00  01O000M000  0.641
ASP01A0009_001  0.000 -0.67 13.33  5.40  0.00 18.06 1.000  00  01O000M000  0.249
ASP01A0009_002  0.000 -0.67 13.33  2.68  0.00 15.34 1.000  00  01O000M000  0.249
ASP02A0009_003  0.000 -0.49 13.29  5.40  0.00 18.21 1.000  00  02O000M000  0.222
ASP02A0009_004  0.000 -0.49 13.29  2.68  0.00 15.49 1.000  00  02O000M000  0.222
ASP-1A0009_005 -1.000 -0.62 13.34  2.68  0.00 15.41 1.000  00  -1O000M000  0.235
ILE01A0010_001  0.000  1.18 -1.96  0.62  0.00 -0.15 1.000  00  01O000M000  0.000
THR01A0011_001  0.000 -3.23 -1.44  0.49  0.00 -4.17 0.661  00  01O000M000  0.397
MET01A0012_001  0.000 -2.73 -2.08  1.22  0.00 -3.59 1.000  00  01O000M000  0.225
LYS01A0013_001  0.000 -1.04 -1.93  5.63  0.00  2.67 1.000  00  01O000M000  0.427
LYS+1A0013_002  1.000 -1.10 -1.94  5.63  0.00  2.60 1.000  00  +1O000M000  0.427
HIS01A0014_001  0.000 -6.83 -3.09  0.11  0.00 -9.81 0.757  00  01O000M000  0.573
HIS01A0014_002  0.000 -6.69 -3.09  0.11  0.00 -9.67 0.743  00  01R001M000  0.567
HIS02A0014_003  0.000 -6.85 -3.12  0.11  0.00 -9.87 0.757  00  02O000M000  0.573
HIS02A0014_004  0.000 -6.71 -3.11  0.11  0.00 -9.71 0.743  00  02R001M000  0.567
HIS+1A0014_005  1.000 -6.88 -3.13  0.11  0.00 -9.90 0.757  00  +1O000M000  0.573
HIS+1A0014_006  1.000 -6.73 -3.12  0.11  0.00 -9.74 0.743  00  +1R001M000  0.567
LYS01A0015_001  0.000 -3.87 -4.53  1.61  0.00 -6.79 1.000  00  01O000M000  0.443
LYS+1A0015_002  1.000 -3.91 -4.54  1.61  0.00 -6.84 1.000  00  +1O000M000  0.443
LEU01A0016_001  0.000  0.71 -4.98  0.41  0.00 -3.87 1.000  00  01O000M000  0.063
GLN01A0020_001  0.000 -0.08999.00  2.83  0.00999.00 1.000  00  01O000M000  0.142
TYR01A0021_001  0.000 -2.00 -2.23  0.08  0.00 -4.16 1.000  00  01O000M000  0.359
TYR01A0021_002  0.000 -2.00 -2.23  0.08  0.00 -4.16 1.000  00  01O000M000  0.359
TYR-1A0021_003 -1.000 -2.00 -2.23  0.08  0.00 -4.16 1.000  00  -1O000M000  0.359
GLU01A0023_001  0.000 -0.70 -0.61  7.18  0.00  5.88 1.000  00  01O000M000  0.284
GLU01A0023_002  0.000 -0.70 -0.61  4.46  0.00  3.16 1.000  00  01O000M000  0.284
GLU02A0023_003  0.000 -0.58 -0.63  7.18  0.00  5.98 1.000  00  02O000M000  0.269
GLU02A0023_004  0.000 -0.58 -0.63  4.46  0.00  3.26 1.000  00  02O000M000  0.269
GLU-1A0023_005 -1.000 -0.75 -0.57  4.46  0.00  3.14 1.000  00  -1O000M000  0.290
VAL01A0024_001  0.000  0.67 -2.70  0.03  0.00 -2.01 1.000  00  01O000M000  0.000
TYR01A0025_001  0.000  1.69 -7.52  0.36  0.00 -5.46 1.000  00  01O000M000  0.188
TYR01A0025_002  0.000  1.69 -7.52  0.36  0.00 -5.46 1.000  00  01O000M000  0.188
TYR-1A0025_003 -1.000  1.69 -7.52  0.36  0.00 -5.46 1.000  00  -1O000M000  0.188
GLU01A0026_001  0.000  1.48 -2.85  3.62  0.00  2.25 1.000  00  01O000M000  0.246
GLU01A0026_002  0.000  1.48 -2.85  0.90  0.00 -0.47 1.000  00  01O000M000  0.246
GLU02A0026_003  0.000  0.86 -2.84  3.62  0.00  1.64 1.000  00  02O000M000  0.258
GLU02A0026_004  0.000  0.86 -2.84  0.90  0.00 -1.08 1.000  00  02O000M000  0.258
GLU-1A0026_005 -1.000  0.87 -2.80  0.90  0.00 -1.03 1.000  00  -1O000M000  0.247
VAL01A0028_001  0.000 -1.54 -0.73  1.39  0.00 -0.88 1.000  00  01O000M000  0.212
TRP01A0029_001  0.000  1.13 -4.09  0.37  0.00 -2.59 1.000  00  01O000M000  0.097
LYS01A0030_001  0.000 -4.62 -3.54  1.15  0.00 -7.01 1.000  00  01O000M000  0.465
LYS+1A0030_002  1.000 -4.67 -3.19  1.15  0.00 -6.71 1.000  00  +1O000M000  0.465
LYS01A0031_001  0.000 -5.16 -1.41  3.34  0.00 -3.23 1.000  00  01O000M000  0.541
LYS+1A0031_002  1.000 -5.21 -1.41  3.34  0.00 -3.28 1.000  00  +1O000M000  0.541
TYR01A0032_001  0.000 -2.30 -3.41  0.17  0.00 -5.54 1.000  00  01O000M000  0.458
TYR01A0032_002  0.000 -2.30 -3.41  0.17  0.00 -5.54 1.000  00  01O000M000  0.458
TYR-1A0032_003 -1.000 -2.30 -3.41  0.17  0.00 -5.54 1.000  00  -1O000M000  0.458
SER01A0033_001  0.000 -4.91 -0.35  0.45  0.00 -4.80 0.672  00  01O000M000  0.831
SER01A0033_002  0.000 -4.91 -0.35  0.08  0.00 -5.18 0.672  00  01O000M000  0.831
LEU01A0034_001  0.000 -3.65 -3.18  0.44  0.00 -6.40 1.000  00  01O000M000  0.419
THR01A0035_001  0.000 -2.49 -1.78  0.40  0.00 -3.87 0.666  00  01O000M000  0.319
VAL01A0036_001  0.000  0.58 -3.34  0.14  0.00 -2.62 1.000  00  01O000M000  0.000
ALA01A0037_001  0.000  0.00 -2.09  0.00  0.00 -2.09 1.000  00  01O000M000  0.000
VAL01A0038_001  0.000  0.64 -3.98  0.05  0.00 -3.29 1.000  00  01O000M000  0.000
LYS01A0039_001  0.000  1.51 -6.95  1.72  0.00 -3.72 1.000  00  01O000M000  0.000
LYS+1A0039_002  1.000  1.47 -6.98  1.72  0.00 -3.79 1.000  00  +1O000M000  0.000
THR01A0040_001  0.000 -0.19  0.47  0.98  0.00  1.27 0.670  00  01O000M000  0.048
THR01A0040_002  0.000 -0.19  0.47  0.61  0.00  0.89 0.670  00  01O000M000  0.048
LEU01A0041_001  0.000  2.36 -4.68  2.36  0.00  0.03 1.000  00  01O000M000  0.022
LYS01A0042_001  0.000 -6.05  2.50  2.73  0.00 -0.82 1.000  00  01O000M000  0.546
LYS+1A0042_002  1.000 -6.12  2.49  2.73  0.00 -0.91 1.000  00  +1O000M000  0.546
GLU01A0043_001  0.000 -3.29  1.56  4.27  0.00  2.54 1.000  00  01O000M000  0.831
GLU01A0043_002  0.000 -3.29  1.56  1.55  0.00 -0.18 1.000  00  01O000M000  0.831
GLU02A0043_003  0.000 -3.25  1.57  4.27  0.00  2.59 1.000  00  02O000M000  0.810
GLU02A0043_004  0.000 -3.25  1.57  1.55  0.00 -0.13 1.000  00  02O000M000  0.810
GLU-1A0043_005 -1.000 -3.31  1.59  1.55  0.00 -0.17 1.000  00  -1O000M000  0.823
ASP01A0044_001  0.000 -2.47  1.46  5.45  0.00  4.44 1.000  00  01O000M000  0.582
ASP01A0044_002  0.000 -2.47  1.46  2.73  0.00  1.72 1.000  00  01O000M000  0.582
ASP02A0044_003  0.000 -2.52  0.87  5.45  0.00  3.80 1.000  00  02O000M000  0.601
ASP02A0044_004  0.000 -2.52  0.87  2.73  0.00  1.08 1.000  00  02O000M000  0.601
ASP-1A0044_005 -1.000 -2.45  0.91  2.73  0.00  1.19 1.000  00  -1O000M000  0.590
THR01A0045_001  0.000 -2.44 13.09  0.82  0.00 11.46 0.659  00  01O000M000  0.297
THR01A0045_002  0.000 -2.44 13.09  0.44  0.00 11.09 0.659  00  01O000M000  0.297
MET01A0046_001  0.000 -7.11 -0.76  2.91  0.00 -4.95 1.000  00  01O000M000  0.872
GLU01A0047_001  0.000 -1.21 10.77  7.70  0.00 17.25 1.000  00  01O000M000  0.482
GLU01A0047_002  0.000 -1.21 10.77  4.98  0.00 14.53 1.000  00  01O000M000  0.482
GLU02A0047_003  0.000 -1.16 10.76  7.70  0.00 17.30 1.000  00  02O000M000  0.455
GLU02A0047_004  0.000 -1.16 10.76  4.98  0.00 14.58 1.000  00  02O000M000  0.455
GLU-1A0047_005 -1.000 -1.24 10.82  4.98  0.00 14.55 1.000  00  -1O000M000  0.461
VAL01A0048_001  0.000 -1.27  7.26  2.49  0.00  8.48 1.000  00  01O000M000  0.188
GLU01A0049_001  0.000  2.50 -1.62  5.73  0.00  6.61 1.000  00  01O000M000  0.624
GLU01A0049_002  0.000  2.50 -1.62  3.01  0.00  3.89 1.000  00  01O000M000  0.624
GLU02A0049_003  0.000  1.43 -1.60  5.73  0.00  5.56 1.000  00  02O000M000  0.643
GLU02A0049_004  0.000  1.43 -1.60  3.01  0.00  2.84 1.000  00  02O000M000  0.643
GLU-1A0049_005 -1.000  1.42 -1.57  3.01  0.00  2.86 1.000  00  -1O000M000  0.636
GLU01A0050_001  0.000  0.69 -2.08  4.23  0.00  2.84 1.000  00  01O000M000  0.335
GLU01A0050_002  0.000  0.69 -2.08  1.51  0.00  0.12 1.000  00  01O000M000  0.335
GLU02A0050_003  0.000  1.37 -2.13  4.23  0.00  3.48 1.000  00  02O000M000  0.317
GLU02A0050_004  0.000  1.37 -2.13  1.51  0.00  0.76 1.000  00  02O000M000  0.317
GLU-1A0050_005 -1.000  0.74 -2.05  1.51  0.00  0.20 1.000  00  -1O000M000  0.327
PHE01A0051_001  0.000  4.52 -7.92  0.81  0.00 -2.59 1.000  00  01O000M000  0.000
LEU01A0052_001  0.000 -1.32  7.17  2.85  0.00  8.70 1.000  00  01O000M000  0.336
LYS01A0053_001  0.000 -4.26  0.43  4.24  0.00  0.41 1.000  00  01O000M000  0.537
LYS+1A0053_002  1.000 -4.33  0.43  4.24  0.00  0.34 1.000  00  +1O000M000  0.537
GLU01A0054_001  0.000  1.14 -0.40  3.25  0.00  4.00 1.000  00  01O000M000  0.008
GLU01A0054_002  0.000  1.14 -0.40  0.53  0.00  1.28 1.000  00  01O000M000  0.008
GLU02A0054_003  0.000  1.40 -0.39  3.25  0.00  4.26 1.000  00  02O000M000  0.015
GLU02A0054_004  0.000  1.40 -0.39  0.53  0.00  1.54 1.000  00  02O000M000  0.015
GLU-1A0054_005 -1.000  1.04 -0.30  0.53  0.00  1.27 1.000  00  -1O000M000  0.016
ALA01A0055_001  0.000 -0.10 -0.55  0.00  0.00 -0.65 1.000  00  01O000M000  0.018
ALA01A0056_001  0.000 -3.00 -1.09  0.00  0.00 -4.09 1.000  00  01O000M000  0.559
VAL01A0057_001  0.000 -0.12  6.79  0.05  0.00  6.72 1.000  00  01O000M000  0.084
MET01A0058_001  0.000  0.09 -6.98  0.26  0.00 -6.63 1.000  00  01O000M000  0.000
LYS01A0059_001  0.000 -1.14 -1.43  1.20  0.00 -1.37 1.000  00  01O000M000  0.171
LYS+1A0059_002  1.000 -1.19 -1.44  1.20  0.00 -1.43 1.000  00  +1O000M000  0.171
GLU01A0060_001  0.000 -0.93 -0.57  4.91  0.00  3.42 1.000  00  01O000M000  0.516
GLU01A0060_002  0.000 -0.93 -0.57  2.19  0.00  0.70 1.000  00  01O000M000  0.516
GLU02A0060_003  0.000 -1.15 -0.60  4.91  0.00  3.17 1.000  00  02O000M000  0.511
GLU02A0060_004  0.000 -1.15 -0.60  2.19  0.00  0.45 1.000  00  02O000M000  0.511
GLU-1A0060_005 -1.000 -1.27 -0.52  2.19  0.00  0.40 1.000  00  -1O000M000  0.515
ILE01A0061_001  0.000  1.39  2.01  3.37  0.00  6.77 1.000  00  01O000M000  0.000
LYS01A0062_001  0.000 -6.56 -0.63  1.58  0.00 -5.60 1.000  00  01O000M000  0.730
LYS+1A0062_002  1.000 -6.61 -0.63  1.58  0.00 -5.67 1.000  00  +1O000M000  0.730
HIS01A0063_001  0.000 -1.25 -6.53  0.06  0.00 -7.72 0.746  00  01O000M000  0.097
HIS01A0063_002  0.000 -1.30  2.11  0.06  0.00  0.87 0.754  00  01R001M000  0.103
HIS02A0063_003  0.000 -1.27 -6.70  0.06  0.00 -7.91 0.746  00  02O000M000  0.097
HIS02A0063_004  0.000 -1.32  2.17  0.06  0.00  0.92 0.754  00  02R001M000  0.103
HIS+1A0063_005  1.000 -1.30 -6.75  0.06  0.00 -7.98 0.746  00  +1O000M000  0.097
HIS+1A0063_006  1.000 -1.34  2.07  0.06  0.00  0.80 0.754  00  +1R001M000  0.103
PRO01A0064_001  0.000 -5.65  3.34  0.00  0.00 -2.31 1.000  00  01O000M000  0.607
ASN01A0065_001  0.000 -0.28 -4.85  0.98  0.00 -4.15 0.747  00  01O000M000  0.116
ASN01A0065_002  0.000 -0.21 -5.32  0.97  0.00 -4.57 0.753  00  01R001M000  0.126
LEU01A0066_001  0.000  1.62 -5.87  0.84  0.00 -3.41 1.000  00  01O000M000  0.000
VAL01A0067_001  0.000  0.56  0.52  0.00  0.00  1.08 1.000  00  01O000M000  0.000
GLN01A0068_001  0.000 -0.22 -3.81  1.38  0.00 -2.65 0.748  00  01O000M000  0.192
GLN01A0068_002  0.000 -0.33 -3.78  1.39  0.00 -2.71 0.752  00  01R001M000  0.229
LEU01A0069_001  0.000  2.10 -5.98  0.67  0.00 -3.21 1.000  00  01O000M000  0.000
LEU01A0070_001  0.000 -0.05 -5.32  0.43  0.00 -4.94 1.000  00  01O000M000  0.164
VAL01A0072_001  0.000  0.46 -0.41  0.02  0.00  0.07 1.000  00  01O000M000  0.000
CYS01A0073_001  0.000 -0.15 -3.60  0.02  0.00 -3.73 1.000  00  01O000M000  0.020
CYS01A0073_002  0.000 -0.15 -3.74  0.02  0.00 -3.87 1.000  00  01O000M000  0.020
CYS01A0073_003  0.000 -0.15 -3.76  0.02  0.00 -3.89 1.000  00  01O000M000  0.020
CYS-1A0073_004 -1.000 -0.14 -3.63  0.02  0.00 -3.75 1.000  00  -1O000M000  0.020
THR01A0074_001  0.000 -0.73  2.60  0.81  0.00  2.67 0.674  00  01O000M000  0.111
THR01A0074_002  0.000 -0.73  2.60  0.43  0.00  2.30 0.674  00  01O000M000  0.111
ARG01A0075_001  0.000 -7.13 -2.21  1.01  0.00 -8.33 1.000  00  01O000M000  0.553
ARG02A0075_002  0.000 -7.17 -2.22  1.01  0.00 -8.37 1.000  00  02O000M000  0.553
ARG03A0075_003  0.000 -7.17 -2.21  1.01  0.00 -8.36 1.000  00  03O000M000  0.553
ARG+1A0075_004  1.000 -7.21 -2.22  1.01  0.00 -8.42 1.000  00  +1O000M000  0.553
GLU01A0076_001  0.000  0.76  3.58  5.34  0.00  9.68 1.000  00  01O000M000  0.521
GLU01A0076_002  0.000  0.76  3.58  2.62  0.00  6.96 1.000  00  01O000M000  0.521
GLU02A0076_003  0.000  0.02  3.33  5.34  0.00  8.69 1.000  00  02O000M000  0.537
GLU02A0076_004  0.000  0.02  3.33  2.62  0.00  5.97 1.000  00  02O000M000  0.537
GLU-1A0076_005 -1.000  0.05  3.37  2.62  0.00  6.04 1.000  00  -1O000M000  0.527
PRO01A0077_001  0.000 -2.53 -2.17  0.00  0.00 -4.70 1.000  00  01O000M000  0.290
PRO01A0078_001  0.000 -2.89 -2.63  0.00  0.00 -5.52 1.000  00  01O000M000  0.324
PHE01A0079_001  0.000  3.63 -7.99  0.00  0.00 -4.36 1.000  00  01O000M000  0.051
TYR01A0080_001  0.000  3.43  0.21  0.27  0.00  3.91 1.000  00  01O000M000  0.053
TYR-1A0080_002 -1.000  3.43  0.21  0.27  0.00  3.91 1.000  00  -1O000M000  0.053
ILE01A0081_001  0.000  3.64 -3.23  1.00  0.00  1.42 1.000  00  01O000M000  0.000
ILE01A0082_001  0.000  1.30 -1.62  0.71  0.00  0.40 1.000  00  01O000M000  0.000
THR01A0083_001  0.000  0.23 -2.80  0.41  0.00 -2.17 0.659  00  01O000M000  0.000
THR01A0083_002  0.000  0.23 -2.80  0.41  0.00 -2.17 0.659  00  01O000M000  0.000
THR01A0083_003  0.000  0.23 -2.80  0.03  0.00 -2.54 0.659  00  01O000M000  0.000
GLU01A0084_001  0.000 -0.19999.00  3.41  0.00999.00 1.000  00  01O000M000  0.232
GLU01A0084_002  0.000 -0.19  1.76  0.69  0.00  2.25 1.000  00  01O000M000  0.232
GLU02A0084_003  0.000 -0.13  0.30  3.41  0.00  3.58 1.000  00  02O000M000  0.246
GLU02A0084_004  0.000 -0.13  0.30  0.69  0.00  0.86 1.000  00  02O000M000  0.246
GLU-1A0084_005 -1.000 -0.26  0.36  0.69  0.00  0.79 1.000  00  -1O000M000  0.225
PHE01A0085_001  0.000  2.93 -7.89  0.17  0.00 -4.79 1.000  00  01O000M000  0.096
MET01A0086_001  0.000  0.70 -6.44  0.07  0.00 -5.67 1.000  00  01O000M000  0.006
THR01A0087_001  0.000 -2.56  3.44  1.59  0.00  2.47 0.666  00  01O000M000  0.323
THR01A0087_002  0.000 -2.56  3.44  1.21  0.00  2.10 0.666  00  01O000M000  0.323
TYR01A0088_001  0.000 -1.35 -4.68  0.29  0.00 -5.74 1.000  00  01O000M000  0.384
TYR-1A0088_002 -1.000 -1.35 -4.68  0.29  0.00 -5.74 1.000  00  -1O000M000  0.384
ASN01A0090_001  0.000 -0.32 -4.39  1.54  0.00 -3.17 0.751  00  01O000M000  0.159
ASN01A0090_002  0.000 -0.31 -2.71  1.54  0.00 -1.47 0.749  00  01R001M000  0.143
LEU01A0091_001  0.000  1.49 -4.66  0.49  0.00 -2.69 1.000  00  01O000M000  0.000
LEU01A0092_001  0.000  0.08 -4.56  0.57  0.00 -3.90 1.000  00  01O000M000  0.127
ASP01A0093_001  0.000 -1.47 -0.19  3.06  0.00  1.40 1.000  00  01O000M000  0.363
ASP01A0093_002  0.000 -1.47 -0.19  0.34  0.00 -1.32 1.000  00  01O000M000  0.363
ASP02A0093_003  0.000 -1.44 -0.72  3.06  0.00  0.91 1.000  00  02O000M000  0.370
ASP02A0093_004  0.000 -1.44 -0.72  0.34  0.00 -1.81 1.000  00  02O000M000  0.370
ASP-1A0093_005 -1.000 -1.44 -0.67  0.34  0.00 -1.77 1.000  00  -1O000M000  0.360
TYR01A0094_001  0.000  3.22 -6.19  0.00  0.00 -2.96 1.000  00  01O000M000  0.063
TYR01A0094_002  0.000  3.22 -6.19  0.00  0.00 -2.96 1.000  00  01O000M000  0.063
TYR-1A0094_003 -1.000  3.22 -6.19  0.00  0.00 -2.96 1.000  00  -1O000M000  0.063
LEU01A0095_001  0.000  1.24 -2.96  0.84  0.00 -0.88 1.000  00  01O000M000  0.000
ARG01A0096_001  0.000 -4.49 -4.39  0.76  0.00 -8.12 1.000  00  01O000M000  0.388
ARG02A0096_002  0.000 -4.53 -3.89  0.76  0.00 -7.66 1.000  00  02O000M000  0.388
ARG03A0096_003  0.000 -4.53 -3.78  0.76  0.00 -7.55 1.000  00  03O000M000  0.388
ARG+1A0096_004  1.000 -4.58 -3.89  0.76  0.00 -7.70 1.000  00  +1O000M000  0.388
GLU01A0097_001  0.000  1.73 -2.83  4.21  0.00  3.11 1.000  00  01O000M000  0.447
GLU01A0097_002  0.000  1.73 -2.83  1.49  0.00  0.39 1.000  00  01O000M000  0.447
GLU02A0097_003  0.000  0.83 -2.82  4.21  0.00  2.22 1.000  00  02O000M000  0.470
GLU02A0097_004  0.000  0.83 -2.82  1.49  0.00 -0.50 1.000  00  02O000M000  0.470
GLU-1A0097_005 -1.000  0.96 -2.76  1.49  0.00 -0.31 1.000  00  -1O000M000  0.448
CYS01A0098_001  0.000 -0.05 -2.25  0.19  0.00 -2.11 1.000  00  01O000M000  0.007
CYS01A0098_002  0.000 -0.05 -2.30  0.19  0.00 -2.16 1.000  00  01O000M000  0.007
CYS01A0098_003  0.000 -0.05 -2.19  0.19  0.00 -2.04 1.000  00  01O000M000  0.007
CYS-1A0098_004 -1.000 -0.05 -2.12  0.19  0.00 -1.98 1.000  00  -1O000M000  0.007
ASN01A0099_001  0.000 -2.48  0.48  0.26  0.00 -1.74 1.000  00  01O000M000  0.586
ARG01A0100_001  0.000 -4.72 -3.41  0.87  0.00 -7.27 1.000  00  01O000M000  0.510
ARG02A0100_002  0.000 -4.71 -3.42  0.87  0.00 -7.26 1.000  00  02O000M000  0.510
ARG03A0100_003  0.000 -4.76 -3.41  0.87  0.00 -7.31 1.000  00  03O000M000  0.510
ARG+1A0100_004  1.000 -4.81 -3.43  0.87  0.00 -7.37 1.000  00  +1O000M000  0.510
GLN01A0101_001  0.000 -3.23 -1.60  1.01  0.00 -3.82 0.745  00  01O000M000  0.794
GLN01A0101_002  0.000 -3.21 -1.57  1.05  0.00 -3.72 0.755  00  01R001M000  0.816
GLU01A0102_001  0.000 -0.48  1.97  3.91  0.00  5.41 1.000  00  01O000M000  0.454
GLU01A0102_002  0.000 -0.48  1.97  1.19  0.00  2.69 1.000  00  01O000M000  0.454
GLU02A0102_003  0.000 -0.63  1.99  3.91  0.00  5.27 1.000  00  02O000M000  0.429
GLU02A0102_004  0.000 -0.63  1.99  1.19  0.00  2.55 1.000  00  02O000M000  0.429
GLU-1A0102_005 -1.000 -0.68  2.03  1.19  0.00  2.54 1.000  00  -1O000M000  0.433
VAL01A0103_001  0.000  0.46  0.74  0.01  0.00  1.21 1.000  00  01O000M000  0.000
ASN01A0104_001  0.000 -1.88 -1.09  0.22  0.00 -2.76 1.000  00  01O000M000  0.446
ALA01A0105_001  0.000 -3.19 -0.59  0.00  0.00 -3.78 1.000  00  01O000M000  0.579
VAL01A0106_001  0.000 -2.37 -0.32  0.15  0.00 -2.54 1.000  00  01O000M000  0.310
VAL01A0107_001  0.000 -0.32 -2.45  0.00  0.00 -2.77 1.000  00  01O000M000  0.101
LEU01A0108_001  0.000  0.48 -1.59  0.48  0.00 -0.63 1.000  00  01O000M000  0.083
LEU01A0109_001  0.000  1.13 -4.21  1.09  0.00 -1.99 1.000  00  01O000M000  0.065
TYR01A0110_001  0.000 -0.10 -4.81  0.01  0.00 -4.89 1.000  00  01O000M000  0.285
TYR-1A0110_002 -1.000 -0.10 -4.81  0.01  0.00 -4.89 1.000  00  -1O000M000  0.285
MET01A0111_001  0.000  0.13 -5.38  1.88  0.00 -3.37 1.000  00  01O000M000  0.000
ALA01A0112_001  0.000 -0.05 -1.76  0.00  0.00 -1.81 1.000  00  01O000M000  0.009
THR01A0113_001  0.000 -0.26 -2.61  0.39  0.00 -2.48 0.671  00  01O000M000  0.054
THR01A0113_002  0.000 -0.26 -2.61  0.39  0.00 -2.48 0.671  00  01O000M000  0.054
GLN01A0114_001  0.000  0.34 -5.26  2.02  0.00 -2.90 0.756  00  01O000M000  0.051
GLN01A0114_002  0.000  0.26 -2.91  2.02  0.00 -0.63 0.744  00  01R001M000  0.060
ILE01A0115_001  0.000  1.21 -2.25  0.58  0.00 -0.46 1.000  00  01O000M000  0.000
SER01A0116_001  0.000  0.00 -1.56  0.91  0.00 -0.65 0.660  00  01O000M000  0.000
SER01A0116_002  0.000  0.00 -1.56  0.91  0.00 -0.65 0.660  00  01O000M000  0.000
SER01A0117_001  0.000 -1.21 -1.93  0.48  0.00 -2.67 0.670  00  01O000M000  0.198
SER01A0117_002  0.000 -1.21 -1.93  0.48  0.00 -2.67 0.670  00  01O000M000  0.198
ALA01A0118_001  0.000  0.00 -1.81  0.00  0.00 -1.81 1.000  00  01O000M000  0.000
MET01A0119_001  0.000  1.61 -4.28  0.32  0.00 -2.36 1.000  00  01O000M000  0.000
GLU01A0120_001  0.000  0.02 -5.60  2.99  0.00 -2.59 1.000  00  01O000M000  0.307
GLU01A0120_002  0.000  0.02 -5.60  0.27  0.00 -5.31 1.000  00  01O000M000  0.307
GLU02A0120_003  0.000 -0.36 -5.55  2.99  0.00 -2.93 1.000  00  02O000M000  0.320
GLU02A0120_004  0.000 -0.36 -5.55  0.27  0.00 -5.65 1.000  00  02O000M000  0.320
GLU-1A0120_005 -1.000 -0.34 -5.50  0.27  0.00 -5.58 1.000  00  -1O000M000  0.314
TYR01A0121_001  0.000  2.11 -3.51  0.19  0.00 -1.22 1.000  00  01O000M000  0.154
TYR-1A0121_002 -1.000  2.11 -3.51  0.19  0.00 -1.22 1.000  00  -1O000M000  0.154
LEU01A0122_001  0.000  1.36 -4.64  0.46  0.00 -2.83 1.000  00  01O000M000  0.000
GLU01A0123_001  0.000 -0.13 -1.27  4.53  0.00  3.12 1.000  00  01O000M000  0.118
GLU01A0123_002  0.000 -0.13997.73  1.81  0.00999.00 1.000  00  01O000M000  0.118
GLU02A0123_003  0.000 -0.14 -2.17  4.53  0.00  2.22 1.000  00  02O000M000  0.125
GLU02A0123_004  0.000 -0.14 -2.17  1.81  0.00 -0.50 1.000  00  02O000M000  0.125
GLU-1A0123_005 -1.000 -0.21 -2.23  1.81  0.00 -0.63 1.000  00  -1O000M000  0.120
LYS01A0124_001  0.000 -4.32 -1.75  3.15  0.00 -2.92 1.000  00  01O000M000  0.513
LYS+1A0124_002  1.000 -4.37 -1.76  3.15  0.00 -2.98 1.000  00  +1O000M000  0.513
LYS01A0125_001  0.000 -3.51 -2.25  1.70  0.00 -4.07 1.000  00  01O000M000  0.423
LYS+1A0125_002  1.000 -3.56 -2.25  1.70  0.00 -4.11 1.000  00  +1O000M000  0.423
ASN01A0126_001  0.000 -2.02 -0.01  0.87  0.00 -1.16 0.752  00  01O000M000  0.472
ASN01A0126_002  0.000 -2.00 -0.30  0.84  0.00 -1.46 0.748  00  01R001M000  0.520
PHE01A0127_001  0.000  4.44 -9.07  0.93  0.00 -3.70 1.000  00  01O000M000  0.011
ILE01A0128_001  0.000  2.56 -4.98  0.44  0.00 -1.97 1.000  00  01O000M000  0.000
HIS01A0129_001  0.000 -0.23 -4.36  0.19  0.00 -4.41 1.000  00  01O000M000  0.000
HIS02A0129_002  0.000 -0.25994.65  0.19  0.00994.59 1.000  00  02O000M000  0.000
HIS+1A0129_003  1.000 -0.27994.61  0.19  0.00994.52 1.000  00  +1O000M000  0.000
ARG01A0130_001  0.000 -0.31 -4.39  2.82  0.00 -1.88 1.000  00  01O000M000  0.315
ARG02A0130_002  0.000 -0.35 -4.22  2.82  0.00 -1.75 1.000  00  02O000M000  0.315
ARG03A0130_003  0.000 -0.35 -4.39  2.82  0.00 -1.92 1.000  00  03O000M000  0.315
ARG+1A0130_004  1.000 -0.40 -4.40  2.82  0.00 -1.98 1.000  00  +1O000M000  0.315
ASP01A0131_001  0.000 -0.60  2.28  3.82  0.00  5.50 1.000  00  01O000M000  0.153
ASP01A0131_002  0.000 -0.60  2.28  1.10  0.00  2.78 1.000  00  01O000M000  0.153
ASP02A0131_003  0.000 -0.57  1.78  3.82  0.00  5.04 1.000  00  02O000M000  0.156
ASP02A0131_004  0.000 -0.57  1.78  1.10  0.00  2.32 1.000  00  02O000M000  0.156
ASP-1A0131_005 -1.000 -0.61  1.84  1.10  0.00  2.33 1.000  00  -1O000M000  0.158
LEU01A0132_001  0.000  2.78 -1.10  3.48  0.00  5.16 1.000  00  01O000M000  0.000
ALA01A0133_001  0.000  0.00 -0.89  0.00  0.00 -0.89 1.000  00  01O000M000  0.000
ALA01A0134_001  0.000  0.00 -1.83  0.00  0.00 -1.83 1.000  00  01O000M000  0.000
ARG01A0135_001  0.000 -2.61 -1.87  0.46  0.00 -4.02 1.000  00  01O000M000  0.275
ARG02A0135_002  0.000 -2.62 -1.87  0.46  0.00 -4.03 1.000  00  02O000M000  0.275
ARG03A0135_003  0.000 -2.63 -1.86  0.46  0.00 -4.03 1.000  00  03O000M000  0.275
ARG03A0135_004  0.000 -2.63 -1.87  0.46  0.00 -4.03 1.000  00  03O000M000  0.275
ARG+1A0135_005  1.000 -2.67 -1.88  0.46  0.00 -4.09 1.000  00  +1O000M000  0.275
ASN01A0136_001  0.000 -0.36  1.95  0.31  0.00  1.89 0.754  00  01O000M000  0.134
ASN01A0136_002  0.000 -0.47 -0.23  0.32  0.00 -0.39 0.746  00  01R001M000  0.115
CYS01A0137_001  0.000 -0.00 -4.61  0.00  0.00 -4.61 1.000  00  01O000M000  0.000
CYS01A0137_002  0.000 -0.00 -4.69  0.00  0.00 -4.69 1.000  00  01O000M000  0.000
CYS01A0137_003  0.000 -0.00 -4.57  0.00  0.00 -4.57 1.000  00  01O000M000  0.000
CYS-1A0137_004 -1.000  0.00 -4.54  0.00  0.00 -4.54 1.000  00  -1O000M000  0.000
LEU01A0138_001  0.000  1.77 -2.57  0.70  0.00 -0.11 1.000  00  01O000M000  0.000
VAL01A0139_001  0.000  0.35 -4.17  0.19  0.00 -3.63 1.000  00  01O000M000  0.000
GLU01A0141_001  0.000 -2.03 -0.70  3.99  0.00  1.26 1.000  00  01O000M000  0.809
GLU01A0141_002  0.000 -2.03 -0.70  1.27  0.00 -1.46 1.000  00  01O000M000  0.809
GLU02A0141_003  0.000 -2.37 -0.68  3.99  0.00  0.93 1.000  00  02O000M000  0.810
GLU02A0141_004  0.000 -2.37 -0.68  1.27  0.00 -1.79 1.000  00  02O000M000  0.810
GLU-1A0141_005 -1.000 -2.30 -0.67  1.27  0.00 -1.70 1.000  00  -1O000M000  0.812
ASN01A0142_001  0.000 -3.05  0.16  1.16  0.00 -1.73 0.750  00  01O000M000  0.689
ASN01A0142_002  0.000 -2.86  0.14  1.14  0.00 -1.59 0.750  00  01R001M000  0.674
HIS01A0143_001  0.000 -1.89 -0.58  0.55  0.00 -1.92 0.000  00  01O000M000  0.141
HIS01A0143_002  0.000 -1.87 -0.53  0.55  0.00 -1.85 1.000  00  01R001M000  0.142
HIS02A0143_003  0.000 -1.91 -0.64  0.55  0.00 -1.99 0.000  00  02O000M000  0.141
HIS02A0143_004  0.000 -1.88 -0.55  0.55  0.00 -1.87 1.000  00  02R001M000  0.142
HIS+1A0143_005  1.000 -1.94 -0.66  0.55  0.00 -2.04 0.000  00  +1O000M000  0.141
HIS+1A0143_006  1.000 -1.91 -0.56  0.55  0.00 -1.92 1.000  00  +1R001M000  0.142
LEU01A0144_001  0.000 -2.11 -4.84  0.57  0.00 -6.38 1.000  00  01O000M000  0.304
VAL01A0145_001  0.000  0.60 -2.66  0.01  0.00 -2.05 1.000  00  01O000M000  0.000
LYS01A0146_001  0.000 -0.32 -7.18  1.47  0.00 -6.03 1.000  00  01O000M000  0.080
LYS+1A0146_002  1.000 -0.36 -7.21  1.47  0.00 -6.10 1.000  00  +1O000M000  0.080
VAL01A0147_001  0.000  0.52 -0.97  0.29  0.00 -0.16 1.000  00  01O000M000  0.000
ALA01A0148_001  0.000  0.00 -1.11  0.00  0.00 -1.11 1.000  00  01O000M000  0.000
ASP01A0149_001  0.000  0.12 -0.26  2.99  0.00  2.85 1.000  00  01O000M000  0.000
ASP01A0149_002  0.000  0.12 -0.26  0.27  0.00  0.13 1.000  00  01O000M000  0.000
ASP02A0149_003  0.000  0.20 -0.90  2.99  0.00  2.29 1.000  00  02O000M000  0.000
ASP02A0149_004  0.000  0.20 -0.90  0.27  0.00 -0.43 1.000  00  02O000M000  0.000
ASP-1A0149_005 -1.000  0.12 -0.97  0.27  0.00 -0.59 1.000  00  -1O000M000  0.000
PHE01A0150_001  0.000  3.42 -3.66  0.27  0.00  0.02 1.000  00  01O000M000  0.055
LEU01A0152_001  0.000  1.68 -2.00  0.48  0.00  0.16 1.000  00  01O000M000  0.000
SER01A0153_001  0.000 -0.41 -1.89  0.76  0.00 -1.54 0.669  00  01O000M000  0.067
SER01A0153_002  0.000 -0.41 -1.89  0.76  0.00 -1.54 0.669  00  01O000M000  0.067
SER01A0153_003  0.000 -0.41 -1.89  0.38  0.00 -1.92 0.669  00  01O000M000  0.067
ARG01A0154_001  0.000 -1.44 -3.26  1.96  0.00 -2.74 1.000  00  01O000M000  0.282
ARG02A0154_002  0.000 -1.47 -3.26  1.96  0.00 -2.77 1.000  00  02O000M000  0.282
ARG02A0154_003  0.000 -1.44 -3.26  1.96  0.00 -2.74 1.000  00  02O000M000  0.282
ARG03A0154_004  0.000 -1.47 -3.25  1.96  0.00 -2.77 1.000  00  03O000M000  0.282
ARG03A0154_005  0.000 -1.47 -3.26  1.96  0.00 -2.77 1.000  00  03O000M000  0.282
ARG+1A0154_006  1.000 -1.51 -3.27  1.96  0.00 -2.82 1.000  00  +1O000M000  0.282
LEU01A0155_001  0.000  1.21 -7.41  0.40  0.00 -5.79 1.000  00  01O000M000  0.026
MET01A0156_001  0.000 -8.02 -1.52  2.02  0.00 -7.52 1.000  00  01O000M000  0.659
THR01A0157_001  0.000 -6.62 12.56  0.40  0.00  6.34 0.668  00  01O000M000  0.812
ASP01A0159_001  0.000 -2.69  3.79  5.49  0.00  6.59 1.000  00  01O000M000  0.647
ASP01A0159_002  0.000 -2.69  3.79  2.77  0.00  3.87 1.000  00  01O000M000  0.647
ASP02A0159_003  0.000 -2.73  2.93  5.49  0.00  5.69 1.000  00  02O000M000  0.671
ASP02A0159_004  0.000 -2.73  2.93  2.77  0.00  2.97 1.000  00  02O000M000  0.671
ASP-1A0159_005 -1.000 -2.72  2.97  2.77  0.00  3.02 1.000  00  -1O000M000  0.646
THR01A0160_001  0.000 -2.90  2.32  1.64  0.00  1.06 0.665  00  01O000M000  0.362
TYR01A0161_001  0.000  0.11 -6.40  0.11  0.00 -6.18 1.000  00  01O000M000  0.315
TYR-1A0161_002 -1.000  0.11 -6.40  0.11  0.00 -6.18 1.000  00  -1O000M000  0.315
THR01A0162_001  0.000 -3.67 -0.58  0.40  0.00 -3.85 0.668  00  01O000M000  0.457
THR01A0162_002  0.000 -3.67 -0.58  0.40  0.00 -3.85 0.668  00  01O000M000  0.457
ALA01A0163_001  0.000 -0.41 -1.11  0.00  0.00 -1.52 1.000  00  01O000M000  0.073
HIS01A0164_001  0.000 -8.44 29.32  0.35  0.00 21.23 0.000  00  01O000M000  0.719
HIS01A0164_002  0.000 -8.33 -3.43  0.35  0.00-11.41 1.000  00  01R001M000  0.714
HIS02A0164_003  0.000 -8.46 29.35  0.35  0.00 21.24 0.000  00  02O000M000  0.719
HIS02A0164_004  0.000 -8.35 -3.33  0.35  0.00-11.33 1.000  00  02R001M000  0.714
HIS+1A0164_005  1.000 -8.49 29.29  0.35  0.00 21.15 0.000  00  +1O000M000  0.719
HIS+1A0164_006  1.000 -8.37 -3.35  0.35  0.00-11.37 1.000  00  +1R001M000  0.714
ALA01A0165_001  0.000 -5.34 -0.40  0.00  0.00 -5.73 1.000  00  01O000M000  0.963
ALA01A0167_001  0.000 -0.46 -0.94  0.00  0.00 -1.41 1.000  00  01O000M000  0.080
LYS01A0168_001  0.000 -9.48  4.09  2.71  0.00 -2.67 1.000  00  01O000M000  0.807
LYS+1A0168_002  1.000 -9.54  4.09  2.71  0.00 -2.74 1.000  00  +1O000M000  0.807
PHE01A0169_001  0.000  3.39 -6.01  0.61  0.00 -2.01 1.000  00  01O000M000  0.080
PRO01A0170_001  0.000 -1.32 -0.16  0.00  0.00 -1.48 1.000  00  01O000M000  0.169
ILE01A0171_001  0.000 -1.53 -0.65  0.52  0.00 -1.66 1.000  00  01O000M000  0.267
LYS01A0172_001  0.000 -0.70  3.64  1.27  0.00  4.21 1.000  00  01O000M000  0.093
LYS+1A0172_002  1.000 -0.74  3.45  1.27  0.00  3.98 1.000  00  +1O000M000  0.093
TRP01A0173_001  0.000  0.42 -8.57  0.34  0.00 -7.81 1.000  00  01O000M000  0.126
THR01A0174_001  0.000  0.11 -1.50  0.41  0.00 -0.99 0.668  00  01O000M000  0.007
THR01A0174_002  0.000  0.11 -1.50  0.41  0.00 -0.99 0.668  00  01O000M000  0.007
ALA01A0175_001  0.000  0.00 -2.13  0.00  0.00 -2.13 1.000  00  01O000M000  0.000
PRO01A0176_001  0.000  0.28  0.07  0.00  0.00  0.35 1.000  00  01O000M000  0.000
GLU01A0177_001  0.000  1.25  6.88  3.62  0.00 11.75 1.000  00  01O000M000  0.074
GLU01A0177_002  0.000  1.25  6.88  0.90  0.00  9.03 1.000  00  01O000M000  0.074
GLU02A0177_003  0.000  0.89  3.88  3.62  0.00  8.39 1.000  00  02O000M000  0.086
GLU02A0177_004  0.000  0.89  3.88  0.90  0.00  5.67 1.000  00  02O000M000  0.086
GLU-1A0177_005 -1.000  0.89  4.01  0.90  0.00  5.80 1.000  00  -1O000M000  0.076
SER01A0178_001  0.000  0.00 -1.48  0.39  0.00 -1.08 0.665  00  01O000M000  0.000
SER01A0178_002  0.000  0.00 -1.48  0.39  0.00 -1.08 0.665  00  01O000M000  0.000
SER01A0178_003  0.000  0.00 -1.48  0.02  0.00 -1.46 0.665  00  01O000M000  0.000
LEU01A0179_001  0.000  0.91 -6.62  0.45  0.00 -5.25 1.000  00  01O000M000  0.060
ALA01A0180_001  0.000 -0.57 -1.31  0.00  0.00 -1.88 1.000  00  01O000M000  0.104
TYR01A0181_001  0.000 -4.76 -3.59  0.12  0.00 -8.24 1.000  00  01O000M000  0.642
TYR-1A0181_002 -1.000 -4.76 -3.59  0.12  0.00 -8.24 1.000  00  -1O000M000  0.642
ASN01A0182_001  0.000 -0.33 11.30  2.26  0.00 13.23 0.755  00  01O000M000  0.171
ASN01A0182_002  0.000 -0.60 11.97  2.28  0.00 13.65 0.745  00  01R001M000  0.175
LYS01A0183_001  0.000 -2.21 -3.37  1.24  0.00 -4.35 1.000  00  01O000M000  0.336
LYS+1A0183_002  1.000 -2.28 -3.40  1.24  0.00 -4.45 1.000  00  +1O000M000  0.336
PHE01A0184_001  0.000  4.22 -7.35  0.01  0.00 -3.12 1.000  00  01O000M000  0.018
SER01A0185_001  0.000 -0.43 -1.63  1.19  0.00 -0.87 0.663  00  01O000M000  0.070
SER01A0185_002  0.000 -0.43 -1.63  0.81  0.00 -1.25 0.663  00  01O000M000  0.070
ILE01A0186_001  0.000 -0.77 -1.75  0.97  0.00 -1.55 1.000  00  01O000M000  0.126
LYS01A0187_001  0.000 -1.24 -5.26  0.92  0.00 -5.58 1.000  00  01O000M000  0.170
LYS+1A0187_002  1.000 -1.29 -5.23  0.92  0.00 -5.60 1.000  00  +1O000M000  0.170
SER01A0188_001  0.000  0.00 -2.10  0.52  0.00 -1.58 0.665  00  01O000M000  0.000
SER01A0188_002  0.000  0.00 -2.10  0.52  0.00 -1.58 0.665  00  01O000M000  0.000
SER01A0188_003  0.000  0.00 -2.10  0.14  0.00 -1.96 0.665  00  01O000M000  0.000
ASP01A0189_001  0.000  0.06  8.03  3.67  0.00 11.76 1.000  00  01O000M000  0.008
ASP01A0189_002  0.000  0.06  8.03  0.95  0.00  9.04 1.000  00  01O000M000  0.008
ASP02A0189_003  0.000  0.13  5.89  3.67  0.00  9.69 1.000  00  02O000M000  0.008
ASP02A0189_004  0.000  0.13  5.89  0.95  0.00  6.97 1.000  00  02O000M000  0.008
ASP-1A0189_005 -1.000  0.05  5.48  0.95  0.00  6.48 1.000  00  -1O000M000  0.008
VAL01A0190_001  0.000  0.47 -1.64  0.45  0.00 -0.72 1.000  00  01O000M000  0.000
TRP01A0191_001  0.000  2.53-10.70  0.03  0.00 -8.13 1.000  00  01O000M000  0.000
ALA01A0192_001  0.000 -0.52 -2.67  0.00  0.00 -3.19 1.000  00  01O000M000  0.093
PHE01A0193_001  0.000  4.38 -6.54  0.04  0.00 -2.12 1.000  00  01O000M000  0.000
VAL01A0195_001  0.000  0.55 -2.54  0.00  0.00 -1.99 1.000  00  01O000M000  0.000
LEU01A0196_001  0.000  1.75 -1.36  0.36  0.00  0.74 1.000  00  01O000M000  0.000
LEU01A0197_001  0.000  1.40 -3.68  1.27  0.00 -1.01 1.000  00  01O000M000  0.004
TRP01A0198_001  0.000  2.23 -9.47  0.19  0.00 -7.05 1.000  00  01O000M000  0.036
GLU01A0199_001  0.000  0.59 -3.93  4.13  0.00  0.78 1.000  00  01O000M000  0.000
GLU01A0199_002  0.000  0.59 -3.93  1.41  0.00 -1.94 1.000  00  01O000M000  0.000
GLU02A0199_003  0.000  0.56 -3.04  4.13  0.00  1.64 1.000  00  02O000M000  0.000
GLU02A0199_004  0.000  0.56 -3.04  1.41  0.00 -1.08 1.000  00  02O000M000  0.000
GLU-1A0199_005 -1.000  0.47 -3.83  1.41  0.00 -1.95 1.000  00  -1O000M000  0.000
ILE01A0200_001  0.000  1.57 -2.96  0.75  0.00 -0.64 1.000  00  01O000M000  0.004
ALA01A0201_001  0.000 -0.10 -2.07  0.00  0.00 -2.18 1.000  00  01O000M000  0.019
THR01A0202_001  0.000 -0.28 -1.49  0.39  0.00 -1.38 0.663  00  01O000M000  0.042
THR01A0202_002  0.000 -0.28 -1.49  0.39  0.00 -1.38 0.663  00  01O000M000  0.042
TYR01A0203_001  0.000  2.83 -2.60  0.14  0.00  0.37 1.000  00  01O000M000  0.106
TYR01A0203_002  0.000  2.83 -2.60  0.14  0.00  0.37 1.000  00  01O000M000  0.106
TYR-1A0203_003 -1.000  2.83 -2.60  0.14  0.00  0.37 1.000  00  -1O000M000  0.106
MET01A0205_001  0.000  0.42 -3.23  1.24  0.00 -1.56 1.000  00  01O000M000  0.457
SER01A0206_001  0.000 -3.48 -0.83  0.68  0.00 -3.63 0.671  00  01O000M000  0.564
SER01A0206_002  0.000 -3.48 -0.83  0.30  0.00 -4.01 0.671  00  01O000M000  0.564
PRO01A0207_001  0.000  0.25  1.90  0.00  0.00  2.15 1.000  00  01O000M000  0.000
TYR01A0208_001  0.000  3.95 -3.28  0.17  0.00  0.83 1.000  00  01O000M000  0.000
TYR-1A0208_002 -1.000  3.95 -3.28  0.17  0.00  0.83 1.000  00  -1O000M000  0.000
PRO01A0209_001  0.000 -3.18  0.60  0.00  0.00 -2.58 1.000  00  01O000M000  0.350
ILE01A0211_001  0.000 -0.81 -1.57  0.42  0.00 -1.96 1.000  00  01O000M000  0.196
ASP01A0212_001  0.000 -2.41 -0.88  2.76  0.00 -0.53 1.000  00  01O000M000  0.579
ASP01A0212_002  0.000 -2.41 -0.88  0.04  0.00 -3.25 1.000  00  01O000M000  0.579
ASP02A0212_003  0.000 -2.39 -0.01  2.76  0.00  0.37 1.000  00  02O000M000  0.568
ASP02A0212_004  0.000 -2.39 -0.01  0.04  0.00 -2.35 1.000  00  02O000M000  0.568
ASP-1A0212_005 -1.000 -2.35 -0.81  0.04  0.00 -3.12 1.000  00  -1O000M000  0.565
LEU01A0213_001  0.000 -4.26 -1.91  0.53  0.00 -5.64 1.000  00  01O000M000  0.493
SER01A0214_001  0.000 -4.06  2.76  3.16  0.00  1.86 0.663  00  01O000M000  0.665
SER01A0214_002  0.000 -4.06  2.76  3.16  0.00  1.86 0.663  00  01O000M000  0.665
GLN01A0215_001  0.000 -2.33 -2.13  1.07  0.00 -3.39 0.755  00  01O000M000  0.624
GLN01A0215_002  0.000 -2.14 -2.10  1.09  0.00 -3.14 0.745  00  01R001M000  0.581
VAL01A0216_001  0.000  0.49 -1.90  0.11  0.00 -1.30 1.000  00  01O000M000  0.000
TYR01A0217_001  0.000  1.33 -5.32  0.02  0.00 -3.98 1.000  00  01O000M000  0.213
TYR01A0217_002  0.000  1.33 -5.32  0.02  0.00 -3.98 1.000  00  01O000M000  0.213
TYR-1A0217_003 -1.000  1.33 -5.32  0.02  0.00 -3.98 1.000  00  -1O000M000  0.213
GLU01A0218_001  0.000 -2.06 -2.22  4.05  0.00 -0.23 1.000  00  01O000M000  0.559
GLU01A0218_002  0.000 -2.06 -2.22  1.33  0.00 -2.95 1.000  00  01O000M000  0.559
GLU02A0218_003  0.000 -2.12 -2.19  4.05  0.00 -0.25 1.000  00  02O000M000  0.574
GLU02A0218_004  0.000 -2.12 -2.19  1.33  0.00 -2.97 1.000  00  02O000M000  0.574
GLU-1A0218_005 -1.000 -2.10 -2.17  1.33  0.00 -2.94 1.000  00  -1O000M000  0.566
LEU01A0219_001  0.000 -1.59 -2.11  0.56  0.00 -3.13 1.000  00  01O000M000  0.270
LEU01A0220_001  0.000  1.49 -3.49  0.47  0.00 -1.53 1.000  00  01O000M000  0.004
GLU01A0221_001  0.000 -1.15  4.15  4.55  0.00  7.54 1.000  00  01O000M000  0.473
GLU01A0221_002  0.000 -1.15  4.15  1.83  0.00  4.82 1.000  00  01O000M000  0.473
GLU02A0221_003  0.000 -1.22  4.09  4.55  0.00  7.41 1.000  00  02O000M000  0.466
GLU02A0221_004  0.000 -1.22  4.09  1.83  0.00  4.69 1.000  00  02O000M000  0.466
GLU-1A0221_005 -1.000 -1.29  4.12  1.83  0.00  4.65 1.000  00  -1O000M000  0.468
LYS01A0222_001  0.000 -7.43 -1.79  1.63  0.00 -7.60 1.000  00  01O000M000  0.672
LYS+1A0222_002  1.000 -7.48 -1.80  1.63  0.00 -7.65 1.000  00  +1O000M000  0.672
ASP01A0223_001  0.000 -2.19  0.75  4.10  0.00  2.66 1.000  00  01O000M000  0.537
ASP01A0223_002  0.000 -2.19  0.75  1.38  0.00 -0.06 1.000  00  01O000M000  0.537
ASP02A0223_003  0.000 -2.25  0.59  4.10  0.00  2.44 1.000  00  02O000M000  0.584
ASP02A0223_004  0.000 -2.25  0.59  1.38  0.00 -0.28 1.000  00  02O000M000  0.584
ASP-1A0223_005 -1.000 -2.14  0.60  1.38  0.00 -0.16 1.000  00  -1O000M000  0.557
TYR01A0224_001  0.000 -0.54 -6.24  0.00  0.00 -6.77 1.000  00  01O000M000  0.326
TYR-1A0224_002 -1.000 -0.54 -6.24  0.00  0.00 -6.77 1.000  00  -1O000M000  0.326
ARG01A0225_001  0.000  0.99 -4.38  0.58  0.00 -2.81 1.000  00  01O000M000  0.011
ARG02A0225_002  0.000  0.97 -4.22  0.58  0.00 -2.67 1.000  00  02O000M000  0.011
ARG03A0225_003  0.000  0.96 -4.38  0.58  0.00 -2.84 1.000  00  03O000M000  0.011
ARG+1A0225_004  1.000  0.93 -4.44  0.58  0.00 -2.93 1.000  00  +1O000M000  0.011
MET01A0226_001  0.000 -0.10 -3.53  0.91  0.00 -2.73 1.000  00  01O000M000  0.008
GLU01A0227_001  0.000 -2.09 -0.13  4.42  0.00  2.20 1.000  00  01O000M000  0.644
GLU01A0227_002  0.000 -2.09 -0.13  1.70  0.00 -0.52 1.000  00  01O000M000  0.644
GLU02A0227_003  0.000 -2.37 -0.50  4.42  0.00  1.55 1.000  00  02O000M000  0.670
GLU02A0227_004  0.000 -2.37 -0.50  1.70  0.00 -1.17 1.000  00  02O000M000  0.670
GLU-1A0227_005 -1.000 -2.29 -0.47  1.70  0.00 -1.06 1.000  00  -1O000M000  0.659
ARG01A0228_001  0.000 -3.22 -1.03  0.44  0.00 -3.80 1.000  00  01O000M000  0.370
ARG02A0228_002  0.000 -3.26 -0.56  0.44  0.00 -3.38 1.000  00  02O000M000  0.370
ARG03A0228_003  0.000 -3.26 -0.52  0.44  0.00 -3.34 1.000  00  03O000M000  0.370
ARG+1A0228_004  1.000 -3.30 -0.58  0.44  0.00 -3.43 1.000  00  +1O000M000  0.370
PRO01A0229_001  0.000  0.20 -1.16  0.00  0.00 -0.96 1.000  00  01O000M000  0.000
GLU01A0230_001  0.000 -2.45 11.68  6.74  0.00 15.97 1.000  00  01O000M000  0.837
GLU01A0230_002  0.000 -2.45 11.68  4.02  0.00 13.25 1.000  00  01O000M000  0.837
GLU02A0230_003  0.000 -2.55 11.67  6.74  0.00 15.85 1.000  00  02O000M000  0.840
GLU02A0230_004  0.000 -2.55 11.67  4.02  0.00 13.13 1.000  00  02O000M000  0.840
GLU-1A0230_005 -1.000 -2.65 11.70  4.02  0.00 13.08 1.000  00  -1O000M000  0.847
CYS01A0232_001  0.000 -0.00 -4.18  0.00  0.00 -4.17 1.000  00  01O000M000  0.000
CYS01A0232_002  0.000 -0.00 -4.03  0.00  0.00 -4.03 1.000  00  01O000M000  0.000
CYS01A0232_003  0.000 -0.00 -4.03  0.00  0.00 -4.03 1.000  00  01O000M000  0.000
CYS-1A0232_004 -1.000  0.00 -3.98  0.00  0.00 -3.97 1.000  00  -1O000M000  0.000
PRO01A0233_001  0.000 -2.78 -0.91  0.00  0.00 -3.69 1.000  00  01O000M000  0.299
GLU01A0234_001  0.000 -0.97  1.69  5.53  0.00  6.24 1.000  00  01O000M000  0.578
GLU01A0234_002  0.000 -0.97  1.69  2.81  0.00  3.52 1.000  00  01O000M000  0.578
GLU02A0234_003  0.000 -1.36  1.67  5.53  0.00  5.85 1.000  00  02O000M000  0.605
GLU02A0234_004  0.000 -1.36  1.67  2.81  0.00  3.13 1.000  00  02O000M000  0.605
GLU-1A0234_005 -1.000 -1.29  1.70  2.81  0.00  3.22 1.000  00  -1O000M000  0.585
LYS01A0235_001  0.000 -5.77 -1.46  1.65  0.00 -5.57 1.000  00  01O000M000  0.587
LYS+1A0235_002  1.000 -5.81 -1.46  1.65  0.00 -5.62 1.000  00  +1O000M000  0.587
VAL01A0236_001  0.000  0.24  0.11  0.08  0.00  0.43 1.000  00  01O000M000  0.036
TYR01A0237_001  0.000  3.40 -3.76  0.08  0.00 -0.28 1.000  00  01O000M000  0.073
TYR01A0237_002  0.000  3.40 -3.76  0.08  0.00 -0.28 1.000  00  01O000M000  0.073
TYR-1A0237_003 -1.000  3.40 -3.76  0.08  0.00 -0.28 1.000  00  -1O000M000  0.073
GLU01A0238_001  0.000 -0.14 -3.35  3.95  0.00  0.46 1.000  00  01O000M000  0.579
GLU01A0238_002  0.000 -0.14 -3.35  1.23  0.00 -2.26 1.000  00  01O000M000  0.579
GLU02A0238_003  0.000 -0.57 -3.46  3.95  0.00 -0.08 1.000  00  02O000M000  0.565
GLU02A0238_004  0.000 -0.57 -3.46  1.23  0.00 -2.80 1.000  00  02O000M000  0.565
GLU-1A0238_005 -1.000 -0.61 -3.41  1.23  0.00 -2.79 1.000  00  -1O000M000  0.570
LEU01A0239_001  0.000  1.08 -4.15  3.36  0.00  0.29 1.000  00  01O000M000  0.130
MET01A0240_001  0.000  0.05 -5.75  4.48  0.00 -1.23 1.000  00  01O000M000  0.000
ARG01A0241_001  0.000 -2.39 -0.45  0.60  0.00 -2.24 1.000  00  01O000M000  0.306
ARG02A0241_002  0.000 -2.44 -0.48  0.60  0.00 -2.32 1.000  00  02O000M000  0.306
ARG02A0241_003  0.000 -2.38 -0.47  0.60  0.00 -2.25 1.000  00  02O000M000  0.306
ARG03A0241_004  0.000 -2.44 -0.48  0.60  0.00 -2.32 1.000  00  03O000M000  0.306
ARG+1A0241_005  1.000 -2.49 -0.49  0.60  0.00 -2.37 1.000  00  +1O000M000  0.306
ALA01A0242_001  0.000 -1.78 -1.50  0.00  0.00 -3.28 1.000  00  01O000M000  0.324
CYS01A0243_001  0.000 -0.00 -3.84  0.11  0.00 -3.73 1.000  00  01O000M000  0.000
CYS01A0243_002  0.000 -0.00 -3.91  0.11  0.00 -3.80 1.000  00  01O000M000  0.000
CYS01A0243_003  0.000 -0.00 -3.86  0.11  0.00 -3.75 1.000  00  01O000M000  0.000
CYS-1A0243_004 -1.000  0.00 -3.77  0.11  0.00 -3.66 1.000  00  -1O000M000  0.000
TRP01A0244_001  0.000  2.77-11.79  0.01  0.00 -9.01 1.000  00  01O000M000  0.000
GLN01A0245_001  0.000 -0.79 -5.55  0.67  0.00 -5.67 0.752  00  01O000M000  0.395
GLN01A0245_002  0.000 -0.29 -5.35  0.69  0.00 -4.95 0.748  00  01R001M000  0.389
TRP01A0246_001  0.000 -2.94 -6.19  0.00  0.00 -9.13 1.000  00  01O000M000  0.321
ASN01A0247_001  0.000 -2.39 -1.27  0.60  0.00 -3.06 0.751  00  01O000M000  0.621
ASN01A0247_002  0.000 -2.71 -0.57  0.61  0.00 -2.67 0.749  00  01R001M000  0.618
PRO01A0248_001  0.000 -2.37  2.69  0.00  0.00  0.32 1.000  00  01O000M000  0.265
SER01A0249_001  0.000 -4.47  2.84  2.57  0.00  0.95 0.675  00  01O000M000  0.736
SER01A0249_002  0.000 -4.47  2.84  2.57  0.00  0.95 0.675  00  01O000M000  0.736
ASP01A0250_001  0.000 -2.40 -1.09  3.12  0.00 -0.36 1.000  00  01O000M000  0.558
ASP01A0250_002  0.000 -2.40 -1.09  0.40  0.00 -3.08 1.000  00  01O000M000  0.558
ASP02A0250_003  0.000 -2.37 -1.50  3.12  0.00 -0.75 1.000  00  02O000M000  0.562
ASP02A0250_004  0.000 -2.37 -1.50  0.40  0.00 -3.47 1.000  00  02O000M000  0.562
ASP-1A0250_005 -1.000 -2.29 -1.44  0.40  0.00 -3.32 1.000  00  -1O000M000  0.554
ARG01A0251_001  0.000  1.90-12.87  1.62  0.00 -9.34 1.000  00  01O000M000  0.000
ARG02A0251_002  0.000  1.86-12.85  1.62  0.00 -9.36 1.000  00  02O000M000  0.000
ARG02A0251_003  0.000  1.92-13.01  1.62  0.00 -9.46 1.000  00  02O000M000  0.000
ARG03A0251_004  0.000  1.86-12.88  1.62  0.00 -9.40 1.000  00  03O000M000  0.000
ARG03A0251_005  0.000  1.86-12.78  1.62  0.00 -9.29 1.000  00  03O000M000  0.000
ARG+1A0251_006  1.000  1.82-12.94  1.62  0.00 -9.49 1.000  00  +1O000M000  0.000
PRO01A0252_001  0.000 -0.79 -3.25  0.00  0.00 -4.04 1.000  00  01O000M000  0.112
SER01A0253_001  0.000 -1.62 -0.93  0.50  0.00 -2.04 0.664  00  01O000M000  0.269
SER01A0253_002  0.000 -1.62 -0.93  0.50  0.00 -2.04 0.664  00  01O000M000  0.269
SER01A0253_003  0.000 -1.62 -0.93  0.13  0.00 -2.42 0.664  00  01O000M000  0.269
PHE01A0254_001  0.000  4.19 -9.15  0.70  0.00 -4.26 1.000  00  01O000M000  0.000
ALA01A0255_001  0.000 -1.89 -0.52  0.00  0.00 -2.41 1.000  00  01O000M000  0.329
GLU01A0256_001  0.000 -0.62 -1.51  4.19  0.00  2.05 1.000  00  01O000M000  0.687
GLU01A0256_002  0.000 -0.62 -1.51  1.47  0.00 -0.67 1.000  00  01O000M000  0.687
GLU02A0256_003  0.000 -1.16 -2.04  4.19  0.00  0.99 1.000  00  02O000M000  0.679
GLU02A0256_004  0.000 -1.16 -2.04  1.47  0.00 -1.73 1.000  00  02O000M000  0.679
GLU-1A0256_005 -1.000 -1.07 -2.01  1.47  0.00 -1.61 1.000  00  -1O000M000  0.667
ILE01A0257_001  0.000  1.26 -2.83  0.81  0.00 -0.75 1.000  00  01O000M000  0.000
HIS01A0258_001  0.000 -2.27 -7.07  0.04  0.00 -9.29 0.753  00  01O000M000  0.187
HIS01A0258_002  0.000 -1.99 -7.52  0.04  0.00 -9.46 0.747  00  01R001M000  0.169
HIS02A0258_003  0.000 -2.29 -7.11  0.04  0.00 -9.36 0.753  00  02O000M000  0.187
HIS02A0258_004  0.000 -2.00 -7.68  0.04  0.00 -9.64 0.747  00  02R001M000  0.169
HIS+1A0258_005  1.000 -2.31 -7.14  0.04  0.00 -9.41 0.753  00  +1O000M000  0.187
HIS+1A0258_006  1.000 -2.02 -7.70  0.04  0.00 -9.68 0.747  00  +1R001M000  0.169
GLN01A0259_001  0.000 -2.62 -2.73  1.05  0.00 -4.30 0.753  00  01O000M000  0.664
GLN01A0259_002  0.000 -2.57 -2.51  1.04  0.00 -4.04 0.747  00  01R001M000  0.616
ALA01A0260_001  0.000 -1.49 -1.12  0.00  0.00 -2.61 1.000  00  01O000M000  0.271
PHE01A0261_001  0.000  4.49 -7.51  1.05  0.00 -1.97 1.000  00  01O000M000  0.000
GLU01A0262_001  0.000 -0.53 -3.09  3.72  0.00  0.10 1.000  00  01O000M000  0.406
GLU01A0262_002  0.000 -0.53 -3.09  1.00  0.00 -2.62 1.000  00  01O000M000  0.406
GLU02A0262_003  0.000 -0.65 -3.09  3.72  0.00 -0.02 1.000  00  02O000M000  0.391
GLU02A0262_004  0.000 -0.65 -3.09  1.00  0.00 -2.74 1.000  00  02O000M000  0.391
GLU-1A0262_005 -1.000 -0.72 -3.04  1.00  0.00 -2.75 1.000  00  -1O000M000  0.391
THR01A0263_001  0.000 -3.54 -1.27  0.49  0.00 -4.33 0.670  00  01O000M000  0.434
THR01A0263_002  0.000 -3.54 -1.27  0.49  0.00 -4.33 0.670  00  01O000M000  0.434
MET01A0264_001  0.000 -0.69 -4.98  1.10  0.00 -4.58 1.000  00  01O000M000  0.065
PHE01A0265_001  0.000  1.60 -7.63  0.02  0.00 -6.02 1.000  00  01O000M000  0.214
GLN01A0266_001  0.000 -1.62 -2.47  3.53  0.00 -0.56 0.751  00  01O000M000  0.498
GLN01A0266_002  0.000 -1.85 -2.67  3.53  0.00 -0.99 0.749  00  01R001M000  0.496
GLU01A0267_001  0.000 -0.10 -1.95  3.54  0.00  1.49 1.000  00  01O000M000  0.556
GLU01A0267_002  0.000 -0.10 -1.95  0.82  0.00 -1.23 1.000  00  01O000M000  0.556
GLU02A0267_003  0.000 -0.52 -1.92  3.54  0.00  1.09 1.000  00  02O000M000  0.540
GLU02A0267_004  0.000 -0.52 -1.92  0.82  0.00 -1.63 1.000  00  02O000M000  0.540
GLU-1A0267_005 -1.000 -0.54 -1.88  0.82  0.00 -1.60 1.000  00  -1O000M000  0.543
SER01A0268_001  0.000 -0.77 -2.37  1.28  0.00 -1.86 0.666  00  01O000M000  0.126
SER01A0269_001  0.000 -1.97  1.34  0.92  0.00  0.29 0.668  00  01O000M000  0.351
SER01A0269_002  0.000 -1.97  1.34  0.92  0.00  0.29 0.668  00  01O000M000  0.351
ILE01A0270_001  0.000 -5.95 50.61  2.17  0.00 46.82 1.000  00  01O000M000  0.681
DB8+1B0001_001  1.001999.00291.20  0.00  0.00999.00 0.000  00  +1O000M000  0.247
DB8+2B0001_002  1.000999.00291.17  0.00  0.00999.00 0.000  00  +2O000M000  0.247
DB801B0001_003 -0.001999.00291.21  0.00  0.00999.00 0.000  00  01O000M000  0.248
DB802B0001_004 -0.043999.00291.63  0.00  0.00999.00 0.000  00  02O000M000  0.250
DB8DMB0001_005  0.000  0.00  0.00  0.00  0.00  0.00 0.000  00  DMO000M000   -nan
