 ph           7.4
ASP_A0001_   0.00
LYS_A0002_   0.00
TRP_A0003_   0.00
GLU_A0004_   0.01
MET_A0005_  -0.00
GLU_A0006_   0.00
ARG_A0007_  -0.00
THR_A0008_   0.00
ASP_A0009_  -0.01
ILE_A0010_  -0.01
THR_A0011_   0.00
MET_A0012_  -0.01
LYS_A0013_   0.06
HIS_A0014_   0.01
LYS_A0015_   0.02
LEU_A0016_  -3.09
GLN_A0020_  -0.42
TYR_A0021_  -0.12
GLU_A0023_  -0.03
VAL_A0024_  -3.01
TYR_A0025_  -0.03
GLU_A0026_  -0.57
VAL_A0028_   0.00
TRP_A0029_  -0.00
LYS_A0030_   0.01
LYS_A0031_   0.00
TYR_A0032_   0.00
SER_A0033_  -0.00
LEU_A0034_   0.00
THR_A0035_  -0.04
VAL_A0036_  -0.07
ALA_A0037_  -1.78
VAL_A0038_  -0.29
LYS_A0039_  -0.62
THR_A0040_  -0.01
LEU_A0041_  -0.00
LYS_A0042_   0.01
GLU_A0043_  -0.00
ASP_A0044_   0.00
THR_A0045_   0.00
MET_A0046_   0.00
GLU_A0047_  -0.00
VAL_A0048_   0.00
GLU_A0049_   0.00
GLU_A0050_  -0.00
PHE_A0051_  -0.08
LEU_A0052_   0.00
LYS_A0053_  -0.00
GLU_A0054_  -0.30
ALA_A0055_  -0.01
ALA_A0056_   0.00
VAL_A0057_   0.00
MET_A0058_  -0.67
LYS_A0059_  -0.01
GLU_A0060_   0.01
ILE_A0061_   0.00
LYS_A0062_   0.00
HIS_A0063_   0.00
PRO_A0064_   0.00
ASN_A0065_   0.00
LEU_A0066_  -0.00
VAL_A0067_   0.24
GLN_A0068_  -0.01
LEU_A0069_  -0.13
LEU_A0070_  -0.05
VAL_A0072_  -0.02
CYS_A0073_  -0.00
THR_A0074_   0.00
ARG_A0075_  -0.00
GLU_A0076_   0.00
PRO_A0077_   0.00
PRO_A0078_   0.00
PHE_A0079_   0.00
TYR_A0080_  -0.04
ILE_A0081_  -0.68
ILE_A0082_  -0.35
THR_A0083_ 734.63
GLU_A0084_  -0.15
PHE_A0085_  -1.91
MET_A0086_  -0.41
THR_A0087_  -0.46
TYR_A0088_  -0.78
ASN_A0090_  -0.34
LEU_A0091_   0.00
LEU_A0092_   0.00
ASP_A0093_  -0.40
TYR_A0094_  -0.12
LEU_A0095_   0.00
ARG_A0096_   0.06
GLU_A0097_  -0.80
CYS_A0098_  -0.00
ASN_A0099_   0.01
ARG_A0100_   0.03
GLN_A0101_   0.00
GLU_A0102_  -0.15
VAL_A0103_   0.00
ASN_A0104_  -0.00
ALA_A0105_   0.00
VAL_A0106_   0.00
VAL_A0107_   0.00
LEU_A0108_   0.00
LEU_A0109_   0.00
TYR_A0110_  -0.00
MET_A0111_   0.00
ALA_A0112_   0.00
THR_A0113_   0.00
GLN_A0114_   0.00
ILE_A0115_   0.00
SER_A0116_  -0.00
SER_A0117_   0.00
ALA_A0118_   0.00
MET_A0119_   0.00
GLU_A0120_   0.00
TYR_A0121_   0.00
LEU_A0122_   0.00
GLU_A0123_   0.00
LYS_A0124_   0.00
LYS_A0125_  -0.00
ASN_A0126_   0.00
PHE_A0127_   0.00
ILE_A0128_   0.00
HIS_A0129_  -0.03
ARG_A0130_  -0.00
ASP_A0131_  -0.01
LEU_A0132_   0.00
ALA_A0133_   0.00
ALA_A0134_   0.00
ARG_A0135_   0.04
ASN_A0136_  -0.09
CYS_A0137_  -0.00
LEU_A0138_  -1.69
VAL_A0139_  -0.06
GLU_A0141_  -0.06
ASN_A0142_  -0.00
HIS_A0143_   0.02
LEU_A0144_   0.00
VAL_A0145_   0.00
LYS_A0146_  -0.03
VAL_A0147_  -0.00
ALA_A0148_  -0.40
ASP_A0149_  -0.04
PHE_A0150_   4.97
LEU_A0152_  -0.00
SER_A0153_   0.00
ARG_A0154_  -0.00
LEU_A0155_   0.00
MET_A0156_   0.00
THR_A0157_   0.00
ASP_A0159_   0.00
THR_A0160_   0.00
TYR_A0161_  -0.00
THR_A0162_   0.00
ALA_A0163_   0.00
HIS_A0164_   0.00
ALA_A0165_   0.00
ALA_A0167_   0.00
LYS_A0168_   0.00
PHE_A0169_   0.00
PRO_A0170_   0.00
ILE_A0171_   0.00
LYS_A0172_   0.01
TRP_A0173_   0.00
THR_A0174_   0.00
ALA_A0175_   0.00
PRO_A0176_   0.00
GLU_A0177_   0.00
SER_A0178_   0.00
LEU_A0179_   0.00
ALA_A0180_   0.00
TYR_A0181_   0.00
ASN_A0182_   0.00
LYS_A0183_   0.00
PHE_A0184_   0.00
SER_A0185_   0.00
ILE_A0186_   0.00
LYS_A0187_   0.00
SER_A0188_   0.00
ASP_A0189_   0.00
VAL_A0190_   0.00
TRP_A0191_   0.00
ALA_A0192_   0.00
PHE_A0193_   0.00
VAL_A0195_   0.00
LEU_A0196_   0.00
LEU_A0197_   0.00
TRP_A0198_   0.00
GLU_A0199_  -0.03
ILE_A0200_   0.00
ALA_A0201_   0.00
THR_A0202_   0.00
TYR_A0203_   0.01
MET_A0205_   0.00
SER_A0206_  -0.00
PRO_A0207_   0.00
TYR_A0208_   0.00
PRO_A0209_   0.00
ILE_A0211_   0.00
ASP_A0212_  -0.00
LEU_A0213_   0.00
SER_A0214_   0.00
GLN_A0215_   0.00
VAL_A0216_   0.00
TYR_A0217_   0.00
GLU_A0218_  -0.00
LEU_A0219_   0.00
LEU_A0220_   0.00
GLU_A0221_   0.00
LYS_A0222_   0.00
ASP_A0223_   0.00
TYR_A0224_   0.00
ARG_A0225_   0.00
MET_A0226_   0.00
GLU_A0227_  -0.00
ARG_A0228_   0.00
PRO_A0229_   0.00
GLU_A0230_  -0.01
CYS_A0232_   0.00
PRO_A0233_   0.00
GLU_A0234_   0.00
LYS_A0235_   0.00
VAL_A0236_   0.00
TYR_A0237_   0.00
GLU_A0238_   0.00
LEU_A0239_   0.00
MET_A0240_   0.00
ARG_A0241_   0.00
ALA_A0242_   0.00
CYS_A0243_   0.00
TRP_A0244_   0.00
GLN_A0245_   0.00
TRP_A0246_   0.00
ASN_A0247_   0.00
PRO_A0248_   0.00
SER_A0249_   0.00
ASP_A0250_   0.00
ARG_A0251_   0.00
PRO_A0252_   0.00
SER_A0253_   0.00
PHE_A0254_   0.00
ALA_A0255_   0.00
GLU_A0256_   0.00
ILE_A0257_   0.00
HIS_A0258_   0.00
GLN_A0259_   0.00
ALA_A0260_   0.00
PHE_A0261_   0.00
GLU_A0262_  -0.00
THR_A0263_   0.00
MET_A0264_   0.00
PHE_A0265_   0.00
GLN_A0266_   0.00
GLU_A0267_   0.00
SER_A0268_   0.00
SER_A0269_   0.00
ILE_A0270_   0.00
DB8_B0001_   0.00
SUM         719.7
