  pH           7
ASP-A0001_ -1.00
LYS+A0002_  1.00
GLU-A0004_ -1.00
GLU-A0006_ -1.00
ARG+A0007_  1.00
ASP-A0009_ -1.00
LYS+A0013_  1.00
HIS+A0014_  0.42
LYS+A0015_  1.00
TYR-A0021_ -0.00
GLU-A0023_ -1.00
TYR-A0025_ -0.00
GLU-A0026_ -1.00
LYS+A0030_  1.00
LYS+A0031_  1.00
TYR-A0032_ -0.00
LYS+A0039_  0.00
LYS+A0042_  1.00
GLU-A0043_ -1.00
ASP-A0044_ -1.00
GLU-A0047_ -1.00
GLU-A0049_ -1.00
GLU-A0050_ -0.95
LYS+A0053_  1.00
GLU-A0054_ -0.00
LYS+A0059_  1.00
GLU-A0060_ -1.00
LYS+A0062_  1.00
HIS+A0063_  0.00
CYS-A0073_ -0.00
ARG+A0075_  1.00
GLU-A0076_ -1.00
TYR-A0080_ -0.00
GLU-A0084_ -1.00
TYR-A0088_ -0.00
ASP-A0093_ -1.00
TYR-A0094_ -0.00
ARG+A0096_  1.00
GLU-A0097_ -0.99
CYS-A0098_ -0.00
ARG+A0100_  1.00
GLU-A0102_ -1.00
TYR-A0110_ -0.00
GLU-A0120_ -1.00
TYR-A0121_ -0.00
GLU-A0123_ -1.00
LYS+A0124_  0.99
LYS+A0125_  1.00
HIS+A0129_  0.00
ARG+A0130_  1.00
ASP-A0131_ -1.00
ARG+A0135_  1.00
CYS-A0137_ -0.00
GLU-A0141_ -1.00
HIS+A0143_  0.12
LYS+A0146_  1.00
ASP-A0149_ -0.00
ARG+A0154_  1.00
ASP-A0159_ -1.00
TYR-A0161_ -0.01
HIS+A0164_  0.49
LYS+A0168_  1.00
LYS+A0172_  1.00
GLU-A0177_ -1.00
TYR-A0181_ -0.00
LYS+A0183_  1.00
LYS+A0187_  1.00
ASP-A0189_ -0.07
GLU-A0199_ -1.00
TYR-A0203_ -0.00
TYR-A0208_ -0.00
ASP-A0212_ -1.00
TYR-A0217_ -0.00
GLU-A0218_ -1.00
GLU-A0221_ -0.99
LYS+A0222_  1.00
ASP-A0223_ -1.00
TYR-A0224_ -0.00
ARG+A0225_  1.00
GLU-A0227_ -1.00
ARG+A0228_  1.00
GLU-A0230_ -1.00
CYS-A0232_ -0.00
GLU-A0234_ -1.00
LYS+A0235_  1.00
TYR-A0237_ -0.00
GLU-A0238_ -0.99
ARG+A0241_  1.00
CYS-A0243_ -0.00
ASP-A0250_ -1.00
ARG+A0251_  1.00
GLU-A0256_ -1.00
HIS+A0258_  0.86
GLU-A0262_ -0.97
GLU-A0267_ -1.00
DB8+B0001_  0.00
----------
Net_Charge -5.10
Protons    -5.10
Electrons   0.00
