HIS A0001_ R f 00 S f  0.0 H f 00 M 000
CYS A0002_ R f 00 S f  0.0 H f 00 M 000
GLU A0003_ R f 00 S f  0.0 H f 00 M 000
ARG A0004_ R f 00 S f  0.0 H f 00 M 000
LEU A0005_ R f 00 S f  0.0 H f 00 M 000
PRO A0006_ R f 00 S f  0.0 H f 00 M 000
TYR A0007_ R f 00 S f  0.0 H f 00 M 000
ASP A0008_ R f 00 S f  0.0 H f 00 M 000
ALA A0009_ R f 00 S f  0.0 H f 00 M 000
SER A0010_ R f 00 S f  0.0 H f 00 M 000
LYS A0011_ R f 00 S f  0.0 H f 00 M 000
TRP A0012_ R f 00 S f  0.0 H f 00 M 000
GLU A0013_ R f 00 S f  0.0 H f 00 M 000
PHE A0014_ R f 00 S f  0.0 H f 00 M 000
PRO A0015_ R f 00 S f  0.0 H f 00 M 000
ARG A0016_ R f 00 S f  0.0 H f 00 M 000
ASP A0017_ R f 00 S f  0.0 H f 00 M 000
ARG A0018_ R f 00 S f  0.0 H f 00 M 000
LEU A0019_ R f 00 S f  0.0 H f 00 M 000
LYS A0020_ R f 00 S f  0.0 H f 00 M 000
LEU A0021_ R f 00 S f  0.0 H f 00 M 000
GLY A0022_ R f 00 S f  0.0 H f 00 M 000
LYS A0023_ R f 00 S f  0.0 H f 00 M 000
PRO A0024_ R f 00 S f  0.0 H f 00 M 000
LEU A0025_ R f 00 S f  0.0 H f 00 M 000
GLY A0026_ R f 00 S f  0.0 H f 00 M 000
ARG A0027_ R f 00 S f  0.0 H f 00 M 000
GLY A0028_ R f 00 S f  0.0 H f 00 M 000
ALA A0029_ R f 00 S f  0.0 H f 00 M 000
PHE A0030_ R f 00 S f  0.0 H f 00 M 000
GLY A0031_ R f 00 S f  0.0 H f 00 M 000
GLN A0032_ R f 00 S f  0.0 H f 00 M 000
VAL A0033_ R f 00 S f  0.0 H f 00 M 000
ILE A0034_ R f 00 S f  0.0 H f 00 M 000
GLU A0035_ R f 00 S f  0.0 H f 00 M 000
ALA A0036_ R f 00 S f  0.0 H f 00 M 000
ASP A0037_ R f 00 S f  0.0 H f 00 M 000
ALA A0038_ R f 00 S f  0.0 H f 00 M 000
PHE A0039_ R f 00 S f  0.0 H f 00 M 000
GLY A0040_ R f 00 S f  0.0 H f 00 M 000
ILE A0041_ R f 00 S f  0.0 H f 00 M 000
ASP A0042_ R f 00 S f  0.0 H f 00 M 000
LYS A0043_ R f 00 S f  0.0 H f 00 M 000
THR A0044_ R f 00 S f  0.0 H f 00 M 000
ALA A0045_ R f 00 S f  0.0 H f 00 M 000
THR A0046_ R f 00 S f  0.0 H f 00 M 000
CYS A0047_ R f 00 S f  0.0 H f 00 M 000
ARG A0048_ R f 00 S f  0.0 H f 00 M 000
THR A0049_ R f 00 S f  0.0 H f 00 M 000
VAL A0050_ R f 00 S f  0.0 H f 00 M 000
ALA A0051_ R f 00 S f  0.0 H f 00 M 000
VAL A0052_ R f 00 S f  0.0 H f 00 M 000
LYS A0053_ R f 00 S f  0.0 H f 00 M 000
MET A0054_ R f 00 S f  0.0 H f 00 M 000
LEU A0055_ R f 00 S f  0.0 H f 00 M 000
LYS A0056_ R f 00 S f  0.0 H f 00 M 000
GLU A0057_ R f 00 S f  0.0 H f 00 M 000
GLY A0058_ R f 00 S f  0.0 H f 00 M 000
ALA A0059_ R f 00 S f  0.0 H f 00 M 000
THR A0060_ R f 00 S f  0.0 H f 00 M 000
HIS A0061_ R f 00 S f  0.0 H f 00 M 000
SER A0062_ R f 00 S f  0.0 H f 00 M 000
GLU A0063_ R f 00 S f  0.0 H f 00 M 000
HIS A0064_ R f 00 S f  0.0 H f 00 M 000
ARG A0065_ R f 00 S f  0.0 H f 00 M 000
ALA A0066_ R f 00 S f  0.0 H f 00 M 000
LEU A0067_ R f 00 S f  0.0 H f 00 M 000
MET A0068_ R f 00 S f  0.0 H f 00 M 000
SER A0069_ R f 00 S f  0.0 H f 00 M 000
GLU A0070_ R f 00 S f  0.0 H f 00 M 000
LEU A0071_ R f 00 S f  0.0 H f 00 M 000
LYS A0072_ R f 00 S f  0.0 H f 00 M 000
ILE A0073_ R f 00 S f  0.0 H f 00 M 000
LEU A0074_ R f 00 S f  0.0 H f 00 M 000
ILE A0075_ R f 00 S f  0.0 H f 00 M 000
HIS A0076_ R f 00 S f  0.0 H f 00 M 000
ILE A0077_ R f 00 S f  0.0 H f 00 M 000
GLY A0078_ R f 00 S f  0.0 H f 00 M 000
HIS A0079_ R f 00 S f  0.0 H f 00 M 000
HIS A0080_ R f 00 S f  0.0 H f 00 M 000
LEU A0081_ R f 00 S f  0.0 H f 00 M 000
ASN A0082_ R f 00 S f  0.0 H f 00 M 000
VAL A0083_ R f 00 S f  0.0 H f 00 M 000
VAL A0084_ R f 00 S f  0.0 H f 00 M 000
ASN A0085_ R f 00 S f  0.0 H f 00 M 000
LEU A0086_ R f 00 S f  0.0 H f 00 M 000
LEU A0087_ R f 00 S f  0.0 H f 00 M 000
GLY A0088_ R f 00 S f  0.0 H f 00 M 000
ALA A0089_ R f 00 S f  0.0 H f 00 M 000
CYS A0090_ R f 00 S f  0.0 H f 00 M 000
THR A0091_ R f 00 S f  0.0 H f 00 M 000
LYS A0092_ R f 00 S f  0.0 H f 00 M 000
PRO A0093_ R f 00 S f  0.0 H f 00 M 000
GLY A0094_ R f 00 S f  0.0 H f 00 M 000
GLY A0095_ R f 00 S f  0.0 H f 00 M 000
PRO A0096_ R f 00 S f  0.0 H f 00 M 000
LEU A0097_ R f 00 S f  0.0 H f 00 M 000
MET A0098_ R f 00 S f  0.0 H f 00 M 000
VAL A0099_ R f 00 S f  0.0 H f 00 M 000
ILE A0100_ R f 00 S f  0.0 H f 00 M 000
VAL A0101_ R f 00 S f  0.0 H f 00 M 000
GLU A0102_ R f 00 S f  0.0 H f 00 M 000
PHE A0103_ R f 00 S f  0.0 H f 00 M 000
CYS A0104_ R f 00 S f  0.0 H f 00 M 000
LYS A0105_ R f 00 S f  0.0 H f 00 M 000
PHE A0106_ R f 00 S f  0.0 H f 00 M 000
GLY A0107_ R f 00 S f  0.0 H f 00 M 000
ASN A0108_ R f 00 S f  0.0 H f 00 M 000
LEU A0109_ R f 00 S f  0.0 H f 00 M 000
SER A0110_ R f 00 S f  0.0 H f 00 M 000
THR A0111_ R f 00 S f  0.0 H f 00 M 000
TYR A0112_ R f 00 S f  0.0 H f 00 M 000
LEU A0113_ R f 00 S f  0.0 H f 00 M 000
ARG A0114_ R f 00 S f  0.0 H f 00 M 000
SER A0115_ R f 00 S f  0.0 H f 00 M 000
LYS A0116_ R f 00 S f  0.0 H f 00 M 000
ARG A0117_ R f 00 S f  0.0 H f 00 M 000
ASN A0118_ R f 00 S f  0.0 H f 00 M 000
GLU A0119_ R f 00 S f  0.0 H f 00 M 000
PHE A0120_ R f 00 S f  0.0 H f 00 M 000
VAL A0121_ R f 00 S f  0.0 H f 00 M 000
PRO A0122_ R f 00 S f  0.0 H f 00 M 000
TYR A0123_ R f 00 S f  0.0 H f 00 M 000
TYR A0124_ R f 00 S f  0.0 H f 00 M 000
LYS A0125_ R f 00 S f  0.0 H f 00 M 000
ASP A0126_ R f 00 S f  0.0 H f 00 M 000
PHE A0127_ R f 00 S f  0.0 H f 00 M 000
LEU A0128_ R f 00 S f  0.0 H f 00 M 000
THR A0129_ R f 00 S f  0.0 H f 00 M 000
LEU A0130_ R f 00 S f  0.0 H f 00 M 000
GLU A0131_ R f 00 S f  0.0 H f 00 M 000
HIS A0132_ R f 00 S f  0.0 H f 00 M 000
LEU A0133_ R f 00 S f  0.0 H f 00 M 000
ILE A0134_ R f 00 S f  0.0 H f 00 M 000
CYS A0135_ R f 00 S f  0.0 H f 00 M 000
TYR A0136_ R f 00 S f  0.0 H f 00 M 000
SER A0137_ R f 00 S f  0.0 H f 00 M 000
PHE A0138_ R f 00 S f  0.0 H f 00 M 000
GLN A0139_ R f 00 S f  0.0 H f 00 M 000
VAL A0140_ R f 00 S f  0.0 H f 00 M 000
ALA A0141_ R f 00 S f  0.0 H f 00 M 000
LYS A0142_ R f 00 S f  0.0 H f 00 M 000
GLY A0143_ R f 00 S f  0.0 H f 00 M 000
MET A0144_ R f 00 S f  0.0 H f 00 M 000
GLU A0145_ R f 00 S f  0.0 H f 00 M 000
PHE A0146_ R f 00 S f  0.0 H f 00 M 000
LEU A0147_ R f 00 S f  0.0 H f 00 M 000
ALA A0148_ R f 00 S f  0.0 H f 00 M 000
SER A0149_ R f 00 S f  0.0 H f 00 M 000
ARG A0150_ R f 00 S f  0.0 H f 00 M 000
LYS A0151_ R f 00 S f  0.0 H f 00 M 000
CYS A0152_ R f 00 S f  0.0 H f 00 M 000
ILE A0153_ R f 00 S f  0.0 H f 00 M 000
HIS A0154_ R f 00 S f  0.0 H f 00 M 000
ARG A0155_ R f 00 S f  0.0 H f 00 M 000
ASP A0156_ R f 00 S f  0.0 H f 00 M 000
LEU A0157_ R f 00 S f  0.0 H f 00 M 000
ALA A0158_ R f 00 S f  0.0 H f 00 M 000
ALA A0159_ R f 00 S f  0.0 H f 00 M 000
ARG A0160_ R f 00 S f  0.0 H f 00 M 000
ASN A0161_ R f 00 S f  0.0 H f 00 M 000
ILE A0162_ R f 00 S f  0.0 H f 00 M 000
LEU A0163_ R f 00 S f  0.0 H f 00 M 000
LEU A0164_ R f 00 S f  0.0 H f 00 M 000
SER A0165_ R f 00 S f  0.0 H f 00 M 000
GLU A0166_ R f 00 S f  0.0 H f 00 M 000
LYS A0167_ R f 00 S f  0.0 H f 00 M 000
ASN A0168_ R f 00 S f  0.0 H f 00 M 000
VAL A0169_ R f 00 S f  0.0 H f 00 M 000
VAL A0170_ R f 00 S f  0.0 H f 00 M 000
LYS A0171_ R f 00 S f  0.0 H f 00 M 000
ILE A0172_ R f 00 S f  0.0 H f 00 M 000
CYS A0173_ R f 00 S f  0.0 H f 00 M 000
ASP A0174_ R f 00 S f  0.0 H f 00 M 000
PHE A0175_ R f 00 S f  0.0 H f 00 M 000
GLY A0176_ R f 00 S f  0.0 H f 00 M 000
LEU A0177_ R f 00 S f  0.0 H f 00 M 000
ALA A0178_ R f 00 S f  0.0 H f 00 M 000
ARG A0179_ R f 00 S f  0.0 H f 00 M 000
ASP A0180_ R f 00 S f  0.0 H f 00 M 000
ILE A0181_ R f 00 S f  0.0 H f 00 M 000
TYR A0182_ R f 00 S f  0.0 H f 00 M 000
LYS A0183_ R f 00 S f  0.0 H f 00 M 000
ASP A0184_ R f 00 S f  0.0 H f 00 M 000
PRO A0185_ R f 00 S f  0.0 H f 00 M 000
ASP A0186_ R f 00 S f  0.0 H f 00 M 000
TYR A0187_ R f 00 S f  0.0 H f 00 M 000
VAL A0188_ R f 00 S f  0.0 H f 00 M 000
ARG A0189_ R f 00 S f  0.0 H f 00 M 000
LYS A0190_ R f 00 S f  0.0 H f 00 M 000
GLY A0191_ R f 00 S f  0.0 H f 00 M 000
ASP A0192_ R f 00 S f  0.0 H f 00 M 000
ALA A0193_ R f 00 S f  0.0 H f 00 M 000
ARG A0194_ R f 00 S f  0.0 H f 00 M 000
LEU A0195_ R f 00 S f  0.0 H f 00 M 000
PRO A0196_ R f 00 S f  0.0 H f 00 M 000
LEU A0197_ R f 00 S f  0.0 H f 00 M 000
LYS A0198_ R f 00 S f  0.0 H f 00 M 000
TRP A0199_ R f 00 S f  0.0 H f 00 M 000
MET A0200_ R f 00 S f  0.0 H f 00 M 000
ALA A0201_ R f 00 S f  0.0 H f 00 M 000
PRO A0202_ R f 00 S f  0.0 H f 00 M 000
GLU A0203_ R f 00 S f  0.0 H f 00 M 000
THR A0204_ R f 00 S f  0.0 H f 00 M 000
ILE A0205_ R f 00 S f  0.0 H f 00 M 000
PHE A0206_ R f 00 S f  0.0 H f 00 M 000
ASP A0207_ R f 00 S f  0.0 H f 00 M 000
ARG A0208_ R f 00 S f  0.0 H f 00 M 000
VAL A0209_ R f 00 S f  0.0 H f 00 M 000
TYR A0210_ R f 00 S f  0.0 H f 00 M 000
THR A0211_ R f 00 S f  0.0 H f 00 M 000
ILE A0212_ R f 00 S f  0.0 H f 00 M 000
GLN A0213_ R f 00 S f  0.0 H f 00 M 000
SER A0214_ R f 00 S f  0.0 H f 00 M 000
ASP A0215_ R f 00 S f  0.0 H f 00 M 000
VAL A0216_ R f 00 S f  0.0 H f 00 M 000
TRP A0217_ R f 00 S f  0.0 H f 00 M 000
SER A0218_ R f 00 S f  0.0 H f 00 M 000
PHE A0219_ R f 00 S f  0.0 H f 00 M 000
GLY A0220_ R f 00 S f  0.0 H f 00 M 000
VAL A0221_ R f 00 S f  0.0 H f 00 M 000
LEU A0222_ R f 00 S f  0.0 H f 00 M 000
LEU A0223_ R f 00 S f  0.0 H f 00 M 000
TRP A0224_ R f 00 S f  0.0 H f 00 M 000
GLU A0225_ R f 00 S f  0.0 H f 00 M 000
ILE A0226_ R f 00 S f  0.0 H f 00 M 000
PHE A0227_ R f 00 S f  0.0 H f 00 M 000
SER A0228_ R f 00 S f  0.0 H f 00 M 000
LEU A0229_ R f 00 S f  0.0 H f 00 M 000
GLY A0230_ R f 00 S f  0.0 H f 00 M 000
ALA A0231_ R f 00 S f  0.0 H f 00 M 000
SER A0232_ R f 00 S f  0.0 H f 00 M 000
PRO A0233_ R f 00 S f  0.0 H f 00 M 000
TYR A0234_ R f 00 S f  0.0 H f 00 M 000
PRO A0235_ R f 00 S f  0.0 H f 00 M 000
GLY A0236_ R f 00 S f  0.0 H f 00 M 000
VAL A0237_ R f 00 S f  0.0 H f 00 M 000
LYS A0238_ R f 00 S f  0.0 H f 00 M 000
ILE A0239_ R f 00 S f  0.0 H f 00 M 000
ASP A0240_ R f 00 S f  0.0 H f 00 M 000
GLU A0241_ R f 00 S f  0.0 H f 00 M 000
GLU A0242_ R f 00 S f  0.0 H f 00 M 000
PHE A0243_ R f 00 S f  0.0 H f 00 M 000
CYS A0244_ R f 00 S f  0.0 H f 00 M 000
ARG A0245_ R f 00 S f  0.0 H f 00 M 000
ARG A0246_ R f 00 S f  0.0 H f 00 M 000
LEU A0247_ R f 00 S f  0.0 H f 00 M 000
LYS A0248_ R f 00 S f  0.0 H f 00 M 000
GLU A0249_ R f 00 S f  0.0 H f 00 M 000
GLY A0250_ R f 00 S f  0.0 H f 00 M 000
THR A0251_ R f 00 S f  0.0 H f 00 M 000
ARG A0252_ R f 00 S f  0.0 H f 00 M 000
MET A0253_ R f 00 S f  0.0 H f 00 M 000
ARG A0254_ R f 00 S f  0.0 H f 00 M 000
ALA A0255_ R f 00 S f  0.0 H f 00 M 000
PRO A0256_ R f 00 S f  0.0 H f 00 M 000
ASP A0257_ R f 00 S f  0.0 H f 00 M 000
TYR A0258_ R f 00 S f  0.0 H f 00 M 000
THR A0259_ R f 00 S f  0.0 H f 00 M 000
THR A0260_ R f 00 S f  0.0 H f 00 M 000
PRO A0261_ R f 00 S f  0.0 H f 00 M 000
GLU A0262_ R f 00 S f  0.0 H f 00 M 000
MET A0263_ R f 00 S f  0.0 H f 00 M 000
TYR A0264_ R f 00 S f  0.0 H f 00 M 000
GLN A0265_ R f 00 S f  0.0 H f 00 M 000
THR A0266_ R f 00 S f  0.0 H f 00 M 000
MET A0267_ R f 00 S f  0.0 H f 00 M 000
LEU A0268_ R f 00 S f  0.0 H f 00 M 000
ASP A0269_ R f 00 S f  0.0 H f 00 M 000
CYS A0270_ R f 00 S f  0.0 H f 00 M 000
TRP A0271_ R f 00 S f  0.0 H f 00 M 000
HIS A0272_ R f 00 S f  0.0 H f 00 M 000
GLY A0273_ R f 00 S f  0.0 H f 00 M 000
GLU A0274_ R f 00 S f  0.0 H f 00 M 000
PRO A0275_ R f 00 S f  0.0 H f 00 M 000
SER A0276_ R f 00 S f  0.0 H f 00 M 000
GLN A0277_ R f 00 S f  0.0 H f 00 M 000
ARG A0278_ R f 00 S f  0.0 H f 00 M 000
PRO A0279_ R f 00 S f  0.0 H f 00 M 000
THR A0280_ R f 00 S f  0.0 H f 00 M 000
PHE A0281_ R f 00 S f  0.0 H f 00 M 000
SER A0282_ R f 00 S f  0.0 H f 00 M 000
GLU A0283_ R f 00 S f  0.0 H f 00 M 000
LEU A0284_ R f 00 S f  0.0 H f 00 M 000
VAL A0285_ R f 00 S f  0.0 H f 00 M 000
GLU A0286_ R f 00 S f  0.0 H f 00 M 000
HIS A0287_ R f 00 S f  0.0 H f 00 M 000
LEU A0288_ R f 00 S f  0.0 H f 00 M 000
GLY A0289_ R f 00 S f  0.0 H f 00 M 000
ASN A0290_ R f 00 S f  0.0 H f 00 M 000
LEU A0291_ R f 00 S f  0.0 H f 00 M 000
LEU A0292_ R f 00 S f  0.0 H f 00 M 000
GLN A0293_ R f 00 S f  0.0 H f 00 M 000
ALA A0294_ R f 00 S f  0.0 H f 00 M 000
ASN A0295_ R f 00 S f  0.0 H f 00 M 000
ALA A0296_ R f 00 S f  0.0 H f 00 M 000
AXI B0001_ R f 00 S f  0.0 H f 00 M 000
