  pH           7
HIS+A0001_  0.30
CYS-A0002_ -0.00
GLU-A0003_ -1.00
ARG+A0004_  1.00
TYR-A0007_ -0.00
ASP-A0008_ -1.00
LYS+A0011_  1.00
GLU-A0013_ -1.00
ARG+A0016_  1.00
ASP-A0017_ -1.00
ARG+A0018_  1.00
LYS+A0020_  1.00
LYS+A0023_  1.00
ARG+A0027_  1.00
GLU-A0035_ -1.00
ASP-A0037_ -1.00
ASP-A0042_ -1.00
LYS+A0043_  1.00
CYS-A0047_ -0.01
ARG+A0048_  1.00
LYS+A0053_  0.99
LYS+A0056_  0.99
GLU-A0057_ -1.00
HIS+A0061_  0.08
GLU-A0063_ -1.00
HIS+A0064_  0.01
ARG+A0065_  1.00
GLU-A0070_ -0.99
LYS+A0072_  1.00
HIS+A0076_  0.06
HIS+A0079_  0.21
HIS+A0080_  0.00
CYS-A0090_ -0.00
LYS+A0092_  0.99
GLU-A0102_ -1.00
CYS-A0104_ -0.00
LYS+A0105_  1.00
TYR-A0112_ -0.00
ARG+A0114_  1.00
LYS+A0116_  0.85
ARG+A0117_  1.00
GLU-A0119_ -1.00
TYR-A0123_ -0.00
TYR-A0124_ -0.01
LYS+A0125_  1.00
ASP-A0126_ -1.00
GLU-A0131_ -1.00
HIS+A0132_  0.00
CYS-A0135_ -0.00
TYR-A0136_ -0.00
LYS+A0142_  1.00
GLU-A0145_ -0.99
ARG+A0150_  1.00
LYS+A0151_  1.00
CYS-A0152_ -0.00
HIS+A0154_  0.00
ARG+A0155_  1.00
ASP-A0156_ -1.00
ARG+A0160_  1.00
GLU-A0166_ -1.00
LYS+A0167_  1.00
LYS+A0171_  1.00
CYS-A0173_ -0.00
ASP-A0174_ -1.00
ARG+A0179_  1.00
ASP-A0180_ -1.00
TYR-A0182_ -0.00
LYS+A0183_  0.99
ASP-A0184_ -1.00
ASP-A0186_ -1.00
TYR-A0187_ -0.00
ARG+A0189_  1.00
LYS+A0190_  0.94
ASP-A0192_ -1.00
ARG+A0194_  1.00
LYS+A0198_  1.00
GLU-A0203_ -1.00
ASP-A0207_ -1.00
ARG+A0208_  1.00
TYR-A0210_ -0.00
ASP-A0215_ -1.00
GLU-A0225_ -1.00
TYR-A0234_ -0.00
LYS+A0238_  1.00
ASP-A0240_ -1.00
GLU-A0241_ -1.00
GLU-A0242_ -1.00
CYS-A0244_ -0.00
ARG+A0245_  1.00
ARG+A0246_  1.00
LYS+A0248_  1.00
GLU-A0249_ -1.00
ARG+A0252_  1.00
ARG+A0254_  1.00
ASP-A0257_ -1.00
TYR-A0258_ -0.00
GLU-A0262_ -1.00
TYR-A0264_ -0.00
ASP-A0269_ -0.96
CYS-A0270_ -0.00
HIS+A0272_  0.00
GLU-A0274_ -1.00
ARG+A0278_  1.00
GLU-A0283_ -1.00
GLU-A0286_ -1.00
HIS+A0287_  0.14
----------
Net_Charge  4.61
Protons     4.61
Electrons   0.00
