   confID        vdw0    sas     sum
HIS01A0001_001  -0.205  -9.498  -9.703
HIS01A0001_002  -0.173  -9.719  -9.892
HIS02A0001_003  -0.221  -9.498  -9.720
HIS02A0001_004  -0.187  -9.719  -9.905
HIS+1A0001_005  -0.248  -9.498  -9.746
HIS+1A0001_006  -0.213  -9.719  -9.932
CYS01A0002_001  -0.002  -1.811  -1.812
CYS01A0002_002  -0.002  -1.811  -1.812
CYS01A0002_003  -0.003  -1.811  -1.813
CYS-1A0002_004   0.000  -1.811  -1.811
GLU01A0003_001   2.847  -2.490   0.357
GLU01A0003_002   2.847  -2.490   0.357
GLU02A0003_003   2.287  -2.632  -0.345
GLU02A0003_004   2.287  -2.632  -0.345
GLU-1A0003_005   2.223  -2.531  -0.308
ARG01A0004_001   1.475  -9.747  -8.271
ARG02A0004_002   1.462  -9.747  -8.284
ARG03A0004_003   1.454  -9.747  -8.293
ARG+1A0004_004   1.415  -9.747  -8.332
LEU01A0005_001   1.815  -1.149   0.666
PRO01A0006_001   0.210  -5.401  -5.191
TYR01A0007_001   3.913  -1.530   2.382
TYR01A0007_002   3.913  -1.530   2.382
TYR-1A0007_003   3.913  -1.530   2.382
ASP01A0008_001   0.005  -2.579  -2.574
ASP01A0008_002   0.005  -2.579  -2.574
ASP02A0008_003   0.053  -2.598  -2.545
ASP02A0008_004   0.053  -2.598  -2.545
ASP-1A0008_005   0.001  -2.425  -2.423
ALA01A0009_001   0.000  -2.933  -2.933
SER01A0010_001   0.000  -4.471  -4.471
SER01A0010_002   0.000  -4.471  -4.471
SER01A0010_003   0.000  -4.471  -4.471
LYS01A0011_001   0.652  -7.240  -6.588
LYS+1A0011_002   0.607  -7.240  -6.633
TRP01A0012_001   2.748  -1.231   1.517
GLU01A0013_001   2.058  -0.550   1.508
GLU01A0013_002   2.058  -0.550   1.508
GLU02A0013_003   1.676  -0.567   1.109
GLU02A0013_004   1.676  -0.567   1.109
GLU-1A0013_005   1.594  -0.554   1.039
PHE01A0014_001   4.216  -0.808   3.408
PRO01A0015_001   0.258  -2.576  -2.318
ARG01A0016_001   1.253  -2.757  -1.505
ARG02A0016_002   1.202  -2.757  -1.555
ARG03A0016_003   1.197  -2.757  -1.560
ARG03A0016_004   1.203  -2.757  -1.554
ARG+1A0016_005   1.158  -2.757  -1.599
ASP01A0017_001   0.143  -2.929  -2.787
ASP01A0017_002   0.143  -2.929  -2.787
ASP02A0017_003   0.186  -2.882  -2.696
ASP02A0017_004   0.186  -2.882  -2.696
ASP-1A0017_005   0.119  -2.807  -2.688
ARG01A0018_001   2.817  -6.888  -4.071
ARG02A0018_002   2.915  -6.888  -3.973
ARG03A0018_003   2.802  -6.888  -4.087
ARG+1A0018_004   2.759  -6.888  -4.129
LEU01A0019_001   1.720   0.000   1.720
LYS01A0020_001   1.677  -8.001  -6.323
LYS+1A0020_002   1.625  -8.001  -6.376
LEU01A0021_001   1.582  -3.879  -2.297
LYS01A0023_001   1.394  -9.540  -8.146
LYS+1A0023_002   1.345  -9.540  -8.195
PRO01A0024_001   0.230  -3.467  -3.237
LEU01A0025_001   1.373  -0.325   1.048
ARG01A0027_001   1.721  -7.003  -5.282
ARG02A0027_002   1.678  -7.003  -5.325
ARG03A0027_003   1.674  -7.003  -5.330
ARG+1A0027_004   1.635  -7.003  -5.368
ALA01A0029_001   0.000  -1.201  -1.201
PHE01A0030_001   3.962  -5.492  -1.529
GLN01A0032_001   0.982  -1.043  -0.062
GLN01A0032_002   1.384  -0.960   0.425
VAL01A0033_001   0.666   0.000   0.666
ILE01A0034_001   1.848  -0.412   1.436
GLU01A0035_001   1.273  -1.405  -0.131
GLU01A0035_002   1.273  -1.405  -0.131
GLU02A0035_003   1.046  -1.498  -0.452
GLU02A0035_004   1.046  -1.498  -0.452
GLU-1A0035_005   0.961  -1.378  -0.417
ALA01A0036_001   0.000   0.000   0.000
ASP01A0037_001   0.082  -2.054  -1.973
ASP01A0037_002   0.082  -2.054  -1.973
ASP02A0037_003   0.156  -2.049  -1.893
ASP02A0037_004   0.156  -2.049  -1.893
ASP-1A0037_005   0.079  -1.998  -1.919
ALA01A0038_001   0.000   0.000   0.000
PHE01A0039_001   3.977  -6.790  -2.813
ILE01A0041_001   1.335  -0.052   1.283
ASP01A0042_001  -0.007  -1.134  -1.141
ASP01A0042_002  -0.007  -1.134  -1.141
ASP02A0042_003   0.038  -1.151  -1.114
ASP02A0042_004   0.038  -1.151  -1.114
ASP-1A0042_005  -0.010  -1.123  -1.133
LYS01A0043_001   1.159  -9.186  -8.026
LYS+1A0043_002   1.114  -9.186  -8.072
THR01A0044_001   0.459  -7.581  -7.122
THR01A0044_002   0.459  -7.581  -7.122
ALA01A0045_001   0.000  -3.174  -3.174
THR01A0046_001   0.381  -2.951  -2.570
CYS01A0047_001  -0.002  -3.335  -3.337
CYS01A0047_002  -0.002  -3.335  -3.337
CYS01A0047_003  -0.002  -3.335  -3.338
CYS-1A0047_004   0.000  -3.335  -3.335
ARG01A0048_001   2.364  -3.549  -1.185
ARG02A0048_002   2.343  -3.549  -1.205
ARG03A0048_003   2.337  -3.549  -1.212
ARG03A0048_004   2.341  -3.549  -1.207
ARG+1A0048_005   2.298  -3.549  -1.251
THR01A0049_001   0.499  -2.428  -1.929
THR01A0049_002   0.499  -2.428  -1.929
VAL01A0050_001   0.494   0.000   0.494
ALA01A0051_001   0.000   0.000   0.000
VAL01A0052_001   0.468   0.000   0.468
LYS01A0053_001   0.767   0.000   0.767
LYS+1A0053_002   0.722   0.000   0.722
MET01A0054_001   0.380  -1.215  -0.835
LEU01A0055_001   1.369  -0.927   0.441
LYS01A0056_001   2.976  -1.636   1.339
LYS+1A0056_002   3.046  -1.636   1.410
GLU01A0057_001   1.382  -4.581  -3.200
GLU01A0057_002   1.382  -4.581  -3.200
GLU02A0057_003   1.150  -4.591  -3.442
GLU02A0057_004   1.150  -4.591  -3.442
GLU-1A0057_005   1.060  -4.464  -3.404
ALA01A0059_001   0.000  -0.361  -0.361
THR01A0060_001   0.441  -4.756  -4.315
THR01A0060_002   0.441  -4.756  -4.315
HIS01A0061_001  -0.225  -6.205  -6.430
HIS01A0061_002  -0.194  -6.847  -7.041
HIS02A0061_003  -0.242  -6.205  -6.446
HIS02A0061_004  -0.208  -6.847  -7.055
HIS+1A0061_005  -0.268  -6.205  -6.473
HIS+1A0061_006  -0.234  -6.847  -7.081
SER01A0062_001   0.000  -3.195  -3.195
SER01A0062_002   0.000  -3.195  -3.195
GLU01A0063_001   1.682  -1.035   0.646
GLU01A0063_002   1.682  -1.035   0.646
GLU02A0063_003   1.418  -1.087   0.331
GLU02A0063_004   1.418  -1.087   0.331
GLU-1A0063_005   1.316  -1.068   0.247
HIS01A0064_001  -0.171  -3.204  -3.375
HIS01A0064_002  -0.133  -2.847  -2.981
HIS02A0064_003  -0.190  -3.204  -3.393
HIS02A0064_004  -0.147  -2.847  -2.994
HIS+1A0064_005  -0.216  -3.204  -3.420
HIS+1A0064_006  -0.173  -2.847  -3.020
ARG01A0065_001   1.848  -7.437  -5.589
ARG02A0065_002   1.854  -7.437  -5.583
ARG03A0065_003   1.800  -7.437  -5.637
ARG+1A0065_004   1.761  -7.437  -5.676
ALA01A0066_001   0.000  -2.643  -2.643
LEU01A0067_001   1.519   0.000   1.519
MET01A0068_001  -0.090  -2.433  -2.523
SER01A0069_001   0.000  -1.071  -1.071
GLU01A0070_001   1.744  -0.398   1.345
GLU01A0070_002   1.744  -0.398   1.345
GLU02A0070_003   1.427  -0.379   1.048
GLU02A0070_004   1.427  -0.379   1.048
GLU-1A0070_005   1.337  -0.379   0.958
LEU01A0071_001   1.664   0.000   1.664
LYS01A0072_001   0.768  -1.954  -1.186
LYS+1A0072_002   0.723  -1.954  -1.231
ILE01A0073_001   1.013  -2.782  -1.769
LEU01A0074_001   1.377  -0.119   1.258
ILE01A0075_001   2.261  -0.976   1.285
HIS01A0076_001  -0.169  -2.830  -2.999
HIS02A0076_002  -0.188  -2.830  -3.018
HIS+1A0076_003  -0.215  -2.830  -3.044
ILE01A0077_001   1.405  -0.531   0.874
HIS01A0079_001  -0.124  -8.491  -8.615
HIS01A0079_002  -0.072  -8.626  -8.698
HIS02A0079_003  -0.143  -8.491  -8.634
HIS02A0079_004  -0.084  -8.626  -8.711
HIS+1A0079_005  -0.170  -8.491  -8.661
HIS+1A0079_006  -0.111  -8.626  -8.737
HIS01A0080_001  -0.148  -1.908  -2.056
HIS02A0080_002  -0.168  -1.908  -2.076
HIS+1A0080_003  -0.194  -1.908  -2.102
LEU01A0081_001   1.329  -6.159  -4.830
ASN01A0082_001   0.199  -0.285  -0.087
ASN01A0082_002   0.378  -0.236   0.141
VAL01A0083_001   0.715  -0.258   0.457
VAL01A0084_001   0.518   0.000   0.518
ASN01A0085_001   0.520  -0.761  -0.241
ASN01A0085_002   0.282  -0.633  -0.351
LEU01A0086_001   1.891  -0.103   1.788
LEU01A0087_001   1.694  -0.873   0.821
ALA01A0089_001   0.000   0.000   0.000
CYS01A0090_001  -0.002   0.000  -0.002
CYS01A0090_002  -0.002   0.000  -0.002
CYS01A0090_003  -0.002   0.000  -0.002
CYS-1A0090_004   0.000   0.000   0.000
THR01A0091_001   0.393  -0.854  -0.461
THR01A0091_002   0.393  -0.854  -0.461
THR01A0091_003   0.393  -0.854  -0.461
LYS01A0092_001   2.566  -7.453  -4.887
LYS+1A0092_002   2.497  -7.453  -4.955
PRO01A0093_001   0.239  -7.176  -6.937
PRO01A0096_001   0.210  -3.209  -2.999
LEU01A0097_001   1.777  -0.052   1.726
MET01A0098_001   0.372  -0.116   0.257
VAL01A0099_001   0.565   0.000   0.565
ILE01A0100_001   1.427   0.000   1.427
VAL01A0101_001   0.466   0.000   0.466
GLU01A0102_001   1.293  -0.793   0.500
GLU01A0102_002   1.293  -0.793   0.500
GLU02A0102_003   1.164  -0.798   0.366
GLU02A0102_004   1.164  -0.798   0.366
GLU-1A0102_005   1.051  -0.861   0.189
PHE01A0103_001   4.274  -1.769   2.505
CYS01A0104_001  -0.002   0.000  -0.002
CYS01A0104_002  -0.002   0.000  -0.002
CYS01A0104_003  -0.002   0.000  -0.002
CYS-1A0104_004   0.000   0.000   0.000
LYS01A0105_001   1.637  -6.755  -5.119
LYS+1A0105_002   1.579  -6.755  -5.176
PHE01A0106_001   3.855  -5.105  -1.251
ASN01A0108_001   0.404  -0.930  -0.526
ASN01A0108_002   0.363  -0.856  -0.494
LEU01A0109_001   1.542   0.000   1.542
SER01A0110_001   0.000  -0.517  -0.517
SER01A0110_002   0.000  -0.517  -0.517
THR01A0111_001   0.408  -4.953  -4.546
THR01A0111_002   0.408  -4.953  -4.546
THR01A0111_003   0.408  -4.953  -4.546
TYR01A0112_001   4.118  -1.904   2.214
TYR-1A0112_002   4.118  -1.904   2.214
LEU01A0113_001   1.498   0.000   1.498
ARG01A0114_001   3.562  -5.852  -2.290
ARG02A0114_002   3.543  -5.852  -2.309
ARG03A0114_003   3.520  -5.852  -2.333
ARG+1A0114_004   3.474  -5.852  -2.378
SER01A0115_001   0.000  -2.581  -2.581
SER01A0115_002   0.000  -2.581  -2.581
LYS01A0116_001   0.552  -0.746  -0.194
LYS+1A0116_002   0.507  -0.746  -0.239
ARG01A0117_001   1.879  -5.322  -3.443
ARG02A0117_002   1.918  -5.322  -3.404
ARG03A0117_003   1.853  -5.322  -3.470
ARG+1A0117_004   1.814  -5.322  -3.509
ASN01A0118_001   0.429  -3.862  -3.433
ASN01A0118_002   0.207  -3.949  -3.742
GLU01A0119_001   1.193  -2.242  -1.049
GLU01A0119_002   1.193  -2.242  -1.049
GLU02A0119_003   1.036  -2.040  -1.004
GLU02A0119_004   1.036  -2.040  -1.004
GLU-1A0119_005   0.938  -2.067  -1.129
PHE01A0120_001   4.097  -0.303   3.794
VAL01A0121_001   0.717  -1.597  -0.880
PRO01A0122_001   0.238  -4.613  -4.374
TYR01A0123_001   4.066  -9.030  -4.964
TYR-1A0123_002   4.066  -9.030  -4.964
TYR01A0124_001   4.101  -9.682  -5.581
TYR01A0124_002   4.101  -9.682  -5.581
TYR-1A0124_003   4.101  -9.682  -5.581
LYS01A0125_001   2.108 -10.298  -8.190
LYS+1A0125_002   2.058 -10.298  -8.241
ASP01A0126_001   0.004  -2.955  -2.951
ASP01A0126_002   0.004  -2.955  -2.951
ASP02A0126_003   0.048  -3.000  -2.952
ASP02A0126_004   0.048  -3.000  -2.952
ASP-1A0126_005  -0.001  -2.920  -2.921
PHE01A0127_001   3.981  -3.335   0.646
LEU01A0128_001   2.276  -0.155   2.122
THR01A0129_001   0.406  -1.339  -0.933
THR01A0129_002   0.406  -1.339  -0.933
LEU01A0130_001   1.777  -0.428   1.349
GLU01A0131_001   1.926  -2.186  -0.260
GLU01A0131_002   1.926  -2.186  -0.260
GLU02A0131_003   1.521  -2.165  -0.645
GLU02A0131_004   1.521  -2.165  -0.645
GLU-1A0131_005   1.459  -2.136  -0.678
HIS01A0132_001  -0.147  -2.257  -2.405
HIS02A0132_002  -0.166  -2.257  -2.423
HIS+1A0132_003  -0.193  -2.257  -2.450
LEU01A0133_001   1.571   0.000   1.571
ILE01A0134_001   1.671  -0.052   1.620
CYS01A0135_001  -0.002  -1.786  -1.788
CYS01A0135_002  -0.002  -1.786  -1.788
CYS01A0135_003  -0.002  -1.786  -1.789
CYS-1A0135_004   0.000  -1.786  -1.786
TYR01A0136_001   3.973   0.000   3.973
TYR01A0136_002   3.973   0.000   3.973
TYR-1A0136_003   3.973   0.000   3.973
SER01A0137_001   0.000   0.000   0.000
SER01A0137_002   0.000   0.000   0.000
PHE01A0138_001   4.102  -3.134   0.969
GLN01A0139_001   0.701  -0.474   0.227
GLN01A0139_002   0.777  -0.453   0.324
VAL01A0140_001   0.557   0.000   0.557
ALA01A0141_001   0.000   0.000   0.000
LYS01A0142_001   1.004  -4.197  -3.194
LYS+1A0142_002   0.957  -4.197  -3.240
MET01A0144_001   0.424   0.000   0.424
GLU01A0145_001   0.891  -1.557  -0.667
GLU01A0145_002   0.891  -1.557  -0.667
GLU02A0145_003   0.799  -1.676  -0.877
GLU02A0145_004   0.799  -1.676  -0.877
GLU-1A0145_005   0.688  -1.598  -0.910
PHE01A0146_001   4.079  -2.529   1.550
LEU01A0147_001   1.836  -0.309   1.527
ALA01A0148_001   0.000  -1.185  -1.185
SER01A0149_001   0.000  -2.672  -2.672
SER01A0149_002   0.000  -2.672  -2.672
SER01A0149_003   0.000  -2.672  -2.672
ARG01A0150_001   2.843  -5.258  -2.415
ARG02A0150_002   2.859  -5.258  -2.399
ARG03A0150_003   2.794  -5.258  -2.464
ARG+1A0150_004   2.755  -5.258  -2.503
LYS01A0151_001   1.299 -10.307  -9.008
LYS+1A0151_002   1.234 -10.307  -9.073
CYS01A0152_001  -0.002  -0.239  -0.241
CYS01A0152_002  -0.002  -0.239  -0.241
CYS01A0152_003  -0.002  -0.239  -0.241
CYS-1A0152_004   0.000  -0.239  -0.239
ILE01A0153_001   2.788  -1.252   1.535
HIS01A0154_001  -0.192  -0.316  -0.508
HIS02A0154_002  -0.209  -0.316  -0.525
HIS+1A0154_003  -0.236  -0.316  -0.552
ARG01A0155_001   1.084  -7.611  -6.527
ARG02A0155_002   1.164  -7.611  -6.447
ARG03A0155_003   1.063  -7.611  -6.548
ARG+1A0155_004   1.024  -7.611  -6.587
ASP01A0156_001   0.027  -0.405  -0.378
ASP01A0156_002   0.027  -0.405  -0.378
ASP02A0156_003   0.087  -0.435  -0.348
ASP02A0156_004   0.087  -0.435  -0.348
ASP-1A0156_005   0.026  -0.405  -0.379
LEU01A0157_001   1.392   0.000   1.392
ALA01A0158_001   0.000   0.000   0.000
ALA01A0159_001   0.000   0.000   0.000
ARG01A0160_001   1.502  -0.773   0.729
ARG02A0160_002   1.487  -0.773   0.715
ARG02A0160_003   1.571  -0.773   0.798
ARG03A0160_004   1.479  -0.773   0.706
ARG03A0160_005   1.483  -0.773   0.710
ARG+1A0160_006   1.440  -0.773   0.667
ASN01A0161_001   0.290   0.000   0.290
ASN01A0161_002   0.093   0.000   0.093
ILE01A0162_001   1.125   0.000   1.125
LEU01A0163_001   1.861   0.000   1.861
LEU01A0164_001   1.716  -0.206   1.510
SER01A0165_001   0.000  -0.301  -0.301
SER01A0165_002   0.000  -0.301  -0.301
GLU01A0166_001   1.601  -2.629  -1.028
GLU01A0166_002   1.601  -2.629  -1.028
GLU02A0166_003   1.415  -2.713  -1.298
GLU02A0166_004   1.415  -2.713  -1.298
GLU-1A0166_005   1.303  -2.648  -1.346
LYS01A0167_001   1.132  -9.830  -8.698
LYS+1A0167_002   1.071  -9.830  -8.759
ASN01A0168_001   0.564  -1.704  -1.140
ASN01A0168_002   0.339  -1.505  -1.166
VAL01A0169_001   0.427  -1.594  -1.166
VAL01A0170_001   0.495   0.000   0.495
LYS01A0171_001   1.401  -0.199   1.201
LYS+1A0171_002   1.337  -0.199   1.137
ILE01A0172_001   1.581  -0.206   1.375
CYS01A0173_001  -0.002   0.000  -0.002
CYS01A0173_002  -0.002   0.000  -0.002
CYS01A0173_003  -0.002   0.000  -0.002
CYS-1A0173_004   0.000   0.000   0.000
ASP01A0174_001   0.062  -0.867  -0.805
ASP01A0174_002   0.062  -0.867  -0.805
ASP02A0174_003   0.129  -0.866  -0.737
ASP02A0174_004   0.129  -0.866  -0.737
ASP-1A0174_005   0.060  -0.827  -0.767
PHE01A0175_001   4.011  -0.693   3.319
LEU01A0177_001   2.239  -2.727  -0.488
ALA01A0178_001   0.000   0.000   0.000
ARG01A0179_001   2.350  -1.222   1.128
ARG02A0179_002   2.321  -1.222   1.098
ARG02A0179_003   2.375  -1.222   1.153
ARG03A0179_004   2.313  -1.222   1.090
ARG+1A0179_005   2.273  -1.222   1.051
ASP01A0180_001   0.037  -0.613  -0.576
ASP01A0180_002   0.037  -0.613  -0.576
ASP02A0180_003   0.088  -0.605  -0.517
ASP02A0180_004   0.088  -0.605  -0.517
ASP-1A0180_005   0.031  -0.577  -0.546
ILE01A0181_001   1.822  -3.377  -1.555
TYR01A0182_001   3.871  -7.943  -4.073
TYR-1A0182_002   3.871  -7.943  -4.073
LYS01A0183_001   1.408  -7.800  -6.391
LYS+1A0183_002   1.346  -7.800  -6.454
ASP01A0184_001   0.272  -1.012  -0.739
ASP01A0184_002   0.272  -1.012  -0.739
ASP02A0184_003   0.376  -1.078  -0.702
ASP02A0184_004   0.376  -1.078  -0.702
ASP-1A0184_005   0.258  -1.034  -0.776
PRO01A0185_001   0.260  -6.327  -6.067
ASP01A0186_001   0.085  -0.462  -0.377
ASP01A0186_002   0.085  -0.462  -0.377
ASP02A0186_003   0.163  -0.531  -0.368
ASP02A0186_004   0.163  -0.531  -0.368
ASP-1A0186_005   0.084  -0.517  -0.433
TYR01A0187_001   3.818  -0.414   3.404
TYR01A0187_002   3.818  -0.414   3.404
TYR-1A0187_003   3.818  -0.414   3.404
VAL01A0188_001   0.657  -2.057  -1.400
ARG01A0189_001   3.640 -11.273  -7.632
ARG02A0189_002   3.615 -11.273  -7.657
ARG03A0189_003   3.610 -11.273  -7.663
ARG+1A0189_004   3.564 -11.273  -7.709
LYS01A0190_001   1.723  -3.621  -1.898
LYS+1A0190_002   1.675  -3.621  -1.946
ASP01A0192_001   0.324  -4.443  -4.119
ASP01A0192_002   0.324  -4.443  -4.119
ASP02A0192_003   0.370  -4.395  -4.026
ASP02A0192_004   0.370  -4.395  -4.026
ASP-1A0192_005   0.277  -4.281  -4.003
ALA01A0193_001   0.000  -1.974  -1.974
ARG01A0194_001   2.544  -5.026  -2.482
ARG02A0194_002   2.519  -5.026  -2.507
ARG03A0194_003   2.512  -5.026  -2.514
ARG+1A0194_004   2.473  -5.026  -2.553
LEU01A0195_001   1.328  -1.851  -0.523
PRO01A0196_001   0.202  -0.478  -0.277
LEU01A0197_001   1.918  -0.309   1.609
LYS01A0198_001   1.430  -1.092   0.338
LYS+1A0198_002   1.384  -1.092   0.292
TRP01A0199_001   2.591  -0.052   2.539
MET01A0200_001   0.078  -0.144  -0.066
ALA01A0201_001   0.000   0.000   0.000
PRO01A0202_001   0.225  -0.361  -0.136
GLU01A0203_001   2.637  -0.312   2.325
GLU01A0203_002   2.637  -0.312   2.325
GLU02A0203_003   2.130  -0.331   1.799
GLU02A0203_004   2.130  -0.331   1.799
GLU-1A0203_005   2.065  -0.331   1.734
THR01A0204_001   0.540  -0.052   0.489
THR01A0204_002   0.540  -0.052   0.489
THR01A0204_003   0.540  -0.052   0.489
ILE01A0205_001   2.104  -0.274   1.831
PHE01A0206_001   4.179  -2.485   1.694
ASP01A0207_001   0.081  -2.652  -2.571
ASP01A0207_002   0.081  -2.652  -2.571
ASP02A0207_003   0.134  -2.474  -2.341
ASP02A0207_004   0.134  -2.474  -2.341
ASP-1A0207_005   0.070  -2.416  -2.347
ARG01A0208_001   2.207 -10.285  -8.078
ARG02A0208_002   2.155 -10.285  -8.131
ARG02A0208_003   2.196 -10.285  -8.089
ARG03A0208_004   2.155 -10.285  -8.131
ARG+1A0208_005   2.111 -10.285  -8.174
VAL01A0209_001   0.565  -4.153  -3.588
TYR01A0210_001   4.297  -2.671   1.626
TYR-1A0210_002   4.297  -2.671   1.626
THR01A0211_001   0.346  -3.145  -2.799
THR01A0211_002   0.346  -3.145  -2.799
ILE01A0212_001   0.736  -2.608  -1.872
GLN01A0213_001   0.298  -0.588  -0.289
GLN01A0213_002   0.291  -0.575  -0.285
SER01A0214_001   0.000  -0.108  -0.108
ASP01A0215_001   0.078  -0.036   0.042
ASP01A0215_002   0.078  -0.036   0.042
ASP02A0215_003   0.153  -0.034   0.118
ASP02A0215_004   0.153  -0.034   0.118
ASP-1A0215_005   0.076  -0.034   0.042
VAL01A0216_001   0.674   0.000   0.674
TRP01A0217_001   2.839   0.000   2.839
SER01A0218_001   0.000  -0.301  -0.301
SER01A0218_002   0.000  -0.301  -0.301
PHE01A0219_001   4.026   0.000   4.026
VAL01A0221_001   0.556   0.000   0.556
LEU01A0222_001   2.394   0.000   2.394
LEU01A0223_001   1.503   0.000   1.503
TRP01A0224_001   2.454   0.000   2.454
GLU01A0225_001   0.654  -0.034   0.619
GLU01A0225_002   0.654  -0.034   0.619
GLU02A0225_003   0.640  -0.036   0.604
GLU02A0225_004   0.640  -0.036   0.604
GLU-1A0225_005   0.527  -0.034   0.492
ILE01A0226_001   2.182   0.000   2.182
PHE01A0227_001   4.056   0.000   4.056
SER01A0228_001   0.000  -0.096  -0.096
SER01A0228_002   0.000  -0.096  -0.096
LEU01A0229_001   1.087   0.000   1.087
ALA01A0231_001   0.000  -1.133  -1.133
SER01A0232_001   0.000  -3.209  -3.209
SER01A0232_002   0.000  -3.209  -3.209
PRO01A0233_001   0.193   0.000   0.193
TYR01A0234_001   4.197  -0.253   3.944
TYR-1A0234_002   4.197  -0.253   3.944
PRO01A0235_001   0.223  -3.322  -3.099
VAL01A0237_001   0.580  -1.835  -1.255
LYS01A0238_001   1.608  -9.503  -7.895
LYS+1A0238_002   1.537  -9.503  -7.967
ILE01A0239_001   1.022  -0.979   0.044
ASP01A0240_001   0.091  -1.411  -1.320
ASP01A0240_002   0.091  -1.411  -1.320
ASP02A0240_003   0.167  -1.587  -1.420
ASP02A0240_004   0.167  -1.587  -1.420
ASP-1A0240_005   0.088  -1.477  -1.388
GLU01A0241_001   2.278  -3.184  -0.906
GLU01A0241_002   2.278  -3.184  -0.906
GLU02A0241_003   1.816  -3.174  -1.358
GLU02A0241_004   1.816  -3.174  -1.358
GLU-1A0241_005   1.756  -3.095  -1.339
GLU01A0242_001   0.586  -2.655  -2.069
GLU01A0242_002   0.586  -2.655  -2.069
GLU02A0242_003   0.564  -2.708  -2.144
GLU02A0242_004   0.564  -2.708  -2.144
GLU-1A0242_005   0.456  -2.579  -2.123
PHE01A0243_001   4.209  -0.101   4.108
CYS01A0244_001  -0.002  -0.568  -0.569
CYS01A0244_002  -0.002  -0.568  -0.569
CYS01A0244_003  -0.002  -0.568  -0.570
CYS-1A0244_004   0.000  -0.568  -0.568
ARG01A0245_001   2.550  -6.114  -3.565
ARG02A0245_002   2.529  -6.114  -3.585
ARG02A0245_003   2.597  -6.114  -3.517
ARG03A0245_004   2.522  -6.114  -3.592
ARG03A0245_005   2.526  -6.114  -3.589
ARG+1A0245_006   2.482  -6.114  -3.632
ARG01A0246_001   2.062  -3.905  -1.843
ARG02A0246_002   2.065  -3.905  -1.840
ARG03A0246_003   2.018  -3.905  -1.887
ARG+1A0246_004   1.973  -3.905  -1.931
LEU01A0247_001   2.128   0.000   2.128
LYS01A0248_001   2.017  -6.626  -4.609
LYS+1A0248_002   1.973  -6.626  -4.653
GLU01A0249_001   1.724  -2.502  -0.777
GLU01A0249_002   1.724  -2.502  -0.777
GLU02A0249_003   1.409  -2.525  -1.116
GLU02A0249_004   1.409  -2.525  -1.116
GLU-1A0249_005   1.329  -2.489  -1.160
THR01A0251_001   0.440  -2.458  -2.019
THR01A0251_002   0.440  -2.458  -2.019
ARG01A0252_001   1.841  -1.608   0.232
ARG02A0252_002   1.820  -1.608   0.211
ARG02A0252_003   1.869  -1.608   0.261
ARG03A0252_004   1.813  -1.608   0.204
ARG+1A0252_005   1.774  -1.608   0.166
MET01A0253_001   0.117  -0.048   0.069
ARG01A0254_001   3.556  -6.947  -3.391
ARG02A0254_002   3.531  -6.947  -3.416
ARG02A0254_003   3.543  -6.947  -3.404
ARG03A0254_004   3.528  -6.947  -3.419
ARG+1A0254_005   3.486  -6.947  -3.461
ALA01A0255_001   0.000  -2.263  -2.263
PRO01A0256_001   0.191   0.000   0.191
ASP01A0257_001   0.048  -2.606  -2.559
ASP01A0257_002   0.048  -2.606  -2.559
ASP02A0257_003   0.111  -2.505  -2.394
ASP02A0257_004   0.111  -2.505  -2.394
ASP-1A0257_005   0.045  -2.472  -2.427
TYR01A0258_001   3.933  -2.428   1.504
TYR01A0258_002   3.933  -2.428   1.504
TYR-1A0258_003   3.933  -2.428   1.504
THR01A0259_001   0.454  -0.567  -0.112
THR01A0259_002   0.454  -0.567  -0.112
THR01A0260_001   0.461  -1.027  -0.566
THR01A0260_002   0.461  -1.027  -0.566
THR01A0260_003   0.461  -1.027  -0.566
PRO01A0261_001   0.203  -6.978  -6.775
GLU01A0262_001   0.742  -2.404  -1.662
GLU01A0262_002   0.742  -2.404  -1.662
GLU02A0262_003   0.737  -2.396  -1.659
GLU02A0262_004   0.737  -2.396  -1.659
GLU-1A0262_005   0.609  -2.330  -1.721
MET01A0263_001   0.899   0.000   0.899
TYR01A0264_001   4.100  -3.102   0.998
TYR01A0264_002   4.100  -3.102   0.998
TYR-1A0264_003   4.100  -3.102   0.998
GLN01A0265_001   0.701  -2.739  -2.038
GLN01A0265_002   0.848  -2.722  -1.874
THR01A0266_001   0.423  -0.060   0.363
THR01A0266_002   0.423  -0.060   0.363
THR01A0266_003   0.423  -0.060   0.363
MET01A0267_001   0.127   0.000   0.127
LEU01A0268_001   1.553  -2.830  -1.277
ASP01A0269_001   0.096  -1.700  -1.604
ASP01A0269_002   0.096  -1.700  -1.604
ASP02A0269_003   0.174  -1.695  -1.521
ASP02A0269_004   0.174  -1.695  -1.521
ASP-1A0269_005   0.093  -1.619  -1.526
CYS01A0270_001  -0.002   0.000  -0.002
CYS01A0270_002  -0.002   0.000  -0.002
CYS01A0270_003  -0.002   0.000  -0.002
CYS-1A0270_004   0.000   0.000   0.000
TRP01A0271_001   2.526   0.000   2.526
HIS01A0272_001  -0.199  -4.464  -4.662
HIS02A0272_002  -0.216  -4.464  -4.679
HIS+1A0272_003  -0.243  -4.464  -4.706
GLU01A0274_001   1.031  -3.053  -2.022
GLU01A0274_002   1.031  -3.053  -2.022
GLU02A0274_003   0.932  -3.114  -2.182
GLU02A0274_004   0.932  -3.114  -2.182
GLU-1A0274_005   0.811  -3.079  -2.268
PRO01A0275_001   0.262  -1.805  -1.542
SER01A0276_001   0.000  -3.906  -3.906
SER01A0276_002   0.000  -3.906  -3.906
GLN01A0277_001   0.583  -3.322  -2.740
GLN01A0277_002   0.587  -3.263  -2.676
ARG01A0278_001   1.298   0.000   1.298
ARG02A0278_002   1.260   0.000   1.260
ARG02A0278_003   1.320   0.000   1.320
ARG03A0278_004   1.255   0.000   1.255
ARG03A0278_005   1.260   0.000   1.260
ARG+1A0278_006   1.216   0.000   1.216
PRO01A0279_001   0.296  -0.858  -0.562
THR01A0280_001   0.379  -3.997  -3.618
THR01A0280_002   0.379  -3.997  -3.618
THR01A0280_003   0.379  -3.997  -3.618
PHE01A0281_001   3.742  -0.103   3.639
SER01A0282_001   0.000  -3.460  -3.460
SER01A0282_002   0.000  -3.460  -3.460
GLU01A0283_001   0.681  -2.380  -1.699
GLU01A0283_002   0.681  -2.380  -1.699
GLU02A0283_003   0.690  -2.468  -1.779
GLU02A0283_004   0.690  -2.468  -1.779
GLU-1A0283_005   0.560  -2.330  -1.770
LEU01A0284_001   1.712  -0.052   1.660
VAL01A0285_001   0.493  -1.165  -0.672
GLU01A0286_001   1.577  -3.234  -1.658
GLU01A0286_002   1.577  -3.234  -1.658
GLU02A0286_003   1.261  -3.159  -1.898
GLU02A0286_004   1.261  -3.159  -1.898
GLU-1A0286_005   1.189  -3.088  -1.899
HIS01A0287_001  -0.246  -4.477  -4.724
HIS01A0287_002  -0.215  -3.932  -4.148
HIS02A0287_003  -0.262  -4.477  -4.739
HIS02A0287_004  -0.230  -3.932  -4.162
HIS+1A0287_005  -0.289  -4.477  -4.766
HIS+1A0287_006  -0.256  -3.932  -4.188
LEU01A0288_001   1.391   0.000   1.391
ASN01A0290_001   0.246  -2.657  -2.412
ASN01A0290_002   0.062  -2.677  -2.615
LEU01A0291_001   1.507  -0.873   0.634
LEU01A0292_001   1.593  -2.009  -0.416
GLN01A0293_001   0.628  -3.782  -3.154
GLN01A0293_002   0.668  -3.724  -3.056
ALA01A0294_001   0.000  -3.107  -3.107
ASN01A0295_001   0.437  -0.482  -0.045
ASN01A0295_002   0.382  -0.453  -0.070
ALA01A0296_001   0.000  -2.128  -2.128
AXI01B0001_001  20.677  -6.262  14.415
AXI01B0001_002  16.407  -6.262  10.144
AXI02B0001_003  20.976  -6.262  14.714
AXI02B0001_004  16.705  -6.262  10.443
AXI11B0001_005  21.254  -6.185  15.069
AXI11B0001_006  16.983  -6.185  10.798
