iConf CONFORMER     FL  occ    crg   Em0  pKa0 ne nH    vdw0    vdw1    tors    epol   dsolv   extra    history
00001 ASP01A0001_001 f 0.00  0.000     0  0.00  0  0  -2.220  -0.865   2.751   2.612   0.996   0.000 01O000M000t
00002 ASP01A0001_002 f 0.00  0.000     0  0.00  0  0  -2.220  -0.865   0.031   0.141   1.086   0.000 01O000M000t
00003 ASP02A0001_003 f 0.00  0.000     0  0.00  0  0  -2.204  -1.352   2.751  -0.632   0.547   0.000 02O000M000t
00004 ASP02A0001_004 f 0.00  0.000     0  0.00  0  0  -2.204  -1.352   0.031  -0.691   1.421   0.000 02O000M000t
00005 ASP-1A0001_005 f 0.00 -1.000     0  4.75  0 -1  -2.183  -1.290   0.031  -3.699   2.953   0.000 -1O000M000t
00006 PRO01A0002_001 f 0.00  0.000     0  0.00  0  0  -6.373   0.388   0.000   0.000   0.000   0.000 01O000M000t
00007 ASP01A0003_001 f 0.00  0.000     0  0.00  0  0  -3.042  -0.647   3.208   0.632  -0.425   0.000 01O000M000t
00008 ASP01A0003_002 f 0.00  0.000     0  0.00  0  0  -3.042  -0.647   0.488   0.404   0.468   0.000 01O000M000t
00009 ASP02A0003_003 f 0.00  0.000     0  0.00  0  0  -2.884  -0.924   3.208   0.726  -0.523   0.000 02O000M000t
00010 ASP02A0003_004 f 0.00  0.000     0  0.00  0  0  -2.884  -0.924   0.488   0.457   0.379   0.000 02O000M000t
00011 ASP-1A0003_005 f 0.00 -1.000     0  4.75  0 -1  -2.911  -0.888   0.488  -0.703   0.399   0.000 -1O000M000t
00012 GLU01A0004_001 f 0.00  0.000     0  0.00  0  0  -1.612  -2.341   3.317   0.203   0.252   0.000 01O000M000t
00013 GLU01A0004_002 f 0.00  0.000     0  0.00  0  0  -1.612  -2.341   0.597   0.130   0.538   0.000 01O000M000t
00014 GLU02A0004_003 f 0.00  0.000     0  0.00  0  0  -2.040  -2.309   3.317   0.108  -0.501   0.000 02O000M000t
00015 GLU02A0004_004 f 0.00  0.000     0  0.00  0  0  -2.040  -2.309   0.597   0.102   0.601   0.000 02O000M000t
00016 GLU-1A0004_005 f 0.00 -1.000     0  4.75  0 -1  -1.903  -2.287   0.597  -0.467   0.594   0.000 -1O000M000t
00017 LEU01A0005_001 f 0.00  0.000     0  0.00  0  0  -1.539  -4.012   0.907   0.000   0.000   0.000 01O000M000t
00018 PRO01A0006_001 f 0.00  0.000     0  0.00  0  0  -0.262  -2.415   0.000   0.000   0.000   0.000 01O000M000t
00019 LEU01A0007_001 f 0.00  0.000     0  0.00  0  0  -0.945  -3.731   2.015   0.000   0.000   0.000 01O000M000t
00020 ASP01A0008_001 f 0.00  0.000     0  0.00  0  0  -0.528 248.151   5.578   1.241   1.339   0.000 01O000M000t
00021 ASP01A0008_002 f 0.00  0.000     0  0.00  0  0  -0.528 248.151   2.858   0.294   0.944   0.000 01O000M000t
00022 ASP02A0008_003 f 0.00  0.000     0  0.00  0  0  -0.515 247.922   5.578   0.207   0.418   0.000 02O000M000t
00023 ASP02A0008_004 f 0.00  0.000     0  0.00  0  0  -0.515 247.922   2.858   0.107   1.406   0.000 02O000M000t
00024 ASP-1A0008_005 f 0.00 -1.000     0  4.75  0 -1  -0.574 247.968   2.858  -1.088   3.403   0.000 -1O000M000t
00025 GLU01A0009_001 f 0.00  0.000     0  0.00  0  0  -0.829  -2.073   4.085   0.424   0.313   0.000 01O000M000t
00026 GLU01A0009_002 f 0.00  0.000     0  0.00  0  0  -0.829  -2.073   1.365   0.080   0.696   0.000 01O000M000t
00027 GLU02A0009_003 f 0.00  0.000     0  0.00  0  0  -0.980  -2.158   4.085   0.168   0.454   0.000 02O000M000t
00028 GLU02A0009_004 f 0.00  0.000     0  0.00  0  0  -0.980  -2.158   1.365   0.066   0.663   0.000 02O000M000t
00029 GLU-1A0009_005 f 0.00 -1.000     0  4.75  0 -1  -0.996  -2.120   1.365  -0.373   1.229   0.000 -1O000M000t
00030 HIS01A0010_001 f 0.00  0.000     0  0.00  0  0  -6.366  -0.477   0.242   0.106   1.700   0.000 01O000M000t
00031 HIS02A0010_002 f 0.00  0.000     0  0.00  0  0  -6.382  -0.640   0.242   1.083   1.477   0.000 02O000M000t
00032 HIS+1A0010_003 f 0.00  1.000     0  6.98  0  1  -6.409  -0.644   0.242   1.654   2.224   0.000 +1O000M000t
00033 CYS01A0011_001 f 0.00  0.000     0  0.00  0  0  -0.193  39.629   0.571  -0.259   0.868   0.000 01O000M000t
00034 CYS01A0011_002 f 0.00  0.000     0  0.00  0  0  -0.193 999.000   0.571   1.005   0.882   0.000 01O000M000t
00035 CYS01A0011_003 f 0.00  0.000     0  0.00  0  0  -0.194  39.654   0.571  -0.876   0.425   0.000 01O000M000t
00036 CYS-1A0011_004 f 0.00 -1.000     0  9.10  0 -1  -0.191  39.733   0.571  -4.425   6.760   0.000 -1O000M000t
00037 GLU01A0012_001 f 0.00  0.000     0  0.00  0  0  -0.071  -1.684   3.873   1.186   0.339   0.000 01O000M000t
00038 GLU01A0012_002 f 0.00  0.000     0  0.00  0  0  -0.071  -1.684   1.153  -0.105   1.050   0.000 01O000M000t
00039 GLU02A0012_003 f 0.00  0.000     0  0.00  0  0  -0.526  -2.120   3.873  -0.733  -0.522   0.000 02O000M000t
00040 GLU02A0012_004 f 0.00  0.000     0  0.00  0  0  -0.526  -2.120   1.153  -0.844   1.172   0.000 02O000M000t
00041 GLU-1A0012_005 f 0.00 -1.000     0  4.75  0 -1  -0.596  -2.062   1.153  -2.300   1.546   0.000 -1O000M000t
00042 ARG01A0013_001 f 0.00  0.000     0  0.00  0  0  -7.920  -1.723   3.368   0.045  -0.078   0.000 01O000M000t
00043 ARG02A0013_002 f 0.00  0.000     0  0.00  0  0  -7.831  -1.724   3.368   0.010   0.590   0.000 02O000M000t
00044 ARG03A0013_003 f 0.00  0.000     0  0.00  0  0  -7.939  -1.730   3.368   0.032   1.009   0.000 03O000M000t
00045 ARG+1A0013_004 f 0.00  1.000     0 12.50  0  1  -7.981  -1.732   3.368  -0.054   0.158   0.000 +1O000M000t
00046 LEU01A0014_001 f 0.00  0.000     0  0.00  0  0   0.729   1.672   2.457   0.000   0.000   0.000 01O000M000t
00047 PRO01A0015_001 f 0.00  0.000     0  0.00  0  0  -5.163  -1.059   0.000   0.000   0.000   0.000 01O000M000t
00048 TYR01A0016_001 f 0.00  0.000     0  0.00  0  0   2.433  -7.912   0.017  -0.290   2.547   0.000 01O000M000t
00049 TYR01A0016_002 f 0.00  0.000     0  0.00  0  0   2.433  -7.912   0.017  -0.299   2.490   0.000 01O000M000t
00050 TYR-1A0016_003 f 0.00 -1.000     0 10.20  0 -1   2.433  -7.912   0.017  -3.572  12.363   0.000 -1O000M000t
00051 ASP01A0017_001 f 0.00  0.000     0  0.00  0  0  -2.324  -1.103   2.774   2.005   0.257   0.000 01O000M000t
00052 ASP01A0017_002 f 0.00  0.000     0  0.00  0  0  -2.324  -1.103   0.054   0.245   0.957   0.000 01O000M000t
00053 ASP02A0017_003 f 0.00  0.000     0  0.00  0  0  -2.302  -1.596   2.774  -0.453   0.116   0.000 02O000M000t
00054 ASP02A0017_004 f 0.00  0.000     0  0.00  0  0  -2.302  -1.596   0.054  -0.446   1.287   0.000 02O000M000t
00055 ASP-1A0017_005 f 0.00 -1.000     0  4.75  0 -1  -2.214  -1.529   0.054  -2.451   2.173   0.000 -1O000M000t
00056 ALA01A0018_001 f 0.00  0.000     0  0.00  0  0  -2.881  -0.898   0.000   0.000   0.000   0.000 01O000M000t
00057 SER01A0019_001 f 0.00  0.000     0  0.00  0  0  -4.439  -0.787   0.526   0.373   0.812   0.000 01O000M000t
00058 SER01A0019_002 f 0.00  0.000     0  0.00  0  0  -4.439  -0.787   0.526  -0.056   0.332   0.000 01O000M000t
00059 LYS01A0020_001 f 0.00  0.000     0  0.00  0  0  -6.796  -1.817   1.165  -0.009  -0.077   0.000 01O000M000t
00060 LYS+1A0020_002 f 0.00  1.000     0 10.40  0  1  -6.840  -1.820   1.165  -0.405   0.145   0.000 +1O000M000t
00061 TRP01A0021_001 f 0.00  0.000     0  0.00  0  0   1.363  -8.543   0.022   0.000   0.000   0.000 01O000M000t
00062 GLU01A0022_001 f 0.00  0.000     0  0.00  0  0   1.679  -5.156   3.599  -1.631   2.141   0.000 01O000M000t
00063 GLU01A0022_002 f 0.00  0.000     0  0.00  0  0   1.679  -5.156   0.879  -0.779   2.447   0.000 01O000M000t
00064 GLU02A0022_003 f 0.00  0.000     0  0.00  0  0   1.266  -4.388   3.599  -1.617   1.488   0.000 02O000M000t
00065 GLU02A0022_004 f 0.00  0.000     0  0.00  0  0   1.266 994.612   0.879   4.731   2.732   0.000 02O000M000t
00066 GLU-1A0022_005 f 0.00 -1.000     0  4.75  0 -1   1.177  -5.063   0.879  -5.665   8.026   0.000 -1O000M000t
00067 PHE01A0023_001 f 0.00  0.000     0  0.00  0  0   3.030 -10.802   0.047   0.000   0.000   0.000 01O000M000t
00068 PRO01A0024_001 f 0.00  0.000     0  0.00  0  0  -2.299  -0.268   0.000   0.000   0.000   0.000 01O000M000t
00069 ARG01A0025_001 f 0.00  0.000     0  0.00  0  0  -1.206  -8.544   2.528  -1.637   3.328   0.000 01O000M000t
00070 ARG02A0025_002 f 0.00  0.000     0  0.00  0  0  -1.106  -8.613   2.528  -2.906   3.419   0.000 02O000M000t
00071 ARG03A0025_003 f 0.00  0.000     0  0.00  0  0  -1.224  -8.512   2.528  -1.804   3.837   0.000 03O000M000t
00072 ARG03A0025_004 f 0.00  0.000     0  0.00  0  0  -1.221  -8.493   2.528  -0.924   3.768   0.000 03O000M000t
00073 ARG+1A0025_005 f 0.00  1.000     0 12.50  0  1  -1.264  -8.646   2.528  -3.954   5.716   0.000 +1O000M000t
00074 ASP01A0026_001 f 0.00  0.000     0  0.00  0  0  -2.836  -0.117   2.995   2.497   1.061   0.000 01O000M000t
00075 ASP01A0026_002 f 0.00  0.000     0  0.00  0  0  -2.836  -0.117   0.275   0.002   1.092   0.000 01O000M000t
00076 ASP02A0026_003 f 0.00  0.000     0  0.00  0  0  -2.817  -0.678   2.995  -0.400   0.177   0.000 02O000M000t
00077 ASP02A0026_004 f 0.00  0.000     0  0.00  0  0  -2.817  -0.678   0.275  -0.403   1.494   0.000 02O000M000t
00078 ASP-1A0026_005 f 0.00 -1.000     0  4.75  0 -1  -2.788  -0.635   0.275  -1.890   1.905   0.000 -1O000M000t
00079 ARG01A0027_001 f 0.00  0.000     0  0.00  0  0  -4.736  -3.855   3.663  -0.030   0.727   0.000 01O000M000t
00080 ARG02A0027_002 f 0.00  0.000     0  0.00  0  0  -4.654  -3.856   3.663  -0.228   1.515   0.000 02O000M000t
00081 ARG03A0027_003 f 0.00  0.000     0  0.00  0  0  -4.756  -3.864   3.663  -0.171   1.672   0.000 03O000M000t
00082 ARG+1A0027_004 f 0.00  1.000     0 12.50  0  1  -4.795  -3.867   3.663  -0.140   0.929   0.000 +1O000M000t
00083 LEU01A0028_001 f 0.00  0.000     0  0.00  0  0   1.623  -5.093   1.451   0.000   0.000   0.000 01O000M000t
00084 LYS01A0029_001 f 0.00  0.000     0  0.00  0  0  -6.221  -1.101   1.168  -0.064   0.228   0.000 01O000M000t
00085 LYS+1A0029_002 f 0.00  1.000     0 10.40  0  1  -6.296  -1.132   1.168   0.145   0.642   0.000 +1O000M000t
00086 LEU01A0030_001 f 0.00  0.000     0  0.00  0  0  -1.645  -1.936   1.790   0.000   0.000   0.000 01O000M000t
00087 LYS01A0032_001 f 0.00  0.000     0  0.00  0  0  -6.783  -1.449   3.046  -0.000   0.050   0.000 01O000M000t
00088 LYS+1A0032_002 f 0.00  1.000     0 10.40  0  1  -6.828  -1.452   3.046   0.042   0.449   0.000 +1O000M000t
00089 PRO01A0033_001 f 0.00  0.000     0  0.00  0  0  -3.859  -0.993   0.000   0.000   0.000   0.000 01O000M000t
00090 LEU01A0034_001 f 0.00  0.000     0  0.00  0  0   1.284  -6.316   0.473   0.000   0.000   0.000 01O000M000t
00091 ARG01A0036_001 f 0.00  0.000     0  0.00  0  0  -5.301  -3.322   1.806   0.120   1.494   0.000 01O000M000t
00092 ARG02A0036_002 f 0.00  0.000     0  0.00  0  0  -5.288  -3.336   1.806   0.072   1.705   0.000 02O000M000t
00093 ARG03A0036_003 f 0.00  0.000     0  0.00  0  0  -5.345  -3.329   1.806   0.065   1.816   0.000 03O000M000t
00094 ARG+1A0036_004 f 0.00  1.000     0 12.50  0  1  -5.389  -3.339   1.806  -0.067   2.525   0.000 +1O000M000t
00095 ALA01A0038_001 f 0.00  0.000     0  0.00  0  0  -0.721  -0.559   0.000   0.000   0.000   0.000 01O000M000t
00096 PHE01A0039_001 f 0.00  0.000     0  0.00  0  0  -1.694  -4.950   0.250   0.000   0.000   0.000 01O000M000t
00097 GLN01A0041_001 f 0.00  0.000     0  0.00  0  0   0.499  -5.044   0.459  -1.092   1.625   0.000 01O000M000t
00098 GLN01A0041_002 f 0.00  0.000     0  0.00  0  0   1.262  -5.264   0.485   0.433   1.362   0.000 01R001M000t
00099 VAL01A0042_001 f 0.00  0.000     0  0.00  0  0   0.453  -4.462   0.143   0.000   0.000   0.000 01O000M000t
00100 ILE01A0043_001 f 0.00  0.000     0  0.00  0  0   1.611  10.401   3.063   0.000   0.000   0.000 01O000M000t
00101 GLU01A0044_001 f 0.00  0.000     0  0.00  0  0  -0.074  -3.084   3.576   0.323   1.468   0.000 01O000M000t
00102 GLU01A0044_002 f 0.00  0.000     0  0.00  0  0  -0.074  -3.084   0.856   0.090   1.272   0.000 01O000M000t
00103 GLU02A0044_003 f 0.00  0.000     0  0.00  0  0  -0.129  -3.089   3.576   0.193   0.442   0.000 02O000M000t
00104 GLU02A0044_004 f 0.00  0.000     0  0.00  0  0  -0.129  -3.089   0.856   0.093   1.296   0.000 02O000M000t
00105 GLU-1A0044_005 f 0.00 -1.000     0  4.75  0 -1  -0.272  -3.038   0.856  -0.488   3.042   0.000 -1O000M000t
00106 ALA01A0045_001 f 0.00  0.000     0  0.00  0  0   0.000  -2.100   0.000   0.000   0.000   0.000 01O000M000t
00107 ASP01A0046_001 f 0.00  0.000     0  0.00  0  0  -1.119  -4.596   4.359   0.191   0.361   0.000 01O000M000t
00108 ASP01A0046_002 f 0.00  0.000     0  0.00  0  0  -1.119  -4.596   1.639   0.269   1.333   0.000 01O000M000t
00109 ASP02A0046_003 f 0.00  0.000     0  0.00  0  0  -1.111  -4.622   4.359   0.384   0.535   0.000 02O000M000t
00110 ASP02A0046_004 f 0.00  0.000     0  0.00  0  0  -1.111  -4.622   1.639   0.658   1.869   0.000 02O000M000t
00111 ASP-1A0046_005 f 0.00 -1.000     0  4.75  0 -1  -1.137  -4.522   1.639  -1.577   3.497   0.000 -1O000M000t
00112 ALA01A0047_001 f 0.00  0.000     0  0.00  0  0   0.000  -1.725   0.000   0.000   0.000   0.000 01O000M000t
00113 PHE01A0048_001 f 0.00  0.000     0  0.00  0  0  -1.660  -6.067   0.143   0.000   0.000   0.000 01O000M000t
00114 ILE01A0050_001 f 0.00  0.000     0  0.00  0  0   1.098  -4.555   0.841   0.000   0.000   0.000 01O000M000t
00115 ASP01A0051_001 f 0.00  0.000     0  0.00  0  0  -0.901  -0.552   3.455   3.347   1.576   0.000 01O000M000t
00116 ASP01A0051_002 f 0.00  0.000     0  0.00  0  0  -0.901  -0.552   0.735   0.321   2.052   0.000 01O000M000t
00117 ASP02A0051_003 f 0.00  0.000     0  0.00  0  0  -0.869  -1.037   3.455  -1.045   1.036   0.000 02O000M000t
00118 ASP02A0051_004 f 0.00  0.000     0  0.00  0  0  -0.869  -1.037   0.735  -0.789   2.318   0.000 02O000M000t
00119 ASP-1A0051_005 f 0.00 -1.000     0  4.75  0 -1  -0.923  -0.986   0.735  -3.717   6.308   0.000 -1O000M000t
00120 LYS01A0052_001 f 0.00  0.000     0  0.00  0  0  -7.584  -2.131   1.082  -0.004  -0.071   0.000 01O000M000t
00121 LYS+1A0052_002 f 0.00  1.000     0 10.40  0  1  -7.631  -2.133   1.082  -0.026  -0.255   0.000 +1O000M000t
00122 THR01A0053_001 f 0.00  0.000     0  0.00  0  0  -7.319  -0.515   0.481  -0.237  -0.337   0.000 01O000M000t
00123 ALA01A0054_001 f 0.00  0.000     0  0.00  0  0  -3.123   0.969   0.000   0.000   0.000   0.000 01O000M000t
00124 THR01A0055_001 f 0.00  0.000     0  0.00  0  0  -2.165   4.392   2.703  -0.101   1.497   0.000 01O000M000t
00125 CYS01A0056_001 f 0.00  0.000     0  0.00  0  0  -3.579  -1.482   0.004  -0.152   0.263   0.000 01O000M000t
00126 CYS01A0056_002 f 0.00  0.000     0  0.00  0  0  -3.579  -1.494   0.004  -0.154   0.076   0.000 01O000M000t
00127 CYS01A0056_003 f 0.00  0.000     0  0.00  0  0  -3.580  -1.457   0.004  -0.337   0.013   0.000 01O000M000t
00128 CYS-1A0056_004 f 0.00 -1.000     0  9.10  0 -1  -3.577  -1.445   0.004  -1.804   1.674   0.000 -1O000M000t
00129 ARG01A0057_001 f 0.00  0.000     0  0.00  0  0  -3.451  -4.455   0.965  -0.048   1.769   0.000 01O000M000t
00130 ARG02A0057_002 f 0.00  0.000     0  0.00  0  0  -3.445  -4.463   0.965   0.299   2.170   0.000 02O000M000t
00131 ARG03A0057_003 f 0.00  0.000     0  0.00  0  0  -3.510  -4.464   0.965   0.341   2.509   0.000 03O000M000t
00132 ARG03A0057_004 f 0.00  0.000     0  0.00  0  0  -3.504  -4.449   0.965  -0.047   2.243   0.000 03O000M000t
00133 ARG+1A0057_005 f 0.00  1.000     0 12.50  0  1  -3.549  -4.473   0.965   1.008   3.068   0.000 +1O000M000t
00134 THR01A0058_001 f 0.00  0.000     0  0.00  0  0  -2.598  -1.116   0.403  -0.199  -0.133   0.000 01O000M000t
00135 THR01A0058_002 f 0.00  0.000     0  0.00  0  0  -2.598  -1.116   0.028  -0.285  -0.158   0.000 01O000M000t
00136 VAL01A0059_001 f 0.00  0.000     0  0.00  0  0   0.478  -3.819   0.000   0.000   0.000   0.000 01O000M000t
00137 ALA01A0060_001 f 0.00  0.000     0  0.00  0  0   0.000  -1.892   0.000   0.000   0.000   0.000 01O000M000t
00138 VAL01A0061_001 f 0.00  0.000     0  0.00  0  0   0.481  -3.488   2.599   0.000   0.000   0.000 01O000M000t
00139 LYS01A0062_001 f 0.00  0.000     0  0.00  0  0   0.648  -5.177   1.630  -0.068   0.987   0.000 01O000M000t
00140 LYS+1A0062_002 f 0.00  1.000     0 10.40  0  1   0.600  -4.879   1.630  -2.365   8.683   0.000 +1O000M000t
00141 MET01A0063_001 f 0.00  0.000     0  0.00  0  0  -0.671  -4.449   0.175   0.002   0.077   0.000 01O000M000t
00142 LEU01A0064_001 f 0.00  0.000     0  0.00  0  0   0.741  -3.623   0.522   0.000   0.000   0.000 01O000M000t
00143 LYS01A0065_001 f 0.00  0.000     0  0.00  0  0   4.315  -1.358   1.521  -0.393   0.768   0.000 01O000M000t
00144 LYS+1A0065_002 f 0.00  1.000     0 10.40  0  1   4.317  -1.024   1.521  -4.477   4.186   0.000 +1O000M000t
00145 GLU01A0066_001 f 0.00  0.000     0  0.00  0  0  -3.629  -2.217   3.239   0.372  -0.204   0.000 01O000M000t
00146 GLU01A0066_002 f 0.00  0.000     0  0.00  0  0  -3.629  -2.217   0.519   0.228   0.757   0.000 01O000M000t
00147 GLU02A0066_003 f 0.00  0.000     0  0.00  0  0  -3.562  -2.265   3.239   0.242  -0.383   0.000 02O000M000t
00148 GLU02A0066_004 f 0.00  0.000     0  0.00  0  0  -3.562  -2.265   0.519   0.190   0.571   0.000 02O000M000t
00149 GLU-1A0066_005 f 0.00 -1.000     0  4.75  0 -1  -3.733  -2.215   0.519  -0.538   0.340   0.000 -1O000M000t
00150 ALA01A0068_001 f 0.00  0.000     0  0.00  0  0  -0.309  -1.330   0.000   0.000   0.000   0.000 01O000M000t
00151 THR01A0069_001 f 0.00  0.000     0  0.00  0  0  -4.364  -0.626   0.425   0.089   1.123   0.000 01O000M000t
00152 THR01A0069_002 f 0.00  0.000     0  0.00  0  0  -4.364  -0.626   0.425   2.100   1.378   0.000 01O000M000t
00153 HIS01A0070_001 f 0.00  0.000     0  0.00  0  0  -9.535  -1.817   0.183   0.389   0.330   0.000 01O000M000t
00154 HIS01A0070_002 f 0.00  0.000     0  0.00  0  0  -9.725  -1.830   0.183   0.575   0.066   0.000 01R001M000t
00155 HIS02A0070_003 f 0.00  0.000     0  0.00  0  0  -9.555  -1.847   0.183   0.452   0.164   0.000 02O000M000t
00156 HIS02A0070_004 f 0.00  0.000     0  0.00  0  0  -9.738  -1.845   0.183   0.439   0.092   0.000 02R001M000t
00157 HIS+1A0070_005 f 0.00  1.000     0  6.98  0  1  -9.581  -1.850   0.183   1.179  -0.109   0.000 +1O000M000t
00158 HIS+1A0070_006 f 0.00  1.000     0  6.98  0  1  -9.764  -1.848   0.183   1.145  -0.229   0.000 +1R001M000t
00159 SER01A0071_001 f 0.00  0.000     0  0.00  0  0  -3.119  -1.133   0.417   0.262   0.529   0.000 01O000M000t
00160 SER01A0071_002 f 0.00  0.000     0  0.00  0  0  -3.119  -1.133   0.417   0.372   0.859   0.000 01O000M000t
00161 SER01A0071_003 f 0.00  0.000     0  0.00  0  0  -3.119  -1.133   0.042  -1.274   0.208   0.000 01O000M000t
00162 GLU01A0072_001 f 0.00  0.000     0  0.00  0  0   0.091  -2.453   3.652   3.296   1.603   0.000 01O000M000t
00163 GLU01A0072_002 f 0.00  0.000     0  0.00  0  0   0.091  -2.453   0.932  -0.333   0.893   0.000 01O000M000t
00164 GLU02A0072_003 f 0.00  0.000     0  0.00  0  0  -0.148  -3.327   3.652  -1.842   0.557   0.000 02O000M000t
00165 GLU02A0072_004 f 0.00  0.000     0  0.00  0  0  -0.148  -3.327   0.932  -1.834   1.692   0.000 02O000M000t
00166 GLU-1A0072_005 f 0.00 -1.000     0  4.75  0 -1  -0.191  -3.262   0.932  -5.268   3.950   0.000 -1O000M000t
00167 HIS01A0073_001 f 0.00  0.000     0  0.00  0  0  -4.579  -4.477   0.119   0.538   1.008   0.000 01O000M000t
00168 HIS01A0073_002 f 0.00  0.000     0  0.00  0  0  -4.632  -4.532   0.119   0.468   0.983   0.000 01R001M000t
00169 HIS02A0073_003 f 0.00  0.000     0  0.00  0  0  -4.599  -4.497   0.119   0.408   0.785   0.000 02O000M000t
00170 HIS02A0073_004 f 0.00  0.000     0  0.00  0  0  -4.644  -4.557   0.119   0.577   0.769   0.000 02R001M000t
00171 HIS+1A0073_005 f 0.00  1.000     0  6.98  0  1  -4.626  -4.526   0.119   1.257   1.093   0.000 +1O000M000t
00172 HIS+1A0073_006 f 0.00  1.000     0  6.98  0  1  -4.670  -4.567   0.119   1.304   0.746   0.000 +1R001M000t
00173 ARG01A0074_001 f 0.00  0.000     0  0.00  0  0  -7.685  -4.704   0.917  -0.074   0.925   0.000 01O000M000t
00174 ARG02A0074_002 f 0.00  0.000     0  0.00  0  0  -7.719  -4.711   0.917  -0.114   1.994   0.000 02O000M000t
00175 ARG03A0074_003 f 0.00  0.000     0  0.00  0  0  -7.722  -4.704   0.917  -0.101   1.881   0.000 03O000M000t
00176 ARG+1A0074_004 f 0.00  1.000     0 12.50  0  1  -7.765  -4.724   0.917   0.348   0.501   0.000 +1O000M000t
00177 ALA01A0075_001 f 0.00  0.000     0  0.00  0  0  -2.540  -1.261   0.000   0.000   0.000   0.000 01O000M000t
00178 LEU01A0076_001 f 0.00  0.000     0  0.00  0  0   1.348  -6.194   0.510   0.000   0.000   0.000 01O000M000t
00179 MET01A0077_001 f 0.00  0.000     0  0.00  0  0  -2.606  -3.370   0.447   0.044   0.077   0.000 01O000M000t
00180 SER01A0078_001 f 0.00  0.000     0  0.00  0  0  -1.167  -3.362   1.186  -0.120   1.081   0.000 01O000M000t
00181 GLU01A0079_001 f 0.00  0.000     0  0.00  0  0   1.342  -2.283   3.157   0.352   1.485   0.000 01O000M000t
00182 GLU01A0079_002 f 0.00  0.000     0  0.00  0  0   1.342  -2.283   0.437   0.204   2.246   0.000 01O000M000t
00183 GLU02A0079_003 f 0.00  0.000     0  0.00  0  0   0.993  -2.264   3.157  -0.004   1.689   0.000 02O000M000t
00184 GLU02A0079_004 f 0.00  0.000     0  0.00  0  0   0.993  -2.264   0.437  -0.190   1.978   0.000 02O000M000t
00185 GLU-1A0079_005 f 0.00 -1.000     0  4.75  0 -1   0.923  -2.210   0.437  -0.485   7.107   0.000 -1O000M000t
00186 LEU01A0080_001 f 0.00  0.000     0  0.00  0  0   1.427  -4.617   0.716   0.000   0.000   0.000 01O000M000t
00187 LYS01A0081_001 f 0.00  0.000     0  0.00  0  0  -0.991  -9.041   1.084   0.028   0.173   0.000 01O000M000t
00188 LYS+1A0081_002 f 0.00  1.000     0 10.40  0  1  -1.040  -9.073   1.084  -1.115   2.419   0.000 +1O000M000t
00189 ILE01A0082_001 f 0.00  0.000     0  0.00  0  0   1.264  -0.798   1.738   0.000   0.000   0.000 01O000M000t
00190 LEU01A0083_001 f 0.00  0.000     0  0.00  0  0   1.285  -3.404   0.660   0.000   0.000   0.000 01O000M000t
00191 ILE01A0084_001 f 0.00  0.000     0  0.00  0  0   0.890  -1.615   0.439   0.000   0.000   0.000 01O000M000t
00192 HIS01A0085_001 f 0.00  0.000     0  0.00  0  0  -2.053  -4.070   0.395  -0.870   2.127   0.000 01O000M000t
00193 HIS02A0085_002 f 0.00  0.000     0  0.00  0  0  -2.071  -4.070   0.395   1.295   2.140   0.000 02O000M000t
00194 HIS+1A0085_003 f 0.00  1.000     0  6.98  0  1  -2.098  -4.108   0.395  -2.187   4.012   0.000 +1O000M000t
00195 ILE01A0086_001 f 0.00  0.000     0  0.00  0  0   1.076  -2.483   0.686   0.000   0.000   0.000 01O000M000t
00196 HIS01A0088_001 f 0.00  0.000     0  0.00  0  0  -8.792  -2.233   0.409   0.428   0.536   0.000 01O000M000t
00197 HIS01A0088_002 f 0.00  0.000     0  0.00  0  0  -8.993  -2.245   0.409   0.413   0.342   0.000 01R001M000t
00198 HIS02A0088_003 f 0.00  0.000     0  0.00  0  0  -8.812  -2.273   0.409   0.372   0.162   0.000 02O000M000t
00199 HIS02A0088_004 f 0.00  0.000     0  0.00  0  0  -9.005  -2.280   0.409   0.194   0.316   0.000 02R001M000t
00200 HIS+1A0088_005 f 0.00  1.000     0  6.98  0  1  -8.838  -2.277   0.409   0.436  -0.134   0.000 +1O000M000t
00201 HIS+1A0088_006 f 0.00  1.000     0  6.98  0  1  -9.032  -2.285   0.409   0.309  -0.029   0.000 +1R001M000t
00202 HIS01A0089_001 f 0.00  0.000     0  0.00  0  0  -2.216  -5.858   0.130  -2.101   2.584   0.000 01O000M000t
00203 HIS02A0089_002 f 0.00  0.000     0  0.00  0  0  -2.235  -5.968   0.130   2.627   2.256   0.000 02O000M000t
00204 HIS+1A0089_003 f 0.00  1.000     0  6.98  0  1  -2.261  -5.987   0.130   5.218   4.439   0.000 +1O000M000t
00205 LEU01A0090_001 f 0.00  0.000     0  0.00  0  0  -4.782  -1.214   0.546   0.000   0.000   0.000 01O000M000t
00206 ASN01A0091_001 f 0.00  0.000     0  0.00  0  0  -0.067  -4.956   0.724  -1.270   2.278   0.000 01O000M000t
00207 ASN01A0091_002 f 0.00  0.000     0  0.00  0  0   0.133  -5.489   0.689   1.063   2.694   0.000 01R001M000t
00208 VAL01A0092_001 f 0.00  0.000     0  0.00  0  0   0.604  -3.608   0.161   0.000   0.000   0.000 01O000M000t
00209 VAL01A0093_001 f 0.00  0.000     0  0.00  0  0   0.622  -1.393   0.166   0.000   0.000   0.000 01O000M000t
00210 ASN01A0094_001 f 0.00  0.000     0  0.00  0  0  -0.581  -4.627   0.424   0.656   1.832   0.000 01O000M000t
00211 ASN01A0094_002 f 0.00  0.000     0  0.00  0  0  -0.730  -3.705   0.410   0.225   1.176   0.000 01R001M000t
00212 LEU01A0095_001 f 0.00  0.000     0  0.00  0  0   1.827  -5.845   0.623   0.000   0.000   0.000 01O000M000t
00213 LEU01A0096_001 f 0.00  0.000     0  0.00  0  0   0.283  -5.410   0.417   0.000   0.000   0.000 01O000M000t
00214 ALA01A0098_001 f 0.00  0.000     0  0.00  0  0   0.000  -1.778   0.000   0.000   0.000   0.000 01O000M000t
00215 CYS01A0099_001 f 0.00  0.000     0  0.00  0  0  -0.002  -3.017   0.422  -0.889   0.966   0.000 01O000M000t
00216 CYS01A0099_002 f 0.00  0.000     0  0.00  0  0  -0.002  -2.940   0.422   0.302   0.958   0.000 01O000M000t
00217 CYS01A0099_003 f 0.00  0.000     0  0.00  0  0  -0.002  -2.912   0.422  -0.114   0.868   0.000 01O000M000t
00218 CYS-1A0099_004 f 0.00 -1.000     0  9.10  0 -1   0.000  -2.861   0.422  -1.051  11.191   0.000 -1O000M000t
00219 THR01A0100_001 f 0.00  0.000     0  0.00  0  0  -0.507  -0.023   0.549   0.716   1.369   0.000 01O000M000t
00220 THR01A0100_002 f 0.00  0.000     0  0.00  0  0  -0.507  -0.023   0.549  -0.365   0.756   0.000 01O000M000t
00221 THR01A0100_003 f 0.00  0.000     0  0.00  0  0  -0.507  -0.023   0.175  -1.078   0.769   0.000 01O000M000t
00222 LYS01A0101_001 f 0.00  0.000     0  0.00  0  0  -4.273  -1.780   2.429  -0.146   0.361   0.000 01O000M000t
00223 LYS+1A0101_002 f 0.00  1.000     0 10.40  0  1  -4.363  -1.795   2.429   0.463   1.489   0.000 +1O000M000t
00224 PRO01A0102_001 f 0.00  0.000     0  0.00  0  0  -6.648   0.270   0.000   0.000   0.000   0.000 01O000M000t
00225 PRO01A0105_001 f 0.00  0.000     0  0.00  0  0  -2.804  -1.746   0.000   0.000   0.000   0.000 01O000M000t
00226 LEU01A0106_001 f 0.00  0.000     0  0.00  0  0   1.431  -5.546   0.614   0.000   0.000   0.000 01O000M000t
00227 MET01A0107_001 f 0.00  0.000     0  0.00  0  0  -0.275  -4.621   0.470  -0.025   0.082   0.000 01O000M000t
00228 VAL01A0108_001 f 0.00  0.000     0  0.00  0  0   0.438  -2.990   0.048   0.000   0.000   0.000 01O000M000t
00229 ILE01A0109_001 f 0.00  0.000     0  0.00  0  0   1.325  -4.379   0.789   0.000   0.000   0.000 01O000M000t
00230 VAL01A0110_001 f 0.00  0.000     0  0.00  0  0   0.514  -2.689   0.011   0.000   0.000   0.000 01O000M000t
00231 GLU01A0111_001 f 0.00  0.000     0  0.00  0  0   0.550  -4.437   3.274  -0.139   1.232   0.000 01O000M000t
00232 GLU01A0111_002 f 0.00  0.000     0  0.00  0  0   0.550  -4.437   0.554  -0.343   1.838   0.000 01O000M000t
00233 GLU02A0111_003 f 0.00  0.000     0  0.00  0  0   0.374  -4.040   3.274   3.516   1.835   0.000 02O000M000t
00234 GLU02A0111_004 f 0.00  0.000     0  0.00  0  0   0.374  -4.040   0.554  -0.709   1.949   0.000 02O000M000t
00235 GLU-1A0111_005 f 0.00 -1.000     0  4.75  0 -1   0.274  -4.375   0.554  -1.261   6.441   0.000 -1O000M000t
00236 PHE01A0112_001 f 0.00  0.000     0  0.00  0  0   2.796  -7.120   0.021   0.000   0.000   0.000 01O000M000t
00237 CYS01A0113_001 f 0.00  0.000     0  0.00  0  0  -0.002  -3.785   0.104  -0.279   0.803   0.000 01O000M000t
00238 CYS01A0113_002 f 0.00  0.000     0  0.00  0  0  -0.002  -3.829   0.104  -0.498   0.964   0.000 01O000M000t
00239 CYS01A0113_003 f 0.00  0.000     0  0.00  0  0  -0.002  -3.781   0.104  -0.119   0.960   0.000 01O000M000t
00240 CYS-1A0113_004 f 0.00 -1.000     0  9.10  0 -1   0.000  -3.734   0.104  -2.571  11.770   0.000 -1O000M000t
00241 LYS01A0114_001 f 0.00  0.000     0  0.00  0  0  -3.164  -0.888   5.276  -0.067  -0.090   0.000 01O000M000t
00242 LYS+1A0114_002 f 0.00  1.000     0 10.40  0  1  -3.224  -0.890   5.276   0.336   0.347   0.000 +1O000M000t
00243 PHE01A0115_001 f 0.00  0.000     0  0.00  0  0  -1.071  -4.627   0.076   0.000   0.000   0.000 01O000M000t
00244 ASN01A0117_001 f 0.00  0.000     0  0.00  0  0  -0.844  -5.577   2.255  -2.136   1.233   0.000 01O000M000t
00245 ASN01A0117_002 f 0.00  0.000     0  0.00  0  0  -0.833  -4.534   2.250   2.792   1.316   0.000 01R001M000t
00246 LEU01A0118_001 f 0.00  0.000     0  0.00  0  0   1.461  -4.771   0.617   0.000   0.000   0.000 01O000M000t
00247 SER01A0119_001 f 0.00  0.000     0  0.00  0  0  -0.626  -2.524   0.383  -0.419   1.487   0.000 01O000M000t
00248 SER01A0119_002 f 0.00  0.000     0  0.00  0  0  -0.626  -2.524   0.383  -0.526   1.087   0.000 01O000M000t
00249 THR01A0120_001 f 0.00  0.000     0  0.00  0  0  -4.801  -1.001   0.417  -0.506   0.566   0.000 01O000M000t
00250 THR01A0120_002 f 0.00  0.000     0  0.00  0  0  -4.801  -1.001   0.417   0.790   0.899   0.000 01O000M000t
00251 THR01A0120_003 f 0.00  0.000     0  0.00  0  0  -4.801  -1.001   0.042  -0.789   0.230   0.000 01O000M000t
00252 TYR01A0121_001 f 0.00  0.000     0  0.00  0  0   2.064  -5.828   0.034   0.413   1.128   0.000 01O000M000t
00253 TYR01A0121_002 f 0.00  0.000     0  0.00  0  0   2.064  -5.828   0.034   0.421   1.300   0.000 01O000M000t
00254 TYR-1A0121_003 f 0.00 -1.000     0 10.20  0 -1   2.064  -5.828   0.034   0.411   4.879   0.000 -1O000M000t
00255 LEU01A0122_001 f 0.00  0.000     0  0.00  0  0   1.529  -6.137   0.497   0.000   0.000   0.000 01O000M000t
00256 ARG01A0123_001 f 0.00  0.000     0  0.00  0  0  -2.066  -4.960   3.203  -0.844   1.345   0.000 01O000M000t
00257 ARG02A0123_002 f 0.00  0.000     0  0.00  0  0  -2.111  -4.918   3.203  -1.328   2.553   0.000 02O000M000t
00258 ARG02A0123_003 f 0.00  0.000     0  0.00  0  0  -2.071  -5.191   3.203   0.835   2.231   0.000 02O000M000t
00259 ARG03A0123_004 f 0.00  0.000     0  0.00  0  0  -2.112  -4.945   3.203  -0.906   2.242   0.000 03O000M000t
00260 ARG+1A0123_005 f 0.00  1.000     0 12.50  0  1  -2.158  -4.981   3.203  -1.223   1.847   0.000 +1O000M000t
00261 SER01A0124_001 f 0.00  0.000     0  0.00  0  0  -2.672   2.778   1.113  -2.772   1.530   0.000 01O000M000t
00262 SER01A0124_002 f 0.00  0.000     0  0.00  0  0  -2.672   2.778   1.113   0.188   0.987   0.000 01O000M000t
00263 LYS01A0125_001 f 0.00  0.000     0  0.00  0  0   0.559  -0.432   1.341   0.280   0.761   0.000 01O000M000t
00264 LYS+1A0125_002 f 0.00  1.000     0 10.40  0  1   0.510   1.445   1.341  -3.192   4.410   0.000 +1O000M000t
00265 ARG01A0126_001 f 0.00  0.000     0  0.00  0  0  -3.862  -7.472   0.832   1.341   1.799   0.000 01O000M000t
00266 ARG02A0126_002 f 0.00  0.000     0  0.00  0  0  -3.803  -7.598   0.832  -1.046   2.356   0.000 02O000M000t
00267 ARG03A0126_003 f 0.00  0.000     0  0.00  0  0  -3.883  -7.390   0.832   0.213   2.375   0.000 03O000M000t
00268 ARG+1A0126_004 f 0.00  1.000     0 12.50  0  1  -3.926  -7.606   0.832  -3.884   5.046   0.000 +1O000M000t
00269 ASN01A0127_001 f 0.00  0.000     0  0.00  0  0  -3.328  -0.204   0.859   0.220  -0.056   0.000 01O000M000t
00270 ASN01A0127_002 f 0.00  0.000     0  0.00  0  0  -3.577   0.506   0.863   0.251  -0.430   0.000 01R001M000t
00271 GLU01A0128_001 f 0.00  0.000     0  0.00  0  0  -0.435  -2.243   3.675  -0.155   1.104   0.000 01O000M000t
00272 GLU01A0128_002 f 0.00  0.000     0  0.00  0  0  -0.435  -2.243   0.955   0.079   0.643   0.000 01O000M000t
00273 GLU02A0128_003 f 0.00  0.000     0  0.00  0  0  -0.772  -2.204   3.675   0.154  -0.130   0.000 02O000M000t
00274 GLU02A0128_004 f 0.00  0.000     0  0.00  0  0  -0.772  -2.204   0.955   0.137   0.847   0.000 02O000M000t
00275 GLU-1A0128_005 f 0.00 -1.000     0  4.75  0 -1  -0.817  -2.172   0.955   0.419   1.296   0.000 -1O000M000t
00276 PHE01A0129_001 f 0.00  0.000     0  0.00  0  0   3.558 -10.316   0.081   0.000   0.000   0.000 01O000M000t
00277 VAL01A0130_001 f 0.00  0.000     0  0.00  0  0  -0.996  -1.634   0.111   0.000   0.000   0.000 01O000M000t
00278 PRO01A0131_001 f 0.00  0.000     0  0.00  0  0  -4.571  -0.549   0.000   0.000   0.000   0.000 01O000M000t
00279 TYR01A0132_001 f 0.00  0.000     0  0.00  0  0  -4.209  -3.322   0.375   0.465   0.894   0.000 01O000M000t
00280 TYR-1A0132_002 f 0.00 -1.000     0 10.20  0 -1  -4.209  -3.322   0.375   0.416   1.208   0.000 -1O000M000t
00281 TYR01A0133_001 f 0.00  0.000     0  0.00  0  0  -5.604  -0.520   0.168   0.168   0.214   0.000 01O000M000t
00282 TYR01A0133_002 f 0.00  0.000     0  0.00  0  0  -5.604  -0.520   0.168   0.184   0.220   0.000 01O000M000t
00283 TYR-1A0133_003 f 0.00 -1.000     0 10.20  0 -1  -5.604  -0.520   0.168   0.040  -0.154   0.000 -1O000M000t
00284 LYS01A0134_001 f 0.00  0.000     0  0.00  0  0  -8.503  -1.101   2.111  -0.019   0.082   0.000 01O000M000t
00285 LYS+1A0134_002 f 0.00  1.000     0 10.40  0  1  -8.548  -1.104   2.111   0.106   0.334   0.000 +1O000M000t
00286 ASP01A0135_001 f 0.00  0.000     0  0.00  0  0  -3.095  11.434   2.737   0.357   0.078   0.000 01O000M000t
00287 ASP01A0135_002 f 0.00  0.000     0  0.00  0  0  -3.095  11.434   0.017   0.132   0.752   0.000 01O000M000t
00288 ASP02A0135_003 f 0.00  0.000     0  0.00  0  0  -2.961  10.590   2.737  -0.076  -0.252   0.000 02O000M000t
00289 ASP02A0135_004 f 0.00  0.000     0  0.00  0  0  -2.961  10.590   0.017   0.009   1.147   0.000 02O000M000t
00290 ASP-1A0135_005 f 0.00 -1.000     0  4.75  0 -1  -2.957  10.635   0.017  -0.302   1.553   0.000 -1O000M000t
00291 PHE01A0136_001 f 0.00  0.000     0  0.00  0  0   0.727   3.384   1.722   0.000   0.000   0.000 01O000M000t
00292 LEU01A0137_001 f 0.00  0.000     0  0.00  0  0   2.280  -4.409   0.779   0.000   0.000   0.000 01O000M000t
00293 THR01A0138_001 f 0.00  0.000     0  0.00  0  0  -1.202  -3.014   0.397  -0.198   1.473   0.000 01O000M000t
00294 THR01A0138_002 f 0.00  0.000     0  0.00  0  0  -1.202  -3.014   0.022  -1.868   0.500   0.000 01O000M000t
00295 LEU01A0139_001 f 0.00  0.000     0  0.00  0  0   1.671  -3.267   1.023   0.000   0.000   0.000 01O000M000t
00296 GLU01A0140_001 f 0.00  0.000     0  0.00  0  0  -0.882  -1.422   3.063   0.414  -0.317   0.000 01O000M000t
00297 GLU01A0140_002 f 0.00  0.000     0  0.00  0  0  -0.882  -1.422   0.343   0.129   0.574   0.000 01O000M000t
00298 GLU02A0140_003 f 0.00  0.000     0  0.00  0  0  -1.127  -1.416   3.063   0.032  -0.258   0.000 02O000M000t
00299 GLU02A0140_004 f 0.00  0.000     0  0.00  0  0  -1.127  -1.416   0.343   0.072   0.658   0.000 02O000M000t
00300 GLU-1A0140_005 f 0.00 -1.000     0  4.75  0 -1  -1.183  -1.386   0.343  -0.294   0.128   0.000 -1O000M000t
00301 HIS01A0141_001 f 0.00  0.000     0  0.00  0  0  -2.386  -4.708   0.231  -1.023   2.017   0.000 01O000M000t
00302 HIS02A0141_002 f 0.00  0.000     0  0.00  0  0  -2.405  -4.879   0.231   1.745   2.024   0.000 02O000M000t
00303 HIS+1A0141_003 f 0.00  1.000     0  6.98  0  1  -2.432  -4.892   0.231   3.828   4.017   0.000 +1O000M000t
00304 LEU01A0142_001 f 0.00  0.000     0  0.00  0  0   1.403  -4.981   2.087   0.000   0.000   0.000 01O000M000t
00305 ILE01A0143_001 f 0.00  0.000     0  0.00  0  0   1.430  -3.772   0.495   0.000   0.000   0.000 01O000M000t
00306 CYS01A0144_001 f 0.00  0.000     0  0.00  0  0  -1.975  -2.412   0.005  -0.307   0.622   0.000 01O000M000t
00307 CYS01A0144_002 f 0.00  0.000     0  0.00  0  0  -1.975  -2.366   0.005  -0.207   0.218   0.000 01O000M000t
00308 CYS01A0144_003 f 0.00  0.000     0  0.00  0  0  -1.976  -2.349   0.005  -0.260   0.122   0.000 01O000M000t
00309 CYS-1A0144_004 f 0.00 -1.000     0  9.10  0 -1  -1.973  -2.329   0.005  -1.085   2.861   0.000 -1O000M000t
00310 TYR01A0145_001 f 0.00  0.000     0  0.00  0  0   3.659  -6.559   0.027   0.412   2.524   0.000 01O000M000t
00311 TYR01A0145_002 f 0.00  0.000     0  0.00  0  0   3.659  -6.559   0.027   0.474   2.538   0.000 01O000M000t
00312 TYR-1A0145_003 f 0.00 -1.000     0 10.20  0 -1   3.659  -6.559   0.027  -0.516  10.251   0.000 -1O000M000t
00313 SER01A0146_001 f 0.00  0.000     0  0.00  0  0   0.000  -1.156   0.376   0.228   1.995   0.000 01O000M000t
00314 SER01A0146_002 f 0.00  0.000     0  0.00  0  0   0.000  -1.156   0.376  -1.880   1.995   0.000 01O000M000t
00315 SER01A0146_003 f 0.00  0.000     0  0.00  0  0   0.000  -1.156   0.001  -0.106   1.994   0.000 01O000M000t
00316 PHE01A0147_001 f 0.00  0.000     0  0.00  0  0   0.925  -7.799   0.095   0.000   0.000   0.000 01O000M000t
00317 GLN01A0148_001 f 0.00  0.000     0  0.00  0  0   0.582  -3.840   1.674  -2.379   2.674   0.000 01O000M000t
00318 GLN01A0148_002 f 0.00  0.000     0  0.00  0  0   0.535  -3.592   1.707   1.369   2.636   0.000 01R001M000t
00319 VAL01A0149_001 f 0.00  0.000     0  0.00  0  0   0.474  -2.268   0.064   0.000   0.000   0.000 01O000M000t
00320 ALA01A0150_001 f 0.00  0.000     0  0.00  0  0   0.000  -2.757   0.000   0.000   0.000   0.000 01O000M000t
00321 LYS01A0151_001 f 0.00  0.000     0  0.00  0  0  -2.880  -2.929   1.545  -0.036   0.041   0.000 01O000M000t
00322 LYS+1A0151_002 f 0.00  1.000     0 10.40  0  1  -2.927  -2.934   1.545   0.144   0.580   0.000 +1O000M000t
00323 MET01A0153_001 f 0.00  0.000     0  0.00  0  0   0.174  -5.195   0.650   0.013   0.099   0.000 01O000M000t
00324 GLU01A0154_001 f 0.00  0.000     0  0.00  0  0  -0.489  -4.020   3.470   0.068  -0.047   0.000 01O000M000t
00325 GLU01A0154_002 f 0.00  0.000     0  0.00  0  0  -0.489  -4.020   0.750   0.004   0.715   0.000 01O000M000t
00326 GLU02A0154_003 f 0.00  0.000     0  0.00  0  0  -0.612  -3.856   3.470   0.359   0.809   0.000 02O000M000t
00327 GLU02A0154_004 f 0.00  0.000     0  0.00  0  0  -0.612  -3.856   0.750   0.037   1.247   0.000 02O000M000t
00328 GLU-1A0154_005 f 0.00 -1.000     0  4.75  0 -1  -0.700  -3.930   0.750  -0.531   2.972   0.000 -1O000M000t
00329 PHE01A0155_001 f 0.00  0.000     0  0.00  0  0   1.391  -7.651   0.002   0.000   0.000   0.000 01O000M000t
00330 LEU01A0156_001 f 0.00  0.000     0  0.00  0  0   1.048  -2.681   1.057   0.000   0.000   0.000 01O000M000t
00331 ALA01A0157_001 f 0.00  0.000     0  0.00  0  0  -1.185  -1.826   0.000   0.000   0.000   0.000 01O000M000t
00332 SER01A0158_001 f 0.00  0.000     0  0.00  0  0  -2.564  -0.189   1.447  -2.144   1.522   0.000 01O000M000t
00333 SER01A0158_002 f 0.00  0.000     0  0.00  0  0  -2.564  -0.189   1.447   0.237   0.621   0.000 01O000M000t
00334 SER01A0158_003 f 0.00  0.000     0  0.00  0  0  -2.564  -0.189   1.072  -0.225   0.267   0.000 01O000M000t
00335 ARG01A0159_001 f 0.00  0.000     0  0.00  0  0  -2.127  11.581   2.058  -1.558   1.013   0.000 01O000M000t
00336 ARG02A0159_002 f 0.00  0.000     0  0.00  0  0  -2.110  11.476   2.058   0.446   1.688   0.000 02O000M000t
00337 ARG03A0159_003 f 0.00  0.000     0  0.00  0  0  -2.168  11.547   2.058  -1.469   1.866   0.000 03O000M000t
00338 ARG+1A0159_004 f 0.00  1.000     0 12.50  0  1  -2.212  11.536   2.058  -3.349   2.049   0.000 +1O000M000t
00339 LYS01A0160_001 f 0.00  0.000     0  0.00  0  0  -3.320  -1.895   1.338   0.072   0.195   0.000 01O000M000t
00340 LYS+1A0160_002 f 0.00  1.000     0 10.40  0  1  -3.386  -1.928   1.338  -0.581   0.583   0.000 +1O000M000t
00341 CYS01A0161_001 f 0.00  0.000     0  0.00  0  0  -0.002  -4.157   0.057  -0.220   0.967   0.000 01O000M000t
00342 CYS01A0161_002 f 0.00  0.000     0  0.00  0  0  -0.002  -4.196   0.057  -1.001   0.938   0.000 01O000M000t
00343 CYS01A0161_003 f 0.00  0.000     0  0.00  0  0  -0.002  -4.078   0.057   0.098   0.969   0.000 01O000M000t
00344 CYS-1A0161_004 f 0.00 -1.000     0  9.10  0 -1   0.000  -4.034   0.057   2.160  11.303   0.000 -1O000M000t
00345 ILE01A0162_001 f 0.00  0.000     0  0.00  0  0   1.912  -5.089   0.595   0.000   0.000   0.000 01O000M000t
00346 HIS01A0163_001 f 0.00  0.000     0  0.00  0  0  -0.185  -2.600   0.364  -3.848   3.636   0.000 01O000M000t
00347 HIS02A0163_002 f 0.00  0.000     0  0.00  0  0  -0.202  -3.017   0.364   5.854   3.574   0.000 02O000M000t
00348 HIS+1A0163_003 f 0.00  1.000     0  6.98  0  1  -0.229  -2.506   0.364   5.893   9.939   0.000 +1O000M000t
00349 ARG01A0164_001 f 0.00  0.000     0  0.00  0  0  -1.300   2.021   0.490  -0.261   2.174   0.000 01O000M000t
00350 ARG02A0164_002 f 0.00  0.000     0  0.00  0  0  -1.315   2.034   0.490  -0.229   2.803   0.000 02O000M000t
00351 ARG02A0164_003 f 0.00  0.000     0  0.00  0  0  -1.234   2.033   0.490  -0.167   2.763   0.000 02O000M000t
00352 ARG03A0164_004 f 0.00  0.000     0  0.00  0  0  -1.323   2.038   0.490  -0.455   2.844   0.000 03O000M000t
00353 ARG03A0164_005 f 0.00  0.000     0  0.00  0  0  -1.319   2.022   0.490  -0.177   2.843   0.000 03O000M000t
00354 ARG+1A0164_006 f 0.00  1.000     0 12.50  0  1  -1.362   2.009   0.490   0.927   3.000   0.000 +1O000M000t
00355 ASP01A0165_001 f 0.00  0.000     0  0.00  0  0  -0.291   0.240   3.167   0.891   1.667   0.000 01O000M000t
00356 ASP01A0165_002 f 0.00  0.000     0  0.00  0  0  -0.291   0.240   0.447   0.188   2.348   0.000 01O000M000t
00357 ASP02A0165_003 f 0.00  0.000     0  0.00  0  0  -0.253  -0.188   3.167  -0.368   1.318   0.000 02O000M000t
00358 ASP02A0165_004 f 0.00  0.000     0  0.00  0  0  -0.253  -0.188   0.447  -0.144   2.817   0.000 02O000M000t
00359 ASP-1A0165_005 f 0.00 -1.000     0  4.75  0 -1  -0.293  -0.125   0.447  -2.037   9.005   0.000 -1O000M000t
00360 LEU01A0166_001 f 0.00  0.000     0  0.00  0  0   1.290  -5.492   0.524   0.000   0.000   0.000 01O000M000t
00361 ALA01A0167_001 f 0.00  0.000     0  0.00  0  0   0.000  -0.635   0.000   0.000   0.000   0.000 01O000M000t
00362 ALA01A0168_001 f 0.00  0.000     0  0.00  0  0   0.000  -2.011   0.000   0.000   0.000   0.000 01O000M000t
00363 ARG01A0169_001 f 0.00  0.000     0  0.00  0  0   0.496  -3.949   0.788  -0.171   4.207   0.000 01O000M000t
00364 ARG02A0169_002 f 0.00  0.000     0  0.00  0  0   0.480  -3.945   0.788  -0.335   4.644   0.000 02O000M000t
00365 ARG02A0169_003 f 0.00  0.000     0  0.00  0  0   0.566  -3.945   0.788  -0.202   4.440   0.000 02O000M000t
00366 ARG03A0169_004 f 0.00  0.000     0  0.00  0  0   0.473  -3.931   0.788  -0.381   4.564   0.000 03O000M000t
00367 ARG03A0169_005 f 0.00  0.000     0  0.00  0  0   0.477  -3.938   0.788  -0.220   4.537   0.000 03O000M000t
00368 ARG+1A0169_006 f 0.00  1.000     0 12.50  0  1   0.433  -3.962   0.788   3.360   8.722   0.000 +1O000M000t
00369 ASN01A0170_001 f 0.00  0.000     0  0.00  0  0   0.334  -1.545   1.161  -3.224   3.364   0.000 01O000M000t
00370 ASN01A0170_002 f 0.00  0.000     0  0.00  0  0   0.132  -1.173   1.129   2.041   3.367   0.000 01R001M000t
00371 ILE01A0171_001 f 0.00  0.000     0  0.00  0  0   0.731  -5.614   0.604   0.000   0.000   0.000 01O000M000t
00372 LEU01A0172_001 f 0.00  0.000     0  0.00  0  0   1.801  -6.588   0.552   0.000   0.000   0.000 01O000M000t
00373 LEU01A0173_001 f 0.00  0.000     0  0.00  0  0   1.168  -5.044   0.509   0.000   0.000   0.000 01O000M000t
00374 SER01A0174_001 f 0.00  0.000     0  0.00  0  0  -0.252  -0.223   1.239   0.406   1.338   0.000 01O000M000t
00375 SER01A0174_002 f 0.00  0.000     0  0.00  0  0  -0.252  -0.223   1.239  -0.081   1.653   0.000 01O000M000t
00376 SER01A0174_003 f 0.00  0.000     0  0.00  0  0  -0.252  -0.223   0.864  -0.853   1.153   0.000 01O000M000t
00377 GLU01A0175_001 f 0.00  0.000     0  0.00  0  0   1.786  -1.779   5.014   1.170   0.446   0.000 01O000M000t
00378 GLU01A0175_002 f 0.00  0.000     0  0.00  0  0   1.786  -1.779   2.294  -0.039   0.977   0.000 01O000M000t
00379 GLU02A0175_003 f 0.00  0.000     0  0.00  0  0   0.882  -1.867   5.014  -0.109  -0.196   0.000 02O000M000t
00380 GLU02A0175_004 f 0.00  0.000     0  0.00  0  0   0.882  -1.867   2.294  -0.199   0.974   0.000 02O000M000t
00381 GLU-1A0175_005 f 0.00 -1.000     0  4.75  0 -1   0.894  -1.825   2.294  -1.720   1.500   0.000 -1O000M000t
00382 LYS01A0176_001 f 0.00  0.000     0  0.00  0  0  -9.904   0.531   1.042  -0.014  -0.176   0.000 01O000M000t
00383 LYS+1A0176_002 f 0.00  1.000     0 10.40  0  1  -9.948   0.530   1.042   0.043  -0.132   0.000 +1O000M000t
00384 ASN01A0177_001 f 0.00  0.000     0  0.00  0  0  -1.057   0.325   1.091  -0.021   0.632   0.000 01O000M000t
00385 ASN01A0177_002 f 0.00  0.000     0  0.00  0  0  -1.104   0.605   1.136   0.250   0.723   0.000 01R001M000t
00386 VAL01A0178_001 f 0.00  0.000     0  0.00  0  0  -1.139  -1.953   0.013   0.000   0.000   0.000 01O000M000t
00387 VAL01A0179_001 f 0.00  0.000     0  0.00  0  0   0.386  -4.779   0.356   0.000   0.000   0.000 01O000M000t
00388 LYS01A0180_001 f 0.00  0.000     0  0.00  0  0   0.482  -4.832   1.577  -1.191   1.029   0.000 01O000M000t
00389 LYS+1A0180_002 f 0.00  1.000     0 10.40  0  1   0.420  -4.761   1.577  -4.723   7.923   0.000 +1O000M000t
00390 ILE01A0181_001 f 0.00  0.000     0  0.00  0  0   1.308  -3.024   0.592   0.000   0.000   0.000 01O000M000t
00391 CYS01A0182_001 f 0.00  0.000     0  0.00  0  0  -0.002  -3.082   0.337  -0.486   0.995   0.000 01O000M000t
00392 CYS01A0182_002 f 0.00  0.000     0  0.00  0  0  -0.002  -3.005   0.337   0.440   0.990   0.000 01O000M000t
00393 CYS01A0182_003 f 0.00  0.000     0  0.00  0  0  -0.002  -2.894   0.337  -0.356   0.985   0.000 01O000M000t
00394 CYS-1A0182_004 f 0.00 -1.000     0  9.10  0 -1   0.000  -2.852   0.337  -4.302  14.264   0.000 -1O000M000t
00395 ASP01A0183_001 f 0.00  0.000     0  0.00  0  0  -0.539  -3.324   3.581   0.773   1.498   0.000 01O000M000t
00396 ASP01A0183_002 f 0.00  0.000     0  0.00  0  0  -0.539  -3.324   0.861   0.401   1.121   0.000 01O000M000t
00397 ASP02A0183_003 f 0.00  0.000     0  0.00  0  0  -0.451  -3.387   3.581   0.162   0.816   0.000 02O000M000t
00398 ASP02A0183_004 f 0.00  0.000     0  0.00  0  0  -0.451  -3.387   0.861   0.233   1.222   0.000 02O000M000t
00399 ASP-1A0183_005 f 0.00 -1.000     0  4.75  0 -1  -0.493  -3.318   0.861  -2.123   4.282   0.000 -1O000M000t
00400 PHE01A0184_001 f 0.00  0.000     0  0.00  0  0   3.653  -5.793   0.870   0.000   0.000   0.000 01O000M000t
00401 LEU01A0186_001 f 0.00  0.000     0  0.00  0  0  -1.700  -2.887   2.550   0.000   0.000   0.000 01O000M000t
00402 ALA01A0187_001 f 0.00  0.000     0  0.00  0  0   0.000  -2.650   0.000   0.000   0.000   0.000 01O000M000t
00403 ARG01A0188_001 f 0.00  0.000     0  0.00  0  0   0.543  -6.019   0.616   0.299   2.658   0.000 01O000M000t
00404 ARG02A0188_002 f 0.00  0.000     0  0.00  0  0   0.517  -5.989   0.616  -0.783   3.730   0.000 02O000M000t
00405 ARG02A0188_003 f 0.00  0.000     0  0.00  0  0   0.586  -6.006   0.616   0.138   3.607   0.000 02O000M000t
00406 ARG03A0188_004 f 0.00  0.000     0  0.00  0  0   0.509  -5.949   0.616  -0.215   3.728   0.000 03O000M000t
00407 ARG03A0188_005 f 0.00  0.000     0  0.00  0  0   0.514  -5.972   0.616   0.440   3.632   0.000 03O000M000t
00408 ARG+1A0188_006 f 0.00  1.000     0 12.50  0  1   0.469  -6.033   0.616   2.318   4.320   0.000 +1O000M000t
00409 ASP01A0189_001 f 0.00  0.000     0  0.00  0  0  -0.575  -1.467   2.923   2.527   1.035   0.000 01O000M000t
00410 ASP01A0189_002 f 0.00  0.000     0  0.00  0  0  -0.575  -1.467   0.203   0.451   2.122   0.000 01O000M000t
00411 ASP02A0189_003 f 0.00  0.000     0  0.00  0  0  -0.569  -2.015   2.923  -1.140   0.841   0.000 02O000M000t
00412 ASP02A0189_004 f 0.00  0.000     0  0.00  0  0  -0.569  -2.015   0.203  -0.866   2.091   0.000 02O000M000t
00413 ASP-1A0189_005 f 0.00 -1.000     0  4.75  0 -1  -0.579  -1.929   0.203  -3.916   5.760   0.000 -1O000M000t
00414 ILE01A0190_001 f 0.00  0.000     0  0.00  0  0  -1.278  -2.415   0.408   0.000   0.000   0.000 01O000M000t
00415 TYR01A0191_001 f 0.00  0.000     0  0.00  0  0  -4.359  -2.519   0.133  -0.117   0.294   0.000 01O000M000t
00416 TYR01A0191_002 f 0.00  0.000     0  0.00  0  0  -4.359  -2.519   0.133  -0.134   0.439   0.000 01O000M000t
00417 TYR-1A0191_003 f 0.00 -1.000     0 10.20  0 -1  -4.359  -2.519   0.133  -1.058   0.788   0.000 -1O000M000t
00418 LYS01A0192_001 f 0.00  0.000     0  0.00  0  0  -7.846  -1.208   3.357   0.015  -0.163   0.000 01O000M000t
00419 LYS+1A0192_002 f 0.00  1.000     0 10.40  0  1  -7.896  -1.213   3.357   0.189   0.139   0.000 +1O000M000t
00420 ASP01A0193_001 f 0.00  0.000     0  0.00  0  0  -0.712   0.587   3.256   4.501   1.628   0.000 01O000M000t
00421 ASP01A0193_002 f 0.00  0.000     0  0.00  0  0  -0.712   0.587   0.536  -0.330   1.307   0.000 01O000M000t
00422 ASP02A0193_003 f 0.00  0.000     0  0.00  0  0  -0.600  -0.640   3.256  -1.669   1.244   0.000 02O000M000t
00423 ASP02A0193_004 f 0.00  0.000     0  0.00  0  0  -0.600  -0.640   0.536  -1.697   1.486   0.000 02O000M000t
00424 ASP-1A0193_005 f 0.00 -1.000     0  4.75  0 -1  -0.713  -0.574   0.536  -5.564   5.718   0.000 -1O000M000t
00425 PRO01A0194_001 f 0.00  0.000     0  0.00  0  0  -6.608  -0.480   0.000   0.000   0.000   0.000 01O000M000t
00426 ASP01A0195_001 f 0.00  0.000     0  0.00  0  0  -0.575  -0.292   3.052   0.834   0.650   0.000 01O000M000t
00427 ASP01A0195_002 f 0.00  0.000     0  0.00  0  0  -0.575  -0.292   0.332   0.283   0.833   0.000 01O000M000t
00428 ASP02A0195_003 f 0.00  0.000     0  0.00  0  0  -0.475  -0.742   3.052   0.941   1.512   0.000 02O000M000t
00429 ASP02A0195_004 f 0.00  0.000     0  0.00  0  0  -0.475  -0.742   0.332   0.461   1.131   0.000 02O000M000t
00430 ASP-1A0195_005 f 0.00 -1.000     0  4.75  0 -1  -0.564  -0.696   0.332  -2.314   3.454   0.000 -1O000M000t
00431 TYR01A0196_001 f 0.00  0.000     0  0.00  0  0   3.721  -7.890   0.000   0.344   2.391   0.000 01O000M000t
00432 TYR01A0196_002 f 0.00  0.000     0  0.00  0  0   3.721  -7.890   0.000  -0.042   2.296   0.000 01O000M000t
00433 TYR-1A0196_003 f 0.00 -1.000     0 10.20  0 -1   3.721  -7.890   0.000  -2.794  10.079   0.000 -1O000M000t
00434 VAL01A0197_001 f 0.00  0.000     0  0.00  0  0  -1.591  -3.153   0.075   0.000   0.000   0.000 01O000M000t
00435 ARG01A0198_001 f 0.00  0.000     0  0.00  0  0  -8.028  -3.135   1.276   0.007   0.069   0.000 01O000M000t
00436 ARG02A0198_002 f 0.00  0.000     0  0.00  0  0  -8.052  -3.136   1.276  -0.019   1.332   0.000 02O000M000t
00437 ARG03A0198_003 f 0.00  0.000     0  0.00  0  0  -8.061  -3.140   1.276  -0.030   1.124   0.000 03O000M000t
00438 ARG+1A0198_004 f 0.00  1.000     0 12.50  0  1  -8.101  -3.141   1.276  -0.050   0.096   0.000 +1O000M000t
00439 LYS01A0199_001 f 0.00  0.000     0  0.00  0  0  -1.859   0.606   3.885  -0.109   0.504   0.000 01O000M000t
00440 LYS+1A0199_002 f 0.00  1.000     0 10.40  0  1  -1.903   0.600   3.885  -1.128   2.615   0.000 +1O000M000t
00441 ASP01A0201_001 f 0.00  0.000     0  0.00  0  0  -3.685  -1.139   3.501   0.276  -0.559   0.000 01O000M000t
00442 ASP01A0201_002 f 0.00  0.000     0  0.00  0  0  -3.685  -1.139   0.781   0.211   0.421   0.000 01O000M000t
00443 ASP02A0201_003 f 0.00  0.000     0  0.00  0  0  -3.657  -1.253   3.501   0.373  -0.567   0.000 02O000M000t
00444 ASP02A0201_004 f 0.00  0.000     0  0.00  0  0  -3.622  -1.253   0.781   0.238   0.234   0.000 02O000M000t
00445 ASP-1A0201_005 f 0.00 -1.000     0  4.75  0 -1  -3.691  -1.224   0.781  -0.343  -0.034   0.000 -1O000M000t
00446 ALA01A0202_001 f 0.00  0.000     0  0.00  0  0  -1.906  -0.901   0.000   0.000   0.000   0.000 01O000M000t
00447 ARG01A0203_001 f 0.00  0.000     0  0.00  0  0  -1.046  -5.689   4.637   0.385   1.375   0.000 01O000M000t
00448 ARG02A0203_002 f 0.00  0.000     0  0.00  0  0  -1.065  -5.694   4.637   0.191   2.309   0.000 02O000M000t
00449 ARG03A0203_003 f 0.00  0.000     0  0.00  0  0  -1.075  -5.656   4.637   0.380   2.168   0.000 03O000M000t
00450 ARG+1A0203_004 f 0.00  1.000     0 12.50  0  1  -1.114  -5.712   4.637   0.180   1.920   0.000 +1O000M000t
00451 LEU01A0204_001 f 0.00  0.000     0  0.00  0  0  -0.831  -3.731   0.428   0.000   0.000   0.000 01O000M000t
00452 PRO01A0205_001 f 0.00  0.000     0  0.00  0  0  -0.098   0.734   0.000   0.000   0.000   0.000 01O000M000t
00453 LEU01A0206_001 f 0.00  0.000     0  0.00  0  0   1.824  -3.253   1.525   0.000   0.000   0.000 01O000M000t
00454 LYS01A0207_001 f 0.00  0.000     0  0.00  0  0   0.205  -4.136   1.685   0.174   0.521   0.000 01O000M000t
00455 LYS+1A0207_002 f 0.00  1.000     0 10.40  0  1   0.160  -4.155   1.685  -0.720   3.669   0.000 +1O000M000t
00456 TRP01A0208_001 f 0.00  0.000     0  0.00  0  0   2.538 -10.616   0.506   0.000   0.000   0.000 01O000M000t
00457 MET01A0209_001 f 0.00  0.000     0  0.00  0  0  -0.172  -6.749   1.607  -0.106   0.092   0.000 01O000M000t
00458 ALA01A0210_001 f 0.00  0.000     0  0.00  0  0   0.000  -2.013   0.000   0.000   0.000   0.000 01O000M000t
00459 PRO01A0211_001 f 0.00  0.000     0  0.00  0  0  -0.153  -2.409   0.000   0.000   0.000   0.000 01O000M000t
00460 GLU01A0212_001 f 0.00  0.000     0  0.00  0  0   1.892  -2.538   4.280   1.998   2.111   0.000 01O000M000t
00461 GLU01A0212_002 f 0.00  0.000     0  0.00  0  0   1.892  -2.538   1.560  -0.424   2.899   0.000 01O000M000t
00462 GLU02A0212_003 f 0.00  0.000     0  0.00  0  0   1.508  -3.259   4.280  -0.712   1.790   0.000 02O000M000t
00463 GLU02A0212_004 f 0.00  0.000     0  0.00  0  0   1.508  -3.259   1.560  -0.766   2.801   0.000 02O000M000t
00464 GLU-1A0212_005 f 0.00 -1.000     0  4.75  0 -1   1.444  -3.134   1.560  -6.213  10.476   0.000 -1O000M000t
00465 THR01A0213_001 f 0.00  0.000     0  0.00  0  0   0.134  -2.420   0.455  -3.018   1.818   0.000 01O000M000t
00466 THR01A0213_002 f 0.00  0.000     0  0.00  0  0   0.134  -2.420   0.455   1.080   1.764   0.000 01O000M000t
00467 THR01A0213_003 f 0.00  0.000     0  0.00  0  0   0.134  -2.420   0.080   0.426   1.178   0.000 01O000M000t
00468 ILE01A0214_001 f 0.00  0.000     0  0.00  0  0   2.492  -4.412   0.565   0.000   0.000   0.000 01O000M000t
00469 PHE01A0215_001 f 0.00  0.000     0  0.00  0  0   1.137  -4.816   0.385   0.000   0.000   0.000 01O000M000t
00470 ASP01A0216_001 f 0.00  0.000     0  0.00  0  0  -2.310  -0.107   3.274   0.225  -0.146   0.000 01O000M000t
00471 ASP01A0216_002 f 0.00  0.000     0  0.00  0  0  -2.310  -0.107   0.554   0.208   0.524   0.000 01O000M000t
00472 ASP02A0216_003 f 0.00  0.000     0  0.00  0  0  -2.160  -0.698   3.274   0.375   0.290   0.000 02O000M000t
00473 ASP02A0216_004 f 0.00  0.000     0  0.00  0  0  -2.160  -0.698   0.554   0.259   0.808   0.000 02O000M000t
00474 ASP-1A0216_005 f 0.00 -1.000     0  4.75  0 -1  -2.236  -0.619   0.554  -0.608   1.328   0.000 -1O000M000t
00475 ARG01A0217_001 f 0.00  0.000     0  0.00  0  0 -10.252  -0.773   0.936   0.075  -0.406   0.000 01O000M000t
00476 ARG02A0217_002 f 0.00  0.000     0  0.00  0  0 -10.314  -0.790   0.936   0.016   0.895   0.000 02O000M000t
00477 ARG03A0217_003 f 0.00  0.000     0  0.00  0  0 -10.314  -0.789   0.936   0.060   0.739   0.000 03O000M000t
00478 ARG+1A0217_004 f 0.00  1.000     0 12.50  0  1 -10.357  -0.791   0.936  -0.005   0.138   0.000 +1O000M000t
00479 VAL01A0218_001 f 0.00  0.000     0  0.00  0  0  -3.368  -1.353   0.146   0.000   0.000   0.000 01O000M000t
00480 TYR01A0219_001 f 0.00  0.000     0  0.00  0  0   1.472  -5.171   0.141   0.229   0.940   0.000 01O000M000t
00481 TYR-1A0219_002 f 0.00 -1.000     0 10.20  0 -1   1.472  -5.171   0.141  -0.984   2.933   0.000 -1O000M000t
00482 THR01A0220_001 f 0.00  0.000     0  0.00  0  0  -2.973  -1.888   0.399  -0.397   1.365   0.000 01O000M000t
00483 ILE01A0221_001 f 0.00  0.000     0  0.00  0  0  -2.139  -2.331   1.010   0.000   0.000   0.000 01O000M000t
00484 GLN01A0222_001 f 0.00  0.000     0  0.00  0  0  -0.457  -7.277   1.134  -1.868   2.313   0.000 01O000M000t
00485 GLN01A0222_002 f 0.00  0.000     0  0.00  0  0  -0.478  -7.145   1.141   1.593   2.198   0.000 01R001M000t
00486 SER01A0223_001 f 0.00  0.000     0  0.00  0  0  -0.108  -2.580   0.381   1.946   1.522   0.000 01O000M000t
00487 ASP01A0224_001 f 0.00  0.000     0  0.00  0  0   0.054   1.908   3.524  -2.522   1.827   0.000 01O000M000t
00488 ASP01A0224_002 f 0.00  0.000     0  0.00  0  0   0.054   1.908   0.804   1.579   2.661   0.000 01O000M000t
00489 ASP02A0224_003 f 0.00  0.000     0  0.00  0  0   0.130   2.566   3.524  -2.049   2.259   0.000 02O000M000t
00490 ASP02A0224_004 f 0.00  0.000     0  0.00  0  0   0.130 999.000   0.804   3.911   2.533   0.000 02O000M000t
00491 ASP-1A0224_005 f 0.00 -1.000     0  4.75  0 -1   0.051   1.436   0.804 -12.588  11.346   0.000 -1O000M000t
00492 VAL01A0225_001 f 0.00  0.000     0  0.00  0  0   0.454  -2.280   0.158   0.000   0.000   0.000 01O000M000t
00493 TRP01A0226_001 f 0.00  0.000     0  0.00  0  0   2.761 -11.986   0.010   0.000   0.000   0.000 01O000M000t
00494 SER01A0227_001 f 0.00  0.000     0  0.00  0  0  -0.301  -1.916   0.461  -2.573   1.156   0.000 01O000M000t
00495 SER01A0227_002 f 0.00  0.000     0  0.00  0  0  -0.301  -1.916   0.086   0.707   0.766   0.000 01O000M000t
00496 PHE01A0228_001 f 0.00  0.000     0  0.00  0  0   3.970  -8.162   0.001   0.000   0.000   0.000 01O000M000t
00497 VAL01A0230_001 f 0.00  0.000     0  0.00  0  0   0.362  -3.235   0.083   0.000   0.000   0.000 01O000M000t
00498 LEU01A0231_001 f 0.00  0.000     0  0.00  0  0   1.836  -2.103   0.960   0.000   0.000   0.000 01O000M000t
00499 LEU01A0232_001 f 0.00  0.000     0  0.00  0  0   1.302  -3.065   0.674   0.000   0.000   0.000 01O000M000t
00500 TRP01A0233_001 f 0.00  0.000     0  0.00  0  0   2.124 -11.970   0.166   0.000   0.000   0.000 01O000M000t
00501 GLU01A0234_001 f 0.00  0.000     0  0.00  0  0   0.752  -5.270   3.962  -0.468   2.269   0.000 01O000M000t
00502 GLU01A0234_002 f 0.00  0.000     0  0.00  0  0   0.752  -5.270   1.242   2.953   2.559   0.000 01O000M000t
00503 GLU02A0234_003 f 0.00  0.000     0  0.00  0  0   0.754  -5.742   3.962  -2.511   1.897   0.000 02O000M000t
00504 GLU02A0234_004 f 0.00  0.000     0  0.00  0  0   0.754  -5.742   1.242  -1.094   2.467   0.000 02O000M000t
00505 GLU-1A0234_005 f 0.00 -1.000     0  4.75  0 -1   0.621  -5.630   1.242  -7.364  10.914   0.000 -1O000M000t
00506 ILE01A0235_001 f 0.00  0.000     0  0.00  0  0   2.448  -4.045   0.638   0.000   0.000   0.000 01O000M000t
00507 PHE01A0236_001 f 0.00  0.000     0  0.00  0  0   4.176  -3.473   0.149   0.000   0.000   0.000 01O000M000t
00508 SER01A0237_001 f 0.00  0.000     0  0.00  0  0  -0.336  -3.049   0.454  -0.902   1.948   0.000 01O000M000t
00509 SER01A0237_002 f 0.00  0.000     0  0.00  0  0  -0.336  -3.049   0.454   2.176   1.950   0.000 01O000M000t
00510 LEU01A0238_001 f 0.00  0.000     0  0.00  0  0   1.646  -2.036   0.658   0.000   0.000   0.000 01O000M000t
00511 ALA01A0240_001 f 0.00  0.000     0  0.00  0  0  -1.320  -1.022   0.000   0.000   0.000   0.000 01O000M000t
00512 SER01A0241_001 f 0.00  0.000     0  0.00  0  0  -3.052  -1.258   0.456  -0.038   1.200   0.000 01O000M000t
00513 SER01A0241_002 f 0.00  0.000     0  0.00  0  0  -3.052  -1.258   0.456  -0.148   0.637   0.000 01O000M000t
00514 PRO01A0242_001 f 0.00  0.000     0  0.00  0  0   0.250  -0.564   0.000   0.000   0.000   0.000 01O000M000t
00515 TYR01A0243_001 f 0.00  0.000     0  0.00  0  0   3.801  -3.106   0.034   0.009   1.959   0.000 01O000M000t
00516 TYR-1A0243_002 f 0.00 -1.000     0 10.20  0 -1   3.801  -3.106   0.034   0.056   8.825   0.000 -1O000M000t
00517 PRO01A0244_001 f 0.00  0.000     0  0.00  0  0  -3.038  -1.506   0.000   0.000   0.000   0.000 01O000M000t
00518 VAL01A0246_001 f 0.00  0.000     0  0.00  0  0  -1.404  -0.830   0.013   0.000   0.000   0.000 01O000M000t
00519 LYS01A0247_001 f 0.00  0.000     0  0.00  0  0  -8.114  -1.726   1.698  -0.086   0.189   0.000 01O000M000t
00520 LYS+1A0247_002 f 0.00  1.000     0 10.40  0  1  -8.190  -1.746   1.698   0.161   0.608   0.000 +1O000M000t
00521 ILE01A0248_001 f 0.00  0.000     0  0.00  0  0   0.598  -1.879   0.530   0.000   0.000   0.000 01O000M000t
00522 ASP01A0249_001 f 0.00  0.000     0  0.00  0  0  -1.442   0.997   2.720   3.473   1.377   0.000 01O000M000t
00523 ASP01A0249_002 f 0.00  0.000     0  0.00  0  0  -1.442   0.997   0.000   0.113   1.300   0.000 01O000M000t
00524 ASP02A0249_003 f 0.00  0.000     0  0.00  0  0  -1.452  -0.219   2.720  -1.525   0.534   0.000 02O000M000t
00525 ASP02A0249_004 f 0.00  0.000     0  0.00  0  0  -1.452  -0.219   0.000  -1.534   1.727   0.000 02O000M000t
00526 ASP-1A0249_005 f 0.00 -1.000     0  4.75  0 -1  -1.477  -0.132   0.000  -5.099   4.030   0.000 -1O000M000t
00527 GLU01A0250_001 f 0.00  0.000     0  0.00  0  0  -1.783  -1.428   4.780   0.257  -0.229   0.000 01O000M000t
00528 GLU01A0250_002 f 0.00  0.000     0  0.00  0  0  -1.783  -1.428   2.060   0.145   0.625   0.000 01O000M000t
00529 GLU02A0250_003 f 0.00  0.000     0  0.00  0  0  -1.798  -1.436   4.780   0.173   0.014   0.000 02O000M000t
00530 GLU02A0250_004 f 0.00  0.000     0  0.00  0  0  -1.798  -1.436   2.060   0.120   0.767   0.000 02O000M000t
00531 GLU-1A0250_005 f 0.00 -1.000     0  4.75  0 -1  -1.883  -1.393   2.060  -0.315   0.676   0.000 -1O000M000t
00532 GLU01A0251_001 f 0.00  0.000     0  0.00  0  0  -2.030  -1.732   3.580   0.343   0.323   0.000 01O000M000t
00533 GLU01A0251_002 f 0.00  0.000     0  0.00  0  0  -2.030  -1.732   0.860   0.142   1.198   0.000 01O000M000t
00534 GLU02A0251_003 f 0.00  0.000     0  0.00  0  0  -2.291  -1.759   3.580   0.393   0.283   0.000 02O000M000t
00535 GLU02A0251_004 f 0.00  0.000     0  0.00  0  0  -2.291  -1.759   0.860   0.108   1.158   0.000 02O000M000t
00536 GLU-1A0251_005 f 0.00 -1.000     0  4.75  0 -1  -2.244  -1.714   0.860  -0.774   2.273   0.000 -1O000M000t
00537 PHE01A0252_001 f 0.00  0.000     0  0.00  0  0   3.668  -5.764   0.516   0.000   0.000   0.000 01O000M000t
00538 CYS01A0253_001 f 0.00  0.000     0  0.00  0  0  -0.287  -2.732   0.001  -0.092   0.814   0.000 01O000M000t
00539 CYS01A0253_002 f 0.00  0.000     0  0.00  0  0  -0.287  -2.840   0.001  -0.534   0.431   0.000 01O000M000t
00540 CYS01A0253_003 f 0.00  0.000     0  0.00  0  0  -0.288  -2.721   0.001  -0.345   0.309   0.000 01O000M000t
00541 CYS-1A0253_004 f 0.00 -1.000     0  9.10  0 -1  -0.286  -2.693   0.001  -2.000   6.232   0.000 -1O000M000t
00542 ARG01A0254_001 f 0.00  0.000     0  0.00  0  0  -3.913  -1.463   3.386   0.135   1.732   0.000 01O000M000t
00543 ARG02A0254_002 f 0.00  0.000     0  0.00  0  0  -3.933  -1.455   3.386   0.136   2.494   0.000 02O000M000t
00544 ARG02A0254_003 f 0.00  0.000     0  0.00  0  0  -3.877  -1.417   3.386  -0.141   2.240   0.000 02O000M000t
00545 ARG03A0254_004 f 0.00  0.000     0  0.00  0  0  -3.940  -1.467   3.386   0.126   2.438   0.000 03O000M000t
00546 ARG03A0254_005 f 0.00  0.000     0  0.00  0  0  -3.936  -1.467   3.386   0.139   2.169   0.000 03O000M000t
00547 ARG+1A0254_006 f 0.00  1.000     0 12.50  0  1  -3.979  -1.470   3.386   0.492   1.938   0.000 +1O000M000t
00548 ARG01A0255_001 f 0.00  0.000     0  0.00  0  0  -1.791  -5.142   2.450   0.080   1.528   0.000 01O000M000t
00549 ARG02A0255_002 f 0.00  0.000     0  0.00  0  0  -1.834  -5.076   2.450  -0.097   2.014   0.000 02O000M000t
00550 ARG03A0255_003 f 0.00  0.000     0  0.00  0  0  -1.840  -5.136   2.450   0.065   2.011   0.000 03O000M000t
00551 ARG+1A0255_004 f 0.00  1.000     0 12.50  0  1  -1.880  -5.153   2.450   0.081   2.356   0.000 +1O000M000t
00552 LEU01A0256_001 f 0.00  0.000     0  0.00  0  0   1.765  -4.151   1.191   0.000   0.000   0.000 01O000M000t
00553 LYS01A0257_001 f 0.00  0.000     0  0.00  0  0  -4.560  -2.929   2.087  -0.003   0.200   0.000 01O000M000t
00554 LYS+1A0257_002 f 0.00  1.000     0 10.40  0  1  -4.606  -2.934   2.087   0.083   0.911   0.000 +1O000M000t
00555 GLU01A0258_001 f 0.00  0.000     0  0.00  0  0  -0.853  -3.362   3.536   0.070   0.547   0.000 01O000M000t
00556 GLU01A0258_002 f 0.00  0.000     0  0.00  0  0  -0.853  -3.362   0.816   0.003   0.997   0.000 01O000M000t
00557 GLU02A0258_003 f 0.00  0.000     0  0.00  0  0  -1.203  -3.346   3.536  -0.094  -0.249   0.000 02O000M000t
00558 GLU02A0258_004 f 0.00  0.000     0  0.00  0  0  -1.203  -3.346   0.816  -0.023   1.514   0.000 02O000M000t
00559 GLU-1A0258_005 f 0.00 -1.000     0  4.75  0 -1  -1.136  -3.299   0.816  -0.166   2.396   0.000 -1O000M000t
00560 THR01A0260_001 f 0.00  0.000     0  0.00  0  0  -3.138  -1.894   0.436  -0.100   0.361   0.000 01O000M000t
00561 THR01A0260_002 f 0.00  0.000     0  0.00  0  0  -3.138  -1.894   0.061  -0.156   0.615   0.000 01O000M000t
00562 ARG01A0261_001 f 0.00  0.000     0  0.00  0  0   0.114  -5.267   0.552  -1.413   2.699   0.000 01O000M000t
00563 ARG02A0261_002 f 0.00  0.000     0  0.00  0  0   0.090  -5.426   0.552  -0.501   3.726   0.000 02O000M000t
00564 ARG02A0261_003 f 0.00  0.000     0  0.00  0  0   0.129  -5.208   0.552  -0.596   3.515   0.000 02O000M000t
00565 ARG03A0261_004 f 0.00  0.000     0  0.00  0  0   0.088  -5.233   0.552  -1.272   3.447   0.000 03O000M000t
00566 ARG+1A0261_005 f 0.00  1.000     0 12.50  0  1   0.045  -5.373   0.552  -6.217   5.092   0.000 +1O000M000t
00567 MET01A0262_001 f 0.00  0.000     0  0.00  0  0   0.149  -3.806   1.335  -0.264   0.096   0.000 01O000M000t
00568 ARG01A0263_001 f 0.00  0.000     0  0.00  0  0  -4.827   0.174   6.003  -1.184   2.432   0.000 01O000M000t
00569 ARG02A0263_002 f 0.00  0.000     0  0.00  0  0  -4.805   0.020   6.003   0.872   2.865   0.000 02O000M000t
00570 ARG03A0263_003 f 0.00  0.000     0  0.00  0  0  -4.851   0.078   6.003   0.111   2.757   0.000 03O000M000t
00571 ARG+1A0263_004 f 0.00  1.000     0 12.50  0  1  -4.893   0.008   6.003   3.456   4.571   0.000 +1O000M000t
00572 ALA01A0264_001 f 0.00  0.000     0  0.00  0  0  -2.006  -0.845   0.000   0.000   0.000   0.000 01O000M000t
00573 PRO01A0265_001 f 0.00  0.000     0  0.00  0  0   0.246  -2.667   0.000   0.000   0.000   0.000 01O000M000t
00574 ASP01A0266_001 f 0.00  0.000     0  0.00  0  0  -2.848   0.109   2.862   0.604  -0.363   0.000 01O000M000t
00575 ASP01A0266_002 f 0.00  0.000     0  0.00  0  0  -2.848   0.109   0.142   0.303   0.349   0.000 01O000M000t
00576 ASP02A0266_003 f 0.00  0.000     0  0.00  0  0  -2.696  -0.345   2.862   0.335  -0.206   0.000 02O000M000t
00577 ASP02A0266_004 f 0.00  0.000     0  0.00  0  0  -2.696  -0.345   0.142   0.273   0.732   0.000 02O000M000t
00578 ASP-1A0266_005 f 0.00 -1.000     0  4.75  0 -1  -2.811  -0.306   0.142  -0.416   0.075   0.000 -1O000M000t
00579 TYR01A0267_001 f 0.00  0.000     0  0.00  0  0   1.593  -4.595   0.369   0.120   0.958   0.000 01O000M000t
00580 TYR01A0267_002 f 0.00  0.000     0  0.00  0  0   1.593  -4.595   0.369   0.100   1.061   0.000 01O000M000t
00581 TYR-1A0267_003 f 0.00 -1.000     0 10.20  0 -1   1.593  -4.595   0.369  -0.020   3.291   0.000 -1O000M000t
00582 THR01A0268_001 f 0.00  0.000     0  0.00  0  0  -0.401  -0.927   0.657  -1.137   1.957   0.000 01O000M000t
00583 THR01A0269_001 f 0.00  0.000     0  0.00  0  0  -0.835  -0.464   0.378   0.044   1.768   0.000 01O000M000t
00584 THR01A0269_002 f 0.00  0.000     0  0.00  0  0  -0.835  -0.464   0.378   3.109   1.760   0.000 01O000M000t
00585 THR01A0269_003 f 0.00  0.000     0  0.00  0  0  -0.835  -0.464   0.003  -2.367   1.119   0.000 01O000M000t
00586 PRO01A0270_001 f 0.00  0.000     0  0.00  0  0  -6.905  -1.056   0.000   0.000   0.000   0.000 01O000M000t
00587 GLU01A0271_001 f 0.00  0.000     0  0.00  0  0  -1.003  -1.933   4.932  -0.160   0.151   0.000 01O000M000t
00588 GLU01A0271_002 f 0.00  0.000     0  0.00  0  0  -1.003  -1.933   2.212  -0.244   1.220   0.000 01O000M000t
00589 GLU02A0271_003 f 0.00  0.000     0  0.00  0  0  -1.091  -1.934   4.932   1.758  -0.085   0.000 02O000M000t
00590 GLU02A0271_004 f 0.00  0.000     0  0.00  0  0  -1.091  -1.934   2.212   0.436   0.804   0.000 02O000M000t
00591 GLU-1A0271_005 f 0.00 -1.000     0  4.75  0 -1  -1.212  -1.888   2.212  -3.037   2.256   0.000 -1O000M000t
00592 MET01A0272_001 f 0.00  0.000     0  0.00  0  0   0.744  -3.973   1.028   0.113   0.098   0.000 01O000M000t
00593 TYR01A0273_001 f 0.00  0.000     0  0.00  0  0   0.966  -4.411   0.040  -2.127   1.911   0.000 01O000M000t
00594 TYR01A0273_002 f 0.00  0.000     0  0.00  0  0   0.966  -4.411   0.040   1.160   1.329   0.000 01O000M000t
00595 TYR-1A0273_003 f 0.00 -1.000     0 10.20  0 -1   0.966  -4.411   0.040   1.384   5.380   0.000 -1O000M000t
00596 GLN01A0274_001 f 0.00  0.000     0  0.00  0  0  -2.647  -3.188   0.812  -0.183   0.782   0.000 01O000M000t
00597 GLN01A0274_002 f 0.00  0.000     0  0.00  0  0  -2.291  -3.142   0.844   0.405   0.241   0.000 01R001M000t
00598 THR01A0275_001 f 0.00  0.000     0  0.00  0  0   0.146  -2.087   0.411  -0.130   0.795   0.000 01O000M000t
00599 THR01A0275_002 f 0.00  0.000     0  0.00  0  0   0.146  -2.087   0.411  -1.205   1.017   0.000 01O000M000t
00600 THR01A0275_003 f 0.00  0.000     0  0.00  0  0   0.146  -2.087   0.036   0.016   1.646   0.000 01O000M000t
00601 MET01A0276_001 f 0.00  0.000     0  0.00  0  0   0.144  -7.833   1.214   0.034   0.099   0.000 01O000M000t
00602 LEU01A0277_001 f 0.00  0.000     0  0.00  0  0  -1.555  -3.760   0.443   0.000   0.000   0.000 01O000M000t
00603 ASP01A0278_001 f 0.00  0.000     0  0.00  0  0  -1.614  -2.830   2.843   0.227   0.047   0.000 01O000M000t
00604 ASP01A0278_002 f 0.00  0.000     0  0.00  0  0  -1.614  -2.830   0.123   0.050   1.093   0.000 01O000M000t
00605 ASP02A0278_003 f 0.00  0.000     0  0.00  0  0  -1.475  -3.181   2.843   0.317   0.244   0.000 02O000M000t
00606 ASP02A0278_004 f 0.00  0.000     0  0.00  0  0  -1.475  -3.181   0.123   0.211   1.025   0.000 02O000M000t
00607 ASP-1A0278_005 f 0.00 -1.000     0  4.75  0 -1  -1.536  -3.100   0.123   0.452   2.294   0.000 -1O000M000t
00608 CYS01A0279_001 f 0.00  0.000     0  0.00  0  0  -0.002  -4.561   0.045   0.070   0.993   0.000 01O000M000t
00609 CYS01A0279_002 f 0.00  0.000     0  0.00  0  0  -0.002  -4.639   0.045  -0.385   0.953   0.000 01O000M000t
00610 CYS01A0279_003 f 0.00  0.000     0  0.00  0  0  -0.003  -4.582   0.045   0.186   0.993   0.000 01O000M000t
00611 CYS-1A0279_004 f 0.00 -1.000     0  9.10  0 -1   0.000  -4.507   0.045   1.192  14.063   0.000 -1O000M000t
00612 TRP01A0280_001 f 0.00  0.000     0  0.00  0  0   2.513 -12.295   0.001   0.000   0.000   0.000 01O000M000t
00613 HIS01A0281_001 f 0.00  0.000     0  0.00  0  0  -4.554  -6.127   0.845  -1.091   1.966   0.000 01O000M000t
00614 HIS02A0281_002 f 0.00  0.000     0  0.00  0  0  -4.570  -6.311   0.845   2.193   1.733   0.000 02O000M000t
00615 HIS+1A0281_003 f 0.00  1.000     0  6.98  0  1  -4.597  -6.319   0.845   3.478   2.727   0.000 +1O000M000t
00616 GLU01A0283_001 f 0.00  0.000     0  0.00  0  0  -2.058  -2.904   3.474  -0.082   0.088   0.000 01O000M000t
00617 GLU01A0283_002 f 0.00  0.000     0  0.00  0  0  -2.058  -2.904   0.754  -0.223   1.165   0.000 01O000M000t
00618 GLU02A0283_003 f 0.00  0.000     0  0.00  0  0  -2.261  -2.810   3.474   2.596   1.148   0.000 02O000M000t
00619 GLU02A0283_004 f 0.00  0.000     0  0.00  0  0  -2.261  -2.810   0.754   0.133   1.047   0.000 02O000M000t
00620 GLU-1A0283_005 f 0.00 -1.000     0  4.75  0 -1  -2.134  -2.901   0.754  -3.220   2.360   0.000 -1O000M000t
00621 PRO01A0284_001 f 0.00  0.000     0  0.00  0  0  -1.451   1.471   0.000   0.000   0.000   0.000 01O000M000t
00622 SER01A0285_001 f 0.00  0.000     0  0.00  0  0  -3.670  -0.249   0.770   0.892   1.322   0.000 01O000M000t
00623 SER01A0285_002 f 0.00  0.000     0  0.00  0  0  -3.670  -0.249   0.395  -1.357   0.320   0.000 01O000M000t
00624 GLN01A0286_001 f 0.00  0.000     0  0.00  0  0  -2.995  -2.228   1.726   0.196   0.037   0.000 01O000M000t
00625 GLN01A0286_002 f 0.00  0.000     0  0.00  0  0  -2.788  -2.231   1.733   0.116  -0.069   0.000 01R001M000t
00626 ARG01A0287_001 f 0.00  0.000     0  0.00  0  0   1.765 -13.495   1.542   0.787   4.437   0.000 01O000M000t
00627 ARG02A0287_002 f 0.00  0.000     0  0.00  0  0   1.727 -13.259   1.542  -3.093   4.948   0.000 02O000M000t
00628 ARG02A0287_003 f 0.00  0.000     0  0.00  0  0   1.788 -13.225   1.542  -0.999   4.925   0.000 02O000M000t
00629 ARG03A0287_004 f 0.00  0.000     0  0.00  0  0   1.721 -13.284   1.542  -2.982   4.833   0.000 03O000M000t
00630 ARG03A0287_005 f 0.00  0.000     0  0.00  0  0   1.726 -13.180   1.542  -0.063   4.848   0.000 03O000M000t
00631 ARG+1A0287_006 f 0.00  1.000     0 12.50  0  1   1.683 -13.337   1.542  -6.090  11.154   0.000 +1O000M000t
00632 PRO01A0288_001 f 0.00  0.000     0  0.00  0  0  -0.828  -4.363   0.000   0.000   0.000   0.000 01O000M000t
00633 THR01A0289_001 f 0.00  0.000     0  0.00  0  0  -3.715  -1.297   0.377  -0.059   1.546   0.000 01O000M000t
00634 THR01A0289_002 f 0.00  0.000     0  0.00  0  0  -3.715  -1.297   0.377   2.696   1.622   0.000 01O000M000t
00635 THR01A0289_003 f 0.00  0.000     0  0.00  0  0  -3.715  -1.297   0.002  -1.948   0.503   0.000 01O000M000t
00636 PHE01A0290_001 f 0.00  0.000     0  0.00  0  0   3.957  -9.452   0.410   0.000   0.000   0.000 01O000M000t
00637 SER01A0291_001 f 0.00  0.000     0  0.00  0  0  -3.460  -1.018   0.951  -0.269   0.712   0.000 01O000M000t
00638 SER01A0291_002 f 0.00  0.000     0  0.00  0  0  -3.460  -1.018   0.951  -0.068   0.094   0.000 01O000M000t
00639 GLU01A0292_001 f 0.00  0.000     0  0.00  0  0  -0.548  -1.812   4.049   1.621   1.020   0.000 01O000M000t
00640 GLU01A0292_002 f 0.00  0.000     0  0.00  0  0  -0.548  -1.812   1.329  -0.285   1.019   0.000 01O000M000t
00641 GLU02A0292_003 f 0.00  0.000     0  0.00  0  0  -1.041  -2.385   4.049  -0.837  -0.196   0.000 02O000M000t
00642 GLU02A0292_004 f 0.00  0.000     0  0.00  0  0  -1.041  -2.385   1.329  -1.012   1.073   0.000 02O000M000t
00643 GLU-1A0292_005 f 0.00 -1.000     0  4.75  0 -1  -0.979  -2.346   1.329  -2.413   1.729   0.000 -1O000M000t
00644 LEU01A0293_001 f 0.00  0.000     0  0.00  0  0   1.139  -5.268   0.764   0.000   0.000   0.000 01O000M000t
00645 VAL01A0294_001 f 0.00  0.000     0  0.00  0  0  -0.663  -1.228   0.310   0.000   0.000   0.000 01O000M000t
00646 GLU01A0295_001 f 0.00  0.000     0  0.00  0  0  -2.441  -2.440   3.042   0.211  -0.035   0.000 01O000M000t
00647 GLU01A0295_002 f 0.00  0.000     0  0.00  0  0  -2.441  -2.440   0.322   0.083   0.648   0.000 01O000M000t
00648 GLU02A0295_003 f 0.00  0.000     0  0.00  0  0  -2.703  -2.411   3.042   0.060  -0.700   0.000 02O000M000t
00649 GLU02A0295_004 f 0.00  0.000     0  0.00  0  0  -2.703  -2.411   0.322   0.061   0.367   0.000 02O000M000t
00650 GLU-1A0295_005 f 0.00 -1.000     0  4.75  0 -1  -2.587  -2.391   0.322  -0.187   0.065   0.000 -1O000M000t
00651 HIS01A0296_001 f 0.00  0.000     0  0.00  0  0  -4.317  -4.484   0.020   0.589   1.624   0.000 01O000M000t
00652 HIS01A0296_002 f 0.00  0.000     0  0.00  0  0  -4.215  -4.498   0.020   0.376   1.515   0.000 01R001M000t
00653 HIS02A0296_003 f 0.00  0.000     0  0.00  0  0  -4.333  -4.506   0.020   0.340   1.267   0.000 02O000M000t
00654 HIS02A0296_004 f 0.00  0.000     0  0.00  0  0  -4.229  -4.522   0.020   0.514   1.716   0.000 02R001M000t
00655 HIS+1A0296_005 f 0.00  1.000     0  6.98  0  1  -4.360  -4.536   0.020   1.300   2.298   0.000 +1O000M000t
00656 HIS+1A0296_006 f 0.00  1.000     0  6.98  0  1  -4.256  -4.531   0.020   1.343   2.991   0.000 +1R001M000t
00657 LEU01A0297_001 f 0.00  0.000     0  0.00  0  0   1.497  -5.240   0.703   0.000   0.000   0.000 01O000M000t
00658 ASN01A0299_001 f 0.00  0.000     0  0.00  0  0  -2.442  -2.479   0.584   0.236   0.120   0.000 01O000M000t
00659 ASN01A0299_002 f 0.00  0.000     0  0.00  0  0  -2.474  -1.538   0.585   0.338   0.119   0.000 01R001M000t
00660 LEU01A0300_001 f 0.00  0.000     0  0.00  0  0   0.634  -3.042   2.352   0.000   0.000   0.000 01O000M000t
00661 LEU01A0301_001 f 0.00  0.000     0  0.00  0  0   0.136  -5.407   0.771   0.000   0.000   0.000 01O000M000t
00662 GLN01A0302_001 f 0.00  0.000     0  0.00  0  0  -2.794  -1.887   1.402   0.106   0.063   0.000 01O000M000t
00663 GLN01A0302_002 f 0.00  0.000     0  0.00  0  0  -2.775  -1.403   1.414   0.261  -0.110   0.000 01R001M000t
00664 ALA01A0303_001 f 0.00  0.000     0  0.00  0  0  -3.039  -1.372   0.000   0.000   0.000   0.000 01O000M000t
00665 ASN01A0304_001 f 0.00  0.000     0  0.00  0  0  -0.144  -4.065   1.316   0.122   1.622   0.000 01O000M000t
00666 ASN01A0304_002 f 0.00  0.000     0  0.00  0  0  -0.015  -4.134   1.299   0.388   1.709   0.000 01R001M000t
00667 ALA01A0305_001 f 0.00  0.000     0  0.00  0  0  -2.350  -1.034   0.000   0.000   0.000   0.000 01O000M000t
00668 BAX01B0001_001 f 0.00 -0.315     0  0.00  0  0   0.000 568.021   0.000  -3.653   6.498   0.004 01O000M000t
00669 BAX+1B0001_002 f 0.00  0.673     0  0.00  0  0   0.000 568.267   0.000   0.125  10.022   3.207 +1O000M000t
00670 BAX+1B0001_003 f 0.00  0.673     0  0.00  0  0   0.000 567.762   0.000  -1.392   9.966   3.207 +1O000M000t
00671 BAX02B0001_004 f 0.00 -0.000     0  0.00  0  0   0.000 568.049   0.000  -3.081  10.978   3.620 02O000M000t
00672 BAX-2B0001_005 f 0.00 -0.996     0  0.00  0  0   0.000 568.157   0.000  -3.324  11.581   5.840 -2O000M000t
00673 BAXDMB0001_006 t 0.00  0.000     0  0.00  0  0   0.000   0.000   0.000   0.000   0.000   0.000         DMt
