 ph         7.4   7.4   7.4   7.4   7.4
NTR A0001  0.02  0.02  0.02  0.02  0.02
HIS A0001  0.19  0.19  0.19  0.20  0.20
CYS A0002 -0.01 -0.01 -0.01 -0.01 -0.01
GLU A0003 -1.00 -1.00 -1.00 -1.00 -1.00
ARG A0004  1.00  1.00  1.00  1.00  1.00
TYR A0007  0.00  0.00  0.00  0.00  0.00
ASP A0008 -1.00 -1.00 -1.00 -1.00 -1.00
LYS A0011  1.00  1.00  1.00  1.00  1.00
GLU A0013 -1.00 -1.00 -1.00 -1.00 -1.00
ARG A0016  1.00  1.00  1.00  1.00  1.00
ASP A0017 -1.00 -1.00 -1.00 -1.00 -1.00
ARG A0018  1.00  1.00  1.00  1.00  1.00
LYS A0020  1.00  1.00  1.00  1.00  1.00
LYS A0023  1.00  1.00  1.00  1.00  1.00
ARG A0027  1.00  1.00  1.00  1.00  1.00
GLU A0035 -1.00 -1.00 -1.00 -1.00 -1.00
ASP A0037 -1.00 -1.00 -1.00 -1.00 -1.00
ASP A0042 -1.00 -1.00 -1.00 -1.00 -1.00
LYS A0043  1.00  1.00  1.00  1.00  1.00
CYS A0047 -0.02 -0.02 -0.02 -0.02 -0.02
ARG A0048  1.00  1.00  1.00  1.00  1.00
LYS A0053  1.00  1.00  1.00  1.00  1.00
LYS A0056  0.98  0.98  0.98  0.98  0.98
GLU A0057 -1.00 -1.00 -1.00 -1.00 -1.00
HIS A0061  0.16  0.16  0.16  0.16  0.16
GLU A0063 -1.00 -1.00 -1.00 -1.00 -1.00
HIS A0064  0.03  0.03  0.03  0.03  0.03
ARG A0065  1.00  1.00  1.00  1.00  1.00
GLU A0070 -1.00 -1.00 -1.00 -1.00 -1.00
LYS A0072  1.00  1.00  1.00  1.00  1.00
HIS A0076  0.08  0.08  0.07  0.08  0.08
HIS A0079  0.20  0.21  0.21  0.21  0.20
HIS A0080  0.00  0.00  0.00  0.00  0.00
CYS A0090  0.00  0.00  0.00  0.00  0.00
LYS A0092  1.00  1.00  1.00  1.00  1.00
GLU A0102 -1.00 -1.00 -1.00 -1.00 -1.00
CYS A0104  0.00  0.00  0.00  0.00  0.00
LYS A0105  1.00  1.00  1.00  1.00  1.00
TYR A0112 -0.00 -0.00 -0.00 -0.00 -0.00
ARG A0114  1.00  1.00  1.00  1.00  1.00
LYS A0116  1.00  1.00  1.00  1.00  1.00
ARG A0117  1.00  1.00  1.00  1.00  1.00
GLU A0119 -1.00 -1.00 -1.00 -1.00 -1.00
TYR A0123 -0.00 -0.00 -0.00 -0.00 -0.00
CTR A0123 -0.99 -1.00 -1.00 -0.99 -1.00
NTR A0124  0.13  0.13  0.13  0.13  0.13
TYR A0124 -0.00 -0.00 -0.00 -0.00 -0.00
LYS A0125  1.00  1.00  1.00  1.00  1.00
ASP A0126 -1.00 -1.00 -1.00 -1.00 -1.00
GLU A0131 -1.00 -1.00 -1.00 -1.00 -1.00
HIS A0132  0.00  0.00  0.00  0.00  0.00
CYS A0135 -0.00 -0.00 -0.00 -0.00 -0.00
TYR A0136  0.00  0.00  0.00  0.00  0.00
LYS A0142  1.00  1.00  1.00  1.00  1.00
GLU A0145 -0.99 -0.99 -0.99 -0.99 -0.99
ARG A0150  1.00  1.00  1.00  1.00  1.00
LYS A0151  1.00  1.00  1.00  1.00  1.00
CYS A0152 -0.00 -0.00 -0.00 -0.00 -0.00
HIS A0154  0.12  0.12  0.12  0.12  0.12
ARG A0155  1.00  1.00  1.00  1.00  1.00
ASP A0156 -1.00 -1.00 -1.00 -1.00 -1.00
ARG A0160  1.00  1.00  1.00  1.00  1.00
GLU A0166 -1.00 -1.00 -1.00 -1.00 -1.00
LYS A0167  1.00  1.00  1.00  1.00  1.00
LYS A0171  1.00  1.00  1.00  1.00  1.00
CYS A0173  0.00  0.00  0.00  0.00  0.00
ASP A0174 -0.98 -0.98 -0.98 -0.98 -0.98
ARG A0179  1.00  1.00  1.00  1.00  1.00
ASP A0180 -1.00 -1.00 -1.00 -1.00 -1.00
TYR A0182 -0.07 -0.07 -0.07 -0.07 -0.07
LYS A0183  1.00  1.00  1.00  1.00  1.00
ASP A0184 -1.00 -1.00 -1.00 -1.00 -1.00
ASP A0186 -1.00 -1.00 -1.00 -1.00 -1.00
TYR A0187  0.00 -0.00  0.00  0.00 -0.00
ARG A0189  1.00  1.00  1.00  1.00  1.00
LYS A0190  1.00  1.00  1.00  1.00  1.00
ASP A0192 -1.00 -1.00 -1.00 -1.00 -1.00
ARG A0194  1.00  1.00  1.00  1.00  1.00
LYS A0198  0.95  0.95  0.95  0.95  0.95
GLU A0203 -1.00 -1.00 -1.00 -1.00 -1.00
ASP A0207 -1.00 -1.00 -1.00 -1.00 -1.00
ARG A0208  1.00  1.00  1.00  1.00  1.00
TYR A0210 -0.00 -0.00 -0.00 -0.00 -0.00
ASP A0215 -1.00 -1.00 -1.00 -1.00 -1.00
GLU A0225 -0.99 -0.99 -0.99 -0.99 -0.99
TYR A0234  0.00  0.00  0.00  0.00  0.00
LYS A0238  1.00  1.00  1.00  1.00  1.00
ASP A0240 -1.00 -1.00 -1.00 -1.00 -1.00
GLU A0241 -1.00 -1.00 -1.00 -1.00 -1.00
GLU A0242 -1.00 -1.00 -1.00 -1.00 -1.00
CYS A0244 -0.00 -0.00 -0.00 -0.00 -0.00
ARG A0245  1.00  1.00  1.00  1.00  1.00
ARG A0246  1.00  1.00  1.00  1.00  1.00
LYS A0248  0.99  0.99  0.99  0.99  0.99
GLU A0249 -1.00 -1.00 -1.00 -1.00 -1.00
ARG A0252  1.00  1.00  1.00  1.00  1.00
ARG A0254  1.00  1.00  1.00  1.00  1.00
ASP A0257 -1.00 -1.00 -1.00 -1.00 -1.00
TYR A0258 -0.00 -0.00 -0.00 -0.00 -0.00
GLU A0262 -1.00 -1.00 -1.00 -1.00 -1.00
TYR A0264  0.00  0.00  0.00  0.00  0.00
ASP A0269 -0.99 -0.99 -0.99 -0.99 -0.99
CYS A0270  0.00  0.00  0.00  0.00  0.00
HIS A0272  0.06  0.06  0.06  0.06  0.06
GLU A0274 -1.00 -1.00 -1.00 -1.00 -1.00
ARG A0278  1.00  1.00  1.00  1.00  1.00
GLU A0283 -1.00 -1.00 -1.00 -1.00 -1.00
GLU A0286 -1.00 -1.00 -1.00 -1.00 -1.00
HIS A0287  0.60  0.61  0.61  0.61  0.61
CTR A0296 -0.99 -0.99 -0.99 -0.99 -0.99

Tot Protn   3.5   3.5   3.5   3.5   3.5
Tot Elec    0.0   0.0   0.0   0.0   0.0
Net crg     3.5   3.5   3.5   3.5   3.5
