CONFORMER         crg  vdw0  vdw1  tors  epol  self   occ  Hb     history    ASA
ASN01A0001_001  0.000 -1.69 -1.26  1.11  0.00 -1.84 0.757  00  01O000M000  0.479
ASN01A0001_002  0.000 -2.11 -0.51  1.12  0.00 -1.50 0.743  00  01R001M000  0.538
PRO01A0002_001  0.000 -1.08  4.65  0.00  0.00  3.57 1.000  00  01O000M000  0.132
ASN01A0003_001  0.000 -2.35 -2.66  0.55  0.00 -4.46 0.752  00  01O000M000  0.577
ASN01A0003_002  0.000 -2.42 -2.29  0.55  0.00 -4.16 0.748  00  01R001M000  0.534
TYR01A0004_001  0.000  4.44 -9.00  0.20  0.00 -4.36 1.000  00  01O000M000  0.003
TYR-1A0004_002 -1.000  4.44 -9.00  0.20  0.00 -4.36 1.000  00  -1O000M000  0.003
CYS01A0005_001  0.000 -3.65 -2.11  0.03  0.00 -5.73 1.000  00  01O000M000  0.496
CYS01A0005_002  0.000 -3.65 -2.12  0.03  0.00 -5.74 1.000  00  01O000M000  0.496
CYS01A0005_003  0.000 -3.65 -2.07  0.03  0.00 -5.69 1.000  00  01O000M000  0.496
CYS-1A0005_004 -1.000 -3.65 -2.05  0.03  0.00 -5.67 1.000  00  -1O000M000  0.496
PHE01A0006_001  0.000  4.02 -5.98  0.31  0.00 -1.65 1.000  00  01O000M000  0.037
ALA01A0007_001  0.000 -1.24  1.71  0.00  0.00  0.48 1.000  00  01O000M000  0.236
LYS01A0009_001  0.000 -9.56 10.07  2.32  0.00  2.83 1.000  00  01O000M000  0.812
LYS+1A0009_002  1.000 -9.61 10.06  2.32  0.00  2.77 1.000  00  +1O000M000  0.812
THR01A0010_001  0.000 -2.00  2.15  0.40  0.00  0.56 0.669  00  01O000M000  0.250
THR01A0010_002  0.000 -2.00  2.15  0.40  0.00  0.56 0.669  00  01O000M000  0.250
THR01A0010_003  0.000 -2.00  2.15  0.03  0.00  0.18 0.669  00  01O000M000  0.250
SER01A0011_001  0.000  0.00 -2.36  0.38  0.00 -1.98 0.665  00  01O000M000  0.000
SER01A0012_001  0.000 -1.66 -1.09  0.38  0.00 -2.37 0.670  00  01O000M000  0.267
SER01A0012_002  0.000 -1.66 -1.09  0.38  0.00 -2.37 0.670  00  01O000M000  0.267
SER01A0012_003  0.000 -1.66 -1.09  0.00  0.00 -2.75 0.670  00  01O000M000  0.267
ILE01A0013_001  0.000 -0.54  7.09  1.02  0.00  7.57 1.000  00  01O000M000  0.152
SER01A0014_001  0.000 -4.20 -0.76  0.38  0.00 -4.59 0.671  00  01O000M000  0.716
SER01A0014_002  0.000 -4.20 -0.76  0.38  0.00 -4.59 0.671  00  01O000M000  0.716
ASP01A0015_001  0.000 -1.64999.00  3.22  0.00999.00 1.000  00  01O000M000  0.448
ASP01A0015_002  0.000 -1.64  7.98  0.50  0.00  6.84 1.000  00  01O000M000  0.448
ASP02A0015_003  0.000 -1.93  5.73  3.22  0.00  7.01 1.000  00  02O000M000  0.484
ASP02A0015_004  0.000 -1.93  5.73  0.50  0.00  4.29 1.000  00  02O000M000  0.484
ASP-1A0015_005 -1.000 -1.76  5.55  0.50  0.00  4.29 1.000  00  -1O000M000  0.470
LEU01A0016_001  0.000  1.87 -5.69  0.44  0.00 -3.38 1.000  00  01O000M000  0.004
LYS01A0017_001  0.000 -5.71  3.04  0.97  0.00 -1.70 1.000  00  01O000M000  0.574
LYS+1A0017_002  1.000 -5.79  3.18  0.97  0.00 -1.65 1.000  00  +1O000M000  0.574
GLU01A0018_001  0.000  1.86 -5.01  3.61  0.00  0.46 1.000  00  01O000M000  0.141
GLU01A0018_002  0.000  1.86 -5.01  0.89  0.00 -2.26 1.000  00  01O000M000  0.141
GLU02A0018_003  0.000  1.43 -5.01  3.61  0.00  0.04 1.000  00  02O000M000  0.128
GLU02A0018_004  0.000  1.43 -5.01  0.89  0.00 -2.68 1.000  00  02O000M000  0.128
GLU-1A0018_005 -1.000  1.34 -5.09  0.89  0.00 -2.86 1.000  00  -1O000M000  0.136
VAL01A0019_001  0.000  0.19 -1.85  0.00  0.00 -1.66 1.000  00  01O000M000  0.041
PRO01A0020_001  0.000 -2.87 -0.80  0.00  0.00 -3.67 1.000  00  01O000M000  0.329
ARG01A0021_001  0.000  0.16 -4.99  0.85  0.00 -3.98 1.000  00  01O000M000  0.217
ARG02A0021_002  0.000  0.14 -5.02  0.85  0.00 -4.03 1.000  00  02O000M000  0.217
ARG03A0021_003  0.000  0.09 -5.14  0.85  0.00 -4.19 1.000  00  03O000M000  0.217
ARG03A0021_004  0.000  0.10 -4.89  0.85  0.00 -3.94 1.000  00  03O000M000  0.217
ARG+1A0021_005  1.000  0.05 -5.05  0.85  0.00 -4.14 1.000  00  +1O000M000  0.217
LYS01A0022_001  0.000 -7.33 -1.18  0.94  0.00 -7.57 1.000  00  01O000M000  0.696
LYS+1A0022_002  1.000 -7.42 -1.19  0.94  0.00 -7.67 1.000  00  +1O000M000  0.696
ASN01A0023_001  0.000 -1.50  1.25  0.40  0.00  0.15 1.000  00  01O000M000  0.326
ILE01A0024_001  0.000  3.93 -3.66  0.44  0.00  0.71 1.000  00  01O000M000  0.000
THR01A0025_001  0.000 -4.55 -0.94  0.38  0.00 -5.12 0.668  00  01O000M000  0.544
LEU01A0026_001  0.000 -1.18  0.34  1.47  0.00  0.63 1.000  00  01O000M000  0.268
ILE01A0027_001  0.000 -1.49  1.71  0.40  0.00  0.62 1.000  00  01O000M000  0.251
ARG01A0028_001  0.000 -4.92 -1.89  0.49  0.00 -6.31 1.000  00  01O000M000  0.512
ARG02A0028_002  0.000 -4.96 -1.89  0.49  0.00 -6.36 1.000  00  02O000M000  0.512
ARG02A0028_003  0.000 -4.88 -1.89  0.49  0.00 -6.28 1.000  00  02O000M000  0.512
ARG03A0028_004  0.000 -4.96 -1.89  0.49  0.00 -6.36 1.000  00  03O000M000  0.512
ARG+1A0028_005  1.000 -5.01 -1.89  0.49  0.00 -6.41 1.000  00  +1O000M000  0.512
LEU01A0030_001  0.000  1.82  2.18  1.95  0.00  5.95 1.000  00  01O000M000  0.000
HIS01A0032_001  0.000 -9.35 64.57  1.17  0.00 56.38 0.746  00  01O000M000  0.794
HIS01A0032_002  0.000 -9.71 64.56  1.17  0.00 56.01 0.754  00  01R001M000  0.821
HIS02A0032_003  0.000 -9.37 64.54  1.17  0.00 56.34 0.746  00  02O000M000  0.794
HIS02A0032_004  0.000 -9.73 64.46  1.17  0.00 55.90 0.754  00  02R001M000  0.821
HIS+1A0032_005  1.000 -9.39 64.53  1.17  0.00 56.31 0.746  00  +1O000M000  0.794
HIS+1A0032_006  1.000 -9.76 64.46  1.17  0.00 55.87 0.754  00  +1R001M000  0.821
ALA01A0034_001  0.000 -3.12  1.55  0.00  0.00 -1.57 1.000  00  01O000M000  0.557
PHE01A0035_001  0.000 -1.12 -2.55  0.00  0.00 -3.67 1.000  00  01O000M000  0.428
GLU01A0037_001  0.000 -1.20 -1.99  3.23  0.00  0.05 1.000  00  01O000M000  0.548
GLU01A0037_002  0.000 -1.20 -1.99  0.51  0.00 -2.67 1.000  00  01O000M000  0.548
GLU02A0037_003  0.000 -1.43 -1.97  3.23  0.00 -0.18 1.000  00  02O000M000  0.567
GLU02A0037_004  0.000 -1.43 -1.97  0.51  0.00 -2.90 1.000  00  02O000M000  0.567
GLU-1A0037_005 -1.000 -1.40 -1.95  0.51  0.00 -2.84 1.000  00  -1O000M000  0.559
VAL01A0038_001  0.000  0.57 -2.33  0.05  0.00 -1.70 1.000  00  01O000M000  0.000
TYR01A0039_001  0.000  1.55 -8.55  0.11  0.00 -6.89 1.000  00  01O000M000  0.206
TYR01A0039_002  0.000  1.55 -8.55  0.11  0.00 -6.89 1.000  00  01O000M000  0.206
TYR-1A0039_003 -1.000  1.55 -8.55  0.11  0.00 -6.89 1.000  00  -1O000M000  0.206
GLU01A0040_001  0.000  0.79 -3.28  2.93  0.00  0.44 1.000  00  01O000M000  0.209
GLU01A0040_002  0.000  0.79 -3.28  0.21  0.00 -2.28 1.000  00  01O000M000  0.209
GLU02A0040_003  0.000  1.24 -3.29  2.93  0.00  0.87 1.000  00  02O000M000  0.201
GLU02A0040_004  0.000  1.24 -3.29  0.21  0.00 -1.85 1.000  00  02O000M000  0.201
GLU-1A0040_005 -1.000  0.84 -3.24  0.21  0.00 -2.20 1.000  00  -1O000M000  0.188
GLN01A0042_001  0.000 -0.80 -4.06  0.71  0.00 -4.15 0.753  00  01O000M000  0.386
GLN01A0042_002  0.000 -0.49 -4.05  0.72  0.00 -3.83 0.747  00  01R001M000  0.385
VAL01A0043_001  0.000 -0.27 14.63  0.06  0.00 14.41 1.000  00  01O000M000  0.092
SER01A0044_001  0.000 -0.96 11.90  2.36  0.00 13.31 0.668  00  01O000M000  0.162
SER01A0044_002  0.000 -0.96 11.90  1.99  0.00 12.93 0.668  00  01O000M000  0.162
MET01A0046_001  0.000 -2.06 15.36  1.35  0.00 14.65 1.000  00  01O000M000  0.552
PRO01A0047_001  0.000 -4.49  4.39  0.00  0.00 -0.10 1.000  00  01O000M000  0.492
ASN01A0048_001  0.000 -3.80  6.61  1.81  0.00  4.61 0.000  00  01O000M000  0.799
ASN01A0048_002  0.000 -3.65  3.90  1.81  0.00  2.05 1.000  00  01R001M000  0.823
ASP01A0049_001  0.000 -1.86737.24  4.03  0.00739.42 1.000  00  01O000M000  0.424
ASP01A0049_002  0.000 -1.86737.24  1.31  0.00736.70 1.000  00  01O000M000  0.424
ASP02A0049_003  0.000 -1.81999.00  4.03  0.00999.00 1.000  00  02O000M000  0.426
ASP02A0049_004  0.000 -1.81910.33  1.31  0.00909.83 1.000  00  02O000M000  0.426
ASP-1A0049_005 -1.000 -1.87737.23  1.31  0.00736.67 1.000  00  -1O000M000  0.428
PRO01A0050_001  0.000 -2.17392.27  0.00  0.00390.11 1.000  00  01O000M000  0.249
SER01A0051_001  0.000 -5.02  0.43  1.28  0.00 -3.31 0.666  00  01O000M000  0.848
SER01A0051_002  0.000 -5.02  0.43  0.90  0.00 -3.69 0.666  00  01O000M000  0.848
PRO01A0052_001  0.000 -0.83999.00  0.00  0.00999.00 1.000  00  01O000M000  0.102
LEU01A0053_001  0.000 -4.41 -1.22  1.50  0.00 -4.13 1.000  00  01O000M000  0.521
GLN01A0054_001  0.000 -1.44 -0.81  0.56  0.00 -1.70 0.746  00  01O000M000  0.630
GLN01A0054_002  0.000 -0.35 -0.84  0.56  0.00 -0.63 0.754  00  01R001M000  0.636
VAL01A0055_001  0.000  0.70 26.33  0.04  0.00 27.07 1.000  00  01O000M000  0.000
ALA01A0056_001  0.000  0.00 -2.29  0.00  0.00 -2.29 1.000  00  01O000M000  0.000
VAL01A0057_001  0.000  0.55 -3.02  0.03  0.00 -2.44 1.000  00  01O000M000  0.000
LYS01A0058_001  0.000  2.78 -3.99  1.07  0.00 -0.14 1.000  00  01O000M000  0.053
LYS+1A0058_002  1.000  2.73 -4.01  1.07  0.00 -0.21 1.000  00  +1O000M000  0.053
THR01A0059_001  0.000 -0.09 -2.31  0.61  0.00 -1.79 0.668  00  01O000M000  0.035
LEU01A0060_001  0.000  1.84 -5.61  0.53  0.00 -3.25 1.000  00  01O000M000  0.000
PRO01A0061_001  0.000 -0.86 -2.32  0.00  0.00 -3.18 1.000  00  01O000M000  0.110
GLU01A0062_001  0.000 -0.63 -3.02  4.62  0.00  0.98 1.000  00  01O000M000  0.625
GLU01A0062_002  0.000 -0.63 -3.02  1.90  0.00 -1.74 1.000  00  01O000M000  0.625
GLU02A0062_003  0.000 -1.00 -3.02  4.62  0.00  0.60 1.000  00  02O000M000  0.617
GLU02A0062_004  0.000 -1.00 -3.02  1.90  0.00 -2.12 1.000  00  02O000M000  0.617
GLU-1A0062_005 -1.000 -1.00 -2.96  1.90  0.00 -2.07 1.000  00  -1O000M000  0.606
VAL01A0063_001  0.000 -7.65 12.55  0.13  0.00  5.03 1.000  00  01O000M000  0.821
CYS01A0064_001  0.000 -0.00 -3.03  0.10  0.00 -2.93 1.000  00  01O000M000  0.000
CYS01A0064_002  0.000 -0.00 -3.05  0.10  0.00 -2.96 1.000  00  01O000M000  0.000
CYS01A0064_003  0.000 -0.00 -2.97  0.10  0.00 -2.87 1.000  00  01O000M000  0.000
CYS-1A0064_004 -1.000  0.00 -2.90  0.10  0.00 -2.81 1.000  00  -1O000M000  0.000
SER01A0065_001  0.000 -2.81 -1.15  0.47  0.00 -3.49 0.664  00  01O000M000  0.468
SER01A0065_002  0.000 -2.81 -1.15  0.47  0.00 -3.49 0.664  00  01O000M000  0.468
SER01A0065_003  0.000 -2.81 -1.15  0.09  0.00 -3.87 0.664  00  01O000M000  0.468
GLU01A0066_001  0.000 -2.13 -0.01  3.11  0.00  0.96 1.000  00  01O000M000  0.747
GLU01A0066_002  0.000 -2.13 -0.01  0.39  0.00 -1.76 1.000  00  01O000M000  0.747
GLU02A0066_003  0.000 -2.42 -0.35  3.11  0.00  0.34 1.000  00  02O000M000  0.747
GLU02A0066_004  0.000 -2.42 -0.35  0.39  0.00 -2.38 1.000  00  02O000M000  0.747
GLU-1A0066_005 -1.000 -2.45 -0.31  0.39  0.00 -2.36 1.000  00  -1O000M000  0.741
GLN01A0067_001  0.000  1.09 87.80  0.35  0.00 89.24 1.000  00  01O000M000  0.269
ASP01A0068_001  0.000 -0.94  4.36  2.98  0.00  6.39 1.000  00  01O000M000  0.231
ASP01A0068_002  0.000 -0.94  4.36  0.26  0.00  3.67 1.000  00  01O000M000  0.231
ASP02A0068_003  0.000 -0.90  5.14  2.98  0.00  7.22 1.000  00  02O000M000  0.246
ASP02A0068_004  0.000 -0.90  5.14  0.26  0.00  4.50 1.000  00  02O000M000  0.246
ASP-1A0068_005 -1.000 -0.92  3.96  0.26  0.00  3.30 1.000  00  -1O000M000  0.233
GLU01A0069_001  0.000  1.49 -1.55  4.00  0.00  3.94 1.000  00  01O000M000  0.184
GLU01A0069_002  0.000  1.49 -1.55  1.28  0.00  1.22 1.000  00  01O000M000  0.184
GLU02A0069_003  0.000  2.03 -1.41  4.00  0.00  4.63 1.000  00  02O000M000  0.192
GLU02A0069_004  0.000  2.03 -1.41  1.28  0.00  1.91 1.000  00  02O000M000  0.192
GLU-1A0069_005 -1.000  1.45 -1.50  1.28  0.00  1.23 1.000  00  -1O000M000  0.185
LEU01A0070_001  0.000 -2.75 -0.59  0.43  0.00 -2.92 1.000  00  01O000M000  0.369
ASP01A0071_001  0.000  0.03999.00  3.33  0.00999.00 1.000  00  01O000M000  0.031
ASP01A0071_002  0.000  0.03999.00  0.61  0.00999.00 1.000  00  01O000M000  0.031
ASP02A0071_003  0.000  0.11879.65  3.33  0.00883.09 1.000  00  02O000M000  0.032
ASP02A0071_004  0.000  0.11879.65  0.61  0.00880.37 1.000  00  02O000M000  0.032
ASP-1A0071_005 -1.000  0.02877.97  0.61  0.00878.61 1.000  00  -1O000M000  0.031
PHE01A0072_001  0.000  4.40 -9.91  0.18  0.00 -5.33 1.000  00  01O000M000  0.004
LEU01A0073_001  0.000  0.84 -1.12  0.49  0.00  0.20 1.000  00  01O000M000  0.078
MET01A0074_001  0.000  1.35 -6.51  0.41  0.00 -4.75 1.000  00  01O000M000  0.004
GLU01A0075_001  0.000  0.77  1.61  3.67  0.00  6.05 1.000  00  01O000M000  0.032
GLU01A0075_002  0.000  0.77  1.61  0.95  0.00  3.33 1.000  00  01O000M000  0.032
GLU02A0075_003  0.000  0.88  1.02  3.67  0.00  5.57 1.000  00  02O000M000  0.037
GLU02A0075_004  0.000  0.88  1.02  0.95  0.00  2.85 1.000  00  02O000M000  0.037
GLU-1A0075_005 -1.000  0.68  1.09  0.95  0.00  2.72 1.000  00  -1O000M000  0.030
ALA01A0076_001  0.000  0.00 -0.82  0.00  0.00 -0.82 1.000  00  01O000M000  0.000
LEU01A0077_001  0.000  1.89 11.55  1.23  0.00 14.67 1.000  00  01O000M000  0.000
ILE01A0078_001  0.000  1.87 -0.72  0.58  0.00  1.73 1.000  00  01O000M000  0.000
ILE01A0079_001  0.000  3.35 -2.26  0.45  0.00  1.55 1.000  00  01O000M000  0.009
SER01A0080_001  0.000 -0.79 -1.80  0.50  0.00 -2.09 0.666  00  01O000M000  0.134
SER01A0080_002  0.000 -0.79 -1.80  0.50  0.00 -2.09 0.666  00  01O000M000  0.134
SER01A0080_003  0.000 -0.79 -1.80  0.12  0.00 -2.47 0.666  00  01O000M000  0.134
LYS01A0081_001  0.000 -3.21  3.41  1.11  0.00  1.32 1.000  00  01O000M000  0.324
LYS+1A0081_002  1.000 -3.26  3.39  1.11  0.00  1.24 1.000  00  +1O000M000  0.324
PHE01A0082_001  0.000  4.49 -5.57  0.04  0.00 -1.04 1.000  00  01O000M000  0.000
ASN01A0083_001  0.000 -3.41  0.99  0.53  0.00 -1.89 1.000  00  01O000M000  0.816
HIS01A0084_001  0.000 -2.16 -6.35  0.28  0.00 -8.24 0.753  00  01O000M000  0.173
HIS01A0084_002  0.000 -1.85  1.71  0.28  0.00  0.15 0.747  00  01R001M000  0.156
HIS02A0084_003  0.000 -2.18 -6.53  0.28  0.00 -8.43 0.753  00  02O000M000  0.173
HIS02A0084_004  0.000 -1.86  1.76  0.28  0.00  0.18 0.747  00  02R001M000  0.156
HIS+1A0084_005  1.000 -2.21 -6.56  0.28  0.00 -8.48 0.753  00  +1O000M000  0.173
HIS+1A0084_006  1.000 -1.89  1.68  0.28  0.00  0.08 0.747  00  +1R001M000  0.156
GLN01A0085_001  0.000 -2.26  1.02  0.27  0.00 -0.97 0.749  00  01O000M000  0.706
GLN01A0085_002  0.000 -1.54  1.01  0.27  0.00 -0.26 0.751  00  01R001M000  0.738
ASN01A0086_001  0.000 -0.05 -5.00  0.87  0.00 -4.18 0.749  00  01O000M000  0.068
ASN01A0086_002  0.000  0.06 -5.42  0.86  0.00 -4.49 0.751  00  01R001M000  0.083
ILE01A0087_001  0.000  2.87 -3.36  0.44  0.00 -0.05 1.000  00  01O000M000  0.004
VAL01A0088_001  0.000  0.66 -1.95  0.03  0.00 -1.26 1.000  00  01O000M000  0.000
ARG01A0089_001  0.000 -4.13 -6.18  0.69  0.00 -9.61 1.000  00  01O000M000  0.350
ARG02A0089_002  0.000 -4.17 -6.12  0.69  0.00 -9.60 1.000  00  02O000M000  0.350
ARG02A0089_003  0.000 -4.11 -6.16  0.69  0.00 -9.57 1.000  00  02O000M000  0.350
ARG03A0089_004  0.000 -4.17 -6.16  0.69  0.00 -9.63 1.000  00  03O000M000  0.350
ARG+1A0089_005  1.000 -4.21 -6.20  0.69  0.00 -9.72 1.000  00  +1O000M000  0.350
CYS01A0090_001  0.000 -0.00 -4.83  0.00  0.00 -4.83 1.000  00  01O000M000  0.000
CYS01A0090_002  0.000 -0.00 -4.74  0.00  0.00 -4.74 1.000  00  01O000M000  0.000
CYS01A0090_003  0.000 -0.00 -4.67  0.00  0.00 -4.67 1.000  00  01O000M000  0.000
CYS-1A0090_004 -1.000  0.00 -4.60  0.00  0.00 -4.60 1.000  00  -1O000M000  0.000
ILE01A0091_001  0.000  1.41 -2.90  0.44  0.00 -1.06 1.000  00  01O000M000  0.128
VAL01A0093_001  0.000  0.60 -1.78  0.02  0.00 -1.16 1.000  00  01O000M000  0.000
SER01A0094_001  0.000  0.00 -2.29  0.38  0.00 -1.91 0.670  00  01O000M000  0.000
SER01A0094_002  0.000  0.00 -2.29  0.38  0.00 -1.91 0.670  00  01O000M000  0.000
SER01A0094_003  0.000  0.00 -2.29  0.00  0.00 -2.29 0.670  00  01O000M000  0.000
LEU01A0095_001  0.000  0.93 -3.31  0.40  0.00 -1.98 1.000  00  01O000M000  0.065
GLN01A0096_001  0.000 -0.91 -0.68  0.26  0.00 -1.33 0.750  00  01O000M000  0.690
GLN01A0096_002  0.000 -1.91 -0.64  0.26  0.00 -2.28 0.750  00  01R001M000  0.710
SER01A0097_001  0.000 -1.82 -1.47  0.45  0.00 -2.84 0.663  00  01O000M000  0.296
LEU01A0098_001  0.000 -3.52 -1.41  0.90  0.00 -4.03 1.000  00  01O000M000  0.465
PRO01A0099_001  0.000 -2.47 -2.35  0.00  0.00 -4.82 1.000  00  01O000M000  0.278
ARG01A0100_001  0.000 -1.19 -0.22  1.70  0.00  0.28 1.000  00  01O000M000  0.213
ARG02A0100_002  0.000 -1.20 -0.18  1.70  0.00  0.31 1.000  00  02O000M000  0.213
ARG03A0100_003  0.000 -1.21 -0.23  1.70  0.00  0.25 1.000  00  03O000M000  0.213
ARG03A0100_004  0.000 -1.21 -0.23  1.70  0.00  0.26 1.000  00  03O000M000  0.213
ARG+1A0100_005  1.000 -1.25 -0.24  1.70  0.00  0.21 1.000  00  +1O000M000  0.213
PHE01A0101_001  0.000  3.79 -2.17  0.13  0.00  1.74 1.000  00  01O000M000  0.024
ILE01A0102_001  0.000  2.64 -3.03  0.47  0.00  0.08 1.000  00  01O000M000  0.000
LEU01A0103_001  0.000  1.74 -5.58  0.47  0.00 -3.37 1.000  00  01O000M000  0.000
LEU01A0104_001  0.000  1.72 -5.44  0.48  0.00 -3.25 1.000  00  01O000M000  0.000
GLU01A0105_001  0.000  1.50 -3.46  2.97  0.00  1.01 1.000  00  01O000M000  0.219
GLU01A0105_002  0.000  1.50 -3.46  0.25  0.00 -1.71 1.000  00  01O000M000  0.219
GLU02A0105_003  0.000  0.92 -3.89  2.97  0.00  0.00 1.000  00  02O000M000  0.233
GLU02A0105_004  0.000  0.92 -3.89  0.25  0.00 -2.72 1.000  00  02O000M000  0.233
GLU-1A0105_005 -1.000  0.92 -3.84  0.25  0.00 -2.66 1.000  00  -1O000M000  0.224
LEU01A0106_001  0.000  1.39 -6.01  0.48  0.00 -4.15 1.000  00  01O000M000  0.027
MET01A0107_001  0.000 -0.41 36.54  0.58  0.00 36.71 1.000  00  01O000M000  0.031
ALA01A0108_001  0.000 -2.57 -0.27  0.00  0.00 -2.84 1.000  00  01O000M000  0.467
ASP01A0111_001  0.000 -0.09 -5.26  4.25  0.00 -1.10 1.000  00  01O000M000  0.105
ASP01A0111_002  0.000 -0.09 -5.26  1.53  0.00 -3.82 1.000  00  01O000M000  0.105
ASP02A0111_003  0.000 -0.05 -5.00  4.25  0.00 -0.80 1.000  00  02O000M000  0.104
ASP02A0111_004  0.000 -0.05 -5.00  1.53  0.00 -3.52 1.000  00  02O000M000  0.104
ASP-1A0111_005 -1.000 -0.13 -5.24  1.53  0.00 -3.84 1.000  00  -1O000M000  0.103
LEU01A0112_001  0.000  1.78 -1.72  0.52  0.00  0.59 1.000  00  01O000M000  0.000
LYS01A0113_001  0.000 -1.26 -4.79  1.04  0.00 -5.01 1.000  00  01O000M000  0.175
LYS+1A0113_002  1.000 -1.33 -4.84  1.04  0.00 -5.14 1.000  00  +1O000M000  0.175
SER01A0114_001  0.000 -1.84 -1.29  0.38  0.00 -2.76 0.665  00  01O000M000  0.298
SER01A0114_002  0.000 -1.84 -1.29  0.38  0.00 -2.76 0.665  00  01O000M000  0.298
SER01A0114_003  0.000 -1.84 -1.29  0.00  0.00 -3.14 0.665  00  01O000M000  0.298
PHE01A0115_001  0.000  4.44 -6.52  0.08  0.00 -2.00 1.000  00  01O000M000  0.018
LEU01A0116_001  0.000  1.85 -7.12  0.58  0.00 -4.69 1.000  00  01O000M000  0.000
ARG01A0117_001  0.000 -4.00 -3.93  0.42  0.00 -7.51 1.000  00  01O000M000  0.444
ARG02A0117_002  0.000 -3.96 -3.86  0.42  0.00 -7.39 1.000  00  02O000M000  0.444
ARG03A0117_003  0.000 -4.05 -3.94  0.42  0.00 -7.56 1.000  00  03O000M000  0.444
ARG+1A0117_004  1.000 -4.09 -3.94  0.42  0.00 -7.61 1.000  00  +1O000M000  0.444
GLU01A0118_001  0.000 -0.25 -1.18  3.33  0.00  1.89 1.000  00  01O000M000  0.615
GLU01A0118_002  0.000 -0.25 -1.18  0.61  0.00 -0.83 1.000  00  01O000M000  0.615
GLU02A0118_003  0.000 -0.93 -1.18  3.33  0.00  1.21 1.000  00  02O000M000  0.644
GLU02A0118_004  0.000 -0.93 -1.18  0.61  0.00 -1.51 1.000  00  02O000M000  0.644
GLU-1A0118_005 -1.000 -0.83 -1.14  0.61  0.00 -1.36 1.000  00  -1O000M000  0.629
THR01A0119_001  0.000 -0.79 10.31  0.99  0.00 10.51 0.660  00  01O000M000  0.120
ARG01A0120_001  0.000  0.11 -0.78  0.44  0.00 -0.23 1.000  00  01O000M000  0.086
ARG02A0120_002  0.000  0.07 -0.62  0.44  0.00 -0.11 1.000  00  02O000M000  0.086
ARG02A0120_003  0.000  0.13 -0.62  0.44  0.00 -0.04 1.000  00  02O000M000  0.086
ARG03A0120_004  0.000  0.07 -0.44  0.44  0.00  0.07 1.000  00  03O000M000  0.086
ARG+1A0120_005  1.000  0.03 -0.63  0.44  0.00 -0.16 1.000  00  +1O000M000  0.086
PRO01A0121_001  0.000 -0.03 -2.85  0.00  0.00 -2.88 1.000  00  01O000M000  0.026
ARG01A0122_001  0.000 -2.95 -5.18  0.48  0.00 -7.65 1.000  00  01O000M000  0.441
ARG02A0122_002  0.000 -2.98 -5.21  0.48  0.00 -7.70 1.000  00  02O000M000  0.441
ARG03A0122_003  0.000 -2.97 -5.21  0.48  0.00 -7.70 1.000  00  03O000M000  0.441
ARG+1A0122_004  1.000 -3.02 -5.22  0.48  0.00 -7.76 1.000  00  +1O000M000  0.441
PRO01A0123_001  0.000 -1.81190.70  0.00  0.00188.88 1.000  00  01O000M000  0.210
SER01A0124_001  0.000 -2.63  2.26  0.51  0.00  0.13 0.666  00  01O000M000  0.434
SER01A0124_002  0.000 -2.63  2.26  0.51  0.00  0.13 0.666  00  01O000M000  0.434
GLN01A0125_001  0.000 11.20146.78  4.58  0.00162.56 1.000  00  01O000M000  0.645
PRO01A0126_001  0.000 -5.20  8.51  0.00  0.00  3.31 1.000  00  01O000M000  0.527
SER01A0127_001  0.000  0.00224.30  2.21  0.00226.51 0.000  00  01O000M000  0.000
SER01A0127_002  0.000  0.00224.30  2.21  0.00226.51 0.000  00  01O000M000  0.000
SER01A0127_003  0.000  0.00999.00  1.84  0.00999.00 0.000  00  01O000M000  0.000
SER01A0128_001  0.000 -3.78  2.01  0.40  0.00 -1.37 0.665  00  01O000M000  0.614
LEU01A0129_001  0.000  1.79  0.82  1.45  0.00  4.06 1.000  00  01O000M000  0.004
ALA01A0130_001  0.000 -2.79 -0.52  0.00  0.00 -3.32 1.000  00  01O000M000  0.501
MET01A0131_001  0.000 -0.09 -4.81  2.02  0.00 -2.87 1.000  00  01O000M000  0.000
LEU01A0132_001  0.000 -2.29 -1.04  0.57  0.00 -2.76 1.000  00  01O000M000  0.334
ASP01A0133_001  0.000 -0.25 -2.78  3.71  0.00  0.68 1.000  00  01O000M000  0.144
ASP01A0133_002  0.000 -0.25 -2.78  0.99  0.00 -2.04 1.000  00  01O000M000  0.144
ASP02A0133_003  0.000 -0.29 -3.04  3.71  0.00  0.38 1.000  00  02O000M000  0.146
ASP02A0133_004  0.000 -0.29 -3.04  0.99  0.00 -2.34 1.000  00  02O000M000  0.146
ASP-1A0133_005 -1.000 -0.31 -3.00  0.99  0.00 -2.32 1.000  00  -1O000M000  0.140
LEU01A0134_001  0.000  1.65 -3.43  0.40  0.00 -1.37 1.000  00  01O000M000  0.000
LEU01A0135_001  0.000  1.74 -4.58  0.85  0.00 -1.99 1.000  00  01O000M000  0.000
HIS01A0136_001  0.000 -3.71 -4.17  0.40  0.00 -7.49 0.753  00  01O000M000  0.294
HIS01A0136_002  0.000 -3.09 -4.34  0.40  0.00 -7.04 0.747  00  01R001M000  0.251
HIS02A0136_003  0.000 -3.73 -4.19  0.40  0.00 -7.52 0.753  00  02O000M000  0.294
HIS02A0136_004  0.000 -3.10 -4.43  0.40  0.00 -7.14 0.747  00  02R001M000  0.251
HIS+1A0136_005  1.000 -3.76 -4.20  0.40  0.00 -7.56 0.753  00  +1O000M000  0.294
HIS+1A0136_006  1.000 -3.13 -4.44  0.40  0.00 -7.17 0.747  00  +1R001M000  0.251
VAL01A0137_001  0.000  0.65  0.12  0.19  0.00  0.97 1.000  00  01O000M000  0.000
ALA01A0138_001  0.000  0.00 -1.54  0.00  0.00 -1.54 1.000  00  01O000M000  0.000
ARG01A0139_001  0.000 -1.51 -4.79  2.71  0.00 -3.59 1.000  00  01O000M000  0.322
ARG02A0139_002  0.000 -1.55 -4.78  2.71  0.00 -3.62 1.000  00  02O000M000  0.322
ARG02A0139_003  0.000 -1.51 -4.74  2.71  0.00 -3.53 1.000  00  02O000M000  0.322
ARG03A0139_004  0.000 -1.56 -4.80  2.71  0.00 -3.64 1.000  00  03O000M000  0.322
ARG+1A0139_005  1.000 -1.60 -4.80  2.71  0.00 -3.69 1.000  00  +1O000M000  0.322
ASP01A0140_001  0.000 -0.36 -1.73  2.98  0.00  0.89 1.000  00  01O000M000  0.096
ASP01A0140_002  0.000 -0.36 -1.73  0.26  0.00 -1.83 1.000  00  01O000M000  0.096
ASP02A0140_003  0.000 -0.20 -1.98  2.98  0.00  0.79 1.000  00  02O000M000  0.077
ASP02A0140_004  0.000 -0.20 -1.98  0.26  0.00 -1.93 1.000  00  02O000M000  0.077
ASP-1A0140_005 -1.000 -0.31 -2.21  0.26  0.00 -2.26 1.000  00  -1O000M000  0.087
ILE01A0141_001  0.000  1.86 -2.46  0.46  0.00 -0.14 1.000  00  01O000M000  0.000
ALA01A0142_001  0.000  0.00 -2.11  0.00  0.00 -2.11 1.000  00  01O000M000  0.000
CYS01A0143_001  0.000 -1.84 -2.52  0.34  0.00 -4.02 1.000  00  01O000M000  0.258
CYS01A0143_002  0.000 -1.84 -2.50  0.34  0.00 -3.99 1.000  00  01O000M000  0.258
CYS01A0143_003  0.000 -1.84 -2.48  0.34  0.00 -3.98 1.000  00  01O000M000  0.258
CYS-1A0143_004 -1.000 -1.83 -2.47  0.34  0.00 -3.96 1.000  00  -1O000M000  0.258
CYS01A0145_001  0.000 -0.00 -3.45  0.24  0.00 -3.21 1.000  00  01O000M000  0.000
CYS01A0145_002  0.000 -0.00 -3.52  0.24  0.00 -3.28 1.000  00  01O000M000  0.000
CYS01A0145_003  0.000 -0.00 -3.44  0.24  0.00 -3.21 1.000  00  01O000M000  0.000
CYS-1A0145_004 -1.000  0.00 -3.41  0.24  0.00 -3.17 1.000  00  -1O000M000  0.000
GLN01A0146_001  0.000 -0.15 -4.63  0.56  0.00 -4.22 0.754  00  01O000M000  0.352
GLN01A0146_002  0.000 -0.72 -4.54  0.56  0.00 -4.69 0.746  00  01R001M000  0.357
TYR01A0147_001  0.000  2.86 -6.74  0.25  0.00 -3.64 1.000  00  01O000M000  0.106
TYR01A0147_002  0.000  2.86 -6.74  0.25  0.00 -3.64 1.000  00  01O000M000  0.106
TYR-1A0147_003 -1.000  2.86 -6.74  0.25  0.00 -3.64 1.000  00  -1O000M000  0.106
LEU01A0148_001  0.000  1.68 -3.50  0.50  0.00 -1.32 1.000  00  01O000M000  0.000
GLU01A0149_001  0.000 -0.07 -3.46  3.56  0.00  0.02 1.000  00  01O000M000  0.203
GLU01A0149_002  0.000 -0.07 -3.46  0.84  0.00 -2.70 1.000  00  01O000M000  0.203
GLU02A0149_003  0.000 -0.21 -3.58  3.56  0.00 -0.23 1.000  00  02O000M000  0.207
GLU02A0149_004  0.000 -0.21 -3.58  0.84  0.00 -2.95 1.000  00  02O000M000  0.207
GLU-1A0149_005 -1.000 -0.26 -3.51  0.84  0.00 -2.93 1.000  00  -1O000M000  0.207
GLU01A0150_001  0.000 -0.06 -2.47  3.38  0.00  0.84 1.000  00  01O000M000  0.511
GLU01A0150_002  0.000 -0.06 -2.47  0.66  0.00 -1.88 1.000  00  01O000M000  0.511
GLU02A0150_003  0.000 -0.52 -2.46  3.38  0.00  0.40 1.000  00  02O000M000  0.515
GLU02A0150_004  0.000 -0.52 -2.46  0.66  0.00 -2.32 1.000  00  02O000M000  0.515
GLU-1A0150_005 -1.000 -0.46 -2.40  0.66  0.00 -2.21 1.000  00  -1O000M000  0.508
ASN01A0151_001  0.000 -0.92 -2.28  1.46  0.00 -1.74 0.748  00  01O000M000  0.280
ASN01A0151_002  0.000 -0.62 -1.79  1.45  0.00 -0.95 0.752  00  01R001M000  0.227
HIS01A0152_001  0.000 -9.23 -1.97  0.46  0.00-10.74 0.744  00  01O000M000  0.775
HIS01A0152_002  0.000 -8.90 -1.99  0.46  0.00-10.43 0.756  00  01R001M000  0.788
HIS02A0152_003  0.000 -9.25 -2.02  0.46  0.00-10.81 0.744  00  02O000M000  0.775
HIS02A0152_004  0.000 -8.91 -2.01  0.46  0.00-10.47 0.756  00  02R001M000  0.788
HIS+1A0152_005  1.000 -9.28 -2.03  0.46  0.00-10.85 0.744  00  +1O000M000  0.775
HIS+1A0152_006  1.000 -8.94 -2.03  0.46  0.00-10.51 0.756  00  +1R001M000  0.788
PHE01A0153_001  0.000  4.07 -6.20  0.07  0.00 -2.06 1.000  00  01O000M000  0.037
ILE01A0154_001  0.000  1.05 -3.31  0.47  0.00 -1.79 1.000  00  01O000M000  0.194
HIS01A0155_001  0.000 -0.14 -0.54  0.05  0.00 -0.63 1.000  00  01O000M000  0.000
HIS02A0155_002  0.000 -0.16 -1.63  0.05  0.00 -1.74 1.000  00  02O000M000  0.000
HIS+1A0155_003  1.000 -0.18 -0.76  0.05  0.00 -0.90 1.000  00  +1O000M000  0.000
ARG01A0156_001  0.000  0.62 11.35  0.90  0.00 12.87 1.000  00  01O000M000  0.139
ARG02A0156_002  0.000  0.63 11.33  0.90  0.00 12.86 1.000  00  02O000M000  0.139
ARG03A0156_003  0.000  0.59 11.33  0.90  0.00 12.81 1.000  00  03O000M000  0.139
ARG+1A0156_004  1.000  0.55 11.32  0.90  0.00 12.76 1.000  00  +1O000M000  0.139
ASP01A0157_001  0.000 -0.37  1.18  3.16  0.00  3.97 1.000  00  01O000M000  0.099
ASP01A0157_002  0.000 -0.37  1.18  0.44  0.00  1.25 1.000  00  01O000M000  0.099
ASP02A0157_003  0.000 -0.33  0.65  3.16  0.00  3.48 1.000  00  02O000M000  0.105
ASP02A0157_004  0.000 -0.33  0.65  0.44  0.00  0.76 1.000  00  02O000M000  0.105
ASP-1A0157_005 -1.000 -0.38  0.72  0.44  0.00  0.78 1.000  00  -1O000M000  0.100
ILE01A0158_001  0.000  3.23 -1.70  0.55  0.00  2.08 1.000  00  01O000M000  0.000
ALA01A0159_001  0.000  0.00 -1.05  0.00  0.00 -1.05 1.000  00  01O000M000  0.000
ALA01A0160_001  0.000  0.00 -1.73  0.00  0.00 -1.73 1.000  00  01O000M000  0.000
ARG01A0161_001  0.000 -2.59 -2.53  0.63  0.00 -4.49 1.000  00  01O000M000  0.304
ARG02A0161_002  0.000 -2.52 -2.52  0.63  0.00 -4.41 1.000  00  02O000M000  0.304
ARG03A0161_003  0.000 -2.61 -2.51  0.63  0.00 -4.50 1.000  00  03O000M000  0.304
ARG03A0161_004  0.000 -2.61 -2.52  0.63  0.00 -4.50 1.000  00  03O000M000  0.304
ARG+1A0161_005  1.000 -2.65 -2.54  0.63  0.00 -4.56 1.000  00  +1O000M000  0.304
ASN01A0162_001  0.000 -0.17 -2.38  0.41  0.00 -2.14 0.751  00  01O000M000  0.108
ASN01A0162_002  0.000 -0.47 -2.20  0.41  0.00 -2.26 0.749  00  01R001M000  0.124
CYS01A0163_001  0.000 -0.00 -4.64  0.00  0.00 -4.64 1.000  00  01O000M000  0.000
CYS01A0163_002  0.000 -0.00 -4.73  0.00  0.00 -4.73 1.000  00  01O000M000  0.000
CYS01A0163_003  0.000 -0.00 -4.60  0.00  0.00 -4.60 1.000  00  01O000M000  0.000
CYS-1A0163_004 -1.000  0.00 -4.56  0.00  0.00 -4.56 1.000  00  -1O000M000  0.000
LEU01A0164_001  0.000  2.08  0.17  0.50  0.00  2.75 1.000  00  01O000M000  0.000
LEU01A0165_001  0.000  2.27 -7.71  0.74  0.00 -4.71 1.000  00  01O000M000  0.000
THR01A0166_001  0.000 -1.73 -0.96  0.47  0.00 -2.22 0.658  00  01O000M000  0.219
THR01A0166_002  0.000 -1.73 -0.96  0.47  0.00 -2.22 0.658  00  01O000M000  0.219
THR01A0166_003  0.000 -1.73 -0.96  0.10  0.00 -2.59 0.658  00  01O000M000  0.219
CYS01A0167_001  0.000 -2.64 -3.13  0.04  0.00 -5.73 1.000  00  01O000M000  0.359
CYS01A0167_002  0.000 -2.64 -3.20  0.04  0.00 -5.80 1.000  00  01O000M000  0.359
CYS01A0167_003  0.000 -2.64 -3.02  0.04  0.00 -5.62 1.000  00  01O000M000  0.359
CYS-1A0167_004 -1.000 -2.64 -2.96  0.04  0.00 -5.56 1.000  00  -1O000M000  0.359
PRO01A0168_001  0.000 -4.44 -0.55  0.00  0.00 -4.99 1.000  00  01O000M000  0.494
PRO01A0170_001  0.000 -7.53  0.12  0.00  0.00 -7.40 1.000  00  01O000M000  0.778
ARG01A0172_001  0.000  1.84 -6.96  1.36  0.00 -3.76 1.000  00  01O000M000  0.035
ARG02A0172_002  0.000  1.82 -7.06  1.36  0.00 -3.89 1.000  00  02O000M000  0.035
ARG02A0172_003  0.000  1.91 -7.06  1.36  0.00 -3.80 1.000  00  02O000M000  0.035
ARG03A0172_004  0.000  1.81 -7.05  1.36  0.00 -3.88 1.000  00  03O000M000  0.035
ARG03A0172_005  0.000  1.81 -6.95  1.36  0.00 -3.78 1.000  00  03O000M000  0.035
ARG+1A0172_006  1.000  1.77 -7.10  1.36  0.00 -3.97 1.000  00  +1O000M000  0.035
VAL01A0173_001  0.000 -1.32 -0.53  0.01  0.00 -1.84 1.000  00  01O000M000  0.193
ALA01A0174_001  0.000  0.00 -2.15  0.00  0.00 -2.15 1.000  00  01O000M000  0.000
LYS01A0175_001  0.000 -0.05 -7.06  1.44  0.00 -5.67 1.000  00  01O000M000  0.055
LYS+1A0175_002  1.000 -0.10 -7.09  1.44  0.00 -5.75 1.000  00  +1O000M000  0.055
ILE01A0176_001  0.000  2.64 -3.75  0.42  0.00 -0.69 1.000  00  01O000M000  0.000
ASP01A0178_001  0.000 -0.20 -2.78  3.71  0.00  0.72 1.000  00  01O000M000  0.138
ASP01A0178_002  0.000 -0.20 -2.78  0.99  0.00 -2.00 1.000  00  01O000M000  0.138
ASP02A0178_003  0.000 -0.25 -2.28  3.71  0.00  1.18 1.000  00  02O000M000  0.144
ASP02A0178_004  0.000 -0.25 -2.28  0.99  0.00 -1.54 1.000  00  02O000M000  0.144
ASP-1A0178_005 -1.000 -0.27 -2.72  0.99  0.00 -2.00 1.000  00  -1O000M000  0.137
PHE01A0179_001  0.000  4.46 -4.76  0.16  0.00 -0.15 1.000  00  01O000M000  0.000
MET01A0181_001  0.000  1.81 -3.75  0.08  0.00 -1.87 1.000  00  01O000M000  0.099
ALA01A0182_001  0.000 -0.05 -1.56  0.00  0.00 -1.61 1.000  00  01O000M000  0.009
ARG01A0183_001  0.000  6.67 -2.28  1.46  0.00  5.85 1.000  00  01O000M000  0.099
ARG02A0183_002  0.000  6.63 -2.38  1.46  0.00  5.70 1.000  00  02O000M000  0.099
ARG02A0183_003  0.000  6.73 -3.01  1.46  0.00  5.18 1.000  00  02O000M000  0.099
ARG03A0183_004  0.000  6.62 -2.43  1.46  0.00  5.65 1.000  00  03O000M000  0.099
ARG03A0183_005  0.000  6.63 -2.39  1.46  0.00  5.70 1.000  00  03O000M000  0.099
ARG+1A0183_006  1.000  6.58 -2.46  1.46  0.00  5.58 1.000  00  +1O000M000  0.099
ASP01A0184_001  0.000 -0.31102.55  2.91  0.00105.15 1.000  00  01O000M000  0.086
ASP01A0184_002  0.000 -0.31102.55  0.19  0.00102.43 1.000  00  01O000M000  0.086
ASP02A0184_003  0.000 -0.29102.03  2.91  0.00104.65 1.000  00  02O000M000  0.096
ASP02A0184_004  0.000 -0.29102.03  0.19  0.00101.93 1.000  00  02O000M000  0.096
ASP-1A0184_005 -1.000 -0.31102.08  0.19  0.00101.96 1.000  00  -1O000M000  0.087
ILE01A0185_001  0.000 -0.92  4.67  0.50  0.00  4.25 1.000  00  01O000M000  0.266
TYR01A0186_001  0.000  0.69 -4.25  0.17  0.00 -3.38 1.000  00  01O000M000  0.268
TYR-1A0186_002 -1.000  0.69 -4.25  0.17  0.00 -3.38 1.000  00  -1O000M000  0.268
ARG01A0187_001  0.000 -2.57999.00  0.84  0.00999.00 1.000  00  01O000M000  0.280
ARG02A0187_002  0.000 -2.63999.00  0.84  0.00999.00 1.000  00  02O000M000  0.280
ARG02A0187_003  0.000 -2.56999.00  0.84  0.00999.00 1.000  00  02O000M000  0.280
ARG03A0187_004  0.000 -2.63999.00  0.84  0.00999.00 1.000  00  03O000M000  0.280
ARG03A0187_005  0.000 -2.63999.00  0.84  0.00999.00 1.000  00  03O000M000  0.280
ARG+1A0187_006  1.000 -2.67999.00  0.84  0.00999.00 1.000  00  +1O000M000  0.280
ALA01A0188_001  0.000  0.00 70.77  0.00  0.00 70.77 1.000  00  01O000M000  0.000
SER01A0189_001  0.000 -0.12 83.28  1.24  0.00 84.40 0.667  00  01O000M000  0.022
SER01A0189_002  0.000 -0.12 83.28  1.24  0.00 84.40 0.667  00  01O000M000  0.022
SER01A0189_003  0.000 -0.12 83.28  0.86  0.00 84.02 0.667  00  01O000M000  0.022
TYR01A0190_001  0.000  8.26999.00  0.23  0.00999.00 1.000  00  01O000M000  0.316
TYR-1A0190_002 -1.000  8.26999.00  0.23  0.00999.00 1.000  00  -1O000M000  0.316
TYR01A0191_001  0.000  4.39267.77  2.67  0.00274.83 1.000  00  01O000M000  0.194
TYR01A0191_002  0.000  4.39267.77  2.67  0.00274.83 1.000  00  01O000M000  0.194
TYR-1A0191_003 -1.000  4.39267.77  2.67  0.00274.83 1.000  00  -1O000M000  0.194
ARG01A0192_001  0.000999.00999.00 22.11  0.00999.00 1.000  00  01O000M000  0.305
ARG02A0192_002  0.000999.00999.00 22.11  0.00999.00 1.000  00  02O000M000  0.305
ARG02A0192_003  0.000999.00999.00 22.11  0.00999.00 1.000  00  02O000M000  0.305
ARG03A0192_004  0.000999.00999.00 22.11  0.00999.00 1.000  00  03O000M000  0.305
ARG03A0192_005  0.000999.00999.00 22.11  0.00999.00 1.000  00  03O000M000  0.305
ARG+1A0192_006  1.000999.00999.00 22.11  0.00999.00 1.000  00  +1O000M000  0.305
LYS01A0193_001  0.000 -1.65999.00  3.93  0.00999.00 1.000  00  01O000M000  0.565
LYS+1A0193_002  1.000 -1.71999.00  3.93  0.00999.00 1.000  00  +1O000M000  0.565
CYS01A0196_001  0.000 -0.00 23.87  2.50  0.00 26.37 1.000  00  01O000M000  0.000
CYS01A0196_002  0.000 -0.00 23.90  2.50  0.00 26.40 1.000  00  01O000M000  0.000
CYS01A0196_003  0.000 -0.00 23.99  2.50  0.00 26.49 1.000  00  01O000M000  0.000
CYS-1A0196_004 -1.000  0.00 24.01  2.50  0.00 26.52 1.000  00  -1O000M000  0.000
ALA01A0197_001  0.000 -3.12923.53  0.00  0.00920.41 1.000  00  01O000M000  0.692
MET01A0198_001  0.000 -3.52999.00  0.09  0.00999.00 1.000  00  01O000M000  0.418
LEU01A0199_001  0.000 -1.84 -1.92  0.90  0.00 -2.87 1.000  00  01O000M000  0.315
PRO01A0200_001  0.000 -0.04  2.36  0.00  0.00  2.31 1.000  00  01O000M000  0.027
VAL01A0201_001  0.000  0.06 -1.49  0.08  0.00 -1.35 1.000  00  01O000M000  0.059
LYS01A0202_001  0.000 -0.17 -4.61  1.71  0.00 -3.06 1.000  00  01O000M000  0.084
LYS+1A0202_002  1.000 -0.21 -4.71  1.71  0.00 -3.20 1.000  00  +1O000M000  0.084
TRP01A0203_001  0.000  1.88 -9.24  0.46  0.00 -6.90 1.000  00  01O000M000  0.052
MET01A0204_001  0.000  0.23 -6.21  0.39  0.00 -5.59 1.000  00  01O000M000  0.008
PRO01A0205_001  0.000  0.23 -1.73  0.00  0.00 -1.51 1.000  00  01O000M000  0.000
PRO01A0206_001  0.000  0.08 -0.39  0.00  0.00 -0.31 1.000  00  01O000M000  0.016
GLU01A0207_001  0.000  1.96 -2.10  4.55  0.00  4.41 1.000  00  01O000M000  0.059
GLU01A0207_002  0.000  1.96 -2.10  1.83  0.00  1.69 1.000  00  01O000M000  0.059
GLU02A0207_003  0.000  1.56 -2.45  4.55  0.00  3.66 1.000  00  02O000M000  0.052
GLU02A0207_004  0.000  1.56 -2.45  1.83  0.00  0.94 1.000  00  02O000M000  0.052
GLU-1A0207_005 -1.000  1.49 -2.32  1.83  0.00  1.00 1.000  00  -1O000M000  0.054
ALA01A0208_001  0.000  0.00 -0.20  0.00  0.00 -0.20 1.000  00  01O000M000  0.000
PHE01A0209_001  0.000  4.37 -8.73  0.01  0.00 -4.35 1.000  00  01O000M000  0.012
MET01A0210_001  0.000 -4.71 -2.15  2.24  0.00 -4.63 1.000  00  01O000M000  0.399
GLU01A0211_001  0.000 -0.68 -1.18  3.27  0.00  1.41 1.000  00  01O000M000  0.681
GLU01A0211_002  0.000 -0.68 -1.18  0.55  0.00 -1.31 1.000  00  01O000M000  0.681
GLU02A0211_003  0.000 -1.19 -1.23  3.27  0.00  0.86 1.000  00  02O000M000  0.685
GLU02A0211_004  0.000 -1.19 -1.23  0.55  0.00 -1.86 1.000  00  02O000M000  0.685
GLU-1A0211_005 -1.000 -1.19 -1.18  0.55  0.00 -1.83 1.000  00  -1O000M000  0.677
ILE01A0213_001  0.000 -3.07  0.05  0.52  0.00 -2.49 1.000  00  01O000M000  0.452
PHE01A0214_001  0.000  3.30 -5.97  0.08  0.00 -2.59 1.000  00  01O000M000  0.091
THR01A0215_001  0.000 -3.20  0.33  0.44  0.00 -2.43 0.670  00  01O000M000  0.390
THR01A0215_002  0.000 -3.20  0.33  0.44  0.00 -2.43 0.670  00  01O000M000  0.390
SER01A0216_001  0.000 -1.83 -0.38  0.50  0.00 -1.71 0.668  00  01O000M000  0.298
SER01A0216_002  0.000 -1.83 -0.38  0.12  0.00 -2.09 0.668  00  01O000M000  0.298
LYS01A0217_001  0.000 -1.48 -1.18  1.13  0.00 -1.52 1.000  00  01O000M000  0.171
LYS+1A0217_002  1.000 -1.56 -1.13  1.13  0.00 -1.56 1.000  00  +1O000M000  0.171
THR01A0218_001  0.000  0.19  7.02  0.39  0.00  7.60 0.674  00  01O000M000  0.000
THR01A0218_002  0.000  0.19  7.02  0.39  0.00  7.60 0.674  00  01O000M000  0.000
ASP01A0219_001  0.000  0.06 -2.46  3.17  0.00  0.77 1.000  00  01O000M000  0.000
ASP01A0219_002  0.000  0.06 -2.46  0.45  0.00 -1.95 1.000  00  01O000M000  0.000
ASP02A0219_003  0.000  0.13 -2.65  3.17  0.00  0.65 1.000  00  02O000M000  0.000
ASP02A0219_004  0.000  0.13 -2.65  0.45  0.00 -2.07 1.000  00  02O000M000  0.000
ASP-1A0219_005 -1.000  0.06 -3.07  0.45  0.00 -2.56 1.000  00  -1O000M000  0.000
THR01A0220_001  0.000  0.19 -1.62  0.42  0.00 -1.02 0.671  00  01O000M000  0.000
THR01A0220_002  0.000  0.19 -1.62  0.42  0.00 -1.02 0.671  00  01O000M000  0.000
THR01A0220_003  0.000  0.19 -1.62  0.04  0.00 -1.39 0.671  00  01O000M000  0.000
TRP01A0221_001  0.000  2.95-13.58  0.02  0.00-10.61 1.000  00  01O000M000  0.000
SER01A0222_001  0.000  0.00 -2.66  0.42  0.00 -2.24 0.665  00  01O000M000  0.000
SER01A0222_002  0.000  0.00 -2.66  0.42  0.00 -2.24 0.665  00  01O000M000  0.000
SER01A0222_003  0.000  0.00 -2.66  0.05  0.00 -2.61 0.665  00  01O000M000  0.000
PHE01A0223_001  0.000  4.48 -7.92  0.02  0.00 -3.42 1.000  00  01O000M000  0.000
VAL01A0225_001  0.000  0.51 -2.71  0.00  0.00 -2.20 1.000  00  01O000M000  0.000
LEU01A0226_001  0.000  1.65 -3.31  0.89  0.00 -0.77 1.000  00  01O000M000  0.000
LEU01A0227_001  0.000  1.81 -0.95  2.55  0.00  3.40 1.000  00  01O000M000  0.000
TRP01A0228_001  0.000  2.22-11.24  0.18  0.00 -8.83 1.000  00  01O000M000  0.037
GLU01A0229_001  0.000  0.45 -3.56  4.35  0.00  1.24 1.000  00  01O000M000  0.008
GLU01A0229_002  0.000  0.45 -3.56  1.63  0.00 -1.48 1.000  00  01O000M000  0.008
GLU02A0229_003  0.000  0.46 -4.00  4.35  0.00  0.81 1.000  00  02O000M000  0.008
GLU02A0229_004  0.000  0.46 -4.00  1.63  0.00 -1.91 1.000  00  02O000M000  0.008
GLU-1A0229_005 -1.000  0.36 -3.89  1.63  0.00 -1.91 1.000  00  -1O000M000  0.008
ILE01A0230_001  0.000  1.69 -2.88  0.58  0.00 -0.61 1.000  00  01O000M000  0.000
PHE01A0231_001  0.000  4.43 -3.29  0.51  0.00  1.65 1.000  00  01O000M000  0.000
SER01A0232_001  0.000 -0.19 -2.02  0.86  0.00 -1.35 0.666  00  01O000M000  0.033
LEU01A0233_001  0.000  1.47  5.65  0.62  0.00  7.75 1.000  00  01O000M000  0.013
TYR01A0235_001  0.000 -0.84  0.18  1.21  0.00  0.56 1.000  00  01O000M000  0.373
TYR-1A0235_002 -1.000 -0.84  0.18  1.21  0.00  0.56 1.000  00  -1O000M000  0.373
MET01A0236_001  0.000 -3.60 -1.15  0.42  0.00 -4.33 1.000  00  01O000M000  0.491
PRO01A0237_001  0.000  0.20 -0.19  0.00  0.00  0.01 1.000  00  01O000M000  0.000
TYR01A0238_001  0.000  4.45 -3.17  0.06  0.00  1.34 1.000  00  01O000M000  0.000
TYR-1A0238_002 -1.000  4.45 -3.17  0.06  0.00  1.34 1.000  00  -1O000M000  0.000
PRO01A0239_001  0.000 -2.96  0.53  0.00  0.00 -2.43 1.000  00  01O000M000  0.340
SER01A0240_001  0.000 -4.28 15.11  1.37  0.00 12.20 0.671  00  01O000M000  0.725
SER01A0240_002  0.000 -4.28 15.11  0.99  0.00 11.83 0.671  00  01O000M000  0.725
LYS01A0241_001  0.000 -2.25 -4.37  1.42  0.00 -5.20 1.000  00  01O000M000  0.275
LYS+1A0241_002  1.000 -2.33 -4.38  1.42  0.00 -5.30 1.000  00  +1O000M000  0.275
SER01A0242_001  0.000 -2.76 -1.22  0.40  0.00 -3.58 0.668  00  01O000M000  0.458
SER01A0242_002  0.000 -2.76 -1.22  0.40  0.00 -3.58 0.668  00  01O000M000  0.458
ASN01A0243_001  0.000 -1.48 -1.02  0.77  0.00 -1.73 0.754  00  01O000M000  0.345
ASN01A0243_002  0.000 -1.47  0.18  0.77  0.00 -0.52 0.746  00  01R001M000  0.315
GLN01A0244_001  0.000 -2.06 -0.71  0.26  0.00 -2.51 0.000  00  01O000M000  0.633
GLN01A0244_002  0.000 -1.41 -0.02  0.26  0.00 -1.17 1.000  00  01R001M000  0.629
GLU01A0245_001  0.000 -0.74 -0.18  3.23  0.00  2.31 1.000  00  01O000M000  0.608
GLU01A0245_002  0.000 -0.74 -0.18  0.51  0.00 -0.41 1.000  00  01O000M000  0.608
GLU02A0245_003  0.000 -1.17 -1.22  3.23  0.00  0.83 1.000  00  02O000M000  0.610
GLU02A0245_004  0.000 -1.17 -1.22  0.51  0.00 -1.89 1.000  00  02O000M000  0.610
GLU-1A0245_005 -1.000 -1.19 -1.18  0.51  0.00 -1.87 1.000  00  -1O000M000  0.600
VAL01A0246_001  0.000  0.57 -0.06  0.18  0.00  0.69 1.000  00  01O000M000  0.000
LEU01A0247_001  0.000 -0.24 -1.10  0.62  0.00 -0.72 1.000  00  01O000M000  0.224
GLU01A0248_001  0.000 -1.76  0.40  3.03  0.00  1.67 1.000  00  01O000M000  0.722
GLU01A0248_002  0.000 -1.76  0.40  0.31  0.00 -1.05 1.000  00  01O000M000  0.722
GLU02A0248_003  0.000 -1.40  0.40  3.03  0.00  2.04 1.000  00  02O000M000  0.710
GLU02A0248_004  0.000 -1.40  0.40  0.31  0.00 -0.68 1.000  00  02O000M000  0.710
GLU-1A0248_005 -1.000 -1.74  0.45  0.31  0.00 -0.98 1.000  00  -1O000M000  0.713
PHE01A0249_001  0.000  0.39 -7.17  0.02  0.00 -6.76 1.000  00  01O000M000  0.273
VAL01A0250_001  0.000  0.67 -0.52  0.33  0.00  0.48 1.000  00  01O000M000  0.000
THR01A0251_001  0.000 -1.77  1.96  0.42  0.00  0.61 0.663  00  01O000M000  0.234
THR01A0251_002  0.000 -1.77  1.96  0.42  0.00  0.61 0.663  00  01O000M000  0.234
SER01A0252_001  0.000 -3.59 -1.20  0.42  0.00 -4.37 0.664  00  01O000M000  0.596
SER01A0252_002  0.000 -3.59 -1.20  0.42  0.00 -4.37 0.664  00  01O000M000  0.596
SER01A0252_003  0.000 -3.59 -1.20  0.05  0.00 -4.74 0.664  00  01O000M000  0.596
ARG01A0255_001  0.000 -0.69 -4.30  0.65  0.00 -4.34 1.000  00  01O000M000  0.149
ARG02A0255_002  0.000 -0.71 -4.03  0.65  0.00 -4.08 1.000  00  02O000M000  0.149
ARG02A0255_003  0.000 -0.63 -4.64  0.65  0.00 -4.62 1.000  00  02O000M000  0.149
ARG03A0255_004  0.000 -0.71 -4.05  0.65  0.00 -4.11 1.000  00  03O000M000  0.149
ARG+1A0255_005  1.000 -0.76 -4.21  0.65  0.00 -4.32 1.000  00  +1O000M000  0.149
MET01A0256_001  0.000  0.00 -4.20  1.21  0.00 -2.98 1.000  00  01O000M000  0.004
ASP01A0257_001  0.000 -3.18  0.50  3.06  0.00  0.38 1.000  00  01O000M000  0.750
ASP01A0257_002  0.000 -3.18  0.50  0.34  0.00 -2.34 1.000  00  01O000M000  0.750
ASP02A0257_003  0.000 -3.22  0.03  3.06  0.00 -0.13 1.000  00  02O000M000  0.778
ASP02A0257_004  0.000 -3.22  0.03  0.34  0.00 -2.85 1.000  00  02O000M000  0.778
ASP-1A0257_005 -1.000 -3.13  0.06  0.34  0.00 -2.72 1.000  00  -1O000M000  0.755
PRO01A0258_001  0.000 -3.20 -1.69  0.00  0.00 -4.89 1.000  00  01O000M000  0.350
PRO01A0259_001  0.000  0.19 -2.49  0.00  0.00 -2.29 1.000  00  01O000M000  0.000
LYS01A0260_001  0.000 -4.46 -2.12  1.10  0.00 -5.48 1.000  00  01O000M000  0.524
LYS+1A0260_002  1.000 -4.51 -2.12  1.10  0.00 -5.53 1.000  00  +1O000M000  0.524
ASN01A0261_001  0.000 -1.86  4.83  0.47  0.00  3.44 0.746  00  01O000M000  0.425
ASN01A0261_002  0.000 -2.17  6.00  0.47  0.00  4.30 0.754  00  01R001M000  0.454
CYS01A0262_001  0.000 -0.00 -4.26  0.03  0.00 -4.24 1.000  00  01O000M000  0.000
CYS01A0262_002  0.000 -0.00 -4.10  0.03  0.00 -4.08 1.000  00  01O000M000  0.000
CYS01A0262_003  0.000 -0.00 -4.11  0.03  0.00 -4.09 1.000  00  01O000M000  0.000
CYS-1A0262_004 -1.000  0.00 -4.04  0.03  0.00 -4.02 1.000  00  -1O000M000  0.000
PRO01A0263_001  0.000  0.07 -1.61  0.00  0.00 -1.54 1.000  00  01O000M000  0.016
PRO01A0265_001  0.000 -2.26 -0.94  0.00  0.00 -3.20 1.000  00  01O000M000  0.250
VAL01A0266_001  0.000  0.61 -0.77  0.00  0.00 -0.15 1.000  00  01O000M000  0.000
TYR01A0267_001  0.000  1.46 -6.23  0.05  0.00 -4.72 1.000  00  01O000M000  0.200
TYR01A0267_002  0.000  1.46 -6.23  0.05  0.00 -4.72 1.000  00  01O000M000  0.200
TYR-1A0267_003 -1.000  1.46 -6.23  0.05  0.00 -4.72 1.000  00  -1O000M000  0.200
ARG01A0268_001  0.000 -2.97 -4.07  2.95  0.00 -4.09 1.000  00  01O000M000  0.588
ARG02A0268_002  0.000 -3.03 -4.09  2.95  0.00 -4.18 1.000  00  02O000M000  0.588
ARG03A0268_003  0.000 -3.03 -4.05  2.95  0.00 -4.14 1.000  00  03O000M000  0.588
ARG+1A0268_004  1.000 -3.08 -4.11  2.95  0.00 -4.24 1.000  00  +1O000M000  0.588
ILE01A0269_001  0.000  1.82 -2.22  0.44  0.00  0.04 1.000  00  01O000M000  0.004
MET01A0270_001  0.000  0.14 -6.94  0.44  0.00 -6.35 1.000  00  01O000M000  0.000
THR01A0271_001  0.000 -1.91 -1.84  0.38  0.00 -3.38 0.662  00  01O000M000  0.240
THR01A0271_002  0.000 -1.91 -1.84  0.00  0.00 -3.75 0.662  00  01O000M000  0.240
GLN01A0272_001  0.000 -0.10  0.75  0.95  0.00  1.60 0.000  00  01O000M000  0.248
GLN01A0272_002  0.000 -0.42  0.85  0.94  0.00  1.37 1.000  00  01R001M000  0.261
CYS01A0273_001  0.000 -0.00 -5.32  0.30  0.00 -5.02 1.000  00  01O000M000  0.000
CYS01A0273_002  0.000 -0.00 -5.37  0.30  0.00 -5.07 1.000  00  01O000M000  0.000
CYS01A0273_003  0.000 -0.00 -5.33  0.30  0.00 -5.04 1.000  00  01O000M000  0.000
CYS-1A0273_004 -1.000  0.00 -5.25  0.30  0.00 -4.95 1.000  00  -1O000M000  0.000
TRP01A0274_001  0.000  2.75-12.22  0.08  0.00 -9.39 1.000  00  01O000M000  0.000
GLN01A0275_001  0.000 -1.41 -5.08  1.12  0.00 -5.36 0.750  00  01O000M000  0.437
GLN01A0275_002  0.000 -1.28 -5.06  1.13  0.00 -5.21 0.750  00  01R001M000  0.431
HIS01A0276_001  0.000 -5.34 -2.76  0.00  0.00 -8.10 0.752  00  01O000M000  0.460
HIS01A0276_002  0.000 -5.01 -2.75  0.00  0.00 -7.75 0.748  00  01R001M000  0.442
HIS02A0276_003  0.000 -5.36 -2.81  0.00  0.00 -8.18 0.752  00  02O000M000  0.460
HIS02A0276_004  0.000 -5.02 -2.77  0.00  0.00 -7.79 0.748  00  02R001M000  0.442
HIS+1A0276_005  1.000 -5.39 -2.83  0.00  0.00 -8.22 0.752  00  +1O000M000  0.460
HIS+1A0276_006  1.000 -5.04 -2.78  0.00  0.00 -7.83 0.748  00  +1R001M000  0.442
GLN01A0277_001  0.000 -2.24 -1.12  1.13  0.00 -2.23 0.748  00  01O000M000  0.598
GLN01A0277_002  0.000 -1.97 -0.13  1.13  0.00 -0.97 0.752  00  01R001M000  0.555
PRO01A0278_001  0.000 -1.47 -0.75  0.00  0.00 -2.22 1.000  00  01O000M000  0.176
GLU01A0279_001  0.000 -1.08999.00  4.91  0.00999.00 1.000  00  01O000M000  0.559
GLU01A0279_002  0.000 -1.08  1.80  2.19  0.00  2.91 1.000  00  01O000M000  0.559
GLU02A0279_003  0.000 -1.28  0.78  4.91  0.00  4.41 1.000  00  02O000M000  0.572
GLU02A0279_004  0.000 -1.28  0.78  2.19  0.00  1.69 1.000  00  02O000M000  0.572
GLU-1A0279_005 -1.000 -1.27  0.81  2.19  0.00  1.74 1.000  00  -1O000M000  0.561
ASP01A0280_001  0.000 -2.18 -1.28  3.13  0.00 -0.33 1.000  00  01O000M000  0.534
ASP01A0280_002  0.000 -2.18 -1.28  0.41  0.00 -3.05 1.000  00  01O000M000  0.534
ASP02A0280_003  0.000 -2.17 -1.63  3.13  0.00 -0.68 1.000  00  02O000M000  0.533
ASP02A0280_004  0.000 -2.17 -1.63  0.41  0.00 -3.40 1.000  00  02O000M000  0.533
ASP-1A0280_005 -1.000 -2.22 -1.56  0.41  0.00 -3.38 1.000  00  -1O000M000  0.544
ARG01A0281_001  0.000  1.59 15.32  1.61  0.00 18.52 1.000  00  01O000M000  0.000
ARG02A0281_002  0.000  1.54 15.28  1.61  0.00 18.44 1.000  00  02O000M000  0.000
ARG02A0281_003  0.000  1.60 15.24  1.61  0.00 18.45 1.000  00  02O000M000  0.000
ARG03A0281_004  0.000  1.54 15.26  1.61  0.00 18.41 1.000  00  03O000M000  0.000
ARG03A0281_005  0.000  1.54 15.35  1.61  0.00 18.51 1.000  00  03O000M000  0.000
ARG+1A0281_006  1.000  1.50 15.21  1.61  0.00 18.32 1.000  00  +1O000M000  0.000
PRO01A0282_001  0.000 -0.03 -3.04  0.00  0.00 -3.07 1.000  00  01O000M000  0.021
ASN01A0283_001  0.000 -1.61  2.27  0.31  0.00  0.97 1.000  00  01O000M000  0.416
PHE01A0284_001  0.000  4.45 -9.56  0.67  0.00 -4.44 1.000  00  01O000M000  0.000
ALA01A0285_001  0.000 -2.50 -0.50  0.00  0.00 -3.00 1.000  00  01O000M000  0.442
ILE01A0286_001  0.000 -0.80  2.06  0.50  0.00  1.77 1.000  00  01O000M000  0.320
ILE01A0287_001  0.000  1.91 -2.64  0.49  0.00 -0.25 1.000  00  01O000M000  0.000
LEU01A0288_001  0.000  0.47 -5.13  1.77  0.00 -2.89 1.000  00  01O000M000  0.119
GLU01A0289_001  0.000 -0.63 -1.99  3.48  0.00  0.86 1.000  00  01O000M000  0.719
GLU01A0289_002  0.000 -0.63 -1.99  0.76  0.00 -1.86 1.000  00  01O000M000  0.719
GLU02A0289_003  0.000 -1.11 -1.97  3.48  0.00  0.40 1.000  00  02O000M000  0.699
GLU02A0289_004  0.000 -1.11 -1.97  0.76  0.00 -2.32 1.000  00  02O000M000  0.699
GLU-1A0289_005 -1.000 -1.03 -1.94  0.76  0.00 -2.21 1.000  00  -1O000M000  0.697
ARG01A0290_001  0.000 -3.21 -2.76  0.87  0.00 -5.10 1.000  00  01O000M000  0.383
ARG02A0290_002  0.000 -3.24 -2.80  0.87  0.00 -5.16 1.000  00  02O000M000  0.383
ARG03A0290_003  0.000 -3.24 -2.80  0.87  0.00 -5.16 1.000  00  03O000M000  0.383
ARG+1A0290_004  1.000 -3.28 -2.80  0.87  0.00 -5.21 1.000  00  +1O000M000  0.383
ILE01A0291_001  0.000  2.91 -3.05  0.55  0.00  0.41 1.000  00  01O000M000  0.000
GLU01A0292_001  0.000 -1.62  1.96  4.24  0.00  4.58 1.000  00  01O000M000  0.466
GLU01A0292_002  0.000 -1.62  1.96  1.52  0.00  1.86 1.000  00  01O000M000  0.466
GLU02A0292_003  0.000 -1.73  1.65  4.24  0.00  4.16 1.000  00  02O000M000  0.495
GLU02A0292_004  0.000 -1.73  1.65  1.52  0.00  1.44 1.000  00  02O000M000  0.495
GLU-1A0292_005 -1.000 -1.75  1.69  1.52  0.00  1.46 1.000  00  -1O000M000  0.483
TYR01A0293_001  0.000 -5.75 -3.86  0.54  0.00 -9.07 1.000  00  01O000M000  0.692
TYR-1A0293_002 -1.000 -5.75 -3.86  0.54  0.00 -9.07 1.000  00  -1O000M000  0.692
CYS01A0294_001  0.000 -0.00 -3.25  0.32  0.00 -2.93 1.000  00  01O000M000  0.000
CYS01A0294_002  0.000 -0.00 -3.28  0.32  0.00 -2.97 1.000  00  01O000M000  0.000
CYS01A0294_003  0.000 -0.00 -3.24  0.32  0.00 -2.92 1.000  00  01O000M000  0.000
CYS-1A0294_004 -1.000  0.00 -3.15  0.32  0.00 -2.83 1.000  00  -1O000M000  0.000
THR01A0295_001  0.000 -0.59  3.95  0.63  0.00  3.99 0.672  00  01O000M000  0.091
THR01A0295_002  0.000 -0.59  3.95  0.26  0.00  3.62 0.672  00  01O000M000  0.091
GLN01A0296_001  0.000 -2.62 -3.14  1.36  0.00 -4.40 0.753  00  01O000M000  0.693
GLN01A0296_002  0.000 -2.34 -2.97  1.37  0.00 -3.93 0.747  00  01R001M000  0.647
ASP01A0297_001  0.000 -1.01  1.89  2.79  0.00  3.68 1.000  00  01O000M000  0.249
ASP01A0297_002  0.000 -1.01  1.89  0.07  0.00  0.96 1.000  00  01O000M000  0.249
ASP02A0297_003  0.000 -1.03  0.28  2.79  0.00  2.04 1.000  00  02O000M000  0.269
ASP02A0297_004  0.000 -1.03  0.28  0.07  0.00 -0.68 1.000  00  02O000M000  0.269
ASP-1A0297_005 -1.000 -0.96  0.36  0.07  0.00 -0.53 1.000  00  -1O000M000  0.244
PRO01A0298_001  0.000 -5.13  1.81  0.00  0.00 -3.32 1.000  00  01O000M000  0.542
ASP01A0299_001  0.000 -3.26  0.03  3.21  0.00 -0.02 1.000  00  01O000M000  0.773
ASP01A0299_002  0.000 -3.26  0.03  0.49  0.00 -2.74 1.000  00  01O000M000  0.773
ASP02A0299_003  0.000 -3.38 -0.39  3.21  0.00 -0.56 1.000  00  02O000M000  0.800
ASP02A0299_004  0.000 -3.38 -0.39  0.49  0.00 -3.28 1.000  00  02O000M000  0.800
ASP-1A0299_005 -1.000 -3.31 -0.35  0.49  0.00 -3.17 1.000  00  -1O000M000  0.792
VAL01A0300_001  0.000  0.61 -0.20  0.11  0.00  0.52 1.000  00  01O000M000  0.000
ILE01A0301_001  0.000  2.54 -4.66  0.40  0.00 -1.72 1.000  00  01O000M000  0.188
ASN01A0302_001  0.000 -2.71  0.60  0.66  0.00 -1.45 0.750  00  01O000M000  0.632
ASN01A0302_002  0.000 -2.83  1.49  0.66  0.00 -0.69 0.750  00  01R001M000  0.616
THR01A0303_001  0.000 -1.56 -0.82  0.39  0.00 -1.99 0.668  00  01O000M000  0.205
THR01A0303_002  0.000 -1.56 -0.82  0.01  0.00 -2.37 0.668  00  01O000M000  0.205
ALA01A0304_001  0.000 -4.12 -0.64  0.00  0.00 -4.76 1.000  00  01O000M000  0.748
LEU01A0305_001  0.000  1.63 -3.26  0.68  0.00 -0.95 1.000  00  01O000M000  0.013
PRO01A0306_001  0.000 -0.25 -1.62  0.00  0.00 -1.87 1.000  00  01O000M000  0.051
ILE01A0307_001  0.000  0.37  3.54  0.46  0.00  4.38 1.000  00  01O000M000  0.248
GLU01A0308_001  0.000  0.18  3.43  3.15  0.00  6.76 1.000  00  01O000M000  0.377
GLU01A0308_002  0.000  0.18  3.43  0.43  0.00  4.04 1.000  00  01O000M000  0.377
GLU02A0308_003  0.000  0.65  3.43  3.15  0.00  7.23 1.000  00  02O000M000  0.379
GLU02A0308_004  0.000  0.65  3.43  0.43  0.00  4.51 1.000  00  02O000M000  0.379
GLU-1A0308_005 -1.000  0.19  3.47  0.43  0.00  4.08 1.000  00  -1O000M000  0.375
TYR01A0309_001  0.000 -2.15 39.29  2.67  0.00 39.81 1.000  00  01O000M000  0.539
TYR01A0309_002  0.000 -2.15 39.29  2.67  0.00 39.81 1.000  00  01O000M000  0.539
TYR-1A0309_003 -1.000 -2.15 39.29  2.67  0.00 39.81 1.000  00  -1O000M000  0.539
VGH21B0001_001  2.000507.68999.00  0.00  0.00999.00 0.000  00  21O000M000  0.200
VGH21B0001_002  2.000507.67999.00  0.00  0.00999.00 0.000  00  21O000M000  0.199
VGH11B0001_003  1.000507.32999.00  0.00  0.00999.00 0.000  00  11O000M000  0.201
VGH01B0001_004 -0.000506.14999.00  0.00  0.00999.00 0.000  00  01O000M000  0.200
VGH12B0001_005  1.000506.53999.00  0.00  0.00999.00 0.000  00  12O000M000  0.198
VGHDMB0001_006  0.000  0.00  0.00  0.00  0.00  0.00 0.000  00  DMO000M000   -nan
