iConf CONFORMER     FL  occ    crg   Em0  pKa0 ne nH    vdw0    vdw1    tors    epol   dsolv   extra    history
00001 HIS01A0001_001 f 0.00  0.000     0  0.00  0  0  -9.036   3.767   0.197   0.654   0.415   0.000 01O000M000t
00002 HIS01A0001_002 f 0.00  0.000     0  0.00  0  0  -9.152   3.719   0.197   0.098   0.410   0.000 01R001M000t
00003 HIS02A0001_003 f 0.00  0.000     0  0.00  0  0  -9.053   3.743   0.197   0.483   0.182   0.000 02O000M000t
00004 HIS02A0001_004 f 0.00  0.000     0  0.00  0  0  -9.166   3.664   0.197   0.491   0.598   0.000 02R001M000t
00005 HIS+1A0001_005 f 0.00  1.000     0  6.98  0  1  -9.080   3.736   0.197   1.307   0.105   0.000 +1O000M000t
00006 HIS+1A0001_006 f 0.00  1.000     0  6.98  0  1  -9.192   3.659   0.197   1.400   0.153   0.000 +1R001M000t
00007 ALA01A0002_001 f 0.00  0.000     0  0.00  0  0  -0.634  -0.703   0.000   0.000   0.000   0.000 01O000M000t
00008 GLU01A0003_001 f 0.00  0.000     0  0.00  0  0  -1.692  -0.948   3.869   0.214   0.122   0.000 01O000M000t
00009 GLU01A0003_002 f 0.00  0.000     0  0.00  0  0  -1.692  -0.948   1.149   0.076   1.113   0.000 01O000M000t
00010 GLU02A0003_003 f 0.00  0.000     0  0.00  0  0  -1.679  -0.951   3.869   0.166   0.199   0.000 02O000M000t
00011 GLU02A0003_004 f 0.00  0.000     0  0.00  0  0  -1.679  -0.951   1.149   0.078   1.179   0.000 02O000M000t
00012 GLU-1A0003_005 f 0.00 -1.000     0  4.75  0 -1  -1.655  -0.921   1.149  -0.359   1.068   0.000 -1O000M000t
00013 ARG01A0004_001 f 0.00  0.000     0  0.00  0  0  -9.115  19.708   0.467   0.059  -0.246   0.000 01O000M000t
00014 ARG02A0004_002 f 0.00  0.000     0  0.00  0  0  -9.150  19.702   0.467   0.026   0.582   0.000 02O000M000t
00015 ARG03A0004_003 f 0.00  0.000     0  0.00  0  0  -9.146  19.702   0.467   0.004   0.748   0.000 03O000M000t
00016 ARG+1A0004_004 f 0.00  1.000     0 12.50  0  1  -9.192  19.701   0.467  -0.163  -0.147   0.000 +1O000M000t
00017 LEU01A0005_001 f 0.00  0.000     0  0.00  0  0  -0.728  -3.998   0.836   0.000   0.000   0.000 01O000M000t
00018 PRO01A0006_001 f 0.00  0.000     0  0.00  0  0  -5.141   2.267   0.000   0.000   0.000   0.000 01O000M000t
00019 TYR01A0007_001 f 0.00  0.000     0  0.00  0  0   2.601  -6.746   0.085  -0.307   2.586   0.000 01O000M000t
00020 TYR01A0007_002 f 0.00  0.000     0  0.00  0  0   2.601  -6.746   0.085  -0.055   2.517   0.000 01O000M000t
00021 TYR-1A0007_003 f 0.00 -1.000     0 10.20  0 -1   2.601  -6.746   0.085  -4.683  12.418   0.000 -1O000M000t
00022 ASP01A0008_001 f 0.00  0.000     0  0.00  0  0  -1.823  16.457   3.372  -1.106   1.191   0.000 01O000M000t
00023 ASP01A0008_002 f 0.00  0.000     0  0.00  0  0  -1.823  16.457   0.652   0.425   0.959   0.000 01O000M000t
00024 ASP02A0008_003 f 0.00  0.000     0  0.00  0  0  -1.782  12.482   3.372  -0.206   0.153   0.000 02O000M000t
00025 ASP02A0008_004 f 0.00  0.000     0  0.00  0  0  -1.782  12.482   0.652  -0.243   1.546   0.000 02O000M000t
00026 ASP-1A0008_005 f 0.00 -1.000     0  4.75  0 -1  -1.836  12.533   0.652  -1.266   2.910   0.000 -1O000M000t
00027 ALA01A0009_001 f 0.00  0.000     0  0.00  0  0  -2.196  -0.835   0.000   0.000   0.000   0.000 01O000M000t
00028 SER01A0010_001 f 0.00  0.000     0  0.00  0  0  -4.548  -0.748   0.382   0.388   0.563   0.000 01O000M000t
00029 SER01A0010_002 f 0.00  0.000     0  0.00  0  0  -4.548  -0.748   0.382  -0.052   0.465   0.000 01O000M000t
00030 SER01A0010_003 f 0.00  0.000     0  0.00  0  0  -4.548  -0.748   0.007  -0.844   0.145   0.000 01O000M000t
00031 LYS01A0011_001 f 0.00  0.000     0  0.00  0  0  -7.421   4.839   0.865   0.014   0.119   0.000 01O000M000t
00032 LYS+1A0011_002 f 0.00  1.000     0 10.40  0  1  -7.466   4.837   0.865  -0.445   0.024   0.000 +1O000M000t
00033 TRP01A0012_001 f 0.00  0.000     0  0.00  0  0   0.426  -8.383   0.026   0.000   0.000   0.000 01O000M000t
00034 GLU01A0013_001 f 0.00  0.000     0  0.00  0  0   1.245   0.128   3.663  -1.620   2.297   0.000 01O000M000t
00035 GLU01A0013_002 f 0.00  0.000     0  0.00  0  0   1.245   0.128   0.943   0.933   2.557   0.000 01O000M000t
00036 GLU02A0013_003 f 0.00  0.000     0  0.00  0  0   1.023   1.531   3.663  -2.185   1.592   0.000 02O000M000t
00037 GLU02A0013_004 f 0.00  0.000     0  0.00  0  0   1.023   1.531   0.943   3.903   2.945   0.000 02O000M000t
00038 GLU-1A0013_005 f 0.00 -1.000     0  4.75  0 -1   0.937   0.162   0.943  -7.579   9.412   0.000 -1O000M000t
00039 PHE01A0014_001 f 0.00  0.000     0  0.00  0  0   3.420  -6.364   0.219   0.000   0.000   0.000 01O000M000t
00040 PRO01A0015_001 f 0.00  0.000     0  0.00  0  0  -2.210   5.953   0.000   0.000   0.000   0.000 01O000M000t
00041 ARG01A0016_001 f 0.00  0.000     0  0.00  0  0   1.860  -2.087   0.697  -1.644   3.628   0.000 01O000M000t
00042 ARG02A0016_002 f 0.00  0.000     0  0.00  0  0   1.842  -2.277   0.697  -0.763   4.102   0.000 02O000M000t
00043 ARG02A0016_003 f 0.00  0.000     0  0.00  0  0   1.845  -2.089   0.697  -0.153   4.088   0.000 02O000M000t
00044 ARG03A0016_004 f 0.00  0.000     0  0.00  0  0   1.854  -2.173   0.697  -2.043   3.909   0.000 03O000M000t
00045 ARG+1A0016_005 f 0.00  1.000     0 12.50  0  1   1.803  -2.301   0.697  -3.915   5.794   0.000 +1O000M000t
00046 ASP01A0017_001 f 0.00  0.000     0  0.00  0  0  -2.580  -1.374   4.589   1.725   0.121   0.000 01O000M000t
00047 ASP01A0017_002 f 0.00  0.000     0  0.00  0  0  -2.580  -1.374   1.869   0.288   0.560   0.000 01O000M000t
00048 ASP02A0017_003 f 0.00  0.000     0  0.00  0  0  -2.714  -1.440   4.589  -0.034  -0.102   0.000 02O000M000t
00049 ASP02A0017_004 f 0.00  0.000     0  0.00  0  0  -2.714  -1.440   1.869  -0.025   1.036   0.000 02O000M000t
00050 ASP-1A0017_005 f 0.00 -1.000     0  4.75  0 -1  -2.551  -1.435   1.869  -1.239   1.799   0.000 -1O000M000t
00051 ARG01A0018_001 f 0.00  0.000     0  0.00  0  0  -3.651  -2.294   1.530  -0.701   0.746   0.000 01O000M000t
00052 ARG02A0018_002 f 0.00  0.000     0  0.00  0  0  -3.695  -2.301   1.530  -0.568   1.708   0.000 02O000M000t
00053 ARG03A0018_003 f 0.00  0.000     0  0.00  0  0  -3.627  -2.241   1.530   0.227   1.160   0.000 03O000M000t
00054 ARG+1A0018_004 f 0.00  1.000     0 12.50  0  1  -3.733  -2.304   1.530  -1.463   1.477   0.000 +1O000M000t
00055 LEU01A0019_001 f 0.00  0.000     0  0.00  0  0   2.128  -5.387   0.640   0.000   0.000   0.000 01O000M000t
00056 LYS01A0020_001 f 0.00  0.000     0  0.00  0  0  -9.333  -0.198   0.928   0.004   0.068   0.000 01O000M000t
00057 LYS+1A0020_002 f 0.00  1.000     0 10.40  0  1  -9.381  -0.199   0.928  -0.006  -0.676   0.000 +1O000M000t
00058 LEU01A0021_001 f 0.00  0.000     0  0.00  0  0  -1.658   0.222   0.809   0.000   0.000   0.000 01O000M000t
00059 LYS01A0023_001 f 0.00  0.000     0  0.00  0  0  -8.907  -0.960   0.926  -0.012  -0.071   0.000 01O000M000t
00060 LYS+1A0023_002 f 0.00  1.000     0 10.40  0  1  -8.955  -0.961   0.926  -0.009  -0.132   0.000 +1O000M000t
00061 PRO01A0024_001 f 0.00  0.000     0  0.00  0  0  -3.914   1.429   0.000   0.000   0.000   0.000 01O000M000t
00062 LEU01A0025_001 f 0.00  0.000     0  0.00  0  0   1.593  -5.644   0.578   0.000   0.000   0.000 01O000M000t
00063 ARG01A0027_001 f 0.00  0.000     0  0.00  0  0  -7.766   9.963   0.467   0.095  -0.081   0.000 01O000M000t
00064 ARG02A0027_002 f 0.00  0.000     0  0.00  0  0  -7.804   9.943   0.467   0.029   1.060   0.000 02O000M000t
00065 ARG02A0027_003 f 0.00  0.000     0  0.00  0  0  -7.800   9.946   0.467   0.038   0.673   0.000 02O000M000t
00066 ARG03A0027_004 f 0.00  0.000     0  0.00  0  0  -7.797   9.943   0.467   0.030   0.866   0.000 03O000M000t
00067 ARG+1A0027_005 f 0.00  1.000     0 12.50  0  1  -7.842   9.942   0.467   0.270   0.457   0.000 +1O000M000t
00068 ALA01A0029_001 f 0.00  0.000     0  0.00  0  0  -4.446  -0.291   0.000   0.000   0.000   0.000 01O000M000t
00069 PHE01A0030_001 f 0.00  0.000     0  0.00  0  0   3.418  -9.920   0.242   0.000   0.000   0.000 01O000M000t
00070 GLN01A0032_001 f 0.00  0.000     0  0.00  0  0   2.225   0.114   2.301   0.038   0.720   0.000 01O000M000t
00071 GLN01A0032_002 f 0.00  0.000     0  0.00  0  0   0.582   0.145   2.302  -0.001   0.455   0.000 01R001M000t
00072 VAL01A0033_001 f 0.00  0.000     0  0.00  0  0   0.648  -3.348   0.045   0.000   0.000   0.000 01O000M000t
00073 ILE01A0034_001 f 0.00  0.000     0  0.00  0  0   3.116   3.227   1.100   0.000   0.000   0.000 01O000M000t
00074 GLU01A0035_001 f 0.00  0.000     0  0.00  0  0  -0.190  -3.607   3.741   0.222   0.943   0.000 01O000M000t
00075 GLU01A0035_002 f 0.00  0.000     0  0.00  0  0  -0.190  -3.607   1.021   0.105   0.820   0.000 01O000M000t
00076 GLU02A0035_003 f 0.00  0.000     0  0.00  0  0  -0.486  -3.600   3.741   0.243   0.387   0.000 02O000M000t
00077 GLU02A0035_004 f 0.00  0.000     0  0.00  0  0  -0.486  -3.600   1.021   0.132   0.869   0.000 02O000M000t
00078 GLU-1A0035_005 f 0.00 -1.000     0  4.75  0 -1  -0.501  -3.558   1.021  -0.286   1.756   0.000 -1O000M000t
00079 ALA01A0036_001 f 0.00  0.000     0  0.00  0  0   0.000   0.656   0.000   0.000   0.000   0.000 01O000M000t
00080 ASP01A0037_001 f 0.00  0.000     0  0.00  0  0  -1.016  -3.803   3.933   0.633   0.621   0.000 01O000M000t
00081 ASP01A0037_002 f 0.00  0.000     0  0.00  0  0  -1.016  -3.803   1.213   0.257   0.318   0.000 01O000M000t
00082 ASP02A0037_003 f 0.00  0.000     0  0.00  0  0  -1.066  -3.868   3.933   0.322   0.434   0.000 02O000M000t
00083 ASP02A0037_004 f 0.00  0.000     0  0.00  0  0  -1.066  -3.868   1.213   0.220   1.015   0.000 02O000M000t
00084 ASP-1A0037_005 f 0.00 -1.000     0  4.75  0 -1  -1.134  -3.800   1.213  -0.490   1.330   0.000 -1O000M000t
00085 ALA01A0038_001 f 0.00  0.000     0  0.00  0  0   0.000  -1.630   0.000   0.000   0.000   0.000 01O000M000t
00086 PHE01A0039_001 f 0.00  0.000     0  0.00  0  0  -3.414  -3.685   0.155   0.000   0.000   0.000 01O000M000t
00087 ILE01A0041_001 f 0.00  0.000     0  0.00  0  0   1.175  -0.392   0.912   0.000   0.000   0.000 01O000M000t
00088 ASP01A0042_001 f 0.00  0.000     0  0.00  0  0  -0.166   2.580   3.524   2.177   1.907   0.000 01O000M000t
00089 ASP01A0042_002 f 0.00  0.000     0  0.00  0  0  -0.166   2.580   0.804   0.087   2.220   0.000 01O000M000t
00090 ASP02A0042_003 f 0.00  0.000     0  0.00  0  0  -0.054   0.978   3.524  -0.462   2.188   0.000 02O000M000t
00091 ASP02A0042_004 f 0.00  0.000     0  0.00  0  0  -0.054   0.978   0.804  -0.671   2.318   0.000 02O000M000t
00092 ASP-1A0042_005 f 0.00 -1.000     0  4.75  0 -1  -0.185   1.069   0.804  -4.373   7.406   0.000 -1O000M000t
00093 LYS01A0043_001 f 0.00  0.000     0  0.00  0  0 -11.376  -1.045   1.078   0.014  -0.110   0.000 01O000M000t
00094 LYS+1A0043_002 f 0.00  1.000     0 10.40  0  1 -11.419  -1.046   1.078  -0.292  -0.229   0.000 +1O000M000t
00095 THR01A0044_001 f 0.00  0.000     0  0.00  0  0  -6.445   7.280   0.378  -0.767   0.149   0.000 01O000M000t
00096 ALA01A0045_001 f 0.00  0.000     0  0.00  0  0  -1.133  13.936   0.000   0.000   0.000   0.000 01O000M000t
00097 THR01A0046_001 f 0.00  0.000     0  0.00  0  0  -5.586   0.090   0.415  -0.297  -0.095   0.000 01O000M000t
00098 CYS01A0047_001 f 0.00  0.000     0  0.00  0  0  -3.128  -2.069   0.101  -0.118   0.328   0.000 01O000M000t
00099 CYS01A0047_002 f 0.00  0.000     0  0.00  0  0  -3.128  -2.053   0.101  -0.200   0.286   0.000 01O000M000t
00100 CYS01A0047_003 f 0.00  0.000     0  0.00  0  0  -3.129  -2.006   0.101  -0.425   0.094   0.000 01O000M000t
00101 CYS-1A0047_004 f 0.00 -1.000     0  9.10  0 -1  -3.126  -1.989   0.101  -2.193   1.400   0.000 -1O000M000t
00102 ARG01A0048_001 f 0.00  0.000     0  0.00  0  0  -2.094  -3.195   0.569   0.238   1.703   0.000 01O000M000t
00103 ARG02A0048_002 f 0.00  0.000     0  0.00  0  0  -2.131  -3.230   0.569   0.233   2.778   0.000 02O000M000t
00104 ARG02A0048_003 f 0.00  0.000     0  0.00  0  0  -2.070  -3.223   0.569  -0.062   2.381   0.000 02O000M000t
00105 ARG03A0048_004 f 0.00  0.000     0  0.00  0  0  -2.137  -3.224   0.569   0.210   2.514   0.000 03O000M000t
00106 ARG+1A0048_005 f 0.00  1.000     0 12.50  0  1  -2.175  -3.238   0.569   0.768   3.137   0.000 +1O000M000t
00107 THR01A0049_001 f 0.00  0.000     0  0.00  0  0  -2.773  -1.179   0.467  -0.198  -0.077   0.000 01O000M000t
00108 THR01A0049_002 f 0.00  0.000     0  0.00  0  0  -2.773  -1.179   0.092  -0.314  -0.199   0.000 01O000M000t
00109 VAL01A0050_001 f 0.00  0.000     0  0.00  0  0   0.679  -1.649   0.027   0.000   0.000   0.000 01O000M000t
00110 ALA01A0051_001 f 0.00  0.000     0  0.00  0  0   0.000  -1.906   0.000   0.000   0.000   0.000 01O000M000t
00111 VAL01A0052_001 f 0.00  0.000     0  0.00  0  0   0.711  -1.414   0.113   0.000   0.000   0.000 01O000M000t
00112 LYS01A0053_001 f 0.00  0.000     0  0.00  0  0   1.189  -0.304   1.221  -1.140   1.469   0.000 01O000M000t
00113 LYS+1A0053_002 f 0.00  1.000     0 10.40  0  1   1.140  -0.423   1.221  -8.412  14.306   0.000 +1O000M000t
00114 MET01A0054_001 f 0.00  0.000     0  0.00  0  0  -1.582  -4.649   1.375   0.012   0.083   0.000 01O000M000t
00115 LEU01A0055_001 f 0.00  0.000     0  0.00  0  0   1.897  -1.368   0.430   0.000   0.000   0.000 01O000M000t
00116 LYS01A0056_001 f 0.00  0.000     0  0.00  0  0  -4.347  -3.313   0.873   0.430   0.485   0.000 01O000M000t
00117 LYS+1A0056_002 f 0.00  1.000     0 10.40  0  1  -4.391  -3.345   0.873  -1.206   1.996   0.000 +1O000M000t
00118 GLU01A0057_001 f 0.00  0.000     0  0.00  0  0  -2.716  -1.055   4.236   0.156   0.112   0.000 01O000M000t
00119 GLU01A0057_002 f 0.00  0.000     0  0.00  0  0  -2.716  -1.055   1.516   0.051   0.687   0.000 01O000M000t
00120 GLU02A0057_003 f 0.00  0.000     0  0.00  0  0  -2.957  -1.046   4.236   0.059  -0.501   0.000 02O000M000t
00121 GLU02A0057_004 f 0.00  0.000     0  0.00  0  0  -2.957  -1.046   1.516   0.047   0.462   0.000 02O000M000t
00122 GLU-1A0057_005 f 0.00 -1.000     0  4.75  0 -1  -2.914  -1.027   1.516  -0.047   0.209   0.000 -1O000M000t
00123 ALA01A0059_001 f 0.00  0.000     0  0.00  0  0  -0.103  -0.573   0.000   0.000   0.000   0.000 01O000M000t
00124 THR01A0060_001 f 0.00  0.000     0  0.00  0  0  -4.365   0.310   0.555  -0.575   1.651   0.000 01O000M000t
00125 THR01A0060_002 f 0.00  0.000     0  0.00  0  0  -4.365   0.310   0.180  -1.955   0.473   0.000 01O000M000t
00126 HIS01A0061_001 f 0.00  0.000     0  0.00  0  0  -9.739  -0.823   1.863   0.689   0.753   0.000 01O000M000t
00127 HIS01A0061_002 f 0.00  0.000     0  0.00  0  0  -9.708  -0.282   1.863   0.403   0.206   0.000 01R001M000t
00128 HIS02A0061_003 f 0.00  0.000     0  0.00  0  0  -9.756  -0.914   1.863  -0.000   0.548   0.000 02O000M000t
00129 HIS02A0061_004 f 0.00  0.000     0  0.00  0  0  -9.722  -0.290   1.863   0.204   0.158   0.000 02R001M000t
00130 HIS+1A0061_005 f 0.00  1.000     0  6.98  0  1  -9.783  -0.917   1.863   0.152   0.368   0.000 +1O000M000t
00131 HIS+1A0061_006 f 0.00  1.000     0  6.98  0  1  -9.749  -0.295   1.863   0.397  -0.138   0.000 +1R001M000t
00132 SER01A0062_001 f 0.00  0.000     0  0.00  0  0  -4.291   0.025   0.544   0.142   0.167   0.000 01O000M000t
00133 GLU01A0063_001 f 0.00  0.000     0  0.00  0  0   0.229   3.574   3.616   1.616   1.771   0.000 01O000M000t
00134 GLU01A0063_002 f 0.00  0.000     0  0.00  0  0   0.229   3.574   0.896  -0.344   1.422   0.000 01O000M000t
00135 GLU02A0063_003 f 0.00  0.000     0  0.00  0  0  -0.008   6.136   3.616  -0.227   0.469   0.000 02O000M000t
00136 GLU02A0063_004 f 0.00  0.000     0  0.00  0  0  -0.008   6.136   0.896  -0.492   1.649   0.000 02O000M000t
00137 GLU-1A0063_005 f 0.00 -1.000     0  4.75  0 -1  -0.038   3.678   0.896  -2.343   3.659   0.000 -1O000M000t
00138 HIS01A0064_001 f 0.00  0.000     0  0.00  0  0  -4.329  -4.065   1.516   0.594   1.302   0.000 01O000M000t
00139 HIS01A0064_002 f 0.00  0.000     0  0.00  0  0  -4.456  -3.998   1.516   0.463   0.787   0.000 01R001M000t
00140 HIS02A0064_003 f 0.00  0.000     0  0.00  0  0  -4.347  -4.128   1.516   0.274   1.081   0.000 02O000M000t
00141 HIS02A0064_004 f 0.00  0.000     0  0.00  0  0  -4.469  -4.011   1.516   0.397   1.093   0.000 02R001M000t
00142 HIS+1A0064_005 f 0.00  1.000     0  6.98  0  1  -4.374  -4.146   1.516   0.435   1.200   0.000 +1O000M000t
00143 HIS+1A0064_006 f 0.00  1.000     0  6.98  0  1  -4.496  -4.026   1.516   0.495   1.072   0.000 +1R001M000t
00144 ARG01A0065_001 f 0.00  0.000     0  0.00  0  0  -4.558  -1.624   0.513   0.172   0.251   0.000 01O000M000t
00145 ARG02A0065_002 f 0.00  0.000     0  0.00  0  0  -4.596  -1.639   0.513   0.064   1.344   0.000 02O000M000t
00146 ARG03A0065_003 f 0.00  0.000     0  0.00  0  0  -4.589  -1.638   0.513   0.062   1.323   0.000 03O000M000t
00147 ARG03A0065_004 f 0.00  0.000     0  0.00  0  0  -4.541  -1.634   0.513   0.044   1.138   0.000 03O000M000t
00148 ARG+1A0065_005 f 0.00  1.000     0 12.50  0  1  -4.635  -1.640   0.513  -0.087   0.656   0.000 +1O000M000t
00149 ALA01A0066_001 f 0.00  0.000     0  0.00  0  0  -1.236  -0.160   0.000   0.000   0.000   0.000 01O000M000t
00150 LEU01A0067_001 f 0.00  0.000     0  0.00  0  0   1.708  -4.003   0.491   0.000   0.000   0.000 01O000M000t
00151 MET01A0068_001 f 0.00  0.000     0  0.00  0  0  -0.345  -2.960   1.193  -0.055   0.074   0.000 01O000M000t
00152 SER01A0069_001 f 0.00  0.000     0  0.00  0  0  -0.720  -2.510   0.426   0.142   1.141   0.000 01O000M000t
00153 SER01A0069_002 f 0.00  0.000     0  0.00  0  0  -0.720  -2.510   0.426  -1.149   0.972   0.000 01O000M000t
00154 GLU01A0070_001 f 0.00  0.000     0  0.00  0  0   0.827  -3.508   3.548   0.623   1.671   0.000 01O000M000t
00155 GLU01A0070_002 f 0.00  0.000     0  0.00  0  0   0.827  -3.508   0.828  -0.584   2.934   0.000 01O000M000t
00156 GLU02A0070_003 f 0.00  0.000     0  0.00  0  0   0.756  -3.482   3.548   0.726   2.564   0.000 02O000M000t
00157 GLU02A0070_004 f 0.00  0.000     0  0.00  0  0   0.756  -3.482   0.828   0.018   2.610   0.000 02O000M000t
00158 GLU-1A0070_005 f 0.00 -1.000     0  4.75  0 -1   0.643  -3.420   0.828   0.986  11.341   0.000 -1O000M000t
00159 LEU01A0071_001 f 0.00  0.000     0  0.00  0  0   1.788  -1.018   0.909   0.000   0.000   0.000 01O000M000t
00160 LYS01A0072_001 f 0.00  0.000     0  0.00  0  0  -0.975   0.149   0.941  -0.225   0.441   0.000 01O000M000t
00161 LYS+1A0072_002 f 0.00  1.000     0 10.40  0  1  -1.019   0.043   0.941  -2.411   2.881   0.000 +1O000M000t
00162 ILE01A0073_001 f 0.00  0.000     0  0.00  0  0   1.404   5.883   0.429   0.000   0.000   0.000 01O000M000t
00163 LEU01A0074_001 f 0.00  0.000     0  0.00  0  0   1.790   1.351   1.381   0.000   0.000   0.000 01O000M000t
00164 ILE01A0075_001 f 0.00  0.000     0  0.00  0  0   1.270   6.964   0.497   0.000   0.000   0.000 01O000M000t
00165 HIS01A0076_001 f 0.00  0.000     0  0.00  0  0  -3.995  -4.417   0.118   0.278   1.063   0.000 01O000M000t
00166 HIS01A0076_002 f 0.00  0.000     0  0.00  0  0  -3.506  -4.179   0.118   0.708   1.323   0.000 01R001M000t
00167 HIS02A0076_003 f 0.00  0.000     0  0.00  0  0  -4.013  -4.386   0.118   0.600   1.051   0.000 02O000M000t
00168 HIS02A0076_004 f 0.00  0.000     0  0.00  0  0  -3.520  -4.235   0.118   0.021   1.626   0.000 02R001M000t
00169 HIS+1A0076_005 f 0.00  1.000     0  6.98  0  1  -4.039  -4.456   0.118  -0.574   1.133   0.000 +1O000M000t
00170 HIS+1A0076_006 f 0.00  1.000     0  6.98  0  1  -3.546  -4.244   0.118  -0.470   2.107   0.000 +1R001M000t
00171 ILE01A0077_001 f 0.00  0.000     0  0.00  0  0   1.977   7.068   0.434   0.000   0.000   0.000 01O000M000t
00172 HIS01A0079_001 f 0.00  0.000     0  0.00  0  0  -6.920  -3.727   0.040   0.425   1.310   0.000 01O000M000t
00173 HIS01A0079_002 f 0.00  0.000     0  0.00  0  0  -6.495  -3.766   0.040   0.162   1.063   0.000 01R001M000t
00174 HIS02A0079_003 f 0.00  0.000     0  0.00  0  0  -6.939  -3.753   0.040  -0.131   1.034   0.000 02O000M000t
00175 HIS02A0079_004 f 0.00  0.000     0  0.00  0  0  -6.508  -3.788   0.040   0.201   1.173   0.000 02R001M000t
00176 HIS+1A0079_005 f 0.00  1.000     0  6.98  0  1  -6.966  -3.776   0.040   0.345   0.981   0.000 +1O000M000t
00177 HIS+1A0079_006 f 0.00  1.000     0  6.98  0  1  -6.535  -3.812   0.040   0.345   1.345   0.000 +1R001M000t
00178 HIS01A0080_001 f 0.00  0.000     0  0.00  0  0  -1.910   0.950   0.048  -2.842   2.448   0.000 01O000M000t
00179 HIS02A0080_002 f 0.00  0.000     0  0.00  0  0  -1.928 999.000   0.048   4.627   2.215   0.000 02O000M000t
00180 HIS+1A0080_003 f 0.00  1.000     0  6.98  0  1  -1.955 999.000   0.048   7.860   4.513   0.000 +1O000M000t
00181 LEU01A0081_001 f 0.00  0.000     0  0.00  0  0  -4.340   2.819   0.662   0.000   0.000   0.000 01O000M000t
00182 ASN01A0082_001 f 0.00  0.000     0  0.00  0  0   0.169  -4.334   1.294  -1.482   1.700   0.000 01O000M000t
00183 VAL01A0083_001 f 0.00  0.000     0  0.00  0  0   0.550  -2.662   0.059   0.000   0.000   0.000 01O000M000t
00184 VAL01A0084_001 f 0.00  0.000     0  0.00  0  0   0.597   3.530   0.573   0.000   0.000   0.000 01O000M000t
00185 ASN01A0085_001 f 0.00  0.000     0  0.00  0  0  -1.073   0.869   0.241  -0.899   1.336   0.000 01O000M000t
00186 ASN01A0085_002 f 0.00  0.000     0  0.00  0  0  -1.021  -0.993   0.241   1.305   1.477   0.000 01R001M000t
00187 LEU01A0086_001 f 0.00  0.000     0  0.00  0  0   1.490  -3.882   0.747   0.000   0.000   0.000 01O000M000t
00188 LEU01A0087_001 f 0.00  0.000     0  0.00  0  0   0.541  -4.480   0.471   0.000   0.000   0.000 01O000M000t
00189 ALA01A0089_001 f 0.00  0.000     0  0.00  0  0   0.000  -0.252   0.000   0.000   0.000   0.000 01O000M000t
00190 CYS01A0090_001 f 0.00  0.000     0  0.00  0  0  -0.002  -2.217   0.009  -1.314   0.942   0.000 01O000M000t
00191 CYS01A0090_002 f 0.00  0.000     0  0.00  0  0  -0.002  -2.629   0.009   0.195   0.958   0.000 01O000M000t
00192 CYS01A0090_003 f 0.00  0.000     0  0.00  0  0  -0.002  -2.580   0.009   0.082   0.948   0.000 01O000M000t
00193 CYS-1A0090_004 f 0.00 -1.000     0  9.10  0 -1   0.000  -2.520   0.009   0.492  11.024   0.000 -1O000M000t
00194 THR01A0091_001 f 0.00  0.000     0  0.00  0  0  -0.797  -0.606   0.625   1.281   1.535   0.000 01O000M000t
00195 THR01A0091_002 f 0.00  0.000     0  0.00  0  0  -0.797  -0.606   0.625  -0.169   0.886   0.000 01O000M000t
00196 THR01A0091_003 f 0.00  0.000     0  0.00  0  0  -0.797  -0.606   0.250  -1.416   1.114   0.000 01O000M000t
00197 LYS01A0092_001 f 0.00  0.000     0  0.00  0  0  -6.603  -1.830   0.896  -0.066   0.003   0.000 01O000M000t
00198 LYS+1A0092_002 f 0.00  1.000     0 10.40  0  1  -6.647  -1.835   0.896   0.295   0.116   0.000 +1O000M000t
00199 PRO01A0093_001 f 0.00  0.000     0  0.00  0  0  -7.382  -0.546   0.000   0.000   0.000   0.000 01O000M000t
00200 PRO01A0096_001 f 0.00  0.000     0  0.00  0  0  -0.865  -2.236   0.000   0.000   0.000   0.000 01O000M000t
00201 LEU01A0097_001 f 0.00  0.000     0  0.00  0  0   1.664   0.082   0.452   0.000   0.000   0.000 01O000M000t
00202 MET01A0098_001 f 0.00  0.000     0  0.00  0  0   1.158  -3.734   0.369  -0.048   0.085   0.000 01O000M000t
00203 VAL01A0099_001 f 0.00  0.000     0  0.00  0  0   0.595  -2.293   0.004   0.000   0.000   0.000 01O000M000t
00204 ILE01A0100_001 f 0.00  0.000     0  0.00  0  0   2.559  -3.652   0.606   0.000   0.000   0.000 01O000M000t
00205 THR01A0101_001 f 0.00  0.000     0  0.00  0  0   0.222  -0.009   0.985  -0.060   1.993   0.000 01O000M000t
00206 THR01A0101_002 f 0.00  0.000     0  0.00  0  0   0.222  -0.009   0.985  -1.815   1.989   0.000 01O000M000t
00207 THR01A0101_003 f 0.00  0.000     0  0.00  0  0   0.222  -0.009   0.610  -0.112   1.994   0.000 01O000M000t
00208 GLU01A0102_001 f 0.00  0.000     0  0.00  0  0   0.586  -0.456   3.637  -0.759   1.591   0.000 01O000M000t
00209 GLU01A0102_002 f 0.00  0.000     0  0.00  0  0   0.586  -0.456   0.917  -1.032   2.070   0.000 01O000M000t
00210 GLU02A0102_003 f 0.00  0.000     0  0.00  0  0   0.478 999.000   3.637   4.081   1.832   0.000 02O000M000t
00211 GLU02A0102_004 f 0.00  0.000     0  0.00  0  0   0.478   0.004   0.917  -0.459   1.890   0.000 02O000M000t
00212 GLU-1A0102_005 f 0.00 -1.000     0  4.75  0 -1   0.357  -0.377   0.917  -2.946   6.869   0.000 -1O000M000t
00213 PHE01A0103_001 f 0.00  0.000     0  0.00  0  0   2.447  -7.334   0.078   0.000   0.000   0.000 01O000M000t
00214 CYS01A0104_001 f 0.00  0.000     0  0.00  0  0  -0.002  -3.393   0.259  -0.252   0.930   0.000 01O000M000t
00215 CYS01A0104_002 f 0.00  0.000     0  0.00  0  0  -0.002  -3.421   0.259  -0.179   0.983   0.000 01O000M000t
00216 CYS01A0104_003 f 0.00  0.000     0  0.00  0  0  -0.002  -3.384   0.259  -0.152   0.976   0.000 01O000M000t
00217 CYS-1A0104_004 f 0.00 -1.000     0  9.10  0 -1   0.000  -3.343   0.259  -3.183  12.250   0.000 -1O000M000t
00218 LYS01A0105_001 f 0.00  0.000     0  0.00  0  0  -5.399  -0.941   1.118  -0.022   0.167   0.000 01O000M000t
00219 LYS+1A0105_002 f 0.00  1.000     0 10.40  0  1  -5.445  -0.943   1.118   0.212   0.073   0.000 +1O000M000t
00220 PHE01A0106_001 f 0.00  0.000     0  0.00  0  0  -0.478  -4.044   0.218   0.000   0.000   0.000 01O000M000t
00221 ASN01A0108_001 f 0.00  0.000     0  0.00  0  0  -0.509   0.194   1.618  -2.454   1.530   0.000 01O000M000t
00222 LEU01A0109_001 f 0.00  0.000     0  0.00  0  0   1.832  -3.570   0.623   0.000   0.000   0.000 01O000M000t
00223 SER01A0110_001 f 0.00  0.000     0  0.00  0  0  -0.445  -2.687   0.744  -0.879   1.580   0.000 01O000M000t
00224 SER01A0110_002 f 0.00  0.000     0  0.00  0  0  -0.445  -2.687   0.744  -0.241   1.539   0.000 01O000M000t
00225 THR01A0111_001 f 0.00  0.000     0  0.00  0  0  -4.664  -0.398   0.376  -0.502   0.243   0.000 01O000M000t
00226 THR01A0111_002 f 0.00  0.000     0  0.00  0  0  -4.664  -0.398   0.001  -0.708   0.369   0.000 01O000M000t
00227 TYR01A0112_001 f 0.00  0.000     0  0.00  0  0   2.278  -4.983   0.017   0.340   1.253   0.000 01O000M000t
00228 TYR-1A0112_002 f 0.00 -1.000     0 10.20  0 -1   2.278  -4.983   0.017   0.015   5.490   0.000 -1O000M000t
00229 LEU01A0113_001 f 0.00  0.000     0  0.00  0  0   1.775  -1.465   0.922   0.000   0.000   0.000 01O000M000t
00230 ARG01A0114_001 f 0.00  0.000     0  0.00  0  0  -2.818  -3.927   3.027   1.107   1.683   0.000 01O000M000t
00231 ARG02A0114_002 f 0.00  0.000     0  0.00  0  0  -2.846  -3.947   3.027   0.008   2.395   0.000 02O000M000t
00232 ARG03A0114_003 f 0.00  0.000     0  0.00  0  0  -2.833  -4.011   3.027   0.127   2.303   0.000 03O000M000t
00233 ARG+1A0114_004 f 0.00  1.000     0 12.50  0  1  -2.886  -4.031   3.027  -1.207   2.054   0.000 +1O000M000t
00234 SER01A0115_001 f 0.00  0.000     0  0.00  0  0  -2.940   0.502   1.074  -1.989   1.472   0.000 01O000M000t
00235 SER01A0115_002 f 0.00  0.000     0  0.00  0  0  -2.940   0.502   1.074   0.157   0.913   0.000 01O000M000t
00236 LYS01A0116_001 f 0.00  0.000     0  0.00  0  0   0.377  -2.673   1.446  -0.315   0.431   0.000 01O000M000t
00237 LYS+1A0116_002 f 0.00  1.000     0 10.40  0  1   0.328  -2.645   1.446  -2.139   3.166   0.000 +1O000M000t
00238 ARG01A0117_001 f 0.00  0.000     0  0.00  0  0  -1.964  -5.100   1.021   1.764   2.021   0.000 01O000M000t
00239 ARG02A0117_002 f 0.00  0.000     0  0.00  0  0  -1.987  -4.970   1.021  -0.905   2.853   0.000 02O000M000t
00240 ARG03A0117_003 f 0.00  0.000     0  0.00  0  0  -1.883  -5.019   1.021  -0.705   2.335   0.000 03O000M000t
00241 ARG+1A0117_004 f 0.00  1.000     0 12.50  0  1  -2.026  -5.030   1.021  -3.916   4.648   0.000 +1O000M000t
00242 ASN01A0118_001 f 0.00  0.000     0  0.00  0  0  -3.827   1.106   0.430   0.164  -0.014   0.000 01O000M000t
00243 ASN01A0118_002 f 0.00  0.000     0  0.00  0  0  -3.517   0.331   0.430   0.196  -0.261   0.000 01R001M000t
00244 GLU01A0119_001 f 0.00  0.000     0  0.00  0  0   0.140  -1.889   2.980   0.245   0.021   0.000 01O000M000t
00245 GLU01A0119_002 f 0.00  0.000     0  0.00  0  0   0.140  -1.889   0.260   0.215   1.231   0.000 01O000M000t
00246 GLU02A0119_003 f 0.00  0.000     0  0.00  0  0   0.781  -1.940   2.980  -0.364   1.276   0.000 02O000M000t
00247 GLU02A0119_004 f 0.00  0.000     0  0.00  0  0   0.781  -1.940   0.260   0.075   0.753   0.000 02O000M000t
00248 GLU-1A0119_005 f 0.00 -1.000     0  4.75  0 -1   0.131  -1.853   0.260   0.934   1.711   0.000 -1O000M000t
00249 PHE01A0120_001 f 0.00  0.000     0  0.00  0  0   3.852  -7.639   0.293   0.000   0.000   0.000 01O000M000t
00250 VAL01A0121_001 f 0.00  0.000     0  0.00  0  0  -0.902   1.146   0.020   0.000   0.000   0.000 01O000M000t
00251 PRO01A0122_001 f 0.00  0.000     0  0.00  0  0  -3.841  -0.498   0.000   0.000   0.000   0.000 01O000M000t
00252 TYR01A0123_001 f 0.00  0.000     0  0.00  0  0  -2.558  -4.621   0.169   0.125   0.737   0.000 01O000M000t
00253 TYR-1A0123_002 f 0.00 -1.000     0 10.20  0 -1  -2.558  -4.621   0.169  -0.370   1.975   0.000 -1O000M000t
00254 LYS01A0124_001 f 0.00  0.000     0  0.00  0  0  -2.134  -4.706   1.625   0.370   0.325   0.000 01O000M000t
00255 LYS+1A0124_002 f 0.00  1.000     0 10.40  0  1  -2.179  -4.850   1.625   0.208   3.412   0.000 +1O000M000t
00256 VAL01A0125_001 f 0.00  0.000     0  0.00  0  0  -4.472   2.287   0.040   0.000   0.000   0.000 01O000M000t
00257 ALA01A0126_001 f 0.00  0.000     0  0.00  0  0  -4.221  -0.936   0.000   0.000   0.000   0.000 01O000M000t
00258 PRO01A0127_001 f 0.00  0.000     0  0.00  0  0  -3.986  -1.031   0.000   0.000   0.000   0.000 01O000M000t
00259 GLU01A0128_001 f 0.00  0.000     0  0.00  0  0   0.303  30.356   2.990   0.186   0.041   0.000 01O000M000t
00260 GLU01A0128_002 f 0.00  0.000     0  0.00  0  0   0.303  30.356   0.270   0.077   0.557   0.000 01O000M000t
00261 GLU02A0128_003 f 0.00  0.000     0  0.00  0  0  -0.525  30.387   2.990   0.109  -0.668   0.000 02O000M000t
00262 GLU02A0128_004 f 0.00  0.000     0  0.00  0  0  -0.525  30.387   0.270   0.073   0.359   0.000 02O000M000t
00263 GLU-1A0128_005 f 0.00 -1.000     0  4.75  0 -1  -0.383  30.413   0.270  -0.230  -0.374   0.000 -1O000M000t
00264 ASP01A0129_001 f 0.00  0.000     0  0.00  0  0  -2.695   1.225   3.038   0.981  -0.085   0.000 01O000M000t
00265 ASP01A0129_002 f 0.00  0.000     0  0.00  0  0  -2.695   1.225   0.318   0.336   0.606   0.000 01O000M000t
00266 ASP02A0129_003 f 0.00  0.000     0  0.00  0  0  -2.609   0.442   3.038   0.463  -0.342   0.000 02O000M000t
00267 ASP02A0129_004 f 0.00  0.000     0  0.00  0  0  -2.609   0.442   0.318   0.276   0.709   0.000 02O000M000t
00268 ASP-1A0129_005 f 0.00 -1.000     0  4.75  0 -1  -2.559   0.490   0.318  -0.844   0.525   0.000 -1O000M000t
00269 LEU01A0130_001 f 0.00  0.000     0  0.00  0  0  -5.305   4.309   0.770   0.000   0.000   0.000 01O000M000t
00270 TYR01A0131_001 f 0.00  0.000     0  0.00  0  0   2.005  -6.824   0.000  -0.144   0.914   0.000 01O000M000t
00271 TYR01A0131_002 f 0.00  0.000     0  0.00  0  0   2.005  -6.824   0.000   0.032   1.164   0.000 01O000M000t
00272 TYR-1A0131_003 f 0.00 -1.000     0 10.20  0 -1   2.005  -6.824   0.000  -1.442   3.426   0.000 -1O000M000t
00273 LYS01A0132_001 f 0.00  0.000     0  0.00  0  0  -8.185  -1.620   0.926  -0.024  -0.147   0.000 01O000M000t
00274 LYS+1A0132_002 f 0.00  1.000     0 10.40  0  1  -8.233  -1.622   0.926   0.074  -0.275   0.000 +1O000M000t
00275 ASP01A0133_001 f 0.00  0.000     0  0.00  0  0  -2.786   9.908   3.460   0.266  -0.598   0.000 01O000M000t
00276 ASP01A0133_002 f 0.00  0.000     0  0.00  0  0  -2.786   9.908   0.740   0.139   0.711   0.000 01O000M000t
00277 ASP02A0133_003 f 0.00  0.000     0  0.00  0  0  -2.788   9.785   3.460  -0.147  -0.245   0.000 02O000M000t
00278 ASP02A0133_004 f 0.00  0.000     0  0.00  0  0  -2.788   9.785   0.740   0.088   0.864   0.000 02O000M000t
00279 ASP-1A0133_005 f 0.00 -1.000     0  4.75  0 -1  -2.725   9.809   0.740  -0.216   1.168   0.000 -1O000M000t
00280 PHE01A0134_001 f 0.00  0.000     0  0.00  0  0   1.719  -0.548   2.080   0.000   0.000   0.000 01O000M000t
00281 LEU01A0135_001 f 0.00  0.000     0  0.00  0  0   2.068  -3.690   0.540   0.000   0.000   0.000 01O000M000t
00282 THR01A0136_001 f 0.00  0.000     0  0.00  0  0  -0.233  -2.414   0.381  -0.137   1.467   0.000 01O000M000t
00283 THR01A0136_002 f 0.00  0.000     0  0.00  0  0  -0.233  -2.414   0.006  -1.813   0.737   0.000 01O000M000t
00284 LEU01A0137_001 f 0.00  0.000     0  0.00  0  0   1.590  -2.963   1.758   0.000   0.000   0.000 01O000M000t
00285 GLU01A0138_001 f 0.00  0.000     0  0.00  0  0  -1.365  -2.293   3.893   0.265   0.045   0.000 01O000M000t
00286 GLU01A0138_002 f 0.00  0.000     0  0.00  0  0  -1.365  -2.293   1.173   0.103   0.337   0.000 01O000M000t
00287 GLU02A0138_003 f 0.00  0.000     0  0.00  0  0  -1.472  -2.270   3.893   0.158  -0.635   0.000 02O000M000t
00288 GLU02A0138_004 f 0.00  0.000     0  0.00  0  0  -1.472  -2.270   1.173   0.098   0.595   0.000 02O000M000t
00289 GLU-1A0138_005 f 0.00 -1.000     0  4.75  0 -1  -1.532  -2.243   1.173  -0.361   0.441   0.000 -1O000M000t
00290 HIS01A0139_001 f 0.00  0.000     0  0.00  0  0  -2.352  -2.996   0.184  -1.474   2.009   0.000 01O000M000t
00291 HIS02A0139_002 f 0.00  0.000     0  0.00  0  0  -2.371  -3.089   0.184   2.358   1.602   0.000 02O000M000t
00292 HIS+1A0139_003 f 0.00  1.000     0  6.98  0  1  -2.398  -3.104   0.184   4.905   4.194   0.000 +1O000M000t
00293 LEU01A0140_001 f 0.00  0.000     0  0.00  0  0   1.711  -4.024   0.538   0.000   0.000   0.000 01O000M000t
00294 ILE01A0141_001 f 0.00  0.000     0  0.00  0  0   2.441   0.160   0.482   0.000   0.000   0.000 01O000M000t
00295 CYS01A0142_001 f 0.00  0.000     0  0.00  0  0  -1.713  -1.179   0.771  -0.263   0.397   0.000 01O000M000t
00296 CYS01A0142_002 f 0.00  0.000     0  0.00  0  0  -1.713  -1.148   0.771  -0.179   0.311   0.000 01O000M000t
00297 CYS01A0142_003 f 0.00  0.000     0  0.00  0  0  -1.713  -1.133   0.771  -0.274   0.144   0.000 01O000M000t
00298 CYS-1A0142_004 f 0.00 -1.000     0  9.10  0 -1  -1.711  -1.115   0.771  -1.278   3.215   0.000 -1O000M000t
00299 TYR01A0143_001 f 0.00  0.000     0  0.00  0  0   3.959  -6.099   0.031   0.544   2.580   0.000 01O000M000t
00300 TYR01A0143_002 f 0.00  0.000     0  0.00  0  0   3.959  -6.099   0.031   0.620   2.586   0.000 01O000M000t
00301 TYR-1A0143_003 f 0.00 -1.000     0 10.20  0 -1   3.959  -6.099   0.031  -1.213  11.545   0.000 -1O000M000t
00302 SER01A0144_001 f 0.00  0.000     0  0.00  0  0   0.000  -1.876   0.446   0.195   1.995   0.000 01O000M000t
00303 SER01A0144_002 f 0.00  0.000     0  0.00  0  0   0.000  -1.876   0.446  -1.208   1.995   0.000 01O000M000t
00304 PHE01A0145_001 f 0.00  0.000     0  0.00  0  0   1.385  -2.699   0.029   0.000   0.000   0.000 01O000M000t
00305 GLN01A0146_001 f 0.00  0.000     0  0.00  0  0   0.498   0.340   0.615  -2.807   2.600   0.000 01O000M000t
00306 GLN01A0146_002 f 0.00  0.000     0  0.00  0  0   0.905   2.329   0.616   1.475   2.431   0.000 01R001M000t
00307 VAL01A0147_001 f 0.00  0.000     0  0.00  0  0   0.836   2.713   0.000   0.000   0.000   0.000 01O000M000t
00308 ALA01A0148_001 f 0.00  0.000     0  0.00  0  0   0.000  -2.310   0.000   0.000   0.000   0.000 01O000M000t
00309 LYS01A0149_001 f 0.00  0.000     0  0.00  0  0  -1.432  -3.171   2.358   0.024   0.693   0.000 01O000M000t
00310 LYS+1A0149_002 f 0.00  1.000     0 10.40  0  1  -1.495  -3.185   2.358   0.144   3.858   0.000 +1O000M000t
00311 MET01A0151_001 f 0.00  0.000     0  0.00  0  0   0.364  -3.935   0.802   0.016   0.099   0.000 01O000M000t
00312 GLU01A0152_001 f 0.00  0.000     0  0.00  0  0  -1.037   4.887   3.644  -0.052   0.294   0.000 01O000M000t
00313 GLU01A0152_002 f 0.00  0.000     0  0.00  0  0  -1.037   4.887   0.924  -0.109   1.371   0.000 01O000M000t
00314 GLU02A0152_003 f 0.00  0.000     0  0.00  0  0  -1.028   8.006   3.644   0.477   0.922   0.000 02O000M000t
00315 GLU02A0152_004 f 0.00  0.000     0  0.00  0  0  -1.028   8.006   0.924  -0.003   1.207   0.000 02O000M000t
00316 GLU-1A0152_005 f 0.00 -1.000     0  4.75  0 -1  -1.181   4.972   0.924  -0.606   3.203   0.000 -1O000M000t
00317 PHE01A0153_001 f 0.00  0.000     0  0.00  0  0   0.859  -7.225   0.061   0.000   0.000   0.000 01O000M000t
00318 LEU01A0154_001 f 0.00  0.000     0  0.00  0  0   1.834  -3.953   2.899   0.000   0.000   0.000 01O000M000t
00319 ALA01A0155_001 f 0.00  0.000     0  0.00  0  0  -1.339   0.406   0.000   0.000   0.000   0.000 01O000M000t
00320 SER01A0156_001 f 0.00  0.000     0  0.00  0  0  -2.248   1.176   2.241   0.044   1.381   0.000 01O000M000t
00321 SER01A0156_002 f 0.00  0.000     0  0.00  0  0  -2.248   1.176   2.241  -0.315   0.270   0.000 01O000M000t
00322 ARG01A0157_001 f 0.00  0.000     0  0.00  0  0   0.944   0.111   0.636  -0.677   1.231   0.000 01O000M000t
00323 ARG02A0157_002 f 0.00  0.000     0  0.00  0  0   0.919   0.075   0.636  -0.652   2.123   0.000 02O000M000t
00324 ARG03A0157_003 f 0.00  0.000     0  0.00  0  0   0.942   0.163   0.636   0.597   2.040   0.000 03O000M000t
00325 ARG+1A0157_004 f 0.00  1.000     0 12.50  0  1   0.874   0.063   0.636  -2.098   1.604   0.000 +1O000M000t
00326 LYS01A0158_001 f 0.00  0.000     0  0.00  0  0  -9.895   0.595   0.887   0.010  -0.091   0.000 01O000M000t
00327 LYS+1A0158_002 f 0.00  1.000     0 10.40  0  1  -9.937   0.593   0.887  -0.110  -0.190   0.000 +1O000M000t
00328 CYS01A0159_001 f 0.00  0.000     0  0.00  0  0  -0.288  -3.163   0.014   0.085   0.362   0.000 01O000M000t
00329 CYS01A0159_002 f 0.00  0.000     0  0.00  0  0  -0.288  -3.271   0.014  -0.917   0.760   0.000 01O000M000t
00330 CYS01A0159_003 f 0.00  0.000     0  0.00  0  0  -0.288  -3.163   0.014  -0.052   0.864   0.000 01O000M000t
00331 CYS-1A0159_004 f 0.00 -1.000     0  9.10  0 -1  -0.286  -3.115   0.014   0.822   6.306   0.000 -1O000M000t
00332 ILE01A0160_001 f 0.00  0.000     0  0.00  0  0   2.260  -0.795   0.529   0.000   0.000   0.000 01O000M000t
00333 HIS01A0161_001 f 0.00  0.000     0  0.00  0  0  -0.164  -0.836   0.019  -4.373   3.567   0.000 01O000M000t
00334 HIS02A0161_002 f 0.00  0.000     0  0.00  0  0  -0.182  -1.766   0.019   5.791   3.500   0.000 02O000M000t
00335 HIS+1A0161_003 f 0.00  1.000     0  6.98  0  1  -0.209  -0.674   0.019   5.492  10.545   0.000 +1O000M000t
00336 ARG01A0162_001 f 0.00  0.000     0  0.00  0  0  -3.094  50.582   2.735  -0.277   1.142   0.000 01O000M000t
00337 ARG02A0162_002 f 0.00  0.000     0  0.00  0  0  -3.113  50.584   2.735  -0.202   1.739   0.000 02O000M000t
00338 ARG03A0162_003 f 0.00  0.000     0  0.00  0  0  -3.109  50.581   2.735  -0.116   1.912   0.000 03O000M000t
00339 ARG+1A0162_004 f 0.00  1.000     0 12.50  0  1  -3.156  50.574   2.735   0.525   1.425   0.000 +1O000M000t
00340 ASP01A0163_001 f 0.00  0.000     0  0.00  0  0  -0.207  -0.224   3.454   0.627   1.227   0.000 01O000M000t
00341 ASP01A0163_002 f 0.00  0.000     0  0.00  0  0  -0.207  -0.224   0.734   0.283   2.619   0.000 01O000M000t
00342 ASP02A0163_003 f 0.00  0.000     0  0.00  0  0  -0.123  -0.416   3.454   0.052   1.118   0.000 02O000M000t
00343 ASP02A0163_004 f 0.00  0.000     0  0.00  0  0  -0.123  -0.416   0.734   0.082   1.870   0.000 02O000M000t
00344 ASP-1A0163_005 f 0.00 -1.000     0  4.75  0 -1  -0.214  -0.373   0.734  -1.383   7.132   0.000 -1O000M000t
00345 LEU01A0164_001 f 0.00  0.000     0  0.00  0  0   2.286  -3.744   0.633   0.000   0.000   0.000 01O000M000t
00346 ALA01A0165_001 f 0.00  0.000     0  0.00  0  0   0.000  -0.962   0.000   0.000   0.000   0.000 01O000M000t
00347 ALA01A0166_001 f 0.00  0.000     0  0.00  0  0   0.000  -1.625   0.000   0.000   0.000   0.000 01O000M000t
00348 ARG01A0167_001 f 0.00  0.000     0  0.00  0  0   0.709  -4.609   1.487   0.046   3.762   0.000 01O000M000t
00349 ARG02A0167_002 f 0.00  0.000     0  0.00  0  0   0.688  -4.603   1.487  -0.185   4.643   0.000 02O000M000t
00350 ARG02A0167_003 f 0.00  0.000     0  0.00  0  0   0.692  -4.593   1.487  -0.017   4.584   0.000 02O000M000t
00351 ARG03A0167_004 f 0.00  0.000     0  0.00  0  0   0.698  -4.616   1.487  -0.111   4.569   0.000 03O000M000t
00352 ARG03A0167_005 f 0.00  0.000     0  0.00  0  0   0.801  -4.615   1.487  -0.165   4.519   0.000 03O000M000t
00353 ARG+1A0167_006 f 0.00  1.000     0 12.50  0  1   0.649  -4.633   1.487   1.254   6.578   0.000 +1O000M000t
00354 ASN01A0168_001 f 0.00  0.000     0  0.00  0  0   0.285   2.659   0.765  -2.968   2.730   0.000 01O000M000t
00355 ASN01A0168_002 f 0.00  0.000     0  0.00  0  0   0.085   2.864   0.760   1.504   3.133   0.000 01R001M000t
00356 ILE01A0169_001 f 0.00  0.000     0  0.00  0  0   1.460  -2.883   0.436   0.000   0.000   0.000 01O000M000t
00357 LEU01A0170_001 f 0.00  0.000     0  0.00  0  0   2.319  -6.446   0.495   0.000   0.000   0.000 01O000M000t
00358 LEU01A0171_001 f 0.00  0.000     0  0.00  0  0   1.581  -4.633   0.434   0.000   0.000   0.000 01O000M000t
00359 SER01A0172_001 f 0.00  0.000     0  0.00  0  0  -0.530  -0.986   1.198   1.289   0.782   0.000 01O000M000t
00360 SER01A0172_002 f 0.00  0.000     0  0.00  0  0  -0.530  -0.986   1.198  -0.181   0.812   0.000 01O000M000t
00361 GLU01A0173_001 f 0.00  0.000     0  0.00  0  0   0.543  -0.803   5.796   0.536   0.144   0.000 01O000M000t
00362 GLU01A0173_002 f 0.00  0.000     0  0.00  0  0   0.543  -0.803   3.076   0.072   0.726   0.000 01O000M000t
00363 GLU02A0173_003 f 0.00  0.000     0  0.00  0  0  -0.190  -0.775   5.796   0.045  -0.075   0.000 02O000M000t
00364 GLU02A0173_004 f 0.00  0.000     0  0.00  0  0  -0.190  -0.775   3.076   0.010   0.699   0.000 02O000M000t
00365 GLU-1A0173_005 f 0.00 -1.000     0  4.75  0 -1  -0.071  -0.755   3.076  -0.653   0.830   0.000 -1O000M000t
00366 LYS01A0174_001 f 0.00  0.000     0  0.00  0  0 -10.059   7.282   1.233  -0.010  -0.051   0.000 01O000M000t
00367 LYS+1A0174_002 f 0.00  1.000     0 10.40  0  1 -10.102   7.280   1.233   0.050  -0.530   0.000 +1O000M000t
00368 ASN01A0175_001 f 0.00  0.000     0  0.00  0  0  -1.472   2.579   0.930   0.402   0.791   0.000 01O000M000t
00369 ASN01A0175_002 f 0.00  0.000     0  0.00  0  0  -1.371   2.054   0.932  -0.073   0.572   0.000 01R001M000t
00370 VAL01A0176_001 f 0.00  0.000     0  0.00  0  0  -1.157   4.177   0.091   0.000   0.000   0.000 01O000M000t
00371 VAL01A0177_001 f 0.00  0.000     0  0.00  0  0   0.608  -2.366   0.647   0.000   0.000   0.000 01O000M000t
00372 LYS01A0178_001 f 0.00  0.000     0  0.00  0  0   1.023  -6.045   0.985  -1.439   1.071   0.000 01O000M000t
00373 LYS+1A0178_002 f 0.00  1.000     0 10.40  0  1   0.962  -6.213   0.985  -3.526   8.680   0.000 +1O000M000t
00374 ILE01A0179_001 f 0.00  0.000     0  0.00  0  0   2.340  -1.917   0.582   0.000   0.000   0.000 01O000M000t
00375 CYS01A0180_001 f 0.00  0.000     0  0.00  0  0  -0.002  -2.518   0.576  -0.343   0.995   0.000 01O000M000t
00376 CYS01A0180_002 f 0.00  0.000     0  0.00  0  0  -0.002  -2.456   0.576   0.272   0.987   0.000 01O000M000t
00377 CYS01A0180_003 f 0.00  0.000     0  0.00  0  0  -0.002  -2.344   0.576  -0.391   0.990   0.000 01O000M000t
00378 CYS-1A0180_004 f 0.00 -1.000     0  9.10  0 -1   0.000  -2.304   0.576  -4.224  14.315   0.000 -1O000M000t
00379 ASP01A0181_001 f 0.00  0.000     0  0.00  0  0   0.087  -2.376   2.863  -1.896   1.055   0.000 01O000M000t
00380 ASP01A0181_002 f 0.00  0.000     0  0.00  0  0   0.087  -2.376   0.143  -0.845   2.028   0.000 01O000M000t
00381 ASP02A0181_003 f 0.00  0.000     0  0.00  0  0   0.030  -1.438   2.863   2.390   2.175   0.000 02O000M000t
00382 ASP02A0181_004 f 0.00  0.000     0  0.00  0  0   0.030  -1.438   0.143  -0.199   2.004   0.000 02O000M000t
00383 ASP-1A0181_005 f 0.00 -1.000     0  4.75  0 -1   0.027  -2.248   0.143  -3.544   7.189   0.000 -1O000M000t
00384 PHE01A0182_001 f 0.00  0.000     0  0.00  0  0   3.633  -5.091   0.684   0.000   0.000   0.000 01O000M000t
00385 LEU01A0184_001 f 0.00  0.000     0  0.00  0  0   1.361   0.894   1.077   0.000   0.000   0.000 01O000M000t
00386 ALA01A0185_001 f 0.00  0.000     0  0.00  0  0  -0.258  -0.206   0.000   0.000   0.000   0.000 01O000M000t
00387 ASP01A0186_001 f 0.00  0.000     0  0.00  0  0  -1.284  -1.177   3.075   1.024   0.811   0.000 01O000M000t
00388 ASP01A0186_002 f 0.00  0.000     0  0.00  0  0  -1.284  -1.177   0.355   0.144   1.323   0.000 01O000M000t
00389 ASP02A0186_003 f 0.00  0.000     0  0.00  0  0  -1.183  -1.641   3.075   0.306   0.552   0.000 02O000M000t
00390 ASP02A0186_004 f 0.00  0.000     0  0.00  0  0  -1.183  -1.641   0.355   0.326   2.072   0.000 02O000M000t
00391 ASP-1A0186_005 f 0.00 -1.000     0  4.75  0 -1  -1.218  -1.557   0.355  -3.641   4.589   0.000 -1O000M000t
00392 ALA01A0187_001 f 0.00  0.000     0  0.00  0  0  -5.029  -0.202   0.000   0.000   0.000   0.000 01O000M000t
00393 ARG01A0188_001 f 0.00  0.000     0  0.00  0  0  -1.968  -3.410   0.451   0.148   1.976   0.000 01O000M000t
00394 ARG02A0188_002 f 0.00  0.000     0  0.00  0  0  -2.046  -3.380   0.451   0.286   2.775   0.000 02O000M000t
00395 ARG02A0188_003 f 0.00  0.000     0  0.00  0  0  -2.040  -3.420   0.451   0.493   2.688   0.000 02O000M000t
00396 ARG03A0188_004 f 0.00  0.000     0  0.00  0  0  -1.980  -3.407   0.451   0.630   2.530   0.000 03O000M000t
00397 ARG+1A0188_005 f 0.00  1.000     0 12.50  0  1  -2.085  -3.433   0.451   2.348   3.911   0.000 +1O000M000t
00398 LEU01A0189_001 f 0.00  0.000     0  0.00  0  0  -3.814   1.078   0.524   0.000   0.000   0.000 01O000M000t
00399 PRO01A0190_001 f 0.00  0.000     0  0.00  0  0  -1.699  -1.032   0.000   0.000   0.000   0.000 01O000M000t
00400 LEU01A0191_001 f 0.00  0.000     0  0.00  0  0  -1.729   4.650   2.335   0.000   0.000   0.000 01O000M000t
00401 LYS01A0192_001 f 0.00  0.000     0  0.00  0  0   0.649  -3.828   1.213   0.440   0.756   0.000 01O000M000t
00402 LYS+1A0192_002 f 0.00  1.000     0 10.40  0  1   0.602  -3.937   1.213  -0.912   4.771   0.000 +1O000M000t
00403 TRP01A0193_001 f 0.00  0.000     0  0.00  0  0   2.107 -10.401   0.380   0.000   0.000   0.000 01O000M000t
00404 MET01A0194_001 f 0.00  0.000     0  0.00  0  0  -1.484  -4.404   1.530   0.028   0.066   0.000 01O000M000t
00405 ALA01A0195_001 f 0.00  0.000     0  0.00  0  0   0.000  -1.977   0.000   0.000   0.000   0.000 01O000M000t
00406 PRO01A0196_001 f 0.00  0.000     0  0.00  0  0  -0.083  -1.203   0.000   0.000   0.000   0.000 01O000M000t
00407 GLU01A0197_001 f 0.00  0.000     0  0.00  0  0   1.762  -0.689   5.486   3.633   2.047   0.000 01O000M000t
00408 GLU01A0197_002 f 0.00  0.000     0  0.00  0  0   1.762  -0.689   2.766  -0.582   2.775   0.000 01O000M000t
00409 GLU02A0197_003 f 0.00  0.000     0  0.00  0  0   1.500  -0.994   5.486  -0.656   1.724   0.000 02O000M000t
00410 GLU02A0197_004 f 0.00  0.000     0  0.00  0  0   1.500  -0.994   2.766  -0.644   2.771   0.000 02O000M000t
00411 GLU-1A0197_005 f 0.00 -1.000     0  4.75  0 -1   1.426  -0.875   2.766  -5.121  10.017   0.000 -1O000M000t
00412 THR01A0198_001 f 0.00  0.000     0  0.00  0  0   0.063  -2.783   0.449  -1.809   1.771   0.000 01O000M000t
00413 ILE01A0199_001 f 0.00  0.000     0  0.00  0  0   3.165  -3.035   0.412   0.000   0.000   0.000 01O000M000t
00414 PHE01A0200_001 f 0.00  0.000     0  0.00  0  0   1.138   9.094   0.085   0.000   0.000   0.000 01O000M000t
00415 ASP01A0201_001 f 0.00  0.000     0  0.00  0  0  -2.244   2.937   4.824   0.343   0.019   0.000 01O000M000t
00416 ASP01A0201_002 f 0.00  0.000     0  0.00  0  0  -2.244   2.937   2.104   0.198   1.045   0.000 01O000M000t
00417 ASP02A0201_003 f 0.00  0.000     0  0.00  0  0  -2.066   2.033   4.824   0.029   0.354   0.000 02O000M000t
00418 ASP02A0201_004 f 0.00  0.000     0  0.00  0  0  -2.066   2.033   2.104   0.119   0.994   0.000 02O000M000t
00419 ASP-1A0201_005 f 0.00 -1.000     0  4.75  0 -1  -2.132   2.106   2.104  -0.926   2.220   0.000 -1O000M000t
00420 ARG01A0202_001 f 0.00  0.000     0  0.00  0  0  -8.944   0.517   0.718   0.058  -0.356   0.000 01O000M000t
00421 ARG02A0202_002 f 0.00  0.000     0  0.00  0  0  -8.983   0.508   0.718  -0.003   0.831   0.000 02O000M000t
00422 ARG03A0202_003 f 0.00  0.000     0  0.00  0  0  -8.976   0.508   0.718  -0.010   0.743   0.000 03O000M000t
00423 ARG+1A0202_004 f 0.00  1.000     0 12.50  0  1  -9.021   0.507   0.718  -0.015  -0.395   0.000 +1O000M000t
00424 VAL01A0203_001 f 0.00  0.000     0  0.00  0  0  -4.007   6.777   0.133   0.000   0.000   0.000 01O000M000t
00425 TYR01A0204_001 f 0.00  0.000     0  0.00  0  0   1.759  -4.641   0.122   0.118   0.826   0.000 01O000M000t
00426 TYR01A0204_002 f 0.00  0.000     0  0.00  0  0   1.759  -4.641   0.122   0.374   0.542   0.000 01O000M000t
00427 TYR-1A0204_003 f 0.00 -1.000     0 10.20  0 -1   1.759  -4.641   0.122  -1.214   3.245   0.000 -1O000M000t
00428 THR01A0205_001 f 0.00  0.000     0  0.00  0  0  -3.394  -1.267   0.388  -0.479   1.256   0.000 01O000M000t
00429 THR01A0205_002 f 0.00  0.000     0  0.00  0  0  -3.394  -1.267   0.013  -2.124   0.554   0.000 01O000M000t
00430 ILE01A0206_001 f 0.00  0.000     0  0.00  0  0  -1.836   4.921   0.751   0.000   0.000   0.000 01O000M000t
00431 GLN01A0207_001 f 0.00  0.000     0  0.00  0  0  -0.361  -5.835   1.616  -2.090   2.187   0.000 01O000M000t
00432 GLN01A0207_002 f 0.00  0.000     0  0.00  0  0  -0.391  -5.244   1.619   2.046   2.290   0.000 01R001M000t
00433 SER01A0208_001 f 0.00  0.000     0  0.00  0  0  -0.096   0.297   0.518   0.952   1.681   0.000 01O000M000t
00434 SER01A0208_002 f 0.00  0.000     0  0.00  0  0  -0.096   0.297   0.518  -1.203   1.140   0.000 01O000M000t
00435 ASP01A0209_001 f 0.00  0.000     0  0.00  0  0   0.073  -0.290   4.352  -2.203   1.888   0.000 01O000M000t
00436 ASP01A0209_002 f 0.00  0.000     0  0.00  0  0   0.073  -0.290   1.632   0.079   2.647   0.000 01O000M000t
00437 ASP02A0209_003 f 0.00  0.000     0  0.00  0  0   0.109  -0.076   4.352  -1.109   2.309   0.000 02O000M000t
00438 ASP02A0209_004 f 0.00  0.000     0  0.00  0  0   0.109  -0.076   1.632   3.147   2.370   0.000 02O000M000t
00439 ASP-1A0209_005 f 0.00 -1.000     0  4.75  0 -1   0.035  -0.687   1.632 -10.742  11.260   0.000 -1O000M000t
00440 VAL01A0210_001 f 0.00  0.000     0  0.00  0  0   0.650  -0.011   0.151   0.000   0.000   0.000 01O000M000t
00441 TRP01A0211_001 f 0.00  0.000     0  0.00  0  0   2.680  -9.287   0.136   0.000   0.000   0.000 01O000M000t
00442 SER01A0212_001 f 0.00  0.000     0  0.00  0  0  -0.241  -1.237   0.388  -2.867   1.271   0.000 01O000M000t
00443 SER01A0212_002 f 0.00  0.000     0  0.00  0  0  -0.241  -1.237   0.012   0.562   0.936   0.000 01O000M000t
00444 PHE01A0213_001 f 0.00  0.000     0  0.00  0  0   4.149  -7.359   0.002   0.000   0.000   0.000 01O000M000t
00445 VAL01A0215_001 f 0.00  0.000     0  0.00  0  0   0.630  -1.299   0.005   0.000   0.000   0.000 01O000M000t
00446 LEU01A0216_001 f 0.00  0.000     0  0.00  0  0   1.951  -1.245   0.686   0.000   0.000   0.000 01O000M000t
00447 LEU01A0217_001 f 0.00  0.000     0  0.00  0  0   1.676  -2.778   1.122   0.000   0.000   0.000 01O000M000t
00448 TRP01A0218_001 f 0.00  0.000     0  0.00  0  0   1.996 -11.891   0.017   0.000   0.000   0.000 01O000M000t
00449 GLU01A0219_001 f 0.00  0.000     0  0.00  0  0   0.768  -1.574   4.462  -0.114   2.360   0.000 01O000M000t
00450 GLU01A0219_002 f 0.00  0.000     0  0.00  0  0   0.768  -1.574   1.742   2.701   2.331   0.000 01O000M000t
00451 GLU02A0219_003 f 0.00  0.000     0  0.00  0  0   0.731  -2.017   4.462  -2.494   2.470   0.000 02O000M000t
00452 GLU02A0219_004 f 0.00  0.000     0  0.00  0  0   0.731  -2.017   1.742  -1.211   2.609   0.000 02O000M000t
00453 GLU-1A0219_005 f 0.00 -1.000     0  4.75  0 -1   0.609  -1.906   1.742  -6.381  10.514   0.000 -1O000M000t
00454 ILE01A0220_001 f 0.00  0.000     0  0.00  0  0   4.073   4.120   0.431   0.000   0.000   0.000 01O000M000t
00455 PHE01A0221_001 f 0.00  0.000     0  0.00  0  0   4.373  -1.148   0.136   0.000   0.000   0.000 01O000M000t
00456 SER01A0222_001 f 0.00  0.000     0  0.00  0  0  -0.192  -1.202   0.376  -1.119   1.951   0.000 01O000M000t
00457 LEU01A0223_001 f 0.00  0.000     0  0.00  0  0   1.609  16.670   1.571   0.000   0.000   0.000 01O000M000t
00458 ALA01A0225_001 f 0.00  0.000     0  0.00  0  0  -1.201  -0.696   0.000   0.000   0.000   0.000 01O000M000t
00459 SER01A0226_001 f 0.00  0.000     0  0.00  0  0  -3.414  -1.162   0.434  -0.059   0.807   0.000 01O000M000t
00460 SER01A0226_002 f 0.00  0.000     0  0.00  0  0  -3.414  -1.162   0.059  -0.691   0.099   0.000 01O000M000t
00461 PRO01A0227_001 f 0.00  0.000     0  0.00  0  0   0.237   0.193   0.000   0.000   0.000   0.000 01O000M000t
00462 TYR01A0228_001 f 0.00  0.000     0  0.00  0  0   3.453  -2.523   0.031   0.261   2.129   0.000 01O000M000t
00463 TYR-1A0228_002 f 0.00 -1.000     0 10.20  0 -1   3.453  -2.523   0.031   0.696   9.344   0.000 -1O000M000t
00464 PRO01A0229_001 f 0.00  0.000     0  0.00  0  0  -3.879   0.418   0.000   0.000   0.000   0.000 01O000M000t
00465 VAL01A0231_001 f 0.00  0.000     0  0.00  0  0  -2.406   2.514   0.001   0.000   0.000   0.000 01O000M000t
00466 LYS01A0232_001 f 0.00  0.000     0  0.00  0  0  -8.064  -1.627   1.095  -0.034   0.047   0.000 01O000M000t
00467 LYS+1A0232_002 f 0.00  1.000     0 10.40  0  1  -8.112  -1.629   1.095   0.257  -0.198   0.000 +1O000M000t
00468 ILE01A0233_001 f 0.00  0.000     0  0.00  0  0   0.789   3.562   0.419   0.000   0.000   0.000 01O000M000t
00469 ASP01A0234_001 f 0.00  0.000     0  0.00  0  0  -1.096   4.684   2.771  -1.313   0.412   0.000 01O000M000t
00470 ASP01A0234_002 f 0.00  0.000     0  0.00  0  0  -1.096   4.684   0.051  -1.285   1.202   0.000 01O000M000t
00471 ASP02A0234_003 f 0.00  0.000     0  0.00  0  0  -1.136   6.309   2.771   3.743   1.642   0.000 02O000M000t
00472 ASP02A0234_004 f 0.00  0.000     0  0.00  0  0  -1.136   6.309   0.051  -0.221   1.257   0.000 02O000M000t
00473 ASP-1A0234_005 f 0.00 -1.000     0  4.75  0 -1  -1.136   4.774   0.051  -4.577   3.631   0.000 -1O000M000t
00474 GLU01A0235_001 f 0.00  0.000     0  0.00  0  0  -0.707  -0.408   3.116   0.306  -0.291   0.000 01O000M000t
00475 GLU01A0235_002 f 0.00  0.000     0  0.00  0  0  -0.707  -0.408   0.396   0.075   0.683   0.000 01O000M000t
00476 GLU02A0235_003 f 0.00  0.000     0  0.00  0  0  -1.490  -0.394   3.116   0.066  -0.661   0.000 02O000M000t
00477 GLU02A0235_004 f 0.00  0.000     0  0.00  0  0  -1.490  -0.394   0.396   0.038   0.587   0.000 02O000M000t
00478 GLU-1A0235_005 f 0.00 -1.000     0  4.75  0 -1  -1.566  -0.380   0.396  -0.369  -0.140   0.000 -1O000M000t
00479 GLU01A0236_001 f 0.00  0.000     0  0.00  0  0  -0.998  -0.259   3.602   0.074   0.525   0.000 01O000M000t
00480 GLU01A0236_002 f 0.00  0.000     0  0.00  0  0  -0.998  -0.259   0.882   0.044   0.701   0.000 01O000M000t
00481 GLU02A0236_003 f 0.00  0.000     0  0.00  0  0  -0.550  -0.265   3.602   0.291   0.036   0.000 02O000M000t
00482 GLU02A0236_004 f 0.00  0.000     0  0.00  0  0  -0.550  -0.265   0.882   0.077   0.662   0.000 02O000M000t
00483 GLU-1A0236_005 f 0.00 -1.000     0  4.75  0 -1  -0.936  -0.237   0.882  -0.358   0.638   0.000 -1O000M000t
00484 PHE01A0237_001 f 0.00  0.000     0  0.00  0  0   3.722  -6.480   0.004   0.000   0.000   0.000 01O000M000t
00485 CYS01A0238_001 f 0.00  0.000     0  0.00  0  0  -1.051  -2.665   0.035  -0.061   0.838   0.000 01O000M000t
00486 CYS01A0238_002 f 0.00  0.000     0  0.00  0  0  -1.051  -2.728   0.035  -0.283   0.501   0.000 01O000M000t
00487 CYS01A0238_003 f 0.00  0.000     0  0.00  0  0  -1.052  -2.656   0.035  -0.315   0.271   0.000 01O000M000t
00488 CYS-1A0238_004 f 0.00 -1.000     0  9.10  0 -1  -1.049  -2.635   0.035  -1.797   4.753   0.000 -1O000M000t
00489 ARG01A0239_001 f 0.00  0.000     0  0.00  0  0  -4.956  -3.640   0.453  -0.176   1.457   0.000 01O000M000t
00490 ARG02A0239_002 f 0.00  0.000     0  0.00  0  0  -4.994  -3.662   0.453  -0.080   2.409   0.000 02O000M000t
00491 ARG03A0239_003 f 0.00  0.000     0  0.00  0  0  -4.985  -3.660   0.453  -0.059   2.153   0.000 03O000M000t
00492 ARG03A0239_004 f 0.00  0.000     0  0.00  0  0  -4.886  -3.656   0.453  -0.158   1.974   0.000 03O000M000t
00493 ARG+1A0239_005 f 0.00  1.000     0 12.50  0  1  -5.033  -3.668   0.453   0.454   1.596   0.000 +1O000M000t
00494 ARG01A0240_001 f 0.00  0.000     0  0.00  0  0  -2.599  12.679   0.515  -0.049   0.245   0.000 01O000M000t
00495 ARG02A0240_002 f 0.00  0.000     0  0.00  0  0  -2.676  12.660   0.515   0.027   1.408   0.000 02O000M000t
00496 ARG03A0240_003 f 0.00  0.000     0  0.00  0  0  -2.671  12.660   0.515   0.009   1.295   0.000 03O000M000t
00497 ARG+1A0240_004 f 0.00  1.000     0 12.50  0  1  -2.714  12.658   0.515   0.227   1.322   0.000 +1O000M000t
00498 LEU01A0241_001 f 0.00  0.000     0  0.00  0  0   1.871  -2.877   1.664   0.000   0.000   0.000 01O000M000t
00499 LYS01A0242_001 f 0.00  0.000     0  0.00  0  0  -5.127  -2.432   1.792  -0.002   0.293   0.000 01O000M000t
00500 LYS+1A0242_002 f 0.00  1.000     0 10.40  0  1  -5.173  -2.441   1.792   0.210   1.358   0.000 +1O000M000t
00501 GLU01A0243_001 f 0.00  0.000     0  0.00  0  0  -1.729  31.357   3.683   0.170   0.807   0.000 01O000M000t
00502 GLU01A0243_002 f 0.00  0.000     0  0.00  0  0  -1.729  31.357   0.963   0.003   1.155   0.000 01O000M000t
00503 GLU02A0243_003 f 0.00  0.000     0  0.00  0  0  -1.793  31.154   3.683  -0.076  -0.155   0.000 02O000M000t
00504 GLU02A0243_004 f 0.00  0.000     0  0.00  0  0  -1.793  31.154   0.963  -0.034   1.277   0.000 02O000M000t
00505 GLU-1A0243_005 f 0.00 -1.000     0  4.75  0 -1  -1.815  31.205   0.963  -0.326   2.644   0.000 -1O000M000t
00506 THR01A0245_001 f 0.00  0.000     0  0.00  0  0  -3.010  10.618   3.144  -0.553   0.373   0.000 01O000M000t
00507 THR01A0245_002 f 0.00  0.000     0  0.00  0  0  -3.010  10.618   2.769   0.144   1.339   0.000 01O000M000t
00508 ARG01A0246_001 f 0.00  0.000     0  0.00  0  0   0.698  -1.204   0.717  -1.530   2.783   0.000 01O000M000t
00509 ARG02A0246_002 f 0.00  0.000     0  0.00  0  0   0.678  -1.142   0.717  -1.533   3.750   0.000 02O000M000t
00510 ARG02A0246_003 f 0.00  0.000     0  0.00  0  0   0.728  -1.502   0.717  -0.215   3.381   0.000 02O000M000t
00511 ARG03A0246_004 f 0.00  0.000     0  0.00  0  0   0.671  -1.253   0.717  -2.460   3.353   0.000 03O000M000t
00512 ARG03A0246_005 f 0.00  0.000     0  0.00  0  0   0.675  -1.373   0.717  -0.901   3.394   0.000 03O000M000t
00513 ARG+1A0246_006 f 0.00  1.000     0 12.50  0  1   0.632  -1.323   0.717  -6.197   5.020   0.000 +1O000M000t
00514 MET01A0247_001 f 0.00  0.000     0  0.00  0  0   0.078  -3.997   1.603  -0.236   0.091   0.000 01O000M000t
00515 ARG01A0248_001 f 0.00  0.000     0  0.00  0  0 -12.108  -0.688   0.428   0.035  -0.165   0.000 01O000M000t
00516 ARG02A0248_002 f 0.00  0.000     0  0.00  0  0 -12.146  -0.693   0.428   0.035   0.582   0.000 02O000M000t
00517 ARG03A0248_003 f 0.00  0.000     0  0.00  0  0 -12.146  -0.693   0.428   0.036   0.851   0.000 03O000M000t
00518 ARG+1A0248_004 f 0.00  1.000     0 12.50  0  1 -12.189  -0.694   0.428   0.116  -0.051   0.000 +1O000M000t
00519 ALA01A0249_001 f 0.00  0.000     0  0.00  0  0  -2.006  -0.627   0.000   0.000   0.000   0.000 01O000M000t
00520 PRO01A0250_001 f 0.00  0.000     0  0.00  0  0   0.285  -1.977   0.000   0.000   0.000   0.000 01O000M000t
00521 ASP01A0251_001 f 0.00  0.000     0  0.00  0  0  -2.731   0.814   3.480   0.768   0.046   0.000 01O000M000t
00522 ASP01A0251_002 f 0.00  0.000     0  0.00  0  0  -2.731   0.814   0.760   0.304   0.354   0.000 01O000M000t
00523 ASP02A0251_003 f 0.00  0.000     0  0.00  0  0  -2.612   0.267   3.480   0.240  -0.424   0.000 02O000M000t
00524 ASP02A0251_004 f 0.00  0.000     0  0.00  0  0  -2.612   0.267   0.760   0.226   0.765   0.000 02O000M000t
00525 ASP-1A0251_005 f 0.00 -1.000     0  4.75  0 -1  -2.685   0.301   0.760  -0.403   0.239   0.000 -1O000M000t
00526 TYR01A0252_001 f 0.00  0.000     0  0.00  0  0   1.176  -4.427   0.355   0.233   1.031   0.000 01O000M000t
00527 TYR-1A0252_002 f 0.00 -1.000     0 10.20  0 -1   1.176  -4.427   0.355  -0.030   3.867   0.000 -1O000M000t
00528 THR01A0253_001 f 0.00  0.000     0  0.00  0  0  -0.293   7.214   0.391   0.282   1.939   0.000 01O000M000t
00529 THR01A0254_001 f 0.00  0.000     0  0.00  0  0  -0.500  -0.566   0.498   0.182   1.761   0.000 01O000M000t
00530 THR01A0254_002 f 0.00  0.000     0  0.00  0  0  -0.500  -0.566   0.498   2.747   1.664   0.000 01O000M000t
00531 PRO01A0255_001 f 0.00  0.000     0  0.00  0  0  -6.452  -0.660   0.000   0.000   0.000   0.000 01O000M000t
00532 GLU01A0256_001 f 0.00  0.000     0  0.00  0  0  -0.418  -1.375   4.990   0.323   0.772   0.000 01O000M000t
00533 GLU01A0256_002 f 0.00  0.000     0  0.00  0  0  -0.418  -1.375   2.270   0.087   1.191   0.000 01O000M000t
00534 GLU02A0256_003 f 0.00  0.000     0  0.00  0  0  -0.721  -1.286   4.990   0.469  -0.352   0.000 02O000M000t
00535 GLU02A0256_004 f 0.00  0.000     0  0.00  0  0  -0.721  -1.286   2.270   0.356   1.033   0.000 02O000M000t
00536 GLU-1A0256_005 f 0.00 -1.000     0  4.75  0 -1  -0.754  -1.306   2.270  -3.424   2.925   0.000 -1O000M000t
00537 MET01A0257_001 f 0.00  0.000     0  0.00  0  0  -0.092  -3.029   1.914   0.102   0.097   0.000 01O000M000t
00538 TYR01A0258_001 f 0.00  0.000     0  0.00  0  0   1.285   1.295   0.029  -2.575   1.882   0.000 01O000M000t
00539 TYR01A0258_002 f 0.00  0.000     0  0.00  0  0   1.285   1.295   0.029   1.255   1.412   0.000 01O000M000t
00540 TYR-1A0258_003 f 0.00 -1.000     0 10.20  0 -1   1.285   1.295   0.029   1.572   4.665   0.000 -1O000M000t
00541 GLN01A0259_001 f 0.00  0.000     0  0.00  0  0  -2.331  -2.916   0.880  -0.168   0.748   0.000 01O000M000t
00542 GLN01A0259_002 f 0.00  0.000     0  0.00  0  0  -2.133  -2.919   0.883   0.367   0.309   0.000 01R001M000t
00543 THR01A0260_001 f 0.00  0.000     0  0.00  0  0   0.191  -0.631   0.485  -0.298   0.945   0.000 01O000M000t
00544 THR01A0260_002 f 0.00  0.000     0  0.00  0  0   0.191  -0.631   0.485  -0.579   1.200   0.000 01O000M000t
00545 THR01A0260_003 f 0.00  0.000     0  0.00  0  0   0.191  -0.631   0.110  -0.019   1.611   0.000 01O000M000t
00546 MET01A0261_001 f 0.00  0.000     0  0.00  0  0   0.257  -8.128   2.222   0.049   0.099   0.000 01O000M000t
00547 LEU01A0262_001 f 0.00  0.000     0  0.00  0  0  -1.274   1.201   0.617   0.000   0.000   0.000 01O000M000t
00548 ASP01A0263_001 f 0.00  0.000     0  0.00  0  0  -1.554  -1.774   3.012   0.249   0.003   0.000 01O000M000t
00549 ASP01A0263_002 f 0.00  0.000     0  0.00  0  0  -1.554  -1.774   0.292   0.050   1.017   0.000 01O000M000t
00550 ASP02A0263_003 f 0.00  0.000     0  0.00  0  0  -1.477  -2.213   3.012   0.405   0.320   0.000 02O000M000t
00551 ASP02A0263_004 f 0.00  0.000     0  0.00  0  0  -1.477  -2.213   0.292   0.217   1.135   0.000 02O000M000t
00552 ASP-1A0263_005 f 0.00 -1.000     0  4.75  0 -1  -1.512  -2.174   0.292   0.178   2.305   0.000 -1O000M000t
00553 CYS01A0264_001 f 0.00  0.000     0  0.00  0  0  -0.002  -4.483   0.065   0.292   0.991   0.000 01O000M000t
00554 CYS01A0264_002 f 0.00  0.000     0  0.00  0  0  -0.002  -4.567   0.065  -0.359   0.956   0.000 01O000M000t
00555 CYS01A0264_003 f 0.00  0.000     0  0.00  0  0  -0.003  -4.498   0.065   0.249   0.991   0.000 01O000M000t
00556 CYS-1A0264_004 f 0.00 -1.000     0  9.10  0 -1   0.000  -4.427   0.065   2.202  14.009   0.000 -1O000M000t
00557 TRP01A0265_001 f 0.00  0.000     0  0.00  0  0   2.708 -11.580   0.032   0.000   0.000   0.000 01O000M000t
00558 HIS01A0266_001 f 0.00  0.000     0  0.00  0  0  -4.259  -0.021   0.283  -2.174   2.060   0.000 01O000M000t
00559 HIS02A0266_002 f 0.00  0.000     0  0.00  0  0  -4.276 999.000   0.283   4.187   1.828   0.000 02O000M000t
00560 HIS+1A0266_003 f 0.00  1.000     0  6.98  0  1  -4.303 999.000   0.283   6.215   2.913   0.000 +1O000M000t
00561 GLU01A0268_001 f 0.00  0.000     0  0.00  0  0  -2.009  -2.054   3.458   0.662   0.084   0.000 01O000M000t
00562 GLU01A0268_002 f 0.00  0.000     0  0.00  0  0  -2.009  -2.054   0.738   0.184   0.629   0.000 01O000M000t
00563 GLU02A0268_003 f 0.00  0.000     0  0.00  0  0  -2.100  -2.093   3.458   0.108  -0.392   0.000 02O000M000t
00564 GLU02A0268_004 f 0.00  0.000     0  0.00  0  0  -2.100  -2.093   0.738   0.047   0.608   0.000 02O000M000t
00565 GLU-1A0268_005 f 0.00 -1.000     0  4.75  0 -1  -2.118  -2.044   0.738  -0.679   0.856   0.000 -1O000M000t
00566 PRO01A0269_001 f 0.00  0.000     0  0.00  0  0  -2.067  -0.020   0.000   0.000   0.000   0.000 01O000M000t
00567 SER01A0270_001 f 0.00  0.000     0  0.00  0  0  -4.006  -0.467   0.387   0.317   0.647   0.000 01O000M000t
00568 SER01A0270_002 f 0.00  0.000     0  0.00  0  0  -4.006  -0.467   0.387   0.161   1.201   0.000 01O000M000t
00569 GLN01A0271_001 f 0.00  0.000     0  0.00  0  0  -2.149  -1.862   1.584   0.395   0.352   0.000 01O000M000t
00570 GLN01A0271_002 f 0.00  0.000     0  0.00  0  0  -2.292  -1.630   1.596  -0.079   0.063   0.000 01R001M000t
00571 ARG01A0272_001 f 0.00  0.000     0  0.00  0  0   2.211 -14.805   1.037   1.182   4.395   0.000 01O000M000t
00572 ARG02A0272_002 f 0.00  0.000     0  0.00  0  0   2.176 -14.788   1.037  -2.634   4.925   0.000 02O000M000t
00573 ARG02A0272_003 f 0.00  0.000     0  0.00  0  0   2.232 -14.697   1.037  -0.981   4.886   0.000 02O000M000t
00574 ARG03A0272_004 f 0.00  0.000     0  0.00  0  0   2.170 -14.809   1.037  -2.649   4.826   0.000 03O000M000t
00575 ARG03A0272_005 f 0.00  0.000     0  0.00  0  0   2.175 -14.740   1.037  -0.125   4.829   0.000 03O000M000t
00576 ARG+1A0272_006 f 0.00  1.000     0 12.50  0  1   2.132 -14.858   1.037  -5.334  10.920   0.000 +1O000M000t
00577 PRO01A0273_001 f 0.00  0.000     0  0.00  0  0  -0.897  -3.395   0.000   0.000   0.000   0.000 01O000M000t
00578 THR01A0274_001 f 0.00  0.000     0  0.00  0  0  -3.382   0.514   0.598   0.218   1.548   0.000 01O000M000t
00579 THR01A0274_002 f 0.00  0.000     0  0.00  0  0  -3.382   0.514   0.598   1.949   1.468   0.000 01O000M000t
00580 PHE01A0275_001 f 0.00  0.000     0  0.00  0  0   4.058  -9.110   0.413   0.000   0.000   0.000 01O000M000t
00581 SER01A0276_001 f 0.00  0.000     0  0.00  0  0  -3.545  -0.709   0.520  -0.309   0.623   0.000 01O000M000t
00582 SER01A0276_002 f 0.00  0.000     0  0.00  0  0  -3.545  -0.709   0.145  -0.558   0.083   0.000 01O000M000t
00583 GLU01A0277_001 f 0.00  0.000     0  0.00  0  0  -1.489 999.000   3.504   4.617   1.317   0.000 01O000M000t
00584 GLU01A0277_002 f 0.00  0.000     0  0.00  0  0  -1.489   3.220   0.784  -0.612   0.759   0.000 01O000M000t
00585 GLU02A0277_003 f 0.00  0.000     0  0.00  0  0  -1.892   1.755   3.504  -1.069  -0.212   0.000 02O000M000t
00586 GLU02A0277_004 f 0.00  0.000     0  0.00  0  0  -1.892   1.755   0.784  -1.226   0.959   0.000 02O000M000t
00587 GLU-1A0277_005 f 0.00 -1.000     0  4.75  0 -1  -1.776   1.793   0.784  -2.773   1.870   0.000 -1O000M000t
00588 LEU01A0278_001 f 0.00  0.000     0  0.00  0  0   2.007  -3.684   1.069   0.000   0.000   0.000 01O000M000t
00589 VAL01A0279_001 f 0.00  0.000     0  0.00  0  0  -0.549   2.509   0.618   0.000   0.000   0.000 01O000M000t
00590 GLU01A0280_001 f 0.00  0.000     0  0.00  0  0  -2.381  -2.241   4.283   0.146  -0.252   0.000 01O000M000t
00591 GLU01A0280_002 f 0.00  0.000     0  0.00  0  0  -2.381  -2.241   1.563   0.080   0.617   0.000 01O000M000t
00592 GLU02A0280_003 f 0.00  0.000     0  0.00  0  0  -2.504  -2.220   4.283   0.057  -0.534   0.000 02O000M000t
00593 GLU02A0280_004 f 0.00  0.000     0  0.00  0  0  -2.504  -2.220   1.563   0.055   0.329   0.000 02O000M000t
00594 GLU-1A0280_005 f 0.00 -1.000     0  4.75  0 -1  -2.433  -2.197   1.563  -0.182  -0.094   0.000 -1O000M000t
00595 HIS01A0281_001 f 0.00  0.000     0  0.00  0  0  -3.970  -4.612   0.044   0.697   1.288   0.000 01O000M000t
00596 HIS01A0281_002 f 0.00  0.000     0  0.00  0  0  -3.999  -4.643   0.044   0.261   1.650   0.000 01R001M000t
00597 HIS02A0281_003 f 0.00  0.000     0  0.00  0  0  -3.987  -4.627   0.044   0.293   1.495   0.000 02O000M000t
00598 HIS02A0281_004 f 0.00  0.000     0  0.00  0  0  -4.013  -4.670   0.044   0.533   1.933   0.000 02R001M000t
00599 HIS+1A0281_005 f 0.00  1.000     0  6.98  0  1  -4.014  -4.659   0.044   1.486   2.310   0.000 +1O000M000t
00600 HIS+1A0281_006 f 0.00  1.000     0  6.98  0  1  -4.039  -4.681   0.044   1.507   2.843   0.000 +1R001M000t
00601 LEU01A0282_001 f 0.00  0.000     0  0.00  0  0   1.693  -3.448   0.756   0.000   0.000   0.000 01O000M000t
00602 ASN01A0284_001 f 0.00  0.000     0  0.00  0  0  -2.452   2.213   0.564   0.292   0.509   0.000 01O000M000t
00603 ASN01A0284_002 f 0.00  0.000     0  0.00  0  0  -2.578   0.292   0.565   0.149   0.043   0.000 01R001M000t
00604 LEU01A0285_001 f 0.00  0.000     0  0.00  0  0   1.099  -0.295   0.509   0.000   0.000   0.000 01O000M000t
00605 LEU01A0286_001 f 0.00  0.000     0  0.00  0  0   0.087  -4.279   0.420   0.000   0.000   0.000 01O000M000t
00606 GLN01A0287_001 f 0.00  0.000     0  0.00  0  0  -2.974   0.597   2.057   0.091   0.068   0.000 01O000M000t
00607 GLN01A0287_002 f 0.00  0.000     0  0.00  0  0  -2.911   0.548   2.071   0.084  -0.187   0.000 01R001M000t
00608 ALA01A0288_001 f 0.00  0.000     0  0.00  0  0  -2.746  -1.332   0.000   0.000   0.000   0.000 01O000M000t
00609 ASN01A0289_001 f 0.00  0.000     0  0.00  0  0   0.279  -3.501   1.069   0.434   1.973   0.000 01O000M000t
00610 ASN01A0289_002 f 0.00  0.000     0  0.00  0  0   0.129  -3.326   1.078   0.093   1.297   0.000 01R001M000t
00611 ALA01A0290_001 f 0.00  0.000     0  0.00  0  0  -2.984  -0.777   0.000   0.000   0.000   0.000 01O000M000t
00612 GLN01A0291_001 f 0.00  0.000     0  0.00  0  0  -0.283  -1.376   0.276   0.088   0.406   0.000 01O000M000t
00613 GLN01A0291_002 f 0.00  0.000     0  0.00  0  0  -1.746  -1.272   0.276   0.074  -0.237   0.000 01R001M000t
00614 GLN01A0292_001 f 0.00  0.000     0  0.00  0  0  -0.837   2.747   0.513   0.068  -0.080   0.000 01O000M000t
00615 GLN01A0292_002 f 0.00  0.000     0  0.00  0  0  -2.288   2.791   0.513   0.072  -0.317   0.000 01R001M000t
00616 27601B0001_001 f 0.00  0.001     0  0.00  0  0 000.000 000.000   0.000  -1.929   9.457   0.309 01O000M000t
00617 27602B0001_002 f 0.00 -0.003     0  0.00  0  0 000.000 000.000   0.000  -3.624   6.577   0.585 02O000M000t
00618 27611B0001_003 f 0.00  0.995     0  0.00  0  0 000.000 000.000   0.000  -1.499  13.359   2.362 11O000M000t
00619 27612B0001_004 f 0.00  0.998     0  0.00  0  0 000.000 000.000   0.000   1.826  15.141   3.162 12O000M000t
00620 27603B0001_005 f 0.00  0.000     0  0.00  0  0 000.000 000.000   0.000   2.656  10.702   3.251 03O000M000t
00621 27613B0001_006 f 0.00  0.996     0  0.00  0  0 000.000 000.000   0.000  -0.236  11.860   3.423 13O000M000t
00622 27604B0001_007 f 0.00 -0.000     0  0.00  0  0 000.000 000.000   0.000   1.029   7.839   3.507 04O000M000t
00623 27621B0001_008 f 0.00  2.001     0  0.00  0  0 000.000 000.000   0.000   2.170  23.701   5.324 21O000M000t
00624 27614B0001_009 f 0.00  0.999     0  0.00  0  0 000.000 000.000   0.000   3.255  15.700   5.434 14O000M000t
00625 276DMB0001_010 t 0.00  0.000     0  0.00  0  0   0.000   0.000   0.000   0.000   0.000   0.000         DMt
