  pH           7
HIS+A0001_  0.09
GLU-A0003_ -1.00
ARG+A0004_  1.00
TYR-A0007_ -0.00
ASP-A0008_ -1.00
LYS+A0011_  1.00
GLU-A0013_ -1.00
ARG+A0016_  1.00
ASP-A0017_ -1.00
ARG+A0018_  1.00
LYS+A0020_  1.00
LYS+A0023_  1.00
ARG+A0027_  1.00
GLU-A0035_ -1.00
ASP-A0037_ -1.00
ASP-A0042_ -1.00
LYS+A0043_  1.00
CYS-A0047_ -0.01
ARG+A0048_  1.00
LYS+A0053_  1.00
LYS+A0056_  1.00
GLU-A0057_ -1.00
HIS+A0061_  0.17
GLU-A0063_ -1.00
HIS+A0064_  0.13
ARG+A0065_  1.00
GLU-A0070_ -1.00
LYS+A0072_  1.00
HIS+A0076_  0.24
HIS+A0079_  0.13
HIS+A0080_  0.00
CYS-A0090_ -0.00
LYS+A0092_  1.00
GLU-A0102_ -1.00
CYS-A0104_ -0.00
LYS+A0105_  1.00
TYR-A0112_ -0.00
ARG+A0114_  1.00
LYS+A0116_  1.00
ARG+A0117_  1.00
GLU-A0119_ -1.00
TYR-A0123_ -0.00
LYS+A0124_  0.97
GLU-A0128_ -1.00
ASP-A0129_ -1.00
TYR-A0131_ -0.00
LYS+A0132_  1.00
ASP-A0133_ -1.00
GLU-A0138_ -1.00
HIS+A0139_  0.00
CYS-A0142_ -0.00
TYR-A0143_ -0.00
LYS+A0149_  0.95
GLU-A0152_ -1.00
ARG+A0157_  1.00
LYS+A0158_  1.00
CYS-A0159_ -0.00
HIS+A0161_  0.00
ARG+A0162_  1.00
ASP-A0163_ -1.00
ARG+A0167_  1.00
GLU-A0173_ -1.00
LYS+A0174_  1.00
LYS+A0178_  1.00
CYS-A0180_ -0.00
ASP-A0181_ -1.00
ASP-A0186_ -1.00
ARG+A0188_  1.00
LYS+A0192_  0.99
GLU-A0197_ -1.00
ASP-A0201_ -1.00
ARG+A0202_  1.00
TYR-A0204_ -0.00
ASP-A0209_ -1.00
GLU-A0219_ -1.00
TYR-A0228_ -0.00
LYS+A0232_  1.00
ASP-A0234_ -1.00
GLU-A0235_ -1.00
GLU-A0236_ -1.00
CYS-A0238_ -0.00
ARG+A0239_  1.00
ARG+A0240_  1.00
LYS+A0242_  1.00
GLU-A0243_ -1.00
ARG+A0246_  1.00
ARG+A0248_  1.00
ASP-A0251_ -1.00
TYR-A0252_ -0.00
GLU-A0256_ -1.00
TYR-A0258_ -0.00
ASP-A0263_ -0.99
CYS-A0264_ -0.00
HIS+A0266_  0.00
GLU-A0268_ -1.00
ARG+A0272_  1.00
GLU-A0277_ -1.00
GLU-A0280_ -1.00
HIS+A0281_  0.32
----------
Net_Charge  2.99
Protons     2.99
Electrons   0.00
