iConf CONFORMER     FL  occ    crg   Em0  pKa0 ne nH    vdw0    vdw1    tors    epol   dsolv   extra    history
00001 TYR01A0001_001 f 0.00  0.000     0  0.00  0  0 999.000 999.000   0.066   0.498   1.503   0.000 01O000M000t
00002 TYR01A0001_002 f 0.00  0.000     0  0.00  0  0 999.000 999.000   0.066   0.163   1.227   0.000 01O000M000t
00003 TYR-1A0001_003 f 0.00 -1.000     0 10.20  0 -1 999.000 999.000   0.066   0.116   3.020   0.000 -1O000M000t
00004 ASP01A0002_001 f 0.00  0.000     0  0.00  0  0  -1.422   3.005   2.831   3.105   1.470   0.000 01O000M000t
00005 ASP01A0002_002 f 0.00  0.000     0  0.00  0  0  -1.422   3.005   0.111   0.317   1.567   0.000 01O000M000t
00006 ASP02A0002_003 f 0.00  0.000     0  0.00  0  0  -1.436   1.939   2.831  -1.623   0.646   0.000 02O000M000t
00007 ASP02A0002_004 f 0.00  0.000     0  0.00  0  0  -1.436   1.939   0.111  -1.198   2.577   0.000 02O000M000t
00008 ASP-1A0002_005 f 0.00 -1.000     0  4.75  0 -1  -1.428   2.001   0.111  -5.242   5.118   0.000 -1O000M000t
00009 LYS01A0003_001 f 0.00  0.000     0  0.00  0  0  -7.475   0.756   1.678  -0.058   0.389   0.000 01O000M000t
00010 LYS+1A0003_002 f 0.00  1.000     0 10.40  0  1  -7.540   0.750   1.678  -0.175   1.214   0.000 +1O000M000t
00011 TRP01A0004_001 f 0.00  0.000     0  0.00  0  0   0.900  -8.018   0.115   0.000   0.000   0.000 01O000M000t
00012 GLU01A0005_001 f 0.00  0.000     0  0.00  0  0   2.274  -3.863   3.570  -1.492   1.759   0.000 01O000M000t
00013 GLU01A0005_002 f 0.00  0.000     0  0.00  0  0   2.274  -3.863   0.850  -0.675   2.488   0.000 01O000M000t
00014 GLU02A0005_003 f 0.00  0.000     0  0.00  0  0   1.788  -2.582   3.570  -1.474   1.108   0.000 02O000M000t
00015 GLU02A0005_004 f 0.00  0.000     0  0.00  0  0   1.788 996.418   0.850   6.001   2.522   0.000 02O000M000t
00016 GLU-1A0005_005 f 0.00 -1.000     0  4.75  0 -1   1.712  -3.783   0.850  -5.453   7.637   0.000 -1O000M000t
00017 MET01A0006_001 f 0.00  0.000     0  0.00  0  0   1.858  -6.358   0.206   0.012   0.082   0.000 01O000M000t
00018 GLU01A0007_001 f 0.00  0.000     0  0.00  0  0  -0.818  -2.077   3.600   0.544  -0.022   0.000 01O000M000t
00019 GLU01A0007_002 f 0.00  0.000     0  0.00  0  0  -0.818  -2.077   0.880   0.104   0.503   0.000 01O000M000t
00020 GLU02A0007_003 f 0.00  0.000     0  0.00  0  0  -1.041  -2.091   3.600  -0.042  -0.503   0.000 02O000M000t
00021 GLU02A0007_004 f 0.00  0.000     0  0.00  0  0  -1.041  -2.091   0.880  -0.007   0.627   0.000 02O000M000t
00022 GLU-1A0007_005 f 0.00 -1.000     0  4.75  0 -1  -1.106  -2.055   0.880  -0.795   0.212   0.000 -1O000M000t
00023 ARG01A0008_001 f 0.00  0.000     0  0.00  0  0  -0.526  -0.406   0.953  -2.614   2.636   0.000 01O000M000t
00024 ARG02A0008_002 f 0.00  0.000     0  0.00  0  0  -0.593  -0.575   0.953   0.057   3.725   0.000 02O000M000t
00025 ARG02A0008_003 f 0.00  0.000     0  0.00  0  0  -0.532  -0.393   0.953  -2.636   3.700   0.000 02O000M000t
00026 ARG03A0008_004 f 0.00  0.000     0  0.00  0  0  -0.593  -0.349   0.953  -2.675   3.584   0.000 03O000M000t
00027 ARG+1A0008_005 f 0.00  1.000     0 12.50  0  1  -0.637  -0.422   0.953  -3.512   4.423   0.000 +1O000M000t
00028 THR01A0009_001 f 0.00  0.000     0  0.00  0  0  -6.078  -0.536   0.531   0.489  -0.004   0.000 01O000M000t
00029 ASP01A0010_001 f 0.00  0.000     0  0.00  0  0  -1.290   0.263   3.068   0.539   0.138   0.000 01O000M000t
00030 ASP01A0010_002 f 0.00  0.000     0  0.00  0  0  -1.290   0.263   0.348   0.134   0.963   0.000 01O000M000t
00031 ASP02A0010_003 f 0.00  0.000     0  0.00  0  0  -1.135  -0.391   3.068   0.139   0.891   0.000 02O000M000t
00032 ASP02A0010_004 f 0.00  0.000     0  0.00  0  0  -1.135  -0.391   0.348   0.113   1.168   0.000 02O000M000t
00033 ASP-1A0010_005 f 0.00 -1.000     0  4.75  0 -1  -1.182  -0.305   0.348  -0.812   3.169   0.000 -1O000M000t
00034 ILE01A0011_001 f 0.00  0.000     0  0.00  0  0   1.754  -2.693   0.483   0.000   0.000   0.000 01O000M000t
00035 THR01A0012_001 f 0.00  0.000     0  0.00  0  0  -2.992  -0.785   0.375  -0.416  -0.025   0.000 01O000M000t
00036 MET01A0013_001 f 0.00  0.000     0  0.00  0  0  -1.858  -3.690   0.794  -0.045   0.090   0.000 01O000M000t
00037 LYS01A0014_001 f 0.00  0.000     0  0.00  0  0  -2.698  -1.842   1.160   0.037   0.630   0.000 01O000M000t
00038 LYS+1A0014_002 f 0.00  1.000     0 10.40  0  1  -2.742  -1.860   1.160   0.145   3.909   0.000 +1O000M000t
00039 HIS01A0015_001 f 0.00  0.000     0  0.00  0  0  -6.103  -2.076   0.416   0.615   1.662   0.000 01O000M000t
00040 HIS01A0015_002 f 0.00  0.000     0  0.00  0  0  -6.344   1.016   0.416  -0.378   1.214   0.000 01R001M000t
00041 HIS02A0015_003 f 0.00  0.000     0  0.00  0  0  -6.122  -2.227   0.416  -0.495   1.067   0.000 02O000M000t
00042 HIS02A0015_004 f 0.00  0.000     0  0.00  0  0  -6.357   0.983   0.416  -0.299   1.060   0.000 02R001M000t
00043 HIS+1A0015_005 f 0.00  1.000     0  6.98  0  1  -6.149  -2.237   0.416   0.612   1.457   0.000 +1O000M000t
00044 HIS+1A0015_006 f 0.00  1.000     0  6.98  0  1  -6.383   0.965   0.416   0.969   1.386   0.000 +1R001M000t
00045 LYS01A0016_001 f 0.00  0.000     0  0.00  0  0  -2.750  -6.246   2.052  -0.029   0.230   0.000 01O000M000t
00046 LYS+1A0016_002 f 0.00  1.000     0 10.40  0  1  -2.797  -6.259   2.052   0.127   1.220   0.000 +1O000M000t
00047 LEU01A0017_001 f 0.00  0.000     0  0.00  0  0   1.512  -4.111   2.520   0.000   0.000   0.000 01O000M000t
00048 GLN01A0021_001 f 0.00  0.000     0  0.00  0  0   1.575  -1.159   0.228  -0.113   0.684   0.000 01O000M000t
00049 GLN01A0021_002 f 0.00  0.000     0  0.00  0  0   0.419  -1.034   0.227   0.120   0.293   0.000 01R001M000t
00050 TYR01A0022_001 f 0.00  0.000     0  0.00  0  0   4.273  -4.072   0.159   0.103   1.487   0.000 01O000M000t
00051 TYR-1A0022_002 f 0.00 -1.000     0 10.20  0 -1   4.273  -4.072   0.159  -1.117   4.642   0.000 -1O000M000t
00052 GLU01A0024_001 f 0.00  0.000     0  0.00  0  0  -1.211  -2.293   3.808   0.278   0.913   0.000 01O000M000t
00053 GLU01A0024_002 f 0.00  0.000     0  0.00  0  0  -1.211  -2.293   1.088   0.111   1.233   0.000 01O000M000t
00054 GLU02A0024_003 f 0.00  0.000     0  0.00  0  0  -1.303  -2.281   3.808   0.084   0.036   0.000 02O000M000t
00055 GLU02A0024_004 f 0.00  0.000     0  0.00  0  0  -1.303  -2.281   1.088   0.058   1.320   0.000 02O000M000t
00056 GLU-1A0024_005 f 0.00 -1.000     0  4.75  0 -1  -1.347  -2.235   1.088  -0.475   3.224   0.000 -1O000M000t
00057 VAL01A0025_001 f 0.00  0.000     0  0.00  0  0   0.443  -3.440   0.001   0.000   0.000   0.000 01O000M000t
00058 TYR01A0026_001 f 0.00  0.000     0  0.00  0  0   1.681  -9.358   0.106   0.153   1.276   0.000 01O000M000t
00059 TYR01A0026_002 f 0.00  0.000     0  0.00  0  0   1.681  -9.358   0.106   0.070   0.964   0.000 01O000M000t
00060 TYR-1A0026_003 f 0.00 -1.000     0 10.20  0 -1   1.681  -9.358   0.106  -0.117   3.600   0.000 -1O000M000t
00061 GLU01A0027_001 f 0.00  0.000     0  0.00  0  0   0.561  -3.609   3.256   0.049   1.307   0.000 01O000M000t
00062 GLU01A0027_002 f 0.00  0.000     0  0.00  0  0   0.561  -3.609   0.536   0.018   1.044   0.000 01O000M000t
00063 GLU02A0027_003 f 0.00  0.000     0  0.00  0  0   1.018  -3.620   3.256   0.397   1.430   0.000 02O000M000t
00064 GLU02A0027_004 f 0.00  0.000     0  0.00  0  0   1.018  -3.620   0.536   0.088   1.235   0.000 02O000M000t
00065 GLU-1A0027_005 f 0.00 -1.000     0  4.75  0 -1   0.583  -3.573   0.536  -0.534   3.485   0.000 -1O000M000t
00066 VAL01A0029_001 f 0.00  0.000     0  0.00  0  0  -1.767  -2.341   0.006   0.000   0.000   0.000 01O000M000t
00067 TRP01A0030_001 f 0.00  0.000     0  0.00  0  0  -0.082  -4.172   0.231   0.000   0.000   0.000 01O000M000t
00068 LYS01A0031_001 f 0.00  0.000     0  0.00  0  0  -4.498  -3.953   1.475   0.324   0.158   0.000 01O000M000t
00069 LYS+1A0031_002 f 0.00  1.000     0 10.40  0  1  -4.546  -3.942   1.475  -1.100   0.608   0.000 +1O000M000t
00070 LYS01A0032_001 f 0.00  0.000     0  0.00  0  0  -3.633  -1.536   1.251  -0.084   0.258   0.000 01O000M000t
00071 LYS+1A0032_002 f 0.00  1.000     0 10.40  0  1  -3.678  -1.539   1.251   0.292   0.979   0.000 +1O000M000t
00072 TYR01A0033_001 f 0.00  0.000     0  0.00  0  0  -3.084  -1.910   0.047   0.314   0.216   0.000 01O000M000t
00073 TYR-1A0033_002 f 0.00 -1.000     0 10.20  0 -1  -3.084  -1.910   0.047  -0.028  -0.237   0.000 -1O000M000t
00074 SER01A0034_001 f 0.00  0.000     0  0.00  0  0  -4.884   0.977   0.375  -0.082  -0.136   0.000 01O000M000t
00075 LEU01A0035_001 f 0.00  0.000     0  0.00  0  0  -4.293  -2.507   0.952   0.000   0.000   0.000 01O000M000t
00076 THR01A0036_001 f 0.00  0.000     0  0.00  0  0  -2.299  -2.066   0.568  -0.246   0.176   0.000 01O000M000t
00077 VAL01A0037_001 f 0.00  0.000     0  0.00  0  0   0.533  -4.171   0.011   0.000   0.000   0.000 01O000M000t
00078 ALA01A0038_001 f 0.00  0.000     0  0.00  0  0   0.000  -1.901   0.000   0.000   0.000   0.000 01O000M000t
00079 VAL01A0039_001 f 0.00  0.000     0  0.00  0  0   0.544  -3.670   0.030   0.000   0.000   0.000 01O000M000t
00080 LYS01A0040_001 f 0.00  0.000     0  0.00  0  0  -1.547  -3.959   0.931  -0.011   0.480   0.000 01O000M000t
00081 LYS+1A0040_002 f 0.00  1.000     0 10.40  0  1  -1.593  -3.969   0.931   0.016   2.292   0.000 +1O000M000t
00082 THR01A0041_001 f 0.00  0.000     0  0.00  0  0  -0.253  -0.905   0.413   1.257   1.620   0.000 01O000M000t
00083 LEU01A0042_001 f 0.00  0.000     0  0.00  0  0   1.219  -1.815   0.848   0.000   0.000   0.000 01O000M000t
00084 LYS01A0043_001 f 0.00  0.000     0  0.00  0  0   2.143 999.000   1.489   0.368   0.744   0.000 01O000M000t
00085 LYS+1A0043_002 f 0.00  1.000     0 10.40  0  1   2.096 999.000   1.489   0.581   4.350   0.000 +1O000M000t
00086 GLU01A0044_001 f 0.00  0.000     0  0.00  0  0 999.000 999.000   5.369   0.209  -0.825   0.000 01O000M000t
00087 GLU01A0044_002 f 0.00  0.000     0  0.00  0  0  43.566 999.000   2.649   0.093   1.677   0.000 01O000M000t
00088 GLU02A0044_003 f 0.00  0.000     0  0.00  0  0  33.597 999.000   5.369   0.092   1.606   0.000 02O000M000t
00089 GLU02A0044_004 f 0.00  0.000     0  0.00  0  0  33.597 999.000   2.649   0.127  -1.544   0.000 02O000M000t
00090 GLU-1A0044_005 f 0.00 -1.000     0  4.75  0 -1  33.837 999.000   2.649  -0.100  -1.316   0.000 -1O000M000t
00091 ASP01A0045_001 f 0.00  0.000     0  0.00  0  0  -1.892  94.207   3.926   2.075   1.149   0.000 01O000M000t
00092 ASP01A0045_002 f 0.00  0.000     0  0.00  0  0  -1.892  94.207   1.206   0.013   0.753   0.000 01O000M000t
00093 ASP02A0045_003 f 0.00  0.000     0  0.00  0  0  -1.764  84.968   3.926   0.413   0.463   0.000 02O000M000t
00094 ASP02A0045_004 f 0.00  0.000     0  0.00  0  0  -1.764  84.968   1.206   0.274   1.251   0.000 02O000M000t
00095 ASP-1A0045_005 f 0.00 -1.000     0  4.75  0 -1  -1.897  85.039   1.206  -0.512   2.339   0.000 -1O000M000t
00096 THR01A0046_001 f 0.00  0.000     0  0.00  0  0   4.379  14.471   2.852   0.053   0.379   0.000 01O000M000t
00097 MET01A0047_001 f 0.00  0.000     0  0.00  0  0  -3.349 999.000   3.795   0.118   0.059   0.000 01O000M000t
00098 GLU01A0048_001 f 0.00  0.000     0  0.00  0  0  -1.856 674.868   8.304   1.053   0.615   0.000 01O000M000t
00099 GLU01A0048_002 f 0.00  0.000     0  0.00  0  0  -1.856 674.868   5.584   0.213   0.658   0.000 01O000M000t
00100 GLU02A0048_003 f 0.00  0.000     0  0.00  0  0  -1.670 674.846   8.304   0.374   0.114   0.000 02O000M000t
00101 GLU02A0048_004 f 0.00  0.000     0  0.00  0  0  -1.670 674.846   5.584   0.235   1.038   0.000 02O000M000t
00102 GLU-1A0048_005 f 0.00 -1.000     0  4.75  0 -1  -1.811 674.894   5.584  -0.268   1.199   0.000 -1O000M000t
00103 VAL01A0049_001 f 0.00  0.000     0  0.00  0  0  -2.341   1.225   0.025   0.000   0.000   0.000 01O000M000t
00104 GLU01A0050_001 f 0.00  0.000     0  0.00  0  0  -1.724  -1.247   3.137   0.387  -0.242   0.000 01O000M000t
00105 GLU01A0050_002 f 0.00  0.000     0  0.00  0  0  -1.724  -1.247   0.417   0.081   0.592   0.000 01O000M000t
00106 GLU02A0050_003 f 0.00  0.000     0  0.00  0  0  -2.111  -1.230   3.137   0.067  -0.694   0.000 02O000M000t
00107 GLU02A0050_004 f 0.00  0.000     0  0.00  0  0  -2.111  -1.230   0.417   0.038   0.617   0.000 02O000M000t
00108 GLU-1A0050_005 f 0.00 -1.000     0  4.75  0 -1  -2.130  -1.214   0.417  -0.476  -0.082   0.000 -1O000M000t
00109 GLU01A0051_001 f 0.00  0.000     0  0.00  0  0  -0.415  -1.292   3.022   0.506  -0.819   0.000 01O000M000t
00110 GLU01A0051_002 f 0.00  0.000     0  0.00  0  0  -0.415  -1.292   0.302   0.108   0.335   0.000 01O000M000t
00111 GLU02A0051_003 f 0.00  0.000     0  0.00  0  0  -0.918  -1.506   3.022   0.176  -0.061   0.000 02O000M000t
00112 GLU02A0051_004 f 0.00  0.000     0  0.00  0  0  -0.918  -1.506   0.302   0.070   0.891   0.000 02O000M000t
00113 GLU-1A0051_005 f 0.00 -1.000     0  4.75  0 -1  -0.898  -1.473   0.302  -0.628   1.239   0.000 -1O000M000t
00114 PHE01A0052_001 f 0.00  0.000     0  0.00  0  0   4.273  -9.338   0.267   0.000   0.000   0.000 01O000M000t
00115 LEU01A0053_001 f 0.00  0.000     0  0.00  0  0  -2.602  -2.361   0.576   0.000   0.000   0.000 01O000M000t
00116 LYS01A0054_001 f 0.00  0.000     0  0.00  0  0  -5.732  -2.408   1.107  -0.024   0.148   0.000 01O000M000t
00117 LYS+1A0054_002 f 0.00  1.000     0 10.40  0  1  -5.778  -2.412   1.107   0.223   0.613   0.000 +1O000M000t
00118 GLU01A0055_001 f 0.00  0.000     0  0.00  0  0   1.070  -2.265   3.233   0.213   1.196   0.000 01O000M000t
00119 GLU01A0055_002 f 0.00  0.000     0  0.00  0  0   1.070  -2.265   0.513   0.100   1.835   0.000 01O000M000t
00120 GLU02A0055_003 f 0.00  0.000     0  0.00  0  0   0.820  -2.255   3.233   0.186   1.781   0.000 02O000M000t
00121 GLU02A0055_004 f 0.00  0.000     0  0.00  0  0   0.820  -2.255   0.513   0.006   1.607   0.000 02O000M000t
00122 GLU-1A0055_005 f 0.00 -1.000     0  4.75  0 -1   0.714  -2.208   0.513  -0.307   5.287   0.000 -1O000M000t
00123 ALA01A0056_001 f 0.00  0.000     0  0.00  0  0   0.000  -1.495   0.000   0.000   0.000   0.000 01O000M000t
00124 ALA01A0057_001 f 0.00  0.000     0  0.00  0  0  -3.020  -1.486   0.000   0.000   0.000   0.000 01O000M000t
00125 VAL01A0058_001 f 0.00  0.000     0  0.00  0  0  -0.562   4.842   0.010   0.000   0.000   0.000 01O000M000t
00126 MET01A0059_001 f 0.00  0.000     0  0.00  0  0   0.568  -4.306   0.167  -0.002   0.094   0.000 01O000M000t
00127 LYS01A0060_001 f 0.00  0.000     0  0.00  0  0  -1.317   0.118   0.865  -0.016   0.485   0.000 01O000M000t
00128 LYS+1A0060_002 f 0.00  1.000     0 10.40  0  1  -1.362   0.103   0.865   0.915   2.750   0.000 +1O000M000t
00129 GLU01A0061_001 f 0.00  0.000     0  0.00  0  0  -1.656  -2.242   3.162   0.072  -0.255   0.000 01O000M000t
00130 GLU01A0061_002 f 0.00  0.000     0  0.00  0  0  -1.656  -2.242   0.442   0.034   0.646   0.000 01O000M000t
00131 GLU02A0061_003 f 0.00  0.000     0  0.00  0  0  -1.895  -2.320   3.162  -0.003  -0.578   0.000 02O000M000t
00132 GLU02A0061_004 f 0.00  0.000     0  0.00  0  0  -1.895  -2.320   0.442   0.066   0.583   0.000 02O000M000t
00133 GLU-1A0061_005 f 0.00 -1.000     0  4.75  0 -1  -1.901  -2.254   0.442   0.259   0.477   0.000 -1O000M000t
00134 ILE01A0062_001 f 0.00  0.000     0  0.00  0  0   2.160  -2.086   0.470   0.000   0.000   0.000 01O000M000t
00135 LYS01A0063_001 f 0.00  0.000     0  0.00  0  0  -7.997  -1.240   0.984  -0.002   0.019   0.000 01O000M000t
00136 LYS+1A0063_002 f 0.00  1.000     0 10.40  0  1  -8.042  -1.242   0.984  -0.268  -0.209   0.000 +1O000M000t
00137 HIS01A0064_001 f 0.00  0.000     0  0.00  0  0  -1.459  -5.539   0.051  -2.801   2.893   0.000 01O000M000t
00138 HIS02A0064_002 f 0.00  0.000     0  0.00  0  0  -1.478  -5.497   0.051   3.749   2.595   0.000 02O000M000t
00139 HIS+1A0064_003 f 0.00  1.000     0  6.98  0  1  -1.504  -5.533   0.051   7.491   4.914   0.000 +1O000M000t
00140 PRO01A0065_001 f 0.00  0.000     0  0.00  0  0  -5.532  -1.032   0.000   0.000   0.000   0.000 01O000M000t
00141 ASN01A0066_001 f 0.00  0.000     0  0.00  0  0  -0.277  -4.106   0.879  -1.440   1.228   0.000 01O000M000t
00142 ASN01A0066_002 f 0.00  0.000     0  0.00  0  0  -0.092  -5.014   0.841   1.209   1.864   0.000 01R001M000t
00143 LEU01A0067_001 f 0.00  0.000     0  0.00  0  0   1.768  -5.336   1.244   0.000   0.000   0.000 01O000M000t
00144 VAL01A0068_001 f 0.00  0.000     0  0.00  0  0   0.655   0.368   0.018   0.000   0.000   0.000 01O000M000t
00145 GLN01A0069_001 f 0.00  0.000     0  0.00  0  0  -0.250  -2.595   0.634  -1.158   1.491   0.000 01O000M000t
00146 GLN01A0069_002 f 0.00  0.000     0  0.00  0  0  -0.025  -3.472   0.637   0.781   1.041   0.000 01R001M000t
00147 LEU01A0070_001 f 0.00  0.000     0  0.00  0  0   1.746  -7.345   0.638   0.000   0.000   0.000 01O000M000t
00148 LEU01A0071_001 f 0.00  0.000     0  0.00  0  0   0.478  -4.942   0.408   0.000   0.000   0.000 01O000M000t
00149 VAL01A0073_001 f 0.00  0.000     0  0.00  0  0   0.520  -1.350   0.013   0.000   0.000   0.000 01O000M000t
00150 CYS01A0074_001 f 0.00  0.000     0  0.00  0  0  -0.050  -3.655   0.001  -0.897   0.915   0.000 01O000M000t
00151 CYS01A0074_002 f 0.00  0.000     0  0.00  0  0  -0.050  -3.569   0.001   0.162   0.936   0.000 01O000M000t
00152 CYS01A0074_003 f 0.00  0.000     0  0.00  0  0  -0.050  -3.552   0.001  -0.095   0.947   0.000 01O000M000t
00153 CYS-1A0074_004 f 0.00 -1.000     0  9.10  0 -1  -0.048  -3.485   0.001  -1.715   9.976   0.000 -1O000M000t
00154 THR01A0075_001 f 0.00  0.000     0  0.00  0  0  -0.959  -0.122   0.426   0.613   1.339   0.000 01O000M000t
00155 THR01A0075_002 f 0.00  0.000     0  0.00  0  0  -0.959  -0.122   0.426  -0.291   0.501   0.000 01O000M000t
00156 ARG01A0076_001 f 0.00  0.000     0  0.00  0  0  -7.500  -1.829  21.768   0.070   0.726   0.000 01O000M000t
00157 ARG02A0076_002 f 0.00  0.000     0  0.00  0  0  -7.527  -1.833  21.768   0.053   2.096   0.000 02O000M000t
00158 ARG02A0076_003 f 0.00  0.000     0  0.00  0  0  -7.507  -1.830  21.768   0.037   1.554   0.000 02O000M000t
00159 ARG03A0076_004 f 0.00  0.000     0  0.00  0  0  -7.526  -1.834  21.768   0.050   1.697   0.000 03O000M000t
00160 ARG+1A0076_005 f 0.00  1.000     0 12.50  0  1  -7.560  -1.835  21.768   0.427   1.031   0.000 +1O000M000t
00161 GLU01A0077_001 f 0.00  0.000     0  0.00  0  0  -2.627  -0.372   4.386   0.081  -0.243   0.000 01O000M000t
00162 GLU01A0077_002 f 0.00  0.000     0  0.00  0  0  -2.627  -0.372   1.666   0.065   0.636   0.000 01O000M000t
00163 GLU02A0077_003 f 0.00  0.000     0  0.00  0  0  -2.778  -0.368   4.386   0.219  -0.618   0.000 02O000M000t
00164 GLU02A0077_004 f 0.00  0.000     0  0.00  0  0  -2.778  -0.368   1.666   0.113   0.487   0.000 02O000M000t
00165 GLU-1A0077_005 f 0.00 -1.000     0  4.75  0 -1  -2.745  -0.342   1.666  -0.200  -0.153   0.000 -1O000M000t
00166 PRO01A0078_001 f 0.00  0.000     0  0.00  0  0  -5.645   0.147   0.000   0.000   0.000   0.000 01O000M000t
00167 PRO01A0079_001 f 0.00  0.000     0  0.00  0  0  -3.428  -2.607   0.000   0.000   0.000   0.000 01O000M000t
00168 PHE01A0080_001 f 0.00  0.000     0  0.00  0  0   2.596  -4.059   0.104   0.000   0.000   0.000 01O000M000t
00169 TYR01A0081_001 f 0.00  0.000     0  0.00  0  0   2.961  -2.628   0.395   0.375   1.227   0.000 01O000M000t
00170 TYR01A0081_002 f 0.00  0.000     0  0.00  0  0   2.961  -2.628   0.395   0.401   1.419   0.000 01O000M000t
00171 TYR-1A0081_003 f 0.00 -1.000     0 10.20  0 -1   2.961  -2.628   0.395   0.613   4.642   0.000 -1O000M000t
00172 ILE01A0082_001 f 0.00  0.000     0  0.00  0  0   2.154  -3.572   0.561   0.000   0.000   0.000 01O000M000t
00173 ILE01A0083_001 f 0.00  0.000     0  0.00  0  0   1.685  -3.238   0.837   0.000   0.000   0.000 01O000M000t
00174 THR01A0084_001 f 0.00  0.000     0  0.00  0  0   0.164  -1.305   0.603   0.056   1.991   0.000 01O000M000t
00175 THR01A0084_002 f 0.00  0.000     0  0.00  0  0   0.164  -1.305   0.603  -1.782   1.983   0.000 01O000M000t
00176 THR01A0084_003 f 0.00  0.000     0  0.00  0  0   0.164  -1.305   0.228  -0.227   1.987   0.000 01O000M000t
00177 GLU01A0085_001 f 0.00  0.000     0  0.00  0  0  -0.042  -1.803   3.826   4.132   1.653   0.000 01O000M000t
00178 GLU01A0085_002 f 0.00  0.000     0  0.00  0  0  -0.042  -1.803   1.106  -0.532   1.372   0.000 01O000M000t
00179 GLU02A0085_003 f 0.00  0.000     0  0.00  0  0   0.087  -2.431   3.826  -0.638   1.147   0.000 02O000M000t
00180 GLU02A0085_004 f 0.00  0.000     0  0.00  0  0   0.087  -2.431   1.106  -0.816   2.161   0.000 02O000M000t
00181 GLU-1A0085_005 f 0.00 -1.000     0  4.75  0 -1  -0.139  -2.369   1.106  -2.584   5.666   0.000 -1O000M000t
00182 PHE01A0086_001 f 0.00  0.000     0  0.00  0  0   2.475  -6.984   0.059   0.000   0.000   0.000 01O000M000t
00183 MET01A0087_001 f 0.00  0.000     0  0.00  0  0   0.175  -7.975   2.060   0.123   0.075   0.000 01O000M000t
00184 THR01A0088_001 f 0.00  0.000     0  0.00  0  0  -3.852   0.082   0.417  -0.543  -0.102   0.000 01O000M000t
00185 TYR01A0089_001 f 0.00  0.000     0  0.00  0  0  -0.866  -3.326   0.135   0.383   1.194   0.000 01O000M000t
00186 TYR01A0089_002 f 0.00  0.000     0  0.00  0  0  -0.866  -3.326   0.135   0.202   0.617   0.000 01O000M000t
00187 TYR-1A0089_003 f 0.00 -1.000     0 10.20  0 -1  -0.866  -3.326   0.135  -0.553   1.763   0.000 -1O000M000t
00188 ASN01A0091_001 f 0.00  0.000     0  0.00  0  0   0.020  -4.929   2.243  -1.796   1.893   0.000 01O000M000t
00189 ASN01A0091_002 f 0.00  0.000     0  0.00  0  0   0.114  -4.005   2.245   2.864   1.714   0.000 01R001M000t
00190 LEU01A0092_001 f 0.00  0.000     0  0.00  0  0   1.606  -3.168   0.461   0.000   0.000   0.000 01O000M000t
00191 LEU01A0093_001 f 0.00  0.000     0  0.00  0  0   0.623  -2.373   0.457   0.000   0.000   0.000 01O000M000t
00192 ASP01A0094_001 f 0.00  0.000     0  0.00  0  0  -1.370  -0.695   3.252   0.711   0.464   0.000 01O000M000t
00193 ASP01A0094_002 f 0.00  0.000     0  0.00  0  0  -1.370  -0.695   0.532   0.303   0.525   0.000 01O000M000t
00194 ASP02A0094_003 f 0.00  0.000     0  0.00  0  0  -1.324  -1.128   3.252   0.536   0.294   0.000 02O000M000t
00195 ASP02A0094_004 f 0.00  0.000     0  0.00  0  0  -1.324  -1.128   0.532   0.317   0.916   0.000 02O000M000t
00196 ASP-1A0094_005 f 0.00 -1.000     0  4.75  0 -1  -1.380  -1.080   0.532  -1.168   1.411   0.000 -1O000M000t
00197 TYR01A0095_001 f 0.00  0.000     0  0.00  0  0   3.137  -6.190   0.026   0.255   1.167   0.000 01O000M000t
00198 TYR01A0095_002 f 0.00  0.000     0  0.00  0  0   3.137  -6.190   0.026   0.324   1.490   0.000 01O000M000t
00199 TYR-1A0095_003 f 0.00 -1.000     0 10.20  0 -1   3.137  -6.190   0.026  -0.464   2.915   0.000 -1O000M000t
00200 LEU01A0096_001 f 0.00  0.000     0  0.00  0  0   1.931  -6.555   0.707   0.000   0.000   0.000 01O000M000t
00201 ARG01A0097_001 f 0.00  0.000     0  0.00  0  0  -4.282  -1.895   0.796   0.683   1.598   0.000 01O000M000t
00202 ARG02A0097_002 f 0.00  0.000     0  0.00  0  0  -4.264  -0.483   0.796  -1.806   2.180   0.000 02O000M000t
00203 ARG03A0097_003 f 0.00  0.000     0  0.00  0  0  -4.329  -0.469   0.796  -1.877   2.254   0.000 03O000M000t
00204 ARG+1A0097_004 f 0.00  1.000     0 12.50  0  1  -4.367  -0.491   0.796  -3.287   3.210   0.000 +1O000M000t
00205 GLU01A0098_001 f 0.00  0.000     0  0.00  0  0  -1.589  -2.745   3.445  -0.152  -0.314   0.000 01O000M000t
00206 GLU01A0098_002 f 0.00  0.000     0  0.00  0  0  -1.589  -2.745   0.725  -0.069   0.828   0.000 01O000M000t
00207 GLU02A0098_003 f 0.00  0.000     0  0.00  0  0  -1.279  -2.753   3.445  -0.171  -0.293   0.000 02O000M000t
00208 GLU02A0098_004 f 0.00  0.000     0  0.00  0  0  -1.279  -2.753   0.725  -0.107   0.748   0.000 02O000M000t
00209 GLU-1A0098_005 f 0.00 -1.000     0  4.75  0 -1  -1.655  -2.692   0.725   0.241   0.861   0.000 -1O000M000t
00210 CYS01A0099_001 f 0.00  0.000     0  0.00  0  0  -0.098  -3.114   0.254  -1.118   0.927   0.000 01O000M000t
00211 CYS01A0099_002 f 0.00  0.000     0  0.00  0  0  -0.098  -3.087   0.254  -0.047   0.964   0.000 01O000M000t
00212 CYS01A0099_003 f 0.00  0.000     0  0.00  0  0  -0.098  -3.000   0.254  -0.229   0.965   0.000 01O000M000t
00213 CYS-1A0099_004 f 0.00 -1.000     0  9.10  0 -1  -0.096  -2.946   0.254   0.447  11.000   0.000 -1O000M000t
00214 ASN01A0100_001 f 0.00  0.000     0  0.00  0  0  -2.112   0.117   0.734  -2.428   1.295   0.000 01O000M000t
00215 ARG01A0101_001 f 0.00  0.000     0  0.00  0  0  -5.507  -3.014   0.613   0.210   0.661   0.000 01O000M000t
00216 ARG02A0101_002 f 0.00  0.000     0  0.00  0  0  -5.482  -3.031   0.613  -0.001   1.755   0.000 02O000M000t
00217 ARG03A0101_003 f 0.00  0.000     0  0.00  0  0  -5.545  -3.016   0.613   0.192   1.522   0.000 03O000M000t
00218 ARG+1A0101_004 f 0.00  1.000     0 12.50  0  1  -5.588  -3.037   0.613  -0.882   1.257   0.000 +1O000M000t
00219 GLN01A0102_001 f 0.00  0.000     0  0.00  0  0  -3.043  -1.162   1.102  -0.527   0.382   0.000 01O000M000t
00220 GLN01A0102_002 f 0.00  0.000     0  0.00  0  0  -2.950  -0.753   1.090   0.332   0.178   0.000 01R001M000t
00221 GLU01A0103_001 f 0.00  0.000     0  0.00  0  0  -0.423  -0.846   3.026   0.403   0.500   0.000 01O000M000t
00222 GLU01A0103_002 f 0.00  0.000     0  0.00  0  0  -0.423  -0.846   0.306   0.086   0.598   0.000 01O000M000t
00223 GLU02A0103_003 f 0.00  0.000     0  0.00  0  0  -0.806  -0.816   3.026   0.079  -0.498   0.000 02O000M000t
00224 GLU02A0103_004 f 0.00  0.000     0  0.00  0  0  -0.806  -0.816   0.306   0.055   0.593   0.000 02O000M000t
00225 GLU-1A0103_005 f 0.00 -1.000     0  4.75  0 -1  -0.848  -0.795   0.306  -0.524   0.506   0.000 -1O000M000t
00226 VAL01A0104_001 f 0.00  0.000     0  0.00  0  0   0.570   0.283   0.010   0.000   0.000   0.000 01O000M000t
00227 ASN01A0105_001 f 0.00  0.000     0  0.00  0  0  -1.896  -1.495   0.214  -1.656   1.415   0.000 01O000M000t
00228 ALA01A0106_001 f 0.00  0.000     0  0.00  0  0  -3.979  -0.550   0.000   0.000   0.000   0.000 01O000M000t
00229 VAL01A0107_001 f 0.00  0.000     0  0.00  0  0  -2.671   1.438   0.033   0.000   0.000   0.000 01O000M000t
00230 VAL01A0108_001 f 0.00  0.000     0  0.00  0  0  -0.028  -1.991   0.051   0.000   0.000   0.000 01O000M000t
00231 LEU01A0109_001 f 0.00  0.000     0  0.00  0  0   0.386  -5.122   0.408   0.000   0.000   0.000 01O000M000t
00232 LEU01A0110_001 f 0.00  0.000     0  0.00  0  0   1.005  -5.379   0.777   0.000   0.000   0.000 01O000M000t
00233 TYR01A0111_001 f 0.00  0.000     0  0.00  0  0   0.138  -5.412   0.049   0.379   0.359   0.000 01O000M000t
00234 TYR-1A0111_002 f 0.00 -1.000     0 10.20  0 -1   0.138  -5.412   0.049   0.839   1.273   0.000 -1O000M000t
00235 MET01A0112_001 f 0.00  0.000     0  0.00  0  0   2.633  -2.500   0.860   0.006   0.090   0.000 01O000M000t
00236 ALA01A0113_001 f 0.00  0.000     0  0.00  0  0  -0.103  -1.698   0.000   0.000   0.000   0.000 01O000M000t
00237 THR01A0114_001 f 0.00  0.000     0  0.00  0  0  -0.680  -2.606   0.377   0.715   1.956   0.000 01O000M000t
00238 THR01A0114_002 f 0.00  0.000     0  0.00  0  0  -0.680  -2.606   0.377  -2.173   1.942   0.000 01O000M000t
00239 THR01A0114_003 f 0.00  0.000     0  0.00  0  0  -0.680  -2.606   0.002  -0.306   1.880   0.000 01O000M000t
00240 GLN01A0115_001 f 0.00  0.000     0  0.00  0  0   0.513  -5.096   1.303  -2.977   2.481   0.000 01O000M000t
00241 GLN01A0115_002 f 0.00  0.000     0  0.00  0  0   0.504  -5.098   1.317   2.088   3.020   0.000 01R001M000t
00242 ILE01A0116_001 f 0.00  0.000     0  0.00  0  0   1.504  -2.368   0.556   0.000   0.000   0.000 01O000M000t
00243 SER01A0117_001 f 0.00  0.000     0  0.00  0  0   0.000  -2.939   0.457  -1.238   1.984   0.000 01O000M000t
00244 SER01A0117_002 f 0.00  0.000     0  0.00  0  0   0.000  -2.939   0.457   0.129   1.978   0.000 01O000M000t
00245 SER01A0118_001 f 0.00  0.000     0  0.00  0  0  -1.031  -2.138   0.380   0.225   1.291   0.000 01O000M000t
00246 SER01A0118_002 f 0.00  0.000     0  0.00  0  0  -1.031  -2.138   0.380  -0.517   0.293   0.000 01O000M000t
00247 SER01A0118_003 f 0.00  0.000     0  0.00  0  0  -1.031  -2.138   0.005  -0.648   0.070   0.000 01O000M000t
00248 ALA01A0119_001 f 0.00  0.000     0  0.00  0  0   0.000  -1.694   0.000   0.000   0.000   0.000 01O000M000t
00249 MET01A0120_001 f 0.00  0.000     0  0.00  0  0   0.228  -4.069   0.271   0.037   0.100   0.000 01O000M000t
00250 GLU01A0121_001 f 0.00  0.000     0  0.00  0  0   0.091  -5.325   3.018   0.281   0.312   0.000 01O000M000t
00251 GLU01A0121_002 f 0.00  0.000     0  0.00  0  0   0.091  -5.325   0.298   0.086   1.168   0.000 01O000M000t
00252 GLU02A0121_003 f 0.00  0.000     0  0.00  0  0   0.705  -5.394   3.018   0.342   1.062   0.000 02O000M000t
00253 GLU02A0121_004 f 0.00  0.000     0  0.00  0  0   0.705  -5.394   0.298   0.144   0.715   0.000 02O000M000t
00254 GLU-1A0121_005 f 0.00 -1.000     0  4.75  0 -1   0.091  -5.281   0.298  -0.599   2.524   0.000 -1O000M000t
00255 TYR01A0122_001 f 0.00  0.000     0  0.00  0  0   2.731  -7.206   0.042  -0.551   1.491   0.000 01O000M000t
00256 TYR-1A0122_002 f 0.00 -1.000     0 10.20  0 -1   2.731  -7.206   0.042  -1.843   6.518   0.000 -1O000M000t
00257 LEU01A0123_001 f 0.00  0.000     0  0.00  0  0   1.708  -4.446   0.523   0.000   0.000   0.000 01O000M000t
00258 GLU01A0124_001 f 0.00  0.000     0  0.00  0  0  -0.323  -2.840   4.272  -2.519   1.262   0.000 01O000M000t
00259 GLU01A0124_002 f 0.00  0.000     0  0.00  0  0  -0.323  -2.840   1.552   1.922   2.703   0.000 01O000M000t
00260 GLU02A0124_003 f 0.00  0.000     0  0.00  0  0  -0.274  -2.670   4.272  -2.137   1.483   0.000 02O000M000t
00261 GLU02A0124_004 f 0.00  0.000     0  0.00  0  0  -0.274  -2.670   1.552   2.550   2.496   0.000 02O000M000t
00262 GLU-1A0124_005 f 0.00 -1.000     0  4.75  0 -1  -0.389  -2.965   1.552  -7.320   6.822   0.000 -1O000M000t
00263 LYS01A0125_001 f 0.00  0.000     0  0.00  0  0  -4.195  -2.160   1.002  -0.020   0.206   0.000 01O000M000t
00264 LYS+1A0125_002 f 0.00  1.000     0 10.40  0  1  -4.242  -2.168   1.002  -0.004   0.868   0.000 +1O000M000t
00265 LYS01A0126_001 f 0.00  0.000     0  0.00  0  0  -0.659  -0.480   1.084  -0.387   0.636   0.000 01O000M000t
00266 LYS+1A0126_002 f 0.00  1.000     0 10.40  0  1  -0.730  -0.505   1.084  -1.390   3.315   0.000 +1O000M000t
00267 ASN01A0127_001 f 0.00  0.000     0  0.00  0  0  -3.196   2.611   0.828   0.060   0.016   0.000 01O000M000t
00268 ASN01A0127_002 f 0.00  0.000     0  0.00  0  0  -3.218   2.920   0.832   0.287  -0.215   0.000 01R001M000t
00269 PHE01A0128_001 f 0.00  0.000     0  0.00  0  0   3.052  -5.689   0.578   0.000   0.000   0.000 01O000M000t
00270 ILE01A0129_001 f 0.00  0.000     0  0.00  0  0  -0.709  -2.960   0.531   0.000   0.000   0.000 01O000M000t
00271 HIS01A0130_001 f 0.00  0.000     0  0.00  0  0  -0.198   0.030   0.128  -4.169   3.903   0.000 01O000M000t
00272 HIS02A0130_002 f 0.00  0.000     0  0.00  0  0  -0.215  -1.581   0.128   5.448   3.918   0.000 02O000M000t
00273 HIS+1A0130_003 f 0.00  1.000     0  6.98  0  1  -0.241  -0.022   0.128   5.705  11.343   0.000 +1O000M000t
00274 ARG01A0131_001 f 0.00  0.000     0  0.00  0  0  -2.426   7.126   1.470  -0.184   0.699   0.000 01O000M000t
00275 ARG02A0131_002 f 0.00  0.000     0  0.00  0  0  -2.440   7.120   1.470  -0.151   1.842   0.000 02O000M000t
00276 ARG03A0131_003 f 0.00  0.000     0  0.00  0  0  -2.449   7.122   1.470  -0.096   1.729   0.000 03O000M000t
00277 ARG+1A0131_004 f 0.00  1.000     0 12.50  0  1  -2.492   7.114   1.470   0.515   1.106   0.000 +1O000M000t
00278 ASP01A0132_001 f 0.00  0.000     0  0.00  0  0  -0.232   1.611   3.149   0.441   1.271   0.000 01O000M000t
00279 ASP01A0132_002 f 0.00  0.000     0  0.00  0  0  -0.232   1.611   0.429  -0.077   2.059   0.000 01O000M000t
00280 ASP02A0132_003 f 0.00  0.000     0  0.00  0  0  -0.111   0.916   3.149  -0.276   1.451   0.000 02O000M000t
00281 ASP02A0132_004 f 0.00  0.000     0  0.00  0  0  -0.111   0.916   0.429   0.109   2.797   0.000 02O000M000t
00282 ASP-1A0132_005 f 0.00 -1.000     0  4.75  0 -1  -0.200   0.999   0.429  -2.854   8.597   0.000 -1O000M000t
00283 LEU01A0133_001 f 0.00  0.000     0  0.00  0  0   1.347  -4.677   0.485   0.000   0.000   0.000 01O000M000t
00284 ALA01A0134_001 f 0.00  0.000     0  0.00  0  0   0.000  -0.441   0.000   0.000   0.000   0.000 01O000M000t
00285 ALA01A0135_001 f 0.00  0.000     0  0.00  0  0   0.000  -1.871   0.000   0.000   0.000   0.000 01O000M000t
00286 ARG01A0136_001 f 0.00  0.000     0  0.00  0  0   1.552  -3.781   0.656  -0.388   4.112   0.000 01O000M000t
00287 ARG02A0136_002 f 0.00  0.000     0  0.00  0  0   1.610  -3.782   0.656  -0.138   4.369   0.000 02O000M000t
00288 ARG03A0136_003 f 0.00  0.000     0  0.00  0  0   1.527  -3.770   0.656  -0.211   4.535   0.000 03O000M000t
00289 ARG03A0136_004 f 0.00  0.000     0  0.00  0  0   1.531  -3.775   0.656  -0.240   4.518   0.000 03O000M000t
00290 ARG+1A0136_005 f 0.00  1.000     0 12.50  0  1   1.488  -3.797   0.656   3.690   8.760   0.000 +1O000M000t
00291 ASN01A0137_001 f 0.00  0.000     0  0.00  0  0   0.310  -0.744   2.026  -3.576   3.381   0.000 01O000M000t
00292 ASN01A0137_002 f 0.00  0.000     0  0.00  0  0   0.111   0.273   2.016   2.275   3.367   0.000 01R001M000t
00293 CYS01A0138_001 f 0.00  0.000     0  0.00  0  0  -0.002  -4.773   0.044  -0.081   0.994   0.000 01O000M000t
00294 CYS01A0138_002 f 0.00  0.000     0  0.00  0  0  -0.002  -4.837   0.044  -0.317   0.995   0.000 01O000M000t
00295 CYS01A0138_003 f 0.00  0.000     0  0.00  0  0  -0.002  -4.719   0.044   0.078   0.996   0.000 01O000M000t
00296 CYS-1A0138_004 f 0.00 -1.000     0  9.10  0 -1   0.000  -4.684   0.044  -3.575  15.236   0.000 -1O000M000t
00297 LEU01A0139_001 f 0.00  0.000     0  0.00  0  0   1.776  -5.233   0.536   0.000   0.000   0.000 01O000M000t
00298 VAL01A0140_001 f 0.00  0.000     0  0.00  0  0   0.484  -3.526   0.000   0.000   0.000   0.000 01O000M000t
00299 GLU01A0142_001 f 0.00  0.000     0  0.00  0  0  -1.980   1.584   4.265   2.850   0.315   0.000 01O000M000t
00300 GLU01A0142_002 f 0.00  0.000     0  0.00  0  0  -1.980   1.584   1.545  -0.046   1.090   0.000 01O000M000t
00301 GLU02A0142_003 f 0.00  0.000     0  0.00  0  0  -2.027   1.064   4.265  -0.334  -0.513   0.000 02O000M000t
00302 GLU02A0142_004 f 0.00  0.000     0  0.00  0  0  -2.027   1.064   1.545  -0.303   0.874   0.000 02O000M000t
00303 GLU-1A0142_005 f 0.00 -1.000     0  4.75  0 -1  -2.024   1.100   1.545  -2.198   1.955   0.000 -1O000M000t
00304 ASN01A0143_001 f 0.00  0.000     0  0.00  0  0  -3.246   2.727   1.477   0.037   0.005   0.000 01O000M000t
00305 HIS01A0144_001 f 0.00  0.000     0  0.00  0  0  -2.837  -0.532   0.561  -0.181   1.477   0.000 01O000M000t
00306 HIS01A0144_002 f 0.00  0.000     0  0.00  0  0  -2.698  -0.513   0.561   0.065   0.868   0.000 01R001M000t
00307 HIS02A0144_003 f 0.00  0.000     0  0.00  0  0  -2.854  -0.569   0.561   0.080   1.066   0.000 02O000M000t
00308 HIS02A0144_004 f 0.00  0.000     0  0.00  0  0  -2.711  -0.535   0.561  -0.103   0.855   0.000 02R001M000t
00309 HIS+1A0144_005 f 0.00  1.000     0  6.98  0  1  -2.880  -0.579   0.561   0.480   1.941   0.000 +1O000M000t
00310 HIS+1A0144_006 f 0.00  1.000     0  6.98  0  1  -2.738  -0.555   0.561   0.381   1.607   0.000 +1R001M000t
00311 LEU01A0145_001 f 0.00  0.000     0  0.00  0  0  -2.336  -4.224   0.504   0.000   0.000   0.000 01O000M000t
00312 VAL01A0146_001 f 0.00  0.000     0  0.00  0  0   0.571  -3.477   0.034   0.000   0.000   0.000 01O000M000t
00313 LYS01A0147_001 f 0.00  0.000     0  0.00  0  0   0.484  -8.725   3.058  -0.292   0.762   0.000 01O000M000t
00314 LYS+1A0147_002 f 0.00  1.000     0 10.40  0  1   0.424  -8.807   3.058  -1.647   5.910   0.000 +1O000M000t
00315 VAL01A0148_001 f 0.00  0.000     0  0.00  0  0   0.477  -2.826   0.098   0.000   0.000   0.000 01O000M000t
00316 ALA01A0149_001 f 0.00  0.000     0  0.00  0  0   0.000  -0.251   0.000   0.000   0.000   0.000 01O000M000t
00317 ASP01A0150_001 f 0.00  0.000     0  0.00  0  0  -0.419   1.098   2.724   3.752   1.652   0.000 01O000M000t
00318 ASP01A0150_002 f 0.00  0.000     0  0.00  0  0  -0.419   1.098   0.004  -0.292   1.328   0.000 01O000M000t
00319 ASP02A0150_003 f 0.00  0.000     0  0.00  0  0  -0.477   0.141   2.724  -1.271   1.674   0.000 02O000M000t
00320 ASP02A0150_004 f 0.00  0.000     0  0.00  0  0  -0.477   0.141   0.004  -1.192   0.896   0.000 02O000M000t
00321 ASP-1A0150_005 f 0.00 -1.000     0  4.75  0 -1  -0.449   0.215   0.004  -3.702   4.137   0.000 -1O000M000t
00322 PHE01A0151_001 f 0.00  0.000     0  0.00  0  0   4.277  -5.258   0.006   0.000   0.000   0.000 01O000M000t
00323 LEU01A0153_001 f 0.00  0.000     0  0.00  0  0   1.739  -3.289   0.418   0.000   0.000   0.000 01O000M000t
00324 SER01A0154_001 f 0.00  0.000     0  0.00  0  0  -1.625  -1.393   0.604   0.096   0.293   0.000 01O000M000t
00325 SER01A0154_002 f 0.00  0.000     0  0.00  0  0  -1.625  -1.393   0.604  -0.145   0.331   0.000 01O000M000t
00326 ARG01A0155_001 f 0.00  0.000     0  0.00  0  0 999.000  -2.372  13.199  -0.005   0.087   0.000 01O000M000t
00327 ARG02A0155_002 f 0.00  0.000     0  0.00  0  0 999.000  -2.362  13.199   0.090   2.081   0.000 02O000M000t
00328 ARG02A0155_003 f 0.00  0.000     0  0.00  0  0 999.000  -2.296  13.199   0.092   1.443   0.000 02O000M000t
00329 ARG03A0155_004 f 0.00  0.000     0  0.00  0  0 999.000  -2.375  13.199   0.017   1.891   0.000 03O000M000t
00330 ARG+1A0155_005 f 0.00  1.000     0 12.50  0  1 999.000  -2.377  13.199   0.061   1.197   0.000 +1O000M000t
00331 LEU01A0156_001 f 0.00  0.000     0  0.00  0  0   0.033  -7.438   0.642   0.000   0.000   0.000 01O000M000t
00332 MET01A0157_001 f 0.00  0.000     0  0.00  0  0  -1.783  -3.029   2.919  -0.006   0.061   0.000 01O000M000t
00333 THR01A0158_001 f 0.00  0.000     0  0.00  0  0 458.585  -0.247   1.296   0.255   0.223   0.000 01O000M000t
00334 THR01A0158_002 f 0.00  0.000     0  0.00  0  0 458.585  -0.247   1.296  -0.461  -0.036   0.000 01O000M000t
00335 ASP01A0160_001 f 0.00  0.000     0  0.00  0  0  -2.502   6.015   5.501   0.072  -0.710   0.000 01O000M000t
00336 ASP01A0160_002 f 0.00  0.000     0  0.00  0  0  -2.502   6.015   2.781  -0.022   0.087   0.000 01O000M000t
00337 ASP02A0160_003 f 0.00  0.000     0  0.00  0  0  -2.587   6.694   5.501   0.665  -0.507   0.000 02O000M000t
00338 ASP02A0160_004 f 0.00  0.000     0  0.00  0  0  -2.587   6.694   2.781   0.185   0.433   0.000 02O000M000t
00339 ASP-1A0160_005 f 0.00 -1.000     0  4.75  0 -1  -2.558   6.050   2.781  -1.089  -0.102   0.000 -1O000M000t
00340 THR01A0161_001 f 0.00  0.000     0  0.00  0  0  -1.674   0.471   0.408  -0.260  -0.238   0.000 01O000M000t
00341 TYR01A0162_001 f 0.00  0.000     0  0.00  0  0   4.226 -10.383   0.005  -0.228   2.553   0.000 01O000M000t
00342 TYR01A0162_002 f 0.00  0.000     0  0.00  0  0   4.226 -10.383   0.005   0.212   2.596   0.000 01O000M000t
00343 TYR-1A0162_003 f 0.00 -1.000     0 10.20  0 -1   4.226 -10.383   0.005  -4.193  12.113   0.000 -1O000M000t
00344 THR01A0163_001 f 0.00  0.000     0  0.00  0  0  -2.124  -2.466   0.559  -0.123   1.070   0.000 01O000M000t
00345 ALA01A0164_001 f 0.00  0.000     0  0.00  0  0  -4.221  -0.877   0.000   0.000   0.000   0.000 01O000M000t
00346 HIS01A0165_001 f 0.00  0.000     0  0.00  0  0  -3.458   9.046   0.005  -0.268   2.166   0.000 01O000M000t
00347 HIS01A0165_002 f 0.00  0.000     0  0.00  0  0  -3.008  -2.346   0.005  -0.909   1.190   0.000 01R001M000t
00348 HIS02A0165_003 f 0.00  0.000     0  0.00  0  0  -3.477   8.993   0.005  -0.541   1.142   0.000 02O000M000t
00349 HIS02A0165_004 f 0.00  0.000     0  0.00  0  0  -3.021  -2.332   0.005   0.377   1.429   0.000 02R001M000t
00350 HIS+1A0165_005 f 0.00  1.000     0  6.98  0  1  -3.504   8.964   0.005  -0.161   2.915   0.000 +1O000M000t
00351 HIS+1A0165_006 f 0.00  1.000     0  6.98  0  1  -3.047  -2.370   0.005  -0.642   1.854   0.000 +1R001M000t
00352 ALA01A0166_001 f 0.00  0.000     0  0.00  0  0  -1.870   1.974   0.000   0.000   0.000   0.000 01O000M000t
00353 ALA01A0168_001 f 0.00  0.000     0  0.00  0  0  -2.283   0.663   0.000   0.000   0.000   0.000 01O000M000t
00354 LYS01A0169_001 f 0.00  0.000     0  0.00  0  0  -3.093  -5.365   3.723  -0.171   0.441   0.000 01O000M000t
00355 LYS+1A0169_002 f 0.00  1.000     0 10.40  0  1  -3.159  -5.397   3.723  -0.438   2.244   0.000 +1O000M000t
00356 PHE01A0170_001 f 0.00  0.000     0  0.00  0  0   4.171  -5.381   0.595   0.000   0.000   0.000 01O000M000t
00357 PRO01A0171_001 f 0.00  0.000     0  0.00  0  0  -0.196  -0.891   0.000   0.000   0.000   0.000 01O000M000t
00358 ILE01A0172_001 f 0.00  0.000     0  0.00  0  0   0.787   0.727   0.444   0.000   0.000   0.000 01O000M000t
00359 LYS01A0173_001 f 0.00  0.000     0  0.00  0  0  -0.752  -4.196   0.938  -0.260   0.734   0.000 01O000M000t
00360 LYS+1A0173_002 f 0.00  1.000     0 10.40  0  1  -0.795  -4.163   0.938  -3.748   4.758   0.000 +1O000M000t
00361 TRP01A0174_001 f 0.00  0.000     0  0.00  0  0   2.396  -9.277   0.499   0.000   0.000   0.000 01O000M000t
00362 THR01A0175_001 f 0.00  0.000     0  0.00  0  0   0.218  -1.898   0.429   0.297   1.141   0.000 01O000M000t
00363 THR01A0175_002 f 0.00  0.000     0  0.00  0  0   0.218  -1.898   0.429  -1.755   1.817   0.000 01O000M000t
00364 ALA01A0176_001 f 0.00  0.000     0  0.00  0  0   0.000  -1.975   0.000   0.000   0.000   0.000 01O000M000t
00365 PRO01A0177_001 f 0.00  0.000     0  0.00  0  0   0.138  -1.568   0.000   0.000   0.000   0.000 01O000M000t
00366 GLU01A0178_001 f 0.00  0.000     0  0.00  0  0   2.265   2.038   4.526   2.920   2.498   0.000 01O000M000t
00367 GLU01A0178_002 f 0.00  0.000     0  0.00  0  0   2.265   2.038   1.806  -0.780   3.064   0.000 01O000M000t
00368 GLU02A0178_003 f 0.00  0.000     0  0.00  0  0   1.819   0.941   4.526  -0.811   2.771   0.000 02O000M000t
00369 GLU02A0178_004 f 0.00  0.000     0  0.00  0  0   1.819   0.941   1.806  -1.086   2.944   0.000 02O000M000t
00370 GLU-1A0178_005 f 0.00 -1.000     0  4.75  0 -1   1.740   1.072   1.806  -6.974  12.983   0.000 -1O000M000t
00371 SER01A0179_001 f 0.00  0.000     0  0.00  0  0   0.000  -1.641   0.419  -2.633   1.845   0.000 01O000M000t
00372 SER01A0179_002 f 0.00  0.000     0  0.00  0  0   0.000  -1.641   0.419   1.127   1.864   0.000 01O000M000t
00373 SER01A0179_003 f 0.00  0.000     0  0.00  0  0   0.000  -1.641   0.044   0.195   1.337   0.000 01O000M000t
00374 LEU01A0180_001 f 0.00  0.000     0  0.00  0  0   1.422  -3.125   0.920   0.000   0.000   0.000 01O000M000t
00375 ALA01A0181_001 f 0.00  0.000     0  0.00  0  0  -0.531  -1.235   0.000   0.000   0.000   0.000 01O000M000t
00376 TYR01A0182_001 f 0.00  0.000     0  0.00  0  0  -5.822  -3.299   0.200   0.214   0.158   0.000 01O000M000t
00377 TYR01A0182_002 f 0.00  0.000     0  0.00  0  0  -5.822  -3.299   0.200   0.165   0.141   0.000 01O000M000t
00378 TYR-1A0182_003 f 0.00 -1.000     0 10.20  0 -1  -5.822  -3.299   0.200  -0.274   0.110   0.000 -1O000M000t
00379 ASN01A0183_001 f 0.00  0.000     0  0.00  0  0  -1.482   0.781   2.573   0.246   0.669   0.000 01O000M000t
00380 ASN01A0183_002 f 0.00  0.000     0  0.00  0  0  -1.826   2.046   2.588  -0.263   0.195   0.000 01R001M000t
00381 LYS01A0184_001 f 0.00  0.000     0  0.00  0  0  -4.541  -3.821   1.478  -0.223   0.314   0.000 01O000M000t
00382 LYS+1A0184_002 f 0.00  1.000     0 10.40  0  1  -4.616  -3.833   1.478   1.082   2.108   0.000 +1O000M000t
00383 PHE01A0185_001 f 0.00  0.000     0  0.00  0  0   3.621  -6.030   0.169   0.000   0.000   0.000 01O000M000t
00384 SER01A0186_001 f 0.00  0.000     0  0.00  0  0  -1.632   0.441   1.102   0.513   1.614   0.000 01O000M000t
00385 SER01A0186_002 f 0.00  0.000     0  0.00  0  0  -1.632   0.441   1.102   3.431   1.607   0.000 01O000M000t
00386 ILE01A0187_001 f 0.00  0.000     0  0.00  0  0  -1.023  -0.453   0.832   0.000   0.000   0.000 01O000M000t
00387 LYS01A0188_001 f 0.00  0.000     0  0.00  0  0  -1.951  -5.440   1.004   0.150   0.710   0.000 01O000M000t
00388 LYS+1A0188_002 f 0.00  1.000     0 10.40  0  1  -1.996  -5.048   1.004  -3.128   4.773   0.000 +1O000M000t
00389 SER01A0189_001 f 0.00  0.000     0  0.00  0  0  -0.048   0.069   0.386   2.144   1.748   0.000 01O000M000t
00390 SER01A0189_002 f 0.00  0.000     0  0.00  0  0  -0.048   0.069   0.386  -1.426   1.349   0.000 01O000M000t
00391 SER01A0189_003 f 0.00  0.000     0  0.00  0  0  -0.048   0.069   0.011  -0.468   1.742   0.000 01O000M000t
00392 ASP01A0190_001 f 0.00  0.000     0  0.00  0  0   0.211   0.910   3.196  -2.170   2.283   0.000 01O000M000t
00393 ASP01A0190_002 f 0.00  0.000     0  0.00  0  0   0.211 999.000   0.476   3.571   2.278   0.000 01O000M000t
00394 ASP02A0190_003 f 0.00  0.000     0  0.00  0  0   0.116   0.385   3.196  -2.532   2.132   0.000 02O000M000t
00395 ASP02A0190_004 f 0.00  0.000     0  0.00  0  0   0.116   0.385   0.476   1.871   3.033   0.000 02O000M000t
00396 ASP-1A0190_005 f 0.00 -1.000     0  4.75  0 -1   0.114  -0.256   0.476 -12.894  11.386   0.000 -1O000M000t
00397 VAL01A0191_001 f 0.00  0.000     0  0.00  0  0   0.500  -2.011   0.380   0.000   0.000   0.000 01O000M000t
00398 TRP01A0192_001 f 0.00  0.000     0  0.00  0  0   2.863 -12.456   0.001   0.000   0.000   0.000 01O000M000t
00399 ALA01A0193_001 f 0.00  0.000     0  0.00  0  0  -0.258  -2.373   0.000   0.000   0.000   0.000 01O000M000t
00400 PHE01A0194_001 f 0.00  0.000     0  0.00  0  0   4.675  -6.950   0.013   0.000   0.000   0.000 01O000M000t
00401 VAL01A0196_001 f 0.00  0.000     0  0.00  0  0   0.449  -2.874   0.000   0.000   0.000   0.000 01O000M000t
00402 LEU01A0197_001 f 0.00  0.000     0  0.00  0  0   1.766  -2.320   0.348   0.000   0.000   0.000 01O000M000t
00403 LEU01A0198_001 f 0.00  0.000     0  0.00  0  0   1.419  -3.062   0.606   0.000   0.000   0.000 01O000M000t
00404 TRP01A0199_001 f 0.00  0.000     0  0.00  0  0   2.171  -9.695   0.137   0.000   0.000   0.000 01O000M000t
00405 GLU01A0200_001 f 0.00  0.000     0  0.00  0  0   0.606  -5.028   4.108  -2.581   2.262   0.000 01O000M000t
00406 GLU01A0200_002 f 0.00  0.000     0  0.00  0  0   0.606  -5.028   1.388  -0.664   2.953   0.000 01O000M000t
00407 GLU02A0200_003 f 0.00  0.000     0  0.00  0  0   0.559  -4.578   4.108  -0.633   2.301   0.000 02O000M000t
00408 GLU02A0200_004 f 0.00  0.000     0  0.00  0  0   0.559  -4.578   1.388   2.849   2.222   0.000 02O000M000t
00409 GLU-1A0200_005 f 0.00 -1.000     0  4.75  0 -1   0.472  -4.921   1.388  -7.826  10.519   0.000 -1O000M000t
00410 ILE01A0201_001 f 0.00  0.000     0  0.00  0  0   3.071  -3.639   0.512   0.000   0.000   0.000 01O000M000t
00411 ALA01A0202_001 f 0.00  0.000     0  0.00  0  0  -0.068  -1.836   0.000   0.000   0.000   0.000 01O000M000t
00412 THR01A0203_001 f 0.00  0.000     0  0.00  0  0  -0.229  -2.561   0.375  -1.713   1.960   0.000 01O000M000t
00413 THR01A0203_002 f 0.00  0.000     0  0.00  0  0  -0.229  -2.561   0.375   2.343   1.943   0.000 01O000M000t
00414 TYR01A0204_001 f 0.00  0.000     0  0.00  0  0   2.644  -2.787   0.317  -2.757   2.085   0.000 01O000M000t
00415 TYR01A0204_002 f 0.00  0.000     0  0.00  0  0   2.644  -2.787   0.317   1.340   1.627   0.000 01O000M000t
00416 TYR-1A0204_003 f 0.00 -1.000     0 10.20  0 -1   2.644  -2.787   0.317   3.518   6.808   0.000 -1O000M000t
00417 MET01A0206_001 f 0.00  0.000     0  0.00  0  0  -0.118  -3.291   0.421   0.049   0.049   0.000 01O000M000t
00418 SER01A0207_001 f 0.00  0.000     0  0.00  0  0  -3.422  -0.906   0.470  -0.064   0.065   0.000 01O000M000t
00419 SER01A0207_002 f 0.00  0.000     0  0.00  0  0  -3.422  -0.906   0.095  -0.341  -0.030   0.000 01O000M000t
00420 PRO01A0208_001 f 0.00  0.000     0  0.00  0  0   0.225  -1.462   0.000   0.000   0.000   0.000 01O000M000t
00421 TYR01A0209_001 f 0.00  0.000     0  0.00  0  0   4.251  -3.258   0.130  -0.831   2.017   0.000 01O000M000t
00422 TYR-1A0209_002 f 0.00 -1.000     0 10.20  0 -1   4.251  -3.258   0.130   0.189  10.106   0.000 -1O000M000t
00423 PRO01A0210_001 f 0.00  0.000     0  0.00  0  0  -2.991  -1.147   0.000   0.000   0.000   0.000 01O000M000t
00424 ILE01A0212_001 f 0.00  0.000     0  0.00  0  0   1.331  -2.381   0.410   0.000   0.000   0.000 01O000M000t
00425 ASP01A0213_001 f 0.00  0.000     0  0.00  0  0  -3.019   0.559   3.303   0.625  -0.303   0.000 01O000M000t
00426 ASP01A0213_002 f 0.00  0.000     0  0.00  0  0  -3.019   0.559   0.583   0.264   0.394   0.000 01O000M000t
00427 ASP02A0213_003 f 0.00  0.000     0  0.00  0  0  -2.984  -0.074   3.303   0.388  -0.787   0.000 02O000M000t
00428 ASP02A0213_004 f 0.00  0.000     0  0.00  0  0  -2.984  -0.074   0.583   0.270   0.312   0.000 02O000M000t
00429 ASP-1A0213_005 f 0.00 -1.000     0  4.75  0 -1  -2.922  -0.037   0.583  -0.639   0.009   0.000 -1O000M000t
00430 LEU01A0214_001 f 0.00  0.000     0  0.00  0  0  -0.714   0.208   1.152   0.000   0.000   0.000 01O000M000t
00431 SER01A0215_001 f 0.00  0.000     0  0.00  0  0  -3.292  -0.740   0.435   0.307   1.176   0.000 01O000M000t
00432 SER01A0215_002 f 0.00  0.000     0  0.00  0  0  -3.292  -0.740   0.435   0.111   1.334   0.000 01O000M000t
00433 GLN01A0216_001 f 0.00  0.000     0  0.00  0  0  -1.941  -2.882   1.104   0.412   0.620   0.000 01O000M000t
00434 GLN01A0216_002 f 0.00  0.000     0  0.00  0  0  -1.947  -2.950   1.108  -0.009   0.145   0.000 01R001M000t
00435 VAL01A0217_001 f 0.00  0.000     0  0.00  0  0   0.561   0.107   0.167   0.000   0.000   0.000 01O000M000t
00436 TYR01A0218_001 f 0.00  0.000     0  0.00  0  0   0.866  -4.821   0.000   0.479   1.170   0.000 01O000M000t
00437 TYR01A0218_002 f 0.00  0.000     0  0.00  0  0   0.866  -4.821   0.000   0.374   0.821   0.000 01O000M000t
00438 TYR-1A0218_003 f 0.00 -1.000     0 10.20  0 -1   0.866  -4.821   0.000   0.077   2.973   0.000 -1O000M000t
00439 GLU01A0219_001 f 0.00  0.000     0  0.00  0  0  -1.104  -0.861   3.164   0.021   0.726   0.000 01O000M000t
00440 GLU01A0219_002 f 0.00  0.000     0  0.00  0  0  -1.104  -0.861   0.444   0.051   0.681   0.000 01O000M000t
00441 GLU02A0219_003 f 0.00  0.000     0  0.00  0  0  -0.660  -0.884   3.164   0.196   0.161   0.000 02O000M000t
00442 GLU02A0219_004 f 0.00  0.000     0  0.00  0  0  -0.660  -0.884   0.444   0.066   0.581   0.000 02O000M000t
00443 GLU-1A0219_005 f 0.00 -1.000     0  4.75  0 -1  -0.965  -0.839   0.444  -0.068   0.691   0.000 -1O000M000t
00444 LEU01A0220_001 f 0.00  0.000     0  0.00  0  0  -1.138  -4.081   0.846   0.000   0.000   0.000 01O000M000t
00445 LEU01A0221_001 f 0.00  0.000     0  0.00  0  0   1.515  -1.587   0.502   0.000   0.000   0.000 01O000M000t
00446 GLU01A0222_001 f 0.00  0.000     0  0.00  0  0  -1.298  -0.919   3.737   0.102   0.064   0.000 01O000M000t
00447 GLU01A0222_002 f 0.00  0.000     0  0.00  0  0  -1.298  -0.919   1.017   0.087   0.973   0.000 01O000M000t
00448 GLU02A0222_003 f 0.00  0.000     0  0.00  0  0  -1.236  -0.951   3.737  -0.015   1.055   0.000 02O000M000t
00449 GLU02A0222_004 f 0.00  0.000     0  0.00  0  0  -1.236  -0.951   1.017   0.082   0.866   0.000 02O000M000t
00450 GLU-1A0222_005 f 0.00 -1.000     0  4.75  0 -1  -1.296  -0.893   1.017  -0.002   1.328   0.000 -1O000M000t
00451 LYS01A0223_001 f 0.00  0.000     0  0.00  0  0  -6.504  -1.683   1.003   0.049   0.053   0.000 01O000M000t
00452 LYS+1A0223_002 f 0.00  1.000     0 10.40  0  1  -6.548  -1.688   1.003  -0.164   1.001   0.000 +1O000M000t
00453 ASP01A0224_001 f 0.00  0.000     0  0.00  0  0  -2.632   1.542   3.208   0.262  -0.122   0.000 01O000M000t
00454 ASP01A0224_002 f 0.00  0.000     0  0.00  0  0  -2.632   1.542   0.488   0.142   0.492   0.000 01O000M000t
00455 ASP02A0224_003 f 0.00  0.000     0  0.00  0  0  -2.710   1.304   3.208   0.191  -0.419   0.000 02O000M000t
00456 ASP02A0224_004 f 0.00  0.000     0  0.00  0  0  -2.710   1.304   0.488   0.178   0.652   0.000 02O000M000t
00457 ASP-1A0224_005 f 0.00 -1.000     0  4.75  0 -1  -2.671   1.362   0.488   0.230   0.368   0.000 -1O000M000t
00458 TYR01A0225_001 f 0.00  0.000     0  0.00  0  0  -0.275  -5.790   0.032  -0.068   0.538   0.000 01O000M000t
00459 TYR-1A0225_002 f 0.00 -1.000     0 10.20  0 -1  -0.275  -5.790   0.032  -0.495   1.665   0.000 -1O000M000t
00460 ARG01A0226_001 f 0.00  0.000     0  0.00  0  0   0.823  -4.678   0.703  -1.646   3.121   0.000 01O000M000t
00461 ARG02A0226_002 f 0.00  0.000     0  0.00  0  0   0.809  -4.400   0.703  -2.206   3.999   0.000 02O000M000t
00462 ARG02A0226_003 f 0.00  0.000     0  0.00  0  0   0.900  -4.797   0.703  -0.673   3.839   0.000 02O000M000t
00463 ARG03A0226_004 f 0.00  0.000     0  0.00  0  0   0.805  -4.438   0.703  -2.191   3.647   0.000 03O000M000t
00464 ARG+1A0226_005 f 0.00  1.000     0 12.50  0  1   0.762  -4.576   0.703  -7.390   6.545   0.000 +1O000M000t
00465 MET01A0227_001 f 0.00  0.000     0  0.00  0  0  -0.079  -3.924   0.953  -0.228   0.094   0.000 01O000M000t
00466 GLU01A0228_001 f 0.00  0.000     0  0.00  0  0  -2.828  -1.181   3.477   0.135  -0.652   0.000 01O000M000t
00467 GLU01A0228_002 f 0.00  0.000     0  0.00  0  0  -2.828  -1.181   0.757   0.081   0.598   0.000 01O000M000t
00468 GLU02A0228_003 f 0.00  0.000     0  0.00  0  0  -2.788  -1.194   3.477   0.167  -0.292   0.000 02O000M000t
00469 GLU02A0228_004 f 0.00  0.000     0  0.00  0  0  -2.788  -1.194   0.757   0.073   0.648   0.000 02O000M000t
00470 GLU-1A0228_005 f 0.00 -1.000     0  4.75  0 -1  -2.932  -1.158   0.757  -0.117  -0.035   0.000 -1O000M000t
00471 ARG01A0229_001 f 0.00  0.000     0  0.00  0  0  -1.744  -5.170   0.432  -0.668   0.889   0.000 01O000M000t
00472 ARG02A0229_002 f 0.00  0.000     0  0.00  0  0  -1.787  -5.118   0.432  -0.755   2.122   0.000 02O000M000t
00473 ARG03A0229_003 f 0.00  0.000     0  0.00  0  0  -1.796  -5.175   0.432  -0.620   1.809   0.000 03O000M000t
00474 ARG+1A0229_004 f 0.00  1.000     0 12.50  0  1  -1.836  -5.184   0.432  -0.857   1.707   0.000 +1O000M000t
00475 PRO01A0230_001 f 0.00  0.000     0  0.00  0  0   0.296  -1.368   0.000   0.000   0.000   0.000 01O000M000t
00476 GLU01A0231_001 f 0.00  0.000     0  0.00  0  0  -2.534  -0.629   2.937   0.164  -0.454   0.000 01O000M000t
00477 GLU01A0231_002 f 0.00  0.000     0  0.00  0  0  -2.534  -0.629   0.217   0.077   0.558   0.000 01O000M000t
00478 GLU02A0231_003 f 0.00  0.000     0  0.00  0  0  -3.102  -0.620   2.937   0.139  -0.625   0.000 02O000M000t
00479 GLU02A0231_004 f 0.00  0.000     0  0.00  0  0  -3.102  -0.620   0.217   0.080   0.630   0.000 02O000M000t
00480 GLU-1A0231_005 f 0.00 -1.000     0  4.75  0 -1  -3.045  -0.603   0.217  -0.046  -0.089   0.000 -1O000M000t
00481 CYS01A0233_001 f 0.00  0.000     0  0.00  0  0  -0.002  -4.124   0.034  -0.310   0.956   0.000 01O000M000t
00482 CYS01A0233_002 f 0.00  0.000     0  0.00  0  0  -0.002  -3.967   0.034  -0.200   0.813   0.000 01O000M000t
00483 CYS01A0233_003 f 0.00  0.000     0  0.00  0  0  -0.002  -3.967   0.034  -0.216   0.967   0.000 01O000M000t
00484 CYS-1A0233_004 f 0.00 -1.000     0  9.10  0 -1   0.000  -3.909   0.034  -2.969  10.722   0.000 -1O000M000t
00485 PRO01A0234_001 f 0.00  0.000     0  0.00  0  0  -2.632   0.445   0.000   0.000   0.000   0.000 01O000M000t
00486 GLU01A0235_001 f 0.00  0.000     0  0.00  0  0  -1.624  -0.586   3.368   0.258  -0.243   0.000 01O000M000t
00487 GLU01A0235_002 f 0.00  0.000     0  0.00  0  0  -1.624  -0.586   0.648   0.070   0.578   0.000 01O000M000t
00488 GLU02A0235_003 f 0.00  0.000     0  0.00  0  0  -2.005  -0.576   3.368   0.067  -1.075   0.000 02O000M000t
00489 GLU02A0235_004 f 0.00  0.000     0  0.00  0  0  -2.005  -0.576   0.648   0.054   0.395   0.000 02O000M000t
00490 GLU-1A0235_005 f 0.00 -1.000     0  4.75  0 -1  -2.007  -0.560   0.648  -0.324  -0.141   0.000 -1O000M000t
00491 LYS01A0236_001 f 0.00  0.000     0  0.00  0  0  -6.989  -1.324   0.902  -0.036   0.090   0.000 01O000M000t
00492 LYS+1A0236_002 f 0.00  1.000     0 10.40  0  1  -7.033  -1.327   0.902   0.220   0.041   0.000 +1O000M000t
00493 VAL01A0237_001 f 0.00  0.000     0  0.00  0  0   0.070  -0.760   0.126   0.000   0.000   0.000 01O000M000t
00494 TYR01A0238_001 f 0.00  0.000     0  0.00  0  0   2.328  -7.224   0.059  -2.145   2.077   0.000 01O000M000t
00495 TYR01A0238_002 f 0.00  0.000     0  0.00  0  0   2.328  -7.224   0.059   1.011   1.655   0.000 01O000M000t
00496 TYR-1A0238_003 f 0.00 -1.000     0 10.20  0 -1   2.328  -7.224   0.059   1.598   6.812   0.000 -1O000M000t
00497 GLU01A0239_001 f 0.00  0.000     0  0.00  0  0  -0.780   1.088   3.124   0.054  -0.046   0.000 01O000M000t
00498 GLU01A0239_002 f 0.00  0.000     0  0.00  0  0  -0.780   1.088   0.404  -0.000   0.776   0.000 01O000M000t
00499 GLU02A0239_003 f 0.00  0.000     0  0.00  0  0  -1.012   1.077   3.124   0.042   0.012   0.000 02O000M000t
00500 GLU02A0239_004 f 0.00  0.000     0  0.00  0  0  -1.012   1.077   0.404   0.034   0.737   0.000 02O000M000t
00501 GLU-1A0239_005 f 0.00 -1.000     0  4.75  0 -1  -1.094   1.139   0.404  -0.161   0.829   0.000 -1O000M000t
00502 LEU01A0240_001 f 0.00  0.000     0  0.00  0  0   0.612  -3.309   1.452   0.000   0.000   0.000 01O000M000t
00503 MET01A0241_001 f 0.00  0.000     0  0.00  0  0   0.200  -6.586   0.861   0.064   0.097   0.000 01O000M000t
00504 ARG01A0242_001 f 0.00  0.000     0  0.00  0  0  -2.447  -2.775   0.591  -0.039   0.991   0.000 01O000M000t
00505 ARG02A0242_002 f 0.00  0.000     0  0.00  0  0  -2.503  -2.801   0.591  -0.178   2.145   0.000 02O000M000t
00506 ARG02A0242_003 f 0.00  0.000     0  0.00  0  0  -2.458  -2.792   0.591   0.035   1.985   0.000 02O000M000t
00507 ARG03A0242_004 f 0.00  0.000     0  0.00  0  0  -2.504  -2.802   0.591  -0.065   1.991   0.000 03O000M000t
00508 ARG+1A0242_005 f 0.00  1.000     0 12.50  0  1  -2.549  -2.810   0.591  -0.685   2.501   0.000 +1O000M000t
00509 ALA01A0243_001 f 0.00  0.000     0  0.00  0  0  -1.870  -1.801   0.000   0.000   0.000   0.000 01O000M000t
00510 CYS01A0244_001 f 0.00  0.000     0  0.00  0  0  -0.002  -5.320   0.189   0.123   0.994   0.000 01O000M000t
00511 CYS01A0244_002 f 0.00  0.000     0  0.00  0  0  -0.002  -5.390   0.189  -0.330   0.987   0.000 01O000M000t
00512 CYS01A0244_003 f 0.00  0.000     0  0.00  0  0  -0.002  -5.339   0.189   0.224   0.994   0.000 01O000M000t
00513 CYS-1A0244_004 f 0.00 -1.000     0  9.10  0 -1   0.000  -5.256   0.189   1.278  14.534   0.000 -1O000M000t
00514 TRP01A0245_001 f 0.00  0.000     0  0.00  0  0   2.683 -11.714   0.007   0.000   0.000   0.000 01O000M000t
00515 GLN01A0246_001 f 0.00  0.000     0  0.00  0  0  -0.997  -5.717   0.801  -0.438   0.459   0.000 01O000M000t
00516 GLN01A0246_002 f 0.00  0.000     0  0.00  0  0  -0.710  -5.517   0.814   0.327   0.257   0.000 01R001M000t
00517 TRP01A0247_001 f 0.00  0.000     0  0.00  0  0  -2.698  -6.473   0.022   0.000   0.000   0.000 01O000M000t
00518 ASN01A0248_001 f 0.00  0.000     0  0.00  0  0  -2.667  -0.861   0.502  -1.243   0.801   0.000 01O000M000t
00519 ASN01A0248_002 f 0.00  0.000     0  0.00  0  0  -2.875   1.202   0.502   2.037   0.822   0.000 01R001M000t
00520 PRO01A0249_001 f 0.00  0.000     0  0.00  0  0  -1.562   1.126   0.000   0.000   0.000   0.000 01O000M000t
00521 SER01A0250_001 f 0.00  0.000     0  0.00  0  0  -4.002  -0.506   0.626   0.682   0.767   0.000 01O000M000t
00522 SER01A0250_002 f 0.00  0.000     0  0.00  0  0  -4.002  -0.506   0.626   0.037   0.559   0.000 01O000M000t
00523 SER01A0250_003 f 0.00  0.000     0  0.00  0  0  -4.002  -0.506   0.251  -1.214   0.323   0.000 01O000M000t
00524 ASP01A0251_001 f 0.00  0.000     0  0.00  0  0  -2.437  -0.150   2.867   0.512   0.022   0.000 01O000M000t
00525 ASP01A0251_002 f 0.00  0.000     0  0.00  0  0  -2.437  -0.150   0.147   0.171   0.674   0.000 01O000M000t
00526 ASP02A0251_003 f 0.00  0.000     0  0.00  0  0  -2.402  -0.719   2.867   0.293  -0.154   0.000 02O000M000t
00527 ASP02A0251_004 f 0.00  0.000     0  0.00  0  0  -2.402  -0.719   0.147   0.163   0.890   0.000 02O000M000t
00528 ASP-1A0251_005 f 0.00 -1.000     0  4.75  0 -1  -2.374  -0.655   0.147  -0.644   1.148   0.000 -1O000M000t
00529 ARG01A0252_001 f 0.00  0.000     0  0.00  0  0   1.611 -12.910   1.205   1.126   4.456   0.000 01O000M000t
00530 ARG02A0252_002 f 0.00  0.000     0  0.00  0  0   1.572 -12.603   1.205  -3.380   4.964   0.000 02O000M000t
00531 ARG02A0252_003 f 0.00  0.000     0  0.00  0  0   1.633 -12.673   1.205  -1.058   4.944   0.000 02O000M000t
00532 ARG03A0252_004 f 0.00  0.000     0  0.00  0  0   1.567 -12.631   1.205  -3.194   4.861   0.000 03O000M000t
00533 ARG03A0252_005 f 0.00  0.000     0  0.00  0  0   1.572 -12.510   1.205  -0.127   4.862   0.000 03O000M000t
00534 ARG+1A0252_006 f 0.00  1.000     0 12.50  0  1   1.529 -12.687   1.205  -6.809  11.509   0.000 +1O000M000t
00535 PRO01A0253_001 f 0.00  0.000     0  0.00  0  0  -0.678  -3.420   0.000   0.000   0.000   0.000 01O000M000t
00536 SER01A0254_001 f 0.00  0.000     0  0.00  0  0  -1.372  -0.993   0.527  -0.600   1.393   0.000 01O000M000t
00537 SER01A0254_002 f 0.00  0.000     0  0.00  0  0  -1.372  -0.993   0.527   2.827   1.602   0.000 01O000M000t
00538 PHE01A0255_001 f 0.00  0.000     0  0.00  0  0   4.290  -9.210   0.591   0.000   0.000   0.000 01O000M000t
00539 ALA01A0256_001 f 0.00  0.000     0  0.00  0  0  -2.675  -0.595   0.000   0.000   0.000   0.000 01O000M000t
00540 GLU01A0257_001 f 0.00  0.000     0  0.00  0  0  -2.111  -2.497   3.408  -0.800  -0.143   0.000 01O000M000t
00541 GLU01A0257_002 f 0.00  0.000     0  0.00  0  0  -2.111  -2.497   0.688  -0.865   1.043   0.000 01O000M000t
00542 GLU02A0257_003 f 0.00  0.000     0  0.00  0  0  -1.806  -2.165   3.408   2.327   1.202   0.000 02O000M000t
00543 GLU02A0257_004 f 0.00  0.000     0  0.00  0  0  -1.806  -2.165   0.688  -0.404   0.903   0.000 02O000M000t
00544 GLU-1A0257_005 f 0.00 -1.000     0  4.75  0 -1  -2.038  -2.465   0.688  -1.881   1.321   0.000 -1O000M000t
00545 ILE01A0258_001 f 0.00  0.000     0  0.00  0  0   1.285  -2.310   0.615   0.000   0.000   0.000 01O000M000t
00546 HIS01A0259_001 f 0.00  0.000     0  0.00  0  0  -2.227  -6.858   0.002   0.379   1.458   0.000 01O000M000t
00547 HIS01A0259_002 f 0.00  0.000     0  0.00  0  0  -2.191  -8.013   0.002   0.756   2.273   0.000 01R001M000t
00548 HIS02A0259_003 f 0.00  0.000     0  0.00  0  0  -2.248  -6.884   0.002   0.220   1.238   0.000 02O000M000t
00549 HIS02A0259_004 f 0.00  0.000     0  0.00  0  0  -2.203  -8.182   0.002  -0.159   2.279   0.000 02R001M000t
00550 HIS+1A0259_005 f 0.00  1.000     0  6.98  0  1  -2.275  -6.914   0.002   0.847   2.361   0.000 +1O000M000t
00551 HIS+1A0259_006 f 0.00  1.000     0  6.98  0  1  -2.229  -8.193   0.002   0.448   4.313   0.000 +1R001M000t
00552 GLN01A0260_001 f 0.00  0.000     0  0.00  0  0  -2.546  -2.470   1.262   0.341   0.231   0.000 01O000M000t
00553 GLN01A0260_002 f 0.00  0.000     0  0.00  0  0  -2.352  -2.368   1.262  -0.435   0.418   0.000 01R001M000t
00554 ALA01A0261_001 f 0.00  0.000     0  0.00  0  0  -1.597  -1.003   0.000   0.000   0.000   0.000 01O000M000t
00555 PHE01A0262_001 f 0.00  0.000     0  0.00  0  0   4.603  -7.678   1.312   0.000   0.000   0.000 01O000M000t
00556 GLU01A0263_001 f 0.00  0.000     0  0.00  0  0   0.006  -2.806   4.267   0.064  -0.194   0.000 01O000M000t
00557 GLU01A0263_002 f 0.00  0.000     0  0.00  0  0   0.006  -2.806   1.547   0.064   0.663   0.000 01O000M000t
00558 GLU02A0263_003 f 0.00  0.000     0  0.00  0  0   0.742  -2.836   4.267   0.122   0.858   0.000 02O000M000t
00559 GLU02A0263_004 f 0.00  0.000     0  0.00  0  0   0.742  -2.836   1.547   0.080   0.741   0.000 02O000M000t
00560 GLU-1A0263_005 f 0.00 -1.000     0  4.75  0 -1   0.075  -2.784   1.547  -0.105   0.805   0.000 -1O000M000t
00561 THR01A0264_001 f 0.00  0.000     0  0.00  0  0  -2.913  -1.092   0.375  -0.079   0.319   0.000 01O000M000t
00562 THR01A0264_002 f 0.00  0.000     0  0.00  0  0  -2.913  -1.092   0.000  -0.301   0.221   0.000 01O000M000t
00563 MET01A0265_001 f 0.00  0.000     0  0.00  0  0   3.514  -3.412   0.076   0.025   0.078   0.000 01O000M000t
00564 PHE01A0266_001 f 0.00  0.000     0  0.00  0  0  -0.021  -6.149   0.145   0.000   0.000   0.000 01O000M000t
00565 GLN01A0267_001 f 0.00  0.000     0  0.00  0  0  -0.977  -1.326   0.562   0.031   0.174   0.000 01O000M000t
00566 GLN01A0267_002 f 0.00  0.000     0  0.00  0  0   0.315  -1.365   0.561  -0.002   0.077   0.000 01R001M000t
00567 GLU01A0268_001 f 0.00  0.000     0  0.00  0  0  -1.422   3.179   2.969  -0.166  -0.184   0.000 01O000M000t
00568 GLU01A0268_002 f 0.00  0.000     0  0.00  0  0  -1.422   3.179   0.249  -0.100   0.697   0.000 01O000M000t
00569 GLU02A0268_003 f 0.00  0.000     0  0.00  0  0  -1.115   3.147   2.969  -0.148  -0.153   0.000 02O000M000t
00570 GLU02A0268_004 f 0.00  0.000     0  0.00  0  0  -1.115   3.147   0.249  -0.086   0.797   0.000 02O000M000t
00571 GLU-1A0268_005 f 0.00 -1.000     0  4.75  0 -1  -1.411   3.218   0.249   0.148   0.801   0.000 -1O000M000t
00572 SER01A0269_001 f 0.00  0.000     0  0.00  0  0  -2.021  -1.930   0.391   0.020   0.222   0.000 01O000M000t
00573 STI+1B0003_001 f 0.00  1.006     0  0.00  0  0   0.000 126.460   0.000  -1.941  12.189   0.316 +1O000M000t
00574 STI+2B0003_002 f 0.00  0.996     0  0.00  0  0   0.000 137.229   0.000  -5.873  12.391   0.573 +2O000M000t
00575 STI01B0003_003 f 0.00  0.000     0  0.00  0  0   0.000 126.520   0.000  -2.025   9.267   2.031 01O000M000t
00576 STI+aB0003_004 f 0.00  1.998     0  0.00  0  0   0.000 128.143   0.000   3.076  17.587   5.430 +aO000M000t
00577 STI+bB0003_005 f 0.00  2.003     0  0.00  0  0   0.000 138.912   0.000  -0.690  16.690   5.687 +bO000M000t
00578 STIDMB0003_006 t 0.00  0.000     0  0.00  0  0   0.000   0.000   0.000   0.000   0.000   0.000         DMt
