iConf CONFORMER     FL  occ    crg   Em0  pKa0 ne nH    vdw0    vdw1    tors    epol   dsolv   extra    history
00001 GLU01A0002_001 f 0.00  0.000     0  0.00  0  0   0.136  -3.482   5.151   0.335   0.335   0.000 01O000M000t
00002 GLU01A0002_002 f 0.00  0.000     0  0.00  0  0   0.136  -3.482   2.431  -0.156   1.398   0.000 01O000M000t
00003 GLU02A0002_003 f 0.00  0.000     0  0.00  0  0  -0.106  -3.335   5.151   0.540   1.065   0.000 02O000M000t
00004 GLU02A0002_004 f 0.00  0.000     0  0.00  0  0  -0.106  -3.335   2.431  -0.113   0.949   0.000 02O000M000t
00005 GLU-1A0002_005 f 0.00 -1.000     0  4.75  0 -1  -0.252  -3.424   2.431  -0.213   1.988   0.000 -1O000M000t
00006 ALA01A0003_001 f 0.00  0.000     0  0.00  0  0  -4.633  -0.486   0.000   0.000   0.000   0.000 01O000M000t
00007 PRO01A0004_001 f 0.00  0.000     0  0.00  0  0  -5.339   0.561   0.000   0.000   0.000   0.000 01O000M000t
00008 ASN01A0005_001 f 0.00  0.000     0  0.00  0  0  -0.677  -0.661   0.207  -0.935   1.717   0.000 01O000M000t
00009 ASN01A0005_002 f 0.00  0.000     0  0.00  0  0  -1.022   1.365   0.207   1.603   1.867   0.000 01R001M000t
00010 GLN01A0006_001 f 0.00  0.000     0  0.00  0  0  -3.125   0.594   1.006   0.012   0.119   0.000 01O000M000t
00011 GLN01A0006_002 f 0.00  0.000     0  0.00  0  0  -3.121   0.620   1.013   0.043  -0.274   0.000 01R001M000t
00012 ALA01A0007_001 f 0.00  0.000     0  0.00  0  0  -0.876  -1.124   0.000   0.000   0.000   0.000 01O000M000t
00013 LEU01A0008_001 f 0.00  0.000     0  0.00  0  0  -6.902   1.351   2.175   0.000   0.000   0.000 01O000M000t
00014 LEU01A0009_001 f 0.00  0.000     0  0.00  0  0  -2.046  -2.711   0.621   0.000   0.000   0.000 01O000M000t
00015 ARG01A0010_001 f 0.00  0.000     0  0.00  0  0  -4.861  -3.067   1.306  -0.024   0.463   0.000 01O000M000t
00016 ARG02A0010_002 f 0.00  0.000     0  0.00  0  0  -4.873  -3.071   1.306   0.034   1.539   0.000 02O000M000t
00017 ARG03A0010_003 f 0.00  0.000     0  0.00  0  0  -4.878  -3.071   1.306  -0.073   1.353   0.000 03O000M000t
00018 ARG+1A0010_004 f 0.00  1.000     0 12.50  0  1  -4.921  -3.074   1.306   0.219   0.382   0.000 +1O000M000t
00019 ILE01A0011_001 f 0.00  0.000     0  0.00  0  0   0.029  -0.704   0.711   0.000   0.000   0.000 01O000M000t
00020 LEU01A0012_001 f 0.00  0.000     0  0.00  0  0   2.574  -6.027   0.975   0.000   0.000   0.000 01O000M000t
00021 LYS01A0013_001 f 0.00  0.000     0  0.00  0  0  -6.668  -2.153   1.941  -0.079   0.056   0.000 01O000M000t
00022 LYS+1A0013_002 f 0.00  1.000     0 10.40  0  1  -6.727  -2.160   1.941   0.551   0.193   0.000 +1O000M000t
00023 GLU01A0014_001 f 0.00  0.000     0  0.00  0  0  -1.175   4.729   3.476   0.181  -0.083   0.000 01O000M000t
00024 GLU01A0014_002 f 0.00  0.000     0  0.00  0  0  -1.175   4.729   0.756   0.054   0.873   0.000 01O000M000t
00025 GLU02A0014_003 f 0.00  0.000     0  0.00  0  0  -1.212   4.739   3.476   0.062   0.433   0.000 02O000M000t
00026 GLU02A0014_004 f 0.00  0.000     0  0.00  0  0  -1.212   4.739   0.756   0.049   0.909   0.000 02O000M000t
00027 GLU-1A0014_005 f 0.00 -1.000     0  4.75  0 -1  -1.317   4.765   0.756  -0.261   1.176   0.000 -1O000M000t
00028 THR01A0015_001 f 0.00  0.000     0  0.00  0  0  -5.912  -0.423   0.421   0.769   1.012   0.000 01O000M000t
00029 THR01A0015_002 f 0.00  0.000     0  0.00  0  0  -5.912  -0.423   0.046  -1.270   0.204   0.000 01O000M000t
00030 GLU01A0016_001 f 0.00  0.000     0  0.00  0  0   1.053  -5.288   3.498   0.156   1.821   0.000 01O000M000t
00031 GLU01A0016_002 f 0.00  0.000     0  0.00  0  0   1.053  -5.288   0.778  -0.354   1.106   0.000 01O000M000t
00032 GLU02A0016_003 f 0.00  0.000     0  0.00  0  0   0.813  -5.199   3.498   0.696   1.232   0.000 02O000M000t
00033 GLU02A0016_004 f 0.00  0.000     0  0.00  0  0   0.813  -5.199   0.778  -0.301   1.237   0.000 02O000M000t
00034 GLU-1A0016_005 f 0.00 -1.000     0  4.75  0 -1   0.706  -5.177   0.778  -2.602   4.296   0.000 -1O000M000t
00035 PHE01A0017_001 f 0.00  0.000     0  0.00  0  0   4.144  -8.169   0.024   0.000   0.000   0.000 01O000M000t
00036 LYS01A0018_001 f 0.00  0.000     0  0.00  0  0  -5.355  -1.737   1.042  -0.082   0.501   0.000 01O000M000t
00037 LYS+1A0018_002 f 0.00  1.000     0 10.40  0  1  -5.443  -1.754   1.042  -0.404   1.749   0.000 +1O000M000t
00038 LYS01A0019_001 f 0.00  0.000     0  0.00  0  0  -2.627  -2.195   0.898  -0.084   0.675   0.000 01O000M000t
00039 LYS+1A0019_002 f 0.00  1.000     0 10.40  0  1  -2.672  -2.199   0.898   0.581   3.364   0.000 +1O000M000t
00040 ILE01A0020_001 f 0.00  0.000     0  0.00  0  0  -3.576   3.040   0.979   0.000   0.000   0.000 01O000M000t
00041 LYS01A0021_001 f 0.00  0.000     0  0.00  0  0  -6.924   2.204   1.134  -0.009  -0.183   0.000 01O000M000t
00042 LYS+1A0021_002 f 0.00  1.000     0 10.40  0  1  -6.969   2.202   1.134  -0.086  -0.024   0.000 +1O000M000t
00043 VAL01A0022_001 f 0.00  0.000     0  0.00  0  0  -3.610   0.704   0.123   0.000   0.000   0.000 01O000M000t
00044 LEU01A0023_001 f 0.00  0.000     0  0.00  0  0   1.465  -5.229   0.451   0.000   0.000   0.000 01O000M000t
00045 SER01A0025_001 f 0.00  0.000     0  0.00  0  0  -3.255   0.252   0.383  -0.004   0.819   0.000 01O000M000t
00046 SER01A0025_002 f 0.00  0.000     0  0.00  0  0  -3.255   0.252   0.008  -0.316   0.186   0.000 01O000M000t
00047 ALA01A0027_001 f 0.00  0.000     0  0.00  0  0  -5.267   0.969   0.000   0.000   0.000   0.000 01O000M000t
00048 PHE01A0028_001 f 0.00  0.000     0  0.00  0  0  -0.684  -6.875   0.064   0.000   0.000   0.000 01O000M000t
00049 THR01A0030_001 f 0.00  0.000     0  0.00  0  0  -0.920  -0.957   0.375  -0.488   1.319   0.000 01O000M000t
00050 THR01A0030_002 f 0.00  0.000     0  0.00  0  0  -0.920  -0.957   0.375  -0.028   1.636   0.000 01O000M000t
00051 THR01A0030_003 f 0.00  0.000     0  0.00  0  0  -0.920  -0.957   0.000  -0.434   1.282   0.000 01O000M000t
00052 VAL01A0031_001 f 0.00  0.000     0  0.00  0  0   0.614  -2.904   0.017   0.000   0.000   0.000 01O000M000t
00053 TYR01A0032_001 f 0.00  0.000     0  0.00  0  0   1.138  -6.067   0.000   0.211   0.896   0.000 01O000M000t
00054 TYR01A0032_002 f 0.00  0.000     0  0.00  0  0   1.138  -6.067   0.000   0.239   0.921   0.000 01O000M000t
00055 TYR-1A0032_003 f 0.00 -1.000     0 10.20  0 -1   1.138  -6.067   0.000  -0.750   3.502   0.000 -1O000M000t
00056 LYS01A0033_001 f 0.00  0.000     0  0.00  0  0  -0.919  -1.689   2.440  -0.056   0.432   0.000 01O000M000t
00057 LYS+1A0033_002 f 0.00  1.000     0 10.40  0  1  -1.014  -1.705   2.440   0.206   1.731   0.000 +1O000M000t
00058 LEU01A0035_001 f 0.00  0.000     0  0.00  0  0  -0.897  -2.286   1.346   0.000   0.000   0.000 01O000M000t
00059 TRP01A0036_001 f 0.00  0.000     0  0.00  0  0   1.942  -6.814   0.018   0.000   0.000   0.000 01O000M000t
00060 ILE01A0037_001 f 0.00  0.000     0  0.00  0  0  -0.637   1.863   0.746   0.000   0.000   0.000 01O000M000t
00061 PRO01A0038_001 f 0.00  0.000     0  0.00  0  0  -0.113  -0.888   0.000   0.000   0.000   0.000 01O000M000t
00062 GLU01A0039_001 f 0.00  0.000     0  0.00  0  0  -3.198  -0.694   3.800  -0.018  -0.653   0.000 01O000M000t
00063 GLU01A0039_002 f 0.00  0.000     0  0.00  0  0  -3.198  -0.694   1.080   0.050   0.615   0.000 01O000M000t
00064 GLU02A0039_003 f 0.00  0.000     0  0.00  0  0  -3.257  -0.700   3.800   0.255  -0.454   0.000 02O000M000t
00065 GLU02A0039_004 f 0.00  0.000     0  0.00  0  0  -3.257  -0.700   1.080   0.107   0.477   0.000 02O000M000t
00066 GLU-1A0039_005 f 0.00 -1.000     0  4.75  0 -1  -3.246  -0.676   1.080  -0.137  -0.126   0.000 -1O000M000t
00067 GLU01A0041_001 f 0.00  0.000     0  0.00  0  0  -1.610   2.571   3.618   0.390   0.422   0.000 01O000M000t
00068 GLU01A0041_002 f 0.00  0.000     0  0.00  0  0  -1.610   2.571   0.898   0.265   0.562   0.000 01O000M000t
00069 GLU02A0041_003 f 0.00  0.000     0  0.00  0  0  -1.820   2.652   3.618  -0.029  -0.149   0.000 02O000M000t
00070 GLU02A0041_004 f 0.00  0.000     0  0.00  0  0  -1.820   2.652   0.898   0.077   1.093   0.000 02O000M000t
00071 GLU-1A0041_005 f 0.00 -1.000     0  4.75  0 -1  -1.840   2.580   0.898  -1.796   1.503   0.000 -1O000M000t
00072 LYS01A0042_001 f 0.00  0.000     0  0.00  0  0  -9.575   3.419   1.183  -0.019   0.091   0.000 01O000M000t
00073 LYS+1A0042_002 f 0.00  1.000     0 10.40  0  1  -9.657   3.405   1.183  -0.171   0.543   0.000 +1O000M000t
00074 VAL01A0043_001 f 0.00  0.000     0  0.00  0  0  -3.133   2.514   0.007   0.000   0.000   0.000 01O000M000t
00075 LYS01A0044_001 f 0.00  0.000     0  0.00  0  0  -5.064  -1.544   1.028  -0.008   0.119   0.000 01O000M000t
00076 LYS+1A0044_002 f 0.00  1.000     0 10.40  0  1  -5.111  -1.546   1.028  -0.076   0.369   0.000 +1O000M000t
00077 ILE01A0045_001 f 0.00  0.000     0  0.00  0  0  -1.233   0.641   0.634   0.000   0.000   0.000 01O000M000t
00078 PRO01A0046_001 f 0.00  0.000     0  0.00  0  0  -3.412   2.283   0.000   0.000   0.000   0.000 01O000M000t
00079 VAL01A0047_001 f 0.00  0.000     0  0.00  0  0   0.660   4.003   0.005   0.000   0.000   0.000 01O000M000t
00080 ALA01A0048_001 f 0.00  0.000     0  0.00  0  0   0.000  -2.082   0.000   0.000   0.000   0.000 01O000M000t
00081 ILE01A0049_001 f 0.00  0.000     0  0.00  0  0   3.003   0.359   0.799   0.000   0.000   0.000 01O000M000t
00082 LYS01A0050_001 f 0.00  0.000     0  0.00  0  0   0.394  -3.524   0.851   0.091   0.777   0.000 01O000M000t
00083 LYS+1A0050_002 f 0.00  1.000     0 10.40  0  1   0.346  -3.532   0.851   1.148   4.636   0.000 +1O000M000t
00084 GLU01A0051_001 f 0.00  0.000     0  0.00  0  0  -0.004  -2.800   4.404   0.484   1.688   0.000 01O000M000t
00085 GLU01A0051_002 f 0.00  0.000     0  0.00  0  0  -0.004  -2.800   1.684   0.285   1.056   0.000 01O000M000t
00086 GLU02A0051_003 f 0.00  0.000     0  0.00  0  0   0.002  -2.747   4.404  -0.601   0.791   0.000 02O000M000t
00087 GLU02A0051_004 f 0.00  0.000     0  0.00  0  0   0.002  -2.747   1.684   0.152   1.211   0.000 02O000M000t
00088 GLU-1A0051_005 f 0.00 -1.000     0  4.75  0 -1  -0.095  -2.744   1.684   0.135   3.466   0.000 -1O000M000t
00089 LEU01A0052_001 f 0.00  0.000     0  0.00  0  0   0.632   5.606   0.475   0.000   0.000   0.000 01O000M000t
00090 ARG01A0053_001 f 0.00  0.000     0  0.00  0  0  -8.499  -0.064   0.999   0.049   0.065   0.000 01O000M000t
00091 ARG02A0053_002 f 0.00  0.000     0  0.00  0  0  -8.478  -0.078   0.999   0.245   1.137   0.000 02O000M000t
00092 ARG03A0053_003 f 0.00  0.000     0  0.00  0  0  -8.527  -0.082   0.999   0.262   1.312   0.000 03O000M000t
00093 ARG03A0053_004 f 0.00  0.000     0  0.00  0  0  -8.523  -0.081   0.999   0.224   1.080   0.000 03O000M000t
00094 ARG+1A0053_005 f 0.00  1.000     0 12.50  0  1  -8.566  -0.083   0.999   0.981   1.041   0.000 +1O000M000t
00095 GLU01A0054_001 f 0.00  0.000     0  0.00  0  0  -2.961   0.028   3.824   0.359   0.266   0.000 01O000M000t
00096 GLU01A0054_002 f 0.00  0.000     0  0.00  0  0  -2.961   0.028   1.104   0.137   0.471   0.000 01O000M000t
00097 GLU02A0054_003 f 0.00  0.000     0  0.00  0  0  -2.945   0.025   3.824   0.213  -0.382   0.000 02O000M000t
00098 GLU02A0054_004 f 0.00  0.000     0  0.00  0  0  -2.945   0.025   1.104   0.131   0.692   0.000 02O000M000t
00099 GLU-1A0054_005 f 0.00 -1.000     0  4.75  0 -1  -2.920   0.049   1.104  -0.360   0.294   0.000 -1O000M000t
00100 ALA01A0055_001 f 0.00  0.000     0  0.00  0  0  -3.912  -0.570   0.000   0.000   0.000   0.000 01O000M000t
00101 THR01A0056_001 f 0.00  0.000     0  0.00  0  0  -3.939  -1.092   0.443  -0.173   1.187   0.000 01O000M000t
00102 SER01A0057_001 f 0.00  0.000     0  0.00  0  0  -1.996  -2.096   0.549   1.947   1.390   0.000 01O000M000t
00103 PRO01A0058_001 f 0.00  0.000     0  0.00  0  0  -6.508   6.761   0.000   0.000   0.000   0.000 01O000M000t
00104 LYS01A0059_001 f 0.00  0.000     0  0.00  0  0  -8.665  -0.252   0.816  -0.057  -0.053   0.000 01O000M000t
00105 LYS+1A0059_002 f 0.00  1.000     0 10.40  0  1  -8.710  -0.253   0.816   0.412  -0.149   0.000 +1O000M000t
00106 ALA01A0060_001 f 0.00  0.000     0  0.00  0  0  -1.030  -1.055   0.000   0.000   0.000   0.000 01O000M000t
00107 ASN01A0061_001 f 0.00  0.000     0  0.00  0  0  -1.098  -2.594   1.245   0.247   0.535   0.000 01O000M000t
00108 ASN01A0061_002 f 0.00  0.000     0  0.00  0  0  -1.025  -2.889   1.245   0.702   0.543   0.000 01R001M000t
00109 LYS01A0062_001 f 0.00  0.000     0  0.00  0  0  -7.950  -1.119   0.922  -0.009   0.066   0.000 01O000M000t
00110 LYS+1A0062_002 f 0.00  1.000     0 10.40  0  1  -7.994  -1.121   0.922   0.021  -0.321   0.000 +1O000M000t
00111 GLU01A0063_001 f 0.00  0.000     0  0.00  0  0  -0.454   0.027   3.220   0.152   0.199   0.000 01O000M000t
00112 GLU01A0063_002 f 0.00  0.000     0  0.00  0  0  -0.454   0.027   0.500   0.047   0.759   0.000 01O000M000t
00113 GLU02A0063_003 f 0.00  0.000     0  0.00  0  0  -0.660   0.055   3.220  -0.042  -0.368   0.000 02O000M000t
00114 GLU02A0063_004 f 0.00  0.000     0  0.00  0  0  -0.660   0.055   0.500   0.022   0.885   0.000 02O000M000t
00115 GLU-1A0063_005 f 0.00 -1.000     0  4.75  0 -1  -0.734   0.091   0.500  -0.159   1.024   0.000 -1O000M000t
00116 ILE01A0064_001 f 0.00  0.000     0  0.00  0  0   7.777  -2.678   0.422   0.000   0.000   0.000 01O000M000t
00117 LEU01A0065_001 f 0.00  0.000     0  0.00  0  0  -1.550   2.500   1.344   0.000   0.000   0.000 01O000M000t
00118 ASP01A0066_001 f 0.00  0.000     0  0.00  0  0  -1.555  -1.089   3.916   0.521   0.089   0.000 01O000M000t
00119 ASP01A0066_002 f 0.00  0.000     0  0.00  0  0  -1.555  -1.089   1.196   0.213   0.867   0.000 01O000M000t
00120 ASP02A0066_003 f 0.00  0.000     0  0.00  0  0  -1.366  -1.671   3.916   0.280  -0.104   0.000 02O000M000t
00121 ASP02A0066_004 f 0.00  0.000     0  0.00  0  0  -1.366  -1.671   1.196   0.239   1.335   0.000 02O000M000t
00122 ASP-1A0066_005 f 0.00 -1.000     0  4.75  0 -1  -1.506  -1.582   1.196  -0.057   2.097   0.000 -1O000M000t
00123 GLU01A0067_001 f 0.00  0.000     0  0.00  0  0   1.976  -5.446   2.998  -0.328   1.612   0.000 01O000M000t
00124 GLU01A0067_002 f 0.00  0.000     0  0.00  0  0   1.976  -5.446   0.278  -0.306   1.963   0.000 01O000M000t
00125 GLU02A0067_003 f 0.00  0.000     0  0.00  0  0   1.477  -5.423   2.998   1.060   1.980   0.000 02O000M000t
00126 GLU02A0067_004 f 0.00  0.000     0  0.00  0  0   1.477  -5.423   0.278   0.272   2.062   0.000 02O000M000t
00127 GLU-1A0067_005 f 0.00 -1.000     0  4.75  0 -1   1.417  -5.348   0.278  -2.160   6.704   0.000 -1O000M000t
00128 ALA01A0068_001 f 0.00  0.000     0  0.00  0  0  -0.052  -1.107   0.000   0.000   0.000   0.000 01O000M000t
00129 TYR01A0069_001 f 0.00  0.000     0  0.00  0  0  -2.118  -2.227   0.002   0.304   0.721   0.000 01O000M000t
00130 TYR01A0069_002 f 0.00  0.000     0  0.00  0  0  -2.118  -2.227   0.002   0.408   0.506   0.000 01O000M000t
00131 TYR-1A0069_003 f 0.00 -1.000     0 10.20  0 -1  -2.118  -2.227   0.002   0.657   1.425   0.000 -1O000M000t
00132 VAL01A0070_001 f 0.00  0.000     0  0.00  0  0   0.783   4.419   0.001   0.000   0.000   0.000 01O000M000t
00133 MET01A0071_001 f 0.00  0.000     0  0.00  0  0   3.104  -6.834   0.400  -0.066   0.098   0.000 01O000M000t
00134 ALA01A0072_001 f 0.00  0.000     0  0.00  0  0  -0.052  -1.971   0.000   0.000   0.000   0.000 01O000M000t
00135 SER01A0073_001 f 0.00  0.000     0  0.00  0  0  -0.048   1.992   0.460   0.757   1.343   0.000 01O000M000t
00136 SER01A0073_002 f 0.00  0.000     0  0.00  0  0  -0.048   1.992   0.460  -1.712   1.439   0.000 01O000M000t
00137 SER01A0073_003 f 0.00  0.000     0  0.00  0  0  -0.048   1.992   0.085  -0.117   1.696   0.000 01O000M000t
00138 VAL01A0074_001 f 0.00  0.000     0  0.00  0  0   0.498   2.724   0.014   0.000   0.000   0.000 01O000M000t
00139 ASP01A0075_001 f 0.00  0.000     0  0.00  0  0  -2.791  -0.347   2.830   1.107   0.255   0.000 01O000M000t
00140 ASP01A0075_002 f 0.00  0.000     0  0.00  0  0  -2.791  -0.347   0.110   0.143   0.317   0.000 01O000M000t
00141 ASP02A0075_003 f 0.00  0.000     0  0.00  0  0  -2.758  -0.733   2.830   0.024  -0.429   0.000 02O000M000t
00142 ASP02A0075_004 f 0.00  0.000     0  0.00  0  0  -2.758  -0.733   0.110   0.042   0.889   0.000 02O000M000t
00143 ASP-1A0075_005 f 0.00 -1.000     0  4.75  0 -1  -2.722  -0.693   0.110  -0.546   0.625   0.000 -1O000M000t
00144 ASN01A0076_001 f 0.00  0.000     0  0.00  0  0  -0.541  -1.823   1.198  -2.742   2.218   0.000 01O000M000t
00145 ASN01A0076_002 f 0.00  0.000     0  0.00  0  0  -0.477   1.046   1.202   3.333   1.453   0.000 01R001M000t
00146 PRO01A0077_001 f 0.00  0.000     0  0.00  0  0  -5.214   1.966   0.000   0.000   0.000   0.000 01O000M000t
00147 HIS01A0078_001 f 0.00  0.000     0  0.00  0  0  -1.419  -7.113   0.003   1.336   2.657   0.000 01O000M000t
00148 HIS01A0078_002 f 0.00  0.000     0  0.00  0  0  -1.537  -3.260   0.003  -0.355   2.254   0.000 01R001M000t
00149 HIS02A0078_003 f 0.00  0.000     0  0.00  0  0  -1.436  -7.243   0.003  -0.873   1.692   0.000 02O000M000t
00150 HIS02A0078_004 f 0.00  0.000     0  0.00  0  0  -1.551  -3.282   0.003  -0.055   2.198   0.000 02R001M000t
00151 HIS+1A0078_005 f 0.00  1.000     0  6.98  0  1  -1.463  -7.257   0.003  -0.438   4.796   0.000 +1O000M000t
00152 HIS+1A0078_006 f 0.00  1.000     0  6.98  0  1  -1.577  -3.308   0.003   0.396   4.206   0.000 +1R001M000t
00153 VAL01A0079_001 f 0.00  0.000     0  0.00  0  0   0.855  -2.221   0.053   0.000   0.000   0.000 01O000M000t
00154 CYS01A0080_001 f 0.00  0.000     0  0.00  0  0  -0.073  -3.303   0.560  -0.046   0.553   0.000 01O000M000t
00155 CYS01A0080_002 f 0.00  0.000     0  0.00  0  0  -0.073  -3.401   0.560  -0.111   0.874   0.000 01O000M000t
00156 CYS01A0080_003 f 0.00  0.000     0  0.00  0  0  -0.074  -3.299   0.560   0.055   0.784   0.000 01O000M000t
00157 CYS-1A0080_004 f 0.00 -1.000     0  9.10  0 -1  -0.071  -3.259   0.560  -1.921   8.826   0.000 -1O000M000t
00158 ARG01A0081_001 f 0.00  0.000     0  0.00  0  0  -2.151  -3.650   0.873  -1.071   1.089   0.000 01O000M000t
00159 ARG02A0081_002 f 0.00  0.000     0  0.00  0  0  -2.067  -3.683   0.873   1.174   2.101   0.000 02O000M000t
00160 ARG03A0081_003 f 0.00  0.000     0  0.00  0  0  -2.167  -3.654   0.873  -1.181   1.974   0.000 03O000M000t
00161 ARG+1A0081_004 f 0.00  1.000     0 12.50  0  1  -2.210  -3.664   0.873  -2.448   1.918   0.000 +1O000M000t
00162 LEU01A0082_001 f 0.00  0.000     0  0.00  0  0   3.045  -8.841   0.966   0.000   0.000   0.000 01O000M000t
00163 LEU01A0083_001 f 0.00  0.000     0  0.00  0  0  -0.245  -2.678   0.568   0.000   0.000   0.000 01O000M000t
00164 ILE01A0085_001 f 0.00  0.000     0  0.00  0  0   4.170  -3.819   0.435   0.000   0.000   0.000 01O000M000t
00165 CYS01A0086_001 f 0.00  0.000     0  0.00  0  0  -0.073  -3.361   0.073   0.058   0.550   0.000 01O000M000t
00166 CYS01A0086_002 f 0.00  0.000     0  0.00  0  0  -0.073  -3.503   0.073  -0.464   0.546   0.000 01O000M000t
00167 CYS01A0086_003 f 0.00  0.000     0  0.00  0  0  -0.074  -3.402   0.073   0.117   0.837   0.000 01O000M000t
00168 CYS-1A0086_004 f 0.00 -1.000     0  9.10  0 -1  -0.071  -3.276   0.073  -1.347   7.808   0.000 -1O000M000t
00169 LEU01A0087_001 f 0.00  0.000     0  0.00  0  0  -3.973  -0.947   0.409   0.000   0.000   0.000 01O000M000t
00170 THR01A0088_001 f 0.00  0.000     0  0.00  0  0  -1.535  11.627   0.822  -0.120   1.140   0.000 01O000M000t
00171 THR01A0088_002 f 0.00  0.000     0  0.00  0  0  -1.535  11.627   0.822  -0.377   1.739   0.000 01O000M000t
00172 THR01A0088_003 f 0.00  0.000     0  0.00  0  0  -1.535  11.627   0.447  -0.298   1.474   0.000 01O000M000t
00173 SER01A0089_001 f 0.00  0.000     0  0.00  0  0  -3.872   0.763   0.915  -0.532  -0.079   0.000 01O000M000t
00174 THR01A0090_001 f 0.00  0.000     0  0.00  0  0  -0.012  -3.909   0.421  -0.306   0.768   0.000 01O000M000t
00175 THR01A0090_002 f 0.00  0.000     0  0.00  0  0  -0.012  -3.909   0.421  -0.261   1.166   0.000 01O000M000t
00176 VAL01A0091_001 f 0.00  0.000     0  0.00  0  0   0.470   0.526   0.029   0.000   0.000   0.000 01O000M000t
00177 GLN01A0092_001 f 0.00  0.000     0  0.00  0  0   0.602  -4.839   0.614  -0.130   3.116   0.000 01O000M000t
00178 GLN01A0092_002 f 0.00  0.000     0  0.00  0  0   0.913  -4.908   0.620   0.048   2.778   0.000 01R001M000t
00179 LEU01A0093_001 f 0.00  0.000     0  0.00  0  0   2.366  -5.435   0.594   0.000   0.000   0.000 01O000M000t
00180 ILE01A0094_001 f 0.00  0.000     0  0.00  0  0   2.122  -3.738   0.823   0.000   0.000   0.000 01O000M000t
00181 THR01A0095_001 f 0.00  0.000     0  0.00  0  0   0.238   3.005   0.539  -0.213   1.740   0.000 01O000M000t
00182 THR01A0095_002 f 0.00  0.000     0  0.00  0  0   0.238   3.005   0.164  -0.540   1.194   0.000 01O000M000t
00183 GLN01A0096_001 f 0.00  0.000     0  0.00  0  0  -0.469   0.148   1.186  -0.079   1.015   0.000 01O000M000t
00184 LEU01A0097_001 f 0.00  0.000     0  0.00  0  0   1.491  -5.094   0.555   0.000   0.000   0.000 01O000M000t
00185 MET01A0098_001 f 0.00  0.000     0  0.00  0  0  -0.005  -6.604   0.923   0.133   0.088   0.000 01O000M000t
00186 PRO01A0099_001 f 0.00  0.000     0  0.00  0  0  -2.911   4.624   0.000   0.000   0.000   0.000 01O000M000t
00187 PHE01A0100_001 f 0.00  0.000     0  0.00  0  0  -0.878  -4.828   0.018   0.000   0.000   0.000 01O000M000t
00188 CYS01A0102_001 f 0.00  0.000     0  0.00  0  0  -0.145  -3.969   0.493  -0.672   0.494   0.000 01O000M000t
00189 CYS01A0102_002 f 0.00  0.000     0  0.00  0  0  -0.145  -4.108   0.493   1.508   0.829   0.000 01O000M000t
00190 CYS01A0102_003 f 0.00  0.000     0  0.00  0  0  -0.145  -3.949   0.493  -0.702   0.204   0.000 01O000M000t
00191 CYS-1A0102_004 f 0.00 -1.000     0  9.10  0 -1  -0.143  -3.906   0.493  -4.789   4.698   0.000 -1O000M000t
00192 LEU01A0103_001 f 0.00  0.000     0  0.00  0  0   1.664  -3.656   0.819   0.000   0.000   0.000 01O000M000t
00193 LEU01A0104_001 f 0.00  0.000     0  0.00  0  0   0.237  -3.452   0.507   0.000   0.000   0.000 01O000M000t
00194 ASP01A0105_001 f 0.00  0.000     0  0.00  0  0  -1.306  -1.402   3.503   0.589   0.393   0.000 01O000M000t
00195 ASP01A0105_002 f 0.00  0.000     0  0.00  0  0  -1.306  -1.402   0.783   0.306   0.681   0.000 01O000M000t
00196 ASP02A0105_003 f 0.00  0.000     0  0.00  0  0  -1.432  -1.110   3.503   0.603   0.569   0.000 02O000M000t
00197 ASP02A0105_004 f 0.00  0.000     0  0.00  0  0  -1.432  -1.110   0.783   0.274   0.932   0.000 02O000M000t
00198 ASP-1A0105_005 f 0.00 -1.000     0  4.75  0 -1  -1.373  -1.355   0.783  -1.163   1.584   0.000 -1O000M000t
00199 TYR01A0106_001 f 0.00  0.000     0  0.00  0  0   3.134  -6.303   0.097   0.204   1.226   0.000 01O000M000t
00200 TYR01A0106_002 f 0.00  0.000     0  0.00  0  0   3.134  -6.303   0.097   0.204   1.195   0.000 01O000M000t
00201 TYR-1A0106_003 f 0.00 -1.000     0 10.20  0 -1   3.134  -6.303   0.097  -0.131   5.090   0.000 -1O000M000t
00202 VAL01A0107_001 f 0.00  0.000     0  0.00  0  0   0.694  -1.604   0.007   0.000   0.000   0.000 01O000M000t
00203 ARG01A0108_001 f 0.00  0.000     0  0.00  0  0  -2.848  -6.013   0.914   0.268   1.551   0.000 01O000M000t
00204 ARG02A0108_002 f 0.00  0.000     0  0.00  0  0  -2.883  -5.977   0.914  -1.215   2.480   0.000 02O000M000t
00205 ARG02A0108_003 f 0.00  0.000     0  0.00  0  0  -2.822  -5.971   0.914  -1.052   2.053   0.000 02O000M000t
00206 ARG03A0108_004 f 0.00  0.000     0  0.00  0  0  -2.889  -5.969   0.914  -1.293   2.436   0.000 03O000M000t
00207 ARG+1A0108_005 f 0.00  1.000     0 12.50  0  1  -2.927  -5.982   0.914  -2.098   2.391   0.000 +1O000M000t
00208 GLU01A0109_001 f 0.00  0.000     0  0.00  0  0  -2.096   4.018   5.475   0.046  -0.337   0.000 01O000M000t
00209 GLU01A0109_002 f 0.00  0.000     0  0.00  0  0  -2.096   4.018   2.755   0.038   0.597   0.000 01O000M000t
00210 GLU02A0109_003 f 0.00  0.000     0  0.00  0  0  -2.147   4.017   5.475  -0.120  -0.052   0.000 02O000M000t
00211 GLU02A0109_004 f 0.00  0.000     0  0.00  0  0  -2.147   4.017   2.755   0.008   0.736   0.000 02O000M000t
00212 GLU-1A0109_005 f 0.00 -1.000     0  4.75  0 -1  -2.262   4.051   2.755   0.233   0.269   0.000 -1O000M000t
00213 HIS01A0110_001 f 0.00  0.000     0  0.00  0  0  -3.329  -3.638   0.073   1.203   2.305   0.000 01O000M000t
00214 HIS01A0110_002 f 0.00  0.000     0  0.00  0  0  -3.374   3.458   0.073   0.063   0.992   0.000 01R001M000t
00215 HIS02A0110_003 f 0.00  0.000     0  0.00  0  0  -3.349  -3.778   0.073  -0.886   1.836   0.000 02O000M000t
00216 HIS02A0110_004 f 0.00  0.000     0  0.00  0  0  -3.386   3.449   0.073  -0.125   1.488   0.000 02R001M000t
00217 HIS+1A0110_005 f 0.00  1.000     0  6.98  0  1  -3.376  -3.786   0.073  -1.917   3.184   0.000 +1O000M000t
00218 HIS+1A0110_006 f 0.00  1.000     0  6.98  0  1  -3.413   3.430   0.073  -1.024   1.829   0.000 +1R001M000t
00219 LYS01A0111_001 f 0.00  0.000     0  0.00  0  0  -4.699  -0.735   2.831  -0.305   0.517   0.000 01O000M000t
00220 LYS+1A0111_002 f 0.00  1.000     0 10.40  0  1  -4.758  -0.758   2.831  -1.373   2.403   0.000 +1O000M000t
00221 ASP01A0112_001 f 0.00  0.000     0  0.00  0  0  -2.762  -0.161   3.104   0.533  -0.422   0.000 01O000M000t
00222 ASP01A0112_002 f 0.00  0.000     0  0.00  0  0  -2.762  -0.161   0.384   0.253   0.469   0.000 01O000M000t
00223 ASP02A0112_003 f 0.00  0.000     0  0.00  0  0  -2.733  -0.451   3.104   0.238  -0.508   0.000 02O000M000t
00224 ASP02A0112_004 f 0.00  0.000     0  0.00  0  0  -2.733  -0.451   0.384   0.214   0.761   0.000 02O000M000t
00225 ASP-1A0112_005 f 0.00 -1.000     0  4.75  0 -1  -2.729  -0.411   0.384  -0.473   0.442   0.000 -1O000M000t
00226 ASN01A0113_001 f 0.00  0.000     0  0.00  0  0  -1.525  -1.545   1.466   0.247   0.825   0.000 01O000M000t
00227 ASN01A0113_002 f 0.00  0.000     0  0.00  0  0  -1.314  -1.698   1.463   0.084   0.483   0.000 01R001M000t
00228 ILE01A0114_001 f 0.00  0.000     0  0.00  0  0   1.919  -1.930   0.543   0.000   0.000   0.000 01O000M000t
00229 SER01A0116_001 f 0.00  0.000     0  0.00  0  0   0.000  -2.659   0.378   0.011   1.327   0.000 01O000M000t
00230 SER01A0116_002 f 0.00  0.000     0  0.00  0  0   0.000  -2.659   0.377  -0.114   1.442   0.000 01O000M000t
00231 SER01A0116_003 f 0.00  0.000     0  0.00  0  0   0.000  -2.659   0.002  -0.770   1.664   0.000 01O000M000t
00232 GLN01A0117_001 f 0.00  0.000     0  0.00  0  0  -1.340  -2.729   1.340  -0.710   1.758   0.000 01O000M000t
00233 GLN01A0117_002 f 0.00  0.000     0  0.00  0  0  -1.405  -3.076   1.340   0.276   1.368   0.000 01R001M000t
00234 TYR01A0118_001 f 0.00  0.000     0  0.00  0  0  -0.261  -4.825   0.569   0.540   0.404   0.000 01O000M000t
00235 TYR01A0118_002 f 0.00  0.000     0  0.00  0  0  -0.261  -4.825   0.569   0.624   0.844   0.000 01O000M000t
00236 TYR-1A0118_003 f 0.00 -1.000     0 10.20  0 -1  -0.261  -4.825   0.569   0.050   0.064   0.000 -1O000M000t
00237 LEU01A0119_001 f 0.00  0.000     0  0.00  0  0   1.878  -4.637   0.798   0.000   0.000   0.000 01O000M000t
00238 LEU01A0120_001 f 0.00  0.000     0  0.00  0  0   1.625  -6.047   0.519   0.000   0.000   0.000 01O000M000t
00239 ASN01A0121_001 f 0.00  0.000     0  0.00  0  0  -1.396  -3.083   0.706   0.129   0.787   0.000 01O000M000t
00240 ASN01A0121_002 f 0.00  0.000     0  0.00  0  0  -1.381  -2.099   0.705   0.314   0.799   0.000 01R001M000t
00241 TRP01A0122_001 f 0.00  0.000     0  0.00  0  0   2.574  -6.880   0.058   0.000   0.000   0.000 01O000M000t
00242 CYS01A0123_001 f 0.00  0.000     0  0.00  0  0  -0.002  -3.239   0.114   0.006   0.978   0.000 01O000M000t
00243 CYS01A0123_002 f 0.00  0.000     0  0.00  0  0  -0.002  -3.312   0.114  -0.611   0.994   0.000 01O000M000t
00244 CYS01A0123_003 f 0.00  0.000     0  0.00  0  0  -0.003  -3.218   0.114  -0.045   0.994   0.000 01O000M000t
00245 CYS-1A0123_004 f 0.00 -1.000     0  9.10  0 -1   0.000  -3.189   0.114  -2.484  15.061   0.000 -1O000M000t
00246 VAL01A0124_001 f 0.00  0.000     0  0.00  0  0   0.397  -3.051   0.284   0.000   0.000   0.000 01O000M000t
00247 GLN01A0125_001 f 0.00  0.000     0  0.00  0  0   0.419  -3.979   0.623  -2.663   2.340   0.000 01O000M000t
00248 GLN01A0125_002 f 0.00  0.000     0  0.00  0  0   1.159  -2.414   0.622   1.909   1.792   0.000 01R001M000t
00249 ILE01A0126_001 f 0.00  0.000     0  0.00  0  0   2.159  -1.335   0.466   0.000   0.000   0.000 01O000M000t
00250 ALA01A0127_001 f 0.00  0.000     0  0.00  0  0   0.000  -2.377   0.000   0.000   0.000   0.000 01O000M000t
00251 LYS01A0128_001 f 0.00  0.000     0  0.00  0  0  -4.467  -2.623   1.234  -0.012   0.065   0.000 01O000M000t
00252 LYS+1A0128_002 f 0.00  1.000     0 10.40  0  1  -4.510  -2.628   1.234   0.028   0.348   0.000 +1O000M000t
00253 MET01A0130_001 f 0.00  0.000     0  0.00  0  0   0.695  -3.845   0.218  -0.016   0.097   0.000 01O000M000t
00254 ASN01A0131_001 f 0.00  0.000     0  0.00  0  0  -0.791  -4.972   0.985   0.042   0.631   0.000 01O000M000t
00255 ASN01A0131_002 f 0.00  0.000     0  0.00  0  0  -0.949  -4.844   0.969   0.858   0.506   0.000 01R001M000t
00256 TYR01A0132_001 f 0.00  0.000     0  0.00  0  0   1.172  -4.692   0.160  -0.865   1.219   0.000 01O000M000t
00257 TYR01A0132_002 f 0.00  0.000     0  0.00  0  0   1.172  -4.692   0.160   1.515   1.723   0.000 01O000M000t
00258 TYR-1A0132_003 f 0.00 -1.000     0 10.20  0 -1   1.172  -4.692   0.160  -2.288   5.099   0.000 -1O000M000t
00259 LEU01A0133_001 f 0.00  0.000     0  0.00  0  0   1.952  -1.093   0.656   0.000   0.000   0.000 01O000M000t
00260 GLU01A0134_001 f 0.00  0.000     0  0.00  0  0   0.499  -3.414   3.203   0.352   1.271   0.000 01O000M000t
00261 GLU01A0134_002 f 0.00  0.000     0  0.00  0  0   0.499  -3.414   0.483   0.437   1.711   0.000 01O000M000t
00262 GLU02A0134_003 f 0.00  0.000     0  0.00  0  0   0.142  -3.368   3.203  -0.475  -0.007   0.000 02O000M000t
00263 GLU02A0134_004 f 0.00  0.000     0  0.00  0  0   0.142  -3.368   0.483  -0.229   1.590   0.000 02O000M000t
00264 GLU-1A0134_005 f 0.00 -1.000     0  4.75  0 -1   0.125  -3.327   0.483  -1.687   4.106   0.000 -1O000M000t
00265 ASP01A0135_001 f 0.00  0.000     0  0.00  0  0  -2.609   0.841   3.900   0.412  -0.066   0.000 01O000M000t
00266 ASP01A0135_002 f 0.00  0.000     0  0.00  0  0  -2.609   0.841   1.180   0.170   0.678   0.000 01O000M000t
00267 ASP02A0135_003 f 0.00  0.000     0  0.00  0  0  -2.490   0.191   3.900   0.118  -0.337   0.000 02O000M000t
00268 ASP02A0135_004 f 0.00  0.000     0  0.00  0  0  -2.490   0.191   1.180   0.144   0.805   0.000 02O000M000t
00269 ASP-1A0135_005 f 0.00 -1.000     0  4.75  0 -1  -2.513   0.266   1.180  -0.195   0.909   0.000 -1O000M000t
00270 ARG01A0136_001 f 0.00  0.000     0  0.00  0  0   0.871  -3.709   0.786   0.349   1.582   0.000 01O000M000t
00271 ARG02A0136_002 f 0.00  0.000     0  0.00  0  0   0.864  -3.776   0.786  -0.092   2.564   0.000 02O000M000t
00272 ARG03A0136_003 f 0.00  0.000     0  0.00  0  0   0.856  -3.749   0.786  -0.092   2.029   0.000 03O000M000t
00273 ARG+1A0136_004 f 0.00  1.000     0 12.50  0  1   0.813  -3.793   0.786  -2.091   2.374   0.000 +1O000M000t
00274 ARG01A0137_001 f 0.00  0.000     0  0.00  0  0  -4.063  -1.071   0.720  -0.270   0.694   0.000 01O000M000t
00275 ARG02A0137_002 f 0.00  0.000     0  0.00  0  0  -4.019  -1.000   0.720   0.758   1.568   0.000 02O000M000t
00276 ARG03A0137_003 f 0.00  0.000     0  0.00  0  0  -4.086  -1.075   0.720  -0.267   1.575   0.000 03O000M000t
00277 ARG+1A0137_004 f 0.00  1.000     0 12.50  0  1  -4.129  -1.084   0.720  -1.729   0.958   0.000 +1O000M000t
00278 LEU01A0138_001 f 0.00  0.000     0  0.00  0  0   2.315  -3.887   0.913   0.000   0.000   0.000 01O000M000t
00279 VAL01A0139_001 f 0.00  0.000     0  0.00  0  0   0.872  -3.740   0.233   0.000   0.000   0.000 01O000M000t
00280 HIS01A0140_001 f 0.00  0.000     0  0.00  0  0  -0.076   1.331   0.404  -4.755   3.635   0.000 01O000M000t
00281 HIS02A0140_002 f 0.00  0.000     0  0.00  0  0  -0.093  -1.024   0.404   4.676   3.697   0.000 02O000M000t
00282 HIS+1A0140_003 f 0.00  1.000     0  6.98  0  1  -0.120   1.057   0.404   1.496  10.598   0.000 +1O000M000t
00283 ARG01A0141_001 f 0.00  0.000     0  0.00  0  0   1.710  -5.702   1.195  -1.256   3.833   0.000 01O000M000t
00284 ARG02A0141_002 f 0.00  0.000     0  0.00  0  0   1.675  -5.697   1.195  -1.247   4.155   0.000 02O000M000t
00285 ARG03A0141_003 f 0.00  0.000     0  0.00  0  0   1.669  -5.706   1.195  -1.221   3.995   0.000 03O000M000t
00286 ARG03A0141_004 f 0.00  0.000     0  0.00  0  0   1.674  -5.705   1.195  -1.203   4.201   0.000 03O000M000t
00287 ARG+1A0141_005 f 0.00  1.000     0 12.50  0  1   1.629  -5.723   1.195  -2.486   8.241   0.000 +1O000M000t
00288 ASP01A0142_001 f 0.00  0.000     0  0.00  0  0  -0.468   0.172   3.061   0.448   0.944   0.000 01O000M000t
00289 ASP01A0142_002 f 0.00  0.000     0  0.00  0  0  -0.468   0.172   0.341  -0.004   1.997   0.000 01O000M000t
00290 ASP02A0142_003 f 0.00  0.000     0  0.00  0  0  -0.414  -0.226   3.061  -0.010   0.982   0.000 02O000M000t
00291 ASP02A0142_004 f 0.00  0.000     0  0.00  0  0  -0.414  -0.226   0.341  -0.019   1.932   0.000 02O000M000t
00292 ASP-1A0142_005 f 0.00 -1.000     0  4.75  0 -1  -0.471  -0.162   0.341  -0.048   6.720   0.000 -1O000M000t
00293 LEU01A0143_001 f 0.00  0.000     0  0.00  0  0   1.594  -4.188   0.389   0.000   0.000   0.000 01O000M000t
00294 ALA01A0144_001 f 0.00  0.000     0  0.00  0  0   0.000   0.168   0.000   0.000   0.000   0.000 01O000M000t
00295 ALA01A0145_001 f 0.00  0.000     0  0.00  0  0   0.000  -1.869   0.000   0.000   0.000   0.000 01O000M000t
00296 ARG01A0146_001 f 0.00  0.000     0  0.00  0  0  -2.057  -3.125   3.013  -0.221   2.238   0.000 01O000M000t
00297 ARG02A0146_002 f 0.00  0.000     0  0.00  0  0  -2.073  -3.115   3.013   0.117   3.164   0.000 02O000M000t
00298 ARG02A0146_003 f 0.00  0.000     0  0.00  0  0  -1.981  -3.121   3.013  -0.139   3.223   0.000 02O000M000t
00299 ARG03A0146_004 f 0.00  0.000     0  0.00  0  0  -2.081  -3.114   3.013  -0.048   3.210   0.000 03O000M000t
00300 ARG03A0146_005 f 0.00  0.000     0  0.00  0  0  -2.077  -3.121   3.013  -0.214   3.175   0.000 03O000M000t
00301 ARG+1A0146_006 f 0.00  1.000     0 12.50  0  1  -2.120  -3.134   3.013   1.167   3.827   0.000 +1O000M000t
00302 ASN01A0147_001 f 0.00  0.000     0  0.00  0  0  -0.204  21.877   0.305  -3.030   2.068   0.000 01O000M000t
00303 ASN01A0147_002 f 0.00  0.000     0  0.00  0  0  -0.587   5.713   0.303   2.016   2.114   0.000 01R001M000t
00304 VAL01A0148_001 f 0.00  0.000     0  0.00  0  0   0.775  -5.231   0.143   0.000   0.000   0.000 01O000M000t
00305 LEU01A0149_001 f 0.00  0.000     0  0.00  0  0   1.656  -3.798   0.410   0.000   0.000   0.000 01O000M000t
00306 VAL01A0150_001 f 0.00  0.000     0  0.00  0  0   0.557  -3.698   0.056   0.000   0.000   0.000 01O000M000t
00307 LYS01A0151_001 f 0.00  0.000     0  0.00  0  0   0.042  -0.197   4.737  -0.040   0.073   0.000 01O000M000t
00308 LYS+1A0151_002 f 0.00  1.000     0 10.40  0  1  -0.020  -0.201   4.737   0.134   0.519   0.000 +1O000M000t
00309 THR01A0152_001 f 0.00  0.000     0  0.00  0  0  -2.693   0.043   0.482  -0.893   1.721   0.000 01O000M000t
00310 PRO01A0153_001 f 0.00  0.000     0  0.00  0  0  -1.699  -0.881   0.000   0.000   0.000   0.000 01O000M000t
00311 GLN01A0154_001 f 0.00  0.000     0  0.00  0  0  -0.978  -1.164   2.302  -0.604   0.784   0.000 01O000M000t
00312 GLN01A0154_002 f 0.00  0.000     0  0.00  0  0  -1.418  -1.161   2.326   0.686   0.490   0.000 01R001M000t
00313 HIS01A0155_001 f 0.00  0.000     0  0.00  0  0  -3.334  -2.293   0.165  -1.283   2.169   0.000 01O000M000t
00314 HIS02A0155_002 f 0.00  0.000     0  0.00  0  0  -3.354  -2.361   0.165   1.582   2.011   0.000 02O000M000t
00315 HIS+1A0155_003 f 0.00  1.000     0  6.98  0  1  -3.381  -2.305   0.165  -1.565   4.162   0.000 +1O000M000t
00316 VAL01A0156_001 f 0.00  0.000     0  0.00  0  0   0.552  -2.315   0.041   0.000   0.000   0.000 01O000M000t
00317 LYS01A0157_001 f 0.00  0.000     0  0.00  0  0   0.208  -7.237   1.073   0.112   0.592   0.000 01O000M000t
00318 LYS+1A0157_002 f 0.00  1.000     0 10.40  0  1   0.161  -7.258   1.073  -0.330   3.242   0.000 +1O000M000t
00319 ILE01A0158_001 f 0.00  0.000     0  0.00  0  0   4.120  -2.520   0.425   0.000   0.000   0.000 01O000M000t
00320 THR01A0159_001 f 0.00  0.000     0  0.00  0  0   0.211   3.755   0.938   3.257   1.773   0.000 01O000M000t
00321 THR01A0159_002 f 0.00  0.000     0  0.00  0  0   0.211   3.755   0.563  -1.511   1.231   0.000 01O000M000t
00322 ASP01A0160_001 f 0.00  0.000     0  0.00  0  0  -0.400   0.045   4.874   0.397  -0.043   0.000 01O000M000t
00323 ASP01A0160_002 f 0.00  0.000     0  0.00  0  0  -0.400   0.045   2.154   0.083   1.070   0.000 01O000M000t
00324 ASP02A0160_003 f 0.00  0.000     0  0.00  0  0  -0.380   0.017   4.874   0.687   1.177   0.000 02O000M000t
00325 ASP02A0160_004 f 0.00  0.000     0  0.00  0  0  -0.380   0.017   2.154   0.158   1.148   0.000 02O000M000t
00326 ASP-1A0160_005 f 0.00 -1.000     0  4.75  0 -1  -0.441   0.057   2.154  -1.852   3.208   0.000 -1O000M000t
00327 PHE01A0161_001 f 0.00  0.000     0  0.00  0  0   4.375  -6.581   0.063   0.000   0.000   0.000 01O000M000t
00328 LEU01A0163_001 f 0.00  0.000     0  0.00  0  0   0.611  -0.358   0.736   0.000   0.000   0.000 01O000M000t
00329 ALA01A0164_001 f 0.00  0.000     0  0.00  0  0   0.000  -2.330   0.000   0.000   0.000   0.000 01O000M000t
00330 LYS01A0165_001 f 0.00  0.000     0  0.00  0  0  -2.749  -3.839   1.240  -0.564   0.662   0.000 01O000M000t
00331 LYS+1A0165_002 f 0.00  1.000     0 10.40  0  1  -2.811  -3.880   1.240  -2.325   4.016   0.000 +1O000M000t
00332 LEU01A0166_001 f 0.00  0.000     0  0.00  0  0  -0.589   4.096   0.711   0.000   0.000   0.000 01O000M000t
00333 LEU01A0167_001 f 0.00  0.000     0  0.00  0  0   1.462  -7.193   0.491   0.000   0.000   0.000 01O000M000t
00334 ALA01A0169_001 f 0.00  0.000     0  0.00  0  0  -1.613  -0.491   0.000   0.000   0.000   0.000 01O000M000t
00335 GLU01A0170_001 f 0.00  0.000     0  0.00  0  0  -3.328  -1.239   3.716   0.375  -0.007   0.000 01O000M000t
00336 GLU01A0170_002 f 0.00  0.000     0  0.00  0  0  -3.328  -1.239   0.996   0.070   0.366   0.000 01O000M000t
00337 GLU02A0170_003 f 0.00  0.000     0  0.00  0  0  -3.396  -1.241   3.716   0.175  -0.435   0.000 02O000M000t
00338 GLU02A0170_004 f 0.00  0.000     0  0.00  0  0  -3.396  -1.241   0.996   0.091   0.624   0.000 02O000M000t
00339 GLU-1A0170_005 f 0.00 -1.000     0  4.75  0 -1  -3.437  -1.208   0.996  -0.018   0.412   0.000 -1O000M000t
00340 GLU01A0171_001 f 0.00  0.000     0  0.00  0  0  -1.454  -5.141   4.590   0.358   0.150   0.000 01O000M000t
00341 GLU01A0171_002 f 0.00  0.000     0  0.00  0  0  -1.454  -5.141   1.870   0.132   0.999   0.000 01O000M000t
00342 GLU02A0171_003 f 0.00  0.000     0  0.00  0  0  -1.313  -5.140   4.590   0.695   1.294   0.000 02O000M000t
00343 GLU02A0171_004 f 0.00  0.000     0  0.00  0  0  -1.313  -5.140   1.870   0.246   0.824   0.000 02O000M000t
00344 GLU-1A0171_005 f 0.00 -1.000     0  4.75  0 -1  -1.450  -5.071   1.870  -1.478   2.533   0.000 -1O000M000t
00345 LYS01A0172_001 f 0.00  0.000     0  0.00  0  0  -7.810  -0.194   0.819  -0.014   0.115   0.000 01O000M000t
00346 LYS+1A0172_002 f 0.00  1.000     0 10.40  0  1  -7.873  -0.201   0.819   0.373   0.473   0.000 +1O000M000t
00347 GLU01A0173_001 f 0.00  0.000     0  0.00  0  0  -0.218  -1.858   3.640   0.323   0.734   0.000 01O000M000t
00348 GLU01A0173_002 f 0.00  0.000     0  0.00  0  0  -0.218  -1.858   0.920   0.151   0.777   0.000 01O000M000t
00349 GLU02A0173_003 f 0.00  0.000     0  0.00  0  0  -0.474  -1.846   3.640   0.181   0.911   0.000 02O000M000t
00350 GLU02A0173_004 f 0.00  0.000     0  0.00  0  0  -0.474  -1.846   0.920   0.091   0.887   0.000 02O000M000t
00351 GLU-1A0173_005 f 0.00 -1.000     0  4.75  0 -1  -0.491  -1.810   0.920  -0.736   2.374   0.000 -1O000M000t
00352 TYR01A0174_001 f 0.00  0.000     0  0.00  0  0   1.910  -6.336   0.256  -0.063   1.504   0.000 01O000M000t
00353 TYR01A0174_002 f 0.00  0.000     0  0.00  0  0   1.910  -6.336   0.256   0.502   1.967   0.000 01O000M000t
00354 TYR-1A0174_003 f 0.00 -1.000     0 10.20  0 -1   1.910  -6.336   0.256  -0.394   6.138   0.000 -1O000M000t
00355 HIS01A0175_001 f 0.00  0.000     0  0.00  0  0  -7.184  -2.315   0.194   0.461   1.192   0.000 01O000M000t
00356 HIS01A0175_002 f 0.00  0.000     0  0.00  0  0  -6.193  -2.339   0.194   0.206   0.681   0.000 01R001M000t
00357 HIS02A0175_003 f 0.00  0.000     0  0.00  0  0  -7.205  -2.314   0.194   0.177   0.933   0.000 02O000M000t
00358 HIS02A0175_004 f 0.00  0.000     0  0.00  0  0  -6.204  -2.424   0.194   0.225   1.084   0.000 02R001M000t
00359 HIS+1A0175_005 f 0.00  1.000     0  6.98  0  1  -7.232  -2.338   0.194   0.532   0.617   0.000 +1O000M000t
00360 HIS+1A0175_006 f 0.00  1.000     0  6.98  0  1  -6.230  -2.432   0.194   0.592   0.867   0.000 +1R001M000t
00361 ALA01A0176_001 f 0.00  0.000     0  0.00  0  0   0.000   0.632   0.000   0.000   0.000   0.000 01O000M000t
00362 GLU01A0177_001 f 0.00  0.000     0  0.00  0  0  -1.551  49.570   3.443   0.769   0.090   0.000 01O000M000t
00363 GLU01A0177_002 f 0.00  0.000     0  0.00  0  0  -1.551  49.570   0.723   0.453   1.582   0.000 01O000M000t
00364 GLU02A0177_003 f 0.00  0.000     0  0.00  0  0  -1.492  49.635   3.443   0.137   0.078   0.000 02O000M000t
00365 GLU02A0177_004 f 0.00  0.000     0  0.00  0  0  -1.492  49.635   0.723   0.408   1.491   0.000 02O000M000t
00366 GLU-1A0177_005 f 0.00 -1.000     0  4.75  0 -1  -1.622  49.626   0.723  -1.675   2.949   0.000 -1O000M000t
00367 LYS01A0180_001 f 0.00  0.000     0  0.00  0  0  -4.365  -0.974   1.063  -0.047   0.100   0.000 01O000M000t
00368 LYS+1A0180_002 f 0.00  1.000     0 10.40  0  1  -4.411  -0.978   1.063  -0.026   1.231   0.000 +1O000M000t
00369 VAL01A0181_001 f 0.00  0.000     0  0.00  0  0   0.492  -0.036   0.258   0.000   0.000   0.000 01O000M000t
00370 PRO01A0182_001 f 0.00  0.000     0  0.00  0  0  -1.224   0.143   0.000   0.000   0.000   0.000 01O000M000t
00371 ILE01A0183_001 f 0.00  0.000     0  0.00  0  0  -1.815   1.891   0.848   0.000   0.000   0.000 01O000M000t
00372 LYS01A0184_001 f 0.00  0.000     0  0.00  0  0  -1.146   3.135   0.946   0.051   0.582   0.000 01O000M000t
00373 LYS+1A0184_002 f 0.00  1.000     0 10.40  0  1  -1.193   3.068   0.946  -4.403   3.583   0.000 +1O000M000t
00374 TRP01A0185_001 f 0.00  0.000     0  0.00  0  0   0.523  -7.978   0.725   0.000   0.000   0.000 01O000M000t
00375 MET01A0186_001 f 0.00  0.000     0  0.00  0  0  -0.378  -0.457   2.075   0.022   0.079   0.000 01O000M000t
00376 ALA01A0187_001 f 0.00  0.000     0  0.00  0  0   0.000  -1.804   0.000   0.000   0.000   0.000 01O000M000t
00377 LEU01A0188_001 f 0.00  0.000     0  0.00  0  0   0.532  -3.083   0.572   0.000   0.000   0.000 01O000M000t
00378 GLU01A0189_001 f 0.00  0.000     0  0.00  0  0   1.154  -2.240   4.145   2.122   1.668   0.000 01O000M000t
00379 GLU01A0189_002 f 0.00  0.000     0  0.00  0  0   1.154  -2.240   1.425  -0.307   2.736   0.000 01O000M000t
00380 GLU02A0189_003 f 0.00  0.000     0  0.00  0  0   0.861  -2.954   4.145  -0.692   1.562   0.000 02O000M000t
00381 GLU02A0189_004 f 0.00  0.000     0  0.00  0  0   0.861  -2.954   1.425  -1.024   2.558   0.000 02O000M000t
00382 GLU-1A0189_005 f 0.00 -1.000     0  4.75  0 -1   0.798  -2.835   1.425  -5.123   8.349   0.000 -1O000M000t
00383 SER01A0190_001 f 0.00  0.000     0  0.00  0  0   0.000  -2.397   0.486  -2.514   1.789   0.000 01O000M000t
00384 SER01A0190_002 f 0.00  0.000     0  0.00  0  0   0.000  -2.397   0.486   0.976   1.859   0.000 01O000M000t
00385 SER01A0190_003 f 0.00  0.000     0  0.00  0  0   0.000  -2.397   0.112   0.194   1.261   0.000 01O000M000t
00386 ILE01A0191_001 f 0.00  0.000     0  0.00  0  0   2.495  -1.766   0.413   0.000   0.000   0.000 01O000M000t
00387 LEU01A0192_001 f 0.00  0.000     0  0.00  0  0  -1.526  -1.144   1.349   0.000   0.000   0.000 01O000M000t
00388 HIS01A0193_001 f 0.00  0.000     0  0.00  0  0  -7.210   4.248   0.034   0.215   1.223   0.000 01O000M000t
00389 HIS02A0193_002 f 0.00  0.000     0  0.00  0  0  -7.223   5.187   0.034  -0.288   0.963   0.000 02O000M000t
00390 HIS+1A0193_003 f 0.00  1.000     0  6.98  0  1  -7.250   5.182   0.034   0.182   1.446   0.000 +1O000M000t
00391 ARG01A0194_001 f 0.00  0.000     0  0.00  0  0  -7.003  -2.226   0.691   0.300  -0.088   0.000 01O000M000t
00392 ARG02A0194_002 f 0.00  0.000     0  0.00  0  0  -6.975  -2.218   0.691   0.431   0.976   0.000 02O000M000t
00393 ARG03A0194_003 f 0.00  0.000     0  0.00  0  0  -7.037  -2.236   0.691   0.299   1.010   0.000 03O000M000t
00394 ARG+1A0194_004 f 0.00  1.000     0 12.50  0  1  -7.080  -2.245   0.691  -0.435   0.038   0.000 +1O000M000t
00395 ILE01A0195_001 f 0.00  0.000     0  0.00  0  0   3.106  -1.522   0.604   0.000   0.000   0.000 01O000M000t
00396 TYR01A0196_001 f 0.00  0.000     0  0.00  0  0   4.093  -5.949   0.042   0.273   1.933   0.000 01O000M000t
00397 TYR-1A0196_002 f 0.00 -1.000     0 10.20  0 -1   4.093  -5.949   0.042   0.156   8.661   0.000 -1O000M000t
00398 THR01A0197_001 f 0.00  0.000     0  0.00  0  0  -0.976  -0.235   0.591  -0.632   1.364   0.000 01O000M000t
00399 THR01A0197_002 f 0.00  0.000     0  0.00  0  0  -0.976  -0.235   0.216  -1.848   0.598   0.000 01O000M000t
00400 HIS01A0198_001 f 0.00  0.000     0  0.00  0  0  -1.938  -7.019   0.057   0.121   2.468   0.000 01O000M000t
00401 HIS01A0198_002 f 0.00  0.000     0  0.00  0  0  -1.547  -7.024   0.057   0.763   2.394   0.000 01R001M000t
00402 HIS02A0198_003 f 0.00  0.000     0  0.00  0  0  -1.953  -7.084   0.057   0.667   1.944   0.000 02O000M000t
00403 HIS02A0198_004 f 0.00  0.000     0  0.00  0  0  -1.561  -6.850   0.057   0.196   2.479   0.000 02R001M000t
00404 HIS+1A0198_005 f 0.00  1.000     0  6.98  0  1  -1.980  -7.141   0.057   1.768   4.377   0.000 +1O000M000t
00405 HIS+1A0198_006 f 0.00  1.000     0  6.98  0  1  -1.587  -7.043   0.057   1.898   4.840   0.000 +1R001M000t
00406 GLN01A0199_001 f 0.00  0.000     0  0.00  0  0   0.114  -6.336   1.381  -2.541   2.499   0.000 01O000M000t
00407 GLN01A0199_002 f 0.00  0.000     0  0.00  0  0   0.020  -6.388   1.355   1.932   2.211   0.000 01R001M000t
00408 SER01A0200_001 f 0.00  0.000     0  0.00  0  0  -0.060  -0.847   0.387  -0.821   1.059   0.000 01O000M000t
00409 SER01A0200_002 f 0.00  0.000     0  0.00  0  0  -0.060  -0.847   0.387  -0.096   1.507   0.000 01O000M000t
00410 ASP01A0201_001 f 0.00  0.000     0  0.00  0  0   0.020   2.541   3.884  -0.992   1.719   0.000 01O000M000t
00411 ASP01A0201_002 f 0.00  0.000     0  0.00  0  0   0.020   2.541   1.164   1.405   2.480   0.000 01O000M000t
00412 ASP02A0201_003 f 0.00  0.000     0  0.00  0  0   0.075   2.204   3.884  -1.162   1.522   0.000 02O000M000t
00413 ASP02A0201_004 f 0.00  0.000     0  0.00  0  0   0.075   2.204   1.164   1.248   2.654   0.000 02O000M000t
00414 ASP-1A0201_005 f 0.00 -1.000     0  4.75  0 -1   0.017   2.079   1.164  -6.016  11.266   0.000 -1O000M000t
00415 VAL01A0202_001 f 0.00  0.000     0  0.00  0  0   0.495  -2.867   0.023   0.000   0.000   0.000 01O000M000t
00416 TRP01A0203_001 f 0.00  0.000     0  0.00  0  0   3.001 -12.551   0.018   0.000   0.000   0.000 01O000M000t
00417 SER01A0204_001 f 0.00  0.000     0  0.00  0  0  -0.241  -0.760   0.651  -2.901   1.020   0.000 01O000M000t
00418 SER01A0204_002 f 0.00  0.000     0  0.00  0  0  -0.241  -0.760   0.651   0.612   1.245   0.000 01O000M000t
00419 TYR01A0205_001 f 0.00  0.000     0  0.00  0  0   3.858  -2.566   0.067  -1.563   2.615   0.000 01O000M000t
00420 TYR01A0205_002 f 0.00  0.000     0  0.00  0  0   3.858  -2.566   0.067   0.885   2.586   0.000 01O000M000t
00421 TYR-1A0205_003 f 0.00 -1.000     0 10.20  0 -1   3.858  -2.566   0.067   0.230  14.830   0.000 -1O000M000t
00422 VAL01A0207_001 f 0.00  0.000     0  0.00  0  0   0.672  -1.438   0.005   0.000   0.000   0.000 01O000M000t
00423 THR01A0208_001 f 0.00  0.000     0  0.00  0  0   0.219  -2.069   0.414   1.087   1.975   0.000 01O000M000t
00424 THR01A0208_002 f 0.00  0.000     0  0.00  0  0   0.219  -2.069   0.414  -2.678   1.987   0.000 01O000M000t
00425 THR01A0208_003 f 0.00  0.000     0  0.00  0  0   0.219  -2.069   0.039  -0.028   1.988   0.000 01O000M000t
00426 VAL01A0209_001 f 0.00  0.000     0  0.00  0  0   0.652   1.778   0.472   0.000   0.000   0.000 01O000M000t
00427 TRP01A0210_001 f 0.00  0.000     0  0.00  0  0   1.938  -8.170   0.218   0.000   0.000   0.000 01O000M000t
00428 GLU01A0211_001 f 0.00  0.000     0  0.00  0  0   0.618  -6.720   4.043  -1.178   2.290   0.000 01O000M000t
00429 GLU01A0211_002 f 0.00  0.000     0  0.00  0  0   0.618  -6.720   1.323  -0.103   2.519   0.000 01O000M000t
00430 GLU02A0211_003 f 0.00  0.000     0  0.00  0  0   0.648  -6.586   4.043  -0.982   2.380   0.000 02O000M000t
00431 GLU02A0211_004 f 0.00  0.000     0  0.00  0  0   0.648  -6.586   1.323   1.230   2.599   0.000 02O000M000t
00432 GLU-1A0211_005 f 0.00 -1.000     0  4.75  0 -1   0.527  -6.614   1.323  -5.072  10.971   0.000 -1O000M000t
00433 LEU01A0212_001 f 0.00  0.000     0  0.00  0  0   1.857  -1.391   0.428   0.000   0.000   0.000 01O000M000t
00434 MET01A0213_001 f 0.00  0.000     0  0.00  0  0  -0.148  -3.972   0.358  -0.011   0.099   0.000 01O000M000t
00435 THR01A0214_001 f 0.00  0.000     0  0.00  0  0  -0.211  -1.800   0.399  -1.842   1.949   0.000 01O000M000t
00436 THR01A0214_002 f 0.00  0.000     0  0.00  0  0  -0.211  -1.800   0.024  -0.643   1.948   0.000 01O000M000t
00437 PHE01A0215_001 f 0.00  0.000     0  0.00  0  0   2.665  -5.018   0.001   0.000   0.000   0.000 01O000M000t
00438 SER01A0217_001 f 0.00  0.000     0  0.00  0  0  -2.238  -1.740   0.386  -0.391  -0.014   0.000 01O000M000t
00439 LYS01A0218_001 f 0.00  0.000     0  0.00  0  0  -6.803  -1.223   1.180  -0.015   0.133   0.000 01O000M000t
00440 LYS+1A0218_002 f 0.00  1.000     0 10.40  0  1  -6.845  -1.229   1.180  -0.062   0.465   0.000 +1O000M000t
00441 PRO01A0219_001 f 0.00  0.000     0  0.00  0  0   0.218  -0.025   0.000   0.000   0.000   0.000 01O000M000t
00442 TYR01A0220_001 f 0.00  0.000     0  0.00  0  0   3.761  -1.196   0.777  -0.027   1.886   0.000 01O000M000t
00443 TYR-1A0220_002 f 0.00 -1.000     0 10.20  0 -1   3.761  -1.196   0.777   0.801   9.480   0.000 -1O000M000t
00444 ASP01A0221_001 f 0.00  0.000     0  0.00  0  0  -2.386  -1.777   3.644   0.521   0.650   0.000 01O000M000t
00445 ASP01A0221_002 f 0.00  0.000     0  0.00  0  0  -2.386  -1.777   0.924   0.290   0.760   0.000 01O000M000t
00446 ASP02A0221_003 f 0.00  0.000     0  0.00  0  0  -2.323  -1.772   3.644   0.650  -0.280   0.000 02O000M000t
00447 ASP02A0221_004 f 0.00  0.000     0  0.00  0  0  -2.323  -1.772   0.924   0.291   1.074   0.000 02O000M000t
00448 ASP-1A0221_005 f 0.00 -1.000     0  4.75  0 -1  -2.322  -1.790   0.924  -0.369   1.277   0.000 -1O000M000t
00449 ILE01A0223_001 f 0.00  0.000     0  0.00  0  0   1.100  -0.413   0.491   0.000   0.000   0.000 01O000M000t
00450 PRO01A0224_001 f 0.00  0.000     0  0.00  0  0  -4.352   1.977   0.000   0.000   0.000   0.000 01O000M000t
00451 ALA01A0225_001 f 0.00  0.000     0  0.00  0  0  -2.318  -0.452   0.000   0.000   0.000   0.000 01O000M000t
00452 SER01A0226_001 f 0.00  0.000     0  0.00  0  0  -4.560  -0.618   0.439  -0.374  -0.259   0.000 01O000M000t
00453 SER01A0226_002 f 0.00  0.000     0  0.00  0  0  -4.560  -0.618   0.064  -0.459  -0.312   0.000 01O000M000t
00454 GLU01A0227_001 f 0.00  0.000     0  0.00  0  0  -1.465  -2.751   3.373   0.678   1.169   0.000 01O000M000t
00455 GLU01A0227_002 f 0.00  0.000     0  0.00  0  0  -1.465  -2.751   0.653   0.032   0.825   0.000 01O000M000t
00456 GLU02A0227_003 f 0.00  0.000     0  0.00  0  0  -1.732  -2.712   3.373  -0.059  -0.320   0.000 02O000M000t
00457 GLU02A0227_004 f 0.00  0.000     0  0.00  0  0  -1.732  -2.712   0.653  -0.068   0.982   0.000 02O000M000t
00458 GLU-1A0227_005 f 0.00 -1.000     0  4.75  0 -1  -1.703  -2.688   0.653  -0.679   1.299   0.000 -1O000M000t
00459 ILE01A0228_001 f 0.00  0.000     0  0.00  0  0   1.658  -1.177   0.436   0.000   0.000   0.000 01O000M000t
00460 SER01A0229_001 f 0.00  0.000     0  0.00  0  0  -1.080  -1.300   0.380  -0.178   1.347   0.000 01O000M000t
00461 SER01A0229_002 f 0.00  0.000     0  0.00  0  0  -1.080  -1.300   0.380  -0.375   1.605   0.000 01O000M000t
00462 SER01A0230_001 f 0.00  0.000     0  0.00  0  0  -3.355  -1.446   0.470  -0.244  -0.072   0.000 01O000M000t
00463 SER01A0230_002 f 0.00  0.000     0  0.00  0  0  -3.355  -1.446   0.470  -0.051   0.157   0.000 01O000M000t
00464 ILE01A0231_001 f 0.00  0.000     0  0.00  0  0   0.988   8.899   1.029   0.000   0.000   0.000 01O000M000t
00465 LEU01A0232_001 f 0.00  0.000     0  0.00  0  0   1.748  -3.559   0.560   0.000   0.000   0.000 01O000M000t
00466 GLU01A0233_001 f 0.00  0.000     0  0.00  0  0  -1.982  15.005   4.006  -0.082  -0.092   0.000 01O000M000t
00467 GLU01A0233_002 f 0.00  0.000     0  0.00  0  0  -1.982  15.005   1.286  -0.070   1.041   0.000 01O000M000t
00468 GLU02A0233_003 f 0.00  0.000     0  0.00  0  0  -2.080  15.025   4.006  -0.292   1.173   0.000 02O000M000t
00469 GLU02A0233_004 f 0.00  0.000     0  0.00  0  0  -2.080  15.025   1.286  -0.065   0.819   0.000 02O000M000t
00470 GLU-1A0233_005 f 0.00 -1.000     0  4.75  0 -1  -2.031  15.040   1.286   0.203   1.619   0.000 -1O000M000t
00471 LYS01A0234_001 f 0.00  0.000     0  0.00  0  0  -7.290  -2.732   1.565  -0.004   0.017   0.000 01O000M000t
00472 LYS+1A0234_002 f 0.00  1.000     0 10.40  0  1  -7.349  -2.736   1.565  -0.017  -0.049   0.000 +1O000M000t
00473 GLU01A0236_001 f 0.00  0.000     0  0.00  0  0   1.299  -2.545   3.362   0.008   0.458   0.000 01O000M000t
00474 GLU01A0236_002 f 0.00  0.000     0  0.00  0  0   1.299  -2.545   0.642   0.058   0.789   0.000 01O000M000t
00475 GLU02A0236_003 f 0.00  0.000     0  0.00  0  0   0.544  -2.519   3.362   0.085  -0.234   0.000 02O000M000t
00476 GLU02A0236_004 f 0.00  0.000     0  0.00  0  0   0.544  -2.519   0.642   0.081   0.787   0.000 02O000M000t
00477 GLU-1A0236_005 f 0.00 -1.000     0  4.75  0 -1   0.471  -2.488   0.642  -0.287   1.231   0.000 -1O000M000t
00478 ARG01A0237_001 f 0.00  0.000     0  0.00  0  0  -0.168  -0.190   0.734  -1.984   3.091   0.000 01O000M000t
00479 ARG02A0237_002 f 0.00  0.000     0  0.00  0  0  -0.183  -0.109   0.734  -2.562   3.761   0.000 02O000M000t
00480 ARG02A0237_003 f 0.00  0.000     0  0.00  0  0  -0.093  -1.634   0.734  -0.055   3.605   0.000 02O000M000t
00481 ARG03A0237_004 f 0.00  0.000     0  0.00  0  0  -0.190  -0.259   0.734  -3.229   3.635   0.000 03O000M000t
00482 ARG+1A0237_005 f 0.00  1.000     0 12.50  0  1  -0.230  -0.295   0.734  -7.164   6.743   0.000 +1O000M000t
00483 LEU01A0238_001 f 0.00  0.000     0  0.00  0  0   1.549  -1.014   0.738   0.000   0.000   0.000 01O000M000t
00484 PRO01A0239_001 f 0.00  0.000     0  0.00  0  0  -4.926  -0.519   0.000   0.000   0.000   0.000 01O000M000t
00485 GLN01A0240_001 f 0.00  0.000     0  0.00  0  0  -1.182  -4.115   0.580  -0.897   0.997   0.000 01O000M000t
00486 GLN01A0240_002 f 0.00  0.000     0  0.00  0  0  -0.952  -4.523   0.580   0.486   0.814   0.000 01R001M000t
00487 PRO01A0241_001 f 0.00  0.000     0  0.00  0  0   0.290  -1.661   0.000   0.000   0.000   0.000 01O000M000t
00488 PRO01A0242_001 f 0.00  0.000     0  0.00  0  0  -6.218   2.832   0.000   0.000   0.000   0.000 01O000M000t
00489 ILE01A0243_001 f 0.00  0.000     0  0.00  0  0   1.792  -0.029   0.801   0.000   0.000   0.000 01O000M000t
00490 CYS01A0244_001 f 0.00  0.000     0  0.00  0  0  -0.002  -1.561   0.497  -0.110   0.990   0.000 01O000M000t
00491 CYS01A0244_002 f 0.00  0.000     0  0.00  0  0  -0.002  -1.590   0.497   0.005   0.987   0.000 01O000M000t
00492 CYS01A0244_003 f 0.00  0.000     0  0.00  0  0  -0.003  -1.557   0.497  -0.180   0.990   0.000 01O000M000t
00493 CYS-1A0244_004 f 0.00 -1.000     0  9.10  0 -1   0.000  -1.517   0.497  -4.563  13.717   0.000 -1O000M000t
00494 THR01A0245_001 f 0.00  0.000     0  0.00  0  0  -1.146   0.248   0.464  -2.153   1.930   0.000 01O000M000t
00495 THR01A0245_002 f 0.00  0.000     0  0.00  0  0  -1.146   0.248   0.089  -0.924   1.789   0.000 01O000M000t
00496 ILE01A0246_001 f 0.00  0.000     0  0.00  0  0  -5.228   2.251   0.559   0.000   0.000   0.000 01O000M000t
00497 ASP01A0247_001 f 0.00  0.000     0  0.00  0  0  -1.535  -1.486   3.775   2.294   0.754   0.000 01O000M000t
00498 ASP01A0247_002 f 0.00  0.000     0  0.00  0  0  -1.535  -1.486   1.055   0.251   0.595   0.000 01O000M000t
00499 ASP02A0247_003 f 0.00  0.000     0  0.00  0  0  -1.533  -1.561   3.775   0.214  -0.189   0.000 02O000M000t
00500 ASP02A0247_004 f 0.00  0.000     0  0.00  0  0  -1.533  -1.561   1.055   0.050   0.798   0.000 02O000M000t
00501 ASP-1A0247_005 f 0.00 -1.000     0  4.75  0 -1  -1.601  -1.539   1.055  -1.538   1.279   0.000 -1O000M000t
00502 VAL01A0248_001 f 0.00  0.000     0  0.00  0  0   0.680  -0.942   0.293   0.000   0.000   0.000 01O000M000t
00503 TYR01A0249_001 f 0.00  0.000     0  0.00  0  0   2.074  -7.620   0.017  -1.320   1.892   0.000 01O000M000t
00504 TYR01A0249_002 f 0.00  0.000     0  0.00  0  0   2.074  -7.620   0.017   0.908   1.153   0.000 01O000M000t
00505 TYR-1A0249_003 f 0.00 -1.000     0 10.20  0 -1   2.074  -7.620   0.017   1.029   5.023   0.000 -1O000M000t
00506 MET01A0250_001 f 0.00  0.000     0  0.00  0  0  -3.640  -1.744   4.469   0.021   0.054   0.000 01O000M000t
00507 ILE01A0251_001 f 0.00  0.000     0  0.00  0  0   4.621  -0.120   0.575   0.000   0.000   0.000 01O000M000t
00508 MET01A0252_001 f 0.00  0.000     0  0.00  0  0   4.452  -6.830   1.127  -0.018   0.098   0.000 01O000M000t
00509 VAL01A0253_001 f 0.00  0.000     0  0.00  0  0  -1.718   1.179   0.181   0.000   0.000   0.000 01O000M000t
00510 LYS01A0254_001 f 0.00  0.000     0  0.00  0  0  -3.956   1.653   1.097   0.080  -0.151   0.000 01O000M000t
00511 LYS+1A0254_002 f 0.00  1.000     0 10.40  0  1  -4.003   1.646   1.097  -0.255   0.425   0.000 +1O000M000t
00512 CYS01A0255_001 f 0.00  0.000     0  0.00  0  0  -0.002  -5.534   0.014   0.080   0.936   0.000 01O000M000t
00513 CYS01A0255_002 f 0.00  0.000     0  0.00  0  0  -0.002  -5.626   0.014  -0.607   0.895   0.000 01O000M000t
00514 CYS01A0255_003 f 0.00  0.000     0  0.00  0  0  -0.003  -5.555   0.014   0.162   0.632   0.000 01O000M000t
00515 CYS-1A0255_004 f 0.00 -1.000     0  9.10  0 -1   0.000  -5.482   0.014  -0.114  12.410   0.000 -1O000M000t
00516 TRP01A0256_001 f 0.00  0.000     0  0.00  0  0   2.239 -10.880   0.025   0.000   0.000   0.000 01O000M000t
00517 MET01A0257_001 f 0.00  0.000     0  0.00  0  0  -4.306  -2.272   1.749  -0.031   0.053   0.000 01O000M000t
00518 ILE01A0258_001 f 0.00  0.000     0  0.00  0  0  -5.173   3.063   2.238   0.000   0.000   0.000 01O000M000t
00519 ASP01A0259_001 f 0.00  0.000     0  0.00  0  0  -2.421  -2.716   3.527   0.412  -0.208   0.000 01O000M000t
00520 ASP01A0259_002 f 0.00  0.000     0  0.00  0  0  -2.421  -2.716   0.807   0.176   0.632   0.000 01O000M000t
00521 ASP02A0259_003 f 0.00  0.000     0  0.00  0  0  -2.370  -2.860   3.527   0.638   0.689   0.000 02O000M000t
00522 ASP02A0259_004 f 0.00  0.000     0  0.00  0  0  -2.370  -2.860   0.807   0.311   0.894   0.000 02O000M000t
00523 ASP-1A0259_005 f 0.00 -1.000     0  4.75  0 -1  -2.380  -2.781   0.807  -1.641   1.601   0.000 -1O000M000t
00524 ALA01A0260_001 f 0.00  0.000     0  0.00  0  0  -1.252  -1.072   0.000   0.000   0.000   0.000 01O000M000t
00525 ASP01A0261_001 f 0.00  0.000     0  0.00  0  0  -3.015  -0.849   3.236   0.451  -0.372   0.000 01O000M000t
00526 ASP01A0261_002 f 0.00  0.000     0  0.00  0  0  -3.015  -0.849   0.516   0.297   0.346   0.000 01O000M000t
00527 ASP02A0261_003 f 0.00  0.000     0  0.00  0  0  -2.774  -1.042   3.236   0.409  -0.664   0.000 02O000M000t
00528 ASP02A0261_004 f 0.00  0.000     0  0.00  0  0  -2.774  -1.042   0.516   0.313   0.483   0.000 02O000M000t
00529 ASP-1A0261_005 f 0.00 -1.000     0  4.75  0 -1  -2.830  -1.005   0.516  -0.797   0.217   0.000 -1O000M000t
00530 SER01A0262_001 f 0.00  0.000     0  0.00  0  0  -1.842  -0.383   0.862  -0.269  -0.106   0.000 01O000M000t
00531 SER01A0262_002 f 0.00  0.000     0  0.00  0  0  -1.842  -0.383   0.862   0.065   0.647   0.000 01O000M000t
00532 SER01A0262_003 f 0.00  0.000     0  0.00  0  0  -1.842  -0.383   0.487  -0.256   0.095   0.000 01O000M000t
00533 ARG01A0263_001 f 0.00  0.000     0  0.00  0  0   1.917  -8.638   0.747   0.816   4.397   0.000 01O000M000t
00534 ARG02A0263_002 f 0.00  0.000     0  0.00  0  0   1.877  -8.649   0.747  -2.539   4.884   0.000 02O000M000t
00535 ARG02A0263_003 f 0.00  0.000     0  0.00  0  0   1.937  -8.584   0.747  -0.393   4.880   0.000 02O000M000t
00536 ARG03A0263_004 f 0.00  0.000     0  0.00  0  0   1.872  -8.664   0.747  -2.827   4.790   0.000 03O000M000t
00537 ARG03A0263_005 f 0.00  0.000     0  0.00  0  0   1.878  -8.591   0.747   0.469   4.782   0.000 03O000M000t
00538 ARG+1A0263_006 f 0.00  1.000     0 12.50  0  1   1.833  -8.719   0.747  -6.885  10.746   0.000 +1O000M000t
00539 PRO01A0264_001 f 0.00  0.000     0  0.00  0  0  -0.267  -3.475   0.000   0.000   0.000   0.000 01O000M000t
00540 LYS01A0265_001 f 0.00  0.000     0  0.00  0  0  -5.009  -2.283   1.029  -0.098   0.224   0.000 01O000M000t
00541 LYS+1A0265_002 f 0.00  1.000     0 10.40  0  1  -5.088  -2.292   1.029  -0.010   0.797   0.000 +1O000M000t
00542 PHE01A0266_001 f 0.00  0.000     0  0.00  0  0   4.151  -9.418   0.491   0.000   0.000   0.000 01O000M000t
00543 ARG01A0267_001 f 0.00  0.000     0  0.00  0  0  -5.602  -2.354   0.587   0.064   0.521   0.000 01O000M000t
00544 ARG02A0267_002 f 0.00  0.000     0  0.00  0  0  -5.643  -2.358   0.587   0.045   1.661   0.000 02O000M000t
00545 ARG03A0267_003 f 0.00  0.000     0  0.00  0  0  -5.642  -2.356   0.587   0.051   1.473   0.000 03O000M000t
00546 ARG+1A0267_004 f 0.00  1.000     0 12.50  0  1  -5.688  -2.361   0.587   0.656   0.498   0.000 +1O000M000t
00547 GLU01A0268_001 f 0.00  0.000     0  0.00  0  0   4.182  -2.244   4.035   1.626   1.240   0.000 01O000M000t
00548 GLU01A0268_002 f 0.00  0.000     0  0.00  0  0   4.182  -2.244   1.315  -0.240   1.181   0.000 01O000M000t
00549 GLU02A0268_003 f 0.00  0.000     0  0.00  0  0   2.724  -2.627   4.035  -1.030   0.096   0.000 02O000M000t
00550 GLU02A0268_004 f 0.00  0.000     0  0.00  0  0   2.724  -2.627   1.315  -1.108   1.148   0.000 02O000M000t
00551 GLU-1A0268_005 f 0.00 -1.000     0  4.75  0 -1   2.796  -2.588   1.315  -2.685   2.588   0.000 -1O000M000t
00552 LEU01A0269_001 f 0.00  0.000     0  0.00  0  0   2.233  -2.865   1.568   0.000   0.000   0.000 01O000M000t
00553 ILE01A0270_001 f 0.00  0.000     0  0.00  0  0   0.570   0.500   0.456   0.000   0.000   0.000 01O000M000t
00554 ILE01A0271_001 f 0.00  0.000     0  0.00  0  0  -2.336  -1.525   0.543   0.000   0.000   0.000 01O000M000t
00555 GLU01A0272_001 f 0.00  0.000     0  0.00  0  0  -1.068  -2.064   4.523   0.266  -0.102   0.000 01O000M000t
00556 GLU01A0272_002 f 0.00  0.000     0  0.00  0  0  -1.068  -2.064   1.803   0.090   1.089   0.000 01O000M000t
00557 GLU02A0272_003 f 0.00  0.000     0  0.00  0  0  -1.143  -2.059   4.523   0.327   0.289   0.000 02O000M000t
00558 GLU02A0272_004 f 0.00  0.000     0  0.00  0  0  -1.143  -2.059   1.803   0.162   1.241   0.000 02O000M000t
00559 GLU-1A0272_005 f 0.00 -1.000     0  4.75  0 -1  -1.174  -2.046   1.803  -0.527   2.307   0.000 -1O000M000t
00560 PHE01A0273_001 f 0.00  0.000     0  0.00  0  0   4.704  -4.591   0.491   0.000   0.000   0.000 01O000M000t
00561 SER01A0274_001 f 0.00  0.000     0  0.00  0  0  -2.522   3.998   2.655  -0.061   0.067   0.000 01O000M000t
00562 LYS01A0275_001 f 0.00  0.000     0  0.00  0  0  -6.126  -2.609   1.740  -0.005   0.275   0.000 01O000M000t
00563 LYS+1A0275_002 f 0.00  1.000     0 10.40  0  1  -6.174  -2.615   1.740   0.079   0.639   0.000 +1O000M000t
00564 MET01A0276_001 f 0.00  0.000     0  0.00  0  0   0.162  -5.716   0.273  -0.018   0.093   0.000 01O000M000t
00565 ALA01A0277_001 f 0.00  0.000     0  0.00  0  0  -0.567  -1.738   0.000   0.000   0.000   0.000 01O000M000t
00566 ARG01A0278_001 f 0.00  0.000     0  0.00  0  0  -8.294  -2.358   1.040  -0.030   0.000   0.000 01O000M000t
00567 ARG02A0278_002 f 0.00  0.000     0  0.00  0  0  -8.330  -2.364   1.040  -0.040   0.845   0.000 02O000M000t
00568 ARG03A0278_003 f 0.00  0.000     0  0.00  0  0  -8.337  -2.365   1.040  -0.039   0.951   0.000 03O000M000t
00569 ARG+1A0278_004 f 0.00  1.000     0 12.50  0  1  -8.376  -2.366   1.040  -0.133  -0.013   0.000 +1O000M000t
00570 ASP01A0279_001 f 0.00  0.000     0  0.00  0  0  -2.394   1.226   3.079   0.985   0.201   0.000 01O000M000t
00571 ASP01A0279_002 f 0.00  0.000     0  0.00  0  0  -2.394   1.226   0.359   0.034   0.581   0.000 01O000M000t
00572 ASP02A0279_003 f 0.00  0.000     0  0.00  0  0  -2.182   0.770   3.079  -0.154   0.112   0.000 02O000M000t
00573 ASP02A0279_004 f 0.00  0.000     0  0.00  0  0  -2.182   0.770   0.359  -0.097   0.810   0.000 02O000M000t
00574 ASP-1A0279_005 f 0.00 -1.000     0  4.75  0 -1  -2.298   0.832   0.359  -0.682   1.876   0.000 -1O000M000t
00575 PRO01A0280_001 f 0.00  0.000     0  0.00  0  0  -0.852   1.950   0.000   0.000   0.000   0.000 01O000M000t
00576 GLN01A0281_001 f 0.00  0.000     0  0.00  0  0   0.572  -0.251   1.949   0.081   0.385   0.000 01O000M000t
00577 GLN01A0281_002 f 0.00  0.000     0  0.00  0  0  -0.695  -0.296   1.948   0.249  -0.069   0.000 01R001M000t
00578 ARG01A0282_001 f 0.00  0.000     0  0.00  0  0  -8.396   1.269   0.504   0.055  -0.032   0.000 01O000M000t
00579 ARG02A0282_002 f 0.00  0.000     0  0.00  0  0  -8.432   1.263   0.504   0.031   1.072   0.000 02O000M000t
00580 ARG03A0282_003 f 0.00  0.000     0  0.00  0  0  -8.433   1.263   0.504   0.029   0.975   0.000 03O000M000t
00581 ARG+1A0282_004 f 0.00  1.000     0 12.50  0  1  -8.476   1.262   0.504   0.046   0.248   0.000 +1O000M000t
00582 TYR01A0283_001 f 0.00  0.000     0  0.00  0  0   2.844  -6.886   0.014   0.156   0.844   0.000 01O000M000t
00583 TYR-1A0283_002 f 0.00 -1.000     0 10.20  0 -1   2.844  -6.886   0.014  -0.269   3.170   0.000 -1O000M000t
00584 LEU01A0284_001 f 0.00  0.000     0  0.00  0  0   1.690  -5.010   0.457   0.000   0.000   0.000 01O000M000t
00585 VAL01A0285_001 f 0.00  0.000     0  0.00  0  0  -4.688   7.047   0.393   0.000   0.000   0.000 01O000M000t
00586 ILE01A0286_001 f 0.00  0.000     0  0.00  0  0   1.418  -2.832   0.470   0.000   0.000   0.000 01O000M000t
00587 GLN01A0287_001 f 0.00  0.000     0  0.00  0  0  -1.862  -0.880   0.433   0.175   0.231   0.000 01O000M000t
00588 GLN01A0287_002 f 0.00  0.000     0  0.00  0  0  -2.935  -0.846   0.434  -0.035  -0.329   0.000 01R001M000t
00589 ASP01A0289_001 f 0.00  0.000     0  0.00  0  0  -0.235   0.731   5.838  -1.429   0.754   0.000 01O000M000t
00590 ASP01A0289_002 f 0.00  0.000     0  0.00  0  0  -0.235   0.731   3.118  -0.294   2.006   0.000 01O000M000t
00591 ASP02A0289_003 f 0.00  0.000     0  0.00  0  0  -0.326   1.620   5.838   0.167   1.117   0.000 02O000M000t
00592 ASP02A0289_004 f 0.00  0.000     0  0.00  0  0  -0.326   1.620   3.118   1.658   2.474   0.000 02O000M000t
00593 ASP-1A0289_005 f 0.00 -1.000     0  4.75  0 -1  -0.326   0.883   3.118  -4.114   6.381   0.000 -1O000M000t
00594 GLU01A0290_001 f 0.00  0.000     0  0.00  0  0  -1.198   5.198   5.419   0.531  -0.282   0.000 01O000M000t
00595 GLU01A0290_002 f 0.00  0.000     0  0.00  0  0  -1.198   5.198   2.699   0.391   1.175   0.000 01O000M000t
00596 GLU02A0290_003 f 0.00  0.000     0  0.00  0  0  -1.462   5.178   5.419  -0.075  -0.567   0.000 02O000M000t
00597 GLU02A0290_004 f 0.00  0.000     0  0.00  0  0  -1.462   5.178   2.699  -0.036   1.050   0.000 02O000M000t
00598 GLU-1A0290_005 f 0.00 -1.000     0  4.75  0 -1  -1.441   5.232   2.699  -1.811   1.301   0.000 -1O000M000t
00599 ARG01A0291_001 f 0.00  0.000     0  0.00  0  0  -4.606  -2.269   1.659  -0.007   0.806   0.000 01O000M000t
00600 ARG02A0291_002 f 0.00  0.000     0  0.00  0  0  -4.682  -2.293   1.659  -0.011   1.826   0.000 02O000M000t
00601 ARG03A0291_003 f 0.00  0.000     0  0.00  0  0  -4.617  -2.293   1.659  -0.044   1.402   0.000 03O000M000t
00602 ARG+1A0291_004 f 0.00  1.000     0 12.50  0  1  -4.721  -2.296   1.659   0.062   1.099   0.000 +1O000M000t
00603 MET01A0292_001 f 0.00  0.000     0  0.00  0  0  -4.663  15.926   2.454   0.005   0.042   0.000 01O000M000t
00604 HIS01A0293_001 f 0.00  0.000     0  0.00  0  0  -3.423 999.000   1.911   2.949   1.049   0.000 01O000M000t
00605 HIS01A0293_002 f 0.00  0.000     0  0.00  0  0  -4.036 999.000   1.911   0.996   1.042   0.000 01R001M000t
00606 HIS02A0293_003 f 0.00  0.000     0  0.00  0  0  -3.444 999.000   1.911   1.345   1.146   0.000 02O000M000t
00607 HIS02A0293_004 f 0.00  0.000     0  0.00  0  0  -4.045 999.000   1.911   0.278   1.269   0.000 02R001M000t
00608 HIS+1A0293_005 f 0.00  1.000     0  6.98  0  1  -3.471 999.000   1.911   2.652   0.720   0.000 +1O000M000t
00609 HIS+1A0293_006 f 0.00  1.000     0  6.98  0  1  -4.071 999.000   1.911   2.081   0.701   0.000 +1R001M000t
00610 LEU01A0294_001 f 0.00  0.000     0  0.00  0  0   3.034 999.000   0.556   0.000   0.000   0.000 01O000M000t
00611 PRO01A0295_001 f 0.00  0.000     0  0.00  0  0  -1.341 120.640   0.000   0.000   0.000   0.000 01O000M000t
00612 SER01A0296_001 f 0.00  0.000     0  0.00  0  0  -0.192 999.000   0.377  -0.831   1.136   0.000 01O000M000t
00613 SER01A0296_002 f 0.00  0.000     0  0.00  0  0  -0.192 999.000   0.377   6.841   1.690   0.000 01O000M000t
00614 SER01A0296_003 f 0.00  0.000     0  0.00  0  0  -0.192 999.000   0.002  -0.346   1.770   0.000 01O000M000t
00615 PRO01A0297_001 f 0.00  0.000     0  0.00  0  0  -6.694  89.038   0.000   0.000   0.000   0.000 01O000M000t
00616 THR01A0298_001 f 0.00  0.000     0  0.00  0  0  -6.178 171.746   1.774  -0.216   0.001   0.000 01O000M000t
00617 ASP01A0299_001 f 0.00  0.000     0  0.00  0  0  -3.203  16.996   4.326   0.013  -0.683   0.000 01O000M000t
00618 ASP01A0299_002 f 0.00  0.000     0  0.00  0  0  -3.203  16.996   1.606  -0.021   0.361   0.000 01O000M000t
00619 ASP02A0299_003 f 0.00  0.000     0  0.00  0  0  -3.311  18.110   4.326   1.205   0.384   0.000 02O000M000t
00620 ASP02A0299_004 f 0.00  0.000     0  0.00  0  0  -3.311  18.110   1.606   0.044   0.600   0.000 02O000M000t
00621 ASP-1A0299_005 f 0.00 -1.000     0  4.75  0 -1  -3.159  17.032   1.606  -0.690   0.206   0.000 -1O000M000t
00622 SER01A0300_001 f 0.00  0.000     0  0.00  0  0  -4.364   3.744   2.732  -0.045   0.776   0.000 01O000M000t
00623 SER01A0300_002 f 0.00  0.000     0  0.00  0  0  -4.364   3.744   2.357  -1.301   0.066   0.000 01O000M000t
00624 ASN01A0301_001 f 0.00  0.000     0  0.00  0  0  -1.743 339.139   1.289   1.044   0.855   0.000 01O000M000t
00625 ASN01A0301_002 f 0.00  0.000     0  0.00  0  0  -1.701 316.642   0.666  -0.787   0.168   0.000 01R001M000t
00626 PHE01A0302_001 f 0.00  0.000     0  0.00  0  0   2.108 999.000   0.292   0.000   0.000   0.000 01O000M000t
00627 TYR01A0303_001 f 0.00  0.000     0  0.00  0  0   3.713 579.993   2.773   0.261   1.713   0.000 01O000M000t
00628 TYR01A0303_002 f 0.00  0.000     0  0.00  0  0   3.713 579.993   2.773   1.997   1.713   0.000 01O000M000t
00629 TYR-1A0303_003 f 0.00 -1.000     0 10.20  0 -1   3.713 579.993   2.773  -2.795   3.974   0.000 -1O000M000t
00630 ARG01A0304_001 f 0.00  0.000     0  0.00  0  0   6.985 999.000  10.221  -0.864   1.446   0.000 01O000M000t
00631 ARG02A0304_002 f 0.00  0.000     0  0.00  0  0   6.987 999.000  10.221  -1.450   2.864   0.000 02O000M000t
00632 ARG02A0304_003 f 0.00  0.000     0  0.00  0  0   7.041 999.000  10.221  -3.577   2.870   0.000 02O000M000t
00633 ARG03A0304_004 f 0.00  0.000     0  0.00  0  0   6.980 999.000  10.221  -0.749   2.978   0.000 03O000M000t
00634 ARG03A0304_005 f 0.00  0.000     0  0.00  0  0   7.014 999.000  10.221   0.715   2.277   0.000 03O000M000t
00635 ARG+1A0304_006 f 0.00  1.000     0 12.50  0  1   6.937 999.000  10.221  -2.606   2.002   0.000 +1O000M000t
00636 ALA01A0305_001 f 0.00  0.000     0  0.00  0  0  -0.052  92.634   0.000   0.000   0.000   0.000 01O000M000t
00637 LEU01A0306_001 f 0.00  0.000     0  0.00  0  0  -2.587 999.000   0.424   0.000   0.000   0.000 01O000M000t
00638 MET01A0307_001 f 0.00  0.000     0  0.00  0  0  -8.691  -0.778   2.730   0.053   0.040   0.000 01O000M000t
00639 ASP01A0308_001 f 0.00  0.000     0  0.00  0  0  -1.094   0.089   3.657   0.177  -0.143   0.000 01O000M000t
00640 ASP01A0308_002 f 0.00  0.000     0  0.00  0  0  -1.094   0.089   0.937   0.118   0.684   0.000 01O000M000t
00641 ASP02A0308_003 f 0.00  0.000     0  0.00  0  0  -1.157   1.058   3.657   2.039   0.213   0.000 02O000M000t
00642 ASP02A0308_004 f 0.00  0.000     0  0.00  0  0  -1.157   1.058   0.937   0.160   0.611   0.000 02O000M000t
00643 ASP-1A0308_005 f 0.00 -1.000     0  4.75  0 -1  -1.215   0.157   0.937  -0.668   0.908   0.000 -1O000M000t
00644 GLU01A0309_001 f 0.00  0.000     0  0.00  0  0  -2.322   2.953   7.431  -0.023  -0.826   0.000 01O000M000t
00645 GLU01A0309_002 f 0.00  0.000     0  0.00  0  0  -2.322   2.953   4.711   0.046   0.366   0.000 01O000M000t
00646 GLU02A0309_003 f 0.00  0.000     0  0.00  0  0  -2.524   2.962   7.431   0.171  -0.581   0.000 02O000M000t
00647 GLU02A0309_004 f 0.00  0.000     0  0.00  0  0  -2.524   2.962   4.711   0.097   0.599   0.000 02O000M000t
00648 GLU-1A0309_005 f 0.00 -1.000     0  4.75  0 -1  -2.518   2.993   4.711   0.104  -0.064   0.000 -1O000M000t
00649 GLU01A0310_001 f 0.00  0.000     0  0.00  0  0  -2.369  -0.665   3.510   0.415  -0.420   0.000 01O000M000t
00650 GLU01A0310_002 f 0.00  0.000     0  0.00  0  0  -2.369  -0.665   0.790   0.250   0.707   0.000 01O000M000t
00651 GLU02A0310_003 f 0.00  0.000     0  0.00  0  0  -2.532  -0.310   3.510  -0.616  -0.168   0.000 02O000M000t
00652 GLU02A0310_004 f 0.00  0.000     0  0.00  0  0  -2.532  -0.310   0.790   0.097   0.548   0.000 02O000M000t
00653 GLU-1A0310_005 f 0.00 -1.000     0  4.75  0 -1  -2.467  -0.618   0.790   0.539   0.460   0.000 -1O000M000t
00654 ASP01A0311_001 f 0.00  0.000     0  0.00  0  0  -3.413   1.364   4.263   0.161  -1.040   0.000 01O000M000t
00655 ASP01A0311_002 f 0.00  0.000     0  0.00  0  0  -3.413   1.364   1.543   0.105   0.305   0.000 01O000M000t
00656 ASP02A0311_003 f 0.00  0.000     0  0.00  0  0  -3.311   1.595   4.263   0.533  -0.702   0.000 02O000M000t
00657 ASP02A0311_004 f 0.00  0.000     0  0.00  0  0  -3.311   1.595   1.543   0.156   0.497   0.000 02O000M000t
00658 ASP-1A0311_005 f 0.00 -1.000     0  4.75  0 -1  -3.285   1.393   1.543  -0.481  -0.027   0.000 -1O000M000t
00659 MET01A0312_001 f 0.00  0.000     0  0.00  0  0  -3.313   2.735   2.014   0.238   0.046   0.000 01O000M000t
00660 ASP01A0313_001 f 0.00  0.000     0  0.00  0  0  -2.831   0.487   3.742   0.221  -0.790   0.000 01O000M000t
00661 ASP01A0313_002 f 0.00  0.000     0  0.00  0  0  -2.831   0.487   1.022   0.227   0.223   0.000 01O000M000t
00662 ASP02A0313_003 f 0.00  0.000     0  0.00  0  0  -2.883   0.941   3.742   1.054   0.072   0.000 02O000M000t
00663 ASP02A0313_004 f 0.00  0.000     0  0.00  0  0  -2.883   0.941   1.022   0.336   0.580   0.000 02O000M000t
00664 ASP-1A0313_005 f 0.00 -1.000     0  4.75  0 -1  -2.816   0.527   1.022  -1.028   0.239   0.000 -1O000M000t
00665 ASP01A0314_001 f 0.00  0.000     0  0.00  0  0  -3.240   0.178   5.034   0.360  -0.610   0.000 01O000M000t
00666 ASP01A0314_002 f 0.00  0.000     0  0.00  0  0  -3.240   0.178   2.314   0.268   0.483   0.000 01O000M000t
00667 ASP02A0314_003 f 0.00  0.000     0  0.00  0  0  -3.338   0.080   5.034   0.617  -0.088   0.000 02O000M000t
00668 ASP02A0314_004 f 0.00  0.000     0  0.00  0  0  -3.338   0.080   2.314   0.321   0.761   0.000 02O000M000t
00669 ASP-1A0314_005 f 0.00 -1.000     0  4.75  0 -1  -3.362   0.115   2.314  -0.373   0.198   0.000 -1O000M000t
00670 VAL01A0315_001 f 0.00  0.000     0  0.00  0  0  -3.732   2.845   0.534   0.000   0.000   0.000 01O000M000t
00671 VAL01A0316_001 f 0.00  0.000     0  0.00  0  0  -3.630  -0.560   0.379   0.000   0.000   0.000 01O000M000t
00672 ASP01A0317_001 f 0.00  0.000     0  0.00  0  0  -0.668  -1.304   3.843   2.730   1.453   0.000 01O000M000t
00673 ASP01A0317_002 f 0.00  0.000     0  0.00  0  0  -0.668  -1.304   1.123  -0.198   1.124   0.000 01O000M000t
00674 ASP02A0317_003 f 0.00  0.000     0  0.00  0  0  -0.696  -1.828   3.843  -0.529   0.406   0.000 02O000M000t
00675 ASP02A0317_004 f 0.00  0.000     0  0.00  0  0  -0.696  -1.828   1.123  -0.909   1.229   0.000 02O000M000t
00676 ASP-1A0317_005 f 0.00 -1.000     0  4.75  0 -1  -0.725  -1.777   1.123  -2.738   2.704   0.000 -1O000M000t
00677 ALA01A0318_001 f 0.00  0.000     0  0.00  0  0  -4.906  -0.361   0.000   0.000   0.000   0.000 01O000M000t
00678 ASP01A0319_001 f 0.00  0.000     0  0.00  0  0  -1.614   0.045   4.087   1.530   0.876   0.000 01O000M000t
00679 ASP01A0319_002 f 0.00  0.000     0  0.00  0  0  -1.614   0.045   1.367   0.153   0.766   0.000 01O000M000t
00680 ASP02A0319_003 f 0.00  0.000     0  0.00  0  0  -1.641  -0.188   4.087  -0.151  -0.380   0.000 02O000M000t
00681 ASP02A0319_004 f 0.00  0.000     0  0.00  0  0  -1.641  -0.188   1.367  -0.168   1.104   0.000 02O000M000t
00682 ASP-1A0319_005 f 0.00 -1.000     0  4.75  0 -1  -1.624  -0.148   1.367  -1.594   1.754   0.000 -1O000M000t
00683 GLU01A0320_001 f 0.00  0.000     0  0.00  0  0  -1.923  -2.348   6.115  -0.167   0.078   0.000 01O000M000t
00684 GLU01A0320_002 f 0.00  0.000     0  0.00  0  0  -1.923  -2.348   3.395   0.008   0.998   0.000 01O000M000t
00685 GLU02A0320_003 f 0.00  0.000     0  0.00  0  0  -1.643  -2.376   6.115   0.215   0.079   0.000 02O000M000t
00686 GLU02A0320_004 f 0.00  0.000     0  0.00  0  0  -1.643  -2.376   3.395   0.156   1.005   0.000 02O000M000t
00687 GLU-1A0320_005 f 0.00 -1.000     0  4.75  0 -1  -1.824  -2.294   3.395  -0.863   2.136   0.000 -1O000M000t
00688 TYR01A0321_001 f 0.00  0.000     0  0.00  0  0  -3.507  -3.344   0.216   0.183   0.461   0.000 01O000M000t
00689 TYR01A0321_002 f 0.00  0.000     0  0.00  0  0  -3.507  -3.344   0.216   0.167   0.389   0.000 01O000M000t
00690 TYR-1A0321_003 f 0.00 -1.000     0 10.20  0 -1  -3.507  -3.344   0.216   0.045   0.433   0.000 -1O000M000t
00691 LEU01A0322_001 f 0.00  0.000     0  0.00  0  0  -5.712  -1.374   0.481   0.000   0.000   0.000 01O000M000t
00692 ILE01A0323_001 f 0.00  0.000     0  0.00  0  0  -7.786  15.669   2.945   0.000   0.000   0.000 01O000M000t
00693 PRO01A0324_001 f 0.00  0.000     0  0.00  0  0  -5.018   2.262   0.000   0.000   0.000   0.000 01O000M000t
00694 AQ401B0001_001 f 0.00 -0.171     0  0.00  0  0   0.000   3.176   0.000  -2.285   5.244   0.001 01O000M000t
00695 AQ402B0001_002 f 0.00  0.141     0  0.00  0  0   0.000  77.611   0.000   0.478   0.391   0.000 02O000M000t
00696 AQ402B0001_003 f 0.00  0.141     0  0.00  0  0   0.000   3.209   0.000   0.478   0.391   0.000 02O000M000t
00697 AQ4DMB0001_004 t 0.00  0.000     0  0.00  0  0   0.000   0.000   0.000   0.000   0.000   0.000         DMt
