NTR A0001_ R t 06 S f  0.0 H t 72 M 000
MET A0001_ R t 06 S f  0.0 H t 72 M 000
ALA A0002_ R t 06 S f  0.0 H t 72 M 000
LEU A0003_ R t 06 S f  0.0 H t 72 M 000
GLY A0004_ R t 06 S f  0.0 H t 72 M 000
GLU A0005_ R t 06 S f  0.0 H t 72 M 000
LEU A0006_ R t 06 S f  0.0 H t 72 M 000
LYS A0007_ R t 06 S f  0.0 H t 72 M 000
ASP A0008_ R t 06 S f  0.0 H t 72 M 000
ASP A0009_ R t 06 S f  0.0 H t 72 M 000
ASP A0010_ R t 06 S f  0.0 H t 72 M 000
PHE A0011_ R t 06 S f  0.0 H t 72 M 000
GLU A0012_ R t 06 S f  0.0 H t 72 M 000
LYS A0013_ R t 06 S f  0.0 H t 72 M 000
ILE A0014_ R t 06 S f  0.0 H t 72 M 000
SER A0015_ R t 06 S f  0.0 H t 72 M 000
GLU A0016_ R t 06 S f  0.0 H t 72 M 000
LEU A0017_ R t 06 S f  0.0 H t 72 M 000
GLY A0018_ R t 06 S f  0.0 H t 72 M 000
ALA A0019_ R t 06 S f  0.0 H t 72 M 000
GLY A0020_ R t 06 S f  0.0 H t 72 M 000
ASN A0021_ R t 06 S f  0.0 H t 72 M 000
GLY A0022_ R t 06 S f  0.0 H t 72 M 000
GLY A0023_ R t 06 S f  0.0 H t 72 M 000
VAL A0024_ R t 06 S f  0.0 H t 72 M 000
VAL A0025_ R t 06 S f  0.0 H t 72 M 000
PHE A0026_ R t 06 S f  0.0 H t 72 M 000
LYS A0027_ R t 06 S f  0.0 H t 72 M 000
VAL A0028_ R t 06 S f  0.0 H t 72 M 000
SER A0029_ R t 06 S f  0.0 H t 72 M 000
HIS A0030_ R t 06 S f  0.0 H t 72 M 000
LYS A0031_ R t 06 S f  0.0 H t 72 M 000
PRO A0032_ R t 06 S f  0.0 H t 72 M 000
SER A0033_ R t 06 S f  0.0 H t 72 M 000
GLY A0034_ R t 06 S f  0.0 H t 72 M 000
LEU A0035_ R t 06 S f  0.0 H t 72 M 000
VAL A0036_ R t 06 S f  0.0 H t 72 M 000
MET A0037_ R t 06 S f  0.0 H t 72 M 000
ALA A0038_ R t 06 S f  0.0 H t 72 M 000
ARG A0039_ R t 06 S f  0.0 H t 72 M 000
LYS A0040_ R t 06 S f  0.0 H t 72 M 000
LEU A0041_ R t 06 S f  0.0 H t 72 M 000
ILE A0042_ R t 06 S f  0.0 H t 72 M 000
HIS A0043_ R t 06 S f  0.0 H t 72 M 000
LEU A0044_ R t 06 S f  0.0 H t 72 M 000
GLU A0045_ R t 06 S f  0.0 H t 72 M 000
ILE A0046_ R t 06 S f  0.0 H t 72 M 000
LYS A0047_ R t 06 S f  0.0 H t 72 M 000
PRO A0048_ R t 06 S f  0.0 H t 72 M 000
ALA A0049_ R t 06 S f  0.0 H t 72 M 000
ILE A0050_ R t 06 S f  0.0 H t 72 M 000
ARG A0051_ R t 06 S f  0.0 H t 72 M 000
ASN A0052_ R t 06 S f  0.0 H t 72 M 000
GLN A0053_ R t 06 S f  0.0 H t 72 M 000
ILE A0054_ R t 06 S f  0.0 H t 72 M 000
ILE A0055_ R t 06 S f  0.0 H t 72 M 000
ARG A0056_ R t 06 S f  0.0 H t 72 M 000
GLU A0057_ R t 06 S f  0.0 H t 72 M 000
LEU A0058_ R t 06 S f  0.0 H t 72 M 000
GLN A0059_ R t 06 S f  0.0 H t 72 M 000
VAL A0060_ R t 06 S f  0.0 H t 72 M 000
LEU A0061_ R t 06 S f  0.0 H t 72 M 000
HIS A0062_ R t 06 S f  0.0 H t 72 M 000
GLU A0063_ R t 06 S f  0.0 H t 72 M 000
CYS A0064_ R t 06 S f  0.0 H t 72 M 000
ASN A0065_ R t 06 S f  0.0 H t 72 M 000
SER A0066_ R t 06 S f  0.0 H t 72 M 000
PRO A0067_ R t 06 S f  0.0 H t 72 M 000
TYR A0068_ R t 06 S f  0.0 H t 72 M 000
ILE A0069_ R t 06 S f  0.0 H t 72 M 000
VAL A0070_ R t 06 S f  0.0 H t 72 M 000
GLY A0071_ R t 06 S f  0.0 H t 72 M 000
PHE A0072_ R t 06 S f  0.0 H t 72 M 000
TYR A0073_ R t 06 S f  0.0 H t 72 M 000
GLY A0074_ R t 06 S f  0.0 H t 72 M 000
ALA A0075_ R t 06 S f  0.0 H t 72 M 000
PHE A0076_ R t 06 S f  0.0 H t 72 M 000
TYR A0077_ R t 06 S f  0.0 H t 72 M 000
SER A0078_ R t 06 S f  0.0 H t 72 M 000
ASP A0079_ R t 06 S f  0.0 H t 72 M 000
GLY A0080_ R t 06 S f  0.0 H t 72 M 000
GLU A0081_ R t 06 S f  0.0 H t 72 M 000
ILE A0082_ R t 06 S f  0.0 H t 72 M 000
SER A0083_ R t 06 S f  0.0 H t 72 M 000
ILE A0084_ R t 06 S f  0.0 H t 72 M 000
CYS A0085_ R t 06 S f  0.0 H t 72 M 000
MET A0086_ R t 06 S f  0.0 H t 72 M 000
GLU A0087_ R t 06 S f  0.0 H t 72 M 000
HIS A0088_ R t 06 S f  0.0 H t 72 M 000
MET A0089_ R t 06 S f  0.0 H t 72 M 000
ASP A0090_ R t 06 S f  0.0 H t 72 M 000
GLY A0091_ R t 06 S f  0.0 H t 72 M 000
GLY A0092_ R t 06 S f  0.0 H t 72 M 000
SER A0093_ R t 06 S f  0.0 H t 72 M 000
LEU A0094_ R t 06 S f  0.0 H t 72 M 000
ASP A0095_ R t 06 S f  0.0 H t 72 M 000
GLN A0096_ R t 06 S f  0.0 H t 72 M 000
VAL A0097_ R t 06 S f  0.0 H t 72 M 000
LEU A0098_ R t 06 S f  0.0 H t 72 M 000
LYS A0099_ R t 06 S f  0.0 H t 72 M 000
LYS A0100_ R t 06 S f  0.0 H t 72 M 000
ALA A0101_ R t 06 S f  0.0 H t 72 M 000
GLY A0102_ R t 06 S f  0.0 H t 72 M 000
ARG A0103_ R t 06 S f  0.0 H t 72 M 000
ILE A0104_ R t 06 S f  0.0 H t 72 M 000
PRO A0105_ R t 06 S f  0.0 H t 72 M 000
GLU A0106_ R t 06 S f  0.0 H t 72 M 000
GLN A0107_ R t 06 S f  0.0 H t 72 M 000
ILE A0108_ R t 06 S f  0.0 H t 72 M 000
LEU A0109_ R t 06 S f  0.0 H t 72 M 000
GLY A0110_ R t 06 S f  0.0 H t 72 M 000
LYS A0111_ R t 06 S f  0.0 H t 72 M 000
VAL A0112_ R t 06 S f  0.0 H t 72 M 000
SER A0113_ R t 06 S f  0.0 H t 72 M 000
ILE A0114_ R t 06 S f  0.0 H t 72 M 000
ALA A0115_ R t 06 S f  0.0 H t 72 M 000
VAL A0116_ R t 06 S f  0.0 H t 72 M 000
ILE A0117_ R t 06 S f  0.0 H t 72 M 000
LYS A0118_ R t 06 S f  0.0 H t 72 M 000
GLY A0119_ R t 06 S f  0.0 H t 72 M 000
LEU A0120_ R t 06 S f  0.0 H t 72 M 000
THR A0121_ R t 06 S f  0.0 H t 72 M 000
TYR A0122_ R t 06 S f  0.0 H t 72 M 000
LEU A0123_ R t 06 S f  0.0 H t 72 M 000
ARG A0124_ R t 06 S f  0.0 H t 72 M 000
GLU A0125_ R t 06 S f  0.0 H t 72 M 000
LYS A0126_ R t 06 S f  0.0 H t 72 M 000
HIS A0127_ R t 06 S f  0.0 H t 72 M 000
LYS A0128_ R t 06 S f  0.0 H t 72 M 000
ILE A0129_ R t 06 S f  0.0 H t 72 M 000
MET A0130_ R t 06 S f  0.0 H t 72 M 000
HIS A0131_ R t 06 S f  0.0 H t 72 M 000
ARG A0132_ R t 06 S f  0.0 H t 72 M 000
ASP A0133_ R t 06 S f  0.0 H t 72 M 000
VAL A0134_ R t 06 S f  0.0 H t 72 M 000
LYS A0135_ R t 06 S f  0.0 H t 72 M 000
PRO A0136_ R t 06 S f  0.0 H t 72 M 000
SER A0137_ R t 06 S f  0.0 H t 72 M 000
ASN A0138_ R t 06 S f  0.0 H t 72 M 000
ILE A0139_ R t 06 S f  0.0 H t 72 M 000
LEU A0140_ R t 06 S f  0.0 H t 72 M 000
VAL A0141_ R t 06 S f  0.0 H t 72 M 000
ASN A0142_ R t 06 S f  0.0 H t 72 M 000
SER A0143_ R t 06 S f  0.0 H t 72 M 000
ARG A0144_ R t 06 S f  0.0 H t 72 M 000
GLY A0145_ R t 06 S f  0.0 H t 72 M 000
GLU A0146_ R t 06 S f  0.0 H t 72 M 000
ILE A0147_ R t 06 S f  0.0 H t 72 M 000
LYS A0148_ R t 06 S f  0.0 H t 72 M 000
LEU A0149_ R t 06 S f  0.0 H t 72 M 000
CYS A0150_ R t 06 S f  0.0 H t 72 M 000
ASP A0151_ R t 06 S f  0.0 H t 72 M 000
PHE A0152_ R t 06 S f  0.0 H t 72 M 000
GLY A0153_ R t 06 S f  0.0 H t 72 M 000
VAL A0154_ R t 06 S f  0.0 H t 72 M 000
SER A0155_ R t 06 S f  0.0 H t 72 M 000
GLY A0156_ R t 06 S f  0.0 H t 72 M 000
GLN A0157_ R t 06 S f  0.0 H t 72 M 000
LEU A0158_ R t 06 S f  0.0 H t 72 M 000
ILE A0159_ R t 06 S f  0.0 H t 72 M 000
ASP A0160_ R t 06 S f  0.0 H t 72 M 000
GLU A0161_ R t 06 S f  0.0 H t 72 M 000
MET A0162_ R t 06 S f  0.0 H t 72 M 000
ALA A0163_ R t 06 S f  0.0 H t 72 M 000
ASN A0164_ R t 06 S f  0.0 H t 72 M 000
GLU A0165_ R t 06 S f  0.0 H t 72 M 000
PHE A0166_ R t 06 S f  0.0 H t 72 M 000
VAL A0167_ R t 06 S f  0.0 H t 72 M 000
GLY A0168_ R t 06 S f  0.0 H t 72 M 000
THR A0169_ R t 06 S f  0.0 H t 72 M 000
ARG A0170_ R t 06 S f  0.0 H t 72 M 000
SER A0171_ R t 06 S f  0.0 H t 72 M 000
TYR A0172_ R t 06 S f  0.0 H t 72 M 000
MET A0173_ R t 06 S f  0.0 H t 72 M 000
SER A0174_ R t 06 S f  0.0 H t 72 M 000
PRO A0175_ R t 06 S f  0.0 H t 72 M 000
GLU A0176_ R t 06 S f  0.0 H t 72 M 000
ARG A0177_ R t 06 S f  0.0 H t 72 M 000
LEU A0178_ R t 06 S f  0.0 H t 72 M 000
GLN A0179_ R t 06 S f  0.0 H t 72 M 000
GLY A0180_ R t 06 S f  0.0 H t 72 M 000
THR A0181_ R t 06 S f  0.0 H t 72 M 000
HIS A0182_ R t 06 S f  0.0 H t 72 M 000
TYR A0183_ R t 06 S f  0.0 H t 72 M 000
SER A0184_ R t 06 S f  0.0 H t 72 M 000
VAL A0185_ R t 06 S f  0.0 H t 72 M 000
GLN A0186_ R t 06 S f  0.0 H t 72 M 000
SER A0187_ R t 06 S f  0.0 H t 72 M 000
ASP A0188_ R t 06 S f  0.0 H t 72 M 000
ILE A0189_ R t 06 S f  0.0 H t 72 M 000
TRP A0190_ R t 06 S f  0.0 H t 72 M 000
SER A0191_ R t 06 S f  0.0 H t 72 M 000
MET A0192_ R t 06 S f  0.0 H t 72 M 000
GLY A0193_ R t 06 S f  0.0 H t 72 M 000
LEU A0194_ R t 06 S f  0.0 H t 72 M 000
SER A0195_ R t 06 S f  0.0 H t 72 M 000
LEU A0196_ R t 06 S f  0.0 H t 72 M 000
VAL A0197_ R t 06 S f  0.0 H t 72 M 000
GLU A0198_ R t 06 S f  0.0 H t 72 M 000
MET A0199_ R t 06 S f  0.0 H t 72 M 000
ALA A0200_ R t 06 S f  0.0 H t 72 M 000
VAL A0201_ R t 06 S f  0.0 H t 72 M 000
GLY A0202_ R t 06 S f  0.0 H t 72 M 000
ARG A0203_ R t 06 S f  0.0 H t 72 M 000
TYR A0204_ R t 06 S f  0.0 H t 72 M 000
PRO A0205_ R t 06 S f  0.0 H t 72 M 000
CTR A0205_ R t 06 S f  0.0 H t 72 M 000
NTR A0206_ R t 06 S f  0.0 H t 72 M 000
ARG A0206_ R t 06 S f  0.0 H t 72 M 000
PRO A0207_ R t 06 S f  0.0 H t 72 M 000
PRO A0208_ R t 06 S f  0.0 H t 72 M 000
MET A0209_ R t 06 S f  0.0 H t 72 M 000
ALA A0210_ R t 06 S f  0.0 H t 72 M 000
ILE A0211_ R t 06 S f  0.0 H t 72 M 000
PHE A0212_ R t 06 S f  0.0 H t 72 M 000
GLU A0213_ R t 06 S f  0.0 H t 72 M 000
LEU A0214_ R t 06 S f  0.0 H t 72 M 000
LEU A0215_ R t 06 S f  0.0 H t 72 M 000
ASP A0216_ R t 06 S f  0.0 H t 72 M 000
TYR A0217_ R t 06 S f  0.0 H t 72 M 000
ILE A0218_ R t 06 S f  0.0 H t 72 M 000
VAL A0219_ R t 06 S f  0.0 H t 72 M 000
ASN A0220_ R t 06 S f  0.0 H t 72 M 000
GLU A0221_ R t 06 S f  0.0 H t 72 M 000
PRO A0222_ R t 06 S f  0.0 H t 72 M 000
PRO A0223_ R t 06 S f  0.0 H t 72 M 000
PRO A0224_ R t 06 S f  0.0 H t 72 M 000
LYS A0225_ R t 06 S f  0.0 H t 72 M 000
LEU A0226_ R t 06 S f  0.0 H t 72 M 000
PRO A0227_ R t 06 S f  0.0 H t 72 M 000
SER A0228_ R t 06 S f  0.0 H t 72 M 000
ALA A0229_ R t 06 S f  0.0 H t 72 M 000
VAL A0230_ R t 06 S f  0.0 H t 72 M 000
PHE A0231_ R t 06 S f  0.0 H t 72 M 000
SER A0232_ R t 06 S f  0.0 H t 72 M 000
LEU A0233_ R t 06 S f  0.0 H t 72 M 000
GLU A0234_ R t 06 S f  0.0 H t 72 M 000
PHE A0235_ R t 06 S f  0.0 H t 72 M 000
GLN A0236_ R t 06 S f  0.0 H t 72 M 000
ASP A0237_ R t 06 S f  0.0 H t 72 M 000
PHE A0238_ R t 06 S f  0.0 H t 72 M 000
VAL A0239_ R t 06 S f  0.0 H t 72 M 000
ASN A0240_ R t 06 S f  0.0 H t 72 M 000
LYS A0241_ R t 06 S f  0.0 H t 72 M 000
CYS A0242_ R t 06 S f  0.0 H t 72 M 000
LEU A0243_ R t 06 S f  0.0 H t 72 M 000
ILE A0244_ R t 06 S f  0.0 H t 72 M 000
LYS A0245_ R t 06 S f  0.0 H t 72 M 000
ASN A0246_ R t 06 S f  0.0 H t 72 M 000
PRO A0247_ R t 06 S f  0.0 H t 72 M 000
ALA A0248_ R t 06 S f  0.0 H t 72 M 000
GLU A0249_ R t 06 S f  0.0 H t 72 M 000
ARG A0250_ R t 06 S f  0.0 H t 72 M 000
ALA A0251_ R t 06 S f  0.0 H t 72 M 000
ASP A0252_ R t 06 S f  0.0 H t 72 M 000
LEU A0253_ R t 06 S f  0.0 H t 72 M 000
LYS A0254_ R t 06 S f  0.0 H t 72 M 000
GLN A0255_ R t 06 S f  0.0 H t 72 M 000
LEU A0256_ R t 06 S f  0.0 H t 72 M 000
MET A0257_ R t 06 S f  0.0 H t 72 M 000
VAL A0258_ R t 06 S f  0.0 H t 72 M 000
HIS A0259_ R t 06 S f  0.0 H t 72 M 000
ALA A0260_ R t 06 S f  0.0 H t 72 M 000
PHE A0261_ R t 06 S f  0.0 H t 72 M 000
ILE A0262_ R t 06 S f  0.0 H t 72 M 000
LYS A0263_ R t 06 S f  0.0 H t 72 M 000
ARG A0264_ R t 06 S f  0.0 H t 72 M 000
SER A0265_ R t 06 S f  0.0 H t 72 M 000
ASP A0266_ R t 06 S f  0.0 H t 72 M 000
ALA A0267_ R t 06 S f  0.0 H t 72 M 000
GLU A0268_ R t 06 S f  0.0 H t 72 M 000
GLU A0269_ R t 06 S f  0.0 H t 72 M 000
VAL A0270_ R t 06 S f  0.0 H t 72 M 000
ASP A0271_ R t 06 S f  0.0 H t 72 M 000
PHE A0272_ R t 06 S f  0.0 H t 72 M 000
ALA A0273_ R t 06 S f  0.0 H t 72 M 000
GLY A0274_ R t 06 S f  0.0 H t 72 M 000
TRP A0275_ R t 06 S f  0.0 H t 72 M 000
LEU A0276_ R t 06 S f  0.0 H t 72 M 000
CYS A0277_ R t 06 S f  0.0 H t 72 M 000
SER A0278_ R t 06 S f  0.0 H t 72 M 000
THR A0279_ R t 06 S f  0.0 H t 72 M 000
ILE A0280_ R t 06 S f  0.0 H t 72 M 000
GLY A0281_ R t 06 S f  0.0 H t 72 M 000
LEU A0282_ R t 06 S f  0.0 H t 72 M 000
CTR A0282_ R t 06 S f  0.0 H t 72 M 000
