Residue            pK      n(slope)   1000*chi2
NTR A0001_         pK or Em out of range
GLU A0005_         pK or Em out of range
LYS A0007_         pK or Em out of range
ASP A0008_         pK or Em out of range
ASP A0009_         pK or Em out of range
ASP A0010_         pK or Em out of range
GLU A0012_         pK or Em out of range
LYS A0013_         pK or Em out of range
GLU A0016_         pK or Em out of range
LYS A0027_         pK or Em out of range
HIS A0030_         pK or Em out of range
LYS A0031_         pK or Em out of range
ARG A0039_         pK or Em out of range
LYS A0040_         pK or Em out of range
HIS A0043_         pK or Em out of range
GLU A0045_         pK or Em out of range
LYS A0047_         pK or Em out of range
ARG A0051_         pK or Em out of range
ARG A0056_         pK or Em out of range
GLU A0057_         pK or Em out of range
HIS A0062_         pK or Em out of range
GLU A0063_         pK or Em out of range
CYS A0064_         pK or Em out of range
TYR A0068_         pK or Em out of range
TYR A0073_         pK or Em out of range
TYR A0077_         pK or Em out of range
ASP A0079_         pK or Em out of range
GLU A0081_         pK or Em out of range
CYS A0085_         pK or Em out of range
GLU A0087_         pK or Em out of range
HIS A0088_         pK or Em out of range
ASP A0090_         pK or Em out of range
ASP A0095_         pK or Em out of range
LYS A0099_         pK or Em out of range
LYS A0100_         pK or Em out of range
ARG A0103_         pK or Em out of range
GLU A0106_         pK or Em out of range
LYS A0111_         pK or Em out of range
LYS A0118_         pK or Em out of range
TYR A0122_         pK or Em out of range
ARG A0124_         pK or Em out of range
GLU A0125_         pK or Em out of range
LYS A0126_         pK or Em out of range
HIS A0127_         pK or Em out of range
LYS A0128_         pK or Em out of range
HIS A0131_         pK or Em out of range
ARG A0132_         pK or Em out of range
ASP A0133_         pK or Em out of range
LYS A0135_         pK or Em out of range
ARG A0144_         pK or Em out of range
GLU A0146_         pK or Em out of range
LYS A0148_         pK or Em out of range
CYS A0150_         pK or Em out of range
ASP A0151_         pK or Em out of range
ASP A0160_         pK or Em out of range
GLU A0161_         pK or Em out of range
GLU A0165_         pK or Em out of range
ARG A0170_         pK or Em out of range
TYR A0172_         pK or Em out of range
GLU A0176_         pK or Em out of range
ARG A0177_         pK or Em out of range
HIS A0182_         pK or Em out of range
TYR A0183_         pK or Em out of range
ASP A0188_         pK or Em out of range
GLU A0198_         pK or Em out of range
ARG A0203_         pK or Em out of range
TYR A0204_         pK or Em out of range
CTR A0205_         pK or Em out of range
NTR A0206_         pK or Em out of range
ARG A0206_         pK or Em out of range
GLU A0213_         pK or Em out of range
ASP A0216_         pK or Em out of range
TYR A0217_         pK or Em out of range
GLU A0221_         pK or Em out of range
LYS A0225_         pK or Em out of range
GLU A0234_         pK or Em out of range
ASP A0237_         pK or Em out of range
LYS A0241_         pK or Em out of range
CYS A0242_         pK or Em out of range
LYS A0245_         pK or Em out of range
GLU A0249_         pK or Em out of range
ARG A0250_         pK or Em out of range
ASP A0252_         pK or Em out of range
LYS A0254_         pK or Em out of range
HIS A0259_         pK or Em out of range
LYS A0263_         pK or Em out of range
ARG A0264_         pK or Em out of range
ASP A0266_         pK or Em out of range
GLU A0268_         pK or Em out of range
GLU A0269_         pK or Em out of range
ASP A0271_         pK or Em out of range
CYS A0277_         pK or Em out of range
CTR A0282_         pK or Em out of range
