 ph         7.4   7.4   7.4   7.4   7.4
NTR A0001  0.00  0.00  0.00  0.00  0.00
ASP A0010 -1.00 -1.00 -1.00 -1.00 -1.00
ASP A0014 -1.00 -1.00 -1.00 -1.00 -1.00
GLU A0018 -1.00 -1.00 -1.00 -1.00 -1.00
ARG A0021  1.00  1.00  1.00  1.00  1.00
ASP A0022 -1.00 -1.00 -1.00 -1.00 -1.00
ARG A0023  1.00  1.00  1.00  1.00  1.00
LYS A0028  1.00  1.00  1.00  1.00  1.00
GLU A0032 -1.00 -1.00 -1.00 -1.00 -1.00
CYS A0034 -0.16 -0.16 -0.17 -0.16 -0.16
ARG A0040  1.00  1.00  1.00  1.00  1.00
GLU A0042 -1.00 -1.00 -1.00 -1.00 -1.00
ASP A0047 -1.00 -1.00 -1.00 -1.00 -1.00
ARG A0050  1.00  1.00  1.00  1.00  1.00
ASP A0052 -1.00 -1.00 -1.00 -1.00 -1.00
LYS A0060  1.00  1.00  1.00  1.00  1.00
LYS A0063  0.75  0.75  0.74  0.75  0.75
ASP A0064 -1.00 -1.00 -1.00 -1.00 -1.00
ASP A0068 -1.00 -1.00 -1.00 -1.00 -1.00
LYS A0069  1.00  1.00  1.00  1.00  1.00
ASP A0070 -1.00 -1.00 -1.00 -1.00 -1.00
ASP A0073 -0.99 -0.99 -1.00 -0.99 -0.99
GLU A0077 -1.00 -1.00 -1.00 -1.00 -1.00
GLU A0079 -1.00 -1.00 -1.00 -1.00 -1.00
LYS A0082  1.00  1.00  1.00  1.00  1.00
ARG A0086  1.00  1.00  1.00  1.00  1.00
HIS A0087  0.00  0.00  0.00  0.00  0.00
LYS A0088  0.99  1.00  1.00  0.99  0.99
CYS A0097  0.00  0.00  0.00  0.00  0.00
GLU A0100 -1.00 -1.00 -1.00 -1.00 -1.00
TYR A0104 -0.00 -0.00 -0.00 -0.00 -0.00
GLU A0108 -1.00 -1.00 -1.00 -1.00 -1.00
CYS A0109 -0.00 -0.00 -0.00 -0.00 -0.00
LYS A0112  1.00  1.00  1.00  1.00  1.00
ARG A0116  1.00  1.00  1.00  1.00  1.00
GLU A0117 -1.00 -1.00 -1.00 -1.00 -1.00
ARG A0120  1.00  1.00  1.00  1.00  1.00
ARG A0122  1.00  1.00  1.00  1.00  1.00
ARG A0123  1.00  1.00  1.00  1.00  1.00
ASP A0128 -1.00 -1.00 -1.00 -1.00 -1.00
ASP A0132 -1.00 -1.00 -1.00 -1.00 -1.00
ARG A0135  1.00  1.00  1.00  1.00  1.00
GLU A0138 -1.00 -1.00 -1.00 -1.00 -1.00
CYS A0149  0.00  0.00  0.00  0.00  0.00
TYR A0151 -0.00 -0.00 -0.00 -0.00 -0.00
ARG A0155  1.00  1.00  1.00  1.00  1.00
TYR A0159  0.00  0.00  0.00  0.00  0.00
GLU A0161 -0.99 -0.99 -0.99 -0.99 -0.99
ARG A0163  1.00  1.00  1.00  1.00  1.00
LYS A0164  1.00  1.00  1.00  1.00  1.00
CYS A0165 -0.00 -0.00 -0.00 -0.00 -0.00
HIS A0167  0.00  0.00  0.00  0.00  0.00
ARG A0168  1.00  1.00  1.00  1.00  1.00
ASP A0169 -0.46 -0.46 -0.46 -0.45 -0.45
ARG A0173  1.00  1.00  1.00  1.00  1.00
GLU A0179 -1.00 -1.00 -1.00 -1.00 -1.00
ASP A0180 -1.00 -1.00 -1.00 -1.00 -1.00
LYS A0184  1.00  1.00  1.00  1.00  1.00
ASP A0187 -0.93 -0.93 -0.93 -0.93 -0.93
ARG A0192  1.00  1.00  1.00  1.00  1.00
HIS A0195  0.00  0.00  0.00  0.00  0.00
HIS A0196  0.20  0.20  0.20  0.20  0.19
ASP A0198 -1.00 -1.00 -1.00 -1.00 -1.00
TYR A0199 -0.01 -0.01 -0.01 -0.01 -0.01
TYR A0200 -0.50 -0.50 -0.50 -0.50 -0.50
LYS A0201  1.00  1.00  1.00  1.00  1.00
LYS A0202  1.00  1.00  1.00  1.00  1.00
ARG A0207  1.00  1.00  1.00  1.00  1.00
LYS A0211  1.00  1.00  1.00  1.00  1.00
GLU A0216 -1.00 -1.00 -1.00 -1.00 -1.00
ASP A0220 -1.00 -1.00 -1.00 -1.00 -1.00
ARG A0221  1.00  1.00  1.00  1.00  1.00
TYR A0223 -0.00 -0.00 -0.00 -0.00 -0.00
HIS A0225  0.72  0.72  0.72  0.72  0.72
ASP A0228 -1.00 -1.00 -1.00 -1.00 -1.00
GLU A0238 -0.95 -0.95 -0.95 -0.95 -0.95
TYR A0247  0.00  0.00  0.00  0.00  0.00
GLU A0253 -1.00 -1.00 -1.00 -1.00 -1.00
GLU A0254 -1.00 -1.00 -1.00 -1.00 -1.00
ARG A0260  1.00  1.00  1.00  1.00  1.00
GLU A0261 -1.00 -1.00 -1.00 -1.00 -1.00
HIS A0263  0.39  0.40  0.39  0.39  0.39
ARG A0264  1.00  1.00  1.00  1.00  1.00
ASP A0266 -1.00 -1.00 -1.00 -1.00 -1.00
ARG A0267  1.00  1.00  1.00  1.00  1.00
HIS A0270  0.34  0.34  0.34  0.34  0.34
CYS A0271  0.00  0.00  0.00  0.00  0.00
GLU A0274 -1.00 -1.00 -1.00 -1.00 -1.00
TYR A0276 -0.00 -0.00 -0.00  0.00 -0.00
ARG A0280  1.00  1.00  1.00  1.00  1.00
GLU A0281 -1.00 -1.00 -1.00 -1.00 -1.00
CYS A0282  0.00  0.00  0.00  0.00  0.00
HIS A0284  0.21  0.21  0.21  0.21  0.22
ARG A0290  1.00  1.00  1.00  1.00  1.00
LYS A0294  1.00  1.00  1.00  1.00  1.00
GLU A0298 -1.00 -1.00 -1.00 -1.00 -1.00
ASP A0301 -1.00 -1.00 -1.00 -1.00 -1.00
LYS A0302  1.00  1.00  1.00  1.00  1.00
GLU A0309 -1.00 -1.00 -1.00 -1.00 -1.00
GLU A0310 -1.00 -1.00 -1.00 -1.00 -1.00
CTR A0310 -1.00 -1.00 -1.00 -1.00 -1.00

Tot Protn  -3.4  -3.4  -3.4  -3.4  -3.4
Tot Elec    0.0   0.0   0.0   0.0   0.0
Net crg    -2.4  -2.4  -2.4  -2.4  -2.4
