iConf CONFORMER     FL  occ    crg   Em0  pKa0 ne nH    vdw0    vdw1    tors    epol   dsolv   extra    history
00001 ASN01A0001_001 f 0.00  0.000     0  0.00  0  0  -1.690  -1.264   1.113   0.922   0.876   0.000 01O000M000t
00002 ASN01A0001_002 f 0.00  0.000     0  0.00  0  0  -2.111  -0.507   1.115  -0.193   0.752   0.000 01R001M000t
00003 PRO01A0002_001 f 0.00  0.000     0  0.00  0  0  -1.082   4.632   0.000   0.000   0.000   0.000 01O000M000t
00004 ASN01A0003_001 f 0.00  0.000     0  0.00  0  0  -2.350  -2.660   0.550   0.383   0.469   0.000 01O000M000t
00005 ASN01A0003_002 f 0.00  0.000     0  0.00  0  0  -2.417  -2.289   0.549  -0.018   0.630   0.000 01R001M000t
00006 TYR01A0004_001 f 0.00  0.000     0  0.00  0  0   4.443  -9.003   0.196  -0.098   2.326   0.000 01O000M000t
00007 TYR-1A0004_002 f 0.00 -1.000     0 10.20  0 -1   4.443  -9.003   0.196  -0.307   9.250   0.000 -1O000M000t
00008 CYS01A0005_001 f 0.00  0.000     0  0.00  0  0  -3.650  -2.115   0.032  -0.081   0.504   0.000 01O000M000t
00009 CYS01A0005_002 f 0.00  0.000     0  0.00  0  0  -3.650  -2.121   0.032  -0.066   0.172   0.000 01O000M000t
00010 CYS01A0005_003 f 0.00  0.000     0  0.00  0  0  -3.651  -2.068   0.032  -0.183   0.014   0.000 01O000M000t
00011 CYS-1A0005_004 f 0.00 -1.000     0  9.10  0 -1  -3.649  -2.053   0.032  -0.879   1.530   0.000 -1O000M000t
00012 PHE01A0006_001 f 0.00  0.000     0  0.00  0  0   4.020  -5.980   0.307   0.000   0.000   0.000 01O000M000t
00013 ALA01A0007_001 f 0.00  0.000     0  0.00  0  0  -1.236   1.712   0.000   0.000   0.000   0.000 01O000M000t
00014 LYS01A0009_001 f 0.00  0.000     0  0.00  0  0  -9.561  10.067   2.320  -0.240  -0.088   0.000 01O000M000t
00015 LYS+1A0009_002 f 0.00  1.000     0 10.40  0  1  -9.607  10.052   2.320   0.825   0.154   0.000 +1O000M000t
00016 THR01A0010_001 f 0.00  0.000     0  0.00  0  0  -1.996   2.150   0.405  -0.238   1.267   0.000 01O000M000t
00017 THR01A0010_002 f 0.00  0.000     0  0.00  0  0  -1.996   2.150   0.405   0.207   1.200   0.000 01O000M000t
00018 THR01A0010_003 f 0.00  0.000     0  0.00  0  0  -1.996   2.150   0.030  -0.465   0.424   0.000 01O000M000t
00019 SER01A0011_001 f 0.00  0.000     0  0.00  0  0   0.000  -2.357   0.375  -0.262   1.583   0.000 01O000M000t
00020 SER01A0012_001 f 0.00  0.000     0  0.00  0  0  -1.657  -1.093   0.378   2.228   1.374   0.000 01O000M000t
00021 SER01A0012_002 f 0.00  0.000     0  0.00  0  0  -1.657  -1.093   0.378  -0.631   1.374   0.000 01O000M000t
00022 SER01A0012_003 f 0.00  0.000     0  0.00  0  0  -1.657  -1.093   0.003  -1.957   0.396   0.000 01O000M000t
00023 ILE01A0013_001 f 0.00  0.000     0  0.00  0  0  -0.539   7.092   1.023   0.000   0.000   0.000 01O000M000t
00024 SER01A0014_001 f 0.00  0.000     0  0.00  0  0  -4.204  -0.762   0.380  -0.429  -0.139   0.000 01O000M000t
00025 SER01A0014_002 f 0.00  0.000     0  0.00  0  0  -4.204  -0.762   0.380   0.391   0.368   0.000 01O000M000t
00026 ASP01A0015_001 f 0.00  0.000     0  0.00  0  0  -1.637 999.000   3.215   4.365   0.739   0.000 01O000M000t
00027 ASP01A0015_002 f 0.00  0.000     0  0.00  0  0  -1.637   7.987   0.495  -0.432   0.576   0.000 01O000M000t
00028 ASP02A0015_003 f 0.00  0.000     0  0.00  0  0  -1.933   5.735   3.215  -0.760   0.012   0.000 02O000M000t
00029 ASP02A0015_004 f 0.00  0.000     0  0.00  0  0  -1.933   5.735   0.495  -0.983   0.994   0.000 02O000M000t
00030 ASP-1A0015_005 f 0.00 -1.000     0  4.75  0 -1  -1.758   5.555   0.495  -2.717   1.823   0.000 -1O000M000t
00031 LEU01A0016_001 f 0.00  0.000     0  0.00  0  0   1.871  -5.694   0.441   0.000   0.000   0.000 01O000M000t
00032 LYS01A0017_001 f 0.00  0.000     0  0.00  0  0  -5.710   3.041   0.966  -1.041   0.659   0.000 01O000M000t
00033 LYS+1A0017_002 f 0.00  1.000     0 10.40  0  1  -5.795   3.179   0.966  -1.602   4.812   0.000 +1O000M000t
00034 GLU01A0018_001 f 0.00  0.000     0  0.00  0  0   1.865  -5.010   3.615  -1.981   1.166   0.000 01O000M000t
00035 GLU01A0018_002 f 0.00  0.000     0  0.00  0  0   1.865  -5.010   0.895   2.494   2.269   0.000 01O000M000t
00036 GLU02A0018_003 f 0.00  0.000     0  0.00  0  0   1.437  -5.005   3.615  -1.697   1.051   0.000 02O000M000t
00037 GLU02A0018_004 f 0.00  0.000     0  0.00  0  0   1.437  -5.005   0.895   2.559   2.352   0.000 02O000M000t
00038 GLU-1A0018_005 f 0.00 -1.000     0  4.75  0 -1   1.339  -5.084   0.895  -5.970   6.825   0.000 -1O000M000t
00039 VAL01A0019_001 f 0.00  0.000     0  0.00  0  0   0.187  -1.854   0.004   0.000   0.000   0.000 01O000M000t
00040 PRO01A0020_001 f 0.00  0.000     0  0.00  0  0  -2.872  -0.793   0.000   0.000   0.000   0.000 01O000M000t
00041 ARG01A0021_001 f 0.00  0.000     0  0.00  0  0   0.153  -4.986   0.855  -2.242   3.889   0.000 01O000M000t
00042 ARG02A0021_002 f 0.00  0.000     0  0.00  0  0   0.134  -5.021   0.855  -2.290   3.980   0.000 02O000M000t
00043 ARG03A0021_003 f 0.00  0.000     0  0.00  0  0   0.086  -5.136   0.855   1.157   4.353   0.000 03O000M000t
00044 ARG03A0021_004 f 0.00  0.000     0  0.00  0  0   0.092  -4.892   0.855  -1.753   4.274   0.000 03O000M000t
00045 ARG+1A0021_005 f 0.00  1.000     0 12.50  0  1   0.047  -5.049   0.855  -3.534   7.274   0.000 +1O000M000t
00046 LYS01A0022_001 f 0.00  0.000     0  0.00  0  0  -7.333  -1.184   0.941  -0.115   0.416   0.000 01O000M000t
00047 LYS+1A0022_002 f 0.00  1.000     0 10.40  0  1  -7.416  -1.196   0.941   0.551   1.969   0.000 +1O000M000t
00048 ASN01A0023_001 f 0.00  0.000     0  0.00  0  0  -1.501   1.245   0.404   0.159   0.947   0.000 01O000M000t
00049 ILE01A0024_001 f 0.00  0.000     0  0.00  0  0   3.924  -3.657   0.443   0.000   0.000   0.000 01O000M000t
00050 THR01A0025_001 f 0.00  0.000     0  0.00  0  0  -4.550  -0.945   0.376  -0.189  -0.261   0.000 01O000M000t
00051 LEU01A0026_001 f 0.00  0.000     0  0.00  0  0  -1.178   0.340   1.471   0.000   0.000   0.000 01O000M000t
00052 ILE01A0027_001 f 0.00  0.000     0  0.00  0  0  -1.483   1.708   0.398   0.000   0.000   0.000 01O000M000t
00053 ARG01A0028_001 f 0.00  0.000     0  0.00  0  0  -5.923  -1.883   0.489   0.004   0.818   0.000 01O000M000t
00054 ARG02A0028_002 f 0.00  0.000     0  0.00  0  0  -5.965  -1.888   0.489  -0.000   1.935   0.000 02O000M000t
00055 ARG02A0028_003 f 0.00  0.000     0  0.00  0  0  -5.886  -1.883   0.489  -0.129   1.568   0.000 02O000M000t
00056 ARG03A0028_004 f 0.00  0.000     0  0.00  0  0  -5.967  -1.890   0.489  -0.006   1.707   0.000 03O000M000t
00057 ARG+1A0028_005 f 0.00  1.000     0 12.50  0  1  -6.012  -1.892   0.489   0.089   0.977   0.000 +1O000M000t
00058 LEU01A0030_001 f 0.00  0.000     0  0.00  0  0  -0.708   2.181   1.949   0.000   0.000   0.000 01O000M000t
00059 HIS01A0032_001 f 0.00  0.000     0  0.00  0  0  -9.354  64.562   1.168   0.208   0.509   0.000 01O000M000t
00060 HIS01A0032_002 f 0.00  0.000     0  0.00  0  0  -9.763  64.551   1.168   0.133   0.544   0.000 01R001M000t
00061 HIS02A0032_003 f 0.00  0.000     0  0.00  0  0  -9.367  64.534   1.168   0.209   0.210   0.000 02O000M000t
00062 HIS02A0032_004 f 0.00  0.000     0  0.00  0  0  -9.777  64.455   1.168   0.144   0.490   0.000 02R001M000t
00063 HIS+1A0032_005 f 0.00  1.000     0  6.98  0  1  -9.391  64.522   1.168   1.566  -0.305   0.000 +1O000M000t
00064 HIS+1A0032_006 f 0.00  1.000     0  6.98  0  1  -9.805  64.447   1.168   1.537  -0.023   0.000 +1R001M000t
00065 ALA01A0034_001 f 0.00  0.000     0  0.00  0  0  -3.174   1.554   0.000   0.000   0.000   0.000 01O000M000t
00066 PHE01A0035_001 f 0.00  0.000     0  0.00  0  0  -1.125  -2.549   0.000   0.000   0.000   0.000 01O000M000t
00067 GLU01A0037_001 f 0.00  0.000     0  0.00  0  0  -1.198  -1.986   3.229   0.318   0.089   0.000 01O000M000t
00068 GLU01A0037_002 f 0.00  0.000     0  0.00  0  0  -1.198  -1.986   0.509   0.074   0.756   0.000 01O000M000t
00069 GLU02A0037_003 f 0.00  0.000     0  0.00  0  0  -1.436  -1.974   3.229   0.005  -0.314   0.000 02O000M000t
00070 GLU02A0037_004 f 0.00  0.000     0  0.00  0  0  -1.436  -1.974   0.509   0.012   0.987   0.000 02O000M000t
00071 GLU-1A0037_005 f 0.00 -1.000     0  4.75  0 -1  -1.402  -1.949   0.509  -0.507   1.058   0.000 -1O000M000t
00072 VAL01A0038_001 f 0.00  0.000     0  0.00  0  0  -1.745  -2.324   0.050   0.000   0.000   0.000 01O000M000t
00073 TYR01A0039_001 f 0.00  0.000     0  0.00  0  0   1.555  -8.545   0.107   0.194   0.747   0.000 01O000M000t
00074 TYR01A0039_002 f 0.00  0.000     0  0.00  0  0   1.555  -8.545   0.107   0.306   1.091   0.000 01O000M000t
00075 TYR-1A0039_003 f 0.00 -1.000     0 10.20  0 -1   1.555  -8.545   0.107  -0.381   1.522   0.000 -1O000M000t
00076 GLU01A0040_001 f 0.00  0.000     0  0.00  0  0   0.446  -3.280   2.927   0.090   0.846   0.000 01O000M000t
00077 GLU01A0040_002 f 0.00  0.000     0  0.00  0  0   0.446  -3.280   0.207   0.054   1.218   0.000 01O000M000t
00078 GLU02A0040_003 f 0.00  0.000     0  0.00  0  0   0.873  -3.293   2.927   0.512   0.988   0.000 02O000M000t
00079 GLU02A0040_004 f 0.00  0.000     0  0.00  0  0   0.873  -3.293   0.207   0.126   1.041   0.000 02O000M000t
00080 GLU-1A0040_005 f 0.00 -1.000     0  4.75  0 -1   0.495  -3.244   0.207  -0.328   2.779   0.000 -1O000M000t
00081 GLN01A0042_001 f 0.00  0.000     0  0.00  0  0  -0.807  -4.054   0.711  -0.008   0.257   0.000 01O000M000t
00082 GLN01A0042_002 f 0.00  0.000     0  0.00  0  0  -0.492  -4.050   0.716   0.102   0.083   0.000 01R001M000t
00083 VAL01A0043_001 f 0.00  0.000     0  0.00  0  0  -0.274  14.620   0.059   0.000   0.000   0.000 01O000M000t
00084 SER01A0044_001 f 0.00  0.000     0  0.00  0  0  -0.962  11.926   2.364  -0.560   0.127   0.000 01O000M000t
00085 SER01A0044_002 f 0.00  0.000     0  0.00  0  0  -0.962  11.926   1.989   0.072   0.960   0.000 01O000M000t
00086 MET01A0046_001 f 0.00  0.000     0  0.00  0  0  -2.070  15.380   1.348   0.138   0.028   0.000 01O000M000t
00087 PRO01A0047_001 f 0.00  0.000     0  0.00  0  0  -4.494   4.390   0.000   0.000   0.000   0.000 01O000M000t
00088 ASN01A0048_001 f 0.00  0.000     0  0.00  0  0  -3.804   6.609   1.807   1.069   0.661   0.000 01O000M000t
00089 ASN01A0048_002 f 0.00  0.000     0  0.00  0  0  -3.655   3.894   1.812  -0.268   0.139   0.000 01R001M000t
00090 ASP01A0049_001 f 0.00  0.000     0  0.00  0  0  -1.856 737.431   4.028  -0.934   0.228   0.000 01O000M000t
00091 ASP01A0049_002 f 0.00  0.000     0  0.00  0  0  -1.856 737.431   1.308  -1.515   0.987   0.000 01O000M000t
00092 ASP02A0049_003 f 0.00  0.000     0  0.00  0  0  -1.813 999.000   4.028   7.427   1.128   0.000 02O000M000t
00093 ASP02A0049_004 f 0.00  0.000     0  0.00  0  0  -1.813 910.572   1.308  -1.048   1.060   0.000 02O000M000t
00094 ASP-1A0049_005 f 0.00 -1.000     0  4.75  0 -1  -1.866 737.418   1.308  -3.844   1.612   0.000 -1O000M000t
00095 PRO01A0050_001 f 0.00  0.000     0  0.00  0  0  -2.167 392.094   0.000   0.000   0.000   0.000 01O000M000t
00096 SER01A0051_001 f 0.00  0.000     0  0.00  0  0  -5.018   0.428   1.279  -0.275   0.223   0.000 01O000M000t
00097 SER01A0051_002 f 0.00  0.000     0  0.00  0  0  -5.018   0.428   0.904  -0.670   0.010   0.000 01O000M000t
00098 PRO01A0052_001 f 0.00  0.000     0  0.00  0  0  -0.829 999.000   0.000   0.000   0.000   0.000 01O000M000t
00099 LEU01A0053_001 f 0.00  0.000     0  0.00  0  0  -4.407  -1.219   1.503   0.000   0.000   0.000 01O000M000t
00100 GLN01A0054_001 f 0.00  0.000     0  0.00  0  0  -1.440  -0.812   0.556   0.052  -0.165   0.000 01O000M000t
00101 GLN01A0054_002 f 0.00  0.000     0  0.00  0  0  -0.347  -0.835   0.556   0.089  -0.243   0.000 01R001M000t
00102 VAL01A0055_001 f 0.00  0.000     0  0.00  0  0   0.698  26.316   0.044   0.000   0.000   0.000 01O000M000t
00103 ALA01A0056_001 f 0.00  0.000     0  0.00  0  0  -0.341  -2.291   0.000   0.000   0.000   0.000 01O000M000t
00104 VAL01A0057_001 f 0.00  0.000     0  0.00  0  0   0.550  -3.023   0.034   0.000   0.000   0.000 01O000M000t
00105 LYS01A0058_001 f 0.00  0.000     0  0.00  0  0   1.670  -3.990   1.068  -0.047   0.292   0.000 01O000M000t
00106 LYS+1A0058_002 f 0.00  1.000     0 10.40  0  1   1.612  -4.007   1.068   0.106   2.257   0.000 +1O000M000t
00107 THR01A0059_001 f 0.00  0.000     0  0.00  0  0  -0.091  -2.303   0.607  -0.123   1.575   0.000 01O000M000t
00108 LEU01A0060_001 f 0.00  0.000     0  0.00  0  0   1.835  -5.612   0.526   0.000   0.000   0.000 01O000M000t
00109 PRO01A0061_001 f 0.00  0.000     0  0.00  0  0  -0.859  -2.328   0.000   0.000   0.000   0.000 01O000M000t
00110 GLU01A0062_001 f 0.00  0.000     0  0.00  0  0  -0.630  -3.019   4.621   0.260   0.218   0.000 01O000M000t
00111 GLU01A0062_002 f 0.00  0.000     0  0.00  0  0  -0.630  -3.019   1.901   0.119   0.669   0.000 01O000M000t
00112 GLU02A0062_003 f 0.00  0.000     0  0.00  0  0  -1.004  -3.021   4.621   0.363   0.037   0.000 02O000M000t
00113 GLU02A0062_004 f 0.00  0.000     0  0.00  0  0  -1.004  -3.021   1.901   0.122   0.958   0.000 02O000M000t
00114 GLU-1A0062_005 f 0.00 -1.000     0  4.75  0 -1  -1.007  -2.963   1.901  -0.643   1.458   0.000 -1O000M000t
00115 VAL01A0063_001 f 0.00  0.000     0  0.00  0  0  -7.647  12.564   0.126   0.000   0.000   0.000 01O000M000t
00116 CYS01A0064_001 f 0.00  0.000     0  0.00  0  0  -0.002  -3.027   0.096  -0.392   0.393   0.000 01O000M000t
00117 CYS01A0064_002 f 0.00  0.000     0  0.00  0  0  -0.002  -3.051   0.096  -0.229   0.607   0.000 01O000M000t
00118 CYS01A0064_003 f 0.00  0.000     0  0.00  0  0  -0.002  -2.965   0.096  -0.083   0.839   0.000 01O000M000t
00119 CYS-1A0064_004 f 0.00 -1.000     0  9.10  0 -1   0.000  -2.903   0.096  -0.720   5.382   0.000 -1O000M000t
00120 SER01A0065_001 f 0.00  0.000     0  0.00  0  0  -2.808  -1.152   0.470  -0.242   1.289   0.000 01O000M000t
00121 SER01A0065_002 f 0.00  0.000     0  0.00  0  0  -2.808  -1.152   0.470   3.089   1.527   0.000 01O000M000t
00122 SER01A0065_003 f 0.00  0.000     0  0.00  0  0  -2.808  -1.152   0.095  -2.071   0.456   0.000 01O000M000t
00123 GLU01A0066_001 f 0.00  0.000     0  0.00  0  0  -2.133  -0.010   3.108   0.431  -0.731   0.000 01O000M000t
00124 GLU01A0066_002 f 0.00  0.000     0  0.00  0  0  -2.133  -0.010   0.388   0.094   0.255   0.000 01O000M000t
00125 GLU02A0066_003 f 0.00  0.000     0  0.00  0  0  -2.418  -0.350   3.108   0.104  -0.391   0.000 02O000M000t
00126 GLU02A0066_004 f 0.00  0.000     0  0.00  0  0  -2.418  -0.350   0.388   0.038   0.715   0.000 02O000M000t
00127 GLU-1A0066_005 f 0.00 -1.000     0  4.75  0 -1  -2.444  -0.307   0.388  -0.371   0.283   0.000 -1O000M000t
00128 GLN01A0067_001 f 0.00  0.000     0  0.00  0  0   1.093  87.768   0.346  -1.783   1.318   0.000 01O000M000t
00129 ASP01A0068_001 f 0.00  0.000     0  0.00  0  0  -0.942   4.366   2.977  -0.144  -0.235   0.000 01O000M000t
00130 ASP01A0068_002 f 0.00  0.000     0  0.00  0  0  -0.942   4.366   0.257  -0.804   0.908   0.000 01O000M000t
00131 ASP02A0068_003 f 0.00  0.000     0  0.00  0  0  -0.902   5.152   2.977   2.896   1.564   0.000 02O000M000t
00132 ASP02A0068_004 f 0.00  0.000     0  0.00  0  0  -0.902   5.152   0.257  -0.216   0.916   0.000 02O000M000t
00133 ASP-1A0068_005 f 0.00 -1.000     0  4.75  0 -1  -0.922   3.974   0.257  -3.421   2.410   0.000 -1O000M000t
00134 GLU01A0069_001 f 0.00  0.000     0  0.00  0  0   1.489  -1.544   4.002  -0.042   0.440   0.000 01O000M000t
00135 GLU01A0069_002 f 0.00  0.000     0  0.00  0  0   1.489  -1.544   1.282   0.010   1.845   0.000 01O000M000t
00136 GLU02A0069_003 f 0.00  0.000     0  0.00  0  0   2.032  -1.401   4.002   0.686   0.230   0.000 02O000M000t
00137 GLU02A0069_004 f 0.00  0.000     0  0.00  0  0   2.032  -1.401   1.282   0.115   1.688   0.000 02O000M000t
00138 GLU-1A0069_005 f 0.00 -1.000     0  4.75  0 -1   1.453  -1.495   1.282  -0.510   3.571   0.000 -1O000M000t
00139 LEU01A0070_001 f 0.00  0.000     0  0.00  0  0  -2.752  -0.581   0.427   0.000   0.000   0.000 01O000M000t
00140 ASP01A0071_001 f 0.00  0.000     0  0.00  0  0   0.032 999.000   3.335   0.575   2.025   0.000 01O000M000t
00141 ASP01A0071_002 f 0.00  0.000     0  0.00  0  0   0.032 999.000   0.615   3.404   2.343   0.000 01O000M000t
00142 ASP02A0071_003 f 0.00  0.000     0  0.00  0  0   0.108 879.649   3.335  -1.501   1.578   0.000 02O000M000t
00143 ASP02A0071_004 f 0.00  0.000     0  0.00  0  0   0.108 879.649   0.615   0.088   2.756   0.000 02O000M000t
00144 ASP-1A0071_005 f 0.00 -1.000     0  4.75  0 -1   0.022 877.970   0.615  -3.886   9.342   0.000 -1O000M000t
00145 PHE01A0072_001 f 0.00  0.000     0  0.00  0  0   4.401  -9.906   0.179   0.000   0.000   0.000 01O000M000t
00146 LEU01A0073_001 f 0.00  0.000     0  0.00  0  0   0.837  -1.113   0.486   0.000   0.000   0.000 01O000M000t
00147 MET01A0074_001 f 0.00  0.000     0  0.00  0  0   1.349  -6.507   0.415   0.066   0.095   0.000 01O000M000t
00148 GLU01A0075_001 f 0.00  0.000     0  0.00  0  0   0.735   1.614   3.670  -0.119   1.602   0.000 01O000M000t
00149 GLU01A0075_002 f 0.00  0.000     0  0.00  0  0   0.735   1.614   0.950  -0.184   1.326   0.000 01O000M000t
00150 GLU02A0075_003 f 0.00  0.000     0  0.00  0  0   0.882   1.023   3.670   0.259   0.621   0.000 02O000M000t
00151 GLU02A0075_004 f 0.00  0.000     0  0.00  0  0   0.882   1.023   0.950   0.058   1.448   0.000 02O000M000t
00152 GLU-1A0075_005 f 0.00 -1.000     0  4.75  0 -1   0.645   1.091   0.950  -0.398   4.849   0.000 -1O000M000t
00153 ALA01A0076_001 f 0.00  0.000     0  0.00  0  0   0.000  -0.824   0.000   0.000   0.000   0.000 01O000M000t
00154 LEU01A0077_001 f 0.00  0.000     0  0.00  0  0   1.892  11.596   1.233   0.000   0.000   0.000 01O000M000t
00155 ILE01A0078_001 f 0.00  0.000     0  0.00  0  0   1.871  -0.716   0.580   0.000   0.000   0.000 01O000M000t
00156 ILE01A0079_001 f 0.00  0.000     0  0.00  0  0   3.297  -2.255   0.454   0.000   0.000   0.000 01O000M000t
00157 SER01A0080_001 f 0.00  0.000     0  0.00  0  0  -0.792  -1.796   0.497   0.344   0.749   0.000 01O000M000t
00158 SER01A0080_002 f 0.00  0.000     0  0.00  0  0  -0.792  -1.796   0.497  -1.425   1.618   0.000 01O000M000t
00159 SER01A0080_003 f 0.00  0.000     0  0.00  0  0  -0.792  -1.796   0.122   0.024   1.263   0.000 01O000M000t
00160 LYS01A0081_001 f 0.00  0.000     0  0.00  0  0  -3.212   3.402   1.115  -0.010   0.093   0.000 01O000M000t
00161 LYS+1A0081_002 f 0.00  1.000     0 10.40  0  1  -3.260   3.377   1.115  -0.561   0.192   0.000 +1O000M000t
00162 PHE01A0082_001 f 0.00  0.000     0  0.00  0  0   4.493  -5.571   0.040   0.000   0.000   0.000 01O000M000t
00163 ASN01A0083_001 f 0.00  0.000     0  0.00  0  0  -3.410   0.991   0.528  -0.135   0.296   0.000 01O000M000t
00164 HIS01A0084_001 f 0.00  0.000     0  0.00  0  0  -2.163  -6.352   0.281  -1.967   2.605   0.000 01O000M000t
00165 HIS01A0084_002 f 0.00  0.000     0  0.00  0  0  -1.848   1.684   0.281   1.304   2.130   0.000 01R001M000t
00166 HIS02A0084_003 f 0.00  0.000     0  0.00  0  0  -2.183  -6.531   0.281   2.748   1.848   0.000 02O000M000t
00167 HIS02A0084_004 f 0.00  0.000     0  0.00  0  0  -1.860   1.728   0.281   0.922   2.117   0.000 02R001M000t
00168 HIS+1A0084_005 f 0.00  1.000     0  6.98  0  1  -2.210  -6.555   0.281   5.706   4.809   0.000 +1O000M000t
00169 HIS+1A0084_006 f 0.00  1.000     0  6.98  0  1  -1.887   1.654   0.281   4.103   4.416   0.000 +1R001M000t
00170 GLN01A0085_001 f 0.00  0.000     0  0.00  0  0  -2.260   1.014   0.271  -0.073   0.101   0.000 01O000M000t
00171 GLN01A0085_002 f 0.00  0.000     0  0.00  0  0  -1.539   1.003   0.271   0.124  -0.078   0.000 01R001M000t
00172 ASN01A0086_001 f 0.00  0.000     0  0.00  0  0  -0.047  -4.999   0.868  -1.348   1.707   0.000 01O000M000t
00173 ASN01A0086_002 f 0.00  0.000     0  0.00  0  0   0.061  -5.416   0.864   1.417   1.945   0.000 01R001M000t
00174 ILE01A0087_001 f 0.00  0.000     0  0.00  0  0   2.880  -3.357   0.436   0.000   0.000   0.000 01O000M000t
00175 VAL01A0088_001 f 0.00  0.000     0  0.00  0  0   0.660  -1.947   0.031   0.000   0.000   0.000 01O000M000t
00176 ARG01A0089_001 f 0.00  0.000     0  0.00  0  0  -4.128  -6.178   0.694   0.495   1.491   0.000 01O000M000t
00177 ARG02A0089_002 f 0.00  0.000     0  0.00  0  0  -4.167  -6.124   0.694   0.053   2.498   0.000 02O000M000t
00178 ARG02A0089_003 f 0.00  0.000     0  0.00  0  0  -4.107  -6.157   0.694   0.648   2.076   0.000 02O000M000t
00179 ARG03A0089_004 f 0.00  0.000     0  0.00  0  0  -4.167  -6.160   0.694   0.407   2.126   0.000 03O000M000t
00180 ARG+1A0089_005 f 0.00  1.000     0 12.50  0  1  -4.210  -6.202   0.694  -0.312   1.764   0.000 +1O000M000t
00181 CYS01A0090_001 f 0.00  0.000     0  0.00  0  0  -0.002  -4.831   0.001   0.008   0.687   0.000 01O000M000t
00182 CYS01A0090_002 f 0.00  0.000     0  0.00  0  0  -0.002  -4.740   0.001  -0.441   0.911   0.000 01O000M000t
00183 CYS01A0090_003 f 0.00  0.000     0  0.00  0  0  -0.002  -4.667   0.001  -0.355   0.839   0.000 01O000M000t
00184 CYS-1A0090_004 f 0.00 -1.000     0  9.10  0 -1   0.000  -4.605   0.001  -1.428   8.770   0.000 -1O000M000t
00185 ILE01A0091_001 f 0.00  0.000     0  0.00  0  0   1.404  -2.909   0.438   0.000   0.000   0.000 01O000M000t
00186 VAL01A0093_001 f 0.00  0.000     0  0.00  0  0   0.602  -1.782   0.015   0.000   0.000   0.000 01O000M000t
00187 SER01A0094_001 f 0.00  0.000     0  0.00  0  0   0.000  -2.288   0.377  -0.230   1.623   0.000 01O000M000t
00188 SER01A0094_002 f 0.00  0.000     0  0.00  0  0   0.000  -2.288   0.377  -0.045   1.007   0.000 01O000M000t
00189 SER01A0094_003 f 0.00  0.000     0  0.00  0  0   0.000  -2.288   0.002  -0.523   1.758   0.000 01O000M000t
00190 LEU01A0095_001 f 0.00  0.000     0  0.00  0  0   0.925  -3.309   0.402   0.000   0.000   0.000 01O000M000t
00191 GLN01A0096_001 f 0.00  0.000     0  0.00  0  0  -0.906  -0.683   0.263   0.271   0.132   0.000 01O000M000t
00192 GLN01A0096_002 f 0.00  0.000     0  0.00  0  0  -1.904  -0.645   0.265  -0.030  -0.225   0.000 01R001M000t
00193 SER01A0097_001 f 0.00  0.000     0  0.00  0  0  -1.817  -1.474   0.452  -0.330  -0.075   0.000 01O000M000t
00194 LEU01A0098_001 f 0.00  0.000     0  0.00  0  0  -3.568  -1.412   0.901   0.000   0.000   0.000 01O000M000t
00195 PRO01A0099_001 f 0.00  0.000     0  0.00  0  0  -2.472  -2.351   0.000   0.000   0.000   0.000 01O000M000t
00196 ARG01A0100_001 f 0.00  0.000     0  0.00  0  0  -1.191  -0.224   1.696  -1.037   1.742   0.000 01O000M000t
00197 ARG02A0100_002 f 0.00  0.000     0  0.00  0  0  -1.204  -0.180   1.696  -0.843   2.627   0.000 02O000M000t
00198 ARG03A0100_003 f 0.00  0.000     0  0.00  0  0  -1.213  -0.232   1.696  -0.904   2.502   0.000 03O000M000t
00199 ARG03A0100_004 f 0.00  0.000     0  0.00  0  0  -1.209  -0.232   1.696  -0.936   2.280   0.000 03O000M000t
00200 ARG+1A0100_005 f 0.00  1.000     0 12.50  0  1  -1.252  -0.238   1.696  -1.377   3.395   0.000 +1O000M000t
00201 PHE01A0101_001 f 0.00  0.000     0  0.00  0  0   3.789  -2.179   0.131   0.000   0.000   0.000 01O000M000t
00202 ILE01A0102_001 f 0.00  0.000     0  0.00  0  0   2.633  -3.025   0.470   0.000   0.000   0.000 01O000M000t
00203 LEU01A0103_001 f 0.00  0.000     0  0.00  0  0   1.735  -5.580   0.474   0.000   0.000   0.000 01O000M000t
00204 LEU01A0104_001 f 0.00  0.000     0  0.00  0  0   0.963  -5.442   0.480   0.000   0.000   0.000 01O000M000t
00205 GLU01A0105_001 f 0.00  0.000     0  0.00  0  0   1.502  -3.462   2.975   2.269   1.988   0.000 01O000M000t
00206 GLU01A0105_002 f 0.00  0.000     0  0.00  0  0   1.502  -3.462   0.255  -0.492   2.314   0.000 01O000M000t
00207 GLU02A0105_003 f 0.00  0.000     0  0.00  0  0   0.922  -3.892   2.975  -1.272   1.353   0.000 02O000M000t
00208 GLU02A0105_004 f 0.00  0.000     0  0.00  0  0   0.922  -3.892   0.255  -1.355   2.442   0.000 02O000M000t
00209 GLU-1A0105_005 f 0.00 -1.000     0  4.75  0 -1   0.922  -3.840   0.255  -2.586   7.502   0.000 -1O000M000t
00210 LEU01A0106_001 f 0.00  0.000     0  0.00  0  0   1.077  -6.010   0.475   0.000   0.000   0.000 01O000M000t
00211 MET01A0107_001 f 0.00  0.000     0  0.00  0  0  -0.459  36.451   0.576  -0.051   0.092   0.000 01O000M000t
00212 ALA01A0108_001 f 0.00  0.000     0  0.00  0  0  -2.727  -0.262   0.000   0.000   0.000   0.000 01O000M000t
00213 ASP01A0111_001 f 0.00  0.000     0  0.00  0  0  -0.569  -5.260   4.249  -1.113   0.493   0.000 01O000M000t
00214 ASP01A0111_002 f 0.00  0.000     0  0.00  0  0  -0.569  -5.260   1.529  -1.022   1.885   0.000 01O000M000t
00215 ASP02A0111_003 f 0.00  0.000     0  0.00  0  0  -0.594  -5.001   4.249   1.487   1.552   0.000 02O000M000t
00216 ASP02A0111_004 f 0.00  0.000     0  0.00  0  0  -0.594  -5.001   1.529   0.981   1.700   0.000 02O000M000t
00217 ASP-1A0111_005 f 0.00 -1.000     0  4.75  0 -1  -0.640  -5.238   1.529  -4.915   4.792   0.000 -1O000M000t
00218 LEU01A0112_001 f 0.00  0.000     0  0.00  0  0   1.786  -1.717   0.522   0.000   0.000   0.000 01O000M000t
00219 LYS01A0113_001 f 0.00  0.000     0  0.00  0  0  -1.257  -4.794   1.036  -0.476   0.783   0.000 01O000M000t
00220 LYS+1A0113_002 f 0.00  1.000     0 10.40  0  1  -1.334  -4.842   1.036  -1.029   5.071   0.000 +1O000M000t
00221 SER01A0114_001 f 0.00  0.000     0  0.00  0  0  -2.220  -1.294   0.378  -0.550   0.058   0.000 01O000M000t
00222 SER01A0114_002 f 0.00  0.000     0  0.00  0  0  -2.220  -1.294   0.378   0.608   0.575   0.000 01O000M000t
00223 SER01A0114_003 f 0.00  0.000     0  0.00  0  0  -2.220  -1.294   0.003  -0.623   0.063   0.000 01O000M000t
00224 PHE01A0115_001 f 0.00  0.000     0  0.00  0  0   4.392  -6.516   0.079   0.000   0.000   0.000 01O000M000t
00225 LEU01A0116_001 f 0.00  0.000     0  0.00  0  0   1.852  -7.116   0.584   0.000   0.000   0.000 01O000M000t
00226 ARG01A0117_001 f 0.00  0.000     0  0.00  0  0  -4.003  -3.937   0.425  -0.916   0.837   0.000 01O000M000t
00227 ARG02A0117_002 f 0.00  0.000     0  0.00  0  0  -3.959  -3.862   0.425   0.533   1.710   0.000 02O000M000t
00228 ARG03A0117_003 f 0.00  0.000     0  0.00  0  0  -4.050  -3.945   0.425  -0.871   1.624   0.000 03O000M000t
00229 ARG+1A0117_004 f 0.00  1.000     0 12.50  0  1  -4.089  -3.948   0.425  -1.603   1.550   0.000 +1O000M000t
00230 GLU01A0118_001 f 0.00  0.000     0  0.00  0  0  -0.819  -1.180   3.327  -0.070  -0.156   0.000 01O000M000t
00231 GLU01A0118_002 f 0.00  0.000     0  0.00  0  0  -0.819  -1.180   0.607  -0.045   0.549   0.000 01O000M000t
00232 GLU02A0118_003 f 0.00  0.000     0  0.00  0  0  -1.462  -1.180   3.327  -0.007  -0.263   0.000 02O000M000t
00233 GLU02A0118_004 f 0.00  0.000     0  0.00  0  0  -1.462  -1.180   0.607   0.004   0.679   0.000 02O000M000t
00234 GLU-1A0118_005 f 0.00 -1.000     0  4.75  0 -1  -1.382  -1.138   0.607   0.304   0.118   0.000 -1O000M000t
00235 THR01A0119_001 f 0.00  0.000     0  0.00  0  0  -0.790  10.312   0.989  -1.265   1.409   0.000 01O000M000t
00236 ARG01A0120_001 f 0.00  0.000     0  0.00  0  0   0.111  -0.782   0.438   1.445   2.532   0.000 01O000M000t
00237 ARG02A0120_002 f 0.00  0.000     0  0.00  0  0   0.074  -0.623   0.438  -1.796   3.211   0.000 02O000M000t
00238 ARG02A0120_003 f 0.00  0.000     0  0.00  0  0   0.135  -0.620   0.438  -1.607   2.788   0.000 02O000M000t
00239 ARG03A0120_004 f 0.00  0.000     0  0.00  0  0   0.073  -0.448   0.438  -0.345   3.047   0.000 03O000M000t
00240 ARG+1A0120_005 f 0.00  1.000     0 12.50  0  1   0.030  -0.630   0.438  -5.521   5.578   0.000 +1O000M000t
00241 PRO01A0121_001 f 0.00  0.000     0  0.00  0  0  -0.032  -2.851   0.000   0.000   0.000   0.000 01O000M000t
00242 ARG01A0122_001 f 0.00  0.000     0  0.00  0  0  -2.953  -5.177   0.482   0.546   0.449   0.000 01O000M000t
00243 ARG02A0122_002 f 0.00  0.000     0  0.00  0  0  -2.979  -5.206   0.482   0.499   1.222   0.000 02O000M000t
00244 ARG03A0122_003 f 0.00  0.000     0  0.00  0  0  -2.971  -5.211   0.482   0.438   1.455   0.000 03O000M000t
00245 ARG+1A0122_004 f 0.00  1.000     0 12.50  0  1  -3.024  -5.217   0.482   0.797   0.960   0.000 +1O000M000t
00246 PRO01A0123_001 f 0.00  0.000     0  0.00  0  0  -1.813 190.666   0.000   0.000   0.000   0.000 01O000M000t
00247 SER01A0124_001 f 0.00  0.000     0  0.00  0  0  -2.632   2.258   0.509   0.955   1.663   0.000 01O000M000t
00248 SER01A0124_002 f 0.00  0.000     0  0.00  0  0  -2.632   2.258   0.509   0.767   1.608   0.000 01O000M000t
00249 GLN01A0125_001 f 0.00  0.000     0  0.00  0  0  11.222 147.021   4.580   0.403   0.364   0.000 01O000M000t
00250 PRO01A0126_001 f 0.00  0.000     0  0.00  0  0  -5.205   8.508   0.000   0.000   0.000   0.000 01O000M000t
00251 SER01A0127_001 f 0.00  0.000     0  0.00  0  0   0.000 224.551   2.211  -2.211   1.527   0.000 01O000M000t
00252 SER01A0127_002 f 0.00  0.000     0  0.00  0  0   0.000 224.551   2.210  -1.616   1.845   0.000 01O000M000t
00253 SER01A0127_003 f 0.00  0.000     0  0.00  0  0   0.000 999.000   1.835   9.200   1.900   0.000 01O000M000t
00254 SER01A0128_001 f 0.00  0.000     0  0.00  0  0  -3.778   2.006   0.405   0.234   0.268   0.000 01O000M000t
00255 LEU01A0129_001 f 0.00  0.000     0  0.00  0  0   1.789   0.827   1.448   0.000   0.000   0.000 01O000M000t
00256 ALA01A0130_001 f 0.00  0.000     0  0.00  0  0  -2.795  -0.522   0.000   0.000   0.000   0.000 01O000M000t
00257 MET01A0131_001 f 0.00  0.000     0  0.00  0  0  -0.088  -4.807   2.022  -0.050   0.092   0.000 01O000M000t
00258 LEU01A0132_001 f 0.00  0.000     0  0.00  0  0  -2.291  -1.041   0.574   0.000   0.000   0.000 01O000M000t
00259 ASP01A0133_001 f 0.00  0.000     0  0.00  0  0  -0.251  -2.780   3.714   2.572   1.522   0.000 01O000M000t
00260 ASP01A0133_002 f 0.00  0.000     0  0.00  0  0  -0.251  -2.780   0.994  -0.107   0.800   0.000 01O000M000t
00261 ASP02A0133_003 f 0.00  0.000     0  0.00  0  0  -0.292  -3.046   3.714  -0.408   0.038   0.000 02O000M000t
00262 ASP02A0133_004 f 0.00  0.000     0  0.00  0  0  -0.292  -3.046   0.994  -0.466   0.596   0.000 02O000M000t
00263 ASP-1A0133_005 f 0.00 -1.000     0  4.75  0 -1  -0.311  -3.001   0.994  -2.559   2.736   0.000 -1O000M000t
00264 LEU01A0134_001 f 0.00  0.000     0  0.00  0  0   1.654  -3.430   0.405   0.000   0.000   0.000 01O000M000t
00265 LEU01A0135_001 f 0.00  0.000     0  0.00  0  0   1.743  -4.571   0.848   0.000   0.000   0.000 01O000M000t
00266 HIS01A0136_001 f 0.00  0.000     0  0.00  0  0  -3.710  -4.172   0.396   0.723   1.271   0.000 01O000M000t
00267 HIS01A0136_002 f 0.00  0.000     0  0.00  0  0  -3.092  -4.343   0.396   0.490   1.796   0.000 01R001M000t
00268 HIS02A0136_003 f 0.00  0.000     0  0.00  0  0  -3.730  -4.185   0.396   0.559   0.876   0.000 02O000M000t
00269 HIS02A0136_004 f 0.00  0.000     0  0.00  0  0  -3.102  -4.432   0.396   0.572   1.328   0.000 02R001M000t
00270 HIS+1A0136_005 f 0.00  1.000     0  6.98  0  1  -3.757  -4.196   0.396   0.618   1.438   0.000 +1O000M000t
00271 HIS+1A0136_006 f 0.00  1.000     0  6.98  0  1  -3.128  -4.439   0.396   0.696   1.968   0.000 +1R001M000t
00272 VAL01A0137_001 f 0.00  0.000     0  0.00  0  0   0.655   0.118   0.193   0.000   0.000   0.000 01O000M000t
00273 ALA01A0138_001 f 0.00  0.000     0  0.00  0  0   0.000  -1.537   0.000   0.000   0.000   0.000 01O000M000t
00274 ARG01A0139_001 f 0.00  0.000     0  0.00  0  0  -1.514  -4.792   2.712  -0.009   1.171   0.000 01O000M000t
00275 ARG02A0139_002 f 0.00  0.000     0  0.00  0  0  -1.551  -4.777   2.712   0.027   2.342   0.000 02O000M000t
00276 ARG02A0139_003 f 0.00  0.000     0  0.00  0  0  -1.508  -4.736   2.712   0.135   1.886   0.000 02O000M000t
00277 ARG03A0139_004 f 0.00  0.000     0  0.00  0  0  -1.557  -4.795   2.712   0.002   2.330   0.000 03O000M000t
00278 ARG+1A0139_005 f 0.00  1.000     0 12.50  0  1  -1.596  -4.803   2.712   0.117   1.928   0.000 +1O000M000t
00279 ASP01A0140_001 f 0.00  0.000     0  0.00  0  0  -0.360  -1.726   2.981  -0.518   1.092   0.000 01O000M000t
00280 ASP01A0140_002 f 0.00  0.000     0  0.00  0  0  -0.360  -1.726   0.261  -0.819   1.448   0.000 01O000M000t
00281 ASP02A0140_003 f 0.00  0.000     0  0.00  0  0  -0.204  -1.983   2.981   1.908   1.459   0.000 02O000M000t
00282 ASP02A0140_004 f 0.00  0.000     0  0.00  0  0  -0.204  -1.983   0.261  -0.454   1.594   0.000 02O000M000t
00283 ASP-1A0140_005 f 0.00 -1.000     0  4.75  0 -1  -0.310  -2.209   0.261  -0.923   4.795   0.000 -1O000M000t
00284 ILE01A0141_001 f 0.00  0.000     0  0.00  0  0   1.852  -2.456   0.456   0.000   0.000   0.000 01O000M000t
00285 ALA01A0142_001 f 0.00  0.000     0  0.00  0  0   0.000  -2.106   0.000   0.000   0.000   0.000 01O000M000t
00286 CYS01A0143_001 f 0.00  0.000     0  0.00  0  0  -1.836  -2.525   0.344  -0.159   0.487   0.000 01O000M000t
00287 CYS01A0143_002 f 0.00  0.000     0  0.00  0  0  -1.836  -2.496   0.344  -0.250   0.215   0.000 01O000M000t
00288 CYS01A0143_003 f 0.00  0.000     0  0.00  0  0  -1.837  -2.483   0.344  -0.295   0.141   0.000 01O000M000t
00289 CYS-1A0143_004 f 0.00 -1.000     0  9.10  0 -1  -1.834  -2.468   0.344  -1.647   2.607   0.000 -1O000M000t
00290 CYS01A0145_001 f 0.00  0.000     0  0.00  0  0  -0.002  -3.447   0.241   0.119   0.751   0.000 01O000M000t
00291 CYS01A0145_002 f 0.00  0.000     0  0.00  0  0  -0.002  -3.522   0.241  -0.485   0.944   0.000 01O000M000t
00292 CYS01A0145_003 f 0.00  0.000     0  0.00  0  0  -0.002  -3.445   0.241  -0.064   0.902   0.000 01O000M000t
00293 CYS-1A0145_004 f 0.00 -1.000     0  9.10  0 -1   0.000  -3.411   0.241  -3.980  11.912   0.000 -1O000M000t
00294 GLN01A0146_001 f 0.00  0.000     0  0.00  0  0  -0.156  -4.629   0.561   0.035   0.758   0.000 01O000M000t
00295 GLN01A0146_002 f 0.00  0.000     0  0.00  0  0  -0.719  -4.537   0.563   0.237   0.566   0.000 01R001M000t
00296 TYR01A0147_001 f 0.00  0.000     0  0.00  0  0   2.857  -6.740   0.246  -0.895   1.566   0.000 01O000M000t
00297 TYR01A0147_002 f 0.00  0.000     0  0.00  0  0   2.857  -6.740   0.246   0.874   2.026   0.000 01O000M000t
00298 TYR-1A0147_003 f 0.00 -1.000     0 10.20  0 -1   2.857  -6.740   0.246  -2.452   6.477   0.000 -1O000M000t
00299 LEU01A0148_001 f 0.00  0.000     0  0.00  0  0   1.677  -3.497   0.500   0.000   0.000   0.000 01O000M000t
00300 GLU01A0149_001 f 0.00  0.000     0  0.00  0  0  -0.071  -3.465   3.555  -0.264   1.153   0.000 01O000M000t
00301 GLU01A0149_002 f 0.00  0.000     0  0.00  0  0  -0.071  -3.465   0.835   3.052   2.038   0.000 01O000M000t
00302 GLU02A0149_003 f 0.00  0.000     0  0.00  0  0  -0.207  -3.584   3.555  -1.425   0.140   0.000 02O000M000t
00303 GLU02A0149_004 f 0.00  0.000     0  0.00  0  0  -0.207  -3.584   0.835  -0.559   1.915   0.000 02O000M000t
00304 GLU-1A0149_005 f 0.00 -1.000     0  4.75  0 -1  -0.262  -3.506   0.835  -3.766   3.965   0.000 -1O000M000t
00305 GLU01A0150_001 f 0.00  0.000     0  0.00  0  0  -0.061  -2.467   3.376   0.155   0.264   0.000 01O000M000t
00306 GLU01A0150_002 f 0.00  0.000     0  0.00  0  0  -0.061  -2.467   0.656   0.069   0.786   0.000 01O000M000t
00307 GLU02A0150_003 f 0.00  0.000     0  0.00  0  0  -0.520  -2.458   3.376  -0.068   0.216   0.000 02O000M000t
00308 GLU02A0150_004 f 0.00  0.000     0  0.00  0  0  -0.520  -2.458   0.656   0.002   0.758   0.000 02O000M000t
00309 GLU-1A0150_005 f 0.00 -1.000     0  4.75  0 -1  -0.461  -2.402   0.656  -0.095   0.996   0.000 -1O000M000t
00310 ASN01A0151_001 f 0.00  0.000     0  0.00  0  0  -0.914  -2.283   1.458   0.710   1.377   0.000 01O000M000t
00311 ASN01A0151_002 f 0.00  0.000     0  0.00  0  0  -0.618  -1.789   1.455  -1.106   1.202   0.000 01R001M000t
00312 HIS01A0152_001 f 0.00  0.000     0  0.00  0  0  -9.160  -1.969   0.455   0.297   0.668   0.000 01O000M000t
00313 HIS01A0152_002 f 0.00  0.000     0  0.00  0  0  -8.898  -1.992   0.455   0.167   0.319   0.000 01R001M000t
00314 HIS02A0152_003 f 0.00  0.000     0  0.00  0  0  -9.181  -2.016   0.455   0.163   0.514   0.000 02O000M000t
00315 HIS02A0152_004 f 0.00  0.000     0  0.00  0  0  -8.909  -2.016   0.455   0.287   0.454   0.000 02R001M000t
00316 HIS+1A0152_005 f 0.00  1.000     0  6.98  0  1  -9.208  -2.029   0.455   0.423  -0.191   0.000 +1O000M000t
00317 HIS+1A0152_006 f 0.00  1.000     0  6.98  0  1  -8.935  -2.033   0.455   0.462  -0.248   0.000 +1R001M000t
00318 PHE01A0153_001 f 0.00  0.000     0  0.00  0  0   4.065  -6.200   0.073   0.000   0.000   0.000 01O000M000t
00319 ILE01A0154_001 f 0.00  0.000     0  0.00  0  0   1.049  -3.313   0.474   0.000   0.000   0.000 01O000M000t
00320 HIS01A0155_001 f 0.00  0.000     0  0.00  0  0  -0.138  -0.538   0.045  -4.031   3.800   0.000 01O000M000t
00321 HIS02A0155_002 f 0.00  0.000     0  0.00  0  0  -0.157  -1.629   0.045   4.675   3.695   0.000 02O000M000t
00322 HIS+1A0155_003 f 0.00  1.000     0  6.98  0  1  -0.184  -0.762   0.045   5.872  10.112   0.000 +1O000M000t
00323 ARG01A0156_001 f 0.00  0.000     0  0.00  0  0   0.681  11.323   0.898  -0.173   1.613   0.000 01O000M000t
00324 ARG02A0156_002 f 0.00  0.000     0  0.00  0  0   0.694  11.301   0.898  -0.318   3.053   0.000 02O000M000t
00325 ARG03A0156_003 f 0.00  0.000     0  0.00  0  0   0.651  11.298   0.898  -0.216   2.809   0.000 03O000M000t
00326 ARG+1A0156_004 f 0.00  1.000     0 12.50  0  1   0.612  11.288   0.898  -0.192   2.793   0.000 +1O000M000t
00327 ASP01A0157_001 f 0.00  0.000     0  0.00  0  0  -0.375   1.185   3.160   0.670   1.498   0.000 01O000M000t
00328 ASP01A0157_002 f 0.00  0.000     0  0.00  0  0  -0.375   1.185   0.440   0.122   2.111   0.000 01O000M000t
00329 ASP02A0157_003 f 0.00  0.000     0  0.00  0  0  -0.330   0.650   3.160   0.334   1.661   0.000 02O000M000t
00330 ASP02A0157_004 f 0.00  0.000     0  0.00  0  0  -0.330   0.650   0.440   0.047   1.959   0.000 02O000M000t
00331 ASP-1A0157_005 f 0.00 -1.000     0  4.75  0 -1  -0.379   0.718   0.440  -1.273   7.960   0.000 -1O000M000t
00332 ILE01A0158_001 f 0.00  0.000     0  0.00  0  0   3.228  -1.704   0.551   0.000   0.000   0.000 01O000M000t
00333 ALA01A0159_001 f 0.00  0.000     0  0.00  0  0   0.000  -1.055   0.000   0.000   0.000   0.000 01O000M000t
00334 ALA01A0160_001 f 0.00  0.000     0  0.00  0  0   0.000  -1.727   0.000   0.000   0.000   0.000 01O000M000t
00335 ARG01A0161_001 f 0.00  0.000     0  0.00  0  0  -2.694  -2.526   0.628   0.115   2.052   0.000 01O000M000t
00336 ARG02A0161_002 f 0.00  0.000     0  0.00  0  0  -2.622  -2.522   0.628  -0.209   3.178   0.000 02O000M000t
00337 ARG03A0161_003 f 0.00  0.000     0  0.00  0  0  -2.716  -2.513   0.628  -0.081   3.039   0.000 03O000M000t
00338 ARG03A0161_004 f 0.00  0.000     0  0.00  0  0  -2.712  -2.519   0.628   0.085   3.158   0.000 03O000M000t
00339 ARG+1A0161_005 f 0.00  1.000     0 12.50  0  1  -2.755  -2.535   0.628   1.760   3.842   0.000 +1O000M000t
00340 ASN01A0162_001 f 0.00  0.000     0  0.00  0  0  -0.312  -2.373   0.407  -1.142   1.608   0.000 01O000M000t
00341 ASN01A0162_002 f 0.00  0.000     0  0.00  0  0  -0.671  -2.200   0.414   0.935   1.952   0.000 01R001M000t
00342 CYS01A0163_001 f 0.00  0.000     0  0.00  0  0  -0.002  -4.635   0.000  -0.026   0.854   0.000 01O000M000t
00343 CYS01A0163_002 f 0.00  0.000     0  0.00  0  0  -0.002  -4.731   0.000  -0.297   0.777   0.000 01O000M000t
00344 CYS01A0163_003 f 0.00  0.000     0  0.00  0  0  -0.002  -4.600   0.000  -0.009   0.960   0.000 01O000M000t
00345 CYS-1A0163_004 f 0.00 -1.000     0  9.10  0 -1   0.000  -4.562   0.000  -4.671  12.693   0.000 -1O000M000t
00346 LEU01A0164_001 f 0.00  0.000     0  0.00  0  0  -0.344   0.168   0.496   0.000   0.000   0.000 01O000M000t
00347 LEU01A0165_001 f 0.00  0.000     0  0.00  0  0   2.265  -7.708   0.736   0.000   0.000   0.000 01O000M000t
00348 THR01A0166_001 f 0.00  0.000     0  0.00  0  0  -1.728  -0.962   0.474   2.986   1.543   0.000 01O000M000t
00349 THR01A0166_002 f 0.00  0.000     0  0.00  0  0  -1.728  -0.962   0.475  -0.135   1.486   0.000 01O000M000t
00350 THR01A0166_003 f 0.00  0.000     0  0.00  0  0  -1.728  -0.962   0.099  -2.124   0.938   0.000 01O000M000t
00351 CYS01A0167_001 f 0.00  0.000     0  0.00  0  0  -2.596  -3.128   0.038  -0.056   0.477   0.000 01O000M000t
00352 CYS01A0167_002 f 0.00  0.000     0  0.00  0  0  -2.596  -3.198   0.038  -0.350   0.769   0.000 01O000M000t
00353 CYS01A0167_003 f 0.00  0.000     0  0.00  0  0  -2.597  -3.015   0.038  -0.630   0.259   0.000 01O000M000t
00354 CYS-1A0167_004 f 0.00 -1.000     0  9.10  0 -1  -2.594  -2.957   0.038  -3.740   3.897   0.000 -1O000M000t
00355 PRO01A0168_001 f 0.00  0.000     0  0.00  0  0  -5.062  -0.543   0.000   0.000   0.000   0.000 01O000M000t
00356 PRO01A0170_001 f 0.00  0.000     0  0.00  0  0  -7.529   0.123   0.000   0.000   0.000   0.000 01O000M000t
00357 ARG01A0172_001 f 0.00  0.000     0  0.00  0  0   1.844  -6.961   1.358   1.314   3.141   0.000 01O000M000t
00358 ARG02A0172_002 f 0.00  0.000     0  0.00  0  0   1.819  -7.068   1.358  -0.766   3.781   0.000 02O000M000t
00359 ARG02A0172_003 f 0.00  0.000     0  0.00  0  0   1.913  -7.069   1.358  -0.636   3.252   0.000 02O000M000t
00360 ARG03A0172_004 f 0.00  0.000     0  0.00  0  0   1.810  -7.054   1.358  -0.753   3.584   0.000 03O000M000t
00361 ARG03A0172_005 f 0.00  0.000     0  0.00  0  0   1.814  -6.958   1.358   0.361   3.516   0.000 03O000M000t
00362 ARG+1A0172_006 f 0.00  1.000     0 12.50  0  1   1.770  -7.104   1.358  -3.205   5.626   0.000 +1O000M000t
00363 VAL01A0173_001 f 0.00  0.000     0  0.00  0  0  -1.324  -0.522   0.006   0.000   0.000   0.000 01O000M000t
00364 ALA01A0174_001 f 0.00  0.000     0  0.00  0  0   0.000  -2.154   0.000   0.000   0.000   0.000 01O000M000t
00365 LYS01A0175_001 f 0.00  0.000     0  0.00  0  0  -0.055  -7.055   1.441   0.194   0.782   0.000 01O000M000t
00366 LYS+1A0175_002 f 0.00  1.000     0 10.40  0  1  -0.098  -7.092   1.441  -1.866   5.645   0.000 +1O000M000t
00367 ILE01A0176_001 f 0.00  0.000     0  0.00  0  0   2.645  -3.749   0.419   0.000   0.000   0.000 01O000M000t
00368 ASP01A0178_001 f 0.00  0.000     0  0.00  0  0  -0.592  -2.780   3.706  -0.568  -0.372   0.000 01O000M000t
00369 ASP01A0178_002 f 0.00  0.000     0  0.00  0  0  -0.592  -2.780   0.986  -0.586   0.710   0.000 01O000M000t
00370 ASP02A0178_003 f 0.00  0.000     0  0.00  0  0  -0.637  -2.278   3.706   0.858   1.355   0.000 02O000M000t
00371 ASP02A0178_004 f 0.00  0.000     0  0.00  0  0  -0.637  -2.278   0.986   0.695   1.063   0.000 02O000M000t
00372 ASP-1A0178_005 f 0.00 -1.000     0  4.75  0 -1  -0.653  -2.721   0.986  -3.446   2.263   0.000 -1O000M000t
00373 PHE01A0179_001 f 0.00  0.000     0  0.00  0  0   4.458  -4.761   0.157   0.000   0.000   0.000 01O000M000t
00374 MET01A0181_001 f 0.00  0.000     0  0.00  0  0   1.799  -3.755   0.077   0.113   0.065   0.000 01O000M000t
00375 ALA01A0182_001 f 0.00  0.000     0  0.00  0  0  -0.052  -1.557   0.000   0.000   0.000   0.000 01O000M000t
00376 ARG01A0183_001 f 0.00  0.000     0  0.00  0  0   6.675  -2.270   1.458  -1.031   3.111   0.000 01O000M000t
00377 ARG02A0183_002 f 0.00  0.000     0  0.00  0  0   6.633  -2.371   1.458  -1.372   3.470   0.000 02O000M000t
00378 ARG02A0183_003 f 0.00  0.000     0  0.00  0  0   6.729  -2.999   1.458  -0.009   3.492   0.000 02O000M000t
00379 ARG03A0183_004 f 0.00  0.000     0  0.00  0  0   6.624  -2.418   1.458  -1.462   3.170   0.000 03O000M000t
00380 ARG03A0183_005 f 0.00  0.000     0  0.00  0  0   6.630  -2.376   1.458  -1.164   3.362   0.000 03O000M000t
00381 ARG+1A0183_006 f 0.00  1.000     0 12.50  0  1   6.584  -2.443   1.458  -1.163   6.704   0.000 +1O000M000t
00382 ASP01A0184_001 f 0.00  0.000     0  0.00  0  0  -0.312 102.611   2.908  -0.164   1.681   0.000 01O000M000t
00383 ASP01A0184_002 f 0.00  0.000     0  0.00  0  0  -0.312 102.611   0.188  -0.281   1.342   0.000 01O000M000t
00384 ASP02A0184_003 f 0.00  0.000     0  0.00  0  0  -0.289 102.088   2.908  -0.468   1.219   0.000 02O000M000t
00385 ASP02A0184_004 f 0.00  0.000     0  0.00  0  0  -0.289 102.088   0.188  -0.164   1.660   0.000 02O000M000t
00386 ASP-1A0184_005 f 0.00 -1.000     0  4.75  0 -1  -0.311 102.136   0.188   1.721   5.356   0.000 -1O000M000t
00387 ILE01A0185_001 f 0.00  0.000     0  0.00  0  0  -0.915   4.651   0.497   0.000   0.000   0.000 01O000M000t
00388 TYR01A0186_001 f 0.00  0.000     0  0.00  0  0   0.691  -4.242   0.173   0.737   0.959   0.000 01O000M000t
00389 TYR-1A0186_002 f 0.00 -1.000     0 10.20  0 -1   0.691  -4.242   0.173  -1.019   2.895   0.000 -1O000M000t
00390 ARG01A0187_001 f 0.00  0.000     0  0.00  0  0  -2.564 999.000   0.842   5.490   3.630   0.000 01O000M000t
00391 ARG02A0187_002 f 0.00  0.000     0  0.00  0  0  -2.623 999.000   0.842   0.595   4.393   0.000 02O000M000t
00392 ARG02A0187_003 f 0.00  0.000     0  0.00  0  0  -2.563 999.000   0.842   4.053   3.966   0.000 02O000M000t
00393 ARG03A0187_004 f 0.00  0.000     0  0.00  0  0  -2.629 999.000   0.842  -7.332   4.259   0.000 03O000M000t
00394 ARG03A0187_005 f 0.00  0.000     0  0.00  0  0  -2.624 999.000   0.842   4.656   3.988   0.000 03O000M000t
00395 ARG+1A0187_006 f 0.00  1.000     0 12.50  0  1  -2.667 999.000   0.842   6.280   6.661   0.000 +1O000M000t
00396 ALA01A0188_001 f 0.00  0.000     0  0.00  0  0   0.000  70.745   0.000   0.000   0.000   0.000 01O000M000t
00397 SER01A0189_001 f 0.00  0.000     0  0.00  0  0  -0.120  83.281   1.235  -1.024   1.455   0.000 01O000M000t
00398 SER01A0189_002 f 0.00  0.000     0  0.00  0  0  -0.120  83.281   1.235  -1.376   1.112   0.000 01O000M000t
00399 SER01A0189_003 f 0.00  0.000     0  0.00  0  0  -0.120  83.281   0.860   0.423   1.125   0.000 01O000M000t
00400 TYR01A0190_001 f 0.00  0.000     0  0.00  0  0   8.263 999.000   0.234   0.968   1.589   0.000 01O000M000t
00401 TYR-1A0190_002 f 0.00 -1.000     0 10.20  0 -1   8.263 999.000   0.234  -1.959   2.201   0.000 -1O000M000t
00402 TYR01A0191_001 f 0.00  0.000     0  0.00  0  0   4.386 266.905   2.674  -0.045   1.787   0.000 01O000M000t
00403 TYR01A0191_002 f 0.00  0.000     0  0.00  0  0   4.386 266.905   2.674  -0.225   1.076   0.000 01O000M000t
00404 TYR-1A0191_003 f 0.00 -1.000     0 10.20  0 -1   4.386 266.905   2.674  -0.898   3.977   0.000 -1O000M000t
00405 ARG01A0192_001 f 0.00  0.000     0  0.00  0  0 999.000 999.000  22.111  -2.512   1.239   0.000 01O000M000t
00406 ARG02A0192_002 f 0.00  0.000     0  0.00  0  0 999.000 999.000  22.111  -2.053   2.707   0.000 02O000M000t
00407 ARG02A0192_003 f 0.00  0.000     0  0.00  0  0 999.000 999.000  22.111  -2.305   2.135   0.000 02O000M000t
00408 ARG03A0192_004 f 0.00  0.000     0  0.00  0  0 999.000 999.000  22.111  -2.236   2.796   0.000 03O000M000t
00409 ARG03A0192_005 f 0.00  0.000     0  0.00  0  0 999.000 999.000  22.111  -1.623   2.332   0.000 03O000M000t
00410 ARG+1A0192_006 f 0.00  1.000     0 12.50  0  1 999.000 999.000  22.111  -4.183   2.498   0.000 +1O000M000t
00411 LYS01A0193_001 f 0.00  0.000     0  0.00  0  0  -1.651 999.000   3.934  -0.140   0.414   0.000 01O000M000t
00412 LYS+1A0193_002 f 0.00  1.000     0 10.40  0  1  -1.712 999.000   3.934   0.725   1.310   0.000 +1O000M000t
00413 CYS01A0196_001 f 0.00  0.000     0  0.00  0  0  -0.002  23.907   2.502  -0.012   0.461   0.000 01O000M000t
00414 CYS01A0196_002 f 0.00  0.000     0  0.00  0  0  -0.002  23.938   2.502  -0.562   0.653   0.000 01O000M000t
00415 CYS01A0196_003 f 0.00  0.000     0  0.00  0  0  -0.002  24.024   2.502  -0.403   0.734   0.000 01O000M000t
00416 CYS-1A0196_004 f 0.00 -1.000     0  9.10  0 -1   0.000  24.050   2.502  -2.358   5.137   0.000 -1O000M000t
00417 ALA01A0197_001 f 0.00  0.000     0  0.00  0  0  -3.120 926.195   0.000   0.000   0.000   0.000 01O000M000t
00418 MET01A0198_001 f 0.00  0.000     0  0.00  0  0  -3.523 999.000   0.094  -0.258   0.055   0.000 01O000M000t
00419 LEU01A0199_001 f 0.00  0.000     0  0.00  0  0  -1.841  -1.914   0.900   0.000   0.000   0.000 01O000M000t
00420 PRO01A0200_001 f 0.00  0.000     0  0.00  0  0  -0.044   2.356   0.000   0.000   0.000   0.000 01O000M000t
00421 VAL01A0201_001 f 0.00  0.000     0  0.00  0  0   0.055  -1.488   0.084   0.000   0.000   0.000 01O000M000t
00422 LYS01A0202_001 f 0.00  0.000     0  0.00  0  0  -0.167  -4.610   1.715   0.045   0.780   0.000 01O000M000t
00423 LYS+1A0202_002 f 0.00  1.000     0 10.40  0  1  -0.212  -4.706   1.715  -2.914   4.090   0.000 +1O000M000t
00424 TRP01A0203_001 f 0.00  0.000     0  0.00  0  0   1.884  -9.247   0.463   0.000   0.000   0.000 01O000M000t
00425 MET01A0204_001 f 0.00  0.000     0  0.00  0  0   0.225  -6.208   0.393  -0.029   0.088   0.000 01O000M000t
00426 PRO01A0205_001 f 0.00  0.000     0  0.00  0  0   0.226  -1.738   0.000   0.000   0.000   0.000 01O000M000t
00427 PRO01A0206_001 f 0.00  0.000     0  0.00  0  0   0.078  -0.389   0.000   0.000   0.000   0.000 01O000M000t
00428 GLU01A0207_001 f 0.00  0.000     0  0.00  0  0   1.962  -2.092   4.550   1.520   1.999   0.000 01O000M000t
00429 GLU01A0207_002 f 0.00  0.000     0  0.00  0  0   1.962  -2.092   1.830  -0.246   2.858   0.000 01O000M000t
00430 GLU02A0207_003 f 0.00  0.000     0  0.00  0  0   1.562  -2.444   4.550  -0.365   1.577   0.000 02O000M000t
00431 GLU02A0207_004 f 0.00  0.000     0  0.00  0  0   1.562  -2.444   1.830  -0.535   2.621   0.000 02O000M000t
00432 GLU-1A0207_005 f 0.00 -1.000     0  4.75  0 -1   1.495  -2.321   1.830  -4.706  10.378   0.000 -1O000M000t
00433 ALA01A0208_001 f 0.00  0.000     0  0.00  0  0   0.000  -0.193   0.000   0.000   0.000   0.000 01O000M000t
00434 PHE01A0209_001 f 0.00  0.000     0  0.00  0  0   4.367  -8.730   0.013   0.000   0.000   0.000 01O000M000t
00435 MET01A0210_001 f 0.00  0.000     0  0.00  0  0  -4.710  -2.156   2.239   0.023   0.048   0.000 01O000M000t
00436 GLU01A0211_001 f 0.00  0.000     0  0.00  0  0  -0.684  -1.185   3.273   0.328  -0.074   0.000 01O000M000t
00437 GLU01A0211_002 f 0.00  0.000     0  0.00  0  0  -0.684  -1.185   0.553   0.099   0.409   0.000 01O000M000t
00438 GLU02A0211_003 f 0.00  0.000     0  0.00  0  0  -1.192  -1.230   3.273   0.242  -0.580   0.000 02O000M000t
00439 GLU02A0211_004 f 0.00  0.000     0  0.00  0  0  -1.192  -1.230   0.553   0.133   0.290   0.000 02O000M000t
00440 GLU-1A0211_005 f 0.00 -1.000     0  4.75  0 -1  -1.196  -1.188   0.553  -0.132   0.076   0.000 -1O000M000t
00441 ILE01A0213_001 f 0.00  0.000     0  0.00  0  0  -3.068   0.054   0.522   0.000   0.000   0.000 01O000M000t
00442 PHE01A0214_001 f 0.00  0.000     0  0.00  0  0   3.300  -5.971   0.084   0.000   0.000   0.000 01O000M000t
00443 THR01A0215_001 f 0.00  0.000     0  0.00  0  0  -3.197   0.332   0.439  -0.455   1.054   0.000 01O000M000t
00444 THR01A0215_002 f 0.00  0.000     0  0.00  0  0  -3.197   0.332   0.439   3.368   1.573   0.000 01O000M000t
00445 SER01A0216_001 f 0.00  0.000     0  0.00  0  0  -1.828  -0.382   0.498  -0.208   0.251   0.000 01O000M000t
00446 SER01A0216_002 f 0.00  0.000     0  0.00  0  0  -1.828  -0.382   0.123  -1.129   0.236   0.000 01O000M000t
00447 LYS01A0217_001 f 0.00  0.000     0  0.00  0  0  -1.480  -1.176   1.133  -0.690   0.610   0.000 01O000M000t
00448 LYS+1A0217_002 f 0.00  1.000     0 10.40  0  1  -1.559  -1.131   1.133  -3.274   3.464   0.000 +1O000M000t
00449 THR01A0218_001 f 0.00  0.000     0  0.00  0  0   0.190   7.021   0.392  -1.826   1.969   0.000 01O000M000t
00450 THR01A0218_002 f 0.00  0.000     0  0.00  0  0   0.190   7.021   0.392   3.374   1.935   0.000 01O000M000t
00451 ASP01A0219_001 f 0.00  0.000     0  0.00  0  0   0.062  -2.463   3.173  -1.049   2.121   0.000 01O000M000t
00452 ASP01A0219_002 f 0.00  0.000     0  0.00  0  0   0.062  -2.463   0.453   2.850   2.460   0.000 01O000M000t
00453 ASP02A0219_003 f 0.00  0.000     0  0.00  0  0   0.129  -2.654   3.173  -3.290   1.714   0.000 02O000M000t
00454 ASP02A0219_004 f 0.00  0.000     0  0.00  0  0   0.129  -2.654   0.453   2.560   3.007   0.000 02O000M000t
00455 ASP-1A0219_005 f 0.00 -1.000     0  4.75  0 -1   0.058  -3.069   0.453 -11.276  10.963   0.000 -1O000M000t
00456 THR01A0220_001 f 0.00  0.000     0  0.00  0  0   0.186  -1.623   0.419  -0.021   1.762   0.000 01O000M000t
00457 THR01A0220_002 f 0.00  0.000     0  0.00  0  0   0.186  -1.623   0.420   0.963   1.479   0.000 01O000M000t
00458 THR01A0220_003 f 0.00  0.000     0  0.00  0  0   0.186  -1.623   0.045  -1.865   1.681   0.000 01O000M000t
00459 TRP01A0221_001 f 0.00  0.000     0  0.00  0  0   2.948 -13.582   0.020   0.000   0.000   0.000 01O000M000t
00460 SER01A0222_001 f 0.00  0.000     0  0.00  0  0   0.000  -2.655   0.420  -2.826   1.541   0.000 01O000M000t
00461 SER01A0222_002 f 0.00  0.000     0  0.00  0  0   0.000  -2.655   0.420  -0.294   1.631   0.000 01O000M000t
00462 SER01A0222_003 f 0.00  0.000     0  0.00  0  0   0.000  -2.655   0.045   0.818   1.241   0.000 01O000M000t
00463 PHE01A0223_001 f 0.00  0.000     0  0.00  0  0   4.484  -7.924   0.017   0.000   0.000   0.000 01O000M000t
00464 VAL01A0225_001 f 0.00  0.000     0  0.00  0  0   0.511  -2.711   0.002   0.000   0.000   0.000 01O000M000t
00465 LEU01A0226_001 f 0.00  0.000     0  0.00  0  0   1.652  -3.313   0.892   0.000   0.000   0.000 01O000M000t
00466 LEU01A0227_001 f 0.00  0.000     0  0.00  0  0   1.812  -0.954   2.545   0.000   0.000   0.000 01O000M000t
00467 TRP01A0228_001 f 0.00  0.000     0  0.00  0  0   2.225 -11.236   0.181   0.000   0.000   0.000 01O000M000t
00468 GLU01A0229_001 f 0.00  0.000     0  0.00  0  0   0.453  -3.557   4.345  -0.459   2.087   0.000 01O000M000t
00469 GLU01A0229_002 f 0.00  0.000     0  0.00  0  0   0.453  -3.557   1.625   2.627   2.287   0.000 01O000M000t
00470 GLU02A0229_003 f 0.00  0.000     0  0.00  0  0   0.461  -4.001   4.345  -2.641   2.774   0.000 02O000M000t
00471 GLU02A0229_004 f 0.00  0.000     0  0.00  0  0   0.461  -4.001   1.625  -1.054   2.657   0.000 02O000M000t
00472 GLU-1A0229_005 f 0.00 -1.000     0  4.75  0 -1   0.357  -3.893   1.625  -6.198  10.817   0.000 -1O000M000t
00473 ILE01A0230_001 f 0.00  0.000     0  0.00  0  0   1.686  -2.878   0.583   0.000   0.000   0.000 01O000M000t
00474 PHE01A0231_001 f 0.00  0.000     0  0.00  0  0   4.433  -3.286   0.511   0.000   0.000   0.000 01O000M000t
00475 SER01A0232_001 f 0.00  0.000     0  0.00  0  0  -0.192  -2.018   0.864  -1.237   1.944   0.000 01O000M000t
00476 LEU01A0233_001 f 0.00  0.000     0  0.00  0  0   1.470   5.640   0.622   0.000   0.000   0.000 01O000M000t
00477 TYR01A0235_001 f 0.00  0.000     0  0.00  0  0  -0.834   0.172   1.214   0.030   0.359   0.000 01O000M000t
00478 TYR-1A0235_002 f 0.00 -1.000     0 10.20  0 -1  -0.834   0.172   1.214   0.304   0.018   0.000 -1O000M000t
00479 MET01A0236_001 f 0.00  0.000     0  0.00  0  0  -3.595  -1.155   0.423  -0.009   0.060   0.000 01O000M000t
00480 PRO01A0237_001 f 0.00  0.000     0  0.00  0  0   0.197  -0.194   0.000   0.000   0.000   0.000 01O000M000t
00481 TYR01A0238_001 f 0.00  0.000     0  0.00  0  0   4.455  -3.172   0.060  -0.025   2.172   0.000 01O000M000t
00482 TYR-1A0238_002 f 0.00 -1.000     0 10.20  0 -1   4.455  -3.172   0.060   0.362   8.970   0.000 -1O000M000t
00483 PRO01A0239_001 f 0.00  0.000     0  0.00  0  0  -2.959   0.527   0.000   0.000   0.000   0.000 01O000M000t
00484 SER01A0240_001 f 0.00  0.000     0  0.00  0  0  -4.276  15.111   1.368  -2.671   0.425   0.000 01O000M000t
00485 SER01A0240_002 f 0.00  0.000     0  0.00  0  0  -4.276  15.111   0.993   0.051  -0.082   0.000 01O000M000t
00486 LYS01A0241_001 f 0.00  0.000     0  0.00  0  0  -2.250  -4.367   1.416  -0.026   0.132   0.000 01O000M000t
00487 LYS+1A0241_002 f 0.00  1.000     0 10.40  0  1  -2.331  -4.379   1.416   0.096   1.027   0.000 +1O000M000t
00488 SER01A0242_001 f 0.00  0.000     0  0.00  0  0  -2.760  -1.220   0.400   0.054   1.478   0.000 01O000M000t
00489 SER01A0242_002 f 0.00  0.000     0  0.00  0  0  -2.760  -1.220   0.400   2.238   1.527   0.000 01O000M000t
00490 ASN01A0243_001 f 0.00  0.000     0  0.00  0  0  -1.480  -1.016   0.771  -0.048   0.569   0.000 01O000M000t
00491 ASN01A0243_002 f 0.00  0.000     0  0.00  0  0  -1.474   0.186   0.771   0.518   0.624   0.000 01R001M000t
00492 GLN01A0244_001 f 0.00  0.000     0  0.00  0  0  -2.067  -0.708   0.258   0.004   0.668   0.000 01O000M000t
00493 GLN01A0244_002 f 0.00  0.000     0  0.00  0  0  -1.409  -0.021   0.258   0.310   0.511   0.000 01R001M000t
00494 GLU01A0245_001 f 0.00  0.000     0  0.00  0  0  -0.741  -0.180   3.229   2.232   1.139   0.000 01O000M000t
00495 GLU01A0245_002 f 0.00  0.000     0  0.00  0  0  -0.741  -0.180   0.509  -0.595   0.553   0.000 01O000M000t
00496 GLU02A0245_003 f 0.00  0.000     0  0.00  0  0  -1.174  -1.222   3.229  -1.016  -0.511   0.000 02O000M000t
00497 GLU02A0245_004 f 0.00  0.000     0  0.00  0  0  -1.174  -1.222   0.509  -1.071   1.118   0.000 02O000M000t
00498 GLU-1A0245_005 f 0.00 -1.000     0  4.75  0 -1  -1.192  -1.183   0.509  -2.525   1.255   0.000 -1O000M000t
00499 VAL01A0246_001 f 0.00  0.000     0  0.00  0  0   0.572  -0.057   0.181   0.000   0.000   0.000 01O000M000t
00500 LEU01A0247_001 f 0.00  0.000     0  0.00  0  0  -0.242  -1.092   0.624   0.000   0.000   0.000 01O000M000t
00501 GLU01A0248_001 f 0.00  0.000     0  0.00  0  0  -1.765   0.403   3.032  -0.173   0.827   0.000 01O000M000t
00502 GLU01A0248_002 f 0.00  0.000     0  0.00  0  0  -1.765   0.403   0.312   0.019   0.664   0.000 01O000M000t
00503 GLU02A0248_003 f 0.00  0.000     0  0.00  0  0  -1.398   0.405   3.032   0.063   0.041   0.000 02O000M000t
00504 GLU02A0248_004 f 0.00  0.000     0  0.00  0  0  -1.398   0.405   0.312   0.018   0.861   0.000 02O000M000t
00505 GLU-1A0248_005 f 0.00 -1.000     0  4.75  0 -1  -1.738   0.448   0.312   0.015   0.647   0.000 -1O000M000t
00506 PHE01A0249_001 f 0.00  0.000     0  0.00  0  0   0.390  -7.167   0.017   0.000   0.000   0.000 01O000M000t
00507 VAL01A0250_001 f 0.00  0.000     0  0.00  0  0   0.673  -0.521   0.327   0.000   0.000   0.000 01O000M000t
00508 THR01A0251_001 f 0.00  0.000     0  0.00  0  0  -1.773   1.960   0.423   0.594   1.845   0.000 01O000M000t
00509 THR01A0251_002 f 0.00  0.000     0  0.00  0  0  -1.773   1.960   0.423  -1.742   1.896   0.000 01O000M000t
00510 SER01A0252_001 f 0.00  0.000     0  0.00  0  0  -3.589  -1.200   0.423   0.078   0.039   0.000 01O000M000t
00511 SER01A0252_002 f 0.00  0.000     0  0.00  0  0  -3.589  -1.200   0.423  -0.958   0.674   0.000 01O000M000t
00512 SER01A0252_003 f 0.00  0.000     0  0.00  0  0  -3.589  -1.200   0.048  -0.068   0.007   0.000 01O000M000t
00513 ARG01A0255_001 f 0.00  0.000     0  0.00  0  0  -0.693  -4.295   0.651  -1.615   3.258   0.000 01O000M000t
00514 ARG02A0255_002 f 0.00  0.000     0  0.00  0  0  -0.708  -4.024   0.651  -2.058   4.137   0.000 02O000M000t
00515 ARG02A0255_003 f 0.00  0.000     0  0.00  0  0  -0.629  -4.642   0.651  -0.349   4.028   0.000 02O000M000t
00516 ARG03A0255_004 f 0.00  0.000     0  0.00  0  0  -0.712  -4.050   0.651  -1.890   3.826   0.000 03O000M000t
00517 ARG+1A0255_005 f 0.00  1.000     0 12.50  0  1  -0.755  -4.214   0.651  -6.996   6.421   0.000 +1O000M000t
00518 MET01A0256_001 f 0.00  0.000     0  0.00  0  0   0.001  -4.196   1.214  -0.244   0.090   0.000 01O000M000t
00519 ASP01A0257_001 f 0.00  0.000     0  0.00  0  0  -3.181   0.497   3.063   0.626   0.011   0.000 01O000M000t
00520 ASP01A0257_002 f 0.00  0.000     0  0.00  0  0  -3.181   0.497   0.343   0.244   0.521   0.000 01O000M000t
00521 ASP02A0257_003 f 0.00  0.000     0  0.00  0  0  -3.220   0.030   3.063   0.356  -0.512   0.000 02O000M000t
00522 ASP02A0257_004 f 0.00  0.000     0  0.00  0  0  -3.220   0.030   0.343   0.259   0.430   0.000 02O000M000t
00523 ASP-1A0257_005 f 0.00 -1.000     0  4.75  0 -1  -3.131   0.065   0.343  -0.299   0.353   0.000 -1O000M000t
00524 PRO01A0258_001 f 0.00  0.000     0  0.00  0  0  -3.199  -1.690   0.000   0.000   0.000   0.000 01O000M000t
00525 PRO01A0259_001 f 0.00  0.000     0  0.00  0  0   0.194  -2.489   0.000   0.000   0.000   0.000 01O000M000t
00526 LYS01A0260_001 f 0.00  0.000     0  0.00  0  0  -4.462  -2.117   1.102  -0.010  -0.153   0.000 01O000M000t
00527 LYS+1A0260_002 f 0.00  1.000     0 10.40  0  1  -4.509  -2.122   1.102  -0.196   0.452   0.000 +1O000M000t
00528 ASN01A0261_001 f 0.00  0.000     0  0.00  0  0  -1.856   4.835   0.466  -0.824   0.937   0.000 01O000M000t
00529 ASN01A0261_002 f 0.00  0.000     0  0.00  0  0  -2.168   6.000   0.466   0.346   0.573   0.000 01R001M000t
00530 CYS01A0262_001 f 0.00  0.000     0  0.00  0  0  -0.002  -4.264   0.027  -0.187   0.970   0.000 01O000M000t
00531 CYS01A0262_002 f 0.00  0.000     0  0.00  0  0  -0.002  -4.102   0.027  -0.258   0.967   0.000 01O000M000t
00532 CYS01A0262_003 f 0.00  0.000     0  0.00  0  0  -0.002  -4.110   0.027  -0.113   0.980   0.000 01O000M000t
00533 CYS-1A0262_004 f 0.00 -1.000     0  9.10  0 -1   0.000  -4.044   0.027  -4.203  12.121   0.000 -1O000M000t
00534 PRO01A0263_001 f 0.00  0.000     0  0.00  0  0   0.066  -1.605   0.000   0.000   0.000   0.000 01O000M000t
00535 PRO01A0265_001 f 0.00  0.000     0  0.00  0  0  -2.260  -0.945   0.000   0.000   0.000   0.000 01O000M000t
00536 VAL01A0266_001 f 0.00  0.000     0  0.00  0  0   0.615  -0.770   0.001   0.000   0.000   0.000 01O000M000t
00537 TYR01A0267_001 f 0.00  0.000     0  0.00  0  0   1.464  -6.233   0.052  -1.705   1.475   0.000 01O000M000t
00538 TYR01A0267_002 f 0.00  0.000     0  0.00  0  0   1.464  -6.233   0.052   0.892   1.403   0.000 01O000M000t
00539 TYR-1A0267_003 f 0.00 -1.000     0 10.20  0 -1   1.464  -6.233   0.052   0.914   5.465   0.000 -1O000M000t
00540 ARG01A0268_001 f 0.00  0.000     0  0.00  0  0  -2.906  -4.068   2.949  -0.159   0.909   0.000 01O000M000t
00541 ARG02A0268_002 f 0.00  0.000     0  0.00  0  0  -2.973  -4.088   2.949  -0.138   1.733   0.000 02O000M000t
00542 ARG03A0268_003 f 0.00  0.000     0  0.00  0  0  -2.973  -4.046   2.949  -0.291   1.706   0.000 03O000M000t
00543 ARG+1A0268_004 f 0.00  1.000     0 12.50  0  1  -3.018  -4.104   2.949   0.414   0.556   0.000 +1O000M000t
00544 ILE01A0269_001 f 0.00  0.000     0  0.00  0  0   1.817  -2.220   0.443   0.000   0.000   0.000 01O000M000t
00545 MET01A0270_001 f 0.00  0.000     0  0.00  0  0   0.141  -6.942   0.443   0.038   0.099   0.000 01O000M000t
00546 THR01A0271_001 f 0.00  0.000     0  0.00  0  0  -1.857  -1.844   0.375  -0.135   1.416   0.000 01O000M000t
00547 THR01A0271_002 f 0.00  0.000     0  0.00  0  0  -1.857  -1.844   0.000  -0.612   0.313   0.000 01O000M000t
00548 GLN01A0272_001 f 0.00  0.000     0  0.00  0  0  -0.103   0.757   0.951   0.100   1.538   0.000 01O000M000t
00549 GLN01A0272_002 f 0.00  0.000     0  0.00  0  0  -0.419   0.849   0.941  -0.401   1.732   0.000 01R001M000t
00550 CYS01A0273_001 f 0.00  0.000     0  0.00  0  0  -0.002  -5.314   0.300  -0.017   0.987   0.000 01O000M000t
00551 CYS01A0273_002 f 0.00  0.000     0  0.00  0  0  -0.002  -5.368   0.300  -0.109   0.935   0.000 01O000M000t
00552 CYS01A0273_003 f 0.00  0.000     0  0.00  0  0  -0.002  -5.334   0.300   0.290   0.991   0.000 01O000M000t
00553 CYS-1A0273_004 f 0.00 -1.000     0  9.10  0 -1   0.000  -5.252   0.300   1.188  14.347   0.000 -1O000M000t
00554 TRP01A0274_001 f 0.00  0.000     0  0.00  0  0   2.751 -12.219   0.075   0.000   0.000   0.000 01O000M000t
00555 GLN01A0275_001 f 0.00  0.000     0  0.00  0  0  -1.404  -5.080   1.123  -0.787   0.532   0.000 01O000M000t
00556 GLN01A0275_002 f 0.00  0.000     0  0.00  0  0  -1.277  -5.064   1.129   0.392   0.073   0.000 01R001M000t
00557 HIS01A0276_001 f 0.00  0.000     0  0.00  0  0  -5.342  -2.760   0.000   0.232   1.286   0.000 01O000M000t
00558 HIS01A0276_002 f 0.00  0.000     0  0.00  0  0  -5.005  -2.746   0.000   0.678   1.066   0.000 01R001M000t
00559 HIS02A0276_003 f 0.00  0.000     0  0.00  0  0  -5.362  -2.814   0.000   0.338   1.370   0.000 02O000M000t
00560 HIS02A0276_004 f 0.00  0.000     0  0.00  0  0  -5.018  -2.774   0.000   0.219   1.246   0.000 02R001M000t
00561 HIS+1A0276_005 f 0.00  1.000     0  6.98  0  1  -5.389  -2.829   0.000   0.627   2.139   0.000 +1O000M000t
00562 HIS+1A0276_006 f 0.00  1.000     0  6.98  0  1  -5.044  -2.783   0.000   0.486   1.671   0.000 +1R001M000t
00563 GLN01A0277_001 f 0.00  0.000     0  0.00  0  0  -2.236  -1.116   1.126  -0.130   0.460   0.000 01O000M000t
00564 GLN01A0277_002 f 0.00  0.000     0  0.00  0  0  -1.970  -0.119   1.126   0.408   0.305   0.000 01R001M000t
00565 PRO01A0278_001 f 0.00  0.000     0  0.00  0  0  -1.475  -0.746   0.000   0.000   0.000   0.000 01O000M000t
00566 GLU01A0279_001 f 0.00  0.000     0  0.00  0  0  -1.079 999.000   4.913   5.044   1.045   0.000 01O000M000t
00567 GLU01A0279_002 f 0.00  0.000     0  0.00  0  0  -1.079   1.801   2.193  -0.421   0.869   0.000 01O000M000t
00568 GLU02A0279_003 f 0.00  0.000     0  0.00  0  0  -1.277   0.780   4.913  -1.434   0.049   0.000 02O000M000t
00569 GLU02A0279_004 f 0.00  0.000     0  0.00  0  0  -1.277   0.780   2.193  -1.301   1.257   0.000 02O000M000t
00570 GLU-1A0279_005 f 0.00 -1.000     0  4.75  0 -1  -1.269   0.819   2.193  -3.816   2.555   0.000 -1O000M000t
00571 ASP01A0280_001 f 0.00  0.000     0  0.00  0  0  -2.185  -1.277   3.127   0.352  -0.220   0.000 01O000M000t
00572 ASP01A0280_002 f 0.00  0.000     0  0.00  0  0  -2.185  -1.277   0.407   0.162   0.575   0.000 01O000M000t
00573 ASP02A0280_003 f 0.00  0.000     0  0.00  0  0  -2.174  -1.633   3.127   0.549   0.263   0.000 02O000M000t
00574 ASP02A0280_004 f 0.00  0.000     0  0.00  0  0  -2.174  -1.633   0.407   0.240   0.743   0.000 02O000M000t
00575 ASP-1A0280_005 f 0.00 -1.000     0  4.75  0 -1  -2.223  -1.562   0.407  -0.791   1.237   0.000 -1O000M000t
00576 ARG01A0281_001 f 0.00  0.000     0  0.00  0  0   1.587  15.249   1.613  -1.283   4.440   0.000 01O000M000t
00577 ARG02A0281_002 f 0.00  0.000     0  0.00  0  0   1.544  15.206   1.613  -2.473   4.958   0.000 02O000M000t
00578 ARG02A0281_003 f 0.00  0.000     0  0.00  0  0   1.596  15.162   1.613   0.800   4.950   0.000 02O000M000t
00579 ARG03A0281_004 f 0.00  0.000     0  0.00  0  0   1.539  15.181   1.613  -2.884   4.856   0.000 03O000M000t
00580 ARG03A0281_005 f 0.00  0.000     0  0.00  0  0   1.544  15.275   1.613  -1.479   4.832   0.000 03O000M000t
00581 ARG+1A0281_006 f 0.00  1.000     0 12.50  0  1   1.500  15.135   1.613  -6.121  11.404   0.000 +1O000M000t
00582 PRO01A0282_001 f 0.00  0.000     0  0.00  0  0  -0.027  -3.045   0.000   0.000   0.000   0.000 01O000M000t
00583 ASN01A0283_001 f 0.00  0.000     0  0.00  0  0  -1.610   2.267   0.315  -2.583   1.723   0.000 01O000M000t
00584 PHE01A0284_001 f 0.00  0.000     0  0.00  0  0   4.448  -9.555   0.669   0.000   0.000   0.000 01O000M000t
00585 ALA01A0285_001 f 0.00  0.000     0  0.00  0  0  -2.505  -0.500   0.000   0.000   0.000   0.000 01O000M000t
00586 ILE01A0286_001 f 0.00  0.000     0  0.00  0  0  -0.798   2.065   0.500   0.000   0.000   0.000 01O000M000t
00587 ILE01A0287_001 f 0.00  0.000     0  0.00  0  0   1.910  -2.650   0.485   0.000   0.000   0.000 01O000M000t
00588 LEU01A0288_001 f 0.00  0.000     0  0.00  0  0   0.474  -5.135   1.770   0.000   0.000   0.000 01O000M000t
00589 GLU01A0289_001 f 0.00  0.000     0  0.00  0  0  -0.624  -1.996   3.484   0.124   0.085   0.000 01O000M000t
00590 GLU01A0289_002 f 0.00  0.000     0  0.00  0  0  -0.624  -1.996   0.764   0.021   0.649   0.000 01O000M000t
00591 GLU02A0289_003 f 0.00  0.000     0  0.00  0  0  -1.108  -1.975   3.484   0.012  -0.337   0.000 02O000M000t
00592 GLU02A0289_004 f 0.00  0.000     0  0.00  0  0  -1.108  -1.975   0.764   0.018   0.766   0.000 02O000M000t
00593 GLU-1A0289_005 f 0.00 -1.000     0  4.75  0 -1  -1.030  -1.942   0.764  -0.167   0.468   0.000 -1O000M000t
00594 ARG01A0290_001 f 0.00  0.000     0  0.00  0  0  -3.205  -2.768   0.872   0.008   1.151   0.000 01O000M000t
00595 ARG02A0290_002 f 0.00  0.000     0  0.00  0  0  -3.235  -2.803   0.872   0.082   2.114   0.000 02O000M000t
00596 ARG03A0290_003 f 0.00  0.000     0  0.00  0  0  -3.236  -2.799   0.872   0.024   1.830   0.000 03O000M000t
00597 ARG+1A0290_004 f 0.00  1.000     0 12.50  0  1  -3.279  -2.806   0.872   0.174   2.536   0.000 +1O000M000t
00598 ILE01A0291_001 f 0.00  0.000     0  0.00  0  0   2.914  -3.058   0.545   0.000   0.000   0.000 01O000M000t
00599 GLU01A0292_001 f 0.00  0.000     0  0.00  0  0  -1.618   1.948   4.238   0.315   1.256   0.000 01O000M000t
00600 GLU01A0292_002 f 0.00  0.000     0  0.00  0  0  -1.618   1.948   1.518  -0.011   0.562   0.000 01O000M000t
00601 GLU02A0292_003 f 0.00  0.000     0  0.00  0  0  -1.726   1.643   4.238  -0.026  -0.102   0.000 02O000M000t
00602 GLU02A0292_004 f 0.00  0.000     0  0.00  0  0  -1.726   1.643   1.518  -0.046   1.174   0.000 02O000M000t
00603 GLU-1A0292_005 f 0.00 -1.000     0  4.75  0 -1  -1.744   1.677   1.518  -0.163   1.536   0.000 -1O000M000t
00604 TYR01A0293_001 f 0.00  0.000     0  0.00  0  0  -5.745  -3.865   0.540   0.354  -0.110   0.000 01O000M000t
00605 TYR-1A0293_002 f 0.00 -1.000     0 10.20  0 -1  -5.745  -3.865   0.540   0.143  -0.793   0.000 -1O000M000t
00606 CYS01A0294_001 f 0.00  0.000     0  0.00  0  0  -0.002  -3.248   0.318   0.349   0.852   0.000 01O000M000t
00607 CYS01A0294_002 f 0.00  0.000     0  0.00  0  0  -0.002  -3.282   0.318  -0.765   0.539   0.000 01O000M000t
00608 CYS01A0294_003 f 0.00  0.000     0  0.00  0  0  -0.002  -3.238   0.318   0.019   0.820   0.000 01O000M000t
00609 CYS-1A0294_004 f 0.00 -1.000     0  9.10  0 -1   0.000  -3.149   0.318  -2.379   7.642   0.000 -1O000M000t
00610 THR01A0295_001 f 0.00  0.000     0  0.00  0  0  -0.590   3.948   0.632  -1.357   1.367   0.000 01O000M000t
00611 THR01A0295_002 f 0.00  0.000     0  0.00  0  0  -0.590   3.948   0.257  -0.484   0.520   0.000 01O000M000t
00612 GLN01A0296_001 f 0.00  0.000     0  0.00  0  0  -2.621  -3.142   1.363   0.068   0.423   0.000 01O000M000t
00613 GLN01A0296_002 f 0.00  0.000     0  0.00  0  0  -2.334  -2.972   1.369  -0.094   0.454   0.000 01R001M000t
00614 ASP01A0297_001 f 0.00  0.000     0  0.00  0  0  -1.006   1.893   2.792   3.920   1.141   0.000 01O000M000t
00615 ASP01A0297_002 f 0.00  0.000     0  0.00  0  0  -1.006   1.893   0.072  -0.122   0.854   0.000 01O000M000t
00616 ASP02A0297_003 f 0.00  0.000     0  0.00  0  0  -1.028   0.279   2.792  -1.708   0.528   0.000 02O000M000t
00617 ASP02A0297_004 f 0.00  0.000     0  0.00  0  0  -1.028   0.279   0.072  -1.693   1.653   0.000 02O000M000t
00618 ASP-1A0297_005 f 0.00 -1.000     0  4.75  0 -1  -0.957   0.359   0.072  -4.848   3.669   0.000 -1O000M000t
00619 PRO01A0298_001 f 0.00  0.000     0  0.00  0  0  -5.129   1.812   0.000   0.000   0.000   0.000 01O000M000t
00620 ASP01A0299_001 f 0.00  0.000     0  0.00  0  0  -3.257   0.028   3.212   0.761  -0.234   0.000 01O000M000t
00621 ASP01A0299_002 f 0.00  0.000     0  0.00  0  0  -3.257   0.028   0.492   0.365   0.472   0.000 01O000M000t
00622 ASP02A0299_003 f 0.00  0.000     0  0.00  0  0  -3.381  -0.389   3.212   0.548  -0.429   0.000 02O000M000t
00623 ASP02A0299_004 f 0.00  0.000     0  0.00  0  0  -3.381  -0.389   0.492   0.374   0.626   0.000 02O000M000t
00624 ASP-1A0299_005 f 0.00 -1.000     0  4.75  0 -1  -3.305  -0.354   0.492  -0.767   0.200   0.000 -1O000M000t
00625 VAL01A0300_001 f 0.00  0.000     0  0.00  0  0   0.613  -0.200   0.105   0.000   0.000   0.000 01O000M000t
00626 ILE01A0301_001 f 0.00  0.000     0  0.00  0  0   2.535  -4.664   0.401   0.000   0.000   0.000 01O000M000t
00627 ASN01A0302_001 f 0.00  0.000     0  0.00  0  0  -2.708   0.601   0.656   0.093   0.227   0.000 01O000M000t
00628 ASN01A0302_002 f 0.00  0.000     0  0.00  0  0  -2.832   1.489   0.660   0.248   0.154   0.000 01R001M000t
00629 THR01A0303_001 f 0.00  0.000     0  0.00  0  0  -1.561  -0.822   0.389   0.579   0.323   0.000 01O000M000t
00630 THR01A0303_002 f 0.00  0.000     0  0.00  0  0  -1.561  -0.822   0.014   0.071   0.554   0.000 01O000M000t
00631 ALA01A0304_001 f 0.00  0.000     0  0.00  0  0  -4.118  -0.642   0.000   0.000   0.000   0.000 01O000M000t
00632 LEU01A0305_001 f 0.00  0.000     0  0.00  0  0   1.628  -3.256   0.679   0.000   0.000   0.000 01O000M000t
00633 PRO01A0306_001 f 0.00  0.000     0  0.00  0  0  -0.254  -1.617   0.000   0.000   0.000   0.000 01O000M000t
00634 ILE01A0307_001 f 0.00  0.000     0  0.00  0  0   0.374   3.550   0.465   0.000   0.000   0.000 01O000M000t
00635 GLU01A0308_001 f 0.00  0.000     0  0.00  0  0   0.185   3.421   3.146  -0.086  -0.128   0.000 01O000M000t
00636 GLU01A0308_002 f 0.00  0.000     0  0.00  0  0   0.185   3.421   0.426   0.002   0.577   0.000 01O000M000t
00637 GLU02A0308_003 f 0.00  0.000     0  0.00  0  0   0.655   3.430   3.146   0.157   0.140   0.000 02O000M000t
00638 GLU02A0308_004 f 0.00  0.000     0  0.00  0  0   0.655   3.430   0.426   0.110   0.882   0.000 02O000M000t
00639 GLU-1A0308_005 f 0.00 -1.000     0  4.75  0 -1   0.186   3.468   0.426   0.606   1.340   0.000 -1O000M000t
00640 TYR01A0309_001 f 0.00  0.000     0  0.00  0  0  -2.150  39.231   2.666   0.461   0.313   0.000 01O000M000t
00641 TYR01A0309_002 f 0.00  0.000     0  0.00  0  0  -2.150  39.231   2.666   0.390   0.243   0.000 01O000M000t
00642 TYR-1A0309_003 f 0.00 -1.000     0 10.20  0 -1  -2.150  39.231   2.666   0.461   0.055   0.000 -1O000M000t
