   confID        vdw0    sas     sum
ASN01A0001_001   0.508  -2.197  -1.690
ASN01A0001_002   0.366  -2.477  -2.111
PRO01A0002_001   0.232  -1.315  -1.082
ASN01A0003_001   0.449  -2.798  -2.350
ASN01A0003_002   0.216  -2.634  -2.417
TYR01A0004_001   4.493  -0.051   4.443
TYR-1A0004_002   4.493  -0.051   4.443
CYS01A0005_001  -0.002  -3.649  -3.650
CYS01A0005_002  -0.002  -3.649  -3.650
CYS01A0005_003  -0.002  -3.649  -3.651
CYS-1A0005_004   0.000  -3.649  -3.649
PHE01A0006_001   4.525  -0.505   4.020
ALA01A0007_001   0.000  -1.236  -1.236
LYS01A0009_001   0.894 -10.455  -9.561
LYS+1A0009_002   0.848 -10.455  -9.607
THR01A0010_001   0.204  -2.199  -1.996
THR01A0010_002   0.204  -2.199  -1.996
THR01A0010_003   0.204  -2.199  -1.996
SER01A0011_001   0.000   0.000   0.000
SER01A0012_001   0.000  -1.657  -1.657
SER01A0012_002   0.000  -1.657  -1.657
SER01A0012_003   0.000  -1.657  -1.657
ILE01A0013_001   1.264  -1.803  -0.539
SER01A0014_001   0.000  -4.204  -4.204
SER01A0014_002   0.000  -4.204  -4.204
ASP01A0015_001   0.329  -1.966  -1.637
ASP01A0015_002   0.329  -1.966  -1.637
ASP02A0015_003   0.240  -2.173  -1.933
ASP02A0015_004   0.240  -2.173  -1.933
ASP-1A0015_005   0.223  -1.981  -1.758
LEU01A0016_001   1.923  -0.052   1.871
LYS01A0017_001   1.272  -6.982  -5.710
LYS+1A0017_002   1.187  -6.982  -5.795
GLU01A0018_001   2.521  -0.656   1.865
GLU01A0018_002   2.521  -0.656   1.865
GLU02A0018_003   2.022  -0.585   1.437
GLU02A0018_004   2.022  -0.585   1.437
GLU-1A0018_005   1.954  -0.615   1.339
VAL01A0019_001   0.599  -0.412   0.187
PRO01A0020_001   0.237  -3.109  -2.872
ARG01A0021_001   3.227  -3.074   0.153
ARG02A0021_002   3.208  -3.074   0.134
ARG03A0021_003   3.160  -3.074   0.086
ARG03A0021_004   3.166  -3.074   0.092
ARG+1A0021_005   3.121  -3.074   0.047
LYS01A0022_001   1.185  -8.518  -7.333
LYS+1A0022_002   1.102  -8.518  -7.416
ASN01A0023_001  -0.020  -1.481  -1.501
ILE01A0024_001   3.924   0.000   3.924
THR01A0025_001   0.190  -4.740  -4.550
LEU01A0026_001   1.961  -3.139  -1.178
ILE01A0027_001   1.588  -3.071  -1.483
ARG01A0028_001   2.148  -8.071  -5.923
ARG02A0028_002   2.106  -8.071  -5.965
ARG02A0028_003   2.185  -8.071  -5.886
ARG03A0028_004   2.104  -8.071  -5.967
ARG+1A0028_005   2.059  -8.071  -6.012
LEU01A0030_001   1.816  -2.524  -0.708
HIS01A0032_001  -0.247  -9.106  -9.354
HIS01A0032_002  -0.293  -9.470  -9.763
HIS02A0032_003  -0.261  -9.106  -9.367
HIS02A0032_004  -0.307  -9.470  -9.777
HIS+1A0032_005  -0.285  -9.106  -9.391
HIS+1A0032_006  -0.335  -9.470  -9.805
ALA01A0034_001   0.000  -3.174  -3.174
PHE01A0035_001   4.678  -5.803  -1.125
GLU01A0037_001   1.329  -2.527  -1.198
GLU01A0037_002   1.329  -2.527  -1.198
GLU02A0037_003   1.120  -2.556  -1.436
GLU02A0037_004   1.120  -2.556  -1.436
GLU-1A0037_005   1.023  -2.425  -1.402
VAL01A0038_001   0.573  -2.318  -1.745
TYR01A0039_001   4.499  -2.944   1.555
TYR01A0039_002   4.499  -2.944   1.555
TYR-1A0039_003   4.499  -2.944   1.555
GLU01A0040_001   1.693  -1.247   0.446
GLU01A0040_002   1.693  -1.247   0.446
GLU02A0040_003   2.142  -1.269   0.873
GLU02A0040_004   2.142  -1.269   0.873
GLU-1A0040_005   1.632  -1.137   0.495
GLN01A0042_001   1.029  -1.836  -0.807
GLN01A0042_002   1.344  -1.836  -0.492
VAL01A0043_001   0.653  -0.927  -0.274
SER01A0044_001   0.000  -0.962  -0.962
SER01A0044_002   0.000  -0.962  -0.962
MET01A0046_001   4.293  -6.363  -2.070
PRO01A0047_001   0.261  -4.755  -4.494
ASN01A0048_001   0.070  -3.874  -3.804
ASN01A0048_002   0.303  -3.957  -3.655
ASP01A0049_001  -0.001  -1.855  -1.856
ASP01A0049_002  -0.001  -1.855  -1.856
ASP02A0049_003   0.043  -1.856  -1.813
ASP02A0049_004   0.043  -1.856  -1.813
ASP-1A0049_005  -0.005  -1.861  -1.866
PRO01A0050_001   0.174  -2.341  -2.167
SER01A0051_001   0.000  -5.018  -5.018
SER01A0051_002   0.000  -5.018  -5.018
PRO01A0052_001   0.149  -0.979  -0.829
LEU01A0053_001   1.807  -6.213  -4.407
GLN01A0054_001   1.651  -3.091  -1.440
GLN01A0054_002   2.754  -3.101  -0.347
VAL01A0055_001   0.698   0.000   0.698
ALA01A0056_001   0.000  -0.341  -0.341
VAL01A0057_001   0.550   0.000   0.550
LYS01A0058_001   3.429  -1.759   1.670
LYS+1A0058_002   3.371  -1.759   1.612
THR01A0059_001   0.201  -0.292  -0.091
LEU01A0060_001   1.835   0.000   1.835
PRO01A0061_001   0.223  -1.082  -0.859
GLU01A0062_001   2.159  -2.789  -0.630
GLU01A0062_002   2.159  -2.789  -0.630
GLU02A0062_003   1.831  -2.835  -1.004
GLU02A0062_004   1.831  -2.835  -1.004
GLU-1A0062_005   1.723  -2.730  -1.007
VAL01A0063_001   0.692  -8.338  -7.647
CYS01A0064_001  -0.002   0.000  -0.002
CYS01A0064_002  -0.002   0.000  -0.002
CYS01A0064_003  -0.002   0.000  -0.002
CYS-1A0064_004   0.000   0.000   0.000
SER01A0065_001   0.000  -2.808  -2.808
SER01A0065_002   0.000  -2.808  -2.808
SER01A0065_003   0.000  -2.808  -2.808
GLU01A0066_001   1.437  -3.570  -2.133
GLU01A0066_002   1.437  -3.570  -2.133
GLU02A0066_003   1.189  -3.607  -2.418
GLU02A0066_004   1.189  -3.607  -2.418
GLU-1A0066_005   1.102  -3.546  -2.444
GLN01A0067_001   2.392  -1.299   1.093
ASP01A0068_001   0.119  -1.060  -0.942
ASP01A0068_002   0.119  -1.060  -0.942
ASP02A0068_003   0.194  -1.096  -0.902
ASP02A0068_004   0.194  -1.096  -0.902
ASP-1A0068_005   0.111  -1.034  -0.922
GLU01A0069_001   2.357  -0.868   1.489
GLU01A0069_002   2.357  -0.868   1.489
GLU02A0069_003   2.922  -0.890   2.032
GLU02A0069_004   2.922  -0.890   2.032
GLU-1A0069_005   2.292  -0.840   1.453
LEU01A0070_001   1.607  -4.359  -2.752
ASP01A0071_001   0.170  -0.138   0.032
ASP01A0071_002   0.170  -0.138   0.032
ASP02A0071_003   0.253  -0.145   0.108
ASP02A0071_004   0.253  -0.145   0.108
ASP-1A0071_005   0.159  -0.138   0.022
PHE01A0072_001   4.453  -0.052   4.401
LEU01A0073_001   1.764  -0.927   0.837
MET01A0074_001   1.397  -0.048   1.349
GLU01A0075_001   0.913  -0.178   0.735
GLU01A0075_002   0.913  -0.178   0.735
GLU02A0075_003   1.058  -0.176   0.882
GLU02A0075_004   1.058  -0.176   0.882
GLU-1A0075_005   0.818  -0.172   0.645
ALA01A0076_001   0.000   0.000   0.000
LEU01A0077_001   1.892   0.000   1.892
ILE01A0078_001   1.871   0.000   1.871
ILE01A0079_001   3.451  -0.155   3.297
SER01A0080_001   0.000  -0.792  -0.792
SER01A0080_002   0.000  -0.792  -0.792
SER01A0080_003   0.000  -0.792  -0.792
LYS01A0081_001   0.821  -4.033  -3.212
LYS+1A0081_002   0.773  -4.033  -3.260
PHE01A0082_001   4.493   0.000   4.493
ASN01A0083_001   0.315  -3.725  -3.410
HIS01A0084_001  -0.138  -2.026  -2.163
HIS01A0084_002  -0.087  -1.761  -1.848
HIS02A0084_003  -0.157  -2.026  -2.183
HIS02A0084_004  -0.100  -1.761  -1.860
HIS+1A0084_005  -0.184  -2.026  -2.210
HIS+1A0084_006  -0.126  -1.761  -1.887
GLN01A0085_001   1.195  -3.455  -2.260
GLN01A0085_002   1.993  -3.532  -1.539
ASN01A0086_001   0.277  -0.325  -0.047
ASN01A0086_002   0.445  -0.384   0.061
ILE01A0087_001   2.932  -0.052   2.880
VAL01A0088_001   0.660   0.000   0.660
ARG01A0089_001   1.109  -5.237  -4.128
ARG02A0089_002   1.070  -5.237  -4.167
ARG02A0089_003   1.131  -5.237  -4.107
ARG03A0089_004   1.070  -5.237  -4.167
ARG+1A0089_005   1.027  -5.237  -4.210
CYS01A0090_001  -0.002   0.000  -0.002
CYS01A0090_002  -0.002   0.000  -0.002
CYS01A0090_003  -0.002   0.000  -0.002
CYS-1A0090_004   0.000   0.000   0.000
ILE01A0091_001   2.914  -1.510   1.404
VAL01A0093_001   0.602   0.000   0.602
SER01A0094_001   0.000   0.000   0.000
SER01A0094_002   0.000   0.000   0.000
SER01A0094_003   0.000   0.000   0.000
LEU01A0095_001   1.698  -0.773   0.925
GLN01A0096_001   2.430  -3.336  -0.906
GLN01A0096_002   1.468  -3.373  -1.904
SER01A0097_001   0.000  -1.817  -1.817
LEU01A0098_001   2.027  -5.595  -3.568
PRO01A0099_001   0.242  -2.714  -2.472
ARG01A0100_001   1.887  -3.077  -1.191
ARG02A0100_002   1.874  -3.077  -1.204
ARG03A0100_003   1.865  -3.077  -1.213
ARG03A0100_004   1.868  -3.077  -1.209
ARG+1A0100_005   1.826  -3.077  -1.252
PHE01A0101_001   4.142  -0.354   3.789
ILE01A0102_001   2.633   0.000   2.633
LEU01A0103_001   1.735   0.000   1.735
LEU01A0104_001   1.717  -0.753   0.963
GLU01A0105_001   2.501  -0.999   1.502
GLU01A0105_002   2.501  -0.999   1.502
GLU02A0105_003   1.977  -1.055   0.922
GLU02A0105_004   1.977  -1.055   0.922
GLU-1A0105_005   1.921  -0.999   0.922
LEU01A0106_001   1.695  -0.618   1.077
MET01A0107_001  -0.032  -0.427  -0.459
ALA01A0108_001   0.000  -2.727  -2.727
ASP01A0111_001   0.378  -0.948  -0.569
ASP01A0111_002   0.378  -0.948  -0.569
ASP02A0111_003   0.406  -0.999  -0.594
ASP02A0111_004   0.406  -0.999  -0.594
ASP-1A0111_005   0.316  -0.956  -0.640
LEU01A0112_001   1.786   0.000   1.786
LYS01A0113_001   0.900  -2.157  -1.257
LYS+1A0113_002   0.823  -2.157  -1.334
SER01A0114_001   0.000  -2.220  -2.220
SER01A0114_002   0.000  -2.220  -2.220
SER01A0114_003   0.000  -2.220  -2.220
PHE01A0115_001   4.696  -0.303   4.392
LEU01A0116_001   1.852   0.000   1.852
ARG01A0117_001   2.161  -6.164  -4.003
ARG02A0117_002   2.205  -6.164  -3.959
ARG03A0117_003   2.114  -6.164  -4.050
ARG+1A0117_004   2.075  -6.164  -4.089
GLU01A0118_001   2.524  -3.343  -0.819
GLU01A0118_002   2.524  -3.343  -0.819
GLU02A0118_003   2.021  -3.483  -1.462
GLU02A0118_004   2.021  -3.483  -1.462
GLU-1A0118_005   1.947  -3.329  -1.382
THR01A0119_001   0.220  -1.010  -0.790
ARG01A0120_001   1.376  -1.266   0.111
ARG02A0120_002   1.339  -1.266   0.074
ARG02A0120_003   1.400  -1.266   0.135
ARG03A0120_004   1.338  -1.266   0.073
ARG+1A0120_005   1.295  -1.266   0.030
PRO01A0121_001   0.225  -0.258  -0.032
ARG01A0122_001   3.130  -6.083  -2.953
ARG02A0122_002   3.103  -6.083  -2.979
ARG03A0122_003   3.111  -6.083  -2.971
ARG+1A0122_004   3.059  -6.083  -3.024
PRO01A0123_001   0.228  -2.041  -1.813
SER01A0124_001   0.000  -2.632  -2.632
SER01A0124_002   0.000  -2.632  -2.632
GLN01A0125_001  14.387  -3.165  11.222
PRO01A0126_001   0.176  -5.381  -5.205
SER01A0127_001   0.000   0.000   0.000
SER01A0127_002   0.000   0.000   0.000
SER01A0127_003   0.000   0.000   0.000
SER01A0128_001   0.000  -3.778  -3.778
LEU01A0129_001   1.841  -0.052   1.789
ALA01A0130_001   0.000  -2.795  -2.795
MET01A0131_001  -0.088   0.000  -0.088
LEU01A0132_001   1.672  -3.963  -2.291
ASP01A0133_001   0.390  -0.641  -0.251
ASP01A0133_002   0.390  -0.641  -0.251
ASP02A0133_003   0.377  -0.669  -0.292
ASP02A0133_004   0.377  -0.669  -0.292
ASP-1A0133_005   0.309  -0.620  -0.311
LEU01A0134_001   1.654   0.000   1.654
LEU01A0135_001   1.743   0.000   1.743
HIS01A0136_001  -0.261  -3.449  -3.710
HIS01A0136_002  -0.229  -2.863  -3.092
HIS02A0136_003  -0.281  -3.449  -3.730
HIS02A0136_004  -0.238  -2.863  -3.102
HIS+1A0136_005  -0.308  -3.449  -3.757
HIS+1A0136_006  -0.265  -2.863  -3.128
VAL01A0137_001   0.655   0.000   0.655
ALA01A0138_001   0.000   0.000   0.000
ARG01A0139_001   3.209  -4.722  -1.514
ARG02A0139_002   3.171  -4.722  -1.551
ARG02A0139_003   3.214  -4.722  -1.508
ARG03A0139_004   3.165  -4.722  -1.557
ARG+1A0139_005   3.126  -4.722  -1.596
ASP01A0140_001   0.073  -0.433  -0.360
ASP01A0140_002   0.073  -0.433  -0.360
ASP02A0140_003   0.142  -0.346  -0.204
ASP02A0140_004   0.142  -0.346  -0.204
ASP-1A0140_005   0.069  -0.379  -0.310
ILE01A0141_001   1.852   0.000   1.852
ALA01A0142_001   0.000   0.000   0.000
CYS01A0143_001  -0.002  -1.834  -1.836
CYS01A0143_002  -0.002  -1.834  -1.836
CYS01A0143_003  -0.002  -1.834  -1.837
CYS-1A0143_004   0.000  -1.834  -1.834
CYS01A0145_001  -0.002   0.000  -0.002
CYS01A0145_002  -0.002   0.000  -0.002
CYS01A0145_003  -0.002   0.000  -0.002
CYS-1A0145_004   0.000   0.000   0.000
GLN01A0146_001   1.508  -1.664  -0.156
GLN01A0146_002   1.014  -1.732  -0.719
TYR01A0147_001   4.404  -1.547   2.857
TYR01A0147_002   4.404  -1.547   2.857
TYR-1A0147_003   4.404  -1.547   2.857
LEU01A0148_001   1.677   0.000   1.677
GLU01A0149_001   0.824  -0.896  -0.071
GLU01A0149_002   0.824  -0.896  -0.071
GLU02A0149_003   0.735  -0.942  -0.207
GLU02A0149_004   0.735  -0.942  -0.207
GLU-1A0149_005   0.634  -0.896  -0.262
GLU01A0150_001   2.271  -2.332  -0.061
GLU01A0150_002   2.271  -2.332  -0.061
GLU02A0150_003   1.812  -2.332  -0.520
GLU02A0150_004   1.812  -2.332  -0.520
GLU-1A0150_005   1.744  -2.205  -0.461
ASN01A0151_001   0.375  -1.289  -0.914
ASN01A0151_002   0.410  -1.029  -0.618
HIS01A0152_001  -0.094  -9.065  -9.160
HIS01A0152_002  -0.020  -8.878  -8.898
HIS02A0152_003  -0.116  -9.065  -9.181
HIS02A0152_004  -0.031  -8.878  -8.909
HIS+1A0152_005  -0.143  -9.065  -9.208
HIS+1A0152_006  -0.058  -8.878  -8.935
PHE01A0153_001   4.537  -0.473   4.065
ILE01A0154_001   3.331  -2.283   1.049
HIS01A0155_001  -0.138   0.000  -0.138
HIS02A0155_002  -0.157   0.000  -0.157
HIS+1A0155_003  -0.184   0.000  -0.184
ARG01A0156_001   2.608  -1.927   0.681
ARG02A0156_002   2.621  -1.927   0.694
ARG03A0156_003   2.578  -1.927   0.651
ARG+1A0156_004   2.539  -1.927   0.612
ASP01A0157_001   0.073  -0.448  -0.375
ASP01A0157_002   0.073  -0.448  -0.375
ASP02A0157_003   0.141  -0.471  -0.330
ASP02A0157_004   0.141  -0.471  -0.330
ASP-1A0157_005   0.069  -0.448  -0.379
ILE01A0158_001   3.228   0.000   3.228
ALA01A0159_001   0.000   0.000   0.000
ALA01A0160_001   0.000   0.000   0.000
ARG01A0161_001   1.757  -4.451  -2.694
ARG02A0161_002   1.829  -4.451  -2.622
ARG03A0161_003   1.735  -4.451  -2.716
ARG03A0161_004   1.739  -4.451  -2.712
ARG+1A0161_005   1.696  -4.451  -2.755
ASN01A0162_001   0.318  -0.630  -0.312
ASN01A0162_002   0.116  -0.787  -0.671
CYS01A0163_001  -0.002   0.000  -0.002
CYS01A0163_002  -0.002   0.000  -0.002
CYS01A0163_003  -0.002   0.000  -0.002
CYS-1A0163_004   0.000   0.000   0.000
LEU01A0164_001   2.077  -2.421  -0.344
LEU01A0165_001   2.265   0.000   2.265
THR01A0166_001   0.185  -1.913  -1.728
THR01A0166_002   0.185  -1.913  -1.728
THR01A0166_003   0.185  -1.913  -1.728
CYS01A0167_001  -0.002  -2.594  -2.596
CYS01A0167_002  -0.002  -2.594  -2.596
CYS01A0167_003  -0.002  -2.594  -2.597
CYS-1A0167_004   0.000  -2.594  -2.594
PRO01A0168_001   0.242  -5.305  -5.062
PRO01A0170_001   0.232  -7.761  -7.529
ARG01A0172_001   2.333  -0.488   1.844
ARG02A0172_002   2.307  -0.488   1.819
ARG02A0172_003   2.402  -0.488   1.913
ARG03A0172_004   2.298  -0.488   1.810
ARG03A0172_005   2.303  -0.488   1.814
ARG+1A0172_006   2.259  -0.488   1.770
VAL01A0173_001   0.630  -1.954  -1.324
ALA01A0174_001   0.000   0.000   0.000
LYS01A0175_001   0.652  -0.707  -0.055
LYS+1A0175_002   0.608  -0.707  -0.098
ILE01A0176_001   2.645   0.000   2.645
ASP01A0178_001   0.405  -0.997  -0.592
ASP01A0178_002   0.405  -0.997  -0.592
ASP02A0178_003   0.379  -1.016  -0.637
ASP02A0178_004   0.379  -1.016  -0.637
ASP-1A0178_005   0.316  -0.969  -0.653
PHE01A0179_001   4.458   0.000   4.458
MET01A0181_001   2.937  -1.137   1.799
ALA01A0182_001   0.000  -0.052  -0.052
ARG01A0183_001   8.024  -1.349   6.675
ARG02A0183_002   7.982  -1.349   6.633
ARG02A0183_003   8.078  -1.349   6.729
ARG03A0183_004   7.973  -1.349   6.624
ARG03A0183_005   7.979  -1.349   6.630
ARG+1A0183_006   7.933  -1.349   6.584
ASP01A0184_001   0.073  -0.384  -0.312
ASP01A0184_002   0.073  -0.384  -0.312
ASP02A0184_003   0.141  -0.429  -0.289
ASP02A0184_004   0.141  -0.429  -0.289
ASP-1A0184_005   0.068  -0.379  -0.311
ILE01A0185_001   2.272  -3.187  -0.915
TYR01A0186_001   4.379  -3.689   0.691
TYR-1A0186_002   4.379  -3.689   0.691
ARG01A0187_001   1.526  -4.090  -2.564
ARG02A0187_002   1.467  -4.090  -2.623
ARG02A0187_003   1.527  -4.090  -2.563
ARG03A0187_004   1.462  -4.090  -2.629
ARG03A0187_005   1.467  -4.090  -2.624
ARG+1A0187_006   1.423  -4.090  -2.667
ALA01A0188_001   0.000   0.000   0.000
SER01A0189_001   0.000  -0.120  -0.120
SER01A0189_002   0.000  -0.120  -0.120
SER01A0189_003   0.000  -0.120  -0.120
TYR01A0190_001  12.862  -4.599   8.263
TYR-1A0190_002  12.862  -4.599   8.263
TYR01A0191_001   7.228  -2.842   4.386
TYR01A0191_002   7.228  -2.842   4.386
TYR-1A0191_003   7.228  -2.842   4.386
ARG01A0192_00140123.457  -3.97740119.480
ARG02A0192_00240123.500  -3.97740119.523
ARG02A0192_00340123.500  -3.97740119.523
ARG03A0192_00440074.703  -3.97740070.727
ARG03A0192_00539553.652  -3.97739549.676
ARG+1A0192_00640123.414  -3.97740119.438
LYS01A0193_001   5.176  -6.827  -1.651
LYS+1A0193_002   5.115  -6.827  -1.712
CYS01A0196_001  -0.002   0.000  -0.002
CYS01A0196_002  -0.002   0.000  -0.002
CYS01A0196_003  -0.002   0.000  -0.002
CYS-1A0196_004   0.000   0.000   0.000
ALA01A0197_001   0.000  -3.120  -3.120
MET01A0198_001   1.240  -4.763  -3.523
LEU01A0199_001   1.829  -3.670  -1.841
PRO01A0200_001   0.210  -0.254  -0.044
VAL01A0201_001   0.673  -0.618   0.055
LYS01A0202_001   0.887  -1.054  -0.167
LYS+1A0202_002   0.842  -1.054  -0.212
TRP01A0203_001   2.743  -0.859   1.884
MET01A0204_001   0.321  -0.096   0.225
PRO01A0205_001   0.226   0.000   0.226
PRO01A0206_001   0.232  -0.155   0.078
GLU01A0207_001   2.236  -0.274   1.962
GLU01A0207_002   2.236  -0.274   1.962
GLU02A0207_003   1.808  -0.245   1.562
GLU02A0207_004   1.808  -0.245   1.562
GLU-1A0207_005   1.740  -0.245   1.495
ALA01A0208_001   0.000   0.000   0.000
PHE01A0209_001   4.522  -0.155   4.367
MET01A0210_001   0.039  -4.749  -4.710
GLU01A0211_001   2.485  -3.168  -0.684
GLU01A0211_002   2.485  -3.168  -0.684
GLU02A0211_003   2.009  -3.201  -1.192
GLU02A0211_004   2.009  -3.201  -1.192
GLU-1A0211_005   1.930  -3.127  -1.196
ILE01A0213_001   2.251  -5.319  -3.068
PHE01A0214_001   4.565  -1.265   3.300
THR01A0215_001   0.210  -3.407  -3.197
THR01A0215_002   0.210  -3.407  -3.197
SER01A0216_001   0.000  -1.828  -1.828
SER01A0216_002   0.000  -1.828  -1.828
LYS01A0217_001   0.668  -2.148  -1.480
LYS+1A0217_002   0.589  -2.148  -1.559
THR01A0218_001   0.190   0.000   0.190
THR01A0218_002   0.190   0.000   0.190
ASP01A0219_001   0.062   0.000   0.062
ASP01A0219_002   0.062   0.000   0.062
ASP02A0219_003   0.129   0.000   0.129
ASP02A0219_004   0.129   0.000   0.129
ASP-1A0219_005   0.058   0.000   0.058
THR01A0220_001   0.186   0.000   0.186
THR01A0220_002   0.186   0.000   0.186
THR01A0220_003   0.186   0.000   0.186
TRP01A0221_001   2.948   0.000   2.948
SER01A0222_001   0.000   0.000   0.000
SER01A0222_002   0.000   0.000   0.000
SER01A0222_003   0.000   0.000   0.000
PHE01A0223_001   4.484   0.000   4.484
VAL01A0225_001   0.511   0.000   0.511
LEU01A0226_001   1.652   0.000   1.652
LEU01A0227_001   1.812   0.000   1.812
TRP01A0228_001   2.831  -0.606   2.225
GLU01A0229_001   0.487  -0.034   0.453
GLU01A0229_002   0.487  -0.034   0.453
GLU02A0229_003   0.498  -0.036   0.461
GLU02A0229_004   0.498  -0.036   0.461
GLU-1A0229_005   0.391  -0.034   0.357
ILE01A0230_001   1.686   0.000   1.686
PHE01A0231_001   4.433   0.000   4.433
SER01A0232_001   0.000  -0.192  -0.192
LEU01A0233_001   1.625  -0.155   1.470
TYR01A0235_001   4.445  -5.279  -0.834
TYR-1A0235_002   4.445  -5.279  -0.834
MET01A0236_001   2.001  -5.596  -3.595
PRO01A0237_001   0.197   0.000   0.197
TYR01A0238_001   4.455   0.000   4.455
TYR-1A0238_002   4.455   0.000   4.455
PRO01A0239_001   0.234  -3.193  -2.959
SER01A0240_001   0.000  -4.276  -4.276
SER01A0240_002   0.000  -4.276  -4.276
LYS01A0241_001   1.286  -3.536  -2.250
LYS+1A0241_002   1.204  -3.536  -2.331
SER01A0242_001   0.000  -2.760  -2.760
SER01A0242_002   0.000  -2.760  -2.760
ASN01A0243_001   0.174  -1.654  -1.480
ASN01A0243_002   0.009  -1.483  -1.474
GLN01A0244_001   1.115  -3.182  -2.067
GLN01A0244_002   1.782  -3.191  -1.409
GLU01A0245_001   2.003  -2.745  -0.741
GLU01A0245_002   2.003  -2.745  -0.741
GLU02A0245_003   1.604  -2.778  -1.174
GLU02A0245_004   1.604  -2.778  -1.174
GLU-1A0245_005   1.530  -2.722  -1.192
VAL01A0246_001   0.572   0.000   0.572
LEU01A0247_001   2.414  -2.656  -0.242
GLU01A0248_001   1.531  -3.296  -1.765
GLU01A0248_002   1.531  -3.296  -1.765
GLU02A0248_003   1.934  -3.332  -1.398
GLU02A0248_004   1.934  -3.332  -1.398
GLU-1A0248_005   1.466  -3.204  -1.738
PHE01A0249_001   4.300  -3.910   0.390
VAL01A0250_001   0.673   0.000   0.673
THR01A0251_001   0.230  -2.002  -1.773
THR01A0251_002   0.230  -2.002  -1.773
SER01A0252_001   0.000  -3.589  -3.589
SER01A0252_002   0.000  -3.589  -3.589
SER01A0252_003   0.000  -3.589  -3.589
ARG01A0255_001   1.486  -2.179  -0.693
ARG02A0255_002   1.471  -2.179  -0.708
ARG02A0255_003   1.550  -2.179  -0.629
ARG03A0255_004   1.467  -2.179  -0.712
ARG+1A0255_005   1.424  -2.179  -0.755
MET01A0256_001   0.049  -0.048   0.001
ASP01A0257_001   0.119  -3.300  -3.181
ASP01A0257_002   0.119  -3.300  -3.181
ASP02A0257_003   0.196  -3.416  -3.220
ASP02A0257_004   0.196  -3.416  -3.220
ASP-1A0257_005   0.112  -3.243  -3.131
PRO01A0258_001   0.211  -3.410  -3.199
PRO01A0259_001   0.194   0.000   0.194
LYS01A0260_001   2.004  -6.467  -4.462
LYS+1A0260_002   1.958  -6.467  -4.509
ASN01A0261_001   0.133  -1.988  -1.856
ASN01A0261_002  -0.017  -2.151  -2.168
CYS01A0262_001  -0.002   0.000  -0.002
CYS01A0262_002  -0.002   0.000  -0.002
CYS01A0262_003  -0.002   0.000  -0.002
CYS-1A0262_004   0.000   0.000   0.000
PRO01A0263_001   0.220  -0.155   0.066
PRO01A0265_001   0.196  -2.456  -2.260
VAL01A0266_001   0.615   0.000   0.615
TYR01A0267_001   4.346  -2.883   1.464
TYR01A0267_002   4.346  -2.883   1.464
TYR-1A0267_003   4.346  -2.883   1.464
ARG01A0268_001   5.499  -8.405  -2.906
ARG02A0268_002   5.432  -8.405  -2.973
ARG03A0268_003   5.432  -8.405  -2.973
ARG+1A0268_004   5.387  -8.405  -3.018
ILE01A0269_001   1.869  -0.052   1.817
MET01A0270_001   0.141   0.000   0.141
THR01A0271_001   0.207  -2.064  -1.857
THR01A0271_002   0.207  -2.064  -1.857
GLN01A0272_001   1.083  -1.186  -0.103
GLN01A0272_002   0.823  -1.242  -0.419
CYS01A0273_001  -0.002   0.000  -0.002
CYS01A0273_002  -0.002   0.000  -0.002
CYS01A0273_003  -0.002   0.000  -0.002
CYS-1A0273_004   0.000   0.000   0.000
TRP01A0274_001   2.751   0.000   2.751
GLN01A0275_001   0.835  -2.239  -1.404
GLN01A0275_002   0.953  -2.230  -1.277
HIS01A0276_001  -0.132  -5.210  -5.342
HIS01A0276_002  -0.077  -4.928  -5.005
HIS02A0276_003  -0.152  -5.210  -5.362
HIS02A0276_004  -0.090  -4.928  -5.018
HIS+1A0276_005  -0.179  -5.210  -5.389
HIS+1A0276_006  -0.116  -4.928  -5.044
GLN01A0277_001   0.769  -3.005  -2.236
GLN01A0277_002   0.790  -2.761  -1.970
PRO01A0278_001   0.247  -1.722  -1.475
GLU01A0279_001   1.568  -2.646  -1.079
GLU01A0279_002   1.568  -2.646  -1.079
GLU02A0279_003   1.370  -2.647  -1.277
GLU02A0279_004   1.370  -2.647  -1.277
GLU-1A0279_005   1.275  -2.544  -1.269
ASP01A0280_001   0.178  -2.363  -2.185
ASP01A0280_002   0.178  -2.363  -2.185
ASP02A0280_003   0.264  -2.438  -2.174
ASP02A0280_004   0.264  -2.438  -2.174
ASP-1A0280_005   0.168  -2.390  -2.223
ARG01A0281_001   1.587   0.000   1.587
ARG02A0281_002   1.544   0.000   1.544
ARG02A0281_003   1.596   0.000   1.596
ARG03A0281_004   1.539   0.000   1.539
ARG03A0281_005   1.544   0.000   1.544
ARG+1A0281_006   1.500   0.000   1.500
PRO01A0282_001   0.175  -0.203  -0.027
ASN01A0283_001   0.280  -1.890  -1.610
PHE01A0284_001   4.448   0.000   4.448
ALA01A0285_001   0.000  -2.505  -2.505
ILE01A0286_001   2.927  -3.725  -0.798
ILE01A0287_001   1.910   0.000   1.910
LEU01A0288_001   1.865  -1.391   0.474
GLU01A0289_001   2.612  -3.237  -0.624
GLU01A0289_002   2.612  -3.237  -0.624
GLU02A0289_003   2.077  -3.185  -1.108
GLU02A0289_004   2.077  -3.185  -1.108
GLU-1A0289_005   2.015  -3.045  -1.030
ARG01A0290_001   2.345  -5.550  -3.205
ARG02A0290_002   2.315  -5.550  -3.235
ARG03A0290_003   2.313  -5.550  -3.236
ARG+1A0290_004   2.270  -5.550  -3.279
ILE01A0291_001   2.914   0.000   2.914
GLU01A0292_001   0.597  -2.215  -1.618
GLU01A0292_002   0.597  -2.215  -1.618
GLU02A0292_003   0.606  -2.332  -1.726
GLU02A0292_004   0.606  -2.332  -1.726
GLU-1A0292_005   0.491  -2.235  -1.744
TYR01A0293_001   4.248  -9.993  -5.745
TYR-1A0293_002   4.248  -9.993  -5.745
CYS01A0294_001  -0.002   0.000  -0.002
CYS01A0294_002  -0.002   0.000  -0.002
CYS01A0294_003  -0.002   0.000  -0.002
CYS-1A0294_004   0.000   0.000   0.000
THR01A0295_001   0.208  -0.798  -0.590
THR01A0295_002   0.208  -0.798  -0.590
GLN01A0296_001   0.709  -3.330  -2.621
GLN01A0296_002   0.757  -3.091  -2.334
ASP01A0297_001   0.081  -1.088  -1.006
ASP01A0297_002   0.081  -1.088  -1.006
ASP02A0297_003   0.152  -1.179  -1.028
ASP02A0297_004   0.152  -1.179  -1.028
ASP-1A0297_005   0.077  -1.034  -0.957
PRO01A0298_001   0.249  -5.378  -5.129
ASP01A0299_001   0.113  -3.371  -3.257
ASP01A0299_002   0.113  -3.371  -3.257
ASP02A0299_003   0.185  -3.566  -3.381
ASP02A0299_004   0.185  -3.566  -3.381
ASP-1A0299_005   0.106  -3.411  -3.305
VAL01A0300_001   0.613   0.000   0.613
ILE01A0301_001   4.814  -2.279   2.535
ASN01A0302_001   0.285  -2.993  -2.708
ASN01A0302_002   0.093  -2.925  -2.832
THR01A0303_001   0.191  -1.752  -1.561
THR01A0303_002   0.191  -1.752  -1.561
ALA01A0304_001   0.000  -4.118  -4.118
LEU01A0305_001   1.782  -0.155   1.628
PRO01A0306_001   0.225  -0.480  -0.254
ILE01A0307_001   3.259  -2.885   0.374
GLU01A0308_001   1.848  -1.663   0.185
GLU01A0308_002   1.848  -1.663   0.185
GLU02A0308_003   2.335  -1.680   0.655
GLU02A0308_004   2.335  -1.680   0.655
GLU-1A0308_005   1.788  -1.602   0.186
TYR01A0309_001   6.224  -8.374  -2.150
TYR01A0309_002   6.224  -8.374  -2.150
TYR-1A0309_003   6.224  -8.374  -2.150
