iConf CONFORMER     FL  occ    crg   Em0  pKa0 ne nH    vdw0    vdw1    tors    epol   dsolv   extra    history
00001 HIS01A0001_001 f 0.00  0.000     0  0.00  0  0  -7.157   2.582   0.009   0.413   0.932   0.000 01O000M000t
00002 HIS01A0001_002 f 0.00  0.000     0  0.00  0  0  -7.277   5.994   0.009   0.325   0.552   0.000 01R001M000t
00003 HIS02A0001_003 f 0.00  0.000     0  0.00  0  0  -7.170   2.429   0.009   0.307   0.698   0.000 02O000M000t
00004 HIS02A0001_004 f 0.00  0.000     0  0.00  0  0  -7.290   6.000   0.009   0.376   0.600   0.000 02R001M000t
00005 HIS+1A0001_005 f 0.00  1.000     0  6.98  0  1  -7.197   2.424   0.009   0.122   0.888   0.000 +1O000M000t
00006 HIS+1A0001_006 f 0.00  1.000     0  6.98  0  1  -7.316   5.986   0.009   0.128   0.405   0.000 +1R001M000t
00007 CYS01A0002_001 f 0.00  0.000     0  0.00  0  0  -0.956  -1.197   0.104  -0.173   0.062   0.000 01O000M000t
00008 CYS01A0002_002 f 0.00  0.000     0  0.00  0  0  -0.956  -1.239   0.104  -0.013   0.250   0.000 01O000M000t
00009 CYS01A0002_003 f 0.00  0.000     0  0.00  0  0  -0.957  -1.175   0.104  -0.172   0.244   0.000 01O000M000t
00010 CYS-1A0002_004 f 0.00 -1.000     0  9.10  0 -1  -0.954  -1.153   0.104  -0.217   2.407   0.000 -1O000M000t
00011 GLU01A0003_001 f 0.00  0.000     0  0.00  0  0  -1.547  -1.282   3.922   0.281  -0.118   0.000 01O000M000t
00012 GLU01A0003_002 f 0.00  0.000     0  0.00  0  0  -1.547  -1.282   1.202   0.114   0.982   0.000 01O000M000t
00013 GLU02A0003_003 f 0.00  0.000     0  0.00  0  0  -1.519  -1.281   3.922  -0.025  -0.447   0.000 02O000M000t
00014 GLU02A0003_004 f 0.00  0.000     0  0.00  0  0  -1.519  -1.281   1.202   0.047   0.668   0.000 02O000M000t
00015 GLU-1A0003_005 f 0.00 -1.000     0  4.75  0 -1  -1.624  -1.253   1.202  -0.186   0.906   0.000 -1O000M000t
00016 ARG01A0004_001 f 0.00  0.000     0  0.00  0  0  -8.015  -1.085   1.410  -0.185  -0.128   0.000 01O000M000t
00017 ARG02A0004_002 f 0.00  0.000     0  0.00  0  0  -8.022  -1.091   1.410  -0.009   0.598   0.000 02O000M000t
00018 ARG03A0004_003 f 0.00  0.000     0  0.00  0  0  -8.081  -1.095   1.410  -0.087   0.978   0.000 03O000M000t
00019 ARG+1A0004_004 f 0.00  1.000     0 12.50  0  1  -8.120  -1.096   1.410  -0.074   0.044   0.000 +1O000M000t
00020 LEU01A0005_001 f 0.00  0.000     0  0.00  0  0  -0.438  -2.948   0.827   0.000   0.000   0.000 01O000M000t
00021 PRO01A0006_001 f 0.00  0.000     0  0.00  0  0  -5.254   0.091   0.000   0.000   0.000   0.000 01O000M000t
00022 TYR01A0007_001 f 0.00  0.000     0  0.00  0  0   2.690  -7.586   0.009  -0.161   2.476   0.000 01O000M000t
00023 TYR01A0007_002 f 0.00  0.000     0  0.00  0  0   2.690  -7.586   0.009  -0.176   2.429   0.000 01O000M000t
00024 TYR-1A0007_003 f 0.00 -1.000     0 10.20  0 -1   2.690  -7.586   0.009  -2.841  11.489   0.000 -1O000M000t
00025 ASP01A0008_001 f 0.00  0.000     0  0.00  0  0  -2.371  -0.685   2.965   2.343   0.656   0.000 01O000M000t
00026 ASP01A0008_002 f 0.00  0.000     0  0.00  0  0  -2.371  -0.685   0.245   0.119   0.972   0.000 01O000M000t
00027 ASP02A0008_003 f 0.00  0.000     0  0.00  0  0  -2.181  -1.259   2.965  -0.623   0.089   0.000 02O000M000t
00028 ASP02A0008_004 f 0.00  0.000     0  0.00  0  0  -2.181  -1.259   0.245  -0.654   1.229   0.000 02O000M000t
00029 ASP-1A0008_005 f 0.00 -1.000     0  4.75  0 -1  -2.199  -1.201   0.245  -2.591   2.096   0.000 -1O000M000t
00030 ALA01A0009_001 f 0.00  0.000     0  0.00  0  0  -2.437  -0.817   0.000   0.000   0.000   0.000 01O000M000t
00031 SER01A0010_001 f 0.00  0.000     0  0.00  0  0  -4.604  -0.511   0.406  -0.149  -0.019   0.000 01O000M000t
00032 LYS01A0011_001 f 0.00  0.000     0  0.00  0  0  -6.690  -1.746   1.951  -0.011  -0.058   0.000 01O000M000t
00033 LYS+1A0011_002 f 0.00  1.000     0 10.40  0  1  -6.728  -1.748   1.951  -0.392   0.190   0.000 +1O000M000t
00034 TRP01A0012_001 f 0.00  0.000     0  0.00  0  0   1.222  -8.777   0.044   0.000   0.000   0.000 01O000M000t
00035 GLU01A0013_001 f 0.00  0.000     0  0.00  0  0   0.905  -5.373   3.461  -2.123   2.229   0.000 01O000M000t
00036 GLU01A0013_002 f 0.00  0.000     0  0.00  0  0   0.905  -5.373   0.741  -0.873   2.628   0.000 01O000M000t
00037 GLU02A0013_003 f 0.00  0.000     0  0.00  0  0   0.635  -4.479   3.461  -1.829   1.747   0.000 02O000M000t
00038 GLU02A0013_004 f 0.00  0.000     0  0.00  0  0   0.635 994.521   0.741   4.821   2.789   0.000 02O000M000t
00039 GLU-1A0013_005 f 0.00 -1.000     0  4.75  0 -1   0.609  -5.314   0.741  -6.131   8.069   0.000 -1O000M000t
00040 PHE01A0014_001 f 0.00  0.000     0  0.00  0  0   3.450  -9.730   0.076   0.000   0.000   0.000 01O000M000t
00041 PRO01A0015_001 f 0.00  0.000     0  0.00  0  0  -3.184  -0.992   0.000   0.000   0.000   0.000 01O000M000t
00042 ARG01A0016_001 f 0.00  0.000     0  0.00  0  0  -0.911  -9.509   0.751  -1.234   3.511   0.000 01O000M000t
00043 ARG02A0016_002 f 0.00  0.000     0  0.00  0  0  -0.846  -9.523   0.751  -3.439   3.867   0.000 02O000M000t
00044 ARG03A0016_003 f 0.00  0.000     0  0.00  0  0  -0.934  -9.479   0.751  -2.553   3.849   0.000 03O000M000t
00045 ARG03A0016_004 f 0.00  0.000     0  0.00  0  0  -0.930  -9.368   0.751  -1.645   3.842   0.000 03O000M000t
00046 ARG+1A0016_005 f 0.00  1.000     0 12.50  0  1  -0.974  -9.592   0.751  -4.360   5.977   0.000 +1O000M000t
00047 ASP01A0017_001 f 0.00  0.000     0  0.00  0  0  -2.797   0.340   2.868   2.183   0.984   0.000 01O000M000t
00048 ASP01A0017_002 f 0.00  0.000     0  0.00  0  0  -2.797   0.340   0.148   0.042   0.830   0.000 01O000M000t
00049 ASP02A0017_003 f 0.00  0.000     0  0.00  0  0  -2.791  -0.265   2.868  -0.194  -0.179   0.000 02O000M000t
00050 ASP02A0017_004 f 0.00  0.000     0  0.00  0  0  -2.791  -0.265   0.148  -0.234   1.077   0.000 02O000M000t
00051 ASP-1A0017_005 f 0.00 -1.000     0  4.75  0 -1  -2.779  -0.223   0.148  -1.642   1.530   0.000 -1O000M000t
00052 ARG01A0018_001 f 0.00  0.000     0  0.00  0  0  -2.390  -4.221   3.060  -0.104   1.167   0.000 01O000M000t
00053 ARG02A0018_002 f 0.00  0.000     0  0.00  0  0  -2.364  -4.165   3.060   0.802   2.033   0.000 02O000M000t
00054 ARG03A0018_003 f 0.00  0.000     0  0.00  0  0  -2.414  -4.224   3.060  -0.082   1.967   0.000 03O000M000t
00055 ARG+1A0018_004 f 0.00  1.000     0 12.50  0  1  -2.457  -4.227   3.060  -0.779   1.658   0.000 +1O000M000t
00056 LEU01A0019_001 f 0.00  0.000     0  0.00  0  0   1.326  -5.333   1.159   0.000   0.000   0.000 01O000M000t
00057 ASN01A0020_001 f 0.00  0.000     0  0.00  0  0  -2.852  -1.128   2.700   0.222   0.010   0.000 01O000M000t
00058 ASN01A0020_002 f 0.00  0.000     0  0.00  0  0  -2.919  -1.231   2.721   0.296  -0.188   0.000 01R001M000t
00059 LEU01A0021_001 f 0.00  0.000     0  0.00  0  0  -2.158  -2.450   0.493   0.000   0.000   0.000 01O000M000t
00060 LYS01A0023_001 f 0.00  0.000     0  0.00  0  0  -9.352  -0.605   1.336  -0.032  -0.069   0.000 01O000M000t
00061 LYS+1A0023_002 f 0.00  1.000     0 10.40  0  1  -9.401  -0.609   1.336   0.069  -0.275   0.000 +1O000M000t
00062 PRO01A0024_001 f 0.00  0.000     0  0.00  0  0  -4.116  -1.070   0.000   0.000   0.000   0.000 01O000M000t
00063 LEU01A0025_001 f 0.00  0.000     0  0.00  0  0   1.450  -3.534   0.566   0.000   0.000   0.000 01O000M000t
00064 ARG01A0027_001 f 0.00  0.000     0  0.00  0  0 -12.079   0.736   2.744  -0.002  -0.307   0.000 01O000M000t
00065 ARG02A0027_002 f 0.00  0.000     0  0.00  0  0 -12.061   0.734   2.744   0.035   0.598   0.000 02O000M000t
00066 ARG03A0027_003 f 0.00  0.000     0  0.00  0  0 -12.124   0.732   2.744   0.005   0.878   0.000 03O000M000t
00067 ARG+1A0027_004 f 0.00  1.000     0 12.50  0  1 -12.162   0.732   2.744   0.157  -0.204   0.000 +1O000M000t
00068 GLN01A0029_001 f 0.00  0.000     0  0.00  0  0   0.200  -4.642   0.485  -1.069   0.863   0.000 01O000M000t
00069 GLN01A0029_002 f 0.00  0.000     0  0.00  0  0   0.623  -4.936   0.499   0.394   0.802   0.000 01R001M000t
00070 VAL01A0030_001 f 0.00  0.000     0  0.00  0  0  -0.011  -1.790   0.000   0.000   0.000   0.000 01O000M000t
00071 ILE01A0031_001 f 0.00  0.000     0  0.00  0  0   4.613   9.467   0.526   0.000   0.000   0.000 01O000M000t
00072 GLU01A0032_001 f 0.00  0.000     0  0.00  0  0   0.316  -3.980   3.364   0.234   1.195   0.000 01O000M000t
00073 GLU01A0032_002 f 0.00  0.000     0  0.00  0  0   0.316  -3.980   0.644   0.080   0.857   0.000 01O000M000t
00074 GLU02A0032_003 f 0.00  0.000     0  0.00  0  0   0.053  -3.962   3.364   0.194   0.266   0.000 02O000M000t
00075 GLU02A0032_004 f 0.00  0.000     0  0.00  0  0   0.053  -3.962   0.644   0.084   0.988   0.000 02O000M000t
00076 GLU-1A0032_005 f 0.00 -1.000     0  4.75  0 -1  -0.047  -3.925   0.644  -0.332   1.910   0.000 -1O000M000t
00077 ALA01A0033_001 f 0.00  0.000     0  0.00  0  0   0.000  -1.687   0.000   0.000   0.000   0.000 01O000M000t
00078 ASP01A0034_001 f 0.00  0.000     0  0.00  0  0  -1.616  -2.508   3.193   0.214   0.934   0.000 01O000M000t
00079 ASP01A0034_002 f 0.00  0.000     0  0.00  0  0  -1.616  -2.508   0.473   0.271   0.597   0.000 01O000M000t
00080 ASP02A0034_003 f 0.00  0.000     0  0.00  0  0  -1.538  -2.844   3.193   0.257  -0.097   0.000 02O000M000t
00081 ASP02A0034_004 f 0.00  0.000     0  0.00  0  0  -1.538  -2.844   0.473   0.251   0.955   0.000 02O000M000t
00082 ASP-1A0034_005 f 0.00 -1.000     0  4.75  0 -1  -1.570  -2.785   0.473  -0.265   1.287   0.000 -1O000M000t
00083 ALA01A0035_001 f 0.00  0.000     0  0.00  0  0   0.000  -1.771   0.000   0.000   0.000   0.000 01O000M000t
00084 PHE01A0036_001 f 0.00  0.000     0  0.00  0  0  -0.637  -6.968   0.103   0.000   0.000   0.000 01O000M000t
00085 ILE01A0038_001 f 0.00  0.000     0  0.00  0  0   1.141  -2.296   1.392   0.000   0.000   0.000 01O000M000t
00086 ASP01A0039_001 f 0.00  0.000     0  0.00  0  0  -1.149   1.940   2.734   3.468   1.443   0.000 01O000M000t
00087 ASP01A0039_002 f 0.00  0.000     0  0.00  0  0  -1.149   1.940   0.014   0.256   1.829   0.000 01O000M000t
00088 ASP02A0039_003 f 0.00  0.000     0  0.00  0  0  -1.192   0.799   2.734  -2.247   0.739   0.000 02O000M000t
00089 ASP02A0039_004 f 0.00  0.000     0  0.00  0  0  -1.192   0.799   0.014  -1.746   1.998   0.000 02O000M000t
00090 ASP-1A0039_005 f 0.00 -1.000     0  4.75  0 -1  -1.153   0.861   0.014  -5.238   5.264   0.000 -1O000M000t
00091 LYS01A0040_001 f 0.00  0.000     0  0.00  0  0  -9.393   1.937   2.670   0.032  -0.042   0.000 01O000M000t
00092 LYS+1A0040_002 f 0.00  1.000     0 10.40  0  1  -9.439   1.929   2.670  -0.744   0.014   0.000 +1O000M000t
00093 THR01A0041_001 f 0.00  0.000     0  0.00  0  0  -4.144  -0.334   0.437   0.624   1.715   0.000 01O000M000t
00094 THR01A0041_002 f 0.00  0.000     0  0.00  0  0  -4.144  -0.334   0.437   0.435   1.760   0.000 01O000M000t
00095 THR01A0041_003 f 0.00  0.000     0  0.00  0  0  -4.144  -0.334   0.062  -1.339   1.119   0.000 01O000M000t
00096 ALA01A0042_001 f 0.00  0.000     0  0.00  0  0  -4.427   1.086   0.000   0.000   0.000   0.000 01O000M000t
00097 THR01A0043_001 f 0.00  0.000     0  0.00  0  0  -2.530  -1.618   0.384   0.278   1.757   0.000 01O000M000t
00098 THR01A0043_002 f 0.00  0.000     0  0.00  0  0  -2.530  -1.618   0.384  -0.140   1.907   0.000 01O000M000t
00099 THR01A0043_003 f 0.00  0.000     0  0.00  0  0  -2.530  -1.618   0.009  -0.876   1.757   0.000 01O000M000t
00100 CYS01A0044_001 f 0.00  0.000     0  0.00  0  0  -3.557  -2.090   0.062  -0.054   0.375   0.000 01O000M000t
00101 CYS01A0044_002 f 0.00  0.000     0  0.00  0  0  -3.557  -2.083   0.062  -0.162   0.330   0.000 01O000M000t
00102 CYS01A0044_003 f 0.00  0.000     0  0.00  0  0  -3.558  -2.011   0.062  -0.416   0.097   0.000 01O000M000t
00103 CYS-1A0044_004 f 0.00 -1.000     0  9.10  0 -1  -3.556  -1.990   0.062  -2.002   1.897   0.000 -1O000M000t
00104 ARG01A0045_001 f 0.00  0.000     0  0.00  0  0  -5.956  -2.977   0.810  -0.124   0.446   0.000 01O000M000t
00105 ARG02A0045_002 f 0.00  0.000     0  0.00  0  0  -5.994  -2.993   0.810   0.291   1.602   0.000 02O000M000t
00106 ARG03A0045_003 f 0.00  0.000     0  0.00  0  0  -5.999  -2.993   0.810   0.307   1.188   0.000 03O000M000t
00107 ARG+1A0045_004 f 0.00  1.000     0 12.50  0  1  -6.037  -2.994   0.810   1.049   2.195   0.000 +1O000M000t
00108 THR01A0046_001 f 0.00  0.000     0  0.00  0  0  -2.447  -1.757   0.405  -0.189   0.437   0.000 01O000M000t
00109 THR01A0046_002 f 0.00  0.000     0  0.00  0  0  -2.447  -1.757   0.405  -0.124   0.024   0.000 01O000M000t
00110 VAL01A0047_001 f 0.00  0.000     0  0.00  0  0   0.304  -4.211   0.019   0.000   0.000   0.000 01O000M000t
00111 ALA01A0048_001 f 0.00  0.000     0  0.00  0  0   0.000  -2.127   0.000   0.000   0.000   0.000 01O000M000t
00112 VAL01A0049_001 f 0.00  0.000     0  0.00  0  0   0.500  -3.610   0.027   0.000   0.000   0.000 01O000M000t
00113 LYS01A0050_001 f 0.00  0.000     0  0.00  0  0  -0.367  -3.961   3.777   0.016   0.415   0.000 01O000M000t
00114 LYS+1A0050_002 f 0.00  1.000     0 10.40  0  1  -0.413  -3.971   3.777   0.537   2.660   0.000 +1O000M000t
00115 MET01A0051_001 f 0.00  0.000     0  0.00  0  0  -0.130  -4.383   0.627   0.025   0.073   0.000 01O000M000t
00116 LEU01A0052_001 f 0.00  0.000     0  0.00  0  0   0.855  -4.558   0.567   0.000   0.000   0.000 01O000M000t
00117 LYS01A0053_001 f 0.00  0.000     0  0.00  0  0  -3.368  -1.559   2.169  -0.087   0.532   0.000 01O000M000t
00118 LYS+1A0053_002 f 0.00  1.000     0 10.40  0  1  -3.477  -1.610   2.169   0.306   2.556   0.000 +1O000M000t
00119 GLU01A0054_001 f 0.00  0.000     0  0.00  0  0  -2.870  -0.120   4.104   0.124  -0.049   0.000 01O000M000t
00120 GLU01A0054_002 f 0.00  0.000     0  0.00  0  0  -2.870  -0.120   1.384   0.270   1.354   0.000 01O000M000t
00121 GLU02A0054_003 f 0.00  0.000     0  0.00  0  0  -2.789  -0.240   4.104   0.045  -0.164   0.000 02O000M000t
00122 GLU02A0054_004 f 0.00  0.000     0  0.00  0  0  -2.789  -0.240   1.384   0.099   1.237   0.000 02O000M000t
00123 GLU-1A0054_005 f 0.00 -1.000     0  4.75  0 -1  -2.930  -0.199   1.384  -1.294   1.931   0.000 -1O000M000t
00124 ALA01A0056_001 f 0.00  0.000     0  0.00  0  0  -3.619   2.492   0.000   0.000   0.000   0.000 01O000M000t
00125 THR01A0057_001 f 0.00  0.000     0  0.00  0  0  -3.775  -1.598   0.413  -0.255   1.663   0.000 01O000M000t
00126 THR01A0057_002 f 0.00  0.000     0  0.00  0  0  -3.775  -1.598   0.413   2.309   1.663   0.000 01O000M000t
00127 THR01A0057_003 f 0.00  0.000     0  0.00  0  0  -3.775  -1.598   0.038  -1.753   1.017   0.000 01O000M000t
00128 HIS01A0058_001 f 0.00  0.000     0  0.00  0  0  -7.826  -2.116   0.001   0.614   1.155   0.000 01O000M000t
00129 HIS01A0058_002 f 0.00  0.000     0  0.00  0  0  -8.216  -2.090   0.001   0.496   0.682   0.000 01R001M000t
00130 HIS02A0058_003 f 0.00  0.000     0  0.00  0  0  -7.842  -2.168   0.001   0.350   0.798   0.000 02O000M000t
00131 HIS02A0058_004 f 0.00  0.000     0  0.00  0  0  -8.230  -2.103   0.001   0.446   0.653   0.000 02R001M000t
00132 HIS+1A0058_005 f 0.00  1.000     0  6.98  0  1  -7.869  -2.174   0.001   0.979   0.546   0.000 +1O000M000t
00133 HIS+1A0058_006 f 0.00  1.000     0  6.98  0  1  -8.256  -2.111   0.001   0.995   0.251   0.000 +1R001M000t
00134 SER01A0059_001 f 0.00  0.000     0  0.00  0  0  -3.352  -0.935   0.400   0.335   0.423   0.000 01O000M000t
00135 SER01A0059_002 f 0.00  0.000     0  0.00  0  0  -3.352  -0.935   0.025  -1.202   0.115   0.000 01O000M000t
00136 GLU01A0060_001 f 0.00  0.000     0  0.00  0  0  -0.823  -3.926   3.814   1.429   1.068   0.000 01O000M000t
00137 GLU01A0060_002 f 0.00  0.000     0  0.00  0  0  -0.823  -3.926   1.094  -0.018   0.904   0.000 01O000M000t
00138 GLU02A0060_003 f 0.00  0.000     0  0.00  0  0  -1.046  -3.876   3.814  -0.824  -0.044   0.000 02O000M000t
00139 GLU02A0060_004 f 0.00  0.000     0  0.00  0  0  -1.046  -3.876   1.094  -0.788   1.077   0.000 02O000M000t
00140 GLU-1A0060_005 f 0.00 -1.000     0  4.75  0 -1  -1.065  -3.842   1.094  -2.661   1.957   0.000 -1O000M000t
00141 HIS01A0061_001 f 0.00  0.000     0  0.00  0  0  -4.498  -4.447   0.003   0.534   1.238   0.000 01O000M000t
00142 HIS01A0061_002 f 0.00  0.000     0  0.00  0  0  -3.910  -4.488   0.003   0.582   1.176   0.000 01R001M000t
00143 HIS02A0061_003 f 0.00  0.000     0  0.00  0  0  -4.517  -4.510   0.003   0.578   1.179   0.000 02O000M000t
00144 HIS02A0061_004 f 0.00  0.000     0  0.00  0  0  -3.923  -4.504   0.003   0.596   1.218   0.000 02R001M000t
00145 HIS+1A0061_005 f 0.00  1.000     0  6.98  0  1  -4.544  -4.524   0.003   0.799   1.808   0.000 +1O000M000t
00146 HIS+1A0061_006 f 0.00  1.000     0  6.98  0  1  -3.949  -4.514   0.003   0.832   1.434   0.000 +1R001M000t
00147 ARG01A0062_001 f 0.00  0.000     0  0.00  0  0  -4.497  -2.298   3.034   0.023   0.764   0.000 01O000M000t
00148 ARG02A0062_002 f 0.00  0.000     0  0.00  0  0  -4.579  -2.382   3.034   0.181   1.563   0.000 02O000M000t
00149 ARG03A0062_003 f 0.00  0.000     0  0.00  0  0  -4.583  -2.379   3.034   0.178   1.682   0.000 03O000M000t
00150 ARG+1A0062_004 f 0.00  1.000     0 12.50  0  1  -4.622  -2.384   3.034   0.554   2.335   0.000 +1O000M000t
00151 ALA01A0063_001 f 0.00  0.000     0  0.00  0  0  -3.174  -1.242   0.000   0.000   0.000   0.000 01O000M000t
00152 LEU01A0064_001 f 0.00  0.000     0  0.00  0  0   1.224  -5.748   0.410   0.000   0.000   0.000 01O000M000t
00153 MET01A0065_001 f 0.00  0.000     0  0.00  0  0   0.485  -2.904   1.162   0.009   0.073   0.000 01O000M000t
00154 SER01A0066_001 f 0.00  0.000     0  0.00  0  0  -1.313  -1.261   0.472  -0.053   0.526   0.000 01O000M000t
00155 SER01A0066_002 f 0.00  0.000     0  0.00  0  0  -1.313  -1.261   0.472  -1.363   0.976   0.000 01O000M000t
00156 SER01A0066_003 f 0.00  0.000     0  0.00  0  0  -1.313  -1.261   0.097   0.067   0.172   0.000 01O000M000t
00157 GLU01A0067_001 f 0.00  0.000     0  0.00  0  0   1.316  -3.159   5.175   0.285   0.479   0.000 01O000M000t
00158 GLU01A0067_002 f 0.00  0.000     0  0.00  0  0   1.316  -3.159   2.455   0.137   1.648   0.000 01O000M000t
00159 GLU02A0067_003 f 0.00  0.000     0  0.00  0  0   0.956  -3.149   5.175  -0.265   0.604   0.000 02O000M000t
00160 GLU02A0067_004 f 0.00  0.000     0  0.00  0  0   0.956  -3.149   2.455  -0.110   1.772   0.000 02O000M000t
00161 GLU-1A0067_005 f 0.00 -1.000     0  4.75  0 -1   0.930  -3.090   2.455  -1.207   4.301   0.000 -1O000M000t
00162 LEU01A0068_001 f 0.00  0.000     0  0.00  0  0   1.511  -4.556   0.686   0.000   0.000   0.000 01O000M000t
00163 LYS01A0069_001 f 0.00  0.000     0  0.00  0  0  -0.720  -5.673   0.913  -0.247   0.551   0.000 01O000M000t
00164 LYS+1A0069_002 f 0.00  1.000     0 10.40  0  1  -0.767  -5.828   0.913  -4.293   3.476   0.000 +1O000M000t
00165 ILE01A0070_001 f 0.00  0.000     0  0.00  0  0   2.192  -2.281   0.977   0.000   0.000   0.000 01O000M000t
00166 LEU01A0071_001 f 0.00  0.000     0  0.00  0  0   1.535  -4.905   0.619   0.000   0.000   0.000 01O000M000t
00167 ILE01A0072_001 f 0.00  0.000     0  0.00  0  0  -0.056  -2.236   0.651   0.000   0.000   0.000 01O000M000t
00168 HIS01A0073_001 f 0.00  0.000     0  0.00  0  0  -3.521  -3.928   0.003   0.508   1.091   0.000 01O000M000t
00169 HIS01A0073_002 f 0.00  0.000     0  0.00  0  0  -3.374  -3.951   0.003   0.315   0.929   0.000 01R001M000t
00170 HIS02A0073_003 f 0.00  0.000     0  0.00  0  0  -3.543  -3.979   0.003   0.105   1.033   0.000 02O000M000t
00171 HIS02A0073_004 f 0.00  0.000     0  0.00  0  0  -3.385  -3.959   0.003   0.401   1.043   0.000 02R001M000t
00172 HIS+1A0073_005 f 0.00  1.000     0  6.98  0  1  -3.570  -3.986   0.003  -0.303   1.630   0.000 +1O000M000t
00173 HIS+1A0073_006 f 0.00  1.000     0  6.98  0  1  -3.412  -3.981   0.003  -0.305   1.365   0.000 +1R001M000t
00174 ILE01A0074_001 f 0.00  0.000     0  0.00  0  0   2.700  -1.650   1.141   0.000   0.000   0.000 01O000M000t
00175 HIS01A0076_001 f 0.00  0.000     0  0.00  0  0  -6.418  -2.889   0.726   0.223   1.369   0.000 01O000M000t
00176 HIS01A0076_002 f 0.00  0.000     0  0.00  0  0  -6.112  -2.913   0.726  -0.014   1.031   0.000 01R001M000t
00177 HIS02A0076_003 f 0.00  0.000     0  0.00  0  0  -6.439  -2.878   0.726  -0.164   1.022   0.000 02O000M000t
00178 HIS02A0076_004 f 0.00  0.000     0  0.00  0  0  -6.123  -2.981   0.726  -0.011   0.893   0.000 02R001M000t
00179 HIS+1A0076_005 f 0.00  1.000     0  6.98  0  1  -6.465  -2.922   0.726   0.816   1.394   0.000 +1O000M000t
00180 HIS+1A0076_006 f 0.00  1.000     0  6.98  0  1  -6.150  -3.005   0.726   0.736   1.138   0.000 +1R001M000t
00181 HIS01A0077_001 f 0.00  0.000     0  0.00  0  0  -2.019  -5.154   0.111  -2.197   2.395   0.000 01O000M000t
00182 HIS02A0077_002 f 0.00  0.000     0  0.00  0  0  -2.038  -5.264   0.111   2.813   2.106   0.000 02O000M000t
00183 HIS+1A0077_003 f 0.00  1.000     0  6.98  0  1  -2.065  -5.283   0.111   5.536   4.734   0.000 +1O000M000t
00184 LEU01A0078_001 f 0.00  0.000     0  0.00  0  0  -4.304  -0.091   0.530   0.000   0.000   0.000 01O000M000t
00185 ASN01A0079_001 f 0.00  0.000     0  0.00  0  0   0.155  -4.458   0.741  -1.693   2.352   0.000 01O000M000t
00186 ASN01A0079_002 f 0.00  0.000     0  0.00  0  0   0.308  -5.213   0.744   1.360   2.672   0.000 01R001M000t
00187 VAL01A0080_001 f 0.00  0.000     0  0.00  0  0   0.544  -2.682   0.153   0.000   0.000   0.000 01O000M000t
00188 VAL01A0081_001 f 0.00  0.000     0  0.00  0  0   0.417  -2.663   0.001   0.000   0.000   0.000 01O000M000t
00189 ASN01A0082_001 f 0.00  0.000     0  0.00  0  0   0.334  -1.026   0.965  -2.062   2.552   0.000 01O000M000t
00190 ASN01A0082_002 f 0.00  0.000     0  0.00  0  0   0.232  -1.623   0.981   3.317   2.454   0.000 01R001M000t
00191 LEU01A0083_001 f 0.00  0.000     0  0.00  0  0   1.700  -6.413   0.640   0.000   0.000   0.000 01O000M000t
00192 LEU01A0084_001 f 0.00  0.000     0  0.00  0  0  -0.085  -5.837   0.442   0.000   0.000   0.000 01O000M000t
00193 ALA01A0086_001 f 0.00  0.000     0  0.00  0  0   0.000  -1.469   0.000   0.000   0.000   0.000 01O000M000t
00194 CYS01A0087_001 f 0.00  0.000     0  0.00  0  0  -0.002  -3.094   0.313  -0.922   0.948   0.000 01O000M000t
00195 CYS01A0087_002 f 0.00  0.000     0  0.00  0  0  -0.002  -3.042   0.313   0.326   0.963   0.000 01O000M000t
00196 CYS01A0087_003 f 0.00  0.000     0  0.00  0  0  -0.002  -3.007   0.313  -0.033   0.935   0.000 01O000M000t
00197 CYS-1A0087_004 f 0.00 -1.000     0  9.10  0 -1   0.000  -2.949   0.313  -0.666  10.836   0.000 -1O000M000t
00198 THR01A0088_001 f 0.00  0.000     0  0.00  0  0  -0.575  -0.688   0.580   0.697   1.304   0.000 01O000M000t
00199 THR01A0088_002 f 0.00  0.000     0  0.00  0  0  -0.575  -0.688   0.580  -0.390   0.576   0.000 01O000M000t
00200 THR01A0088_003 f 0.00  0.000     0  0.00  0  0  -0.575  -0.688   0.205  -1.136   0.608   0.000 01O000M000t
00201 LYS01A0089_001 f 0.00  0.000     0  0.00  0  0 999.000  -2.883   2.457  -0.167   0.262   0.000 01O000M000t
00202 LYS+1A0089_002 f 0.00  1.000     0 10.40  0  1 999.000  -2.891   2.457   0.886   1.057   0.000 +1O000M000t
00203 PRO01A0090_001 f 0.00  0.000     0  0.00  0  0  -7.167  -0.183   0.000   0.000   0.000   0.000 01O000M000t
00204 PRO01A0093_001 f 0.00  0.000     0  0.00  0  0  -3.336  -1.417   0.000   0.000   0.000   0.000 01O000M000t
00205 LEU01A0094_001 f 0.00  0.000     0  0.00  0  0   0.995  -4.100   0.435   0.000   0.000   0.000 01O000M000t
00206 MET01A0095_001 f 0.00  0.000     0  0.00  0  0   0.896  -5.528   0.383  -0.079   0.072   0.000 01O000M000t
00207 VAL01A0096_001 f 0.00  0.000     0  0.00  0  0   0.521  -2.809   0.014   0.000   0.000   0.000 01O000M000t
00208 ILE01A0097_001 f 0.00  0.000     0  0.00  0  0   4.596  -4.772   0.839   0.000   0.000   0.000 01O000M000t
00209 VAL01A0098_001 f 0.00  0.000     0  0.00  0  0   0.432  -2.723   0.001   0.000   0.000   0.000 01O000M000t
00210 GLU01A0099_001 f 0.00  0.000     0  0.00  0  0   0.430  -3.739   3.244   1.240   1.429   0.000 01O000M000t
00211 GLU01A0099_002 f 0.00  0.000     0  0.00  0  0   0.430  -3.739   0.524  -0.551   2.179   0.000 01O000M000t
00212 GLU02A0099_003 f 0.00  0.000     0  0.00  0  0   0.044  -3.859   3.244  -0.356   1.224   0.000 02O000M000t
00213 GLU02A0099_004 f 0.00  0.000     0  0.00  0  0   0.044  -3.859   0.524  -0.479   2.151   0.000 02O000M000t
00214 GLU-1A0099_005 f 0.00 -1.000     0  4.75  0 -1   0.073  -3.795   0.524  -1.040   6.586   0.000 -1O000M000t
00215 PHE01A0100_001 f 0.00  0.000     0  0.00  0  0   3.113  -7.668   0.003   0.000   0.000   0.000 01O000M000t
00216 CYS01A0101_001 f 0.00  0.000     0  0.00  0  0  -0.002  -3.569   0.003  -0.324   0.690   0.000 01O000M000t
00217 CYS01A0101_002 f 0.00  0.000     0  0.00  0  0  -0.002  -3.615   0.003  -0.442   0.953   0.000 01O000M000t
00218 CYS01A0101_003 f 0.00  0.000     0  0.00  0  0  -0.002  -3.563   0.003  -0.211   0.948   0.000 01O000M000t
00219 CYS-1A0101_004 f 0.00 -1.000     0  9.10  0 -1   0.000  -3.511   0.003  -2.395  10.768   0.000 -1O000M000t
00220 LYS01A0102_001 f 0.00  0.000     0  0.00  0  0  -3.726  -0.994   2.362  -0.038  -0.169   0.000 01O000M000t
00221 LYS+1A0102_002 f 0.00  1.000     0 10.40  0  1  -3.769  -0.997   2.362   0.209  -0.315   0.000 +1O000M000t
00222 PHE01A0103_001 f 0.00  0.000     0  0.00  0  0  -0.523  -3.635   0.007   0.000   0.000   0.000 01O000M000t
00223 ASN01A0105_001 f 0.00  0.000     0  0.00  0  0  -0.512  -2.536   2.179  -2.514   1.796   0.000 01O000M000t
00224 ASN01A0105_002 f 0.00  0.000     0  0.00  0  0  -0.501   1.017   2.150   3.279   1.311   0.000 01R001M000t
00225 LEU01A0106_001 f 0.00  0.000     0  0.00  0  0   1.646  -4.462   0.741   0.000   0.000   0.000 01O000M000t
00226 SER01A0107_001 f 0.00  0.000     0  0.00  0  0  -0.578  -2.927   0.571  -0.649   1.360   0.000 01O000M000t
00227 SER01A0107_002 f 0.00  0.000     0  0.00  0  0  -0.578  -2.927   0.196  -0.862   0.549   0.000 01O000M000t
00228 THR01A0108_001 f 0.00  0.000     0  0.00  0  0  -3.877  -0.537   0.380  -0.401   0.989   0.000 01O000M000t
00229 THR01A0108_002 f 0.00  0.000     0  0.00  0  0  -3.877  -0.537   0.380   0.440   0.819   0.000 01O000M000t
00230 THR01A0108_003 f 0.00  0.000     0  0.00  0  0  -3.877  -0.537   0.005  -0.718   0.464   0.000 01O000M000t
00231 TYR01A0109_001 f 0.00  0.000     0  0.00  0  0   2.001  -5.290   0.016   0.384   0.935   0.000 01O000M000t
00232 TYR01A0109_002 f 0.00  0.000     0  0.00  0  0   2.001  -5.290   0.016   0.492   1.343   0.000 01O000M000t
00233 TYR-1A0109_003 f 0.00 -1.000     0 10.20  0 -1   2.001  -5.290   0.016   0.191   3.519   0.000 -1O000M000t
00234 LEU01A0110_001 f 0.00  0.000     0  0.00  0  0   1.527  -2.659   0.561   0.000   0.000   0.000 01O000M000t
00235 ARG01A0111_001 f 0.00  0.000     0  0.00  0  0  -4.887  -4.705   0.760  -0.303   0.584   0.000 01O000M000t
00236 ARG02A0111_002 f 0.00  0.000     0  0.00  0  0  -4.916  -4.665   0.760  -0.552   2.239   0.000 02O000M000t
00237 ARG03A0111_003 f 0.00  0.000     0  0.00  0  0  -4.924  -4.701   0.760  -0.382   1.994   0.000 03O000M000t
00238 ARG+1A0111_004 f 0.00  1.000     0 12.50  0  1  -4.963  -4.718   0.760  -0.611   1.240   0.000 +1O000M000t
00239 SER01A0112_001 f 0.00  0.000     0  0.00  0  0  -2.701  -0.179   0.749  -1.881   1.514   0.000 01O000M000t
00240 SER01A0112_002 f 0.00  0.000     0  0.00  0  0  -2.701  -0.179   0.374   0.035   0.333   0.000 01O000M000t
00241 LYS01A0113_001 f 0.00  0.000     0  0.00  0  0   0.037  -4.148   1.352   0.093   0.720   0.000 01O000M000t
00242 LYS+1A0113_002 f 0.00  1.000     0 10.40  0  1  -0.009  -4.215   1.352  -1.521   4.351   0.000 +1O000M000t
00243 ARG01A0114_001 f 0.00  0.000     0  0.00  0  0  -3.324  -7.052   0.969   1.338   1.937   0.000 01O000M000t
00244 ARG02A0114_002 f 0.00  0.000     0  0.00  0  0  -3.301  -7.192   0.969  -0.778   2.310   0.000 02O000M000t
00245 ARG03A0114_003 f 0.00  0.000     0  0.00  0  0  -3.362  -6.918   0.969   0.391   2.329   0.000 03O000M000t
00246 ARG+1A0114_004 f 0.00  1.000     0 12.50  0  1  -3.406  -7.200   0.969  -3.835   4.700   0.000 +1O000M000t
00247 ASN01A0115_001 f 0.00  0.000     0  0.00  0  0  -3.609   0.278   0.246   0.183   0.071   0.000 01O000M000t
00248 ASN01A0115_002 f 0.00  0.000     0  0.00  0  0  -3.818   1.637   0.246   0.181  -0.048   0.000 01R001M000t
00249 GLU01A0116_001 f 0.00  0.000     0  0.00  0  0  -1.340  -1.941   3.353   0.086   1.037   0.000 01O000M000t
00250 GLU01A0116_002 f 0.00  0.000     0  0.00  0  0  -1.340  -1.941   0.633   0.049   0.475   0.000 01O000M000t
00251 GLU02A0116_003 f 0.00  0.000     0  0.00  0  0  -1.633  -1.903   3.353   0.115  -0.429   0.000 02O000M000t
00252 GLU02A0116_004 f 0.00  0.000     0  0.00  0  0  -1.633  -1.903   0.633   0.093   0.882   0.000 02O000M000t
00253 GLU-1A0116_005 f 0.00 -1.000     0  4.75  0 -1  -1.596  -1.874   0.633   0.152   1.354   0.000 -1O000M000t
00254 PHE01A0117_001 f 0.00  0.000     0  0.00  0  0   3.922  -9.315   0.210   0.000   0.000   0.000 01O000M000t
00255 VAL01A0118_001 f 0.00  0.000     0  0.00  0  0  -0.719   0.592   0.088   0.000   0.000   0.000 01O000M000t
00256 PRO01A0119_001 f 0.00  0.000     0  0.00  0  0  -2.487  -1.114   0.000   0.000   0.000   0.000 01O000M000t
00257 TYR01A0120_001 f 0.00  0.000     0  0.00  0  0  -2.387   0.413   1.621   0.020   0.461   0.000 01O000M000t
00258 TYR-1A0120_002 f 0.00 -1.000     0 10.20  0 -1  -2.387   0.413   1.621  -1.033   1.816   0.000 -1O000M000t
00259 LYS01A0121_001 f 0.00  0.000     0  0.00  0  0  -4.320   0.997   2.658   0.088   0.121   0.000 01O000M000t
00260 LYS+1A0121_002 f 0.00  1.000     0 10.40  0  1  -4.365   0.991   2.658  -0.314   0.459   0.000 +1O000M000t
00261 ASP01A0122_001 f 0.00  0.000     0  0.00  0  0  -3.550   1.248   4.177   0.231  -0.598   0.000 01O000M000t
00262 ASP01A0122_002 f 0.00  0.000     0  0.00  0  0  -3.550   1.248   1.457   0.153   0.458   0.000 01O000M000t
00263 ASP02A0122_003 f 0.00  0.000     0  0.00  0  0  -3.624   1.194   4.177   0.196  -0.470   0.000 02O000M000t
00264 ASP02A0122_004 f 0.00  0.000     0  0.00  0  0  -3.624   1.194   1.457   0.137   0.560   0.000 02O000M000t
00265 ASP-1A0122_005 f 0.00 -1.000     0  4.75  0 -1  -3.563   1.199   1.457  -0.206  -0.086   0.000 -1O000M000t
00266 LEU01A0123_001 f 0.00  0.000     0  0.00  0  0  -7.509   5.547   1.731   0.000   0.000   0.000 01O000M000t
00267 TYR01A0124_001 f 0.00  0.000     0  0.00  0  0  -2.041  -3.674   0.018   0.351   0.520   0.000 01O000M000t
00268 TYR-1A0124_002 f 0.00 -1.000     0 10.20  0 -1  -2.041  -3.674   0.018   0.046   1.513   0.000 -1O000M000t
00269 LYS01A0125_001 f 0.00  0.000     0  0.00  0  0 999.000 196.113   4.141   0.055   0.071   0.000 01O000M000t
00270 LYS+1A0125_002 f 0.00  1.000     0 10.40  0  1 999.000 196.100   4.141  -0.449  -0.211   0.000 +1O000M000t
00271 ASP01A0126_001 f 0.00  0.000     0  0.00  0  0  -2.954   1.987   5.739   0.135  -0.369   0.000 01O000M000t
00272 ASP01A0126_002 f 0.00  0.000     0  0.00  0  0  -2.954   1.987   3.019   0.335   0.646   0.000 01O000M000t
00273 ASP02A0126_003 f 0.00  0.000     0  0.00  0  0  -2.885   2.228   5.739  -0.496   0.521   0.000 02O000M000t
00274 ASP02A0126_004 f 0.00  0.000     0  0.00  0  0  -2.885   2.228   3.019   0.309   0.274   0.000 02O000M000t
00275 ASP-1A0126_005 f 0.00 -1.000     0  4.75  0 -1  -2.948   2.020   3.019   0.352   0.368   0.000 -1O000M000t
00276 PHE01A0127_001 f 0.00  0.000     0  0.00  0  0 285.417 999.000   2.220   0.000   0.000   0.000 01O000M000t
00277 LEU01A0128_001 f 0.00  0.000     0  0.00  0  0   1.483  -3.024   1.850   0.000   0.000   0.000 01O000M000t
00278 THR01A0129_001 f 0.00  0.000     0  0.00  0  0  -0.830  -2.680   0.620  -0.255   1.543   0.000 01O000M000t
00279 THR01A0129_002 f 0.00  0.000     0  0.00  0  0  -0.830  -2.680   0.620   2.721   1.601   0.000 01O000M000t
00280 LEU01A0130_001 f 0.00  0.000     0  0.00  0  0   1.298  -4.284   1.560   0.000   0.000   0.000 01O000M000t
00281 GLU01A0131_001 f 0.00  0.000     0  0.00  0  0  -0.097  -3.686   3.477   0.729   0.708   0.000 01O000M000t
00282 GLU01A0131_002 f 0.00  0.000     0  0.00  0  0  -0.097  -3.686   0.757   0.065   1.797   0.000 01O000M000t
00283 GLU02A0131_003 f 0.00  0.000     0  0.00  0  0  -0.438  -3.662   3.477   0.072   0.527   0.000 02O000M000t
00284 GLU02A0131_004 f 0.00  0.000     0  0.00  0  0  -0.438  -3.662   0.757  -0.033   1.848   0.000 02O000M000t
00285 GLU-1A0131_005 f 0.00 -1.000     0  4.75  0 -1  -0.415  -3.583   0.757  -0.837   4.484   0.000 -1O000M000t
00286 HIS01A0132_001 f 0.00  0.000     0  0.00  0  0  -3.268  -5.530   0.135  -1.139   2.092   0.000 01O000M000t
00287 HIS01A0132_002 f 0.00  0.000     0  0.00  0  0  -2.725  -3.103   0.135   1.354   1.211   0.000 01R001M000t
00288 HIS02A0132_003 f 0.00  0.000     0  0.00  0  0  -3.288  -5.698   0.135   2.592   1.890   0.000 02O000M000t
00289 HIS02A0132_004 f 0.00  0.000     0  0.00  0  0  -2.737  -3.095   0.135   1.534   1.417   0.000 02R001M000t
00290 HIS+1A0132_005 f 0.00  1.000     0  6.98  0  1  -3.314  -5.707   0.135   5.251   4.040   0.000 +1O000M000t
00291 HIS+1A0132_006 f 0.00  1.000     0  6.98  0  1  -2.764  -3.128   0.135   3.907   3.029   0.000 +1R001M000t
00292 LEU01A0133_001 f 0.00  0.000     0  0.00  0  0   1.319  -2.105   0.419   0.000   0.000   0.000 01O000M000t
00293 ILE01A0134_001 f 0.00  0.000     0  0.00  0  0   2.354  -3.592   0.441   0.000   0.000   0.000 01O000M000t
00294 CYS01A0135_001 f 0.00  0.000     0  0.00  0  0  -1.712  -2.394   0.027  -0.334   0.626   0.000 01O000M000t
00295 CYS01A0135_002 f 0.00  0.000     0  0.00  0  0  -1.712  -2.356   0.027  -0.176   0.178   0.000 01O000M000t
00296 CYS01A0135_003 f 0.00  0.000     0  0.00  0  0  -1.713  -2.345   0.027  -0.210   0.146   0.000 01O000M000t
00297 CYS-1A0135_004 f 0.00 -1.000     0  9.10  0 -1  -1.711  -2.324   0.027  -1.003   3.176   0.000 -1O000M000t
00298 TYR01A0136_001 f 0.00  0.000     0  0.00  0  0   4.059  -6.467   0.000   0.286   2.314   0.000 01O000M000t
00299 TYR01A0136_002 f 0.00  0.000     0  0.00  0  0   4.059  -6.467   0.000   0.527   2.461   0.000 01O000M000t
00300 TYR-1A0136_003 f 0.00 -1.000     0 10.20  0 -1   4.059  -6.467   0.000  -0.868   9.741   0.000 -1O000M000t
00301 SER01A0137_001 f 0.00  0.000     0  0.00  0  0   0.000  -1.545   0.432   0.162   1.995   0.000 01O000M000t
00302 SER01A0137_002 f 0.00  0.000     0  0.00  0  0   0.000  -1.545   0.432  -1.811   1.995   0.000 01O000M000t
00303 PHE01A0138_001 f 0.00  0.000     0  0.00  0  0   1.620  -7.725   0.043   0.000   0.000   0.000 01O000M000t
00304 GLN01A0139_001 f 0.00  0.000     0  0.00  0  0   0.321  -4.705   1.399  -2.215   1.883   0.000 01O000M000t
00305 GLN01A0139_002 f 0.00  0.000     0  0.00  0  0   0.405  -3.791   1.409   1.061   2.603   0.000 01R001M000t
00306 VAL01A0140_001 f 0.00  0.000     0  0.00  0  0   0.524  -0.493   0.052   0.000   0.000   0.000 01O000M000t
00307 ALA01A0141_001 f 0.00  0.000     0  0.00  0  0   0.000  -2.132   0.000   0.000   0.000   0.000 01O000M000t
00308 LYS01A0142_001 f 0.00  0.000     0  0.00  0  0  -3.283  -3.031   2.407  -0.018   0.052   0.000 01O000M000t
00309 LYS+1A0142_002 f 0.00  1.000     0 10.40  0  1  -3.323  -3.034   2.407   0.156   0.277   0.000 +1O000M000t
00310 MET01A0144_001 f 0.00  0.000     0  0.00  0  0   1.167  -5.273   0.407   0.010   0.099   0.000 01O000M000t
00311 GLU01A0145_001 f 0.00  0.000     0  0.00  0  0  -0.566  -4.119   3.739   0.135   0.592   0.000 01O000M000t
00312 GLU01A0145_002 f 0.00  0.000     0  0.00  0  0  -0.566  -4.119   1.019  -0.004   1.183   0.000 01O000M000t
00313 GLU02A0145_003 f 0.00  0.000     0  0.00  0  0  -0.707  -3.927   3.739   0.435   0.255   0.000 02O000M000t
00314 GLU02A0145_004 f 0.00  0.000     0  0.00  0  0  -0.707  -3.927   1.019   0.050   0.835   0.000 02O000M000t
00315 GLU-1A0145_005 f 0.00 -1.000     0  4.75  0 -1  -0.751  -4.031   1.019  -0.579   2.594   0.000 -1O000M000t
00316 PHE01A0146_001 f 0.00  0.000     0  0.00  0  0   1.844  -7.998   0.089   0.000   0.000   0.000 01O000M000t
00317 LEU01A0147_001 f 0.00  0.000     0  0.00  0  0   1.259  -4.058   0.480   0.000   0.000   0.000 01O000M000t
00318 ALA01A0148_001 f 0.00  0.000     0  0.00  0  0  -0.876  -1.685   0.000   0.000   0.000   0.000 01O000M000t
00319 SER01A0149_001 f 0.00  0.000     0  0.00  0  0  -2.692   2.650   0.563  -1.947   1.485   0.000 01O000M000t
00320 ARG01A0150_001 f 0.00  0.000     0  0.00  0  0  -1.726  -3.461   0.557   0.188   1.394   0.000 01O000M000t
00321 ARG02A0150_002 f 0.00  0.000     0  0.00  0  0  -1.729  -3.531   0.557  -1.607   1.785   0.000 02O000M000t
00322 ARG03A0150_003 f 0.00  0.000     0  0.00  0  0  -1.783  -3.547   0.557  -1.849   2.063   0.000 03O000M000t
00323 ARG+1A0150_004 f 0.00  1.000     0 12.50  0  1  -1.823  -3.567   0.557  -4.499   3.437   0.000 +1O000M000t
00324 LYS01A0151_001 f 0.00  0.000     0  0.00  0  0  -7.095   1.624   2.604   0.117   0.148   0.000 01O000M000t
00325 LYS+1A0151_002 f 0.00  1.000     0 10.40  0  1  -7.137   1.546   2.604  -0.547   0.426   0.000 +1O000M000t
00326 CYS01A0152_001 f 0.00  0.000     0  0.00  0  0  -0.073  -3.748   0.331  -0.212   0.498   0.000 01O000M000t
00327 CYS01A0152_002 f 0.00  0.000     0  0.00  0  0  -0.073  -3.829   0.331  -0.395   0.829   0.000 01O000M000t
00328 CYS01A0152_003 f 0.00  0.000     0  0.00  0  0  -0.074  -3.719   0.331   0.062   0.887   0.000 01O000M000t
00329 CYS-1A0152_004 f 0.00 -1.000     0  9.10  0 -1  -0.071  -3.687   0.331   0.573   7.543   0.000 -1O000M000t
00330 ILE01A0153_001 f 0.00  0.000     0  0.00  0  0   1.537  -4.088   0.882   0.000   0.000   0.000 01O000M000t
00331 HIS01A0154_001 f 0.00  0.000     0  0.00  0  0  -0.135  -3.743   0.175  -4.741   3.734   0.000 01O000M000t
00332 HIS02A0154_002 f 0.00  0.000     0  0.00  0  0  -0.155  -4.280   0.175   5.880   3.791   0.000 02O000M000t
00333 HIS+1A0154_003 f 0.00  1.000     0  6.98  0  1  -0.181  -3.993   0.175   1.550  10.455   0.000 +1O000M000t
00334 ARG01A0155_001 f 0.00  0.000     0  0.00  0  0  -0.159  -0.063   1.123   0.536   2.211   0.000 01O000M000t
00335 ARG02A0155_002 f 0.00  0.000     0  0.00  0  0  -0.234  -0.097   1.123   0.013   2.669   0.000 02O000M000t
00336 ARG03A0155_003 f 0.00  0.000     0  0.00  0  0  -0.186  -0.091   1.123  -0.032   2.475   0.000 03O000M000t
00337 ARG+1A0155_004 f 0.00  1.000     0 12.50  0  1  -0.279  -0.104   1.123  -1.167   3.041   0.000 +1O000M000t
00338 ASP01A0156_001 f 0.00  0.000     0  0.00  0  0  -0.554   1.430   3.156   1.095   1.498   0.000 01O000M000t
00339 ASP01A0156_002 f 0.00  0.000     0  0.00  0  0  -0.554   1.430   0.436   0.026   1.491   0.000 01O000M000t
00340 ASP02A0156_003 f 0.00  0.000     0  0.00  0  0  -0.516   0.820   3.156  -0.205   0.621   0.000 02O000M000t
00341 ASP02A0156_004 f 0.00  0.000     0  0.00  0  0  -0.516   0.820   0.436  -0.212   1.711   0.000 02O000M000t
00342 ASP-1A0156_005 f 0.00 -1.000     0  4.75  0 -1  -0.557   0.873   0.436  -0.664   4.356   0.000 -1O000M000t
00343 LEU01A0157_001 f 0.00  0.000     0  0.00  0  0   1.494  -4.605   0.615   0.000   0.000   0.000 01O000M000t
00344 ALA01A0158_001 f 0.00  0.000     0  0.00  0  0   0.000  -1.053   0.000   0.000   0.000   0.000 01O000M000t
00345 ALA01A0159_001 f 0.00  0.000     0  0.00  0  0   0.000  -1.872   0.000   0.000   0.000   0.000 01O000M000t
00346 ARG01A0160_001 f 0.00  0.000     0  0.00  0  0  -3.600  -1.799   0.892   0.177   2.081   0.000 01O000M000t
00347 ARG02A0160_002 f 0.00  0.000     0  0.00  0  0  -3.612  -1.796   0.892  -0.239   2.958   0.000 02O000M000t
00348 ARG03A0160_003 f 0.00  0.000     0  0.00  0  0  -3.621  -1.793   0.892  -0.343   2.956   0.000 03O000M000t
00349 ARG03A0160_004 f 0.00  0.000     0  0.00  0  0  -3.617  -1.796   0.892   0.084   2.902   0.000 03O000M000t
00350 ARG+1A0160_005 f 0.00  1.000     0 12.50  0  1  -3.661  -1.807   0.892   1.485   3.423   0.000 +1O000M000t
00351 ASN01A0161_001 f 0.00  0.000     0  0.00  0  0  -0.176  -0.172   0.463  -1.805   1.702   0.000 01O000M000t
00352 ASN01A0161_002 f 0.00  0.000     0  0.00  0  0  -0.331  -1.268   0.476   1.087   2.104   0.000 01R001M000t
00353 ILE01A0162_001 f 0.00  0.000     0  0.00  0  0   1.523  -5.161   0.597   0.000   0.000   0.000 01O000M000t
00354 LEU01A0163_001 f 0.00  0.000     0  0.00  0  0   1.307  -5.179   0.546   0.000   0.000   0.000 01O000M000t
00355 LEU01A0164_001 f 0.00  0.000     0  0.00  0  0   1.256  -5.721   0.459   0.000   0.000   0.000 01O000M000t
00356 SER01A0165_001 f 0.00  0.000     0  0.00  0  0  -0.482  -1.896   1.965   0.464   0.571   0.000 01O000M000t
00357 SER01A0165_002 f 0.00  0.000     0  0.00  0  0  -0.482  -1.896   1.965  -0.091   1.019   0.000 01O000M000t
00358 GLU01A0166_001 f 0.00  0.000     0  0.00  0  0  -1.321   0.238   5.981   0.299   0.142   0.000 01O000M000t
00359 GLU01A0166_002 f 0.00  0.000     0  0.00  0  0  -1.321   0.238   3.261   0.126   0.632   0.000 01O000M000t
00360 GLU02A0166_003 f 0.00  0.000     0  0.00  0  0  -1.419   0.243   5.981   0.155  -0.382   0.000 02O000M000t
00361 GLU02A0166_004 f 0.00  0.000     0  0.00  0  0  -1.419   0.243   3.261   0.099   0.660   0.000 02O000M000t
00362 GLU-1A0166_005 f 0.00 -1.000     0  4.75  0 -1  -1.356   0.264   3.261  -0.457   0.720   0.000 -1O000M000t
00363 LYS01A0167_001 f 0.00  0.000     0  0.00  0  0  -7.970   2.502   1.109  -0.007   0.279   0.000 01O000M000t
00364 LYS+1A0167_002 f 0.00  1.000     0 10.40  0  1  -8.053   2.493   1.109   0.264   0.759   0.000 +1O000M000t
00365 ASN01A0168_001 f 0.00  0.000     0  0.00  0  0  -1.280   0.065   1.110   0.022   0.788   0.000 01O000M000t
00366 ASN01A0168_002 f 0.00  0.000     0  0.00  0  0  -1.300   0.174   1.138   0.192   0.814   0.000 01R001M000t
00367 VAL01A0169_001 f 0.00  0.000     0  0.00  0  0  -1.090  -1.824   0.008   0.000   0.000   0.000 01O000M000t
00368 VAL01A0170_001 f 0.00  0.000     0  0.00  0  0   0.436  -4.501   0.262   0.000   0.000   0.000 01O000M000t
00369 LYS01A0171_001 f 0.00  0.000     0  0.00  0  0   0.610  -6.107   1.287  -1.291   1.059   0.000 01O000M000t
00370 LYS+1A0171_002 f 0.00  1.000     0 10.40  0  1   0.551  -6.091   1.287  -5.376   8.564   0.000 +1O000M000t
00371 ILE01A0172_001 f 0.00  0.000     0  0.00  0  0   1.393  -3.302   0.580   0.000   0.000   0.000 01O000M000t
00372 CYS01A0173_001 f 0.00  0.000     0  0.00  0  0  -0.073  -1.449   0.281  -0.344   0.887   0.000 01O000M000t
00373 CYS01A0173_002 f 0.00  0.000     0  0.00  0  0  -0.073  -1.338   0.281  -0.205   0.578   0.000 01O000M000t
00374 CYS01A0173_003 f 0.00  0.000     0  0.00  0  0  -0.074  -1.256   0.281  -0.320   0.497   0.000 01O000M000t
00375 CYS-1A0173_004 f 0.00 -1.000     0  9.10  0 -1  -0.071  -1.217   0.281  -2.260   7.696   0.000 -1O000M000t
00376 ASP01A0174_001 f 0.00  0.000     0  0.00  0  0  -0.800   3.524   5.230   1.060   0.255   0.000 01O000M000t
00377 ASP01A0174_002 f 0.00  0.000     0  0.00  0  0  -0.800   3.524   2.510   0.059   0.551   0.000 01O000M000t
00378 ASP02A0174_003 f 0.00  0.000     0  0.00  0  0  -0.665   2.588   5.230  -0.165   0.837   0.000 02O000M000t
00379 ASP02A0174_004 f 0.00  0.000     0  0.00  0  0  -0.665   2.588   2.510  -0.088   0.692   0.000 02O000M000t
00380 ASP-1A0174_005 f 0.00 -1.000     0  4.75  0 -1  -0.784   2.635   2.510  -0.867   1.387   0.000 -1O000M000t
00381 PHE01A0175_001 f 0.00  0.000     0  0.00  0  0   4.856  -6.265   0.014   0.000   0.000   0.000 01O000M000t
00382 LEU01A0177_001 f 0.00  0.000     0  0.00  0  0 183.035  -2.674   0.547   0.000   0.000   0.000 01O000M000t
00383 ALA01A0178_001 f 0.00  0.000     0  0.00  0  0   0.000  -2.055   0.000   0.000   0.000   0.000 01O000M000t
00384 ARG01A0179_001 f 0.00  0.000     0  0.00  0  0  -5.638  -4.566   0.998  -0.158   0.849   0.000 01O000M000t
00385 ARG02A0179_002 f 0.00  0.000     0  0.00  0  0  -5.655  -4.484   0.998  -0.048   2.154   0.000 02O000M000t
00386 ARG03A0179_003 f 0.00  0.000     0  0.00  0  0  -5.658  -4.569   0.998  -0.111   1.786   0.000 03O000M000t
00387 ARG+1A0179_004 f 0.00  1.000     0 12.50  0  1  -5.701  -4.572   0.998  -0.615   0.809   0.000 +1O000M000t
00388 ASP01A0180_001 f 0.00  0.000     0  0.00  0  0  -0.755  -1.388   3.700   0.246   0.443   0.000 01O000M000t
00389 ASP01A0180_002 f 0.00  0.000     0  0.00  0  0  -0.755  -1.388   0.980   0.396   0.891   0.000 01O000M000t
00390 ASP02A0180_003 f 0.00  0.000     0  0.00  0  0  -0.708  -1.712   3.700   0.073  -0.278   0.000 02O000M000t
00391 ASP02A0180_004 f 0.00  0.000     0  0.00  0  0  -0.708  -1.712   0.980   0.164   1.008   0.000 02O000M000t
00392 ASP-1A0180_005 f 0.00 -1.000     0  4.75  0 -1  -0.758  -1.634   0.980   0.875   1.862   0.000 -1O000M000t
00393 ILE01A0181_001 f 0.00  0.000     0  0.00  0  0  -4.979  10.569   2.726   0.000   0.000   0.000 01O000M000t
00394 PRO01A0182_001 f 0.00  0.000     0  0.00  0  0  -2.825  -0.865   0.000   0.000   0.000   0.000 01O000M000t
00395 LEU01A0183_001 f 0.00  0.000     0  0.00  0  0  -2.237   3.520   2.926   0.000   0.000   0.000 01O000M000t
00396 LYS01A0184_001 f 0.00  0.000     0  0.00  0  0  -1.360  -3.825   1.503   0.189   0.565   0.000 01O000M000t
00397 LYS+1A0184_002 f 0.00  1.000     0 10.40  0  1  -1.403  -3.900   1.503  -0.530   2.641   0.000 +1O000M000t
00398 TRP01A0185_001 f 0.00  0.000     0  0.00  0  0   1.403  -8.582   0.345   0.000   0.000   0.000 01O000M000t
00399 MET01A0186_001 f 0.00  0.000     0  0.00  0  0  -0.075  -5.923   0.653   0.004   0.066   0.000 01O000M000t
00400 ALA01A0187_001 f 0.00  0.000     0  0.00  0  0   0.000  -1.846   0.000   0.000   0.000   0.000 01O000M000t
00401 PRO01A0188_001 f 0.00  0.000     0  0.00  0  0  -0.560  -1.488   0.000   0.000   0.000   0.000 01O000M000t
00402 GLU01A0189_001 f 0.00  0.000     0  0.00  0  0   1.434  -2.642   4.361   1.936   2.156   0.000 01O000M000t
00403 GLU01A0189_002 f 0.00  0.000     0  0.00  0  0   1.434  -2.642   1.641  -0.404   2.857   0.000 01O000M000t
00404 GLU02A0189_003 f 0.00  0.000     0  0.00  0  0   1.128  -3.146   4.361  -0.290   1.982   0.000 02O000M000t
00405 GLU02A0189_004 f 0.00  0.000     0  0.00  0  0   1.128  -3.146   1.641  -0.719   2.747   0.000 02O000M000t
00406 GLU-1A0189_005 f 0.00 -1.000     0  4.75  0 -1   1.066  -3.026   1.641  -6.102  10.550   0.000 -1O000M000t
00407 THR01A0190_001 f 0.00  0.000     0  0.00  0  0   0.209  78.517   0.938  -0.968   1.862   0.000 01O000M000t
00408 THR01A0190_002 f 0.00  0.000     0  0.00  0  0   0.209  78.517   0.563  -0.239   1.381   0.000 01O000M000t
00409 ILE01A0191_001 f 0.00  0.000     0  0.00  0  0   2.933  -3.051   0.413   0.000   0.000   0.000 01O000M000t
00410 PHE01A0192_001 f 0.00  0.000     0  0.00  0  0  -0.129  -4.671   0.087   0.000   0.000   0.000 01O000M000t
00411 ASP01A0193_001 f 0.00  0.000     0  0.00  0  0  -2.809  -0.585   3.271   0.418  -0.302   0.000 01O000M000t
00412 ASP01A0193_002 f 0.00  0.000     0  0.00  0  0  -2.809  -0.585   0.551   0.163   0.458   0.000 01O000M000t
00413 ASP02A0193_003 f 0.00  0.000     0  0.00  0  0  -2.591  -0.990   3.271   0.497   0.288   0.000 02O000M000t
00414 ASP02A0193_004 f 0.00  0.000     0  0.00  0  0  -2.591  -0.990   0.551   0.184   0.734   0.000 02O000M000t
00415 ASP-1A0193_005 f 0.00 -1.000     0  4.75  0 -1  -2.619  -0.915   0.551  -0.829   0.950   0.000 -1O000M000t
00416 ARG01A0194_001 f 0.00  0.000     0  0.00  0  0  -7.361   2.667   4.003   0.233   1.789   0.000 01O000M000t
00417 ARG02A0194_002 f 0.00  0.000     0  0.00  0  0  -7.399   2.518   4.003  -0.114   2.535   0.000 02O000M000t
00418 ARG03A0194_003 f 0.00  0.000     0  0.00  0  0  -7.394   2.512   4.003  -0.069   2.283   0.000 03O000M000t
00419 ARG+1A0194_004 f 0.00  1.000     0 12.50  0  1  -7.438   2.509   4.003  -0.672   3.919   0.000 +1O000M000t
00420 VAL01A0195_001 f 0.00  0.000     0  0.00  0  0  -2.956  -0.850   0.779   0.000   0.000   0.000 01O000M000t
00421 TYR01A0196_001 f 0.00  0.000     0  0.00  0  0   2.612  -5.308   0.602   1.039   1.511   0.000 01O000M000t
00422 TYR01A0196_002 f 0.00  0.000     0  0.00  0  0   2.612  -5.308   0.602   0.618   1.298   0.000 01O000M000t
00423 TYR-1A0196_003 f 0.00 -1.000     0 10.20  0 -1   2.612  -5.308   0.602   0.008   5.277   0.000 -1O000M000t
00424 THR01A0197_001 f 0.00  0.000     0  0.00  0  0  -3.064  -0.504   0.411  -0.382   1.384   0.000 01O000M000t
00425 THR01A0197_002 f 0.00  0.000     0  0.00  0  0  -3.064  -0.504   0.036  -2.320   0.967   0.000 01O000M000t
00426 ILE01A0198_001 f 0.00  0.000     0  0.00  0  0  -1.464  -2.290   1.021   0.000   0.000   0.000 01O000M000t
00427 GLN01A0199_001 f 0.00  0.000     0  0.00  0  0  -0.365  -6.306   1.303  -2.403   2.393   0.000 01O000M000t
00428 GLN01A0199_002 f 0.00  0.000     0  0.00  0  0  -0.512  -6.577   1.305   1.924   2.112   0.000 01R001M000t
00429 SER01A0200_001 f 0.00  0.000     0  0.00  0  0   0.000  -1.993   1.234  -1.539   1.814   0.000 01O000M000t
00430 SER01A0200_002 f 0.00  0.000     0  0.00  0  0   0.000  -1.993   1.234   1.677   1.908   0.000 01O000M000t
00431 ASP01A0201_001 f 0.00  0.000     0  0.00  0  0   0.091  -0.074   3.658  -2.410   2.092   0.000 01O000M000t
00432 ASP01A0201_002 f 0.00  0.000     0  0.00  0  0   0.091  -0.074   0.938   1.858   2.837   0.000 01O000M000t
00433 ASP02A0201_003 f 0.00  0.000     0  0.00  0  0   0.164   0.289   3.658  -2.085   2.557   0.000 02O000M000t
00434 ASP02A0201_004 f 0.00  0.000     0  0.00  0  0   0.164   0.289   0.938   2.846   2.707   0.000 02O000M000t
00435 ASP-1A0201_005 f 0.00 -1.000     0  4.75  0 -1   0.087  -0.560   0.938 -11.935  12.688   0.000 -1O000M000t
00436 VAL01A0202_001 f 0.00  0.000     0  0.00  0  0   0.469  -2.462   0.137   0.000   0.000   0.000 01O000M000t
00437 TRP01A0203_001 f 0.00  0.000     0  0.00  0  0   2.993 -12.171   0.029   0.000   0.000   0.000 01O000M000t
00438 SER01A0204_001 f 0.00  0.000     0  0.00  0  0  -0.241  -2.544   0.499  -2.664   0.970   0.000 01O000M000t
00439 SER01A0204_002 f 0.00  0.000     0  0.00  0  0  -0.241  -2.544   0.124   0.647   0.745   0.000 01O000M000t
00440 PHE01A0205_001 f 0.00  0.000     0  0.00  0  0   4.528  -7.124   0.015   0.000   0.000   0.000 01O000M000t
00441 VAL01A0207_001 f 0.00  0.000     0  0.00  0  0   0.505  -2.865   0.009   0.000   0.000   0.000 01O000M000t
00442 LEU01A0208_001 f 0.00  0.000     0  0.00  0  0   3.384  -4.558   0.656   0.000   0.000   0.000 01O000M000t
00443 LEU01A0209_001 f 0.00  0.000     0  0.00  0  0   1.552  -3.647   0.481   0.000   0.000   0.000 01O000M000t
00444 TRP01A0210_001 f 0.00  0.000     0  0.00  0  0   2.163 -12.095   0.131   0.000   0.000   0.000 01O000M000t
00445 GLU01A0211_001 f 0.00  0.000     0  0.00  0  0   0.451  -5.711   4.177  -0.613   2.138   0.000 01O000M000t
00446 GLU01A0211_002 f 0.00  0.000     0  0.00  0  0   0.451  -5.711   1.457   2.308   2.497   0.000 01O000M000t
00447 GLU02A0211_003 f 0.00  0.000     0  0.00  0  0   0.405  -5.974   4.177  -2.264   1.984   0.000 02O000M000t
00448 GLU02A0211_004 f 0.00  0.000     0  0.00  0  0   0.405  -5.974   1.457  -0.655   2.644   0.000 02O000M000t
00449 GLU-1A0211_005 f 0.00 -1.000     0  4.75  0 -1   0.313  -5.866   1.457  -6.458  10.841   0.000 -1O000M000t
00450 ILE01A0212_001 f 0.00  0.000     0  0.00  0  0   2.480  -4.961   0.606   0.000   0.000   0.000 01O000M000t
00451 PHE01A0213_001 f 0.00  0.000     0  0.00  0  0   4.162  -4.400   0.070   0.000   0.000   0.000 01O000M000t
00452 SER01A0214_001 f 0.00  0.000     0  0.00  0  0  -0.336  -2.191   0.411  -1.171   1.941   0.000 01O000M000t
00453 SER01A0214_002 f 0.00  0.000     0  0.00  0  0  -0.336  -2.191   0.411   2.217   1.961   0.000 01O000M000t
00454 LEU01A0215_001 f 0.00  0.000     0  0.00  0  0   1.372  -3.635   0.418   0.000   0.000   0.000 01O000M000t
00455 ALA01A0217_001 f 0.00  0.000     0  0.00  0  0  -1.268  -1.142   0.000   0.000   0.000   0.000 01O000M000t
00456 SER01A0218_001 f 0.00  0.000     0  0.00  0  0  -3.314  -1.181   0.595   0.076   1.205   0.000 01O000M000t
00457 SER01A0218_002 f 0.00  0.000     0  0.00  0  0  -3.314  -1.181   0.595  -0.295  -0.151   0.000 01O000M000t
00458 PRO01A0219_001 f 0.00  0.000     0  0.00  0  0   0.326  -0.523   0.000   0.000   0.000   0.000 01O000M000t
00459 TYR01A0220_001 f 0.00  0.000     0  0.00  0  0   4.018  -2.607   0.018   0.234   1.719   0.000 01O000M000t
00460 TYR-1A0220_002 f 0.00 -1.000     0 10.20  0 -1   4.018  -2.607   0.018   0.436   9.048   0.000 -1O000M000t
00461 PRO01A0221_001 f 0.00  0.000     0  0.00  0  0  -4.412  -0.601   0.000   0.000   0.000   0.000 01O000M000t
00462 VAL01A0223_001 f 0.00  0.000     0  0.00  0  0  -2.730  -0.779   0.066   0.000   0.000   0.000 01O000M000t
00463 LYS01A0224_001 f 0.00  0.000     0  0.00  0  0  -8.620  -0.384   2.392  -0.012   0.058   0.000 01O000M000t
00464 LYS+1A0224_002 f 0.00  1.000     0 10.40  0  1  -8.686  -0.387   2.392   0.155   0.018   0.000 +1O000M000t
00465 ILE01A0225_001 f 0.00  0.000     0  0.00  0  0  -0.425   2.742   0.487   0.000   0.000   0.000 01O000M000t
00466 ASP01A0226_001 f 0.00  0.000     0  0.00  0  0  -1.671   0.197   2.763   2.913   1.348   0.000 01O000M000t
00467 ASP01A0226_002 f 0.00  0.000     0  0.00  0  0  -1.671   0.197   0.043   0.188   1.223   0.000 01O000M000t
00468 ASP02A0226_003 f 0.00  0.000     0  0.00  0  0  -1.684  -0.903   2.763  -0.988   0.277   0.000 02O000M000t
00469 ASP02A0226_004 f 0.00  0.000     0  0.00  0  0  -1.684  -0.903   0.043  -0.866   0.603   0.000 02O000M000t
00470 ASP-1A0226_005 f 0.00 -1.000     0  4.75  0 -1  -1.705  -0.815   0.043  -4.064   3.090   0.000 -1O000M000t
00471 GLU01A0227_001 f 0.00  0.000     0  0.00  0  0  -2.924  -0.769   4.331   0.460   0.249   0.000 01O000M000t
00472 GLU01A0227_002 f 0.00  0.000     0  0.00  0  0  -2.924  -0.769   1.611   0.051   0.361   0.000 01O000M000t
00473 GLU02A0227_003 f 0.00  0.000     0  0.00  0  0  -3.216  -0.866   4.331   0.084  -0.752   0.000 02O000M000t
00474 GLU02A0227_004 f 0.00  0.000     0  0.00  0  0  -3.216  -0.866   1.611   0.042   0.266   0.000 02O000M000t
00475 GLU-1A0227_005 f 0.00 -1.000     0  4.75  0 -1  -3.140  -0.849   1.611  -0.278   0.189   0.000 -1O000M000t
00476 GLU01A0228_001 f 0.00  0.000     0  0.00  0  0  -1.263  -0.710   3.094   0.565   0.565   0.000 01O000M000t
00477 GLU01A0228_002 f 0.00  0.000     0  0.00  0  0  -1.263  -0.710   0.374   0.125   1.347   0.000 01O000M000t
00478 GLU02A0228_003 f 0.00  0.000     0  0.00  0  0  -1.379  -0.970   3.094   0.066   0.093   0.000 02O000M000t
00479 GLU02A0228_004 f 0.00  0.000     0  0.00  0  0  -1.379  -0.970   0.374   0.047   1.218   0.000 02O000M000t
00480 GLU-1A0228_005 f 0.00 -1.000     0  4.75  0 -1  -1.421  -0.932   0.374  -0.607   2.786   0.000 -1O000M000t
00481 PHE01A0229_001 f 0.00  0.000     0  0.00  0  0   4.268  -5.813   0.542   0.000   0.000   0.000 01O000M000t
00482 CYS01A0230_001 f 0.00  0.000     0  0.00  0  0  -0.430  -2.666   0.006  -0.143   0.821   0.000 01O000M000t
00483 CYS01A0230_002 f 0.00  0.000     0  0.00  0  0  -0.430  -2.749   0.006  -0.268   0.491   0.000 01O000M000t
00484 CYS01A0230_003 f 0.00  0.000     0  0.00  0  0  -0.431  -2.654   0.006  -0.405   0.293   0.000 01O000M000t
00485 CYS-1A0230_004 f 0.00 -1.000     0  9.10  0 -1  -0.429  -2.631   0.006  -2.184   5.785   0.000 -1O000M000t
00486 ARG01A0231_001 f 0.00  0.000     0  0.00  0  0  -5.036  -2.290   1.231  -0.177   1.869   0.000 01O000M000t
00487 ARG02A0231_002 f 0.00  0.000     0  0.00  0  0  -5.026  -2.317   1.231  -0.035   2.108   0.000 02O000M000t
00488 ARG03A0231_003 f 0.00  0.000     0  0.00  0  0  -5.093  -2.318   1.231  -0.018   2.349   0.000 03O000M000t
00489 ARG03A0231_004 f 0.00  0.000     0  0.00  0  0  -5.088  -2.312   1.231  -0.098   2.166   0.000 03O000M000t
00490 ARG+1A0231_005 f 0.00  1.000     0 12.50  0  1  -5.132  -2.321   1.231   0.399   3.069   0.000 +1O000M000t
00491 ARG01A0232_001 f 0.00  0.000     0  0.00  0  0  -5.326  -3.672   0.868  -0.018   1.048   0.000 01O000M000t
00492 ARG02A0232_002 f 0.00  0.000     0  0.00  0  0  -5.387  -3.687   0.868   0.074   1.920   0.000 02O000M000t
00493 ARG02A0232_003 f 0.00  0.000     0  0.00  0  0  -5.329  -3.684   0.868   0.017   1.635   0.000 02O000M000t
00494 ARG03A0232_004 f 0.00  0.000     0  0.00  0  0  -5.387  -3.681   0.868   0.029   1.723   0.000 03O000M000t
00495 ARG+1A0232_005 f 0.00  1.000     0 12.50  0  1  -5.430  -3.690   0.868   0.433   1.882   0.000 +1O000M000t
00496 LEU01A0233_001 f 0.00  0.000     0  0.00  0  0   2.178  -4.031   1.681   0.000   0.000   0.000 01O000M000t
00497 LYS01A0234_001 f 0.00  0.000     0  0.00  0  0  -5.236   0.365   2.217   0.027   0.410   0.000 01O000M000t
00498 LYS+1A0234_002 f 0.00  1.000     0 10.40  0  1  -5.283   0.347   2.217  -0.008   1.847   0.000 +1O000M000t
00499 GLU01A0235_001 f 0.00  0.000     0  0.00  0  0   0.439  -3.343   3.529  -0.026   1.015   0.000 01O000M000t
00500 GLU01A0235_002 f 0.00  0.000     0  0.00  0  0   0.439  -3.343   0.809  -0.003   2.001   0.000 01O000M000t
00501 GLU02A0235_003 f 0.00  0.000     0  0.00  0  0   0.057  -3.361   3.529  -0.087   1.113   0.000 02O000M000t
00502 GLU02A0235_004 f 0.00  0.000     0  0.00  0  0   0.057  -3.361   0.809   0.009   2.210   0.000 02O000M000t
00503 GLU-1A0235_005 f 0.00 -1.000     0  4.75  0 -1   0.056  -3.293   0.809  -0.385   4.984   0.000 -1O000M000t
00504 THR01A0237_001 f 0.00  0.000     0  0.00  0  0  -2.002  -0.823   0.407  -0.153   0.754   0.000 01O000M000t
00505 THR01A0237_002 f 0.00  0.000     0  0.00  0  0  -2.002  -0.823   0.032  -0.041   1.460   0.000 01O000M000t
00506 ARG01A0238_001 f 0.00  0.000     0  0.00  0  0   0.005  -4.760   0.669  -1.401   2.708   0.000 01O000M000t
00507 ARG02A0238_002 f 0.00  0.000     0  0.00  0  0   0.045  -4.734   0.669  -0.155   3.618   0.000 02O000M000t
00508 ARG03A0238_003 f 0.00  0.000     0  0.00  0  0  -0.025  -4.799   0.669  -2.186   3.461   0.000 03O000M000t
00509 ARG+1A0238_004 f 0.00  1.000     0 12.50  0  1  -0.064  -4.866   0.669  -5.847   5.063   0.000 +1O000M000t
00510 MET01A0239_001 f 0.00  0.000     0  0.00  0  0   0.295  -3.810   1.397  -0.266   0.093   0.000 01O000M000t
00511 ARG01A0240_001 f 0.00  0.000     0  0.00  0  0 -11.984  -0.683   1.816   0.015  -0.039   0.000 01O000M000t
00512 ARG02A0240_002 f 0.00  0.000     0  0.00  0  0 -11.987  -0.693   1.816   0.017   0.583   0.000 02O000M000t
00513 ARG03A0240_003 f 0.00  0.000     0  0.00  0  0 -12.050  -0.694   1.816   0.015   0.757   0.000 03O000M000t
00514 ARG+1A0240_004 f 0.00  1.000     0 12.50  0  1 -12.088  -0.695   1.816   0.120  -0.312   0.000 +1O000M000t
00515 ALA01A0241_001 f 0.00  0.000     0  0.00  0  0  -1.851  -0.623   0.000   0.000   0.000   0.000 01O000M000t
00516 PRO01A0242_001 f 0.00  0.000     0  0.00  0  0   0.318  -3.706   0.000   0.000   0.000   0.000 01O000M000t
00517 ASP01A0243_001 f 0.00  0.000     0  0.00  0  0  -2.904   0.237   3.071   0.572  -0.461   0.000 01O000M000t
00518 ASP01A0243_002 f 0.00  0.000     0  0.00  0  0  -2.904   0.237   0.351   0.293   0.414   0.000 01O000M000t
00519 ASP02A0243_003 f 0.00  0.000     0  0.00  0  0  -2.772  -0.252   3.071   0.321  -0.333   0.000 02O000M000t
00520 ASP02A0243_004 f 0.00  0.000     0  0.00  0  0  -2.772  -0.252   0.351   0.254   0.735   0.000 02O000M000t
00521 ASP-1A0243_005 f 0.00 -1.000     0  4.75  0 -1  -2.799  -0.216   0.351  -0.343   0.175   0.000 -1O000M000t
00522 TYR01A0244_001 f 0.00  0.000     0  0.00  0  0   1.388  -4.810   0.469   0.080   0.880   0.000 01O000M000t
00523 TYR01A0244_002 f 0.00  0.000     0  0.00  0  0   1.388  -4.810   0.469   0.052   1.069   0.000 01O000M000t
00524 TYR-1A0244_003 f 0.00 -1.000     0 10.20  0 -1   1.388  -4.810   0.469   0.126   3.395   0.000 -1O000M000t
00525 THR01A0245_001 f 0.00  0.000     0  0.00  0  0  -0.491   1.506   0.538  -0.850   1.963   0.000 01O000M000t
00526 THR01A0245_002 f 0.00  0.000     0  0.00  0  0  -0.491   1.506   0.538   0.493   1.960   0.000 01O000M000t
00527 THR01A0246_001 f 0.00  0.000     0  0.00  0  0  -0.099  -1.187   0.409   0.093   1.650   0.000 01O000M000t
00528 THR01A0246_002 f 0.00  0.000     0  0.00  0  0  -0.099  -1.187   0.409   2.744   1.756   0.000 01O000M000t
00529 THR01A0246_003 f 0.00  0.000     0  0.00  0  0  -0.099  -1.187   0.034  -2.447   1.118   0.000 01O000M000t
00530 PRO01A0247_001 f 0.00  0.000     0  0.00  0  0  -6.308  -0.209   0.000   0.000   0.000   0.000 01O000M000t
00531 GLU01A0248_001 f 0.00  0.000     0  0.00  0  0   0.764  -2.153   4.038   1.575   0.597   0.000 01O000M000t
00532 GLU01A0248_002 f 0.00  0.000     0  0.00  0  0   0.764  -2.153   1.318   0.224   1.115   0.000 01O000M000t
00533 GLU02A0248_003 f 0.00  0.000     0  0.00  0  0   0.059  -2.214   4.038  -0.783  -0.103   0.000 02O000M000t
00534 GLU02A0248_004 f 0.00  0.000     0  0.00  0  0   0.059  -2.214   1.318  -0.625   1.265   0.000 02O000M000t
00535 GLU-1A0248_005 f 0.00 -1.000     0  4.75  0 -1   0.114  -2.170   1.318  -3.234   2.419   0.000 -1O000M000t
00536 MET01A0249_001 f 0.00  0.000     0  0.00  0  0   0.784  -4.371   0.747   0.115   0.098   0.000 01O000M000t
00537 TYR01A0250_001 f 0.00  0.000     0  0.00  0  0   1.475  -6.415   0.010  -1.883   1.863   0.000 01O000M000t
00538 TYR01A0250_002 f 0.00  0.000     0  0.00  0  0   1.475  -6.415   0.010   0.932   1.357   0.000 01O000M000t
00539 TYR-1A0250_003 f 0.00 -1.000     0 10.20  0 -1   1.475  -6.415   0.010   1.183   5.041   0.000 -1O000M000t
00540 GLN01A0251_001 f 0.00  0.000     0  0.00  0  0  -2.494  -3.118   1.084  -0.332   0.737   0.000 01O000M000t
00541 GLN01A0251_002 f 0.00  0.000     0  0.00  0  0  -2.333  -3.126   1.083   0.382   0.339   0.000 01R001M000t
00542 THR01A0252_001 f 0.00  0.000     0  0.00  0  0   0.162  -2.544   0.376  -0.297   1.076   0.000 01O000M000t
00543 THR01A0252_002 f 0.00  0.000     0  0.00  0  0   0.162  -2.544   0.377  -0.950   1.506   0.000 01O000M000t
00544 THR01A0252_003 f 0.00  0.000     0  0.00  0  0   0.162  -2.544   0.002  -0.072   1.712   0.000 01O000M000t
00545 MET01A0253_001 f 0.00  0.000     0  0.00  0  0   0.120  -8.238   1.830   0.040   0.099   0.000 01O000M000t
00546 LEU01A0254_001 f 0.00  0.000     0  0.00  0  0  -1.613  -2.976   0.454   0.000   0.000   0.000 01O000M000t
00547 ASP01A0255_001 f 0.00  0.000     0  0.00  0  0  -1.446  -2.072   2.860   0.286   0.046   0.000 01O000M000t
00548 ASP01A0255_002 f 0.00  0.000     0  0.00  0  0  -1.446  -2.072   0.140   0.101   1.068   0.000 01O000M000t
00549 ASP02A0255_003 f 0.00  0.000     0  0.00  0  0  -1.397  -2.507   2.860   0.390   0.343   0.000 02O000M000t
00550 ASP02A0255_004 f 0.00  0.000     0  0.00  0  0  -1.397  -2.507   0.140   0.221   1.199   0.000 02O000M000t
00551 ASP-1A0255_005 f 0.00 -1.000     0  4.75  0 -1  -1.373  -2.440   0.140   0.574   2.461   0.000 -1O000M000t
00552 CYS01A0256_001 f 0.00  0.000     0  0.00  0  0  -0.002  -4.885   0.035   0.051   0.991   0.000 01O000M000t
00553 CYS01A0256_002 f 0.00  0.000     0  0.00  0  0  -0.002  -4.972   0.035  -0.476   0.968   0.000 01O000M000t
00554 CYS01A0256_003 f 0.00  0.000     0  0.00  0  0  -0.002  -4.893   0.035   0.256   0.993   0.000 01O000M000t
00555 CYS-1A0256_004 f 0.00 -1.000     0  9.10  0 -1   0.000  -4.832   0.035   1.078  14.025   0.000 -1O000M000t
00556 TRP01A0257_001 f 0.00  0.000     0  0.00  0  0   2.533 -11.698   0.010   0.000   0.000   0.000 01O000M000t
00557 HIS01A0258_001 f 0.00  0.000     0  0.00  0  0  -3.893  -6.391   0.938  -1.125   1.846   0.000 01O000M000t
00558 HIS02A0258_002 f 0.00  0.000     0  0.00  0  0  -3.910  -6.509   0.938   2.189   1.839   0.000 02O000M000t
00559 HIS+1A0258_003 f 0.00  1.000     0  6.98  0  1  -3.936  -6.518   0.938   3.469   2.844   0.000 +1O000M000t
00560 GLU01A0260_001 f 0.00  0.000     0  0.00  0  0  -2.867  -1.153   3.774   0.214  -0.266   0.000 01O000M000t
00561 GLU01A0260_002 f 0.00  0.000     0  0.00  0  0  -2.867  -1.153   1.054   0.099   0.699   0.000 01O000M000t
00562 GLU02A0260_003 f 0.00  0.000     0  0.00  0  0  -2.755  -1.155   3.774   0.296  -0.243   0.000 02O000M000t
00563 GLU02A0260_004 f 0.00  0.000     0  0.00  0  0  -2.755  -1.155   1.054   0.134   0.487   0.000 02O000M000t
00564 GLU-1A0260_005 f 0.00 -1.000     0  4.75  0 -1  -2.846  -1.130   1.054  -0.368   0.699   0.000 -1O000M000t
00565 PRO01A0261_001 f 0.00  0.000     0  0.00  0  0  -2.589  -1.010   0.000   0.000   0.000   0.000 01O000M000t
00566 SER01A0262_001 f 0.00  0.000     0  0.00  0  0  -4.099  -0.593   0.387   0.404   0.699   0.000 01O000M000t
00567 GLN01A0263_001 f 0.00  0.000     0  0.00  0  0  -2.547  -2.679   0.881   0.308   0.190   0.000 01O000M000t
00568 GLN01A0263_002 f 0.00  0.000     0  0.00  0  0  -2.368  -2.634   0.896   0.076  -0.031   0.000 01R001M000t
00569 ARG01A0264_001 f 0.00  0.000     0  0.00  0  0   1.863 -12.093   0.950   1.144   4.427   0.000 01O000M000t
00570 ARG02A0264_002 f 0.00  0.000     0  0.00  0  0   1.823 -11.353   0.950  -3.199   4.930   0.000 02O000M000t
00571 ARG02A0264_003 f 0.00  0.000     0  0.00  0  0   1.884 -11.371   0.950  -0.915   4.905   0.000 02O000M000t
00572 ARG03A0264_004 f 0.00  0.000     0  0.00  0  0   1.817 -11.390   0.950  -3.202   4.835   0.000 03O000M000t
00573 ARG03A0264_005 f 0.00  0.000     0  0.00  0  0   1.822 -11.283   0.950  -0.329   4.840   0.000 03O000M000t
00574 ARG+1A0264_006 f 0.00  1.000     0 12.50  0  1   1.779 -11.436   0.950  -6.899  10.911   0.000 +1O000M000t
00575 PRO01A0265_001 f 0.00  0.000     0  0.00  0  0  -0.562  -3.360   0.000   0.000   0.000   0.000 01O000M000t
00576 THR01A0266_001 f 0.00  0.000     0  0.00  0  0  -3.974   0.032   0.456  -0.156   1.554   0.000 01O000M000t
00577 THR01A0266_002 f 0.00  0.000     0  0.00  0  0  -3.974   0.032   0.081  -2.006   0.805   0.000 01O000M000t
00578 PHE01A0267_001 f 0.00  0.000     0  0.00  0  0   4.187  -9.505   0.661   0.000   0.000   0.000 01O000M000t
00579 SER01A0268_001 f 0.00  0.000     0  0.00  0  0  -3.461  -1.007   0.468  -0.293   0.647   0.000 01O000M000t
00580 SER01A0268_002 f 0.00  0.000     0  0.00  0  0  -3.461  -1.007   0.093  -0.620   0.133   0.000 01O000M000t
00581 GLU01A0269_001 f 0.00  0.000     0  0.00  0  0  -1.323  -2.877   3.375   1.647   0.866   0.000 01O000M000t
00582 GLU01A0269_002 f 0.00  0.000     0  0.00  0  0  -1.323  -2.877   0.655  -0.350   0.749   0.000 01O000M000t
00583 GLU02A0269_003 f 0.00  0.000     0  0.00  0  0  -1.569  -3.117   3.375  -0.575  -0.133   0.000 02O000M000t
00584 GLU02A0269_004 f 0.00  0.000     0  0.00  0  0  -1.569  -3.117   0.655  -0.676   0.984   0.000 02O000M000t
00585 GLU-1A0269_005 f 0.00 -1.000     0  4.75  0 -1  -1.518  -3.083   0.655  -1.862   1.353   0.000 -1O000M000t
00586 LEU01A0270_001 f 0.00  0.000     0  0.00  0  0   1.542  -5.196   1.141   0.000   0.000   0.000 01O000M000t
00587 VAL01A0271_001 f 0.00  0.000     0  0.00  0  0  -0.609  -0.469   0.156   0.000   0.000   0.000 01O000M000t
00588 GLU01A0272_001 f 0.00  0.000     0  0.00  0  0  -1.788  -1.756   4.667   0.194   0.139   0.000 01O000M000t
00589 GLU01A0272_002 f 0.00  0.000     0  0.00  0  0  -1.788  -1.756   1.947   0.064   0.652   0.000 01O000M000t
00590 GLU02A0272_003 f 0.00  0.000     0  0.00  0  0  -2.025  -1.729   4.667   0.041  -0.508   0.000 02O000M000t
00591 GLU02A0272_004 f 0.00  0.000     0  0.00  0  0  -2.025  -1.729   1.947   0.042   0.522   0.000 02O000M000t
00592 GLU-1A0272_005 f 0.00 -1.000     0  4.75  0 -1  -2.020  -1.705   1.947  -0.210   0.120   0.000 -1O000M000t
00593 HIS01A0273_001 f 0.00  0.000     0  0.00  0  0  -4.208  -4.209   0.006   0.593   1.432   0.000 01O000M000t
00594 HIS01A0273_002 f 0.00  0.000     0  0.00  0  0  -4.233  -4.181   0.006   0.337   1.681   0.000 01R001M000t
00595 HIS02A0273_003 f 0.00  0.000     0  0.00  0  0  -4.223  -4.251   0.006   0.324   1.328   0.000 02O000M000t
00596 HIS02A0273_004 f 0.00  0.000     0  0.00  0  0  -4.247  -4.200   0.006   0.499   1.705   0.000 02R001M000t
00597 HIS+1A0273_005 f 0.00  1.000     0  6.98  0  1  -4.250  -4.281   0.006   1.221   2.308   0.000 +1O000M000t
00598 HIS+1A0273_006 f 0.00  1.000     0  6.98  0  1  -4.274  -4.212   0.006   1.284   2.521   0.000 +1R001M000t
00599 LEU01A0274_001 f 0.00  0.000     0  0.00  0  0   0.971  -5.829   0.577   0.000   0.000   0.000 01O000M000t
00600 ASN01A0276_001 f 0.00  0.000     0  0.00  0  0  -2.378  -2.537   0.346   0.240   0.252   0.000 01O000M000t
00601 ASN01A0276_002 f 0.00  0.000     0  0.00  0  0  -2.645  -1.577   0.340   0.328   0.231   0.000 01R001M000t
00602 LEU01A0277_001 f 0.00  0.000     0  0.00  0  0   0.561  -1.012   0.535   0.000   0.000   0.000 01O000M000t
00603 LEU01A0278_001 f 0.00  0.000     0  0.00  0  0  -0.303  -5.040   0.887   0.000   0.000   0.000 01O000M000t
00604 GLN01A0279_001 f 0.00  0.000     0  0.00  0  0  21.352  -3.563   3.542   0.110   0.384   0.000 01O000M000t
00605 GLN01A0279_002 f 0.00  0.000     0  0.00  0  0  21.725  -3.339   3.510   0.234   0.026   0.000 01R001M000t
00606 ALA01A0280_001 f 0.00  0.000     0  0.00  0  0  -2.746  -1.383   0.000   0.000   0.000   0.000 01O000M000t
00607 ASN01A0281_001 f 0.00  0.000     0  0.00  0  0   0.085  -3.748   2.967  -0.222   1.707   0.000 01O000M000t
00608 ASN01A0281_002 f 0.00  0.000     0  0.00  0  0   0.190  -3.998   2.967   0.738   1.953   0.000 01R001M000t
00609 ALA01A0282_001 f 0.00  0.000     0  0.00  0  0  -2.830  -1.151   0.000   0.000   0.000   0.000 01O000M000t
00610 KIM01B0003_001 f 0.00 -0.483     0  0.00  0  0   0.000 728.756   0.000  -3.397   4.849   0.021 01O000M000t
00611 KIM01B0003_002 f 0.00 -0.483     0  0.00  0  0   0.000 719.611   0.000  -2.403   4.797   0.021 01O000M000t
00612 KIM+1B0003_003 f 0.00  0.512     0  0.00  0  0   0.000 729.523   0.000  -2.006   8.589   2.180 +1O000M000t
00613 KIM+1B0003_004 f 0.00  0.512     0  0.00  0  0   0.000 720.378   0.000  -0.975   8.530   2.180 +1O000M000t
00614 KIM+1B0003_005 f 0.00  0.512     0  0.00  0  0   0.000 733.327   0.000  -0.185   8.556   2.180 +1O000M000t
00615 KIM+1B0003_006 f 0.00  0.512     0  0.00  0  0   0.000 724.183   0.000   0.783   8.561   2.180 +1O000M000t
00616 KIM02B0003_007 f 0.00  0.000     0  0.00  0  0   0.000 728.705   0.000  -4.074   4.523   2.722 02O000M000t
00617 KIM02B0003_008 f 0.00  0.000     0  0.00  0  0   0.000 719.561   0.000  -3.136   4.432   2.722 02O000M000t
00618 KIMDMB0003_009 t 0.00  0.000     0  0.00  0  0   0.000   0.000   0.000   0.000   0.000   0.000         DMt
