   confID        vdw0    sas     sum
ASN01A0001_001   0.356  -2.531  -2.174
ASN01A0001_002   0.392  -2.724  -2.332
PRO01A0002_001   0.234  -1.782  -1.548
ASN01A0003_001   0.195  -2.715  -2.520
ASN01A0003_002   0.023  -2.383  -2.360
TYR01A0004_001   4.407  -0.051   4.357
TYR-1A0004_002   4.407  -0.051   4.357
CYS01A0005_001  -0.002  -3.267  -3.269
CYS01A0005_002  -0.002  -3.267  -3.269
CYS01A0005_003  -0.002  -3.267  -3.269
CYS-1A0005_004   0.000  -3.267  -3.267
PHE01A0006_001   4.508  -0.505   4.003
ALA01A0007_001   0.000  -1.732  -1.732
LYS01A0009_001   1.307  -7.796  -6.489
LYS+1A0009_002   1.261  -7.796  -6.536
THR01A0010_001   0.203  -3.138  -2.936
THR01A0010_002   0.203  -3.138  -2.936
SER01A0011_001   0.000  -0.144  -0.144
SER01A0012_001   0.000  -1.288  -1.288
ILE01A0013_001   1.204  -1.957  -0.753
SER01A0014_001   0.000  -4.484  -4.484
SER01A0014_002   0.000  -4.484  -4.484
ASP01A0015_001   0.298  -2.104  -1.806
ASP01A0015_002   0.298  -2.104  -1.806
ASP02A0015_003   0.383  -1.939  -1.556
ASP02A0015_004   0.383  -1.939  -1.556
ASP-1A0015_005   0.272  -1.959  -1.688
LEU01A0016_001   1.866  -0.103   1.763
LYS01A0017_001   1.685  -7.451  -5.766
LYS+1A0017_002   1.603  -7.451  -5.848
GLU01A0018_001   2.597  -0.587   2.009
GLU01A0018_002   2.597  -0.587   2.009
GLU02A0018_003   2.071  -0.643   1.428
GLU02A0018_004   2.071  -0.643   1.428
GLU-1A0018_005   2.009  -0.580   1.429
VAL01A0019_001   0.577  -0.515   0.061
PRO01A0020_001   0.222  -3.260  -3.038
ARG01A0021_001   2.253  -3.022  -0.770
ARG02A0021_002   2.199  -3.022  -0.823
ARG03A0021_003   2.193  -3.022  -0.829
ARG+1A0021_004   2.154  -3.022  -0.869
LYS01A0022_001   1.178  -8.990  -7.812
LYS+1A0022_002   1.094  -8.990  -7.896
ASN01A0023_001  -0.001  -1.285  -1.286
ASN01A0023_002   0.158  -1.240  -1.083
ILE01A0024_001   2.021   0.000   2.021
THR01A0025_001   0.188  -4.792  -4.604
THR01A0025_002   0.188  -4.792  -4.604
LEU01A0026_001   2.050  -3.071  -1.021
ILE01A0027_001   2.377  -2.917  -0.540
ARG01A0028_001   2.543  -7.623  -5.080
ARG02A0028_002   2.493  -7.623  -5.130
ARG02A0028_003   2.556  -7.623  -5.067
ARG03A0028_004   2.486  -7.623  -5.137
ARG+1A0028_005   2.447  -7.623  -5.177
LEU01A0030_001   1.779   0.000   1.779
HIS01A0032_001  -0.256 -10.904 -11.159
HIS01A0032_002  -0.192 -11.351 -11.543
HIS02A0032_003  -0.278 -10.904 -11.182
HIS02A0032_004  -0.199 -11.351 -11.549
HIS+1A0032_005  -0.304 -10.904 -11.208
HIS+1A0032_006  -0.223 -11.351 -11.574
ALA01A0034_001   0.000  -4.288  -4.288
PHE01A0035_001   4.633  -5.787  -1.154
GLU01A0037_001   1.310  -2.455  -1.145
GLU01A0037_002   1.310  -2.455  -1.145
GLU02A0037_003   1.125  -2.408  -1.283
GLU02A0037_004   1.125  -2.408  -1.283
GLU-1A0037_005   1.018  -2.451  -1.433
VAL01A0038_001   0.589  -0.155   0.435
TYR01A0039_001   4.709  -3.019   1.690
TYR01A0039_002   4.709  -3.019   1.690
TYR-1A0039_003   4.709  -3.019   1.690
GLU01A0040_001   1.892  -0.943   0.950
GLU01A0040_002   1.892  -0.943   0.950
GLU02A0040_003   1.526  -0.969   0.557
GLU02A0040_004   1.526  -0.969   0.557
GLU-1A0040_005   1.450  -0.930   0.519
GLN01A0042_001   1.413  -2.072  -0.659
GLN01A0042_002   2.236  -2.013   0.223
VAL01A0043_001   0.626  -0.927  -0.301
SER01A0044_001   0.000  -1.220  -1.220
MET01A0046_001   0.518  -7.688  -7.170
PRO01A0047_001   0.120  -6.370  -6.250
ASN01A0048_001   0.011  -3.122  -3.112
ASP01A0049_001   1.552  -4.385  -2.832
ASP01A0049_002   1.552  -4.385  -2.832
ASP02A0049_003   1.164  -4.379  -3.214
ASP02A0049_004   1.164  -4.379  -3.214
ASP-1A0049_005   1.162  -4.277  -3.115
PRO01A0050_001   0.130  -1.507  -1.377
SER01A0051_001   0.000  -1.464  -1.464
PRO01A0052_001   0.225  -1.683  -1.458
LEU01A0053_001   1.853  -5.441  -3.588
GLN01A0054_001   1.465  -2.917  -1.452
GLN01A0054_002   2.432  -2.848  -0.416
VAL01A0055_001   0.638   0.000   0.638
ALA01A0056_001   0.000   0.000   0.000
VAL01A0057_001   0.530   0.000   0.530
LYS01A0058_001   1.868  -1.135   0.733
LYS+1A0058_002   1.786  -1.135   0.651
THR01A0059_001   0.212  -0.284  -0.071
THR01A0059_002   0.212  -0.284  -0.071
LEU01A0060_001   1.716   0.000   1.716
PRO01A0061_001   0.209  -1.149  -0.940
GLU01A0062_001   1.043  -2.813  -1.771
GLU01A0062_002   1.043  -2.813  -1.771
GLU02A0062_003   0.942  -2.753  -1.811
GLU02A0062_004   0.942  -2.753  -1.811
GLU-1A0062_005   0.829  -2.748  -1.918
VAL01A0063_001   0.666  -8.354  -7.689
CYS01A0064_001  -0.002   0.000  -0.002
CYS01A0064_002  -0.002   0.000  -0.002
CYS01A0064_003  -0.002   0.000  -0.002
CYS-1A0064_004   0.000   0.000   0.000
SER01A0065_001   0.000  -3.056  -3.056
SER01A0065_002   0.000  -3.056  -3.056
GLU01A0066_001   2.693  -3.339  -0.646
GLU01A0066_002   2.693  -3.339  -0.646
GLU02A0066_003   2.153  -3.323  -1.171
GLU02A0066_004   2.153  -3.323  -1.171
GLU-1A0066_005   2.085  -3.349  -1.264
GLN01A0067_001   0.741  -0.882  -0.141
GLN01A0067_002   0.599  -0.771  -0.172
ASP01A0068_001   0.099  -0.879  -0.780
ASP01A0068_002   0.099  -0.879  -0.780
ASP02A0068_003   0.171  -0.924  -0.753
ASP02A0068_004   0.171  -0.924  -0.753
ASP-1A0068_005   0.093  -0.861  -0.769
GLU01A0069_001   4.677  -1.088   3.589
GLU01A0069_002   4.677  -1.088   3.589
GLU02A0069_003   3.761  -1.103   2.657
GLU02A0069_004   3.761  -1.103   2.657
GLU-1A0069_005   3.698  -1.068   2.630
LEU01A0070_001   1.657  -2.746  -1.090
ASP01A0071_001   0.073  -0.474  -0.401
ASP01A0071_002   0.073  -0.474  -0.401
ASP02A0071_003   0.143  -0.497  -0.354
ASP02A0071_004   0.143  -0.497  -0.354
ASP-1A0071_005   0.069  -0.474  -0.405
PHE01A0072_001   4.526  -0.203   4.323
LEU01A0073_001   1.743  -1.030   0.713
MET01A0074_001   3.744   0.000   3.744
GLU01A0075_001   1.966  -0.072   1.893
GLU01A0075_002   1.966  -0.072   1.893
GLU02A0075_003   1.574  -0.069   1.505
GLU02A0075_004   1.574  -0.069   1.505
GLU-1A0075_005   1.502  -0.069   1.433
ALA01A0076_001   0.000   0.000   0.000
LEU01A0077_001   1.764  -0.052   1.712
ILE01A0078_001   2.297   0.000   2.297
ILE01A0079_001   2.806  -0.052   2.755
SER01A0080_001   0.000  -0.744  -0.744
SER01A0080_002   0.000  -0.744  -0.744
LYS01A0081_001   2.007  -3.255  -1.248
LYS+1A0081_002   1.961  -3.255  -1.294
PHE01A0082_001   4.521   0.000   4.521
ASN01A0083_001   0.349  -3.553  -3.204
ASN01A0083_002   0.132  -3.330  -3.198
HIS01A0084_001  -0.129  -1.871  -2.000
HIS01A0084_002  -0.075  -1.719  -1.794
HIS02A0084_003  -0.149  -1.871  -2.020
HIS02A0084_004  -0.087  -1.719  -1.807
HIS+1A0084_005  -0.176  -1.871  -2.047
HIS+1A0084_006  -0.114  -1.719  -1.833
GLN01A0085_001   1.505  -3.392  -1.887
GLN01A0085_002   2.482  -3.658  -1.176
ASN01A0086_001   0.301  -0.212   0.090
ASN01A0086_002   0.414  -0.315   0.099
ILE01A0087_001   2.793   0.000   2.793
VAL01A0088_001   0.656   0.000   0.656
ARG01A0089_001   1.408  -5.244  -3.836
ARG02A0089_002   1.371  -5.244  -3.872
ARG02A0089_003   1.432  -5.244  -3.811
ARG03A0089_004   1.370  -5.244  -3.873
ARG+1A0089_005   1.327  -5.244  -3.916
CYS01A0090_001  -0.002   0.000  -0.002
CYS01A0090_002  -0.002   0.000  -0.002
CYS01A0090_003  -0.002   0.000  -0.002
CYS-1A0090_004   0.000   0.000   0.000
ILE01A0091_001   1.521  -1.819  -0.298
VAL01A0093_001   0.601   0.000   0.601
SER01A0094_001   0.000   0.000   0.000
SER01A0094_002   0.000   0.000   0.000
SER01A0094_003   0.000   0.000   0.000
LEU01A0095_001   1.665  -0.721   0.944
GLN01A0096_001   2.460  -3.254  -0.794
GLN01A0096_002   1.508  -3.215  -1.707
SER01A0097_001   0.000  -1.817  -1.817
LEU01A0098_001   2.063  -4.668  -2.605
PRO01A0099_001   0.230  -2.913  -2.683
ARG01A0100_001   1.987  -3.081  -1.094
ARG02A0100_002   2.079  -3.081  -1.002
ARG03A0100_003   1.966  -3.081  -1.115
ARG03A0100_004   1.970  -3.081  -1.111
ARG+1A0100_005   1.927  -3.081  -1.154
PHE01A0101_001   4.230  -0.354   3.877
ILE01A0102_001   2.304   0.000   2.304
LEU01A0103_001   1.764   0.000   1.764
MET01A0104_001   0.641  -0.071   0.570
GLU01A0105_001   2.565  -1.141   1.424
GLU01A0105_002   2.565  -1.141   1.424
GLU02A0105_003   2.045  -1.265   0.780
GLU02A0105_004   2.045  -1.265   0.780
GLU-1A0105_005   1.981  -1.141   0.840
LEU01A0106_001   1.637  -0.412   1.225
MET01A0107_001  -0.047  -0.192  -0.239
ALA01A0108_001   0.000  -2.109  -2.109
ASP01A0111_001   0.414  -0.793  -0.379
ASP01A0111_002   0.414  -0.793  -0.379
ASP02A0111_003   0.426  -0.763  -0.337
ASP02A0111_004   0.426  -0.763  -0.337
ASP-1A0111_005   0.340  -0.758  -0.418
LEU01A0112_001   1.823   0.000   1.823
LYS01A0113_001   0.843  -2.006  -1.163
LYS+1A0113_002   0.764  -2.006  -1.241
SER01A0114_001   0.000  -2.005  -2.005
SER01A0114_002   0.000  -2.005  -2.005
SER01A0114_003   0.000  -2.005  -2.005
PHE01A0115_001   4.664  -0.253   4.411
LEU01A0116_001   1.847   0.000   1.847
ARG01A0117_001   2.607  -6.761  -4.154
ARG02A0117_002   2.554  -6.761  -4.207
ARG03A0117_003   2.553  -6.761  -4.208
ARG+1A0117_004   2.509  -6.761  -4.253
GLU01A0118_001   2.034  -2.630  -0.596
GLU01A0118_002   2.034  -2.630  -0.596
GLU02A0118_003   1.617  -2.677  -1.060
GLU02A0118_004   1.617  -2.677  -1.060
GLU-1A0118_005   1.551  -2.532  -0.981
THR01A0119_001   0.220  -0.998  -0.778
ARG01A0120_001   1.672  -1.211   0.461
ARG02A0120_002   1.636  -1.211   0.426
ARG02A0120_003   1.696  -1.211   0.485
ARG03A0120_004   1.631  -1.211   0.420
ARG+1A0120_005   1.592  -1.211   0.382
PRO01A0121_001   0.251   0.000   0.251
ARG01A0122_001   1.877  -5.484  -3.607
ARG02A0122_002   1.837  -5.484  -3.647
ARG02A0122_003   1.898  -5.484  -3.586
ARG03A0122_004   1.836  -5.484  -3.648
ARG+1A0122_005   1.793  -5.484  -3.691
PRO01A0123_001   0.217  -5.132  -4.915
SER01A0124_001   0.000  -3.633  -3.633
GLN01A0125_001   3.942  -2.585   1.357
GLN01A0125_002   2.284  -2.925  -0.641
PRO01A0126_001   0.230  -4.564  -4.334
SER01A0127_001   0.000  -4.638  -4.638
SER01A0128_001   0.000  -0.260  -0.260
LEU01A0129_001   1.798   0.000   1.798
ALA01A0130_001   0.000  -2.418  -2.418
MET01A0131_001  -0.127   0.000  -0.127
LEU01A0132_001   1.745  -4.221  -2.476
ASP01A0133_001   0.379  -0.598  -0.220
ASP01A0133_002   0.379  -0.598  -0.220
ASP02A0133_003   0.449  -0.641  -0.193
ASP02A0133_004   0.449  -0.641  -0.193
ASP-1A0133_005   0.335  -0.620  -0.285
LEU01A0134_001   1.721   0.000   1.721
LEU01A0135_001   1.869   0.000   1.869
HIS01A0136_001  -0.257  -3.256  -3.513
HIS01A0136_002  -0.224  -3.216  -3.440
HIS02A0136_003  -0.277  -3.256  -3.533
HIS02A0136_004  -0.233  -3.216  -3.449
HIS+1A0136_005  -0.304  -3.256  -3.560
HIS+1A0136_006  -0.259  -3.216  -3.476
VAL01A0137_001   0.616   0.000   0.616
ALA01A0138_001   0.000   0.000   0.000
ARG01A0139_001   2.789  -4.941  -2.152
ARG02A0139_002   2.747  -4.941  -2.194
ARG02A0139_003   2.804  -4.941  -2.137
ARG03A0139_004   2.742  -4.941  -2.200
ARG+1A0139_005   2.703  -4.941  -2.239
ASP01A0140_001   0.070  -0.360  -0.291
ASP01A0140_002   0.070  -0.360  -0.291
ASP02A0140_003   0.139  -0.279  -0.140
ASP02A0140_004   0.139  -0.279  -0.140
ASP-1A0140_005   0.066  -0.276  -0.209
ILE01A0141_001   3.815   0.000   3.815
ALA01A0142_001   0.000   0.000   0.000
CYS01A0143_001  -0.002  -1.906  -1.907
CYS01A0143_002  -0.002  -1.906  -1.907
CYS01A0143_003  -0.003  -1.906  -1.908
CYS-1A0143_004   0.000  -1.906  -1.906
CYS01A0145_001  -0.002   0.000  -0.002
CYS01A0145_002  -0.002   0.000  -0.002
CYS01A0145_003  -0.002   0.000  -0.002
CYS-1A0145_004   0.000   0.000   0.000
GLN01A0146_001   1.500  -1.737  -0.237
GLN01A0146_002   1.033  -1.752  -0.720
TYR01A0147_001   4.531  -1.294   3.237
TYR-1A0147_002   4.531  -1.294   3.237
LEU01A0148_001   1.735   0.000   1.735
GLU01A0149_001   0.778  -0.861  -0.084
GLU01A0149_002   0.778  -0.861  -0.084
GLU02A0149_003   0.701  -0.906  -0.204
GLU02A0149_004   0.701  -0.906  -0.204
GLU-1A0149_005   0.598  -0.861  -0.264
GLU01A0150_001   2.728  -2.452   0.276
GLU01A0150_002   2.728  -2.452   0.276
GLU02A0150_003   2.173  -2.323  -0.149
GLU02A0150_004   2.173  -2.323  -0.149
GLU-1A0150_005   2.108  -2.373  -0.265
ASN01A0151_001   0.411  -1.255  -0.844
ASN01A0151_002   0.437  -1.137  -0.700
HIS01A0152_001  -0.093  -8.821  -8.913
HIS01A0152_002  -0.015  -8.681  -8.696
HIS02A0152_003  -0.114  -8.821  -8.935
HIS02A0152_004  -0.026  -8.681  -8.707
HIS+1A0152_005  -0.141  -8.821  -8.962
HIS+1A0152_006  -0.052  -8.681  -8.733
PHE01A0153_001   4.540  -0.624   3.915
ILE01A0154_001   1.909  -2.266  -0.358
HIS01A0155_001  -0.153   0.000  -0.153
HIS02A0155_002  -0.172   0.000  -0.172
HIS+1A0155_003  -0.199   0.000  -0.199
ARG01A0156_001   2.616  -1.914   0.701
ARG02A0156_002   2.587  -1.914   0.672
ARG03A0156_003   2.581  -1.914   0.666
ARG+1A0156_004   2.542  -1.914   0.628
ASP01A0157_001   0.062  -0.413  -0.351
ASP01A0157_002   0.062  -0.413  -0.351
ASP02A0157_003   0.128  -0.435  -0.306
ASP02A0157_004   0.128  -0.435  -0.306
ASP-1A0157_005   0.058  -0.413  -0.355
ILE01A0158_001   2.627   0.000   2.627
ALA01A0159_001   0.000   0.000   0.000
ALA01A0160_001   0.000   0.000   0.000
ARG01A0161_001   2.328  -4.264  -1.936
ARG02A0161_002   2.315  -4.264  -1.949
ARG03A0161_003   2.306  -4.264  -1.959
ARG03A0161_004   2.309  -4.264  -1.955
ARG+1A0161_005   2.266  -4.264  -1.998
ASN01A0162_001   0.281  -0.527  -0.245
ASN01A0162_002   0.089  -0.591  -0.502
CYS01A0163_001  -0.002   0.000  -0.002
CYS01A0163_002  -0.002   0.000  -0.002
CYS01A0163_003  -0.002   0.000  -0.002
CYS-1A0163_004   0.000   0.000   0.000
LEU01A0164_001   2.187   0.000   2.187
LEU01A0165_001   1.910   0.000   1.910
THR01A0166_001   0.170  -1.583  -1.413
THR01A0166_002   0.170  -1.583  -1.413
CYS01A0167_001  -0.002  -2.758  -2.759
CYS01A0167_002  -0.002  -2.758  -2.759
CYS01A0167_003  -0.002  -2.758  -2.760
CYS-1A0167_004   0.000  -2.758  -2.758
PRO01A0168_001   0.235  -4.551  -4.316
PRO01A0170_001   0.235  -7.594  -7.359
ARG01A0172_001   2.246  -0.373   1.873
ARG02A0172_002   2.212  -0.373   1.839
ARG02A0172_003   2.298  -0.373   1.926
ARG03A0172_004   2.204  -0.373   1.831
ARG03A0172_005   2.208  -0.373   1.836
ARG+1A0172_006   2.164  -0.373   1.791
VAL01A0173_001   0.569  -1.954  -1.386
ALA01A0174_001   0.000   0.000   0.000
LYS01A0175_001   0.850  -0.835   0.015
LYS+1A0175_002   0.805  -0.835  -0.030
ILE01A0176_001   2.201   0.000   2.201
ASP01A0178_001   0.376  -0.700  -0.324
ASP01A0178_002   0.376  -0.700  -0.324
ASP02A0178_003   0.410  -0.681  -0.271
ASP02A0178_004   0.410  -0.681  -0.271
ASP-1A0178_005   0.317  -0.689  -0.372
PHE01A0179_001   4.362   0.000   4.362
MET01A0181_001   1.751  -1.720   0.032
ALA01A0182_001   0.000  -0.206  -0.206
ARG01A0183_001   5.468  -1.991   3.476
ARG02A0183_002   5.528  -1.991   3.536
ARG03A0183_003   5.431  -1.991   3.439
ARG03A0183_004   5.435  -1.991   3.444
ARG+1A0183_005   5.390  -1.991   3.399
ASP01A0184_001   0.100  -0.831  -0.731
ASP01A0184_002   0.100  -0.831  -0.731
ASP02A0184_003   0.174  -0.848  -0.675
ASP02A0184_004   0.174  -0.848  -0.675
ASP-1A0184_005   0.094  -0.831  -0.737
ILE01A0185_001   2.684  -3.464  -0.780
TYR01A0186_001   4.479  -4.181   0.299
TYR01A0186_002   4.479  -4.181   0.299
TYR-1A0186_003   4.479  -4.181   0.299
ARG01A0187_001   1.708  -2.638  -0.930
ARG02A0187_002   1.652  -2.638  -0.986
ARG03A0187_003   1.652  -2.638  -0.986
ARG+1A0187_004   1.608  -2.638  -1.030
ALA01A0188_001   0.000   0.000   0.000
SER01A0189_001   0.000  -3.907  -3.907
TYR01A0190_001  11.359  -9.219   2.140
TYR01A0190_002  11.359  -9.219   2.140
TYR-1A0190_003  11.359  -9.219   2.140
TYR01A0191_001   8.418  -2.274   6.144
TYR01A0191_002   8.418  -2.274   6.144
TYR-1A0191_003   8.418  -2.274   6.144
ARG01A0192_001   5.944  -9.520  -3.576
ARG02A0192_002   5.945  -9.520  -3.575
ARG03A0192_003   5.933  -9.520  -3.587
ARG+1A0192_004   5.894  -9.520  -3.626
LYS01A0193_001   2.020  -9.319  -7.299
LYS+1A0193_002   2.007  -9.319  -7.312
CYS01A0196_001  -0.002  -6.083  -6.085
CYS01A0196_002  -0.002  -6.083  -6.085
CYS01A0196_003  -0.002  -6.083  -6.086
CYS-1A0196_004   0.000  -6.083  -6.083
ALA01A0197_001   0.000  -4.514  -4.514
MET01A0198_001   0.961  -7.434  -6.473
LEU01A0199_001   1.902  -3.876  -1.974
PRO01A0200_001   0.209  -0.206   0.003
VAL01A0201_001   0.682  -0.206   0.476
LYS01A0202_001   0.770  -1.439  -0.669
LYS+1A0202_002   0.724  -1.439  -0.716
TRP01A0203_001   2.838  -0.758   2.080
MET01A0204_001   0.460  -0.167   0.292
PRO01A0205_001   0.219   0.000   0.219
PRO01A0206_001   0.237  -0.103   0.134
GLU01A0207_001   2.785  -0.274   2.511
GLU01A0207_002   2.785  -0.274   2.511
GLU02A0207_003   2.244  -0.279   1.965
GLU02A0207_004   2.244  -0.279   1.965
GLU-1A0207_005   2.178  -0.279   1.898
ALA01A0208_001   0.000   0.000   0.000
PHE01A0209_001   4.587  -0.103   4.484
MET01A0210_001   0.640  -4.484  -3.845
GLU01A0211_001   2.424  -3.205  -0.781
GLU01A0211_002   2.424  -3.205  -0.781
GLU02A0211_003   1.961  -3.256  -1.294
GLU02A0211_004   1.961  -3.256  -1.294
GLU-1A0211_005   1.882  -3.200  -1.318
ILE01A0213_001   3.839  -5.663  -1.824
PHE01A0214_001   4.548  -1.739   2.809
THR01A0215_001   0.205  -3.407  -3.202
THR01A0215_002   0.205  -3.407  -3.202
SER01A0216_001   0.000  -1.804  -1.804
LYS01A0217_001   0.959  -1.868  -0.909
LYS+1A0217_002   0.874  -1.868  -0.993
THR01A0218_001   0.172   0.000   0.172
THR01A0218_002   0.172   0.000   0.172
ASP01A0219_001   0.075   0.000   0.075
ASP01A0219_002   0.075   0.000   0.075
ASP02A0219_003   0.144   0.000   0.144
ASP02A0219_004   0.144   0.000   0.144
ASP-1A0219_005   0.071   0.000   0.071
THR01A0220_001   0.168   0.000   0.168
THR01A0220_002   0.168   0.000   0.168
TRP01A0221_001   2.914   0.000   2.914
SER01A0222_001   0.000   0.000   0.000
SER01A0222_002   0.000   0.000   0.000
PHE01A0223_001   4.468   0.000   4.468
VAL01A0225_001   0.538   0.000   0.538
LEU01A0226_001   1.728   0.000   1.728
LEU01A0227_001   1.738   0.000   1.738
TRP01A0228_001   2.997  -0.623   2.374
GLU01A0229_001   0.597  -0.034   0.562
GLU01A0229_002   0.597  -0.034   0.562
GLU02A0229_003   0.591  -0.036   0.555
GLU02A0229_004   0.591  -0.036   0.555
GLU-1A0229_005   0.479  -0.034   0.445
ILE01A0230_001   1.767   0.000   1.767
PHE01A0231_001   4.484   0.000   4.484
SER01A0232_001   0.000  -0.240  -0.240
SER01A0232_002   0.000  -0.240  -0.240
SER01A0232_003   0.000  -0.240  -0.240
LEU01A0233_001   1.511  -0.052   1.459
TYR01A0235_001   4.503  -5.289  -0.785
TYR-1A0235_002   4.503  -5.289  -0.785
MET01A0236_001   1.577  -5.424  -3.847
PRO01A0237_001   0.230   0.000   0.230
TYR01A0238_001   4.445   0.000   4.445
TYR-1A0238_002   4.445   0.000   4.445
PRO01A0239_001   0.217  -4.470  -4.253
SER01A0240_001   0.000  -4.120  -4.120
SER01A0240_002   0.000  -4.120  -4.120
LYS01A0241_001   1.602  -3.471  -1.870
LYS+1A0241_002   1.513  -3.471  -1.958
SER01A0242_001   0.000  -2.936  -2.936
SER01A0242_002   0.000  -2.936  -2.936
ASN01A0243_001   0.133  -1.291  -1.158
ASN01A0243_002  -0.017  -1.096  -1.113
GLN01A0244_001   0.983  -2.651  -1.668
GLN01A0244_002   1.461  -2.596  -1.135
GLU01A0245_001   2.168  -2.649  -0.481
GLU01A0245_002   2.168  -2.649  -0.481
GLU02A0245_003   1.723  -2.760  -1.037
GLU02A0245_004   1.723  -2.760  -1.037
GLU-1A0245_005   1.655  -2.631  -0.977
VAL01A0246_001   0.598   0.000   0.598
LEU01A0247_001   2.540  -2.366   0.174
GLU01A0248_001   1.833  -2.983  -1.151
GLU01A0248_002   1.833  -2.983  -1.151
GLU02A0248_003   1.462  -2.966  -1.503
GLU02A0248_004   1.462  -2.966  -1.503
GLU-1A0248_005   1.390  -2.898  -1.508
PHE01A0249_001   4.690  -3.961   0.729
VAL01A0250_001   0.642   0.000   0.642
THR01A0251_001   0.206  -2.057  -1.851
THR01A0251_002   0.206  -2.057  -1.851
SER01A0252_001   0.000  -3.545  -3.545
SER01A0252_002   0.000  -3.545  -3.545
ARG01A0255_001   2.125  -2.436  -0.311
ARG02A0255_002   2.106  -2.436  -0.330
ARG02A0255_003   2.162  -2.436  -0.274
ARG03A0255_004   2.103  -2.436  -0.333
ARG+1A0255_005   2.060  -2.436  -0.376
MET01A0256_001   0.137   0.000   0.137
ASP01A0257_001   0.108  -3.558  -3.450
ASP01A0257_002   0.108  -3.558  -3.450
ASP02A0257_003   0.183  -3.490  -3.307
ASP02A0257_004   0.183  -3.490  -3.307
ASP-1A0257_005   0.102  -3.493  -3.391
PRO01A0258_001   0.217  -3.458  -3.241
PRO01A0259_001   0.214   0.000   0.214
LYS01A0260_001   3.188  -5.695  -2.507
LYS+1A0260_002   3.141  -5.695  -2.554
ASN01A0261_001   0.139  -2.102  -1.963
ASN01A0261_002  -0.012  -2.190  -2.202
CYS01A0262_001  -0.002   0.000  -0.002
CYS01A0262_002  -0.002   0.000  -0.002
CYS01A0262_003  -0.002   0.000  -0.002
CYS-1A0262_004   0.000   0.000   0.000
PRO01A0263_001   0.228  -0.258  -0.029
PRO01A0265_001   0.204  -2.452  -2.249
VAL01A0266_001   0.681   0.000   0.681
TYR01A0267_001   4.482  -2.582   1.900
TYR01A0267_002   4.482  -2.582   1.900
TYR-1A0267_003   4.482  -2.582   1.900
ARG01A0268_001   4.698  -8.412  -3.715
ARG02A0268_002   4.637  -8.412  -3.775
ARG03A0268_003   4.637  -8.412  -3.775
ARG+1A0268_004   4.592  -8.412  -3.820
ILE01A0269_001   1.843  -0.052   1.792
MET01A0270_001   0.172   0.000   0.172
THR01A0271_001   0.210  -1.928  -1.718
THR01A0271_002   0.210  -1.928  -1.718
GLN01A0272_001   1.083  -1.614  -0.531
GLN01A0272_002   1.527  -1.475   0.052
CYS01A0273_001  -0.002   0.000  -0.002
CYS01A0273_002  -0.002   0.000  -0.002
CYS01A0273_003  -0.002   0.000  -0.002
CYS-1A0273_004   0.000   0.000   0.000
TRP01A0274_001   2.633   0.000   2.633
GLN01A0275_001   0.689  -1.949  -1.260
GLN01A0275_002   0.732  -1.978  -1.247
HIS01A0276_001  -0.129  -5.301  -5.429
HIS01A0276_002  -0.075  -4.995  -5.070
HIS02A0276_003  -0.149  -5.301  -5.449
HIS02A0276_004  -0.088  -4.995  -5.082
HIS+1A0276_005  -0.175  -5.301  -5.476
HIS+1A0276_006  -0.114  -4.995  -5.109
GLN01A0277_001   0.570  -2.920  -2.350
GLN01A0277_002   0.509  -2.901  -2.393
PRO01A0278_001   0.250  -1.759  -1.509
GLU01A0279_001   2.728  -2.510   0.218
GLU01A0279_002   2.728  -2.510   0.218
GLU02A0279_003   2.180  -2.474  -0.293
GLU02A0279_004   2.180  -2.474  -0.293
GLU-1A0279_005   2.118  -2.431  -0.313
ASP01A0280_001   0.097  -2.566  -2.469
ASP01A0280_002   0.097  -2.566  -2.469
ASP02A0280_003   0.169  -2.521  -2.352
ASP02A0280_004   0.169  -2.521  -2.352
ASP-1A0280_005   0.091  -2.438  -2.346
ARG01A0281_001   2.504   0.000   2.504
ARG02A0281_002   2.471   0.000   2.471
ARG02A0281_003   2.532   0.000   2.532
ARG03A0281_004   2.465   0.000   2.465
ARG03A0281_005   2.470   0.000   2.470
ARG+1A0281_006   2.425   0.000   2.425
PRO01A0282_001   0.201  -0.203  -0.002
ASN01A0283_001   0.354  -1.969  -1.614
PHE01A0284_001   4.492   0.000   4.492
ALA01A0285_001   0.000  -2.592  -2.592
ILE01A0286_001   2.910  -4.188  -1.279
ILE01A0287_001   2.838   0.000   2.838
LEU01A0288_001   1.856  -1.545   0.311
GLU01A0289_001   1.877  -3.231  -1.354
GLU01A0289_002   1.877  -3.231  -1.354
GLU02A0289_003   1.547  -3.292  -1.746
GLU02A0289_004   1.547  -3.292  -1.746
GLU-1A0289_005   1.460  -3.174  -1.714
ARG01A0290_001   2.278  -5.190  -2.912
ARG02A0290_002   2.254  -5.190  -2.936
ARG02A0290_003   2.300  -5.190  -2.890
ARG03A0290_004   2.252  -5.190  -2.938
ARG+1A0290_005   2.209  -5.190  -2.981
ILE01A0291_001   3.180   0.000   3.180
GLU01A0292_001   0.414  -2.076  -1.662
GLU01A0292_002   0.414  -2.076  -1.662
GLU02A0292_003   0.407  -2.040  -1.633
GLU02A0292_004   0.407  -2.040  -1.633
GLU-1A0292_005   0.312  -2.031  -1.719
TYR01A0293_001   4.417  -9.691  -5.274
TYR-1A0293_002   4.417  -9.691  -5.274
CYS01A0294_001  -0.002   0.000  -0.002
CYS01A0294_002  -0.002   0.000  -0.002
CYS01A0294_003  -0.003   0.000  -0.003
CYS-1A0294_004   0.000   0.000   0.000
THR01A0295_001   0.198  -0.565  -0.367
THR01A0295_002   0.198  -0.565  -0.367
THR01A0295_003   0.198  -0.565  -0.367
GLN01A0296_001   0.764  -3.251  -2.487
GLN01A0296_002   0.841  -3.171  -2.330
ASP01A0297_001   0.088  -1.374  -1.286
ASP01A0297_002   0.088  -1.374  -1.286
ASP02A0297_003   0.159  -1.317  -1.158
ASP02A0297_004   0.159  -1.317  -1.158
ASP-1A0297_005   0.083  -1.275  -1.192
PRO01A0298_001   0.226  -5.165  -4.938
ASP01A0299_001   0.055  -3.482  -3.426
ASP01A0299_002   0.055  -3.482  -3.426
ASP02A0299_003   0.118  -3.535  -3.417
ASP02A0299_004   0.118  -3.535  -3.417
ASP-1A0299_005   0.051  -3.445  -3.394
VAL01A0300_001   0.593  -0.052   0.541
ILE01A0301_001   3.350  -2.228   1.122
ASN01A0302_001   0.317  -3.165  -2.848
ASN01A0302_002   0.113  -3.001  -2.887
THR01A0303_001   0.203  -1.993  -1.790
ALA01A0304_001   0.000  -4.272  -4.272
LEU01A0305_001   1.815  -0.103   1.712
PRO01A0306_001   0.229  -0.325  -0.096
ILE01A0307_001   3.228  -4.102  -0.873
GLU01A0308_001   1.540  -1.268   0.272
GLU01A0308_002   1.540  -1.268   0.272
GLU02A0308_003   1.285  -1.268   0.017
GLU02A0308_004   1.285  -1.268   0.017
GLU-1A0308_005   1.197  -1.236  -0.039
TYR01A0309_001  63.747  -9.986  53.761
TYR-1A0309_002  63.747  -9.986  53.761
VGH21B0001_001 524.697 -10.104 514.593
VGH21B0001_002 524.687 -10.104 514.583
VGH11B0001_003 524.354 -10.104 514.249
VGH01B0001_004 523.066 -10.146 512.920
VGH12B0001_005 523.450 -10.146 513.304
