iConf CONFORMER     FL  occ    crg   Em0  pKa0 ne nH    vdw0    vdw1    tors    epol   dsolv   extra    history
00001 GLU01A0001_001 f 0.00  0.000     0  0.00  0  0  -1.045  -0.315   4.922   0.943   0.789   0.000 01O000M000t
00002 GLU01A0001_002 f 0.00  0.000     0  0.00  0  0  -1.045  -0.315   2.202  -0.044   1.238   0.000 01O000M000t
00003 GLU02A0001_003 f 0.00  0.000     0  0.00  0  0  -0.988  -0.548   4.922  -0.067   0.125   0.000 02O000M000t
00004 GLU02A0001_004 f 0.00  0.000     0  0.00  0  0  -0.988  -0.548   2.202  -0.184   0.905   0.000 02O000M000t
00005 GLU-1A0001_005 f 0.00 -1.000     0  4.75  0 -1  -1.139  -0.512   2.202  -0.048   2.320   0.000 -1O000M000t
00006 ALA01A0002_001 f 0.00  0.000     0  0.00  0  0  -4.375  -0.442   0.000   0.000   0.000   0.000 01O000M000t
00007 PRO01A0003_001 f 0.00  0.000     0  0.00  0  0  -5.381  -0.299   0.000   0.000   0.000   0.000 01O000M000t
00008 ASN01A0004_001 f 0.00  0.000     0  0.00  0  0  -0.873   7.839   0.201   1.480   1.347   0.000 01O000M000t
00009 ASN01A0004_002 f 0.00  0.000     0  0.00  0  0  -0.874   3.302   0.201  -1.169   1.425   0.000 01R001M000t
00010 GLN01A0005_001 f 0.00  0.000     0  0.00  0  0  -2.842   3.614   1.191   0.058  -0.148   0.000 01O000M000t
00011 GLN01A0005_002 f 0.00  0.000     0  0.00  0  0  -2.867   3.654   1.184   0.042  -0.168   0.000 01R001M000t
00012 ALA01A0006_001 f 0.00  0.000     0  0.00  0  0  -0.531  -1.280   0.000   0.000   0.000   0.000 01O000M000t
00013 LEU01A0007_001 f 0.00  0.000     0  0.00  0  0  -3.238  -2.184   0.435   0.000   0.000   0.000 01O000M000t
00014 LEU01A0008_001 f 0.00  0.000     0  0.00  0  0  -2.096  -0.585   0.544   0.000   0.000   0.000 01O000M000t
00015 ARG01A0009_001 f 0.00  0.000     0  0.00  0  0  -1.323  -3.820   0.558  -0.230   1.812   0.000 01O000M000t
00016 ARG02A0009_002 f 0.00  0.000     0  0.00  0  0  -1.358  -3.825   0.558  -0.097   3.013   0.000 02O000M000t
00017 ARG02A0009_003 f 0.00  0.000     0  0.00  0  0  -1.297  -3.823   0.558   0.173   2.808   0.000 02O000M000t
00018 ARG03A0009_004 f 0.00  0.000     0  0.00  0  0  -1.364  -3.825   0.558  -0.259   2.790   0.000 03O000M000t
00019 ARG03A0009_005 f 0.00  0.000     0  0.00  0  0  -1.360  -3.825   0.558  -0.264   2.625   0.000 03O000M000t
00020 ARG+1A0009_006 f 0.00  1.000     0 12.50  0  1  -1.402  -3.832   0.558  -0.334   2.760   0.000 +1O000M000t
00021 ILE01A0010_001 f 0.00  0.000     0  0.00  0  0  -2.976  -0.080   0.485   0.000   0.000   0.000 01O000M000t
00022 LEU01A0011_001 f 0.00  0.000     0  0.00  0  0   2.069  -6.326   0.821   0.000   0.000   0.000 01O000M000t
00023 LYS01A0012_001 f 0.00  0.000     0  0.00  0  0  -4.399  -2.040   1.518  -0.059   0.297   0.000 01O000M000t
00024 LYS+1A0012_002 f 0.00  1.000     0 10.40  0  1  -4.464  -2.048   1.518   0.509   1.528   0.000 +1O000M000t
00025 GLU01A0013_001 f 0.00  0.000     0  0.00  0  0  -1.100  -0.020   5.384   0.290  -0.246   0.000 01O000M000t
00026 GLU01A0013_002 f 0.00  0.000     0  0.00  0  0  -1.100  -0.020   2.664   0.166   0.707   0.000 01O000M000t
00027 GLU02A0013_003 f 0.00  0.000     0  0.00  0  0  -1.288  -0.009   5.384  -0.055  -0.082   0.000 02O000M000t
00028 GLU02A0013_004 f 0.00  0.000     0  0.00  0  0  -1.288  -0.009   2.664   0.046   0.548   0.000 02O000M000t
00029 GLU-1A0013_005 f 0.00 -1.000     0  4.75  0 -1  -1.276   0.020   2.664  -0.379   1.591   0.000 -1O000M000t
00030 THR01A0014_001 f 0.00  0.000     0  0.00  0  0  -5.786  -0.692   0.417   0.553   0.992   0.000 01O000M000t
00031 THR01A0014_002 f 0.00  0.000     0  0.00  0  0  -5.786  -0.692   0.417  -0.245   0.552   0.000 01O000M000t
00032 GLU01A0015_001 f 0.00  0.000     0  0.00  0  0   0.682  -2.479   4.796  -0.995   1.935   0.000 01O000M000t
00033 GLU01A0015_002 f 0.00  0.000     0  0.00  0  0   0.682  -2.479   2.076  -0.823   1.868   0.000 01O000M000t
00034 GLU02A0015_003 f 0.00  0.000     0  0.00  0  0   0.584  -2.629   4.796   1.789   2.186   0.000 02O000M000t
00035 GLU02A0015_004 f 0.00  0.000     0  0.00  0  0   0.584  -2.629   2.076  -0.880   1.816   0.000 02O000M000t
00036 GLU-1A0015_005 f 0.00 -1.000     0  4.75  0 -1   0.520  -2.680   2.076  -2.886   6.918   0.000 -1O000M000t
00037 PHE01A0016_001 f 0.00  0.000     0  0.00  0  0   3.814  -6.456   0.292   0.000   0.000   0.000 01O000M000t
00038 LYS01A0017_001 f 0.00  0.000     0  0.00  0  0  -3.155  67.846   3.598  -0.618   0.447   0.000 01O000M000t
00039 LYS+1A0017_002 f 0.00  1.000     0 10.40  0  1  -3.207  67.748   3.598  -2.655   2.731   0.000 +1O000M000t
00040 LYS01A0018_001 f 0.00  0.000     0  0.00  0  0  -2.898  -2.031   1.834  -0.065   0.712   0.000 01O000M000t
00041 LYS+1A0018_002 f 0.00  1.000     0 10.40  0  1  -2.941  -2.041   1.834   0.782   4.287   0.000 +1O000M000t
00042 ILE01A0019_001 f 0.00  0.000     0  0.00  0  0  -0.569  45.037   0.578   0.000   0.000   0.000 01O000M000t
00043 LYS01A0020_001 f 0.00  0.000     0  0.00  0  0  -6.523   0.791   1.585   0.073   0.331   0.000 01O000M000t
00044 LYS+1A0020_002 f 0.00  1.000     0 10.40  0  1  -6.567   0.782   1.585  -0.207   1.489   0.000 +1O000M000t
00045 VAL01A0021_001 f 0.00  0.000     0  0.00  0  0  -4.043   0.172   0.087   0.000   0.000   0.000 01O000M000t
00046 LEU01A0022_001 f 0.00  0.000     0  0.00  0  0   1.889  -5.667   0.450   0.000   0.000   0.000 01O000M000t
00047 SER01A0024_001 f 0.00  0.000     0  0.00  0  0  -3.905  -0.385   0.730   0.625   0.401   0.000 01O000M000t
00048 ALA01A0026_001 f 0.00  0.000     0  0.00  0  0  -3.586   1.343   0.000   0.000   0.000   0.000 01O000M000t
00049 PHE01A0027_001 f 0.00  0.000     0  0.00  0  0  -1.930  -1.455   0.001   0.000   0.000   0.000 01O000M000t
00050 THR01A0029_001 f 0.00  0.000     0  0.00  0  0  -0.674  -1.808   2.057  -0.677   1.521   0.000 01O000M000t
00051 THR01A0029_002 f 0.00  0.000     0  0.00  0  0  -0.674  -1.808   2.057   0.203   1.111   0.000 01O000M000t
00052 THR01A0029_003 f 0.00  0.000     0  0.00  0  0  -0.674  -1.808   1.682  -0.258   0.681   0.000 01O000M000t
00053 VAL01A0030_001 f 0.00  0.000     0  0.00  0  0   0.615  -2.284   0.247   0.000   0.000   0.000 01O000M000t
00054 TYR01A0031_001 f 0.00  0.000     0  0.00  0  0   1.194  -1.563   0.695  -0.093   1.237   0.000 01O000M000t
00055 TYR01A0031_002 f 0.00  0.000     0  0.00  0  0   1.194  -1.563   0.695  -0.024   0.834   0.000 01O000M000t
00056 TYR-1A0031_003 f 0.00 -1.000     0 10.20  0 -1   1.194  -1.563   0.695   0.075   2.437   0.000 -1O000M000t
00057 LYS01A0032_001 f 0.00  0.000     0  0.00  0  0  -1.873  -3.571   1.500  -0.084   0.181   0.000 01O000M000t
00058 LYS+1A0032_002 f 0.00  1.000     0 10.40  0  1  -1.920  -3.578   1.500   0.444   1.696   0.000 +1O000M000t
00059 LEU01A0034_001 f 0.00  0.000     0  0.00  0  0   1.088  -1.545   2.299   0.000   0.000   0.000 01O000M000t
00060 TRP01A0035_001 f 0.00  0.000     0  0.00  0  0   2.737  -9.423   0.232   0.000   0.000   0.000 01O000M000t
00061 ILE01A0036_001 f 0.00  0.000     0  0.00  0  0  -0.838   0.260   0.684   0.000   0.000   0.000 01O000M000t
00062 PRO01A0037_001 f 0.00  0.000     0  0.00  0  0   0.239   1.605   0.000   0.000   0.000   0.000 01O000M000t
00063 GLU01A0038_001 f 0.00  0.000     0  0.00  0  0  -2.673  15.050   3.827  -0.083  -0.199   0.000 01O000M000t
00064 GLU01A0038_002 f 0.00  0.000     0  0.00  0  0  -2.673  15.050   1.107  -0.089   1.433   0.000 01O000M000t
00065 GLU02A0038_003 f 0.00  0.000     0  0.00  0  0  -2.512  17.733   3.827   1.261   1.094   0.000 02O000M000t
00066 GLU02A0038_004 f 0.00  0.000     0  0.00  0  0  -2.512  17.733   1.107   0.045   1.422   0.000 02O000M000t
00067 GLU-1A0038_005 f 0.00 -1.000     0  4.75  0 -1  -2.529  15.079   1.107  -0.987   2.293   0.000 -1O000M000t
00068 GLU01A0040_001 f 0.00  0.000     0  0.00  0  0  -1.076   0.311   6.174  -0.147   0.344   0.000 01O000M000t
00069 GLU01A0040_002 f 0.00  0.000     0  0.00  0  0  -1.076   0.311   3.454  -0.110   1.549   0.000 01O000M000t
00070 GLU02A0040_003 f 0.00  0.000     0  0.00  0  0  -1.036   0.291   6.174   0.190   0.656   0.000 02O000M000t
00071 GLU02A0040_004 f 0.00  0.000     0  0.00  0  0  -1.036   0.291   3.454   0.085   1.171   0.000 02O000M000t
00072 GLU-1A0040_005 f 0.00 -1.000     0  4.75  0 -1  -1.118   0.349   3.454  -0.085   3.649   0.000 -1O000M000t
00073 LYS01A0041_001 f 0.00  0.000     0  0.00  0  0  -6.777   1.518   1.813   0.065   0.290   0.000 01O000M000t
00074 LYS+1A0041_002 f 0.00  1.000     0 10.40  0  1  -6.871   1.511   1.813  -0.063   1.143   0.000 +1O000M000t
00075 VAL01A0042_001 f 0.00  0.000     0  0.00  0  0  -0.721  -1.846   0.011   0.000   0.000   0.000 01O000M000t
00076 LYS01A0043_001 f 0.00  0.000     0  0.00  0  0  -0.410  -3.761   3.197  -0.134   0.865   0.000 01O000M000t
00077 LYS+1A0043_002 f 0.00  1.000     0 10.40  0  1  -0.480  -3.790   3.197   0.740   5.980   0.000 +1O000M000t
00078 ILE01A0044_001 f 0.00  0.000     0  0.00  0  0   2.529  -5.172   0.601   0.000   0.000   0.000 01O000M000t
00079 PRO01A0045_001 f 0.00  0.000     0  0.00  0  0  -0.906  -2.047   0.000   0.000   0.000   0.000 01O000M000t
00080 VAL01A0046_001 f 0.00  0.000     0  0.00  0  0   0.559  -1.752   0.000   0.000   0.000   0.000 01O000M000t
00081 ALA01A0047_001 f 0.00  0.000     0  0.00  0  0   0.000  -1.963   0.000   0.000   0.000   0.000 01O000M000t
00082 ILE01A0048_001 f 0.00  0.000     0  0.00  0  0   1.263  -2.320   0.457   0.000   0.000   0.000 01O000M000t
00083 LYS01A0049_001 f 0.00  0.000     0  0.00  0  0   1.447  -2.640   5.700  -0.170   0.617   0.000 01O000M000t
00084 LYS+1A0049_002 f 0.00  1.000     0 10.40  0  1   1.389  -2.651   5.700   1.900   4.204   0.000 +1O000M000t
00085 GLU01A0050_001 f 0.00  0.000     0  0.00  0  0   1.161  -4.150   4.479  -0.029   1.494   0.000 01O000M000t
00086 GLU01A0050_002 f 0.00  0.000     0  0.00  0  0   1.161  -4.150   1.759   0.035   0.990   0.000 01O000M000t
00087 GLU02A0050_003 f 0.00  0.000     0  0.00  0  0   1.620  -4.177   4.479  -0.001   1.582   0.000 02O000M000t
00088 GLU02A0050_004 f 0.00  0.000     0  0.00  0  0   1.620  -4.177   1.759   0.024   1.265   0.000 02O000M000t
00089 GLU-1A0050_005 f 0.00 -1.000     0  4.75  0 -1   1.138  -4.102   1.759   0.062   3.655   0.000 -1O000M000t
00090 LEU01A0051_001 f 0.00  0.000     0  0.00  0  0   0.744  -2.518   2.951   0.000   0.000   0.000 01O000M000t
00091 ARG01A0052_001 f 0.00  0.000     0  0.00  0  0  -2.947  26.596   1.028  -2.332   1.608   0.000 01O000M000t
00092 ARG02A0052_002 f 0.00  0.000     0  0.00  0  0  -2.980  26.756   1.028  -0.576   2.721   0.000 02O000M000t
00093 ARG02A0052_003 f 0.00  0.000     0  0.00  0  0  -2.885  25.924   1.028   1.464   2.569   0.000 02O000M000t
00094 ARG03A0052_004 f 0.00  0.000     0  0.00  0  0  -2.982  26.584   1.028  -2.082   2.542   0.000 03O000M000t
00095 ARG+1A0052_005 f 0.00  1.000     0 12.50  0  1  -3.027  26.573   1.028  -3.470   2.549   0.000 +1O000M000t
00096 GLU01A0053_001 f 0.00  0.000     0  0.00  0  0  -3.280  -0.198   5.500   0.271   0.147   0.000 01O000M000t
00097 GLU01A0053_002 f 0.00  0.000     0  0.00  0  0  -3.280  -0.198   2.780   0.114   0.461   0.000 01O000M000t
00098 GLU02A0053_003 f 0.00  0.000     0  0.00  0  0  -3.356  -0.195   5.500   0.157  -0.630   0.000 02O000M000t
00099 GLU02A0053_004 f 0.00  0.000     0  0.00  0  0  -3.356  -0.195   2.780   0.118   0.527   0.000 02O000M000t
00100 GLU-1A0053_005 f 0.00 -1.000     0  4.75  0 -1  -3.213  -0.176   2.780  -0.277   0.206   0.000 -1O000M000t
00101 ALA01A0054_001 f 0.00  0.000     0  0.00  0  0  -3.928  -0.457   0.000   0.000   0.000   0.000 01O000M000t
00102 THR01A0055_001 f 0.00  0.000     0  0.00  0  0  -2.602   0.539   0.883   0.152  -0.210   0.000 01O000M000t
00103 THR01A0055_002 f 0.00  0.000     0  0.00  0  0  -2.602   0.539   0.508  -0.393  -0.129   0.000 01O000M000t
00104 SER01A0056_001 f 0.00  0.000     0  0.00  0  0  -3.373   0.294   1.912  -0.202   0.764   0.000 01O000M000t
00105 PRO01A0057_001 f 0.00  0.000     0  0.00  0  0  -7.301   2.016   0.000   0.000   0.000   0.000 01O000M000t
00106 LYS01A0058_001 f 0.00  0.000     0  0.00  0  0  -5.848   2.059   2.156  -0.174   0.913   0.000 01O000M000t
00107 LYS+1A0058_002 f 0.00  1.000     0 10.40  0  1  -5.929   2.533   2.156  -1.862   5.075   0.000 +1O000M000t
00108 ALA01A0059_001 f 0.00  0.000     0  0.00  0  0  -0.670  -1.524   0.000   0.000   0.000   0.000 01O000M000t
00109 ASN01A0060_001 f 0.00  0.000     0  0.00  0  0  -0.949   1.904   0.209   0.997   1.377   0.000 01O000M000t
00110 ASN01A0060_002 f 0.00  0.000     0  0.00  0  0  -0.849  -1.125   0.209  -0.412   1.323   0.000 01R001M000t
00111 LYS01A0061_001 f 0.00  0.000     0  0.00  0  0  -6.988  -2.387   2.159   0.003  -0.129   0.000 01O000M000t
00112 LYS+1A0061_002 f 0.00  1.000     0 10.40  0  1  -7.033  -2.393   2.159  -0.161   0.545   0.000 +1O000M000t
00113 GLU01A0062_001 f 0.00  0.000     0  0.00  0  0  -1.009   0.792   6.556   0.043  -0.108   0.000 01O000M000t
00114 GLU01A0062_002 f 0.00  0.000     0  0.00  0  0  -1.009   0.792   3.836   0.046   0.802   0.000 01O000M000t
00115 GLU02A0062_003 f 0.00  0.000     0  0.00  0  0  -0.937   0.783   6.556   0.119   0.340   0.000 02O000M000t
00116 GLU02A0062_004 f 0.00  0.000     0  0.00  0  0  -0.937   0.783   3.836  -0.010   0.345   0.000 02O000M000t
00117 GLU-1A0062_005 f 0.00 -1.000     0  4.75  0 -1  -1.133   0.829   3.836  -0.183   1.139   0.000 -1O000M000t
00118 ILE01A0063_001 f 0.00  0.000     0  0.00  0  0   2.508   5.707   0.639   0.000   0.000   0.000 01O000M000t
00119 LEU01A0064_001 f 0.00  0.000     0  0.00  0  0  -2.153   2.477   0.708   0.000   0.000   0.000 01O000M000t
00120 ASP01A0065_001 f 0.00  0.000     0  0.00  0  0  -1.539   0.011   3.086   0.869   0.153   0.000 01O000M000t
00121 ASP01A0065_002 f 0.00  0.000     0  0.00  0  0  -1.539   0.011   0.366   0.357   1.106   0.000 01O000M000t
00122 ASP02A0065_003 f 0.00  0.000     0  0.00  0  0  -1.382  -0.731   3.086   0.198   0.079   0.000 02O000M000t
00123 ASP02A0065_004 f 0.00  0.000     0  0.00  0  0  -1.382  -0.731   0.366   0.105   1.625   0.000 02O000M000t
00124 ASP-1A0065_005 f 0.00 -1.000     0  4.75  0 -1  -1.461  -0.764   0.366   0.515   2.310   0.000 -1O000M000t
00125 GLU01A0066_001 f 0.00  0.000     0  0.00  0  0   1.039  -1.315   6.922  -1.111   1.683   0.000 01O000M000t
00126 GLU01A0066_002 f 0.00  0.000     0  0.00  0  0   1.039  -1.315   4.202  -0.953   2.705   0.000 01O000M000t
00127 GLU02A0066_003 f 0.00  0.000     0  0.00  0  0   0.915  -1.326   6.922   2.320   1.930   0.000 02O000M000t
00128 GLU02A0066_004 f 0.00  0.000     0  0.00  0  0   0.915  -1.326   4.202   0.190   2.273   0.000 02O000M000t
00129 GLU-1A0066_005 f 0.00 -1.000     0  4.75  0 -1   0.814  -1.229   4.202  -4.544   8.849   0.000 -1O000M000t
00130 ALA01A0067_001 f 0.00  0.000     0  0.00  0  0  -0.052  -0.995   0.000   0.000   0.000   0.000 01O000M000t
00131 TYR01A0068_001 f 0.00  0.000     0  0.00  0  0  -2.822  -3.416   0.034   0.261   0.268   0.000 01O000M000t
00132 TYR-1A0068_002 f 0.00 -1.000     0 10.20  0 -1  -2.822  -3.416   0.034   0.472   0.830   0.000 -1O000M000t
00133 VAL01A0069_001 f 0.00  0.000     0  0.00  0  0   0.116   1.120   0.035   0.000   0.000   0.000 01O000M000t
00134 MET01A0070_001 f 0.00  0.000     0  0.00  0  0   0.228  -6.306   3.084  -0.145   0.099   0.000 01O000M000t
00135 ALA01A0071_001 f 0.00  0.000     0  0.00  0  0  -0.103  -1.603   0.000   0.000   0.000   0.000 01O000M000t
00136 SER01A0072_001 f 0.00  0.000     0  0.00  0  0  -0.164  -1.131   0.654   0.406   1.406   0.000 01O000M000t
00137 SER01A0072_002 f 0.00  0.000     0  0.00  0  0  -0.164  -1.131   0.279  -0.032   0.563   0.000 01O000M000t
00138 VAL01A0073_001 f 0.00  0.000     0  0.00  0  0   0.508  -1.619   0.059   0.000   0.000   0.000 01O000M000t
00139 ASP01A0074_001 f 0.00  0.000     0  0.00  0  0  -2.038   0.275   3.222   0.904   0.284   0.000 01O000M000t
00140 ASP01A0074_002 f 0.00  0.000     0  0.00  0  0  -2.038   0.275   0.502   0.228   0.681   0.000 01O000M000t
00141 ASP02A0074_003 f 0.00  0.000     0  0.00  0  0  -1.964  -0.201   3.222   0.148  -0.435   0.000 02O000M000t
00142 ASP02A0074_004 f 0.00  0.000     0  0.00  0  0  -1.964  -0.201   0.502   0.116   0.835   0.000 02O000M000t
00143 ASP-1A0074_005 f 0.00 -1.000     0  4.75  0 -1  -1.970  -0.156   0.502  -0.179   0.833   0.000 -1O000M000t
00144 ASN01A0075_001 f 0.00  0.000     0  0.00  0  0  -0.387  -0.086   1.187  -3.002   2.175   0.000 01O000M000t
00145 PRO01A0076_001 f 0.00  0.000     0  0.00  0  0  -4.998   0.723   0.000   0.000   0.000   0.000 01O000M000t
00146 HIS01A0077_001 f 0.00  0.000     0  0.00  0  0  -1.464  -7.074   0.003   1.279   2.711   0.000 01O000M000t
00147 HIS01A0077_002 f 0.00  0.000     0  0.00  0  0  -1.403  -1.399   0.003  -0.336   2.176   0.000 01R001M000t
00148 HIS02A0077_003 f 0.00  0.000     0  0.00  0  0  -1.482  -7.204   0.003  -1.014   1.695   0.000 02O000M000t
00149 HIS02A0077_004 f 0.00  0.000     0  0.00  0  0  -1.416  -1.421   0.003  -0.180   2.153   0.000 02R001M000t
00150 HIS+1A0077_005 f 0.00  1.000     0  6.98  0  1  -1.509  -7.218   0.003  -0.535   4.621   0.000 +1O000M000t
00151 HIS+1A0077_006 f 0.00  1.000     0  6.98  0  1  -1.443  -1.446   0.003   0.377   4.167   0.000 +1R001M000t
00152 VAL01A0078_001 f 0.00  0.000     0  0.00  0  0   1.082  -2.763   0.002   0.000   0.000   0.000 01O000M000t
00153 CYS01A0079_001 f 0.00  0.000     0  0.00  0  0  -0.002  -3.229   0.363  -0.189   0.969   0.000 01O000M000t
00154 CYS01A0079_002 f 0.00  0.000     0  0.00  0  0  -0.002  -3.325   0.363  -0.068   0.967   0.000 01O000M000t
00155 CYS01A0079_003 f 0.00  0.000     0  0.00  0  0  -0.002  -3.226   0.363  -0.035   0.846   0.000 01O000M000t
00156 CYS-1A0079_004 f 0.00 -1.000     0  9.10  0 -1   0.000  -3.188   0.363  -3.453  12.741   0.000 -1O000M000t
00157 ARG01A0080_001 f 0.00  0.000     0  0.00  0  0   0.393  -5.703   1.921  -0.045   1.345   0.000 01O000M000t
00158 ARG02A0080_002 f 0.00  0.000     0  0.00  0  0   0.381  -5.696   1.921  -0.459   2.193   0.000 02O000M000t
00159 ARG03A0080_003 f 0.00  0.000     0  0.00  0  0   0.372  -5.701   1.921  -0.029   2.174   0.000 03O000M000t
00160 ARG+1A0080_004 f 0.00  1.000     0 12.50  0  1   0.329  -5.724   1.921  -1.225   2.346   0.000 +1O000M000t
00161 LEU01A0081_001 f 0.00  0.000     0  0.00  0  0   1.410  -6.750   0.672   0.000   0.000   0.000 01O000M000t
00162 LEU01A0082_001 f 0.00  0.000     0  0.00  0  0   1.901   0.860   0.732   0.000   0.000   0.000 01O000M000t
00163 ILE01A0084_001 f 0.00  0.000     0  0.00  0  0   3.872  -2.862   0.502   0.000   0.000   0.000 01O000M000t
00164 CYS01A0085_001 f 0.00  0.000     0  0.00  0  0  -0.145  -3.712   0.063   0.289   0.647   0.000 01O000M000t
00165 CYS01A0085_002 f 0.00  0.000     0  0.00  0  0  -0.145  -3.806   0.063  -0.653   0.569   0.000 01O000M000t
00166 CYS01A0085_003 f 0.00  0.000     0  0.00  0  0  -0.145  -3.695   0.063  -0.093   0.823   0.000 01O000M000t
00167 CYS-1A0085_004 f 0.00 -1.000     0  9.10  0 -1  -0.143  -3.597   0.063  -1.582   8.122   0.000 -1O000M000t
00168 LEU01A0086_001 f 0.00  0.000     0  0.00  0  0  -3.223   2.620   0.469   0.000   0.000   0.000 01O000M000t
00169 THR01A0087_001 f 0.00  0.000     0  0.00  0  0  -0.243   2.557   0.654  -0.248   1.733   0.000 01O000M000t
00170 THR01A0087_002 f 0.00  0.000     0  0.00  0  0  -0.243   2.557   0.654  -2.081   1.760   0.000 01O000M000t
00171 SER01A0088_001 f 0.00  0.000     0  0.00  0  0  -4.629   0.975   0.935  -0.402  -0.240   0.000 01O000M000t
00172 THR01A0089_001 f 0.00  0.000     0  0.00  0  0   0.008  -2.695   0.416   0.456   1.099   0.000 01O000M000t
00173 THR01A0089_002 f 0.00  0.000     0  0.00  0  0   0.008  -2.695   0.041  -1.300   0.998   0.000 01O000M000t
00174 VAL01A0090_001 f 0.00  0.000     0  0.00  0  0   0.069   7.514   1.598   0.000   0.000   0.000 01O000M000t
00175 GLN01A0091_001 f 0.00  0.000     0  0.00  0  0   1.296  -4.379   0.656   0.085   1.646   0.000 01O000M000t
00176 GLN01A0091_002 f 0.00  0.000     0  0.00  0  0   0.615  -4.317   0.631  -0.126   1.759   0.000 01R001M000t
00177 LEU01A0092_001 f 0.00  0.000     0  0.00  0  0   1.853  -5.718   0.427   0.000   0.000   0.000 01O000M000t
00178 ILE01A0093_001 f 0.00  0.000     0  0.00  0  0   2.547  -4.838   1.069   0.000   0.000   0.000 01O000M000t
00179 THR01A0094_001 f 0.00  0.000     0  0.00  0  0   0.237   3.376   0.535   0.851   1.938   0.000 01O000M000t
00180 THR01A0094_002 f 0.00  0.000     0  0.00  0  0   0.237   3.376   0.535  -3.057   1.707   0.000 01O000M000t
00181 GLN01A0095_001 f 0.00  0.000     0  0.00  0  0   3.681  -3.048   0.517  -0.843   2.997   0.000 01O000M000t
00182 GLN01A0095_002 f 0.00  0.000     0  0.00  0  0   2.155  -3.066   0.515   0.924   2.524   0.000 01R001M000t
00183 LEU01A0096_001 f 0.00  0.000     0  0.00  0  0   1.655  -7.005   0.597   0.000   0.000   0.000 01O000M000t
00184 MET01A0097_001 f 0.00  0.000     0  0.00  0  0   0.235  -5.739   0.805   0.138   0.098   0.000 01O000M000t
00185 PRO01A0098_001 f 0.00  0.000     0  0.00  0  0  -2.272   1.110   0.000   0.000   0.000   0.000 01O000M000t
00186 PHE01A0099_001 f 0.00  0.000     0  0.00  0  0   1.779  -5.219   0.000   0.000   0.000   0.000 01O000M000t
00187 CYS01A0101_001 f 0.00  0.000     0  0.00  0  0  -0.002  -2.643   0.598   1.654   0.895   0.000 01O000M000t
00188 CYS01A0101_002 f 0.00  0.000     0  0.00  0  0  -0.002  -2.557   0.598  -0.480   0.917   0.000 01O000M000t
00189 CYS01A0101_003 f 0.00  0.000     0  0.00  0  0  -0.003  -2.461   0.598  -0.950   0.461   0.000 01O000M000t
00190 CYS-1A0101_004 f 0.00 -1.000     0  9.10  0 -1   0.000  -2.393   0.598  -6.624   7.925   0.000 -1O000M000t
00191 LEU01A0102_001 f 0.00  0.000     0  0.00  0  0   2.232  -4.960   0.395   0.000   0.000   0.000 01O000M000t
00192 LEU01A0103_001 f 0.00  0.000     0  0.00  0  0   0.448  -3.829   0.463   0.000   0.000   0.000 01O000M000t
00193 ASP01A0104_001 f 0.00  0.000     0  0.00  0  0  -0.786  -1.143   2.745   0.048   0.201   0.000 01O000M000t
00194 ASP01A0104_002 f 0.00  0.000     0  0.00  0  0  -0.786  -1.143   0.025   0.156   1.694   0.000 01O000M000t
00195 ASP02A0104_003 f 0.00  0.000     0  0.00  0  0  -0.834  -0.623   2.745   1.174   1.616   0.000 02O000M000t
00196 ASP02A0104_004 f 0.00  0.000     0  0.00  0  0  -0.834  -0.623   0.025   0.220   1.508   0.000 02O000M000t
00197 ASP-1A0104_005 f 0.00 -1.000     0  4.75  0 -1  -0.830  -1.087   0.025  -2.041   3.428   0.000 -1O000M000t
00198 TYR01A0105_001 f 0.00  0.000     0  0.00  0  0   3.554  -5.551   0.013   0.232   2.437   0.000 01O000M000t
00199 TYR-1A0105_002 f 0.00 -1.000     0 10.20  0 -1   3.554  -5.551   0.013  -1.536  10.862   0.000 -1O000M000t
00200 VAL01A0106_001 f 0.00  0.000     0  0.00  0  0   0.916   0.209   0.008   0.000   0.000   0.000 01O000M000t
00201 ARG01A0107_001 f 0.00  0.000     0  0.00  0  0  -3.609  -6.418   0.861   0.002   1.857   0.000 01O000M000t
00202 ARG02A0107_002 f 0.00  0.000     0  0.00  0  0  -3.593  -6.515   0.861  -0.987   2.095   0.000 02O000M000t
00203 ARG03A0107_003 f 0.00  0.000     0  0.00  0  0  -3.652  -6.406   0.861  -0.124   2.211   0.000 03O000M000t
00204 ARG+1A0107_004 f 0.00  1.000     0 12.50  0  1  -3.695  -6.527   0.861  -1.703   2.823   0.000 +1O000M000t
00205 GLU01A0108_001 f 0.00  0.000     0  0.00  0  0  -3.258  -3.133   3.607   0.231  -0.320   0.000 01O000M000t
00206 GLU01A0108_002 f 0.00  0.000     0  0.00  0  0  -3.258  -3.133   0.887   0.126   0.570   0.000 01O000M000t
00207 GLU02A0108_003 f 0.00  0.000     0  0.00  0  0  -3.368  -3.194   3.607   0.016  -0.321   0.000 02O000M000t
00208 GLU02A0108_004 f 0.00  0.000     0  0.00  0  0  -3.368  -3.194   0.887   0.070   0.564   0.000 02O000M000t
00209 GLU-1A0108_005 f 0.00 -1.000     0  4.75  0 -1  -3.339  -3.158   0.887   0.168   0.332   0.000 -1O000M000t
00210 HIS01A0109_001 f 0.00  0.000     0  0.00  0  0  -3.340  -1.252   0.013   0.711   2.412   0.000 01O000M000t
00211 HIS01A0109_002 f 0.00  0.000     0  0.00  0  0  -3.186   2.061   0.013  -0.037   1.109   0.000 01R001M000t
00212 HIS02A0109_003 f 0.00  0.000     0  0.00  0  0  -3.359  -1.409   0.013  -0.816   1.888   0.000 02O000M000t
00213 HIS02A0109_004 f 0.00  0.000     0  0.00  0  0  -3.200   2.055   0.013  -0.288   1.473   0.000 02R001M000t
00214 HIS+1A0109_005 f 0.00  1.000     0  6.98  0  1  -3.385  -1.415   0.013  -1.190   3.410   0.000 +1O000M000t
00215 HIS+1A0109_006 f 0.00  1.000     0  6.98  0  1  -3.226   2.039   0.013  -0.477   1.938   0.000 +1R001M000t
00216 LYS01A0110_001 f 0.00  0.000     0  0.00  0  0  -5.594   0.297   3.482   0.055   0.004   0.000 01O000M000t
00217 LYS+1A0110_002 f 0.00  1.000     0 10.40  0  1  -5.638   0.291   3.482  -0.463   0.133   0.000 +1O000M000t
00218 ASP01A0111_001 f 0.00  0.000     0  0.00  0  0  -3.039  -0.018   3.742   0.424  -0.502   0.000 01O000M000t
00219 ASP01A0111_002 f 0.00  0.000     0  0.00  0  0  -3.039  -0.018   1.022   0.331   0.577   0.000 01O000M000t
00220 ASP02A0111_003 f 0.00  0.000     0  0.00  0  0  -3.009  -0.322   3.742   0.334  -0.409   0.000 02O000M000t
00221 ASP02A0111_004 f 0.00  0.000     0  0.00  0  0  -3.009  -0.322   1.022   0.290   0.418   0.000 02O000M000t
00222 ASP-1A0111_005 f 0.00 -1.000     0  4.75  0 -1  -3.058  -0.280   1.022  -0.277   0.739   0.000 -1O000M000t
00223 ASN01A0112_001 f 0.00  0.000     0  0.00  0  0  -1.248  -2.084   0.591   0.944   1.265   0.000 01O000M000t
00224 ASN01A0112_002 f 0.00  0.000     0  0.00  0  0  -1.278  -1.975   0.581  -0.639   1.196   0.000 01R001M000t
00225 ILE01A0113_001 f 0.00  0.000     0  0.00  0  0   1.834  -3.992   0.652   0.000   0.000   0.000 01O000M000t
00226 SER01A0115_001 f 0.00  0.000     0  0.00  0  0  -0.060  -2.953   0.583   0.031   1.315   0.000 01O000M000t
00227 SER01A0115_002 f 0.00  0.000     0  0.00  0  0  -0.060  -2.953   0.583   0.321   1.699   0.000 01O000M000t
00228 GLN01A0116_001 f 0.00  0.000     0  0.00  0  0  -1.434  -1.051   1.522  -1.234   1.230   0.000 01O000M000t
00229 TYR01A0117_001 f 0.00  0.000     0  0.00  0  0   2.852  -5.166   1.140   0.628   1.722   0.000 01O000M000t
00230 TYR01A0117_002 f 0.00  0.000     0  0.00  0  0   2.852  -5.166   1.140   0.131   1.079   0.000 01O000M000t
00231 TYR-1A0117_003 f 0.00 -1.000     0 10.20  0 -1   2.852  -5.166   1.140  -0.801   3.907   0.000 -1O000M000t
00232 LEU01A0118_001 f 0.00  0.000     0  0.00  0  0   2.026  -4.594   0.710   0.000   0.000   0.000 01O000M000t
00233 LEU01A0119_001 f 0.00  0.000     0  0.00  0  0   1.022  -6.996   0.579   0.000   0.000   0.000 01O000M000t
00234 ASN01A0120_001 f 0.00  0.000     0  0.00  0  0  -1.330   0.841   0.939   0.305   1.110   0.000 01O000M000t
00235 ASN01A0120_002 f 0.00  0.000     0  0.00  0  0  -1.268  -1.277   0.938   0.169   0.677   0.000 01R001M000t
00236 TRP01A0121_001 f 0.00  0.000     0  0.00  0  0   2.558  -7.070   0.051   0.000   0.000   0.000 01O000M000t
00237 CYS01A0122_001 f 0.00  0.000     0  0.00  0  0  -0.002  -2.829   0.026   0.163   0.976   0.000 01O000M000t
00238 CYS01A0122_002 f 0.00  0.000     0  0.00  0  0  -0.002  -2.909   0.026  -0.922   0.993   0.000 01O000M000t
00239 CYS01A0122_003 f 0.00  0.000     0  0.00  0  0  -0.003  -2.809   0.026  -0.078   0.992   0.000 01O000M000t
00240 CYS-1A0122_004 f 0.00 -1.000     0  9.10  0 -1   0.000  -2.775   0.026  -2.892  14.834   0.000 -1O000M000t
00241 VAL01A0123_001 f 0.00  0.000     0  0.00  0  0  -0.185   6.114   0.019   0.000   0.000   0.000 01O000M000t
00242 GLN01A0124_001 f 0.00  0.000     0  0.00  0  0   0.579  -1.805   0.249  -2.868   2.212   0.000 01O000M000t
00243 ILE01A0125_001 f 0.00  0.000     0  0.00  0  0   1.826  -2.089   0.545   0.000   0.000   0.000 01O000M000t
00244 ALA01A0126_001 f 0.00  0.000     0  0.00  0  0   0.000  -3.088   0.000   0.000   0.000   0.000 01O000M000t
00245 LYS01A0127_001 f 0.00  0.000     0  0.00  0  0  -3.446  -2.050   2.575   0.013   0.266   0.000 01O000M000t
00246 LYS+1A0127_002 f 0.00  1.000     0 10.40  0  1  -3.494  -2.060   2.575  -0.052   0.979   0.000 +1O000M000t
00247 MET01A0129_001 f 0.00  0.000     0  0.00  0  0   0.463  -3.811   0.446  -0.003   0.098   0.000 01O000M000t
00248 ASN01A0130_001 f 0.00  0.000     0  0.00  0  0  -0.766  -4.552   0.919  -0.159   0.704   0.000 01O000M000t
00249 ASN01A0130_002 f 0.00  0.000     0  0.00  0  0  -0.788  -4.404   0.902   0.938   0.633   0.000 01R001M000t
00250 TYR01A0131_001 f 0.00  0.000     0  0.00  0  0   2.242  -5.272   0.185  -1.084   1.341   0.000 01O000M000t
00251 TYR01A0131_002 f 0.00  0.000     0  0.00  0  0   2.242  -5.272   0.185   1.364   1.637   0.000 01O000M000t
00252 TYR-1A0131_003 f 0.00 -1.000     0 10.20  0 -1   2.242  -5.272   0.185  -2.687   6.668   0.000 -1O000M000t
00253 LEU01A0132_001 f 0.00  0.000     0  0.00  0  0   1.641  -4.103   0.423   0.000   0.000   0.000 01O000M000t
00254 GLU01A0133_001 f 0.00  0.000     0  0.00  0  0   1.584  -3.602   4.649  -0.573   0.798   0.000 01O000M000t
00255 GLU01A0133_002 f 0.00  0.000     0  0.00  0  0   1.584  -3.602   1.929  -0.198   2.475   0.000 01O000M000t
00256 GLU02A0133_003 f 0.00  0.000     0  0.00  0  0   2.277  -3.646   4.649   0.404   1.504   0.000 02O000M000t
00257 GLU02A0133_004 f 0.00  0.000     0  0.00  0  0   2.277  -3.646   1.929   0.471   2.109   0.000 02O000M000t
00258 GLU-1A0133_005 f 0.00 -1.000     0  4.75  0 -1   1.563  -3.565   1.929  -2.297   5.069   0.000 -1O000M000t
00259 ASP01A0134_001 f 0.00  0.000     0  0.00  0  0  -2.102  -1.818   3.003   0.088  -0.281   0.000 01O000M000t
00260 ASP01A0134_002 f 0.00  0.000     0  0.00  0  0  -2.102  -1.818   0.283   0.116   0.721   0.000 01O000M000t
00261 ASP02A0134_003 f 0.00  0.000     0  0.00  0  0  -2.204  -1.271   3.003   0.568   0.274   0.000 02O000M000t
00262 ASP02A0134_004 f 0.00  0.000     0  0.00  0  0  -2.204  -1.271   0.283   0.298   0.916   0.000 02O000M000t
00263 ASP-1A0134_005 f 0.00 -1.000     0  4.75  0 -1  -2.095  -1.734   0.283  -0.084   1.741   0.000 -1O000M000t
00264 ARG01A0135_001 f 0.00  0.000     0  0.00  0  0   0.714  -2.935   1.120  -0.547   1.019   0.000 01O000M000t
00265 ARG02A0135_002 f 0.00  0.000     0  0.00  0  0   0.675  -2.971   1.120  -0.691   2.007   0.000 02O000M000t
00266 ARG03A0135_003 f 0.00  0.000     0  0.00  0  0   0.674  -2.896   1.120   0.315   1.731   0.000 03O000M000t
00267 ARG+1A0135_004 f 0.00  1.000     0 12.50  0  1   0.628  -2.983   1.120  -1.335   3.008   0.000 +1O000M000t
00268 ARG01A0136_001 f 0.00  0.000     0  0.00  0  0  -6.432   3.462   1.340   0.054   0.157   0.000 01O000M000t
00269 ARG02A0136_002 f 0.00  0.000     0  0.00  0  0  -6.476   3.443   1.340  -0.078   1.235   0.000 02O000M000t
00270 ARG03A0136_003 f 0.00  0.000     0  0.00  0  0  -6.481   3.441   1.340  -0.078   1.239   0.000 03O000M000t
00271 ARG+1A0136_004 f 0.00  1.000     0 12.50  0  1  -6.519   3.438   1.340  -0.288   0.347   0.000 +1O000M000t
00272 LEU01A0137_001 f 0.00  0.000     0  0.00  0  0   1.367  -5.293   0.901   0.000   0.000   0.000 01O000M000t
00273 VAL01A0138_001 f 0.00  0.000     0  0.00  0  0   0.961  -6.225   0.100   0.000   0.000   0.000 01O000M000t
00274 HIS01A0139_001 f 0.00  0.000     0  0.00  0  0  -0.184  -4.654   0.008  -3.315   3.907   0.000 01O000M000t
00275 HIS02A0139_002 f 0.00  0.000     0  0.00  0  0  -0.201  -4.226   0.008   5.318   3.928   0.000 02O000M000t
00276 HIS+1A0139_003 f 0.00  1.000     0  6.98  0  1  -0.228  -4.349   0.008   4.951  11.343   0.000 +1O000M000t
00277 ARG01A0140_001 f 0.00  0.000     0  0.00  0  0   2.625  32.590   3.049  -1.921   2.652   0.000 01O000M000t
00278 ARG02A0140_002 f 0.00  0.000     0  0.00  0  0   2.601  32.585   3.049  -1.488   3.424   0.000 02O000M000t
00279 ARG03A0140_003 f 0.00  0.000     0  0.00  0  0   2.608  32.692   3.049  -1.814   3.584   0.000 03O000M000t
00280 ARG03A0140_004 f 0.00  0.000     0  0.00  0  0   2.708  26.894   3.049   2.016   3.559   0.000 03O000M000t
00281 ARG+1A0140_005 f 0.00  1.000     0 12.50  0  1   2.557  32.576   3.049  -2.944   4.254   0.000 +1O000M000t
00282 ASP01A0141_001 f 0.00  0.000     0  0.00  0  0  -0.461   1.654   3.087   0.502   1.448   0.000 01O000M000t
00283 ASP01A0141_002 f 0.00  0.000     0  0.00  0  0  -0.461   1.654   0.367  -0.120   1.554   0.000 01O000M000t
00284 ASP02A0141_003 f 0.00  0.000     0  0.00  0  0  -0.462   1.073   3.087  -0.142   1.167   0.000 02O000M000t
00285 ASP02A0141_004 f 0.00  0.000     0  0.00  0  0  -0.462   1.073   0.367  -0.055   1.995   0.000 02O000M000t
00286 ASP-1A0141_005 f 0.00 -1.000     0  4.75  0 -1  -0.466   1.139   0.367  -0.295   5.821   0.000 -1O000M000t
00287 LEU01A0142_001 f 0.00  0.000     0  0.00  0  0   1.640  -2.674   0.435   0.000   0.000   0.000 01O000M000t
00288 ALA01A0143_001 f 0.00  0.000     0  0.00  0  0   0.000  -0.668   0.000   0.000   0.000   0.000 01O000M000t
00289 ALA01A0144_001 f 0.00  0.000     0  0.00  0  0   0.000  -1.678   0.000   0.000   0.000   0.000 01O000M000t
00290 ARG01A0145_001 f 0.00  0.000     0  0.00  0  0  -1.081  -2.516   2.831  -0.208   2.185   0.000 01O000M000t
00291 ARG02A0145_002 f 0.00  0.000     0  0.00  0  0  -1.115  -2.510   2.831  -0.149   3.256   0.000 02O000M000t
00292 ARG02A0145_003 f 0.00  0.000     0  0.00  0  0  -1.046  -2.515   2.831  -0.214   3.167   0.000 02O000M000t
00293 ARG03A0145_004 f 0.00  0.000     0  0.00  0  0  -1.122  -2.509   2.831  -0.364   3.110   0.000 03O000M000t
00294 ARG+1A0145_005 f 0.00  1.000     0 12.50  0  1  -1.162  -2.528   2.831   1.893   4.137   0.000 +1O000M000t
00295 ASN01A0146_001 f 0.00  0.000     0  0.00  0  0  -0.077   3.077   0.452  -2.073   1.915   0.000 01O000M000t
00296 ASN01A0146_002 f 0.00  0.000     0  0.00  0  0  -0.324   0.569   0.475   1.472   2.036   0.000 01R001M000t
00297 VAL01A0147_001 f 0.00  0.000     0  0.00  0  0   0.657  -3.234   0.018   0.000   0.000   0.000 01O000M000t
00298 LEU01A0148_001 f 0.00  0.000     0  0.00  0  0   2.312  -3.455   0.830   0.000   0.000   0.000 01O000M000t
00299 VAL01A0149_001 f 0.00  0.000     0  0.00  0  0   0.552  -2.583   0.060   0.000   0.000   0.000 01O000M000t
00300 LYS01A0150_001 f 0.00  0.000     0  0.00  0  0  -0.170  -1.997   1.286  -0.093   0.600   0.000 01O000M000t
00301 LYS+1A0150_002 f 0.00  1.000     0 10.40  0  1  -0.214  -2.003   1.286   1.085   2.314   0.000 +1O000M000t
00302 THR01A0151_001 f 0.00  0.000     0  0.00  0  0  -0.853  -0.304   0.642  -0.767   1.698   0.000 01O000M000t
00303 PRO01A0152_001 f 0.00  0.000     0  0.00  0  0   0.309  -1.803   0.000   0.000   0.000   0.000 01O000M000t
00304 GLN01A0153_001 f 0.00  0.000     0  0.00  0  0  -1.219  -2.230   2.563  -1.258   1.889   0.000 01O000M000t
00305 GLN01A0153_002 f 0.00  0.000     0  0.00  0  0  -1.160  -2.237   2.543   1.302   1.661   0.000 01R001M000t
00306 HIS01A0154_001 f 0.00  0.000     0  0.00  0  0  -2.274   8.234   0.445  -0.554   2.520   0.000 01O000M000t
00307 HIS01A0154_002 f 0.00  0.000     0  0.00  0  0  -2.398   2.131   0.445  -1.415   2.246   0.000 01R001M000t
00308 HIS02A0154_003 f 0.00  0.000     0  0.00  0  0  -2.288   8.016   0.445  -0.158   2.327   0.000 02O000M000t
00309 HIS02A0154_004 f 0.00  0.000     0  0.00  0  0  -2.412   2.166   0.445   1.836   2.308   0.000 02R001M000t
00310 HIS+1A0154_005 f 0.00  1.000     0  6.98  0  1  -2.315   7.999   0.445   0.311   4.653   0.000 +1O000M000t
00311 HIS+1A0154_006 f 0.00  1.000     0  6.98  0  1  -2.438   2.119   0.445  -1.465   4.802   0.000 +1R001M000t
00312 VAL01A0155_001 f 0.00  0.000     0  0.00  0  0   0.695  -4.497   0.044   0.000   0.000   0.000 01O000M000t
00313 LYS01A0156_001 f 0.00  0.000     0  0.00  0  0   1.213  -6.405   2.258   0.214   0.850   0.000 01O000M000t
00314 LYS+1A0156_002 f 0.00  1.000     0 10.40  0  1   1.165  -6.434   2.258  -0.131   5.678   0.000 +1O000M000t
00315 ILE01A0157_001 f 0.00  0.000     0  0.00  0  0   1.544   1.072   0.507   0.000   0.000   0.000 01O000M000t
00316 THR01A0158_001 f 0.00  0.000     0  0.00  0  0   0.234  11.470   1.196   3.206   1.836   0.000 01O000M000t
00317 THR01A0158_002 f 0.00  0.000     0  0.00  0  0   0.234  11.470   1.196  -1.023   1.810   0.000 01O000M000t
00318 ASP01A0159_001 f 0.00  0.000     0  0.00  0  0  -0.646   3.165   6.492   0.317   0.397   0.000 01O000M000t
00319 ASP01A0159_002 f 0.00  0.000     0  0.00  0  0  -0.646   3.165   3.772   0.159   0.971   0.000 01O000M000t
00320 ASP02A0159_003 f 0.00  0.000     0  0.00  0  0  -0.597   3.199   6.492   0.890   1.027   0.000 02O000M000t
00321 ASP02A0159_004 f 0.00  0.000     0  0.00  0  0  -0.597   3.199   3.772   0.245   0.935   0.000 02O000M000t
00322 ASP-1A0159_005 f 0.00 -1.000     0  4.75  0 -1  -0.703   3.211   3.772  -2.121   2.972   0.000 -1O000M000t
00323 PHE01A0160_001 f 0.00  0.000     0  0.00  0  0   4.205  -7.699   0.009   0.000   0.000   0.000 01O000M000t
00324 ARG01A0162_001 f 0.00  0.000     0  0.00  0  0  -0.128  -3.315   0.758   0.372   2.893   0.000 01O000M000t
00325 ARG02A0162_002 f 0.00  0.000     0  0.00  0  0  -0.198  -3.290   0.758   0.240   3.839   0.000 02O000M000t
00326 ARG03A0162_003 f 0.00  0.000     0  0.00  0  0  -0.203  -3.321   0.758   0.353   3.731   0.000 03O000M000t
00327 ARG03A0162_004 f 0.00  0.000     0  0.00  0  0  -0.197  -3.325   0.758   0.441   3.715   0.000 03O000M000t
00328 ARG+1A0162_005 f 0.00  1.000     0 12.50  0  1  -0.242  -3.333   0.758  -0.035   4.740   0.000 +1O000M000t
00329 ALA01A0163_001 f 0.00  0.000     0  0.00  0  0   0.000  -2.379   0.000   0.000   0.000   0.000 01O000M000t
00330 LYS01A0164_001 f 0.00  0.000     0  0.00  0  0  -2.722  -2.283   1.280   0.091   0.447   0.000 01O000M000t
00331 LYS+1A0164_002 f 0.00  1.000     0 10.40  0  1  -2.759  -2.306   1.280  -0.235   2.856   0.000 +1O000M000t
00332 LEU01A0165_001 f 0.00  0.000     0  0.00  0  0  -3.018  -2.855   0.864   0.000   0.000   0.000 01O000M000t
00333 LEU01A0166_001 f 0.00  0.000     0  0.00  0  0  -2.940  -3.781   0.468   0.000   0.000   0.000 01O000M000t
00334 ALA01A0168_001 f 0.00  0.000     0  0.00  0  0  -1.613  -0.035   0.000   0.000   0.000   0.000 01O000M000t
00335 GLU01A0169_001 f 0.00  0.000     0  0.00  0  0   0.785 999.000   7.826   0.619   0.573   0.000 01O000M000t
00336 GLU01A0169_002 f 0.00  0.000     0  0.00  0  0   0.785 999.000   5.106   0.257   0.904   0.000 01O000M000t
00337 GLU02A0169_003 f 0.00  0.000     0  0.00  0  0   1.671 999.000   7.826  -0.427   0.354   0.000 02O000M000t
00338 GLU02A0169_004 f 0.00  0.000     0  0.00  0  0   1.671 999.000   5.106   0.100   0.944   0.000 02O000M000t
00339 GLU-1A0169_005 f 0.00 -1.000     0  4.75  0 -1   0.847 999.000   5.106   0.376   1.608   0.000 -1O000M000t
00340 GLU01A0170_001 f 0.00  0.000     0  0.00  0  0 999.000 843.387   6.619   0.197   0.781   0.000 01O000M000t
00341 GLU01A0170_002 f 0.00  0.000     0  0.00  0  0 999.000 843.387   3.899   0.219   0.915   0.000 01O000M000t
00342 GLU02A0170_003 f 0.00  0.000     0  0.00  0  0 999.000 843.455   6.619  -0.533   0.782   0.000 02O000M000t
00343 GLU02A0170_004 f 0.00  0.000     0  0.00  0  0 999.000 843.455   3.899   0.180   1.100   0.000 02O000M000t
00344 GLU-1A0170_005 f 0.00 -1.000     0  4.75  0 -1 999.000 843.442   3.899   0.121   1.796   0.000 -1O000M000t
00345 LYS01A0171_001 f 0.00  0.000     0  0.00  0  0  -6.731   9.714   4.271   0.172   0.207   0.000 01O000M000t
00346 LYS+1A0171_002 f 0.00  1.000     0 10.40  0  1  -6.778   9.679   4.271  -0.552   0.769   0.000 +1O000M000t
00347 GLU01A0172_001 f 0.00  0.000     0  0.00  0  0  -1.536  -1.822   7.240  -0.504   0.078   0.000 01O000M000t
00348 GLU01A0172_002 f 0.00  0.000     0  0.00  0  0  -1.536  -1.822   4.520  -0.446   1.516   0.000 01O000M000t
00349 GLU02A0172_003 f 0.00  0.000     0  0.00  0  0  -1.380  -1.733   7.240   1.764   1.451   0.000 02O000M000t
00350 GLU02A0172_004 f 0.00  0.000     0  0.00  0  0  -1.380  -1.733   4.520  -0.150   1.249   0.000 02O000M000t
00351 GLU-1A0172_005 f 0.00 -1.000     0  4.75  0 -1  -1.502  -1.787   4.520  -1.084   2.897   0.000 -1O000M000t
00352 TYR01A0173_001 f 0.00  0.000     0  0.00  0  0   0.339  31.835   2.705   0.458   0.250   0.000 01O000M000t
00353 TYR-1A0173_002 f 0.00 -1.000     0 10.20  0 -1   0.339  31.835   2.705   0.633  -0.316   0.000 -1O000M000t
00354 HIS01A0174_001 f 0.00  0.000     0  0.00  0  0  -5.440 147.618   0.288  -2.027   1.203   0.000 01O000M000t
00355 HIS02A0174_002 f 0.00  0.000     0  0.00  0  0  -5.450 999.000   0.288   6.689   1.597   0.000 02O000M000t
00356 HIS+1A0174_003 f 0.00  1.000     0  6.98  0  1  -5.478 999.000   0.288   8.420   2.510   0.000 +1O000M000t
00357 ALA01A0175_001 f 0.00  0.000     0  0.00  0  0  -3.741   0.159   0.000   0.000   0.000   0.000 01O000M000t
00358 GLU01A0176_001 f 0.00  0.000     0  0.00  0  0   4.097 776.275   7.034   0.528   0.040   0.000 01O000M000t
00359 GLU01A0176_002 f 0.00  0.000     0  0.00  0  0   4.097 776.275   4.314   0.579   2.013   0.000 01O000M000t
00360 GLU02A0176_003 f 0.00  0.000     0  0.00  0  0   5.413 777.929   7.034  -0.531   1.058   0.000 02O000M000t
00361 GLU02A0176_004 f 0.00  0.000     0  0.00  0  0   5.413 777.929   4.314   0.373   1.670   0.000 02O000M000t
00362 GLU-1A0176_005 f 0.00 -1.000     0  4.75  0 -1   4.070 776.328   4.314   1.448   3.208   0.000 -1O000M000t
00363 LYS01A0179_001 f 0.00  0.000     0  0.00  0  0  57.317  -1.669   4.932   0.046   0.398   0.000 01O000M000t
00364 LYS+1A0179_002 f 0.00  1.000     0 10.40  0  1  57.855  -1.696   4.932   0.851   1.836   0.000 +1O000M000t
00365 VAL01A0180_001 f 0.00  0.000     0  0.00  0  0  -1.215 487.168   0.272   0.000   0.000   0.000 01O000M000t
00366 PRO01A0181_001 f 0.00  0.000     0  0.00  0  0  -0.590   0.820   0.000   0.000   0.000   0.000 01O000M000t
00367 ILE01A0182_001 f 0.00  0.000     0  0.00  0  0  -0.058  -1.986   1.136   0.000   0.000   0.000 01O000M000t
00368 LYS01A0183_001 f 0.00  0.000     0  0.00  0  0  -1.471  -0.113   1.115   0.316   0.655   0.000 01O000M000t
00369 LYS+1A0183_002 f 0.00  1.000     0 10.40  0  1  -1.509  -0.177   1.115  -4.107   4.024   0.000 +1O000M000t
00370 TRP01A0184_001 f 0.00  0.000     0  0.00  0  0   0.739  -8.245   0.515   0.000   0.000   0.000 01O000M000t
00371 MET01A0185_001 f 0.00  0.000     0  0.00  0  0  -0.156  -3.244   1.635   0.088   0.089   0.000 01O000M000t
00372 ALA01A0186_001 f 0.00  0.000     0  0.00  0  0   0.000  -1.847   0.000   0.000   0.000   0.000 01O000M000t
00373 LEU01A0187_001 f 0.00  0.000     0  0.00  0  0   1.480  -3.758   0.979   0.000   0.000   0.000 01O000M000t
00374 GLU01A0188_001 f 0.00  0.000     0  0.00  0  0   0.382  -3.419   6.667  -0.891   1.701   0.000 01O000M000t
00375 GLU01A0188_002 f 0.00  0.000     0  0.00  0  0   0.382  -3.419   3.947  -0.206   2.793   0.000 01O000M000t
00376 GLU02A0188_003 f 0.00  0.000     0  0.00  0  0   0.404  -3.125   6.667   0.733   1.821   0.000 02O000M000t
00377 GLU02A0188_004 f 0.00  0.000     0  0.00  0  0   0.404  -3.125   3.947   0.181   2.943   0.000 02O000M000t
00378 GLU-1A0188_005 f 0.00 -1.000     0  4.75  0 -1   0.267  -3.283   3.947  -5.579  10.547   0.000 -1O000M000t
00379 SER01A0189_001 f 0.00  0.000     0  0.00  0  0   0.000  -1.183   0.613  -2.824   1.733   0.000 01O000M000t
00380 SER01A0189_002 f 0.00  0.000     0  0.00  0  0   0.000  -1.183   0.613   1.240   1.746   0.000 01O000M000t
00381 SER01A0189_003 f 0.00  0.000     0  0.00  0  0   0.000  -1.183   0.238   0.375   1.219   0.000 01O000M000t
00382 ILE01A0190_001 f 0.00  0.000     0  0.00  0  0   2.589  -3.448   0.417   0.000   0.000   0.000 01O000M000t
00383 LEU01A0191_001 f 0.00  0.000     0  0.00  0  0  -0.803  -4.098   0.473   0.000   0.000   0.000 01O000M000t
00384 HIS01A0192_001 f 0.00  0.000     0  0.00  0  0  -5.854   1.689   0.015  -0.306   1.465   0.000 01O000M000t
00385 HIS02A0192_002 f 0.00  0.000     0  0.00  0  0  -5.871   1.471   0.015   1.175   1.604   0.000 02O000M000t
00386 HIS+1A0192_003 f 0.00  1.000     0  6.98  0  1  -5.897   1.465   0.015   1.743   2.533   0.000 +1O000M000t
00387 ARG01A0193_001 f 0.00  0.000     0  0.00  0  0  -1.312  -1.575   1.065   0.369   2.235   0.000 01O000M000t
00388 ARG02A0193_002 f 0.00  0.000     0  0.00  0  0  -1.302  -1.574   1.065   0.450   3.053   0.000 02O000M000t
00389 ARG03A0193_003 f 0.00  0.000     0  0.00  0  0  -1.364  -1.497   1.065  -0.197   3.093   0.000 03O000M000t
00390 ARG03A0193_004 f 0.00  0.000     0  0.00  0  0  -1.359  -1.563   1.065   0.372   3.124   0.000 03O000M000t
00391 ARG+1A0193_005 f 0.00  1.000     0 12.50  0  1  -1.402  -1.587   1.065   0.333   3.637   0.000 +1O000M000t
00392 ILE01A0194_001 f 0.00  0.000     0  0.00  0  0  -3.502  -2.454   0.531   0.000   0.000   0.000 01O000M000t
00393 TYR01A0195_001 f 0.00  0.000     0  0.00  0  0   2.487  -6.386   0.287   0.614   1.815   0.000 01O000M000t
00394 TYR01A0195_002 f 0.00  0.000     0  0.00  0  0   2.487  -6.386   0.287   0.334   1.649   0.000 01O000M000t
00395 TYR-1A0195_003 f 0.00 -1.000     0 10.20  0 -1   2.487  -6.386   0.287  -0.313   7.005   0.000 -1O000M000t
00396 THR01A0196_001 f 0.00  0.000     0  0.00  0  0  -1.461   1.846   1.218   2.963   1.344   0.000 01O000M000t
00397 THR01A0196_002 f 0.00  0.000     0  0.00  0  0  -1.461   1.846   1.218  -0.820   0.698   0.000 01O000M000t
00398 HIS01A0197_001 f 0.00  0.000     0  0.00  0  0  -0.768  -6.782   0.005   0.020   2.466   0.000 01O000M000t
00399 HIS01A0197_002 f 0.00  0.000     0  0.00  0  0  -0.651  -7.184   0.005   0.418   2.629   0.000 01R001M000t
00400 HIS02A0197_003 f 0.00  0.000     0  0.00  0  0  -0.784  -6.849   0.005   0.276   2.270   0.000 02O000M000t
00401 HIS02A0197_004 f 0.00  0.000     0  0.00  0  0  -0.666  -6.973   0.005   0.109   2.588   0.000 02R001M000t
00402 HIS+1A0197_005 f 0.00  1.000     0  6.98  0  1  -0.811  -6.900   0.005   2.758   5.061   0.000 +1O000M000t
00403 HIS+1A0197_006 f 0.00  1.000     0  6.98  0  1  -0.692  -7.206   0.005   2.698   5.494   0.000 +1R001M000t
00404 GLN01A0198_001 f 0.00  0.000     0  0.00  0  0   0.299  -5.530   1.543  -2.377   2.963   0.000 01O000M000t
00405 GLN01A0198_002 f 0.00  0.000     0  0.00  0  0   0.247  -5.210   1.529   2.123   2.643   0.000 01R001M000t
00406 SER01A0199_001 f 0.00  0.000     0  0.00  0  0   0.000   0.276   0.505   1.855   1.758   0.000 01O000M000t
00407 ASP01A0200_001 f 0.00  0.000     0  0.00  0  0   0.059   6.076   4.174  -1.777   1.704   0.000 01O000M000t
00408 ASP01A0200_002 f 0.00  0.000     0  0.00  0  0   0.059   6.076   1.454   1.951   2.581   0.000 01O000M000t
00409 ASP02A0200_003 f 0.00  0.000     0  0.00  0  0   0.126   6.240   4.174  -2.020   1.775   0.000 02O000M000t
00410 ASP02A0200_004 f 0.00  0.000     0  0.00  0  0   0.126 999.000   1.454   4.276   2.639   0.000 02O000M000t
00411 ASP-1A0200_005 f 0.00 -1.000     0  4.75  0 -1   0.056   5.489   1.454  -9.802  11.543   0.000 -1O000M000t
00412 VAL01A0201_001 f 0.00  0.000     0  0.00  0  0   0.304  -0.933   0.621   0.000   0.000   0.000 01O000M000t
00413 TRP01A0202_001 f 0.00  0.000     0  0.00  0  0   2.673 -10.460   0.026   0.000   0.000   0.000 01O000M000t
00414 SER01A0203_001 f 0.00  0.000     0  0.00  0  0  -0.241   2.554   0.506  -3.732   1.422   0.000 01O000M000t
00415 SER01A0203_002 f 0.00  0.000     0  0.00  0  0  -0.241   2.554   0.131   0.821   0.693   0.000 01O000M000t
00416 TYR01A0204_001 f 0.00  0.000     0  0.00  0  0   3.541  -4.178   0.000   0.613   2.542   0.000 01O000M000t
00417 TYR01A0204_002 f 0.00  0.000     0  0.00  0  0   3.541  -4.178   0.000  -1.174   2.534   0.000 01O000M000t
00418 TYR-1A0204_003 f 0.00 -1.000     0 10.20  0 -1   3.541  -4.178   0.000  -1.184  14.435   0.000 -1O000M000t
00419 VAL01A0206_001 f 0.00  0.000     0  0.00  0  0   0.597   4.473   0.208   0.000   0.000   0.000 01O000M000t
00420 THR01A0207_001 f 0.00  0.000     0  0.00  0  0   0.168  -4.377   0.440   0.891   1.979   0.000 01O000M000t
00421 THR01A0207_002 f 0.00  0.000     0  0.00  0  0   0.168  -4.377   0.440  -2.478   1.988   0.000 01O000M000t
00422 THR01A0207_003 f 0.00  0.000     0  0.00  0  0   0.168  -4.377   0.065   0.247   1.987   0.000 01O000M000t
00423 VAL01A0208_001 f 0.00  0.000     0  0.00  0  0   0.643  -0.848   0.633   0.000   0.000   0.000 01O000M000t
00424 TRP01A0209_001 f 0.00  0.000     0  0.00  0  0   1.275 -11.205   0.042   0.000   0.000   0.000 01O000M000t
00425 GLU01A0210_001 f 0.00  0.000     0  0.00  0  0   0.409  -5.862   3.928  -2.446   2.272   0.000 01O000M000t
00426 GLU01A0210_002 f 0.00  0.000     0  0.00  0  0   0.409  -5.862   1.208  -0.421   2.945   0.000 01O000M000t
00427 GLU02A0210_003 f 0.00  0.000     0  0.00  0  0   0.398  -5.587   3.928  -1.228   2.592   0.000 02O000M000t
00428 GLU02A0210_004 f 0.00  0.000     0  0.00  0  0   0.398  -5.587   1.208   2.100   2.580   0.000 02O000M000t
00429 GLU-1A0210_005 f 0.00 -1.000     0  4.75  0 -1   0.305  -5.755   1.208  -7.403  11.818   0.000 -1O000M000t
00430 LEU01A0211_001 f 0.00  0.000     0  0.00  0  0   2.025  -5.657   0.552   0.000   0.000   0.000 01O000M000t
00431 MET01A0212_001 f 0.00  0.000     0  0.00  0  0  -0.038  -2.249   0.910  -0.009   0.099   0.000 01O000M000t
00432 THR01A0213_001 f 0.00  0.000     0  0.00  0  0  -0.279  -1.603   0.403  -1.781   1.946   0.000 01O000M000t
00433 THR01A0213_002 f 0.00  0.000     0  0.00  0  0  -0.279  -1.603   0.403   2.240   1.923   0.000 01O000M000t
00434 PHE01A0214_001 f 0.00  0.000     0  0.00  0  0   2.555  -4.876   0.010   0.000   0.000   0.000 01O000M000t
00435 SER01A0216_001 f 0.00  0.000     0  0.00  0  0  -2.126  -1.490   1.006  -0.351  -0.077   0.000 01O000M000t
00436 SER01A0216_002 f 0.00  0.000     0  0.00  0  0  -2.126  -1.490   1.006  -0.317   0.500   0.000 01O000M000t
00437 LYS01A0217_001 f 0.00  0.000     0  0.00  0  0  -5.574  -1.345   1.143  -0.007  -0.110   0.000 01O000M000t
00438 LYS+1A0217_002 f 0.00  1.000     0 10.40  0  1  -5.618  -1.347   1.143   0.192  -0.096   0.000 +1O000M000t
00439 PRO01A0218_001 f 0.00  0.000     0  0.00  0  0   0.325   1.356   0.000   0.000   0.000   0.000 01O000M000t
00440 TYR01A0219_001 f 0.00  0.000     0  0.00  0  0   3.855   0.466   0.952  -0.020   1.904   0.000 01O000M000t
00441 TYR-1A0219_002 f 0.00 -1.000     0 10.20  0 -1   3.855   0.466   0.952   1.533   9.504   0.000 -1O000M000t
00442 ASP01A0220_001 f 0.00  0.000     0  0.00  0  0  -2.675   0.981   3.820   0.064  -0.459   0.000 01O000M000t
00443 ASP01A0220_002 f 0.00  0.000     0  0.00  0  0  -2.675   0.981   1.100  -0.002   0.764   0.000 01O000M000t
00444 ASP02A0220_003 f 0.00  0.000     0  0.00  0  0  -2.698   1.912   3.820   1.452  -0.269   0.000 02O000M000t
00445 ASP02A0220_004 f 0.00  0.000     0  0.00  0  0  -2.698   1.912   1.100   0.161   0.660   0.000 02O000M000t
00446 ASP-1A0220_005 f 0.00 -1.000     0  4.75  0 -1  -2.624   1.029   1.100  -1.066   1.086   0.000 -1O000M000t
00447 ILE01A0222_001 f 0.00  0.000     0  0.00  0  0  -1.616  -1.681   0.655   0.000   0.000   0.000 01O000M000t
00448 PRO01A0223_001 f 0.00  0.000     0  0.00  0  0  -4.432  -1.266   0.000   0.000   0.000   0.000 01O000M000t
00449 ALA01A0224_001 f 0.00  0.000     0  0.00  0  0  -1.922  -0.696   0.000   0.000   0.000   0.000 01O000M000t
00450 SER01A0225_001 f 0.00  0.000     0  0.00  0  0  -4.796  -1.067   0.375   0.286   0.507   0.000 01O000M000t
00451 GLU01A0226_001 f 0.00  0.000     0  0.00  0  0  -0.941  -1.926   3.809   0.198   0.277   0.000 01O000M000t
00452 GLU01A0226_002 f 0.00  0.000     0  0.00  0  0  -0.941  -1.926   1.089   0.064   0.907   0.000 01O000M000t
00453 GLU02A0226_003 f 0.00  0.000     0  0.00  0  0  -1.169  -1.927   3.809   0.149   0.148   0.000 02O000M000t
00454 GLU02A0226_004 f 0.00  0.000     0  0.00  0  0  -1.169  -1.927   1.089   0.060   1.060   0.000 02O000M000t
00455 GLU-1A0226_005 f 0.00 -1.000     0  4.75  0 -1  -1.220  -1.878   1.089  -0.514   2.205   0.000 -1O000M000t
00456 ILE01A0227_001 f 0.00  0.000     0  0.00  0  0   3.924  -1.537   0.611   0.000   0.000   0.000 01O000M000t
00457 SER01A0228_001 f 0.00  0.000     0  0.00  0  0  -1.324  -1.310   0.740  -0.079   0.307   0.000 01O000M000t
00458 SER01A0228_002 f 0.00  0.000     0  0.00  0  0  -1.324  -1.310   0.740  -0.028   0.569   0.000 01O000M000t
00459 SER01A0229_001 f 0.00  0.000     0  0.00  0  0  -3.419   0.183   0.773  -0.005   0.442   0.000 01O000M000t
00460 SER01A0229_002 f 0.00  0.000     0  0.00  0  0  -3.419   0.183   0.398  -0.450  -0.302   0.000 01O000M000t
00461 ILE01A0230_001 f 0.00  0.000     0  0.00  0  0   3.002   0.726   0.599   0.000   0.000   0.000 01O000M000t
00462 LEU01A0231_001 f 0.00  0.000     0  0.00  0  0   1.857  -3.890   0.426   0.000   0.000   0.000 01O000M000t
00463 GLU01A0232_001 f 0.00  0.000     0  0.00  0  0  -1.429  -2.627   4.765  -0.924   0.934   0.000 01O000M000t
00464 GLU01A0232_002 f 0.00  0.000     0  0.00  0  0  -1.429  -2.627   2.045   0.026   0.596   0.000 01O000M000t
00465 GLU02A0232_003 f 0.00  0.000     0  0.00  0  0  -1.509  -2.584   4.765   0.064  -0.180   0.000 02O000M000t
00466 GLU02A0232_004 f 0.00  0.000     0  0.00  0  0  -1.509  -2.584   2.045   0.082   0.563   0.000 02O000M000t
00467 GLU-1A0232_005 f 0.00 -1.000     0  4.75  0 -1  -1.609  -2.556   2.045   0.615   1.412   0.000 -1O000M000t
00468 LYS01A0233_001 f 0.00  0.000     0  0.00  0  0  -7.378  -3.324   1.789  -0.007   0.044   0.000 01O000M000t
00469 LYS+1A0233_002 f 0.00  1.000     0 10.40  0  1  -7.421  -3.331   1.789   0.062   0.272   0.000 +1O000M000t
00470 GLU01A0235_001 f 0.00  0.000     0  0.00  0  0   1.709  -1.928   4.255   0.099  -0.468   0.000 01O000M000t
00471 GLU01A0235_002 f 0.00  0.000     0  0.00  0  0   1.709  -1.928   1.535   0.077   0.813   0.000 01O000M000t
00472 GLU02A0235_003 f 0.00  0.000     0  0.00  0  0   2.642  -1.941   4.255   0.237   0.502   0.000 02O000M000t
00473 GLU02A0235_004 f 0.00  0.000     0  0.00  0  0   2.642  -1.941   1.535   0.087   0.625   0.000 02O000M000t
00474 GLU-1A0235_005 f 0.00 -1.000     0  4.75  0 -1   1.680  -1.894   1.535  -0.199   0.987   0.000 -1O000M000t
00475 ARG01A0236_001 f 0.00  0.000     0  0.00  0  0   1.897  10.441   3.191   0.665   3.083   0.000 01O000M000t
00476 ARG02A0236_002 f 0.00  0.000     0  0.00  0  0   1.897  13.401   3.191  -0.588   3.421   0.000 02O000M000t
00477 ARG03A0236_003 f 0.00  0.000     0  0.00  0  0   1.853  13.622   3.191  -2.129   3.564   0.000 03O000M000t
00478 ARG+1A0236_004 f 0.00  1.000     0 12.50  0  1   1.814  13.531   3.191  -6.884   6.994   0.000 +1O000M000t
00479 LEU01A0237_001 f 0.00  0.000     0  0.00  0  0   1.651  -2.588   0.734   0.000   0.000   0.000 01O000M000t
00480 PRO01A0238_001 f 0.00  0.000     0  0.00  0  0  -5.245  -0.820   0.000   0.000   0.000   0.000 01O000M000t
00481 GLN01A0239_001 f 0.00  0.000     0  0.00  0  0   0.137  -4.331   0.424  -0.526   0.910   0.000 01O000M000t
00482 GLN01A0239_002 f 0.00  0.000     0  0.00  0  0   1.186  -4.221   0.424   0.312   0.753   0.000 01R001M000t
00483 PRO01A0240_001 f 0.00  0.000     0  0.00  0  0   0.240  -1.824   0.000   0.000   0.000   0.000 01O000M000t
00484 PRO01A0241_001 f 0.00  0.000     0  0.00  0  0  -6.274   0.807   0.000   0.000   0.000   0.000 01O000M000t
00485 ILE01A0242_001 f 0.00  0.000     0  0.00  0  0   0.844  -1.604   0.673   0.000   0.000   0.000 01O000M000t
00486 CYS01A0243_001 f 0.00  0.000     0  0.00  0  0  -0.002  -0.729   1.185  -0.067   0.991   0.000 01O000M000t
00487 CYS01A0243_002 f 0.00  0.000     0  0.00  0  0  -0.002  -0.754   1.185  -0.054   0.990   0.000 01O000M000t
00488 CYS01A0243_003 f 0.00  0.000     0  0.00  0  0  -0.003  -0.721   1.185  -0.193   0.991   0.000 01O000M000t
00489 CYS-1A0243_004 f 0.00 -1.000     0  9.10  0 -1   0.000  -0.683   1.185  -4.514  13.838   0.000 -1O000M000t
00490 THR01A0244_001 f 0.00  0.000     0  0.00  0  0  -0.854   6.481   0.433  -2.264   1.918   0.000 01O000M000t
00491 THR01A0244_002 f 0.00  0.000     0  0.00  0  0  -0.854   6.481   0.058  -1.030   1.733   0.000 01O000M000t
00492 ILE01A0245_001 f 0.00  0.000     0  0.00  0  0  -4.383   1.722   0.424   0.000   0.000   0.000 01O000M000t
00493 ASP01A0246_001 f 0.00  0.000     0  0.00  0  0  -1.447   0.903   3.566   3.237   1.006   0.000 01O000M000t
00494 ASP01A0246_002 f 0.00  0.000     0  0.00  0  0  -1.447   0.903   0.846   0.120   0.687   0.000 01O000M000t
00495 ASP02A0246_003 f 0.00  0.000     0  0.00  0  0  -1.401   0.399   3.566   0.119   0.142   0.000 02O000M000t
00496 ASP02A0246_004 f 0.00  0.000     0  0.00  0  0  -1.401   0.399   0.846  -0.057   0.818   0.000 02O000M000t
00497 ASP-1A0246_005 f 0.00 -1.000     0  4.75  0 -1  -1.482   0.432   0.846  -1.913   1.449   0.000 -1O000M000t
00498 VAL01A0247_001 f 0.00  0.000     0  0.00  0  0   1.742   0.069   0.104   0.000   0.000   0.000 01O000M000t
00499 TYR01A0248_001 f 0.00  0.000     0  0.00  0  0   2.720  -6.775   0.022   0.869   1.006   0.000 01O000M000t
00500 TYR01A0248_002 f 0.00  0.000     0  0.00  0  0   2.720  -6.775   0.022  -1.861   1.968   0.000 01O000M000t
00501 TYR-1A0248_003 f 0.00 -1.000     0 10.20  0 -1   2.720  -6.775   0.022   1.152   5.321   0.000 -1O000M000t
00502 MET01A0249_001 f 0.00  0.000     0  0.00  0  0  -4.848   0.798   3.155   0.038   0.048   0.000 01O000M000t
00503 ILE01A0250_001 f 0.00  0.000     0  0.00  0  0   2.397  -0.235   0.530   0.000   0.000   0.000 01O000M000t
00504 MET01A0251_001 f 0.00  0.000     0  0.00  0  0   0.106  -4.032   2.919   0.072   0.098   0.000 01O000M000t
00505 VAL01A0252_001 f 0.00  0.000     0  0.00  0  0  -2.765   3.295   0.127   0.000   0.000   0.000 01O000M000t
00506 LYS01A0253_001 f 0.00  0.000     0  0.00  0  0  -4.118  16.625   1.040   0.042  -0.115   0.000 01O000M000t
00507 LYS+1A0253_002 f 0.00  1.000     0 10.40  0  1  -4.168  16.620   1.040  -0.131   0.110   0.000 +1O000M000t
00508 CYS01A0254_001 f 0.00  0.000     0  0.00  0  0  -0.002  -4.367   0.125   0.097   0.925   0.000 01O000M000t
00509 CYS01A0254_002 f 0.00  0.000     0  0.00  0  0  -0.002  -4.434   0.125  -0.401   0.917   0.000 01O000M000t
00510 CYS01A0254_003 f 0.00  0.000     0  0.00  0  0  -0.003  -4.391   0.125   0.231   0.595   0.000 01O000M000t
00511 CYS-1A0254_004 f 0.00 -1.000     0  9.10  0 -1   0.000  -4.306   0.125   0.136  12.441   0.000 -1O000M000t
00512 TRP01A0255_001 f 0.00  0.000     0  0.00  0  0   2.573 -11.085   0.044   0.000   0.000   0.000 01O000M000t
00513 MET01A0256_001 f 0.00  0.000     0  0.00  0  0  -3.181   1.600   3.757  -0.106   0.049   0.000 01O000M000t
00514 ILE01A0257_001 f 0.00  0.000     0  0.00  0  0  -2.527   4.429   1.059   0.000   0.000   0.000 01O000M000t
00515 ASP01A0258_001 f 0.00  0.000     0  0.00  0  0  -2.403  -1.576   3.165   0.744  -0.107   0.000 01O000M000t
00516 ASP01A0258_002 f 0.00  0.000     0  0.00  0  0  -2.403  -1.576   0.445   0.296   0.821   0.000 01O000M000t
00517 ASP02A0258_003 f 0.00  0.000     0  0.00  0  0  -2.440  -1.930   3.165   0.122   0.048   0.000 02O000M000t
00518 ASP02A0258_004 f 0.00  0.000     0  0.00  0  0  -2.440  -1.930   0.445   0.152   0.880   0.000 02O000M000t
00519 ASP-1A0258_005 f 0.00 -1.000     0  4.75  0 -1  -2.368  -1.846   0.445  -1.574   1.796   0.000 -1O000M000t
00520 ALA01A0259_001 f 0.00  0.000     0  0.00  0  0  -0.670  -1.054   0.000   0.000   0.000   0.000 01O000M000t
00521 ASP01A0260_001 f 0.00  0.000     0  0.00  0  0  -2.730  -0.353   3.118   0.231  -0.672   0.000 01O000M000t
00522 ASP01A0260_002 f 0.00  0.000     0  0.00  0  0  -2.730  -0.353   0.398   0.225   0.509   0.000 01O000M000t
00523 ASP02A0260_003 f 0.00  0.000     0  0.00  0  0  -2.754   0.048   3.118   0.445   0.025   0.000 02O000M000t
00524 ASP02A0260_004 f 0.00  0.000     0  0.00  0  0  -2.754   0.048   0.398   0.277   0.559   0.000 02O000M000t
00525 ASP-1A0260_005 f 0.00 -1.000     0  4.75  0 -1  -2.698  -0.319   0.398  -0.771   0.270   0.000 -1O000M000t
00526 SER01A0261_001 f 0.00  0.000     0  0.00  0  0  -2.355   0.531   2.140  -0.177  -0.113   0.000 01O000M000t
00527 SER01A0261_002 f 0.00  0.000     0  0.00  0  0  -2.355   0.531   2.140  -0.067   0.284   0.000 01O000M000t
00528 ARG01A0262_001 f 0.00  0.000     0  0.00  0  0   2.422  27.165   5.071  -1.115   4.240   0.000 01O000M000t
00529 ARG02A0262_002 f 0.00  0.000     0  0.00  0  0   2.360  27.133   5.071  -2.525   4.501   0.000 02O000M000t
00530 ARG02A0262_003 f 0.00  0.000     0  0.00  0  0   2.415  18.365   5.071   2.300   4.795   0.000 02O000M000t
00531 ARG03A0262_004 f 0.00  0.000     0  0.00  0  0   2.357  27.096   5.071  -3.097   4.723   0.000 03O000M000t
00532 ARG03A0262_005 f 0.00  0.000     0  0.00  0  0   2.363  27.229   5.071  -1.922   4.637   0.000 03O000M000t
00533 ARG+1A0262_006 f 0.00  1.000     0 12.50  0  1   2.318  27.046   5.071  -6.493  10.365   0.000 +1O000M000t
00534 PRO01A0263_001 f 0.00  0.000     0  0.00  0  0  -0.057  -3.574   0.000   0.000   0.000   0.000 01O000M000t
00535 LYS01A0264_001 f 0.00  0.000     0  0.00  0  0  -3.350  -2.177   1.226  -0.048   0.468   0.000 01O000M000t
00536 LYS+1A0264_002 f 0.00  1.000     0 10.40  0  1  -3.392  -2.188   1.226   1.137   2.848   0.000 +1O000M000t
00537 PHE01A0265_001 f 0.00  0.000     0  0.00  0  0   4.361  -9.225   0.296   0.000   0.000   0.000 01O000M000t
00538 ARG01A0266_001 f 0.00  0.000     0  0.00  0  0  -4.819  -2.463   0.614   0.031   0.459   0.000 01O000M000t
00539 ARG02A0266_002 f 0.00  0.000     0  0.00  0  0  -4.866  -2.467   0.614   0.014   1.864   0.000 02O000M000t
00540 ARG03A0266_003 f 0.00  0.000     0  0.00  0  0  -4.764  -2.456   0.614  -0.218   1.440   0.000 03O000M000t
00541 ARG+1A0266_004 f 0.00  1.000     0 12.50  0  1  -4.905  -2.470   0.614   0.763   0.460   0.000 +1O000M000t
00542 GLU01A0267_001 f 0.00  0.000     0  0.00  0  0  -0.314  -2.700   3.028  -0.075   0.016   0.000 01O000M000t
00543 GLU01A0267_002 f 0.00  0.000     0  0.00  0  0  -0.314  -2.700   0.308  -0.362   0.838   0.000 01O000M000t
00544 GLU02A0267_003 f 0.00  0.000     0  0.00  0  0   0.289  -2.495   3.028   1.258   0.588   0.000 02O000M000t
00545 GLU02A0267_004 f 0.00  0.000     0  0.00  0  0   0.289  -2.495   0.308   0.122   0.725   0.000 02O000M000t
00546 GLU-1A0267_005 f 0.00 -1.000     0  4.75  0 -1  -0.300  -2.653   0.308  -1.941   1.408   0.000 -1O000M000t
00547 LEU01A0268_001 f 0.00  0.000     0  0.00  0  0   1.865  -4.058   0.735   0.000   0.000   0.000 01O000M000t
00548 ILE01A0269_001 f 0.00  0.000     0  0.00  0  0  -0.178  -2.833   0.649   0.000   0.000   0.000 01O000M000t
00549 ILE01A0270_001 f 0.00  0.000     0  0.00  0  0  -3.254  -0.223   0.577   0.000   0.000   0.000 01O000M000t
00550 GLU01A0271_001 f 0.00  0.000     0  0.00  0  0  -1.335  -2.501   4.225   0.196   0.015   0.000 01O000M000t
00551 GLU01A0271_002 f 0.00  0.000     0  0.00  0  0  -1.335  -2.501   1.505   0.122   1.143   0.000 01O000M000t
00552 GLU02A0271_003 f 0.00  0.000     0  0.00  0  0  -1.361  -2.361   4.225   0.218   0.137   0.000 02O000M000t
00553 GLU02A0271_004 f 0.00  0.000     0  0.00  0  0  -1.361  -2.361   1.505   0.093   1.200   0.000 02O000M000t
00554 GLU-1A0271_005 f 0.00 -1.000     0  4.75  0 -1  -1.365  -2.440   1.505  -0.636   2.372   0.000 -1O000M000t
00555 PHE01A0272_001 f 0.00  0.000     0  0.00  0  0   4.388  -4.589   1.331   0.000   0.000   0.000 01O000M000t
00556 SER01A0273_001 f 0.00  0.000     0  0.00  0  0  -2.504   5.208   0.567   0.005   0.125   0.000 01O000M000t
00557 LYS01A0274_001 f 0.00  0.000     0  0.00  0  0  -6.303  -2.743   1.510  -0.012   0.183   0.000 01O000M000t
00558 LYS+1A0274_002 f 0.00  1.000     0 10.40  0  1  -6.345  -2.747   1.510   0.133   0.286   0.000 +1O000M000t
00559 MET01A0275_001 f 0.00  0.000     0  0.00  0  0  -0.371  -5.488   0.489  -0.055   0.091   0.000 01O000M000t
00560 ALA01A0276_001 f 0.00  0.000     0  0.00  0  0  -0.309  -1.834   0.000   0.000   0.000   0.000 01O000M000t
00561 ARG01A0277_001 f 0.00  0.000     0  0.00  0  0 999.000  -2.171   3.073  -0.033   0.247   0.000 01O000M000t
00562 ARG02A0277_002 f 0.00  0.000     0  0.00  0  0 999.000  -2.171   3.073   0.012   1.523   0.000 02O000M000t
00563 ARG02A0277_003 f 0.00  0.000     0  0.00  0  0 912.547  -2.135   3.073  -0.002   1.091   0.000 02O000M000t
00564 ARG03A0277_004 f 0.00  0.000     0  0.00  0  0 999.000  -2.176   3.073  -0.008   1.266   0.000 03O000M000t
00565 ARG+1A0277_005 f 0.00  1.000     0 12.50  0  1 999.000  -2.178   3.073  -0.149   0.498   0.000 +1O000M000t
00566 ASP01A0278_001 f 0.00  0.000     0  0.00  0  0  -1.981  -0.350   2.778  -0.440   0.011   0.000 01O000M000t
00567 ASP01A0278_002 f 0.00  0.000     0  0.00  0  0  -1.981  -0.350   0.058  -0.401   0.662   0.000 01O000M000t
00568 ASP02A0278_003 f 0.00  0.000     0  0.00  0  0  -1.955   0.269   2.778   1.916   0.935   0.000 02O000M000t
00569 ASP02A0278_004 f 0.00  0.000     0  0.00  0  0  -1.955   0.269   0.058  -0.072   1.016   0.000 02O000M000t
00570 ASP-1A0278_005 f 0.00 -1.000     0  4.75  0 -1  -1.913  -0.289   0.058  -1.611   2.403   0.000 -1O000M000t
00571 PRO01A0279_001 f 0.00  0.000     0  0.00  0  0  -0.578  -4.319   0.000   0.000   0.000   0.000 01O000M000t
00572 GLN01A0280_001 f 0.00  0.000     0  0.00  0  0   0.774  -1.406   5.056  -0.108   0.803   0.000 01O000M000t
00573 GLN01A0280_002 f 0.00  0.000     0  0.00  0  0   2.068  -1.350   5.061   0.459   0.995   0.000 01R001M000t
00574 ARG01A0281_001 f 0.00  0.000     0  0.00  0  0  -7.743   0.045   1.196   0.061  -0.008   0.000 01O000M000t
00575 ARG02A0281_002 f 0.00  0.000     0  0.00  0  0  -7.781   0.039   1.196   0.046   1.315   0.000 02O000M000t
00576 ARG03A0281_003 f 0.00  0.000     0  0.00  0  0  -7.786   0.038   1.196   0.043   1.250   0.000 03O000M000t
00577 ARG+1A0281_004 f 0.00  1.000     0 12.50  0  1  -7.824   0.038   1.196   0.150   0.341   0.000 +1O000M000t
00578 TYR01A0282_001 f 0.00  0.000     0  0.00  0  0   2.976  -6.941   0.004   0.191   0.951   0.000 01O000M000t
00579 TYR01A0282_002 f 0.00  0.000     0  0.00  0  0   2.976  -6.941   0.004   0.225   0.867   0.000 01O000M000t
00580 TYR-1A0282_003 f 0.00 -1.000     0 10.20  0 -1   2.976  -6.941   0.004  -0.426   3.297   0.000 -1O000M000t
00581 LEU01A0283_001 f 0.00  0.000     0  0.00  0  0   2.046  -5.628   0.598   0.000   0.000   0.000 01O000M000t
00582 VAL01A0284_001 f 0.00  0.000     0  0.00  0  0  -4.766  -0.770   0.000   0.000   0.000   0.000 01O000M000t
00583 ILE01A0285_001 f 0.00  0.000     0  0.00  0  0   2.193  -2.989   0.467   0.000   0.000   0.000 01O000M000t
00584 GLN01A0286_001 f 0.00  0.000     0  0.00  0  0  -3.092  -0.239   3.179   0.142  -0.041   0.000 01O000M000t
00585 GLN01A0286_002 f 0.00  0.000     0  0.00  0  0  -3.174  -0.171   3.178   0.094  -0.445   0.000 01R001M000t
00586 ASP01A0288_001 f 0.00  0.000     0  0.00  0  0  -0.071   5.643   3.698  -0.619   1.148   0.000 01O000M000t
00587 ASP01A0288_002 f 0.00  0.000     0  0.00  0  0  -0.071   5.643   0.978   0.552   1.893   0.000 01O000M000t
00588 ASP02A0288_003 f 0.00  0.000     0  0.00  0  0  -0.137   6.144   3.698   0.259   2.158   0.000 02O000M000t
00589 ASP02A0288_004 f 0.00  0.000     0  0.00  0  0  -0.137   6.144   0.978   1.407   2.469   0.000 02O000M000t
00590 ASP-1A0288_005 f 0.00 -1.000     0  4.75  0 -1  -0.134   5.799   0.978  -4.075   7.706   0.000 -1O000M000t
00591 GLU01A0289_001 f 0.00  0.000     0  0.00  0  0  -1.760   3.591   4.021   1.443   0.212   0.000 01O000M000t
00592 GLU01A0289_002 f 0.00  0.000     0  0.00  0  0  -1.760   3.591   1.301   0.521   0.794   0.000 01O000M000t
00593 GLU02A0289_003 f 0.00  0.000     0  0.00  0  0  -1.790   2.684   4.021  -0.332  -0.176   0.000 02O000M000t
00594 GLU02A0289_004 f 0.00  0.000     0  0.00  0  0  -1.790   2.684   1.301  -0.253   0.829   0.000 02O000M000t
00595 GLU-1A0289_005 f 0.00 -1.000     0  4.75  0 -1  -1.863   2.732   1.301  -3.175   2.232   0.000 -1O000M000t
00596 ARG01A0290_001 f 0.00  0.000     0  0.00  0  0  -9.432   2.354   3.226  -0.092   0.317   0.000 01O000M000t
00597 ARG02A0290_002 f 0.00  0.000     0  0.00  0  0  -9.419   2.344   3.226  -0.036   1.080   0.000 02O000M000t
00598 ARG03A0290_003 f 0.00  0.000     0  0.00  0  0  -9.479   2.343   3.226  -0.080   1.297   0.000 03O000M000t
00599 ARG+1A0290_004 f 0.00  1.000     0 12.50  0  1  -9.518   2.341   3.226   0.185   0.231   0.000 +1O000M000t
00600 MET01A0291_001 f 0.00  0.000     0  0.00  0  0  -0.765  -3.991   1.395  -0.014   0.088   0.000 01O000M000t
00601 HIS01A0292_001 f 0.00  0.000     0  0.00  0  0  -8.293  -1.762   2.544   0.179   0.886   0.000 01O000M000t
00602 HIS01A0292_002 f 0.00  0.000     0  0.00  0  0  -8.463  -1.801   2.544   0.259   0.537   0.000 01R001M000t
00603 HIS02A0292_003 f 0.00  0.000     0  0.00  0  0  -8.311  -1.804   2.544   0.029   0.608   0.000 02O000M000t
00604 HIS02A0292_004 f 0.00  0.000     0  0.00  0  0  -8.476  -1.806   2.544   0.288   0.645   0.000 02R001M000t
00605 HIS+1A0292_005 f 0.00  1.000     0  6.98  0  1  -8.337  -1.819   2.544   0.558   0.202   0.000 +1O000M000t
00606 HIS+1A0292_006 f 0.00  1.000     0  6.98  0  1  -8.501  -1.824   2.544   0.632   0.019   0.000 +1R001M000t
00607 LEU01A0293_001 f 0.00  0.000     0  0.00  0  0   1.929  -4.689   0.616   0.000   0.000   0.000 01O000M000t
00608 PRO01A0294_001 f 0.00  0.000     0  0.00  0  0  -4.307   9.266   0.000   0.000   0.000   0.000 01O000M000t
00609 SER01A0295_001 f 0.00  0.000     0  0.00  0  0  -0.963 543.841   2.255  -2.522   0.838   0.000 01O000M000t
00610 SER01A0295_002 f 0.00  0.000     0  0.00  0  0  -0.963 543.841   1.880   0.814   0.273   0.000 01O000M000t
00611 PRO01A0296_001 f 0.00  0.000     0  0.00  0  0  -3.226  -0.678   0.000   0.000   0.000   0.000 01O000M000t
00612 THR01A0297_001 f 0.00  0.000     0  0.00  0  0  -2.065 999.000   0.954   0.173   0.960   0.000 01O000M000t
00613 THR01A0297_002 f 0.00  0.000     0  0.00  0  0  -2.065 999.000   0.954   0.105   0.728   0.000 01O000M000t
00614 THR01A0297_003 f 0.00  0.000     0  0.00  0  0  -2.065 999.000   0.579  -1.257   0.230   0.000 01O000M000t
00615 ASP01A0298_001 f 0.00  0.000     0  0.00  0  0  -1.386   0.951   6.387   0.084  -0.582   0.000 01O000M000t
00616 ASP01A0298_002 f 0.00  0.000     0  0.00  0  0  -1.386   0.951   3.667   0.167   0.433   0.000 01O000M000t
00617 ASP02A0298_003 f 0.00  0.000     0  0.00  0  0  -1.357   1.095   6.387   0.337  -0.107   0.000 02O000M000t
00618 ASP02A0298_004 f 0.00  0.000     0  0.00  0  0  -1.357   1.095   3.667   0.119   0.809   0.000 02O000M000t
00619 ASP-1A0298_005 f 0.00 -1.000     0  4.75  0 -1  -1.449   0.938   3.667  -1.501   1.642   0.000 -1O000M000t
00620 SER01A0299_001 f 0.00  0.000     0  0.00  0  0  -4.213   4.553   3.174  -0.357   0.184   0.000 01O000M000t
00621 ASN01A0300_001 f 0.00  0.000     0  0.00  0  0  -3.458 999.000   3.400   1.164   0.821   0.000 01O000M000t
00622 ASN01A0300_002 f 0.00  0.000     0  0.00  0  0  -3.533 999.000   3.127  -1.208   0.610   0.000 01R001M000t
00623 PHE01A0301_001 f 0.00  0.000     0  0.00  0  0   3.046  38.438   0.144   0.000   0.000   0.000 01O000M000t
00624 TYR01A0302_001 f 0.00  0.000     0  0.00  0  0  22.562 648.478   2.696   0.433   0.544   0.000 01O000M000t
00625 TYR-1A0302_002 f 0.00 -1.000     0 10.20  0 -1  22.562 648.478   2.696   0.375   1.310   0.000 -1O000M000t
00626 ARG01A0303_001 f 0.00  0.000     0  0.00  0  0   0.523 166.506   4.297   0.176   2.152   0.000 01O000M000t
00627 ARG02A0303_002 f 0.00  0.000     0  0.00  0  0   0.489 166.515   4.297   0.031   3.017   0.000 02O000M000t
00628 ARG03A0303_003 f 0.00  0.000     0  0.00  0  0   0.532 166.503   4.297   0.184   2.093   0.000 03O000M000t
00629 ARG+1A0303_004 f 0.00  1.000     0 12.50  0  1   0.449 166.495   4.297   0.598   2.781   0.000 +1O000M000t
00630 ALA01A0304_001 f 0.00  0.000     0  0.00  0  0  -1.903  -0.034   0.000   0.000   0.000   0.000 01O000M000t
00631 LEU01A0305_001 f 0.00  0.000     0  0.00  0  0   5.537 999.000   0.543   0.000   0.000   0.000 01O000M000t
00632 MET01A0306_001 f 0.00  0.000     0  0.00  0  0  -6.029  28.913   2.080  -0.124   0.048   0.000 01O000M000t
00633 ASP01A0307_001 f 0.00  0.000     0  0.00  0  0  -0.523   4.135   3.633   0.153   0.247   0.000 01O000M000t
00634 ASP01A0307_002 f 0.00  0.000     0  0.00  0  0  -0.523   4.135   0.913   0.291   0.816   0.000 01O000M000t
00635 ASP02A0307_003 f 0.00  0.000     0  0.00  0  0  -0.447   3.956   3.633   0.060   0.248   0.000 02O000M000t
00636 ASP02A0307_004 f 0.00  0.000     0  0.00  0  0  -0.447   3.956   0.913   0.264   0.894   0.000 02O000M000t
00637 ASP-1A0307_005 f 0.00 -1.000     0  4.75  0 -1  -0.525   3.989   0.913  -1.402   1.683   0.000 -1O000M000t
00638 GLU01A0308_001 f 0.00  0.000     0  0.00  0  0  -1.743  -2.010   5.343   0.501   0.634   0.000 01O000M000t
00639 GLU01A0308_002 f 0.00  0.000     0  0.00  0  0  -1.743  -2.010   2.623   0.260   0.711   0.000 01O000M000t
00640 GLU02A0308_003 f 0.00  0.000     0  0.00  0  0  -1.769  -1.924   5.343  -0.189   0.186   0.000 02O000M000t
00641 GLU02A0308_004 f 0.00  0.000     0  0.00  0  0  -1.769  -1.924   2.623   0.174   0.892   0.000 02O000M000t
00642 GLU-1A0308_005 f 0.00 -1.000     0  4.75  0 -1  -1.768  -1.952   2.623  -0.886   1.588   0.000 -1O000M000t
00643 GLU01A0309_001 f 0.00  0.000     0  0.00  0  0  -3.476   0.278   5.970   0.295  -0.176   0.000 01O000M000t
00644 GLU01A0309_002 f 0.00  0.000     0  0.00  0  0  -3.476   0.278   3.250   0.097   0.524   0.000 01O000M000t
00645 GLU02A0309_003 f 0.00  0.000     0  0.00  0  0  -3.695   0.290   5.970   0.140  -0.585   0.000 02O000M000t
00646 GLU02A0309_004 f 0.00  0.000     0  0.00  0  0  -3.695   0.290   3.250   0.095   0.575   0.000 02O000M000t
00647 GLU-1A0309_005 f 0.00 -1.000     0  4.75  0 -1  -3.598   0.307   3.250  -0.251  -0.229   0.000 -1O000M000t
00648 ASP01A0310_001 f 0.00  0.000     0  0.00  0  0  -2.188   0.338   5.776  -0.167  -0.502   0.000 01O000M000t
00649 ASP01A0310_002 f 0.00  0.000     0  0.00  0  0  -2.188   0.338   3.056  -0.208   0.668   0.000 01O000M000t
00650 ASP02A0310_003 f 0.00  0.000     0  0.00  0  0  -2.176   0.842   5.776   2.029   0.447   0.000 02O000M000t
00651 ASP02A0310_004 f 0.00  0.000     0  0.00  0  0  -2.176   0.842   3.056   0.067   0.824   0.000 02O000M000t
00652 ASP-1A0310_005 f 0.00 -1.000     0  4.75  0 -1  -2.202   0.372   3.056  -1.556   0.891   0.000 -1O000M000t
00653 MET01A0311_001 f 0.00  0.000     0  0.00  0  0  -0.341   3.735   5.132   0.159   0.064   0.000 01O000M000t
00654 ASP01A0312_001 f 0.00  0.000     0  0.00  0  0  -2.473   0.836   3.960   0.816  -0.308   0.000 01O000M000t
00655 ASP01A0312_002 f 0.00  0.000     0  0.00  0  0  -2.473   0.836   1.240   0.358   0.361   0.000 01O000M000t
00656 ASP02A0312_003 f 0.00  0.000     0  0.00  0  0  -2.532   0.387   3.960   0.538  -0.692   0.000 02O000M000t
00657 ASP02A0312_004 f 0.00  0.000     0  0.00  0  0  -2.532   0.387   1.240   0.388   0.648   0.000 02O000M000t
00658 ASP-1A0312_005 f 0.00 -1.000     0  4.75  0 -1  -2.494   0.423   1.240  -0.511   0.201   0.000 -1O000M000t
00659 ASP01A0313_001 f 0.00  0.000     0  0.00  0  0  -0.879  -0.752   3.595   0.829   0.006   0.000 01O000M000t
00660 ASP01A0313_002 f 0.00  0.000     0  0.00  0  0  -0.879  -0.752   0.875   0.464   0.813   0.000 01O000M000t
00661 ASP02A0313_003 f 0.00  0.000     0  0.00  0  0  -1.012  -0.505   3.595   0.263   0.360   0.000 02O000M000t
00662 ASP02A0313_004 f 0.00  0.000     0  0.00  0  0  -1.012  -0.505   0.875   0.212   1.551   0.000 02O000M000t
00663 ASP-1A0313_005 f 0.00 -1.000     0  4.75  0 -1  -0.953  -0.683   0.875  -0.270   3.076   0.000 -1O000M000t
00664 VAL01A0314_001 f 0.00  0.000     0  0.00  0  0  -0.453  -0.287   0.030   0.000   0.000   0.000 01O000M000t
00665 VAL01A0315_001 f 0.00  0.000     0  0.00  0  0  -1.390   0.639   0.180   0.000   0.000   0.000 01O000M000t
00666 ASP01A0316_001 f 0.00  0.000     0  0.00  0  0  -0.155  -2.603   3.866  -1.060   1.109   0.000 01O000M000t
00667 ASP01A0316_002 f 0.00  0.000     0  0.00  0  0  -0.155  -2.603   1.146  -0.890   2.256   0.000 01O000M000t
00668 ASP02A0316_003 f 0.00  0.000     0  0.00  0  0  -0.089  -2.498   3.866   2.235   1.709   0.000 02O000M000t
00669 ASP02A0316_004 f 0.00  0.000     0  0.00  0  0  -0.089  -2.498   1.146   0.637   2.301   0.000 02O000M000t
00670 ASP-1A0316_005 f 0.00 -1.000     0  4.75  0 -1  -0.211  -2.658   1.146  -6.236   6.993   0.000 -1O000M000t
00671 ALA01A0317_001 f 0.00  0.000     0  0.00  0  0   0.000  -1.392   0.000   0.000   0.000   0.000 01O000M000t
00672 ASP01A0318_001 f 0.00  0.000     0  0.00  0  0  -0.530   0.273   3.301   0.812   0.901   0.000 01O000M000t
00673 ASP01A0318_002 f 0.00  0.000     0  0.00  0  0  -0.530   0.273   0.581   0.372   2.167   0.000 01O000M000t
00674 ASP02A0318_003 f 0.00  0.000     0  0.00  0  0  -0.507  -0.241   3.301   0.661   0.886   0.000 02O000M000t
00675 ASP02A0318_004 f 0.00  0.000     0  0.00  0  0  -0.507  -0.241   0.581   0.442   1.705   0.000 02O000M000t
00676 ASP-1A0318_005 f 0.00 -1.000     0  4.75  0 -1  -0.522  -0.196   0.581  -1.878   5.572   0.000 -1O000M000t
00677 GLU01A0319_001 f 0.00  0.000     0  0.00  0  0  -1.648  -1.737   4.506  -0.151   0.214   0.000 01O000M000t
00678 GLU01A0319_002 f 0.00  0.000     0  0.00  0  0  -1.648  -1.737   1.786   0.197   1.198   0.000 01O000M000t
00679 GLU02A0319_003 f 0.00  0.000     0  0.00  0  0  -1.504  -1.996   4.506  -0.206   0.173   0.000 02O000M000t
00680 GLU02A0319_004 f 0.00  0.000     0  0.00  0  0  -1.504  -1.996   1.786   0.073   1.289   0.000 02O000M000t
00681 GLU-1A0319_005 f 0.00 -1.000     0  4.75  0 -1  -1.687  -1.913   1.786  -2.115   3.166   0.000 -1O000M000t
00682 TYR01A0320_001 f 0.00  0.000     0  0.00  0  0   3.279  -4.762   0.062  -0.060   2.044   0.000 01O000M000t
00683 TYR01A0320_002 f 0.00  0.000     0  0.00  0  0   3.279  -4.762   0.062  -0.037   1.977   0.000 01O000M000t
00684 TYR-1A0320_003 f 0.00 -1.000     0 10.20  0 -1   3.279  -4.762   0.062  -0.007   6.224   0.000 -1O000M000t
00685 LEU01A0321_001 f 0.00  0.000     0  0.00  0  0  -4.504  -2.696   0.786   0.000   0.000   0.000 01O000M000t
00686 ILE01A0322_001 f 0.00  0.000     0  0.00  0  0  -2.253   0.001   0.760   0.000   0.000   0.000 01O000M000t
00687 PRO01A0323_001 f 0.00  0.000     0  0.00  0  0  -6.566  -0.544   0.000   0.000   0.000   0.000 01O000M000t
00688 GLN01A0324_001 f 0.00  0.000     0  0.00  0  0  -3.001   3.597   4.213   0.001   0.025   0.000 01O000M000t
00689 IRE01B0002_001 f 0.00 -0.454     0  0.00  0  0   0.000  44.782   0.000  -3.595   5.048   0.212 01O000M000t
00690 IRE01B0002_002 f 0.00 -0.454     0  0.00  0  0   0.000  44.794   0.000  -3.627   5.046   0.212 01O000M000t
00691 IRE+1B0002_003 f 0.00  0.582     0  0.00  0  0   0.000  44.732   0.000  -2.754   6.005   0.717 +1O000M000t
00692 IRE+1B0002_004 f 0.00  0.582     0  0.00  0  0   0.000  44.744   0.000  -2.797   5.982   0.717 +1O000M000t
00693 IRE+2B0002_005 f 0.00  0.995     0  0.00  0  0   0.000 999.000   0.000   3.559   9.205   3.728 +2O000M000t
00694 IRE+2B0002_006 f 0.00  0.995     0  0.00  0  0   0.000 199.923   0.000   3.109   9.151   3.728 +2O000M000t
00695 IRE+2B0002_007 f 0.00  0.995     0  0.00  0  0   0.000 999.000   0.000   3.409   8.829   3.728 +2O000M000t
00696 IRE+2B0002_008 f 0.00  0.995     0  0.00  0  0   0.000 199.935   0.000   3.081   8.732   3.728 +2O000M000t
00697 IRE+3B0002_009 f 0.00  0.529     0  0.00  0  0   0.000  70.037   0.000   2.417   5.141   4.395 +3O000M000t
00698 IRE+3B0002_010 f 0.00  0.529     0  0.00  0  0   0.000  46.833   0.000   2.210   5.068   4.395 +3O000M000t
00699 IRE+3B0002_011 f 0.00  0.529     0  0.00  0  0   0.000  70.049   0.000   2.442   5.019   4.395 +3O000M000t
00700 IRE+3B0002_012 f 0.00  0.529     0  0.00  0  0   0.000  46.845   0.000   2.163   4.980   4.395 +3O000M000t
00701 IRE+aB0002_013 f 0.00  1.995     0  0.00  0  0   0.000 999.000   0.000  -3.091  13.631   4.412 +aO000M000t
00702 IRE+aB0002_014 f 0.00  1.995     0  0.00  0  0   0.000 999.000   0.000  -3.176  13.141   4.412 +aO000M000t
00703 IREDMB0002_015 t 0.00  0.000     0  0.00  0  0   0.000   0.000   0.000   0.000   0.000   0.000         DMt
