iConf CONFORMER     FL  occ    crg   Em0  pKa0 ne nH    vdw0    vdw1    tors    epol   dsolv   extra    history
00001 GLU01A0002_001 f 0.00  0.000     0  0.00  0  0   0.218   0.050   7.377   1.919   0.697   0.000 01O000M000t
00002 GLU01A0002_002 f 0.00  0.000     0  0.00  0  0   0.218   0.050   4.657   0.006   0.615   0.000 01O000M000t
00003 GLU02A0002_003 f 0.00  0.000     0  0.00  0  0  -0.176   0.027   7.377  -0.143   0.041   0.000 02O000M000t
00004 GLU02A0002_004 f 0.00  0.000     0  0.00  0  0  -0.176   0.027   4.657  -0.169   0.838   0.000 02O000M000t
00005 GLU-1A0002_005 f 0.00 -1.000     0  4.75  0 -1  -0.168   0.060   4.657  -0.613   0.833   0.000 -1O000M000t
00006 ALA01A0003_001 f 0.00  0.000     0  0.00  0  0  -3.155  -0.338   0.000   0.000   0.000   0.000 01O000M000t
00007 PRO01A0004_001 f 0.00  0.000     0  0.00  0  0  -5.944  -0.242   0.000   0.000   0.000   0.000 01O000M000t
00008 ASN01A0005_001 f 0.00  0.000     0  0.00  0  0  -0.605  -1.250   0.201  -0.876   1.831   0.000 01O000M000t
00009 ASN01A0005_002 f 0.00  0.000     0  0.00  0  0  -0.725   0.319   0.201   1.118   1.024   0.000 01R001M000t
00010 GLN01A0006_001 f 0.00  0.000     0  0.00  0  0   1.249   0.122   4.028   0.017   0.108   0.000 01O000M000t
00011 GLN01A0006_002 f 0.00  0.000     0  0.00  0  0  -0.639   0.170   4.025   0.028  -0.076   0.000 01R001M000t
00012 ALA01A0007_001 f 0.00  0.000     0  0.00  0  0  -0.618  -1.467   0.000   0.000   0.000   0.000 01O000M000t
00013 LEU01A0008_001 f 0.00  0.000     0  0.00  0  0  -7.734  -1.337   0.824   0.000   0.000   0.000 01O000M000t
00014 LEU01A0009_001 f 0.00  0.000     0  0.00  0  0  -1.632  -2.464   0.441   0.000   0.000   0.000 01O000M000t
00015 ARG01A0010_001 f 0.00  0.000     0  0.00  0  0  -7.184  -2.987   0.874  -0.101   0.432   0.000 01O000M000t
00016 ARG02A0010_002 f 0.00  0.000     0  0.00  0  0  -7.220  -2.994   0.874  -0.042   1.692   0.000 02O000M000t
00017 ARG03A0010_003 f 0.00  0.000     0  0.00  0  0  -7.221  -2.992   0.874  -0.128   1.141   0.000 03O000M000t
00018 ARG+1A0010_004 f 0.00  1.000     0 12.50  0  1  -7.264  -2.996   0.874  -0.014   0.492   0.000 +1O000M000t
00019 ILE01A0011_001 f 0.00  0.000     0  0.00  0  0  -3.330   0.062   0.523   0.000   0.000   0.000 01O000M000t
00020 LEU01A0012_001 f 0.00  0.000     0  0.00  0  0   1.295  -4.668   0.626   0.000   0.000   0.000 01O000M000t
00021 LYS01A0013_001 f 0.00  0.000     0  0.00  0  0  -6.653  -1.566   1.194  -0.033  -0.142   0.000 01O000M000t
00022 LYS+1A0013_002 f 0.00  1.000     0 10.40  0  1  -6.700  -1.569   1.194   0.337   0.065   0.000 +1O000M000t
00023 GLU01A0014_001 f 0.00  0.000     0  0.00  0  0  -1.103  -1.136   5.223   0.430  -0.103   0.000 01O000M000t
00024 GLU01A0014_002 f 0.00  0.000     0  0.00  0  0  -1.103  -1.136   2.503   0.134   0.436   0.000 01O000M000t
00025 GLU02A0014_003 f 0.00  0.000     0  0.00  0  0  -1.385  -1.130   5.223   0.012  -0.464   0.000 02O000M000t
00026 GLU02A0014_004 f 0.00  0.000     0  0.00  0  0  -1.385  -1.130   2.503   0.050   0.583   0.000 02O000M000t
00027 GLU-1A0014_005 f 0.00 -1.000     0  4.75  0 -1  -1.416  -1.101   2.503  -0.330   0.362   0.000 -1O000M000t
00028 THR01A0015_001 f 0.00  0.000     0  0.00  0  0  -5.514   0.170   0.491   0.682   1.215   0.000 01O000M000t
00029 GLU01A0016_001 f 0.00  0.000     0  0.00  0  0   0.270  -4.952   4.118   0.464   1.830   0.000 01O000M000t
00030 GLU01A0016_002 f 0.00  0.000     0  0.00  0  0   0.270  -4.952   1.398  -0.594   1.723   0.000 01O000M000t
00031 GLU02A0016_003 f 0.00  0.000     0  0.00  0  0   0.234  -4.880   4.118  -0.176   1.897   0.000 02O000M000t
00032 GLU02A0016_004 f 0.00  0.000     0  0.00  0  0   0.234  -4.880   1.398  -1.090   1.588   0.000 02O000M000t
00033 GLU-1A0016_005 f 0.00 -1.000     0  4.75  0 -1   0.160  -5.140   1.398  -3.053   5.518   0.000 -1O000M000t
00034 PHE01A0017_001 f 0.00  0.000     0  0.00  0  0   4.063  -6.507   0.112   0.000   0.000   0.000 01O000M000t
00035 LYS01A0018_001 f 0.00  0.000     0  0.00  0  0  -6.261  -1.962   1.079   0.022  -0.026   0.000 01O000M000t
00036 LYS+1A0018_002 f 0.00  1.000     0 10.40  0  1  -6.306  -1.965   1.079  -0.063   0.022   0.000 +1O000M000t
00037 LYS01A0019_001 f 0.00  0.000     0  0.00  0  0  -7.036   0.346   0.849  -0.010   0.076   0.000 01O000M000t
00038 LYS+1A0019_002 f 0.00  1.000     0 10.40  0  1  -7.081   0.344   0.849   0.053   0.198   0.000 +1O000M000t
00039 ILE01A0020_001 f 0.00  0.000     0  0.00  0  0  -2.435  -0.969   1.006   0.000   0.000   0.000 01O000M000t
00040 LYS01A0021_001 f 0.00  0.000     0  0.00  0  0  -6.549  -1.264   1.985   0.001   0.021   0.000 01O000M000t
00041 LYS+1A0021_002 f 0.00  1.000     0 10.40  0  1  -6.629  -1.272   1.985  -0.082   0.267   0.000 +1O000M000t
00042 VAL01A0022_001 f 0.00  0.000     0  0.00  0  0  -4.111   1.903   0.406   0.000   0.000   0.000 01O000M000t
00043 LEU01A0023_001 f 0.00  0.000     0  0.00  0  0   1.233  -4.684   0.494   0.000   0.000   0.000 01O000M000t
00044 SER01A0025_001 f 0.00  0.000     0  0.00  0  0  -1.299 395.563   0.383   0.147   1.306   0.000 01O000M000t
00045 SER01A0025_002 f 0.00  0.000     0  0.00  0  0  -1.299 395.563   0.008  -0.469   0.351   0.000 01O000M000t
00046 ALA01A0027_001 f 0.00  0.000     0  0.00  0  0  -1.288 999.000   0.000   0.000   0.000   0.000 01O000M000t
00047 PHE01A0028_001 f 0.00  0.000     0  0.00  0  0  -0.957  -1.539   2.027   0.000   0.000   0.000 01O000M000t
00048 THR01A0030_001 f 0.00  0.000     0  0.00  0  0  -0.245  -2.210   0.597  -0.087   1.161   0.000 01O000M000t
00049 THR01A0030_002 f 0.00  0.000     0  0.00  0  0  -0.245  -2.210   0.597   0.617   1.404   0.000 01O000M000t
00050 VAL01A0031_001 f 0.00  0.000     0  0.00  0  0  -0.317  -1.886   0.252   0.000   0.000   0.000 01O000M000t
00051 TYR01A0032_001 f 0.00  0.000     0  0.00  0  0   1.683  -7.807   0.000   0.084   1.026   0.000 01O000M000t
00052 TYR01A0032_002 f 0.00  0.000     0  0.00  0  0   1.683  -7.807   0.000  -0.003   0.766   0.000 01O000M000t
00053 TYR-1A0032_003 f 0.00 -1.000     0 10.20  0 -1   1.683  -7.807   0.000  -0.452   2.215   0.000 -1O000M000t
00054 LYS01A0033_001 f 0.00  0.000     0  0.00  0  0  -2.821  -3.041   1.699  -0.005   0.244   0.000 01O000M000t
00055 LYS+1A0033_002 f 0.00  1.000     0 10.40  0  1  -2.865  -3.045   1.699  -0.128   1.324   0.000 +1O000M000t
00056 LEU01A0035_001 f 0.00  0.000     0  0.00  0  0  -0.060  -3.694   0.897   0.000   0.000   0.000 01O000M000t
00057 TRP01A0036_001 f 0.00  0.000     0  0.00  0  0   2.166  -7.291   0.003   0.000   0.000   0.000 01O000M000t
00058 ILE01A0037_001 f 0.00  0.000     0  0.00  0  0   0.195   1.239   1.081   0.000   0.000   0.000 01O000M000t
00059 PRO01A0038_001 f 0.00  0.000     0  0.00  0  0   0.044  -1.273   0.000   0.000   0.000   0.000 01O000M000t
00060 GLU01A0039_001 f 0.00  0.000     0  0.00  0  0  -2.246  -0.531   3.349   0.156  -0.273   0.000 01O000M000t
00061 GLU01A0039_002 f 0.00  0.000     0  0.00  0  0  -2.246  -0.531   0.629   0.068   0.607   0.000 01O000M000t
00062 GLU02A0039_003 f 0.00  0.000     0  0.00  0  0  -2.626  -0.521   3.349   0.071  -0.611   0.000 02O000M000t
00063 GLU02A0039_004 f 0.00  0.000     0  0.00  0  0  -2.626  -0.521   0.629   0.053   0.516   0.000 02O000M000t
00064 GLU-1A0039_005 f 0.00 -1.000     0  4.75  0 -1  -2.608  -0.507   0.629  -0.194   0.010   0.000 -1O000M000t
00065 GLU01A0041_001 f 0.00  0.000     0  0.00  0  0  -1.282  -1.866   4.991   0.305   0.843   0.000 01O000M000t
00066 GLU01A0041_002 f 0.00  0.000     0  0.00  0  0  -1.282  -1.866   2.271   0.025   0.471   0.000 01O000M000t
00067 GLU02A0041_003 f 0.00  0.000     0  0.00  0  0  -1.786  -1.841   4.991  -0.054  -0.350   0.000 02O000M000t
00068 GLU02A0041_004 f 0.00  0.000     0  0.00  0  0  -1.786  -1.841   2.271  -0.019   0.829   0.000 02O000M000t
00069 GLU-1A0041_005 f 0.00 -1.000     0  4.75  0 -1  -1.681  -1.822   2.271  -0.072   0.521   0.000 -1O000M000t
00070 LYS01A0042_001 f 0.00  0.000     0  0.00  0  0 -10.787   1.423   1.765  -0.000   0.052   0.000 01O000M000t
00071 LYS+1A0042_002 f 0.00  1.000     0 10.40  0  1 -10.832   1.422   1.765  -0.080  -0.259   0.000 +1O000M000t
00072 VAL01A0043_001 f 0.00  0.000     0  0.00  0  0  -3.508   0.778   0.000   0.000   0.000   0.000 01O000M000t
00073 LYS01A0044_001 f 0.00  0.000     0  0.00  0  0  -5.370  -1.578   1.371  -0.013   0.298   0.000 01O000M000t
00074 LYS+1A0044_002 f 0.00  1.000     0 10.40  0  1  -5.417  -1.581   1.371   0.119   0.831   0.000 +1O000M000t
00075 ILE01A0045_001 f 0.00  0.000     0  0.00  0  0  -1.306  -1.200   0.798   0.000   0.000   0.000 01O000M000t
00076 PRO01A0046_001 f 0.00  0.000     0  0.00  0  0  -3.300  -1.267   0.000   0.000   0.000   0.000 01O000M000t
00077 VAL01A0047_001 f 0.00  0.000     0  0.00  0  0   0.550  -3.171   0.256   0.000   0.000   0.000 01O000M000t
00078 ALA01A0048_001 f 0.00  0.000     0  0.00  0  0   0.000  -1.657   0.000   0.000   0.000   0.000 01O000M000t
00079 ILE01A0049_001 f 0.00  0.000     0  0.00  0  0   1.120  -2.853   0.595   0.000   0.000   0.000 01O000M000t
00080 LYS01A0050_001 f 0.00  0.000     0  0.00  0  0  -0.645  -3.870   1.335   0.120   0.627   0.000 01O000M000t
00081 LYS+1A0050_002 f 0.00  1.000     0 10.40  0  1  -0.691  -3.877   1.335   1.077   3.845   0.000 +1O000M000t
00082 GLU01A0051_001 f 0.00  0.000     0  0.00  0  0  -0.069  29.313   5.388  -0.030   1.206   0.000 01O000M000t
00083 GLU01A0051_002 f 0.00  0.000     0  0.00  0  0  -0.069  29.313   2.668   0.048   1.234   0.000 01O000M000t
00084 GLU02A0051_003 f 0.00  0.000     0  0.00  0  0  -0.171  29.313   5.388  -1.406   1.583   0.000 02O000M000t
00085 GLU02A0051_004 f 0.00  0.000     0  0.00  0  0  -0.171  29.313   2.668  -0.269   1.056   0.000 02O000M000t
00086 GLU-1A0051_005 f 0.00 -1.000     0  4.75  0 -1  -0.259  29.380   2.668   1.239   3.116   0.000 -1O000M000t
00087 LEU01A0052_001 f 0.00  0.000     0  0.00  0  0  -1.144 999.000   3.213   0.000   0.000   0.000 01O000M000t
00088 ARG01A0053_001 f 0.00  0.000     0  0.00  0  0  -3.295   2.021  19.951   0.311   2.068   0.000 01O000M000t
00089 ARG02A0053_002 f 0.00  0.000     0  0.00  0  0  -3.346   2.088  19.951  -0.463   3.197   0.000 02O000M000t
00090 ARG03A0053_003 f 0.00  0.000     0  0.00  0  0  -3.343   2.085  19.951  -0.450   3.117   0.000 03O000M000t
00091 ARG03A0053_004 f 0.00  0.000     0  0.00  0  0  -3.304   2.069  19.951  -0.311   2.569   0.000 03O000M000t
00092 ARG+1A0053_005 f 0.00  1.000     0 12.50  0  1  -3.382   1.999  19.951   2.287   3.596   0.000 +1O000M000t
00093 GLU01A0054_001 f 0.00  0.000     0  0.00  0  0  -0.231 999.000   7.063   1.267   0.448   0.000 01O000M000t
00094 GLU01A0054_002 f 0.00  0.000     0  0.00  0  0  -0.231 999.000   4.343   1.819   2.214   0.000 01O000M000t
00095 GLU02A0054_003 f 0.00  0.000     0  0.00  0  0  -0.284 999.000   7.063   3.070   1.567   0.000 02O000M000t
00096 GLU02A0054_004 f 0.00  0.000     0  0.00  0  0  -0.284 999.000   4.343   2.072   2.172   0.000 02O000M000t
00097 GLU-1A0054_005 f 0.00 -1.000     0  4.75  0 -1  -0.281 999.000   4.343   0.006   5.634   0.000 -1O000M000t
00098 ALA01A0055_001 f 0.00  0.000     0  0.00  0  0  -2.778 601.355   0.000   0.000   0.000   0.000 01O000M000t
00099 THR01A0056_001 f 0.00  0.000     0  0.00  0  0 664.122 999.000   1.242  -2.849   1.677   0.000 01O000M000t
00100 THR01A0056_002 f 0.00  0.000     0  0.00  0  0 664.122 999.000   1.242  -1.423   1.689   0.000 01O000M000t
00101 THR01A0056_003 f 0.00  0.000     0  0.00  0  0 664.122 999.000   0.867  -1.759   1.270   0.000 01O000M000t
00102 SER01A0057_001 f 0.00  0.000     0  0.00  0  0  -1.312  -0.122   0.648  -0.116   0.748   0.000 01O000M000t
00103 SER01A0057_002 f 0.00  0.000     0  0.00  0  0  -1.312  -0.122   0.648  -0.362   0.322   0.000 01O000M000t
00104 PRO01A0058_001 f 0.00  0.000     0  0.00  0  0  -5.749   0.763   0.000   0.000   0.000   0.000 01O000M000t
00105 LYS01A0059_001 f 0.00  0.000     0  0.00  0  0 999.000 148.155   4.193   0.810   0.927   0.000 01O000M000t
00106 LYS+1A0059_002 f 0.00  1.000     0 10.40  0  1 999.000 150.493   4.193  -0.894   5.166   0.000 +1O000M000t
00107 ALA01A0060_001 f 0.00  0.000     0  0.00  0  0  -0.361  97.384   0.000   0.000   0.000   0.000 01O000M000t
00108 ASN01A0061_001 f 0.00  0.000     0  0.00  0  0  -1.543 999.000   2.285  -1.856   0.326   0.000 01O000M000t
00109 ASN01A0061_002 f 0.00  0.000     0  0.00  0  0  -1.680 999.000   2.300  -6.292   0.308   0.000 01R001M000t
00110 LYS01A0062_001 f 0.00  0.000     0  0.00  0  0  -5.678 999.000   0.889   0.068  -0.095   0.000 01O000M000t
00111 LYS+1A0062_002 f 0.00  1.000     0 10.40  0  1  -5.724 999.000   0.889  -0.014   0.176   0.000 +1O000M000t
00112 GLU01A0063_001 f 0.00  0.000     0  0.00  0  0  -1.352   4.128   6.508   0.795   0.512   0.000 01O000M000t
00113 GLU01A0063_002 f 0.00  0.000     0  0.00  0  0  -1.352   4.128   3.788   0.583   1.537   0.000 01O000M000t
00114 GLU02A0063_003 f 0.00  0.000     0  0.00  0  0  -1.243   2.414   6.508  -0.230   0.667   0.000 02O000M000t
00115 GLU02A0063_004 f 0.00  0.000     0  0.00  0  0  -1.243   2.414   3.788  -0.289   1.650   0.000 02O000M000t
00116 GLU-1A0063_005 f 0.00 -1.000     0  4.75  0 -1  -1.388   2.517   3.788  -1.938   3.455   0.000 -1O000M000t
00117 ILE01A0064_001 f 0.00  0.000     0  0.00  0  0   2.259 999.000   1.249   0.000   0.000   0.000 01O000M000t
00118 LEU01A0065_001 f 0.00  0.000     0  0.00  0  0  -1.935   1.737   0.527   0.000   0.000   0.000 01O000M000t
00119 ASP01A0066_001 f 0.00  0.000     0  0.00  0  0  -1.982  -0.171   2.740   0.873   0.057   0.000 01O000M000t
00120 ASP01A0066_002 f 0.00  0.000     0  0.00  0  0  -1.982  -0.171   0.020   0.320   0.584   0.000 01O000M000t
00121 ASP02A0066_003 f 0.00  0.000     0  0.00  0  0  -1.927  -0.968   2.740   0.270  -0.280   0.000 02O000M000t
00122 ASP02A0066_004 f 0.00  0.000     0  0.00  0  0  -1.927  -0.968   0.020   0.283   0.632   0.000 02O000M000t
00123 ASP-1A0066_005 f 0.00 -1.000     0  4.75  0 -1  -1.975  -0.888   0.020  -0.374   1.093   0.000 -1O000M000t
00124 GLU01A0067_001 f 0.00  0.000     0  0.00  0  0   1.530  -6.549   3.224  -0.211   1.882   0.000 01O000M000t
00125 GLU01A0067_002 f 0.00  0.000     0  0.00  0  0   1.530  -6.549   0.504  -0.465   2.185   0.000 01O000M000t
00126 GLU02A0067_003 f 0.00  0.000     0  0.00  0  0   1.176  -6.593   3.224   1.360   2.044   0.000 02O000M000t
00127 GLU02A0067_004 f 0.00  0.000     0  0.00  0  0   1.176  -6.593   0.504   0.313   2.189   0.000 02O000M000t
00128 GLU-1A0067_005 f 0.00 -1.000     0  4.75  0 -1   1.117  -6.510   0.504  -3.267   8.163   0.000 -1O000M000t
00129 ALA01A0068_001 f 0.00  0.000     0  0.00  0  0  -0.052  -1.815   0.000   0.000   0.000   0.000 01O000M000t
00130 TYR01A0069_001 f 0.00  0.000     0  0.00  0  0  -2.482  -4.042   0.026   0.356   0.435   0.000 01O000M000t
00131 TYR-1A0069_002 f 0.00 -1.000     0 10.20  0 -1  -2.482  -4.042   0.026   0.344   1.187   0.000 -1O000M000t
00132 VAL01A0070_001 f 0.00  0.000     0  0.00  0  0   0.345  -1.793   0.106   0.000   0.000   0.000 01O000M000t
00133 MET01A0071_001 f 0.00  0.000     0  0.00  0  0   0.345  -6.393   1.496  -0.009   0.073   0.000 01O000M000t
00134 ALA01A0072_001 f 0.00  0.000     0  0.00  0  0  -0.103  -1.570   0.000   0.000   0.000   0.000 01O000M000t
00135 SER01A0073_001 f 0.00  0.000     0  0.00  0  0  -0.096   2.884   0.514   0.804   1.247   0.000 01O000M000t
00136 SER01A0073_002 f 0.00  0.000     0  0.00  0  0  -0.096   2.884   0.514  -2.141   1.423   0.000 01O000M000t
00137 SER01A0073_003 f 0.00  0.000     0  0.00  0  0  -0.096   2.884   0.139   0.168   1.364   0.000 01O000M000t
00138 VAL01A0074_001 f 0.00  0.000     0  0.00  0  0   0.581  -2.349   0.135   0.000   0.000   0.000 01O000M000t
00139 ASP01A0075_001 f 0.00  0.000     0  0.00  0  0  -2.726   0.720   3.454   0.864  -0.200   0.000 01O000M000t
00140 ASP01A0075_002 f 0.00  0.000     0  0.00  0  0  -2.726   0.720   0.734   0.293   0.221   0.000 01O000M000t
00141 ASP02A0075_003 f 0.00  0.000     0  0.00  0  0  -2.602   0.405   3.454   0.073  -0.562   0.000 02O000M000t
00142 ASP02A0075_004 f 0.00  0.000     0  0.00  0  0  -2.602   0.405   0.734   0.138   0.436   0.000 02O000M000t
00143 ASP-1A0075_005 f 0.00 -1.000     0  4.75  0 -1  -2.695   0.434   0.734  -0.525   0.576   0.000 -1O000M000t
00144 ASN01A0076_001 f 0.00  0.000     0  0.00  0  0  -0.392  -1.270   1.127  -2.394   2.070   0.000 01O000M000t
00145 ASN01A0076_002 f 0.00  0.000     0  0.00  0  0  -0.334   1.152   1.119   2.980   1.461   0.000 01R001M000t
00146 PRO01A0077_001 f 0.00  0.000     0  0.00  0  0  -5.037   0.096   0.000   0.000   0.000   0.000 01O000M000t
00147 HIS01A0078_001 f 0.00  0.000     0  0.00  0  0  -1.525  -7.025   0.032   1.027   2.673   0.000 01O000M000t
00148 HIS01A0078_002 f 0.00  0.000     0  0.00  0  0  -1.471  -5.591   0.032  -0.228   2.005   0.000 01R001M000t
00149 HIS02A0078_003 f 0.00  0.000     0  0.00  0  0  -1.543  -7.146   0.032  -0.623   1.762   0.000 02O000M000t
00150 HIS02A0078_004 f 0.00  0.000     0  0.00  0  0  -1.485  -5.618   0.032  -0.135   2.100   0.000 02R001M000t
00151 HIS+1A0078_005 f 0.00  1.000     0  6.98  0  1  -1.570  -7.159   0.032  -0.210   4.460   0.000 +1O000M000t
00152 HIS+1A0078_006 f 0.00  1.000     0  6.98  0  1  -1.511  -5.641   0.032   0.577   3.807   0.000 +1R001M000t
00153 VAL01A0079_001 f 0.00  0.000     0  0.00  0  0   0.801  -1.629   0.040   0.000   0.000   0.000 01O000M000t
00154 CYS01A0080_001 f 0.00  0.000     0  0.00  0  0  -0.002  -3.071   0.427  -0.180   0.506   0.000 01O000M000t
00155 CYS01A0080_002 f 0.00  0.000     0  0.00  0  0  -0.002  -3.142   0.427   0.011   0.880   0.000 01O000M000t
00156 CYS01A0080_003 f 0.00  0.000     0  0.00  0  0  -0.003  -3.064   0.427  -0.028   0.674   0.000 01O000M000t
00157 CYS-1A0080_004 f 0.00 -1.000     0  9.10  0 -1   0.000  -3.031   0.427  -2.433   8.715   0.000 -1O000M000t
00158 ARG01A0081_001 f 0.00  0.000     0  0.00  0  0  -3.344  -4.604   0.628   0.102   1.152   0.000 01O000M000t
00159 ARG02A0081_002 f 0.00  0.000     0  0.00  0  0  -3.362  -4.594   0.628   0.085   2.253   0.000 02O000M000t
00160 ARG03A0081_003 f 0.00  0.000     0  0.00  0  0  -3.357  -4.503   0.628  -0.038   2.362   0.000 03O000M000t
00161 ARG+1A0081_004 f 0.00  1.000     0 12.50  0  1  -3.405  -4.627   0.628  -2.099   1.861   0.000 +1O000M000t
00162 LEU01A0082_001 f 0.00  0.000     0  0.00  0  0   2.273  -9.734   0.788   0.000   0.000   0.000 01O000M000t
00163 LEU01A0083_001 f 0.00  0.000     0  0.00  0  0  -0.093  -4.802   0.423   0.000   0.000   0.000 01O000M000t
00164 ILE01A0085_001 f 0.00  0.000     0  0.00  0  0   2.924  -1.614   0.483   0.000   0.000   0.000 01O000M000t
00165 CYS01A0086_001 f 0.00  0.000     0  0.00  0  0  -0.002  -4.122   0.056   0.594   0.729   0.000 01O000M000t
00166 CYS01A0086_002 f 0.00  0.000     0  0.00  0  0  -0.002  -4.167   0.056  -0.670   0.604   0.000 01O000M000t
00167 CYS01A0086_003 f 0.00  0.000     0  0.00  0  0  -0.003  -4.049   0.056  -0.400   0.541   0.000 01O000M000t
00168 CYS-1A0086_004 f 0.00 -1.000     0  9.10  0 -1   0.000  -3.981   0.056  -2.132   5.648   0.000 -1O000M000t
00169 LEU01A0087_001 f 0.00  0.000     0  0.00  0  0  -3.547  -1.242   0.450   0.000   0.000   0.000 01O000M000t
00170 THR01A0088_001 f 0.00  0.000     0  0.00  0  0  -2.947  -1.049   0.385  -0.391   0.157   0.000 01O000M000t
00171 THR01A0088_002 f 0.00  0.000     0  0.00  0  0  -2.947  -1.049   0.385   0.292   0.681   0.000 01O000M000t
00172 SER01A0089_001 f 0.00  0.000     0  0.00  0  0  -3.476  11.314   0.900  -2.294   0.819   0.000 01O000M000t
00173 SER01A0089_002 f 0.00  0.000     0  0.00  0  0  -3.476  11.314   0.900   0.686   1.057   0.000 01O000M000t
00174 THR01A0090_001 f 0.00  0.000     0  0.00  0  0  -0.309   0.147   0.396   0.183   1.600   0.000 01O000M000t
00175 THR01A0090_002 f 0.00  0.000     0  0.00  0  0  -0.309   0.147   0.020  -1.017   1.546   0.000 01O000M000t
00176 VAL01A0091_001 f 0.00  0.000     0  0.00  0  0   0.116  -0.245   0.156   0.000   0.000   0.000 01O000M000t
00177 GLN01A0092_001 f 0.00  0.000     0  0.00  0  0   3.190  -4.856   0.562  -0.086   1.250   0.000 01O000M000t
00178 GLN01A0092_002 f 0.00  0.000     0  0.00  0  0   1.582  -4.792   0.560  -0.285   1.081   0.000 01R001M000t
00179 LEU01A0093_001 f 0.00  0.000     0  0.00  0  0   1.766  -4.008   0.677   0.000   0.000   0.000 01O000M000t
00180 ILE01A0094_001 f 0.00  0.000     0  0.00  0  0   1.454  -2.553   0.953   0.000   0.000   0.000 01O000M000t
00181 THR01A0095_001 f 0.00  0.000     0  0.00  0  0   0.205  -0.668   0.437   0.259   1.242   0.000 01O000M000t
00182 THR01A0095_002 f 0.00  0.000     0  0.00  0  0   0.205  -0.668   0.437  -1.387   1.184   0.000 01O000M000t
00183 GLN01A0096_001 f 0.00  0.000     0  0.00  0  0  -0.929  -1.724   2.112  -0.018   0.733   0.000 01O000M000t
00184 GLN01A0096_002 f 0.00  0.000     0  0.00  0  0  -1.004  -1.712   2.088   0.195   0.247   0.000 01R001M000t
00185 LEU01A0097_001 f 0.00  0.000     0  0.00  0  0   1.193  -6.196   0.620   0.000   0.000   0.000 01O000M000t
00186 MET01A0098_001 f 0.00  0.000     0  0.00  0  0   0.044  -4.556   1.968   0.117   0.087   0.000 01O000M000t
00187 PRO01A0099_001 f 0.00  0.000     0  0.00  0  0  -3.228  -2.173   0.000   0.000   0.000   0.000 01O000M000t
00188 PHE01A0100_001 f 0.00  0.000     0  0.00  0  0   2.373  -4.716   0.767   0.000   0.000   0.000 01O000M000t
00189 CYS01A0102_001 f 0.00  0.000     0  0.00  0  0  -0.002  -3.979   0.047  -0.608   0.766   0.000 01O000M000t
00190 CYS01A0102_002 f 0.00  0.000     0  0.00  0  0  -0.002  -4.082   0.047   0.719   0.930   0.000 01O000M000t
00191 CYS01A0102_003 f 0.00  0.000     0  0.00  0  0  -0.002  -3.957   0.047  -0.550   0.927   0.000 01O000M000t
00192 CYS-1A0102_004 f 0.00 -1.000     0  9.10  0 -1   0.000  -3.926   0.047  -5.639   9.980   0.000 -1O000M000t
00193 LEU01A0103_001 f 0.00  0.000     0  0.00  0  0   1.689  -4.685   0.416   0.000   0.000   0.000 01O000M000t
00194 LEU01A0104_001 f 0.00  0.000     0  0.00  0  0   1.244  -4.358   0.515   0.000   0.000   0.000 01O000M000t
00195 ASP01A0105_001 f 0.00  0.000     0  0.00  0  0  -1.699  -0.378   3.004   1.464   1.261   0.000 01O000M000t
00196 ASP01A0105_002 f 0.00  0.000     0  0.00  0  0  -1.699  -0.378   0.284   0.203   0.782   0.000 01O000M000t
00197 ASP02A0105_003 f 0.00  0.000     0  0.00  0  0  -1.652  -0.951   3.004  -0.124   0.151   0.000 02O000M000t
00198 ASP02A0105_004 f 0.00  0.000     0  0.00  0  0  -1.652  -0.951   0.284  -0.083   1.102   0.000 02O000M000t
00199 ASP-1A0105_005 f 0.00 -1.000     0  4.75  0 -1  -1.654  -0.909   0.284  -1.731   2.930   0.000 -1O000M000t
00200 TYR01A0106_001 f 0.00  0.000     0  0.00  0  0   4.176  -8.513   0.389   0.238   2.535   0.000 01O000M000t
00201 TYR01A0106_002 f 0.00  0.000     0  0.00  0  0   4.176  -8.513   0.389   0.286   2.612   0.000 01O000M000t
00202 TYR-1A0106_003 f 0.00 -1.000     0 10.20  0 -1   4.176  -8.513   0.389  -1.011  12.504   0.000 -1O000M000t
00203 VAL01A0107_001 f 0.00  0.000     0  0.00  0  0   0.601  -3.807   0.001   0.000   0.000   0.000 01O000M000t
00204 ARG01A0108_001 f 0.00  0.000     0  0.00  0  0  -3.377  -5.708   1.122   0.508   2.089   0.000 01O000M000t
00205 ARG02A0108_002 f 0.00  0.000     0  0.00  0  0  -3.416  -5.545   1.122  -1.195   2.706   0.000 02O000M000t
00206 ARG03A0108_003 f 0.00  0.000     0  0.00  0  0  -3.417  -5.447   1.122  -0.525   2.299   0.000 03O000M000t
00207 ARG+1A0108_004 f 0.00  1.000     0 12.50  0  1  -3.460  -5.550   1.122  -2.379   3.744   0.000 +1O000M000t
00208 GLU01A0109_001 f 0.00  0.000     0  0.00  0  0  -1.868  -2.573   3.057   0.247  -0.072   0.000 01O000M000t
00209 GLU01A0109_002 f 0.00  0.000     0  0.00  0  0  -1.868  -2.573   0.337   0.066   0.705   0.000 01O000M000t
00210 GLU02A0109_003 f 0.00  0.000     0  0.00  0  0  -2.093  -2.737   3.057   0.023  -0.338   0.000 02O000M000t
00211 GLU02A0109_004 f 0.00  0.000     0  0.00  0  0  -2.093  -2.737   0.337   0.049   0.619   0.000 02O000M000t
00212 GLU-1A0109_005 f 0.00 -1.000     0  4.75  0 -1  -2.153  -2.693   0.337   0.114   0.337   0.000 -1O000M000t
00213 HIS01A0110_001 f 0.00  0.000     0  0.00  0  0  -0.712  -5.069   0.045  -0.037   1.765   0.000 01O000M000t
00214 HIS01A0110_002 f 0.00  0.000     0  0.00  0  0  -0.923  -6.017   0.045   0.680   2.643   0.000 01R001M000t
00215 HIS02A0110_003 f 0.00  0.000     0  0.00  0  0  -0.731  -5.081   0.045  -0.087   1.964   0.000 02O000M000t
00216 HIS02A0110_004 f 0.00  0.000     0  0.00  0  0  -0.935  -6.084   0.045  -0.474   2.473   0.000 02R001M000t
00217 HIS+1A0110_005 f 0.00  1.000     0  6.98  0  1  -0.758  -5.111   0.045  -0.175   2.896   0.000 +1O000M000t
00218 HIS+1A0110_006 f 0.00  1.000     0  6.98  0  1  -0.962  -6.152   0.045  -0.714   4.325   0.000 +1R001M000t
00219 LYS01A0111_001 f 0.00  0.000     0  0.00  0  0  -5.015  -1.491   2.534   0.111   0.075   0.000 01O000M000t
00220 LYS+1A0111_002 f 0.00  1.000     0 10.40  0  1  -5.064  -1.499   2.534  -0.678  -0.156   0.000 +1O000M000t
00221 ASP01A0112_001 f 0.00  0.000     0  0.00  0  0  -2.800   0.599   3.065   0.315  -0.078   0.000 01O000M000t
00222 ASP01A0112_002 f 0.00  0.000     0  0.00  0  0  -2.800   0.599   0.345   0.162   0.659   0.000 01O000M000t
00223 ASP02A0112_003 f 0.00  0.000     0  0.00  0  0  -2.802   0.090   3.065   0.271  -0.393   0.000 02O000M000t
00224 ASP02A0112_004 f 0.00  0.000     0  0.00  0  0  -2.802   0.090   0.345   0.211   0.881   0.000 02O000M000t
00225 ASP-1A0112_005 f 0.00 -1.000     0  4.75  0 -1  -2.780   0.131   0.345  -0.143   0.792   0.000 -1O000M000t
00226 ASN01A0113_001 f 0.00  0.000     0  0.00  0  0  -1.129  -4.126   1.072   0.403   1.051   0.000 01O000M000t
00227 ASN01A0113_002 f 0.00  0.000     0  0.00  0  0  -1.450  -3.297   1.069  -0.213   0.749   0.000 01R001M000t
00228 ILE01A0114_001 f 0.00  0.000     0  0.00  0  0   1.863   1.262   0.899   0.000   0.000   0.000 01O000M000t
00229 SER01A0116_001 f 0.00  0.000     0  0.00  0  0  -0.060  -2.470   0.489   0.111   1.231   0.000 01O000M000t
00230 SER01A0116_002 f 0.00  0.000     0  0.00  0  0  -0.060  -2.470   0.489  -0.080   1.344   0.000 01O000M000t
00231 SER01A0116_003 f 0.00  0.000     0  0.00  0  0  -0.060  -2.470   0.114  -0.777   1.653   0.000 01O000M000t
00232 GLN01A0117_001 f 0.00  0.000     0  0.00  0  0   0.460  -3.828   1.153  -0.612   2.088   0.000 01O000M000t
00233 GLN01A0117_002 f 0.00  0.000     0  0.00  0  0   0.714  -4.028   1.134   0.467   2.072   0.000 01R001M000t
00234 TYR01A0118_001 f 0.00  0.000     0  0.00  0  0   4.185 -10.220   1.255   0.203   1.989   0.000 01O000M000t
00235 TYR01A0118_002 f 0.00  0.000     0  0.00  0  0   4.185 -10.220   1.255   0.095   2.421   0.000 01O000M000t
00236 TYR-1A0118_003 f 0.00 -1.000     0 10.20  0 -1   4.185 -10.220   1.255  -2.496   9.860   0.000 -1O000M000t
00237 LEU01A0119_001 f 0.00  0.000     0  0.00  0  0   1.841  -4.860   0.649   0.000   0.000   0.000 01O000M000t
00238 LEU01A0120_001 f 0.00  0.000     0  0.00  0  0   1.847  -6.785   0.614   0.000   0.000   0.000 01O000M000t
00239 ASN01A0121_001 f 0.00  0.000     0  0.00  0  0  -0.118  -2.940   0.715   0.324   2.161   0.000 01O000M000t
00240 ASN01A0121_002 f 0.00  0.000     0  0.00  0  0  -0.121  -1.731   0.715   0.122   2.007   0.000 01R001M000t
00241 TRP01A0122_001 f 0.00  0.000     0  0.00  0  0   2.641  -8.764   0.005   0.000   0.000   0.000 01O000M000t
00242 CYS01A0123_001 f 0.00  0.000     0  0.00  0  0  -0.002  -2.863   0.032   0.086   0.992   0.000 01O000M000t
00243 CYS01A0123_002 f 0.00  0.000     0  0.00  0  0  -0.002  -2.920   0.032  -0.952   0.995   0.000 01O000M000t
00244 CYS01A0123_003 f 0.00  0.000     0  0.00  0  0  -0.003  -2.847   0.032  -0.105   0.995   0.000 01O000M000t
00245 CYS-1A0123_004 f 0.00 -1.000     0  9.10  0 -1   0.000  -2.812   0.032  -3.101  15.223   0.000 -1O000M000t
00246 VAL01A0124_001 f 0.00  0.000     0  0.00  0  0   0.265  -1.451   0.202   0.000   0.000   0.000 01O000M000t
00247 GLN01A0125_001 f 0.00  0.000     0  0.00  0  0   0.919  -1.734   0.720  -2.391   2.488   0.000 01O000M000t
00248 ILE01A0126_001 f 0.00  0.000     0  0.00  0  0   1.777  -1.508   0.550   0.000   0.000   0.000 01O000M000t
00249 ALA01A0127_001 f 0.00  0.000     0  0.00  0  0   0.000  -2.695   0.000   0.000   0.000   0.000 01O000M000t
00250 LYS01A0128_001 f 0.00  0.000     0  0.00  0  0  -1.998  -4.072   2.864   0.046   0.491   0.000 01O000M000t
00251 LYS+1A0128_002 f 0.00  1.000     0 10.40  0  1  -2.046  -4.084   2.864   0.751   2.768   0.000 +1O000M000t
00252 MET01A0130_001 f 0.00  0.000     0  0.00  0  0   1.256  -5.224   0.461   0.009   0.098   0.000 01O000M000t
00253 ASN01A0131_001 f 0.00  0.000     0  0.00  0  0  -0.702  -4.348   1.136   0.073   0.772   0.000 01O000M000t
00254 ASN01A0131_002 f 0.00  0.000     0  0.00  0  0  -0.864  -4.172   1.147   1.037   0.512   0.000 01R001M000t
00255 TYR01A0132_001 f 0.00  0.000     0  0.00  0  0   1.967  -5.488   0.147  -0.581   1.318   0.000 01O000M000t
00256 TYR01A0132_002 f 0.00  0.000     0  0.00  0  0   1.967  -5.488   0.147   1.670   1.719   0.000 01O000M000t
00257 TYR-1A0132_003 f 0.00 -1.000     0 10.20  0 -1   1.967  -5.488   0.147  -1.603   6.063   0.000 -1O000M000t
00258 LEU01A0133_001 f 0.00  0.000     0  0.00  0  0   1.841  -4.731   0.507   0.000   0.000   0.000 01O000M000t
00259 GLU01A0134_001 f 0.00  0.000     0  0.00  0  0   1.600  -3.896   3.610   0.233   1.736   0.000 01O000M000t
00260 GLU01A0134_002 f 0.00  0.000     0  0.00  0  0   1.600  -3.896   0.890   0.643   2.200   0.000 01O000M000t
00261 GLU02A0134_003 f 0.00  0.000     0  0.00  0  0   1.070  -3.845   3.610  -0.817   0.741   0.000 02O000M000t
00262 GLU02A0134_004 f 0.00  0.000     0  0.00  0  0   1.070  -3.845   0.890  -0.151   2.641   0.000 02O000M000t
00263 GLU-1A0134_005 f 0.00 -1.000     0  4.75  0 -1   1.079  -3.803   0.890  -2.303   6.223   0.000 -1O000M000t
00264 ASP01A0135_001 f 0.00  0.000     0  0.00  0  0  -2.280  -1.870   2.876   0.404   0.140   0.000 01O000M000t
00265 ASP01A0135_002 f 0.00  0.000     0  0.00  0  0  -2.280  -1.870   0.156   0.207   0.638   0.000 01O000M000t
00266 ASP02A0135_003 f 0.00  0.000     0  0.00  0  0  -2.186  -2.308   2.876   0.125  -0.367   0.000 02O000M000t
00267 ASP02A0135_004 f 0.00  0.000     0  0.00  0  0  -2.186  -2.308   0.156   0.112   1.031   0.000 02O000M000t
00268 ASP-1A0135_005 f 0.00 -1.000     0  4.75  0 -1  -2.129  -2.228   0.156   0.133   1.475   0.000 -1O000M000t
00269 ARG01A0136_001 f 0.00  0.000     0  0.00  0  0  -2.028  -4.940   0.784  -0.110   0.996   0.000 01O000M000t
00270 ARG02A0136_002 f 0.00  0.000     0  0.00  0  0  -1.960  -4.900   0.784  -0.423   1.269   0.000 02O000M000t
00271 ARG03A0136_003 f 0.00  0.000     0  0.00  0  0  -2.053  -4.899   0.784   0.227   1.632   0.000 03O000M000t
00272 ARG+1A0136_004 f 0.00  1.000     0 12.50  0  1  -2.097  -4.984   0.784  -0.875   2.235   0.000 +1O000M000t
00273 ARG01A0137_001 f 0.00  0.000     0  0.00  0  0  -2.589  -4.151   0.626  -0.083   1.339   0.000 01O000M000t
00274 ARG02A0137_002 f 0.00  0.000     0  0.00  0  0  -2.568  -4.083   0.626  -0.193   2.335   0.000 02O000M000t
00275 ARG03A0137_003 f 0.00  0.000     0  0.00  0  0  -2.628  -4.161   0.626  -0.151   2.200   0.000 03O000M000t
00276 ARG+1A0137_004 f 0.00  1.000     0 12.50  0  1  -2.671  -4.170   0.626  -0.894   1.440   0.000 +1O000M000t
00277 LEU01A0138_001 f 0.00  0.000     0  0.00  0  0   1.570  -5.330   0.988   0.000   0.000   0.000 01O000M000t
00278 VAL01A0139_001 f 0.00  0.000     0  0.00  0  0   0.787  -3.838   0.001   0.000   0.000   0.000 01O000M000t
00279 HIS01A0140_001 f 0.00  0.000     0  0.00  0  0  -0.151  -7.460   0.317  -2.628   3.935   0.000 01O000M000t
00280 HIS02A0140_002 f 0.00  0.000     0  0.00  0  0  -0.170  -7.619   0.317   3.938   3.936   0.000 02O000M000t
00281 HIS+1A0140_003 f 0.00  1.000     0  6.98  0  1  -0.197  -7.746   0.317   3.526  11.527   0.000 +1O000M000t
00282 ARG01A0141_001 f 0.00  0.000     0  0.00  0  0   1.058  -3.186   0.511  -0.976   3.306   0.000 01O000M000t
00283 ARG02A0141_002 f 0.00  0.000     0  0.00  0  0   1.071  -3.141   0.511   1.377   3.757   0.000 02O000M000t
00284 ARG03A0141_003 f 0.00  0.000     0  0.00  0  0   1.011  -3.192   0.511  -0.880   3.521   0.000 03O000M000t
00285 ARG03A0141_004 f 0.00  0.000     0  0.00  0  0   1.016  -3.193   0.511  -0.813   3.699   0.000 03O000M000t
00286 ARG+1A0141_005 f 0.00  1.000     0 12.50  0  1   0.972  -3.206   0.511  -2.147   7.399   0.000 +1O000M000t
00287 ASP01A0142_001 f 0.00  0.000     0  0.00  0  0  -0.572   1.771   3.220   0.658   1.380   0.000 01O000M000t
00288 ASP01A0142_002 f 0.00  0.000     0  0.00  0  0  -0.572   1.771   0.500   0.039   2.081   0.000 01O000M000t
00289 ASP02A0142_003 f 0.00  0.000     0  0.00  0  0  -0.550   0.964   3.220   0.151   1.449   0.000 02O000M000t
00290 ASP02A0142_004 f 0.00  0.000     0  0.00  0  0  -0.550   0.964   0.500   0.019   2.192   0.000 02O000M000t
00291 ASP-1A0142_005 f 0.00 -1.000     0  4.75  0 -1  -0.575   1.028   0.500  -0.194   7.488   0.000 -1O000M000t
00292 LEU01A0143_001 f 0.00  0.000     0  0.00  0  0   1.413  -4.248   0.561   0.000   0.000   0.000 01O000M000t
00293 ALA01A0144_001 f 0.00  0.000     0  0.00  0  0   0.000   0.336   0.000   0.000   0.000   0.000 01O000M000t
00294 ALA01A0145_001 f 0.00  0.000     0  0.00  0  0   0.000  -1.719   0.000   0.000   0.000   0.000 01O000M000t
00295 ARG01A0146_001 f 0.00  0.000     0  0.00  0  0  -0.272  -2.517   3.264  -0.289   2.255   0.000 01O000M000t
00296 ARG02A0146_002 f 0.00  0.000     0  0.00  0  0  -0.304  -2.516   3.264   0.102   3.363   0.000 02O000M000t
00297 ARG02A0146_003 f 0.00  0.000     0  0.00  0  0  -0.240  -2.522   3.264   0.091   3.400   0.000 02O000M000t
00298 ARG03A0146_004 f 0.00  0.000     0  0.00  0  0  -0.305  -2.519   3.264  -0.281   3.250   0.000 03O000M000t
00299 ARG+1A0146_005 f 0.00  1.000     0 12.50  0  1  -0.349  -2.532   3.264   1.869   4.275   0.000 +1O000M000t
00300 ASN01A0147_001 f 0.00  0.000     0  0.00  0  0   0.155   7.495   0.412  -2.239   1.926   0.000 01O000M000t
00301 ASN01A0147_002 f 0.00  0.000     0  0.00  0  0  -0.175   1.712   0.407   1.670   2.110   0.000 01R001M000t
00302 VAL01A0148_001 f 0.00  0.000     0  0.00  0  0   0.551  -3.225   0.101   0.000   0.000   0.000 01O000M000t
00303 LEU01A0149_001 f 0.00  0.000     0  0.00  0  0   1.642  -5.901   0.709   0.000   0.000   0.000 01O000M000t
00304 VAL01A0150_001 f 0.00  0.000     0  0.00  0  0   0.574  -2.781   0.060   0.000   0.000   0.000 01O000M000t
00305 LYS01A0151_001 f 0.00  0.000     0  0.00  0  0  -3.229  -1.576   2.745  -0.046   0.222   0.000 01O000M000t
00306 LYS+1A0151_002 f 0.00  1.000     0 10.40  0  1  -3.274  -1.578   2.745   0.166   1.112   0.000 +1O000M000t
00307 THR01A0152_001 f 0.00  0.000     0  0.00  0  0  -3.565  -0.523   0.665  -0.611   1.516   0.000 01O000M000t
00308 THR01A0152_002 f 0.00  0.000     0  0.00  0  0  -3.565  -0.523   0.665   2.998   1.642   0.000 01O000M000t
00309 THR01A0152_003 f 0.00  0.000     0  0.00  0  0  -3.565  -0.523   0.290  -2.168   0.882   0.000 01O000M000t
00310 PRO01A0153_001 f 0.00  0.000     0  0.00  0  0  -0.270  -3.472   0.000   0.000   0.000   0.000 01O000M000t
00311 GLN01A0154_001 f 0.00  0.000     0  0.00  0  0   0.696  -2.856   1.571  -0.923   0.774   0.000 01O000M000t
00312 GLN01A0154_002 f 0.00  0.000     0  0.00  0  0   2.307  -2.627   1.565   0.849   0.819   0.000 01R001M000t
00313 HIS01A0155_001 f 0.00  0.000     0  0.00  0  0  -3.165  -2.828   0.235  -1.161   1.879   0.000 01O000M000t
00314 HIS02A0155_002 f 0.00  0.000     0  0.00  0  0  -3.187  -2.985   0.235   1.703   2.078   0.000 02O000M000t
00315 HIS+1A0155_003 f 0.00  1.000     0  6.98  0  1  -3.214  -2.843   0.235  -0.884   3.824   0.000 +1O000M000t
00316 VAL01A0156_001 f 0.00  0.000     0  0.00  0  0   0.673  -3.128   0.076   0.000   0.000   0.000 01O000M000t
00317 LYS01A0157_001 f 0.00  0.000     0  0.00  0  0  -0.385  -8.384   1.097   0.032   0.303   0.000 01O000M000t
00318 LYS+1A0157_002 f 0.00  1.000     0 10.40  0  1  -0.429  -8.408   1.097  -0.154   3.038   0.000 +1O000M000t
00319 ILE01A0158_001 f 0.00  0.000     0  0.00  0  0   1.630  -2.016   0.603   0.000   0.000   0.000 01O000M000t
00320 THR01A0159_001 f 0.00  0.000     0  0.00  0  0   0.240   1.730   1.228   2.214   1.721   0.000 01O000M000t
00321 THR01A0159_002 f 0.00  0.000     0  0.00  0  0   0.240   1.730   1.228  -0.744   1.520   0.000 01O000M000t
00322 ASP01A0160_001 f 0.00  0.000     0  0.00  0  0  -0.602   0.638   5.134   2.010   0.832   0.000 01O000M000t
00323 ASP01A0160_002 f 0.00  0.000     0  0.00  0  0  -0.602   0.638   2.414   0.069   0.904   0.000 01O000M000t
00324 ASP02A0160_003 f 0.00  0.000     0  0.00  0  0  -0.519   0.442   5.134  -0.112   0.254   0.000 02O000M000t
00325 ASP02A0160_004 f 0.00  0.000     0  0.00  0  0  -0.519   0.442   2.414  -0.222   0.629   0.000 02O000M000t
00326 ASP-1A0160_005 f 0.00 -1.000     0  4.75  0 -1  -0.600   0.489   2.414  -1.886   3.179   0.000 -1O000M000t
00327 PHE01A0161_001 f 0.00  0.000     0  0.00  0  0   4.526  -5.960   0.012   0.000   0.000   0.000 01O000M000t
00328 LEU01A0163_001 f 0.00  0.000     0  0.00  0  0  -0.884  -3.648   0.423   0.000   0.000   0.000 01O000M000t
00329 ALA01A0164_001 f 0.00  0.000     0  0.00  0  0   0.000  -2.429   0.000   0.000   0.000   0.000 01O000M000t
00330 LYS01A0165_001 f 0.00  0.000     0  0.00  0  0  -2.762  -3.101   1.714  -0.236   0.482   0.000 01O000M000t
00331 LYS+1A0165_002 f 0.00  1.000     0 10.40  0  1  -2.823  -3.137   1.714  -1.704   2.330   0.000 +1O000M000t
00332 LEU01A0166_001 f 0.00  0.000     0  0.00  0  0  -2.930  -3.076   0.573   0.000   0.000   0.000 01O000M000t
00333 LEU01A0167_001 f 0.00  0.000     0  0.00  0  0   1.409  -6.070   0.506   0.000   0.000   0.000 01O000M000t
00334 ALA01A0169_001 f 0.00  0.000     0  0.00  0  0  -2.109  -0.686   0.000   0.000   0.000   0.000 01O000M000t
00335 GLU01A0170_001 f 0.00  0.000     0  0.00  0  0  -1.968  -0.551   3.036   0.313  -0.163   0.000 01O000M000t
00336 GLU01A0170_002 f 0.00  0.000     0  0.00  0  0  -1.968  -0.551   0.316   0.075   0.604   0.000 01O000M000t
00337 GLU02A0170_003 f 0.00  0.000     0  0.00  0  0  -2.516  -0.538   3.036   0.034  -0.614   0.000 02O000M000t
00338 GLU02A0170_004 f 0.00  0.000     0  0.00  0  0  -2.516  -0.538   0.316   0.041   0.518   0.000 02O000M000t
00339 GLU-1A0170_005 f 0.00 -1.000     0  4.75  0 -1  -2.506  -0.523   0.316  -0.360  -0.199   0.000 -1O000M000t
00340 GLU01A0171_001 f 0.00  0.000     0  0.00  0  0  -0.848  -3.960   3.085   0.599   1.099   0.000 01O000M000t
00341 GLU01A0171_002 f 0.00  0.000     0  0.00  0  0  -0.848  -3.960   0.365  -0.004   0.567   0.000 01O000M000t
00342 GLU02A0171_003 f 0.00  0.000     0  0.00  0  0  -1.258  -3.896   3.085   0.121  -0.330   0.000 02O000M000t
00343 GLU02A0171_004 f 0.00  0.000     0  0.00  0  0  -1.258  -3.896   0.365   0.018   0.866   0.000 02O000M000t
00344 GLU-1A0171_005 f 0.00 -1.000     0  4.75  0 -1  -1.255  -3.866   0.365  -0.607   0.917   0.000 -1O000M000t
00345 LYS01A0172_001 f 0.00  0.000     0  0.00  0  0 -10.101  -1.632   0.900   0.021  -0.243   0.000 01O000M000t
00346 LYS+1A0172_002 f 0.00  1.000     0 10.40  0  1 -10.146  -1.634   0.900  -0.085  -0.535   0.000 +1O000M000t
00347 GLU01A0173_001 f 0.00  0.000     0  0.00  0  0  -0.282  -1.214   3.002   0.316  -0.075   0.000 01O000M000t
00348 GLU01A0173_002 f 0.00  0.000     0  0.00  0  0  -0.282  -1.214   0.282   0.043   0.823   0.000 01O000M000t
00349 GLU02A0173_003 f 0.00  0.000     0  0.00  0  0  -0.597  -1.194   3.002   0.087  -0.269   0.000 02O000M000t
00350 GLU02A0173_004 f 0.00  0.000     0  0.00  0  0  -0.597  -1.194   0.282   0.041   0.989   0.000 02O000M000t
00351 GLU-1A0173_005 f 0.00 -1.000     0  4.75  0 -1  -0.627  -1.169   0.282  -0.664   0.952   0.000 -1O000M000t
00352 TYR01A0174_001 f 0.00  0.000     0  0.00  0  0   1.296  -6.429   0.157   0.205   0.921   0.000 01O000M000t
00353 TYR01A0174_002 f 0.00  0.000     0  0.00  0  0   1.296  -6.429   0.157   0.253   1.057   0.000 01O000M000t
00354 TYR-1A0174_003 f 0.00 -1.000     0 10.20  0 -1   1.296  -6.429   0.157   0.602   3.686   0.000 -1O000M000t
00355 HIS01A0175_001 f 0.00  0.000     0  0.00  0  0  -7.568  -4.516   0.338   0.407   0.823   0.000 01O000M000t
00356 HIS01A0175_002 f 0.00  0.000     0  0.00  0  0  -7.829  -4.443   0.338   0.550   1.130   0.000 01R001M000t
00357 HIS02A0175_003 f 0.00  0.000     0  0.00  0  0  -7.590  -4.531   0.338   0.289   0.692   0.000 02O000M000t
00358 HIS02A0175_004 f 0.00  0.000     0  0.00  0  0  -7.840  -4.499   0.338   0.113   1.007   0.000 02R001M000t
00359 HIS+1A0175_005 f 0.00  1.000     0  6.98  0  1  -7.616  -4.550   0.338   0.233   0.373   0.000 +1O000M000t
00360 HIS+1A0175_006 f 0.00  1.000     0  6.98  0  1  -7.866  -4.512   0.338   0.110   0.839   0.000 +1R001M000t
00361 ALA01A0176_001 f 0.00  0.000     0  0.00  0  0  -0.480  -1.238   0.000   0.000   0.000   0.000 01O000M000t
00362 GLU01A0177_001 f 0.00  0.000     0  0.00  0  0  -3.166  -0.871   3.617   0.061  -0.422   0.000 01O000M000t
00363 GLU01A0177_002 f 0.00  0.000     0  0.00  0  0  -3.166  -0.871   0.897   0.087   0.614   0.000 01O000M000t
00364 GLU02A0177_003 f 0.00  0.000     0  0.00  0  0  -3.313  -0.860   3.617   0.171  -0.574   0.000 02O000M000t
00365 GLU02A0177_004 f 0.00  0.000     0  0.00  0  0  -3.313  -0.860   0.897   0.120   0.624   0.000 02O000M000t
00366 GLU-1A0177_005 f 0.00 -1.000     0  4.75  0 -1  -3.374  -0.838   0.897   0.100  -0.164   0.000 -1O000M000t
00367 LYS01A0180_001 f 0.00  0.000     0  0.00  0  0 -11.566  -0.266   1.895  -0.039  -0.168   0.000 01O000M000t
00368 LYS+1A0180_002 f 0.00  1.000     0 10.40  0  1 -11.611  -0.272   1.895   0.109  -0.461   0.000 +1O000M000t
00369 VAL01A0181_001 f 0.00  0.000     0  0.00  0  0   0.241   0.015   0.103   0.000   0.000   0.000 01O000M000t
00370 PRO01A0182_001 f 0.00  0.000     0  0.00  0  0  -1.341  -0.777   0.000   0.000   0.000   0.000 01O000M000t
00371 ILE01A0183_001 f 0.00  0.000     0  0.00  0  0  -0.562  -1.896   0.628   0.000   0.000   0.000 01O000M000t
00372 LYS01A0184_001 f 0.00  0.000     0  0.00  0  0  -1.334   0.210   1.026  -0.134   0.808   0.000 01O000M000t
00373 LYS+1A0184_002 f 0.00  1.000     0 10.40  0  1  -1.379   2.683   1.026  -4.550   5.081   0.000 +1O000M000t
00374 TRP01A0185_001 f 0.00  0.000     0  0.00  0  0   1.322  -8.671   0.369   0.000   0.000   0.000 01O000M000t
00375 MET01A0186_001 f 0.00  0.000     0  0.00  0  0   0.391  -6.435   1.310   0.081   0.085   0.000 01O000M000t
00376 ALA01A0187_001 f 0.00  0.000     0  0.00  0  0   0.000  -1.653   0.000   0.000   0.000   0.000 01O000M000t
00377 LEU01A0188_001 f 0.00  0.000     0  0.00  0  0   0.925  -3.232   0.899   0.000   0.000   0.000 01O000M000t
00378 GLU01A0189_001 f 0.00  0.000     0  0.00  0  0   0.645  -3.818   7.685  -1.125   1.684   0.000 01O000M000t
00379 GLU01A0189_002 f 0.00  0.000     0  0.00  0  0   0.645  -3.818   4.965  -0.142   2.862   0.000 01O000M000t
00380 GLU02A0189_003 f 0.00  0.000     0  0.00  0  0   0.591  -3.810   7.685   1.318   1.816   0.000 02O000M000t
00381 GLU02A0189_004 f 0.00  0.000     0  0.00  0  0   0.591  -3.810   4.965   0.108   2.795   0.000 02O000M000t
00382 GLU-1A0189_005 f 0.00 -1.000     0  4.75  0 -1   0.471  -3.707   4.965  -5.462  10.653   0.000 -1O000M000t
00383 SER01A0190_001 f 0.00  0.000     0  0.00  0  0   0.000  -1.207   0.465  -2.620   1.730   0.000 01O000M000t
00384 SER01A0190_002 f 0.00  0.000     0  0.00  0  0   0.000  -1.207   0.465   1.370   1.818   0.000 01O000M000t
00385 SER01A0190_003 f 0.00  0.000     0  0.00  0  0   0.000  -1.207   0.090   0.172   1.210   0.000 01O000M000t
00386 ILE01A0191_001 f 0.00  0.000     0  0.00  0  0   1.772  -4.431   0.524   0.000   0.000   0.000 01O000M000t
00387 LEU01A0192_001 f 0.00  0.000     0  0.00  0  0  -1.608  -2.793   0.526   0.000   0.000   0.000 01O000M000t
00388 HIS01A0193_001 f 0.00  0.000     0  0.00  0  0  -6.088  -3.198   0.145   0.499   0.629   0.000 01O000M000t
00389 HIS01A0193_002 f 0.00  0.000     0  0.00  0  0  -6.709  -3.395   0.145  -0.033   0.966   0.000 01R001M000t
00390 HIS02A0193_003 f 0.00  0.000     0  0.00  0  0  -6.106  -3.219   0.145   0.258   0.537   0.000 02O000M000t
00391 HIS02A0193_004 f 0.00  0.000     0  0.00  0  0  -6.722  -3.484   0.145   0.509   1.041   0.000 02R001M000t
00392 HIS+1A0193_005 f 0.00  1.000     0  6.98  0  1  -6.133  -3.228   0.145   0.972   0.479   0.000 +1O000M000t
00393 HIS+1A0193_006 f 0.00  1.000     0  6.98  0  1  -6.748  -3.490   0.145   1.123   1.150   0.000 +1R001M000t
00394 ARG01A0194_001 f 0.00  0.000     0  0.00  0  0  -5.428  -3.896   1.427  -0.424   0.624   0.000 01O000M000t
00395 ARG02A0194_002 f 0.00  0.000     0  0.00  0  0  -5.466  -3.844   1.427  -0.343   1.922   0.000 02O000M000t
00396 ARG03A0194_003 f 0.00  0.000     0  0.00  0  0  -5.466  -3.887   1.427  -0.450   1.393   0.000 03O000M000t
00397 ARG+1A0194_004 f 0.00  1.000     0 12.50  0  1  -5.509  -3.915   1.427  -0.702   0.666   0.000 +1O000M000t
00398 ILE01A0195_001 f 0.00  0.000     0  0.00  0  0  -0.816  -1.848   0.732   0.000   0.000   0.000 01O000M000t
00399 TYR01A0196_001 f 0.00  0.000     0  0.00  0  0   4.289  -8.435   0.069   0.203   1.907   0.000 01O000M000t
00400 TYR01A0196_002 f 0.00  0.000     0  0.00  0  0   4.289  -8.435   0.069   0.573   2.145   0.000 01O000M000t
00401 TYR-1A0196_003 f 0.00 -1.000     0 10.20  0 -1   4.289  -8.435   0.069  -0.261   8.494   0.000 -1O000M000t
00402 THR01A0197_001 f 0.00  0.000     0  0.00  0  0  -0.618   4.956   2.429   3.684   1.556   0.000 01O000M000t
00403 THR01A0197_002 f 0.00  0.000     0  0.00  0  0  -0.618   4.956   2.054  -2.391   0.678   0.000 01O000M000t
00404 HIS01A0198_001 f 0.00  0.000     0  0.00  0  0  -1.753  -6.873   0.007  -0.143   2.168   0.000 01O000M000t
00405 HIS01A0198_002 f 0.00  0.000     0  0.00  0  0  -1.476  -7.122   0.007   0.155   2.306   0.000 01R001M000t
00406 HIS02A0198_003 f 0.00  0.000     0  0.00  0  0  -1.769  -6.929   0.007   0.516   1.931   0.000 02O000M000t
00407 HIS02A0198_004 f 0.00  0.000     0  0.00  0  0  -1.490  -6.943   0.007   0.687   2.463   0.000 02R001M000t
00408 HIS+1A0198_005 f 0.00  1.000     0  6.98  0  1  -1.796  -6.977   0.007   1.090   4.480   0.000 +1O000M000t
00409 HIS+1A0198_006 f 0.00  1.000     0  6.98  0  1  -1.517  -7.146   0.007   0.712   4.996   0.000 +1R001M000t
00410 GLN01A0199_001 f 0.00  0.000     0  0.00  0  0   0.321  -4.082   1.213  -2.784   2.882   0.000 01O000M000t
00411 GLN01A0199_002 f 0.00  0.000     0  0.00  0  0   0.270  -4.053   1.192   2.254   2.389   0.000 01R001M000t
00412 SER01A0200_001 f 0.00  0.000     0  0.00  0  0   0.000  -1.204   0.568   0.173   1.774   0.000 01O000M000t
00413 SER01A0200_002 f 0.00  0.000     0  0.00  0  0   0.000  -1.204   0.193  -0.522   1.669   0.000 01O000M000t
00414 ASP01A0201_001 f 0.00  0.000     0  0.00  0  0   0.020  -1.320   3.089  -2.254   1.926   0.000 01O000M000t
00415 ASP01A0201_002 f 0.00  0.000     0  0.00  0  0   0.020  -1.320   0.369   0.874   2.710   0.000 01O000M000t
00416 ASP02A0201_003 f 0.00  0.000     0  0.00  0  0   0.075  -0.690   3.089  -1.701   2.117   0.000 02O000M000t
00417 ASP02A0201_004 f 0.00  0.000     0  0.00  0  0   0.075  -0.690   0.369   2.612   2.637   0.000 02O000M000t
00418 ASP-1A0201_005 f 0.00 -1.000     0  4.75  0 -1   0.018  -1.724   0.369 -10.516  12.928   0.000 -1O000M000t
00419 VAL01A0202_001 f 0.00  0.000     0  0.00  0  0   0.713  -1.702   0.102   0.000   0.000   0.000 01O000M000t
00420 TRP01A0203_001 f 0.00  0.000     0  0.00  0  0   3.137 -12.237   0.007   0.000   0.000   0.000 01O000M000t
00421 SER01A0204_001 f 0.00  0.000     0  0.00  0  0  -0.241  -3.130   0.395  -2.186   1.222   0.000 01O000M000t
00422 SER01A0204_002 f 0.00  0.000     0  0.00  0  0  -0.241  -3.130   0.020   0.522   0.763   0.000 01O000M000t
00423 TYR01A0205_001 f 0.00  0.000     0  0.00  0  0   4.812  -6.136   0.138   0.629   2.575   0.000 01O000M000t
00424 TYR01A0205_002 f 0.00  0.000     0  0.00  0  0   4.812  -6.136   0.138  -1.470   2.615   0.000 01O000M000t
00425 TYR-1A0205_003 f 0.00 -1.000     0 10.20  0 -1   4.812  -6.136   0.138  -1.255  15.007   0.000 -1O000M000t
00426 VAL01A0207_001 f 0.00  0.000     0  0.00  0  0   0.629  -2.908   0.198   0.000   0.000   0.000 01O000M000t
00427 THR01A0208_001 f 0.00  0.000     0  0.00  0  0   0.227  -3.777   0.407   1.019   1.977   0.000 01O000M000t
00428 THR01A0208_002 f 0.00  0.000     0  0.00  0  0   0.227  -3.777   0.407  -2.241   1.988   0.000 01O000M000t
00429 THR01A0208_003 f 0.00  0.000     0  0.00  0  0   0.227  -3.777   0.032   0.073   1.989   0.000 01O000M000t
00430 VAL01A0209_001 f 0.00  0.000     0  0.00  0  0   0.557  -0.493   0.127   0.000   0.000   0.000 01O000M000t
00431 TRP01A0210_001 f 0.00  0.000     0  0.00  0  0   1.871  -9.762   0.028   0.000   0.000   0.000 01O000M000t
00432 GLU01A0211_001 f 0.00  0.000     0  0.00  0  0   0.647  -2.507   5.054   0.756   2.130   0.000 01O000M000t
00433 GLU01A0211_002 f 0.00  0.000     0  0.00  0  0   0.647  -2.507   2.334   1.499   2.586   0.000 01O000M000t
00434 GLU02A0211_003 f 0.00  0.000     0  0.00  0  0   0.633  -2.880   5.054  -2.816   2.295   0.000 02O000M000t
00435 GLU02A0211_004 f 0.00  0.000     0  0.00  0  0   0.633  -2.880   2.334  -2.032   2.486   0.000 02O000M000t
00436 GLU-1A0211_005 f 0.00 -1.000     0  4.75  0 -1   0.549  -2.788   2.334  -5.124   8.579   0.000 -1O000M000t
00437 LEU01A0212_001 f 0.00  0.000     0  0.00  0  0   1.473  -0.980   0.456   0.000   0.000   0.000 01O000M000t
00438 MET01A0213_001 f 0.00  0.000     0  0.00  0  0   0.046  -0.565   0.294  -0.046   0.099   0.000 01O000M000t
00439 THR01A0214_001 f 0.00  0.000     0  0.00  0  0  -0.352  -1.725   0.385  -1.560   1.938   0.000 01O000M000t
00440 THR01A0214_002 f 0.00  0.000     0  0.00  0  0  -0.352  -1.725   0.385   1.513   1.934   0.000 01O000M000t
00441 PHE01A0215_001 f 0.00  0.000     0  0.00  0  0   2.477  -5.937   0.004   0.000   0.000   0.000 01O000M000t
00442 SER01A0217_001 f 0.00  0.000     0  0.00  0  0  -2.289  -1.133   0.403  -0.164  -0.021   0.000 01O000M000t
00443 SER01A0217_002 f 0.00  0.000     0  0.00  0  0  -2.289  -1.133   0.403  -1.089   0.932   0.000 01O000M000t
00444 SER01A0217_003 f 0.00  0.000     0  0.00  0  0  -2.289  -1.133   0.028  -0.193   0.039   0.000 01O000M000t
00445 LYS01A0218_001 f 0.00  0.000     0  0.00  0  0  -6.646  -1.250   0.917  -0.007  -0.025   0.000 01O000M000t
00446 LYS+1A0218_002 f 0.00  1.000     0 10.40  0  1  -6.692  -1.252   0.917   0.145  -0.169   0.000 +1O000M000t
00447 PRO01A0219_001 f 0.00  0.000     0  0.00  0  0   0.238  -1.063   0.000   0.000   0.000   0.000 01O000M000t
00448 TYR01A0220_001 f 0.00  0.000     0  0.00  0  0   4.086  -3.898   0.319   0.078   1.884   0.000 01O000M000t
00449 TYR01A0220_002 f 0.00  0.000     0  0.00  0  0   4.086  -3.898   0.319  -0.644   1.692   0.000 01O000M000t
00450 TYR-1A0220_003 f 0.00 -1.000     0 10.20  0 -1   4.086  -3.898   0.319   0.481   8.925   0.000 -1O000M000t
00451 ASP01A0221_001 f 0.00  0.000     0  0.00  0  0  -2.292   0.220   3.487   1.631   0.575   0.000 01O000M000t
00452 ASP01A0221_002 f 0.00  0.000     0  0.00  0  0  -2.292   0.220   0.767   0.113   0.710   0.000 01O000M000t
00453 ASP02A0221_003 f 0.00  0.000     0  0.00  0  0  -2.336  -0.377   3.487   0.102  -0.125   0.000 02O000M000t
00454 ASP02A0221_004 f 0.00  0.000     0  0.00  0  0  -2.336  -0.377   0.767   0.008   0.977   0.000 02O000M000t
00455 ASP-1A0221_005 f 0.00 -1.000     0  4.75  0 -1  -2.275  -0.318   0.767  -0.862   1.260   0.000 -1O000M000t
00456 ILE01A0223_001 f 0.00  0.000     0  0.00  0  0  -1.261   1.116   0.581   0.000   0.000   0.000 01O000M000t
00457 PRO01A0224_001 f 0.00  0.000     0  0.00  0  0  -3.834  -1.587   0.000   0.000   0.000   0.000 01O000M000t
00458 ALA01A0225_001 f 0.00  0.000     0  0.00  0  0  -2.489  -0.444   0.000   0.000   0.000   0.000 01O000M000t
00459 SER01A0226_001 f 0.00  0.000     0  0.00  0  0  -4.599   0.385   0.771  -0.462  -0.183   0.000 01O000M000t
00460 GLU01A0227_001 f 0.00  0.000     0  0.00  0  0  -1.133  -2.440   2.962   0.348  -0.129   0.000 01O000M000t
00461 GLU01A0227_002 f 0.00  0.000     0  0.00  0  0  -1.133  -2.440   0.242   0.109   0.560   0.000 01O000M000t
00462 GLU02A0227_003 f 0.00  0.000     0  0.00  0  0  -1.654  -2.423   2.962   0.171  -0.041   0.000 02O000M000t
00463 GLU02A0227_004 f 0.00  0.000     0  0.00  0  0  -1.654  -2.423   0.242   0.067   1.055   0.000 02O000M000t
00464 GLU-1A0227_005 f 0.00 -1.000     0  4.75  0 -1  -1.592  -2.392   0.242  -0.525   1.635   0.000 -1O000M000t
00465 ILE01A0228_001 f 0.00  0.000     0  0.00  0  0   1.484  -1.411   0.487   0.000   0.000   0.000 01O000M000t
00466 SER01A0229_001 f 0.00  0.000     0  0.00  0  0  -1.444  -0.447   0.991   0.006   0.574   0.000 01O000M000t
00467 SER01A0229_002 f 0.00  0.000     0  0.00  0  0  -1.444  -0.447   0.991  -0.020   0.706   0.000 01O000M000t
00468 SER01A0229_003 f 0.00  0.000     0  0.00  0  0  -1.444  -0.447   0.616  -1.034   0.282   0.000 01O000M000t
00469 SER01A0230_001 f 0.00  0.000     0  0.00  0  0  -3.238  -1.524   1.475  -0.406   0.460   0.000 01O000M000t
00470 SER01A0230_002 f 0.00  0.000     0  0.00  0  0  -3.238  -1.524   1.475  -0.235   0.024   0.000 01O000M000t
00471 ILE01A0231_001 f 0.00  0.000     0  0.00  0  0   3.731   0.396   1.456   0.000   0.000   0.000 01O000M000t
00472 LEU01A0232_001 f 0.00  0.000     0  0.00  0  0   1.611  -4.834   0.419   0.000   0.000   0.000 01O000M000t
00473 GLU01A0233_001 f 0.00  0.000     0  0.00  0  0  -1.578  -3.340   4.627  -0.643   1.407   0.000 01O000M000t
00474 GLU01A0233_002 f 0.00  0.000     0  0.00  0  0  -1.578  -3.340   1.907   0.034   0.971   0.000 01O000M000t
00475 GLU02A0233_003 f 0.00  0.000     0  0.00  0  0  -1.676  -3.532   4.627   0.039  -0.344   0.000 02O000M000t
00476 GLU02A0233_004 f 0.00  0.000     0  0.00  0  0  -1.676  -3.532   1.907   0.049   1.120   0.000 02O000M000t
00477 GLU-1A0233_005 f 0.00 -1.000     0  4.75  0 -1  -1.686  -3.498   1.907   0.265   2.298   0.000 -1O000M000t
00478 LYS01A0234_001 f 0.00  0.000     0  0.00  0  0  -8.069  -2.280   1.296   0.034  -0.007   0.000 01O000M000t
00479 LYS+1A0234_002 f 0.00  1.000     0 10.40  0  1  -8.115  -2.285   1.296  -0.178  -0.079   0.000 +1O000M000t
00480 GLU01A0236_001 f 0.00  0.000     0  0.00  0  0  -0.631  -2.244   2.977   0.107   0.267   0.000 01O000M000t
00481 GLU01A0236_002 f 0.00  0.000     0  0.00  0  0  -0.631  -2.244   0.257   0.064   0.933   0.000 01O000M000t
00482 GLU02A0236_003 f 0.00  0.000     0  0.00  0  0  -0.956  -2.234   2.977  -0.025   0.018   0.000 02O000M000t
00483 GLU02A0236_004 f 0.00  0.000     0  0.00  0  0  -0.956  -2.234   0.257   0.060   0.713   0.000 02O000M000t
00484 GLU-1A0236_005 f 0.00 -1.000     0  4.75  0 -1  -0.945  -2.194   0.257  -0.012   1.512   0.000 -1O000M000t
00485 ARG01A0237_001 f 0.00  0.000     0  0.00  0  0   1.184   1.472   3.235   0.640   3.142   0.000 01O000M000t
00486 ARG02A0237_002 f 0.00  0.000     0  0.00  0  0   1.152   1.408   3.235  -1.026   3.793   0.000 02O000M000t
00487 ARG03A0237_003 f 0.00  0.000     0  0.00  0  0   1.147   1.436   3.235  -0.796   3.753   0.000 03O000M000t
00488 ARG+1A0237_004 f 0.00  1.000     0 12.50  0  1   1.107   1.342   3.235  -5.433   6.893   0.000 +1O000M000t
00489 LEU01A0238_001 f 0.00  0.000     0  0.00  0  0   2.017  -3.471   0.848   0.000   0.000   0.000 01O000M000t
00490 PRO01A0239_001 f 0.00  0.000     0  0.00  0  0  -4.949  -0.942   0.000   0.000   0.000   0.000 01O000M000t
00491 GLN01A0240_001 f 0.00  0.000     0  0.00  0  0  -0.473  -4.437   0.634  -0.622   0.868   0.000 01O000M000t
00492 GLN01A0240_002 f 0.00  0.000     0  0.00  0  0   0.386  -4.373   0.634   0.314   0.717   0.000 01R001M000t
00493 PRO01A0241_001 f 0.00  0.000     0  0.00  0  0   0.270  -3.248   0.000   0.000   0.000   0.000 01O000M000t
00494 PRO01A0242_001 f 0.00  0.000     0  0.00  0  0  -5.928   0.300   0.000   0.000   0.000   0.000 01O000M000t
00495 ILE01A0243_001 f 0.00  0.000     0  0.00  0  0   2.763  -1.058   0.931   0.000   0.000   0.000 01O000M000t
00496 CYS01A0244_001 f 0.00  0.000     0  0.00  0  0  -0.002  -3.614   0.266  -0.188   0.992   0.000 01O000M000t
00497 CYS01A0244_002 f 0.00  0.000     0  0.00  0  0  -0.002  -3.654   0.266  -0.077   0.990   0.000 01O000M000t
00498 CYS01A0244_003 f 0.00  0.000     0  0.00  0  0  -0.002  -3.608   0.266  -0.244   0.991   0.000 01O000M000t
00499 CYS-1A0244_004 f 0.00 -1.000     0  9.10  0 -1   0.000  -3.571   0.266  -4.099  13.888   0.000 -1O000M000t
00500 THR01A0245_001 f 0.00  0.000     0  0.00  0  0  -1.034   2.147   0.502  -2.959   1.912   0.000 01O000M000t
00501 THR01A0245_002 f 0.00  0.000     0  0.00  0  0  -1.034   2.147   0.127  -0.650   1.677   0.000 01O000M000t
00502 ILE01A0246_001 f 0.00  0.000     0  0.00  0  0  -5.882   0.622   0.532   0.000   0.000   0.000 01O000M000t
00503 ASP01A0247_001 f 0.00  0.000     0  0.00  0  0  -1.373  -0.573   3.630   3.081   0.983   0.000 01O000M000t
00504 ASP01A0247_002 f 0.00  0.000     0  0.00  0  0  -1.373  -0.573   0.910   0.031   0.668   0.000 01O000M000t
00505 ASP02A0247_003 f 0.00  0.000     0  0.00  0  0  -1.393  -0.927   3.630  -0.096   0.064   0.000 02O000M000t
00506 ASP02A0247_004 f 0.00  0.000     0  0.00  0  0  -1.393  -0.927   0.910  -0.210   0.767   0.000 02O000M000t
00507 ASP-1A0247_005 f 0.00 -1.000     0  4.75  0 -1  -1.432  -0.896   0.910  -1.877   1.435   0.000 -1O000M000t
00508 VAL01A0248_001 f 0.00  0.000     0  0.00  0  0   0.658  -1.098   0.150   0.000   0.000   0.000 01O000M000t
00509 TYR01A0249_001 f 0.00  0.000     0  0.00  0  0   1.995  -7.187   0.070  -1.487   1.907   0.000 01O000M000t
00510 TYR01A0249_002 f 0.00  0.000     0  0.00  0  0   1.995  -7.187   0.070   0.624   1.061   0.000 01O000M000t
00511 TYR-1A0249_003 f 0.00 -1.000     0 10.20  0 -1   1.995  -7.187   0.070   0.305   5.110   0.000 -1O000M000t
00512 MET01A0250_001 f 0.00  0.000     0  0.00  0  0  -5.865   0.337   3.231   0.050   0.050   0.000 01O000M000t
00513 ILE01A0251_001 f 0.00  0.000     0  0.00  0  0   2.193  -0.314   0.561   0.000   0.000   0.000 01O000M000t
00514 MET01A0252_001 f 0.00  0.000     0  0.00  0  0   0.239  -6.885   2.649   0.065   0.098   0.000 01O000M000t
00515 VAL01A0253_001 f 0.00  0.000     0  0.00  0  0  -2.150  -0.294   0.115   0.000   0.000   0.000 01O000M000t
00516 LYS01A0254_001 f 0.00  0.000     0  0.00  0  0  -3.570  -3.863   2.116   0.004  -0.068   0.000 01O000M000t
00517 LYS+1A0254_002 f 0.00  1.000     0 10.40  0  1  -3.615  -3.869   2.116   0.013   0.325   0.000 +1O000M000t
00518 CYS01A0255_001 f 0.00  0.000     0  0.00  0  0  -0.002  -3.206   0.251   0.180   0.926   0.000 01O000M000t
00519 CYS01A0255_002 f 0.00  0.000     0  0.00  0  0  -0.002  -3.274   0.251  -0.452   0.924   0.000 01O000M000t
00520 CYS01A0255_003 f 0.00  0.000     0  0.00  0  0  -0.003  -3.215   0.251   0.205   0.604   0.000 01O000M000t
00521 CYS-1A0255_004 f 0.00 -1.000     0  9.10  0 -1   0.000  -3.144   0.251   0.508  12.538   0.000 -1O000M000t
00522 TRP01A0256_001 f 0.00  0.000     0  0.00  0  0   3.017 -11.514   0.046   0.000   0.000   0.000 01O000M000t
00523 MET01A0257_001 f 0.00  0.000     0  0.00  0  0  -2.970  -4.821   4.679   0.047   0.047   0.000 01O000M000t
00524 ILE01A0258_001 f 0.00  0.000     0  0.00  0  0  -2.865   0.627   0.669   0.000   0.000   0.000 01O000M000t
00525 ASP01A0259_001 f 0.00  0.000     0  0.00  0  0  -2.198  -2.723   4.321  -0.148  -0.158   0.000 01O000M000t
00526 ASP01A0259_002 f 0.00  0.000     0  0.00  0  0  -2.198  -2.723   1.601  -0.170   0.992   0.000 01O000M000t
00527 ASP02A0259_003 f 0.00  0.000     0  0.00  0  0  -2.102  -2.755   4.321   1.694   1.084   0.000 02O000M000t
00528 ASP02A0259_004 f 0.00  0.000     0  0.00  0  0  -2.102  -2.755   1.601   0.107   1.037   0.000 02O000M000t
00529 ASP-1A0259_005 f 0.00 -1.000     0  4.75  0 -1  -2.111  -2.709   1.601  -1.924   1.502   0.000 -1O000M000t
00530 ALA01A0260_001 f 0.00  0.000     0  0.00  0  0  -0.927  -0.878   0.000   0.000   0.000   0.000 01O000M000t
00531 ASP01A0261_001 f 0.00  0.000     0  0.00  0  0  -2.122  -0.878   3.447   0.360  -0.248   0.000 01O000M000t
00532 ASP01A0261_002 f 0.00  0.000     0  0.00  0  0  -2.122  -0.878   0.727   0.271   0.272   0.000 01O000M000t
00533 ASP02A0261_003 f 0.00  0.000     0  0.00  0  0  -2.149  -1.039   3.447   0.534  -0.958   0.000 02O000M000t
00534 ASP02A0261_004 f 0.00  0.000     0  0.00  0  0  -2.149  -1.039   0.727   0.342   0.573   0.000 02O000M000t
00535 ASP-1A0261_005 f 0.00 -1.000     0  4.75  0 -1  -2.120  -1.006   0.727  -0.824   0.464   0.000 -1O000M000t
00536 SER01A0262_001 f 0.00  0.000     0  0.00  0  0  -2.130  -1.431   0.401  -0.355  -0.110   0.000 01O000M000t
00537 SER01A0262_002 f 0.00  0.000     0  0.00  0  0  -2.130  -1.431   0.401   0.235   0.811   0.000 01O000M000t
00538 ARG01A0263_001 f 0.00  0.000     0  0.00  0  0   2.685  -6.863   4.545   1.749   4.079   0.000 01O000M000t
00539 ARG02A0263_002 f 0.00  0.000     0  0.00  0  0   2.637  -6.901   4.545  -0.210   4.578   0.000 02O000M000t
00540 ARG02A0263_003 f 0.00  0.000     0  0.00  0  0   2.695  -6.740   4.545   2.046   4.786   0.000 02O000M000t
00541 ARG03A0263_004 f 0.00  0.000     0  0.00  0  0   2.633  -6.939   4.545  -0.919   4.775   0.000 03O000M000t
00542 ARG03A0263_005 f 0.00  0.000     0  0.00  0  0   2.639  -6.850   4.545   0.607   4.625   0.000 03O000M000t
00543 ARG+1A0263_006 f 0.00  1.000     0 12.50  0  1   2.594  -6.992   4.545  -3.981  10.615   0.000 +1O000M000t
00544 PRO01A0264_001 f 0.00  0.000     0  0.00  0  0   0.048  -3.198   0.000   0.000   0.000   0.000 01O000M000t
00545 LYS01A0265_001 f 0.00  0.000     0  0.00  0  0  -2.023  -1.679   3.023  -0.119   0.372   0.000 01O000M000t
00546 LYS+1A0265_002 f 0.00  1.000     0 10.40  0  1  -2.068  -1.688   3.023   0.425   2.352   0.000 +1O000M000t
00547 PHE01A0266_001 f 0.00  0.000     0  0.00  0  0   4.481  -9.326   0.597   0.000   0.000   0.000 01O000M000t
00548 ARG01A0267_001 f 0.00  0.000     0  0.00  0  0  -6.449  -1.844   0.405   0.088   0.670   0.000 01O000M000t
00549 ARG02A0267_002 f 0.00  0.000     0  0.00  0  0  -6.464  -1.844   0.405  -0.058   1.844   0.000 02O000M000t
00550 ARG02A0267_003 f 0.00  0.000     0  0.00  0  0  -6.374  -1.838   0.405  -0.358   1.525   0.000 02O000M000t
00551 ARG03A0267_004 f 0.00  0.000     0  0.00  0  0  -6.471  -1.847   0.405   0.029   1.860   0.000 03O000M000t
00552 ARG03A0267_005 f 0.00  0.000     0  0.00  0  0  -6.467  -1.847   0.405   0.054   1.799   0.000 03O000M000t
00553 ARG+1A0267_006 f 0.00  1.000     0 12.50  0  1  -6.510  -1.849   0.405   0.751   0.767   0.000 +1O000M000t
00554 GLU01A0268_001 f 0.00  0.000     0  0.00  0  0  -0.524  -3.335   3.133   1.697   0.928   0.000 01O000M000t
00555 GLU01A0268_002 f 0.00  0.000     0  0.00  0  0  -0.524  -3.335   0.413  -0.079   0.685   0.000 01O000M000t
00556 GLU02A0268_003 f 0.00  0.000     0  0.00  0  0  -0.877  -3.339   3.133  -0.127  -0.344   0.000 02O000M000t
00557 GLU02A0268_004 f 0.00  0.000     0  0.00  0  0  -0.877  -3.339   0.413  -0.228   0.527   0.000 02O000M000t
00558 GLU-1A0268_005 f 0.00 -1.000     0  4.75  0 -1  -0.825  -3.307   0.413  -1.023   0.852   0.000 -1O000M000t
00559 LEU01A0269_001 f 0.00  0.000     0  0.00  0  0   2.090  -4.746   1.097   0.000   0.000   0.000 01O000M000t
00560 ILE01A0270_001 f 0.00  0.000     0  0.00  0  0   1.787  -1.103   0.939   0.000   0.000   0.000 01O000M000t
00561 ILE01A0271_001 f 0.00  0.000     0  0.00  0  0   0.910  -1.752   0.774   0.000   0.000   0.000 01O000M000t
00562 GLU01A0272_001 f 0.00  0.000     0  0.00  0  0  -0.924  -2.799   5.025   0.390   0.869   0.000 01O000M000t
00563 GLU01A0272_002 f 0.00  0.000     0  0.00  0  0  -0.924  -2.799   2.305   0.111   0.840   0.000 01O000M000t
00564 GLU02A0272_003 f 0.00  0.000     0  0.00  0  0  -1.153  -2.719   5.025   0.285   0.293   0.000 02O000M000t
00565 GLU02A0272_004 f 0.00  0.000     0  0.00  0  0  -1.153  -2.719   2.305   0.110   0.789   0.000 02O000M000t
00566 GLU-1A0272_005 f 0.00 -1.000     0  4.75  0 -1  -0.993  -2.751   2.305  -0.282   1.452   0.000 -1O000M000t
00567 PHE01A0273_001 f 0.00  0.000     0  0.00  0  0   4.706  -5.762   1.036   0.000   0.000   0.000 01O000M000t
00568 SER01A0274_001 f 0.00  0.000     0  0.00  0  0  -0.241  -1.756   0.894  -0.109   0.268   0.000 01O000M000t
00569 SER01A0274_002 f 0.00  0.000     0  0.00  0  0  -0.241  -1.756   0.894  -0.157   0.456   0.000 01O000M000t
00570 SER01A0274_003 f 0.00  0.000     0  0.00  0  0  -0.241  -1.756   0.519  -0.423   1.024   0.000 01O000M000t
00571 LYS01A0275_001 f 0.00  0.000     0  0.00  0  0  -3.848  -3.549   1.076   0.038   0.288   0.000 01O000M000t
00572 LYS+1A0275_002 f 0.00  1.000     0 10.40  0  1  -3.893  -3.556   1.076  -0.240   0.997   0.000 +1O000M000t
00573 MET01A0276_001 f 0.00  0.000     0  0.00  0  0  -0.412  -5.400   0.229  -0.050   0.092   0.000 01O000M000t
00574 ALA01A0277_001 f 0.00  0.000     0  0.00  0  0   0.000  -1.780   0.000   0.000   0.000   0.000 01O000M000t
00575 ARG01A0278_001 f 0.00  0.000     0  0.00  0  0   0.118  -6.031   0.822   0.396   2.720   0.000 01O000M000t
00576 ARG02A0278_002 f 0.00  0.000     0  0.00  0  0   0.140  -6.046   0.822   0.692   3.267   0.000 02O000M000t
00577 ARG03A0278_003 f 0.00  0.000     0  0.00  0  0   0.076  -6.000   0.822   1.321   3.551   0.000 03O000M000t
00578 ARG+1A0278_004 f 0.00  1.000     0 12.50  0  1   0.037  -6.083   0.822  -0.878   3.974   0.000 +1O000M000t
00579 ASP01A0279_001 f 0.00  0.000     0  0.00  0  0  -2.196   0.899   2.861   2.102   0.852   0.000 01O000M000t
00580 ASP01A0279_002 f 0.00  0.000     0  0.00  0  0  -2.196   0.899   0.141  -0.120   0.835   0.000 01O000M000t
00581 ASP02A0279_003 f 0.00  0.000     0  0.00  0  0  -2.193   0.265   2.861  -0.541   0.176   0.000 02O000M000t
00582 ASP02A0279_004 f 0.00  0.000     0  0.00  0  0  -2.193   0.265   0.141  -0.422   0.792   0.000 02O000M000t
00583 ASP-1A0279_005 f 0.00 -1.000     0  4.75  0 -1  -2.189   0.327   0.141  -1.417   2.063   0.000 -1O000M000t
00584 PRO01A0280_001 f 0.00  0.000     0  0.00  0  0  -0.574  -4.026   0.000   0.000   0.000   0.000 01O000M000t
00585 GLN01A0281_001 f 0.00  0.000     0  0.00  0  0  -0.686  -2.305   3.249   0.413   0.749   0.000 01O000M000t
00586 GLN01A0281_002 f 0.00  0.000     0  0.00  0  0  -0.689  -2.187   3.287  -0.099   0.289   0.000 01R001M000t
00587 ARG01A0282_001 f 0.00  0.000     0  0.00  0  0  -7.111   0.473   1.279   0.025   0.246   0.000 01O000M000t
00588 ARG02A0282_002 f 0.00  0.000     0  0.00  0  0  -7.153   0.467   1.279   0.051   1.114   0.000 02O000M000t
00589 ARG03A0282_003 f 0.00  0.000     0  0.00  0  0  -7.153   0.467   1.279   0.011   0.971   0.000 03O000M000t
00590 ARG+1A0282_004 f 0.00  1.000     0 12.50  0  1  -7.196   0.466   1.279  -0.073   0.321   0.000 +1O000M000t
00591 TYR01A0283_001 f 0.00  0.000     0  0.00  0  0   2.563  -6.552   0.004   0.264   0.837   0.000 01O000M000t
00592 TYR01A0283_002 f 0.00  0.000     0  0.00  0  0   2.563  -6.552   0.004   0.164   0.843   0.000 01O000M000t
00593 TYR-1A0283_003 f 0.00 -1.000     0 10.20  0 -1   2.563  -6.552   0.004  -0.121   2.969   0.000 -1O000M000t
00594 LEU01A0284_001 f 0.00  0.000     0  0.00  0  0   1.411  -5.955   0.438   0.000   0.000   0.000 01O000M000t
00595 VAL01A0285_001 f 0.00  0.000     0  0.00  0  0  -4.271   0.057   0.033   0.000   0.000   0.000 01O000M000t
00596 ILE01A0286_001 f 0.00  0.000     0  0.00  0  0   1.437  -4.544   0.667   0.000   0.000   0.000 01O000M000t
00597 GLN01A0287_001 f 0.00  0.000     0  0.00  0  0  -3.354  -1.548   0.588  -0.034   0.121   0.000 01O000M000t
00598 GLN01A0287_002 f 0.00  0.000     0  0.00  0  0  -3.067  -1.482   0.581   0.147  -0.090   0.000 01R001M000t
00599 ASP01A0289_001 f 0.00  0.000     0  0.00  0  0   0.074   1.017   3.511   0.135   2.230   0.000 01O000M000t
00600 ASP01A0289_002 f 0.00  0.000     0  0.00  0  0   0.074   1.017   0.791   2.071   2.181   0.000 01O000M000t
00601 ASP02A0289_003 f 0.00  0.000     0  0.00  0  0   0.152   0.441   3.511  -0.759   1.356   0.000 02O000M000t
00602 ASP02A0289_004 f 0.00  0.000     0  0.00  0  0   0.152   0.441   0.791   0.021   2.522   0.000 02O000M000t
00603 ASP-1A0289_005 f 0.00 -1.000     0  4.75  0 -1   0.070   0.574   0.791  -4.443   7.362   0.000 -1O000M000t
00604 GLU01A0290_001 f 0.00  0.000     0  0.00  0  0  -1.583  -1.896   5.373  -0.567   0.054   0.000 01O000M000t
00605 GLU01A0290_002 f 0.00  0.000     0  0.00  0  0  -1.583  -1.896   2.653  -0.336   1.244   0.000 01O000M000t
00606 GLU02A0290_003 f 0.00  0.000     0  0.00  0  0  -1.660  -1.678   5.373   0.956   0.378   0.000 02O000M000t
00607 GLU02A0290_004 f 0.00  0.000     0  0.00  0  0  -1.660  -1.678   2.653   0.577   1.131   0.000 02O000M000t
00608 GLU-1A0290_005 f 0.00 -1.000     0  4.75  0 -1  -1.670  -1.808   2.653  -3.629   2.452   0.000 -1O000M000t
00609 ARG01A0291_001 f 0.00  0.000     0  0.00  0  0  -4.668  -1.502   2.578  -0.169   0.848   0.000 01O000M000t
00610 ARG02A0291_002 f 0.00  0.000     0  0.00  0  0  -4.588  -1.413   2.578  -0.071   1.729   0.000 02O000M000t
00611 ARG03A0291_003 f 0.00  0.000     0  0.00  0  0  -4.701  -1.499   2.578  -0.179   1.844   0.000 03O000M000t
00612 ARG+1A0291_004 f 0.00  1.000     0 12.50  0  1  -4.746  -1.514   2.578  -0.033   0.855   0.000 +1O000M000t
00613 MET01A0292_001 f 0.00  0.000     0  0.00  0  0  -0.372  -9.459   0.257   0.039   0.091   0.000 01O000M000t
00614 HIS01A0293_001 f 0.00  0.000     0  0.00  0  0  -3.431  -8.618   0.021   0.485   1.184   0.000 01O000M000t
00615 HIS01A0293_002 f 0.00  0.000     0  0.00  0  0  -3.254  -8.530   0.021   0.328   1.916   0.000 01R001M000t
00616 HIS02A0293_003 f 0.00  0.000     0  0.00  0  0  -3.449  -8.685   0.021   0.365   1.428   0.000 02O000M000t
00617 HIS02A0293_004 f 0.00  0.000     0  0.00  0  0  -3.268  -8.593   0.021   0.510   1.871   0.000 02R001M000t
00618 HIS+1A0293_005 f 0.00  1.000     0  6.98  0  1  -3.476  -8.726   0.021   1.386   2.223   0.000 +1O000M000t
00619 HIS+1A0293_006 f 0.00  1.000     0  6.98  0  1  -3.294  -8.614   0.021   1.486   3.425   0.000 +1R001M000t
00620 LEU01A0294_001 f 0.00  0.000     0  0.00  0  0  -2.862  -3.246   0.797   0.000   0.000   0.000 01O000M000t
00621 PRO01A0295_001 f 0.00  0.000     0  0.00  0  0   0.303  -2.459   0.000   0.000   0.000   0.000 01O000M000t
00622 SER01A0296_001 f 0.00  0.000     0  0.00  0  0  -3.403  -0.894   0.577  -0.301   0.040   0.000 01O000M000t
00623 PRO01A0297_001 f 0.00  0.000     0  0.00  0  0  -4.790  -0.309   0.000   0.000   0.000   0.000 01O000M000t
00624 THR01A0298_001 f 0.00  0.000     0  0.00  0  0  -1.480  -0.648   0.628  -0.522   1.441   0.000 01O000M000t
00625 THR01A0298_002 f 0.00  0.000     0  0.00  0  0  -1.480  -0.648   0.252  -1.984   0.713   0.000 01O000M000t
00626 ASP01A0299_001 f 0.00  0.000     0  0.00  0  0  -2.886   0.526   3.805   0.684  -0.808   0.000 01O000M000t
00627 ASP01A0299_002 f 0.00  0.000     0  0.00  0  0  -2.886   0.526   1.085   0.310   0.211   0.000 01O000M000t
00628 ASP02A0299_003 f 0.00  0.000     0  0.00  0  0  -2.875   0.012   3.805   0.520  -0.353   0.000 02O000M000t
00629 ASP02A0299_004 f 0.00  0.000     0  0.00  0  0  -2.875   0.012   1.085   0.339   0.472   0.000 02O000M000t
00630 ASP-1A0299_005 f 0.00 -1.000     0  4.75  0 -1  -2.797   0.053   1.085  -0.674   0.310   0.000 -1O000M000t
00631 SER01A0300_001 f 0.00  0.000     0  0.00  0  0  -0.048  -1.422   0.993  -0.310   1.108   0.000 01O000M000t
00632 SER01A0300_002 f 0.00  0.000     0  0.00  0  0  -0.048  -1.422   0.992  -0.013   1.564   0.000 01O000M000t
00633 SER01A0300_003 f 0.00  0.000     0  0.00  0  0  -0.048  -1.422   0.617  -0.772   1.063   0.000 01O000M000t
00634 ASN01A0301_001 f 0.00  0.000     0  0.00  0  0  -0.036  -4.047   0.739   0.358   1.504   0.000 01O000M000t
00635 ASN01A0301_002 f 0.00  0.000     0  0.00  0  0  -0.310  -2.822   0.732   0.417   1.472   0.000 01R001M000t
00636 PHE01A0302_001 f 0.00  0.000     0  0.00  0  0  -3.101   0.072   0.883   0.000   0.000   0.000 01O000M000t
00637 TYR01A0303_001 f 0.00  0.000     0  0.00  0  0  -0.906  -5.162   0.028   0.241   0.486   0.000 01O000M000t
00638 TYR-1A0303_002 f 0.00 -1.000     0 10.20  0 -1  -0.906  -5.162   0.028  -0.207   1.175   0.000 -1O000M000t
00639 ARG01A0304_001 f 0.00  0.000     0  0.00  0  0   0.890   1.343   0.523   0.348   3.161   0.000 01O000M000t
00640 ARG02A0304_002 f 0.00  0.000     0  0.00  0  0   0.860   1.341   0.523  -0.674   3.668   0.000 02O000M000t
00641 ARG03A0304_003 f 0.00  0.000     0  0.00  0  0   0.979   1.274   0.523  -1.225   3.386   0.000 03O000M000t
00642 ARG+1A0304_004 f 0.00  1.000     0 12.50  0  1   0.820   1.243   0.523  -3.145   5.309   0.000 +1O000M000t
00643 ALA01A0305_001 f 0.00  0.000     0  0.00  0  0  -3.190  -1.016   0.000   0.000   0.000   0.000 01O000M000t
00644 LEU01A0306_001 f 0.00  0.000     0  0.00  0  0  -4.228  -2.332   0.485   0.000   0.000   0.000 01O000M000t
00645 MET01A0307_001 f 0.00  0.000     0  0.00  0  0  -2.631  -2.734   1.615  -0.079   0.056   0.000 01O000M000t
00646 ASP01A0308_001 f 0.00  0.000     0  0.00  0  0  -2.824  -0.743   3.118   0.549  -0.421   0.000 01O000M000t
00647 ASP01A0308_002 f 0.00  0.000     0  0.00  0  0  -2.824  -0.743   0.398   0.277   0.458   0.000 01O000M000t
00648 ASP02A0308_003 f 0.00  0.000     0  0.00  0  0  -2.732  -1.060   3.118   0.516  -0.382   0.000 02O000M000t
00649 ASP02A0308_004 f 0.00  0.000     0  0.00  0  0  -2.732  -1.060   0.398   0.286   0.603   0.000 02O000M000t
00650 ASP-1A0308_005 f 0.00 -1.000     0  4.75  0 -1  -2.757  -1.022   0.398  -0.576   0.042   0.000 -1O000M000t
00651 GLU01A0309_001 f 0.00  0.000     0  0.00  0  0  -2.658  -0.827   3.172   0.197  -0.955   0.000 01O000M000t
00652 GLU01A0309_002 f 0.00  0.000     0  0.00  0  0  -2.658  -0.827   0.452   0.111   0.145   0.000 01O000M000t
00653 GLU02A0309_003 f 0.00  0.000     0  0.00  0  0  -3.009  -0.820   3.172   0.251  -0.604   0.000 02O000M000t
00654 GLU02A0309_004 f 0.00  0.000     0  0.00  0  0  -3.009  -0.820   0.452   0.128   0.592   0.000 02O000M000t
00655 GLU-1A0309_005 f 0.00 -1.000     0  4.75  0 -1  -3.014  -0.801   0.452  -0.208  -0.396   0.000 -1O000M000t
00656 GLU01A0310_001 f 0.00  0.000     0  0.00  0  0  -1.866  -1.120   3.027   0.285  -0.318   0.000 01O000M000t
00657 GLU01A0310_002 f 0.00  0.000     0  0.00  0  0  -1.866  -1.120   0.307   0.087   0.605   0.000 01O000M000t
00658 GLU02A0310_003 f 0.00  0.000     0  0.00  0  0  -2.208  -1.107   3.027   0.096  -0.959   0.000 02O000M000t
00659 GLU02A0310_004 f 0.00  0.000     0  0.00  0  0  -2.208  -1.107   0.307   0.070   0.266   0.000 02O000M000t
00660 GLU-1A0310_005 f 0.00 -1.000     0  4.75  0 -1  -2.157  -1.094   0.307  -0.303  -0.209   0.000 -1O000M000t
00661 ASP01A0311_001 f 0.00  0.000     0  0.00  0  0  -2.750  -1.489   3.050   0.643  -0.324   0.000 01O000M000t
00662 ASP01A0311_002 f 0.00  0.000     0  0.00  0  0  -2.750  -1.489   0.330   0.304   0.486   0.000 01O000M000t
00663 ASP02A0311_003 f 0.00  0.000     0  0.00  0  0  -2.438  -1.844   3.050   0.662   0.045   0.000 02O000M000t
00664 ASP02A0311_004 f 0.00  0.000     0  0.00  0  0  -2.438  -1.844   0.330   0.338   0.695   0.000 02O000M000t
00665 ASP-1A0311_005 f 0.00 -1.000     0  4.75  0 -1  -2.538  -1.782   0.330  -0.937   0.339   0.000 -1O000M000t
00666 MET01A0312_001 f 0.00  0.000     0  0.00  0  0  -3.144  -7.413   0.902  -0.017   0.059   0.000 01O000M000t
00667 ASP01A0313_001 f 0.00  0.000     0  0.00  0  0  -3.049  -1.297   3.577   0.498  -0.712   0.000 01O000M000t
00668 ASP01A0313_002 f 0.00  0.000     0  0.00  0  0  -3.049  -1.297   0.857   0.341   0.127   0.000 01O000M000t
00669 ASP02A0313_003 f 0.00  0.000     0  0.00  0  0  -2.900  -1.577   3.577   0.426  -0.425   0.000 02O000M000t
00670 ASP02A0313_004 f 0.00  0.000     0  0.00  0  0  -2.900  -1.577   0.857   0.322   0.652   0.000 02O000M000t
00671 ASP-1A0313_005 f 0.00 -1.000     0  4.75  0 -1  -3.005  -1.512   0.857  -0.161   0.109   0.000 -1O000M000t
00672 ASP01A0314_001 f 0.00  0.000     0  0.00  0  0  -3.208  -0.722   3.638   0.231  -0.484   0.000 01O000M000t
00673 ASP01A0314_002 f 0.00  0.000     0  0.00  0  0  -3.208  -0.722   0.918   0.197   0.509   0.000 01O000M000t
00674 ASP02A0314_003 f 0.00  0.000     0  0.00  0  0  -2.972  -0.781   3.638   0.394  -0.314   0.000 02O000M000t
00675 ASP02A0314_004 f 0.00  0.000     0  0.00  0  0  -2.972  -0.781   0.918   0.254   0.480   0.000 02O000M000t
00676 ASP-1A0314_005 f 0.00 -1.000     0  4.75  0 -1  -3.001  -0.753   0.918  -0.072   0.307   0.000 -1O000M000t
00677 VAL01A0315_001 f 0.00  0.000     0  0.00  0  0  -0.470   4.640   0.037   0.000   0.000   0.000 01O000M000t
00678 VAL01A0316_001 f 0.00  0.000     0  0.00  0  0  -0.909   0.274   0.014   0.000   0.000   0.000 01O000M000t
00679 ASP01A0317_001 f 0.00  0.000     0  0.00  0  0  -0.178  -1.983   2.825   1.993   1.036   0.000 01O000M000t
00680 ASP01A0317_002 f 0.00  0.000     0  0.00  0  0  -0.178  -1.983   0.105   0.058   1.164   0.000 01O000M000t
00681 ASP02A0317_003 f 0.00  0.000     0  0.00  0  0  -0.137  -2.718   2.825  -0.128   1.589   0.000 02O000M000t
00682 ASP02A0317_004 f 0.00  0.000     0  0.00  0  0  -0.137  -2.718   0.105  -0.725   1.568   0.000 02O000M000t
00683 ASP-1A0317_005 f 0.00 -1.000     0  4.75  0 -1  -0.172  -2.635   0.105  -3.999   4.238   0.000 -1O000M000t
00684 ALA01A0318_001 f 0.00  0.000     0  0.00  0  0  -4.256  -0.425   0.000   0.000   0.000   0.000 01O000M000t
00685 ASP01A0319_001 f 0.00  0.000     0  0.00  0  0  -2.775  -0.455   3.148   0.516  -0.443   0.000 01O000M000t
00686 ASP01A0319_002 f 0.00  0.000     0  0.00  0  0  -2.775  -0.455   0.428   0.295   0.330   0.000 01O000M000t
00687 ASP02A0319_003 f 0.00  0.000     0  0.00  0  0  -2.545  -0.792   3.148   0.568  -0.433   0.000 02O000M000t
00688 ASP02A0319_004 f 0.00  0.000     0  0.00  0  0  -2.545  -0.792   0.428   0.323   0.373   0.000 02O000M000t
00689 ASP-1A0319_005 f 0.00 -1.000     0  4.75  0 -1  -2.606  -0.753   0.428  -0.758   0.071   0.000 -1O000M000t
00690 GLU01A0320_001 f 0.00  0.000     0  0.00  0  0   2.523  -0.789   3.208  -0.142   1.058   0.000 01O000M000t
00691 GLU01A0320_002 f 0.00  0.000     0  0.00  0  0   2.523  -0.789   0.488   0.062   1.996   0.000 01O000M000t
00692 GLU02A0320_003 f 0.00  0.000     0  0.00  0  0   1.984  -0.755   3.208   0.099   0.978   0.000 02O000M000t
00693 GLU02A0320_004 f 0.00  0.000     0  0.00  0  0   1.984  -0.755   0.488   0.154   1.719   0.000 02O000M000t
00694 GLU-1A0320_005 f 0.00 -1.000     0  4.75  0 -1   1.916  -0.703   0.488  -1.054   5.866   0.000 -1O000M000t
00695 TYR01A0321_001 f 0.00  0.000     0  0.00  0  0  -3.288  -2.362   2.019   0.057   0.338   0.000 01O000M000t
00696 TYR01A0321_002 f 0.00  0.000     0  0.00  0  0  -3.288  -2.362   2.019   0.070   0.225   0.000 01O000M000t
00697 TYR-1A0321_003 f 0.00 -1.000     0 10.20  0 -1  -3.288  -2.362   2.019   0.068  -0.025   0.000 -1O000M000t
00698 0WN+1B0001_001 f 0.00  0.997     0  0.00  0  0 000.000  79.314   0.000  -0.047   7.015   0.005 +1O000M000t
00699 0WN+1B0001_002 f 0.00  0.997     0  0.00  0  0 000.000  79.188   0.000   0.355   7.461   0.005 +1O000M000t
00700 0WN01B0001_003 f 0.00 -0.007     0  0.00  0  0 000.000  79.478   0.000  -1.679   5.852   2.861 01O000M000t
00701 0WN01B0001_004 f 0.00 -0.007     0  0.00  0  0 000.000  79.353   0.000  -1.300   5.919   2.861 01O000M000t
00702 0WN+aB0001_005 f 0.00  1.998     0  0.00  0  0 000.000  79.285   0.000   3.614  11.231   4.147 +aO000M000t
00703 0WN+aB0001_006 f 0.00  1.998     0  0.00  0  0 000.000  79.160   0.000   4.030  11.786   4.147 +aO000M000t
00704 0WNDMB0001_007 t 0.00  0.000     0  0.00  0  0   0.000   0.000   0.000   0.000   0.000   0.000         DMt
