GLY A0001_ R f 00 S f  0.0 H f 00 M 000
GLU A0002_ R f 00 S f  0.0 H f 00 M 000
ALA A0003_ R f 00 S f  0.0 H f 00 M 000
PRO A0004_ R f 00 S f  0.0 H f 00 M 000
ASN A0005_ R f 00 S f  0.0 H f 00 M 000
GLN A0006_ R f 00 S f  0.0 H f 00 M 000
ALA A0007_ R f 00 S f  0.0 H f 00 M 000
LEU A0008_ R f 00 S f  0.0 H f 00 M 000
LEU A0009_ R f 00 S f  0.0 H f 00 M 000
ARG A0010_ R f 00 S f  0.0 H f 00 M 000
ILE A0011_ R f 00 S f  0.0 H f 00 M 000
LEU A0012_ R f 00 S f  0.0 H f 00 M 000
LYS A0013_ R f 00 S f  0.0 H f 00 M 000
GLU A0014_ R f 00 S f  0.0 H f 00 M 000
THR A0015_ R f 00 S f  0.0 H f 00 M 000
GLU A0016_ R f 00 S f  0.0 H f 00 M 000
PHE A0017_ R f 00 S f  0.0 H f 00 M 000
LYS A0018_ R f 00 S f  0.0 H f 00 M 000
LYS A0019_ R f 00 S f  0.0 H f 00 M 000
ILE A0020_ R f 00 S f  0.0 H f 00 M 000
LYS A0021_ R f 00 S f  0.0 H f 00 M 000
VAL A0022_ R f 00 S f  0.0 H f 00 M 000
LEU A0023_ R f 00 S f  0.0 H f 00 M 000
GLY A0024_ R f 00 S f  0.0 H f 00 M 000
SER A0025_ R f 00 S f  0.0 H f 00 M 000
GLY A0026_ R f 00 S f  0.0 H f 00 M 000
ALA A0027_ R f 00 S f  0.0 H f 00 M 000
PHE A0028_ R f 00 S f  0.0 H f 00 M 000
GLY A0029_ R f 00 S f  0.0 H f 00 M 000
THR A0030_ R f 00 S f  0.0 H f 00 M 000
VAL A0031_ R f 00 S f  0.0 H f 00 M 000
TYR A0032_ R f 00 S f  0.0 H f 00 M 000
LYS A0033_ R f 00 S f  0.0 H f 00 M 000
GLY A0034_ R f 00 S f  0.0 H f 00 M 000
LEU A0035_ R f 00 S f  0.0 H f 00 M 000
TRP A0036_ R f 00 S f  0.0 H f 00 M 000
ILE A0037_ R f 00 S f  0.0 H f 00 M 000
PRO A0038_ R f 00 S f  0.0 H f 00 M 000
GLU A0039_ R f 00 S f  0.0 H f 00 M 000
GLY A0040_ R f 00 S f  0.0 H f 00 M 000
GLU A0041_ R f 00 S f  0.0 H f 00 M 000
LYS A0042_ R f 00 S f  0.0 H f 00 M 000
VAL A0043_ R f 00 S f  0.0 H f 00 M 000
LYS A0044_ R f 00 S f  0.0 H f 00 M 000
ILE A0045_ R f 00 S f  0.0 H f 00 M 000
PRO A0046_ R f 00 S f  0.0 H f 00 M 000
VAL A0047_ R f 00 S f  0.0 H f 00 M 000
ALA A0048_ R f 00 S f  0.0 H f 00 M 000
ILE A0049_ R f 00 S f  0.0 H f 00 M 000
LYS A0050_ R f 00 S f  0.0 H f 00 M 000
GLU A0051_ R f 00 S f  0.0 H f 00 M 000
LEU A0052_ R f 00 S f  0.0 H f 00 M 000
ARG A0053_ R f 00 S f  0.0 H f 00 M 000
GLU A0054_ R f 00 S f  0.0 H f 00 M 000
ALA A0055_ R f 00 S f  0.0 H f 00 M 000
THR A0056_ R f 00 S f  0.0 H f 00 M 000
SER A0057_ R f 00 S f  0.0 H f 00 M 000
PRO A0058_ R f 00 S f  0.0 H f 00 M 000
LYS A0059_ R f 00 S f  0.0 H f 00 M 000
ALA A0060_ R f 00 S f  0.0 H f 00 M 000
ASN A0061_ R f 00 S f  0.0 H f 00 M 000
LYS A0062_ R f 00 S f  0.0 H f 00 M 000
GLU A0063_ R f 00 S f  0.0 H f 00 M 000
ILE A0064_ R f 00 S f  0.0 H f 00 M 000
LEU A0065_ R f 00 S f  0.0 H f 00 M 000
ASP A0066_ R f 00 S f  0.0 H f 00 M 000
GLU A0067_ R f 00 S f  0.0 H f 00 M 000
ALA A0068_ R f 00 S f  0.0 H f 00 M 000
TYR A0069_ R f 00 S f  0.0 H f 00 M 000
VAL A0070_ R f 00 S f  0.0 H f 00 M 000
MET A0071_ R f 00 S f  0.0 H f 00 M 000
ALA A0072_ R f 00 S f  0.0 H f 00 M 000
SER A0073_ R f 00 S f  0.0 H f 00 M 000
VAL A0074_ R f 00 S f  0.0 H f 00 M 000
ASP A0075_ R f 00 S f  0.0 H f 00 M 000
ASN A0076_ R f 00 S f  0.0 H f 00 M 000
PRO A0077_ R f 00 S f  0.0 H f 00 M 000
HIS A0078_ R f 00 S f  0.0 H f 00 M 000
VAL A0079_ R f 00 S f  0.0 H f 00 M 000
CYS A0080_ R f 00 S f  0.0 H f 00 M 000
ARG A0081_ R f 00 S f  0.0 H f 00 M 000
LEU A0082_ R f 00 S f  0.0 H f 00 M 000
LEU A0083_ R f 00 S f  0.0 H f 00 M 000
GLY A0084_ R f 00 S f  0.0 H f 00 M 000
ILE A0085_ R f 00 S f  0.0 H f 00 M 000
CYS A0086_ R f 00 S f  0.0 H f 00 M 000
LEU A0087_ R f 00 S f  0.0 H f 00 M 000
THR A0088_ R f 00 S f  0.0 H f 00 M 000
SER A0089_ R f 00 S f  0.0 H f 00 M 000
THR A0090_ R f 00 S f  0.0 H f 00 M 000
VAL A0091_ R f 00 S f  0.0 H f 00 M 000
GLN A0092_ R f 00 S f  0.0 H f 00 M 000
LEU A0093_ R f 00 S f  0.0 H f 00 M 000
ILE A0094_ R f 00 S f  0.0 H f 00 M 000
THR A0095_ R f 00 S f  0.0 H f 00 M 000
GLN A0096_ R f 00 S f  0.0 H f 00 M 000
LEU A0097_ R f 00 S f  0.0 H f 00 M 000
MET A0098_ R f 00 S f  0.0 H f 00 M 000
PRO A0099_ R f 00 S f  0.0 H f 00 M 000
PHE A0100_ R f 00 S f  0.0 H f 00 M 000
GLY A0101_ R f 00 S f  0.0 H f 00 M 000
CYS A0102_ R f 00 S f  0.0 H f 00 M 000
LEU A0103_ R f 00 S f  0.0 H f 00 M 000
LEU A0104_ R f 00 S f  0.0 H f 00 M 000
ASP A0105_ R f 00 S f  0.0 H f 00 M 000
TYR A0106_ R f 00 S f  0.0 H f 00 M 000
VAL A0107_ R f 00 S f  0.0 H f 00 M 000
ARG A0108_ R f 00 S f  0.0 H f 00 M 000
GLU A0109_ R f 00 S f  0.0 H f 00 M 000
HIS A0110_ R f 00 S f  0.0 H f 00 M 000
LYS A0111_ R f 00 S f  0.0 H f 00 M 000
ASP A0112_ R f 00 S f  0.0 H f 00 M 000
ASN A0113_ R f 00 S f  0.0 H f 00 M 000
ILE A0114_ R f 00 S f  0.0 H f 00 M 000
GLY A0115_ R f 00 S f  0.0 H f 00 M 000
SER A0116_ R f 00 S f  0.0 H f 00 M 000
GLN A0117_ R f 00 S f  0.0 H f 00 M 000
TYR A0118_ R f 00 S f  0.0 H f 00 M 000
LEU A0119_ R f 00 S f  0.0 H f 00 M 000
LEU A0120_ R f 00 S f  0.0 H f 00 M 000
ASN A0121_ R f 00 S f  0.0 H f 00 M 000
TRP A0122_ R f 00 S f  0.0 H f 00 M 000
CYS A0123_ R f 00 S f  0.0 H f 00 M 000
VAL A0124_ R f 00 S f  0.0 H f 00 M 000
GLN A0125_ R f 00 S f  0.0 H f 00 M 000
ILE A0126_ R f 00 S f  0.0 H f 00 M 000
ALA A0127_ R f 00 S f  0.0 H f 00 M 000
LYS A0128_ R f 00 S f  0.0 H f 00 M 000
GLY A0129_ R f 00 S f  0.0 H f 00 M 000
MET A0130_ R f 00 S f  0.0 H f 00 M 000
ASN A0131_ R f 00 S f  0.0 H f 00 M 000
TYR A0132_ R f 00 S f  0.0 H f 00 M 000
LEU A0133_ R f 00 S f  0.0 H f 00 M 000
GLU A0134_ R f 00 S f  0.0 H f 00 M 000
ASP A0135_ R f 00 S f  0.0 H f 00 M 000
ARG A0136_ R f 00 S f  0.0 H f 00 M 000
ARG A0137_ R f 00 S f  0.0 H f 00 M 000
LEU A0138_ R f 00 S f  0.0 H f 00 M 000
VAL A0139_ R f 00 S f  0.0 H f 00 M 000
HIS A0140_ R f 00 S f  0.0 H f 00 M 000
ARG A0141_ R f 00 S f  0.0 H f 00 M 000
ASP A0142_ R f 00 S f  0.0 H f 00 M 000
LEU A0143_ R f 00 S f  0.0 H f 00 M 000
ALA A0144_ R f 00 S f  0.0 H f 00 M 000
ALA A0145_ R f 00 S f  0.0 H f 00 M 000
ARG A0146_ R f 00 S f  0.0 H f 00 M 000
ASN A0147_ R f 00 S f  0.0 H f 00 M 000
VAL A0148_ R f 00 S f  0.0 H f 00 M 000
LEU A0149_ R f 00 S f  0.0 H f 00 M 000
VAL A0150_ R f 00 S f  0.0 H f 00 M 000
LYS A0151_ R f 00 S f  0.0 H f 00 M 000
THR A0152_ R f 00 S f  0.0 H f 00 M 000
PRO A0153_ R f 00 S f  0.0 H f 00 M 000
GLN A0154_ R f 00 S f  0.0 H f 00 M 000
HIS A0155_ R f 00 S f  0.0 H f 00 M 000
VAL A0156_ R f 00 S f  0.0 H f 00 M 000
LYS A0157_ R f 00 S f  0.0 H f 00 M 000
ILE A0158_ R f 00 S f  0.0 H f 00 M 000
THR A0159_ R f 00 S f  0.0 H f 00 M 000
ASP A0160_ R f 00 S f  0.0 H f 00 M 000
PHE A0161_ R f 00 S f  0.0 H f 00 M 000
GLY A0162_ R f 00 S f  0.0 H f 00 M 000
LEU A0163_ R f 00 S f  0.0 H f 00 M 000
ALA A0164_ R f 00 S f  0.0 H f 00 M 000
LYS A0165_ R f 00 S f  0.0 H f 00 M 000
LEU A0166_ R f 00 S f  0.0 H f 00 M 000
LEU A0167_ R f 00 S f  0.0 H f 00 M 000
GLY A0168_ R f 00 S f  0.0 H f 00 M 000
ALA A0169_ R f 00 S f  0.0 H f 00 M 000
GLU A0170_ R f 00 S f  0.0 H f 00 M 000
GLU A0171_ R f 00 S f  0.0 H f 00 M 000
LYS A0172_ R f 00 S f  0.0 H f 00 M 000
GLU A0173_ R f 00 S f  0.0 H f 00 M 000
TYR A0174_ R f 00 S f  0.0 H f 00 M 000
HIS A0175_ R f 00 S f  0.0 H f 00 M 000
ALA A0176_ R f 00 S f  0.0 H f 00 M 000
GLU A0177_ R f 00 S f  0.0 H f 00 M 000
GLY A0178_ R f 00 S f  0.0 H f 00 M 000
GLY A0179_ R f 00 S f  0.0 H f 00 M 000
LYS A0180_ R f 00 S f  0.0 H f 00 M 000
VAL A0181_ R f 00 S f  0.0 H f 00 M 000
PRO A0182_ R f 00 S f  0.0 H f 00 M 000
ILE A0183_ R f 00 S f  0.0 H f 00 M 000
LYS A0184_ R f 00 S f  0.0 H f 00 M 000
TRP A0185_ R f 00 S f  0.0 H f 00 M 000
MET A0186_ R f 00 S f  0.0 H f 00 M 000
ALA A0187_ R f 00 S f  0.0 H f 00 M 000
LEU A0188_ R f 00 S f  0.0 H f 00 M 000
GLU A0189_ R f 00 S f  0.0 H f 00 M 000
SER A0190_ R f 00 S f  0.0 H f 00 M 000
ILE A0191_ R f 00 S f  0.0 H f 00 M 000
LEU A0192_ R f 00 S f  0.0 H f 00 M 000
HIS A0193_ R f 00 S f  0.0 H f 00 M 000
ARG A0194_ R f 00 S f  0.0 H f 00 M 000
ILE A0195_ R f 00 S f  0.0 H f 00 M 000
TYR A0196_ R f 00 S f  0.0 H f 00 M 000
THR A0197_ R f 00 S f  0.0 H f 00 M 000
HIS A0198_ R f 00 S f  0.0 H f 00 M 000
GLN A0199_ R f 00 S f  0.0 H f 00 M 000
SER A0200_ R f 00 S f  0.0 H f 00 M 000
ASP A0201_ R f 00 S f  0.0 H f 00 M 000
VAL A0202_ R f 00 S f  0.0 H f 00 M 000
TRP A0203_ R f 00 S f  0.0 H f 00 M 000
SER A0204_ R f 00 S f  0.0 H f 00 M 000
TYR A0205_ R f 00 S f  0.0 H f 00 M 000
GLY A0206_ R f 00 S f  0.0 H f 00 M 000
VAL A0207_ R f 00 S f  0.0 H f 00 M 000
THR A0208_ R f 00 S f  0.0 H f 00 M 000
VAL A0209_ R f 00 S f  0.0 H f 00 M 000
TRP A0210_ R f 00 S f  0.0 H f 00 M 000
GLU A0211_ R f 00 S f  0.0 H f 00 M 000
LEU A0212_ R f 00 S f  0.0 H f 00 M 000
MET A0213_ R f 00 S f  0.0 H f 00 M 000
THR A0214_ R f 00 S f  0.0 H f 00 M 000
PHE A0215_ R f 00 S f  0.0 H f 00 M 000
GLY A0216_ R f 00 S f  0.0 H f 00 M 000
SER A0217_ R f 00 S f  0.0 H f 00 M 000
LYS A0218_ R f 00 S f  0.0 H f 00 M 000
PRO A0219_ R f 00 S f  0.0 H f 00 M 000
TYR A0220_ R f 00 S f  0.0 H f 00 M 000
ASP A0221_ R f 00 S f  0.0 H f 00 M 000
GLY A0222_ R f 00 S f  0.0 H f 00 M 000
ILE A0223_ R f 00 S f  0.0 H f 00 M 000
PRO A0224_ R f 00 S f  0.0 H f 00 M 000
ALA A0225_ R f 00 S f  0.0 H f 00 M 000
SER A0226_ R f 00 S f  0.0 H f 00 M 000
GLU A0227_ R f 00 S f  0.0 H f 00 M 000
ILE A0228_ R f 00 S f  0.0 H f 00 M 000
SER A0229_ R f 00 S f  0.0 H f 00 M 000
SER A0230_ R f 00 S f  0.0 H f 00 M 000
ILE A0231_ R f 00 S f  0.0 H f 00 M 000
LEU A0232_ R f 00 S f  0.0 H f 00 M 000
GLU A0233_ R f 00 S f  0.0 H f 00 M 000
LYS A0234_ R f 00 S f  0.0 H f 00 M 000
GLY A0235_ R f 00 S f  0.0 H f 00 M 000
GLU A0236_ R f 00 S f  0.0 H f 00 M 000
ARG A0237_ R f 00 S f  0.0 H f 00 M 000
LEU A0238_ R f 00 S f  0.0 H f 00 M 000
PRO A0239_ R f 00 S f  0.0 H f 00 M 000
GLN A0240_ R f 00 S f  0.0 H f 00 M 000
PRO A0241_ R f 00 S f  0.0 H f 00 M 000
PRO A0242_ R f 00 S f  0.0 H f 00 M 000
ILE A0243_ R f 00 S f  0.0 H f 00 M 000
CYS A0244_ R f 00 S f  0.0 H f 00 M 000
THR A0245_ R f 00 S f  0.0 H f 00 M 000
ILE A0246_ R f 00 S f  0.0 H f 00 M 000
ASP A0247_ R f 00 S f  0.0 H f 00 M 000
VAL A0248_ R f 00 S f  0.0 H f 00 M 000
TYR A0249_ R f 00 S f  0.0 H f 00 M 000
MET A0250_ R f 00 S f  0.0 H f 00 M 000
ILE A0251_ R f 00 S f  0.0 H f 00 M 000
MET A0252_ R f 00 S f  0.0 H f 00 M 000
VAL A0253_ R f 00 S f  0.0 H f 00 M 000
LYS A0254_ R f 00 S f  0.0 H f 00 M 000
CYS A0255_ R f 00 S f  0.0 H f 00 M 000
TRP A0256_ R f 00 S f  0.0 H f 00 M 000
MET A0257_ R f 00 S f  0.0 H f 00 M 000
ILE A0258_ R f 00 S f  0.0 H f 00 M 000
ASP A0259_ R f 00 S f  0.0 H f 00 M 000
ALA A0260_ R f 00 S f  0.0 H f 00 M 000
ASP A0261_ R f 00 S f  0.0 H f 00 M 000
SER A0262_ R f 00 S f  0.0 H f 00 M 000
ARG A0263_ R f 00 S f  0.0 H f 00 M 000
PRO A0264_ R f 00 S f  0.0 H f 00 M 000
LYS A0265_ R f 00 S f  0.0 H f 00 M 000
PHE A0266_ R f 00 S f  0.0 H f 00 M 000
ARG A0267_ R f 00 S f  0.0 H f 00 M 000
GLU A0268_ R f 00 S f  0.0 H f 00 M 000
LEU A0269_ R f 00 S f  0.0 H f 00 M 000
ILE A0270_ R f 00 S f  0.0 H f 00 M 000
ILE A0271_ R f 00 S f  0.0 H f 00 M 000
GLU A0272_ R f 00 S f  0.0 H f 00 M 000
PHE A0273_ R f 00 S f  0.0 H f 00 M 000
SER A0274_ R f 00 S f  0.0 H f 00 M 000
LYS A0275_ R f 00 S f  0.0 H f 00 M 000
MET A0276_ R f 00 S f  0.0 H f 00 M 000
ALA A0277_ R f 00 S f  0.0 H f 00 M 000
ARG A0278_ R f 00 S f  0.0 H f 00 M 000
ASP A0279_ R f 00 S f  0.0 H f 00 M 000
PRO A0280_ R f 00 S f  0.0 H f 00 M 000
GLN A0281_ R f 00 S f  0.0 H f 00 M 000
ARG A0282_ R f 00 S f  0.0 H f 00 M 000
TYR A0283_ R f 00 S f  0.0 H f 00 M 000
LEU A0284_ R f 00 S f  0.0 H f 00 M 000
VAL A0285_ R f 00 S f  0.0 H f 00 M 000
ILE A0286_ R f 00 S f  0.0 H f 00 M 000
GLN A0287_ R f 00 S f  0.0 H f 00 M 000
GLY A0288_ R f 00 S f  0.0 H f 00 M 000
ASP A0289_ R f 00 S f  0.0 H f 00 M 000
GLU A0290_ R f 00 S f  0.0 H f 00 M 000
ARG A0291_ R f 00 S f  0.0 H f 00 M 000
MET A0292_ R f 00 S f  0.0 H f 00 M 000
HIS A0293_ R f 00 S f  0.0 H f 00 M 000
LEU A0294_ R f 00 S f  0.0 H f 00 M 000
PRO A0295_ R f 00 S f  0.0 H f 00 M 000
SER A0296_ R f 00 S f  0.0 H f 00 M 000
PRO A0297_ R f 00 S f  0.0 H f 00 M 000
THR A0298_ R f 00 S f  0.0 H f 00 M 000
ASP A0299_ R f 00 S f  0.0 H f 00 M 000
SER A0300_ R f 00 S f  0.0 H f 00 M 000
ASN A0301_ R f 00 S f  0.0 H f 00 M 000
PHE A0302_ R f 00 S f  0.0 H f 00 M 000
TYR A0303_ R f 00 S f  0.0 H f 00 M 000
ARG A0304_ R f 00 S f  0.0 H f 00 M 000
ALA A0305_ R f 00 S f  0.0 H f 00 M 000
LEU A0306_ R f 00 S f  0.0 H f 00 M 000
MET A0307_ R f 00 S f  0.0 H f 00 M 000
ASP A0308_ R f 00 S f  0.0 H f 00 M 000
GLU A0309_ R f 00 S f  0.0 H f 00 M 000
GLU A0310_ R f 00 S f  0.0 H f 00 M 000
ASP A0311_ R f 00 S f  0.0 H f 00 M 000
MET A0312_ R f 00 S f  0.0 H f 00 M 000
ASP A0313_ R f 00 S f  0.0 H f 00 M 000
ASP A0314_ R f 00 S f  0.0 H f 00 M 000
VAL A0315_ R f 00 S f  0.0 H f 00 M 000
VAL A0316_ R f 00 S f  0.0 H f 00 M 000
ASP A0317_ R f 00 S f  0.0 H f 00 M 000
ALA A0318_ R f 00 S f  0.0 H f 00 M 000
ASP A0319_ R f 00 S f  0.0 H f 00 M 000
GLU A0320_ R f 00 S f  0.0 H f 00 M 000
TYR A0321_ R f 00 S f  0.0 H f 00 M 000
0WN B0001_ R f 00 S f  0.0 H f 00 M 000
0WM B0002_ R f 00 S f  0.0 H f 00 M 000
0WM B0003_ R f 00 S f  0.0 H f 00 M 000
