 ph           7.4
GLU_A0002_  -0.00
ALA_A0003_   0.00
PRO_A0004_   0.00
ASN_A0005_   0.00
GLN_A0006_   0.00
ALA_A0007_   0.00
LEU_A0008_   0.00
LEU_A0009_   0.00
ARG_A0010_  -0.00
ILE_A0011_   0.00
LEU_A0012_   0.00
LYS_A0013_   0.00
GLU_A0014_  -0.00
THR_A0015_   0.00
GLU_A0016_  -0.00
PHE_A0017_   0.00
LYS_A0018_   0.00
LYS_A0019_   0.00
ILE_A0020_   0.00
LYS_A0021_  -0.02
VAL_A0022_  -0.00
LEU_A0023_  -2.91
SER_A0025_  -0.02
ALA_A0027_   0.00
PHE_A0028_   0.00
THR_A0030_   0.01
VAL_A0031_  -1.97
TYR_A0032_  -0.02
LYS_A0033_  -1.46
LEU_A0035_   0.00
TRP_A0036_   0.00
ILE_A0037_   0.00
PRO_A0038_   0.00
GLU_A0039_   0.00
GLU_A0041_  -0.00
LYS_A0042_   0.00
VAL_A0043_   0.00
LYS_A0044_   0.01
ILE_A0045_  -0.00
PRO_A0046_  -0.02
VAL_A0047_  -0.07
ALA_A0048_  14.65
ILE_A0049_  -0.09
LYS_A0050_  -1.80
GLU_A0051_  -0.02
LEU_A0052_  -0.01
ARG_A0053_   0.01
GLU_A0054_  -0.04
ALA_A0055_   0.00
THR_A0056_  -0.00
SER_A0057_  -0.00
PRO_A0058_   0.00
LYS_A0059_   0.00
ALA_A0060_   0.00
ASN_A0061_   0.00
LYS_A0062_   0.01
GLU_A0063_  -0.06
ILE_A0064_  -0.05
LEU_A0065_   0.00
ASP_A0066_  -0.01
GLU_A0067_  -0.25
ALA_A0068_  -0.01
TYR_A0069_  -0.00
VAL_A0070_  -0.00
MET_A0071_   0.59
ALA_A0072_   0.00
SER_A0073_  -0.00
VAL_A0074_   0.00
ASP_A0075_  -0.00
ASN_A0076_  -0.01
PRO_A0077_   0.00
HIS_A0078_   0.02
VAL_A0079_   0.00
CYS_A0080_  -0.32
ARG_A0081_  -0.00
LEU_A0082_  -0.13
LEU_A0083_  -0.02
ILE_A0085_  -0.00
CYS_A0086_   0.00
LEU_A0087_   0.00
THR_A0088_  -0.00
SER_A0089_   0.00
THR_A0090_   0.00
VAL_A0091_   0.00
GLN_A0092_  -0.00
LEU_A0093_  -0.78
ILE_A0094_  -0.06
THR_A0095_   4.55
GLN_A0096_  -0.11
LEU_A0097_   1.95
MET_A0098_  -1.61
PRO_A0099_  -0.36
PHE_A0100_  -0.19
CYS_A0102_ 734.50
LEU_A0103_  -0.02
LEU_A0104_  -0.55
ASP_A0105_  -2.58
TYR_A0106_  -0.02
VAL_A0107_  -0.00
ARG_A0108_   0.29
GLU_A0109_  -0.07
HIS_A0110_   0.03
LYS_A0111_   0.03
ASP_A0112_  -0.01
ASN_A0113_  -0.00
ILE_A0114_   0.00
SER_A0116_  -0.00
GLN_A0117_   0.00
TYR_A0118_   0.00
LEU_A0119_   0.00
LEU_A0120_   0.00
ASN_A0121_   0.00
TRP_A0122_   0.00
CYS_A0123_   0.00
VAL_A0124_   0.00
GLN_A0125_  -0.02
ILE_A0126_   0.00
ALA_A0127_   0.00
LYS_A0128_   0.01
MET_A0130_  -0.00
ASN_A0131_   0.00
TYR_A0132_  -0.00
LEU_A0133_   0.00
GLU_A0134_  -0.01
ASP_A0135_  -0.00
ARG_A0136_   0.01
ARG_A0137_   0.00
LEU_A0138_   0.00
VAL_A0139_   0.00
HIS_A0140_   0.03
ARG_A0141_   0.04
ASP_A0142_  -0.02
LEU_A0143_   0.00
ALA_A0144_  -0.01
ALA_A0145_  -0.01
ARG_A0146_   0.80
ASN_A0147_  -0.15
VAL_A0148_  -0.01
LEU_A0149_  52.15
VAL_A0150_  -0.08
LYS_A0151_  -0.01
THR_A0152_  -0.01
PRO_A0153_   0.00
GLN_A0154_  -0.00
HIS_A0155_   0.01
VAL_A0156_   0.00
LYS_A0157_  -0.02
ILE_A0158_  -0.01
THR_A0159_   1.68
ASP_A0160_  -1.86
PHE_A0161_  -0.14
LEU_A0163_   0.00
ALA_A0164_  -0.00
LYS_A0165_   0.03
LEU_A0166_   0.00
LEU_A0167_   0.00
ALA_A0169_   0.00
GLU_A0170_   0.00
GLU_A0171_  -0.00
LYS_A0172_   0.00
GLU_A0173_  -0.00
TYR_A0174_  -0.00
HIS_A0175_   0.00
ALA_A0176_   0.00
GLU_A0177_  -0.01
LYS_A0180_   0.04
VAL_A0181_   0.00
PRO_A0182_   0.00
ILE_A0183_   0.00
LYS_A0184_   0.12
TRP_A0185_  -0.01
MET_A0186_  -0.00
ALA_A0187_   0.00
LEU_A0188_   0.00
GLU_A0189_  -0.01
SER_A0190_  -0.00
ILE_A0191_   0.00
LEU_A0192_   0.00
HIS_A0193_   0.00
ARG_A0194_   0.01
ILE_A0195_   0.00
TYR_A0196_   0.01
THR_A0197_  -0.00
HIS_A0198_   0.00
GLN_A0199_  -0.00
SER_A0200_  -0.00
ASP_A0201_  -0.07
VAL_A0202_   0.00
TRP_A0203_   0.00
SER_A0204_   0.00
TYR_A0205_   0.01
VAL_A0207_   0.00
THR_A0208_  -0.02
VAL_A0209_   0.00
TRP_A0210_   0.00
GLU_A0211_  -0.57
LEU_A0212_   0.00
MET_A0213_   0.00
THR_A0214_   0.01
PHE_A0215_   0.00
SER_A0217_  -0.00
LYS_A0218_   0.14
PRO_A0219_   0.00
TYR_A0220_   0.01
ASP_A0221_  -0.04
ILE_A0223_   0.00
PRO_A0224_   0.00
ALA_A0225_   0.00
SER_A0226_   0.00
GLU_A0227_  -0.01
ILE_A0228_   0.00
SER_A0229_  -0.00
SER_A0230_   0.00
ILE_A0231_   0.00
LEU_A0232_   0.00
GLU_A0233_  -0.00
LYS_A0234_   0.00
GLU_A0236_  -0.01
ARG_A0237_   0.01
LEU_A0238_   0.00
PRO_A0239_   0.00
GLN_A0240_   0.00
PRO_A0241_   0.00
PRO_A0242_   0.00
ILE_A0243_   0.00
CYS_A0244_   0.00
THR_A0245_   0.00
ILE_A0246_   0.00
ASP_A0247_  -0.00
VAL_A0248_   0.00
TYR_A0249_   0.00
MET_A0250_   0.00
ILE_A0251_   0.00
MET_A0252_  -0.00
VAL_A0253_   0.00
LYS_A0254_   0.00
CYS_A0255_  -0.00
TRP_A0256_   0.00
MET_A0257_   0.00
ILE_A0258_   0.00
ASP_A0259_  -0.00
ALA_A0260_   0.00
ASP_A0261_  -0.00
SER_A0262_   0.00
ARG_A0263_   0.02
PRO_A0264_   0.00
LYS_A0265_   0.00
PHE_A0266_   0.00
ARG_A0267_   0.00
GLU_A0268_  -0.00
LEU_A0269_   0.00
ILE_A0270_   0.00
ILE_A0271_   0.00
GLU_A0272_  -0.00
PHE_A0273_   0.00
SER_A0274_  -0.00
LYS_A0275_   0.00
MET_A0276_  -0.00
ALA_A0277_   0.00
ARG_A0278_   0.00
ASP_A0279_  -0.00
PRO_A0280_   0.00
GLN_A0281_   0.00
ARG_A0282_   0.00
TYR_A0283_   0.00
LEU_A0284_   0.00
VAL_A0285_   0.00
ILE_A0286_   0.00
GLN_A0287_   0.00
ASP_A0289_  -0.01
GLU_A0290_  -0.00
ARG_A0291_   0.00
MET_A0292_   0.00
HIS_A0293_   0.00
LEU_A0294_   0.00
PRO_A0295_   0.00
SER_A0296_  -0.00
PRO_A0297_   0.00
THR_A0298_   0.00
ASP_A0299_  -0.00
SER_A0300_   0.00
ASN_A0301_   0.00
PHE_A0302_   0.00
TYR_A0303_   0.00
ARG_A0304_   0.00
ALA_A0305_   0.00
LEU_A0306_   0.00
MET_A0307_   0.00
ASP_A0308_   0.00
GLU_A0309_   0.00
GLU_A0310_   0.00
ASP_A0311_   0.00
MET_A0312_   0.00
ASP_A0313_   0.00
ASP_A0314_   0.00
VAL_A0315_   0.00
VAL_A0316_   0.00
ASP_A0317_  -0.00
ALA_A0318_   0.00
ASP_A0319_  -0.00
GLU_A0320_  -0.01
TYR_A0321_   0.00
0WN_B0001_   0.00
SUM         793.0
