   confID        vdw0    sas     sum
GLU01A0002_001   2.024  -1.806   0.218
GLU01A0002_002   2.024  -1.806   0.218
GLU02A0002_003   1.714  -1.890  -0.176
GLU02A0002_004   1.714  -1.890  -0.176
GLU-1A0002_005   1.618  -1.787  -0.168
ALA01A0003_001   0.000  -3.155  -3.155
PRO01A0004_001   0.262  -6.206  -5.944
ASN01A0005_001   0.153  -0.758  -0.605
ASN01A0005_002  -0.008  -0.717  -0.725
GLN01A0006_001   5.155  -3.907   1.249
GLN01A0006_002   3.236  -3.875  -0.639
ALA01A0007_001   0.000  -0.618  -0.618
LEU01A0008_001   1.979  -9.713  -7.734
LEU01A0009_001   2.006  -3.638  -1.632
ARG01A0010_001   0.995  -8.178  -7.184
ARG02A0010_002   0.958  -8.178  -7.220
ARG03A0010_003   0.957  -8.178  -7.221
ARG+1A0010_004   0.914  -8.178  -7.264
ILE01A0011_001   1.937  -5.267  -3.330
LEU01A0012_001   1.295   0.000   1.295
LYS01A0013_001   0.855  -7.508  -6.653
LYS+1A0013_002   0.808  -7.508  -6.700
GLU01A0014_001   1.962  -3.064  -1.103
GLU01A0014_002   1.962  -3.064  -1.103
GLU02A0014_003   1.635  -3.020  -1.385
GLU02A0014_004   1.635  -3.020  -1.385
GLU-1A0014_005   1.556  -2.972  -1.416
THR01A0015_001   0.149  -5.663  -5.514
GLU01A0016_001   0.497  -0.227   0.270
GLU01A0016_002   0.497  -0.227   0.270
GLU02A0016_003   0.486  -0.252   0.234
GLU02A0016_004   0.486  -0.252   0.234
GLU-1A0016_005   0.384  -0.224   0.160
PHE01A0017_001   4.420  -0.357   4.063
LYS01A0018_001   0.691  -6.952  -6.261
LYS+1A0018_002   0.646  -6.952  -6.306
LYS01A0019_001   0.655  -7.691  -7.036
LYS+1A0019_002   0.610  -7.691  -7.081
ILE01A0020_001   1.274  -3.709  -2.435
LYS01A0021_001   1.224  -7.773  -6.549
LYS+1A0021_002   1.144  -7.773  -6.629
VAL01A0022_001   0.609  -4.720  -4.111
LEU01A0023_001   1.800  -0.567   1.233
SER01A0025_001   0.000  -1.299  -1.299
SER01A0025_002   0.000  -1.299  -1.299
ALA01A0027_001   0.000  -1.288  -1.288
PHE01A0028_001   6.865  -7.822  -0.957
THR01A0030_001   0.193  -0.438  -0.245
THR01A0030_002   0.193  -0.438  -0.245
VAL01A0031_001   0.693  -1.011  -0.317
TYR01A0032_001   4.278  -2.594   1.683
TYR01A0032_002   4.278  -2.594   1.683
TYR-1A0032_003   4.278  -2.594   1.683
LYS01A0033_001   0.754  -3.575  -2.821
LYS+1A0033_002   0.710  -3.575  -2.865
LEU01A0035_001   1.949  -2.009  -0.060
TRP01A0036_001   2.756  -0.590   2.166
ILE01A0037_001   2.101  -1.906   0.195
PRO01A0038_001   0.250  -0.206   0.044
GLU01A0039_001   1.629  -3.875  -2.246
GLU01A0039_002   1.629  -3.875  -2.246
GLU02A0039_003   1.316  -3.943  -2.626
GLU02A0039_004   1.316  -3.943  -2.626
GLU-1A0039_005   1.242  -3.850  -2.608
GLU01A0041_001   1.366  -2.648  -1.282
GLU01A0041_002   1.366  -2.648  -1.282
GLU02A0041_003   1.128  -2.914  -1.786
GLU02A0041_004   1.128  -2.914  -1.786
GLU-1A0041_005   1.045  -2.726  -1.681
LYS01A0042_001   0.656 -11.442 -10.787
LYS+1A0042_002   0.611 -11.442 -10.832
VAL01A0043_001   0.523  -4.031  -3.508
LYS01A0044_001   0.942  -6.312  -5.370
LYS+1A0044_002   0.895  -6.312  -5.417
ILE01A0045_001   1.682  -2.988  -1.306
PRO01A0046_001   0.261  -3.560  -3.300
VAL01A0047_001   0.550   0.000   0.550
ALA01A0048_001   0.000   0.000   0.000
ILE01A0049_001   1.326  -0.206   1.120
LYS01A0050_001   0.814  -1.460  -0.645
LYS+1A0050_002   0.769  -1.460  -0.691
GLU01A0051_001   0.888  -0.957  -0.069
GLU01A0051_002   0.888  -0.957  -0.069
GLU02A0051_003   0.820  -0.991  -0.171
GLU02A0051_004   0.820  -0.991  -0.171
GLU-1A0051_005   0.706  -0.965  -0.259
LEU01A0052_001   0.881  -2.025  -1.144
ARG01A0053_001   0.527  -3.821  -3.295
ARG02A0053_002   0.475  -3.821  -3.346
ARG03A0053_003   0.478  -3.821  -3.343
ARG03A0053_004   0.517  -3.821  -3.304
ARG+1A0053_005   0.440  -3.821  -3.382
GLU01A0054_001  -0.024  -0.207  -0.231
GLU01A0054_002  -0.024  -0.207  -0.231
GLU02A0054_003  -0.086  -0.198  -0.284
GLU02A0054_004  -0.086  -0.198  -0.284
GLU-1A0054_005  -0.083  -0.198  -0.281
ALA01A0055_001   0.000  -2.778  -2.778
THR01A0056_001 666.540  -2.418 664.122
THR01A0056_002 666.540  -2.418 664.122
THR01A0056_003 666.540  -2.418 664.122
SER01A0057_001   0.000  -1.312  -1.312
SER01A0057_002   0.000  -1.312  -1.312
PRO01A0058_001   0.134  -5.884  -5.749
LYS01A0059_0012809.786  -5.2732804.513
LYS+1A0059_0022811.302  -5.2732806.029
ALA01A0060_001   0.000  -0.361  -0.361
ASN01A0061_001  -0.110  -1.432  -1.543
ASN01A0061_002  -0.056  -1.624  -1.680
LYS01A0062_001   1.329  -7.007  -5.678
LYS+1A0062_002   1.283  -7.007  -5.724
GLU01A0063_001   1.002  -2.354  -1.352
GLU01A0063_002   1.002  -2.354  -1.352
GLU02A0063_003   1.119  -2.362  -1.243
GLU02A0063_004   1.119  -2.362  -1.243
GLU-1A0063_005   0.893  -2.281  -1.388
ILE01A0064_001   2.362  -0.103   2.259
LEU01A0065_001   1.651  -3.586  -1.935
ASP01A0066_001   0.084  -2.066  -1.982
ASP01A0066_002   0.084  -2.066  -1.982
ASP02A0066_003   0.156  -2.083  -1.927
ASP02A0066_004   0.156  -2.083  -1.927
ASP-1A0066_005   0.079  -2.054  -1.975
GLU01A0067_001   1.928  -0.398   1.530
GLU01A0067_002   1.928  -0.398   1.530
GLU02A0067_003   1.521  -0.345   1.176
GLU02A0067_004   1.521  -0.345   1.176
GLU-1A0067_005   1.461  -0.345   1.117
ALA01A0068_001   0.000  -0.052  -0.052
TYR01A0069_001   4.305  -6.788  -2.482
TYR-1A0069_002   4.305  -6.788  -2.482
VAL01A0070_001   0.671  -0.325   0.345
MET01A0071_001   0.345   0.000   0.345
ALA01A0072_001   0.000  -0.103  -0.103
SER01A0073_001   0.000  -0.096  -0.096
SER01A0073_002   0.000  -0.096  -0.096
SER01A0073_003   0.000  -0.096  -0.096
VAL01A0074_001   0.581   0.000   0.581
ASP01A0075_001   0.211  -2.938  -2.726
ASP01A0075_002   0.211  -2.938  -2.726
ASP02A0075_003   0.292  -2.894  -2.602
ASP02A0075_004   0.292  -2.894  -2.602
ASP-1A0075_005   0.195  -2.890  -2.695
ASN01A0076_001   0.631  -1.024  -0.392
ASN01A0076_002   0.464  -0.797  -0.334
PRO01A0077_001   0.291  -5.328  -5.037
HIS01A0078_001  -0.181  -1.344  -1.525
HIS01A0078_002  -0.142  -1.330  -1.471
HIS02A0078_003  -0.199  -1.344  -1.543
HIS02A0078_004  -0.155  -1.330  -1.485
HIS+1A0078_005  -0.226  -1.344  -1.570
HIS+1A0078_006  -0.181  -1.330  -1.511
VAL01A0079_001   0.801   0.000   0.801
CYS01A0080_001  -0.002   0.000  -0.002
CYS01A0080_002  -0.002   0.000  -0.002
CYS01A0080_003  -0.003   0.000  -0.003
CYS-1A0080_004   0.000   0.000   0.000
ARG01A0081_001   1.505  -4.849  -3.344
ARG02A0081_002   1.486  -4.849  -3.362
ARG03A0081_003   1.492  -4.849  -3.357
ARG+1A0081_004   1.444  -4.849  -3.405
LEU01A0082_001   2.325  -0.052   2.273
LEU01A0083_001   1.964  -2.057  -0.093
ILE01A0085_001   3.146  -0.222   2.924
CYS01A0086_001  -0.002   0.000  -0.002
CYS01A0086_002  -0.002   0.000  -0.002
CYS01A0086_003  -0.003   0.000  -0.003
CYS-1A0086_004   0.000   0.000   0.000
LEU01A0087_001   1.775  -5.322  -3.547
THR01A0088_001   0.225  -3.171  -2.947
THR01A0088_002   0.225  -3.171  -2.947
SER01A0089_001   0.000  -3.476  -3.476
SER01A0089_002   0.000  -3.476  -3.476
THR01A0090_001   0.177  -0.486  -0.309
THR01A0090_002   0.177  -0.486  -0.309
VAL01A0091_001   0.580  -0.464   0.116
GLN01A0092_001   3.638  -0.448   3.190
GLN01A0092_002   2.207  -0.625   1.582
LEU01A0093_001   1.766   0.000   1.766
ILE01A0094_001   1.454   0.000   1.454
THR01A0095_001   0.205   0.000   0.205
THR01A0095_002   0.205   0.000   0.205
GLN01A0096_001   0.739  -1.668  -0.929
GLN01A0096_002   0.675  -1.678  -1.004
LEU01A0097_001   2.152  -0.959   1.193
MET01A0098_001   0.044   0.000   0.044
PRO01A0099_001   0.321  -3.549  -3.228
PHE01A0100_001   4.666  -2.294   2.373
CYS01A0102_001  -0.002   0.000  -0.002
CYS01A0102_002  -0.002   0.000  -0.002
CYS01A0102_003  -0.002   0.000  -0.002
CYS-1A0102_004   0.000   0.000   0.000
LEU01A0103_001   1.689   0.000   1.689
LEU01A0104_001   1.827  -0.583   1.244
ASP01A0105_001   0.043  -1.741  -1.699
ASP01A0105_002   0.043  -1.741  -1.699
ASP02A0105_003   0.102  -1.754  -1.652
ASP02A0105_004   0.102  -1.754  -1.652
ASP-1A0105_005   0.039  -1.693  -1.654
TYR01A0106_001   4.277  -0.101   4.176
TYR01A0106_002   4.277  -0.101   4.176
TYR-1A0106_003   4.277  -0.101   4.176
VAL01A0107_001   0.601   0.000   0.601
ARG01A0108_001   1.136  -4.513  -3.377
ARG02A0108_002   1.097  -4.513  -3.416
ARG03A0108_003   1.096  -4.513  -3.417
ARG+1A0108_004   1.053  -4.513  -3.460
GLU01A0109_001   1.246  -3.113  -1.868
GLU01A0109_002   1.246  -3.113  -1.868
GLU02A0109_003   1.045  -3.139  -2.093
GLU02A0109_004   1.045  -3.139  -2.093
GLU-1A0109_005   0.952  -3.105  -2.153
HIS01A0110_001  -0.132  -0.579  -0.712
HIS01A0110_002  -0.081  -0.841  -0.923
HIS02A0110_003  -0.152  -0.579  -0.731
HIS02A0110_004  -0.094  -0.841  -0.935
HIS+1A0110_005  -0.179  -0.579  -0.758
HIS+1A0110_006  -0.120  -0.841  -0.962
LYS01A0111_001   1.196  -6.212  -5.015
LYS+1A0111_002   1.147  -6.212  -5.064
ASP01A0112_001   0.121  -2.921  -2.800
ASP01A0112_002   0.121  -2.921  -2.800
ASP02A0112_003   0.196  -2.998  -2.802
ASP02A0112_004   0.196  -2.998  -2.802
ASP-1A0112_005   0.114  -2.894  -2.780
ASN01A0113_001   0.479  -1.608  -1.129
ASN01A0113_002   0.231  -1.681  -1.450
ILE01A0114_001   1.863   0.000   1.863
SER01A0116_001   0.000  -0.060  -0.060
SER01A0116_002   0.000  -0.060  -0.060
SER01A0116_003   0.000  -0.060  -0.060
GLN01A0117_001   0.982  -0.522   0.460
GLN01A0117_002   1.226  -0.512   0.714
TYR01A0118_001   4.246  -0.060   4.185
TYR01A0118_002   4.246  -0.060   4.185
TYR-1A0118_003   4.246  -0.060   4.185
LEU01A0119_001   1.841   0.000   1.841
LEU01A0120_001   1.847   0.000   1.847
ASN01A0121_001   0.143  -0.261  -0.118
ASN01A0121_002  -0.013  -0.108  -0.121
TRP01A0122_001   2.641   0.000   2.641
CYS01A0123_001  -0.002   0.000  -0.002
CYS01A0123_002  -0.002   0.000  -0.002
CYS01A0123_003  -0.003   0.000  -0.003
CYS-1A0123_004   0.000   0.000   0.000
VAL01A0124_001   0.625  -0.361   0.265
GLN01A0125_001   1.273  -0.354   0.919
ILE01A0126_001   1.777   0.000   1.777
ALA01A0127_001   0.000   0.000   0.000
LYS01A0128_001   0.938  -2.936  -1.998
LYS+1A0128_002   0.889  -2.936  -2.046
MET01A0130_001   1.256   0.000   1.256
ASN01A0131_001   0.479  -1.181  -0.702
ASN01A0131_002   0.283  -1.147  -0.864
TYR01A0132_001   4.510  -2.543   1.967
TYR01A0132_002   4.510  -2.543   1.967
TYR-1A0132_003   4.510  -2.543   1.967
LEU01A0133_001   1.841   0.000   1.841
GLU01A0134_001   2.151  -0.551   1.600
GLU01A0134_002   2.151  -0.551   1.600
GLU02A0134_003   1.686  -0.616   1.070
GLU02A0134_004   1.686  -0.616   1.070
GLU-1A0134_005   1.630  -0.551   1.079
ASP01A0135_001   0.101  -2.381  -2.280
ASP01A0135_002   0.101  -2.381  -2.280
ASP02A0135_003   0.178  -2.364  -2.186
ASP02A0135_004   0.178  -2.364  -2.186
ASP-1A0135_005   0.097  -2.226  -2.129
ARG01A0136_001   1.505  -3.534  -2.028
ARG02A0136_002   1.574  -3.534  -1.960
ARG03A0136_003   1.481  -3.534  -2.053
ARG+1A0136_004   1.437  -3.534  -2.097
ARG01A0137_001   0.974  -3.563  -2.589
ARG02A0137_002   0.995  -3.563  -2.568
ARG03A0137_003   0.935  -3.563  -2.628
ARG+1A0137_004   0.893  -3.563  -2.671
LEU01A0138_001   1.673  -0.103   1.570
VAL01A0139_001   0.787   0.000   0.787
HIS01A0140_001  -0.151   0.000  -0.151
HIS02A0140_002  -0.170   0.000  -0.170
HIS+1A0140_003  -0.197   0.000  -0.197
ARG01A0141_001   1.765  -0.707   1.058
ARG02A0141_002   1.777  -0.707   1.071
ARG03A0141_003   1.717  -0.707   1.011
ARG03A0141_004   1.723  -0.707   1.016
ARG+1A0141_005   1.678  -0.707   0.972
ASP01A0142_001   0.014  -0.586  -0.572
ASP01A0142_002   0.014  -0.586  -0.572
ASP02A0142_003   0.066  -0.616  -0.550
ASP02A0142_004   0.066  -0.616  -0.550
ASP-1A0142_005   0.011  -0.586  -0.575
LEU01A0143_001   1.413   0.000   1.413
ALA01A0144_001   0.000   0.000   0.000
ALA01A0145_001   0.000   0.000   0.000
ARG01A0146_001   1.870  -2.142  -0.272
ARG02A0146_002   1.838  -2.142  -0.304
ARG02A0146_003   1.902  -2.142  -0.240
ARG03A0146_004   1.837  -2.142  -0.305
ARG+1A0146_005   1.793  -2.142  -0.349
ASN01A0147_001   0.366  -0.212   0.155
ASN01A0147_002   0.140  -0.315  -0.175
VAL01A0148_001   0.551   0.000   0.551
LEU01A0149_001   1.642   0.000   1.642
VAL01A0150_001   0.574   0.000   0.574
LYS01A0151_001   1.163  -4.391  -3.229
LYS+1A0151_002   1.117  -4.391  -3.274
THR01A0152_001   0.144  -3.709  -3.565
THR01A0152_002   0.144  -3.709  -3.565
THR01A0152_003   0.144  -3.709  -3.565
PRO01A0153_001   0.217  -0.487  -0.270
GLN01A0154_001   2.167  -1.471   0.696
GLN01A0154_002   3.571  -1.264   2.307
HIS01A0155_001  -0.104  -3.061  -3.165
HIS02A0155_002  -0.127  -3.061  -3.187
HIS+1A0155_003  -0.153  -3.061  -3.214
VAL01A0156_001   0.673   0.000   0.673
LYS01A0157_001   1.096  -1.481  -0.385
LYS+1A0157_002   1.052  -1.481  -0.429
ILE01A0158_001   1.630   0.000   1.630
THR01A0159_001   0.240   0.000   0.240
THR01A0159_002   0.240   0.000   0.240
ASP01A0160_001   0.244  -0.846  -0.602
ASP01A0160_002   0.244  -0.846  -0.602
ASP02A0160_003   0.333  -0.852  -0.519
ASP02A0160_004   0.333  -0.852  -0.519
ASP-1A0160_005   0.227  -0.827  -0.600
PHE01A0161_001   4.526   0.000   4.526
LEU01A0163_001   1.843  -2.727  -0.884
ALA01A0164_001   0.000   0.000   0.000
LYS01A0165_001   0.703  -3.464  -2.762
LYS+1A0165_002   0.641  -3.464  -2.823
LEU01A0166_001   1.670  -4.601  -2.930
LEU01A0167_001   1.512  -0.103   1.409
ALA01A0169_001   0.000  -2.109  -2.109
GLU01A0170_001   2.129  -4.098  -1.968
GLU01A0170_002   2.129  -4.098  -1.968
GLU02A0170_003   1.680  -4.197  -2.516
GLU02A0170_004   1.680  -4.197  -2.516
GLU-1A0170_005   1.620  -4.126  -2.506
GLU01A0171_001   1.905  -2.753  -0.848
GLU01A0171_002   1.905  -2.753  -0.848
GLU02A0171_003   1.502  -2.760  -1.258
GLU02A0171_004   1.502  -2.760  -1.258
GLU-1A0171_005   1.441  -2.696  -1.255
LYS01A0172_001   0.633 -10.734 -10.101
LYS+1A0172_002   0.587 -10.734 -10.146
GLU01A0173_001   2.018  -2.300  -0.282
GLU01A0173_002   2.018  -2.300  -0.282
GLU02A0173_003   1.598  -2.195  -0.597
GLU02A0173_004   1.598  -2.195  -0.597
GLU-1A0173_005   1.535  -2.162  -0.627
TYR01A0174_001   3.944  -2.648   1.296
TYR01A0174_002   3.944  -2.648   1.296
TYR-1A0174_003   3.944  -2.648   1.296
HIS01A0175_001  -0.082  -7.486  -7.568
HIS01A0175_002  -0.002  -7.827  -7.829
HIS02A0175_003  -0.104  -7.486  -7.590
HIS02A0175_004  -0.013  -7.827  -7.840
HIS+1A0175_005  -0.131  -7.486  -7.616
HIS+1A0175_006  -0.039  -7.827  -7.866
ALA01A0176_001   0.000  -0.480  -0.480
GLU01A0177_001   0.676  -3.842  -3.166
GLU01A0177_002   0.676  -3.842  -3.166
GLU02A0177_003   0.609  -3.922  -3.313
GLU02A0177_004   0.609  -3.922  -3.313
GLU-1A0177_005   0.501  -3.875  -3.374
LYS01A0180_001   0.665 -12.231 -11.566
LYS+1A0180_002   0.620 -12.231 -11.611
VAL01A0181_001   0.721  -0.480   0.241
PRO01A0182_001   0.258  -1.599  -1.341
ILE01A0183_001   2.426  -2.988  -0.562
LYS01A0184_001   0.599  -1.933  -1.334
LYS+1A0184_002   0.554  -1.933  -1.379
TRP01A0185_001   3.343  -2.021   1.322
MET01A0186_001   1.015  -0.624   0.391
ALA01A0187_001   0.000   0.000   0.000
LEU01A0188_001   1.440  -0.515   0.925
GLU01A0189_001   1.052  -0.406   0.645
GLU01A0189_002   1.052  -0.406   0.645
GLU02A0189_003   1.029  -0.438   0.591
GLU02A0189_004   1.029  -0.438   0.591
GLU-1A0189_005   0.909  -0.438   0.471
SER01A0190_001   0.000   0.000   0.000
SER01A0190_002   0.000   0.000   0.000
SER01A0190_003   0.000   0.000   0.000
ILE01A0191_001   2.493  -0.721   1.772
LEU01A0192_001   1.477  -3.084  -1.608
HIS01A0193_001  -0.154  -5.934  -6.088
HIS01A0193_002  -0.111  -6.598  -6.709
HIS02A0193_003  -0.172  -5.934  -6.106
HIS02A0193_004  -0.124  -6.598  -6.722
HIS+1A0193_005  -0.199  -5.934  -6.133
HIS+1A0193_006  -0.150  -6.598  -6.748
ARG01A0194_001   1.372  -6.800  -5.428
ARG02A0194_002   1.334  -6.800  -5.466
ARG03A0194_003   1.334  -6.800  -5.466
ARG+1A0194_004   1.291  -6.800  -5.509
ILE01A0195_001   1.653  -2.469  -0.816
TYR01A0196_001   4.510  -0.221   4.289
TYR01A0196_002   4.510  -0.221   4.289
TYR-1A0196_003   4.510  -0.221   4.289
THR01A0197_001   0.268  -0.887  -0.618
THR01A0197_002   0.268  -0.887  -0.618
HIS01A0198_001  -0.206  -1.546  -1.753
HIS01A0198_002  -0.175  -1.301  -1.476
HIS02A0198_003  -0.223  -1.546  -1.769
HIS02A0198_004  -0.189  -1.301  -1.490
HIS+1A0198_005  -0.250  -1.546  -1.796
HIS+1A0198_006  -0.216  -1.301  -1.517
GLN01A0199_001   0.563  -0.242   0.321
GLN01A0199_002   0.517  -0.247   0.270
SER01A0200_001   0.000   0.000   0.000
SER01A0200_002   0.000   0.000   0.000
ASP01A0201_001   0.020   0.000   0.020
ASP01A0201_002   0.020   0.000   0.020
ASP02A0201_003   0.075   0.000   0.075
ASP02A0201_004   0.075   0.000   0.075
ASP-1A0201_005   0.018   0.000   0.018
VAL01A0202_001   0.713   0.000   0.713
TRP01A0203_001   3.137   0.000   3.137
SER01A0204_001   0.000  -0.241  -0.241
SER01A0204_002   0.000  -0.241  -0.241
TYR01A0205_001   4.812   0.000   4.812
TYR01A0205_002   4.812   0.000   4.812
TYR-1A0205_003   4.812   0.000   4.812
VAL01A0207_001   0.629   0.000   0.629
THR01A0208_001   0.227   0.000   0.227
THR01A0208_002   0.227   0.000   0.227
THR01A0208_003   0.227   0.000   0.227
VAL01A0209_001   0.557   0.000   0.557
TRP01A0210_001   2.848  -0.977   1.871
GLU01A0211_001   0.647   0.000   0.647
GLU01A0211_002   0.647   0.000   0.647
GLU02A0211_003   0.670  -0.036   0.633
GLU02A0211_004   0.670  -0.036   0.633
GLU-1A0211_005   0.549   0.000   0.549
LEU01A0212_001   1.473   0.000   1.473
MET01A0213_001   0.046   0.000   0.046
THR01A0214_001   0.194  -0.546  -0.352
THR01A0214_002   0.194  -0.546  -0.352
PHE01A0215_001   4.289  -1.812   2.477
SER01A0217_001   0.000  -2.289  -2.289
SER01A0217_002   0.000  -2.289  -2.289
SER01A0217_003   0.000  -2.289  -2.289
LYS01A0218_001   0.859  -7.505  -6.646
LYS+1A0218_002   0.813  -7.505  -6.692
PRO01A0219_001   0.286  -0.048   0.238
TYR01A0220_001   4.288  -0.202   4.086
TYR01A0220_002   4.288  -0.202   4.086
TYR-1A0220_003   4.288  -0.202   4.086
ASP01A0221_001   0.112  -2.403  -2.292
ASP01A0221_002   0.112  -2.403  -2.292
ASP02A0221_003   0.189  -2.524  -2.336
ASP02A0221_004   0.189  -2.524  -2.336
ASP-1A0221_005   0.106  -2.381  -2.275
ILE01A0223_001   1.949  -3.210  -1.261
PRO01A0224_001   0.261  -4.095  -3.834
ALA01A0225_001   0.000  -2.489  -2.489
SER01A0226_001   0.000  -4.599  -4.599
GLU01A0227_001   1.680  -2.813  -1.133
GLU01A0227_002   1.680  -2.813  -1.133
GLU02A0227_003   1.343  -2.997  -1.654
GLU02A0227_004   1.343  -2.997  -1.654
GLU-1A0227_005   1.272  -2.864  -1.592
ILE01A0228_001   1.484   0.000   1.484
SER01A0229_001   0.000  -1.444  -1.444
SER01A0229_002   0.000  -1.444  -1.444
SER01A0229_003   0.000  -1.444  -1.444
SER01A0230_001   0.000  -3.238  -3.238
SER01A0230_002   0.000  -3.238  -3.238
ILE01A0231_001   4.607  -0.876   3.731
LEU01A0232_001   1.662  -0.052   1.611
GLU01A0233_001   0.565  -2.143  -1.578
GLU01A0233_002   0.565  -2.143  -1.578
GLU02A0233_003   0.532  -2.209  -1.676
GLU02A0233_004   0.532  -2.209  -1.676
GLU-1A0233_005   0.432  -2.119  -1.686
LYS01A0234_001   0.721  -8.790  -8.069
LYS+1A0234_002   0.675  -8.790  -8.115
GLU01A0236_001   1.425  -2.056  -0.631
GLU01A0236_002   1.425  -2.056  -0.631
GLU02A0236_003   1.122  -2.078  -0.956
GLU02A0236_004   1.122  -2.078  -0.956
GLU-1A0236_005   1.062  -2.006  -0.945
ARG01A0237_001   2.522  -1.338   1.184
ARG02A0237_002   2.490  -1.338   1.152
ARG03A0237_003   2.485  -1.338   1.147
ARG+1A0237_004   2.446  -1.338   1.107
LEU01A0238_001   2.017   0.000   2.017
PRO01A0239_001   0.315  -5.264  -4.949
GLN01A0240_001   1.468  -1.941  -0.473
GLN01A0240_002   2.420  -2.034   0.386
PRO01A0241_001   0.270   0.000   0.270
PRO01A0242_001   0.301  -6.229  -5.928
ILE01A0243_001   3.552  -0.789   2.763
CYS01A0244_001  -0.002   0.000  -0.002
CYS01A0244_002  -0.002   0.000  -0.002
CYS01A0244_003  -0.002   0.000  -0.002
CYS-1A0244_004   0.000   0.000   0.000
THR01A0245_001   0.246  -1.281  -1.034
THR01A0245_002   0.246  -1.281  -1.034
ILE01A0246_001   1.719  -7.601  -5.882
ASP01A0247_001   0.380  -1.753  -1.373
ASP01A0247_002   0.380  -1.753  -1.373
ASP02A0247_003   0.426  -1.819  -1.393
ASP02A0247_004   0.426  -1.819  -1.393
ASP-1A0247_005   0.325  -1.757  -1.432
VAL01A0248_001   0.658   0.000   0.658
TYR01A0249_001   4.486  -2.490   1.995
TYR01A0249_002   4.486  -2.490   1.995
TYR-1A0249_003   4.486  -2.490   1.995
MET01A0250_001   0.240  -6.104  -5.865
ILE01A0251_001   2.244  -0.052   2.193
MET01A0252_001   0.239   0.000   0.239
VAL01A0253_001   0.612  -2.762  -2.150
LYS01A0254_001   0.931  -4.501  -3.570
LYS+1A0254_002   0.886  -4.501  -3.615
CYS01A0255_001  -0.002   0.000  -0.002
CYS01A0255_002  -0.002   0.000  -0.002
CYS01A0255_003  -0.003   0.000  -0.003
CYS-1A0255_004   0.000   0.000   0.000
TRP01A0256_001   3.017   0.000   3.017
MET01A0257_001   1.195  -4.165  -2.970
ILE01A0258_001   2.850  -5.714  -2.865
ASP01A0259_001   0.349  -2.548  -2.198
ASP01A0259_002   0.349  -2.548  -2.198
ASP02A0259_003   0.359  -2.461  -2.102
ASP02A0259_004   0.359  -2.461  -2.102
ASP-1A0259_005   0.283  -2.395  -2.111
ALA01A0260_001   0.000  -0.927  -0.927
ASP01A0261_001   0.347  -2.469  -2.122
ASP01A0261_002   0.347  -2.469  -2.122
ASP02A0261_003   0.440  -2.589  -2.149
ASP02A0261_004   0.440  -2.589  -2.149
ASP-1A0261_005   0.317  -2.437  -2.120
SER01A0262_001   0.000  -2.130  -2.130
SER01A0262_002   0.000  -2.130  -2.130
ARG01A0263_001   2.685   0.000   2.685
ARG02A0263_002   2.637   0.000   2.637
ARG02A0263_003   2.695   0.000   2.695
ARG03A0263_004   2.633   0.000   2.633
ARG03A0263_005   2.639   0.000   2.639
ARG+1A0263_006   2.594   0.000   2.594
PRO01A0264_001   0.306  -0.258   0.048
LYS01A0265_001   0.868  -2.890  -2.023
LYS+1A0265_002   0.822  -2.890  -2.068
PHE01A0266_001   4.481   0.000   4.481
ARG01A0267_001   1.172  -7.621  -6.449
ARG02A0267_002   1.157  -7.621  -6.464
ARG02A0267_003   1.246  -7.621  -6.374
ARG03A0267_004   1.149  -7.621  -6.471
ARG03A0267_005   1.153  -7.621  -6.467
ARG+1A0267_006   1.110  -7.621  -6.510
GLU01A0268_001   1.680  -2.205  -0.524
GLU01A0268_002   1.680  -2.205  -0.524
GLU02A0268_003   1.368  -2.245  -0.877
GLU02A0268_004   1.368  -2.245  -0.877
GLU-1A0268_005   1.289  -2.115  -0.825
LEU01A0269_001   2.090   0.000   2.090
ILE01A0270_001   2.405  -0.618   1.787
ILE01A0271_001   2.092  -1.182   0.910
GLU01A0272_001   0.555  -1.480  -0.924
GLU01A0272_002   0.555  -1.480  -0.924
GLU02A0272_003   0.527  -1.680  -1.153
GLU02A0272_004   0.527  -1.680  -1.153
GLU-1A0272_005   0.424  -1.417  -0.993
PHE01A0273_001   4.706   0.000   4.706
SER01A0274_001   0.000  -0.241  -0.241
SER01A0274_002   0.000  -0.241  -0.241
SER01A0274_003   0.000  -0.241  -0.241
LYS01A0275_001   0.608  -4.456  -3.848
LYS+1A0275_002   0.563  -4.456  -3.893
MET01A0276_001  -0.036  -0.375  -0.412
ALA01A0277_001   0.000   0.000   0.000
ARG01A0278_001   1.686  -1.567   0.118
ARG02A0278_002   1.707  -1.567   0.140
ARG03A0278_003   1.643  -1.567   0.076
ARG+1A0278_004   1.605  -1.567   0.037
ASP01A0279_001   0.055  -2.251  -2.196
ASP01A0279_002   0.055  -2.251  -2.196
ASP02A0279_003   0.119  -2.312  -2.193
ASP02A0279_004   0.119  -2.312  -2.193
ASP-1A0279_005   0.051  -2.240  -2.189
PRO01A0280_001   0.327  -0.901  -0.574
GLN01A0281_001   1.313  -1.998  -0.686
GLN01A0281_002   1.422  -2.111  -0.689
ARG01A0282_001   1.579  -8.691  -7.111
ARG02A0282_002   1.538  -8.691  -7.153
ARG03A0282_003   1.538  -8.691  -7.153
ARG+1A0282_004   1.494  -8.691  -7.196
TYR01A0283_001   4.219  -1.656   2.563
TYR01A0283_002   4.219  -1.656   2.563
TYR-1A0283_003   4.219  -1.656   2.563
LEU01A0284_001   1.411   0.000   1.411
VAL01A0285_001   0.552  -4.823  -4.271
ILE01A0286_001   1.798  -0.361   1.437
GLN01A0287_001   0.713  -4.066  -3.354
GLN01A0287_002   0.967  -4.033  -3.067
ASP01A0289_001   0.109  -0.034   0.074
ASP01A0289_002   0.109  -0.034   0.074
ASP02A0289_003   0.188  -0.036   0.152
ASP02A0289_004   0.188  -0.036   0.152
ASP-1A0289_005   0.104  -0.034   0.070
GLU01A0290_001   1.011  -2.594  -1.583
GLU01A0290_002   1.011  -2.594  -1.583
GLU02A0290_003   0.952  -2.612  -1.660
GLU02A0290_004   0.952  -2.612  -1.660
GLU-1A0290_005   0.830  -2.500  -1.670
ARG01A0291_001   3.678  -8.346  -4.668
ARG02A0291_002   3.758  -8.346  -4.588
ARG03A0291_003   3.645  -8.346  -4.701
ARG+1A0291_004   3.601  -8.346  -4.746
MET01A0292_001  -0.064  -0.308  -0.372
HIS01A0293_001  -0.170  -3.261  -3.431
HIS01A0293_002  -0.137  -3.117  -3.254
HIS02A0293_003  -0.188  -3.261  -3.449
HIS02A0293_004  -0.151  -3.117  -3.268
HIS+1A0293_005  -0.215  -3.261  -3.476
HIS+1A0293_006  -0.177  -3.117  -3.294
LEU01A0294_001   1.667  -4.530  -2.862
PRO01A0295_001   0.303   0.000   0.303
SER01A0296_001   0.000  -3.403  -3.403
PRO01A0297_001   0.264  -5.053  -4.790
THR01A0298_001   0.148  -1.628  -1.480
THR01A0298_002   0.148  -1.628  -1.480
ASP01A0299_001   0.126  -3.012  -2.886
ASP01A0299_002   0.126  -3.012  -2.886
ASP02A0299_003   0.202  -3.078  -2.875
ASP02A0299_004   0.202  -3.078  -2.875
ASP-1A0299_005   0.119  -2.915  -2.797
SER01A0300_001   0.000  -0.048  -0.048
SER01A0300_002   0.000  -0.048  -0.048
SER01A0300_003   0.000  -0.048  -0.048
ASN01A0301_001   0.355  -0.391  -0.036
ASN01A0301_002   0.141  -0.451  -0.310
PHE01A0302_001   4.388  -7.489  -3.101
TYR01A0303_001   4.287  -5.193  -0.906
TYR-1A0303_002   4.287  -5.193  -0.906
ARG01A0304_001   2.175  -1.285   0.890
ARG02A0304_002   2.145  -1.285   0.860
ARG03A0304_003   2.264  -1.285   0.979
ARG+1A0304_004   2.104  -1.285   0.820
ALA01A0305_001   0.000  -3.190  -3.190
LEU01A0306_001   1.570  -5.798  -4.228
MET01A0307_001   0.057  -2.688  -2.631
ASP01A0308_001   0.221  -3.045  -2.824
ASP01A0308_002   0.221  -3.045  -2.824
ASP02A0308_003   0.309  -3.041  -2.732
ASP02A0308_004   0.309  -3.041  -2.732
ASP-1A0308_005   0.206  -2.963  -2.757
GLU01A0309_001   1.498  -4.156  -2.658
GLU01A0309_002   1.498  -4.156  -2.658
GLU02A0309_003   1.203  -4.211  -3.009
GLU02A0309_004   1.203  -4.211  -3.009
GLU-1A0309_005   1.129  -4.143  -3.014
GLU01A0310_001   1.833  -3.699  -1.866
GLU01A0310_002   1.833  -3.699  -1.866
GLU02A0310_003   1.455  -3.663  -2.208
GLU02A0310_004   1.455  -3.663  -2.208
GLU-1A0310_005   1.391  -3.549  -2.157
ASP01A0311_001   0.160  -2.910  -2.750
ASP01A0311_002   0.160  -2.910  -2.750
ASP02A0311_003   0.241  -2.679  -2.438
ASP02A0311_004   0.241  -2.679  -2.438
ASP-1A0311_005   0.150  -2.688  -2.538
MET01A0312_001   0.089  -3.233  -3.144
ASP01A0313_001   0.242  -3.291  -3.049
ASP01A0313_002   0.242  -3.291  -3.049
ASP02A0313_003   0.332  -3.232  -2.900
ASP02A0313_004   0.332  -3.232  -2.900
ASP-1A0313_005   0.226  -3.230  -3.005
ASP01A0314_001   0.403  -3.612  -3.208
ASP01A0314_002   0.403  -3.612  -3.208
ASP02A0314_003   0.467  -3.439  -2.972
ASP02A0314_004   0.467  -3.439  -2.972
ASP-1A0314_005   0.354  -3.354  -3.001
VAL01A0315_001   0.869  -1.339  -0.470
VAL01A0316_001   0.704  -1.613  -0.909
ASP01A0317_001   0.072  -0.250  -0.178
ASP01A0317_002   0.072  -0.250  -0.178
ASP02A0317_003   0.144  -0.281  -0.137
ASP02A0317_004   0.144  -0.281  -0.137
ASP-1A0317_005   0.070  -0.241  -0.172
ALA01A0318_001   0.000  -4.256  -4.256
ASP01A0319_001   0.124  -2.899  -2.775
ASP01A0319_002   0.124  -2.899  -2.775
ASP02A0319_003   0.197  -2.742  -2.545
ASP02A0319_004   0.197  -2.742  -2.545
ASP-1A0319_005   0.116  -2.722  -2.606
GLU01A0320_001   2.695  -0.172   2.523
GLU01A0320_002   2.695  -0.172   2.523
GLU02A0320_003   2.165  -0.181   1.984
GLU02A0320_004   2.165  -0.181   1.984
GLU-1A0320_005   2.088  -0.172   1.916
TYR01A0321_001   4.258  -7.546  -3.288
TYR01A0321_002   4.258  -7.546  -3.288
TYR-1A0321_003   4.258  -7.546  -3.288
0WN+1B0001_001 928.247 -11.587 916.660
0WN+1B0001_002 934.563 -11.680 922.883
0WN01B0001_003 927.550 -11.587 915.963
0WN01B0001_004 933.866 -11.680 922.186
0WN+aB0001_005 931.699 -11.587 920.112
0WN+aB0001_006 938.014 -11.680 926.334
