 ph         7.4   7.4   7.4   7.4   7.4
NTR A0001  0.03  0.03  0.03  0.03  0.03
HIS A0001  0.26  0.26  0.26  0.26  0.26
CYS A0002 -0.00 -0.00 -0.00 -0.00 -0.00
GLU A0003 -1.00 -1.00 -1.00 -1.00 -1.00
ARG A0004  1.00  1.00  1.00  1.00  1.00
TYR A0007  0.00  0.00  0.00  0.00  0.00
ASP A0008 -1.00 -1.00 -1.00 -1.00 -1.00
LYS A0011  1.00  1.00  1.00  1.00  1.00
GLU A0013 -1.00 -1.00 -1.00 -1.00 -1.00
ARG A0016  1.00  1.00  1.00  1.00  1.00
ASP A0017 -1.00 -1.00 -1.00 -1.00 -1.00
ARG A0018  1.00  1.00  1.00  1.00  1.00
LYS A0023  1.00  1.00  1.00  1.00  1.00
ARG A0027  1.00  1.00  1.00  1.00  1.00
CTR A0027 -1.00 -1.00 -1.00 -1.00 -1.00
NTG A0028  0.14  0.14  0.14  0.14  0.14
GLU A0032 -0.99 -1.00 -0.99 -0.99 -0.99
ASP A0034 -1.00 -1.00 -1.00 -1.00 -1.00
ASP A0039 -1.00 -1.00 -1.00 -1.00 -1.00
LYS A0040  1.00  1.00  1.00  1.00  1.00
CYS A0044 -0.00 -0.00 -0.00 -0.00 -0.00
ARG A0045  1.00  1.00  1.00  1.00  1.00
LYS A0050  0.97  0.98  0.98  0.98  0.98
LYS A0053  1.00  1.00  1.00  1.00  1.00
GLU A0054 -1.00 -1.00 -1.00 -1.00 -1.00
HIS A0058  0.18  0.18  0.18  0.18  0.18
GLU A0060 -1.00 -1.00 -1.00 -1.00 -1.00
HIS A0061  0.04  0.04  0.04  0.04  0.04
ARG A0062  1.00  1.00  1.00  1.00  1.00
GLU A0067 -0.54 -0.54 -0.54 -0.54 -0.55
LYS A0069  1.00  1.00  1.00  1.00  1.00
HIS A0073  0.31  0.31  0.31  0.31  0.31
HIS A0076  0.21  0.20  0.20  0.20  0.21
HIS A0077  0.00  0.00  0.00  0.00  0.00
CYS A0087  0.00  0.00  0.00  0.00  0.00
LYS A0089  0.99  0.99  0.99  0.99  0.99
GLU A0099 -1.00 -1.00 -1.00 -1.00 -1.00
CYS A0101  0.00  0.00  0.00  0.00  0.00
LYS A0102  1.00  1.00  1.00  1.00  1.00
TYR A0109 -0.00 -0.00 -0.00 -0.00 -0.00
ARG A0111  1.00  1.00  1.00  1.00  1.00
LYS A0113  1.00  1.00  1.00  1.00  1.00
ARG A0114  1.00  1.00  1.00  1.00  1.00
GLU A0116 -1.00 -1.00 -1.00 -1.00 -1.00
TYR A0120 -0.00 -0.00 -0.00 -0.00 -0.00
LYS A0121  1.00  1.00  1.00  1.00  1.00
CTR A0121 -0.99 -0.99 -0.99 -0.99 -0.99
NTR A0122  0.05  0.06  0.05  0.05  0.05
ASP A0122 -1.00 -1.00 -1.00 -1.00 -1.00
TYR A0124 -0.00 -0.00 -0.00 -0.00 -0.00
LYS A0125  1.00  1.00  1.00  1.00  1.00
ASP A0126 -1.00 -1.00 -1.00 -1.00 -1.00
GLU A0131 -0.99 -0.99 -0.99 -0.99 -0.99
HIS A0132  0.01  0.01  0.01  0.01  0.01
CYS A0135 -0.01 -0.01 -0.01 -0.01 -0.01
TYR A0136  0.00  0.00  0.00  0.00  0.00
LYS A0142  1.00  1.00  1.00  1.00  1.00
GLU A0145 -1.00 -1.00 -1.00 -1.00 -1.00
ARG A0150  1.00  1.00  1.00  1.00  1.00
LYS A0151  1.00  1.00  1.00  1.00  1.00
CYS A0152  0.00  0.00  0.00  0.00  0.00
HIS A0154  0.00  0.00  0.00  0.00  0.00
ARG A0155  1.00  1.00  1.00  1.00  1.00
ASP A0156 -0.79 -0.79 -0.79 -0.79 -0.79
ARG A0160  1.00  1.00  1.00  1.00  1.00
GLU A0166 -1.00 -1.00 -1.00 -1.00 -1.00
LYS A0167  1.00  1.00  1.00  1.00  1.00
LYS A0171  0.98  0.98  0.98  0.98  0.98
CYS A0173  0.00  0.00  0.00 -0.00  0.00
ASP A0174 -0.95 -0.95 -0.95 -0.95 -0.95
ARG A0179  1.00  1.00  1.00  1.00  1.00
ASP A0180 -0.99 -0.99 -0.99 -0.99 -0.99
CTR A0181 -0.99 -0.99 -0.99 -0.99 -0.99
NTR A0182  0.00  0.00  0.00  0.00  0.00
LYS A0184  0.99  0.99  0.99  0.99  0.99
GLU A0189 -1.00 -1.00 -1.00 -1.00 -1.00
ASP A0193 -1.00 -1.00 -1.00 -1.00 -1.00
ARG A0194  1.00  1.00  1.00  1.00  1.00
TYR A0196 -0.04 -0.04 -0.04 -0.04 -0.04
ASP A0201 -1.00 -1.00 -1.00 -1.00 -1.00
GLU A0211 -1.00 -1.00 -1.00 -1.00 -1.00
TYR A0220  0.00  0.00  0.00  0.00  0.00
LYS A0224  1.00  1.00  1.00  1.00  1.00
ASP A0226 -1.00 -1.00 -1.00 -1.00 -1.00
GLU A0227 -1.00 -1.00 -1.00 -1.00 -1.00
GLU A0228 -1.00 -1.00 -1.00 -1.00 -1.00
CYS A0230 -0.00 -0.00 -0.00 -0.00 -0.00
ARG A0231  1.00  1.00  1.00  1.00  1.00
ARG A0232  1.00  1.00  1.00  1.00  1.00
LYS A0234  1.00  1.00  1.00  1.00  1.00
GLU A0235 -1.00 -1.00 -1.00 -1.00 -1.00
ARG A0238  1.00  1.00  1.00  1.00  1.00
ARG A0240  1.00  1.00  1.00  1.00  1.00
ASP A0243 -1.00 -1.00 -1.00 -1.00 -1.00
TYR A0244 -0.00 -0.00 -0.00 -0.00 -0.00
GLU A0248 -1.00 -1.00 -1.00 -1.00 -1.00
TYR A0250  0.00  0.00  0.00  0.00  0.00
ASP A0255 -0.99 -0.99 -0.99 -0.99 -0.99
CYS A0256  0.00  0.00  0.00  0.00  0.00
HIS A0258  0.18  0.18  0.18  0.18  0.18
GLU A0260 -1.00 -1.00 -1.00 -1.00 -1.00
ARG A0264  1.00  1.00  1.00  1.00  1.00
GLU A0269 -1.00 -1.00 -1.00 -1.00 -1.00
GLU A0272 -0.99 -0.99 -0.99 -0.99 -0.99
HIS A0273  0.76  0.76  0.75  0.76  0.76
CTR A0282 -0.99 -0.99 -0.99 -0.99 -0.99

Tot Protn   0.8   0.8   0.8   0.9   0.9
Tot Elec    0.0   0.0   0.0   0.0   0.0
Net crg     0.4   0.4   0.4   0.4   0.4
