iConf CONFORMER     FL  occ    crg   Em0  pKa0 ne nH    vdw0    vdw1    tors    epol   dsolv   extra    history
00001 ASN01A0001_001 f 0.00  0.000     0  0.00  0  0  -1.850  -0.446   1.242   0.739   0.956   0.000 01O000M000t
00002 ASN01A0001_002 f 0.00  0.000     0  0.00  0  0  -2.368   0.667   1.239  -0.026   0.572   0.000 01R001M000t
00003 PRO01A0002_001 f 0.00  0.000     0  0.00  0  0  -1.370   0.273   0.000   0.000   0.000   0.000 01O000M000t
00004 ASN01A0003_001 f 0.00  0.000     0  0.00  0  0  -2.141  -2.860   0.501   0.338   0.514   0.000 01O000M000t
00005 ASN01A0003_002 f 0.00  0.000     0  0.00  0  0  -2.340  -2.436   0.500   0.026   0.707   0.000 01R001M000t
00006 TYR01A0004_001 f 0.00  0.000     0  0.00  0  0   4.451  -8.920   0.141  -0.029   1.984   0.000 01O000M000t
00007 TYR-1A0004_002 f 0.00 -1.000     0 10.20  0 -1   4.451  -8.920   0.141  -0.245   9.086   0.000 -1O000M000t
00008 CYS01A0005_001 f 0.00  0.000     0  0.00  0  0  -3.692  -1.624   0.372  -0.040   0.377   0.000 01O000M000t
00009 CYS01A0005_002 f 0.00  0.000     0  0.00  0  0  -3.692  -1.637   0.372  -0.041   0.252   0.000 01O000M000t
00010 CYS01A0005_003 f 0.00  0.000     0  0.00  0  0  -3.693  -1.575   0.372  -0.268   0.042   0.000 01O000M000t
00011 CYS-1A0005_004 f 0.00 -1.000     0  9.10  0 -1  -3.690  -1.559   0.372  -1.251   1.882   0.000 -1O000M000t
00012 PHE01A0006_001 f 0.00  0.000     0  0.00  0  0   3.809  -6.225   0.110   0.000   0.000   0.000 01O000M000t
00013 ALA01A0007_001 f 0.00  0.000     0  0.00  0  0  -1.458   2.044   0.000   0.000   0.000   0.000 01O000M000t
00014 LYS01A0009_001 f 0.00  0.000     0  0.00  0  0  -1.078   1.892   1.627  -0.005  -0.071   0.000 01O000M000t
00015 LYS+1A0009_002 f 0.00  1.000     0 10.40  0  1  -1.125   1.889   1.627  -0.168  -0.224   0.000 +1O000M000t
00016 THR01A0010_001 f 0.00  0.000     0  0.00  0  0  -3.212  -0.317   0.375   0.002   1.097   0.000 01O000M000t
00017 THR01A0010_002 f 0.00  0.000     0  0.00  0  0  -3.212  -0.317   0.375  -0.244   0.056   0.000 01O000M000t
00018 SER01A0011_001 f 0.00  0.000     0  0.00  0  0  -0.144  -2.041   0.383  -0.925   1.021   0.000 01O000M000t
00019 SER01A0012_001 f 0.00  0.000     0  0.00  0  0  -1.095  -1.329   0.394  -0.773   0.141   0.000 01O000M000t
00020 SER01A0012_002 f 0.00  0.000     0  0.00  0  0  -1.095  -1.329   0.394   1.868   1.348   0.000 01O000M000t
00021 ILE01A0013_001 f 0.00  0.000     0  0.00  0  0  -1.448  57.873   0.667   0.000   0.000   0.000 01O000M000t
00022 SER01A0014_001 f 0.00  0.000     0  0.00  0  0  -4.459  -0.798   0.402  -0.391  -0.108   0.000 01O000M000t
00023 ASP01A0015_001 f 0.00  0.000     0  0.00  0  0  -1.788   1.873   3.494  -1.074  -0.349   0.000 01O000M000t
00024 ASP01A0015_002 f 0.00  0.000     0  0.00  0  0  -1.788   1.873   0.774  -1.216   0.791   0.000 01O000M000t
00025 ASP02A0015_003 f 0.00  0.000     0  0.00  0  0  -1.538 999.000   3.494   4.600   1.346   0.000 02O000M000t
00026 ASP02A0015_004 f 0.00  0.000     0  0.00  0  0  -1.538   3.502   0.774  -0.635   0.855   0.000 02O000M000t
00027 ASP-1A0015_005 f 0.00 -1.000     0  4.75  0 -1  -1.637   1.790   0.774  -2.668   1.790   0.000 -1O000M000t
00028 LEU01A0016_001 f 0.00  0.000     0  0.00  0  0   1.813  -5.890   0.514   0.000   0.000   0.000 01O000M000t
00029 LYS01A0017_001 f 0.00  0.000     0  0.00  0  0  -6.846   1.843   1.673  -0.088   0.480   0.000 01O000M000t
00030 LYS+1A0017_002 f 0.00  1.000     0 10.40  0  1  -6.890   2.017   1.673  -1.501   1.802   0.000 +1O000M000t
00031 GLU01A0018_001 f 0.00  0.000     0  0.00  0  0   1.748  -5.473   3.292  -1.950   1.148   0.000 01O000M000t
00032 GLU01A0018_002 f 0.00  0.000     0  0.00  0  0   1.748  -5.473   0.572   2.907   2.317   0.000 01O000M000t
00033 GLU02A0018_003 f 0.00  0.000     0  0.00  0  0   1.307  -5.460   3.292  -1.865   1.151   0.000 02O000M000t
00034 GLU02A0018_004 f 0.00  0.000     0  0.00  0  0   1.307  -5.460   0.572   2.418   2.396   0.000 02O000M000t
00035 GLU-1A0018_005 f 0.00 -1.000     0  4.75  0 -1   1.230  -5.603   0.572  -6.064   6.865   0.000 -1O000M000t
00036 VAL01A0019_001 f 0.00  0.000     0  0.00  0  0   0.050  -1.708   0.024   0.000   0.000   0.000 01O000M000t
00037 PRO01A0020_001 f 0.00  0.000     0  0.00  0  0  -3.104  -0.338   0.000   0.000   0.000   0.000 01O000M000t
00038 ARG01A0021_001 f 0.00  0.000     0  0.00  0  0  -0.838  -4.281   0.518  -2.300   3.902   0.000 01O000M000t
00039 ARG02A0021_002 f 0.00  0.000     0  0.00  0  0  -0.892  -4.183   0.518  -0.822   4.354   0.000 02O000M000t
00040 ARG03A0021_003 f 0.00  0.000     0  0.00  0  0  -0.898  -4.650   0.518   1.093   4.279   0.000 03O000M000t
00041 ARG03A0021_004 f 0.00  0.000     0  0.00  0  0  -0.893  -4.172   0.518  -1.628   4.184   0.000 03O000M000t
00042 ARG+1A0021_005 f 0.00  1.000     0 12.50  0  1  -0.938  -4.338   0.518  -3.570   7.458   0.000 +1O000M000t
00043 LYS01A0022_001 f 0.00  0.000     0  0.00  0  0  -7.552  -1.316   1.047   0.079   0.487   0.000 01O000M000t
00044 LYS+1A0022_002 f 0.00  1.000     0 10.40  0  1  -7.616  -1.323   1.047   0.575   1.592   0.000 +1O000M000t
00045 ASN01A0023_001 f 0.00  0.000     0  0.00  0  0  -1.811   2.748   0.235   0.199   0.922   0.000 01O000M000t
00046 ASN01A0023_002 f 0.00  0.000     0  0.00  0  0  -1.819   0.463   0.235  -0.098   0.692   0.000 01R001M000t
00047 ILE01A0024_001 f 0.00  0.000     0  0.00  0  0   1.914  -0.145   0.498   0.000   0.000   0.000 01O000M000t
00048 THR01A0025_001 f 0.00  0.000     0  0.00  0  0  -3.900  -0.669   0.375  -0.122  -0.219   0.000 01O000M000t
00049 LEU01A0026_001 f 0.00  0.000     0  0.00  0  0  -1.711   4.774   0.587   0.000   0.000   0.000 01O000M000t
00050 ILE01A0027_001 f 0.00  0.000     0  0.00  0  0  -0.321  -1.336   0.439   0.000   0.000   0.000 01O000M000t
00051 ARG01A0028_001 f 0.00  0.000     0  0.00  0  0  -5.135  -1.589   0.629   0.032   0.651   0.000 01O000M000t
00052 ARG02A0028_002 f 0.00  0.000     0  0.00  0  0  -5.173  -1.594   0.629   0.038   1.913   0.000 02O000M000t
00053 ARG02A0028_003 f 0.00  0.000     0  0.00  0  0  -5.082  -1.588   0.629  -0.111   1.398   0.000 02O000M000t
00054 ARG03A0028_004 f 0.00  0.000     0  0.00  0  0  -5.176  -1.595   0.629   0.020   1.490   0.000 03O000M000t
00055 ARG+1A0028_005 f 0.00  1.000     0 12.50  0  1  -5.221  -1.598   0.629   0.117   0.984   0.000 +1O000M000t
00056 LEU01A0030_001 f 0.00  0.000     0  0.00  0  0   1.741  -4.237   0.436   0.000   0.000   0.000 01O000M000t
00057 HIS01A0032_001 f 0.00  0.000     0  0.00  0  0  -4.877 632.295   2.767   0.492   0.648   0.000 01O000M000t
00058 HIS01A0032_002 f 0.00  0.000     0  0.00  0  0  -4.862 521.622   2.767   2.764   0.779   0.000 01R001M000t
00059 HIS02A0032_003 f 0.00  0.000     0  0.00  0  0  -4.901 632.287   2.767  -0.372   0.529   0.000 02O000M000t
00060 HIS02A0032_004 f 0.00  0.000     0  0.00  0  0  -4.871 524.130   2.767   0.927   0.889   0.000 02R001M000t
00061 HIS+1A0032_005 f 0.00  1.000     0  6.98  0  1  -4.928 632.269   2.767  -1.344   0.781   0.000 +1O000M000t
00062 HIS+1A0032_006 f 0.00  1.000     0  6.98  0  1  -4.894 524.124   2.767  -0.408   1.849   0.000 +1R001M000t
00063 ALA01A0034_001 f 0.00  0.000     0  0.00  0  0  -3.294   3.816   0.000   0.000   0.000   0.000 01O000M000t
00064 PHE01A0035_001 f 0.00  0.000     0  0.00  0  0  -0.853  -3.266   0.030   0.000   0.000   0.000 01O000M000t
00065 GLU01A0037_001 f 0.00  0.000     0  0.00  0  0  -1.032  -1.532   3.444   0.369   0.071   0.000 01O000M000t
00066 GLU01A0037_002 f 0.00  0.000     0  0.00  0  0  -1.032  -1.532   0.724   0.071   0.736   0.000 01O000M000t
00067 GLU02A0037_003 f 0.00  0.000     0  0.00  0  0  -1.303  -1.517   3.444   0.089  -0.331   0.000 02O000M000t
00068 GLU02A0037_004 f 0.00  0.000     0  0.00  0  0  -1.303  -1.517   0.724   0.018   0.928   0.000 02O000M000t
00069 GLU-1A0037_005 f 0.00 -1.000     0  4.75  0 -1  -1.311  -1.492   0.724  -0.777   1.115   0.000 -1O000M000t
00070 VAL01A0038_001 f 0.00  0.000     0  0.00  0  0   0.458  -2.138   0.013   0.000   0.000   0.000 01O000M000t
00071 TYR01A0039_001 f 0.00  0.000     0  0.00  0  0   1.492  -8.361   0.018   0.306   0.984   0.000 01O000M000t
00072 TYR01A0039_002 f 0.00  0.000     0  0.00  0  0   1.492  -8.361   0.018   0.214   0.773   0.000 01O000M000t
00073 TYR-1A0039_003 f 0.00 -1.000     0 10.20  0 -1   1.492  -8.361   0.018  -0.515   2.223   0.000 -1O000M000t
00074 GLU01A0040_001 f 0.00  0.000     0  0.00  0  0   0.920  -3.278   3.059   0.498   1.086   0.000 01O000M000t
00075 GLU01A0040_002 f 0.00  0.000     0  0.00  0  0   0.920  -3.278   0.339   0.125   1.205   0.000 01O000M000t
00076 GLU02A0040_003 f 0.00  0.000     0  0.00  0  0   0.584  -3.268   3.059   0.109   0.947   0.000 02O000M000t
00077 GLU02A0040_004 f 0.00  0.000     0  0.00  0  0   0.584  -3.268   0.339   0.051   1.236   0.000 02O000M000t
00078 GLU-1A0040_005 f 0.00 -1.000     0  4.75  0 -1   0.448  -3.230   0.339  -0.460   3.336   0.000 -1O000M000t
00079 GLN01A0042_001 f 0.00  0.000     0  0.00  0  0  -0.403  -5.311   0.870   0.208   0.355   0.000 01O000M000t
00080 GLN01A0042_002 f 0.00  0.000     0  0.00  0  0   0.415  -5.415   0.872  -0.077   0.228   0.000 01R001M000t
00081 VAL01A0043_001 f 0.00  0.000     0  0.00  0  0  -0.678   2.232   0.078   0.000   0.000   0.000 01O000M000t
00082 SER01A0044_001 f 0.00  0.000     0  0.00  0  0   0.000 470.705   0.437   0.619   1.891   0.000 01O000M000t
00083 SER01A0044_002 f 0.00  0.000     0  0.00  0  0   0.000 470.705   0.437   0.676   1.534   0.000 01O000M000t
00084 SER01A0044_003 f 0.00  0.000     0  0.00  0  0   0.000 470.705   0.062   0.496   1.627   0.000 01O000M000t
00085 MET01A0046_001 f 0.00  0.000     0  0.00  0  0  -7.369   3.646   3.414   0.026   0.034   0.000 01O000M000t
00086 PRO01A0047_001 f 0.00  0.000     0  0.00  0  0  -2.187 999.000   0.000   0.000   0.000   0.000 01O000M000t
00087 ASN01A0048_001 f 0.00  0.000     0  0.00  0  0  -3.973  22.636   0.374   0.882   0.152   0.000 01O000M000t
00088 ASN01A0048_002 f 0.00  0.000     0  0.00  0  0  -3.871  16.322   0.372  -0.451   0.178   0.000 01R001M000t
00089 ASP01A0049_001 f 0.00  0.000     0  0.00  0  0  -3.068  26.987   4.835   0.123  -0.578   0.000 01O000M000t
00090 ASP01A0049_002 f 0.00  0.000     0  0.00  0  0  -3.068  26.987   2.115   0.093   0.601   0.000 01O000M000t
00091 ASP02A0049_003 f 0.00  0.000     0  0.00  0  0  -3.183  26.978   4.835   0.616  -0.026   0.000 02O000M000t
00092 ASP02A0049_004 f 0.00  0.000     0  0.00  0  0  -3.183  26.978   2.115   0.146   0.681   0.000 02O000M000t
00093 ASP-1A0049_005 f 0.00 -1.000     0  4.75  0 -1  -3.102  27.021   2.115  -0.425   0.369   0.000 -1O000M000t
00094 PRO01A0050_001 f 0.00  0.000     0  0.00  0  0  -7.256   3.892   0.000   0.000   0.000   0.000 01O000M000t
00095 SER01A0051_001 f 0.00  0.000     0  0.00  0  0  -1.129 999.000   2.795   2.090   1.198   0.000 01O000M000t
00096 SER01A0051_002 f 0.00  0.000     0  0.00  0  0  -1.129 104.816   2.795  -1.176   0.093   0.000 01O000M000t
00097 PRO01A0052_001 f 0.00  0.000     0  0.00  0  0  -1.661  63.311   0.000   0.000   0.000   0.000 01O000M000t
00098 LEU01A0053_001 f 0.00  0.000     0  0.00  0  0  -4.230  -2.008   0.818   0.000   0.000   0.000 01O000M000t
00099 GLN01A0054_001 f 0.00  0.000     0  0.00  0  0  -0.990  -0.583   0.354   0.037   0.120   0.000 01O000M000t
00100 GLN01A0054_002 f 0.00  0.000     0  0.00  0  0   0.080  -0.586   0.354   0.110  -0.145   0.000 01R001M000t
00101 VAL01A0055_001 f 0.00  0.000     0  0.00  0  0   0.609  -2.805   0.010   0.000   0.000   0.000 01O000M000t
00102 ALA01A0056_001 f 0.00  0.000     0  0.00  0  0   0.000  -2.157   0.000   0.000   0.000   0.000 01O000M000t
00103 VAL01A0057_001 f 0.00  0.000     0  0.00  0  0   0.578  -3.278   0.053   0.000   0.000   0.000 01O000M000t
00104 LYS01A0058_001 f 0.00  0.000     0  0.00  0  0   0.649  -3.827   0.881  -0.068   0.371   0.000 01O000M000t
00105 LYS+1A0058_002 f 0.00  1.000     0 10.40  0  1   0.571  -3.841   0.881   0.255   3.515   0.000 +1O000M000t
00106 THR01A0059_001 f 0.00  0.000     0  0.00  0  0  -0.016  -2.239   0.605  -0.404   1.608   0.000 01O000M000t
00107 LEU01A0060_001 f 0.00  0.000     0  0.00  0  0   2.042  -5.468   0.615   0.000   0.000   0.000 01O000M000t
00108 PRO01A0061_001 f 0.00  0.000     0  0.00  0  0  -1.413  -3.081   0.000   0.000   0.000   0.000 01O000M000t
00109 GLU01A0062_001 f 0.00  0.000     0  0.00  0  0  -1.146  -3.013   3.925   0.270   0.419   0.000 01O000M000t
00110 GLU01A0062_002 f 0.00  0.000     0  0.00  0  0  -1.146  -3.013   1.205   0.109   0.667   0.000 01O000M000t
00111 GLU02A0062_003 f 0.00  0.000     0  0.00  0  0  -1.434  -3.019   3.925   0.436  -0.040   0.000 02O000M000t
00112 GLU02A0062_004 f 0.00  0.000     0  0.00  0  0  -1.434  -3.019   1.205   0.133   0.975   0.000 02O000M000t
00113 GLU-1A0062_005 f 0.00 -1.000     0  4.75  0 -1  -1.294  -2.959   1.205  -0.714   1.464   0.000 -1O000M000t
00114 VAL01A0063_001 f 0.00  0.000     0  0.00  0  0  -8.314   3.522   0.003   0.000   0.000   0.000 01O000M000t
00115 CYS01A0064_001 f 0.00  0.000     0  0.00  0  0  -0.002  -3.226   0.097  -0.390   0.401   0.000 01O000M000t
00116 CYS01A0064_002 f 0.00  0.000     0  0.00  0  0  -0.002  -3.239   0.097  -0.142   0.553   0.000 01O000M000t
00117 CYS01A0064_003 f 0.00  0.000     0  0.00  0  0  -0.002  -3.164   0.097  -0.109   0.837   0.000 01O000M000t
00118 CYS-1A0064_004 f 0.00 -1.000     0  9.10  0 -1   0.000  -3.105   0.097  -0.755   5.516   0.000 -1O000M000t
00119 SER01A0065_001 f 0.00  0.000     0  0.00  0  0  -2.315  -0.882   0.495  -0.192   1.456   0.000 01O000M000t
00120 SER01A0065_002 f 0.00  0.000     0  0.00  0  0  -2.315  -0.882   0.495   3.051   1.649   0.000 01O000M000t
00121 SER01A0065_003 f 0.00  0.000     0  0.00  0  0  -2.315  -0.882   0.120  -2.019   0.642   0.000 01O000M000t
00122 GLU01A0066_001 f 0.00  0.000     0  0.00  0  0  -3.117  -1.501   6.115  -0.013  -0.415   0.000 01O000M000t
00123 GLU01A0066_002 f 0.00  0.000     0  0.00  0  0  -3.117  -1.501   3.395  -0.041   0.726   0.000 01O000M000t
00124 GLU02A0066_003 f 0.00  0.000     0  0.00  0  0  -3.226  -1.459   6.115   0.727  -0.056   0.000 02O000M000t
00125 GLU02A0066_004 f 0.00  0.000     0  0.00  0  0  -3.226  -1.459   3.395   0.057   0.667   0.000 02O000M000t
00126 GLU-1A0066_005 f 0.00 -1.000     0  4.75  0 -1  -3.216  -1.473   3.395  -0.877   0.219   0.000 -1O000M000t
00127 GLN01A0067_001 f 0.00  0.000     0  0.00  0  0   0.423  21.716   0.570  -1.179   2.171   0.000 01O000M000t
00128 GLN01A0067_002 f 0.00  0.000     0  0.00  0  0   0.195  19.927   0.568   2.063   2.215   0.000 01R001M000t
00129 ASP01A0068_001 f 0.00  0.000     0  0.00  0  0  -0.469   3.059   3.157  -0.193   0.619   0.000 01O000M000t
00130 ASP01A0068_002 f 0.00  0.000     0  0.00  0  0  -0.469   3.059   0.437  -0.635   1.226   0.000 01O000M000t
00131 ASP02A0068_003 f 0.00  0.000     0  0.00  0  0  -0.362   3.720   3.157   3.501   1.782   0.000 02O000M000t
00132 ASP02A0068_004 f 0.00  0.000     0  0.00  0  0  -0.362   3.720   0.437  -0.303   1.253   0.000 02O000M000t
00133 ASP-1A0068_005 f 0.00 -1.000     0  4.75  0 -1  -0.433   2.711   0.437  -3.819   3.597   0.000 -1O000M000t
00134 GLU01A0069_001 f 0.00  0.000     0  0.00  0  0   2.260  -2.614   4.118   0.583  -0.097   0.000 01O000M000t
00135 GLU01A0069_002 f 0.00  0.000     0  0.00  0  0   2.260  -2.614   1.398   0.137   1.748   0.000 01O000M000t
00136 GLU02A0069_003 f 0.00  0.000     0  0.00  0  0   1.578  -2.682   4.118  -0.014   0.324   0.000 02O000M000t
00137 GLU02A0069_004 f 0.00  0.000     0  0.00  0  0   1.578  -2.682   1.398   0.011   1.881   0.000 02O000M000t
00138 GLU-1A0069_005 f 0.00 -1.000     0  4.75  0 -1   1.549  -2.629   1.398  -0.352   3.752   0.000 -1O000M000t
00139 LEU01A0070_001 f 0.00  0.000     0  0.00  0  0  -1.362   1.530   0.412   0.000   0.000   0.000 01O000M000t
00140 ASP01A0071_001 f 0.00  0.000     0  0.00  0  0  -0.044  -2.614   3.040   0.790   1.095   0.000 01O000M000t
00141 ASP01A0071_002 f 0.00  0.000     0  0.00  0  0  -0.044  -2.614   0.320   0.072   2.001   0.000 01O000M000t
00142 ASP02A0071_003 f 0.00  0.000     0  0.00  0  0   0.061  -2.950   3.040   0.159   1.036   0.000 02O000M000t
00143 ASP02A0071_004 f 0.00  0.000     0  0.00  0  0   0.061  -2.950   0.320  -0.017   2.022   0.000 02O000M000t
00144 ASP-1A0071_005 f 0.00 -1.000     0  4.75  0 -1  -0.051  -2.941   0.320  -0.149   6.609   0.000 -1O000M000t
00145 PHE01A0072_001 f 0.00  0.000     0  0.00  0  0   4.500  -9.747   0.401   0.000   0.000   0.000 01O000M000t
00146 LEU01A0073_001 f 0.00  0.000     0  0.00  0  0   0.799  -2.437   0.798   0.000   0.000   0.000 01O000M000t
00147 MET01A0074_001 f 0.00  0.000     0  0.00  0  0   2.502  -5.851   0.595   0.058   0.095   0.000 01O000M000t
00148 GLU01A0075_001 f 0.00  0.000     0  0.00  0  0   0.861   5.671   4.081   0.215   0.888   0.000 01O000M000t
00149 GLU01A0075_002 f 0.00  0.000     0  0.00  0  0   0.861   5.671   1.361   0.058   1.734   0.000 01O000M000t
00150 GLU02A0075_003 f 0.00  0.000     0  0.00  0  0   0.709   6.019   4.081  -0.349   1.514   0.000 02O000M000t
00151 GLU02A0075_004 f 0.00  0.000     0  0.00  0  0   0.709   6.019   1.361  -0.142   1.427   0.000 02O000M000t
00152 GLU-1A0075_005 f 0.00 -1.000     0  4.75  0 -1   0.613   5.738   1.361  -0.425   5.322   0.000 -1O000M000t
00153 ALA01A0076_001 f 0.00  0.000     0  0.00  0  0   0.000  -0.499   0.000   0.000   0.000   0.000 01O000M000t
00154 LEU01A0077_001 f 0.00  0.000     0  0.00  0  0   1.945  -7.087   0.617   0.000   0.000   0.000 01O000M000t
00155 ILE01A0078_001 f 0.00  0.000     0  0.00  0  0   1.833   1.196   0.508   0.000   0.000   0.000 01O000M000t
00156 ILE01A0079_001 f 0.00  0.000     0  0.00  0  0   3.800  -2.609   0.412   0.000   0.000   0.000 01O000M000t
00157 SER01A0080_001 f 0.00  0.000     0  0.00  0  0  -0.840  -2.370   0.558   0.311   0.740   0.000 01O000M000t
00158 SER01A0080_002 f 0.00  0.000     0  0.00  0  0  -0.840  -2.370   0.558  -1.025   1.630   0.000 01O000M000t
00159 SER01A0080_003 f 0.00  0.000     0  0.00  0  0  -0.840  -2.370   0.183  -0.041   1.259   0.000 01O000M000t
00160 LYS01A0081_001 f 0.00  0.000     0  0.00  0  0  -1.548   7.369   1.031   0.011   0.146   0.000 01O000M000t
00161 LYS+1A0081_002 f 0.00  1.000     0 10.40  0  1  -1.596   7.346   1.031  -0.756   0.506   0.000 +1O000M000t
00162 PHE01A0082_001 f 0.00  0.000     0  0.00  0  0   4.532  -5.309   0.052   0.000   0.000   0.000 01O000M000t
00163 ASN01A0083_001 f 0.00  0.000     0  0.00  0  0  -3.091   1.950   0.609  -0.103   0.308   0.000 01O000M000t
00164 HIS01A0084_001 f 0.00  0.000     0  0.00  0  0  -1.324  -5.739   0.237  -2.419   2.831   0.000 01O000M000t
00165 HIS02A0084_002 f 0.00  0.000     0  0.00  0  0  -1.343  -5.871   0.237   3.082   2.025   0.000 02O000M000t
00166 HIS+1A0084_003 f 0.00  1.000     0  6.98  0  1  -1.369  -5.897   0.237   6.556   5.398   0.000 +1O000M000t
00167 GLN01A0085_001 f 0.00  0.000     0  0.00  0  0   1.810  -0.235   3.032   0.122   0.129   0.000 01O000M000t
00168 GLN01A0085_002 f 0.00  0.000     0  0.00  0  0   0.026  -0.248   3.032   0.380  -0.012   0.000 01R001M000t
00169 ASN01A0086_001 f 0.00  0.000     0  0.00  0  0   0.048  -5.624   0.962  -1.366   1.947   0.000 01O000M000t
00170 ASN01A0086_002 f 0.00  0.000     0  0.00  0  0   0.051  -5.882   0.957   1.357   2.123   0.000 01R001M000t
00171 ILE01A0087_001 f 0.00  0.000     0  0.00  0  0   3.829  -3.372   0.414   0.000   0.000   0.000 01O000M000t
00172 VAL01A0088_001 f 0.00  0.000     0  0.00  0  0   0.698  -1.095   0.004   0.000   0.000   0.000 01O000M000t
00173 ARG01A0089_001 f 0.00  0.000     0  0.00  0  0  -3.992  -6.060   0.762   0.395   1.277   0.000 01O000M000t
00174 ARG02A0089_002 f 0.00  0.000     0  0.00  0  0  -4.031  -6.003   0.762  -0.032   2.482   0.000 02O000M000t
00175 ARG02A0089_003 f 0.00  0.000     0  0.00  0  0  -3.970  -6.036   0.762   0.612   1.976   0.000 02O000M000t
00176 ARG03A0089_004 f 0.00  0.000     0  0.00  0  0  -4.036  -6.043   0.762   0.237   2.253   0.000 03O000M000t
00177 ARG+1A0089_005 f 0.00  1.000     0 12.50  0  1  -4.074  -6.084   0.762  -0.292   1.909   0.000 +1O000M000t
00178 CYS01A0090_001 f 0.00  0.000     0  0.00  0  0  -0.002  -4.716   0.007  -0.016   0.707   0.000 01O000M000t
00179 CYS01A0090_002 f 0.00  0.000     0  0.00  0  0  -0.002  -4.616   0.007  -0.487   0.918   0.000 01O000M000t
00180 CYS01A0090_003 f 0.00  0.000     0  0.00  0  0  -0.002  -4.534   0.007  -0.354   0.828   0.000 01O000M000t
00181 CYS-1A0090_004 f 0.00 -1.000     0  9.10  0 -1   0.000  -4.471   0.007  -1.273   9.097   0.000 -1O000M000t
00182 ILE01A0091_001 f 0.00  0.000     0  0.00  0  0  -0.628   6.961   0.991   0.000   0.000   0.000 01O000M000t
00183 VAL01A0093_001 f 0.00  0.000     0  0.00  0  0   0.617  -1.950   0.003   0.000   0.000   0.000 01O000M000t
00184 SER01A0094_001 f 0.00  0.000     0  0.00  0  0   0.000  -2.224   0.378  -0.161   1.641   0.000 01O000M000t
00185 SER01A0094_002 f 0.00  0.000     0  0.00  0  0   0.000  -2.224   0.378   0.007   0.991   0.000 01O000M000t
00186 SER01A0094_003 f 0.00  0.000     0  0.00  0  0   0.000  -2.224   0.003  -0.625   1.762   0.000 01O000M000t
00187 LEU01A0095_001 f 0.00  0.000     0  0.00  0  0   0.906  -3.432   0.438   0.000   0.000   0.000 01O000M000t
00188 GLN01A0096_001 f 0.00  0.000     0  0.00  0  0  -0.286  -0.680   0.475   0.201   0.139   0.000 01O000M000t
00189 GLN01A0096_002 f 0.00  0.000     0  0.00  0  0  -1.503  -0.666   0.475   0.031  -0.191   0.000 01R001M000t
00190 SER01A0097_001 f 0.00  0.000     0  0.00  0  0  -1.829  -1.404   0.443  -0.326  -0.057   0.000 01O000M000t
00191 LEU01A0098_001 f 0.00  0.000     0  0.00  0  0  -2.474  -3.029   0.525   0.000   0.000   0.000 01O000M000t
00192 PRO01A0099_001 f 0.00  0.000     0  0.00  0  0  -2.681  -2.423   0.000   0.000   0.000   0.000 01O000M000t
00193 ARG01A0100_001 f 0.00  0.000     0  0.00  0  0  -1.119  -4.244   1.857  -0.906   1.976   0.000 01O000M000t
00194 ARG02A0100_002 f 0.00  0.000     0  0.00  0  0  -1.133  -4.220   1.857  -0.909   2.766   0.000 02O000M000t
00195 ARG03A0100_003 f 0.00  0.000     0  0.00  0  0  -1.141  -4.252   1.857  -0.835   2.555   0.000 03O000M000t
00196 ARG03A0100_004 f 0.00  0.000     0  0.00  0  0  -1.137  -4.251   1.857  -0.879   2.379   0.000 03O000M000t
00197 ARG+1A0100_005 f 0.00  1.000     0 12.50  0  1  -1.180  -4.257   1.857  -1.356   3.578   0.000 +1O000M000t
00198 PHE01A0101_001 f 0.00  0.000     0  0.00  0  0   3.797  -2.740   0.127   0.000   0.000   0.000 01O000M000t
00199 ILE01A0102_001 f 0.00  0.000     0  0.00  0  0   2.055  -3.369   0.557   0.000   0.000   0.000 01O000M000t
00200 LEU01A0103_001 f 0.00  0.000     0  0.00  0  0   1.725  -5.672   0.686   0.000   0.000   0.000 01O000M000t
00201 LEU01A0104_001 f 0.00  0.000     0  0.00  0  0   1.675  -5.191   0.431   0.000   0.000   0.000 01O000M000t
00202 GLU01A0105_001 f 0.00  0.000     0  0.00  0  0   1.415  -4.204   2.953   2.283   1.921   0.000 01O000M000t
00203 GLU01A0105_002 f 0.00  0.000     0  0.00  0  0   1.415  -4.204   0.233  -0.390   2.224   0.000 01O000M000t
00204 GLU02A0105_003 f 0.00  0.000     0  0.00  0  0   0.788  -4.447   2.953  -1.214   1.151   0.000 02O000M000t
00205 GLU02A0105_004 f 0.00  0.000     0  0.00  0  0   0.788  -4.447   0.233  -1.201   2.378   0.000 02O000M000t
00206 GLU-1A0105_005 f 0.00 -1.000     0  4.75  0 -1   0.841  -4.397   0.233  -2.521   7.114   0.000 -1O000M000t
00207 LEU01A0106_001 f 0.00  0.000     0  0.00  0  0   1.228  -5.253   0.494   0.000   0.000   0.000 01O000M000t
00208 MET01A0107_001 f 0.00  0.000     0  0.00  0  0   0.303  -5.784   0.711   0.026   0.077   0.000 01O000M000t
00209 ALA01A0108_001 f 0.00  0.000     0  0.00  0  0  -2.247  -0.850   0.000   0.000   0.000   0.000 01O000M000t
00210 ASP01A0111_001 f 0.00  0.000     0  0.00  0  0  -0.132  -4.259   4.203  -1.350   0.905   0.000 01O000M000t
00211 ASP01A0111_002 f 0.00  0.000     0  0.00  0  0  -0.132  -4.259   1.483  -1.420   1.845   0.000 01O000M000t
00212 ASP02A0111_003 f 0.00  0.000     0  0.00  0  0   0.003  -3.570   4.203   1.940   1.710   0.000 02O000M000t
00213 ASP02A0111_004 f 0.00  0.000     0  0.00  0  0   0.003  -3.570   1.483   0.916   1.777   0.000 02O000M000t
00214 ASP-1A0111_005 f 0.00 -1.000     0  4.75  0 -1  -0.113  -4.219   1.483  -5.272   5.204   0.000 -1O000M000t
00215 LEU01A0112_001 f 0.00  0.000     0  0.00  0  0   1.814  -4.048   0.420   0.000   0.000   0.000 01O000M000t
00216 LYS01A0113_001 f 0.00  0.000     0  0.00  0  0  -1.016  -4.928   1.194  -0.648   0.900   0.000 01O000M000t
00217 LYS+1A0113_002 f 0.00  1.000     0 10.40  0  1  -1.091  -4.977   1.194  -1.567   6.224   0.000 +1O000M000t
00218 SER01A0114_001 f 0.00  0.000     0  0.00  0  0  -2.601  -1.424   0.382  -0.530   0.063   0.000 01O000M000t
00219 SER01A0114_002 f 0.00  0.000     0  0.00  0  0  -2.601  -1.424   0.382   0.511   0.547   0.000 01O000M000t
00220 SER01A0114_003 f 0.00  0.000     0  0.00  0  0  -2.601  -1.424   0.007  -0.604   0.088   0.000 01O000M000t
00221 PHE01A0115_001 f 0.00  0.000     0  0.00  0  0   4.629  -7.072   0.162   0.000   0.000   0.000 01O000M000t
00222 LEU01A0116_001 f 0.00  0.000     0  0.00  0  0   1.910  -6.756   0.573   0.000   0.000   0.000 01O000M000t
00223 ARG01A0117_001 f 0.00  0.000     0  0.00  0  0  -4.001  -5.951   0.548  -0.829   0.476   0.000 01O000M000t
00224 ARG02A0117_002 f 0.00  0.000     0  0.00  0  0  -4.051  -5.952   0.548  -0.962   1.521   0.000 02O000M000t
00225 ARG02A0117_003 f 0.00  0.000     0  0.00  0  0  -4.000  -5.901   0.548   0.307   1.192   0.000 02O000M000t
00226 ARG03A0117_004 f 0.00  0.000     0  0.00  0  0  -4.058  -5.963   0.548  -0.790   1.735   0.000 03O000M000t
00227 ARG+1A0117_005 f 0.00  1.000     0 12.50  0  1  -4.097  -5.965   0.548  -1.643   1.190   0.000 +1O000M000t
00228 GLU01A0118_001 f 0.00  0.000     0  0.00  0  0  -0.128   0.103   3.337   0.058   0.060   0.000 01O000M000t
00229 GLU01A0118_002 f 0.00  0.000     0  0.00  0  0  -0.128   0.103   0.617   0.041   0.838   0.000 01O000M000t
00230 GLU02A0118_003 f 0.00  0.000     0  0.00  0  0  -0.415   0.096   3.337  -0.097  -0.158   0.000 02O000M000t
00231 GLU02A0118_004 f 0.00  0.000     0  0.00  0  0  -0.415   0.096   0.617  -0.022   0.814   0.000 02O000M000t
00232 GLU-1A0118_005 f 0.00 -1.000     0  4.75  0 -1  -0.460   0.160   0.617   0.484   0.553   0.000 -1O000M000t
00233 THR01A0119_001 f 0.00  0.000     0  0.00  0  0  -0.664  13.548   1.155  -1.117   1.346   0.000 01O000M000t
00234 ARG01A0120_001 f 0.00  0.000     0  0.00  0  0  -0.068   5.837   0.670   1.620   2.691   0.000 01O000M000t
00235 ARG02A0120_002 f 0.00  0.000     0  0.00  0  0  -0.105   6.714   0.670  -1.842   3.179   0.000 02O000M000t
00236 ARG02A0120_003 f 0.00  0.000     0  0.00  0  0  -0.043   6.719   0.670  -1.666   2.866   0.000 02O000M000t
00237 ARG03A0120_004 f 0.00  0.000     0  0.00  0  0  -0.106   6.906   0.670  -0.348   3.026   0.000 03O000M000t
00238 ARG+1A0120_005 f 0.00  1.000     0 12.50  0  1  -0.149   6.707   0.670  -6.196   5.351   0.000 +1O000M000t
00239 PRO01A0121_001 f 0.00  0.000     0  0.00  0  0   0.216  -4.102   0.000   0.000   0.000   0.000 01O000M000t
00240 ARG01A0122_001 f 0.00  0.000     0  0.00  0  0  -1.214 541.399   1.705   0.973   1.498   0.000 01O000M000t
00241 ARG02A0122_002 f 0.00  0.000     0  0.00  0  0  -1.231 541.259   1.705   1.087   2.331   0.000 02O000M000t
00242 ARG03A0122_003 f 0.00  0.000     0  0.00  0  0  -1.247 541.296   1.705   0.980   2.428   0.000 03O000M000t
00243 ARG03A0122_004 f 0.00  0.000     0  0.00  0  0  -1.243 497.452   1.705   0.757   2.190   0.000 03O000M000t
00244 ARG+1A0122_005 f 0.00  1.000     0 12.50  0  1  -1.286 541.241   1.705  -0.407   3.423   0.000 +1O000M000t
00245 PRO01A0123_001 f 0.00  0.000     0  0.00  0  0  -2.611  -2.580   0.000   0.000   0.000   0.000 01O000M000t
00246 SER01A0124_001 f 0.00  0.000     0  0.00  0  0  -3.839  -0.604   0.408  -0.521  -0.120   0.000 01O000M000t
00247 GLN01A0125_001 f 0.00  0.000     0  0.00  0  0   0.132   1.748   1.580   0.235   0.547   0.000 01O000M000t
00248 GLN01A0125_002 f 0.00  0.000     0  0.00  0  0   2.265   1.566   1.580   0.018   0.544   0.000 01R001M000t
00249 PRO01A0126_001 f 0.00  0.000     0  0.00  0  0  -4.118   0.007   0.000   0.000   0.000   0.000 01O000M000t
00250 SER01A0127_001 f 0.00  0.000     0  0.00  0  0  -4.717   2.768   0.388  -0.984  -0.126   0.000 01O000M000t
00251 SER01A0128_001 f 0.00  0.000     0  0.00  0  0  -0.192  -0.565   0.378   1.422   1.920   0.000 01O000M000t
00252 LEU01A0129_001 f 0.00  0.000     0  0.00  0  0   1.800   0.137   3.114   0.000   0.000   0.000 01O000M000t
00253 ALA01A0130_001 f 0.00  0.000     0  0.00  0  0  -2.263  -0.701   0.000   0.000   0.000   0.000 01O000M000t
00254 MET01A0131_001 f 0.00  0.000     0  0.00  0  0  -0.031  -6.436   0.660  -0.182   0.096   0.000 01O000M000t
00255 LEU01A0132_001 f 0.00  0.000     0  0.00  0  0  -2.270  -1.356   0.647   0.000   0.000   0.000 01O000M000t
00256 ASP01A0133_001 f 0.00  0.000     0  0.00  0  0  -0.256  -0.719   3.484  -0.594   0.165   0.000 01O000M000t
00257 ASP01A0133_002 f 0.00  0.000     0  0.00  0  0  -0.256  -0.719   0.764  -0.786   0.700   0.000 01O000M000t
00258 ASP02A0133_003 f 0.00  0.000     0  0.00  0  0  -0.205 999.000   3.484   4.738   1.647   0.000 02O000M000t
00259 ASP02A0133_004 f 0.00  0.000     0  0.00  0  0  -0.205   0.211   0.764  -0.349   1.128   0.000 02O000M000t
00260 ASP-1A0133_005 f 0.00 -1.000     0  4.75  0 -1  -0.306  -0.768   0.764  -2.700   2.688   0.000 -1O000M000t
00261 LEU01A0134_001 f 0.00  0.000     0  0.00  0  0   1.808  -4.471   0.427   0.000   0.000   0.000 01O000M000t
00262 LEU01A0135_001 f 0.00  0.000     0  0.00  0  0   1.760  -5.357   0.979   0.000   0.000   0.000 01O000M000t
00263 HIS01A0136_001 f 0.00  0.000     0  0.00  0  0  -4.314  -3.844   0.638   0.692   1.106   0.000 01O000M000t
00264 HIS01A0136_002 f 0.00  0.000     0  0.00  0  0  -3.789  -4.071   0.638   0.476   1.903   0.000 01R001M000t
00265 HIS02A0136_003 f 0.00  0.000     0  0.00  0  0  -4.334  -3.860   0.638   0.552   0.746   0.000 02O000M000t
00266 HIS02A0136_004 f 0.00  0.000     0  0.00  0  0  -3.798  -4.157   0.638   0.565   1.175   0.000 02R001M000t
00267 HIS+1A0136_005 f 0.00  1.000     0  6.98  0  1  -4.361  -3.869   0.638   0.490   1.400   0.000 +1O000M000t
00268 HIS+1A0136_006 f 0.00  1.000     0  6.98  0  1  -3.824  -4.164   0.638   0.516   2.466   0.000 +1R001M000t
00269 VAL01A0137_001 f 0.00  0.000     0  0.00  0  0   0.631   0.403   0.233   0.000   0.000   0.000 01O000M000t
00270 ALA01A0138_001 f 0.00  0.000     0  0.00  0  0   0.000  -1.649   0.000   0.000   0.000   0.000 01O000M000t
00271 ARG01A0139_001 f 0.00  0.000     0  0.00  0  0   8.280  -5.922   0.513   0.064   1.505   0.000 01O000M000t
00272 ARG02A0139_002 f 0.00  0.000     0  0.00  0  0   8.269  -5.894   0.513   0.067   2.567   0.000 02O000M000t
00273 ARG02A0139_003 f 0.00  0.000     0  0.00  0  0   6.690  -5.885   0.513  -0.091   2.400   0.000 02O000M000t
00274 ARG03A0139_004 f 0.00  0.000     0  0.00  0  0   8.253  -5.921   0.513   0.118   2.454   0.000 03O000M000t
00275 ARG03A0139_005 f 0.00  0.000     0  0.00  0  0   8.257  -5.918   0.513   0.039   1.967   0.000 03O000M000t
00276 ARG+1A0139_006 f 0.00  1.000     0 12.50  0  1   8.212  -5.945   0.513   0.188   2.411   0.000 +1O000M000t
00277 ASP01A0140_001 f 0.00  0.000     0  0.00  0  0  -0.359  -2.463   2.940  -0.439   1.593   0.000 01O000M000t
00278 ASP01A0140_002 f 0.00  0.000     0  0.00  0  0  -0.359  -2.463   0.220  -0.995   1.568   0.000 01O000M000t
00279 ASP02A0140_003 f 0.00  0.000     0  0.00  0  0  -0.203  -2.579   2.940   2.363   2.131   0.000 02O000M000t
00280 ASP02A0140_004 f 0.00  0.000     0  0.00  0  0  -0.203  -2.579   0.220  -0.489   1.816   0.000 02O000M000t
00281 ASP-1A0140_005 f 0.00 -1.000     0  4.75  0 -1  -0.309  -2.817   0.220  -1.686   5.925   0.000 -1O000M000t
00282 ILE01A0141_001 f 0.00  0.000     0  0.00  0  0   2.888  -1.440   0.463   0.000   0.000   0.000 01O000M000t
00283 ALA01A0142_001 f 0.00  0.000     0  0.00  0  0   0.000  -2.122   0.000   0.000   0.000   0.000 01O000M000t
00284 CYS01A0143_001 f 0.00  0.000     0  0.00  0  0  -1.741  -2.502   0.298  -0.118   0.581   0.000 01O000M000t
00285 CYS01A0143_002 f 0.00  0.000     0  0.00  0  0  -1.741  -2.473   0.298  -0.285   0.245   0.000 01O000M000t
00286 CYS01A0143_003 f 0.00  0.000     0  0.00  0  0  -1.742  -2.460   0.298  -0.321   0.224   0.000 01O000M000t
00287 CYS-1A0143_004 f 0.00 -1.000     0  9.10  0 -1  -1.739  -2.445   0.298  -1.821   3.015   0.000 -1O000M000t
00288 CYS01A0145_001 f 0.00  0.000     0  0.00  0  0  -0.002  -3.441   0.391   0.112   0.731   0.000 01O000M000t
00289 CYS01A0145_002 f 0.00  0.000     0  0.00  0  0  -0.002  -3.506   0.391  -0.395   0.948   0.000 01O000M000t
00290 CYS01A0145_003 f 0.00  0.000     0  0.00  0  0  -0.002  -3.439   0.391  -0.068   0.899   0.000 01O000M000t
00291 CYS-1A0145_004 f 0.00 -1.000     0  9.10  0 -1   0.000  -3.404   0.391  -4.143  11.941   0.000 -1O000M000t
00292 GLN01A0146_001 f 0.00  0.000     0  0.00  0  0  -0.081  -4.478   0.537   0.036   0.778   0.000 01O000M000t
00293 GLN01A0146_002 f 0.00  0.000     0  0.00  0  0  -0.567  -4.392   0.537   0.242   0.552   0.000 01R001M000t
00294 TYR01A0147_001 f 0.00  0.000     0  0.00  0  0   3.043  -6.891   0.231  -0.941   1.613   0.000 01O000M000t
00295 TYR-1A0147_002 f 0.00 -1.000     0 10.20  0 -1   3.043  -6.891   0.231  -2.692   6.685   0.000 -1O000M000t
00296 LEU01A0148_001 f 0.00  0.000     0  0.00  0  0   1.779  -3.247   0.464   0.000   0.000   0.000 01O000M000t
00297 GLU01A0149_001 f 0.00  0.000     0  0.00  0  0  -0.021  -2.953   3.635  -0.267   1.158   0.000 01O000M000t
00298 GLU01A0149_002 f 0.00  0.000     0  0.00  0  0  -0.021  -2.953   0.915   2.979   2.016   0.000 01O000M000t
00299 GLU02A0149_003 f 0.00  0.000     0  0.00  0  0  -0.189  -3.102   3.635  -1.469   0.227   0.000 02O000M000t
00300 GLU02A0149_004 f 0.00  0.000     0  0.00  0  0  -0.189  -3.102   0.915  -0.649   2.005   0.000 02O000M000t
00301 GLU-1A0149_005 f 0.00 -1.000     0  4.75  0 -1  -0.212  -3.024   0.915  -3.731   4.174   0.000 -1O000M000t
00302 GLU01A0150_001 f 0.00  0.000     0  0.00  0  0   0.284  -0.649   3.173   0.080   0.228   0.000 01O000M000t
00303 GLU01A0150_002 f 0.00  0.000     0  0.00  0  0   0.284  -0.649   0.453   0.018   0.863   0.000 01O000M000t
00304 GLU02A0150_003 f 0.00  0.000     0  0.00  0  0  -0.136  -0.603   3.173  -0.105   0.477   0.000 02O000M000t
00305 GLU02A0150_004 f 0.00  0.000     0  0.00  0  0  -0.136  -0.603   0.453  -0.015   0.839   0.000 02O000M000t
00306 GLU-1A0150_005 f 0.00 -1.000     0  4.75  0 -1  -0.258  -0.579   0.453  -0.099   1.327   0.000 -1O000M000t
00307 ASN01A0151_001 f 0.00  0.000     0  0.00  0  0  -0.817  -2.477   1.445   0.724   1.302   0.000 01O000M000t
00308 ASN01A0151_002 f 0.00  0.000     0  0.00  0  0  -0.637  -1.710   1.437  -1.113   1.143   0.000 01R001M000t
00309 HIS01A0152_001 f 0.00  0.000     0  0.00  0  0  -9.261  -1.299   0.377   0.243   0.662   0.000 01O000M000t
00310 HIS01A0152_002 f 0.00  0.000     0  0.00  0  0  -8.631  -1.312   0.377   0.158   0.450   0.000 01R001M000t
00311 HIS02A0152_003 f 0.00  0.000     0  0.00  0  0  -9.283  -1.346   0.377   0.173   0.468   0.000 02O000M000t
00312 HIS02A0152_004 f 0.00  0.000     0  0.00  0  0  -8.641  -1.339   0.377   0.266   0.365   0.000 02R001M000t
00313 HIS+1A0152_005 f 0.00  1.000     0  6.98  0  1  -9.310  -1.358   0.377   0.499  -0.099   0.000 +1O000M000t
00314 HIS+1A0152_006 f 0.00  1.000     0  6.98  0  1  -8.668  -1.354   0.377   0.543  -0.054   0.000 +1R001M000t
00315 PHE01A0153_001 f 0.00  0.000     0  0.00  0  0   4.055  -5.919   0.102   0.000   0.000   0.000 01O000M000t
00316 ILE01A0154_001 f 0.00  0.000     0  0.00  0  0   0.234  -2.279   0.462   0.000   0.000   0.000 01O000M000t
00317 HIS01A0155_001 f 0.00  0.000     0  0.00  0  0  -0.149  -3.777   0.112  -3.358   3.830   0.000 01O000M000t
00318 HIS02A0155_002 f 0.00  0.000     0  0.00  0  0  -0.168  -4.093   0.112   4.386   3.749   0.000 02O000M000t
00319 HIS+1A0155_003 f 0.00  1.000     0  6.98  0  1  -0.195  -3.987   0.112   6.624  10.210   0.000 +1O000M000t
00320 ARG01A0156_001 f 0.00  0.000     0  0.00  0  0   0.750   5.519   0.504  -0.132   1.674   0.000 01O000M000t
00321 ARG02A0156_002 f 0.00  0.000     0  0.00  0  0   0.746   5.494   0.504  -0.396   3.163   0.000 02O000M000t
00322 ARG03A0156_003 f 0.00  0.000     0  0.00  0  0   0.717   5.491   0.504  -0.199   2.841   0.000 03O000M000t
00323 ARG+1A0156_004 f 0.00  1.000     0 12.50  0  1   0.679   5.482   0.504   0.151   2.771   0.000 +1O000M000t
00324 ASP01A0157_001 f 0.00  0.000     0  0.00  0  0  -0.387   1.466   3.175   0.910   1.513   0.000 01O000M000t
00325 ASP01A0157_002 f 0.00  0.000     0  0.00  0  0  -0.387   1.466   0.455   0.134   2.096   0.000 01O000M000t
00326 ASP02A0157_003 f 0.00  0.000     0  0.00  0  0  -0.416   0.861   3.175   0.224   1.558   0.000 02O000M000t
00327 ASP02A0157_004 f 0.00  0.000     0  0.00  0  0  -0.416   0.861   0.455  -0.024   1.891   0.000 02O000M000t
00328 ASP-1A0157_005 f 0.00 -1.000     0  4.75  0 -1  -0.391   0.930   0.455  -1.639   7.843   0.000 -1O000M000t
00329 ILE01A0158_001 f 0.00  0.000     0  0.00  0  0   2.877  -0.564   0.595   0.000   0.000   0.000 01O000M000t
00330 ALA01A0159_001 f 0.00  0.000     0  0.00  0  0   0.000  -0.993   0.000   0.000   0.000   0.000 01O000M000t
00331 ALA01A0160_001 f 0.00  0.000     0  0.00  0  0   0.000  -1.668   0.000   0.000   0.000   0.000 01O000M000t
00332 ARG01A0161_001 f 0.00  0.000     0  0.00  0  0  -2.082  -2.459   1.099   0.085   2.041   0.000 01O000M000t
00333 ARG02A0161_002 f 0.00  0.000     0  0.00  0  0  -2.002  -2.452   1.099  -0.239   3.171   0.000 02O000M000t
00334 ARG03A0161_003 f 0.00  0.000     0  0.00  0  0  -2.104  -2.446   1.099  -0.197   3.123   0.000 03O000M000t
00335 ARG03A0161_004 f 0.00  0.000     0  0.00  0  0  -2.100  -2.450   1.099   0.030   2.995   0.000 03O000M000t
00336 ARG+1A0161_005 f 0.00  1.000     0 12.50  0  1  -2.143  -2.468   1.099   1.883   4.156   0.000 +1O000M000t
00337 ASN01A0162_001 f 0.00  0.000     0  0.00  0  0  -0.118  -1.886   0.434  -1.188   1.623   0.000 01O000M000t
00338 ASN01A0162_002 f 0.00  0.000     0  0.00  0  0  -0.443  -1.958   0.438   0.886   1.989   0.000 01R001M000t
00339 CYS01A0163_001 f 0.00  0.000     0  0.00  0  0  -0.002  -4.782   0.000   0.022   0.891   0.000 01O000M000t
00340 CYS01A0163_002 f 0.00  0.000     0  0.00  0  0  -0.002  -4.868   0.000  -0.273   0.812   0.000 01O000M000t
00341 CYS01A0163_003 f 0.00  0.000     0  0.00  0  0  -0.002  -4.739   0.000   0.020   0.971   0.000 01O000M000t
00342 CYS-1A0163_004 f 0.00 -1.000     0  9.10  0 -1   0.000  -4.701   0.000  -5.278  13.274   0.000 -1O000M000t
00343 LEU01A0164_001 f 0.00  0.000     0  0.00  0  0   1.904  -3.584   0.521   0.000   0.000   0.000 01O000M000t
00344 LEU01A0165_001 f 0.00  0.000     0  0.00  0  0   2.115  -7.073   0.626   0.000   0.000   0.000 01O000M000t
00345 THR01A0166_001 f 0.00  0.000     0  0.00  0  0  -1.778  -1.610   0.444   2.949   1.559   0.000 01O000M000t
00346 THR01A0166_002 f 0.00  0.000     0  0.00  0  0  -1.778  -1.610   0.444  -0.158   1.478   0.000 01O000M000t
00347 CYS01A0167_001 f 0.00  0.000     0  0.00  0  0  -2.484  -2.951   0.010  -0.007   0.447   0.000 01O000M000t
00348 CYS01A0167_002 f 0.00  0.000     0  0.00  0  0  -2.484  -3.038   0.010  -0.377   0.801   0.000 01O000M000t
00349 CYS01A0167_003 f 0.00  0.000     0  0.00  0  0  -2.485  -2.848   0.010  -0.659   0.265   0.000 01O000M000t
00350 CYS-1A0167_004 f 0.00 -1.000     0  9.10  0 -1  -2.482  -2.787   0.010  -3.783   4.159   0.000 -1O000M000t
00351 PRO01A0168_001 f 0.00  0.000     0  0.00  0  0  -4.449  -1.675   0.000   0.000   0.000   0.000 01O000M000t
00352 PRO01A0170_001 f 0.00  0.000     0  0.00  0  0  -7.285   0.838   0.000   0.000   0.000   0.000 01O000M000t
00353 ARG01A0172_001 f 0.00  0.000     0  0.00  0  0   1.838  -5.298   0.985   1.125   3.237   0.000 01O000M000t
00354 ARG02A0172_002 f 0.00  0.000     0  0.00  0  0   1.803  -5.439   0.985  -0.713   3.688   0.000 02O000M000t
00355 ARG02A0172_003 f 0.00  0.000     0  0.00  0  0   1.892  -5.439   0.985  -0.647   3.178   0.000 02O000M000t
00356 ARG03A0172_004 f 0.00  0.000     0  0.00  0  0   1.795  -5.418   0.985  -0.693   3.367   0.000 03O000M000t
00357 ARG03A0172_005 f 0.00  0.000     0  0.00  0  0   1.799  -5.326   0.985   0.490   3.469   0.000 03O000M000t
00358 ARG+1A0172_006 f 0.00  1.000     0 12.50  0  1   1.755  -5.472   0.985  -3.073   5.617   0.000 +1O000M000t
00359 VAL01A0173_001 f 0.00  0.000     0  0.00  0  0  -2.503  -0.430   0.052   0.000   0.000   0.000 01O000M000t
00360 ALA01A0174_001 f 0.00  0.000     0  0.00  0  0   0.000  -2.074   0.000   0.000   0.000   0.000 01O000M000t
00361 LYS01A0175_001 f 0.00  0.000     0  0.00  0  0  -0.189  -7.493   1.517   0.050   0.724   0.000 01O000M000t
00362 LYS+1A0175_002 f 0.00  1.000     0 10.40  0  1  -0.233  -7.531   1.517  -1.103   5.112   0.000 +1O000M000t
00363 ILE01A0176_001 f 0.00  0.000     0  0.00  0  0   2.325  -2.987   0.527   0.000   0.000   0.000 01O000M000t
00364 ALA01A0177_001 f 0.00  0.000     0  0.00  0  0   0.000  -1.929   0.000   0.000   0.000   0.000 01O000M000t
00365 ASP01A0178_001 f 0.00  0.000     0  0.00  0  0  -0.583  -1.720   3.682   1.323   0.398   0.000 01O000M000t
00366 ASP01A0178_002 f 0.00  0.000     0  0.00  0  0  -0.583  -1.720   0.962   0.350   0.802   0.000 01O000M000t
00367 ASP02A0178_003 f 0.00  0.000     0  0.00  0  0  -0.550  -2.345   3.682  -0.575  -0.013   0.000 02O000M000t
00368 ASP02A0178_004 f 0.00  0.000     0  0.00  0  0  -0.550  -2.345   0.962  -0.608   0.958   0.000 02O000M000t
00369 ASP-1A0178_005 f 0.00 -1.000     0  4.75  0 -1  -0.617  -2.289   0.962  -3.253   2.184   0.000 -1O000M000t
00370 PHE01A0179_001 f 0.00  0.000     0  0.00  0  0   4.542  -4.911   0.254   0.000   0.000   0.000 01O000M000t
00371 MET01A0181_001 f 0.00  0.000     0  0.00  0  0   0.488  -3.902   0.032   0.094   0.068   0.000 01O000M000t
00372 ALA01A0182_001 f 0.00  0.000     0  0.00  0  0  -0.155  -1.760   0.000   0.000   0.000   0.000 01O000M000t
00373 ARG01A0183_001 f 0.00  0.000     0  0.00  0  0   5.167  -0.415   1.162  -1.143   2.916   0.000 01O000M000t
00374 ARG02A0183_002 f 0.00  0.000     0  0.00  0  0   5.135  -0.470   1.162  -1.190   3.320   0.000 02O000M000t
00375 ARG02A0183_003 f 0.00  0.000     0  0.00  0  0   5.237  -1.013   1.162   0.343   3.208   0.000 02O000M000t
00376 ARG03A0183_004 f 0.00  0.000     0  0.00  0  0   5.125  -0.515   1.162  -1.233   3.287   0.000 03O000M000t
00377 ARG03A0183_005 f 0.00  0.000     0  0.00  0  0   5.130  -0.488   1.162  -1.140   3.167   0.000 03O000M000t
00378 ARG+1A0183_006 f 0.00  1.000     0 12.50  0  1   5.084  -0.538   1.162  -0.778   6.059   0.000 +1O000M000t
00379 ASP01A0184_001 f 0.00  0.000     0  0.00  0  0  -0.380  -1.965   2.938   0.575   1.393   0.000 01O000M000t
00380 ASP01A0184_002 f 0.00  0.000     0  0.00  0  0  -0.380  -1.965   0.218   0.083   1.131   0.000 01O000M000t
00381 ASP02A0184_003 f 0.00  0.000     0  0.00  0  0  -0.353  -2.476   2.938   0.290   1.698   0.000 02O000M000t
00382 ASP02A0184_004 f 0.00  0.000     0  0.00  0  0  -0.353  -2.476   0.218   0.170   1.359   0.000 02O000M000t
00383 ASP-1A0184_005 f 0.00 -1.000     0  4.75  0 -1  -0.381  -2.406   0.218  -0.547   4.094   0.000 -1O000M000t
00384 ILE01A0185_001 f 0.00  0.000     0  0.00  0  0  -1.354   3.314   0.456   0.000   0.000   0.000 01O000M000t
00385 TYR01A0186_001 f 0.00  0.000     0  0.00  0  0  -0.272  -5.598   0.311  -0.190   1.008   0.000 01O000M000t
00386 TYR-1A0186_002 f 0.00 -1.000     0 10.20  0 -1  -0.272  -5.598   0.311  -0.776   2.526   0.000 -1O000M000t
00387 ARG01A0187_001 f 0.00  0.000     0  0.00  0  0  -1.332 999.000   1.070  -9.603   3.348   0.000 01O000M000t
00388 ARG02A0187_002 f 0.00  0.000     0  0.00  0  0  -1.388 999.000   1.070  -5.719   3.879   0.000 02O000M000t
00389 ARG02A0187_003 f 0.00  0.000     0  0.00  0  0  -1.327 999.000   1.070  -7.604   3.814   0.000 02O000M000t
00390 ARG03A0187_004 f 0.00  0.000     0  0.00  0  0  -1.388 999.000   1.070  -9.994   3.783   0.000 03O000M000t
00391 ARG+1A0187_005 f 0.00  1.000     0 12.50  0  1  -1.432 999.000   1.070  -8.440   6.756   0.000 +1O000M000t
00392 ALA01A0188_001 f 0.00  0.000     0  0.00  0  0  -2.540  15.216   0.000   0.000   0.000   0.000 01O000M000t
00393 SER01A0189_001 f 0.00  0.000     0  0.00  0  0  -1.220 242.722   1.567   0.529   1.801   0.000 01O000M000t
00394 SER01A0189_002 f 0.00  0.000     0  0.00  0  0  -1.220 242.722   1.567  -1.938   1.843   0.000 01O000M000t
00395 SER01A0189_003 f 0.00  0.000     0  0.00  0  0  -1.220 242.722   1.192   0.303   1.805   0.000 01O000M000t
00396 TYR01A0190_001 f 0.00  0.000     0  0.00  0  0   8.576   2.138   2.498   0.227   0.087   0.000 01O000M000t
00397 TYR01A0190_002 f 0.00  0.000     0  0.00  0  0   8.576   2.138   2.498   0.218   0.242   0.000 01O000M000t
00398 TYR-1A0190_003 f 0.00 -1.000     0 10.20  0 -1   8.576   2.138   2.498   0.202  -0.722   0.000 -1O000M000t
00399 TYR01A0191_001 f 0.00  0.000     0  0.00  0  0  -1.881   1.570   1.215   0.448   0.274   0.000 01O000M000t
00400 TYR01A0191_002 f 0.00  0.000     0  0.00  0  0  -1.881   1.570   1.215   0.432   0.118   0.000 01O000M000t
00401 TYR-1A0191_003 f 0.00 -1.000     0 10.20  0 -1  -1.881   1.570   1.215   0.193   0.347   0.000 -1O000M000t
00402 ARG01A0192_001 f 0.00  0.000     0  0.00  0  0  -5.408 999.000  10.086  -0.241   1.232   0.000 01O000M000t
00403 ARG02A0192_002 f 0.00  0.000     0  0.00  0  0  -5.457 999.000  10.086  -0.337   2.021   0.000 02O000M000t
00404 ARG03A0192_003 f 0.00  0.000     0  0.00  0  0  -5.425 999.000  10.086  -0.373   1.831   0.000 03O000M000t
00405 ARG+1A0192_004 f 0.00  1.000     0 12.50  0  1  -5.517 999.000  10.086   0.411   0.681   0.000 +1O000M000t
00406 LYS01A0193_001 f 0.00  0.000     0  0.00  0  0   1.289 999.000   2.202  -0.164   0.617   0.000 01O000M000t
00407 LYS+1A0193_002 f 0.00  1.000     0 10.40  0  1   1.232 999.000   2.202   1.465   3.380   0.000 +1O000M000t
00408 CYS01A0196_001 f 0.00  0.000     0  0.00  0  0  -5.899  -0.712   0.045  -0.179  -0.009   0.000 01O000M000t
00409 CYS01A0196_002 f 0.00  0.000     0  0.00  0  0  -5.899  -0.673   0.045  -0.279   0.071   0.000 01O000M000t
00410 CYS01A0196_003 f 0.00  0.000     0  0.00  0  0  -5.900  -0.653   0.045  -0.268   0.025   0.000 01O000M000t
00411 CYS-1A0196_004 f 0.00 -1.000     0  9.10  0 -1  -5.897  -0.641   0.045  -1.647   0.445   0.000 -1O000M000t
00412 ALA01A0197_001 f 0.00  0.000     0  0.00  0  0  -4.478  -0.343   0.000   0.000   0.000   0.000 01O000M000t
00413 MET01A0198_001 f 0.00  0.000     0  0.00  0  0  -5.778  -2.780   0.128   0.037   0.045   0.000 01O000M000t
00414 LEU01A0199_001 f 0.00  0.000     0  0.00  0  0  -1.350  -3.133   0.992   0.000   0.000   0.000 01O000M000t
00415 PRO01A0200_001 f 0.00  0.000     0  0.00  0  0  -0.193   1.565   0.000   0.000   0.000   0.000 01O000M000t
00416 VAL01A0201_001 f 0.00  0.000     0  0.00  0  0   0.599  -0.161   0.006   0.000   0.000   0.000 01O000M000t
00417 LYS01A0202_001 f 0.00  0.000     0  0.00  0  0  -0.367  -5.051   1.514   0.231   0.442   0.000 01O000M000t
00418 LYS+1A0202_002 f 0.00  1.000     0 10.40  0  1  -0.413  -5.099   1.514  -0.910   3.038   0.000 +1O000M000t
00419 TRP01A0203_001 f 0.00  0.000     0  0.00  0  0   2.091  -9.335   0.325   0.000   0.000   0.000 01O000M000t
00420 MET01A0204_001 f 0.00  0.000     0  0.00  0  0   0.184  -6.259   0.271  -0.025   0.088   0.000 01O000M000t
00421 PRO01A0205_001 f 0.00  0.000     0  0.00  0  0   0.227  -1.474   0.000   0.000   0.000   0.000 01O000M000t
00422 PRO01A0206_001 f 0.00  0.000     0  0.00  0  0   0.030  -0.845   0.000   0.000   0.000   0.000 01O000M000t
00423 GLU01A0207_001 f 0.00  0.000     0  0.00  0  0   2.027  -1.017   4.673   2.020   2.090   0.000 01O000M000t
00424 GLU01A0207_002 f 0.00  0.000     0  0.00  0  0   2.027  -1.017   1.953  -0.436   2.818   0.000 01O000M000t
00425 GLU02A0207_003 f 0.00  0.000     0  0.00  0  0   1.620  -1.491   4.673  -0.647   1.607   0.000 02O000M000t
00426 GLU02A0207_004 f 0.00  0.000     0  0.00  0  0   1.620  -1.491   1.953  -0.721   2.696   0.000 02O000M000t
00427 GLU-1A0207_005 f 0.00 -1.000     0  4.75  0 -1   1.548  -1.373   1.953  -5.004  10.346   0.000 -1O000M000t
00428 ALA01A0208_001 f 0.00  0.000     0  0.00  0  0   0.000  -1.104   0.000   0.000   0.000   0.000 01O000M000t
00429 PHE01A0209_001 f 0.00  0.000     0  0.00  0  0   4.416  -7.778   0.000   0.000   0.000   0.000 01O000M000t
00430 MET01A0210_001 f 0.00  0.000     0  0.00  0  0  -4.340  -1.646   0.844   0.027   0.052   0.000 01O000M000t
00431 GLU01A0211_001 f 0.00  0.000     0  0.00  0  0  -0.893  -2.003   3.422   0.291  -0.119   0.000 01O000M000t
00432 GLU01A0211_002 f 0.00  0.000     0  0.00  0  0  -0.893  -2.003   0.702   0.101   0.526   0.000 01O000M000t
00433 GLU02A0211_003 f 0.00  0.000     0  0.00  0  0  -1.374  -2.031   3.422   0.196  -0.581   0.000 02O000M000t
00434 GLU02A0211_004 f 0.00  0.000     0  0.00  0  0  -1.374  -2.031   0.702   0.111   0.373   0.000 02O000M000t
00435 GLU-1A0211_005 f 0.00 -1.000     0  4.75  0 -1  -1.303  -1.990   0.702  -0.112   0.194   0.000 -1O000M000t
00436 ILE01A0213_001 f 0.00  0.000     0  0.00  0  0  -2.013  -0.478   0.466   0.000   0.000   0.000 01O000M000t
00437 PHE01A0214_001 f 0.00  0.000     0  0.00  0  0   2.823  -5.792   0.029   0.000   0.000   0.000 01O000M000t
00438 THR01A0215_001 f 0.00  0.000     0  0.00  0  0  -3.110   0.835   0.471  -0.383   1.143   0.000 01O000M000t
00439 THR01A0215_002 f 0.00  0.000     0  0.00  0  0  -3.110   0.835   0.471   3.253   1.526   0.000 01O000M000t
00440 SER01A0216_001 f 0.00  0.000     0  0.00  0  0  -1.612  -0.492   0.749   0.073  -0.056   0.000 01O000M000t
00441 SER01A0216_002 f 0.00  0.000     0  0.00  0  0  -1.612  -0.492   0.374  -1.062   0.228   0.000 01O000M000t
00442 LYS01A0217_001 f 0.00  0.000     0  0.00  0  0  -1.435  -5.019   1.406  -0.525   0.566   0.000 01O000M000t
00443 LYS+1A0217_002 f 0.00  1.000     0 10.40  0  1  -1.511  -5.031   1.406  -3.000   3.355   0.000 +1O000M000t
00444 THR01A0218_001 f 0.00  0.000     0  0.00  0  0   0.205   1.099   0.382  -1.518   1.970   0.000 01O000M000t
00445 THR01A0218_002 f 0.00  0.000     0  0.00  0  0   0.205   1.099   0.007  -0.354   1.965   0.000 01O000M000t
00446 ASP01A0219_001 f 0.00  0.000     0  0.00  0  0   0.088  -3.116   3.112  -0.825   2.125   0.000 01O000M000t
00447 ASP01A0219_002 f 0.00  0.000     0  0.00  0  0   0.088  -3.116   0.392   3.106   2.416   0.000 01O000M000t
00448 ASP02A0219_003 f 0.00  0.000     0  0.00  0  0   0.160  -3.336   3.112  -3.502   1.631   0.000 02O000M000t
00449 ASP02A0219_004 f 0.00  0.000     0  0.00  0  0   0.160 995.664   0.392   2.801   3.005   0.000 02O000M000t
00450 ASP-1A0219_005 f 0.00 -1.000     0  4.75  0 -1   0.083  -3.656   0.392 -11.753  10.873   0.000 -1O000M000t
00451 THR01A0220_001 f 0.00  0.000     0  0.00  0  0   0.186  -2.241   0.570  -0.101   1.803   0.000 01O000M000t
00452 TRP01A0221_001 f 0.00  0.000     0  0.00  0  0   3.009 -13.728   0.015   0.000   0.000   0.000 01O000M000t
00453 SER01A0222_001 f 0.00  0.000     0  0.00  0  0   0.000  -2.391   0.375  -2.729   1.563   0.000 01O000M000t
00454 SER01A0222_002 f 0.00  0.000     0  0.00  0  0   0.000  -2.391   0.000   1.012   1.296   0.000 01O000M000t
00455 PHE01A0223_001 f 0.00  0.000     0  0.00  0  0   4.469  -7.773   0.016   0.000   0.000   0.000 01O000M000t
00456 VAL01A0225_001 f 0.00  0.000     0  0.00  0  0   0.602  -2.296   0.000   0.000   0.000   0.000 01O000M000t
00457 LEU01A0226_001 f 0.00  0.000     0  0.00  0  0   1.563  -2.612   0.759   0.000   0.000   0.000 01O000M000t
00458 LEU01A0227_001 f 0.00  0.000     0  0.00  0  0   1.783  -2.335   2.155   0.000   0.000   0.000 01O000M000t
00459 TRP01A0228_001 f 0.00  0.000     0  0.00  0  0   2.338 -11.402   0.253   0.000   0.000   0.000 01O000M000t
00460 GLU01A0229_001 f 0.00  0.000     0  0.00  0  0   0.560  -2.346   4.325  -0.645   2.103   0.000 01O000M000t
00461 GLU01A0229_002 f 0.00  0.000     0  0.00  0  0   0.560  -2.346   1.605   3.332   2.471   0.000 01O000M000t
00462 GLU02A0229_003 f 0.00  0.000     0  0.00  0  0   0.564  -2.961   4.325  -3.016   2.891   0.000 02O000M000t
00463 GLU02A0229_004 f 0.00  0.000     0  0.00  0  0   0.564  -2.961   1.605  -0.907   2.729   0.000 02O000M000t
00464 GLU-1A0229_005 f 0.00 -1.000     0  4.75  0 -1   0.450  -2.852   1.605  -6.988  11.053   0.000 -1O000M000t
00465 ILE01A0230_001 f 0.00  0.000     0  0.00  0  0   1.942  -2.865   0.578   0.000   0.000   0.000 01O000M000t
00466 PHE01A0231_001 f 0.00  0.000     0  0.00  0  0   4.543  -5.555   0.607   0.000   0.000   0.000 01O000M000t
00467 SER01A0232_001 f 0.00  0.000     0  0.00  0  0  -0.240  -2.789   0.697  -1.313   1.948   0.000 01O000M000t
00468 LEU01A0233_001 f 0.00  0.000     0  0.00  0  0   1.415   8.245   0.570   0.000   0.000   0.000 01O000M000t
00469 TYR01A0235_001 f 0.00  0.000     0  0.00  0  0  -1.594  -1.818   1.036   0.113   0.205   0.000 01O000M000t
00470 TYR-1A0235_002 f 0.00 -1.000     0 10.20  0 -1  -1.594  -1.818   1.036   0.512  -0.077   0.000 -1O000M000t
00471 MET01A0236_001 f 0.00  0.000     0  0.00  0  0  -4.764  -1.473   0.366  -0.010   0.065   0.000 01O000M000t
00472 PRO01A0237_001 f 0.00  0.000     0  0.00  0  0   0.212  -0.784   0.000   0.000   0.000   0.000 01O000M000t
00473 TYR01A0238_001 f 0.00  0.000     0  0.00  0  0   4.406  -2.969   0.030  -0.049   2.159   0.000 01O000M000t
00474 TYR-1A0238_002 f 0.00 -1.000     0 10.20  0 -1   4.406  -2.969   0.030   0.170   9.011   0.000 -1O000M000t
00475 PRO01A0239_001 f 0.00  0.000     0  0.00  0  0  -3.733   0.453   0.000   0.000   0.000   0.000 01O000M000t
00476 SER01A0240_001 f 0.00  0.000     0  0.00  0  0  -4.224  12.940   1.411  -2.483   0.376   0.000 01O000M000t
00477 SER01A0240_002 f 0.00  0.000     0  0.00  0  0  -4.224  12.940   1.411   0.283   0.206   0.000 01O000M000t
00478 LYS01A0241_001 f 0.00  0.000     0  0.00  0  0  -1.652  -4.785   1.132  -0.032   0.189   0.000 01O000M000t
00479 LYS+1A0241_002 f 0.00  1.000     0 10.40  0  1  -1.741  -4.798   1.132   0.121   1.382   0.000 +1O000M000t
00480 SER01A0242_001 f 0.00  0.000     0  0.00  0  0  -2.860  -0.835   0.603   0.143   1.498   0.000 01O000M000t
00481 SER01A0242_002 f 0.00  0.000     0  0.00  0  0  -2.860  -0.835   0.603   2.006   1.494   0.000 01O000M000t
00482 ASN01A0243_001 f 0.00  0.000     0  0.00  0  0  -1.176  -1.400   0.843  -0.090   0.925   0.000 01O000M000t
00483 ASN01A0243_002 f 0.00  0.000     0  0.00  0  0  -1.135  -0.049   0.843   0.560   0.845   0.000 01R001M000t
00484 GLN01A0244_001 f 0.00  0.000     0  0.00  0  0  -1.866  -1.357   0.303  -0.015   0.646   0.000 01O000M000t
00485 GLN01A0244_002 f 0.00  0.000     0  0.00  0  0  -1.127  -1.101   0.303   0.276   0.534   0.000 01R001M000t
00486 GLU01A0245_001 f 0.00  0.000     0  0.00  0  0  -0.741  -2.146   3.262   2.393   1.205   0.000 01O000M000t
00487 GLU01A0245_002 f 0.00  0.000     0  0.00  0  0  -0.741  -2.146   0.542  -0.571   0.646   0.000 01O000M000t
00488 GLU02A0245_003 f 0.00  0.000     0  0.00  0  0  -1.211  -2.705   3.262  -0.850  -0.633   0.000 02O000M000t
00489 GLU02A0245_004 f 0.00  0.000     0  0.00  0  0  -1.211  -2.705   0.542  -1.038   1.073   0.000 02O000M000t
00490 GLU-1A0245_005 f 0.00 -1.000     0  4.75  0 -1  -1.178  -2.670   0.542  -2.095   1.243   0.000 -1O000M000t
00491 VAL01A0246_001 f 0.00  0.000     0  0.00  0  0   0.625  -0.553   0.174   0.000   0.000   0.000 01O000M000t
00492 LEU01A0247_001 f 0.00  0.000     0  0.00  0  0  -0.034  -0.510   0.689   0.000   0.000   0.000 01O000M000t
00493 GLU01A0248_001 f 0.00  0.000     0  0.00  0  0  -0.998  -2.046   2.943   0.051   0.094   0.000 01O000M000t
00494 GLU01A0248_002 f 0.00  0.000     0  0.00  0  0  -0.998  -2.046   0.223   0.003   0.658   0.000 01O000M000t
00495 GLU02A0248_003 f 0.00  0.000     0  0.00  0  0  -1.402  -2.040   2.943  -0.112   0.143   0.000 02O000M000t
00496 GLU02A0248_004 f 0.00  0.000     0  0.00  0  0  -1.402  -2.040   0.223   0.004   0.554   0.000 02O000M000t
00497 GLU-1A0248_005 f 0.00 -1.000     0  4.75  0 -1  -1.378  -1.999   0.223  -0.008   0.920   0.000 -1O000M000t
00498 PHE01A0249_001 f 0.00  0.000     0  0.00  0  0   0.672  -6.954   0.009   0.000   0.000   0.000 01O000M000t
00499 VAL01A0250_001 f 0.00  0.000     0  0.00  0  0   0.640  -0.359   0.281   0.000   0.000   0.000 01O000M000t
00500 THR01A0251_001 f 0.00  0.000     0  0.00  0  0  -2.075   1.151   0.558   0.500   1.721   0.000 01O000M000t
00501 THR01A0251_002 f 0.00  0.000     0  0.00  0  0  -2.075   1.151   0.558  -1.411   1.849   0.000 01O000M000t
00502 THR01A0251_003 f 0.00  0.000     0  0.00  0  0  -2.075   1.151   0.183  -0.171   1.320   0.000 01O000M000t
00503 SER01A0252_001 f 0.00  0.000     0  0.00  0  0  -3.665  -1.379   0.417   0.012   0.070   0.000 01O000M000t
00504 SER01A0252_002 f 0.00  0.000     0  0.00  0  0  -3.665  -1.379   0.417  -0.724   0.566   0.000 01O000M000t
00505 ARG01A0255_001 f 0.00  0.000     0  0.00  0  0  -0.446  -5.095   0.660  -1.579   3.077   0.000 01O000M000t
00506 ARG02A0255_002 f 0.00  0.000     0  0.00  0  0  -0.464  -5.002   0.660  -1.537   4.050   0.000 02O000M000t
00507 ARG02A0255_003 f 0.00  0.000     0  0.00  0  0  -0.400  -5.232   0.660  -0.312   3.900   0.000 02O000M000t
00508 ARG03A0255_004 f 0.00  0.000     0  0.00  0  0  -0.472  -5.129   0.660  -2.519   3.831   0.000 03O000M000t
00509 ARG+1A0255_005 f 0.00  1.000     0 12.50  0  1  -0.510  -5.182   0.660  -6.517   6.293   0.000 +1O000M000t
00510 MET01A0256_001 f 0.00  0.000     0  0.00  0  0   0.132  -4.224   1.237  -0.237   0.091   0.000 01O000M000t
00511 ASP01A0257_001 f 0.00  0.000     0  0.00  0  0  -3.354   0.890   3.272   0.665   0.116   0.000 01O000M000t
00512 ASP01A0257_002 f 0.00  0.000     0  0.00  0  0  -3.354   0.890   0.552   0.232   0.520   0.000 01O000M000t
00513 ASP02A0257_003 f 0.00  0.000     0  0.00  0  0  -3.232   0.361   3.272   0.335  -0.463   0.000 02O000M000t
00514 ASP02A0257_004 f 0.00  0.000     0  0.00  0  0  -3.232   0.361   0.552   0.255   0.571   0.000 02O000M000t
00515 ASP-1A0257_005 f 0.00 -1.000     0  4.75  0 -1  -3.299   0.396   0.552  -0.320   0.410   0.000 -1O000M000t
00516 PRO01A0258_001 f 0.00  0.000     0  0.00  0  0  -2.915  -1.536   0.000   0.000   0.000   0.000 01O000M000t
00517 PRO01A0259_001 f 0.00  0.000     0  0.00  0  0   0.221  -2.839   0.000   0.000   0.000   0.000 01O000M000t
00518 LYS01A0260_001 f 0.00  0.000     0  0.00  0  0  -4.038  -1.703   1.171  -0.026  -0.070   0.000 01O000M000t
00519 LYS+1A0260_002 f 0.00  1.000     0 10.40  0  1  -4.084  -1.708   1.171  -0.203   0.059   0.000 +1O000M000t
00520 ASN01A0261_001 f 0.00  0.000     0  0.00  0  0  -1.795   5.810   0.609  -0.900   0.944   0.000 01O000M000t
00521 ASN01A0261_002 f 0.00  0.000     0  0.00  0  0  -1.998   6.738   0.609   0.434   0.602   0.000 01R001M000t
00522 CYS01A0262_001 f 0.00  0.000     0  0.00  0  0  -0.002  -4.491   0.028  -0.231   0.974   0.000 01O000M000t
00523 CYS01A0262_002 f 0.00  0.000     0  0.00  0  0  -0.002  -4.330   0.028  -0.206   0.970   0.000 01O000M000t
00524 CYS01A0262_003 f 0.00  0.000     0  0.00  0  0  -0.002  -4.339   0.028  -0.110   0.982   0.000 01O000M000t
00525 CYS-1A0262_004 f 0.00 -1.000     0  9.10  0 -1   0.000  -4.272   0.028  -4.048  12.305   0.000 -1O000M000t
00526 PRO01A0263_001 f 0.00  0.000     0  0.00  0  0  -0.035  -1.708   0.000   0.000   0.000   0.000 01O000M000t
00527 PRO01A0265_001 f 0.00  0.000     0  0.00  0  0  -2.088   0.098   0.000   0.000   0.000   0.000 01O000M000t
00528 VAL01A0266_001 f 0.00  0.000     0  0.00  0  0   0.659  -0.775   0.039   0.000   0.000   0.000 01O000M000t
00529 TYR01A0267_001 f 0.00  0.000     0  0.00  0  0   1.500  -6.020   0.025  -1.895   1.465   0.000 01O000M000t
00530 TYR01A0267_002 f 0.00  0.000     0  0.00  0  0   1.500  -6.020   0.025   0.881   1.414   0.000 01O000M000t
00531 TYR-1A0267_003 f 0.00 -1.000     0 10.20  0 -1   1.500  -6.020   0.025   0.859   5.594   0.000 -1O000M000t
00532 ARG01A0268_001 f 0.00  0.000     0  0.00  0  0  -5.796  -5.609   2.133  -0.311   0.930   0.000 01O000M000t
00533 ARG02A0268_002 f 0.00  0.000     0  0.00  0  0  -5.720  -5.624   2.133  -0.244   1.805   0.000 02O000M000t
00534 ARG03A0268_003 f 0.00  0.000     0  0.00  0  0  -5.827  -5.604   2.133  -0.382   1.978   0.000 03O000M000t
00535 ARG+1A0268_004 f 0.00  1.000     0 12.50  0  1  -5.867  -5.642   2.133   0.356   0.737   0.000 +1O000M000t
00536 ILE01A0269_001 f 0.00  0.000     0  0.00  0  0   2.604  -2.683   0.421   0.000   0.000   0.000 01O000M000t
00537 MET01A0270_001 f 0.00  0.000     0  0.00  0  0   0.105  -7.073   0.534   0.045   0.099   0.000 01O000M000t
00538 THR01A0271_001 f 0.00  0.000     0  0.00  0  0  -1.877  -1.752   0.376   0.071   1.419   0.000 01O000M000t
00539 GLN01A0272_001 f 0.00  0.000     0  0.00  0  0  -0.837  -2.339   0.831  -0.007   1.274   0.000 01O000M000t
00540 GLN01A0272_002 f 0.00  0.000     0  0.00  0  0  -0.447  -2.309   0.828  -0.113   0.928   0.000 01R001M000t
00541 CYS01A0273_001 f 0.00  0.000     0  0.00  0  0  -0.002  -5.345   0.199   0.031   0.994   0.000 01O000M000t
00542 CYS01A0273_002 f 0.00  0.000     0  0.00  0  0  -0.002  -5.411   0.199  -0.292   0.994   0.000 01O000M000t
00543 CYS01A0273_003 f 0.00  0.000     0  0.00  0  0  -0.002  -5.371   0.199   0.263   0.995   0.000 01O000M000t
00544 CYS-1A0273_004 f 0.00 -1.000     0  9.10  0 -1   0.000  -5.282   0.199   1.199  14.845   0.000 -1O000M000t
00545 TRP01A0274_001 f 0.00  0.000     0  0.00  0  0   2.818 -11.972   0.012   0.000   0.000   0.000 01O000M000t
00546 GLN01A0275_001 f 0.00  0.000     0  0.00  0  0  -1.266  -4.861   1.138  -0.873   0.563   0.000 01O000M000t
00547 GLN01A0275_002 f 0.00  0.000     0  0.00  0  0  -1.167  -4.869   1.147   0.393   0.065   0.000 01R001M000t
00548 HIS01A0276_001 f 0.00  0.000     0  0.00  0  0  -5.324  -3.018   0.007   0.202   1.272   0.000 01O000M000t
00549 HIS01A0276_002 f 0.00  0.000     0  0.00  0  0  -4.846  -3.010   0.007   0.666   0.957   0.000 01R001M000t
00550 HIS02A0276_003 f 0.00  0.000     0  0.00  0  0  -5.345  -3.060   0.007   0.304   1.354   0.000 02O000M000t
00551 HIS02A0276_004 f 0.00  0.000     0  0.00  0  0  -4.858  -3.040   0.007   0.207   1.400   0.000 02R001M000t
00552 HIS+1A0276_005 f 0.00  1.000     0  6.98  0  1  -5.371  -3.075   0.007   0.667   2.125   0.000 +1O000M000t
00553 HIS+1A0276_006 f 0.00  1.000     0  6.98  0  1  -4.884  -3.048   0.007   0.545   1.405   0.000 +1R001M000t
00554 GLN01A0277_001 f 0.00  0.000     0  0.00  0  0  -1.328  -1.627   0.896   0.603   0.913   0.000 01O000M000t
00555 GLN01A0277_002 f 0.00  0.000     0  0.00  0  0  -1.757  -1.804   0.898  -0.288   0.557   0.000 01R001M000t
00556 PRO01A0278_001 f 0.00  0.000     0  0.00  0  0  -1.472  -0.718   0.000   0.000   0.000   0.000 01O000M000t
00557 GLU01A0279_001 f 0.00  0.000     0  0.00  0  0  -0.792   1.081   5.039   3.528   0.946   0.000 01O000M000t
00558 GLU01A0279_002 f 0.00  0.000     0  0.00  0  0  -0.792   1.081   2.319  -0.148   1.171   0.000 01O000M000t
00559 GLU02A0279_003 f 0.00  0.000     0  0.00  0  0  -1.194   0.454   5.039  -1.081   0.062   0.000 02O000M000t
00560 GLU02A0279_004 f 0.00  0.000     0  0.00  0  0  -1.194   0.454   2.319  -0.930   1.203   0.000 02O000M000t
00561 GLU-1A0279_005 f 0.00 -1.000     0  4.75  0 -1  -1.133   0.496   2.319  -3.460   2.724   0.000 -1O000M000t
00562 ASP01A0280_001 f 0.00  0.000     0  0.00  0  0  -2.451  -0.134   3.066   0.435  -0.038   0.000 01O000M000t
00563 ASP01A0280_002 f 0.00  0.000     0  0.00  0  0  -2.451  -0.134   0.346   0.157   0.540   0.000 01O000M000t
00564 ASP02A0280_003 f 0.00  0.000     0  0.00  0  0  -2.184  -0.678   3.066   0.418   0.189   0.000 02O000M000t
00565 ASP02A0280_004 f 0.00  0.000     0  0.00  0  0  -2.184  -0.678   0.346   0.194   0.852   0.000 02O000M000t
00566 ASP-1A0280_005 f 0.00 -1.000     0  4.75  0 -1  -2.361  -0.611   0.346  -0.736   1.285   0.000 -1O000M000t
00567 ARG01A0281_001 f 0.00  0.000     0  0.00  0  0   1.792  22.625   2.276  -1.745   4.443   0.000 01O000M000t
00568 ARG02A0281_002 f 0.00  0.000     0  0.00  0  0   1.752  22.599   2.276  -2.477   4.960   0.000 02O000M000t
00569 ARG02A0281_003 f 0.00  0.000     0  0.00  0  0   1.805  22.197   2.276   1.071   4.954   0.000 02O000M000t
00570 ARG03A0281_004 f 0.00  0.000     0  0.00  0  0   1.747  22.558   2.276  -3.141   4.864   0.000 03O000M000t
00571 ARG03A0281_005 f 0.00  0.000     0  0.00  0  0   1.752  22.654   2.276  -1.788   4.838   0.000 03O000M000t
00572 ARG+1A0281_006 f 0.00  1.000     0 12.50  0  1   1.707  22.512   2.276  -6.310  11.470   0.000 +1O000M000t
00573 PRO01A0282_001 f 0.00  0.000     0  0.00  0  0   0.014  -3.548   0.000   0.000   0.000   0.000 01O000M000t
00574 ASN01A0283_001 f 0.00  0.000     0  0.00  0  0  -1.572   0.040   0.336  -2.408   1.627   0.000 01O000M000t
00575 PHE01A0284_001 f 0.00  0.000     0  0.00  0  0   4.490  -9.608   0.692   0.000   0.000   0.000 01O000M000t
00576 ALA01A0285_001 f 0.00  0.000     0  0.00  0  0  -2.453  -0.425   0.000   0.000   0.000   0.000 01O000M000t
00577 ILE01A0286_001 f 0.00  0.000     0  0.00  0  0  -1.874   2.579   0.497   0.000   0.000   0.000 01O000M000t
00578 ILE01A0287_001 f 0.00  0.000     0  0.00  0  0   2.012  -3.148   0.559   0.000   0.000   0.000 01O000M000t
00579 LEU01A0288_001 f 0.00  0.000     0  0.00  0  0   0.644  -3.796   1.627   0.000   0.000   0.000 01O000M000t
00580 GLU01A0289_001 f 0.00  0.000     0  0.00  0  0  -0.984   3.728   2.974   0.089   0.135   0.000 01O000M000t
00581 GLU01A0289_002 f 0.00  0.000     0  0.00  0  0  -0.984   3.728   0.254   0.003   0.625   0.000 01O000M000t
00582 GLU02A0289_003 f 0.00  0.000     0  0.00  0  0  -1.339   3.748   2.974  -0.043  -0.253   0.000 02O000M000t
00583 GLU02A0289_004 f 0.00  0.000     0  0.00  0  0  -1.339   3.748   0.254  -0.004   0.654   0.000 02O000M000t
00584 GLU-1A0289_005 f 0.00 -1.000     0  4.75  0 -1  -1.322   3.789   0.254  -0.188   0.905   0.000 -1O000M000t
00585 ARG01A0290_001 f 0.00  0.000     0  0.00  0  0  -3.954  -3.636   0.472  -0.018   1.733   0.000 01O000M000t
00586 ARG02A0290_002 f 0.00  0.000     0  0.00  0  0  -3.933  -3.628   0.472  -0.102   2.497   0.000 02O000M000t
00587 ARG03A0290_003 f 0.00  0.000     0  0.00  0  0  -3.999  -3.643   0.472   0.021   2.588   0.000 03O000M000t
00588 ARG+1A0290_004 f 0.00  1.000     0 12.50  0  1  -4.037  -3.648   0.472   0.142   2.464   0.000 +1O000M000t
00589 ILE01A0291_001 f 0.00  0.000     0  0.00  0  0   2.408  -3.623   0.510   0.000   0.000   0.000 01O000M000t
00590 GLU01A0292_001 f 0.00  0.000     0  0.00  0  0  -0.853   7.222   4.402   0.295  -0.007   0.000 01O000M000t
00591 GLU01A0292_002 f 0.00  0.000     0  0.00  0  0  -0.853   7.222   1.682  -0.053   0.580   0.000 01O000M000t
00592 GLU02A0292_003 f 0.00  0.000     0  0.00  0  0  -1.117   7.134   4.402  -0.054  -0.085   0.000 02O000M000t
00593 GLU02A0292_004 f 0.00  0.000     0  0.00  0  0  -1.117   7.134   1.682  -0.042   1.010   0.000 02O000M000t
00594 GLU-1A0292_005 f 0.00 -1.000     0  4.75  0 -1  -1.040   7.172   1.682  -0.100   1.685   0.000 -1O000M000t
00595 TYR01A0293_001 f 0.00  0.000     0  0.00  0  0  -5.566  -3.633   0.852   0.331   0.030   0.000 01O000M000t
00596 TYR-1A0293_002 f 0.00 -1.000     0 10.20  0 -1  -5.566  -3.633   0.852   0.122  -0.539   0.000 -1O000M000t
00597 CYS01A0294_001 f 0.00  0.000     0  0.00  0  0  -0.002  -3.828   0.335   0.319   0.827   0.000 01O000M000t
00598 CYS01A0294_002 f 0.00  0.000     0  0.00  0  0  -0.002  -3.857   0.335  -0.723   0.460   0.000 01O000M000t
00599 CYS01A0294_003 f 0.00  0.000     0  0.00  0  0  -0.002  -3.826   0.335   0.030   0.818   0.000 01O000M000t
00600 CYS-1A0294_004 f 0.00 -1.000     0  9.10  0 -1   0.000  -3.731   0.335  -2.406   7.359   0.000 -1O000M000t
00601 THR01A0295_001 f 0.00  0.000     0  0.00  0  0  -0.723  16.801   0.617  -1.815   1.355   0.000 01O000M000t
00602 THR01A0295_002 f 0.00  0.000     0  0.00  0  0  -0.723  16.801   0.617   0.142   0.660   0.000 01O000M000t
00603 THR01A0295_003 f 0.00  0.000     0  0.00  0  0  -0.723  16.801   0.242  -0.349   0.521   0.000 01O000M000t
00604 GLN01A0296_001 f 0.00  0.000     0  0.00  0  0  -2.260  -2.783   1.056  -0.002   0.242   0.000 01O000M000t
00605 GLN01A0296_002 f 0.00  0.000     0  0.00  0  0  -1.996  -2.814   1.065   0.077   0.419   0.000 01R001M000t
00606 ASP01A0297_001 f 0.00  0.000     0  0.00  0  0  -1.154   0.645   2.761   3.731   1.139   0.000 01O000M000t
00607 ASP01A0297_002 f 0.00  0.000     0  0.00  0  0  -1.154   0.645   0.041  -0.135   0.909   0.000 01O000M000t
00608 ASP02A0297_003 f 0.00  0.000     0  0.00  0  0  -0.881  -0.716   2.761  -1.558   0.614   0.000 02O000M000t
00609 ASP02A0297_004 f 0.00  0.000     0  0.00  0  0  -0.881  -0.716   0.041  -1.541   1.591   0.000 02O000M000t
00610 ASP-1A0297_005 f 0.00 -1.000     0  4.75  0 -1  -0.992  -0.634   0.041  -4.701   3.833   0.000 -1O000M000t
00611 PRO01A0298_001 f 0.00  0.000     0  0.00  0  0  -5.096   2.510   0.000   0.000   0.000   0.000 01O000M000t
00612 ASP01A0299_001 f 0.00  0.000     0  0.00  0  0  -3.308   0.964   3.357   0.834  -0.224   0.000 01O000M000t
00613 ASP01A0299_002 f 0.00  0.000     0  0.00  0  0  -3.308   0.964   0.637   0.342   0.513   0.000 01O000M000t
00614 ASP02A0299_003 f 0.00  0.000     0  0.00  0  0  -3.341   0.368   3.357   0.501  -0.415   0.000 02O000M000t
00615 ASP02A0299_004 f 0.00  0.000     0  0.00  0  0  -3.341   0.368   0.637   0.338   0.604   0.000 02O000M000t
00616 ASP-1A0299_005 f 0.00 -1.000     0  4.75  0 -1  -3.223   0.402   0.637  -0.760   0.242   0.000 -1O000M000t
00617 VAL01A0300_001 f 0.00  0.000     0  0.00  0  0   0.623  -0.777   0.109   0.000   0.000   0.000 01O000M000t
00618 ILE01A0301_001 f 0.00  0.000     0  0.00  0  0   1.666  -4.336   0.403   0.000   0.000   0.000 01O000M000t
00619 ASN01A0302_001 f 0.00  0.000     0  0.00  0  0  -2.771   2.055   0.724   0.106   0.240   0.000 01O000M000t
00620 ASN01A0302_002 f 0.00  0.000     0  0.00  0  0  -3.084   2.834   0.723   0.224   0.173   0.000 01R001M000t
00621 THR01A0303_001 f 0.00  0.000     0  0.00  0  0  -1.763  -1.433   0.378   0.539   0.250   0.000 01O000M000t
00622 THR01A0303_002 f 0.00  0.000     0  0.00  0  0  -1.763  -1.433   0.003   0.069   0.473   0.000 01O000M000t
00623 ALA01A0304_001 f 0.00  0.000     0  0.00  0  0  -4.118  -0.667   0.000   0.000   0.000   0.000 01O000M000t
00624 LEU01A0305_001 f 0.00  0.000     0  0.00  0  0   1.637  -4.420   0.713   0.000   0.000   0.000 01O000M000t
00625 PRO01A0306_001 f 0.00  0.000     0  0.00  0  0  -0.922  -1.993   0.000   0.000   0.000   0.000 01O000M000t
00626 ILE01A0307_001 f 0.00  0.000     0  0.00  0  0  -0.973  -3.265   0.428   0.000   0.000   0.000 01O000M000t
00627 GLU01A0308_001 f 0.00  0.000     0  0.00  0  0  -1.025  -2.681   3.785  -0.094   0.191   0.000 01O000M000t
00628 GLU01A0308_002 f 0.00  0.000     0  0.00  0  0  -1.025  -2.681   1.065   0.006   0.800   0.000 01O000M000t
00629 GLU02A0308_003 f 0.00  0.000     0  0.00  0  0  -1.031  -2.657   3.785   0.185  -0.110   0.000 02O000M000t
00630 GLU02A0308_004 f 0.00  0.000     0  0.00  0  0  -1.031  -2.657   1.065   0.112   1.384   0.000 02O000M000t
00631 GLU-1A0308_005 f 0.00 -1.000     0  4.75  0 -1  -1.181  -2.628   1.065   0.807   2.007   0.000 -1O000M000t
00632 TYR01A0309_001 f 0.00  0.000     0  0.00  0  0  -7.260  -1.930   0.184  -0.107  -0.046   0.000 01O000M000t
00633 TYR-1A0309_002 f 0.00 -1.000     0 10.20  0 -1  -7.260  -1.930   0.184  -0.871  -0.409   0.000 -1O000M000t
00634 VGH+aB0001_001 f 0.00  1.998     0  0.00  0  0   0.000 999.000   0.000   0.055  10.341   0.283 +aO000M000t
00635 VGH+aB0001_002 f 0.00  1.998     0  0.00  0  0   0.000 999.000   0.000  -0.724  10.429   0.283 +aO000M000t
00636 VGH+1B0001_003 f 0.00  0.995     0  0.00  0  0   0.000 999.000   0.000  -2.400   6.579   0.585 +1O000M000t
00637 VGH01B0001_004 f 0.00  0.003     0  0.00  0  0   0.000 999.000   0.000  -1.850   6.451   3.192 01O000M000t
00638 VGH+2B0001_005 f 0.00  1.002     0  0.00  0  0   0.000 999.000   0.000   0.685   9.243   3.587 +2O000M000t
00639 VGH+2B0001_006 f 0.00  1.002     0  0.00  0  0   0.000 999.000   0.000  -0.025   9.339   3.587 +2O000M000t
00640 VGHDMB0001_007 t 0.00  0.000     0  0.00  0  0   0.000   0.000   0.000   0.000   0.000   0.000         DMt
