ASN A0001_ R f 00 S f  0.0 H f 00 M 000
PRO A0002_ R f 00 S f  0.0 H f 00 M 000
ASN A0003_ R f 00 S f  0.0 H f 00 M 000
TYR A0004_ R f 00 S f  0.0 H f 00 M 000
CYS A0005_ R f 00 S f  0.0 H f 00 M 000
PHE A0006_ R f 00 S f  0.0 H f 00 M 000
ALA A0007_ R f 00 S f  0.0 H f 00 M 000
GLY A0008_ R f 00 S f  0.0 H f 00 M 000
LYS A0009_ R f 00 S f  0.0 H f 00 M 000
THR A0010_ R f 00 S f  0.0 H f 00 M 000
SER A0011_ R f 00 S f  0.0 H f 00 M 000
SER A0012_ R f 00 S f  0.0 H f 00 M 000
ILE A0013_ R f 00 S f  0.0 H f 00 M 000
SER A0014_ R f 00 S f  0.0 H f 00 M 000
ASP A0015_ R f 00 S f  0.0 H f 00 M 000
LEU A0016_ R f 00 S f  0.0 H f 00 M 000
LYS A0017_ R f 00 S f  0.0 H f 00 M 000
GLU A0018_ R f 00 S f  0.0 H f 00 M 000
VAL A0019_ R f 00 S f  0.0 H f 00 M 000
PRO A0020_ R f 00 S f  0.0 H f 00 M 000
ARG A0021_ R f 00 S f  0.0 H f 00 M 000
LYS A0022_ R f 00 S f  0.0 H f 00 M 000
ASN A0023_ R f 00 S f  0.0 H f 00 M 000
ILE A0024_ R f 00 S f  0.0 H f 00 M 000
THR A0025_ R f 00 S f  0.0 H f 00 M 000
LEU A0026_ R f 00 S f  0.0 H f 00 M 000
ILE A0027_ R f 00 S f  0.0 H f 00 M 000
ARG A0028_ R f 00 S f  0.0 H f 00 M 000
GLY A0029_ R f 00 S f  0.0 H f 00 M 000
LEU A0030_ R f 00 S f  0.0 H f 00 M 000
GLY A0031_ R f 00 S f  0.0 H f 00 M 000
HIS A0032_ R f 00 S f  0.0 H f 00 M 000
GLY A0033_ R f 00 S f  0.0 H f 00 M 000
ALA A0034_ R f 00 S f  0.0 H f 00 M 000
PHE A0035_ R f 00 S f  0.0 H f 00 M 000
GLY A0036_ R f 00 S f  0.0 H f 00 M 000
GLU A0037_ R f 00 S f  0.0 H f 00 M 000
VAL A0038_ R f 00 S f  0.0 H f 00 M 000
TYR A0039_ R f 00 S f  0.0 H f 00 M 000
GLU A0040_ R f 00 S f  0.0 H f 00 M 000
GLY A0041_ R f 00 S f  0.0 H f 00 M 000
GLN A0042_ R f 00 S f  0.0 H f 00 M 000
VAL A0043_ R f 00 S f  0.0 H f 00 M 000
SER A0044_ R f 00 S f  0.0 H f 00 M 000
GLY A0045_ R f 00 S f  0.0 H f 00 M 000
MET A0046_ R f 00 S f  0.0 H f 00 M 000
PRO A0047_ R f 00 S f  0.0 H f 00 M 000
ASN A0048_ R f 00 S f  0.0 H f 00 M 000
ASP A0049_ R f 00 S f  0.0 H f 00 M 000
PRO A0050_ R f 00 S f  0.0 H f 00 M 000
SER A0051_ R f 00 S f  0.0 H f 00 M 000
PRO A0052_ R f 00 S f  0.0 H f 00 M 000
LEU A0053_ R f 00 S f  0.0 H f 00 M 000
GLN A0054_ R f 00 S f  0.0 H f 00 M 000
VAL A0055_ R f 00 S f  0.0 H f 00 M 000
ALA A0056_ R f 00 S f  0.0 H f 00 M 000
VAL A0057_ R f 00 S f  0.0 H f 00 M 000
LYS A0058_ R f 00 S f  0.0 H f 00 M 000
THR A0059_ R f 00 S f  0.0 H f 00 M 000
LEU A0060_ R f 00 S f  0.0 H f 00 M 000
PRO A0061_ R f 00 S f  0.0 H f 00 M 000
GLU A0062_ R f 00 S f  0.0 H f 00 M 000
VAL A0063_ R f 00 S f  0.0 H f 00 M 000
CYS A0064_ R f 00 S f  0.0 H f 00 M 000
SER A0065_ R f 00 S f  0.0 H f 00 M 000
GLU A0066_ R f 00 S f  0.0 H f 00 M 000
GLN A0067_ R f 00 S f  0.0 H f 00 M 000
ASP A0068_ R f 00 S f  0.0 H f 00 M 000
GLU A0069_ R f 00 S f  0.0 H f 00 M 000
LEU A0070_ R f 00 S f  0.0 H f 00 M 000
ASP A0071_ R f 00 S f  0.0 H f 00 M 000
PHE A0072_ R f 00 S f  0.0 H f 00 M 000
LEU A0073_ R f 00 S f  0.0 H f 00 M 000
MET A0074_ R f 00 S f  0.0 H f 00 M 000
GLU A0075_ R f 00 S f  0.0 H f 00 M 000
ALA A0076_ R f 00 S f  0.0 H f 00 M 000
LEU A0077_ R f 00 S f  0.0 H f 00 M 000
ILE A0078_ R f 00 S f  0.0 H f 00 M 000
ILE A0079_ R f 00 S f  0.0 H f 00 M 000
SER A0080_ R f 00 S f  0.0 H f 00 M 000
LYS A0081_ R f 00 S f  0.0 H f 00 M 000
PHE A0082_ R f 00 S f  0.0 H f 00 M 000
ASN A0083_ R f 00 S f  0.0 H f 00 M 000
HIS A0084_ R f 00 S f  0.0 H f 00 M 000
GLN A0085_ R f 00 S f  0.0 H f 00 M 000
ASN A0086_ R f 00 S f  0.0 H f 00 M 000
ILE A0087_ R f 00 S f  0.0 H f 00 M 000
VAL A0088_ R f 00 S f  0.0 H f 00 M 000
ARG A0089_ R f 00 S f  0.0 H f 00 M 000
CYS A0090_ R f 00 S f  0.0 H f 00 M 000
ILE A0091_ R f 00 S f  0.0 H f 00 M 000
GLY A0092_ R f 00 S f  0.0 H f 00 M 000
VAL A0093_ R f 00 S f  0.0 H f 00 M 000
SER A0094_ R f 00 S f  0.0 H f 00 M 000
LEU A0095_ R f 00 S f  0.0 H f 00 M 000
GLN A0096_ R f 00 S f  0.0 H f 00 M 000
SER A0097_ R f 00 S f  0.0 H f 00 M 000
LEU A0098_ R f 00 S f  0.0 H f 00 M 000
PRO A0099_ R f 00 S f  0.0 H f 00 M 000
ARG A0100_ R f 00 S f  0.0 H f 00 M 000
PHE A0101_ R f 00 S f  0.0 H f 00 M 000
ILE A0102_ R f 00 S f  0.0 H f 00 M 000
LEU A0103_ R f 00 S f  0.0 H f 00 M 000
LEU A0104_ R f 00 S f  0.0 H f 00 M 000
GLU A0105_ R f 00 S f  0.0 H f 00 M 000
LEU A0106_ R f 00 S f  0.0 H f 00 M 000
MET A0107_ R f 00 S f  0.0 H f 00 M 000
ALA A0108_ R f 00 S f  0.0 H f 00 M 000
GLY A0109_ R f 00 S f  0.0 H f 00 M 000
GLY A0110_ R f 00 S f  0.0 H f 00 M 000
ASP A0111_ R f 00 S f  0.0 H f 00 M 000
LEU A0112_ R f 00 S f  0.0 H f 00 M 000
LYS A0113_ R f 00 S f  0.0 H f 00 M 000
SER A0114_ R f 00 S f  0.0 H f 00 M 000
PHE A0115_ R f 00 S f  0.0 H f 00 M 000
LEU A0116_ R f 00 S f  0.0 H f 00 M 000
ARG A0117_ R f 00 S f  0.0 H f 00 M 000
GLU A0118_ R f 00 S f  0.0 H f 00 M 000
THR A0119_ R f 00 S f  0.0 H f 00 M 000
ARG A0120_ R f 00 S f  0.0 H f 00 M 000
PRO A0121_ R f 00 S f  0.0 H f 00 M 000
ARG A0122_ R f 00 S f  0.0 H f 00 M 000
PRO A0123_ R f 00 S f  0.0 H f 00 M 000
SER A0124_ R f 00 S f  0.0 H f 00 M 000
GLN A0125_ R f 00 S f  0.0 H f 00 M 000
PRO A0126_ R f 00 S f  0.0 H f 00 M 000
SER A0127_ R f 00 S f  0.0 H f 00 M 000
SER A0128_ R f 00 S f  0.0 H f 00 M 000
LEU A0129_ R f 00 S f  0.0 H f 00 M 000
ALA A0130_ R f 00 S f  0.0 H f 00 M 000
MET A0131_ R f 00 S f  0.0 H f 00 M 000
LEU A0132_ R f 00 S f  0.0 H f 00 M 000
ASP A0133_ R f 00 S f  0.0 H f 00 M 000
LEU A0134_ R f 00 S f  0.0 H f 00 M 000
LEU A0135_ R f 00 S f  0.0 H f 00 M 000
HIS A0136_ R f 00 S f  0.0 H f 00 M 000
VAL A0137_ R f 00 S f  0.0 H f 00 M 000
ALA A0138_ R f 00 S f  0.0 H f 00 M 000
ARG A0139_ R f 00 S f  0.0 H f 00 M 000
ASP A0140_ R f 00 S f  0.0 H f 00 M 000
ILE A0141_ R f 00 S f  0.0 H f 00 M 000
ALA A0142_ R f 00 S f  0.0 H f 00 M 000
CYS A0143_ R f 00 S f  0.0 H f 00 M 000
GLY A0144_ R f 00 S f  0.0 H f 00 M 000
CYS A0145_ R f 00 S f  0.0 H f 00 M 000
GLN A0146_ R f 00 S f  0.0 H f 00 M 000
TYR A0147_ R f 00 S f  0.0 H f 00 M 000
LEU A0148_ R f 00 S f  0.0 H f 00 M 000
GLU A0149_ R f 00 S f  0.0 H f 00 M 000
GLU A0150_ R f 00 S f  0.0 H f 00 M 000
ASN A0151_ R f 00 S f  0.0 H f 00 M 000
HIS A0152_ R f 00 S f  0.0 H f 00 M 000
PHE A0153_ R f 00 S f  0.0 H f 00 M 000
ILE A0154_ R f 00 S f  0.0 H f 00 M 000
HIS A0155_ R f 00 S f  0.0 H f 00 M 000
ARG A0156_ R f 00 S f  0.0 H f 00 M 000
ASP A0157_ R f 00 S f  0.0 H f 00 M 000
ILE A0158_ R f 00 S f  0.0 H f 00 M 000
ALA A0159_ R f 00 S f  0.0 H f 00 M 000
ALA A0160_ R f 00 S f  0.0 H f 00 M 000
ARG A0161_ R f 00 S f  0.0 H f 00 M 000
ASN A0162_ R f 00 S f  0.0 H f 00 M 000
CYS A0163_ R f 00 S f  0.0 H f 00 M 000
LEU A0164_ R f 00 S f  0.0 H f 00 M 000
LEU A0165_ R f 00 S f  0.0 H f 00 M 000
THR A0166_ R f 00 S f  0.0 H f 00 M 000
CYS A0167_ R f 00 S f  0.0 H f 00 M 000
PRO A0168_ R f 00 S f  0.0 H f 00 M 000
GLY A0169_ R f 00 S f  0.0 H f 00 M 000
PRO A0170_ R f 00 S f  0.0 H f 00 M 000
GLY A0171_ R f 00 S f  0.0 H f 00 M 000
ARG A0172_ R f 00 S f  0.0 H f 00 M 000
VAL A0173_ R f 00 S f  0.0 H f 00 M 000
ALA A0174_ R f 00 S f  0.0 H f 00 M 000
LYS A0175_ R f 00 S f  0.0 H f 00 M 000
ILE A0176_ R f 00 S f  0.0 H f 00 M 000
ALA A0177_ R f 00 S f  0.0 H f 00 M 000
ASP A0178_ R f 00 S f  0.0 H f 00 M 000
PHE A0179_ R f 00 S f  0.0 H f 00 M 000
GLY A0180_ R f 00 S f  0.0 H f 00 M 000
MET A0181_ R f 00 S f  0.0 H f 00 M 000
ALA A0182_ R f 00 S f  0.0 H f 00 M 000
ARG A0183_ R f 00 S f  0.0 H f 00 M 000
ASP A0184_ R f 00 S f  0.0 H f 00 M 000
ILE A0185_ R f 00 S f  0.0 H f 00 M 000
TYR A0186_ R f 00 S f  0.0 H f 00 M 000
ARG A0187_ R f 00 S f  0.0 H f 00 M 000
ALA A0188_ R f 00 S f  0.0 H f 00 M 000
SER A0189_ R f 00 S f  0.0 H f 00 M 000
TYR A0190_ R f 00 S f  0.0 H f 00 M 000
TYR A0191_ R f 00 S f  0.0 H f 00 M 000
ARG A0192_ R f 00 S f  0.0 H f 00 M 000
LYS A0193_ R f 00 S f  0.0 H f 00 M 000
GLY A0194_ R f 00 S f  0.0 H f 00 M 000
GLY A0195_ R f 00 S f  0.0 H f 00 M 000
CYS A0196_ R f 00 S f  0.0 H f 00 M 000
ALA A0197_ R f 00 S f  0.0 H f 00 M 000
MET A0198_ R f 00 S f  0.0 H f 00 M 000
LEU A0199_ R f 00 S f  0.0 H f 00 M 000
PRO A0200_ R f 00 S f  0.0 H f 00 M 000
VAL A0201_ R f 00 S f  0.0 H f 00 M 000
LYS A0202_ R f 00 S f  0.0 H f 00 M 000
TRP A0203_ R f 00 S f  0.0 H f 00 M 000
MET A0204_ R f 00 S f  0.0 H f 00 M 000
PRO A0205_ R f 00 S f  0.0 H f 00 M 000
PRO A0206_ R f 00 S f  0.0 H f 00 M 000
GLU A0207_ R f 00 S f  0.0 H f 00 M 000
ALA A0208_ R f 00 S f  0.0 H f 00 M 000
PHE A0209_ R f 00 S f  0.0 H f 00 M 000
MET A0210_ R f 00 S f  0.0 H f 00 M 000
GLU A0211_ R f 00 S f  0.0 H f 00 M 000
GLY A0212_ R f 00 S f  0.0 H f 00 M 000
ILE A0213_ R f 00 S f  0.0 H f 00 M 000
PHE A0214_ R f 00 S f  0.0 H f 00 M 000
THR A0215_ R f 00 S f  0.0 H f 00 M 000
SER A0216_ R f 00 S f  0.0 H f 00 M 000
LYS A0217_ R f 00 S f  0.0 H f 00 M 000
THR A0218_ R f 00 S f  0.0 H f 00 M 000
ASP A0219_ R f 00 S f  0.0 H f 00 M 000
THR A0220_ R f 00 S f  0.0 H f 00 M 000
TRP A0221_ R f 00 S f  0.0 H f 00 M 000
SER A0222_ R f 00 S f  0.0 H f 00 M 000
PHE A0223_ R f 00 S f  0.0 H f 00 M 000
GLY A0224_ R f 00 S f  0.0 H f 00 M 000
VAL A0225_ R f 00 S f  0.0 H f 00 M 000
LEU A0226_ R f 00 S f  0.0 H f 00 M 000
LEU A0227_ R f 00 S f  0.0 H f 00 M 000
TRP A0228_ R f 00 S f  0.0 H f 00 M 000
GLU A0229_ R f 00 S f  0.0 H f 00 M 000
ILE A0230_ R f 00 S f  0.0 H f 00 M 000
PHE A0231_ R f 00 S f  0.0 H f 00 M 000
SER A0232_ R f 00 S f  0.0 H f 00 M 000
LEU A0233_ R f 00 S f  0.0 H f 00 M 000
GLY A0234_ R f 00 S f  0.0 H f 00 M 000
TYR A0235_ R f 00 S f  0.0 H f 00 M 000
MET A0236_ R f 00 S f  0.0 H f 00 M 000
PRO A0237_ R f 00 S f  0.0 H f 00 M 000
TYR A0238_ R f 00 S f  0.0 H f 00 M 000
PRO A0239_ R f 00 S f  0.0 H f 00 M 000
SER A0240_ R f 00 S f  0.0 H f 00 M 000
LYS A0241_ R f 00 S f  0.0 H f 00 M 000
SER A0242_ R f 00 S f  0.0 H f 00 M 000
ASN A0243_ R f 00 S f  0.0 H f 00 M 000
GLN A0244_ R f 00 S f  0.0 H f 00 M 000
GLU A0245_ R f 00 S f  0.0 H f 00 M 000
VAL A0246_ R f 00 S f  0.0 H f 00 M 000
LEU A0247_ R f 00 S f  0.0 H f 00 M 000
GLU A0248_ R f 00 S f  0.0 H f 00 M 000
PHE A0249_ R f 00 S f  0.0 H f 00 M 000
VAL A0250_ R f 00 S f  0.0 H f 00 M 000
THR A0251_ R f 00 S f  0.0 H f 00 M 000
SER A0252_ R f 00 S f  0.0 H f 00 M 000
GLY A0253_ R f 00 S f  0.0 H f 00 M 000
GLY A0254_ R f 00 S f  0.0 H f 00 M 000
ARG A0255_ R f 00 S f  0.0 H f 00 M 000
MET A0256_ R f 00 S f  0.0 H f 00 M 000
ASP A0257_ R f 00 S f  0.0 H f 00 M 000
PRO A0258_ R f 00 S f  0.0 H f 00 M 000
PRO A0259_ R f 00 S f  0.0 H f 00 M 000
LYS A0260_ R f 00 S f  0.0 H f 00 M 000
ASN A0261_ R f 00 S f  0.0 H f 00 M 000
CYS A0262_ R f 00 S f  0.0 H f 00 M 000
PRO A0263_ R f 00 S f  0.0 H f 00 M 000
GLY A0264_ R f 00 S f  0.0 H f 00 M 000
PRO A0265_ R f 00 S f  0.0 H f 00 M 000
VAL A0266_ R f 00 S f  0.0 H f 00 M 000
TYR A0267_ R f 00 S f  0.0 H f 00 M 000
ARG A0268_ R f 00 S f  0.0 H f 00 M 000
ILE A0269_ R f 00 S f  0.0 H f 00 M 000
MET A0270_ R f 00 S f  0.0 H f 00 M 000
THR A0271_ R f 00 S f  0.0 H f 00 M 000
GLN A0272_ R f 00 S f  0.0 H f 00 M 000
CYS A0273_ R f 00 S f  0.0 H f 00 M 000
TRP A0274_ R f 00 S f  0.0 H f 00 M 000
GLN A0275_ R f 00 S f  0.0 H f 00 M 000
HIS A0276_ R f 00 S f  0.0 H f 00 M 000
GLN A0277_ R f 00 S f  0.0 H f 00 M 000
PRO A0278_ R f 00 S f  0.0 H f 00 M 000
GLU A0279_ R f 00 S f  0.0 H f 00 M 000
ASP A0280_ R f 00 S f  0.0 H f 00 M 000
ARG A0281_ R f 00 S f  0.0 H f 00 M 000
PRO A0282_ R f 00 S f  0.0 H f 00 M 000
ASN A0283_ R f 00 S f  0.0 H f 00 M 000
PHE A0284_ R f 00 S f  0.0 H f 00 M 000
ALA A0285_ R f 00 S f  0.0 H f 00 M 000
ILE A0286_ R f 00 S f  0.0 H f 00 M 000
ILE A0287_ R f 00 S f  0.0 H f 00 M 000
LEU A0288_ R f 00 S f  0.0 H f 00 M 000
GLU A0289_ R f 00 S f  0.0 H f 00 M 000
ARG A0290_ R f 00 S f  0.0 H f 00 M 000
ILE A0291_ R f 00 S f  0.0 H f 00 M 000
GLU A0292_ R f 00 S f  0.0 H f 00 M 000
TYR A0293_ R f 00 S f  0.0 H f 00 M 000
CYS A0294_ R f 00 S f  0.0 H f 00 M 000
THR A0295_ R f 00 S f  0.0 H f 00 M 000
GLN A0296_ R f 00 S f  0.0 H f 00 M 000
ASP A0297_ R f 00 S f  0.0 H f 00 M 000
PRO A0298_ R f 00 S f  0.0 H f 00 M 000
ASP A0299_ R f 00 S f  0.0 H f 00 M 000
VAL A0300_ R f 00 S f  0.0 H f 00 M 000
ILE A0301_ R f 00 S f  0.0 H f 00 M 000
ASN A0302_ R f 00 S f  0.0 H f 00 M 000
THR A0303_ R f 00 S f  0.0 H f 00 M 000
ALA A0304_ R f 00 S f  0.0 H f 00 M 000
LEU A0305_ R f 00 S f  0.0 H f 00 M 000
PRO A0306_ R f 00 S f  0.0 H f 00 M 000
ILE A0307_ R f 00 S f  0.0 H f 00 M 000
GLU A0308_ R f 00 S f  0.0 H f 00 M 000
TYR A0309_ R f 00 S f  0.0 H f 00 M 000
GLY A0310_ R f 00 S f  0.0 H f 00 M 000
VGH B0001_ R f 00 S f  0.0 H f 00 M 000
