   confID        vdw0    sas     sum
ASN01A0001_001   0.503  -2.353  -1.850
ASN01A0001_002   0.344  -2.712  -2.368
PRO01A0002_001   0.238  -1.608  -1.370
ASN01A0003_001   0.413  -2.554  -2.141
ASN01A0003_002   0.185  -2.524  -2.340
TYR01A0004_001   4.501  -0.051   4.451
TYR-1A0004_002   4.501  -0.051   4.451
CYS01A0005_001  -0.002  -3.690  -3.692
CYS01A0005_002  -0.002  -3.690  -3.692
CYS01A0005_003  -0.002  -3.690  -3.693
CYS-1A0005_004   0.000  -3.690  -3.690
PHE01A0006_001   4.517  -0.707   3.809
ALA01A0007_001   0.000  -1.458  -1.458
LYS01A0009_001   8.018  -9.095  -1.078
LYS+1A0009_002   7.970  -9.095  -1.125
THR01A0010_001   0.207  -3.419  -3.212
THR01A0010_002   0.207  -3.419  -3.212
SER01A0011_001   0.000  -0.144  -0.144
SER01A0012_001   0.000  -1.095  -1.095
SER01A0012_002   0.000  -1.095  -1.095
ILE01A0013_001   0.921  -2.369  -1.448
SER01A0014_001   0.000  -4.459  -4.459
ASP01A0015_001   0.313  -2.101  -1.788
ASP01A0015_002   0.313  -2.101  -1.788
ASP02A0015_003   0.397  -1.935  -1.538
ASP02A0015_004   0.397  -1.935  -1.538
ASP-1A0015_005   0.284  -1.921  -1.637
LEU01A0016_001   1.916  -0.103   1.813
LYS01A0017_001   0.509  -7.354  -6.846
LYS+1A0017_002   0.464  -7.354  -6.890
GLU01A0018_001   2.284  -0.536   1.748
GLU01A0018_002   2.284  -0.536   1.748
GLU02A0018_003   1.832  -0.525   1.307
GLU02A0018_004   1.832  -0.525   1.307
GLU-1A0018_005   1.763  -0.533   1.230
VAL01A0019_001   0.617  -0.567   0.050
PRO01A0020_001   0.215  -3.318  -3.104
ARG01A0021_001   2.300  -3.138  -0.838
ARG02A0021_002   2.297  -3.138  -0.841
ARG03A0021_003   2.240  -3.138  -0.898
ARG03A0021_004   2.245  -3.138  -0.893
ARG+1A0021_005   2.201  -3.138  -0.938
LYS01A0022_001   1.062  -8.614  -7.552
LYS+1A0022_002   0.998  -8.614  -7.616
ASN01A0023_001  -0.029  -1.782  -1.811
ASN01A0023_002   0.115  -1.934  -1.819
ILE01A0024_001   1.914   0.000   1.914
THR01A0025_001   0.203  -4.103  -3.900
THR01A0025_002   0.203  -4.103  -3.900
LEU01A0026_001   1.808  -3.519  -1.711
ILE01A0027_001   2.306  -2.627  -0.321
ARG01A0028_001   2.286  -7.421  -5.135
ARG02A0028_002   2.248  -7.421  -5.173
ARG02A0028_003   2.339  -7.421  -5.082
ARG03A0028_004   2.245  -7.421  -5.176
ARG+1A0028_005   2.200  -7.421  -5.221
LEU01A0030_001   1.741   0.000   1.741
HIS01A0032_001   0.448  -5.324  -4.877
HIS01A0032_002   0.587  -5.450  -4.862
HIS02A0032_003   0.423  -5.324  -4.901
HIS02A0032_004   0.579  -5.450  -4.871
HIS+1A0032_005   0.397  -5.324  -4.928
HIS+1A0032_006   0.555  -5.450  -4.894
ALA01A0034_001   0.000  -3.294  -3.294
PHE01A0035_001   4.592  -5.444  -0.853
GLU01A0037_001   1.758  -2.790  -1.032
GLU01A0037_002   1.758  -2.790  -1.032
GLU02A0037_003   1.471  -2.774  -1.303
GLU02A0037_004   1.471  -2.774  -1.303
GLU-1A0037_005   1.368  -2.679  -1.311
VAL01A0038_001   0.613  -0.155   0.458
TYR01A0039_001   4.619  -3.127   1.492
TYR01A0039_002   4.619  -3.127   1.492
TYR-1A0039_003   4.619  -3.127   1.492
GLU01A0040_001   1.897  -0.977   0.920
GLU01A0040_002   1.897  -0.977   0.920
GLU02A0040_003   1.517  -0.933   0.584
GLU02A0040_004   1.517  -0.933   0.584
GLU-1A0040_005   1.448  -0.999   0.448
GLN01A0042_001   1.423  -1.826  -0.403
GLN01A0042_002   2.162  -1.747   0.415
VAL01A0043_001   0.661  -1.339  -0.678
SER01A0044_001   0.000   0.000   0.000
SER01A0044_002   0.000   0.000   0.000
SER01A0044_003   0.000   0.000   0.000
MET01A0046_001   1.870  -9.239  -7.369
PRO01A0047_001   1.657  -3.844  -2.187
ASN01A0048_001   0.011  -3.984  -3.973
ASN01A0048_002   0.196  -4.067  -3.871
ASP01A0049_001   0.227  -3.295  -3.068
ASP01A0049_002   0.227  -3.295  -3.068
ASP02A0049_003   0.135  -3.318  -3.183
ASP02A0049_004   0.135  -3.318  -3.183
ASP-1A0049_005   0.132  -3.234  -3.102
PRO01A0050_001   0.198  -7.455  -7.256
SER01A0051_001   0.000  -1.129  -1.129
SER01A0051_002   0.000  -1.129  -1.129
PRO01A0052_001   0.231  -1.891  -1.661
LEU01A0053_001   1.829  -6.059  -4.230
GLN01A0054_001   1.623  -2.613  -0.990
GLN01A0054_002   2.709  -2.628   0.080
VAL01A0055_001   0.609   0.000   0.609
ALA01A0056_001   0.000   0.000   0.000
VAL01A0057_001   0.578   0.000   0.578
LYS01A0058_001   2.163  -1.514   0.649
LYS+1A0058_002   2.085  -1.514   0.571
THR01A0059_001   0.216  -0.232  -0.016
THR01A0059_002   0.216  -0.232  -0.016
THR01A0059_003   0.216  -0.232  -0.016
LEU01A0060_001   2.042   0.000   2.042
PRO01A0061_001   0.251  -1.664  -1.413
GLU01A0062_001   1.692  -2.838  -1.146
GLU01A0062_002   1.692  -2.838  -1.146
GLU02A0062_003   1.451  -2.885  -1.434
GLU02A0062_004   1.451  -2.885  -1.434
GLU-1A0062_005   1.338  -2.632  -1.294
VAL01A0063_001   0.591  -8.905  -8.314
CYS01A0064_001  -0.002   0.000  -0.002
CYS01A0064_002  -0.002   0.000  -0.002
CYS01A0064_003  -0.002   0.000  -0.002
CYS-1A0064_004   0.000   0.000   0.000
SER01A0065_001   0.000  -2.315  -2.315
SER01A0065_002   0.000  -2.315  -2.315
SER01A0065_003   0.000  -2.315  -2.315
GLU01A0066_001   0.866  -3.984  -3.117
GLU01A0066_002   0.866  -3.984  -3.117
GLU02A0066_003   0.850  -4.076  -3.226
GLU02A0066_004   0.850  -4.076  -3.226
GLU-1A0066_005   0.749  -3.965  -3.216
GLN01A0067_001   1.262  -0.839   0.423
GLN01A0067_002   0.893  -0.697   0.195
ASP01A0068_001   0.162  -0.631  -0.469
ASP01A0068_002   0.162  -0.631  -0.469
ASP02A0068_003   0.245  -0.607  -0.362
ASP02A0068_004   0.245  -0.607  -0.362
ASP-1A0068_005   0.152  -0.586  -0.433
GLU01A0069_001   3.339  -1.079   2.260
GLU01A0069_002   3.339  -1.079   2.260
GLU02A0069_003   2.684  -1.106   1.578
GLU02A0069_004   2.684  -1.106   1.578
GLU-1A0069_005   2.621  -1.072   1.549
LEU01A0070_001   1.641  -3.004  -1.362
ASP01A0071_001   0.128  -0.172  -0.044
ASP01A0071_002   0.128  -0.172  -0.044
ASP02A0071_003   0.206  -0.145   0.061
ASP02A0071_004   0.206  -0.145   0.061
ASP-1A0071_005   0.121  -0.172  -0.051
PHE01A0072_001   4.551  -0.052   4.500
LEU01A0073_001   1.726  -0.927   0.799
MET01A0074_001   2.502   0.000   2.502
GLU01A0075_001   0.967  -0.105   0.861
GLU01A0075_002   0.967  -0.105   0.861
GLU02A0075_003   0.852  -0.143   0.709
GLU02A0075_004   0.852  -0.143   0.709
GLU-1A0075_005   0.751  -0.138   0.613
ALA01A0076_001   0.000   0.000   0.000
LEU01A0077_001   1.945   0.000   1.945
ILE01A0078_001   1.833   0.000   1.833
ILE01A0079_001   3.954  -0.155   3.800
SER01A0080_001   0.000  -0.840  -0.840
SER01A0080_002   0.000  -0.840  -0.840
SER01A0080_003   0.000  -0.840  -0.840
LYS01A0081_001   1.324  -2.872  -1.548
LYS+1A0081_002   1.276  -2.872  -1.596
PHE01A0082_001   4.532   0.000   4.532
ASN01A0083_001   0.381  -3.472  -3.091
HIS01A0084_001  -0.150  -1.173  -1.324
HIS02A0084_002  -0.169  -1.173  -1.343
HIS+1A0084_003  -0.196  -1.173  -1.369
GLN01A0085_001   5.388  -3.578   1.810
GLN01A0085_002   3.442  -3.417   0.026
ASN01A0086_001   0.269  -0.221   0.048
ASN01A0086_002   0.400  -0.349   0.051
ILE01A0087_001   3.829   0.000   3.829
VAL01A0088_001   0.698   0.000   0.698
ARG01A0089_001   1.265  -5.257  -3.992
ARG02A0089_002   1.227  -5.257  -4.031
ARG02A0089_003   1.287  -5.257  -3.970
ARG03A0089_004   1.226  -5.257  -4.031
ARG+1A0089_005   1.183  -5.257  -4.074
CYS01A0090_001  -0.002   0.000  -0.002
CYS01A0090_002  -0.002   0.000  -0.002
CYS01A0090_003  -0.002   0.000  -0.002
CYS-1A0090_004   0.000   0.000   0.000
ILE01A0091_001   0.917  -1.545  -0.628
VAL01A0093_001   0.617   0.000   0.617
SER01A0094_001   0.000   0.000   0.000
SER01A0094_002   0.000   0.000   0.000
SER01A0094_003   0.000   0.000   0.000
LEU01A0095_001   1.731  -0.824   0.906
GLN01A0096_001   2.752  -3.039  -0.286
GLN01A0096_002   1.657  -3.160  -1.503
SER01A0097_001   0.000  -1.829  -1.829
LEU01A0098_001   2.091  -4.565  -2.474
PRO01A0099_001   0.235  -2.916  -2.681
ARG01A0100_001   1.894  -3.013  -1.119
ARG02A0100_002   1.979  -3.013  -1.034
ARG03A0100_003   1.872  -3.013  -1.141
ARG03A0100_004   1.876  -3.013  -1.137
ARG+1A0100_005   1.833  -3.013  -1.180
PHE01A0101_001   4.100  -0.303   3.797
ILE01A0102_001   2.055   0.000   2.055
LEU01A0103_001   1.725   0.000   1.725
LEU01A0104_001   1.727  -0.052   1.675
GLU01A0105_001   2.479  -1.064   1.415
GLU01A0105_002   2.479  -1.064   1.415
GLU02A0105_003   1.963  -1.174   0.788
GLU02A0105_004   1.963  -1.174   0.788
GLU-1A0105_005   1.905  -1.064   0.841
LEU01A0106_001   1.640  -0.412   1.228
MET01A0107_001   0.303   0.000   0.303
ALA01A0108_001   0.000  -2.247  -2.247
ASP01A0111_001   0.407  -0.540  -0.132
ASP01A0111_002   0.407  -0.540  -0.132
ASP02A0111_003   0.420  -0.417   0.003
ASP02A0111_004   0.420  -0.417   0.003
ASP-1A0111_005   0.335  -0.448  -0.113
LEU01A0112_001   1.814   0.000   1.814
LYS01A0113_001   0.826  -1.842  -1.016
LYS+1A0113_002   0.750  -1.842  -1.091
SER01A0114_001   0.000  -2.601  -2.601
SER01A0114_002   0.000  -2.601  -2.601
SER01A0114_003   0.000  -2.601  -2.601
PHE01A0115_001   4.680  -0.051   4.629
LEU01A0116_001   1.910   0.000   1.910
ARG01A0117_001   2.524  -6.525  -4.001
ARG02A0117_002   2.474  -6.525  -4.051
ARG02A0117_003   2.525  -6.525  -4.000
ARG03A0117_004   2.467  -6.525  -4.058
ARG+1A0117_005   2.428  -6.525  -4.097
GLU01A0118_001   1.996  -2.124  -0.128
GLU01A0118_002   1.996  -2.124  -0.128
GLU02A0118_003   1.607  -2.022  -0.415
GLU02A0118_004   1.607  -2.022  -0.415
GLU-1A0118_005   1.534  -1.994  -0.460
THR01A0119_001   0.227  -0.891  -0.664
ARG01A0120_001   1.439  -1.506  -0.068
ARG02A0120_002   1.402  -1.506  -0.105
ARG02A0120_003   1.463  -1.506  -0.043
ARG03A0120_004   1.396  -1.506  -0.110
ARG+1A0120_005   1.358  -1.506  -0.149
PRO01A0121_001   0.216   0.000   0.216
ARG01A0122_001   2.761  -3.976  -1.214
ARG02A0122_002   2.745  -3.976  -1.231
ARG03A0122_003   2.728  -3.976  -1.247
ARG03A0122_004   2.732  -3.976  -1.243
ARG+1A0122_005   2.690  -3.976  -1.286
PRO01A0123_001   0.238  -2.849  -2.611
SER01A0124_001   0.000  -3.839  -3.839
GLN01A0125_001   2.787  -2.655   0.132
GLN01A0125_002   4.800  -2.535   2.265
PRO01A0126_001   0.229  -4.348  -4.118
SER01A0127_001   0.000  -4.717  -4.717
SER01A0128_001   0.000  -0.192  -0.192
SER01A0128_002   0.000  -0.192  -0.192
LEU01A0129_001   1.800   0.000   1.800
ALA01A0130_001   0.000  -2.263  -2.263
MET01A0131_001  -0.031   0.000  -0.031
LEU01A0132_001   1.780  -4.050  -2.270
ASP01A0133_001   0.348  -0.603  -0.256
ASP01A0133_002   0.348  -0.603  -0.256
ASP02A0133_003   0.432  -0.636  -0.205
ASP02A0133_004   0.432  -0.636  -0.205
ASP-1A0133_005   0.314  -0.620  -0.306
LEU01A0134_001   1.808   0.000   1.808
LEU01A0135_001   1.760   0.000   1.760
HIS01A0136_001  -0.264  -4.050  -4.314
HIS01A0136_002  -0.234  -3.555  -3.789
HIS02A0136_003  -0.284  -4.050  -4.334
HIS02A0136_004  -0.243  -3.555  -3.798
HIS+1A0136_005  -0.311  -4.050  -4.361
HIS+1A0136_006  -0.269  -3.555  -3.824
VAL01A0137_001   0.631   0.000   0.631
ALA01A0138_001   0.000   0.000   0.000
ARG01A0139_001  12.328  -4.048   8.280
ARG02A0139_002  12.317  -4.048   8.269
ARG02A0139_003  10.738  -4.048   6.690
ARG03A0139_004  12.301  -4.048   8.253
ARG03A0139_005  12.305  -4.048   8.257
ARG+1A0139_006  12.260  -4.048   8.212
ASP01A0140_001   0.074  -0.433  -0.359
ASP01A0140_002   0.074  -0.433  -0.359
ASP02A0140_003   0.143  -0.346  -0.203
ASP02A0140_004   0.143  -0.346  -0.203
ASP-1A0140_005   0.070  -0.379  -0.309
ILE01A0141_001   2.888   0.000   2.888
ALA01A0142_001   0.000   0.000   0.000
CYS01A0143_001  -0.002  -1.739  -1.741
CYS01A0143_002  -0.002  -1.739  -1.741
CYS01A0143_003  -0.002  -1.739  -1.742
CYS-1A0143_004   0.000  -1.739  -1.739
CYS01A0145_001  -0.002   0.000  -0.002
CYS01A0145_002  -0.002   0.000  -0.002
CYS01A0145_003  -0.002   0.000  -0.002
CYS-1A0145_004   0.000   0.000   0.000
GLN01A0146_001   1.622  -1.703  -0.081
GLN01A0146_002   1.086  -1.654  -0.567
TYR01A0147_001   4.428  -1.384   3.043
TYR01A0147_002   4.428  -1.384   3.043
TYR-1A0147_003   4.428  -1.384   3.043
LEU01A0148_001   1.779   0.000   1.779
GLU01A0149_001   0.841  -0.861  -0.021
GLU01A0149_002   0.841  -0.861  -0.021
GLU02A0149_003   0.753  -0.942  -0.189
GLU02A0149_004   0.753  -0.942  -0.189
GLU-1A0149_005   0.650  -0.861  -0.212
GLU01A0150_001   2.596  -2.312   0.284
GLU01A0150_002   2.596  -2.312   0.284
GLU02A0150_003   2.071  -2.207  -0.136
GLU02A0150_004   2.071  -2.207  -0.136
GLU-1A0150_005   2.003  -2.261  -0.258
ASN01A0151_001   0.389  -1.206  -0.817
ASN01A0151_002   0.431  -1.068  -0.637
HIS01A0152_001  -0.096  -9.166  -9.261
HIS01A0152_002  -0.018  -8.612  -8.631
HIS02A0152_003  -0.117  -9.166  -9.283
HIS02A0152_004  -0.029  -8.612  -8.641
HIS+1A0152_005  -0.144  -9.166  -9.310
HIS+1A0152_006  -0.056  -8.612  -8.668
PHE01A0153_001   4.578  -0.523   4.055
ILE01A0154_001   2.552  -2.318   0.234
HIS01A0155_001  -0.149   0.000  -0.149
HIS02A0155_002  -0.168   0.000  -0.168
HIS+1A0155_003  -0.195   0.000  -0.195
ARG01A0156_001   2.613  -1.863   0.750
ARG02A0156_002   2.609  -1.863   0.746
ARG03A0156_003   2.584  -1.863   0.722
ARG+1A0156_004   2.541  -1.863   0.679
ASP01A0157_001   0.061  -0.448  -0.387
ASP01A0157_002   0.061  -0.448  -0.387
ASP02A0157_003   0.127  -0.543  -0.416
ASP02A0157_004   0.127  -0.543  -0.416
ASP-1A0157_005   0.057  -0.448  -0.391
ILE01A0158_001   2.877   0.000   2.877
ALA01A0159_001   0.000   0.000   0.000
ALA01A0160_001   0.000   0.000   0.000
ARG01A0161_001   1.990  -4.072  -2.082
ARG02A0161_002   2.070  -4.072  -2.002
ARG03A0161_003   1.968  -4.072  -2.104
ARG03A0161_004   1.972  -4.072  -2.100
ARG+1A0161_005   1.929  -4.072  -2.143
ASN01A0162_001   0.305  -0.423  -0.118
ASN01A0162_002   0.108  -0.551  -0.443
CYS01A0163_001  -0.002   0.000  -0.002
CYS01A0163_002  -0.002   0.000  -0.002
CYS01A0163_003  -0.002   0.000  -0.002
CYS-1A0163_004   0.000   0.000   0.000
LEU01A0164_001   1.904   0.000   1.904
LEU01A0165_001   2.115   0.000   2.115
THR01A0166_001   0.194  -1.972  -1.778
THR01A0166_002   0.194  -1.972  -1.778
CYS01A0167_001  -0.002  -2.482  -2.484
CYS01A0167_002  -0.002  -2.482  -2.484
CYS01A0167_003  -0.003  -2.482  -2.485
CYS-1A0167_004   0.000  -2.482  -2.482
PRO01A0168_001   0.230  -4.679  -4.449
PRO01A0170_001   0.244  -7.530  -7.285
ARG01A0172_001   2.275  -0.437   1.838
ARG02A0172_002   2.240  -0.437   1.803
ARG02A0172_003   2.328  -0.437   1.892
ARG03A0172_004   2.232  -0.437   1.795
ARG03A0172_005   2.236  -0.437   1.799
ARG+1A0172_006   2.192  -0.437   1.755
VAL01A0173_001   0.604  -3.107  -2.503
ALA01A0174_001   0.000   0.000   0.000
LYS01A0175_001   0.774  -0.964  -0.189
LYS+1A0175_002   0.731  -0.964  -0.233
ILE01A0176_001   2.325   0.000   2.325
ALA01A0177_001   0.000   0.000   0.000
ASP01A0178_001   0.359  -0.943  -0.583
ASP01A0178_002   0.359  -0.943  -0.583
ASP02A0178_003   0.417  -0.967  -0.550
ASP02A0178_004   0.417  -0.967  -0.550
ASP-1A0178_005   0.313  -0.930  -0.617
PHE01A0179_001   4.542   0.000   4.542
MET01A0181_001   1.307  -0.818   0.488
ALA01A0182_001   0.000  -0.155  -0.155
ARG01A0183_001   6.773  -1.606   5.167
ARG02A0183_002   6.741  -1.606   5.135
ARG02A0183_003   6.843  -1.606   5.237
ARG03A0183_004   6.731  -1.606   5.125
ARG03A0183_005   6.736  -1.606   5.130
ARG+1A0183_006   6.690  -1.606   5.084
ASP01A0184_001   0.111  -0.492  -0.380
ASP01A0184_002   0.111  -0.492  -0.380
ASP02A0184_003   0.188  -0.540  -0.353
ASP02A0184_004   0.188  -0.540  -0.353
ASP-1A0184_005   0.105  -0.487  -0.381
ILE01A0185_001   2.368  -3.722  -1.354
TYR01A0186_001   4.467  -4.739  -0.272
TYR-1A0186_002   4.467  -4.739  -0.272
ARG01A0187_001   1.535  -2.868  -1.332
ARG02A0187_002   1.480  -2.868  -1.388
ARG02A0187_003   1.541  -2.868  -1.327
ARG03A0187_004   1.480  -2.868  -1.388
ARG+1A0187_005   1.436  -2.868  -1.432
ALA01A0188_001   0.000  -2.540  -2.540
SER01A0189_001   0.000  -1.220  -1.220
SER01A0189_002   0.000  -1.220  -1.220
SER01A0189_003   0.000  -1.220  -1.220
TYR01A0190_001  19.761 -11.185   8.576
TYR-1A0190_002  19.761 -11.185   8.576
TYR01A0191_001   4.050  -5.931  -1.881
TYR01A0191_002   4.050  -5.931  -1.881
TYR-1A0191_003   4.050  -5.931  -1.881
ARG01A0192_001   4.566  -9.974  -5.408
ARG02A0192_002   4.517  -9.974  -5.457
ARG03A0192_003   4.500  -9.974  -5.474
ARG+1A0192_004   4.457  -9.974  -5.517
LYS01A0193_001   2.705  -1.416   1.289
LYS+1A0193_002   2.648  -1.416   1.232
CYS01A0196_001  -0.002  -5.897  -5.899
CYS01A0196_002  -0.002  -5.897  -5.899
CYS01A0196_003  -0.002  -5.897  -5.900
CYS-1A0196_004   0.000  -5.897  -5.897
ALA01A0197_001   0.000  -4.478  -4.478
MET01A0198_001   1.331  -7.109  -5.778
LEU01A0199_001   1.840  -3.190  -1.350
PRO01A0200_001   0.212  -0.405  -0.193
VAL01A0201_001   0.651  -0.052   0.599
LYS01A0202_001   0.918  -1.285  -0.367
LYS+1A0202_002   0.871  -1.285  -0.413
TRP01A0203_001   2.849  -0.758   2.091
MET01A0204_001   0.303  -0.119   0.184
PRO01A0205_001   0.227   0.000   0.227
PRO01A0206_001   0.236  -0.206   0.030
GLU01A0207_001   2.352  -0.325   2.027
GLU01A0207_002   2.352  -0.325   2.027
GLU02A0207_003   1.917  -0.297   1.620
GLU02A0207_004   1.917  -0.297   1.620
GLU-1A0207_005   1.845  -0.297   1.548
ALA01A0208_001   0.000   0.000   0.000
PHE01A0209_001   4.519  -0.103   4.416
MET01A0210_001   0.392  -4.731  -4.340
GLU01A0211_001   2.301  -3.194  -0.893
GLU01A0211_002   2.301  -3.194  -0.893
GLU02A0211_003   1.856  -3.230  -1.374
GLU02A0211_004   1.856  -3.230  -1.374
GLU-1A0211_005   1.781  -3.084  -1.303
ILE01A0213_001   3.496  -5.508  -2.013
PHE01A0214_001   4.612  -1.789   2.823
THR01A0215_001   0.198  -3.308  -3.110
THR01A0215_002   0.198  -3.308  -3.110
SER01A0216_001   0.000  -1.612  -1.612
SER01A0216_002   0.000  -1.612  -1.612
LYS01A0217_001   0.706  -2.142  -1.435
LYS+1A0217_002   0.630  -2.142  -1.511
THR01A0218_001   0.205   0.000   0.205
THR01A0218_002   0.205   0.000   0.205
ASP01A0219_001   0.088   0.000   0.088
ASP01A0219_002   0.088   0.000   0.088
ASP02A0219_003   0.160   0.000   0.160
ASP02A0219_004   0.160   0.000   0.160
ASP-1A0219_005   0.083   0.000   0.083
THR01A0220_001   0.186   0.000   0.186
THR01A0220_002   0.186   0.000   0.186
TRP01A0221_001   3.009   0.000   3.009
SER01A0222_001   0.000   0.000   0.000
SER01A0222_002   0.000   0.000   0.000
PHE01A0223_001   4.469   0.000   4.469
VAL01A0225_001   0.602   0.000   0.602
LEU01A0226_001   1.563   0.000   1.563
LEU01A0227_001   1.783   0.000   1.783
TRP01A0228_001   2.894  -0.556   2.338
GLU01A0229_001   0.594  -0.034   0.560
GLU01A0229_002   0.594  -0.034   0.560
GLU02A0229_003   0.600  -0.036   0.564
GLU02A0229_004   0.600  -0.036   0.564
GLU-1A0229_005   0.485  -0.034   0.450
ILE01A0230_001   1.942   0.000   1.942
PHE01A0231_001   4.543   0.000   4.543
SER01A0232_001   0.000  -0.240  -0.240
SER01A0232_002   0.000  -0.240  -0.240
LEU01A0233_001   1.518  -0.103   1.415
TYR01A0235_001   4.472  -6.066  -1.594
TYR-1A0235_002   4.472  -6.066  -1.594
MET01A0236_001   0.804  -5.568  -4.764
PRO01A0237_001   0.212   0.000   0.212
TYR01A0238_001   4.457  -0.051   4.406
TYR01A0238_002   4.457  -0.051   4.406
TYR-1A0238_003   4.457  -0.051   4.406
PRO01A0239_001   0.221  -3.955  -3.733
SER01A0240_001   0.000  -4.224  -4.224
SER01A0240_002   0.000  -4.224  -4.224
LYS01A0241_001   1.643  -3.294  -1.652
LYS+1A0241_002   1.553  -3.294  -1.741
SER01A0242_001   0.000  -2.860  -2.860
SER01A0242_002   0.000  -2.860  -2.860
ASN01A0243_001   0.131  -1.307  -1.176
ASN01A0243_002  -0.018  -1.118  -1.135
GLN01A0244_001   1.081  -2.947  -1.866
GLN01A0244_002   1.665  -2.792  -1.127
GLU01A0245_001   1.901  -2.643  -0.741
GLU01A0245_002   1.901  -2.643  -0.741
GLU02A0245_003   1.526  -2.736  -1.211
GLU02A0245_004   1.526  -2.736  -1.211
GLU-1A0245_005   1.449  -2.627  -1.178
VAL01A0246_001   0.625   0.000   0.625
LEU01A0247_001   2.245  -2.279  -0.034
GLU01A0248_001   1.906  -2.905  -0.998
GLU01A0248_002   1.906  -2.905  -0.998
GLU02A0248_003   1.513  -2.916  -1.402
GLU02A0248_004   1.513  -2.916  -1.402
GLU-1A0248_005   1.447  -2.825  -1.378
PHE01A0249_001   4.548  -3.875   0.672
VAL01A0250_001   0.640   0.000   0.640
THR01A0251_001   0.204  -2.279  -2.075
THR01A0251_002   0.204  -2.279  -2.075
THR01A0251_003   0.204  -2.279  -2.075
SER01A0252_001   0.000  -3.665  -3.665
ARG01A0255_001   1.810  -2.256  -0.446
ARG02A0255_002   1.791  -2.256  -0.464
ARG02A0255_003   1.856  -2.256  -0.400
ARG03A0255_004   1.784  -2.256  -0.472
ARG+1A0255_005   1.745  -2.256  -0.510
MET01A0256_001   0.132   0.000   0.132
ASP01A0257_001   0.096  -3.450  -3.354
ASP01A0257_002   0.096  -3.450  -3.354
ASP02A0257_003   0.169  -3.401  -3.232
ASP02A0257_004   0.169  -3.401  -3.232
ASP-1A0257_005   0.090  -3.390  -3.299
PRO01A0258_001   0.228  -3.143  -2.915
PRO01A0259_001   0.221   0.000   0.221
LYS01A0260_001   3.318  -7.356  -4.038
LYS+1A0260_002   3.272  -7.356  -4.084
ASN01A0261_001   0.159  -1.954  -1.795
ASN01A0261_002   0.000  -1.998  -1.998
CYS01A0262_001  -0.002   0.000  -0.002
CYS01A0262_002  -0.002   0.000  -0.002
CYS01A0262_003  -0.002   0.000  -0.002
CYS-1A0262_004   0.000   0.000   0.000
PRO01A0263_001   0.223  -0.258  -0.035
PRO01A0265_001   0.213  -2.301  -2.088
VAL01A0266_001   0.659   0.000   0.659
TYR01A0267_001   4.402  -2.902   1.500
TYR01A0267_002   4.402  -2.902   1.500
TYR-1A0267_003   4.402  -2.902   1.500
ARG01A0268_001   2.451  -8.248  -5.796
ARG02A0268_002   2.430  -8.248  -5.818
ARG03A0268_003   2.421  -8.248  -5.827
ARG+1A0268_004   2.381  -8.248  -5.867
ILE01A0269_001   2.655  -0.052   2.604
MET01A0270_001   0.105   0.000   0.105
THR01A0271_001   0.230  -2.107  -1.877
GLN01A0272_001   0.920  -1.757  -0.837
GLN01A0272_002   1.181  -1.627  -0.447
CYS01A0273_001  -0.002   0.000  -0.002
CYS01A0273_002  -0.002   0.000  -0.002
CYS01A0273_003  -0.002   0.000  -0.002
CYS-1A0273_004   0.000   0.000   0.000
TRP01A0274_001   2.818   0.000   2.818
GLN01A0275_001   0.757  -2.023  -1.266
GLN01A0275_002   0.841  -2.008  -1.167
HIS01A0276_001  -0.118  -5.206  -5.324
HIS01A0276_002  -0.058  -4.788  -4.846
HIS02A0276_003  -0.138  -5.206  -5.345
HIS02A0276_004  -0.070  -4.788  -4.858
HIS+1A0276_005  -0.165  -5.206  -5.371
HIS+1A0276_006  -0.096  -4.788  -4.884
GLN01A0277_001   1.343  -2.671  -1.328
GLN01A0277_002   0.935  -2.692  -1.757
PRO01A0278_001   0.253  -1.725  -1.472
GLU01A0279_001   2.104  -2.897  -0.792
GLU01A0279_002   2.104  -2.897  -0.792
GLU02A0279_003   1.796  -2.990  -1.194
GLU02A0279_004   1.796  -2.990  -1.194
GLU-1A0279_005   1.703  -2.836  -1.133
ASP01A0280_001   0.104  -2.555  -2.451
ASP01A0280_002   0.104  -2.555  -2.451
ASP02A0280_003   0.177  -2.362  -2.184
ASP02A0280_004   0.177  -2.362  -2.184
ASP-1A0280_005   0.098  -2.459  -2.361
ARG01A0281_001   1.792   0.000   1.792
ARG02A0281_002   1.752   0.000   1.752
ARG02A0281_003   1.805   0.000   1.805
ARG03A0281_004   1.747   0.000   1.747
ARG03A0281_005   1.752   0.000   1.752
ARG+1A0281_006   1.707   0.000   1.707
PRO01A0282_001   0.216  -0.203   0.014
ASN01A0283_001   0.357  -1.929  -1.572
PHE01A0284_001   4.490   0.000   4.490
ALA01A0285_001   0.000  -2.453  -2.453
ILE01A0286_001   2.211  -4.085  -1.874
ILE01A0287_001   2.012   0.000   2.012
LEU01A0288_001   1.828  -1.185   0.644
GLU01A0289_001   2.129  -3.113  -0.984
GLU01A0289_002   2.129  -3.113  -0.984
GLU02A0289_003   1.693  -3.033  -1.339
GLU02A0289_004   1.693  -3.033  -1.339
GLU-1A0289_005   1.628  -2.950  -1.322
ARG01A0290_001   1.082  -5.036  -3.954
ARG02A0290_002   1.103  -5.036  -3.933
ARG03A0290_003   1.042  -5.036  -3.994
ARG+1A0290_004   0.999  -5.036  -4.037
ILE01A0291_001   2.408   0.000   2.408
GLU01A0292_001   1.496  -2.350  -0.853
GLU01A0292_002   1.496  -2.350  -0.853
GLU02A0292_003   1.299  -2.415  -1.117
GLU02A0292_004   1.299  -2.415  -1.117
GLU-1A0292_005   1.203  -2.243  -1.040
TYR01A0293_001   4.411  -9.977  -5.566
TYR-1A0293_002   4.411  -9.977  -5.566
CYS01A0294_001  -0.002   0.000  -0.002
CYS01A0294_002  -0.002   0.000  -0.002
CYS01A0294_003  -0.002   0.000  -0.002
CYS-1A0294_004   0.000   0.000   0.000
THR01A0295_001   0.207  -0.930  -0.723
THR01A0295_002   0.207  -0.930  -0.723
THR01A0295_003   0.207  -0.930  -0.723
GLN01A0296_001   0.757  -3.016  -2.260
GLN01A0296_002   0.819  -2.816  -1.996
ASP01A0297_001   0.080  -1.234  -1.154
ASP01A0297_002   0.080  -1.234  -1.154
ASP02A0297_003   0.151  -1.033  -0.881
ASP02A0297_004   0.151  -1.033  -0.881
ASP-1A0297_005   0.076  -1.068  -0.992
PRO01A0298_001   0.226  -5.323  -5.096
ASP01A0299_001   0.099  -3.407  -3.308
ASP01A0299_002   0.099  -3.407  -3.308
ASP02A0299_003   0.172  -3.513  -3.341
ASP02A0299_004   0.172  -3.513  -3.341
ASP-1A0299_005   0.093  -3.316  -3.223
VAL01A0300_001   0.623   0.000   0.623
ILE01A0301_001   3.997  -2.331   1.666
ASN01A0302_001   0.303  -3.075  -2.771
ASN01A0302_002   0.099  -3.183  -3.084
THR01A0303_001   0.187  -1.950  -1.763
ALA01A0304_001   0.000  -4.118  -4.118
LEU01A0305_001   1.740  -0.103   1.637
PRO01A0306_001   0.227  -1.149  -0.922
ILE01A0307_001   3.316  -4.288  -0.973
GLU01A0308_001   0.704  -1.729  -1.025
GLU01A0308_002   0.704  -1.729  -1.025
GLU02A0308_003   0.661  -1.691  -1.031
GLU02A0308_004   0.661  -1.691  -1.031
GLU-1A0308_005   0.550  -1.731  -1.181
TYR01A0309_001   4.462 -11.722  -7.260
TYR01A0309_002   4.462 -11.722  -7.260
TYR-1A0309_003   4.462 -11.722  -7.260
VGH21B0001_001 637.128  -9.125 628.003
VGH21B0001_002 637.118  -9.125 627.993
VGH11B0001_003 636.789  -9.125 627.663
VGH01B0001_004 635.904  -8.999 626.905
VGH12B0001_005 635.948  -9.093 626.855
