  pH           7
ASP-A0007_ -1.00
TYR-A0008_ -0.00
TYR-A0012_ -0.00
CYS-A0013_ -0.02
LYS+A0017_  1.00
ASP-A0023_ -1.00
LYS+A0025_  1.00
GLU-A0026_ -1.00
ARG+A0029_  1.00
LYS+A0030_  0.99
ARG+A0036_  1.00
HIS+A0040_  0.37
GLU-A0045_ -1.00
TYR-A0047_ -0.00
GLU-A0048_ -1.00
ASP-A0057_ -1.00
LYS+A0066_  1.00
GLU-A0070_ -1.00
CYS-A0072_ -0.00
GLU-A0074_ -1.00
ASP-A0076_ -0.99
GLU-A0077_ -1.00
ASP-A0079_ -1.00
GLU-A0083_ -1.00
LYS+A0089_  1.00
HIS+A0092_  0.00
ARG+A0097_  1.00
CYS-A0098_ -0.00
ARG+A0108_  1.00
GLU-A0113_ -1.00
ASP-A0119_ -1.00
LYS+A0121_  1.00
ARG+A0125_  1.00
GLU-A0126_ -1.00
ARG+A0128_  1.00
ARG+A0130_  1.00
ASP-A0141_ -1.00
HIS+A0144_  0.31
ARG+A0147_  1.00
ASP-A0148_ -0.88
CYS-A0151_ -0.00
CYS-A0153_ -0.00
TYR-A0155_ -0.00
GLU-A0157_ -1.00
GLU-A0158_ -0.99
HIS+A0160_  0.51
HIS+A0163_  0.00
ARG+A0164_  1.00
ASP-A0165_ -1.00
ARG+A0169_  1.00
CYS-A0171_ -0.00
CYS-A0175_ -0.01
ARG+A0180_  1.00
LYS+A0183_  1.00
ASP-A0186_ -1.00
ARG+A0191_  1.00
ASP-A0192_ -1.00
TYR-A0194_ -0.00
ARG+A0195_  1.00
TYR-A0198_ -0.00
TYR-A0199_ -0.03
ARG+A0200_  1.00
LYS+A0201_  1.00
CYS-A0204_ -0.00
LYS+A0210_  0.99
GLU-A0215_ -1.00
GLU-A0219_ -1.00
LYS+A0225_  1.00
ASP-A0227_ -1.00
GLU-A0237_ -0.99
TYR-A0243_ -0.00
TYR-A0246_ -0.00
LYS+A0249_  1.00
GLU-A0253_ -1.00
GLU-A0256_ -1.00
ARG+A0263_  1.00
ASP-A0265_ -1.00
LYS+A0268_  1.00
CYS-A0270_ -0.00
TYR-A0275_ -0.00
ARG+A0276_  1.00
CYS-A0281_ -0.00
HIS+A0284_  0.00
GLU-A0287_ -1.00
ASP-A0288_ -1.00
ARG+A0289_  1.00
GLU-A0297_ -1.00
ARG+A0298_  1.00
GLU-A0300_ -1.00
TYR-A0301_ -0.00
CYS-A0302_ -0.00
ASP-A0305_ -1.00
ASP-A0307_ -1.00
GLU-A0316_ -1.00
TYR-A0317_ -0.02
EMH+B0001_  0.00
----------
Net_Charge -4.75
Protons    -4.75
Electrons   0.00
