iConf CONFORMER     FL  occ    crg   Em0  pKa0 ne nH    vdw0    vdw1    tors    epol   dsolv   extra    history
00001 ASP01A0001_001 f 0.00  0.000     0  0.00  0  0  -1.679  -1.847   3.717   0.122  -0.086   0.000 01O000M000t
00002 ASP01A0001_002 f 0.00  0.000     0  0.00  0  0  -1.679  -1.847   0.997   0.159   1.234   0.000 01O000M000t
00003 ASP02A0001_003 f 0.00  0.000     0  0.00  0  0  -1.479  -1.849   3.717   0.295   0.028   0.000 02O000M000t
00004 ASP02A0001_004 f 0.00  0.000     0  0.00  0  0  -1.479  -1.849   0.997   0.656   1.492   0.000 02O000M000t
00005 ASP-1A0001_005 f 0.00 -1.000     0  4.75  0 -1  -1.592  -1.859   0.997  -2.361   2.240   0.000 -1O000M000t
00006 TRP01A0002_001 f 0.00  0.000     0  0.00  0  0  -2.388  -4.084   0.029   0.000   0.000   0.000 01O000M000t
00007 GLU01A0003_001 f 0.00  0.000     0  0.00  0  0  -0.368  -2.834   3.305   0.260   0.330   0.000 01O000M000t
00008 GLU01A0003_002 f 0.00  0.000     0  0.00  0  0  -0.368  -2.834   0.585   0.044   0.711   0.000 01O000M000t
00009 GLU02A0003_003 f 0.00  0.000     0  0.00  0  0  -0.551  -2.843   3.305   0.368   0.002   0.000 02O000M000t
00010 GLU02A0003_004 f 0.00  0.000     0  0.00  0  0  -0.551  -2.843   0.585   0.086   0.544   0.000 02O000M000t
00011 GLU-1A0003_005 f 0.00 -1.000     0  4.75  0 -1  -0.573  -2.802   0.585  -0.679   0.753   0.000 -1O000M000t
00012 ILE01A0004_001 f 0.00  0.000     0  0.00  0  0   2.901  -3.824   0.417   0.000   0.000   0.000 01O000M000t
00013 PRO01A0005_001 f 0.00  0.000     0  0.00  0  0  -4.500  -1.294   0.000   0.000   0.000   0.000 01O000M000t
00014 ASP01A0006_001 f 0.00  0.000     0  0.00  0  0  -1.932  -1.427   3.057   1.342   0.602   0.000 01O000M000t
00015 ASP01A0006_002 f 0.00  0.000     0  0.00  0  0  -1.932  -1.427   0.337   0.223   0.844   0.000 01O000M000t
00016 ASP02A0006_003 f 0.00  0.000     0  0.00  0  0  -1.939  -1.906   3.057   0.019  -0.001   0.000 02O000M000t
00017 ASP02A0006_004 f 0.00  0.000     0  0.00  0  0  -1.939  -1.906   0.337  -0.020   1.199   0.000 02O000M000t
00018 ASP-1A0006_005 f 0.00 -1.000     0  4.75  0 -1  -1.965  -1.847   0.337  -1.449   1.785   0.000 -1O000M000t
00019 GLN01A0008_001 f 0.00  0.000     0  0.00  0  0  -0.656  -3.549   0.585  -0.171   0.874   0.000 01O000M000t
00020 ILE01A0009_001 f 0.00  0.000     0  0.00  0  0   3.184  -3.118   0.659   0.000   0.000   0.000 01O000M000t
00021 THR01A0010_001 f 0.00  0.000     0  0.00  0  0  -4.674  -1.440   0.403  -0.219  -0.110   0.000 01O000M000t
00022 VAL01A0011_001 f 0.00  0.000     0  0.00  0  0  -1.771  -1.193   0.018   0.000   0.000   0.000 01O000M000t
00023 GLN01A0013_001 f 0.00  0.000     0  0.00  0  0  -2.072  -0.640   3.162   0.032   0.181   0.000 01O000M000t
00024 GLN01A0013_002 f 0.00  0.000     0  0.00  0  0  -1.838  -0.614   3.174   0.142  -0.278   0.000 01R001M000t
00025 ARG01A0014_001 f 0.00  0.000     0  0.00  0  0  -5.821  -4.661   1.003  -0.359   1.203   0.000 01O000M000t
00026 ARG02A0014_002 f 0.00  0.000     0  0.00  0  0  -5.739  -4.637   1.003  -0.279   2.112   0.000 02O000M000t
00027 ARG03A0014_003 f 0.00  0.000     0  0.00  0  0  -5.841  -4.644   1.003  -0.225   2.194   0.000 03O000M000t
00028 ARG+1A0014_004 f 0.00  1.000     0 12.50  0  1  -5.880  -4.672   1.003   0.421   1.739   0.000 +1O000M000t
00029 ILE01A0015_001 f 0.00  0.000     0  0.00  0  0  -0.543   1.857   1.304   0.000   0.000   0.000 01O000M000t
00030 SER01A0017_001 f 0.00  0.000     0  0.00  0  0  -0.482  19.259   0.561   0.001   0.675   0.000 01O000M000t
00031 SER01A0017_002 f 0.00  0.000     0  0.00  0  0  -0.482  19.259   0.561  -0.671   0.575   0.000 01O000M000t
00032 SER01A0019_001 f 0.00  0.000     0  0.00  0  0  -0.120   8.462   0.452  -1.358   0.268   0.000 01O000M000t
00033 SER01A0019_002 f 0.00  0.000     0  0.00  0  0  -0.120   8.462   0.452   0.476   0.575   0.000 01O000M000t
00034 SER01A0019_003 f 0.00  0.000     0  0.00  0  0  -0.120   8.462   0.077  -0.664   1.089   0.000 01O000M000t
00035 PHE01A0020_001 f 0.00  0.000     0  0.00  0  0   1.105 556.051   0.027   0.000   0.000   0.000 01O000M000t
00036 THR01A0022_001 f 0.00  0.000     0  0.00  0  0  -0.311  -2.475   0.381   0.049   1.485   0.000 01O000M000t
00037 VAL01A0023_001 f 0.00  0.000     0  0.00  0  0   0.672  -1.337   0.030   0.000   0.000   0.000 01O000M000t
00038 TYR01A0024_001 f 0.00  0.000     0  0.00  0  0   1.253  -9.630   0.069   0.153   0.842   0.000 01O000M000t
00039 TYR-1A0024_002 f 0.00 -1.000     0 10.20  0 -1   1.253  -9.630   0.069  -0.347   2.824   0.000 -1O000M000t
00040 LYS01A0025_001 f 0.00  0.000     0  0.00  0  0  -2.471  -3.267   1.057  -0.049   0.037   0.000 01O000M000t
00041 LYS+1A0025_002 f 0.00  1.000     0 10.40  0  1  -2.516  -3.271   1.057   0.328   0.850   0.000 +1O000M000t
00042 LYS01A0027_001 f 0.00  0.000     0  0.00  0  0  -3.808  -2.891   1.900  -0.087   0.296   0.000 01O000M000t
00043 LYS+1A0027_002 f 0.00  1.000     0 10.40  0  1  -3.878  -2.905   1.900  -0.061   1.737   0.000 +1O000M000t
00044 TRP01A0028_001 f 0.00  0.000     0  0.00  0  0   0.680  -5.306   0.142   0.000   0.000   0.000 01O000M000t
00045 HIS01A0029_001 f 0.00  0.000     0  0.00  0  0  -7.552  -0.201   0.063   0.090   0.787   0.000 01O000M000t
00046 HIS01A0029_002 f 0.00  0.000     0  0.00  0  0  -7.702  -0.171   0.063   0.296   0.685   0.000 01R001M000t
00047 HIS02A0029_003 f 0.00  0.000     0  0.00  0  0  -7.568  -0.242   0.063   0.149   0.511   0.000 02O000M000t
00048 HIS02A0029_004 f 0.00  0.000     0  0.00  0  0  -7.716  -0.187   0.063   0.071   0.545   0.000 02R001M000t
00049 HIS+1A0029_005 f 0.00  1.000     0  6.98  0  1  -7.595  -0.246   0.063   0.286   0.645   0.000 +1O000M000t
00050 HIS+1A0029_006 f 0.00  1.000     0  6.98  0  1  -7.742  -0.192   0.063   0.211   0.774   0.000 +1R001M000t
00051 ASP01A0031_001 f 0.00  0.000     0  0.00  0  0  -1.481   0.656   2.751   0.424   0.740   0.000 01O000M000t
00052 ASP01A0031_002 f 0.00  0.000     0  0.00  0  0  -1.481   0.656   0.031   0.245   0.826   0.000 01O000M000t
00053 ASP02A0031_003 f 0.00  0.000     0  0.00  0  0  -1.527  -0.098   2.751   0.374   0.687   0.000 02O000M000t
00054 ASP02A0031_004 f 0.00  0.000     0  0.00  0  0  -1.527  -0.098   0.031   0.198   0.879   0.000 02O000M000t
00055 ASP-1A0031_005 f 0.00 -1.000     0  4.75  0 -1  -1.563  -0.055   0.031  -0.542   2.030   0.000 -1O000M000t
00056 VAL01A0032_001 f 0.00  0.000     0  0.00  0  0   0.656  -4.167   0.048   0.000   0.000   0.000 01O000M000t
00057 ALA01A0033_001 f 0.00  0.000     0  0.00  0  0   0.000  -1.891   0.000   0.000   0.000   0.000 01O000M000t
00058 VAL01A0034_001 f 0.00  0.000     0  0.00  0  0   0.532  -2.393   0.174   0.000   0.000   0.000 01O000M000t
00059 LYS01A0035_001 f 0.00  0.000     0  0.00  0  0   1.811 746.142   1.440   1.980   1.488   0.000 01O000M000t
00060 LYS+1A0035_002 f 0.00  1.000     0 10.40  0  1   1.762 999.000   1.440  -6.828  15.146   0.000 +1O000M000t
00061 MET01A0036_001 f 0.00  0.000     0  0.00  0  0  -1.221  -3.966   1.338  -0.056   0.081   0.000 01O000M000t
00062 LEU01A0037_001 f 0.00  0.000     0  0.00  0  0   1.301  -4.074   2.503   0.000   0.000   0.000 01O000M000t
00063 ASN01A0038_001 f 0.00  0.000     0  0.00  0  0  -2.086   0.745   1.557   0.025   0.136   0.000 01O000M000t
00064 ASN01A0038_002 f 0.00  0.000     0  0.00  0  0  -2.372   0.782   1.585   0.482  -0.053   0.000 01R001M000t
00065 VAL01A0039_001 f 0.00  0.000     0  0.00  0  0  -0.949  -1.247   0.000   0.000   0.000   0.000 01O000M000t
00066 THR01A0040_001 f 0.00  0.000     0  0.00  0  0  -5.812  -0.293   0.445  -0.138  -0.195   0.000 01O000M000t
00067 THR01A0040_002 f 0.00  0.000     0  0.00  0  0  -5.812  -0.293   0.445  -0.092   0.463   0.000 01O000M000t
00068 ALA01A0041_001 f 0.00  0.000     0  0.00  0  0  -4.304   2.717   0.000   0.000   0.000   0.000 01O000M000t
00069 PRO01A0042_001 f 0.00  0.000     0  0.00  0  0  -1.046  -2.010   0.000   0.000   0.000   0.000 01O000M000t
00070 THR01A0043_001 f 0.00  0.000     0  0.00  0  0  -3.267  -1.886   0.486   1.773   1.428   0.000 01O000M000t
00071 THR01A0043_002 f 0.00  0.000     0  0.00  0  0  -3.267  -1.886   0.111  -1.574   0.292   0.000 01O000M000t
00072 PRO01A0044_001 f 0.00  0.000     0  0.00  0  0  -6.108  -0.834   0.000   0.000   0.000   0.000 01O000M000t
00073 GLN01A0045_001 f 0.00  0.000     0  0.00  0  0  -1.734  -2.019   1.616   0.158   0.216   0.000 01O000M000t
00074 GLN01A0045_002 f 0.00  0.000     0  0.00  0  0  -2.200  -2.053   1.615  -0.437   0.148   0.000 01R001M000t
00075 GLN01A0046_001 f 0.00  0.000     0  0.00  0  0  -1.507  -4.200   0.880  -1.228   0.882   0.000 01O000M000t
00076 GLN01A0046_002 f 0.00  0.000     0  0.00  0  0  -1.036  -3.839   0.885   2.793   0.837   0.000 01R001M000t
00077 LEU01A0047_001 f 0.00  0.000     0  0.00  0  0  -2.231  -2.307   2.209   0.000   0.000   0.000 01O000M000t
00078 GLN01A0048_001 f 0.00  0.000     0  0.00  0  0  -2.352  -3.616   0.568   0.015   0.565   0.000 01O000M000t
00079 GLN01A0048_002 f 0.00  0.000     0  0.00  0  0  -1.919  -3.346   0.563   0.301   0.066   0.000 01R001M000t
00080 ALA01A0049_001 f 0.00  0.000     0  0.00  0  0  -2.917  -1.264   0.000   0.000   0.000   0.000 01O000M000t
00081 PHE01A0050_001 f 0.00  0.000     0  0.00  0  0   4.250  -6.217   0.003   0.000   0.000   0.000 01O000M000t
00082 LYS01A0051_001 f 0.00  0.000     0  0.00  0  0  -4.767  -3.184   1.567  -0.024   0.065   0.000 01O000M000t
00083 LYS+1A0051_002 f 0.00  1.000     0 10.40  0  1  -4.814  -3.187   1.567   0.328   0.295   0.000 +1O000M000t
00084 ASN01A0052_001 f 0.00  0.000     0  0.00  0  0  -2.430  -2.967   1.410   0.311   0.348   0.000 01O000M000t
00085 ASN01A0052_002 f 0.00  0.000     0  0.00  0  0  -2.508  -2.250   1.393   0.289   0.012   0.000 01R001M000t
00086 GLU01A0053_001 f 0.00  0.000     0  0.00  0  0  -0.286  -2.865   3.276   0.289   0.509   0.000 01O000M000t
00087 GLU01A0053_002 f 0.00  0.000     0  0.00  0  0  -0.286  -2.865   0.556   0.113   1.313   0.000 01O000M000t
00088 GLU02A0053_003 f 0.00  0.000     0  0.00  0  0  -0.473  -2.877   3.276  -0.248   0.335   0.000 02O000M000t
00089 GLU02A0053_004 f 0.00  0.000     0  0.00  0  0  -0.473  -2.877   0.556  -0.027   1.350   0.000 02O000M000t
00090 GLU-1A0053_005 f 0.00 -1.000     0  4.75  0 -1  -0.493  -2.818   0.556  -0.355   2.545   0.000 -1O000M000t
00091 VAL01A0054_001 f 0.00  0.000     0  0.00  0  0   0.592  -0.251   0.351   0.000   0.000   0.000 01O000M000t
00092 VAL01A0056_001 f 0.00  0.000     0  0.00  0  0  -2.728   1.235   0.134   0.000   0.000   0.000 01O000M000t
00093 LEU01A0057_001 f 0.00  0.000     0  0.00  0  0   1.441  -3.226   0.475   0.000   0.000   0.000 01O000M000t
00094 ARG01A0058_001 f 0.00  0.000     0  0.00  0  0  -5.544  -3.520   0.723   0.038   0.725   0.000 01O000M000t
00095 ARG02A0058_002 f 0.00  0.000     0  0.00  0  0  -5.541  -3.538   0.723  -0.167   1.301   0.000 02O000M000t
00096 ARG03A0058_003 f 0.00  0.000     0  0.00  0  0  -5.604  -3.540   0.723  -0.030   1.565   0.000 03O000M000t
00097 ARG+1A0058_004 f 0.00  1.000     0 12.50  0  1  -5.643  -3.548   0.723   0.210   1.386   0.000 +1O000M000t
00098 LYS01A0059_001 f 0.00  0.000     0  0.00  0  0  -5.619  -2.295   1.637   0.085   0.085   0.000 01O000M000t
00099 LYS+1A0059_002 f 0.00  1.000     0 10.40  0  1  -5.664  -2.305   1.637  -0.681   0.036   0.000 +1O000M000t
00100 THR01A0060_001 f 0.00  0.000     0  0.00  0  0   0.168   0.614   0.903  -1.900   1.675   0.000 01O000M000t
00101 THR01A0060_002 f 0.00  0.000     0  0.00  0  0   0.168   0.614   0.528   0.280   1.311   0.000 01O000M000t
00102 ARG01A0061_001 f 0.00  0.000     0  0.00  0  0  -7.496  -1.077   1.608   0.169   0.127   0.000 01O000M000t
00103 ARG02A0061_002 f 0.00  0.000     0  0.00  0  0  -7.508  -1.080   1.608   0.108   1.349   0.000 02O000M000t
00104 ARG03A0061_003 f 0.00  0.000     0  0.00  0  0  -7.516  -1.081   1.608   0.109   1.260   0.000 03O000M000t
00105 ARG+1A0061_004 f 0.00  1.000     0 12.50  0  1  -7.556  -1.082   1.608  -0.540   0.438   0.000 +1O000M000t
00106 HIS01A0062_001 f 0.00  0.000     0  0.00  0  0  -2.081  -6.129   0.502  -1.900   2.445   0.000 01O000M000t
00107 HIS01A0062_002 f 0.00  0.000     0  0.00  0  0  -2.017  -0.383   0.502   1.295   2.026   0.000 01R001M000t
00108 HIS02A0062_003 f 0.00  0.000     0  0.00  0  0  -2.100  -6.314   0.502   2.696   1.678   0.000 02O000M000t
00109 HIS02A0062_004 f 0.00  0.000     0  0.00  0  0  -2.030  -0.355   0.502   0.757   1.940   0.000 02R001M000t
00110 HIS+1A0062_005 f 0.00  1.000     0  6.98  0  1  -2.127  -6.335   0.502   5.416   4.558   0.000 +1O000M000t
00111 HIS+1A0062_006 f 0.00  1.000     0  6.98  0  1  -2.057  -0.409   0.502   3.924   3.703   0.000 +1R001M000t
00112 VAL01A0063_001 f 0.00  0.000     0  0.00  0  0  -5.288   2.100   0.405   0.000   0.000   0.000 01O000M000t
00113 ASN01A0064_001 f 0.00  0.000     0  0.00  0  0  -0.188  -4.340   0.543  -1.221   2.259   0.000 01O000M000t
00114 ASN01A0064_002 f 0.00  0.000     0  0.00  0  0   0.023  -5.085   0.505   1.039   2.288   0.000 01R001M000t
00115 ILE01A0065_001 f 0.00  0.000     0  0.00  0  0   1.650  -2.449   0.441   0.000   0.000   0.000 01O000M000t
00116 LEU01A0066_001 f 0.00  0.000     0  0.00  0  0   1.892  -5.465   0.458   0.000   0.000   0.000 01O000M000t
00117 LEU01A0067_001 f 0.00  0.000     0  0.00  0  0  -2.494  -1.913   0.407   0.000   0.000   0.000 01O000M000t
00118 PHE01A0068_001 f 0.00  0.000     0  0.00  0  0   4.186  -9.500   0.234   0.000   0.000   0.000 01O000M000t
00119 MET01A0069_001 f 0.00  0.000     0  0.00  0  0  -1.163  -5.868   0.754   0.006   0.055   0.000 01O000M000t
00120 TYR01A0071_001 f 0.00  0.000     0  0.00  0  0   3.513  -9.235   0.133   0.270   1.359   0.000 01O000M000t
00121 TYR01A0071_002 f 0.00  0.000     0  0.00  0  0   3.513  -9.235   0.133  -0.102   1.327   0.000 01O000M000t
00122 TYR-1A0071_003 f 0.00 -1.000     0 10.20  0 -1   3.513  -9.235   0.133  -1.631   5.443   0.000 -1O000M000t
00123 SER01A0072_001 f 0.00  0.000     0  0.00  0  0  -0.120  -2.735   0.769  -0.402   1.134   0.000 01O000M000t
00124 THR01A0073_001 f 0.00  0.000     0  0.00  0  0  -0.724  -0.773   0.392   0.257   0.854   0.000 01O000M000t
00125 THR01A0073_002 f 0.00  0.000     0  0.00  0  0  -0.724  -0.773   0.017  -0.777   0.154   0.000 01O000M000t
00126 LYS01A0074_001 f 0.00  0.000     0  0.00  0  0  -8.858  -1.565   0.816  -0.020   0.108   0.000 01O000M000t
00127 LYS+1A0074_002 f 0.00  1.000     0 10.40  0  1  -8.903  -1.566   0.816   0.221  -0.250   0.000 +1O000M000t
00128 PRO01A0075_001 f 0.00  0.000     0  0.00  0  0  -5.280  -0.860   0.000   0.000   0.000   0.000 01O000M000t
00129 GLN01A0076_001 f 0.00  0.000     0  0.00  0  0  -0.439  -2.927   2.080  -0.225   1.213   0.000 01O000M000t
00130 GLN01A0076_002 f 0.00  0.000     0  0.00  0  0  -0.091  -3.094   2.070   0.038   0.837   0.000 01R001M000t
00131 LEU01A0077_001 f 0.00  0.000     0  0.00  0  0   1.436  -4.052   0.445   0.000   0.000   0.000 01O000M000t
00132 ALA01A0078_001 f 0.00  0.000     0  0.00  0  0  -0.119  -1.433   0.000   0.000   0.000   0.000 01O000M000t
00133 ILE01A0079_001 f 0.00  0.000     0  0.00  0  0   4.656  -2.229   0.435   0.000   0.000   0.000 01O000M000t
00134 VAL01A0080_001 f 0.00  0.000     0  0.00  0  0   0.613  -3.497   0.381   0.000   0.000   0.000 01O000M000t
00135 THR01A0081_001 f 0.00  0.000     0  0.00  0  0   0.217  -1.219   0.607  -0.064   1.993   0.000 01O000M000t
00136 THR01A0081_002 f 0.00  0.000     0  0.00  0  0   0.217  -1.219   0.607  -1.196   1.987   0.000 01O000M000t
00137 GLN01A0082_001 f 0.00  0.000     0  0.00  0  0   0.360  -3.158   1.324  -0.605   2.036   0.000 01O000M000t
00138 GLN01A0082_002 f 0.00  0.000     0  0.00  0  0   0.046  -3.192   1.339   1.280   1.683   0.000 01R001M000t
00139 TRP01A0083_001 f 0.00  0.000     0  0.00  0  0   1.456 -10.347   0.040   0.000   0.000   0.000 01O000M000t
00140 CYS01A0084_001 f 0.00  0.000     0  0.00  0  0  -0.002  -2.493   0.013  -0.414   0.554   0.000 01O000M000t
00141 CYS01A0084_002 f 0.00  0.000     0  0.00  0  0  -0.002  -2.514   0.013   0.008   0.956   0.000 01O000M000t
00142 CYS01A0084_003 f 0.00  0.000     0  0.00  0  0  -0.002  -2.489   0.013  -0.227   0.911   0.000 01O000M000t
00143 CYS-1A0084_004 f 0.00 -1.000     0  9.10  0 -1   0.000  -2.447   0.013  -3.808   9.628   0.000 -1O000M000t
00144 GLU01A0085_001 f 0.00  0.000     0  0.00  0  0  -1.063  -1.314   3.752   0.657   0.865   0.000 01O000M000t
00145 GLU01A0085_002 f 0.00  0.000     0  0.00  0  0  -1.063  -1.314   1.032   0.071   0.772   0.000 01O000M000t
00146 GLU02A0085_003 f 0.00  0.000     0  0.00  0  0  -1.440  -1.524   3.752   0.045  -0.215   0.000 02O000M000t
00147 GLU02A0085_004 f 0.00  0.000     0  0.00  0  0  -1.440  -1.524   1.032   0.024   0.831   0.000 02O000M000t
00148 GLU-1A0085_005 f 0.00 -1.000     0  4.75  0 -1  -1.405  -1.500   1.032  -0.567   1.018   0.000 -1O000M000t
00149 SER01A0087_001 f 0.00  0.000     0  0.00  0  0  -1.789  -1.184   0.604  -0.490   0.713   0.000 01O000M000t
00150 SER01A0087_002 f 0.00  0.000     0  0.00  0  0  -1.789  -1.184   0.229  -0.624   0.717   0.000 01O000M000t
00151 SER01A0088_001 f 0.00  0.000     0  0.00  0  0  -0.601  -3.397   0.969  -1.041   0.637   0.000 01O000M000t
00152 LEU01A0089_001 f 0.00  0.000     0  0.00  0  0   1.763  -1.589   0.399   0.000   0.000   0.000 01O000M000t
00153 TYR01A0090_001 f 0.00  0.000     0  0.00  0  0  -0.549  -3.930   0.088   0.628   0.507   0.000 01O000M000t
00154 TYR-1A0090_002 f 0.00 -1.000     0 10.20  0 -1  -0.549  -3.930   0.088  -0.897   1.673   0.000 -1O000M000t
00155 HIS01A0091_001 f 0.00  0.000     0  0.00  0  0  -5.251  -4.474   0.228   0.066   1.604   0.000 01O000M000t
00156 HIS01A0091_002 f 0.00  0.000     0  0.00  0  0  -5.051  -4.539   0.228   0.571   0.877   0.000 01R001M000t
00157 HIS02A0091_003 f 0.00  0.000     0  0.00  0  0  -5.270  -4.545   0.228   0.538   1.324   0.000 02O000M000t
00158 HIS02A0091_004 f 0.00  0.000     0  0.00  0  0  -5.063  -4.544   0.228   0.436   0.758   0.000 02R001M000t
00159 HIS+1A0091_005 f 0.00  1.000     0  6.98  0  1  -5.297  -4.553   0.228   1.954   1.834   0.000 +1O000M000t
00160 HIS+1A0091_006 f 0.00  1.000     0  6.98  0  1  -5.090  -4.561   0.228   1.807   0.669   0.000 +1R001M000t
00161 HIS01A0092_001 f 0.00  0.000     0  0.00  0  0  -1.178  -5.685   1.350   0.175   2.932   0.000 01O000M000t
00162 HIS02A0092_002 f 0.00  0.000     0  0.00  0  0  -1.196  -5.703   1.350   0.422   2.924   0.000 02O000M000t
00163 HIS+1A0092_003 f 0.00  1.000     0  6.98  0  1  -1.223  -5.735   1.350   1.672   6.521   0.000 +1O000M000t
00164 LEU01A0093_001 f 0.00  0.000     0  0.00  0  0   1.391  -5.439   0.522   0.000   0.000   0.000 01O000M000t
00165 HIS01A0094_001 f 0.00  0.000     0  0.00  0  0  -1.405  -5.344   1.090   1.239   1.949   0.000 01O000M000t
00166 HIS02A0094_002 f 0.00  0.000     0  0.00  0  0  -1.422  -5.416   1.090  -0.744   2.966   0.000 02O000M000t
00167 HIS+1A0094_003 f 0.00  1.000     0  6.98  0  1  -1.449  -5.448   1.090   2.359   6.211   0.000 +1O000M000t
00168 ALA01A0095_001 f 0.00  0.000     0  0.00  0  0  -1.391   4.170   0.000   0.000   0.000   0.000 01O000M000t
00169 SER01A0096_001 f 0.00  0.000     0  0.00  0  0  -1.490  -2.457   0.391  -0.718   0.458   0.000 01O000M000t
00170 SER01A0096_002 f 0.00  0.000     0  0.00  0  0  -1.490  -2.457   0.016  -0.576   0.268   0.000 01O000M000t
00171 GLU01A0097_001 f 0.00  0.000     0  0.00  0  0  -3.424  -0.598   4.201   0.028  -0.342   0.000 01O000M000t
00172 GLU01A0097_002 f 0.00  0.000     0  0.00  0  0  -3.424  -0.598   1.481   0.100   0.679   0.000 01O000M000t
00173 GLU02A0097_003 f 0.00  0.000     0  0.00  0  0  -3.418  -0.580   4.201   0.036  -0.660   0.000 02O000M000t
00174 GLU02A0097_004 f 0.00  0.000     0  0.00  0  0  -3.418  -0.580   1.481   0.097   0.321   0.000 02O000M000t
00175 GLU-1A0097_005 f 0.00 -1.000     0  4.75  0 -1  -3.424  -0.551   1.481   0.405  -0.074   0.000 -1O000M000t
00176 THR01A0098_001 f 0.00  0.000     0  0.00  0  0  -2.142  -1.946   0.860  -0.483   0.906   0.000 01O000M000t
00177 THR01A0098_002 f 0.00  0.000     0  0.00  0  0  -2.142  -1.946   0.860   0.572   1.642   0.000 01O000M000t
00178 THR01A0098_003 f 0.00  0.000     0  0.00  0  0  -2.142  -1.946   0.485  -0.478   1.368   0.000 01O000M000t
00179 LYS01A0099_001 f 0.00  0.000     0  0.00  0  0 -10.270  -0.349   0.825   0.015  -0.093   0.000 01O000M000t
00180 LYS+1A0099_002 f 0.00  1.000     0 10.40  0  1 -10.315  -0.350   0.825  -0.148  -0.212   0.000 +1O000M000t
00181 PHE01A0100_001 f 0.00  0.000     0  0.00  0  0   2.931  -4.492   0.002   0.000   0.000   0.000 01O000M000t
00182 GLU01A0101_001 f 0.00  0.000     0  0.00  0  0  -3.164  -1.188   4.291   0.067  -0.652   0.000 01O000M000t
00183 GLU01A0101_002 f 0.00  0.000     0  0.00  0  0  -3.164  -1.188   1.571   0.039   0.465   0.000 01O000M000t
00184 GLU02A0101_003 f 0.00  0.000     0  0.00  0  0  -3.009  -1.195   4.291   0.187  -0.579   0.000 02O000M000t
00185 GLU02A0101_004 f 0.00  0.000     0  0.00  0  0  -3.009  -1.195   1.571   0.061   0.555   0.000 02O000M000t
00186 GLU-1A0101_005 f 0.00 -1.000     0  4.75  0 -1  -3.134  -1.170   1.571  -0.323  -0.278   0.000 -1O000M000t
00187 MET01A0102_001 f 0.00  0.000     0  0.00  0  0  -0.024  -4.905   0.353  -0.014   0.094   0.000 01O000M000t
00188 LYS01A0103_001 f 0.00  0.000     0  0.00  0  0  -8.680  -1.387   2.014   0.001  -0.021   0.000 01O000M000t
00189 LYS+1A0103_002 f 0.00  1.000     0 10.40  0  1  -8.726  -1.388   2.014  -0.044  -0.489   0.000 +1O000M000t
00190 LYS01A0104_001 f 0.00  0.000     0  0.00  0  0  -2.063  -2.911   1.368   0.175   0.594   0.000 01O000M000t
00191 LYS+1A0104_002 f 0.00  1.000     0 10.40  0  1  -2.107  -2.653   1.368  -1.886   3.095   0.000 +1O000M000t
00192 LEU01A0105_001 f 0.00  0.000     0  0.00  0  0   1.565  -4.712   0.521   0.000   0.000   0.000 01O000M000t
00193 ILE01A0106_001 f 0.00  0.000     0  0.00  0  0   2.309  -2.773   0.680   0.000   0.000   0.000 01O000M000t
00194 ASP01A0107_001 f 0.00  0.000     0  0.00  0  0  -0.823  -2.807   3.674   0.527  -0.156   0.000 01O000M000t
00195 ASP01A0107_002 f 0.00  0.000     0  0.00  0  0  -0.823  -2.807   0.954   0.332   1.032   0.000 01O000M000t
00196 ASP02A0107_003 f 0.00  0.000     0  0.00  0  0  -0.633  -2.903   3.674   0.600   0.908   0.000 02O000M000t
00197 ASP02A0107_004 f 0.00  0.000     0  0.00  0  0  -0.633  -2.903   0.954   0.339   1.201   0.000 02O000M000t
00198 ASP-1A0107_005 f 0.00 -1.000     0  4.75  0 -1  -0.791  -2.841   0.954  -0.296   2.870   0.000 -1O000M000t
00199 ILE01A0108_001 f 0.00  0.000     0  0.00  0  0   2.946  -1.951   0.732   0.000   0.000   0.000 01O000M000t
00200 ALA01A0109_001 f 0.00  0.000     0  0.00  0  0   0.000  -1.062   0.000   0.000   0.000   0.000 01O000M000t
00201 ARG01A0110_001 f 0.00  0.000     0  0.00  0  0  -1.951  -5.537   0.592   0.024   1.491   0.000 01O000M000t
00202 ARG02A0110_002 f 0.00  0.000     0  0.00  0  0  -1.966  -5.552   0.592   0.043   2.196   0.000 02O000M000t
00203 ARG03A0110_003 f 0.00  0.000     0  0.00  0  0  -2.029  -5.568   0.592   0.101   2.383   0.000 03O000M000t
00204 ARG03A0110_004 f 0.00  0.000     0  0.00  0  0  -2.023  -5.561   0.592   0.059   2.220   0.000 03O000M000t
00205 ARG+1A0110_005 f 0.00  1.000     0 12.50  0  1  -2.067  -5.574   0.592   0.074   3.438   0.000 +1O000M000t
00206 GLN01A0111_001 f 0.00  0.000     0  0.00  0  0   0.240  -5.652   1.704  -1.358   1.754   0.000 01O000M000t
00207 GLN01A0111_002 f 0.00  0.000     0  0.00  0  0   0.513  -5.542   1.723   0.623   1.733   0.000 01R001M000t
00208 THR01A0112_001 f 0.00  0.000     0  0.00  0  0   0.157  -2.800   0.530   0.132   1.856   0.000 01O000M000t
00209 THR01A0112_002 f 0.00  0.000     0  0.00  0  0   0.157  -2.800   0.530  -1.256   1.766   0.000 01O000M000t
00210 THR01A0112_003 f 0.00  0.000     0  0.00  0  0   0.157  -2.800   0.155  -0.020   1.972   0.000 01O000M000t
00211 ALA01A0113_001 f 0.00  0.000     0  0.00  0  0   0.000  -1.870   0.000   0.000   0.000   0.000 01O000M000t
00212 ARG01A0114_001 f 0.00  0.000     0  0.00  0  0  -4.010  -3.849   1.017   0.026   1.693   0.000 01O000M000t
00213 ARG02A0114_002 f 0.00  0.000     0  0.00  0  0  -4.051  -3.860   1.017   0.065   2.409   0.000 02O000M000t
00214 ARG03A0114_003 f 0.00  0.000     0  0.00  0  0  -4.055  -3.860   1.017   0.075   2.392   0.000 03O000M000t
00215 ARG03A0114_004 f 0.00  0.000     0  0.00  0  0  -4.051  -3.857   1.017   0.041   2.131   0.000 03O000M000t
00216 ARG+1A0114_005 f 0.00  1.000     0 12.50  0  1  -4.094  -3.863   1.017   0.207   3.235   0.000 +1O000M000t
00217 MET01A0116_001 f 0.00  0.000     0  0.00  0  0   0.557  -4.211   0.230   0.007   0.100   0.000 01O000M000t
00218 ASP01A0117_001 f 0.00  0.000     0  0.00  0  0  -0.908  -2.604   3.253   1.328   1.526   0.000 01O000M000t
00219 ASP01A0117_002 f 0.00  0.000     0  0.00  0  0  -0.908  -2.604   0.533   0.356   1.236   0.000 01O000M000t
00220 ASP02A0117_003 f 0.00  0.000     0  0.00  0  0  -0.901  -3.062   3.253  -0.005   0.903   0.000 02O000M000t
00221 ASP02A0117_004 f 0.00  0.000     0  0.00  0  0  -0.901  -3.062   0.533  -0.117   1.584   0.000 02O000M000t
00222 ASP-1A0117_005 f 0.00 -1.000     0  4.75  0 -1  -0.941  -2.966   0.533  -2.077   3.894   0.000 -1O000M000t
00223 TYR01A0118_001 f 0.00  0.000     0  0.00  0  0   1.361  -7.790   0.101   0.020   1.371   0.000 01O000M000t
00224 TYR01A0118_002 f 0.00  0.000     0  0.00  0  0   1.361  -7.790   0.101   1.392   1.713   0.000 01O000M000t
00225 TYR-1A0118_003 f 0.00 -1.000     0 10.20  0 -1   1.361  -7.790   0.101  -0.301   5.266   0.000 -1O000M000t
00226 LEU01A0119_001 f 0.00  0.000     0  0.00  0  0   1.907  -4.172   1.294   0.000   0.000   0.000 01O000M000t
00227 HIS01A0120_001 f 0.00  0.000     0  0.00  0  0  -0.848  -6.575   0.260   0.717   2.462   0.000 01O000M000t
00228 HIS02A0120_002 f 0.00  0.000     0  0.00  0  0  -0.869  -6.556   0.260  -0.627   3.230   0.000 02O000M000t
00229 HIS+1A0120_003 f 0.00  1.000     0  6.98  0  1  -0.895  -6.608   0.260   2.745   7.475   0.000 +1O000M000t
00230 ALA01A0121_001 f 0.00  0.000     0  0.00  0  0  -2.727  -1.570   0.000   0.000   0.000   0.000 01O000M000t
00231 LYS01A0122_001 f 0.00  0.000     0  0.00  0  0  -3.297  -3.335   2.300   0.295   0.310   0.000 01O000M000t
00232 LYS+1A0122_002 f 0.00  1.000     0 10.40  0  1  -3.346  -3.389   2.300  -1.240   1.027   0.000 +1O000M000t
00233 SER01A0123_001 f 0.00  0.000     0  0.00  0  0  -4.538   0.521   0.714  -0.084  -0.037   0.000 01O000M000t
00234 ILE01A0124_001 f 0.00  0.000     0  0.00  0  0   0.919  -2.686   0.625   0.000   0.000   0.000 01O000M000t
00235 ILE01A0125_001 f 0.00  0.000     0  0.00  0  0   1.602   0.242   1.070   0.000   0.000   0.000 01O000M000t
00236 HIS01A0126_001 f 0.00  0.000     0  0.00  0  0  -0.172  -5.801   0.543  -2.820   3.917   0.000 01O000M000t
00237 HIS02A0126_002 f 0.00  0.000     0  0.00  0  0  -0.190  -6.116   0.543   3.076   3.940   0.000 02O000M000t
00238 HIS+1A0126_003 f 0.00  1.000     0  6.98  0  1  -0.217  -6.095   0.543   4.506  11.461   0.000 +1O000M000t
00239 ARG01A0127_001 f 0.00  0.000     0  0.00  0  0  -4.853   0.407   0.920  -0.093   0.825   0.000 01O000M000t
00240 ARG02A0127_002 f 0.00  0.000     0  0.00  0  0  -4.875   0.368   0.920  -0.219   2.023   0.000 02O000M000t
00241 ARG03A0127_003 f 0.00  0.000     0  0.00  0  0  -4.771   0.373   0.920  -0.409   1.573   0.000 03O000M000t
00242 ARG+1A0127_004 f 0.00  1.000     0 12.50  0  1  -4.914   0.362   0.920  -0.147   1.376   0.000 +1O000M000t
00243 ASP01A0128_001 f 0.00  0.000     0  0.00  0  0  -0.198  -1.405   3.762   0.450   0.123   0.000 01O000M000t
00244 ASP01A0128_002 f 0.00  0.000     0  0.00  0  0  -0.198  -1.405   1.042   0.273   1.660   0.000 01O000M000t
00245 ASP02A0128_003 f 0.00  0.000     0  0.00  0  0  -0.117  -1.497   3.762  -0.400   1.529   0.000 02O000M000t
00246 ASP02A0128_004 f 0.00  0.000     0  0.00  0  0  -0.117  -1.497   1.042   0.064   1.553   0.000 02O000M000t
00247 ASP-1A0128_005 f 0.00 -1.000     0  4.75  0 -1  -0.203  -1.447   1.042   0.429   4.159   0.000 -1O000M000t
00248 LEU01A0129_001 f 0.00  0.000     0  0.00  0  0   1.459  -4.462   0.565   0.000   0.000   0.000 01O000M000t
00249 LYS01A0130_001 f 0.00  0.000     0  0.00  0  0  -0.078  -2.832   1.311  -0.202   0.542   0.000 01O000M000t
00250 LYS+1A0130_002 f 0.00  1.000     0 10.40  0  1  -0.122  -2.851   1.311   0.690   3.020   0.000 +1O000M000t
00251 SER01A0131_001 f 0.00  0.000     0  0.00  0  0   0.000  -2.083   0.492   0.631   1.986   0.000 01O000M000t
00252 SER01A0131_002 f 0.00  0.000     0  0.00  0  0   0.000  -2.083   0.491   0.416   1.980   0.000 01O000M000t
00253 SER01A0131_003 f 0.00  0.000     0  0.00  0  0   0.000  -2.083   0.116  -1.753   1.988   0.000 01O000M000t
00254 ASN01A0132_001 f 0.00  0.000     0  0.00  0  0  -0.554  -1.997   1.345   1.024   1.362   0.000 01O000M000t
00255 ASN01A0132_002 f 0.00  0.000     0  0.00  0  0  -0.817  -1.823   1.316  -0.296   0.644   0.000 01R001M000t
00256 ASN01A0133_001 f 0.00  0.000     0  0.00  0  0   0.277   0.999   0.279  -1.436   2.315   0.000 01O000M000t
00257 ASN01A0133_002 f 0.00  0.000     0  0.00  0  0   0.030   2.437   0.277   2.107   2.853   0.000 01R001M000t
00258 ILE01A0134_001 f 0.00  0.000     0  0.00  0  0   1.906  -1.322   0.479   0.000   0.000   0.000 01O000M000t
00259 PHE01A0135_001 f 0.00  0.000     0  0.00  0  0   3.781  -8.001   0.120   0.000   0.000   0.000 01O000M000t
00260 LEU01A0136_001 f 0.00  0.000     0  0.00  0  0   1.751  -4.759   0.644   0.000   0.000   0.000 01O000M000t
00261 HIS01A0137_001 f 0.00  0.000     0  0.00  0  0  -2.478  -6.259   0.067  -1.162   1.876   0.000 01O000M000t
00262 HIS01A0137_002 f 0.00  0.000     0  0.00  0  0  -2.537  -0.924   0.067   0.947   1.202   0.000 01R001M000t
00263 HIS02A0137_003 f 0.00  0.000     0  0.00  0  0  -2.495  -6.472   0.067   1.941   1.358   0.000 02O000M000t
00264 HIS02A0137_004 f 0.00  0.000     0  0.00  0  0  -2.551  -0.908   0.067   0.574   0.908   0.000 02R001M000t
00265 HIS+1A0137_005 f 0.00  1.000     0  6.98  0  1  -2.522  -6.481   0.067   4.052   3.398   0.000 +1O000M000t
00266 HIS+1A0137_006 f 0.00  1.000     0  6.98  0  1  -2.577  -0.952   0.067   2.720   1.912   0.000 +1R001M000t
00267 GLU01A0138_001 f 0.00  0.000     0  0.00  0  0  -1.217  -0.037   3.191   0.416   0.247   0.000 01O000M000t
00268 GLU01A0138_002 f 0.00  0.000     0  0.00  0  0  -1.217  -0.037   0.471   0.095   0.893   0.000 01O000M000t
00269 GLU02A0138_003 f 0.00  0.000     0  0.00  0  0  -1.630  -0.191   3.191   0.150  -0.307   0.000 02O000M000t
00270 GLU02A0138_004 f 0.00  0.000     0  0.00  0  0  -1.630  -0.191   0.471   0.086   0.862   0.000 02O000M000t
00271 GLU-1A0138_005 f 0.00 -1.000     0  4.75  0 -1  -1.588  -0.156   0.471  -0.467   0.980   0.000 -1O000M000t
00272 ASP01A0139_001 f 0.00  0.000     0  0.00  0  0  -1.696   0.168   3.378   0.563   1.148   0.000 01O000M000t
00273 ASP01A0139_002 f 0.00  0.000     0  0.00  0  0  -1.696   0.168   0.658   0.173   0.868   0.000 01O000M000t
00274 ASP02A0139_003 f 0.00  0.000     0  0.00  0  0  -1.697  -0.117   3.378  -0.128   0.160   0.000 02O000M000t
00275 ASP02A0139_004 f 0.00  0.000     0  0.00  0  0  -1.697  -0.117   0.658   0.034   1.413   0.000 02O000M000t
00276 ASP-1A0139_005 f 0.00 -1.000     0  4.75  0 -1  -1.735  -0.060   0.658  -0.722   2.344   0.000 -1O000M000t
00277 ASN01A0140_001 f 0.00  0.000     0  0.00  0  0  -2.676  -2.635   1.053   0.380   0.460   0.000 01O000M000t
00278 ASN01A0140_002 f 0.00  0.000     0  0.00  0  0  -2.753  -2.002   1.083   0.299   0.254   0.000 01R001M000t
00279 THR01A0141_001 f 0.00  0.000     0  0.00  0  0  -1.858  -1.590   0.631  -0.150  -0.136   0.000 01O000M000t
00280 VAL01A0142_001 f 0.00  0.000     0  0.00  0  0   0.564  -1.892   0.303   0.000   0.000   0.000 01O000M000t
00281 LYS01A0143_001 f 0.00  0.000     0  0.00  0  0   0.279  -4.913   2.048  -0.380   0.376   0.000 01O000M000t
00282 LYS+1A0143_002 f 0.00  1.000     0 10.40  0  1   0.233  -4.673   2.048  -3.604   4.983   0.000 +1O000M000t
00283 ILE01A0144_001 f 0.00  0.000     0  0.00  0  0   3.185  -2.988   0.426   0.000   0.000   0.000 01O000M000t
00284 ASP01A0146_001 f 0.00  0.000     0  0.00  0  0   0.270 243.250   4.259   1.366   2.135   0.000 01O000M000t
00285 ASP01A0146_002 f 0.00  0.000     0  0.00  0  0   0.270 243.250   1.539   3.092   2.408   0.000 01O000M000t
00286 ASP02A0146_003 f 0.00  0.000     0  0.00  0  0   0.369 200.298   4.259  -2.647   2.765   0.000 02O000M000t
00287 ASP02A0146_004 f 0.00  0.000     0  0.00  0  0   0.369 200.298   1.539  -0.057   2.078   0.000 02O000M000t
00288 ASP-1A0146_005 f 0.00 -1.000     0  4.75  0 -1   0.234 199.912   1.539  -9.168   9.769   0.000 -1O000M000t
00289 PHE01A0147_001 f 0.00  0.000     0  0.00  0  0   2.906  -3.335   0.030   0.000   0.000   0.000 01O000M000t
00290 LEU01A0149_001 f 0.00  0.000     0  0.00  0  0   0.230 999.000   3.146   0.000   0.000   0.000 01O000M000t
00291 ALA01A0150_001 f 0.00  0.000     0  0.00  0  0   0.000 999.000   0.000   0.000   0.000   0.000 01O000M000t
00292 THR01A0151_001 f 0.00  0.000     0  0.00  0  0  -0.475 999.000   3.172  -2.009   0.817   0.000 01O000M000t
00293 THR01A0151_002 f 0.00  0.000     0  0.00  0  0  -0.475 999.000   3.172  -0.107   0.592   0.000 01O000M000t
00294 VAL01A0152_001 f 0.00  0.000     0  0.00  0  0  -2.124 113.098   2.795   0.000   0.000   0.000 01O000M000t
00295 LYS01A0153_001 f 0.00  0.000     0  0.00  0  0 152.095 999.000   3.771  -0.567   0.778   0.000 01O000M000t
00296 LYS+1A0153_002 f 0.00  1.000     0 10.40  0  1 151.851 999.000   3.771   4.104   5.279   0.000 +1O000M000t
00297 SER01A0154_001 f 0.00  0.000     0  0.00  0  0  -1.408   5.975   2.627  -1.633   1.217   0.000 01O000M000t
00298 SER01A0154_002 f 0.00  0.000     0  0.00  0  0  -1.408   5.975   2.252   0.128  -0.003   0.000 01O000M000t
00299 ARG01A0155_001 f 0.00  0.000     0  0.00  0  0 880.747  74.295  22.957   0.070   0.444   0.000 01O000M000t
00300 ARG02A0155_002 f 0.00  0.000     0  0.00  0  0 880.745  74.283  22.957   0.148   1.285   0.000 02O000M000t
00301 ARG03A0155_003 f 0.00  0.000     0  0.00  0  0 880.757  74.278  22.957   0.266   1.820   0.000 03O000M000t
00302 ARG03A0155_004 f 0.00  0.000     0  0.00  0  0 870.951  74.290  22.957   0.099   1.831   0.000 03O000M000t
00303 ARG+1A0155_005 f 0.00  1.000     0 12.50  0  1 880.675  74.274  22.957   1.083   0.882   0.000 +1O000M000t
00304 TRP01A0156_001 f 0.00  0.000     0  0.00  0  0  42.198  35.396   0.612   0.000   0.000   0.000 01O000M000t
00305 SER01A0157_001 f 0.00  0.000     0  0.00  0  0  -2.930 432.856   2.709   0.631   0.218   0.000 01O000M000t
00306 SER01A0159_001 f 0.00  0.000     0  0.00  0  0  -2.407  39.381   1.737  -1.742   0.186   0.000 01O000M000t
00307 SER01A0159_002 f 0.00  0.000     0  0.00  0  0  -2.407  39.381   1.737   0.106  -0.126   0.000 01O000M000t
00308 HIS01A0160_001 f 0.00  0.000     0  0.00  0  0  -9.356  38.680   1.404   0.256   0.444   0.000 01O000M000t
00309 HIS02A0160_002 f 0.00  0.000     0  0.00  0  0  -9.381  38.648   1.404   0.174   0.168   0.000 02O000M000t
00310 HIS+1A0160_003 f 0.00  1.000     0  6.98  0  1  -9.405  38.645   1.404   0.398   0.028   0.000 +1O000M000t
00311 GLN01A0161_001 f 0.00  0.000     0  0.00  0  0   1.198 130.234   5.734   2.920   1.720   0.000 01O000M000t
00312 PHE01A0162_001 f 0.00  0.000     0  0.00  0  0  -1.921  52.441   2.731   0.000   0.000   0.000 01O000M000t
00313 GLU01A0163_001 f 0.00  0.000     0  0.00  0  0  -2.777 999.000   5.403   0.186  -0.504   0.000 01O000M000t
00314 GLU01A0163_002 f 0.00  0.000     0  0.00  0  0  -2.777 999.000   2.683   0.110   0.415   0.000 01O000M000t
00315 GLU02A0163_003 f 0.00  0.000     0  0.00  0  0  -2.919 999.000   5.403   0.407  -0.131   0.000 02O000M000t
00316 GLU02A0163_004 f 0.00  0.000     0  0.00  0  0  -2.919 999.000   2.683   0.168   0.676   0.000 02O000M000t
00317 GLU-1A0163_005 f 0.00 -1.000     0  4.75  0 -1  -2.768 999.000   2.683  -0.601   0.713   0.000 -1O000M000t
00318 GLN01A0164_001 f 0.00  0.000     0  0.00  0  0  10.019 999.000   2.513   0.063   1.941   0.000 01O000M000t
00319 LEU01A0165_001 f 0.00  0.000     0  0.00  0  0   2.580 999.000   2.986   0.000   0.000   0.000 01O000M000t
00320 SER01A0166_001 f 0.00  0.000     0  0.00  0  0  -2.298  43.887   0.945   0.068  -0.167   0.000 01O000M000t
00321 SER01A0168_001 f 0.00  0.000     0  0.00  0  0  -0.288   0.982   0.752  -0.120   0.441   0.000 01O000M000t
00322 SER01A0168_002 f 0.00  0.000     0  0.00  0  0  -0.288   0.982   0.377  -0.200   1.566   0.000 01O000M000t
00323 ILE01A0169_001 f 0.00  0.000     0  0.00  0  0   0.273  -0.776   1.170   0.000   0.000   0.000 01O000M000t
00324 LEU01A0170_001 f 0.00  0.000     0  0.00  0  0   0.032  -2.672   0.432   0.000   0.000   0.000 01O000M000t
00325 TRP01A0171_001 f 0.00  0.000     0  0.00  0  0   2.265 -11.294   0.085   0.000   0.000   0.000 01O000M000t
00326 MET01A0172_001 f 0.00  0.000     0  0.00  0  0  -1.509  -5.123   0.283   0.083   0.051   0.000 01O000M000t
00327 ALA01A0173_001 f 0.00  0.000     0  0.00  0  0   0.000  -1.615   0.000   0.000   0.000   0.000 01O000M000t
00328 PRO01A0174_001 f 0.00  0.000     0  0.00  0  0   0.261  -3.327   0.000   0.000   0.000   0.000 01O000M000t
00329 GLU01A0175_001 f 0.00  0.000     0  0.00  0  0   1.890  -4.353   4.975   1.830   2.411   0.000 01O000M000t
00330 GLU01A0175_002 f 0.00  0.000     0  0.00  0  0   1.890  -4.353   2.255  -0.384   3.025   0.000 01O000M000t
00331 GLU02A0175_003 f 0.00  0.000     0  0.00  0  0   1.560  -4.566   4.975  -1.221   2.571   0.000 02O000M000t
00332 GLU02A0175_004 f 0.00  0.000     0  0.00  0  0   1.560  -4.566   2.255  -0.397   2.812   0.000 02O000M000t
00333 GLU-1A0175_005 f 0.00 -1.000     0  4.75  0 -1   1.488  -4.443   2.255  -5.768  11.851   0.000 -1O000M000t
00334 VAL01A0176_001 f 0.00  0.000     0  0.00  0  0   0.661  -2.196   0.112   0.000   0.000   0.000 01O000M000t
00335 ILE01A0177_001 f 0.00  0.000     0  0.00  0  0   3.665  -3.800   0.454   0.000   0.000   0.000 01O000M000t
00336 ARG01A0178_001 f 0.00  0.000     0  0.00  0  0  -2.617  -6.446   3.652   0.544   1.431   0.000 01O000M000t
00337 ARG02A0178_002 f 0.00  0.000     0  0.00  0  0  -2.636  -6.480   3.652  -0.760   2.532   0.000 02O000M000t
00338 ARG03A0178_003 f 0.00  0.000     0  0.00  0  0  -2.639  -6.503   3.652  -0.252   2.226   0.000 03O000M000t
00339 ARG+1A0178_004 f 0.00  1.000     0 12.50  0  1  -2.683  -6.537   3.652  -0.621   2.337   0.000 +1O000M000t
00340 MET01A0179_001 f 0.00  0.000     0  0.00  0  0  -4.750   0.204   4.354   0.065   0.050   0.000 01O000M000t
00341 GLN01A0180_001 f 0.00  0.000     0  0.00  0  0  -0.547  -1.816   0.615   0.284   0.232   0.000 01O000M000t
00342 GLN01A0180_002 f 0.00  0.000     0  0.00  0  0  -1.977  -1.796   0.615  -0.078  -0.245   0.000 01R001M000t
00343 ASP01A0181_001 f 0.00  0.000     0  0.00  0  0  -1.381  -3.857   4.662   0.470   0.066   0.000 01O000M000t
00344 ASP01A0181_002 f 0.00  0.000     0  0.00  0  0  -1.381  -3.857   1.942   0.233   0.963   0.000 01O000M000t
00345 ASP02A0181_003 f 0.00  0.000     0  0.00  0  0  -1.317  -3.944   4.662   1.728   1.404   0.000 02O000M000t
00346 ASP02A0181_004 f 0.00  0.000     0  0.00  0  0  -1.317  -3.944   1.942   0.396   0.917   0.000 02O000M000t
00347 ASP-1A0181_005 f 0.00 -1.000     0  4.75  0 -1  -1.376  -3.904   1.942  -2.273   2.474   0.000 -1O000M000t
00348 SER01A0182_001 f 0.00  0.000     0  0.00  0  0  -5.042   0.226   1.538   0.102  -0.089   0.000 01O000M000t
00349 SER01A0182_002 f 0.00  0.000     0  0.00  0  0  -5.042   0.226   1.163  -0.909  -0.088   0.000 01O000M000t
00350 ASN01A0183_001 f 0.00  0.000     0  0.00  0  0  -3.334  -0.563   0.912   0.244  -0.097   0.000 01O000M000t
00351 ASN01A0183_002 f 0.00  0.000     0  0.00  0  0  -3.350  -0.180   0.886   0.207  -0.203   0.000 01R001M000t
00352 PRO01A0184_001 f 0.00  0.000     0  0.00  0  0  -0.575  -3.637   0.000   0.000   0.000   0.000 01O000M000t
00353 TYR01A0185_001 f 0.00  0.000     0  0.00  0  0  -0.216  -4.351   0.067   0.350   0.762   0.000 01O000M000t
00354 TYR-1A0185_002 f 0.00 -1.000     0 10.20  0 -1  -0.216  -4.351   0.067  -0.679   2.938   0.000 -1O000M000t
00355 SER01A0186_001 f 0.00  0.000     0  0.00  0  0  -0.836  -0.262   0.701  -0.131   1.892   0.000 01O000M000t
00356 SER01A0186_002 f 0.00  0.000     0  0.00  0  0  -0.836  -0.262   0.701   2.626   1.909   0.000 01O000M000t
00357 SER01A0186_003 f 0.00  0.000     0  0.00  0  0  -0.836  -0.262   0.326  -1.989   1.795   0.000 01O000M000t
00358 PHE01A0187_001 f 0.00  0.000     0  0.00  0  0  -0.841  -3.348   0.015   0.000   0.000   0.000 01O000M000t
00359 GLN01A0188_001 f 0.00  0.000     0  0.00  0  0  -0.935  -4.010   3.116  -0.552   1.110   0.000 01O000M000t
00360 GLN01A0188_002 f 0.00  0.000     0  0.00  0  0  -1.068  -3.748   3.102   0.932   0.741   0.000 01R001M000t
00361 SER01A0189_001 f 0.00  0.000     0  0.00  0  0  -0.096  -0.447   0.383   1.544   1.737   0.000 01O000M000t
00362 SER01A0189_002 f 0.00  0.000     0  0.00  0  0  -0.096  -0.447   0.008  -0.504   1.775   0.000 01O000M000t
00363 ASP01A0190_001 f 0.00  0.000     0  0.00  0  0   0.057  -1.841   4.474  -2.202   1.825   0.000 01O000M000t
00364 ASP01A0190_002 f 0.00  0.000     0  0.00  0  0   0.057  -1.841   1.754   1.575   2.788   0.000 01O000M000t
00365 ASP02A0190_003 f 0.00  0.000     0  0.00  0  0   0.137  -1.956   4.474  -1.879   2.519   0.000 02O000M000t
00366 ASP02A0190_004 f 0.00  0.000     0  0.00  0  0   0.137 997.044   1.754   3.619   2.671   0.000 02O000M000t
00367 ASP-1A0190_005 f 0.00 -1.000     0  4.75  0 -1   0.056  -2.284   1.754  -9.817  11.638   0.000 -1O000M000t
00368 VAL01A0191_001 f 0.00  0.000     0  0.00  0  0   0.538   1.528   0.082   0.000   0.000   0.000 01O000M000t
00369 TYR01A0192_001 f 0.00  0.000     0  0.00  0  0   4.201 -11.843   0.008  -0.782   1.938   0.000 01O000M000t
00370 TYR-1A0192_002 f 0.00 -1.000     0 10.20  0 -1   4.201 -11.843   0.008   3.034   9.870   0.000 -1O000M000t
00371 ALA01A0193_001 f 0.00  0.000     0  0.00  0  0  -0.412  -2.622   0.000   0.000   0.000   0.000 01O000M000t
00372 PHE01A0194_001 f 0.00  0.000     0  0.00  0  0   4.653  -6.722   0.087   0.000   0.000   0.000 01O000M000t
00373 ILE01A0196_001 f 0.00  0.000     0  0.00  0  0   2.445  -4.246   0.525   0.000   0.000   0.000 01O000M000t
00374 VAL01A0197_001 f 0.00  0.000     0  0.00  0  0   0.802  -3.029   0.000   0.000   0.000   0.000 01O000M000t
00375 LEU01A0198_001 f 0.00  0.000     0  0.00  0  0   2.514  -2.849   1.052   0.000   0.000   0.000 01O000M000t
00376 TYR01A0199_001 f 0.00  0.000     0  0.00  0  0   4.006  -8.917   0.239  -1.596   2.185   0.000 01O000M000t
00377 TYR01A0199_002 f 0.00  0.000     0  0.00  0  0   4.006  -8.917   0.239   0.551   1.926   0.000 01O000M000t
00378 TYR-1A0199_003 f 0.00 -1.000     0 10.20  0 -1   4.006  -8.917   0.239  -1.157   6.712   0.000 -1O000M000t
00379 GLU01A0200_001 f 0.00  0.000     0  0.00  0  0   0.723  -5.732   3.997  -1.386   3.048   0.000 01O000M000t
00380 GLU01A0200_002 f 0.00  0.000     0  0.00  0  0   0.723  -5.732   1.277  -0.167   3.092   0.000 01O000M000t
00381 GLU02A0200_003 f 0.00  0.000     0  0.00  0  0   0.690  -5.755   3.997  -0.744   3.061   0.000 02O000M000t
00382 GLU02A0200_004 f 0.00  0.000     0  0.00  0  0   0.690  -5.755   1.277   1.028   3.089   0.000 02O000M000t
00383 GLU-1A0200_005 f 0.00 -1.000     0  4.75  0 -1   0.581  -5.641   1.277  -6.948  16.126   0.000 -1O000M000t
00384 LEU01A0201_001 f 0.00  0.000     0  0.00  0  0   1.930  -4.976   0.919   0.000   0.000   0.000 01O000M000t
00385 MET01A0202_001 f 0.00  0.000     0  0.00  0  0   0.061  -5.525   1.943  -0.067   0.099   0.000 01O000M000t
00386 THR01A0203_001 f 0.00  0.000     0  0.00  0  0   0.188  -1.517   0.511  -1.744   1.948   0.000 01O000M000t
00387 THR01A0203_002 f 0.00  0.000     0  0.00  0  0   0.188  -1.517   0.511   2.535   1.955   0.000 01O000M000t
00388 THR01A0203_003 f 0.00  0.000     0  0.00  0  0   0.188  -1.517   0.136  -1.244   1.834   0.000 01O000M000t
00389 GLN01A0205_001 f 0.00  0.000     0  0.00  0  0  -1.381  -3.072   2.721   0.089   0.723   0.000 01O000M000t
00390 GLN01A0205_002 f 0.00  0.000     0  0.00  0  0  -1.594  -3.024   2.680  -0.104   0.237   0.000 01R001M000t
00391 LEU01A0206_001 f 0.00  0.000     0  0.00  0  0  -1.324  -1.482   0.580   0.000   0.000   0.000 01O000M000t
00392 PRO01A0207_001 f 0.00  0.000     0  0.00  0  0   0.249  -1.797   0.000   0.000   0.000   0.000 01O000M000t
00393 TYR01A0208_001 f 0.00  0.000     0  0.00  0  0   3.935  -3.722   0.448   1.179   2.277   0.000 01O000M000t
00394 TYR-1A0208_002 f 0.00 -1.000     0 10.20  0 -1   3.935  -3.722   0.448   0.466  10.807   0.000 -1O000M000t
00395 SER01A0209_001 f 0.00  0.000     0  0.00  0  0  -0.661   1.687   0.375   0.024   0.678   0.000 01O000M000t
00396 SER01A0209_002 f 0.00  0.000     0  0.00  0  0  -0.661   1.687   0.000  -0.998   1.091   0.000 01O000M000t
00397 ASN01A0210_001 f 0.00  0.000     0  0.00  0  0  -3.218  -0.102   0.648   0.020   0.262   0.000 01O000M000t
00398 ASN01A0210_002 f 0.00  0.000     0  0.00  0  0  -3.036  -0.608   0.619   0.370  -0.072   0.000 01R001M000t
00399 ILE01A0211_001 f 0.00  0.000     0  0.00  0  0  -0.135  -1.694   0.661   0.000   0.000   0.000 01O000M000t
00400 ASN01A0212_001 f 0.00  0.000     0  0.00  0  0  -2.895  -0.509   0.961   0.299   0.050   0.000 01O000M000t
00401 ASN01A0212_002 f 0.00  0.000     0  0.00  0  0  -3.118  -0.265   0.917   0.151  -0.096   0.000 01R001M000t
00402 ASN01A0213_001 f 0.00  0.000     0  0.00  0  0  -2.635  -0.754   0.203  -0.930   0.564   0.000 01O000M000t
00403 ASN01A0213_002 f 0.00  0.000     0  0.00  0  0  -2.657   1.143   0.203   1.553   0.354   0.000 01R001M000t
00404 ARG01A0214_001 f 0.00  0.000     0  0.00  0  0  -5.077  -3.194   3.410   0.026   0.571   0.000 01O000M000t
00405 ARG02A0214_002 f 0.00  0.000     0  0.00  0  0  -5.066  -3.201   3.410   0.124   1.438   0.000 02O000M000t
00406 ARG03A0214_003 f 0.00  0.000     0  0.00  0  0  -5.129  -3.078   3.410  -0.009   1.830   0.000 03O000M000t
00407 ARG+1A0214_004 f 0.00  1.000     0 12.50  0  1  -5.167  -3.208   3.410   0.943   1.899   0.000 +1O000M000t
00408 ASP01A0215_001 f 0.00  0.000     0  0.00  0  0  -2.706  -0.569   2.940   0.927   0.546   0.000 01O000M000t
00409 ASP01A0215_002 f 0.00  0.000     0  0.00  0  0  -2.706  -0.569   0.220   0.340   0.575   0.000 01O000M000t
00410 ASP02A0215_003 f 0.00  0.000     0  0.00  0  0  -2.599  -0.898   2.940   0.406  -0.047   0.000 02O000M000t
00411 ASP02A0215_004 f 0.00  0.000     0  0.00  0  0  -2.599  -0.898   0.220   0.283   0.993   0.000 02O000M000t
00412 ASP-1A0215_005 f 0.00 -1.000     0  4.75  0 -1  -2.573  -0.862   0.220  -1.009   1.022   0.000 -1O000M000t
00413 GLN01A0216_001 f 0.00  0.000     0  0.00  0  0  -2.023  -1.940   2.397  -0.010  -0.010   0.000 01O000M000t
00414 GLN01A0216_002 f 0.00  0.000     0  0.00  0  0  -2.021  -1.961   2.403   0.213   0.214   0.000 01R001M000t
00415 ILE01A0217_001 f 0.00  0.000     0  0.00  0  0   2.138  -3.242   0.536   0.000   0.000   0.000 01O000M000t
00416 ILE01A0218_001 f 0.00  0.000     0  0.00  0  0  -1.515   0.432   0.818   0.000   0.000   0.000 01O000M000t
00417 GLU01A0219_001 f 0.00  0.000     0  0.00  0  0  -1.538  -2.732   3.239   0.321   0.160   0.000 01O000M000t
00418 GLU01A0219_002 f 0.00  0.000     0  0.00  0  0  -1.538  -2.732   0.519   0.168   1.038   0.000 01O000M000t
00419 GLU02A0219_003 f 0.00  0.000     0  0.00  0  0  -1.759  -2.773   3.239   0.242   0.097   0.000 02O000M000t
00420 GLU02A0219_004 f 0.00  0.000     0  0.00  0  0  -1.759  -2.773   0.519   0.166   0.736   0.000 02O000M000t
00421 GLU-1A0219_005 f 0.00 -1.000     0  4.75  0 -1  -1.718  -2.719   0.519  -0.122   0.927   0.000 -1O000M000t
00422 MET01A0220_001 f 0.00  0.000     0  0.00  0  0  -3.879  -3.141   1.073   0.008   0.060   0.000 01O000M000t
00423 VAL01A0221_001 f 0.00  0.000     0  0.00  0  0   0.723  -2.019   0.092   0.000   0.000   0.000 01O000M000t
00424 ARG01A0223_001 f 0.00  0.000     0  0.00  0  0  -7.495  -2.512   0.842   0.026   0.248   0.000 01O000M000t
00425 ARG02A0223_002 f 0.00  0.000     0  0.00  0  0  -7.539  -2.526   0.842  -0.013   1.288   0.000 02O000M000t
00426 ARG03A0223_003 f 0.00  0.000     0  0.00  0  0  -7.532  -2.525   0.842  -0.015   1.148   0.000 03O000M000t
00427 ARG03A0223_004 f 0.00  0.000     0  0.00  0  0  -7.451  -2.522   0.842  -0.006   0.830   0.000 03O000M000t
00428 ARG+1A0223_005 f 0.00  1.000     0 12.50  0  1  -7.579  -2.526   0.842  -0.008   0.354   0.000 +1O000M000t
00429 SER01A0225_001 f 0.00  0.000     0  0.00  0  0  -2.715  -0.430   0.673   0.186   1.341   0.000 01O000M000t
00430 LEU01A0226_001 f 0.00  0.000     0  0.00  0  0   0.392  -3.766   0.509   0.000   0.000   0.000 01O000M000t
00431 SER01A0227_001 f 0.00  0.000     0  0.00  0  0  -1.264  -1.420   1.308  -0.292   0.191   0.000 01O000M000t
00432 SER01A0227_002 f 0.00  0.000     0  0.00  0  0  -1.264  -1.420   1.308   0.213   0.185   0.000 01O000M000t
00433 PRO01A0228_001 f 0.00  0.000     0  0.00  0  0   0.358  -1.864   0.000   0.000   0.000   0.000 01O000M000t
00434 ASP01A0229_001 f 0.00  0.000     0  0.00  0  0  -2.355   0.131   2.858   2.202   0.623   0.000 01O000M000t
00435 ASP01A0229_002 f 0.00  0.000     0  0.00  0  0  -2.355   0.131   0.138  -0.013   0.930   0.000 01O000M000t
00436 ASP02A0229_003 f 0.00  0.000     0  0.00  0  0  -2.485  -0.515   2.858  -0.579   0.167   0.000 02O000M000t
00437 ASP02A0229_004 f 0.00  0.000     0  0.00  0  0  -2.485  -0.515   0.138  -0.736   1.201   0.000 02O000M000t
00438 ASP-1A0229_005 f 0.00 -1.000     0  4.75  0 -1  -2.458  -0.465   0.138  -2.790   2.404   0.000 -1O000M000t
00439 LEU01A0230_001 f 0.00  0.000     0  0.00  0  0  -0.111  -4.490   0.501   0.000   0.000   0.000 01O000M000t
00440 SER01A0231_001 f 0.00  0.000     0  0.00  0  0  -4.151   0.224   1.871   0.489   1.095   0.000 01O000M000t
00441 SER01A0231_002 f 0.00  0.000     0  0.00  0  0  -4.151   0.224   1.872  -0.348   0.297   0.000 01O000M000t
00442 LYS01A0232_001 f 0.00  0.000     0  0.00  0  0  -2.137  -1.830   1.728   0.007   0.551   0.000 01O000M000t
00443 LYS+1A0232_002 f 0.00  1.000     0 10.40  0  1  -2.184  -1.841   1.728   1.008   1.933   0.000 +1O000M000t
00444 VAL01A0233_001 f 0.00  0.000     0  0.00  0  0  -0.244   0.183   0.019   0.000   0.000   0.000 01O000M000t
00445 ARG01A0234_001 f 0.00  0.000     0  0.00  0  0  -3.148  -7.526   2.753   0.547   2.147   0.000 01O000M000t
00446 ARG02A0234_002 f 0.00  0.000     0  0.00  0  0  -3.185  -7.638   2.753   0.669   2.897   0.000 02O000M000t
00447 ARG03A0234_003 f 0.00  0.000     0  0.00  0  0  -3.186  -7.496   2.753   0.900   2.747   0.000 03O000M000t
00448 ARG+1A0234_004 f 0.00  1.000     0 12.50  0  1  -3.228  -7.666   2.753  -0.837   4.138   0.000 +1O000M000t
00449 SER01A0235_001 f 0.00  0.000     0  0.00  0  0  -5.561  -0.587   0.403  -0.303  -0.299   0.000 01O000M000t
00450 ASN01A0236_001 f 0.00  0.000     0  0.00  0  0  -1.687   0.770   0.311  -0.707   0.800   0.000 01O000M000t
00451 CYS01A0237_001 f 0.00  0.000     0  0.00  0  0  -0.098  -3.229   0.036  -0.765   0.779   0.000 01O000M000t
00452 CYS01A0237_002 f 0.00  0.000     0  0.00  0  0  -0.098  -3.117   0.036   0.164   0.922   0.000 01O000M000t
00453 CYS01A0237_003 f 0.00  0.000     0  0.00  0  0  -0.098  -3.099   0.036  -0.395   0.945   0.000 01O000M000t
00454 CYS-1A0237_004 f 0.00 -1.000     0  9.10  0 -1  -0.096  -3.056   0.036  -3.143   9.623   0.000 -1O000M000t
00455 PRO01A0238_001 f 0.00  0.000     0  0.00  0  0  -0.478  -1.455   0.000   0.000   0.000   0.000 01O000M000t
00456 LYS01A0239_001 f 0.00  0.000     0  0.00  0  0  -9.252  -0.999   2.715  -0.009   0.063   0.000 01O000M000t
00457 LYS+1A0239_002 f 0.00  1.000     0 10.40  0  1  -9.309  -1.003   2.715   0.123   0.102   0.000 +1O000M000t
00458 ARG01A0240_001 f 0.00  0.000     0  0.00  0  0  -2.789  -3.954   3.841   0.021   1.888   0.000 01O000M000t
00459 ARG02A0240_002 f 0.00  0.000     0  0.00  0  0  -2.700  -4.017   3.841  -0.050   2.171   0.000 02O000M000t
00460 ARG03A0240_003 f 0.00  0.000     0  0.00  0  0  -2.810  -4.017   3.841   0.052   2.389   0.000 03O000M000t
00461 ARG+1A0240_004 f 0.00  1.000     0 12.50  0  1  -2.849  -4.023   3.841   0.596   3.846   0.000 +1O000M000t
00462 MET01A0241_001 f 0.00  0.000     0  0.00  0  0  -0.040  -3.645   1.902   0.070   0.094   0.000 01O000M000t
00463 LYS01A0242_001 f 0.00  0.000     0  0.00  0  0  -5.286  -2.920   1.009  -0.005   0.040   0.000 01O000M000t
00464 LYS+1A0242_002 f 0.00  1.000     0 10.40  0  1  -5.331  -2.924   1.009  -0.125  -0.230   0.000 +1O000M000t
00465 ARG01A0243_001 f 0.00  0.000     0  0.00  0  0  -4.589  -3.819   3.046   0.008   1.907   0.000 01O000M000t
00466 ARG02A0243_002 f 0.00  0.000     0  0.00  0  0  -4.608  -3.805   3.046  -0.100   2.797   0.000 02O000M000t
00467 ARG02A0243_003 f 0.00  0.000     0  0.00  0  0  -4.508  -3.793   3.046  -0.094   2.569   0.000 02O000M000t
00468 ARG03A0243_004 f 0.00  0.000     0  0.00  0  0  -4.617  -3.818   3.046  -0.069   2.610   0.000 03O000M000t
00469 ARG03A0243_005 f 0.00  0.000     0  0.00  0  0  -4.613  -3.820   3.046  -0.031   2.469   0.000 03O000M000t
00470 ARG+1A0243_006 f 0.00  1.000     0 12.50  0  1  -4.657  -3.827   3.046   0.338   2.626   0.000 +1O000M000t
00471 LEU01A0244_001 f 0.00  0.000     0  0.00  0  0   1.196  -4.094   0.978   0.000   0.000   0.000 01O000M000t
00472 MET01A0245_001 f 0.00  0.000     0  0.00  0  0   1.259  -4.656   1.628   0.026   0.099   0.000 01O000M000t
00473 ALA01A0246_001 f 0.00  0.000     0  0.00  0  0  -1.835  -0.720   0.000   0.000   0.000   0.000 01O000M000t
00474 GLU01A0247_001 f 0.00  0.000     0  0.00  0  0  -0.183  -2.566   4.878   0.085   0.643   0.000 01O000M000t
00475 GLU01A0247_002 f 0.00  0.000     0  0.00  0  0  -0.183  -2.566   2.158  -0.002   0.719   0.000 01O000M000t
00476 GLU02A0247_003 f 0.00  0.000     0  0.00  0  0  -0.563  -2.548   4.878  -0.051   0.055   0.000 02O000M000t
00477 GLU02A0247_004 f 0.00  0.000     0  0.00  0  0  -0.563  -2.548   2.158  -0.035   0.884   0.000 02O000M000t
00478 GLU-1A0247_005 f 0.00 -1.000     0  4.75  0 -1  -0.497  -2.517   2.158   0.061   1.520   0.000 -1O000M000t
00479 CYS01A0248_001 f 0.00  0.000     0  0.00  0  0  -0.002  -4.818   0.010  -0.021   0.991   0.000 01O000M000t
00480 CYS01A0248_002 f 0.00  0.000     0  0.00  0  0  -0.002  -4.888   0.010  -0.329   0.983   0.000 01O000M000t
00481 CYS01A0248_003 f 0.00  0.000     0  0.00  0  0  -0.002  -4.806   0.010   0.189   0.993   0.000 01O000M000t
00482 CYS-1A0248_004 f 0.00 -1.000     0  9.10  0 -1   0.000  -4.768   0.010  -0.323  14.213   0.000 -1O000M000t
00483 LEU01A0249_001 f 0.00  0.000     0  0.00  0  0   1.964  -6.136   0.539   0.000   0.000   0.000 01O000M000t
00484 LYS01A0250_001 f 0.00  0.000     0  0.00  0  0  -2.396  -6.162   1.479   0.161   0.714   0.000 01O000M000t
00485 LYS+1A0250_002 f 0.00  1.000     0 10.40  0  1  -2.484  -6.227   1.479  -0.854   3.070   0.000 +1O000M000t
00486 LYS01A0251_001 f 0.00  0.000     0  0.00  0  0  -2.797  -3.753   0.888   0.086   0.490   0.000 01O000M000t
00487 LYS+1A0251_002 f 0.00  1.000     0 10.40  0  1  -2.880  -3.778   0.888  -0.686   2.018   0.000 +1O000M000t
00488 LYS01A0252_001 f 0.00  0.000     0  0.00  0  0  -7.472  -0.599   1.900  -0.017   0.016   0.000 01O000M000t
00489 LYS+1A0252_002 f 0.00  1.000     0 10.40  0  1  -7.517  -0.600   1.900   0.228  -0.469   0.000 +1O000M000t
00490 ARG01A0253_001 f 0.00  0.000     0  0.00  0  0  -2.030   0.110   2.629  -0.475   1.613   0.000 01O000M000t
00491 ARG02A0253_002 f 0.00  0.000     0  0.00  0  0  -2.067   0.095   2.629  -0.165   2.578   0.000 02O000M000t
00492 ARG03A0253_003 f 0.00  0.000     0  0.00  0  0  -2.072   0.173   2.629   0.320   2.496   0.000 03O000M000t
00493 ARG+1A0253_004 f 0.00  1.000     0 12.50  0  1  -2.110   0.087   2.629   0.567   4.271   0.000 +1O000M000t
00494 ASP01A0254_001 f 0.00  0.000     0  0.00  0  0  -2.414  -0.380   3.143   0.547  -0.023   0.000 01O000M000t
00495 ASP01A0254_002 f 0.00  0.000     0  0.00  0  0  -2.414  -0.380   0.423   0.267   0.562   0.000 01O000M000t
00496 ASP02A0254_003 f 0.00  0.000     0  0.00  0  0  -2.358  -0.607   3.143   0.278  -0.119   0.000 02O000M000t
00497 ASP02A0254_004 f 0.00  0.000     0  0.00  0  0  -2.358  -0.607   0.423   0.194   0.969   0.000 02O000M000t
00498 ASP-1A0254_005 f 0.00 -1.000     0  4.75  0 -1  -2.406  -0.571   0.423  -0.922   1.029   0.000 -1O000M000t
00499 GLU01A0255_001 f 0.00  0.000     0  0.00  0  0  -1.283  -1.930   3.024  -0.026   0.844   0.000 01O000M000t
00500 GLU01A0255_002 f 0.00  0.000     0  0.00  0  0  -1.283  -1.930   0.304   0.036   0.880   0.000 01O000M000t
00501 GLU02A0255_003 f 0.00  0.000     0  0.00  0  0  -1.489  -1.904   3.024   0.042  -0.294   0.000 02O000M000t
00502 GLU02A0255_004 f 0.00  0.000     0  0.00  0  0  -1.489  -1.904   0.304   0.014   0.964   0.000 02O000M000t
00503 GLU-1A0255_005 f 0.00 -1.000     0  4.75  0 -1  -1.492  -1.877   0.304  -0.200   1.230   0.000 -1O000M000t
00504 ARG01A0256_001 f 0.00  0.000     0  0.00  0  0   1.321 -12.879   1.684   1.916   4.445   0.000 01O000M000t
00505 ARG02A0256_002 f 0.00  0.000     0  0.00  0  0   1.280 -12.604   1.684  -2.406   4.957   0.000 02O000M000t
00506 ARG02A0256_003 f 0.00  0.000     0  0.00  0  0   1.337 -12.495   1.684  -1.056   4.940   0.000 02O000M000t
00507 ARG03A0256_004 f 0.00  0.000     0  0.00  0  0   1.276 -12.600   1.684  -2.271   4.826   0.000 03O000M000t
00508 ARG03A0256_005 f 0.00  0.000     0  0.00  0  0   1.281 -12.449   1.684   0.893   4.843   0.000 03O000M000t
00509 ARG+1A0256_006 f 0.00  1.000     0 12.50  0  1   1.238 -12.666   1.684  -6.379  11.060   0.000 +1O000M000t
00510 PRO01A0257_001 f 0.00  0.000     0  0.00  0  0  -0.177  -3.690   0.000   0.000   0.000   0.000 01O000M000t
00511 SER01A0258_001 f 0.00  0.000     0  0.00  0  0  -2.852  -1.045   0.407  -0.335   1.037   0.000 01O000M000t
00512 SER01A0258_002 f 0.00  0.000     0  0.00  0  0  -2.852  -1.045   0.407   1.322   1.490   0.000 01O000M000t
00513 PHE01A0259_001 f 0.00  0.000     0  0.00  0  0   4.048  -9.384   1.239   0.000   0.000   0.000 01O000M000t
00514 PRO01A0260_001 f 0.00  0.000     0  0.00  0  0  -4.416  -1.457   0.000   0.000   0.000   0.000 01O000M000t
00515 ARG01A0261_001 f 0.00  0.000     0  0.00  0  0  -9.349  -2.536   0.603   0.037  -0.036   0.000 01O000M000t
00516 ARG02A0261_002 f 0.00  0.000     0  0.00  0  0  -9.387  -2.541   0.603   0.063   0.727   0.000 02O000M000t
00517 ARG03A0261_003 f 0.00  0.000     0  0.00  0  0  -9.386  -2.540   0.603   0.107   0.945   0.000 03O000M000t
00518 ARG+1A0261_004 f 0.00  1.000     0 12.50  0  1  -9.430  -2.543   0.603   0.493   0.256   0.000 +1O000M000t
00519 ILE01A0262_001 f 0.00  0.000     0  0.00  0  0   3.019  -1.491   0.461   0.000   0.000   0.000 01O000M000t
00520 LEU01A0263_001 f 0.00  0.000     0  0.00  0  0  -0.218  -5.815   0.389   0.000   0.000   0.000 01O000M000t
00521 ALA01A0264_001 f 0.00  0.000     0  0.00  0  0  -3.551  -1.596   0.000   0.000   0.000   0.000 01O000M000t
00522 GLU01A0265_001 f 0.00  0.000     0  0.00  0  0   0.219  -3.563   4.137   0.216   0.774   0.000 01O000M000t
00523 GLU01A0265_002 f 0.00  0.000     0  0.00  0  0   0.219  -3.563   1.417   0.082   1.457   0.000 01O000M000t
00524 GLU02A0265_003 f 0.00  0.000     0  0.00  0  0  -0.085  -3.572   4.137   0.358   1.632   0.000 02O000M000t
00525 GLU02A0265_004 f 0.00  0.000     0  0.00  0  0  -0.085  -3.572   1.417   0.126   0.800   0.000 02O000M000t
00526 GLU-1A0265_005 f 0.00 -1.000     0  4.75  0 -1  -0.117  -3.516   1.417  -0.534   3.284   0.000 -1O000M000t
00527 ILE01A0266_001 f 0.00  0.000     0  0.00  0  0   2.947  -4.229   0.471   0.000   0.000   0.000 01O000M000t
00528 GLU01A0267_001 f 0.00  0.000     0  0.00  0  0  -0.350  -2.813   5.223   0.091   0.288   0.000 01O000M000t
00529 GLU01A0267_002 f 0.00  0.000     0  0.00  0  0  -0.350  -2.813   2.503   0.008   0.894   0.000 01O000M000t
00530 GLU02A0267_003 f 0.00  0.000     0  0.00  0  0  -0.601  -2.807   5.223   0.055   1.290   0.000 02O000M000t
00531 GLU02A0267_004 f 0.00  0.000     0  0.00  0  0  -0.601  -2.807   2.503   0.027   0.742   0.000 02O000M000t
00532 GLU-1A0267_005 f 0.00 -1.000     0  4.75  0 -1  -0.600  -2.776   2.503  -0.092   1.412   0.000 -1O000M000t
00533 GLU01A0268_001 f 0.00  0.000     0  0.00  0  0  -1.654  -2.119   6.185   0.332   0.032   0.000 01O000M000t
00534 GLU01A0268_002 f 0.00  0.000     0  0.00  0  0  -1.654  -2.119   3.465   0.089   0.589   0.000 01O000M000t
00535 GLU02A0268_003 f 0.00  0.000     0  0.00  0  0  -1.628  -2.177   6.185   0.119  -0.131   0.000 02O000M000t
00536 GLU02A0268_004 f 0.00  0.000     0  0.00  0  0  -1.628  -2.177   3.465   0.087   0.842   0.000 02O000M000t
00537 GLU-1A0268_005 f 0.00 -1.000     0  4.75  0 -1  -1.660  -2.149   3.465  -0.210   0.543   0.000 -1O000M000t
00538 LEU01A0269_001 f 0.00  0.000     0  0.00  0  0   1.775  -4.347   0.582   0.000   0.000   0.000 01O000M000t
00539 ALA01A0270_001 f 0.00  0.000     0  0.00  0  0  -0.412  -1.760   0.000   0.000   0.000   0.000 01O000M000t
00540 ARG01A0271_001 f 0.00  0.000     0  0.00  0  0  -7.939  -3.401   0.713   0.092  -0.038   0.000 01O000M000t
00541 ARG02A0271_002 f 0.00  0.000     0  0.00  0  0  -7.976  -3.411   0.713   0.045   1.452   0.000 02O000M000t
00542 ARG03A0271_003 f 0.00  0.000     0  0.00  0  0  -7.981  -3.413   0.713   0.031   1.254   0.000 03O000M000t
00543 ARG+1A0271_004 f 0.00  1.000     0 12.50  0  1  -8.020  -3.415   0.713  -0.219   0.321   0.000 +1O000M000t
00544 GLU01A0272_001 f 0.00  0.000     0  0.00  0  0  -1.188  -2.730   4.131   0.170   0.717   0.000 01O000M000t
00545 GLU01A0272_002 f 0.00  0.000     0  0.00  0  0  -1.188  -2.730   1.411   0.091   0.568   0.000 01O000M000t
00546 GLU02A0272_003 f 0.00  0.000     0  0.00  0  0  -1.556  -2.692   4.131  -0.124  -0.499   0.000 02O000M000t
00547 GLU02A0272_004 f 0.00  0.000     0  0.00  0  0  -1.556  -2.692   1.411  -0.057   0.961   0.000 02O000M000t
00548 GLU-1A0272_005 f 0.00 -1.000     0  4.75  0 -1  -1.509  -2.670   1.411  -0.444   1.436   0.000 -1O000M000t
00549 LEU01A0273_001 f 0.00  0.000     0  0.00  0  0  -1.049  -2.362   0.940   0.000   0.000   0.000 01O000M000t
00550 P06-1B0001_001 f 0.00 -1.132     0  0.00  0  0   0.000  77.901   0.000 -11.647  16.011   0.191 -1O000M000t
00551 P0601B0001_002 f 0.00  0.001     0  0.00  0  0   0.000  77.377   0.000  -9.287  11.599   0.763 01O000M000t
00552 P06DMB0001_003 t 0.00  0.000     0  0.00  0  0   0.000   0.000   0.000   0.000   0.000   0.000         DMt
