 ph         7.4   7.4   7.4   7.4   7.4
ASP A0001 -1.00 -1.00 -1.00 -1.00 -1.00
GLU A0003 -1.00 -1.00 -1.00 -1.00 -1.00
ASP A0006 -1.00 -1.00 -1.00 -1.00 -1.00
ARG A0014  1.00  1.00  1.00  1.00  1.00
TYR A0024 -0.00 -0.00 -0.00 -0.00 -0.00
LYS A0025  1.00  1.00  1.00  1.00  1.00
LYS A0027  1.00  1.00  1.00  1.00  1.00
HIS A0029  0.27  0.28  0.28  0.28  0.28
ASP A0031 -1.00 -1.00 -1.00 -1.00 -1.00
LYS A0035  0.00  0.00  0.00  0.00  0.00
LYS A0051  1.00  1.00  1.00  1.00  1.00
GLU A0053 -0.99 -0.99 -0.99 -0.99 -0.99
ARG A0058  1.00  1.00  1.00  1.00  1.00
LYS A0059  1.00  1.00  1.00  1.00  1.00
ARG A0061  1.00  1.00  1.00  1.00  1.00
HIS A0062  0.00  0.00  0.00  0.00  0.00
TYR A0071  0.00  0.00  0.00  0.00  0.00
LYS A0074  1.00  1.00  1.00  1.00  1.00
CYS A0084  0.00  0.00  0.00  0.00  0.00
GLU A0085 -1.00 -1.00 -1.00 -1.00 -1.00
TYR A0090 -0.00 -0.00 -0.00 -0.00 -0.00
HIS A0091  0.14  0.14  0.14  0.14  0.14
HIS A0092  0.00  0.00  0.00  0.00  0.00
HIS A0094  0.41  0.41  0.41  0.41  0.41
GLU A0097 -1.00 -1.00 -1.00 -1.00 -1.00
LYS A0099  1.00  1.00  1.00  1.00  1.00
GLU A0101 -1.00 -1.00 -1.00 -1.00 -1.00
LYS A0103  1.00  1.00  1.00  1.00  1.00
LYS A0104  1.00  1.00  1.00  1.00  1.00
ASP A0107 -1.00 -1.00 -1.00 -1.00 -1.00
ARG A0110  1.00  1.00  1.00  1.00  1.00
ARG A0114  1.00  1.00  1.00  1.00  1.00
ASP A0117 -1.00 -1.00 -1.00 -1.00 -1.00
TYR A0118 -0.00 -0.00 -0.00 -0.00 -0.00
HIS A0120  0.14  0.14  0.14  0.14  0.14
LYS A0122  1.00  1.00  1.00  1.00  1.00
HIS A0126  0.00  0.00  0.00  0.00  0.00
ARG A0127  1.00  1.00  1.00  1.00  1.00
ASP A0128 -0.89 -0.88 -0.88 -0.89 -0.89
LYS A0130  1.00  1.00  1.00  1.00  1.00
HIS A0137  0.00  0.00  0.00  0.00  0.00
GLU A0138 -1.00 -1.00 -1.00 -1.00 -1.00
ASP A0139 -1.00 -1.00 -1.00 -1.00 -1.00
LYS A0143  1.00  1.00  1.00  1.00  1.00
ASP A0146 -0.99 -0.99 -0.99 -0.99 -0.99
LYS A0153  0.00  0.00  0.00  0.00  0.00
ARG A0155  0.00  0.00  0.00  0.00  0.00
HIS A0160  0.43  0.43  0.43  0.43  0.43
GLU A0163 -1.00 -1.00 -1.00 -1.00 -1.00
GLU A0175 -1.00 -1.00 -1.00 -1.00 -1.00
ARG A0178  1.00  1.00  1.00  1.00  1.00
ASP A0181 -1.00 -1.00 -1.00 -1.00 -1.00
TYR A0185 -0.00 -0.00 -0.00  0.00 -0.00
ASP A0190 -1.00 -1.00 -1.00 -1.00 -1.00
TYR A0192  0.00  0.00  0.00  0.00  0.00
TYR A0199  0.00  0.00  0.00  0.00 -0.00
GLU A0200 -1.00 -1.00 -1.00 -1.00 -1.00
TYR A0208  0.00  0.00  0.00  0.00  0.00
ARG A0214  1.00  1.00  1.00  1.00  1.00
ASP A0215 -1.00 -1.00 -1.00 -1.00 -1.00
GLU A0219 -1.00 -1.00 -1.00 -1.00 -1.00
ARG A0223  1.00  1.00  1.00  1.00  1.00
ASP A0229 -1.00 -1.00 -1.00 -1.00 -1.00
LYS A0232  0.98  0.98  0.98  0.99  0.99
ARG A0234  1.00  1.00  1.00  1.00  1.00
CYS A0237  0.00  0.00  0.00  0.00  0.00
LYS A0239  1.00  1.00  1.00  1.00  1.00
ARG A0240  1.00  1.00  1.00  1.00  1.00
LYS A0242  1.00  1.00  1.00  1.00  1.00
ARG A0243  1.00  1.00  1.00  1.00  1.00
GLU A0247 -1.00 -1.00 -1.00 -1.00 -1.00
CYS A0248  0.00  0.00  0.00  0.00  0.00
LYS A0250  0.99  0.99  0.99  0.99  0.99
LYS A0251  0.99  0.99  0.99  0.99  0.99
LYS A0252  1.00  1.00  1.00  1.00  1.00
ARG A0253  1.00  1.00  1.00  1.00  1.00
ASP A0254 -1.00 -1.00 -1.00 -1.00 -1.00
GLU A0255 -1.00 -1.00 -1.00 -1.00 -1.00
ARG A0256  1.00  1.00  1.00  1.00  1.00
ARG A0261  1.00  1.00  1.00  1.00  1.00
GLU A0265 -1.00 -1.00 -1.00 -1.00 -1.00
GLU A0267 -1.00 -1.00 -1.00 -1.00 -1.00
GLU A0268 -1.00 -1.00 -1.00 -1.00 -1.00
ARG A0271  1.00  1.00  1.00  1.00  1.00
GLU A0272 -1.00 -1.00 -1.00 -1.00 -1.00

Tot Protn   5.5   5.5   5.5   5.5   5.5
Tot Elec    0.0   0.0   0.0   0.0   0.0
Net crg     5.5   5.5   5.5   5.5   5.5
