 ph         7.4   7.4   7.4   7.4   7.4
NTR A0001  0.01  0.01  0.01  0.01  0.01
HIS A0001  0.40  0.41  0.41  0.40  0.41
GLU A0003 -1.00 -1.00 -1.00 -1.00 -1.00
ARG A0004  1.00  1.00  1.00  1.00  1.00
TYR A0007 -0.00 -0.00 -0.00 -0.00 -0.00
ASP A0008 -1.00 -1.00 -1.00 -1.00 -1.00
LYS A0011  1.00  1.00  1.00  1.00  1.00
GLU A0013 -1.00 -1.00 -1.00 -1.00 -1.00
ARG A0016  1.00  1.00  1.00  1.00  1.00
ASP A0017 -1.00 -1.00 -1.00 -1.00 -1.00
ARG A0018  1.00  1.00  1.00  1.00  1.00
LYS A0020  1.00  1.00  1.00  1.00  1.00
LYS A0023  1.00  1.00  1.00  1.00  1.00
ARG A0027  1.00  1.00  1.00  1.00  1.00
GLU A0035 -1.00 -1.00 -1.00 -1.00 -1.00
ASP A0037 -1.00 -1.00 -1.00 -1.00 -1.00
ASP A0042 -1.00 -1.00 -1.00 -1.00 -1.00
LYS A0043  1.00  1.00  1.00  1.00  1.00
CYS A0047 -0.01 -0.02 -0.01 -0.01 -0.01
ARG A0048  1.00  1.00  1.00  1.00  1.00
LYS A0053  0.99  0.99  0.99  0.99  0.99
LYS A0056  1.00  1.00  1.00  1.00  1.00
GLU A0057 -1.00 -1.00 -1.00 -1.00 -1.00
HIS A0061  0.14  0.13  0.13  0.14  0.14
GLU A0063 -1.00 -1.00 -1.00 -1.00 -1.00
HIS A0064  0.16  0.16  0.16  0.16  0.16
ARG A0065  1.00  1.00  1.00  1.00  1.00
GLU A0070 -0.73 -0.72 -0.72 -0.72 -0.72
LYS A0072  1.00  1.00  1.00  1.00  1.00
HIS A0076  0.41  0.41  0.41  0.41  0.41
HIS A0079  0.13  0.12  0.12  0.12  0.12
HIS A0080  0.00  0.00  0.00  0.00  0.00
CYS A0090  0.00  0.00  0.00  0.00  0.00
LYS A0092  1.00  1.00  1.00  1.00  1.00
GLU A0102 -1.00 -1.00 -1.00 -1.00 -1.00
CYS A0104  0.00  0.00  0.00  0.00  0.00
LYS A0105  1.00  1.00  1.00  1.00  1.00
TYR A0112 -0.00 -0.00 -0.00 -0.00 -0.00
ARG A0114  1.00  1.00  1.00  1.00  1.00
LYS A0116  1.00  1.00  1.00  1.00  1.00
ARG A0117  1.00  1.00  1.00  1.00  1.00
GLU A0119 -0.99 -0.99 -0.99 -0.99 -1.00
TYR A0123 -0.00 -0.00 -0.00 -0.00 -0.00
LYS A0124  1.00  1.00  1.00  1.00  1.00
GLU A0128 -1.00 -1.00 -1.00 -1.00 -1.00
ASP A0129 -1.00 -1.00 -1.00 -1.00 -1.00
TYR A0131 -0.00 -0.00 -0.00 -0.00 -0.00
LYS A0132  1.00  1.00  1.00  1.00  1.00
ASP A0133 -1.00 -1.00 -1.00 -1.00 -1.00
GLU A0138 -1.00 -1.00 -1.00 -1.00 -1.00
HIS A0139  0.01  0.01  0.01  0.01  0.01
CYS A0142 -0.00 -0.00 -0.00 -0.00 -0.00
TYR A0143  0.00  0.00  0.00  0.00  0.00
LYS A0149  1.00  1.00  1.00  1.00  1.00
GLU A0152 -0.99 -0.99 -0.99 -0.99 -0.99
ARG A0157  1.00  1.00  1.00  1.00  1.00
LYS A0158  1.00  1.00  1.00  1.00  1.00
CYS A0159  0.00 -0.00  0.00  0.00  0.00
HIS A0161  0.04  0.04  0.04  0.04  0.04
ARG A0162  1.00  1.00  1.00  1.00  1.00
ASP A0163 -1.00 -1.00 -1.00 -1.00 -1.00
ARG A0167  1.00  1.00  1.00  1.00  1.00
GLU A0173 -1.00 -1.00 -1.00 -1.00 -1.00
LYS A0174  1.00  1.00  1.00  1.00  1.00
LYS A0178  1.00  1.00  1.00  1.00  1.00
CYS A0180  0.00  0.00  0.00  0.00  0.00
ASP A0181 -0.49 -0.50 -0.49 -0.50 -0.49
CTR A0185 -0.99 -0.99 -1.00 -0.99 -0.99
NTR A0186  0.77  0.77  0.77  0.77  0.77
ASP A0186 -1.00 -1.00 -1.00 -1.00 -1.00
ARG A0188  1.00  1.00  1.00  1.00  1.00
LYS A0192  0.96  0.96  0.96  0.96  0.96
GLU A0197 -1.00 -1.00 -1.00 -1.00 -1.00
ASP A0201 -1.00 -1.00 -1.00 -1.00 -1.00
ARG A0202  1.00  1.00  1.00  1.00  1.00
TYR A0204 -0.00 -0.00 -0.00 -0.00 -0.00
ASP A0209 -0.99 -0.99 -0.99 -0.99 -1.00
GLU A0219 -1.00 -1.00 -1.00 -1.00 -1.00
TYR A0228  0.00  0.00  0.00  0.00  0.00
LYS A0232  1.00  1.00  1.00  1.00  1.00
ASP A0234 -1.00 -1.00 -1.00 -1.00 -1.00
GLU A0235 -1.00 -1.00 -1.00 -1.00 -1.00
GLU A0236 -1.00 -1.00 -1.00 -1.00 -1.00
CYS A0238 -0.00 -0.00 -0.00 -0.00 -0.00
ARG A0239  1.00  1.00  1.00  1.00  1.00
ARG A0240  1.00  1.00  1.00  1.00  1.00
LYS A0242  1.00  1.00  1.00  1.00  1.00
GLU A0243 -1.00 -1.00 -1.00 -1.00 -1.00
ARG A0246  1.00  1.00  1.00  1.00  1.00
ARG A0248  1.00  1.00  1.00  1.00  1.00
ASP A0251 -1.00 -1.00 -1.00 -1.00 -1.00
TYR A0252 -0.00 -0.00 -0.00 -0.00 -0.00
GLU A0256 -1.00 -1.00 -1.00 -1.00 -1.00
TYR A0258 -0.00  0.00  0.00 -0.00  0.00
ASP A0263 -1.00 -1.00 -1.00 -1.00 -1.00
CYS A0264  0.00  0.00  0.00  0.00  0.00
HIS A0266  0.67  0.67  0.67  0.67  0.67
GLU A0268 -1.00 -1.00 -1.00 -1.00 -1.00
ARG A0272  1.00  1.00  1.00  1.00  1.00
GLU A0277 -1.00 -1.00 -1.00 -1.00 -1.00
GLU A0280 -1.00 -1.00 -1.00 -1.00 -1.00
HIS A0281  0.86  0.86  0.87  0.87  0.87
CTR A0292 -0.93 -0.93 -0.93 -0.93 -0.93

Tot Protn   4.4   4.4   4.4   4.4   4.4
Tot Elec    0.0   0.0   0.0   0.0   0.0
Net crg     4.1   4.1   4.1   4.1   4.1
