 ph         7.4   7.4   7.4   7.4   7.4
GLU A0004 -1.00 -1.00 -1.00 -1.00 -1.00
GLU A0005 -1.00 -1.00 -1.00 -1.00 -1.00
ARG A0006  1.00  1.00  1.00  1.00  1.00
HIS A0007  0.01  0.01  0.01  0.01  0.01
LYS A0009  0.76  0.76  0.76  0.76  0.76
TYR A0010 -0.00 -0.00 -0.00 -0.00 -0.00
LYS A0016  1.00  1.00  1.00  1.00  1.00
GLU A0023 -0.99 -0.99 -0.99 -0.99 -0.99
CYS A0025  0.00  0.00  0.00  0.00  0.00
ARG A0026  1.00  1.00  1.00  1.00  1.00
TYR A0027 -0.11 -0.11 -0.10 -0.10 -0.11
ASP A0028 -1.00 -1.00 -1.00 -1.00 -1.00
ASP A0032 -1.00 -1.00 -1.00 -1.00 -1.00
LYS A0041  1.00  1.00  1.00  1.00  1.00
HIS A0045  0.31  0.31  0.31  0.31  0.31
ASP A0049 -1.00 -1.00 -1.00 -1.00 -1.00
ARG A0052  1.00  1.00  1.00  1.00  1.00
ASP A0053 -0.99 -0.99 -0.99 -0.99 -0.99
ARG A0056  1.00  1.00  1.00  1.00  1.00
GLU A0057 -1.00 -1.00 -1.00 -1.00 -1.00
LYS A0062  1.00  1.00  1.00  1.00  1.00
HIS A0065  0.36  0.36  0.36  0.36  0.36
ASP A0067 -1.00 -1.00 -1.00 -1.00 -1.00
LYS A0071  1.00  1.00  1.00  1.00  1.00
TYR A0072  0.00 -0.00  0.00  0.00  0.00
ARG A0073  1.00  1.00  1.00  1.00  1.00
TYR A0077 -0.00 -0.00 -0.00 -0.00 -0.00
ARG A0081  1.00  1.00  1.00  1.00  1.00
ARG A0085  1.00  1.00  1.00  1.00  1.00
GLU A0089 -1.00 -1.00 -1.00 -1.00 -1.00
TYR A0090  0.00 -0.00 -0.00 -0.00 -0.00
CYS A0095 -0.00 -0.00 -0.00 -0.00 -0.00
ARG A0097  1.00  1.00  1.00  1.00  1.00
ASP A0098 -1.00 -1.00 -1.00 -1.00 -1.00
ARG A0102  1.00  1.00  1.00  1.00  1.00
HIS A0103  0.01  0.01  0.01  0.01  0.01
ARG A0104  1.00  1.00  1.00  1.00  1.00
ARG A0106  1.00  1.00  1.00  1.00  1.00
ASP A0108 -1.00 -1.00 -1.00 -1.00 -1.00
ARG A0111  1.00  1.00  1.00  1.00  1.00
TYR A0115  0.00  0.00  0.00  0.00  0.00
CYS A0120  0.00  0.00  0.00  0.00  0.00
LYS A0121  1.00  1.00  1.00  1.00  1.00
GLU A0124 -1.00 -1.00 -1.00 -1.00 -1.00
TYR A0125 -0.01 -0.01 -0.01 -0.01 -0.01
ARG A0129  1.00  1.00  1.00  1.00  1.00
ARG A0130  1.00  1.00  1.00  1.00  1.00
CYS A0131  0.00  0.00  0.00  0.00  0.00
HIS A0133  0.00  0.00  0.00  0.00  0.00
ARG A0134  0.00  0.00  0.00  0.00  0.00
ASP A0135 -1.00 -1.00 -1.00 -1.00 -1.00
ARG A0139  1.00  1.00  1.00  1.00  1.00
GLU A0144 -1.00 -1.00 -1.00 -1.00 -1.00
GLU A0146 -1.00 -1.00 -1.00 -1.00 -1.00
HIS A0148  0.45  0.45  0.45  0.45  0.45
LYS A0150  1.00  1.00  1.00  1.00  1.00
ASP A0153 -1.00 -1.00 -1.00 -1.00 -1.00
LYS A0158  1.00  1.00  1.00  1.00  1.00
ASP A0163 -1.00 -1.00 -1.00 -1.00 -1.00
LYS A0164  1.00  1.00  1.00  1.00  1.00
ASP A0165 -1.00 -1.00 -1.00 -1.00 -1.00
TYR A0166 -0.01 -0.01 -0.01 -0.01 -0.01
TYR A0167  0.00  0.00  0.00  0.00  0.00
ARG A0170  1.00  1.00  1.00  1.00  1.00
GLU A0171 -1.00 -1.00 -1.00 -1.00 -1.00
TYR A0180  0.00 -0.00  0.00  0.00 -0.00
GLU A0183 -1.00 -1.00 -1.00 -1.00 -1.00
ASP A0187 -0.99 -0.99 -0.99 -0.99 -0.99
ARG A0192  1.00  1.00  1.00  1.00  1.00
ASP A0195 -1.00 -1.00 -1.00 -1.00 -1.00
TYR A0204  0.00  0.00  0.00  0.00  0.00
GLU A0205 -1.00 -1.00 -1.00 -1.00 -1.00
TYR A0209  0.00  0.00  0.00  0.00  0.00
CYS A0210  0.00  0.00  0.00  0.00  0.00
ASP A0211 -1.00 -1.00 -1.00 -1.00 -1.00
LYS A0212  0.99  1.00  1.00  1.00  1.00
CYS A0214 -0.00  0.00 -0.00  0.00  0.00
GLU A0219 -1.00 -1.00 -1.00 -1.00 -1.00
ARG A0222  1.00  1.00  1.00  1.00  1.00
CYS A0226  0.00  0.00  0.00  0.00  0.00
GLU A0227 -0.99 -0.99 -0.99 -0.99 -0.99
ARG A0228  0.00  0.00  0.00  0.00  0.00
ASP A0229 -0.99 -0.99 -0.99 -0.99 -0.99
ARG A0235  0.00  0.00  0.00  0.00  0.00
GLU A0238 -0.91 -0.91 -0.91 -0.91 -0.91
GLU A0241 -0.98 -0.98 -0.98 -0.98 -0.98
GLU A0242 -0.96 -0.96 -0.96 -0.96 -0.96
ARG A0245  1.00  1.00  1.00  1.00  1.00
CYS A0252  0.00  0.00  0.00  0.00  0.00
GLU A0255 -1.00 -1.00 -1.00 -1.00 -1.00
HIS A0257  0.01  0.01  0.01  0.01  0.01
GLU A0258 -1.00 -1.00 -1.00 -1.00 -1.00
LYS A0261  1.00  1.00  1.00  1.00  1.00
CYS A0263  0.00  0.00  0.00  0.00  0.00
ASP A0270 -1.00 -1.00 -1.00 -1.00 -1.00
ARG A0271  1.00  1.00  1.00  1.00  1.00
ASP A0282 -1.00 -1.00 -1.00 -1.00 -1.00

Tot Protn  -3.0  -3.0  -3.0  -3.0  -3.0
Tot Elec    0.0   0.0   0.0   0.0   0.0
Net crg    -3.0  -3.0  -3.0  -3.0  -3.0
