HIS A0001_ R f 00 S f  0.0 H f 00 M 000
ILE A0002_ R f 00 S f  0.0 H f 00 M 000
ASP A0003_ R f 00 S f  0.0 H f 00 M 000
LEU A0004_ R f 00 S f  0.0 H f 00 M 000
SER A0005_ R f 00 S f  0.0 H f 00 M 000
ALA A0006_ R f 00 S f  0.0 H f 00 M 000
LEU A0007_ R f 00 S f  0.0 H f 00 M 000
ASN A0008_ R f 00 S f  0.0 H f 00 M 000
PRO A0009_ R f 00 S f  0.0 H f 00 M 000
GLU A0010_ R f 00 S f  0.0 H f 00 M 000
LEU A0011_ R f 00 S f  0.0 H f 00 M 000
VAL A0012_ R f 00 S f  0.0 H f 00 M 000
GLN A0013_ R f 00 S f  0.0 H f 00 M 000
ALA A0014_ R f 00 S f  0.0 H f 00 M 000
VAL A0015_ R f 00 S f  0.0 H f 00 M 000
GLN A0016_ R f 00 S f  0.0 H f 00 M 000
HIS A0017_ R f 00 S f  0.0 H f 00 M 000
VAL A0018_ R f 00 S f  0.0 H f 00 M 000
VAL A0019_ R f 00 S f  0.0 H f 00 M 000
ILE A0020_ R f 00 S f  0.0 H f 00 M 000
GLY A0021_ R f 00 S f  0.0 H f 00 M 000
PRO A0022_ R f 00 S f  0.0 H f 00 M 000
SER A0023_ R f 00 S f  0.0 H f 00 M 000
SER A0024_ R f 00 S f  0.0 H f 00 M 000
LEU A0025_ R f 00 S f  0.0 H f 00 M 000
ILE A0026_ R f 00 S f  0.0 H f 00 M 000
VAL A0027_ R f 00 S f  0.0 H f 00 M 000
HIS A0028_ R f 00 S f  0.0 H f 00 M 000
PHE A0029_ R f 00 S f  0.0 H f 00 M 000
ASN A0030_ R f 00 S f  0.0 H f 00 M 000
GLU A0031_ R f 00 S f  0.0 H f 00 M 000
VAL A0032_ R f 00 S f  0.0 H f 00 M 000
ILE A0033_ R f 00 S f  0.0 H f 00 M 000
GLY A0034_ R f 00 S f  0.0 H f 00 M 000
ARG A0035_ R f 00 S f  0.0 H f 00 M 000
GLY A0036_ R f 00 S f  0.0 H f 00 M 000
HIS A0037_ R f 00 S f  0.0 H f 00 M 000
PHE A0038_ R f 00 S f  0.0 H f 00 M 000
GLY A0039_ R f 00 S f  0.0 H f 00 M 000
CYS A0040_ R f 00 S f  0.0 H f 00 M 000
VAL A0041_ R f 00 S f  0.0 H f 00 M 000
TYR A0042_ R f 00 S f  0.0 H f 00 M 000
HIS A0043_ R f 00 S f  0.0 H f 00 M 000
GLY A0044_ R f 00 S f  0.0 H f 00 M 000
THR A0045_ R f 00 S f  0.0 H f 00 M 000
LEU A0046_ R f 00 S f  0.0 H f 00 M 000
LEU A0047_ R f 00 S f  0.0 H f 00 M 000
ASP A0048_ R f 00 S f  0.0 H f 00 M 000
ASN A0049_ R f 00 S f  0.0 H f 00 M 000
ASP A0050_ R f 00 S f  0.0 H f 00 M 000
GLY A0051_ R f 00 S f  0.0 H f 00 M 000
LYS A0052_ R f 00 S f  0.0 H f 00 M 000
LYS A0053_ R f 00 S f  0.0 H f 00 M 000
ILE A0054_ R f 00 S f  0.0 H f 00 M 000
HIS A0055_ R f 00 S f  0.0 H f 00 M 000
CYS A0056_ R f 00 S f  0.0 H f 00 M 000
ALA A0057_ R f 00 S f  0.0 H f 00 M 000
VAL A0058_ R f 00 S f  0.0 H f 00 M 000
LYS A0059_ R f 00 S f  0.0 H f 00 M 000
SER A0060_ R f 00 S f  0.0 H f 00 M 000
LEU A0061_ R f 00 S f  0.0 H f 00 M 000
ASN A0062_ R f 00 S f  0.0 H f 00 M 000
ARG A0063_ R f 00 S f  0.0 H f 00 M 000
ILE A0064_ R f 00 S f  0.0 H f 00 M 000
THR A0065_ R f 00 S f  0.0 H f 00 M 000
ASP A0066_ R f 00 S f  0.0 H f 00 M 000
ILE A0067_ R f 00 S f  0.0 H f 00 M 000
GLY A0068_ R f 00 S f  0.0 H f 00 M 000
GLU A0069_ R f 00 S f  0.0 H f 00 M 000
VAL A0070_ R f 00 S f  0.0 H f 00 M 000
SER A0071_ R f 00 S f  0.0 H f 00 M 000
GLN A0072_ R f 00 S f  0.0 H f 00 M 000
PHE A0073_ R f 00 S f  0.0 H f 00 M 000
LEU A0074_ R f 00 S f  0.0 H f 00 M 000
THR A0075_ R f 00 S f  0.0 H f 00 M 000
GLU A0076_ R f 00 S f  0.0 H f 00 M 000
GLY A0077_ R f 00 S f  0.0 H f 00 M 000
ILE A0078_ R f 00 S f  0.0 H f 00 M 000
ILE A0079_ R f 00 S f  0.0 H f 00 M 000
MET A0080_ R f 00 S f  0.0 H f 00 M 000
LYS A0081_ R f 00 S f  0.0 H f 00 M 000
ASP A0082_ R f 00 S f  0.0 H f 00 M 000
PHE A0083_ R f 00 S f  0.0 H f 00 M 000
SER A0084_ R f 00 S f  0.0 H f 00 M 000
HIS A0085_ R f 00 S f  0.0 H f 00 M 000
PRO A0086_ R f 00 S f  0.0 H f 00 M 000
ASN A0087_ R f 00 S f  0.0 H f 00 M 000
VAL A0088_ R f 00 S f  0.0 H f 00 M 000
LEU A0089_ R f 00 S f  0.0 H f 00 M 000
SER A0090_ R f 00 S f  0.0 H f 00 M 000
LEU A0091_ R f 00 S f  0.0 H f 00 M 000
LEU A0092_ R f 00 S f  0.0 H f 00 M 000
GLY A0093_ R f 00 S f  0.0 H f 00 M 000
ILE A0094_ R f 00 S f  0.0 H f 00 M 000
CYS A0095_ R f 00 S f  0.0 H f 00 M 000
LEU A0096_ R f 00 S f  0.0 H f 00 M 000
ARG A0097_ R f 00 S f  0.0 H f 00 M 000
SER A0098_ R f 00 S f  0.0 H f 00 M 000
GLU A0099_ R f 00 S f  0.0 H f 00 M 000
GLY A0100_ R f 00 S f  0.0 H f 00 M 000
SER A0101_ R f 00 S f  0.0 H f 00 M 000
PRO A0102_ R f 00 S f  0.0 H f 00 M 000
LEU A0103_ R f 00 S f  0.0 H f 00 M 000
VAL A0104_ R f 00 S f  0.0 H f 00 M 000
VAL A0105_ R f 00 S f  0.0 H f 00 M 000
LEU A0106_ R f 00 S f  0.0 H f 00 M 000
PRO A0107_ R f 00 S f  0.0 H f 00 M 000
TYR A0108_ R f 00 S f  0.0 H f 00 M 000
MET A0109_ R f 00 S f  0.0 H f 00 M 000
LYS A0110_ R f 00 S f  0.0 H f 00 M 000
HIS A0111_ R f 00 S f  0.0 H f 00 M 000
GLY A0112_ R f 00 S f  0.0 H f 00 M 000
ASP A0113_ R f 00 S f  0.0 H f 00 M 000
LEU A0114_ R f 00 S f  0.0 H f 00 M 000
ARG A0115_ R f 00 S f  0.0 H f 00 M 000
ASN A0116_ R f 00 S f  0.0 H f 00 M 000
PHE A0117_ R f 00 S f  0.0 H f 00 M 000
ILE A0118_ R f 00 S f  0.0 H f 00 M 000
ARG A0119_ R f 00 S f  0.0 H f 00 M 000
ASN A0120_ R f 00 S f  0.0 H f 00 M 000
GLU A0121_ R f 00 S f  0.0 H f 00 M 000
THR A0122_ R f 00 S f  0.0 H f 00 M 000
HIS A0123_ R f 00 S f  0.0 H f 00 M 000
ASN A0124_ R f 00 S f  0.0 H f 00 M 000
PRO A0125_ R f 00 S f  0.0 H f 00 M 000
THR A0126_ R f 00 S f  0.0 H f 00 M 000
VAL A0127_ R f 00 S f  0.0 H f 00 M 000
LYS A0128_ R f 00 S f  0.0 H f 00 M 000
ASP A0129_ R f 00 S f  0.0 H f 00 M 000
LEU A0130_ R f 00 S f  0.0 H f 00 M 000
ILE A0131_ R f 00 S f  0.0 H f 00 M 000
GLY A0132_ R f 00 S f  0.0 H f 00 M 000
PHE A0133_ R f 00 S f  0.0 H f 00 M 000
GLY A0134_ R f 00 S f  0.0 H f 00 M 000
LEU A0135_ R f 00 S f  0.0 H f 00 M 000
GLN A0136_ R f 00 S f  0.0 H f 00 M 000
VAL A0137_ R f 00 S f  0.0 H f 00 M 000
ALA A0138_ R f 00 S f  0.0 H f 00 M 000
LYS A0139_ R f 00 S f  0.0 H f 00 M 000
GLY A0140_ R f 00 S f  0.0 H f 00 M 000
MET A0141_ R f 00 S f  0.0 H f 00 M 000
LYS A0142_ R f 00 S f  0.0 H f 00 M 000
TYR A0143_ R f 00 S f  0.0 H f 00 M 000
LEU A0144_ R f 00 S f  0.0 H f 00 M 000
ALA A0145_ R f 00 S f  0.0 H f 00 M 000
SER A0146_ R f 00 S f  0.0 H f 00 M 000
LYS A0147_ R f 00 S f  0.0 H f 00 M 000
LYS A0148_ R f 00 S f  0.0 H f 00 M 000
PHE A0149_ R f 00 S f  0.0 H f 00 M 000
VAL A0150_ R f 00 S f  0.0 H f 00 M 000
HIS A0151_ R f 00 S f  0.0 H f 00 M 000
ARG A0152_ R f 00 S f  0.0 H f 00 M 000
ASP A0153_ R f 00 S f  0.0 H f 00 M 000
LEU A0154_ R f 00 S f  0.0 H f 00 M 000
ALA A0155_ R f 00 S f  0.0 H f 00 M 000
ALA A0156_ R f 00 S f  0.0 H f 00 M 000
ARG A0157_ R f 00 S f  0.0 H f 00 M 000
ASN A0158_ R f 00 S f  0.0 H f 00 M 000
CYS A0159_ R f 00 S f  0.0 H f 00 M 000
MET A0160_ R f 00 S f  0.0 H f 00 M 000
LEU A0161_ R f 00 S f  0.0 H f 00 M 000
ASP A0162_ R f 00 S f  0.0 H f 00 M 000
GLU A0163_ R f 00 S f  0.0 H f 00 M 000
LYS A0164_ R f 00 S f  0.0 H f 00 M 000
PHE A0165_ R f 00 S f  0.0 H f 00 M 000
THR A0166_ R f 00 S f  0.0 H f 00 M 000
VAL A0167_ R f 00 S f  0.0 H f 00 M 000
LYS A0168_ R f 00 S f  0.0 H f 00 M 000
VAL A0169_ R f 00 S f  0.0 H f 00 M 000
ALA A0170_ R f 00 S f  0.0 H f 00 M 000
ASP A0171_ R f 00 S f  0.0 H f 00 M 000
PHE A0172_ R f 00 S f  0.0 H f 00 M 000
GLY A0173_ R f 00 S f  0.0 H f 00 M 000
LEU A0174_ R f 00 S f  0.0 H f 00 M 000
ALA A0175_ R f 00 S f  0.0 H f 00 M 000
ARG A0176_ R f 00 S f  0.0 H f 00 M 000
ASP A0177_ R f 00 S f  0.0 H f 00 M 000
MET A0178_ R f 00 S f  0.0 H f 00 M 000
TYR A0179_ R f 00 S f  0.0 H f 00 M 000
ASP A0180_ R f 00 S f  0.0 H f 00 M 000
LYS A0181_ R f 00 S f  0.0 H f 00 M 000
GLU A0182_ R f 00 S f  0.0 H f 00 M 000
TYR A0183_ R f 00 S f  0.0 H f 00 M 000
TYR A0184_ R f 00 S f  0.0 H f 00 M 000
SER A0185_ R f 00 S f  0.0 H f 00 M 000
VAL A0186_ R f 00 S f  0.0 H f 00 M 000
HIS A0187_ R f 00 S f  0.0 H f 00 M 000
ASN A0188_ R f 00 S f  0.0 H f 00 M 000
LYS A0189_ R f 00 S f  0.0 H f 00 M 000
THR A0190_ R f 00 S f  0.0 H f 00 M 000
GLY A0191_ R f 00 S f  0.0 H f 00 M 000
ALA A0192_ R f 00 S f  0.0 H f 00 M 000
LYS A0193_ R f 00 S f  0.0 H f 00 M 000
LEU A0194_ R f 00 S f  0.0 H f 00 M 000
PRO A0195_ R f 00 S f  0.0 H f 00 M 000
VAL A0196_ R f 00 S f  0.0 H f 00 M 000
LYS A0197_ R f 00 S f  0.0 H f 00 M 000
TRP A0198_ R f 00 S f  0.0 H f 00 M 000
MET A0199_ R f 00 S f  0.0 H f 00 M 000
ALA A0200_ R f 00 S f  0.0 H f 00 M 000
LEU A0201_ R f 00 S f  0.0 H f 00 M 000
GLU A0202_ R f 00 S f  0.0 H f 00 M 000
SER A0203_ R f 00 S f  0.0 H f 00 M 000
LEU A0204_ R f 00 S f  0.0 H f 00 M 000
GLN A0205_ R f 00 S f  0.0 H f 00 M 000
THR A0206_ R f 00 S f  0.0 H f 00 M 000
GLN A0207_ R f 00 S f  0.0 H f 00 M 000
LYS A0208_ R f 00 S f  0.0 H f 00 M 000
PHE A0209_ R f 00 S f  0.0 H f 00 M 000
THR A0210_ R f 00 S f  0.0 H f 00 M 000
THR A0211_ R f 00 S f  0.0 H f 00 M 000
LYS A0212_ R f 00 S f  0.0 H f 00 M 000
SER A0213_ R f 00 S f  0.0 H f 00 M 000
ASP A0214_ R f 00 S f  0.0 H f 00 M 000
VAL A0215_ R f 00 S f  0.0 H f 00 M 000
TRP A0216_ R f 00 S f  0.0 H f 00 M 000
SER A0217_ R f 00 S f  0.0 H f 00 M 000
PHE A0218_ R f 00 S f  0.0 H f 00 M 000
GLY A0219_ R f 00 S f  0.0 H f 00 M 000
VAL A0220_ R f 00 S f  0.0 H f 00 M 000
LEU A0221_ R f 00 S f  0.0 H f 00 M 000
LEU A0222_ R f 00 S f  0.0 H f 00 M 000
TRP A0223_ R f 00 S f  0.0 H f 00 M 000
GLU A0224_ R f 00 S f  0.0 H f 00 M 000
LEU A0225_ R f 00 S f  0.0 H f 00 M 000
MET A0226_ R f 00 S f  0.0 H f 00 M 000
THR A0227_ R f 00 S f  0.0 H f 00 M 000
ARG A0228_ R f 00 S f  0.0 H f 00 M 000
GLY A0229_ R f 00 S f  0.0 H f 00 M 000
ALA A0230_ R f 00 S f  0.0 H f 00 M 000
PRO A0231_ R f 00 S f  0.0 H f 00 M 000
PRO A0232_ R f 00 S f  0.0 H f 00 M 000
TYR A0233_ R f 00 S f  0.0 H f 00 M 000
PRO A0234_ R f 00 S f  0.0 H f 00 M 000
ASP A0235_ R f 00 S f  0.0 H f 00 M 000
VAL A0236_ R f 00 S f  0.0 H f 00 M 000
ASN A0237_ R f 00 S f  0.0 H f 00 M 000
THR A0238_ R f 00 S f  0.0 H f 00 M 000
PHE A0239_ R f 00 S f  0.0 H f 00 M 000
ASP A0240_ R f 00 S f  0.0 H f 00 M 000
ILE A0241_ R f 00 S f  0.0 H f 00 M 000
THR A0242_ R f 00 S f  0.0 H f 00 M 000
VAL A0243_ R f 00 S f  0.0 H f 00 M 000
TYR A0244_ R f 00 S f  0.0 H f 00 M 000
LEU A0245_ R f 00 S f  0.0 H f 00 M 000
LEU A0246_ R f 00 S f  0.0 H f 00 M 000
GLN A0247_ R f 00 S f  0.0 H f 00 M 000
GLY A0248_ R f 00 S f  0.0 H f 00 M 000
ARG A0249_ R f 00 S f  0.0 H f 00 M 000
ARG A0250_ R f 00 S f  0.0 H f 00 M 000
LEU A0251_ R f 00 S f  0.0 H f 00 M 000
LEU A0252_ R f 00 S f  0.0 H f 00 M 000
GLN A0253_ R f 00 S f  0.0 H f 00 M 000
PRO A0254_ R f 00 S f  0.0 H f 00 M 000
GLU A0255_ R f 00 S f  0.0 H f 00 M 000
TYR A0256_ R f 00 S f  0.0 H f 00 M 000
CYS A0257_ R f 00 S f  0.0 H f 00 M 000
PRO A0258_ R f 00 S f  0.0 H f 00 M 000
ASP A0259_ R f 00 S f  0.0 H f 00 M 000
PRO A0260_ R f 00 S f  0.0 H f 00 M 000
LEU A0261_ R f 00 S f  0.0 H f 00 M 000
TYR A0262_ R f 00 S f  0.0 H f 00 M 000
GLU A0263_ R f 00 S f  0.0 H f 00 M 000
VAL A0264_ R f 00 S f  0.0 H f 00 M 000
MET A0265_ R f 00 S f  0.0 H f 00 M 000
LEU A0266_ R f 00 S f  0.0 H f 00 M 000
LYS A0267_ R f 00 S f  0.0 H f 00 M 000
CYS A0268_ R f 00 S f  0.0 H f 00 M 000
TRP A0269_ R f 00 S f  0.0 H f 00 M 000
HIS A0270_ R f 00 S f  0.0 H f 00 M 000
PRO A0271_ R f 00 S f  0.0 H f 00 M 000
LYS A0272_ R f 00 S f  0.0 H f 00 M 000
ALA A0273_ R f 00 S f  0.0 H f 00 M 000
GLU A0274_ R f 00 S f  0.0 H f 00 M 000
MET A0275_ R f 00 S f  0.0 H f 00 M 000
ARG A0276_ R f 00 S f  0.0 H f 00 M 000
PRO A0277_ R f 00 S f  0.0 H f 00 M 000
SER A0278_ R f 00 S f  0.0 H f 00 M 000
PHE A0279_ R f 00 S f  0.0 H f 00 M 000
SER A0280_ R f 00 S f  0.0 H f 00 M 000
GLU A0281_ R f 00 S f  0.0 H f 00 M 000
LEU A0282_ R f 00 S f  0.0 H f 00 M 000
VAL A0283_ R f 00 S f  0.0 H f 00 M 000
SER A0284_ R f 00 S f  0.0 H f 00 M 000
ARG A0285_ R f 00 S f  0.0 H f 00 M 000
ILE A0286_ R f 00 S f  0.0 H f 00 M 000
SER A0287_ R f 00 S f  0.0 H f 00 M 000
ALA A0288_ R f 00 S f  0.0 H f 00 M 000
ILE A0289_ R f 00 S f  0.0 H f 00 M 000
PHE A0290_ R f 00 S f  0.0 H f 00 M 000
SER A0291_ R f 00 S f  0.0 H f 00 M 000
THR A0292_ R f 00 S f  0.0 H f 00 M 000
PHE A0293_ R f 00 S f  0.0 H f 00 M 000
ILE A0294_ R f 00 S f  0.0 H f 00 M 000
VGH B0001_ R f 00 S f  0.0 H f 00 M 000
