CONFORMER         crg  vdw0  vdw1  tors  epol  self   occ  Hb     history    ASA
HIS01A0001_001  0.000 -8.49 -1.48  2.80  0.00 -7.18 0.746  00  01O000M000  0.747
HIS01A0001_002  0.000 -8.38 -1.55  2.80  0.00 -7.13 0.754  00  01R001M000  0.734
HIS02A0001_003  0.000 -8.51 -1.53  2.80  0.00 -7.25 0.746  00  02O000M000  0.747
HIS02A0001_004  0.000 -8.39 -1.55  2.80  0.00 -7.14 0.754  00  02R001M000  0.734
HIS+1A0001_005  1.000 -8.54 -1.54  2.80  0.00 -7.28 0.746  00  +1O000M000  0.747
HIS+1A0001_006  1.000 -8.42 -1.57  2.80  0.00 -7.19 0.754  00  +1R001M000  0.734
ILE01A0002_001  0.000  1.33 -1.28  2.21  0.00  2.26 1.000  00  01O000M000  0.023
ASP01A0003_001  0.000 -1.89  0.96  6.41  0.00  5.49 1.000  00  01O000M000  0.482
ASP01A0003_002  0.000 -1.89  0.96  3.69  0.00  2.77 1.000  00  01O000M000  0.482
ASP02A0003_003  0.000 -1.89  0.70  6.41  0.00  5.22 1.000  00  02O000M000  0.487
ASP02A0003_004  0.000 -1.89  0.70  3.69  0.00  2.50 1.000  00  02O000M000  0.487
ASP-1A0003_005 -1.000 -1.85  0.72  3.69  0.00  2.57 1.000  00  -1O000M000  0.481
LEU01A0004_001  0.000 -2.34 -0.53  3.13  0.00  0.26 1.000  00  01O000M000  0.316
SER01A0005_001  0.000 -5.24 -0.59  0.46  0.00 -5.37 0.668  00  01O000M000  0.901
ALA01A0006_001  0.000 -1.44 -0.81  0.00  0.00 -2.26 1.000  00  01O000M000  0.271
LEU01A0007_001  0.000  2.24 -4.41  1.85  0.00 -0.32 1.000  00  01O000M000  0.000
ASN01A0008_001  0.000 -2.07 -2.99  1.53  0.00 -3.53 0.754  00  01O000M000  0.541
ASN01A0008_002  0.000 -1.83 -2.33  1.54  0.00 -2.62 0.746  00  01R001M000  0.490
PRO01A0009_001  0.000 -6.09  3.27  0.00  0.00 -2.82 1.000  00  01O000M000  0.656
GLU01A0010_001  0.000 -2.71  7.42  8.45  0.00 13.15 1.000  00  01O000M000  0.787
GLU01A0010_002  0.000 -2.71  7.42  5.73  0.00 10.43 1.000  00  01O000M000  0.787
GLU02A0010_003  0.000 -2.89  7.44  8.45  0.00 13.00 1.000  00  02O000M000  0.832
GLU02A0010_004  0.000 -2.89  7.44  5.73  0.00 10.28 1.000  00  02O000M000  0.832
GLU-1A0010_005 -1.000 -2.85  7.46  5.73  0.00 10.34 1.000  00  -1O000M000  0.806
LEU01A0011_001  0.000  1.53 -3.50  0.88  0.00 -1.09 1.000  00  01O000M000  0.009
VAL01A0012_001  0.000 -0.71 -0.99  0.10  0.00 -1.60 1.000  00  01O000M000  0.125
GLN01A0013_001  0.000 -1.47 -1.51  5.55  0.00  2.57 0.746  00  01O000M000  0.640
GLN01A0013_002  0.000 -1.91 -1.42  5.54  0.00  2.20 0.754  00  01R001M000  0.664
ALA01A0014_001  0.000 -1.24 -1.44  0.00  0.00 -2.67 1.000  00  01O000M000  0.224
VAL01A0015_001  0.000  0.67 -0.06  0.10  0.00  0.71 1.000  00  01O000M000  0.000
GLN01A0016_001  0.000 -0.31 -1.31  5.52  0.00  3.90 0.753  00  01O000M000  0.405
GLN01A0016_002  0.000  0.25 -1.32  5.51  0.00  4.44 0.747  00  01R001M000  0.423
HIS01A0017_001  0.000 -6.30 -2.96  0.82  0.00 -8.43 0.752  00  01O000M000  0.527
HIS01A0017_002  0.000 -6.18 -0.99  0.82  0.00 -6.34 0.748  00  01R001M000  0.529
HIS02A0017_003  0.000 -6.32 -3.16  0.82  0.00 -8.65 0.752  00  02O000M000  0.527
HIS02A0017_004  0.000 -6.19 -0.99  0.82  0.00 -6.36 0.748  00  02R001M000  0.529
HIS+1A0017_005  1.000 -6.35 -3.16  0.82  0.00 -8.68 0.752  00  +1O000M000  0.527
HIS+1A0017_006  1.000 -6.22 -1.01  0.82  0.00 -6.40 0.748  00  +1R001M000  0.529
VAL01A0018_001  0.000 -0.55 -1.06  0.31  0.00 -1.31 1.000  00  01O000M000  0.116
VAL01A0019_001  0.000 -2.60 -1.93  0.09  0.00 -4.45 1.000  00  01O000M000  0.306
ILE01A0020_001  0.000  0.03 -4.66  0.73  0.00 -3.90 1.000  00  01O000M000  0.077
PRO01A0022_001  0.000 -4.46 -1.08  0.00  0.00 -5.53 1.000  00  01O000M000  0.481
SER01A0023_001  0.000 -5.05 -0.87  0.53  0.00 -5.39 0.669  00  01O000M000  0.794
SER01A0023_002  0.000 -5.05 -0.87  0.16  0.00 -5.77 0.669  00  01O000M000  0.794
SER01A0024_001  0.000 -1.31 -1.58  0.71  0.00 -2.18 0.669  00  01O000M000  0.217
SER01A0024_002  0.000 -1.31 -1.58  0.34  0.00 -2.56 0.669  00  01O000M000  0.217
LEU01A0025_001  0.000  1.89 -6.21  0.71  0.00 -3.61 1.000  00  01O000M000  0.017
ILE01A0026_001  0.000 -4.53 -0.86  0.48  0.00 -4.91 1.000  00  01O000M000  0.493
VAL01A0027_001  0.000  0.31 -1.99  0.09  0.00 -1.58 1.000  00  01O000M000  0.036
HIS01A0028_001  0.000 -3.75 -4.10  0.04  0.00 -7.81 0.744  00  01O000M000  0.315
HIS01A0028_002  0.000 -3.51 -3.93  0.04  0.00 -7.39 0.756  00  01R001M000  0.303
HIS02A0028_003  0.000 -3.77 -4.11  0.04  0.00 -7.83 0.744  00  02O000M000  0.315
HIS02A0028_004  0.000 -3.52 -4.05  0.04  0.00 -7.52 0.756  00  02R001M000  0.303
HIS+1A0028_005  1.000 -3.79 -4.12  0.04  0.00 -7.88 0.744  00  +1O000M000  0.315
HIS+1A0028_006  1.000 -3.54 -4.05  0.04  0.00 -7.55 0.756  00  +1R001M000  0.303
PHE01A0029_001  0.000 -1.93 -3.29  0.10  0.00 -5.12 1.000  00  01O000M000  0.464
ASN01A0030_001  0.000 -2.35 -1.35  0.81  0.00 -2.89 0.751  00  01O000M000  0.612
ASN01A0030_002  0.000 -2.42 -0.35  0.81  0.00 -1.96 0.749  00  01R001M000  0.579
GLU01A0031_001  0.000  0.01 -2.14  3.53  0.00  1.40 1.000  00  01O000M000  0.407
GLU01A0031_002  0.000  0.01 -2.14  0.81  0.00 -1.32 1.000  00  01O000M000  0.407
GLU02A0031_003  0.000 -0.50 -2.10  3.53  0.00  0.94 1.000  00  02O000M000  0.430
GLU02A0031_004  0.000 -0.50 -2.10  0.81  0.00 -1.78 1.000  00  02O000M000  0.430
GLU-1A0031_005 -1.000 -0.46 -2.07  0.81  0.00 -1.72 1.000  00  -1O000M000  0.415
VAL01A0032_001  0.000 -1.22 -2.23  0.11  0.00 -3.34 1.000  00  01O000M000  0.182
ILE01A0033_001  0.000  4.16 -3.78  0.70  0.00  1.08 1.000  00  01O000M000  0.013
ARG01A0035_001  0.000 -6.27 -0.48  5.41  0.00 -1.34 1.000  00  01O000M000  0.660
ARG02A0035_002  0.000 -6.28 -0.48  5.41  0.00 -1.35 1.000  00  02O000M000  0.660
ARG02A0035_003  0.000 -6.20 -0.47  5.41  0.00 -1.26 1.000  00  02O000M000  0.660
ARG03A0035_004  0.000 -6.29 -0.48  5.41  0.00 -1.36 1.000  00  03O000M000  0.660
ARG+1A0035_005  1.000 -6.33 -0.48  5.41  0.00 -1.41 1.000  00  +1O000M000  0.660
HIS01A0037_001  0.000 -6.48 -2.41  0.29  0.00 -8.60 0.744  00  01O000M000  0.550
HIS01A0037_002  0.000 -6.42 -2.42  0.29  0.00 -8.54 0.756  00  01R001M000  0.570
HIS02A0037_003  0.000 -6.50 -2.43  0.29  0.00 -8.65 0.744  00  02O000M000  0.550
HIS02A0037_004  0.000 -6.43 -2.44  0.29  0.00 -8.58 0.756  00  02R001M000  0.570
HIS+1A0037_005  1.000 -6.53 -2.44  0.29  0.00 -8.68 0.744  00  +1O000M000  0.550
HIS+1A0037_006  1.000 -6.46 -2.44  0.29  0.00 -8.61 0.756  00  +1R001M000  0.570
PHE01A0038_001  0.000  2.52 -4.63  0.05  0.00 -2.06 1.000  00  01O000M000  0.113
CYS01A0040_001  0.000 -1.29 -2.24  0.36  0.00 -3.16 1.000  00  01O000M000  0.177
CYS01A0040_002  0.000 -1.29 -2.22  0.36  0.00 -3.14 1.000  00  01O000M000  0.177
CYS01A0040_003  0.000 -1.29 -2.19  0.36  0.00 -3.12 1.000  00  01O000M000  0.177
CYS-1A0040_004 -1.000 -1.29 -2.17  0.36  0.00 -3.10 1.000  00  -1O000M000  0.177
VAL01A0041_001  0.000  0.61 -4.95  0.44  0.00 -3.90 1.000  00  01O000M000  0.000
TYR01A0042_001  0.000  2.70-10.48  0.24  0.00 -7.53 1.000  00  01O000M000  0.120
TYR-1A0042_002 -1.000  2.70-10.48  0.24  0.00 -7.53 1.000  00  -1O000M000  0.120
HIS01A0043_001  0.000 -1.88 -3.77  0.68  0.00 -4.96 0.000  00  01O000M000  0.146
HIS01A0043_002  0.000 -1.82 -3.70  0.68  0.00 -4.84 1.000  00  01R001M000  0.150
HIS02A0043_003  0.000 -1.90 -3.80  0.68  0.00 -5.01 0.000  00  02O000M000  0.146
HIS02A0043_004  0.000 -1.83 -3.76  0.68  0.00 -4.91 1.000  00  02R001M000  0.150
HIS+1A0043_005  1.000 -1.92 -3.81  0.68  0.00 -5.05 0.000  00  +1O000M000  0.146
HIS+1A0043_006  1.000 -1.86 -3.77  0.68  0.00 -4.94 1.000  00  +1R001M000  0.150
THR01A0045_001  0.000 -0.25  0.88  2.65  0.00  3.28 0.662  00  01O000M000  0.076
THR01A0045_002  0.000 -0.25  0.88  2.27  0.00  2.90 0.662  00  01O000M000  0.076
LEU01A0046_001  0.000  1.09 -4.60  0.78  0.00 -2.73 1.000  00  01O000M000  0.067
LEU01A0047_001  0.000 -0.17999.00  1.60  0.00999.00 1.000  00  01O000M000  0.168
ASP01A0048_001  0.000  4.38 64.95  5.47  0.00 74.79 1.000  00  01O000M000  0.547
ASP01A0048_002  0.000  4.38 64.95  2.75  0.00 72.07 1.000  00  01O000M000  0.547
ASP02A0048_003  0.000  6.21 62.45  5.47  0.00 74.13 1.000  00  02O000M000  0.571
ASP02A0048_004  0.000  6.21 62.45  2.75  0.00 71.41 1.000  00  02O000M000  0.571
ASP-1A0048_005 -1.000  4.43 62.51  2.75  0.00 69.68 1.000  00  -1O000M000  0.544
ASN01A0049_001  0.000  1.31999.00  0.70  0.00999.00 0.000  00  01O000M000  0.454
ASN01A0049_002  0.000  5.28999.00  0.64  0.00999.00 1.000  00  01R001M000  0.500
ASP01A0050_001  0.000999.00 57.38  5.60  0.00999.00 1.000  00  01O000M000  0.389
ASP01A0050_002  0.000 66.07 57.38  2.88  0.00126.32 1.000  00  01O000M000  0.389
ASP02A0050_003  0.000 52.04 71.22  5.60  0.00128.85 1.000  00  02O000M000  0.388
ASP02A0050_004  0.000 52.04 71.22  2.88  0.00126.13 1.000  00  02O000M000  0.388
ASP-1A0050_005 -1.000 52.12 57.31  2.88  0.00112.31 1.000  00  -1O000M000  0.375
LYS01A0052_001  0.000 -3.40999.00  5.20  0.00999.00 1.000  00  01O000M000  0.440
LYS+1A0052_002  1.000 -3.47999.00  5.20  0.00999.00 1.000  00  +1O000M000  0.440
LYS01A0053_001  0.000 -5.24 -2.35  4.16  0.00 -3.42 1.000  00  01O000M000  0.614
LYS+1A0053_002  1.000 -5.29 -2.35  4.16  0.00 -3.48 1.000  00  +1O000M000  0.614
ILE01A0054_001  0.000 -2.73 -0.65  1.08  0.00 -2.30 1.000  00  01O000M000  0.370
HIS01A0055_001  0.000 -5.59 -2.14  1.77  0.00 -5.96 1.000  00  01O000M000  0.461
HIS02A0055_002  0.000 -5.61 -2.17  1.77  0.00 -6.01 1.000  00  02O000M000  0.461
HIS+1A0055_003  1.000 -5.64 -2.18  1.77  0.00 -6.04 1.000  00  +1O000M000  0.461
CYS01A0056_001  0.000 -0.00 -3.24  0.70  0.00 -2.54 1.000  00  01O000M000  0.000
CYS01A0056_002  0.000 -0.00 -3.13  0.70  0.00 -2.43 1.000  00  01O000M000  0.000
CYS01A0056_003  0.000 -0.00 -3.01  0.70  0.00 -2.32 1.000  00  01O000M000  0.000
CYS-1A0056_004 -1.000  0.00 -2.95  0.70  0.00 -2.24 1.000  00  -1O000M000  0.000
ALA01A0057_001  0.000  0.00 -1.80  0.00  0.00 -1.80 1.000  00  01O000M000  0.000
VAL01A0058_001  0.000  0.52 -4.20  0.01  0.00 -3.68 1.000  00  01O000M000  0.000
LYS01A0059_001  0.000  1.07 -7.58  1.12  0.00 -5.39 1.000  00  01O000M000  0.000
LYS+1A0059_002  1.000  1.01 -7.64  1.12  0.00 -5.51 1.000  00  +1O000M000  0.000
SER01A0060_001  0.000 -0.06 -1.98  1.34  0.00 -0.70 0.665  00  01O000M000  0.010
LEU01A0061_001  0.000  1.48 -4.20  0.41  0.00 -2.32 1.000  00  01O000M000  0.000
ASN01A0062_001  0.000 -1.42 -2.38  0.93  0.00 -2.86 1.000  00  01O000M000  0.336
ARG01A0063_001  0.000 -4.71 -1.58  1.75  0.00 -4.55 1.000  00  01O000M000  0.535
ARG02A0063_002  0.000 -4.75 -1.57  1.75  0.00 -4.58 1.000  00  02O000M000  0.535
ARG03A0063_003  0.000 -4.76 -1.58  1.75  0.00 -4.60 1.000  00  03O000M000  0.535
ARG+1A0063_004  1.000 -4.80 -1.60  1.75  0.00 -4.66 1.000  00  +1O000M000  0.535
ILE01A0064_001  0.000  2.08 -3.44  0.57  0.00 -0.78 1.000  00  01O000M000  0.000
THR01A0065_001  0.000 -5.93  4.60  2.38  0.00  1.05 0.667  00  01O000M000  0.716
ASP01A0066_001  0.000 -1.94  7.32  5.78  0.00 11.17 1.000  00  01O000M000  0.516
ASP01A0066_002  0.000 -1.94  7.32  3.06  0.00  8.45 1.000  00  01O000M000  0.516
ASP02A0066_003  0.000 -1.99  5.31  5.78  0.00  9.10 1.000  00  02O000M000  0.521
ASP02A0066_004  0.000 -1.99  5.31  3.06  0.00  6.38 1.000  00  02O000M000  0.521
ASP-1A0066_005 -1.000 -1.92  5.11  3.06  0.00  6.26 1.000  00  -1O000M000  0.502
ILE01A0067_001  0.000 -1.90  0.08  1.07  0.00 -0.75 1.000  00  01O000M000  0.272
GLU01A0069_001  0.000 -0.53 -1.18  7.16  0.00  5.45 1.000  00  01O000M000  0.362
GLU01A0069_002  0.000 -0.53 -1.18  4.44  0.00  2.73 1.000  00  01O000M000  0.362
GLU02A0069_003  0.000 -0.66 -1.21  7.16  0.00  5.29 1.000  00  02O000M000  0.368
GLU02A0069_004  0.000 -0.66 -1.21  4.44  0.00  2.57 1.000  00  02O000M000  0.368
GLU-1A0069_005 -1.000 -0.73 -1.17  4.44  0.00  2.54 1.000  00  -1O000M000  0.369
VAL01A0070_001  0.000  0.62 -1.88  0.56  0.00 -0.70 1.000  00  01O000M000  0.000
SER01A0071_001  0.000 -1.24 -2.15  0.38  0.00 -3.01 0.667  00  01O000M000  0.206
SER01A0071_002  0.000 -1.24 -2.15  0.38  0.00 -3.01 0.667  00  01O000M000  0.206
GLN01A0072_001  0.000 -2.22 -2.73  1.40  0.00 -3.55 0.747  00  01O000M000  0.644
GLN01A0072_002  0.000 -2.20 -2.70  1.40  0.00 -3.50 0.753  00  01R001M000  0.669
PHE01A0073_001  0.000  3.93 -7.77  0.04  0.00 -3.80 1.000  00  01O000M000  0.008
LEU01A0074_001  0.000  1.79 -4.40  0.53  0.00 -2.07 1.000  00  01O000M000  0.000
THR01A0075_001  0.000 -3.72  1.15  0.42  0.00 -2.15 0.667  00  01O000M000  0.479
THR01A0075_002  0.000 -3.72  1.15  0.42  0.00 -2.15 0.667  00  01O000M000  0.479
GLU01A0076_001  0.000  0.13 -1.85  5.91  0.00  4.20 1.000  00  01O000M000  0.457
GLU01A0076_002  0.000  0.13 -1.85  3.19  0.00  1.48 1.000  00  01O000M000  0.457
GLU02A0076_003  0.000 -0.38 -1.81  5.91  0.00  3.72 1.000  00  02O000M000  0.468
GLU02A0076_004  0.000 -0.38 -1.81  3.19  0.00  1.00 1.000  00  02O000M000  0.468
GLU-1A0076_005 -1.000 -0.40 -1.78  3.19  0.00  1.02 1.000  00  -1O000M000  0.479
ILE01A0078_001  0.000  0.17 -1.64  0.92  0.00 -0.56 1.000  00  01O000M000  0.077
ILE01A0079_001  0.000 -3.88 -1.86  1.08  0.00 -4.66 1.000  00  01O000M000  0.429
MET01A0080_001  0.000  0.15 -6.50  0.62  0.00 -5.73 1.000  00  01O000M000  0.000
LYS01A0081_001  0.000 -0.92  3.95  1.92  0.00  4.95 1.000  00  01O000M000  0.161
LYS+1A0081_002  1.000 -0.99  3.93  1.92  0.00  4.86 1.000  00  +1O000M000  0.161
ASP01A0082_001  0.000 -2.26 -1.16  3.88  0.00  0.45 1.000  00  01O000M000  0.563
ASP01A0082_002  0.000 -2.26 -1.16  1.16  0.00 -2.27 1.000  00  01O000M000  0.563
ASP02A0082_003  0.000 -2.25 -1.23  3.88  0.00  0.40 1.000  00  02O000M000  0.564
ASP02A0082_004  0.000 -2.25 -1.23  1.16  0.00 -2.32 1.000  00  02O000M000  0.564
ASP-1A0082_005 -1.000 -2.25 -1.18  1.16  0.00 -2.26 1.000  00  -1O000M000  0.554
PHE01A0083_001  0.000  3.73 -3.38  0.21  0.00  0.56 1.000  00  01O000M000  0.011
SER01A0084_001  0.000 -5.14  0.55  0.85  0.00 -3.74 0.668  00  01O000M000  0.870
SER01A0084_002  0.000 -5.14  0.55  0.48  0.00 -4.11 0.668  00  01O000M000  0.870
HIS01A0085_001  0.000 -1.98 -5.80  0.22  0.00 -7.55 1.000  00  01O000M000  0.157
HIS02A0085_002  0.000 -2.00 -5.80  0.22  0.00 -7.57 1.000  00  02O000M000  0.157
HIS+1A0085_003  1.000 -2.02 -5.82  0.22  0.00 -7.62 1.000  00  +1O000M000  0.157
PRO01A0086_001  0.000 -5.48 -0.24  0.00  0.00 -5.72 1.000  00  01O000M000  0.589
ASN01A0087_001  0.000 -0.39 -5.44  0.81  0.00 -5.02 0.748  00  01O000M000  0.130
ASN01A0087_002  0.000 -0.13 -5.65  0.83  0.00 -4.96 0.752  00  01R001M000  0.114
VAL01A0088_001  0.000  0.57 -3.31  0.03  0.00 -2.71 1.000  00  01O000M000  0.000
LEU01A0089_001  0.000  1.66 -5.23  0.79  0.00 -2.78 1.000  00  01O000M000  0.000
SER01A0090_001  0.000 -2.40 -0.95  0.38  0.00 -2.97 0.667  00  01O000M000  0.395
SER01A0090_002  0.000 -2.40 -0.95  0.00  0.00 -3.35 0.667  00  01O000M000  0.395
LEU01A0091_001  0.000  2.08 -6.84  1.03  0.00 -3.73 1.000  00  01O000M000  0.000
LEU01A0092_001  0.000 -0.23 -5.53  0.43  0.00 -5.32 1.000  00  01O000M000  0.162
ILE01A0094_001  0.000  1.63 -3.05  0.80  0.00 -0.62 1.000  00  01O000M000  0.000
CYS01A0095_001  0.000 -0.07 -4.14  0.01  0.00 -4.20 1.000  00  01O000M000  0.010
CYS01A0095_002  0.000 -0.07 -4.26  0.01  0.00 -4.33 1.000  00  01O000M000  0.010
CYS01A0095_003  0.000 -0.07 -4.11  0.01  0.00 -4.17 1.000  00  01O000M000  0.010
CYS-1A0095_004 -1.000 -0.07 -4.03  0.01  0.00 -4.09 1.000  00  -1O000M000  0.010
LEU01A0096_001  0.000  1.94 -3.35  0.71  0.00 -0.69 1.000  00  01O000M000  0.030
ARG01A0097_001  0.000 -0.68 -3.09  1.06  0.00 -2.71 1.000  00  01O000M000  0.160
ARG02A0097_002  0.000 -0.69 -0.86  1.06  0.00 -0.49 1.000  00  02O000M000  0.160
ARG03A0097_003  0.000 -0.70 -0.84  1.06  0.00 -0.48 1.000  00  03O000M000  0.160
ARG+1A0097_004  1.000 -0.74 -0.87  1.06  0.00 -0.55 1.000  00  +1O000M000  0.160
SER01A0098_001  0.000 -4.99 -0.44  0.38  0.00 -5.05 0.664  00  01O000M000  0.812
SER01A0098_002  0.000 -4.99 -0.44  0.01  0.00 -5.42 0.664  00  01O000M000  0.812
GLU01A0099_001  0.000  0.33  0.03  5.82  0.00  6.18 1.000  00  01O000M000  0.709
GLU01A0099_002  0.000  0.33  0.03  3.10  0.00  3.46 1.000  00  01O000M000  0.709
GLU02A0099_003  0.000  1.22  0.03  5.82  0.00  7.06 1.000  00  02O000M000  0.695
GLU02A0099_004  0.000  1.22  0.03  3.10  0.00  4.34 1.000  00  02O000M000  0.695
GLU-1A0099_005 -1.000  0.36  0.06  3.10  0.00  3.52 1.000  00  -1O000M000  0.700
SER01A0101_001  0.000 -0.18 -3.55  0.39  0.00 -3.34 0.668  00  01O000M000  0.028
SER01A0101_002  0.000 -0.18 -3.55  0.02  0.00 -3.71 0.668  00  01O000M000  0.028
PRO01A0102_001  0.000  0.19 -1.32  0.00  0.00 -1.12 1.000  00  01O000M000  0.005
LEU01A0103_001  0.000  1.81 -5.00  0.56  0.00 -2.64 1.000  00  01O000M000  0.019
VAL01A0104_001  0.000  0.60 -3.46  0.11  0.00 -2.76 1.000  00  01O000M000  0.000
VAL01A0105_001  0.000  0.51 -3.85  0.08  0.00 -3.26 1.000  00  01O000M000  0.000
LEU01A0106_001  0.000  2.21 -6.20  0.87  0.00 -3.11 1.000  00  01O000M000  0.000
PRO01A0107_001  0.000 -1.09 -2.40  0.00  0.00 -3.49 1.000  00  01O000M000  0.143
TYR01A0108_001  0.000  3.24 -7.80  0.04  0.00 -4.52 1.000  00  01O000M000  0.066
TYR01A0108_002  0.000  3.24 -7.80  0.04  0.00 -4.52 1.000  00  01O000M000  0.066
TYR-1A0108_003 -1.000  3.24 -7.80  0.04  0.00 -4.52 1.000  00  -1O000M000  0.066
MET01A0109_001  0.000  0.10 -6.01  2.64  0.00 -3.27 1.000  00  01O000M000  0.024
LYS01A0110_001  0.000 -4.88  4.11  5.18  0.00  4.40 1.000  00  01O000M000  0.527
LYS+1A0110_002  1.000 -4.93  4.10  5.18  0.00  4.34 1.000  00  +1O000M000  0.527
HIS01A0111_001  0.000 -1.06 -3.83  0.00  0.00 -4.90 1.000  00  01O000M000  0.082
HIS02A0111_002  0.000 -1.09 -3.69  0.00  0.00 -4.78 1.000  00  02O000M000  0.082
HIS+1A0111_003  1.000 -1.11 -3.70  0.00  0.00 -4.81 1.000  00  +1O000M000  0.082
ASP01A0113_001  0.000  0.02 -4.71  3.76  0.00 -0.93 1.000  00  01O000M000  0.066
ASP01A0113_002  0.000  0.02 -4.71  1.04  0.00 -3.65 1.000  00  01O000M000  0.066
ASP02A0113_003  0.000  0.03 -4.20  3.76  0.00 -0.40 1.000  00  02O000M000  0.064
ASP02A0113_004  0.000  0.03 -4.20  1.04  0.00 -3.12 1.000  00  02O000M000  0.064
ASP-1A0113_005 -1.000 -0.03 -4.79  1.04  0.00 -3.78 1.000  00  -1O000M000  0.066
LEU01A0114_001  0.000  2.08 -3.63  1.75  0.00  0.20 1.000  00  01O000M000  0.000
ARG01A0115_001  0.000  1.43 -5.21  1.69  0.00 -2.10 1.000  00  01O000M000  0.027
ARG02A0115_002  0.000  1.45 -5.32  1.69  0.00 -2.19 1.000  00  02O000M000  0.027
ARG03A0115_003  0.000  1.39 -5.31  1.69  0.00 -2.23 1.000  00  03O000M000  0.027
ARG03A0115_004  0.000  1.39 -5.22  1.69  0.00 -2.14 1.000  00  03O000M000  0.027
ARG+1A0115_005  1.000  1.35 -5.33  1.69  0.00 -2.29 1.000  00  +1O000M000  0.027
ASN01A0116_001  0.000 -1.07 -1.84  1.10  0.00 -1.81 0.744  00  01O000M000  0.332
ASN01A0116_002  0.000 -1.41 -1.26  1.10  0.00 -1.57 0.756  00  01R001M000  0.354
PHE01A0117_001  0.000  3.14 -5.72  0.03  0.00 -2.55 1.000  00  01O000M000  0.061
ILE01A0118_001  0.000  1.74 -3.74  0.46  0.00 -1.55 1.000  00  01O000M000  0.000
ARG01A0119_001  0.000 -5.05 -4.72  1.89  0.00 -7.87 1.000  00  01O000M000  0.457
ARG02A0119_002  0.000 -5.04 -4.74  1.89  0.00 -7.89 1.000  00  02O000M000  0.457
ARG03A0119_003  0.000 -5.10 -4.74  1.89  0.00 -7.95 1.000  00  03O000M000  0.457
ARG+1A0119_004  1.000 -5.15 -4.74  1.89  0.00 -8.00 1.000  00  +1O000M000  0.457
ASN01A0120_001  0.000 -1.46 -1.42  0.44  0.00 -2.43 1.000  00  01O000M000  0.399
GLU01A0121_001  0.000 -1.71 -0.56  8.12  0.00  5.84 1.000  00  01O000M000  0.778
GLU01A0121_002  0.000 -1.71 -0.56  5.40  0.00  3.12 1.000  00  01O000M000  0.778
GLU02A0121_003  0.000 -1.93 -0.56  8.12  0.00  5.63 1.000  00  02O000M000  0.768
GLU02A0121_004  0.000 -1.93 -0.56  5.40  0.00  2.91 1.000  00  02O000M000  0.768
GLU-1A0121_005 -1.000 -1.97 -0.52  5.40  0.00  2.90 1.000  00  -1O000M000  0.775
THR01A0122_001  0.000 -5.35  1.93  1.44  0.00 -1.99 0.664  00  01O000M000  0.685
THR01A0122_002  0.000 -5.35  1.93  1.44  0.00 -1.99 0.664  00  01O000M000  0.685
THR01A0122_003  0.000 -5.35  1.93  1.07  0.00 -2.36 0.664  00  01O000M000  0.685
HIS01A0123_001  0.000 -2.87 13.32  0.27  0.00 10.72 0.000  00  01O000M000  0.219
HIS01A0123_002  0.000 -2.92 -1.37  0.27  0.00 -4.03 1.000  00  01R001M000  0.224
HIS02A0123_003  0.000 -2.88 13.22  0.27  0.00 10.61 0.000  00  02O000M000  0.219
HIS02A0123_004  0.000 -2.93 -1.41  0.27  0.00 -4.08 1.000  00  02R001M000  0.224
HIS+1A0123_005  1.000 -2.91 13.20  0.27  0.00 10.56 0.000  00  +1O000M000  0.219
HIS+1A0123_006  1.000 -2.96 -1.42  0.27  0.00 -4.12 1.000  00  +1R001M000  0.224
ASN01A0124_001  0.000 -2.70 -0.39  1.06  0.00 -2.03 0.748  00  01O000M000  0.671
ASN01A0124_002  0.000 -2.81 -0.34  1.08  0.00 -2.07 0.752  00  01R001M000  0.650
PRO01A0125_001  0.000  0.24 -2.84  0.00  0.00 -2.60 1.000  00  01O000M000  0.000
THR01A0126_001  0.000 -3.95 -0.19  0.46  0.00 -3.68 0.664  00  01O000M000  0.525
THR01A0126_002  0.000 -3.95 -0.19  0.09  0.00 -4.05 0.664  00  01O000M000  0.525
VAL01A0127_001  0.000 -1.29 -0.40  0.28  0.00 -1.42 1.000  00  01O000M000  0.196
LYS01A0128_001  0.000 -4.71 -2.01  2.02  0.00 -4.70 1.000  00  01O000M000  0.447
LYS+1A0128_002  1.000 -4.75 -2.01  2.02  0.00 -4.74 1.000  00  +1O000M000  0.447
ASP01A0129_001  0.000 -1.41 -1.55  3.03  0.00  0.07 1.000  00  01O000M000  0.324
ASP01A0129_002  0.000 -1.41 -1.55  0.31  0.00 -2.65 1.000  00  01O000M000  0.324
ASP02A0129_003  0.000 -1.52 -1.62  3.03  0.00 -0.10 1.000  00  02O000M000  0.346
ASP02A0129_004  0.000 -1.52 -1.62  0.31  0.00 -2.82 1.000  00  02O000M000  0.346
ASP-1A0129_005 -1.000 -1.44 -1.80  0.31  0.00 -2.93 1.000  00  -1O000M000  0.333
LEU01A0130_001  0.000  1.47 -7.26  0.53  0.00 -5.26 1.000  00  01O000M000  0.014
ILE01A0131_001  0.000  1.67 -4.28  0.57  0.00 -2.04 1.000  00  01O000M000  0.000
PHE01A0133_001  0.000  2.43 -4.68  0.00  0.00 -2.25 1.000  00  01O000M000  0.074
LEU01A0135_001  0.000  0.55 -6.52  0.48  0.00 -5.49 1.000  00  01O000M000  0.079
GLN01A0136_001  0.000 -0.01 -4.86  2.08  0.00 -2.79 0.746  00  01O000M000  0.248
GLN01A0136_002  0.000  0.33 -4.02  2.10  0.00 -1.59 0.754  00  01R001M000  0.237
VAL01A0137_001  0.000  0.62 -2.26  0.02  0.00 -1.62 1.000  00  01O000M000  0.000
ALA01A0138_001  0.000  0.00 -2.49  0.00  0.00 -2.49 1.000  00  01O000M000  0.000
LYS01A0139_001  0.000 -3.70 -3.82  1.90  0.00 -5.61 1.000  00  01O000M000  0.362
LYS+1A0139_002  1.000 -3.74 -3.82  1.90  0.00 -5.66 1.000  00  +1O000M000  0.362
MET01A0141_001  0.000  0.14 -4.78  0.83  0.00 -3.81 1.000  00  01O000M000  0.000
LYS01A0142_001  0.000 -3.63 -4.43  1.18  0.00 -6.88 1.000  00  01O000M000  0.382
LYS+1A0142_002  1.000 -3.67 -4.45  1.18  0.00 -6.94 1.000  00  +1O000M000  0.382
TYR01A0143_001  0.000  1.91 -7.70  0.04  0.00 -5.76 1.000  00  01O000M000  0.161
TYR-1A0143_002 -1.000  1.91 -7.70  0.04  0.00 -5.76 1.000  00  -1O000M000  0.161
LEU01A0144_001  0.000  1.44 -4.40  0.64  0.00 -2.33 1.000  00  01O000M000  0.000
ALA01A0145_001  0.000 -0.88 -1.78  0.00  0.00 -2.65 1.000  00  01O000M000  0.157
SER01A0146_001  0.000 -2.73 -0.52  2.17  0.00 -1.08 0.666  00  01O000M000  0.452
SER01A0146_002  0.000 -2.73 -0.52  1.79  0.00 -1.46 0.666  00  01O000M000  0.452
LYS01A0147_001  0.000 -3.31 -2.48  1.52  0.00 -4.26 1.000  00  01O000M000  0.377
LYS+1A0147_002  1.000 -3.36 -2.48  1.52  0.00 -4.32 1.000  00  +1O000M000  0.377
LYS01A0148_001  0.000 -3.31  0.81  3.34  0.00  0.84 1.000  00  01O000M000  0.832
LYS+1A0148_002  1.000 -3.27  0.77  3.34  0.00  0.85 1.000  00  +1O000M000  0.832
PHE01A0149_001  0.000  2.34 -6.77  0.11  0.00 -4.31 1.000  00  01O000M000  0.140
VAL01A0150_001  0.000 -1.56 -3.83  0.03  0.00 -5.37 1.000  00  01O000M000  0.209
HIS01A0151_001  0.000 -0.10 34.12  0.19  0.00 34.21 0.000  00  01O000M000  0.000
HIS01A0151_002  0.000 -0.03 -4.47  0.19  0.00 -4.30 1.000  00  01R001M000  0.000
HIS02A0151_003  0.000 -0.12 34.23  0.19  0.00 34.30 0.000  00  02O000M000  0.000
HIS02A0151_004  0.000 -0.04 -4.83  0.19  0.00 -4.68 1.000  00  02R001M000  0.000
HIS+1A0151_005  1.000 -0.15 34.09  0.19  0.00 34.13 0.000  00  +1O000M000  0.000
HIS+1A0151_006  1.000 -0.06 -4.69  0.19  0.00 -4.57 1.000  00  +1R001M000  0.000
ARG01A0152_001  0.000 -5.90  3.85  0.68  0.00 -1.37 1.000  00  01O000M000  0.479
ARG02A0152_002  0.000 -5.97  3.84  0.68  0.00 -1.46 1.000  00  02O000M000  0.479
ARG03A0152_003  0.000 -5.98  3.84  0.68  0.00 -1.46 1.000  00  03O000M000  0.479
ARG+1A0152_004  1.000 -6.02  3.84  0.68  0.00 -1.50 1.000  00  +1O000M000  0.479
ASP01A0153_001  0.000 -0.12 -0.55  3.19  0.00  2.51 1.000  00  01O000M000  0.035
ASP01A0153_002  0.000 -0.12 -0.55  0.47  0.00 -0.21 1.000  00  01O000M000  0.035
ASP02A0153_003  0.000 -0.11 -0.98  3.19  0.00  2.10 1.000  00  02O000M000  0.044
ASP02A0153_004  0.000 -0.11 -0.98  0.47  0.00 -0.62 1.000  00  02O000M000  0.044
ASP-1A0153_005 -1.000 -0.13 -0.90  0.47  0.00 -0.55 1.000  00  -1O000M000  0.036
LEU01A0154_001  0.000  1.85 -4.80  0.53  0.00 -2.41 1.000  00  01O000M000  0.000
ALA01A0155_001  0.000  0.00 -0.40  0.00  0.00 -0.40 1.000  00  01O000M000  0.000
ALA01A0156_001  0.000  0.00 -1.80  0.00  0.00 -1.80 1.000  00  01O000M000  0.000
ARG01A0157_001  0.000  1.10 -4.05  0.60  0.00 -2.35 1.000  00  01O000M000  0.011
ARG02A0157_002  0.000  1.16 -4.05  0.60  0.00 -2.30 1.000  00  02O000M000  0.011
ARG03A0157_003  0.000  1.08 -4.04  0.60  0.00 -2.37 1.000  00  03O000M000  0.011
ARG03A0157_004  0.000  1.08 -4.04  0.60  0.00 -2.37 1.000  00  03O000M000  0.011
ARG+1A0157_005  1.000  1.04 -4.07  0.60  0.00 -2.43 1.000  00  +1O000M000  0.011
ASN01A0158_001  0.000  0.22 -1.82  0.59  0.00 -1.02 0.750  00  01O000M000  0.000
ASN01A0158_002  0.000  0.04 -1.40  0.59  0.00 -0.77 0.750  00  01R001M000  0.000
CYS01A0159_001  0.000 -0.00 -4.64  0.08  0.00 -4.57 1.000  00  01O000M000  0.000
CYS01A0159_002  0.000 -0.00 -4.71  0.08  0.00 -4.64 1.000  00  01O000M000  0.000
CYS01A0159_003  0.000 -0.00 -4.59  0.08  0.00 -4.52 1.000  00  01O000M000  0.000
CYS-1A0159_004 -1.000  0.00 -4.55  0.08  0.00 -4.48 1.000  00  -1O000M000  0.000
MET01A0160_001  0.000  0.15 -7.33  0.72  0.00 -6.46 1.000  00  01O000M000  0.000
LEU01A0161_001  0.000  1.95  0.73  3.07  0.00  5.75 1.000  00  01O000M000  0.000
ASP01A0162_001  0.000 -0.44  1.97  3.08  0.00  4.60 1.000  00  01O000M000  0.115
ASP01A0162_002  0.000 -0.44  1.97  0.36  0.00  1.88 1.000  00  01O000M000  0.115
ASP02A0162_003  0.000 -0.41 -0.10  3.08  0.00  2.56 1.000  00  02O000M000  0.120
ASP02A0162_004  0.000 -0.41 -0.10  0.36  0.00 -0.16 1.000  00  02O000M000  0.120
ASP-1A0162_005 -1.000 -0.45  0.02  0.36  0.00 -0.08 1.000  00  -1O000M000  0.114
GLU01A0163_001  0.000 -0.30  1.14  4.33  0.00  5.16 1.000  00  01O000M000  0.440
GLU01A0163_002  0.000 -0.30  1.14  1.61  0.00  2.44 1.000  00  01O000M000  0.440
GLU02A0163_003  0.000 -0.84  0.42  4.33  0.00  3.91 1.000  00  02O000M000  0.477
GLU02A0163_004  0.000 -0.84  0.42  1.61  0.00  1.19 1.000  00  02O000M000  0.477
GLU-1A0163_005 -1.000 -0.83  0.48  1.61  0.00  1.26 1.000  00  -1O000M000  0.469
LYS01A0164_001  0.000 -5.85 -0.50  4.63  0.00 -1.72 1.000  00  01O000M000  0.706
LYS+1A0164_002  1.000 -5.90 -0.50  4.63  0.00 -1.77 1.000  00  +1O000M000  0.706
PHE01A0165_001  0.000 -1.52 -0.89  0.01  0.00 -2.40 1.000  00  01O000M000  0.427
THR01A0166_001  0.000 -1.43 -2.26  0.38  0.00 -3.31 0.669  00  01O000M000  0.211
THR01A0166_002  0.000 -1.43 -2.26  0.38  0.00 -3.31 0.669  00  01O000M000  0.211
VAL01A0167_001  0.000  0.62 -3.72  0.13  0.00 -2.96 1.000  00  01O000M000  0.000
LYS01A0168_001  0.000 -0.57 -5.25  1.77  0.00 -4.05 1.000  00  01O000M000  0.137
LYS+1A0168_002  1.000 -0.62 -5.18  1.77  0.00 -4.02 1.000  00  +1O000M000  0.137
VAL01A0169_001  0.000  0.66 -3.80  0.01  0.00 -3.13 1.000  00  01O000M000  0.000
ALA01A0170_001  0.000  0.00  1.41  0.00  0.00  1.41 1.000  00  01O000M000  0.000
ASP01A0171_001  0.000  0.01  5.59  3.45  0.00  9.05 1.000  00  01O000M000  0.008
ASP01A0171_002  0.000  0.01  5.59  0.73  0.00  6.33 1.000  00  01O000M000  0.008
ASP02A0171_003  0.000  0.06  3.49  3.45  0.00  7.00 1.000  00  02O000M000  0.008
ASP02A0171_004  0.000  0.06  3.49  0.73  0.00  4.28 1.000  00  02O000M000  0.008
ASP-1A0171_005 -1.000  0.00  3.29  0.73  0.00  4.03 1.000  00  -1O000M000  0.008
PHE01A0172_001  0.000  4.29 -6.33  0.26  0.00 -1.78 1.000  00  01O000M000  0.000
LEU01A0174_001  0.000  1.71 -5.45  0.47  0.00 -3.27 1.000  00  01O000M000  0.000
ALA01A0175_001  0.000  0.00 -1.64  0.00  0.00 -1.64 1.000  00  01O000M000  0.000
ARG01A0176_001  0.000  1.50 -4.60  3.63  0.00  0.53 1.000  00  01O000M000  0.275
ARG02A0176_002  0.000  1.44 -4.62  3.63  0.00  0.46 1.000  00  02O000M000  0.275
ARG03A0176_003  0.000  1.44 -4.61  3.63  0.00  0.47 1.000  00  03O000M000  0.275
ARG+1A0176_004  1.000  1.40 -4.62  3.63  0.00  0.41 1.000  00  +1O000M000  0.275
ASP01A0177_001  0.000  0.01  0.87  4.65  0.00  5.53 1.000  00  01O000M000  0.008
ASP01A0177_002  0.000  0.01  0.87  1.93  0.00  2.81 1.000  00  01O000M000  0.008
ASP02A0177_003  0.000  0.03  0.36  4.65  0.00  5.04 1.000  00  02O000M000  0.016
ASP02A0177_004  0.000  0.03  0.36  1.93  0.00  2.32 1.000  00  02O000M000  0.016
ASP-1A0177_005 -1.000 -0.03 -0.17  1.93  0.00  1.73 1.000  00  -1O000M000  0.016
MET01A0178_001  0.000 -0.43 -3.16  1.90  0.00 -1.69 1.000  00  01O000M000  0.156
TYR01A0179_001  0.000  4.32 -6.32  0.02  0.00 -1.98 1.000  00  01O000M000  0.004
TYR01A0179_002  0.000  4.32 -6.32  0.02  0.00 -1.98 1.000  00  01O000M000  0.004
TYR-1A0179_003 -1.000  4.32 -6.32  0.02  0.00 -1.98 1.000  00  -1O000M000  0.004
ASP01A0180_001  0.000 -0.94 -0.18  3.40  0.00  2.29 1.000  00  01O000M000  0.213
ASP01A0180_002  0.000 -0.94 -0.18  0.68  0.00 -0.43 1.000  00  01O000M000  0.213
ASP02A0180_003  0.000 -0.71 -0.57  3.40  0.00  2.12 1.000  00  02O000M000  0.177
ASP02A0180_004  0.000 -0.71 -0.57  0.68  0.00 -0.60 1.000  00  02O000M000  0.177
ASP-1A0180_005 -1.000 -0.78 -0.52  0.68  0.00 -0.62 1.000  00  -1O000M000  0.189
LYS01A0181_001  0.000 -8.44 -0.59  2.11  0.00 -6.92 1.000  00  01O000M000  0.809
LYS+1A0181_002  1.000 -8.52 -0.60  2.11  0.00 -7.00 1.000  00  +1O000M000  0.809
GLU01A0182_001  0.000 -0.53 -1.20  3.64  0.00  1.91 1.000  00  01O000M000  0.627
GLU01A0182_002  0.000 -0.53 -1.20  0.92  0.00 -0.81 1.000  00  01O000M000  0.627
GLU02A0182_003  0.000 -1.03 -1.19  3.64  0.00  1.41 1.000  00  02O000M000  0.634
GLU02A0182_004  0.000 -1.03 -1.19  0.92  0.00 -1.31 1.000  00  02O000M000  0.634
GLU-1A0182_005 -1.000 -0.95 -1.18  0.92  0.00 -1.21 1.000  00  -1O000M000  0.625
TYR01A0183_001  0.000  2.93 -3.77  0.02  0.00 -0.82 1.000  00  01O000M000  0.076
TYR01A0183_002  0.000  2.93 -3.77  0.02  0.00 -0.82 1.000  00  01O000M000  0.076
TYR-1A0183_003 -1.000  2.93 -3.77  0.02  0.00 -0.82 1.000  00  -1O000M000  0.076
TYR01A0184_001  0.000  3.86 -9.58  0.00  0.00 -5.71 1.000  00  01O000M000  0.010
TYR01A0184_002  0.000  3.86 -9.58  0.00  0.00 -5.71 1.000  00  01O000M000  0.010
TYR-1A0184_003 -1.000  3.86 -9.58  0.00  0.00 -5.71 1.000  00  -1O000M000  0.010
SER01A0185_001  0.000 -0.42 -0.50  0.48  0.00 -0.45 0.663  00  01O000M000  0.068
SER01A0185_002  0.000 -0.42 -0.50  0.48  0.00 -0.45 0.663  00  01O000M000  0.068
VAL01A0186_001  0.000 -3.57 -1.31  0.24  0.00 -4.65 1.000  00  01O000M000  0.426
HIS01A0187_001  0.000 -3.68 -2.28  0.02  0.00 -5.95 1.000  00  01O000M000  0.296
HIS02A0187_002  0.000 -3.71 -2.33  0.02  0.00 -6.01 1.000  00  02O000M000  0.296
HIS+1A0187_003  1.000 -3.73 -2.33  0.02  0.00 -6.05 1.000  00  +1O000M000  0.296
ASN01A0188_001  0.000  0.45 -4.56  1.24  0.00 -2.87 0.755  00  01O000M000  0.000
ASN01A0188_002  0.000  0.41 -5.27  1.24  0.00 -3.62 0.745  00  01R001M000  0.000
LYS01A0189_001  0.000 -5.13  1.16  2.34  0.00 -1.63 1.000  00  01O000M000  0.480
LYS+1A0189_002  1.000 -5.18  1.14  2.34  0.00 -1.69 1.000  00  +1O000M000  0.480
THR01A0190_001  0.000 -0.74 -0.30  1.12  0.00  0.08 0.670  00  01O000M000  0.141
THR01A0190_002  0.000 -0.74 -0.30  1.12  0.00  0.08 0.670  00  01O000M000  0.141
THR01A0190_003  0.000 -0.74 -0.30  0.74  0.00 -0.30 0.670  00  01O000M000  0.141
ALA01A0192_001  0.000 -3.69 -0.55  0.00  0.00 -4.24 1.000  00  01O000M000  0.630
LYS01A0193_001  0.000 -4.12 -4.62  1.39  0.00 -7.35 1.000  00  01O000M000  0.417
LYS+1A0193_002  1.000 -4.17 -4.66  1.39  0.00 -7.45 1.000  00  +1O000M000  0.417
LEU01A0194_001  0.000  0.01  0.91  0.58  0.00  1.50 1.000  00  01O000M000  0.104
PRO01A0195_001  0.000  0.10  0.88  0.00  0.00  0.97 1.000  00  01O000M000  0.015
VAL01A0196_001  0.000  0.43 -3.43  0.05  0.00 -2.95 1.000  00  01O000M000  0.005
LYS01A0197_001  0.000 -0.74  1.82  1.10  0.00  2.19 1.000  00  01O000M000  0.104
LYS+1A0197_002  1.000 -0.78  1.69  1.10  0.00  2.02 1.000  00  +1O000M000  0.104
TRP01A0198_001  0.000  2.65 -9.71  0.92  0.00 -6.13 1.000  00  01O000M000  0.000
MET01A0199_001  0.000  0.55 -6.79  0.85  0.00 -5.39 1.000  00  01O000M000  0.000
ALA01A0200_001  0.000  0.00 -1.85  0.00  0.00 -1.85 1.000  00  01O000M000  0.000
LEU01A0201_001  0.000  1.31 -5.19  0.82  0.00 -3.07 1.000  00  01O000M000  0.033
GLU01A0202_001  0.000  1.99  1.97  4.86  0.00  8.82 1.000  00  01O000M000  0.095
GLU01A0202_002  0.000  1.99  1.97  2.14  0.00  6.10 1.000  00  01O000M000  0.095
GLU02A0202_003  0.000  1.64  1.30  4.86  0.00  7.80 1.000  00  02O000M000  0.080
GLU02A0202_004  0.000  1.64  1.30  2.14  0.00  5.08 1.000  00  02O000M000  0.080
GLU-1A0202_005 -1.000  1.52  1.42  2.14  0.00  5.08 1.000  00  -1O000M000  0.089
SER01A0203_001  0.000  0.00  1.18  1.08  0.00  2.26 0.667  00  01O000M000  0.000
SER01A0203_002  0.000  0.00  1.18  1.08  0.00  2.26 0.667  00  01O000M000  0.000
SER01A0203_003  0.000  0.00  1.18  0.71  0.00  1.88 0.667  00  01O000M000  0.000
LEU01A0204_001  0.000  1.75 -5.75  0.73  0.00 -3.26 1.000  00  01O000M000  0.004
GLN01A0205_001  0.000  0.36 -3.65  0.76  0.00 -2.53 0.745  00  01O000M000  0.349
GLN01A0205_002  0.000 -0.50 -3.73  0.76  0.00 -3.47 0.755  00  01R001M000  0.378
THR01A0206_001  0.000 -2.98 -0.46  0.70  0.00 -2.74 0.666  00  01O000M000  0.388
GLN01A0207_001  0.000 -1.85  6.47  0.92  0.00  5.54 0.745  00  01O000M000  0.511
GLN01A0207_002  0.000 -2.00  6.33  0.94  0.00  5.27 0.755  00  01R001M000  0.517
LYS01A0208_001  0.000 -7.17 -2.29  2.49  0.00 -6.96 1.000  00  01O000M000  0.715
LYS+1A0208_002  1.000 -7.23 -2.29  2.49  0.00 -7.02 1.000  00  +1O000M000  0.715
PHE01A0209_001  0.000  3.74 -5.66  0.08  0.00 -1.84 1.000  00  01O000M000  0.033
THR01A0210_001  0.000 -3.04 -0.86  0.38  0.00 -3.53 0.673  00  01O000M000  0.400
THR01A0210_002  0.000 -3.04 -0.86  0.00  0.00 -3.90 0.673  00  01O000M000  0.400
THR01A0211_001  0.000 -0.96 -1.15  0.59  0.00 -1.52 0.668  00  01O000M000  0.160
LYS01A0212_001  0.000 -2.57 -2.05  1.77  0.00 -2.85 1.000  00  01O000M000  0.256
LYS+1A0212_002  1.000 -2.61 -2.09  1.77  0.00 -2.92 1.000  00  +1O000M000  0.256
SER01A0213_001  0.000  0.00  4.59  0.38  0.00  4.96 0.672  00  01O000M000  0.000
SER01A0213_002  0.000  0.00  4.59  0.38  0.00  4.96 0.672  00  01O000M000  0.000
ASP01A0214_001  0.000  0.01  1.22  3.50  0.00  4.74 1.000  00  01O000M000  0.000
ASP01A0214_002  0.000  0.01  1.22  0.78  0.00  2.02 1.000  00  01O000M000  0.000
ASP02A0214_003  0.000  0.06  2.12  3.50  0.00  5.69 1.000  00  02O000M000  0.000
ASP02A0214_004  0.000  0.06999.00  0.78  0.00999.00 1.000  00  02O000M000  0.000
ASP-1A0214_005 -1.000  0.01  0.81  0.78  0.00  1.60 1.000  00  -1O000M000  0.000
VAL01A0215_001  0.000  0.70 -2.97  0.18  0.00 -2.10 1.000  00  01O000M000  0.000
TRP01A0216_001  0.000  2.70-11.45  0.01  0.00 -8.74 1.000  00  01O000M000  0.000
SER01A0217_001  0.000  0.00 -3.00  0.38  0.00 -2.62 0.660  00  01O000M000  0.000
SER01A0217_002  0.000  0.00 -3.00  0.00  0.00 -3.00 0.660  00  01O000M000  0.000
PHE01A0218_001  0.000  4.46 -8.07  0.01  0.00 -3.61 1.000  00  01O000M000  0.000
VAL01A0220_001  0.000  0.68 -2.62  0.04  0.00 -1.90 1.000  00  01O000M000  0.000
LEU01A0221_001  0.000  2.14 -4.72  0.81  0.00 -1.78 1.000  00  01O000M000  0.000
LEU01A0222_001  0.000  1.76 -5.18  0.92  0.00 -2.49 1.000  00  01O000M000  0.000
TRP01A0223_001  0.000  1.47 -8.26  0.00  0.00 -6.79 1.000  00  01O000M000  0.083
GLU01A0224_001  0.000  0.67 -2.32  3.92  0.00  2.27 1.000  00  01O000M000  0.000
GLU01A0224_002  0.000  0.67 -2.32  1.20  0.00 -0.45 1.000  00  01O000M000  0.000
GLU02A0224_003  0.000  0.71 -2.62  3.92  0.00  2.00 1.000  00  02O000M000  0.000
GLU02A0224_004  0.000  0.71 -2.62  1.20  0.00 -0.72 1.000  00  02O000M000  0.000
GLU-1A0224_005 -1.000  0.56 -2.52  1.20  0.00 -0.76 1.000  00  -1O000M000  0.000
LEU01A0225_001  0.000  1.72 -4.89  0.47  0.00 -2.69 1.000  00  01O000M000  0.000
MET01A0226_001  0.000  0.00 -6.35  2.73  0.00 -3.62 1.000  00  01O000M000  0.000
THR01A0227_001  0.000 -0.35 -0.69  0.73  0.00 -0.32 0.666  00  01O000M000  0.091
THR01A0227_002  0.000 -0.35 -0.69  0.35  0.00 -0.69 0.666  00  01O000M000  0.091
ARG01A0228_001  0.000 -1.39 -3.92  0.67  0.00 -4.64 1.000  00  01O000M000  0.199
ARG02A0228_002  0.000 -1.43 -3.97  0.67  0.00 -4.73 1.000  00  02O000M000  0.199
ARG03A0228_003  0.000 -1.44 -3.79  0.67  0.00 -4.55 1.000  00  03O000M000  0.199
ARG+1A0228_004  1.000 -1.47 -4.01  0.67  0.00 -4.81 1.000  00  +1O000M000  0.199
ALA01A0230_001  0.000 -1.78 -1.18  0.00  0.00 -2.97 1.000  00  01O000M000  0.327
PRO01A0231_001  0.000 -2.60 -0.44  0.00  0.00 -3.04 1.000  00  01O000M000  0.295
PRO01A0232_001  0.000  0.22 -0.11  0.00  0.00  0.11 1.000  00  01O000M000  0.000
TYR01A0233_001  0.000  4.08 -1.11  0.96  0.00  3.94 1.000  00  01O000M000  0.003
TYR-1A0233_002 -1.000  4.08 -1.11  0.96  0.00  3.94 1.000  00  -1O000M000  0.003
PRO01A0234_001  0.000 -3.65 -1.57  0.00  0.00 -5.22 1.000  00  01O000M000  0.407
ASP01A0235_001  0.000 -3.63 -0.46  3.22  0.00 -0.87 1.000  00  01O000M000  0.841
ASP01A0235_002  0.000 -3.63 -0.46  0.50  0.00 -3.59 1.000  00  01O000M000  0.841
ASP02A0235_003  0.000 -3.61 -0.68  3.22  0.00 -1.07 1.000  00  02O000M000  0.853
ASP02A0235_004  0.000 -3.61 -0.68  0.50  0.00 -3.79 1.000  00  02O000M000  0.853
ASP-1A0235_005 -1.000 -3.60 -0.64  0.50  0.00 -3.75 1.000  00  -1O000M000  0.844
VAL01A0236_001  0.000  0.35 -2.98  0.17  0.00 -2.46 1.000  00  01O000M000  0.025
ASN01A0237_001  0.000 -1.92 -1.88  1.65  0.00 -2.15 1.000  00  01O000M000  0.501
THR01A0238_001  0.000 -1.70 -1.05  0.52  0.00 -2.24 0.662  00  01O000M000  0.232
THR01A0238_002  0.000 -1.70 -1.05  0.52  0.00 -2.24 0.662  00  01O000M000  0.232
THR01A0238_003  0.000 -1.70 -1.05  0.14  0.00 -2.61 0.662  00  01O000M000  0.232
PHE01A0239_001  0.000 -4.47  0.01  0.92  0.00 -3.54 1.000  00  01O000M000  0.593
ASP01A0240_001  0.000 -2.43  0.12  3.42  0.00  1.11 1.000  00  01O000M000  0.552
ASP01A0240_002  0.000 -2.43  0.12  0.70  0.00 -1.61 1.000  00  01O000M000  0.552
ASP02A0240_003  0.000 -2.33 -0.45  3.42  0.00  0.65 1.000  00  02O000M000  0.551
ASP02A0240_004  0.000 -2.33 -0.45  0.70  0.00 -2.07 1.000  00  02O000M000  0.551
ASP-1A0240_005 -1.000 -2.35 -0.38  0.70  0.00 -2.03 1.000  00  -1O000M000  0.540
ILE01A0241_001  0.000  0.84 -3.20  0.54  0.00 -1.83 1.000  00  01O000M000  0.000
THR01A0242_001  0.000 -1.88 -1.32  0.88  0.00 -2.32 0.672  00  01O000M000  0.278
VAL01A0243_001  0.000 -4.09  0.17  0.16  0.00 -3.75 1.000  00  01O000M000  0.435
TYR01A0244_001  0.000  1.90 -5.88  0.33  0.00 -3.65 1.000  00  01O000M000  0.150
TYR01A0244_002  0.000  1.90 -5.88  0.33  0.00 -3.65 1.000  00  01O000M000  0.150
TYR-1A0244_003 -1.000  1.90 -5.88  0.33  0.00 -3.65 1.000  00  -1O000M000  0.150
LEU01A0245_001  0.000  1.41 -2.31  0.52  0.00 -0.38 1.000  00  01O000M000  0.000
LEU01A0246_001  0.000 -4.12 -0.84  2.48  0.00 -2.49 1.000  00  01O000M000  0.510
GLN01A0247_001  0.000 -0.97 -1.99  0.62  0.00 -2.34 0.746  00  01O000M000  0.529
GLN01A0247_002  0.000  0.33 -2.09  0.62  0.00 -1.15 0.754  00  01R001M000  0.487
ARG01A0249_001  0.000 -4.49 -2.29  0.48  0.00 -6.29 1.000  00  01O000M000  0.499
ARG02A0249_002  0.000 -4.56 -2.31  0.48  0.00 -6.38 1.000  00  02O000M000  0.499
ARG03A0249_003  0.000 -4.56 -2.31  0.48  0.00 -6.39 1.000  00  03O000M000  0.499
ARG03A0249_004  0.000 -4.56 -2.30  0.48  0.00 -6.38 1.000  00  03O000M000  0.499
ARG+1A0249_005  1.000 -4.60 -2.31  0.48  0.00 -6.43 1.000  00  +1O000M000  0.499
ARG01A0250_001  0.000  0.21 -3.82  0.65  0.00 -2.96 1.000  00  01O000M000  0.072
ARG02A0250_002  0.000  0.20 -3.74  0.65  0.00 -2.90 1.000  00  02O000M000  0.072
ARG02A0250_003  0.000  0.28 -4.61  0.65  0.00 -3.69 1.000  00  02O000M000  0.072
ARG03A0250_004  0.000  0.19 -3.89  0.65  0.00 -3.05 1.000  00  03O000M000  0.072
ARG+1A0250_005  1.000  0.15 -3.94  0.65  0.00 -3.14 1.000  00  +1O000M000  0.072
LEU01A0251_001  0.000  1.37 -3.91  0.59  0.00 -1.95 1.000  00  01O000M000  0.017
LEU01A0252_001  0.000 -7.41 -1.21  0.40  0.00 -8.22 1.000  00  01O000M000  0.774
GLN01A0253_001  0.000 -0.40 -2.59  1.00  0.00 -1.99 0.739  00  01O000M000  0.338
GLN01A0253_002  0.000  0.14 -3.64  0.99  0.00 -2.50 0.761  00  01R001M000  0.371
PRO01A0254_001  0.000  0.25 -2.08  0.00  0.00 -1.83 1.000  00  01O000M000  0.000
GLU01A0255_001  0.000 -1.36 -0.82  3.41  0.00  1.22 1.000  00  01O000M000  0.774
GLU01A0255_002  0.000 -1.36 -0.82  0.69  0.00 -1.50 1.000  00  01O000M000  0.774
GLU02A0255_003  0.000 -1.73 -0.81  3.41  0.00  0.87 1.000  00  02O000M000  0.772
GLU02A0255_004  0.000 -1.73 -0.81  0.69  0.00 -1.85 1.000  00  02O000M000  0.772
GLU-1A0255_005 -1.000 -1.80 -0.80  0.69  0.00 -1.90 1.000  00  -1O000M000  0.769
TYR01A0256_001  0.000 -4.46 -2.08  0.09  0.00 -6.45 1.000  00  01O000M000  0.605
TYR-1A0256_002 -1.000 -4.46 -2.08  0.09  0.00 -6.45 1.000  00  -1O000M000  0.605
CYS01A0257_001  0.000 -0.00 -4.00  0.01  0.00 -3.99 1.000  00  01O000M000  0.000
CYS01A0257_002  0.000 -0.00 -3.83  0.01  0.00 -3.82 1.000  00  01O000M000  0.000
CYS01A0257_003  0.000 -0.00 -3.86  0.01  0.00 -3.85 1.000  00  01O000M000  0.000
CYS-1A0257_004 -1.000  0.00 -3.76  0.01  0.00 -3.75 1.000  00  -1O000M000  0.000
PRO01A0258_001  0.000 -0.85 -0.12  0.00  0.00 -0.97 1.000  00  01O000M000  0.112
ASP01A0259_001  0.000 -3.19  0.23  2.83  0.00 -0.13 1.000  00  01O000M000  0.716
ASP01A0259_002  0.000 -3.19  0.23  0.11  0.00 -2.85 1.000  00  01O000M000  0.716
ASP02A0259_003  0.000 -3.32 -0.24  2.83  0.00 -0.72 1.000  00  02O000M000  0.754
ASP02A0259_004  0.000 -3.32 -0.24  0.11  0.00 -3.44 1.000  00  02O000M000  0.754
ASP-1A0259_005 -1.000 -3.11 -0.21  0.11  0.00 -3.20 1.000  00  -1O000M000  0.731
PRO01A0260_001  0.000 -3.54  0.13  0.00  0.00 -3.41 1.000  00  01O000M000  0.397
LEU01A0261_001  0.000  1.53 -3.54  0.83  0.00 -1.18 1.000  00  01O000M000  0.000
TYR01A0262_001  0.000  2.11 -4.50  0.33  0.00 -2.05 1.000  00  01O000M000  0.136
TYR01A0262_002  0.000  2.11 -4.50  0.33  0.00 -2.05 1.000  00  01O000M000  0.136
TYR-1A0262_003 -1.000  2.11 -4.50  0.33  0.00 -2.05 1.000  00  -1O000M000  0.136
GLU01A0263_001  0.000 -2.48 -2.26  4.49  0.00 -0.25 1.000  00  01O000M000  0.632
GLU01A0263_002  0.000 -2.48 -2.26  1.77  0.00 -2.97 1.000  00  01O000M000  0.632
GLU02A0263_003  0.000 -2.40 -2.27  4.49  0.00 -0.19 1.000  00  02O000M000  0.632
GLU02A0263_004  0.000 -2.40 -2.27  1.77  0.00 -2.91 1.000  00  02O000M000  0.632
GLU-1A0263_005 -1.000 -2.51 -2.23  1.77  0.00 -2.97 1.000  00  -1O000M000  0.630
VAL01A0264_001  0.000  0.38  1.61  0.41  0.00  2.40 1.000  00  01O000M000  0.020
MET01A0265_001  0.000  0.35 -6.75  0.82  0.00 -5.58 1.000  00  01O000M000  0.000
LEU01A0266_001  0.000 -2.94 -2.54  0.55  0.00 -4.92 1.000  00  01O000M000  0.361
LYS01A0267_001  0.000 -3.73 -3.28  1.19  0.00 -5.82 1.000  00  01O000M000  0.378
LYS+1A0267_002  1.000 -3.80 -3.28  1.19  0.00 -5.89 1.000  00  +1O000M000  0.378
CYS01A0268_001  0.000 -0.00 -4.75  0.10  0.00 -4.65 1.000  00  01O000M000  0.000
CYS01A0268_002  0.000 -0.00 -4.83  0.10  0.00 -4.73 1.000  00  01O000M000  0.000
CYS01A0268_003  0.000 -0.00 -4.77  0.10  0.00 -4.67 1.000  00  01O000M000  0.000
CYS-1A0268_004 -1.000  0.00 -4.69  0.10  0.00 -4.58 1.000  00  -1O000M000  0.000
TRP01A0269_001  0.000  2.69-12.11  0.08  0.00 -9.34 1.000  00  01O000M000  0.000
HIS01A0270_001  0.000 -3.99 -5.05  1.42  0.00 -7.62 0.747  00  01O000M000  0.326
HIS01A0270_002  0.000 -3.68 -5.13  1.42  0.00 -7.40 0.753  00  01R001M000  0.322
HIS02A0270_003  0.000 -4.01 -5.07  1.42  0.00 -7.66 0.747  00  02O000M000  0.326
HIS02A0270_004  0.000 -3.69 -5.25  1.42  0.00 -7.53 0.753  00  02R001M000  0.322
HIS+1A0270_005  1.000 -4.04 -5.08  1.42  0.00 -7.70 0.747  00  +1O000M000  0.326
HIS+1A0270_006  1.000 -3.72 -5.26  1.42  0.00 -7.56 0.753  00  +1R001M000  0.322
PRO01A0271_001  0.000 -3.16  0.23  0.00  0.00 -2.93 1.000  00  01O000M000  0.350
LYS01A0272_001  0.000 -5.58 -2.05  3.05  0.00 -4.58 1.000  00  01O000M000  0.553
LYS+1A0272_002  1.000 -5.64 -2.08  3.05  0.00 -4.67 1.000  00  +1O000M000  0.553
ALA01A0273_001  0.000 -1.39 -0.80  0.00  0.00 -2.19 1.000  00  01O000M000  0.260
GLU01A0274_001  0.000 -1.83999.00  4.89  0.00999.00 1.000  00  01O000M000  0.616
GLU01A0274_002  0.000 -1.83  0.54  2.17  0.00  0.88 1.000  00  01O000M000  0.616
GLU02A0274_003  0.000 -1.96 -0.32  4.89  0.00  2.60 1.000  00  02O000M000  0.623
GLU02A0274_004  0.000 -1.96 -0.32  2.17  0.00 -0.12 1.000  00  02O000M000  0.623
GLU-1A0274_005 -1.000 -2.03 -0.28  2.17  0.00 -0.15 1.000  00  -1O000M000  0.621
MET01A0275_001  0.000 -6.20 -0.71  1.93  0.00 -4.98 1.000  00  01O000M000  0.513
ARG01A0276_001  0.000  3.35 -0.67  5.21  0.00  7.90 1.000  00  01O000M000  0.000
ARG02A0276_002  0.000  3.32 -0.73  5.21  0.00  7.80 1.000  00  02O000M000  0.000
ARG02A0276_003  0.000  3.36 -1.46  5.21  0.00  7.11 1.000  00  02O000M000  0.000
ARG03A0276_004  0.000  3.31 -0.75  5.21  0.00  7.77 1.000  00  03O000M000  0.000
ARG03A0276_005  0.000  3.32 -0.63  5.21  0.00  7.90 1.000  00  03O000M000  0.000
ARG+1A0276_006  1.000  3.27 -0.80  5.21  0.00  7.68 1.000  00  +1O000M000  0.000
PRO01A0277_001  0.000  0.24 -3.12  0.00  0.00 -2.88 1.000  00  01O000M000  0.005
SER01A0278_001  0.000 -1.97  0.36  0.52  0.00 -1.08 0.663  00  01O000M000  0.330
SER01A0278_002  0.000 -1.97  0.36  0.52  0.00 -1.08 0.663  00  01O000M000  0.330
SER01A0278_003  0.000 -1.97  0.36  0.15  0.00 -1.46 0.663  00  01O000M000  0.330
PHE01A0279_001  0.000  4.01 -9.65  0.45  0.00 -5.19 1.000  00  01O000M000  0.007
SER01A0280_001  0.000 -3.37 -0.44  2.51  0.00 -1.30 0.670  00  01O000M000  0.559
SER01A0280_002  0.000 -3.37 -0.44  2.51  0.00 -1.30 0.670  00  01O000M000  0.559
GLU01A0281_001  0.000 -1.09 -4.00  3.38  0.00 -1.71 1.000  00  01O000M000  0.437
GLU01A0281_002  0.000 -1.09 -4.00  0.66  0.00 -4.43 1.000  00  01O000M000  0.437
GLU02A0281_003  0.000 -0.91 -4.07  3.38  0.00 -1.60 1.000  00  02O000M000  0.426
GLU02A0281_004  0.000 -0.91 -4.07  0.66  0.00 -4.32 1.000  00  02O000M000  0.426
GLU-1A0281_005 -1.000 -1.10 -4.06  0.66  0.00 -4.50 1.000  00  -1O000M000  0.423
LEU01A0282_001  0.000  2.12 -4.82  1.17  0.00 -1.53 1.000  00  01O000M000  0.000
VAL01A0283_001  0.000 -0.38  1.77  0.15  0.00  1.54 1.000  00  01O000M000  0.096
SER01A0284_001  0.000 -4.05 -1.53  0.55  0.00 -5.03 0.672  00  01O000M000  0.644
SER01A0284_002  0.000 -4.05 -1.53  0.17  0.00 -5.41 0.672  00  01O000M000  0.644
ARG01A0285_001  0.000 -2.70 -3.50  3.75  0.00 -2.45 1.000  00  01O000M000  0.364
ARG02A0285_002  0.000 -2.72 -3.51  3.75  0.00 -2.48 1.000  00  02O000M000  0.364
ARG03A0285_003  0.000 -2.73 -3.51  3.75  0.00 -2.48 1.000  00  03O000M000  0.364
ARG+1A0285_004  1.000 -2.77 -3.52  3.75  0.00 -2.53 1.000  00  +1O000M000  0.364
ILE01A0286_001  0.000  1.53 -3.03  0.70  0.00 -0.79 1.000  00  01O000M000  0.000
SER01A0287_001  0.000 -2.20  3.20  2.72  0.00  3.72 0.661  00  01O000M000  0.367
ALA01A0288_001  0.000 -3.67 -1.17  0.00  0.00 -4.84 1.000  00  01O000M000  0.646
ILE01A0289_001  0.000  0.87 -3.45  0.49  0.00 -2.09 1.000  00  01O000M000  0.064
PHE01A0290_001  0.000 -0.21 -6.80  0.00  0.00 -7.01 1.000  00  01O000M000  0.298
SER01A0291_001  0.000 -3.55 -2.11  0.87  0.00 -4.78 0.665  00  01O000M000  0.586
SER01A0291_002  0.000 -3.55 -2.11  0.50  0.00 -5.16 0.665  00  01O000M000  0.586
THR01A0292_001  0.000 -3.83  2.00  0.46  0.00 -1.37 0.665  00  01O000M000  0.499
THR01A0292_002  0.000 -3.83  2.00  0.46  0.00 -1.37 0.665  00  01O000M000  0.499
PHE01A0293_001  0.000  0.75 -2.44  0.83  0.00 -0.87 1.000  00  01O000M000  0.256
ILE01A0294_001  0.000854.09 87.70  1.20  0.00942.99 1.000  00  01O000M000  0.715
VGH21B0001_001  2.000999.00472.80  0.00  0.00999.00 0.000  00  21O000M000  0.185
VGH21B0001_002  2.000999.00473.65  0.00  0.00999.00 0.000  00  21O000M000  0.185
VGH11B0001_003  1.000999.00472.08  0.00  0.00999.00 0.000  00  11O000M000  0.185
VGH01B0001_004 -0.000999.00472.11  0.00  0.00999.00 0.000  00  01O000M000  0.187
VGH12B0001_005  1.000999.00502.65  0.00  0.00999.00 0.000  00  12O000M000  0.185
VGHDMB0001_006  0.000  0.00  0.00  0.00  0.00  0.00 0.000  00  DMO000M000   -nan
