iConf CONFORMER     FL  occ    crg   Em0  pKa0 ne nH    vdw0    vdw1    tors    epol   dsolv   extra    history
00001 HIS01A0001_001 f 0.00  0.000     0  0.00  0  0  -8.493  -1.487   2.800   0.199   0.762   0.000 01O000M000t
00002 HIS01A0001_002 f 0.00  0.000     0  0.00  0  0  -8.376  -1.554   2.800   0.285   0.629   0.000 01R001M000t
00003 HIS02A0001_003 f 0.00  0.000     0  0.00  0  0  -8.511  -1.538   2.800   0.143   0.350   0.000 02O000M000t
00004 HIS02A0001_004 f 0.00  0.000     0  0.00  0  0  -8.390  -1.558   2.800   0.251   0.700   0.000 02R001M000t
00005 HIS+1A0001_005 f 0.00  1.000     0  6.98  0  1  -8.537  -1.545   2.800   0.943   0.193   0.000 +1O000M000t
00006 HIS+1A0001_006 f 0.00  1.000     0  6.98  0  1  -8.416  -1.572   2.800   0.931  -0.010   0.000 +1R001M000t
00007 ILE01A0002_001 f 0.00  0.000     0  0.00  0  0   1.328  -1.272   2.211   0.000   0.000   0.000 01O000M000t
00008 ASP01A0003_001 f 0.00  0.000     0  0.00  0  0  -1.886   0.963   6.411   1.076   1.049   0.000 01O000M000t
00009 ASP01A0003_002 f 0.00  0.000     0  0.00  0  0  -1.886   0.963   3.691   0.265   0.680   0.000 01O000M000t
00010 ASP02A0003_003 f 0.00  0.000     0  0.00  0  0  -1.888   0.699   6.411   0.073  -0.138   0.000 02O000M000t
00011 ASP02A0003_004 f 0.00  0.000     0  0.00  0  0  -1.888   0.699   3.691   0.019   1.208   0.000 02O000M000t
00012 ASP-1A0003_005 f 0.00 -1.000     0  4.75  0 -1  -1.846   0.725   3.691  -1.551   0.970   0.000 -1O000M000t
00013 LEU01A0004_001 f 0.00  0.000     0  0.00  0  0  -2.337  -0.531   3.127   0.000   0.000   0.000 01O000M000t
00014 SER01A0005_001 f 0.00  0.000     0  0.00  0  0  -5.239  -0.592   0.464   0.091   0.162   0.000 01O000M000t
00015 ALA01A0006_001 f 0.00  0.000     0  0.00  0  0  -1.442  -0.815   0.000   0.000   0.000   0.000 01O000M000t
00016 LEU01A0007_001 f 0.00  0.000     0  0.00  0  0   2.242  -4.418   1.853   0.000   0.000   0.000 01O000M000t
00017 ASN01A0008_001 f 0.00  0.000     0  0.00  0  0  -2.071  -2.995   1.533  -1.372   1.036   0.000 01O000M000t
00018 ASN01A0008_002 f 0.00  0.000     0  0.00  0  0  -1.825  -2.330   1.535   1.505   1.008   0.000 01R001M000t
00019 PRO01A0009_001 f 0.00  0.000     0  0.00  0  0  -6.092   3.268   0.000   0.000   0.000   0.000 01O000M000t
00020 GLU01A0010_001 f 0.00  0.000     0  0.00  0  0  -2.717   7.421   8.452   0.578  -0.073   0.000 01O000M000t
00021 GLU01A0010_002 f 0.00  0.000     0  0.00  0  0  -2.717   7.421   5.732   0.222   0.579   0.000 01O000M000t
00022 GLU02A0010_003 f 0.00  0.000     0  0.00  0  0  -2.892   7.441   8.452   0.271  -0.520   0.000 02O000M000t
00023 GLU02A0010_004 f 0.00  0.000     0  0.00  0  0  -2.892   7.441   5.732   0.191   0.645   0.000 02O000M000t
00024 GLU-1A0010_005 f 0.00 -1.000     0  4.75  0 -1  -2.850   7.461   5.732  -0.472  -0.200   0.000 -1O000M000t
00025 LEU01A0011_001 f 0.00  0.000     0  0.00  0  0   1.524  -3.495   0.884   0.000   0.000   0.000 01O000M000t
00026 VAL01A0012_001 f 0.00  0.000     0  0.00  0  0  -0.707  -0.990   0.102   0.000   0.000   0.000 01O000M000t
00027 GLN01A0013_001 f 0.00  0.000     0  0.00  0  0  -1.466  -1.512   5.545   0.148   0.211   0.000 01O000M000t
00028 GLN01A0013_002 f 0.00  0.000     0  0.00  0  0  -1.910  -1.429   5.536   0.060  -0.390   0.000 01R001M000t
00029 ALA01A0014_001 f 0.00  0.000     0  0.00  0  0  -1.236  -1.436   0.000   0.000   0.000   0.000 01O000M000t
00030 VAL01A0015_001 f 0.00  0.000     0  0.00  0  0   0.671  -0.069   0.102   0.000   0.000   0.000 01O000M000t
00031 GLN01A0016_001 f 0.00  0.000     0  0.00  0  0  -0.310  -1.310   5.518   0.196   0.680   0.000 01O000M000t
00032 GLN01A0016_002 f 0.00  0.000     0  0.00  0  0   0.252  -1.319   5.509   0.051   0.226   0.000 01R001M000t
00033 HIS01A0017_001 f 0.00  0.000     0  0.00  0  0  -6.297  -2.962   0.825   0.681   1.419   0.000 01O000M000t
00034 HIS01A0017_002 f 0.00  0.000     0  0.00  0  0  -6.179  -0.995   0.825   0.410   0.282   0.000 01R001M000t
00035 HIS02A0017_003 f 0.00  0.000     0  0.00  0  0  -6.318  -3.156   0.825  -0.033   1.335   0.000 02O000M000t
00036 HIS02A0017_004 f 0.00  0.000     0  0.00  0  0  -6.191  -0.996   0.825   0.129   0.608   0.000 02R001M000t
00037 HIS+1A0017_005 f 0.00  1.000     0  6.98  0  1  -6.345  -3.160   0.825  -0.113   2.186   0.000 +1O000M000t
00038 HIS+1A0017_006 f 0.00  1.000     0  6.98  0  1  -6.218  -1.015   0.825   0.095   0.575   0.000 +1R001M000t
00039 VAL01A0018_001 f 0.00  0.000     0  0.00  0  0  -0.555  -1.062   0.307   0.000   0.000   0.000 01O000M000t
00040 VAL01A0019_001 f 0.00  0.000     0  0.00  0  0  -2.600  -1.930   0.088   0.000   0.000   0.000 01O000M000t
00041 ILE01A0020_001 f 0.00  0.000     0  0.00  0  0   0.032  -4.657   0.727   0.000   0.000   0.000 01O000M000t
00042 PRO01A0022_001 f 0.00  0.000     0  0.00  0  0  -4.457  -1.076   0.000   0.000   0.000   0.000 01O000M000t
00043 SER01A0023_001 f 0.00  0.000     0  0.00  0  0  -5.053  -0.869   0.530   0.340   0.511   0.000 01O000M000t
00044 SER01A0023_002 f 0.00  0.000     0  0.00  0  0  -5.053  -0.869   0.155  -0.964   0.132   0.000 01O000M000t
00045 SER01A0024_001 f 0.00  0.000     0  0.00  0  0  -1.312  -1.580   0.714  -0.119   0.473   0.000 01O000M000t
00046 SER01A0024_002 f 0.00  0.000     0  0.00  0  0  -1.312  -1.580   0.339  -0.375   0.111   0.000 01O000M000t
00047 LEU01A0025_001 f 0.00  0.000     0  0.00  0  0   1.895  -6.212   0.706   0.000   0.000   0.000 01O000M000t
00048 ILE01A0026_001 f 0.00  0.000     0  0.00  0  0  -4.532  -0.862   0.478   0.000   0.000   0.000 01O000M000t
00049 VAL01A0027_001 f 0.00  0.000     0  0.00  0  0   0.315  -1.990   0.092   0.000   0.000   0.000 01O000M000t
00050 HIS01A0028_001 f 0.00  0.000     0  0.00  0  0  -3.747  -4.102   0.043   0.286   1.246   0.000 01O000M000t
00051 HIS01A0028_002 f 0.00  0.000     0  0.00  0  0  -3.505  -3.928   0.043   0.315   1.311   0.000 01R001M000t
00052 HIS02A0028_003 f 0.00  0.000     0  0.00  0  0  -3.767  -4.108   0.043   0.258   1.062   0.000 02O000M000t
00053 HIS02A0028_004 f 0.00  0.000     0  0.00  0  0  -3.517  -4.046   0.043   0.259   1.529   0.000 02R001M000t
00054 HIS+1A0028_005 f 0.00  1.000     0  6.98  0  1  -3.794  -4.124   0.043   0.725   1.849   0.000 +1O000M000t
00055 HIS+1A0028_006 f 0.00  1.000     0  6.98  0  1  -3.543  -4.051   0.043   0.732   2.564   0.000 +1R001M000t
00056 PHE01A0029_001 f 0.00  0.000     0  0.00  0  0  -1.934  -3.291   0.100   0.000   0.000   0.000 01O000M000t
00057 ASN01A0030_001 f 0.00  0.000     0  0.00  0  0  -2.355  -1.351   0.811  -0.561   0.700   0.000 01O000M000t
00058 ASN01A0030_002 f 0.00  0.000     0  0.00  0  0  -2.421  -0.350   0.812   1.854   0.642   0.000 01R001M000t
00059 GLU01A0031_001 f 0.00  0.000     0  0.00  0  0   0.006  -2.138   3.533   0.081   1.347   0.000 01O000M000t
00060 GLU01A0031_002 f 0.00  0.000     0  0.00  0  0   0.006  -2.138   0.813   0.054   0.899   0.000 01O000M000t
00061 GLU02A0031_003 f 0.00  0.000     0  0.00  0  0  -0.500  -2.094   3.533   0.049   0.226   0.000 02O000M000t
00062 GLU02A0031_004 f 0.00  0.000     0  0.00  0  0  -0.500  -2.094   0.813   0.036   1.391   0.000 02O000M000t
00063 GLU-1A0031_005 f 0.00 -1.000     0  4.75  0 -1  -0.463  -2.065   0.813  -0.191   2.664   0.000 -1O000M000t
00064 VAL01A0032_001 f 0.00  0.000     0  0.00  0  0  -1.215  -2.227   0.107   0.000   0.000   0.000 01O000M000t
00065 ILE01A0033_001 f 0.00  0.000     0  0.00  0  0   4.159  -3.786   0.697   0.000   0.000   0.000 01O000M000t
00066 ARG01A0035_001 f 0.00  0.000     0  0.00  0  0  -6.268  -0.480   5.408   0.016   0.939   0.000 01O000M000t
00067 ARG02A0035_002 f 0.00  0.000     0  0.00  0  0  -6.277  -0.478   5.408   0.005   2.222   0.000 02O000M000t
00068 ARG02A0035_003 f 0.00  0.000     0  0.00  0  0  -6.202  -0.469   5.408  -0.040   1.743   0.000 02O000M000t
00069 ARG03A0035_004 f 0.00  0.000     0  0.00  0  0  -6.290  -0.481   5.408   0.016   1.928   0.000 03O000M000t
00070 ARG+1A0035_005 f 0.00  1.000     0 12.50  0  1  -6.330  -0.487   5.408   0.200   0.630   0.000 +1O000M000t
00071 HIS01A0037_001 f 0.00  0.000     0  0.00  0  0  -6.436  -2.409   0.293   0.631   0.900   0.000 01O000M000t
00072 HIS01A0037_002 f 0.00  0.000     0  0.00  0  0  -6.421  -2.417   0.293   0.796   0.563   0.000 01R001M000t
00073 HIS02A0037_003 f 0.00  0.000     0  0.00  0  0  -6.458  -2.436   0.293   0.612   0.838   0.000 02O000M000t
00074 HIS02A0037_004 f 0.00  0.000     0  0.00  0  0  -6.433  -2.439   0.293   0.635   0.305   0.000 02R001M000t
00075 HIS+1A0037_005 f 0.00  1.000     0  6.98  0  1  -6.485  -2.440   0.293   1.381   0.748   0.000 +1O000M000t
00076 HIS+1A0037_006 f 0.00  1.000     0  6.98  0  1  -6.459  -2.444   0.293   1.360   0.197   0.000 +1R001M000t
00077 PHE01A0038_001 f 0.00  0.000     0  0.00  0  0   2.517  -4.628   0.049   0.000   0.000   0.000 01O000M000t
00078 CYS01A0040_001 f 0.00  0.000     0  0.00  0  0  -1.288  -2.237   0.360  -0.154   0.718   0.000 01O000M000t
00079 CYS01A0040_002 f 0.00  0.000     0  0.00  0  0  -1.288  -2.216   0.360  -0.095   0.207   0.000 01O000M000t
00080 CYS01A0040_003 f 0.00  0.000     0  0.00  0  0  -1.288  -2.188   0.360  -0.156   0.300   0.000 01O000M000t
00081 CYS-1A0040_004 f 0.00 -1.000     0  9.10  0 -1  -1.286  -2.171   0.360  -1.116   3.811   0.000 -1O000M000t
00082 VAL01A0041_001 f 0.00  0.000     0  0.00  0  0   0.610  -4.946   0.437   0.000   0.000   0.000 01O000M000t
00083 TYR01A0042_001 f 0.00  0.000     0  0.00  0  0   2.701 -10.475   0.245  -0.135   0.792   0.000 01O000M000t
00084 TYR-1A0042_002 f 0.00 -1.000     0 10.20  0 -1   2.701 -10.475   0.245  -0.289   4.127   0.000 -1O000M000t
00085 HIS01A0043_001 f 0.00  0.000     0  0.00  0  0  -1.880  -3.770   0.684   0.187   2.077   0.000 01O000M000t
00086 HIS01A0043_002 f 0.00  0.000     0  0.00  0  0  -1.818  -3.704   0.684   0.383   1.850   0.000 01R001M000t
00087 HIS02A0043_003 f 0.00  0.000     0  0.00  0  0  -1.898  -3.802   0.684   0.258   2.047   0.000 02O000M000t
00088 HIS02A0043_004 f 0.00  0.000     0  0.00  0  0  -1.831  -3.764   0.684   0.099   2.088   0.000 02R001M000t
00089 HIS+1A0043_005 f 0.00  1.000     0  6.98  0  1  -1.925  -3.811   0.684   0.817   3.673   0.000 +1O000M000t
00090 HIS+1A0043_006 f 0.00  1.000     0  6.98  0  1  -1.857  -3.772   0.684   0.725   3.036   0.000 +1R001M000t
00091 THR01A0045_001 f 0.00  0.000     0  0.00  0  0  -0.247   0.879   2.646  -0.531   1.665   0.000 01O000M000t
00092 THR01A0045_002 f 0.00  0.000     0  0.00  0  0  -0.247   0.879   2.271  -0.337   1.340   0.000 01O000M000t
00093 LEU01A0046_001 f 0.00  0.000     0  0.00  0  0   1.092  -4.601   0.781   0.000   0.000   0.000 01O000M000t
00094 LEU01A0047_001 f 0.00  0.000     0  0.00  0  0  -0.172 999.000   1.596   0.000   0.000   0.000 01O000M000t
00095 ASP01A0048_001 f 0.00  0.000     0  0.00  0  0   4.366  64.966   5.466  -1.415   0.256   0.000 01O000M000t
00096 ASP01A0048_002 f 0.00  0.000     0  0.00  0  0   4.366  64.966   2.746   0.422   0.288   0.000 01O000M000t
00097 ASP02A0048_003 f 0.00  0.000     0  0.00  0  0   6.197  62.463   5.466   1.149   0.011   0.000 02O000M000t
00098 ASP02A0048_004 f 0.00  0.000     0  0.00  0  0   6.197  62.463   2.746   0.701   0.387   0.000 02O000M000t
00099 ASP-1A0048_005 f 0.00 -1.000     0  4.75  0 -1   4.416  62.524   2.746   0.841   0.874   0.000 -1O000M000t
00100 ASN01A0049_001 f 0.00  0.000     0  0.00  0  0   1.320 999.000   0.702  -5.791   1.227   0.000 01O000M000t
00101 ASN01A0049_002 f 0.00  0.000     0  0.00  0  0   5.303 999.000   0.637  -2.282   1.226   0.000 01R001M000t
00102 ASP01A0050_001 f 0.00  0.000     0  0.00  0  0 999.000  57.371   5.597  -1.258   1.945   0.000 01O000M000t
00103 ASP01A0050_002 f 0.00  0.000     0  0.00  0  0  66.183  57.371   2.877  -1.755   1.502   0.000 01O000M000t
00104 ASP02A0050_003 f 0.00  0.000     0  0.00  0  0  52.133  71.212   5.597   1.360   2.171   0.000 02O000M000t
00105 ASP02A0050_004 f 0.00  0.000     0  0.00  0  0  52.133  71.212   2.877  -0.566   1.412   0.000 02O000M000t
00106 ASP-1A0050_005 f 0.00 -1.000     0  4.75  0 -1  52.212  57.308   2.877  -3.320   6.195   0.000 -1O000M000t
00107 LYS01A0052_001 f 0.00  0.000     0  0.00  0  0  -3.397 999.000   5.198  -0.279   0.312   0.000 01O000M000t
00108 LYS+1A0052_002 f 0.00  1.000     0 10.40  0  1  -3.469 999.000   5.198  -1.035   0.798   0.000 +1O000M000t
00109 LYS01A0053_001 f 0.00  0.000     0  0.00  0  0  -5.237  -2.345   4.164  -0.014   0.053   0.000 01O000M000t
00110 LYS+1A0053_002 f 0.00  1.000     0 10.40  0  1  -5.294  -2.351   4.164   0.080   0.443   0.000 +1O000M000t
00111 ILE01A0054_001 f 0.00  0.000     0  0.00  0  0  -2.722  -0.656   1.077   0.000   0.000   0.000 01O000M000t
00112 HIS01A0055_001 f 0.00  0.000     0  0.00  0  0  -5.656  -2.134   1.771   0.132   1.514   0.000 01O000M000t
00113 HIS02A0055_002 f 0.00  0.000     0  0.00  0  0  -5.678  -2.166   1.771   0.465   1.540   0.000 02O000M000t
00114 HIS+1A0055_003 f 0.00  1.000     0  6.98  0  1  -5.705  -2.174   1.771   1.196   2.478   0.000 +1O000M000t
00115 CYS01A0056_001 f 0.00  0.000     0  0.00  0  0  -0.002  -3.243   0.701  -0.289   0.988   0.000 01O000M000t
00116 CYS01A0056_002 f 0.00  0.000     0  0.00  0  0  -0.002  -3.137   0.701   0.098   0.987   0.000 01O000M000t
00117 CYS01A0056_003 f 0.00  0.000     0  0.00  0  0  -0.003  -3.017   0.701   0.058   0.985   0.000 01O000M000t
00118 CYS-1A0056_004 f 0.00 -1.000     0  9.10  0 -1   0.000  -2.950   0.701  -1.615  13.617   0.000 -1O000M000t
00119 ALA01A0057_001 f 0.00  0.000     0  0.00  0  0   0.000  -1.802   0.000   0.000   0.000   0.000 01O000M000t
00120 VAL01A0058_001 f 0.00  0.000     0  0.00  0  0   0.516  -4.200   0.007   0.000   0.000   0.000 01O000M000t
00121 LYS01A0059_001 f 0.00  0.000     0  0.00  0  0   1.075  -7.586   1.119  -0.030   1.489   0.000 01O000M000t
00122 LYS+1A0059_002 f 0.00  1.000     0 10.40  0  1   1.008  -7.643   1.119  -2.612  15.548   0.000 +1O000M000t
00123 SER01A0060_001 f 0.00  0.000     0  0.00  0  0  -0.060  -1.980   1.338   0.879   1.277   0.000 01O000M000t
00124 LEU01A0061_001 f 0.00  0.000     0  0.00  0  0   1.478  -4.207   0.408   0.000   0.000   0.000 01O000M000t
00125 ASN01A0062_001 f 0.00  0.000     0  0.00  0  0  -1.415  -2.380   0.933  -0.523   1.819   0.000 01O000M000t
00126 ARG01A0063_001 f 0.00  0.000     0  0.00  0  0  -4.712  -1.578   1.746   0.535   0.786   0.000 01O000M000t
00127 ARG02A0063_002 f 0.00  0.000     0  0.00  0  0  -4.751  -1.568   1.746   0.442   1.649   0.000 02O000M000t
00128 ARG03A0063_003 f 0.00  0.000     0  0.00  0  0  -4.758  -1.580   1.746   0.477   1.925   0.000 03O000M000t
00129 ARG+1A0063_004 f 0.00  1.000     0 12.50  0  1  -4.798  -1.600   1.746   0.067   0.454   0.000 +1O000M000t
00130 ILE01A0064_001 f 0.00  0.000     0  0.00  0  0   2.081  -3.437   0.571   0.000   0.000   0.000 01O000M000t
00131 THR01A0065_001 f 0.00  0.000     0  0.00  0  0  -5.933   4.602   2.381   0.286   0.387   0.000 01O000M000t
00132 ASP01A0066_001 f 0.00  0.000     0  0.00  0  0  -1.939   7.321   5.784   0.205   0.845   0.000 01O000M000t
00133 ASP01A0066_002 f 0.00  0.000     0  0.00  0  0  -1.939   7.321   3.064   0.874   1.431   0.000 01O000M000t
00134 ASP02A0066_003 f 0.00  0.000     0  0.00  0  0  -1.995   5.311   5.784  -1.073   0.190   0.000 02O000M000t
00135 ASP02A0066_004 f 0.00  0.000     0  0.00  0  0  -1.995   5.311   3.064  -0.160   1.715   0.000 02O000M000t
00136 ASP-1A0066_005 f 0.00 -1.000     0  4.75  0 -1  -1.919   5.110   3.064  -5.721   3.204   0.000 -1O000M000t
00137 ILE01A0067_001 f 0.00  0.000     0  0.00  0  0  -1.902   0.080   1.074   0.000   0.000   0.000 01O000M000t
00138 GLU01A0069_001 f 0.00  0.000     0  0.00  0  0  -0.535  -1.181   7.161   0.532  -0.173   0.000 01O000M000t
00139 GLU01A0069_002 f 0.00  0.000     0  0.00  0  0  -0.535  -1.181   4.441   0.090   0.809   0.000 01O000M000t
00140 GLU02A0069_003 f 0.00  0.000     0  0.00  0  0  -0.662  -1.207   7.161   0.228  -0.154   0.000 02O000M000t
00141 GLU02A0069_004 f 0.00  0.000     0  0.00  0  0  -0.662  -1.207   4.441   0.116   1.192   0.000 02O000M000t
00142 GLU-1A0069_005 f 0.00 -1.000     0  4.75  0 -1  -0.728  -1.169   4.441  -0.486   2.013   0.000 -1O000M000t
00143 VAL01A0070_001 f 0.00  0.000     0  0.00  0  0   0.623  -1.884   0.555   0.000   0.000   0.000 01O000M000t
00144 SER01A0071_001 f 0.00  0.000     0  0.00  0  0  -1.240  -2.147   0.376   0.126   1.536   0.000 01O000M000t
00145 SER01A0071_002 f 0.00  0.000     0  0.00  0  0  -1.240  -2.147   0.376  -0.869   1.547   0.000 01O000M000t
00146 GLN01A0072_001 f 0.00  0.000     0  0.00  0  0  -2.217  -2.735   1.403  -0.097   0.650   0.000 01O000M000t
00147 GLN01A0072_002 f 0.00  0.000     0  0.00  0  0  -2.203  -2.703   1.403   0.182   0.040   0.000 01R001M000t
00148 PHE01A0073_001 f 0.00  0.000     0  0.00  0  0   3.932  -7.770   0.038   0.000   0.000   0.000 01O000M000t
00149 LEU01A0074_001 f 0.00  0.000     0  0.00  0  0   1.788  -4.395   0.533   0.000   0.000   0.000 01O000M000t
00150 THR01A0075_001 f 0.00  0.000     0  0.00  0  0  -3.724   1.154   0.423   0.288   1.078   0.000 01O000M000t
00151 THR01A0075_002 f 0.00  0.000     0  0.00  0  0  -3.724   1.154   0.423  -2.161   1.543   0.000 01O000M000t
00152 GLU01A0076_001 f 0.00  0.000     0  0.00  0  0   0.135  -1.849   5.914  -0.197   0.480   0.000 01O000M000t
00153 GLU01A0076_002 f 0.00  0.000     0  0.00  0  0   0.135  -1.849   3.194   0.023   0.827   0.000 01O000M000t
00154 GLU02A0076_003 f 0.00  0.000     0  0.00  0  0  -0.380  -1.810   5.914   0.082  -0.149   0.000 02O000M000t
00155 GLU02A0076_004 f 0.00  0.000     0  0.00  0  0  -0.380  -1.810   3.194   0.081   0.964   0.000 02O000M000t
00156 GLU-1A0076_005 f 0.00 -1.000     0  4.75  0 -1  -0.398  -1.780   3.194   0.464   1.869   0.000 -1O000M000t
00157 ILE01A0078_001 f 0.00  0.000     0  0.00  0  0   0.169  -1.655   0.918   0.000   0.000   0.000 01O000M000t
00158 ILE01A0079_001 f 0.00  0.000     0  0.00  0  0  -3.880  -1.864   1.082   0.000   0.000   0.000 01O000M000t
00159 MET01A0080_001 f 0.00  0.000     0  0.00  0  0   0.150  -6.501   0.622  -0.282   0.099   0.000 01O000M000t
00160 LYS01A0081_001 f 0.00  0.000     0  0.00  0  0  -0.918   3.938   1.918   0.073   0.302   0.000 01O000M000t
00161 LYS+1A0081_002 f 0.00  1.000     0 10.40  0  1  -0.989   3.919   1.918  -0.439   1.885   0.000 +1O000M000t
00162 ASP01A0082_001 f 0.00  0.000     0  0.00  0  0  -2.264  -1.164   3.880   0.174  -0.261   0.000 01O000M000t
00163 ASP01A0082_002 f 0.00  0.000     0  0.00  0  0  -2.264  -1.164   1.160   0.124   0.801   0.000 01O000M000t
00164 ASP02A0082_003 f 0.00  0.000     0  0.00  0  0  -2.253  -1.231   3.880   0.466   0.292   0.000 02O000M000t
00165 ASP02A0082_004 f 0.00  0.000     0  0.00  0  0  -2.253  -1.231   1.160   0.221   1.368   0.000 02O000M000t
00166 ASP-1A0082_005 f 0.00 -1.000     0  4.75  0 -1  -2.248  -1.176   1.160  -0.184   1.650   0.000 -1O000M000t
00167 PHE01A0083_001 f 0.00  0.000     0  0.00  0  0   3.729  -3.389   0.212   0.000   0.000   0.000 01O000M000t
00168 SER01A0084_001 f 0.00  0.000     0  0.00  0  0  -5.140   0.547   0.854  -0.115   0.231   0.000 01O000M000t
00169 SER01A0084_002 f 0.00  0.000     0  0.00  0  0  -5.140   0.547   0.479  -0.582  -0.125   0.000 01O000M000t
00170 HIS01A0085_001 f 0.00  0.000     0  0.00  0  0  -1.979  -5.794   0.221  -2.680   2.609   0.000 01O000M000t
00171 HIS02A0085_002 f 0.00  0.000     0  0.00  0  0  -1.998  -5.795   0.221   3.371   2.320   0.000 02O000M000t
00172 HIS+1A0085_003 f 0.00  1.000     0  6.98  0  1  -2.024  -5.818   0.221   6.785   4.251   0.000 +1O000M000t
00173 PRO01A0086_001 f 0.00  0.000     0  0.00  0  0  -5.480  -0.242   0.000   0.000   0.000   0.000 01O000M000t
00174 ASN01A0087_001 f 0.00  0.000     0  0.00  0  0  -0.392  -5.436   0.805  -1.085   1.703   0.000 01O000M000t
00175 ASN01A0087_002 f 0.00  0.000     0  0.00  0  0  -0.133  -5.653   0.827   0.904   1.953   0.000 01R001M000t
00176 VAL01A0088_001 f 0.00  0.000     0  0.00  0  0   0.565  -3.308   0.029   0.000   0.000   0.000 01O000M000t
00177 LEU01A0089_001 f 0.00  0.000     0  0.00  0  0   1.661  -5.232   0.791   0.000   0.000   0.000 01O000M000t
00178 SER01A0090_001 f 0.00  0.000     0  0.00  0  0  -2.398  -0.951   0.376  -0.020   0.284   0.000 01O000M000t
00179 SER01A0090_002 f 0.00  0.000     0  0.00  0  0  -2.398  -0.951   0.001  -0.707   0.320   0.000 01O000M000t
00180 LEU01A0091_001 f 0.00  0.000     0  0.00  0  0   2.083  -6.843   1.031   0.000   0.000   0.000 01O000M000t
00181 LEU01A0092_001 f 0.00  0.000     0  0.00  0  0  -0.229  -5.528   0.433   0.000   0.000   0.000 01O000M000t
00182 ILE01A0094_001 f 0.00  0.000     0  0.00  0  0   1.631  -3.052   0.800   0.000   0.000   0.000 01O000M000t
00183 CYS01A0095_001 f 0.00  0.000     0  0.00  0  0  -0.073  -4.137   0.010  -0.281   0.743   0.000 01O000M000t
00184 CYS01A0095_002 f 0.00  0.000     0  0.00  0  0  -0.073  -4.264   0.010  -0.151   0.892   0.000 01O000M000t
00185 CYS01A0095_003 f 0.00  0.000     0  0.00  0  0  -0.074  -4.110   0.010  -0.079   0.477   0.000 01O000M000t
00186 CYS-1A0095_004 f 0.00 -1.000     0  9.10  0 -1  -0.071  -4.032   0.010  -1.091   8.871   0.000 -1O000M000t
00187 LEU01A0096_001 f 0.00  0.000     0  0.00  0  0   1.941  -3.348   0.713   0.000   0.000   0.000 01O000M000t
00188 ARG01A0097_001 f 0.00  0.000     0  0.00  0  0  -0.677  -3.091   1.057   1.414   2.874   0.000 01O000M000t
00189 ARG02A0097_002 f 0.00  0.000     0  0.00  0  0  -0.694  -0.859   1.057  -1.869   3.188   0.000 02O000M000t
00190 ARG03A0097_003 f 0.00  0.000     0  0.00  0  0  -0.701  -0.842   1.057  -2.040   3.091   0.000 03O000M000t
00191 ARG+1A0097_004 f 0.00  1.000     0 12.50  0  1  -0.740  -0.869   1.057  -4.710   5.142   0.000 +1O000M000t
00192 SER01A0098_001 f 0.00  0.000     0  0.00  0  0  -4.993  -0.436   0.383  -0.041   0.055   0.000 01O000M000t
00193 SER01A0098_002 f 0.00  0.000     0  0.00  0  0  -4.993  -0.436   0.008  -0.735  -0.084   0.000 01O000M000t
00194 GLU01A0099_001 f 0.00  0.000     0  0.00  0  0   0.341   0.024   5.820  -0.108  -0.498   0.000 01O000M000t
00195 GLU01A0099_002 f 0.00  0.000     0  0.00  0  0   0.341   0.024   3.100  -0.128   0.548   0.000 01O000M000t
00196 GLU02A0099_003 f 0.00  0.000     0  0.00  0  0   1.226   0.022   5.820   0.681   0.682   0.000 02O000M000t
00197 GLU02A0099_004 f 0.00  0.000     0  0.00  0  0   1.226   0.022   3.100  -0.058   0.364   0.000 02O000M000t
00198 GLU-1A0099_005 f 0.00 -1.000     0  4.75  0 -1   0.363   0.056   3.100  -0.390   0.309   0.000 -1O000M000t
00199 SER01A0101_001 f 0.00  0.000     0  0.00  0  0  -0.181  -3.551   0.394  -0.193   1.597   0.000 01O000M000t
00200 SER01A0101_002 f 0.00  0.000     0  0.00  0  0  -0.181  -3.551   0.019  -1.640   1.509   0.000 01O000M000t
00201 PRO01A0102_001 f 0.00  0.000     0  0.00  0  0   0.195  -1.317   0.000   0.000   0.000   0.000 01O000M000t
00202 LEU01A0103_001 f 0.00  0.000     0  0.00  0  0   1.807  -5.003   0.560   0.000   0.000   0.000 01O000M000t
00203 VAL01A0104_001 f 0.00  0.000     0  0.00  0  0   0.596  -3.465   0.114   0.000   0.000   0.000 01O000M000t
00204 VAL01A0105_001 f 0.00  0.000     0  0.00  0  0   0.508  -3.853   0.083   0.000   0.000   0.000 01O000M000t
00205 LEU01A0106_001 f 0.00  0.000     0  0.00  0  0   2.210  -6.197   0.874   0.000   0.000   0.000 01O000M000t
00206 PRO01A0107_001 f 0.00  0.000     0  0.00  0  0  -1.093  -2.400   0.000   0.000   0.000   0.000 01O000M000t
00207 TYR01A0108_001 f 0.00  0.000     0  0.00  0  0   3.242  -7.799   0.039   0.216   2.116   0.000 01O000M000t
00208 TYR01A0108_002 f 0.00  0.000     0  0.00  0  0   3.242  -7.799   0.039   0.015   1.704   0.000 01O000M000t
00209 TYR-1A0108_003 f 0.00 -1.000     0 10.20  0 -1   3.242  -7.799   0.039  -0.946   7.100   0.000 -1O000M000t
00210 MET01A0109_001 f 0.00  0.000     0  0.00  0  0   0.097  -6.009   2.639  -0.077   0.095   0.000 01O000M000t
00211 LYS01A0110_001 f 0.00  0.000     0  0.00  0  0  -4.880   4.093   5.178  -0.056   0.300   0.000 01O000M000t
00212 LYS+1A0110_002 f 0.00  1.000     0 10.40  0  1  -4.934   4.086   5.178   0.113   1.344   0.000 +1O000M000t
00213 HIS01A0111_001 f 0.00  0.000     0  0.00  0  0  -1.064  -3.834   0.000   0.552   2.902   0.000 01O000M000t
00214 HIS02A0111_002 f 0.00  0.000     0  0.00  0  0  -1.085  -3.695   0.000  -1.185   2.595   0.000 02O000M000t
00215 HIS+1A0111_003 f 0.00  1.000     0  6.98  0  1  -1.112  -3.705   0.000  -1.139   4.554   0.000 +1O000M000t
00216 ASP01A0113_001 f 0.00  0.000     0  0.00  0  0   0.024  -4.711   3.763  -0.844   0.878   0.000 01O000M000t
00217 ASP01A0113_002 f 0.00  0.000     0  0.00  0  0   0.024  -4.711   1.043  -1.348   2.160   0.000 01O000M000t
00218 ASP02A0113_003 f 0.00  0.000     0  0.00  0  0   0.032  -4.195   3.763   1.995   1.981   0.000 02O000M000t
00219 ASP02A0113_004 f 0.00  0.000     0  0.00  0  0   0.032  -4.195   1.043   0.520   1.632   0.000 02O000M000t
00220 ASP-1A0113_005 f 0.00 -1.000     0  4.75  0 -1  -0.030  -4.789   1.043  -5.878   5.899   0.000 -1O000M000t
00221 LEU01A0114_001 f 0.00  0.000     0  0.00  0  0   2.077  -3.631   1.746   0.000   0.000   0.000 01O000M000t
00222 ARG01A0115_001 f 0.00  0.000     0  0.00  0  0   1.426  -5.216   1.689  -0.026   2.476   0.000 01O000M000t
00223 ARG02A0115_002 f 0.00  0.000     0  0.00  0  0   1.445  -5.324   1.689  -0.814   2.759   0.000 02O000M000t
00224 ARG03A0115_003 f 0.00  0.000     0  0.00  0  0   1.386  -5.309   1.689  -0.604   3.145   0.000 03O000M000t
00225 ARG03A0115_004 f 0.00  0.000     0  0.00  0  0   1.391  -5.218   1.689   0.807   2.949   0.000 03O000M000t
00226 ARG+1A0115_005 f 0.00  1.000     0 12.50  0  1   1.348  -5.333   1.689  -0.024   5.564   0.000 +1O000M000t
00227 ASN01A0116_001 f 0.00  0.000     0  0.00  0  0  -1.073  -1.837   1.102   0.436   0.485   0.000 01O000M000t
00228 ASN01A0116_002 f 0.00  0.000     0  0.00  0  0  -1.410  -1.257   1.100   0.112   0.115   0.000 01R001M000t
00229 PHE01A0117_001 f 0.00  0.000     0  0.00  0  0   3.137  -5.717   0.032   0.000   0.000   0.000 01O000M000t
00230 ILE01A0118_001 f 0.00  0.000     0  0.00  0  0   1.737  -3.748   0.456   0.000   0.000   0.000 01O000M000t
00231 ARG01A0119_001 f 0.00  0.000     0  0.00  0  0  -5.048  -4.719   1.893   0.138   0.319   0.000 01O000M000t
00232 ARG02A0119_002 f 0.00  0.000     0  0.00  0  0  -5.044  -4.735   1.893  -0.088   1.194   0.000 02O000M000t
00233 ARG03A0119_003 f 0.00  0.000     0  0.00  0  0  -5.103  -4.739   1.893   0.045   1.217   0.000 03O000M000t
00234 ARG+1A0119_004 f 0.00  1.000     0 12.50  0  1  -5.148  -4.743   1.893  -0.705   0.951   0.000 +1O000M000t
00235 ASN01A0120_001 f 0.00  0.000     0  0.00  0  0  -1.456  -1.422   0.445  -1.838   1.189   0.000 01O000M000t
00236 GLU01A0121_001 f 0.00  0.000     0  0.00  0  0  -1.711  -0.560   8.116   0.287  -0.313   0.000 01O000M000t
00237 GLU01A0121_002 f 0.00  0.000     0  0.00  0  0  -1.711  -0.560   5.396   0.118   0.335   0.000 01O000M000t
00238 GLU02A0121_003 f 0.00  0.000     0  0.00  0  0  -1.924  -0.562   8.116   0.079  -0.158   0.000 02O000M000t
00239 GLU02A0121_004 f 0.00  0.000     0  0.00  0  0  -1.924  -0.562   5.396   0.021   0.583   0.000 02O000M000t
00240 GLU-1A0121_005 f 0.00 -1.000     0  4.75  0 -1  -1.972  -0.520   5.396   0.248   0.420   0.000 -1O000M000t
00241 THR01A0122_001 f 0.00  0.000     0  0.00  0  0  -5.354   1.924   1.442   0.499   1.349   0.000 01O000M000t
00242 THR01A0122_002 f 0.00  0.000     0  0.00  0  0  -5.354   1.924   1.442  -0.303   0.645   0.000 01O000M000t
00243 THR01A0122_003 f 0.00  0.000     0  0.00  0  0  -5.354   1.924   1.067  -1.233   0.323   0.000 01O000M000t
00244 HIS01A0123_001 f 0.00  0.000     0  0.00  0  0  -2.866  13.337   0.267  -0.313   1.220   0.000 01O000M000t
00245 HIS01A0123_002 f 0.00  0.000     0  0.00  0  0  -2.921  -1.375   0.267   1.424   2.146   0.000 01R001M000t
00246 HIS02A0123_003 f 0.00  0.000     0  0.00  0  0  -2.880  13.242   0.267  -0.376   1.091   0.000 02O000M000t
00247 HIS02A0123_004 f 0.00  0.000     0  0.00  0  0  -2.934  -1.416   0.267  -1.195   2.026   0.000 02R001M000t
00248 HIS+1A0123_005 f 0.00  1.000     0  6.98  0  1  -2.906  13.224   0.267  -0.647   1.988   0.000 +1O000M000t
00249 HIS+1A0123_006 f 0.00  1.000     0  6.98  0  1  -2.960  -1.424   0.267  -1.605   3.003   0.000 +1R001M000t
00250 ASN01A0124_001 f 0.00  0.000     0  0.00  0  0  -2.698  -0.391   1.061   0.137   0.179   0.000 01O000M000t
00251 ASN01A0124_002 f 0.00  0.000     0  0.00  0  0  -2.815  -0.340   1.081   0.317   0.039   0.000 01R001M000t
00252 PRO01A0125_001 f 0.00  0.000     0  0.00  0  0   0.243  -2.838   0.000   0.000   0.000   0.000 01O000M000t
00253 THR01A0126_001 f 0.00  0.000     0  0.00  0  0  -3.951  -0.187   0.462   0.107   1.432   0.000 01O000M000t
00254 THR01A0126_002 f 0.00  0.000     0  0.00  0  0  -3.951  -0.187   0.087  -2.050   0.613   0.000 01O000M000t
00255 VAL01A0127_001 f 0.00  0.000     0  0.00  0  0  -1.292  -0.399   0.275   0.000   0.000   0.000 01O000M000t
00256 LYS01A0128_001 f 0.00  0.000     0  0.00  0  0  -4.710  -2.008   2.023  -0.046   0.015   0.000 01O000M000t
00257 LYS+1A0128_002 f 0.00  1.000     0 10.40  0  1  -4.753  -2.013   2.023   0.010  -0.077   0.000 +1O000M000t
00258 ASP01A0129_001 f 0.00  0.000     0  0.00  0  0  -1.414  -1.546   3.031   0.344  -0.388   0.000 01O000M000t
00259 ASP01A0129_002 f 0.00  0.000     0  0.00  0  0  -1.414  -1.546   0.311  -0.230   0.066   0.000 01O000M000t
00260 ASP02A0129_003 f 0.00  0.000     0  0.00  0  0  -1.518  -1.615   3.031   2.780   1.042   0.000 02O000M000t
00261 ASP02A0129_004 f 0.00  0.000     0  0.00  0  0  -1.518  -1.615   0.311   0.026   1.079   0.000 02O000M000t
00262 ASP-1A0129_005 f 0.00 -1.000     0  4.75  0 -1  -1.441  -1.796   0.311  -2.688   1.324   0.000 -1O000M000t
00263 LEU01A0130_001 f 0.00  0.000     0  0.00  0  0   1.473  -7.265   0.529   0.000   0.000   0.000 01O000M000t
00264 ILE01A0131_001 f 0.00  0.000     0  0.00  0  0   1.672  -4.281   0.571   0.000   0.000   0.000 01O000M000t
00265 PHE01A0133_001 f 0.00  0.000     0  0.00  0  0   2.426  -4.679   0.000   0.000   0.000   0.000 01O000M000t
00266 LEU01A0135_001 f 0.00  0.000     0  0.00  0  0   0.546  -6.522   0.481   0.000   0.000   0.000 01O000M000t
00267 GLN01A0136_001 f 0.00  0.000     0  0.00  0  0  -0.008  -4.860   2.080  -1.432   1.716   0.000 01O000M000t
00268 GLN01A0136_002 f 0.00  0.000     0  0.00  0  0   0.326  -4.015   2.097   0.807   1.450   0.000 01R001M000t
00269 VAL01A0137_001 f 0.00  0.000     0  0.00  0  0   0.621  -2.264   0.023   0.000   0.000   0.000 01O000M000t
00270 ALA01A0138_001 f 0.00  0.000     0  0.00  0  0   0.000  -2.489   0.000   0.000   0.000   0.000 01O000M000t
00271 LYS01A0139_001 f 0.00  0.000     0  0.00  0  0  -3.697  -3.815   1.901   0.010   0.076   0.000 01O000M000t
00272 LYS+1A0139_002 f 0.00  1.000     0 10.40  0  1  -3.744  -3.822   1.901  -0.028   0.500   0.000 +1O000M000t
00273 MET01A0141_001 f 0.00  0.000     0  0.00  0  0   0.139  -4.779   0.830   0.022   0.096   0.000 01O000M000t
00274 LYS01A0142_001 f 0.00  0.000     0  0.00  0  0  -3.626  -4.433   1.176  -0.055   0.254   0.000 01O000M000t
00275 LYS+1A0142_002 f 0.00  1.000     0 10.40  0  1  -3.674  -4.445   1.176   0.259   0.600   0.000 +1O000M000t
00276 TYR01A0143_001 f 0.00  0.000     0  0.00  0  0   1.908  -7.701   0.037  -0.448   1.493   0.000 01O000M000t
00277 TYR-1A0143_002 f 0.00 -1.000     0 10.20  0 -1   1.908  -7.701   0.037  -1.829   5.251   0.000 -1O000M000t
00278 LEU01A0144_001 f 0.00  0.000     0  0.00  0  0   1.443  -4.404   0.637   0.000   0.000   0.000 01O000M000t
00279 ALA01A0145_001 f 0.00  0.000     0  0.00  0  0  -0.876  -1.777   0.000   0.000   0.000   0.000 01O000M000t
00280 SER01A0146_001 f 0.00  0.000     0  0.00  0  0  -2.728  -0.517   2.165  -1.816   1.482   0.000 01O000M000t
00281 SER01A0146_002 f 0.00  0.000     0  0.00  0  0  -2.728  -0.517   1.790  -0.402   0.261   0.000 01O000M000t
00282 LYS01A0147_001 f 0.00  0.000     0  0.00  0  0  -3.314  -2.474   1.524  -0.006  -0.126   0.000 01O000M000t
00283 LYS+1A0147_002 f 0.00  1.000     0 10.40  0  1  -3.359  -2.481   1.524  -0.259   0.268   0.000 +1O000M000t
00284 LYS01A0148_001 f 0.00  0.000     0  0.00  0  0  -3.319   0.813   3.340  -0.051   0.270   0.000 01O000M000t
00285 LYS+1A0148_002 f 0.00  1.000     0 10.40  0  1  -3.274   0.778   3.340  -0.094   1.011   0.000 +1O000M000t
00286 PHE01A0149_001 f 0.00  0.000     0  0.00  0  0   2.341  -6.765   0.113   0.000   0.000   0.000 01O000M000t
00287 VAL01A0150_001 f 0.00  0.000     0  0.00  0  0  -1.561  -3.831   0.028   0.000   0.000   0.000 01O000M000t
00288 HIS01A0151_001 f 0.00  0.000     0  0.00  0  0  -0.097  34.008   0.189  -0.337   3.870   0.000 01O000M000t
00289 HIS01A0151_002 f 0.00  0.000     0  0.00  0  0  -0.026  -4.468   0.189  -3.037   3.501   0.000 01R001M000t
00290 HIS02A0151_003 f 0.00  0.000     0  0.00  0  0  -0.119  34.115   0.189   2.736   3.728   0.000 02O000M000t
00291 HIS02A0151_004 f 0.00  0.000     0  0.00  0  0  -0.037  -4.835   0.189   4.077   3.544   0.000 02R001M000t
00292 HIS+1A0151_005 f 0.00  1.000     0  6.98  0  1  -0.145  33.976   0.189   2.544  10.575   0.000 +1O000M000t
00293 HIS+1A0151_006 f 0.00  1.000     0  6.98  0  1  -0.063  -4.693   0.189   3.579  10.091   0.000 +1R001M000t
00294 ARG01A0152_001 f 0.00  0.000     0  0.00  0  0  -5.903   3.844   0.680  -0.070   0.716   0.000 01O000M000t
00295 ARG02A0152_002 f 0.00  0.000     0  0.00  0  0  -5.975   3.830   0.680   0.070   1.621   0.000 02O000M000t
00296 ARG03A0152_003 f 0.00  0.000     0  0.00  0  0  -5.979   3.832   0.680   0.089   1.536   0.000 03O000M000t
00297 ARG+1A0152_004 f 0.00  1.000     0 12.50  0  1  -6.018   3.829   0.680   0.203   1.617   0.000 +1O000M000t
00298 ASP01A0153_001 f 0.00  0.000     0  0.00  0  0  -0.123  -0.553   3.189   0.874   1.965   0.000 01O000M000t
00299 ASP01A0153_002 f 0.00  0.000     0  0.00  0  0  -0.123  -0.553   0.469   0.329   2.022   0.000 01O000M000t
00300 ASP02A0153_003 f 0.00  0.000     0  0.00  0  0  -0.112  -0.977   3.189  -0.677   1.779   0.000 02O000M000t
00301 ASP02A0153_004 f 0.00  0.000     0  0.00  0  0  -0.112  -0.977   0.469  -0.047   2.920   0.000 02O000M000t
00302 ASP-1A0153_005 f 0.00 -1.000     0  4.75  0 -1  -0.126  -0.895   0.469  -0.832   8.983   0.000 -1O000M000t
00303 LEU01A0154_001 f 0.00  0.000     0  0.00  0  0   1.856  -4.795   0.531   0.000   0.000   0.000 01O000M000t
00304 ALA01A0155_001 f 0.00  0.000     0  0.00  0  0   0.000  -0.400   0.000   0.000   0.000   0.000 01O000M000t
00305 ALA01A0156_001 f 0.00  0.000     0  0.00  0  0   0.000  -1.795   0.000   0.000   0.000   0.000 01O000M000t
00306 ARG01A0157_001 f 0.00  0.000     0  0.00  0  0   1.102  -4.050   0.595  -0.074   4.168   0.000 01O000M000t
00307 ARG02A0157_002 f 0.00  0.000     0  0.00  0  0   1.159  -4.053   0.595  -0.374   4.401   0.000 02O000M000t
00308 ARG03A0157_003 f 0.00  0.000     0  0.00  0  0   1.076  -4.039   0.595  -0.032   4.549   0.000 03O000M000t
00309 ARG03A0157_004 f 0.00  0.000     0  0.00  0  0   1.080  -4.045   0.595   0.021   4.486   0.000 03O000M000t
00310 ARG+1A0157_005 f 0.00  1.000     0 12.50  0  1   1.037  -4.068   0.595   3.276   9.286   0.000 +1O000M000t
00311 ASN01A0158_001 f 0.00  0.000     0  0.00  0  0   0.219  -1.821   0.588  -1.646   3.190   0.000 01O000M000t
00312 ASN01A0158_002 f 0.00  0.000     0  0.00  0  0   0.040  -1.399   0.591   1.231   3.308   0.000 01R001M000t
00313 CYS01A0159_001 f 0.00  0.000     0  0.00  0  0  -0.002  -4.643   0.077  -0.080   0.970   0.000 01O000M000t
00314 CYS01A0159_002 f 0.00  0.000     0  0.00  0  0  -0.002  -4.710   0.077  -0.487   0.956   0.000 01O000M000t
00315 CYS01A0159_003 f 0.00  0.000     0  0.00  0  0  -0.002  -4.592   0.077   0.103   0.985   0.000 01O000M000t
00316 CYS-1A0159_004 f 0.00 -1.000     0  9.10  0 -1   0.000  -4.554   0.077  -4.128  14.948   0.000 -1O000M000t
00317 MET01A0160_001 f 0.00  0.000     0  0.00  0  0   0.147  -7.329   0.721   0.060   0.096   0.000 01O000M000t
00318 LEU01A0161_001 f 0.00  0.000     0  0.00  0  0   1.949   0.715   3.069   0.000   0.000   0.000 01O000M000t
00319 ASP01A0162_001 f 0.00  0.000     0  0.00  0  0  -0.444   1.967   3.075   3.082   1.539   0.000 01O000M000t
00320 ASP01A0162_002 f 0.00  0.000     0  0.00  0  0  -0.444   1.967   0.355   1.587   2.139   0.000 01O000M000t
00321 ASP02A0162_003 f 0.00  0.000     0  0.00  0  0  -0.414  -0.102   3.075  -2.953   1.610   0.000 02O000M000t
00322 ASP02A0162_004 f 0.00  0.000     0  0.00  0  0  -0.414  -0.102   0.355  -2.377   2.486   0.000 02O000M000t
00323 ASP-1A0162_005 f 0.00 -1.000     0  4.75  0 -1  -0.449   0.017   0.355  -8.601   7.939   0.000 -1O000M000t
00324 GLU01A0163_001 f 0.00  0.000     0  0.00  0  0  -0.302   1.141   4.327   2.520   0.636   0.000 01O000M000t
00325 GLU01A0163_002 f 0.00  0.000     0  0.00  0  0  -0.302   1.141   1.607  -0.056   1.006   0.000 01O000M000t
00326 GLU02A0163_003 f 0.00  0.000     0  0.00  0  0  -0.840   0.425   4.327  -0.663  -0.092   0.000 02O000M000t
00327 GLU02A0163_004 f 0.00  0.000     0  0.00  0  0  -0.840   0.425   1.607  -0.605   0.859   0.000 02O000M000t
00328 GLU-1A0163_005 f 0.00 -1.000     0  4.75  0 -1  -0.829   0.479   1.607  -3.367   2.198   0.000 -1O000M000t
00329 LYS01A0164_001 f 0.00  0.000     0  0.00  0  0  -5.852  -0.497   4.630  -0.041  -0.068   0.000 01O000M000t
00330 LYS+1A0164_002 f 0.00  1.000     0 10.40  0  1  -5.899  -0.499   4.630   0.154  -0.143   0.000 +1O000M000t
00331 PHE01A0165_001 f 0.00  0.000     0  0.00  0  0  -1.590  -0.886   0.007   0.000   0.000   0.000 01O000M000t
00332 THR01A0166_001 f 0.00  0.000     0  0.00  0  0  -1.430  -2.258   0.375  -0.568  -0.154   0.000 01O000M000t
00333 THR01A0166_002 f 0.00  0.000     0  0.00  0  0  -1.430  -2.258   0.375   0.429   0.845   0.000 01O000M000t
00334 VAL01A0167_001 f 0.00  0.000     0  0.00  0  0   0.621  -3.719   0.133   0.000   0.000   0.000 01O000M000t
00335 LYS01A0168_001 f 0.00  0.000     0  0.00  0  0  -0.576  -5.254   1.774  -0.554   0.459   0.000 01O000M000t
00336 LYS+1A0168_002 f 0.00  1.000     0 10.40  0  1  -0.622  -5.178   1.774  -1.734   3.223   0.000 +1O000M000t
00337 VAL01A0169_001 f 0.00  0.000     0  0.00  0  0   0.660  -3.801   0.010   0.000   0.000   0.000 01O000M000t
00338 ALA01A0170_001 f 0.00  0.000     0  0.00  0  0   0.000   1.402   0.000   0.000   0.000   0.000 01O000M000t
00339 ASP01A0171_001 f 0.00  0.000     0  0.00  0  0   0.008   5.588   3.454   1.213   2.435   0.000 01O000M000t
00340 ASP01A0171_002 f 0.00  0.000     0  0.00  0  0   0.008   5.588   0.734   2.134   2.598   0.000 01O000M000t
00341 ASP02A0171_003 f 0.00  0.000     0  0.00  0  0   0.057   3.493   3.454  -1.038   2.870   0.000 02O000M000t
00342 ASP02A0171_004 f 0.00  0.000     0  0.00  0  0   0.057   3.493   0.734  -2.252   2.485   0.000 02O000M000t
00343 ASP-1A0171_005 f 0.00 -1.000     0  4.75  0 -1   0.001   3.295   0.734  -1.229  11.807   0.000 -1O000M000t
00344 PHE01A0172_001 f 0.00  0.000     0  0.00  0  0   4.288  -6.331   0.262   0.000   0.000   0.000 01O000M000t
00345 LEU01A0174_001 f 0.00  0.000     0  0.00  0  0   1.706  -5.448   0.467   0.000   0.000   0.000 01O000M000t
00346 ALA01A0175_001 f 0.00  0.000     0  0.00  0  0   0.000  -1.638   0.000   0.000   0.000   0.000 01O000M000t
00347 ARG01A0176_001 f 0.00  0.000     0  0.00  0  0   1.490  -4.607   3.631   0.350   1.190   0.000 01O000M000t
00348 ARG02A0176_002 f 0.00  0.000     0  0.00  0  0   1.435  -4.621   3.631   0.198   2.356   0.000 02O000M000t
00349 ARG03A0176_003 f 0.00  0.000     0  0.00  0  0   1.435  -4.612   3.631   0.395   2.002   0.000 03O000M000t
00350 ARG+1A0176_004 f 0.00  1.000     0 12.50  0  1   1.390  -4.628   3.631  -0.246   1.832   0.000 +1O000M000t
00351 ASP01A0177_001 f 0.00  0.000     0  0.00  0  0   0.006   0.870   4.654   0.226   2.127   0.000 01O000M000t
00352 ASP01A0177_002 f 0.00  0.000     0  0.00  0  0   0.006   0.870   1.934   0.338   2.838   0.000 01O000M000t
00353 ASP02A0177_003 f 0.00  0.000     0  0.00  0  0   0.028   0.363   4.654  -3.406   2.451   0.000 02O000M000t
00354 ASP02A0177_004 f 0.00  0.000     0  0.00  0  0   0.028   0.363   1.934   3.070   2.618   0.000 02O000M000t
00355 ASP-1A0177_005 f 0.00 -1.000     0  4.75  0 -1  -0.032  -0.169   1.934  -9.762  11.377   0.000 -1O000M000t
00356 MET01A0178_001 f 0.00  0.000     0  0.00  0  0  -0.427  -3.162   1.903   0.089   0.060   0.000 01O000M000t
00357 TYR01A0179_001 f 0.00  0.000     0  0.00  0  0   4.318  -6.319   0.022   1.051   2.670   0.000 01O000M000t
00358 TYR01A0179_002 f 0.00  0.000     0  0.00  0  0   4.318  -6.319   0.022  -2.056   2.672   0.000 01O000M000t
00359 TYR-1A0179_003 f 0.00 -1.000     0 10.20  0 -1   4.318  -6.319   0.022   1.592  14.550   0.000 -1O000M000t
00360 ASP01A0180_001 f 0.00  0.000     0  0.00  0  0  -0.942  -0.177   3.405   2.236   0.634   0.000 01O000M000t
00361 ASP01A0180_002 f 0.00  0.000     0  0.00  0  0  -0.942  -0.177   0.685  -0.057   0.992   0.000 01O000M000t
00362 ASP02A0180_003 f 0.00  0.000     0  0.00  0  0  -0.712  -0.570   3.405  -0.046   0.324   0.000 02O000M000t
00363 ASP02A0180_004 f 0.00  0.000     0  0.00  0  0  -0.712  -0.570   0.685  -0.323   1.385   0.000 02O000M000t
00364 ASP-1A0180_005 f 0.00 -1.000     0  4.75  0 -1  -0.781  -0.522   0.685  -2.884   2.875   0.000 -1O000M000t
00365 LYS01A0181_001 f 0.00  0.000     0  0.00  0  0  -8.441  -0.588   2.110  -0.052   0.008   0.000 01O000M000t
00366 LYS+1A0181_002 f 0.00  1.000     0 10.40  0  1  -8.515  -0.595   2.110   0.316  -0.006   0.000 +1O000M000t
00367 GLU01A0182_001 f 0.00  0.000     0  0.00  0  0  -0.529  -1.207   3.641   0.473   0.316   0.000 01O000M000t
00368 GLU01A0182_002 f 0.00  0.000     0  0.00  0  0  -0.529  -1.207   0.921   0.114   0.702   0.000 01O000M000t
00369 GLU02A0182_003 f 0.00  0.000     0  0.00  0  0  -1.030  -1.196   3.641   0.006  -0.486   0.000 02O000M000t
00370 GLU02A0182_004 f 0.00  0.000     0  0.00  0  0  -1.030  -1.196   0.921   0.015   0.716   0.000 02O000M000t
00371 GLU-1A0182_005 f 0.00 -1.000     0  4.75  0 -1  -0.951  -1.180   0.921  -0.437   0.534   0.000 -1O000M000t
00372 TYR01A0183_001 f 0.00  0.000     0  0.00  0  0   2.933  -3.772   0.022  -0.043   1.016   0.000 01O000M000t
00373 TYR01A0183_002 f 0.00  0.000     0  0.00  0  0   2.933  -3.772   0.022  -0.047   0.978   0.000 01O000M000t
00374 TYR-1A0183_003 f 0.00 -1.000     0 10.20  0 -1   2.933  -3.772   0.022  -1.598   3.799   0.000 -1O000M000t
00375 TYR01A0184_001 f 0.00  0.000     0  0.00  0  0   3.861  -9.578   0.004   1.001   2.566   0.000 01O000M000t
00376 TYR01A0184_002 f 0.00  0.000     0  0.00  0  0   3.861  -9.578   0.004   0.074   2.487   0.000 01O000M000t
00377 TYR-1A0184_003 f 0.00 -1.000     0 10.20  0 -1   3.861  -9.578   0.004  -2.494  11.729   0.000 -1O000M000t
00378 SER01A0185_001 f 0.00  0.000     0  0.00  0  0  -0.421  -0.502   0.475   3.694   1.635   0.000 01O000M000t
00379 SER01A0185_002 f 0.00  0.000     0  0.00  0  0  -0.421  -0.502   0.475  -1.267   0.662   0.000 01O000M000t
00380 VAL01A0186_001 f 0.00  0.000     0  0.00  0  0  -3.569  -1.310   0.235   0.000   0.000   0.000 01O000M000t
00381 HIS01A0187_001 f 0.00  0.000     0  0.00  0  0  -3.684  -2.284   0.019  -0.166   1.662   0.000 01O000M000t
00382 HIS02A0187_002 f 0.00  0.000     0  0.00  0  0  -3.705  -2.327   0.019   0.690   1.589   0.000 02O000M000t
00383 HIS+1A0187_003 f 0.00  1.000     0  6.98  0  1  -3.732  -2.333   0.019   1.971   2.328   0.000 +1O000M000t
00384 ASN01A0188_001 f 0.00  0.000     0  0.00  0  0   0.450  -4.556   1.235  -3.476   3.190   0.000 01O000M000t
00385 ASN01A0188_002 f 0.00  0.000     0  0.00  0  0   0.413  -5.269   1.236   3.385   2.914   0.000 01R001M000t
00386 LYS01A0189_001 f 0.00  0.000     0  0.00  0  0  -5.127   1.162   2.341   0.315   0.322   0.000 01O000M000t
00387 LYS+1A0189_002 f 0.00  1.000     0 10.40  0  1  -5.174   1.144   2.341  -1.777   1.757   0.000 +1O000M000t
00388 THR01A0190_001 f 0.00  0.000     0  0.00  0  0  -0.740  -0.303   1.118   0.115   1.693   0.000 01O000M000t
00389 THR01A0190_002 f 0.00  0.000     0  0.00  0  0  -0.740  -0.303   1.118   2.135   1.642   0.000 01O000M000t
00390 THR01A0190_003 f 0.00  0.000     0  0.00  0  0  -0.740  -0.303   0.743  -1.952   1.132   0.000 01O000M000t
00391 ALA01A0192_001 f 0.00  0.000     0  0.00  0  0  -3.689  -0.548   0.000   0.000   0.000   0.000 01O000M000t
00392 LYS01A0193_001 f 0.00  0.000     0  0.00  0  0  -4.121  -4.618   1.386  -0.047   0.226   0.000 01O000M000t
00393 LYS+1A0193_002 f 0.00  1.000     0 10.40  0  1  -4.167  -4.663   1.386   0.310   1.460   0.000 +1O000M000t
00394 LEU01A0194_001 f 0.00  0.000     0  0.00  0  0   0.012   0.907   0.579   0.000   0.000   0.000 01O000M000t
00395 PRO01A0195_001 f 0.00  0.000     0  0.00  0  0   0.096   0.882   0.000   0.000   0.000   0.000 01O000M000t
00396 VAL01A0196_001 f 0.00  0.000     0  0.00  0  0   0.430  -3.433   0.055   0.000   0.000   0.000 01O000M000t
00397 LYS01A0197_001 f 0.00  0.000     0  0.00  0  0  -0.737   1.824   1.103  -0.930   0.669   0.000 01O000M000t
00398 LYS+1A0197_002 f 0.00  1.000     0 10.40  0  1  -0.780   1.692   1.103  -5.420   4.606   0.000 +1O000M000t
00399 TRP01A0198_001 f 0.00  0.000     0  0.00  0  0   2.655  -9.715   0.923   0.000   0.000   0.000 01O000M000t
00400 MET01A0199_001 f 0.00  0.000     0  0.00  0  0   0.548  -6.788   0.848  -0.038   0.092   0.000 01O000M000t
00401 ALA01A0200_001 f 0.00  0.000     0  0.00  0  0   0.000  -1.849   0.000   0.000   0.000   0.000 01O000M000t
00402 LEU01A0201_001 f 0.00  0.000     0  0.00  0  0   1.310  -5.192   0.818   0.000   0.000   0.000 01O000M000t
00403 GLU01A0202_001 f 0.00  0.000     0  0.00  0  0   1.995   1.971   4.860   2.924   2.044   0.000 01O000M000t
00404 GLU01A0202_002 f 0.00  0.000     0  0.00  0  0   1.995   1.971   2.140  -0.181   2.764   0.000 01O000M000t
00405 GLU02A0202_003 f 0.00  0.000     0  0.00  0  0   1.643   1.308   4.860  -1.067   1.429   0.000 02O000M000t
00406 GLU02A0202_004 f 0.00  0.000     0  0.00  0  0   1.643   1.308   2.140  -0.983   2.713   0.000 02O000M000t
00407 GLU-1A0202_005 f 0.00 -1.000     0  4.75  0 -1   1.521   1.423   2.140  -5.528   8.793   0.000 -1O000M000t
00408 SER01A0203_001 f 0.00  0.000     0  0.00  0  0   0.000   1.177   1.081  -3.178   1.764   0.000 01O000M000t
00409 SER01A0203_002 f 0.00  0.000     0  0.00  0  0   0.000   1.177   1.081   0.609   1.289   0.000 01O000M000t
00410 SER01A0203_003 f 0.00  0.000     0  0.00  0  0   0.000   1.177   0.706   0.580   1.415   0.000 01O000M000t
00411 LEU01A0204_001 f 0.00  0.000     0  0.00  0  0   1.750  -5.743   0.732   0.000   0.000   0.000 01O000M000t
00412 GLN01A0205_001 f 0.00  0.000     0  0.00  0  0   0.354  -3.651   0.763   0.288   0.725   0.000 01O000M000t
00413 GLN01A0205_002 f 0.00  0.000     0  0.00  0  0  -0.501  -3.728   0.757  -0.162   0.381   0.000 01R001M000t
00414 THR01A0206_001 f 0.00  0.000     0  0.00  0  0  -2.975  -0.461   0.701  -1.006   1.568   0.000 01O000M000t
00415 GLN01A0207_001 f 0.00  0.000     0  0.00  0  0  -1.852   6.490   0.923   0.181   0.447   0.000 01O000M000t
00416 GLN01A0207_002 f 0.00  0.000     0  0.00  0  0  -1.997   6.347   0.935  -0.062   0.127   0.000 01R001M000t
00417 LYS01A0208_001 f 0.00  0.000     0  0.00  0  0  -7.170  -2.285   2.493  -0.010   0.072   0.000 01O000M000t
00418 LYS+1A0208_002 f 0.00  1.000     0 10.40  0  1  -7.230  -2.288   2.493   0.057  -0.112   0.000 +1O000M000t
00419 PHE01A0209_001 f 0.00  0.000     0  0.00  0  0   3.738  -5.658   0.076   0.000   0.000   0.000 01O000M000t
00420 THR01A0210_001 f 0.00  0.000     0  0.00  0  0  -3.037  -0.865   0.377  -0.600   1.039   0.000 01O000M000t
00421 THR01A0210_002 f 0.00  0.000     0  0.00  0  0  -3.037  -0.865   0.002  -2.237   0.909   0.000 01O000M000t
00422 THR01A0211_001 f 0.00  0.000     0  0.00  0  0  -0.960  -1.145   0.590  -0.129   0.950   0.000 01O000M000t
00423 LYS01A0212_001 f 0.00  0.000     0  0.00  0  0  -2.572  -2.062   1.771   0.113   0.533   0.000 01O000M000t
00424 LYS+1A0212_002 f 0.00  1.000     0 10.40  0  1  -2.609  -2.097   1.771   0.932   3.641   0.000 +1O000M000t
00425 SER01A0213_001 f 0.00  0.000     0  0.00  0  0   0.000   4.591   0.375   1.785   1.762   0.000 01O000M000t
00426 SER01A0213_002 f 0.00  0.000     0  0.00  0  0   0.000   4.591   0.375  -1.491   1.233   0.000 01O000M000t
00427 ASP01A0214_001 f 0.00  0.000     0  0.00  0  0   0.013   1.233   3.503  -2.112   1.647   0.000 01O000M000t
00428 ASP01A0214_002 f 0.00  0.000     0  0.00  0  0   0.013   1.233   0.783   1.633   2.652   0.000 01O000M000t
00429 ASP02A0214_003 f 0.00  0.000     0  0.00  0  0   0.064   2.135   3.503  -2.793   1.728   0.000 02O000M000t
00430 ASP02A0214_004 f 0.00  0.000     0  0.00  0  0   0.064 999.000   0.783   3.780   2.599   0.000 02O000M000t
00431 ASP-1A0214_005 f 0.00 -1.000     0  4.75  0 -1   0.010   0.822   0.783 -11.124  11.393   0.000 -1O000M000t
00432 VAL01A0215_001 f 0.00  0.000     0  0.00  0  0   0.696  -2.972   0.176   0.000   0.000   0.000 01O000M000t
00433 TRP01A0216_001 f 0.00  0.000     0  0.00  0  0   2.700 -11.450   0.009   0.000   0.000   0.000 01O000M000t
00434 SER01A0217_001 f 0.00  0.000     0  0.00  0  0   0.000  -3.000   0.378  -2.223   1.219   0.000 01O000M000t
00435 SER01A0217_002 f 0.00  0.000     0  0.00  0  0   0.000  -3.000   0.003   0.856   0.913   0.000 01O000M000t
00436 PHE01A0218_001 f 0.00  0.000     0  0.00  0  0   4.458  -8.074   0.008   0.000   0.000   0.000 01O000M000t
00437 VAL01A0220_001 f 0.00  0.000     0  0.00  0  0   0.680  -2.624   0.043   0.000   0.000   0.000 01O000M000t
00438 LEU01A0221_001 f 0.00  0.000     0  0.00  0  0   2.133  -4.722   0.807   0.000   0.000   0.000 01O000M000t
00439 LEU01A0222_001 f 0.00  0.000     0  0.00  0  0   1.763  -5.178   0.923   0.000   0.000   0.000 01O000M000t
00440 TRP01A0223_001 f 0.00  0.000     0  0.00  0  0   1.467  -8.268   0.002   0.000   0.000   0.000 01O000M000t
00441 GLU01A0224_001 f 0.00  0.000     0  0.00  0  0   0.674  -2.327   3.915  -0.962   2.463   0.000 01O000M000t
00442 GLU01A0224_002 f 0.00  0.000     0  0.00  0  0   0.674  -2.327   1.195   1.917   2.730   0.000 01O000M000t
00443 GLU02A0224_003 f 0.00  0.000     0  0.00  0  0   0.710  -2.633   3.915  -1.925   2.702   0.000 02O000M000t
00444 GLU02A0224_004 f 0.00  0.000     0  0.00  0  0   0.710  -2.633   1.195  -0.344   2.964   0.000 02O000M000t
00445 GLU-1A0224_005 f 0.00 -1.000     0  4.75  0 -1   0.564  -2.526   1.195  -7.326  13.472   0.000 -1O000M000t
00446 LEU01A0225_001 f 0.00  0.000     0  0.00  0  0   1.722  -4.887   0.472   0.000   0.000   0.000 01O000M000t
00447 MET01A0226_001 f 0.00  0.000     0  0.00  0  0   0.002  -6.355   2.732   0.089   0.088   0.000 01O000M000t
00448 THR01A0227_001 f 0.00  0.000     0  0.00  0  0  -0.350  -0.696   0.726  -1.965   1.955   0.000 01O000M000t
00449 THR01A0227_002 f 0.00  0.000     0  0.00  0  0  -0.350  -0.696   0.350  -0.779   1.954   0.000 01O000M000t
00450 ARG01A0228_001 f 0.00  0.000     0  0.00  0  0  -1.388  -3.923   0.675   0.583   3.019   0.000 01O000M000t
00451 ARG02A0228_002 f 0.00  0.000     0  0.00  0  0  -1.428  -3.975   0.675  -0.031   3.616   0.000 02O000M000t
00452 ARG03A0228_003 f 0.00  0.000     0  0.00  0  0  -1.433  -3.791   0.675   0.475   3.694   0.000 03O000M000t
00453 ARG+1A0228_004 f 0.00  1.000     0 12.50  0  1  -1.472  -4.015   0.675  -2.626   6.207   0.000 +1O000M000t
00454 ALA01A0230_001 f 0.00  0.000     0  0.00  0  0  -1.716  -1.185   0.000   0.000   0.000   0.000 01O000M000t
00455 PRO01A0231_001 f 0.00  0.000     0  0.00  0  0  -2.598  -0.439   0.000   0.000   0.000   0.000 01O000M000t
00456 PRO01A0232_001 f 0.00  0.000     0  0.00  0  0   0.219  -0.104   0.000   0.000   0.000   0.000 01O000M000t
00457 TYR01A0233_001 f 0.00  0.000     0  0.00  0  0   4.086  -1.109   0.963   0.266   2.048   0.000 01O000M000t
00458 TYR-1A0233_002 f 0.00 -1.000     0 10.20  0 -1   4.086  -1.109   0.963   1.103  10.460   0.000 -1O000M000t
00459 PRO01A0234_001 f 0.00  0.000     0  0.00  0  0  -3.644  -1.573   0.000   0.000   0.000   0.000 01O000M000t
00460 ASP01A0235_001 f 0.00  0.000     0  0.00  0  0  -3.632  -0.458   3.221   0.380  -0.553   0.000 01O000M000t
00461 ASP01A0235_002 f 0.00  0.000     0  0.00  0  0  -3.632  -0.458   0.501   0.225   0.509   0.000 01O000M000t
00462 ASP02A0235_003 f 0.00  0.000     0  0.00  0  0  -3.613  -0.680   3.221   0.400  -0.586   0.000 02O000M000t
00463 ASP02A0235_004 f 0.00  0.000     0  0.00  0  0  -3.613  -0.680   0.501   0.249   0.822   0.000 02O000M000t
00464 ASP-1A0235_005 f 0.00 -1.000     0  4.75  0 -1  -3.604  -0.643   0.501  -0.488   0.034   0.000 -1O000M000t
00465 VAL01A0236_001 f 0.00  0.000     0  0.00  0  0   0.347  -2.982   0.173   0.000   0.000   0.000 01O000M000t
00466 ASN01A0237_001 f 0.00  0.000     0  0.00  0  0  -1.922  -1.878   1.654  -1.898   1.021   0.000 01O000M000t
00467 THR01A0238_001 f 0.00  0.000     0  0.00  0  0  -1.702  -1.055   0.518  -0.144   0.646   0.000 01O000M000t
00468 THR01A0238_002 f 0.00  0.000     0  0.00  0  0  -1.702  -1.055   0.518   0.620   1.517   0.000 01O000M000t
00469 THR01A0238_003 f 0.00  0.000     0  0.00  0  0  -1.702  -1.055   0.143  -1.073   0.790   0.000 01O000M000t
00470 PHE01A0239_001 f 0.00  0.000     0  0.00  0  0  -4.468   0.002   0.919   0.000   0.000   0.000 01O000M000t
00471 ASP01A0240_001 f 0.00  0.000     0  0.00  0  0  -2.430   0.125   3.420   0.771   0.326   0.000 01O000M000t
00472 ASP01A0240_002 f 0.00  0.000     0  0.00  0  0  -2.430   0.125   0.700   0.268   0.607   0.000 01O000M000t
00473 ASP02A0240_003 f 0.00  0.000     0  0.00  0  0  -2.327  -0.445   3.420   0.445  -0.100   0.000 02O000M000t
00474 ASP02A0240_004 f 0.00  0.000     0  0.00  0  0  -2.327  -0.445   0.700   0.231   0.845   0.000 02O000M000t
00475 ASP-1A0240_005 f 0.00 -1.000     0  4.75  0 -1  -2.348  -0.382   0.700  -0.829   0.769   0.000 -1O000M000t
00476 ILE01A0241_001 f 0.00  0.000     0  0.00  0  0   0.836  -3.208   0.535   0.000   0.000   0.000 01O000M000t
00477 THR01A0242_001 f 0.00  0.000     0  0.00  0  0  -1.883  -1.320   0.885  -0.175   1.334   0.000 01O000M000t
00478 VAL01A0243_001 f 0.00  0.000     0  0.00  0  0  -4.085   0.169   0.160   0.000   0.000   0.000 01O000M000t
00479 TYR01A0244_001 f 0.00  0.000     0  0.00  0  0   1.903  -5.884   0.329   0.217   1.236   0.000 01O000M000t
00480 TYR01A0244_002 f 0.00  0.000     0  0.00  0  0   1.903  -5.884   0.329   0.217   1.012   0.000 01O000M000t
00481 TYR-1A0244_003 f 0.00 -1.000     0 10.20  0 -1   1.903  -5.884   0.329  -0.089   2.892   0.000 -1O000M000t
00482 LEU01A0245_001 f 0.00  0.000     0  0.00  0  0   1.412  -2.301   0.517   0.000   0.000   0.000 01O000M000t
00483 LEU01A0246_001 f 0.00  0.000     0  0.00  0  0  -4.119  -0.843   2.477   0.000   0.000   0.000 01O000M000t
00484 GLN01A0247_001 f 0.00  0.000     0  0.00  0  0  -0.971  -1.988   0.620   0.037   0.544   0.000 01O000M000t
00485 GLN01A0247_002 f 0.00  0.000     0  0.00  0  0   0.324  -2.090   0.620  -0.232   0.699   0.000 01R001M000t
00486 ARG01A0249_001 f 0.00  0.000     0  0.00  0  0  -4.486  -2.291   0.483  -0.062   0.755   0.000 01O000M000t
00487 ARG02A0249_002 f 0.00  0.000     0  0.00  0  0  -4.556  -2.308   0.483  -0.046   1.581   0.000 02O000M000t
00488 ARG03A0249_003 f 0.00  0.000     0  0.00  0  0  -4.561  -2.308   0.483  -0.059   1.526   0.000 03O000M000t
00489 ARG03A0249_004 f 0.00  0.000     0  0.00  0  0  -4.556  -2.306   0.483  -0.076   1.160   0.000 03O000M000t
00490 ARG+1A0249_005 f 0.00  1.000     0 12.50  0  1  -4.600  -2.310   0.483  -0.080   1.493   0.000 +1O000M000t
00491 ARG01A0250_001 f 0.00  0.000     0  0.00  0  0   0.209  -3.818   0.647  -2.299   3.060   0.000 01O000M000t
00492 ARG02A0250_002 f 0.00  0.000     0  0.00  0  0   0.195  -3.742   0.647  -2.091   4.098   0.000 02O000M000t
00493 ARG02A0250_003 f 0.00  0.000     0  0.00  0  0   0.280  -4.612   0.647  -0.159   3.927   0.000 02O000M000t
00494 ARG03A0250_004 f 0.00  0.000     0  0.00  0  0   0.187  -3.884   0.647  -3.087   3.924   0.000 03O000M000t
00495 ARG+1A0250_005 f 0.00  1.000     0 12.50  0  1   0.148  -3.935   0.647  -6.883   6.520   0.000 +1O000M000t
00496 LEU01A0251_001 f 0.00  0.000     0  0.00  0  0   1.367  -3.905   0.594   0.000   0.000   0.000 01O000M000t
00497 LEU01A0252_001 f 0.00  0.000     0  0.00  0  0  -7.412  -1.211   0.402   0.000   0.000   0.000 01O000M000t
00498 GLN01A0253_001 f 0.00  0.000     0  0.00  0  0  -0.398  -2.587   0.998  -1.009   1.323   0.000 01O000M000t
00499 GLN01A0253_002 f 0.00  0.000     0  0.00  0  0   0.139  -3.636   0.994   0.546   1.140   0.000 01R001M000t
00500 PRO01A0254_001 f 0.00  0.000     0  0.00  0  0   0.249  -2.077   0.000   0.000   0.000   0.000 01O000M000t
00501 GLU01A0255_001 f 0.00  0.000     0  0.00  0  0  -1.366  -0.822   3.411   0.267  -0.062   0.000 01O000M000t
00502 GLU01A0255_002 f 0.00  0.000     0  0.00  0  0  -1.366  -0.822   0.691   0.105   0.677   0.000 01O000M000t
00503 GLU02A0255_003 f 0.00  0.000     0  0.00  0  0  -1.729  -0.813   3.411   0.083  -0.306   0.000 02O000M000t
00504 GLU02A0255_004 f 0.00  0.000     0  0.00  0  0  -1.729  -0.813   0.691   0.080   0.585   0.000 02O000M000t
00505 GLU-1A0255_005 f 0.00 -1.000     0  4.75  0 -1  -1.796  -0.798   0.691  -0.130   0.465   0.000 -1O000M000t
00506 TYR01A0256_001 f 0.00  0.000     0  0.00  0  0  -4.464  -2.079   0.088   0.142   0.256   0.000 01O000M000t
00507 TYR-1A0256_002 f 0.00 -1.000     0 10.20  0 -1  -4.464  -2.079   0.088  -0.095   0.635   0.000 -1O000M000t
00508 CYS01A0257_001 f 0.00  0.000     0  0.00  0  0  -0.002  -4.002   0.009  -0.305   0.985   0.000 01O000M000t
00509 CYS01A0257_002 f 0.00  0.000     0  0.00  0  0  -0.002  -3.833   0.009  -0.104   0.989   0.000 01O000M000t
00510 CYS01A0257_003 f 0.00  0.000     0  0.00  0  0  -0.002  -3.856   0.009  -0.307   0.988   0.000 01O000M000t
00511 CYS-1A0257_004 f 0.00 -1.000     0  9.10  0 -1   0.000  -3.758   0.009  -5.185  13.261   0.000 -1O000M000t
00512 PRO01A0258_001 f 0.00  0.000     0  0.00  0  0  -0.900  -0.127   0.000   0.000   0.000   0.000 01O000M000t
00513 ASP01A0259_001 f 0.00  0.000     0  0.00  0  0  -3.190   0.230   2.834   0.925   0.682   0.000 01O000M000t
00514 ASP01A0259_002 f 0.00  0.000     0  0.00  0  0  -3.190   0.230   0.114   0.294   0.596   0.000 01O000M000t
00515 ASP02A0259_003 f 0.00  0.000     0  0.00  0  0  -3.317  -0.242   2.834   0.367  -0.826   0.000 02O000M000t
00516 ASP02A0259_004 f 0.00  0.000     0  0.00  0  0  -3.317  -0.242   0.114   0.255   0.875   0.000 02O000M000t
00517 ASP-1A0259_005 f 0.00 -1.000     0  4.75  0 -1  -3.110  -0.208   0.114  -0.614   0.468   0.000 -1O000M000t
00518 PRO01A0260_001 f 0.00  0.000     0  0.00  0  0  -3.541   0.133   0.000   0.000   0.000   0.000 01O000M000t
00519 LEU01A0261_001 f 0.00  0.000     0  0.00  0  0   1.530  -3.537   0.828   0.000   0.000   0.000 01O000M000t
00520 TYR01A0262_001 f 0.00  0.000     0  0.00  0  0   2.108  -4.494   0.335  -2.486   2.002   0.000 01O000M000t
00521 TYR01A0262_002 f 0.00  0.000     0  0.00  0  0   2.108  -4.494   0.335   1.160   1.533   0.000 01O000M000t
00522 TYR-1A0262_003 f 0.00 -1.000     0 10.20  0 -1   2.108  -4.494   0.335   1.659   5.552   0.000 -1O000M000t
00523 GLU01A0263_001 f 0.00  0.000     0  0.00  0  0  -2.477  -2.262   4.486   0.107  -0.154   0.000 01O000M000t
00524 GLU01A0263_002 f 0.00  0.000     0  0.00  0  0  -2.477  -2.262   1.766   0.058   0.269   0.000 01O000M000t
00525 GLU02A0263_003 f 0.00  0.000     0  0.00  0  0  -2.403  -2.270   4.486   0.135  -0.486   0.000 02O000M000t
00526 GLU02A0263_004 f 0.00  0.000     0  0.00  0  0  -2.403  -2.270   1.766   0.081   0.651   0.000 02O000M000t
00527 GLU-1A0263_005 f 0.00 -1.000     0  4.75  0 -1  -2.509  -2.231   1.766  -0.231  -0.059   0.000 -1O000M000t
00528 VAL01A0264_001 f 0.00  0.000     0  0.00  0  0   0.379   1.609   0.412   0.000   0.000   0.000 01O000M000t
00529 MET01A0265_001 f 0.00  0.000     0  0.00  0  0   0.353  -6.756   0.821   0.055   0.099   0.000 01O000M000t
00530 LEU01A0266_001 f 0.00  0.000     0  0.00  0  0  -2.935  -2.543   0.547   0.000   0.000   0.000 01O000M000t
00531 LYS01A0267_001 f 0.00  0.000     0  0.00  0  0  -3.735  -3.278   1.190  -0.015   0.056   0.000 01O000M000t
00532 LYS+1A0267_002 f 0.00  1.000     0 10.40  0  1  -3.797  -3.284   1.190  -0.170   0.325   0.000 +1O000M000t
00533 CYS01A0268_001 f 0.00  0.000     0  0.00  0  0  -0.002  -4.748   0.103   0.081   0.995   0.000 01O000M000t
00534 CYS01A0268_002 f 0.00  0.000     0  0.00  0  0  -0.002  -4.836   0.103  -0.468   0.994   0.000 01O000M000t
00535 CYS01A0268_003 f 0.00  0.000     0  0.00  0  0  -0.002  -4.776   0.103   0.239   0.995   0.000 01O000M000t
00536 CYS-1A0268_004 f 0.00 -1.000     0  9.10  0 -1   0.000  -4.688   0.103   1.162  14.886   0.000 -1O000M000t
00537 TRP01A0269_001 f 0.00  0.000     0  0.00  0  0   2.691 -12.112   0.081   0.000   0.000   0.000 01O000M000t
00538 HIS01A0270_001 f 0.00  0.000     0  0.00  0  0  -3.993  -5.043   1.416   0.881   0.989   0.000 01O000M000t
00539 HIS01A0270_002 f 0.00  0.000     0  0.00  0  0  -3.683  -5.132   1.416  -0.987   2.098   0.000 01R001M000t
00540 HIS02A0270_003 f 0.00  0.000     0  0.00  0  0  -4.014  -5.066   1.416   0.686   1.117   0.000 02O000M000t
00541 HIS02A0270_004 f 0.00  0.000     0  0.00  0  0  -3.694  -5.252   1.416   1.527   1.908   0.000 02R001M000t
00542 HIS+1A0270_005 f 0.00  1.000     0  6.98  0  1  -4.040  -5.074   1.416   1.670   1.349   0.000 +1O000M000t
00543 HIS+1A0270_006 f 0.00  1.000     0  6.98  0  1  -3.720  -5.258   1.416   2.635   3.008   0.000 +1R001M000t
00544 PRO01A0271_001 f 0.00  0.000     0  0.00  0  0  -3.161   0.236   0.000   0.000   0.000   0.000 01O000M000t
00545 LYS01A0272_001 f 0.00  0.000     0  0.00  0  0  -5.582  -2.054   3.053   0.072   0.297   0.000 01O000M000t
00546 LYS+1A0272_002 f 0.00  1.000     0 10.40  0  1  -5.637  -2.080   3.053   0.741   1.667   0.000 +1O000M000t
00547 ALA01A0273_001 f 0.00  0.000     0  0.00  0  0  -1.391  -0.801   0.000   0.000   0.000   0.000 01O000M000t
00548 GLU01A0274_001 f 0.00  0.000     0  0.00  0  0  -1.826 999.000   4.886   5.086   0.980   0.000 01O000M000t
00549 GLU01A0274_002 f 0.00  0.000     0  0.00  0  0  -1.826   0.542   2.166  -0.440   0.786   0.000 01O000M000t
00550 GLU02A0274_003 f 0.00  0.000     0  0.00  0  0  -1.963  -0.319   4.886  -1.049  -0.122   0.000 02O000M000t
00551 GLU02A0274_004 f 0.00  0.000     0  0.00  0  0  -1.963  -0.319   2.166  -1.024   0.882   0.000 02O000M000t
00552 GLU-1A0274_005 f 0.00 -1.000     0  4.75  0 -1  -2.031  -0.281   2.166  -2.918   1.768   0.000 -1O000M000t
00553 MET01A0275_001 f 0.00  0.000     0  0.00  0  0  -6.201  -0.709   1.929   0.053   0.043   0.000 01O000M000t
00554 ARG01A0276_001 f 0.00  0.000     0  0.00  0  0   3.356  -0.678   5.215  -0.475   4.424   0.000 01O000M000t
00555 ARG02A0276_002 f 0.00  0.000     0  0.00  0  0   3.318  -0.741   5.215  -2.152   4.762   0.000 02O000M000t
00556 ARG02A0276_003 f 0.00  0.000     0  0.00  0  0   3.360  -1.467   5.215   1.427   4.940   0.000 02O000M000t
00557 ARG03A0276_004 f 0.00  0.000     0  0.00  0  0   3.313  -0.759   5.215  -2.788   4.847   0.000 03O000M000t
00558 ARG03A0276_005 f 0.00  0.000     0  0.00  0  0   3.318  -0.635   5.215  -1.431   4.820   0.000 03O000M000t
00559 ARG+1A0276_006 f 0.00  1.000     0 12.50  0  1   3.274  -0.811   5.215  -5.676  11.083   0.000 +1O000M000t
00560 PRO01A0277_001 f 0.00  0.000     0  0.00  0  0   0.240  -3.112   0.000   0.000   0.000   0.000 01O000M000t
00561 SER01A0278_001 f 0.00  0.000     0  0.00  0  0  -1.968   0.362   0.523  -0.102   1.543   0.000 01O000M000t
00562 SER01A0278_002 f 0.00  0.000     0  0.00  0  0  -1.968   0.362   0.523   2.838   1.566   0.000 01O000M000t
00563 SER01A0278_003 f 0.00  0.000     0  0.00  0  0  -1.968   0.362   0.148  -2.366   0.440   0.000 01O000M000t
00564 PHE01A0279_001 f 0.00  0.000     0  0.00  0  0   4.010  -9.650   0.447   0.000   0.000   0.000 01O000M000t
00565 SER01A0280_001 f 0.00  0.000     0  0.00  0  0  -3.373  -0.441   2.515  -0.325   0.458   0.000 01O000M000t
00566 SER01A0280_002 f 0.00  0.000     0  0.00  0  0  -3.373  -0.441   2.515  -0.123   0.335   0.000 01O000M000t
00567 GLU01A0281_001 f 0.00  0.000     0  0.00  0  0  -1.088  -4.003   3.380   0.787   0.354   0.000 01O000M000t
00568 GLU01A0281_002 f 0.00  0.000     0  0.00  0  0  -1.088  -4.003   0.660   0.123   0.980   0.000 01O000M000t
00569 GLU02A0281_003 f 0.00  0.000     0  0.00  0  0  -0.911  -4.071   3.380   0.473   0.913   0.000 02O000M000t
00570 GLU02A0281_004 f 0.00  0.000     0  0.00  0  0  -0.911  -4.071   0.660   0.028   0.867   0.000 02O000M000t
00571 GLU-1A0281_005 f 0.00 -1.000     0  4.75  0 -1  -1.100  -4.059   0.660  -2.192   2.675   0.000 -1O000M000t
00572 LEU01A0282_001 f 0.00  0.000     0  0.00  0  0   2.115  -4.827   1.173   0.000   0.000   0.000 01O000M000t
00573 VAL01A0283_001 f 0.00  0.000     0  0.00  0  0  -0.383   1.781   0.154   0.000   0.000   0.000 01O000M000t
00574 SER01A0284_001 f 0.00  0.000     0  0.00  0  0  -4.045  -1.534   0.547  -0.308  -0.137   0.000 01O000M000t
00575 SER01A0284_002 f 0.00  0.000     0  0.00  0  0  -4.045  -1.534   0.172  -0.411  -0.001   0.000 01O000M000t
00576 ARG01A0285_001 f 0.00  0.000     0  0.00  0  0  -2.703  -3.494   3.751  -0.053   1.697   0.000 01O000M000t
00577 ARG02A0285_002 f 0.00  0.000     0  0.00  0  0  -2.722  -3.512   3.751   0.205   2.303   0.000 02O000M000t
00578 ARG03A0285_003 f 0.00  0.000     0  0.00  0  0  -2.730  -3.507   3.751   0.245   2.501   0.000 03O000M000t
00579 ARG+1A0285_004 f 0.00  1.000     0 12.50  0  1  -2.768  -3.515   3.751   0.797   4.099   0.000 +1O000M000t
00580 ILE01A0286_001 f 0.00  0.000     0  0.00  0  0   1.532  -3.021   0.702   0.000   0.000   0.000 01O000M000t
00581 SER01A0287_001 f 0.00  0.000     0  0.00  0  0  -2.198   3.200   2.721   0.129   0.363   0.000 01O000M000t
00582 ALA01A0288_001 f 0.00  0.000     0  0.00  0  0  -3.670  -1.164   0.000   0.000   0.000   0.000 01O000M000t
00583 ILE01A0289_001 f 0.00  0.000     0  0.00  0  0   0.870  -3.453   0.489   0.000   0.000   0.000 01O000M000t
00584 PHE01A0290_001 f 0.00  0.000     0  0.00  0  0  -0.214  -6.798   0.005   0.000   0.000   0.000 01O000M000t
00585 SER01A0291_001 f 0.00  0.000     0  0.00  0  0  -3.546  -2.109   0.874  -0.130  -0.169   0.000 01O000M000t
00586 SER01A0291_002 f 0.00  0.000     0  0.00  0  0  -3.546  -2.109   0.499  -0.202  -0.135   0.000 01O000M000t
00587 THR01A0292_001 f 0.00  0.000     0  0.00  0  0  -3.832   2.006   0.460  -2.453   1.441   0.000 01O000M000t
00588 THR01A0292_002 f 0.00  0.000     0  0.00  0  0  -3.832   2.006   0.460   0.300   0.911   0.000 01O000M000t
00589 PHE01A0293_001 f 0.00  0.000     0  0.00  0  0   0.801  -2.447   0.826   0.000   0.000   0.000 01O000M000t
00590 ILE01A0294_001 f 0.00  0.000     0  0.00  0  0 857.221  87.504   1.201   0.000   0.000   0.000 01O000M000t
00591 VGH21B0001_001 f 0.00  1.998     0  0.00  0  0 000.000 472.803   0.000   1.262  11.558   0.283 21O000M000t
00592 VGH21B0001_002 f 0.00  1.998     0  0.00  0  0 000.000 473.648   0.000   1.237  11.492   0.283 21O000M000t
00593 VGH11B0001_003 f 0.00  0.995     0  0.00  0  0 000.000 472.082   0.000  -2.255   7.755   0.585 11O000M000t
00594 VGH01B0001_004 f 0.00  0.003     0  0.00  0  0 000.000 472.106   0.000  -2.477   5.846   3.192 01O000M000t
00595 VGH12B0001_005 f 0.00  1.002     0  0.00  0  0 000.000 502.579   0.000   2.993   9.103   3.587 12O000M000t
00596 VGHDMB0001_006 t 0.00  0.000     0  0.00  0  0   0.000   0.000   0.000   0.000   0.000   0.000         DMt
