  pH           7
HIS+A0001_  0.46
ASP-A0003_ -1.00
GLU-A0010_ -1.00
HIS+A0017_  0.06
HIS+A0028_  0.14
GLU-A0031_ -0.99
ARG+A0035_  1.00
HIS+A0037_  0.10
CYS-A0040_ -0.01
TYR-A0042_ -0.00
HIS+A0043_  0.14
ASP-A0048_ -1.00
ASP-A0050_ -1.00
LYS+A0052_  1.00
LYS+A0053_  1.00
HIS+A0055_  0.02
CYS-A0056_ -0.00
LYS+A0059_  1.00
ARG+A0063_  1.00
ASP-A0066_ -1.00
GLU-A0069_ -1.00
GLU-A0076_ -1.00
LYS+A0081_  1.00
ASP-A0082_ -1.00
HIS+A0085_  0.00
CYS-A0095_ -0.00
ARG+A0097_  1.00
GLU-A0099_ -1.00
TYR-A0108_ -0.00
LYS+A0110_  1.00
HIS+A0111_  0.00
ASP-A0113_ -1.00
ARG+A0115_  1.00
ARG+A0119_  1.00
GLU-A0121_ -1.00
HIS+A0123_  0.04
LYS+A0128_  1.00
ASP-A0129_ -1.00
LYS+A0139_  1.00
LYS+A0142_  0.99
TYR-A0143_ -0.00
LYS+A0147_  1.00
LYS+A0148_  1.00
HIS+A0151_  0.00
ARG+A0152_  1.00
ASP-A0153_ -1.00
ARG+A0157_  1.00
CYS-A0159_ -0.00
ASP-A0162_ -1.00
GLU-A0163_ -1.00
LYS+A0164_  1.00
LYS+A0168_  1.00
ASP-A0171_ -0.00
ARG+A0176_  1.00
ASP-A0177_ -1.00
TYR-A0179_ -0.00
ASP-A0180_ -1.00
LYS+A0181_  1.00
GLU-A0182_ -1.00
TYR-A0183_ -0.00
TYR-A0184_ -0.00
HIS+A0187_  0.00
LYS+A0189_  1.00
LYS+A0193_  0.97
LYS+A0197_  1.00
GLU-A0202_ -1.00
LYS+A0208_  1.00
LYS+A0212_  0.65
ASP-A0214_ -1.00
GLU-A0224_ -1.00
ARG+A0228_  1.00
TYR-A0233_ -0.00
ASP-A0235_ -1.00
ASP-A0240_ -1.00
TYR-A0244_ -0.00
ARG+A0249_  1.00
ARG+A0250_  1.00
GLU-A0255_ -1.00
TYR-A0256_ -0.00
CYS-A0257_ -0.00
ASP-A0259_ -1.00
TYR-A0262_ -0.00
GLU-A0263_ -1.00
LYS+A0267_  1.00
CYS-A0268_ -0.00
HIS+A0270_  0.00
LYS+A0272_  0.97
GLU-A0274_ -1.00
ARG+A0276_  1.00
GLU-A0281_ -1.00
ARG+A0285_  1.00
----------
Net_Charge  4.54
Protons     4.54
Electrons   0.00
