 ph         7.4   7.4   7.4   7.4   7.4
NTR A0001  0.85  0.85  0.85  0.85  0.85
ASP A0002 -1.00 -1.00 -1.00 -1.00 -1.00
ASP A0006 -1.00 -1.00 -1.00 -1.00 -1.00
GLU A0010 -1.00 -1.00 -1.00 -1.00 -1.00
ARG A0013  1.00  1.00  1.00  1.00  1.00
ASP A0014 -1.00 -1.00 -1.00 -1.00 -1.00
ARG A0015  1.00  1.00  1.00  1.00  1.00
LYS A0020  1.00  1.00  1.00  1.00  1.00
GLU A0024 -1.00 -1.00 -1.00 -1.00 -1.00
ARG A0032  1.00  1.00  1.00  1.00  1.00
GLU A0034 -1.00 -1.00 -1.00 -1.00 -1.00
ASP A0039 -1.00 -1.00 -1.00 -1.00 -1.00
ARG A0042  1.00  1.00  1.00  1.00  1.00
ASP A0044 -1.00 -1.00 -1.00 -1.00 -1.00
LYS A0052  1.00  1.00  1.00  1.00  1.00
LYS A0055  1.00  1.00  1.00  1.00  1.00
ASP A0056 -1.00 -1.00 -1.00 -1.00 -1.00
ASP A0060 -1.00 -1.00 -1.00 -1.00 -1.00
LYS A0061  1.00  1.00  1.00  1.00  1.00
ASP A0062 -1.00 -1.00 -1.00 -1.00 -1.00
ASP A0065 -0.98 -0.98 -0.98 -0.98 -0.98
GLU A0069 -1.00 -1.00 -1.00 -1.00 -1.00
GLU A0071 -0.98 -0.98 -0.98 -0.98 -0.98
LYS A0074  0.25  0.26  0.25  0.25  0.25
ARG A0078  1.00  1.00  1.00  1.00  1.00
HIS A0079  0.00  0.00  0.00  0.00  0.00
LYS A0080  1.00  1.00  1.00  1.00  1.00
CYS A0089  0.00  0.00  0.00  0.00  0.00
GLU A0092 -1.00 -1.00 -1.00 -1.00 -1.00
TYR A0096 -0.00 -0.00 -0.00 -0.00 -0.00
GLU A0100 -1.00 -1.00 -1.00 -1.00 -1.00
CYS A0101 -0.00 -0.00 -0.00 -0.00 -0.00
LYS A0104  1.00  1.00  1.00  1.00  1.00
ARG A0108  1.00  1.00  1.00  1.00  1.00
GLU A0109 -1.00 -1.00 -1.00 -1.00 -1.00
ARG A0112  1.00  1.00  1.00  1.00  1.00
ARG A0114  1.00  1.00  1.00  1.00  1.00
ARG A0115  1.00  1.00  1.00  1.00  1.00
ASP A0120 -0.92 -0.92 -0.92 -0.92 -0.92
ASP A0124 -1.00 -1.00 -1.00 -1.00 -1.00
ARG A0127  1.00  1.00  1.00  1.00  1.00
GLU A0130 -1.00 -1.00 -1.00 -1.00 -1.00
CYS A0141  0.00  0.00  0.00  0.00  0.00
TYR A0143  0.00  0.00  0.00 -0.00 -0.00
ARG A0147  1.00  1.00  1.00  1.00  1.00
TYR A0151  0.00  0.00  0.00 -0.00  0.00
GLU A0153 -1.00 -1.00 -1.00 -1.00 -1.00
ARG A0155  1.00  1.00  1.00  1.00  1.00
LYS A0156  1.00  1.00  1.00  1.00  1.00
CYS A0157 -0.00 -0.00 -0.00 -0.00 -0.00
HIS A0159  0.00  0.00  0.00  0.00  0.00
ARG A0160  1.00  1.00  1.00  1.00  1.00
ASP A0161 -0.98 -0.98 -0.98 -1.00 -0.98
ARG A0165  1.00  1.00  1.00  1.00  1.00
GLU A0171 -1.00 -1.00 -1.00 -1.00 -1.00
ASP A0172 -1.00 -1.00 -1.00 -1.00 -1.00
LYS A0176  1.00  1.00  1.00  1.00  1.00
ASP A0179 -0.99 -0.99 -0.99 -0.99 -0.99
ARG A0184  1.00  1.00  1.00  1.00  1.00
HIS A0187  0.33  0.33  0.33  0.33  0.33
HIS A0188  0.11  0.10  0.10  0.11  0.11
ASP A0190 -1.00 -1.00 -1.00 -1.00 -1.00
TYR A0191  0.00  0.00  0.00  0.00  0.00
TYR A0192 -0.00 -0.00 -0.00 -0.00 -0.00
LYS A0193  1.00  1.00  1.00  1.00  1.00
LYS A0194  0.99  0.99  0.99  0.99  0.99
ARG A0199  0.98  0.98  0.98  1.00  0.98
LYS A0203  0.97  0.97  0.97  0.97  0.97
GLU A0208 -1.00 -1.00 -1.00 -1.00 -1.00
ASP A0212 -1.00 -0.99 -0.99 -0.99 -0.99
ARG A0213  1.00  1.00  1.00  1.00  1.00
TYR A0215 -0.00 -0.00 -0.00 -0.00 -0.00
HIS A0217  0.10  0.10  0.10  0.10  0.10
ASP A0220 -1.00 -1.00 -1.00 -1.00 -1.00
GLU A0230 -1.00 -1.00 -1.00 -1.00 -1.00
TYR A0239  0.00  0.00  0.00  0.00 -0.00
GLU A0245 -1.00 -1.00 -1.00 -1.00 -1.00
GLU A0246 -1.00 -1.00 -1.00 -1.00 -1.00
ARG A0252  1.00  1.00  1.00  1.00  1.00
GLU A0253 -1.00 -1.00 -1.00 -1.00 -1.00
HIS A0255  0.30  0.30  0.30  0.30  0.29
ARG A0256  1.00  1.00  1.00  1.00  1.00
ASP A0258 -1.00 -1.00 -1.00 -1.00 -1.00
ARG A0259  1.00  1.00  1.00  1.00  1.00
HIS A0262  0.50  0.50  0.50  0.50  0.50
CYS A0263 -0.00 -0.00 -0.00 -0.00 -0.00
GLU A0266 -1.00 -1.00 -1.00 -1.00 -1.00
TYR A0268  0.00  0.00  0.00  0.00  0.00
ARG A0272  1.00  1.00  1.00  1.00  1.00
GLU A0273 -1.00 -1.00 -1.00 -1.00 -1.00
CYS A0274  0.00  0.00  0.00  0.00  0.00
HIS A0276  0.13  0.13  0.13  0.13  0.13
ARG A0282  1.00  1.00  1.00  1.00  1.00
LYS A0286  1.00  1.00  1.00  1.00  1.00
GLU A0290 -1.00 -1.00 -1.00 -1.00 -1.00
ASP A0293 -0.99 -0.99 -0.99 -0.99 -0.99
LYS A0294  1.00  1.00  1.00  1.00  1.00
CTR A0299 -0.97 -0.97 -0.97 -0.97 -0.97

Tot Protn  -1.3  -1.3  -1.3  -1.3  -1.3
Tot Elec    0.0   0.0   0.0   0.0   0.0
Net crg    -0.3  -0.3  -0.3  -0.3  -0.3
