iConf CONFORMER     FL  occ    crg   Em0  pKa0 ne nH    vdw0    vdw1    tors    epol   dsolv   extra    history
00001 GLU01A0001_001 f 0.00  0.000     0  0.00  0  0  -2.486  -0.431   3.439   0.155  -0.274   0.000 01O000M000t
00002 GLU01A0001_002 f 0.00  0.000     0  0.00  0  0  -2.486  -0.431   0.719   0.048   0.735   0.000 01O000M000t
00003 GLU02A0001_003 f 0.00  0.000     0  0.00  0  0  -2.583  -0.424   3.439   0.037  -0.556   0.000 02O000M000t
00004 GLU02A0001_004 f 0.00  0.000     0  0.00  0  0  -2.583  -0.424   0.719   0.029   0.745   0.000 02O000M000t
00005 GLU-1A0001_005 f 0.00 -1.000     0  4.75  0 -1  -2.600  -0.410   0.719  -0.162   0.123   0.000 -1O000M000t
00006 HIS01A0002_001 f 0.00  0.000     0  0.00  0  0  -6.145  -1.569   0.175   0.249   0.820   0.000 01O000M000t
00007 HIS01A0002_002 f 0.00  0.000     0  0.00  0  0  -6.154  -1.524   0.175   0.497   0.436   0.000 01R001M000t
00008 HIS02A0002_003 f 0.00  0.000     0  0.00  0  0  -6.163  -1.630   0.175   0.430   0.573   0.000 02O000M000t
00009 HIS02A0002_004 f 0.00  0.000     0  0.00  0  0  -6.167  -1.542   0.175   0.404   0.524   0.000 02R001M000t
00010 HIS+1A0002_005 f 0.00  1.000     0  6.98  0  1  -6.190  -1.634   0.175   0.966   0.742   0.000 +1O000M000t
00011 HIS+1A0002_006 f 0.00  1.000     0  6.98  0  1  -6.194  -1.547   0.175   0.862   0.495   0.000 +1R001M000t
00012 CYS01A0003_001 f 0.00  0.000     0  0.00  0  0  -0.645  -1.640   0.063   0.132   0.232   0.000 01O000M000t
00013 CYS01A0003_002 f 0.00  0.000     0  0.00  0  0  -0.645  -1.674   0.063   0.060   0.307   0.000 01O000M000t
00014 CYS01A0003_003 f 0.00  0.000     0  0.00  0  0  -0.645  -1.696   0.063  -0.178   0.749   0.000 01O000M000t
00015 CYS-1A0003_004 f 0.00 -1.000     0  9.10  0 -1  -0.643  -1.607   0.063   0.561   5.148   0.000 -1O000M000t
00016 GLU01A0004_001 f 0.00  0.000     0  0.00  0  0  -1.706  -1.902   5.413   0.650   0.265   0.000 01O000M000t
00017 GLU01A0004_002 f 0.00  0.000     0  0.00  0  0  -1.706  -1.902   2.693   0.032   0.657   0.000 01O000M000t
00018 GLU02A0004_003 f 0.00  0.000     0  0.00  0  0  -1.827  -1.855   5.413  -0.201  -0.579   0.000 02O000M000t
00019 GLU02A0004_004 f 0.00  0.000     0  0.00  0  0  -1.827  -1.855   2.693  -0.130   0.589   0.000 02O000M000t
00020 GLU-1A0004_005 f 0.00 -1.000     0  4.75  0 -1  -1.808  -1.829   2.693  -0.663   0.518   0.000 -1O000M000t
00021 ARG01A0005_001 f 0.00  0.000     0  0.00  0  0 -11.912  -1.395   0.496  -0.030  -0.299   0.000 01O000M000t
00022 ARG02A0005_002 f 0.00  0.000     0  0.00  0  0 -11.836  -1.392   0.496  -0.099   0.869   0.000 02O000M000t
00023 ARG03A0005_003 f 0.00  0.000     0  0.00  0  0 -11.938  -1.398   0.496  -0.042   0.959   0.000 03O000M000t
00024 ARG+1A0005_004 f 0.00  1.000     0 12.50  0  1 -11.982  -1.400   0.496   0.274  -0.121   0.000 +1O000M000t
00025 LEU01A0006_001 f 0.00  0.000     0  0.00  0  0  -0.126  -4.629   1.262   0.000   0.000   0.000 01O000M000t
00026 PRO01A0007_001 f 0.00  0.000     0  0.00  0  0  -6.328   0.090   0.000   0.000   0.000   0.000 01O000M000t
00027 TYR01A0008_001 f 0.00  0.000     0  0.00  0  0   2.702  -7.494   0.067  -0.097   2.513   0.000 01O000M000t
00028 TYR01A0008_002 f 0.00  0.000     0  0.00  0  0   2.702  -7.494   0.067  -0.264   2.430   0.000 01O000M000t
00029 TYR-1A0008_003 f 0.00 -1.000     0 10.20  0 -1   2.702  -7.494   0.067  -3.282  11.265   0.000 -1O000M000t
00030 ASP01A0009_001 f 0.00  0.000     0  0.00  0  0  -2.487   0.374   2.802   2.045   0.686   0.000 01O000M000t
00031 ASP01A0009_002 f 0.00  0.000     0  0.00  0  0  -2.487   0.374   0.082   0.118   0.497   0.000 01O000M000t
00032 ASP02A0009_003 f 0.00  0.000     0  0.00  0  0  -2.423  -0.426   2.802  -0.756   0.018   0.000 02O000M000t
00033 ASP02A0009_004 f 0.00  0.000     0  0.00  0  0  -2.423  -0.426   0.082  -0.734   1.072   0.000 02O000M000t
00034 ASP-1A0009_005 f 0.00 -1.000     0  4.75  0 -1  -2.278  -0.363   0.082  -2.475   2.257   0.000 -1O000M000t
00035 ALA01A0010_001 f 0.00  0.000     0  0.00  0  0  -3.139  -0.658   0.000   0.000   0.000   0.000 01O000M000t
00036 SER01A0011_001 f 0.00  0.000     0  0.00  0  0  -4.769  -0.878   0.422   0.219   0.548   0.000 01O000M000t
00037 SER01A0011_002 f 0.00  0.000     0  0.00  0  0  -4.769  -0.878   0.422  -0.085   0.276   0.000 01O000M000t
00038 LYS01A0012_001 f 0.00  0.000     0  0.00  0  0  -6.532  -1.472   0.995   0.003  -0.031   0.000 01O000M000t
00039 LYS+1A0012_002 f 0.00  1.000     0 10.40  0  1  -6.578  -1.475   0.995  -0.435   0.218   0.000 +1O000M000t
00040 TRP01A0013_001 f 0.00  0.000     0  0.00  0  0   1.331  -8.702   0.032   0.000   0.000   0.000 01O000M000t
00041 GLU01A0014_001 f 0.00  0.000     0  0.00  0  0   2.538  -4.408   3.595  -1.560   2.186   0.000 01O000M000t
00042 GLU01A0014_002 f 0.00  0.000     0  0.00  0  0   2.538  -4.408   0.875  -0.896   2.546   0.000 01O000M000t
00043 GLU02A0014_003 f 0.00  0.000     0  0.00  0  0   1.929  -3.550   3.595  -1.384   1.509   0.000 02O000M000t
00044 GLU02A0014_004 f 0.00  0.000     0  0.00  0  0   1.929 995.450   0.875   3.834   2.746   0.000 02O000M000t
00045 GLU-1A0014_005 f 0.00 -1.000     0  4.75  0 -1   1.865  -4.329   0.875  -5.268   7.902   0.000 -1O000M000t
00046 PHE01A0015_001 f 0.00  0.000     0  0.00  0  0   3.209 -10.146   0.166   0.000   0.000   0.000 01O000M000t
00047 PRO01A0016_001 f 0.00  0.000     0  0.00  0  0  -2.807  -1.201   0.000   0.000   0.000   0.000 01O000M000t
00048 ARG01A0017_001 f 0.00  0.000     0  0.00  0  0  -1.695  -8.154   1.558  -1.023   3.396   0.000 01O000M000t
00049 ARG02A0017_002 f 0.00  0.000     0  0.00  0  0  -1.705  -8.179   1.558  -2.376   3.806   0.000 02O000M000t
00050 ARG03A0017_003 f 0.00  0.000     0  0.00  0  0  -1.714  -8.256   1.558  -1.799   3.799   0.000 03O000M000t
00051 ARG03A0017_004 f 0.00  0.000     0  0.00  0  0  -1.712  -8.101   1.558  -0.909   3.744   0.000 03O000M000t
00052 ARG+1A0017_005 f 0.00  1.000     0 12.50  0  1  -1.754  -8.288   1.558  -4.286   5.789   0.000 +1O000M000t
00053 ASP01A0018_001 f 0.00  0.000     0  0.00  0  0  -2.902   0.900   3.329   2.513   1.008   0.000 01O000M000t
00054 ASP01A0018_002 f 0.00  0.000     0  0.00  0  0  -2.902   0.900   0.609  -0.079   0.580   0.000 01O000M000t
00055 ASP02A0018_003 f 0.00  0.000     0  0.00  0  0  -2.926   0.180   3.329  -0.339  -0.036   0.000 02O000M000t
00056 ASP02A0018_004 f 0.00  0.000     0  0.00  0  0  -2.926   0.180   0.609  -0.397   1.172   0.000 02O000M000t
00057 ASP-1A0018_005 f 0.00 -1.000     0  4.75  0 -1  -2.849   0.222   0.609  -1.697   1.251   0.000 -1O000M000t
00058 ARG01A0019_001 f 0.00  0.000     0  0.00  0  0  -6.203  -2.290   1.462  -0.173   0.672   0.000 01O000M000t
00059 ARG02A0019_002 f 0.00  0.000     0  0.00  0  0  -6.191  -2.292   1.462   0.037   1.305   0.000 02O000M000t
00060 ARG03A0019_003 f 0.00  0.000     0  0.00  0  0  -6.252  -2.300   1.462  -0.086   1.345   0.000 03O000M000t
00061 ARG+1A0019_004 f 0.00  1.000     0 12.50  0  1  -6.290  -2.302   1.462  -0.082   0.681   0.000 +1O000M000t
00062 LEU01A0020_001 f 0.00  0.000     0  0.00  0  0   1.883  -4.450   1.218   0.000   0.000   0.000 01O000M000t
00063 LYS01A0021_001 f 0.00  0.000     0  0.00  0  0  -8.186  -2.173   0.902  -0.194   0.274   0.000 01O000M000t
00064 LYS+1A0021_002 f 0.00  1.000     0 10.40  0  1  -8.271  -2.198   0.902  -0.412   0.838   0.000 +1O000M000t
00065 LEU01A0022_001 f 0.00  0.000     0  0.00  0  0  -0.919  -2.699   0.430   0.000   0.000   0.000 01O000M000t
00066 LYS01A0024_001 f 0.00  0.000     0  0.00  0  0  -9.565  -1.133   1.158  -0.014   0.043   0.000 01O000M000t
00067 LYS+1A0024_002 f 0.00  1.000     0 10.40  0  1  -9.611  -1.134   1.158   0.060  -0.385   0.000 +1O000M000t
00068 PRO01A0025_001 f 0.00  0.000     0  0.00  0  0  -2.841  -1.797   0.000   0.000   0.000   0.000 01O000M000t
00069 LEU01A0026_001 f 0.00  0.000     0  0.00  0  0   1.207  -4.987   0.476   0.000   0.000   0.000 01O000M000t
00070 ARG01A0028_001 f 0.00  0.000     0  0.00  0  0  -6.352  -3.642   0.498  -0.079   0.633   0.000 01O000M000t
00071 ARG02A0028_002 f 0.00  0.000     0  0.00  0  0  -6.390  -3.658   0.498   0.088   1.743   0.000 02O000M000t
00072 ARG03A0028_003 f 0.00  0.000     0  0.00  0  0  -6.395  -3.657   0.498   0.095   1.637   0.000 03O000M000t
00073 ARG+1A0028_004 f 0.00  1.000     0 12.50  0  1  -6.434  -3.659   0.498   0.278   2.599   0.000 +1O000M000t
00074 ALA01A0030_001 f 0.00  0.000     0  0.00  0  0  -2.025  -0.642   0.000   0.000   0.000   0.000 01O000M000t
00075 PHE01A0031_001 f 0.00  0.000     0  0.00  0  0  -1.409  -5.399   0.095   0.000   0.000   0.000 01O000M000t
00076 GLN01A0033_001 f 0.00  0.000     0  0.00  0  0   0.641  -5.177   0.373  -0.768   1.167   0.000 01O000M000t
00077 GLN01A0033_002 f 0.00  0.000     0  0.00  0  0   1.444  -5.225   0.379   0.445   1.379   0.000 01R001M000t
00078 VAL01A0034_001 f 0.00  0.000     0  0.00  0  0   0.751  -4.689   0.044   0.000   0.000   0.000 01O000M000t
00079 ILE01A0035_001 f 0.00  0.000     0  0.00  0  0   1.845   0.200   0.418   0.000   0.000   0.000 01O000M000t
00080 GLU01A0036_001 f 0.00  0.000     0  0.00  0  0   0.360  -3.488   3.167   0.273   0.780   0.000 01O000M000t
00081 GLU01A0036_002 f 0.00  0.000     0  0.00  0  0   0.360  -3.488   0.447   0.080   0.652   0.000 01O000M000t
00082 GLU02A0036_003 f 0.00  0.000     0  0.00  0  0   0.045  -3.474   3.167   0.259   0.311   0.000 02O000M000t
00083 GLU02A0036_004 f 0.00  0.000     0  0.00  0  0   0.045  -3.474   0.447   0.101   0.901   0.000 02O000M000t
00084 GLU-1A0036_005 f 0.00 -1.000     0  4.75  0 -1  -0.054  -3.434   0.447  -0.430   1.724   0.000 -1O000M000t
00085 ALA01A0037_001 f 0.00  0.000     0  0.00  0  0   0.000  -2.370   0.000   0.000   0.000   0.000 01O000M000t
00086 ASP01A0038_001 f 0.00  0.000     0  0.00  0  0  -1.922  -2.005   3.078   0.397   0.814   0.000 01O000M000t
00087 ASP01A0038_002 f 0.00  0.000     0  0.00  0  0  -1.922  -2.005   0.358   0.235   0.624   0.000 01O000M000t
00088 ASP02A0038_003 f 0.00  0.000     0  0.00  0  0  -1.903  -2.368   3.078   0.232  -0.128   0.000 02O000M000t
00089 ASP02A0038_004 f 0.00  0.000     0  0.00  0  0  -1.903  -2.368   0.358   0.190   0.813   0.000 02O000M000t
00090 ASP-1A0038_005 f 0.00 -1.000     0  4.75  0 -1  -1.942  -2.313   0.358  -0.458   1.252   0.000 -1O000M000t
00091 ALA01A0039_001 f 0.00  0.000     0  0.00  0  0   0.000  -1.748   0.000   0.000   0.000   0.000 01O000M000t
00092 PHE01A0040_001 f 0.00  0.000     0  0.00  0  0  -2.669  -6.590   0.162   0.000   0.000   0.000 01O000M000t
00093 ILE01A0042_001 f 0.00  0.000     0  0.00  0  0   1.329  -2.611   0.904   0.000   0.000   0.000 01O000M000t
00094 ASP01A0043_001 f 0.00  0.000     0  0.00  0  0  -1.507  -0.554   4.106   2.270   0.746   0.000 01O000M000t
00095 ASP01A0043_002 f 0.00  0.000     0  0.00  0  0  -1.507  -0.554   1.386   0.205   0.706   0.000 01O000M000t
00096 ASP02A0043_003 f 0.00  0.000     0  0.00  0  0  -1.349  -1.045   4.106  -0.403   0.109   0.000 02O000M000t
00097 ASP02A0043_004 f 0.00  0.000     0  0.00  0  0  -1.349  -1.045   1.386  -0.292   1.130   0.000 02O000M000t
00098 ASP-1A0043_005 f 0.00 -1.000     0  4.75  0 -1  -1.482  -0.996   1.386  -2.062   3.145   0.000 -1O000M000t
00099 LYS01A0044_001 f 0.00  0.000     0  0.00  0  0  -7.538  -1.850   1.619  -0.004  -0.063   0.000 01O000M000t
00100 LYS+1A0044_002 f 0.00  1.000     0 10.40  0  1  -7.585  -1.852   1.619   0.046  -0.212   0.000 +1O000M000t
00101 THR01A0045_001 f 0.00  0.000     0  0.00  0  0  -7.489  -0.329   0.466  -0.267  -0.366   0.000 01O000M000t
00102 THR01A0045_002 f 0.00  0.000     0  0.00  0  0  -7.489  -0.329   0.091  -0.305  -0.160   0.000 01O000M000t
00103 ALA01A0046_001 f 0.00  0.000     0  0.00  0  0  -2.917   1.809   0.000   0.000   0.000   0.000 01O000M000t
00104 THR01A0047_001 f 0.00  0.000     0  0.00  0  0  -2.992  -2.576   0.437  -0.053   0.544   0.000 01O000M000t
00105 THR01A0047_002 f 0.00  0.000     0  0.00  0  0  -2.992  -2.576   0.062   0.038   1.048   0.000 01O000M000t
00106 CYS01A0048_001 f 0.00  0.000     0  0.00  0  0  -3.317  -2.398   0.216  -0.049   0.284   0.000 01O000M000t
00107 CYS01A0048_002 f 0.00  0.000     0  0.00  0  0  -3.317  -2.374   0.216  -0.179   0.329   0.000 01O000M000t
00108 CYS01A0048_003 f 0.00  0.000     0  0.00  0  0  -3.318  -2.302   0.216  -0.460   0.026   0.000 01O000M000t
00109 CYS-1A0048_004 f 0.00 -1.000     0  9.10  0 -1  -3.316  -2.281   0.216  -2.367   2.018   0.000 -1O000M000t
00110 ARG01A0049_001 f 0.00  0.000     0  0.00  0  0  -2.019  -3.808   0.787   0.133   1.589   0.000 01O000M000t
00111 ARG02A0049_002 f 0.00  0.000     0  0.00  0  0  -2.059  -3.840   0.787   0.096   2.703   0.000 02O000M000t
00112 ARG02A0049_003 f 0.00  0.000     0  0.00  0  0  -1.998  -3.835   0.787  -0.191   2.445   0.000 02O000M000t
00113 ARG03A0049_004 f 0.00  0.000     0  0.00  0  0  -2.059  -3.814   0.787  -0.094   2.466   0.000 03O000M000t
00114 ARG+1A0049_005 f 0.00  1.000     0 12.50  0  1  -2.102  -3.847   0.787   0.433   2.996   0.000 +1O000M000t
00115 THR01A0050_001 f 0.00  0.000     0  0.00  0  0  -2.371  -1.392   0.375  -0.139   0.615   0.000 01O000M000t
00116 THR01A0050_002 f 0.00  0.000     0  0.00  0  0  -2.371  -1.392   0.375  -0.110   0.185   0.000 01O000M000t
00117 VAL01A0051_001 f 0.00  0.000     0  0.00  0  0   0.630  -2.430   0.000   0.000   0.000   0.000 01O000M000t
00118 ALA01A0052_001 f 0.00  0.000     0  0.00  0  0   0.000  -2.007   0.000   0.000   0.000   0.000 01O000M000t
00119 VAL01A0053_001 f 0.00  0.000     0  0.00  0  0   0.657  -3.314   0.001   0.000   0.000   0.000 01O000M000t
00120 LYS01A0054_001 f 0.00  0.000     0  0.00  0  0   2.201  -6.140   1.049  -0.424   1.190   0.000 01O000M000t
00121 LYS+1A0054_002 f 0.00  1.000     0 10.40  0  1   2.147  -6.179   1.049  -0.784   9.024   0.000 +1O000M000t
00122 MET01A0055_001 f 0.00  0.000     0  0.00  0  0  -0.724  -4.452   0.628   0.016   0.089   0.000 01O000M000t
00123 LEU01A0056_001 f 0.00  0.000     0  0.00  0  0   0.755  -4.774   0.446   0.000   0.000   0.000 01O000M000t
00124 LYS01A0057_001 f 0.00  0.000     0  0.00  0  0  -0.376  -6.318   1.585  -0.421   0.689   0.000 01O000M000t
00125 LYS+1A0057_002 f 0.00  1.000     0 10.40  0  1  -0.447  -6.428   1.585  -2.357   2.848   0.000 +1O000M000t
00126 GLU01A0058_001 f 0.00  0.000     0  0.00  0  0  -3.157  -1.415   3.053   0.445  -0.666   0.000 01O000M000t
00127 GLU01A0058_002 f 0.00  0.000     0  0.00  0  0  -3.157  -1.415   0.333   0.226   0.490   0.000 01O000M000t
00128 GLU02A0058_003 f 0.00  0.000     0  0.00  0  0  -3.296  -1.551   3.053   0.216  -0.422   0.000 02O000M000t
00129 GLU02A0058_004 f 0.00  0.000     0  0.00  0  0  -3.296  -1.551   0.333   0.199   0.667   0.000 02O000M000t
00130 GLU-1A0058_005 f 0.00 -1.000     0  4.75  0 -1  -3.339  -1.503   0.333  -0.522   0.265   0.000 -1O000M000t
00131 ALA01A0060_001 f 0.00  0.000     0  0.00  0  0  -0.258  -1.732   0.000   0.000   0.000   0.000 01O000M000t
00132 THR01A0061_001 f 0.00  0.000     0  0.00  0  0  -4.410  -0.444   0.553   0.133   1.343   0.000 01O000M000t
00133 THR01A0061_002 f 0.00  0.000     0  0.00  0  0  -4.410  -0.444   0.178  -1.916   0.581   0.000 01O000M000t
00134 HIS01A0062_001 f 0.00  0.000     0  0.00  0  0  -6.615  -2.537   0.090   0.528   1.293   0.000 01O000M000t
00135 HIS01A0062_002 f 0.00  0.000     0  0.00  0  0  -6.907  -2.521   0.090   0.534   0.999   0.000 01R001M000t
00136 HIS02A0062_003 f 0.00  0.000     0  0.00  0  0  -6.632  -2.584   0.090   0.487   0.928   0.000 02O000M000t
00137 HIS02A0062_004 f 0.00  0.000     0  0.00  0  0  -6.921  -2.532   0.090   0.489   1.357   0.000 02R001M000t
00138 HIS+1A0062_005 f 0.00  1.000     0  6.98  0  1  -6.658  -2.591   0.090   1.072   0.838   0.000 +1O000M000t
00139 HIS+1A0062_006 f 0.00  1.000     0  6.98  0  1  -6.947  -2.543   0.090   1.068   1.241   0.000 +1R001M000t
00140 SER01A0063_001 f 0.00  0.000     0  0.00  0  0  -3.401  -0.894   0.415  -0.382   0.343   0.000 01O000M000t
00141 SER01A0063_002 f 0.00  0.000     0  0.00  0  0  -3.401  -0.894   0.415   0.010   0.224   0.000 01O000M000t
00142 GLU01A0064_001 f 0.00  0.000     0  0.00  0  0   0.334  -3.434   3.946   2.898   1.695   0.000 01O000M000t
00143 GLU01A0064_002 f 0.00  0.000     0  0.00  0  0   0.334  -3.434   1.226  -0.241   0.979   0.000 01O000M000t
00144 GLU02A0064_003 f 0.00  0.000     0  0.00  0  0   0.119  -3.947   3.946  -1.661   0.684   0.000 02O000M000t
00145 GLU02A0064_004 f 0.00  0.000     0  0.00  0  0   0.119  -3.947   1.226  -1.699   1.726   0.000 02O000M000t
00146 GLU-1A0064_005 f 0.00 -1.000     0  4.75  0 -1   0.046  -3.881   1.226  -4.891   4.374   0.000 -1O000M000t
00147 HIS01A0065_001 f 0.00  0.000     0  0.00  0  0  -3.161  -3.514   0.027   0.482   1.340   0.000 01O000M000t
00148 HIS01A0065_002 f 0.00  0.000     0  0.00  0  0  -3.409  -3.466   0.027   0.516   1.369   0.000 01R001M000t
00149 HIS02A0065_003 f 0.00  0.000     0  0.00  0  0  -3.182  -3.535   0.027   0.601   0.908   0.000 02O000M000t
00150 HIS02A0065_004 f 0.00  0.000     0  0.00  0  0  -3.421  -3.520   0.027   0.460   1.038   0.000 02R001M000t
00151 HIS+1A0065_005 f 0.00  1.000     0  6.98  0  1  -3.210  -3.546   0.027   1.274   1.625   0.000 +1O000M000t
00152 HIS+1A0065_006 f 0.00  1.000     0  6.98  0  1  -3.448  -3.545   0.027   1.254   2.044   0.000 +1R001M000t
00153 ARG01A0066_001 f 0.00  0.000     0  0.00  0  0  -6.298  -4.541   1.360   0.001   1.238   0.000 01O000M000t
00154 ARG02A0066_002 f 0.00  0.000     0  0.00  0  0  -6.317  -4.602   1.360   0.108   1.694   0.000 02O000M000t
00155 ARG03A0066_003 f 0.00  0.000     0  0.00  0  0  -6.364  -4.596   1.360   0.067   1.738   0.000 03O000M000t
00156 ARG03A0066_004 f 0.00  0.000     0  0.00  0  0  -6.359  -4.556   1.360  -0.078   1.779   0.000 03O000M000t
00157 ARG+1A0066_005 f 0.00  1.000     0 12.50  0  1  -6.403  -4.605   1.360   0.480   1.605   0.000 +1O000M000t
00158 ALA01A0067_001 f 0.00  0.000     0  0.00  0  0  -2.472  -1.393   0.000   0.000   0.000   0.000 01O000M000t
00159 LEU01A0068_001 f 0.00  0.000     0  0.00  0  0   1.937  -5.996   0.544   0.000   0.000   0.000 01O000M000t
00160 MET01A0069_001 f 0.00  0.000     0  0.00  0  0  -2.178  -3.769   0.231   0.065   0.069   0.000 01O000M000t
00161 SER01A0070_001 f 0.00  0.000     0  0.00  0  0  -0.349  -3.384   0.478  -0.645   0.804   0.000 01O000M000t
00162 SER01A0070_002 f 0.00  0.000     0  0.00  0  0  -0.349  -3.384   0.103  -0.008   0.288   0.000 01O000M000t
00163 GLU01A0071_001 f 0.00  0.000     0  0.00  0  0   2.463  -2.471   3.571   0.257   1.729   0.000 01O000M000t
00164 GLU01A0071_002 f 0.00  0.000     0  0.00  0  0   2.463  -2.471   0.851   0.163   2.604   0.000 01O000M000t
00165 GLU02A0071_003 f 0.00  0.000     0  0.00  0  0   1.915  -2.451   3.571  -0.008   1.840   0.000 02O000M000t
00166 GLU02A0071_004 f 0.00  0.000     0  0.00  0  0   1.915  -2.451   0.851  -0.156   2.052   0.000 02O000M000t
00167 GLU-1A0071_005 f 0.00 -1.000     0  4.75  0 -1   1.849  -2.392   0.851  -0.523   8.288   0.000 -1O000M000t
00168 LEU01A0072_001 f 0.00  0.000     0  0.00  0  0   2.016  -3.613   0.595   0.000   0.000   0.000 01O000M000t
00169 LYS01A0073_001 f 0.00  0.000     0  0.00  0  0  -0.453  -6.900   1.766   0.109   0.109   0.000 01O000M000t
00170 LYS+1A0073_002 f 0.00  1.000     0 10.40  0  1  -0.500  -6.943   1.766  -2.354   2.188   0.000 +1O000M000t
00171 ILE01A0074_001 f 0.00  0.000     0  0.00  0  0   0.365  -3.396   0.722   0.000   0.000   0.000 01O000M000t
00172 LEU01A0075_001 f 0.00  0.000     0  0.00  0  0   1.903  -4.203   0.617   0.000   0.000   0.000 01O000M000t
00173 ILE01A0076_001 f 0.00  0.000     0  0.00  0  0   0.326  -2.996   0.552   0.000   0.000   0.000 01O000M000t
00174 HIS01A0077_001 f 0.00  0.000     0  0.00  0  0  -2.602  -4.582   0.158  -0.344   1.676   0.000 01O000M000t
00175 HIS01A0077_002 f 0.00  0.000     0  0.00  0  0  -2.558   3.099   0.158   0.287   1.548   0.000 01R001M000t
00176 HIS02A0077_003 f 0.00  0.000     0  0.00  0  0  -2.620  -4.558   0.158   0.806   1.377   0.000 02O000M000t
00177 HIS02A0077_004 f 0.00  0.000     0  0.00  0  0  -2.572   3.046   0.158  -0.209   1.571   0.000 02R001M000t
00178 HIS+1A0077_005 f 0.00  1.000     0  6.98  0  1  -2.647  -4.618   0.158  -1.171   2.164   0.000 +1O000M000t
00179 HIS+1A0077_006 f 0.00  1.000     0  6.98  0  1  -2.598   3.035   0.158  -0.540   2.485   0.000 +1R001M000t
00180 ILE01A0078_001 f 0.00  0.000     0  0.00  0  0   1.743  -2.067   0.961   0.000   0.000   0.000 01O000M000t
00181 HIS01A0080_001 f 0.00  0.000     0  0.00  0  0  -7.913  -3.360   0.426   0.172   1.055   0.000 01O000M000t
00182 HIS01A0080_002 f 0.00  0.000     0  0.00  0  0  -7.254  -3.386   0.426   0.086   0.730   0.000 01R001M000t
00183 HIS02A0080_003 f 0.00  0.000     0  0.00  0  0  -7.931  -3.390   0.426  -0.215   0.835   0.000 02O000M000t
00184 HIS02A0080_004 f 0.00  0.000     0  0.00  0  0  -7.267  -3.407   0.426  -0.087   0.905   0.000 02R001M000t
00185 HIS+1A0080_005 f 0.00  1.000     0  6.98  0  1  -7.958  -3.409   0.426   0.491   1.056   0.000 +1O000M000t
00186 HIS+1A0080_006 f 0.00  1.000     0  6.98  0  1  -7.293  -3.431   0.426   0.485   0.436   0.000 +1R001M000t
00187 HIS01A0081_001 f 0.00  0.000     0  0.00  0  0  -1.935  -6.932   0.155  -1.721   2.622   0.000 01O000M000t
00188 HIS01A0081_002 f 0.00  0.000     0  0.00  0  0  -1.783  -5.036   0.155   1.034   1.386   0.000 01R001M000t
00189 HIS02A0081_003 f 0.00  0.000     0  0.00  0  0  -1.955  -7.125   0.155   1.965   2.274   0.000 02O000M000t
00190 HIS02A0081_004 f 0.00  0.000     0  0.00  0  0  -1.795  -4.999   0.155   0.428   2.014   0.000 02R001M000t
00191 HIS+1A0081_005 f 0.00  1.000     0  6.98  0  1  -1.982  -7.143   0.155   4.192   4.735   0.000 +1O000M000t
00192 HIS+1A0081_006 f 0.00  1.000     0  6.98  0  1  -1.822  -5.063   0.155   3.245   4.220   0.000 +1R001M000t
00193 LEU01A0082_001 f 0.00  0.000     0  0.00  0  0  -4.393  -0.901   0.532   0.000   0.000   0.000 01O000M000t
00194 ASN01A0083_001 f 0.00  0.000     0  0.00  0  0   0.000  -4.966   0.551  -1.282   2.235   0.000 01O000M000t
00195 ASN01A0083_002 f 0.00  0.000     0  0.00  0  0   0.213  -5.552   0.623   1.095   2.680   0.000 01R001M000t
00196 VAL01A0084_001 f 0.00  0.000     0  0.00  0  0   0.497  -3.673   0.100   0.000   0.000   0.000 01O000M000t
00197 VAL01A0085_001 f 0.00  0.000     0  0.00  0  0   0.543  -1.876   0.100   0.000   0.000   0.000 01O000M000t
00198 ASN01A0086_001 f 0.00  0.000     0  0.00  0  0  -0.830  -1.347   0.669  -1.111   1.424   0.000 01O000M000t
00199 ASN01A0086_002 f 0.00  0.000     0  0.00  0  0  -0.755  -2.410   0.668   1.656   1.170   0.000 01R001M000t
00200 LEU01A0087_001 f 0.00  0.000     0  0.00  0  0   2.324  -5.425   0.602   0.000   0.000   0.000 01O000M000t
00201 LEU01A0088_001 f 0.00  0.000     0  0.00  0  0   0.923  -5.630   0.401   0.000   0.000   0.000 01O000M000t
00202 ALA01A0090_001 f 0.00  0.000     0  0.00  0  0   0.000  -1.512   0.000   0.000   0.000   0.000 01O000M000t
00203 CYS01A0091_001 f 0.00  0.000     0  0.00  0  0  -0.002  -3.316   0.266  -0.997   0.964   0.000 01O000M000t
00204 CYS01A0091_002 f 0.00  0.000     0  0.00  0  0  -0.002  -3.235   0.266   0.268   0.957   0.000 01O000M000t
00205 CYS01A0091_003 f 0.00  0.000     0  0.00  0  0  -0.003  -3.223   0.266  -0.041   0.911   0.000 01O000M000t
00206 CYS-1A0091_004 f 0.00 -1.000     0  9.10  0 -1   0.000  -3.156   0.266  -0.864  11.387   0.000 -1O000M000t
00207 THR01A0092_001 f 0.00  0.000     0  0.00  0  0  -0.759  -0.682   0.562   0.614   1.351   0.000 01O000M000t
00208 THR01A0092_002 f 0.00  0.000     0  0.00  0  0  -0.759  -0.682   0.562  -0.385   0.738   0.000 01O000M000t
00209 THR01A0092_003 f 0.00  0.000     0  0.00  0  0  -0.759  -0.682   0.187  -1.017   0.784   0.000 01O000M000t
00210 LYS01A0093_001 f 0.00  0.000     0  0.00  0  0  -6.561  -1.789   1.853  -0.021  -0.163   0.000 01O000M000t
00211 LYS+1A0093_002 f 0.00  1.000     0 10.40  0  1  -6.607  -1.792   1.853   0.335  -0.101   0.000 +1O000M000t
00212 PRO01A0094_001 f 0.00  0.000     0  0.00  0  0  -7.401  -0.458   0.000   0.000   0.000   0.000 01O000M000t
00213 PRO01A0097_001 f 0.00  0.000     0  0.00  0  0  -3.330  -1.514   0.000   0.000   0.000   0.000 01O000M000t
00214 LEU01A0098_001 f 0.00  0.000     0  0.00  0  0   2.275  -4.735   0.531   0.000   0.000   0.000 01O000M000t
00215 MET01A0099_001 f 0.00  0.000     0  0.00  0  0  -0.328  -4.805   0.417  -0.032   0.086   0.000 01O000M000t
00216 VAL01A0100_001 f 0.00  0.000     0  0.00  0  0   0.846  -2.341   0.005   0.000   0.000   0.000 01O000M000t
00217 ILE01A0101_001 f 0.00  0.000     0  0.00  0  0   1.478  -5.167   0.722   0.000   0.000   0.000 01O000M000t
00218 VAL01A0102_001 f 0.00  0.000     0  0.00  0  0   0.886  -2.881   0.069   0.000   0.000   0.000 01O000M000t
00219 GLU01A0103_001 f 0.00  0.000     0  0.00  0  0   0.533  -3.309   3.312  -0.418   1.567   0.000 01O000M000t
00220 GLU01A0103_002 f 0.00  0.000     0  0.00  0  0   0.533  -3.309   0.592  -0.611   2.133   0.000 01O000M000t
00221 GLU02A0103_003 f 0.00  0.000     0  0.00  0  0   0.441  -3.044   3.312   3.500   2.004   0.000 02O000M000t
00222 GLU02A0103_004 f 0.00  0.000     0  0.00  0  0   0.441  -3.044   0.592  -0.618   2.213   0.000 02O000M000t
00223 GLU-1A0103_005 f 0.00 -1.000     0  4.75  0 -1   0.293  -3.242   0.592  -2.031   7.451   0.000 -1O000M000t
00224 PHE01A0104_001 f 0.00  0.000     0  0.00  0  0   2.742  -7.514   0.015   0.000   0.000   0.000 01O000M000t
00225 CYS01A0105_001 f 0.00  0.000     0  0.00  0  0  -0.002  -3.824   0.023  -0.278   0.940   0.000 01O000M000t
00226 CYS01A0105_002 f 0.00  0.000     0  0.00  0  0  -0.002  -3.871   0.023  -0.453   0.987   0.000 01O000M000t
00227 CYS01A0105_003 f 0.00  0.000     0  0.00  0  0  -0.002  -3.816   0.023  -0.145   0.979   0.000 01O000M000t
00228 CYS-1A0105_004 f 0.00 -1.000     0  9.10  0 -1   0.000  -3.772   0.023  -3.329  12.624   0.000 -1O000M000t
00229 LYS01A0106_001 f 0.00  0.000     0  0.00  0  0  -4.737  -1.309   1.504  -0.022  -0.020   0.000 01O000M000t
00230 LYS+1A0106_002 f 0.00  1.000     0 10.40  0  1  -4.786  -1.311   1.504   0.170   0.359   0.000 +1O000M000t
00231 PHE01A0107_001 f 0.00  0.000     0  0.00  0  0  -0.209  -3.824   0.158   0.000   0.000   0.000 01O000M000t
00232 ASN01A0109_001 f 0.00  0.000     0  0.00  0  0  -0.695  -5.606   2.049  -1.828   1.329   0.000 01O000M000t
00233 ASN01A0109_002 f 0.00  0.000     0  0.00  0  0  -0.581  -5.148   2.055   2.385   1.108   0.000 01R001M000t
00234 LEU01A0110_001 f 0.00  0.000     0  0.00  0  0   1.848  -4.213   0.638   0.000   0.000   0.000 01O000M000t
00235 SER01A0111_001 f 0.00  0.000     0  0.00  0  0  -1.252  -1.694   0.380  -0.405   0.228   0.000 01O000M000t
00236 SER01A0111_002 f 0.00  0.000     0  0.00  0  0  -1.252  -1.694   0.005  -0.785   0.040   0.000 01O000M000t
00237 THR01A0112_001 f 0.00  0.000     0  0.00  0  0  -5.629  -1.245   0.401  -0.581   0.230   0.000 01O000M000t
00238 THR01A0112_002 f 0.00  0.000     0  0.00  0  0  -5.629  -1.245   0.026  -0.680   0.050   0.000 01O000M000t
00239 TYR01A0113_001 f 0.00  0.000     0  0.00  0  0   2.665  -5.562   0.065   0.335   1.083   0.000 01O000M000t
00240 TYR01A0113_002 f 0.00  0.000     0  0.00  0  0   2.665  -5.562   0.065   0.391   1.413   0.000 01O000M000t
00241 TYR-1A0113_003 f 0.00 -1.000     0 10.20  0 -1   2.665  -5.562   0.065   0.302   5.381   0.000 -1O000M000t
00242 LEU01A0114_001 f 0.00  0.000     0  0.00  0  0   1.901  -5.557   0.486   0.000   0.000   0.000 01O000M000t
00243 ARG01A0115_001 f 0.00  0.000     0  0.00  0  0  -6.196  -4.366   1.446  -0.913   0.912   0.000 01O000M000t
00244 ARG02A0115_002 f 0.00  0.000     0  0.00  0  0  -6.205  -4.351   1.446  -0.938   2.207   0.000 02O000M000t
00245 ARG03A0115_003 f 0.00  0.000     0  0.00  0  0  -6.211  -4.376   1.446  -0.852   1.930   0.000 03O000M000t
00246 ARG+1A0115_004 f 0.00  1.000     0 12.50  0  1  -6.253  -4.378   1.446  -1.738   1.397   0.000 +1O000M000t
00247 SER01A0116_001 f 0.00  0.000     0  0.00  0  0  -2.693   2.536   0.663  -2.563   1.498   0.000 01O000M000t
00248 SER01A0116_002 f 0.00  0.000     0  0.00  0  0  -2.693   2.536   0.663   0.165   0.966   0.000 01O000M000t
00249 LYS01A0117_001 f 0.00  0.000     0  0.00  0  0   0.594  -1.082   1.317   0.037   0.776   0.000 01O000M000t
00250 LYS+1A0117_002 f 0.00  1.000     0 10.40  0  1   0.542   0.380   1.317  -3.095   4.498   0.000 +1O000M000t
00251 ARG01A0118_001 f 0.00  0.000     0  0.00  0  0  -2.520  -6.829   1.194   1.688   2.380   0.000 01O000M000t
00252 ARG02A0118_002 f 0.00  0.000     0  0.00  0  0  -2.542  -6.893   1.194  -1.089   2.949   0.000 02O000M000t
00253 ARG03A0118_003 f 0.00  0.000     0  0.00  0  0  -2.547  -6.855   1.194  -1.184   2.935   0.000 03O000M000t
00254 ARG+1A0118_004 f 0.00  1.000     0 12.50  0  1  -2.586  -6.900   1.194  -4.226   5.110   0.000 +1O000M000t
00255 ASN01A0119_001 f 0.00  0.000     0  0.00  0  0  -3.366  -0.353   1.164   0.212  -0.069   0.000 01O000M000t
00256 ASN01A0119_002 f 0.00  0.000     0  0.00  0  0  -3.550   0.220   1.146   0.251  -0.380   0.000 01R001M000t
00257 GLU01A0120_001 f 0.00  0.000     0  0.00  0  0  -1.216  -2.743   3.007  -0.100   1.094   0.000 01O000M000t
00258 GLU01A0120_002 f 0.00  0.000     0  0.00  0  0  -1.216  -2.743   0.287   0.077   0.693   0.000 01O000M000t
00259 GLU02A0120_003 f 0.00  0.000     0  0.00  0  0  -1.462  -2.706   3.007   0.143  -0.194   0.000 02O000M000t
00260 GLU02A0120_004 f 0.00  0.000     0  0.00  0  0  -1.462  -2.706   0.287   0.139   0.714   0.000 02O000M000t
00261 GLU-1A0120_005 f 0.00 -1.000     0  4.75  0 -1  -1.428  -2.676   0.287   0.342   1.288   0.000 -1O000M000t
00262 PHE01A0121_001 f 0.00  0.000     0  0.00  0  0   4.161 -10.256   0.049   0.000   0.000   0.000 01O000M000t
00263 VAL01A0122_001 f 0.00  0.000     0  0.00  0  0  -0.906  -1.338   0.153   0.000   0.000   0.000 01O000M000t
00264 PRO01A0123_001 f 0.00  0.000     0  0.00  0  0  -4.068  -1.391   0.000   0.000   0.000   0.000 01O000M000t
00265 TYR01A0124_001 f 0.00  0.000     0  0.00  0  0  -4.519  -3.432   0.001   0.393   0.685   0.000 01O000M000t
00266 TYR-1A0124_002 f 0.00 -1.000     0 10.20  0 -1  -4.519  -3.432   0.001  -0.087   1.105   0.000 -1O000M000t
00267 LYS01A0125_001 f 0.00  0.000     0  0.00  0  0  -2.939  -3.109   2.377   0.249   0.515   0.000 01O000M000t
00268 LYS+1A0125_002 f 0.00  1.000     0 10.40  0  1  -2.986  -3.222   2.377  -1.884   2.852   0.000 +1O000M000t
00269 ASP01A0126_001 f 0.00  0.000     0  0.00  0  0  -3.948   2.776   2.917   1.219  -0.053   0.000 01O000M000t
00270 ASP01A0126_002 f 0.00  0.000     0  0.00  0  0  -3.948   2.776   0.197   0.092   0.290   0.000 01O000M000t
00271 ASP02A0126_003 f 0.00  0.000     0  0.00  0  0  -3.828   1.923   2.917   0.080  -0.538   0.000 02O000M000t
00272 ASP02A0126_004 f 0.00  0.000     0  0.00  0  0  -3.828   1.923   0.197   0.036   0.674   0.000 02O000M000t
00273 ASP-1A0126_005 f 0.00 -1.000     0  4.75  0 -1  -3.958   1.947   0.197  -0.566   0.017   0.000 -1O000M000t
00274 LEU01A0127_001 f 0.00  0.000     0  0.00  0  0  -8.169  -0.630   0.481   0.000   0.000   0.000 01O000M000t
00275 TYR01A0128_001 f 0.00  0.000     0  0.00  0  0  -3.035  -2.172   0.312   0.121   0.299   0.000 01O000M000t
00276 TYR-1A0128_002 f 0.00 -1.000     0 10.20  0 -1  -3.035  -2.172   0.312  -0.216   0.249   0.000 -1O000M000t
00277 LYS01A0129_001 f 0.00  0.000     0  0.00  0  0  -7.169  -1.010   1.046  -0.016  -0.044   0.000 01O000M000t
00278 LYS+1A0129_002 f 0.00  1.000     0 10.40  0  1  -7.214  -1.012   1.046   0.042  -0.348   0.000 +1O000M000t
00279 ASP01A0130_001 f 0.00  0.000     0  0.00  0  0  -2.510   0.128   3.174   0.289  -0.153   0.000 01O000M000t
00280 ASP01A0130_002 f 0.00  0.000     0  0.00  0  0  -2.510   0.128   0.454   0.210   0.727   0.000 01O000M000t
00281 ASP02A0130_003 f 0.00  0.000     0  0.00  0  0  -2.319  -0.175   3.174   0.229  -0.310   0.000 02O000M000t
00282 ASP02A0130_004 f 0.00  0.000     0  0.00  0  0  -2.319  -0.175   0.454   0.219   1.206   0.000 02O000M000t
00283 ASP-1A0130_005 f 0.00 -1.000     0  4.75  0 -1  -2.365  -0.137   0.454  -0.343   1.525   0.000 -1O000M000t
00284 PHE01A0131_001 f 0.00  0.000     0  0.00  0  0   1.367  -8.948   1.225   0.000   0.000   0.000 01O000M000t
00285 LEU01A0132_001 f 0.00  0.000     0  0.00  0  0   1.711  -3.007   0.443   0.000   0.000   0.000 01O000M000t
00286 THR01A0133_001 f 0.00  0.000     0  0.00  0  0  -0.173  -2.910   0.500  -0.121   1.474   0.000 01O000M000t
00287 THR01A0133_002 f 0.00  0.000     0  0.00  0  0  -0.173  -2.910   0.125  -1.967   0.464   0.000 01O000M000t
00288 LEU01A0134_001 f 0.00  0.000     0  0.00  0  0   1.820  -3.162   1.088   0.000   0.000   0.000 01O000M000t
00289 GLU01A0135_001 f 0.00  0.000     0  0.00  0  0  -1.010  -1.114   3.397   0.407  -0.385   0.000 01O000M000t
00290 GLU01A0135_002 f 0.00  0.000     0  0.00  0  0  -1.010  -1.114   0.677   0.120   0.502   0.000 01O000M000t
00291 GLU02A0135_003 f 0.00  0.000     0  0.00  0  0  -1.359  -1.111   3.397   0.068  -0.090   0.000 02O000M000t
00292 GLU02A0135_004 f 0.00  0.000     0  0.00  0  0  -1.359  -1.111   0.677   0.052   0.663   0.000 02O000M000t
00293 GLU-1A0135_005 f 0.00 -1.000     0  4.75  0 -1  -1.371  -1.080   0.677  -0.203   0.360   0.000 -1O000M000t
00294 HIS01A0136_001 f 0.00  0.000     0  0.00  0  0  -1.988  -5.791   0.143  -0.901   2.040   0.000 01O000M000t
00295 HIS02A0136_002 f 0.00  0.000     0  0.00  0  0  -2.006  -5.952   0.143   1.790   2.072   0.000 02O000M000t
00296 HIS+1A0136_003 f 0.00  1.000     0  6.98  0  1  -2.033  -5.966   0.143   3.409   4.028   0.000 +1O000M000t
00297 LEU01A0137_001 f 0.00  0.000     0  0.00  0  0   1.600  -4.819   0.503   0.000   0.000   0.000 01O000M000t
00298 ILE01A0138_001 f 0.00  0.000     0  0.00  0  0   1.657  -4.981   0.494   0.000   0.000   0.000 01O000M000t
00299 CYS01A0139_001 f 0.00  0.000     0  0.00  0  0  -1.788  -2.536   0.021  -0.316   0.597   0.000 01O000M000t
00300 CYS01A0139_002 f 0.00  0.000     0  0.00  0  0  -1.788  -2.496   0.021  -0.206   0.165   0.000 01O000M000t
00301 CYS01A0139_003 f 0.00  0.000     0  0.00  0  0  -1.788  -2.484   0.021  -0.256   0.131   0.000 01O000M000t
00302 CYS-1A0139_004 f 0.00 -1.000     0  9.10  0 -1  -1.786  -2.464   0.021  -1.003   2.942   0.000 -1O000M000t
00303 TYR01A0140_001 f 0.00  0.000     0  0.00  0  0   4.040  -7.088   0.001   0.413   2.283   0.000 01O000M000t
00304 TYR01A0140_002 f 0.00  0.000     0  0.00  0  0   4.040  -7.088   0.001   0.549   2.422   0.000 01O000M000t
00305 TYR-1A0140_003 f 0.00 -1.000     0 10.20  0 -1   4.040  -7.088   0.001  -0.395  10.265   0.000 -1O000M000t
00306 SER01A0141_001 f 0.00  0.000     0  0.00  0  0   0.000  -0.934   0.447   0.280   1.995   0.000 01O000M000t
00307 SER01A0141_002 f 0.00  0.000     0  0.00  0  0   0.000  -0.934   0.447  -2.023   1.995   0.000 01O000M000t
00308 PHE01A0142_001 f 0.00  0.000     0  0.00  0  0   1.634  -7.384   0.007   0.000   0.000   0.000 01O000M000t
00309 GLN01A0143_001 f 0.00  0.000     0  0.00  0  0   0.327  -3.940   1.364  -2.735   2.656   0.000 01O000M000t
00310 GLN01A0143_002 f 0.00  0.000     0  0.00  0  0   0.373  -2.602   1.431   1.590   2.619   0.000 01R001M000t
00311 VAL01A0144_001 f 0.00  0.000     0  0.00  0  0   0.829  -1.211   0.033   0.000   0.000   0.000 01O000M000t
00312 ALA01A0145_001 f 0.00  0.000     0  0.00  0  0   0.000  -2.710   0.000   0.000   0.000   0.000 01O000M000t
00313 LYS01A0146_001 f 0.00  0.000     0  0.00  0  0  -2.390  -3.376   2.755  -0.023  -0.101   0.000 01O000M000t
00314 LYS+1A0146_002 f 0.00  1.000     0 10.40  0  1  -2.437  -3.379   2.755   0.174   0.219   0.000 +1O000M000t
00315 MET01A0148_001 f 0.00  0.000     0  0.00  0  0   1.320  -4.901   0.510  -0.008   0.099   0.000 01O000M000t
00316 GLU01A0149_001 f 0.00  0.000     0  0.00  0  0  -0.474  -4.895   3.383   0.091   0.273   0.000 01O000M000t
00317 GLU01A0149_002 f 0.00  0.000     0  0.00  0  0  -0.474  -4.895   0.663   0.003   0.679   0.000 01O000M000t
00318 GLU02A0149_003 f 0.00  0.000     0  0.00  0  0  -0.670  -4.726   3.383   0.383   0.798   0.000 02O000M000t
00319 GLU02A0149_004 f 0.00  0.000     0  0.00  0  0  -0.670  -4.726   0.663   0.042   1.200   0.000 02O000M000t
00320 GLU-1A0149_005 f 0.00 -1.000     0  4.75  0 -1  -0.712  -4.807   0.663  -0.576   2.584   0.000 -1O000M000t
00321 PHE01A0150_001 f 0.00  0.000     0  0.00  0  0   1.385  -7.072   0.042   0.000   0.000   0.000 01O000M000t
00322 LEU01A0151_001 f 0.00  0.000     0  0.00  0  0   1.988  -4.595   1.960   0.000   0.000   0.000 01O000M000t
00323 ALA01A0152_001 f 0.00  0.000     0  0.00  0  0  -1.252  -1.898   0.000   0.000   0.000   0.000 01O000M000t
00324 SER01A0153_001 f 0.00  0.000     0  0.00  0  0  -2.564   1.446   0.948  -2.178   1.506   0.000 01O000M000t
00325 SER01A0153_002 f 0.00  0.000     0  0.00  0  0  -2.564   1.446   0.573  -0.163   0.265   0.000 01O000M000t
00326 ARG01A0154_001 f 0.00  0.000     0  0.00  0  0  -2.757  -4.994   0.632  -0.048   1.536   0.000 01O000M000t
00327 ARG02A0154_002 f 0.00  0.000     0  0.00  0  0  -2.797  -5.166   0.632  -1.210   2.301   0.000 02O000M000t
00328 ARG03A0154_003 f 0.00  0.000     0  0.00  0  0  -2.802  -5.160   0.632  -1.331   2.239   0.000 03O000M000t
00329 ARG03A0154_004 f 0.00  0.000     0  0.00  0  0  -2.797  -5.301   0.632   0.127   2.120   0.000 03O000M000t
00330 ARG+1A0154_005 f 0.00  1.000     0 12.50  0  1  -2.842  -5.179   0.632  -3.643   2.574   0.000 +1O000M000t
00331 LYS01A0155_001 f 0.00  0.000     0  0.00  0  0  -8.629   0.200   1.692   0.003   0.026   0.000 01O000M000t
00332 LYS+1A0155_002 f 0.00  1.000     0 10.40  0  1  -8.692   0.193   1.692  -0.141   0.214   0.000 +1O000M000t
00333 CYS01A0156_001 f 0.00  0.000     0  0.00  0  0  -0.669  -3.307   0.180  -0.097   0.271   0.000 01O000M000t
00334 CYS01A0156_002 f 0.00  0.000     0  0.00  0  0  -0.669  -3.400   0.180  -0.491   0.659   0.000 01O000M000t
00335 CYS01A0156_003 f 0.00  0.000     0  0.00  0  0  -0.670  -3.304   0.180  -0.169   0.797   0.000 01O000M000t
00336 CYS-1A0156_004 f 0.00 -1.000     0  9.10  0 -1  -0.668  -3.267   0.180  -0.281   5.399   0.000 -1O000M000t
00337 ILE01A0157_001 f 0.00  0.000     0  0.00  0  0   3.310  -4.111   0.523   0.000   0.000   0.000 01O000M000t
00338 HIS01A0158_001 f 0.00  0.000     0  0.00  0  0  -0.193  -4.734   0.431  -2.817   3.611   0.000 01O000M000t
00339 HIS02A0158_002 f 0.00  0.000     0  0.00  0  0  -0.211  -5.200   0.431   4.427   3.632   0.000 02O000M000t
00340 HIS+1A0158_003 f 0.00  1.000     0  6.98  0  1  -0.238  -4.977   0.431   4.875  10.085   0.000 +1O000M000t
00341 ARG01A0159_001 f 0.00  0.000     0  0.00  0  0  -4.264   0.125   0.541  -0.258   0.937   0.000 01O000M000t
00342 ARG02A0159_002 f 0.00  0.000     0  0.00  0  0  -4.183   0.145   0.541  -0.145   1.924   0.000 02O000M000t
00343 ARG03A0159_003 f 0.00  0.000     0  0.00  0  0  -4.282   0.121   0.541  -0.159   1.828   0.000 03O000M000t
00344 ARG+1A0159_004 f 0.00  1.000     0 12.50  0  1  -4.325   0.114   0.541   0.525   1.302   0.000 +1O000M000t
00345 ASP01A0160_001 f 0.00  0.000     0  0.00  0  0  -0.256  -0.231   3.389   0.849   1.691   0.000 01O000M000t
00346 ASP01A0160_002 f 0.00  0.000     0  0.00  0  0  -0.256  -0.231   0.669   0.235   2.360   0.000 01O000M000t
00347 ASP02A0160_003 f 0.00  0.000     0  0.00  0  0  -0.206  -0.612   3.389  -0.282   1.308   0.000 02O000M000t
00348 ASP02A0160_004 f 0.00  0.000     0  0.00  0  0  -0.206  -0.612   0.669  -0.078   2.834   0.000 02O000M000t
00349 ASP-1A0160_005 f 0.00 -1.000     0  4.75  0 -1  -0.257  -0.549   0.669  -1.822   8.948   0.000 -1O000M000t
00350 LEU01A0161_001 f 0.00  0.000     0  0.00  0  0   1.963  -4.954   0.673   0.000   0.000   0.000 01O000M000t
00351 ALA01A0162_001 f 0.00  0.000     0  0.00  0  0   0.000  -0.856   0.000   0.000   0.000   0.000 01O000M000t
00352 ALA01A0163_001 f 0.00  0.000     0  0.00  0  0   0.000  -1.825   0.000   0.000   0.000   0.000 01O000M000t
00353 ARG01A0164_001 f 0.00  0.000     0  0.00  0  0   0.244  -3.971   0.800  -0.231   4.210   0.000 01O000M000t
00354 ARG02A0164_002 f 0.00  0.000     0  0.00  0  0   0.226  -3.966   0.800  -0.383   4.687   0.000 02O000M000t
00355 ARG02A0164_003 f 0.00  0.000     0  0.00  0  0   0.306  -3.968   0.800  -0.254   4.458   0.000 02O000M000t
00356 ARG03A0164_004 f 0.00  0.000     0  0.00  0  0   0.219  -3.956   0.800  -0.406   4.603   0.000 03O000M000t
00357 ARG03A0164_005 f 0.00  0.000     0  0.00  0  0   0.223  -3.963   0.800  -0.233   4.536   0.000 03O000M000t
00358 ARG+1A0164_006 f 0.00  1.000     0 12.50  0  1   0.180  -3.983   0.800   3.077   8.650   0.000 +1O000M000t
00359 ASN01A0165_001 f 0.00  0.000     0  0.00  0  0   0.257  -1.675   1.228  -2.991   3.321   0.000 01O000M000t
00360 ASN01A0165_002 f 0.00  0.000     0  0.00  0  0   0.070  -0.842   1.218   1.799   3.351   0.000 01R001M000t
00361 ILE01A0166_001 f 0.00  0.000     0  0.00  0  0   1.652  -5.016   0.648   0.000   0.000   0.000 01O000M000t
00362 LEU01A0167_001 f 0.00  0.000     0  0.00  0  0   1.787  -5.762   0.521   0.000   0.000   0.000 01O000M000t
00363 LEU01A0168_001 f 0.00  0.000     0  0.00  0  0   2.056  -4.908   0.565   0.000   0.000   0.000 01O000M000t
00364 SER01A0169_001 f 0.00  0.000     0  0.00  0  0  -0.602   0.434   0.520   2.456   0.882   0.000 01O000M000t
00365 SER01A0169_002 f 0.00  0.000     0  0.00  0  0  -0.602   0.434   0.520  -0.219   0.621   0.000 01O000M000t
00366 GLU01A0170_001 f 0.00  0.000     0  0.00  0  0  -1.390  -0.633   3.781   0.769   0.901   0.000 01O000M000t
00367 GLU01A0170_002 f 0.00  0.000     0  0.00  0  0  -1.390  -0.633   1.061   0.095   1.100   0.000 01O000M000t
00368 GLU02A0170_003 f 0.00  0.000     0  0.00  0  0  -1.570  -0.814   3.781  -0.021  -0.167   0.000 02O000M000t
00369 GLU02A0170_004 f 0.00  0.000     0  0.00  0  0  -1.570  -0.814   1.061  -0.046   1.394   0.000 02O000M000t
00370 GLU-1A0170_005 f 0.00 -1.000     0  4.75  0 -1  -1.581  -0.789   1.061  -0.894   2.657   0.000 -1O000M000t
00371 LYS01A0171_001 f 0.00  0.000     0  0.00  0  0  -9.638   0.352   0.849  -0.011  -0.138   0.000 01O000M000t
00372 LYS+1A0171_002 f 0.00  1.000     0 10.40  0  1  -9.684   0.350   0.849   0.042  -0.209   0.000 +1O000M000t
00373 ASN01A0172_001 f 0.00  0.000     0  0.00  0  0  -1.234   1.058   1.406  -0.026   0.887   0.000 01O000M000t
00374 VAL01A0173_001 f 0.00  0.000     0  0.00  0  0  -0.875  -2.252   0.005   0.000   0.000   0.000 01O000M000t
00375 VAL01A0174_001 f 0.00  0.000     0  0.00  0  0   0.588  -4.614   0.173   0.000   0.000   0.000 01O000M000t
00376 LYS01A0175_001 f 0.00  0.000     0  0.00  0  0   1.563  -4.520   2.088  -1.532   0.978   0.000 01O000M000t
00377 LYS+1A0175_002 f 0.00  1.000     0 10.40  0  1   1.495  -4.473   2.088  -4.068   6.742   0.000 +1O000M000t
00378 ILE01A0176_001 f 0.00  0.000     0  0.00  0  0   3.128  -4.319   0.448   0.000   0.000   0.000 01O000M000t
00379 CYS01A0177_001 f 0.00  0.000     0  0.00  0  0  -0.002  -3.015   0.636  -0.414   0.995   0.000 01O000M000t
00380 CYS01A0177_002 f 0.00  0.000     0  0.00  0  0  -0.002  -2.932   0.636   0.413   0.991   0.000 01O000M000t
00381 CYS01A0177_003 f 0.00  0.000     0  0.00  0  0  -0.003  -2.828   0.636  -0.382   0.988   0.000 01O000M000t
00382 CYS-1A0177_004 f 0.00 -1.000     0  9.10  0 -1   0.000  -2.786   0.636  -4.723  14.418   0.000 -1O000M000t
00383 ASP01A0178_001 f 0.00  0.000     0  0.00  0  0  -0.582  -2.388   3.280   1.398   1.463   0.000 01O000M000t
00384 ASP01A0178_002 f 0.00  0.000     0  0.00  0  0  -0.582  -2.388   0.560   0.281   1.054   0.000 01O000M000t
00385 ASP02A0178_003 f 0.00  0.000     0  0.00  0  0  -0.534  -2.571   3.280  -0.078   0.588   0.000 02O000M000t
00386 ASP02A0178_004 f 0.00  0.000     0  0.00  0  0  -0.534  -2.571   0.560  -0.082   1.076   0.000 02O000M000t
00387 ASP-1A0178_005 f 0.00 -1.000     0  4.75  0 -1  -0.556  -2.490   0.560  -2.330   3.751   0.000 -1O000M000t
00388 PHE01A0179_001 f 0.00  0.000     0  0.00  0  0   3.665  -6.064   0.798   0.000   0.000   0.000 01O000M000t
00389 LEU01A0181_001 f 0.00  0.000     0  0.00  0  0  -1.016  -3.727   0.400   0.000   0.000   0.000 01O000M000t
00390 ALA01A0182_001 f 0.00  0.000     0  0.00  0  0   0.000  -2.114   0.000   0.000   0.000   0.000 01O000M000t
00391 ARG01A0183_001 f 0.00  0.000     0  0.00  0  0  -0.029  -6.033   0.734   0.344   2.571   0.000 01O000M000t
00392 ARG02A0183_002 f 0.00  0.000     0  0.00  0  0  -0.056  -6.000   0.734  -0.783   3.886   0.000 02O000M000t
00393 ARG03A0183_003 f 0.00  0.000     0  0.00  0  0  -0.062  -5.970   0.734  -0.331   3.729   0.000 03O000M000t
00394 ARG03A0183_004 f 0.00  0.000     0  0.00  0  0  -0.058  -5.978   0.734   0.505   3.718   0.000 03O000M000t
00395 ARG+1A0183_005 f 0.00  1.000     0 12.50  0  1  -0.102  -6.046   0.734   2.269   4.500   0.000 +1O000M000t
00396 ASP01A0184_001 f 0.00  0.000     0  0.00  0  0  -1.017  -0.681   3.317   2.527   0.972   0.000 01O000M000t
00397 ASP01A0184_002 f 0.00  0.000     0  0.00  0  0  -1.017  -0.681   0.597   0.111   0.645   0.000 01O000M000t
00398 ASP02A0184_003 f 0.00  0.000     0  0.00  0  0  -0.911  -1.283   3.317  -0.854   0.285   0.000 02O000M000t
00399 ASP02A0184_004 f 0.00  0.000     0  0.00  0  0  -0.911  -1.283   0.597  -0.671   1.585   0.000 02O000M000t
00400 ASP-1A0184_005 f 0.00 -1.000     0  4.75  0 -1  -0.979  -1.198   0.597  -2.928   3.438   0.000 -1O000M000t
00401 ILE01A0185_001 f 0.00  0.000     0  0.00  0  0  -1.643  -2.813   0.449   0.000   0.000   0.000 01O000M000t
00402 TYR01A0186_001 f 0.00  0.000     0  0.00  0  0  -3.828  -2.484   0.141   0.447   0.173   0.000 01O000M000t
00403 TYR-1A0186_002 f 0.00 -1.000     0 10.20  0 -1  -3.828  -2.484   0.141   0.180  -0.898   0.000 -1O000M000t
00404 LYS01A0187_001 f 0.00  0.000     0  0.00  0  0  -7.846  -1.084   0.840  -0.036  -0.090   0.000 01O000M000t
00405 LYS+1A0187_002 f 0.00  1.000     0 10.40  0  1  -7.891  -1.086   0.840   0.101  -0.058   0.000 +1O000M000t
00406 ASP01A0188_001 f 0.00  0.000     0  0.00  0  0  -0.788  -2.418   3.358  -1.469   0.941   0.000 01O000M000t
00407 ASP01A0188_002 f 0.00  0.000     0  0.00  0  0  -0.788  -2.418   0.638  -1.434   1.319   0.000 01O000M000t
00408 ASP02A0188_003 f 0.00  0.000     0  0.00  0  0  -0.788  -1.732   3.358   4.334   1.851   0.000 02O000M000t
00409 ASP02A0188_004 f 0.00  0.000     0  0.00  0  0  -0.788  -1.732   0.638  -0.327   1.524   0.000 02O000M000t
00410 ASP-1A0188_005 f 0.00 -1.000     0  4.75  0 -1  -0.820  -2.355   0.638  -5.118   5.383   0.000 -1O000M000t
00411 PRO01A0189_001 f 0.00  0.000     0  0.00  0  0  -6.449  -1.142   0.000   0.000   0.000   0.000 01O000M000t
00412 ASP01A0190_001 f 0.00  0.000     0  0.00  0  0  -0.498  -0.648   2.941   0.875   0.719   0.000 01O000M000t
00413 ASP01A0190_002 f 0.00  0.000     0  0.00  0  0  -0.498  -0.648   0.221   0.291   0.865   0.000 01O000M000t
00414 ASP02A0190_003 f 0.00  0.000     0  0.00  0  0  -0.460  -0.995   2.941   0.994   1.597   0.000 02O000M000t
00415 ASP02A0190_004 f 0.00  0.000     0  0.00  0  0  -0.460  -0.995   0.221   0.455   1.138   0.000 02O000M000t
00416 ASP-1A0190_005 f 0.00 -1.000     0  4.75  0 -1  -0.523  -0.949   0.221  -2.351   3.609   0.000 -1O000M000t
00417 TYR01A0191_001 f 0.00  0.000     0  0.00  0  0   3.665  -7.405   0.002   0.342   2.375   0.000 01O000M000t
00418 TYR01A0191_002 f 0.00  0.000     0  0.00  0  0   3.665  -7.405   0.002  -0.035   2.212   0.000 01O000M000t
00419 TYR-1A0191_003 f 0.00 -1.000     0 10.20  0 -1   3.665  -7.405   0.002  -2.458   9.853   0.000 -1O000M000t
00420 VAL01A0192_001 f 0.00  0.000     0  0.00  0  0  -1.591  -1.518   0.406   0.000   0.000   0.000 01O000M000t
00421 ARG01A0193_001 f 0.00  0.000     0  0.00  0  0  -8.495  -2.576   0.834   0.078  -0.155   0.000 01O000M000t
00422 ARG02A0193_002 f 0.00  0.000     0  0.00  0  0  -8.425  -2.577   0.834   0.109   0.878   0.000 02O000M000t
00423 ARG03A0193_003 f 0.00  0.000     0  0.00  0  0  -8.518  -2.580   0.834   0.092   1.167   0.000 03O000M000t
00424 ARG+1A0193_004 f 0.00  1.000     0 12.50  0  1  -8.557  -2.584   0.834   0.033  -0.052   0.000 +1O000M000t
00425 LYS01A0194_001 f 0.00  0.000     0  0.00  0  0  -2.718  -2.607   1.023   0.037   0.278   0.000 01O000M000t
00426 LYS+1A0194_002 f 0.00  1.000     0 10.40  0  1  -2.796  -2.617   1.023  -0.154   1.041   0.000 +1O000M000t
00427 ALA01A0196_001 f 0.00  0.000     0  0.00  0  0  -2.283  -0.374   0.000   0.000   0.000   0.000 01O000M000t
00428 ARG01A0197_001 f 0.00  0.000     0  0.00  0  0  -1.399  -6.414   0.947  -0.301   1.420   0.000 01O000M000t
00429 ARG02A0197_002 f 0.00  0.000     0  0.00  0  0  -1.337  -6.514   0.947   0.143   1.898   0.000 02O000M000t
00430 ARG03A0197_003 f 0.00  0.000     0  0.00  0  0  -1.432  -6.505   0.947  -0.251   1.607   0.000 03O000M000t
00431 ARG+1A0197_004 f 0.00  1.000     0 12.50  0  1  -1.476  -6.525   0.947   0.721   3.042   0.000 +1O000M000t
00432 LEU01A0198_001 f 0.00  0.000     0  0.00  0  0  -0.486  -3.029   0.442   0.000   0.000   0.000 01O000M000t
00433 PRO01A0199_001 f 0.00  0.000     0  0.00  0  0  -0.137  -0.306   0.000   0.000   0.000   0.000 01O000M000t
00434 LEU01A0200_001 f 0.00  0.000     0  0.00  0  0   1.540  -3.223   0.478   0.000   0.000   0.000 01O000M000t
00435 LYS01A0201_001 f 0.00  0.000     0  0.00  0  0   0.230  -3.280   1.996   0.184   0.627   0.000 01O000M000t
00436 LYS+1A0201_002 f 0.00  1.000     0 10.40  0  1   0.183  -3.370   1.996  -0.136   4.059   0.000 +1O000M000t
00437 TRP01A0202_001 f 0.00  0.000     0  0.00  0  0   2.542 -10.496   0.429   0.000   0.000   0.000 01O000M000t
00438 MET01A0203_001 f 0.00  0.000     0  0.00  0  0   0.084  -6.337   1.494  -0.089   0.092   0.000 01O000M000t
00439 ALA01A0204_001 f 0.00  0.000     0  0.00  0  0   0.000  -1.927   0.000   0.000   0.000   0.000 01O000M000t
00440 PRO01A0205_001 f 0.00  0.000     0  0.00  0  0  -0.197  -1.449   0.000   0.000   0.000   0.000 01O000M000t
00441 GLU01A0206_001 f 0.00  0.000     0  0.00  0  0   1.514 999.000   3.927   3.219   2.157   0.000 01O000M000t
00442 GLU01A0206_002 f 0.00  0.000     0  0.00  0  0   1.514   1.063   1.207  -0.469   2.774   0.000 01O000M000t
00443 GLU02A0206_003 f 0.00  0.000     0  0.00  0  0   1.168  -0.537   3.927  -1.193   1.830   0.000 02O000M000t
00444 GLU02A0206_004 f 0.00  0.000     0  0.00  0  0   1.168  -0.537   1.207  -1.235   2.835   0.000 02O000M000t
00445 GLU-1A0206_005 f 0.00 -1.000     0  4.75  0 -1   1.105  -0.411   1.207  -6.568  10.223   0.000 -1O000M000t
00446 THR01A0207_001 f 0.00  0.000     0  0.00  0  0   0.221  -2.603   0.703  -2.948   1.822   0.000 01O000M000t
00447 THR01A0207_002 f 0.00  0.000     0  0.00  0  0   0.221  -2.603   0.703   1.336   1.776   0.000 01O000M000t
00448 THR01A0207_003 f 0.00  0.000     0  0.00  0  0   0.221  -2.603   0.328   0.153   1.191   0.000 01O000M000t
00449 ILE01A0208_001 f 0.00  0.000     0  0.00  0  0   1.628  -4.675   0.737   0.000   0.000   0.000 01O000M000t
00450 PHE01A0209_001 f 0.00  0.000     0  0.00  0  0  -0.406  -4.083   0.493   0.000   0.000   0.000 01O000M000t
00451 ASP01A0210_001 f 0.00  0.000     0  0.00  0  0  -2.340  -0.338   3.121   0.437  -0.139   0.000 01O000M000t
00452 ASP01A0210_002 f 0.00  0.000     0  0.00  0  0  -2.340  -0.338   0.401   0.186   0.457   0.000 01O000M000t
00453 ASP02A0210_003 f 0.00  0.000     0  0.00  0  0  -2.176  -0.798   3.121   0.428   0.187   0.000 02O000M000t
00454 ASP02A0210_004 f 0.00  0.000     0  0.00  0  0  -2.176  -0.798   0.401   0.238   0.859   0.000 02O000M000t
00455 ASP-1A0210_005 f 0.00 -1.000     0  4.75  0 -1  -2.295  -0.725   0.401  -0.695   1.043   0.000 -1O000M000t
00456 ARG01A0211_001 f 0.00  0.000     0  0.00  0  0  -9.097  -0.786   0.728   0.106   0.037   0.000 01O000M000t
00457 ARG02A0211_002 f 0.00  0.000     0  0.00  0  0  -9.078  -0.793   0.728   0.006   0.689   0.000 02O000M000t
00458 ARG03A0211_003 f 0.00  0.000     0  0.00  0  0  -9.136  -0.789   0.728   0.050   0.685   0.000 03O000M000t
00459 ARG+1A0211_004 f 0.00  1.000     0 12.50  0  1  -9.179  -0.795   0.728  -0.252   0.104   0.000 +1O000M000t
00460 VAL01A0212_001 f 0.00  0.000     0  0.00  0  0  -3.391  -0.950   0.779   0.000   0.000   0.000 01O000M000t
00461 TYR01A0213_001 f 0.00  0.000     0  0.00  0  0   1.316  -4.872   0.172   0.249   0.924   0.000 01O000M000t
00462 TYR01A0213_002 f 0.00  0.000     0  0.00  0  0   1.316  -4.872   0.172   0.565   1.086   0.000 01O000M000t
00463 TYR-1A0213_003 f 0.00 -1.000     0 10.20  0 -1   1.316  -4.872   0.172  -0.764   3.018   0.000 -1O000M000t
00464 THR01A0214_001 f 0.00  0.000     0  0.00  0  0  -3.185   1.978   1.112  -0.139   1.119   0.000 01O000M000t
00465 THR01A0214_002 f 0.00  0.000     0  0.00  0  0  -3.185   1.978   1.112   4.020   1.533   0.000 01O000M000t
00466 ILE01A0215_001 f 0.00  0.000     0  0.00  0  0  -1.691  -2.164   1.046   0.000   0.000   0.000 01O000M000t
00467 GLN01A0216_001 f 0.00  0.000     0  0.00  0  0  -0.240  -6.093   1.150  -2.201   2.284   0.000 01O000M000t
00468 GLN01A0216_002 f 0.00  0.000     0  0.00  0  0  -0.445  -6.186   1.121   1.755   2.096   0.000 01R001M000t
00469 SER01A0217_001 f 0.00  0.000     0  0.00  0  0  -0.108  -0.696   0.380   1.154   1.546   0.000 01O000M000t
00470 SER01A0217_002 f 0.00  0.000     0  0.00  0  0  -0.108  -0.696   0.005  -0.579   1.632   0.000 01O000M000t
00471 ASP01A0218_001 f 0.00  0.000     0  0.00  0  0   0.048  -2.770   3.260  -2.347   1.689   0.000 01O000M000t
00472 ASP01A0218_002 f 0.00  0.000     0  0.00  0  0   0.048  -2.770   0.540   1.600   2.572   0.000 01O000M000t
00473 ASP02A0218_003 f 0.00  0.000     0  0.00  0  0   0.121  -2.501   3.260  -1.745   2.208   0.000 02O000M000t
00474 ASP02A0218_004 f 0.00  0.000     0  0.00  0  0   0.121  -2.501   0.540   2.703   2.462   0.000 02O000M000t
00475 ASP-1A0218_005 f 0.00 -1.000     0  4.75  0 -1   0.046  -3.092   0.540 -11.943  10.999   0.000 -1O000M000t
00476 VAL01A0219_001 f 0.00  0.000     0  0.00  0  0   0.719  -2.291   0.019   0.000   0.000   0.000 01O000M000t
00477 TRP01A0220_001 f 0.00  0.000     0  0.00  0  0   2.804 -12.817   0.000   0.000   0.000   0.000 01O000M000t
00478 SER01A0221_001 f 0.00  0.000     0  0.00  0  0  -0.241  -2.430   0.378  -2.220   1.146   0.000 01O000M000t
00479 SER01A0221_002 f 0.00  0.000     0  0.00  0  0  -0.241  -2.430   0.378   0.186   1.000   0.000 01O000M000t
00480 PHE01A0222_001 f 0.00  0.000     0  0.00  0  0   4.455  -7.206   0.016   0.000   0.000   0.000 01O000M000t
00481 VAL01A0224_001 f 0.00  0.000     0  0.00  0  0   0.784  -4.040   0.003   0.000   0.000   0.000 01O000M000t
00482 LEU01A0225_001 f 0.00  0.000     0  0.00  0  0   2.126  -2.543   0.941   0.000   0.000   0.000 01O000M000t
00483 LEU01A0226_001 f 0.00  0.000     0  0.00  0  0   1.452  -3.808   0.462   0.000   0.000   0.000 01O000M000t
00484 TRP01A0227_001 f 0.00  0.000     0  0.00  0  0   2.082 -12.291   0.171   0.000   0.000   0.000 01O000M000t
00485 GLU01A0228_001 f 0.00  0.000     0  0.00  0  0   0.645  -4.962   3.991  -2.369   1.813   0.000 01O000M000t
00486 GLU01A0228_002 f 0.00  0.000     0  0.00  0  0   0.645  -4.962   1.271  -0.989   2.467   0.000 01O000M000t
00487 GLU02A0228_003 f 0.00  0.000     0  0.00  0  0   0.623  -4.608   3.991  -0.590   2.267   0.000 02O000M000t
00488 GLU02A0228_004 f 0.00  0.000     0  0.00  0  0   0.623  -4.608   1.271   2.604   2.473   0.000 02O000M000t
00489 GLU-1A0228_005 f 0.00 -1.000     0  4.75  0 -1   0.508  -4.850   1.271  -6.785  10.500   0.000 -1O000M000t
00490 ILE01A0229_001 f 0.00  0.000     0  0.00  0  0   3.044  -4.096   0.611   0.000   0.000   0.000 01O000M000t
00491 PHE01A0230_001 f 0.00  0.000     0  0.00  0  0   4.949  -6.032   0.126   0.000   0.000   0.000 01O000M000t
00492 SER01A0231_001 f 0.00  0.000     0  0.00  0  0  -0.336  -2.617   0.476  -1.391   1.950   0.000 01O000M000t
00493 SER01A0231_002 f 0.00  0.000     0  0.00  0  0  -0.336  -2.617   0.476   2.298   1.954   0.000 01O000M000t
00494 LEU01A0232_001 f 0.00  0.000     0  0.00  0  0   1.479  -2.944   0.568   0.000   0.000   0.000 01O000M000t
00495 ALA01A0234_001 f 0.00  0.000     0  0.00  0  0  -1.098  -1.207   0.000   0.000   0.000   0.000 01O000M000t
00496 SER01A0235_001 f 0.00  0.000     0  0.00  0  0  -3.301  -1.113   0.434   0.018   0.944   0.000 01O000M000t
00497 SER01A0235_002 f 0.00  0.000     0  0.00  0  0  -3.301  -1.113   0.434  -0.146   0.473   0.000 01O000M000t
00498 PRO01A0236_001 f 0.00  0.000     0  0.00  0  0   0.275  -2.101   0.000   0.000   0.000   0.000 01O000M000t
00499 TYR01A0237_001 f 0.00  0.000     0  0.00  0  0   4.050  -2.888   0.013   0.210   1.986   0.000 01O000M000t
00500 TYR-1A0237_002 f 0.00 -1.000     0 10.20  0 -1   4.050  -2.888   0.013   0.639   9.678   0.000 -1O000M000t
00501 PRO01A0238_001 f 0.00  0.000     0  0.00  0  0  -4.364  -1.237   0.000   0.000   0.000   0.000 01O000M000t
00502 VAL01A0240_001 f 0.00  0.000     0  0.00  0  0  -0.966   1.185   0.014   0.000   0.000   0.000 01O000M000t
00503 LYS01A0241_001 f 0.00  0.000     0  0.00  0  0  -7.927  -2.044   2.751  -0.007   0.231   0.000 01O000M000t
00504 LYS+1A0241_002 f 0.00  1.000     0 10.40  0  1  -7.975  -2.049   2.751   0.438   0.487   0.000 +1O000M000t
00505 ILE01A0242_001 f 0.00  0.000     0  0.00  0  0   0.567   0.659   0.447   0.000   0.000   0.000 01O000M000t
00506 ASP01A0243_001 f 0.00  0.000     0  0.00  0  0  -0.794   0.860   2.904   3.214   1.393   0.000 01O000M000t
00507 ASP01A0243_002 f 0.00  0.000     0  0.00  0  0  -0.794   0.860   0.184   0.005   1.519   0.000 01O000M000t
00508 ASP02A0243_003 f 0.00  0.000     0  0.00  0  0  -0.785  -0.411   2.904  -1.414   1.790   0.000 02O000M000t
00509 ASP02A0243_004 f 0.00  0.000     0  0.00  0  0  -0.785  -0.411   0.184  -1.600   1.788   0.000 02O000M000t
00510 ASP-1A0243_005 f 0.00 -1.000     0  4.75  0 -1  -0.762  -0.325   0.184  -4.918   4.511   0.000 -1O000M000t
00511 GLU01A0244_001 f 0.00  0.000     0  0.00  0  0  -2.964  -1.066   3.448   0.261  -0.304   0.000 01O000M000t
00512 GLU01A0244_002 f 0.00  0.000     0  0.00  0  0  -2.964  -1.066   0.728   0.070   0.537   0.000 01O000M000t
00513 GLU02A0244_003 f 0.00  0.000     0  0.00  0  0  -3.128  -1.058   3.448   0.045  -0.564   0.000 02O000M000t
00514 GLU02A0244_004 f 0.00  0.000     0  0.00  0  0  -3.128  -1.058   0.728   0.037   0.596   0.000 02O000M000t
00515 GLU-1A0244_005 f 0.00 -1.000     0  4.75  0 -1  -3.103  -1.044   0.728  -0.261  -0.281   0.000 -1O000M000t
00516 GLU01A0245_001 f 0.00  0.000     0  0.00  0  0  -1.680  -1.283   3.739   0.261   0.358   0.000 01O000M000t
00517 GLU01A0245_002 f 0.00  0.000     0  0.00  0  0  -1.680  -1.283   1.019   0.085   0.206   0.000 01O000M000t
00518 GLU02A0245_003 f 0.00  0.000     0  0.00  0  0  -2.072  -1.273   3.739   0.197  -0.502   0.000 02O000M000t
00519 GLU02A0245_004 f 0.00  0.000     0  0.00  0  0  -2.072  -1.273   1.019   0.087   0.743   0.000 02O000M000t
00520 GLU-1A0245_005 f 0.00 -1.000     0  4.75  0 -1  -2.067  -1.258   1.019  -0.383   0.270   0.000 -1O000M000t
00521 PHE01A0246_001 f 0.00  0.000     0  0.00  0  0   4.027  -6.380   0.527   0.000   0.000   0.000 01O000M000t
00522 CYS01A0247_001 f 0.00  0.000     0  0.00  0  0  -0.217  -2.918   0.042  -0.064   0.854   0.000 01O000M000t
00523 CYS01A0247_002 f 0.00  0.000     0  0.00  0  0  -0.217  -2.983   0.042  -0.289   0.599   0.000 01O000M000t
00524 CYS01A0247_003 f 0.00  0.000     0  0.00  0  0  -0.218  -2.908   0.042  -0.253   0.461   0.000 01O000M000t
00525 CYS-1A0247_004 f 0.00 -1.000     0  9.10  0 -1  -0.215  -2.886   0.042  -1.634   6.368   0.000 -1O000M000t
00526 ARG01A0248_001 f 0.00  0.000     0  0.00  0  0  -5.003  -3.797   0.621  -0.110   0.978   0.000 01O000M000t
00527 ARG02A0248_002 f 0.00  0.000     0  0.00  0  0  -5.035  -3.812   0.621  -0.036   2.222   0.000 02O000M000t
00528 ARG03A0248_003 f 0.00  0.000     0  0.00  0  0  -5.044  -3.812   0.621  -0.043   1.817   0.000 03O000M000t
00529 ARG+1A0248_004 f 0.00  1.000     0 12.50  0  1  -5.084  -3.817   0.621   0.319   0.917   0.000 +1O000M000t
00530 ARG01A0249_001 f 0.00  0.000     0  0.00  0  0  -3.185  -4.975   2.782   0.010   1.427   0.000 01O000M000t
00531 ARG02A0249_002 f 0.00  0.000     0  0.00  0  0  -3.225  -4.925   2.782  -0.147   2.185   0.000 02O000M000t
00532 ARG03A0249_003 f 0.00  0.000     0  0.00  0  0  -3.229  -4.969   2.782   0.003   2.098   0.000 03O000M000t
00533 ARG+1A0249_004 f 0.00  1.000     0 12.50  0  1  -3.269  -4.985   2.782   0.168   2.477   0.000 +1O000M000t
00534 LEU01A0250_001 f 0.00  0.000     0  0.00  0  0   1.736  -4.165   1.370   0.000   0.000   0.000 01O000M000t
00535 LYS01A0251_001 f 0.00  0.000     0  0.00  0  0  -6.510  -2.822   1.701  -0.004  -0.012   0.000 01O000M000t
00536 LYS+1A0251_002 f 0.00  1.000     0 10.40  0  1  -6.555  -2.825   1.701   0.016  -0.075   0.000 +1O000M000t
00537 GLU01A0252_001 f 0.00  0.000     0  0.00  0  0  -1.620  -3.003   4.384   0.100   0.913   0.000 01O000M000t
00538 GLU01A0252_002 f 0.00  0.000     0  0.00  0  0  -1.620  -3.003   1.664   0.016   0.854   0.000 01O000M000t
00539 GLU02A0252_003 f 0.00  0.000     0  0.00  0  0  -1.995  -2.960   4.384  -0.036  -0.331   0.000 02O000M000t
00540 GLU02A0252_004 f 0.00  0.000     0  0.00  0  0  -1.995  -2.960   1.664  -0.011   1.026   0.000 02O000M000t
00541 GLU-1A0252_005 f 0.00 -1.000     0  4.75  0 -1  -1.894  -2.938   1.664  -0.009   1.558   0.000 -1O000M000t
00542 THR01A0254_001 f 0.00  0.000     0  0.00  0  0  -2.573  -2.078   0.456  -0.280   0.456   0.000 01O000M000t
00543 THR01A0254_002 f 0.00  0.000     0  0.00  0  0  -2.573  -2.078   0.082  -0.079   0.813   0.000 01O000M000t
00544 ARG01A0255_001 f 0.00  0.000     0  0.00  0  0  -1.041  -3.272   0.705  -1.869   2.641   0.000 01O000M000t
00545 ARG02A0255_002 f 0.00  0.000     0  0.00  0  0  -1.060  -3.192   0.705  -1.723   3.703   0.000 02O000M000t
00546 ARG02A0255_003 f 0.00  0.000     0  0.00  0  0  -0.988  -3.272   0.705  -0.639   3.490   0.000 02O000M000t
00547 ARG03A0255_004 f 0.00  0.000     0  0.00  0  0  -1.065  -3.247   0.705  -3.079   3.493   0.000 03O000M000t
00548 ARG03A0255_005 f 0.00  0.000     0  0.00  0  0  -1.060  -3.335   0.705  -1.549   3.375   0.000 03O000M000t
00549 ARG+1A0255_006 f 0.00  1.000     0 12.50  0  1  -1.104  -3.311   0.705  -7.408   5.304   0.000 +1O000M000t
00550 MET01A0256_001 f 0.00  0.000     0  0.00  0  0  -0.030  -3.975   1.363  -0.263   0.094   0.000 01O000M000t
00551 ARG01A0257_001 f 0.00  0.000     0  0.00  0  0 -12.509  -1.183   0.542   0.040  -0.232   0.000 01O000M000t
00552 ARG02A0257_002 f 0.00  0.000     0  0.00  0  0 -12.547  -1.187   0.542   0.031   0.716   0.000 02O000M000t
00553 ARG03A0257_003 f 0.00  0.000     0  0.00  0  0 -12.546  -1.187   0.542   0.037   0.866   0.000 03O000M000t
00554 ARG+1A0257_004 f 0.00  1.000     0 12.50  0  1 -12.589  -1.188   0.542   0.058  -0.414   0.000 +1O000M000t
00555 ALA01A0258_001 f 0.00  0.000     0  0.00  0  0  -2.382  -0.569   0.000   0.000   0.000   0.000 01O000M000t
00556 PRO01A0259_001 f 0.00  0.000     0  0.00  0  0   0.264  -4.286   0.000   0.000   0.000   0.000 01O000M000t
00557 ASP01A0260_001 f 0.00  0.000     0  0.00  0  0  -2.818   0.472   3.020   0.635  -0.345   0.000 01O000M000t
00558 ASP01A0260_002 f 0.00  0.000     0  0.00  0  0  -2.818   0.472   0.300   0.289   0.418   0.000 01O000M000t
00559 ASP02A0260_003 f 0.00  0.000     0  0.00  0  0  -2.682  -0.053   3.020   0.313  -0.286   0.000 02O000M000t
00560 ASP02A0260_004 f 0.00  0.000     0  0.00  0  0  -2.682  -0.053   0.300   0.261   0.552   0.000 02O000M000t
00561 ASP-1A0260_005 f 0.00 -1.000     0  4.75  0 -1  -2.709  -0.015   0.300  -0.390  -0.004   0.000 -1O000M000t
00562 TYR01A0261_001 f 0.00  0.000     0  0.00  0  0   2.224  -3.657   0.282   0.108   1.007   0.000 01O000M000t
00563 TYR01A0261_002 f 0.00  0.000     0  0.00  0  0   2.224  -3.657   0.282   0.023   1.092   0.000 01O000M000t
00564 TYR-1A0261_003 f 0.00 -1.000     0 10.20  0 -1   2.224  -3.657   0.282   0.062   3.318   0.000 -1O000M000t
00565 THR01A0262_001 f 0.00  0.000     0  0.00  0  0  -0.321  -1.604   0.740  -1.008   1.964   0.000 01O000M000t
00566 THR01A0262_002 f 0.00  0.000     0  0.00  0  0  -0.321  -1.604   0.740   0.536   1.959   0.000 01O000M000t
00567 THR01A0263_001 f 0.00  0.000     0  0.00  0  0  -0.977  -0.604   0.375  -0.048   1.745   0.000 01O000M000t
00568 THR01A0263_002 f 0.00  0.000     0  0.00  0  0  -0.977  -0.604   0.375   3.428   1.744   0.000 01O000M000t
00569 THR01A0263_003 f 0.00  0.000     0  0.00  0  0  -0.977  -0.604   0.000  -2.355   1.079   0.000 01O000M000t
00570 PRO01A0264_001 f 0.00  0.000     0  0.00  0  0  -6.775  -0.931   0.000   0.000   0.000   0.000 01O000M000t
00571 GLU01A0265_001 f 0.00  0.000     0  0.00  0  0   0.112  -2.012   4.203   2.074   0.766   0.000 01O000M000t
00572 GLU01A0265_002 f 0.00  0.000     0  0.00  0  0   0.112  -2.012   1.483  -0.159   1.021   0.000 01O000M000t
00573 GLU02A0265_003 f 0.00  0.000     0  0.00  0  0  -0.427  -2.142   4.203  -1.075  -0.047   0.000 02O000M000t
00574 GLU02A0265_004 f 0.00  0.000     0  0.00  0  0  -0.427  -2.142   1.483  -1.016   0.909   0.000 02O000M000t
00575 GLU-1A0265_005 f 0.00 -1.000     0  4.75  0 -1  -0.392  -2.109   1.483  -2.985   2.031   0.000 -1O000M000t
00576 MET01A0266_001 f 0.00  0.000     0  0.00  0  0   1.056  -3.774   1.636   0.098   0.098   0.000 01O000M000t
00577 TYR01A0267_001 f 0.00  0.000     0  0.00  0  0   1.179  -4.821   0.016  -2.304   1.894   0.000 01O000M000t
00578 TYR01A0267_002 f 0.00  0.000     0  0.00  0  0   1.179  -4.821   0.016   1.012   1.316   0.000 01O000M000t
00579 TYR-1A0267_003 f 0.00 -1.000     0 10.20  0 -1   1.179  -4.821   0.016   1.113   5.552   0.000 -1O000M000t
00580 GLN01A0268_001 f 0.00  0.000     0  0.00  0  0  -2.174  -2.919   1.277  -0.097   0.579   0.000 01O000M000t
00581 GLN01A0268_002 f 0.00  0.000     0  0.00  0  0  -2.051  -2.672   1.332   0.375   0.288   0.000 01R001M000t
00582 THR01A0269_001 f 0.00  0.000     0  0.00  0  0   0.176  -2.164   0.392  -0.333   0.766   0.000 01O000M000t
00583 THR01A0269_002 f 0.00  0.000     0  0.00  0  0   0.176  -2.164   0.017  -0.046   1.642   0.000 01O000M000t
00584 MET01A0270_001 f 0.00  0.000     0  0.00  0  0   0.290  -8.221   1.058   0.017   0.099   0.000 01O000M000t
00585 LEU01A0271_001 f 0.00  0.000     0  0.00  0  0  -1.366  -3.036   0.403   0.000   0.000   0.000 01O000M000t
00586 ASP01A0272_001 f 0.00  0.000     0  0.00  0  0  -1.610  -2.453   2.838   0.246  -0.024   0.000 01O000M000t
00587 ASP01A0272_002 f 0.00  0.000     0  0.00  0  0  -1.610  -2.453   0.118   0.054   0.935   0.000 01O000M000t
00588 ASP02A0272_003 f 0.00  0.000     0  0.00  0  0  -1.702  -2.984   2.838   0.308   0.107   0.000 02O000M000t
00589 ASP02A0272_004 f 0.00  0.000     0  0.00  0  0  -1.702  -2.984   0.118   0.190   0.984   0.000 02O000M000t
00590 ASP-1A0272_005 f 0.00 -1.000     0  4.75  0 -1  -1.711  -2.897   0.118   0.382   1.996   0.000 -1O000M000t
00591 CYS01A0273_001 f 0.00  0.000     0  0.00  0  0  -0.002  -5.166   0.066   0.110   0.992   0.000 01O000M000t
00592 CYS01A0273_002 f 0.00  0.000     0  0.00  0  0  -0.002  -5.241   0.066  -0.445   0.953   0.000 01O000M000t
00593 CYS01A0273_003 f 0.00  0.000     0  0.00  0  0  -0.003  -5.187   0.066   0.223   0.992   0.000 01O000M000t
00594 CYS-1A0273_004 f 0.00 -1.000     0  9.10  0 -1   0.000  -5.112   0.066   1.059  14.028   0.000 -1O000M000t
00595 TRP01A0274_001 f 0.00  0.000     0  0.00  0  0   2.573 -12.000   0.153   0.000   0.000   0.000 01O000M000t
00596 HIS01A0275_001 f 0.00  0.000     0  0.00  0  0  -4.805  -6.527   0.744  -0.694   1.826   0.000 01O000M000t
00597 HIS01A0275_002 f 0.00  0.000     0  0.00  0  0  -4.481  -5.325   0.744   0.584   0.610   0.000 01R001M000t
00598 HIS02A0275_003 f 0.00  0.000     0  0.00  0  0  -4.824  -6.740   0.744   0.866   1.719   0.000 02O000M000t
00599 HIS02A0275_004 f 0.00  0.000     0  0.00  0  0  -4.494  -5.331   0.744   0.241   1.040   0.000 02R001M000t
00600 HIS+1A0275_005 f 0.00  1.000     0  6.98  0  1  -4.851  -6.747   0.744   1.607   2.854   0.000 +1O000M000t
00601 HIS+1A0275_006 f 0.00  1.000     0  6.98  0  1  -4.520  -5.351   0.744   1.041   1.324   0.000 +1R001M000t
00602 GLU01A0277_001 f 0.00  0.000     0  0.00  0  0  -2.133  -3.964   3.471  -0.137   0.123   0.000 01O000M000t
00603 GLU01A0277_002 f 0.00  0.000     0  0.00  0  0  -2.133  -3.964   0.751  -0.270   0.910   0.000 01O000M000t
00604 GLU02A0277_003 f 0.00  0.000     0  0.00  0  0  -2.283  -4.006   3.471   2.598   1.019   0.000 02O000M000t
00605 GLU02A0277_004 f 0.00  0.000     0  0.00  0  0  -2.283  -4.006   0.751   0.121   0.844   0.000 02O000M000t
00606 GLU-1A0277_005 f 0.00 -1.000     0  4.75  0 -1  -2.274  -3.962   0.751  -2.621   2.139   0.000 -1O000M000t
00607 PRO01A0278_001 f 0.00  0.000     0  0.00  0  0  -1.465  -1.326   0.000   0.000   0.000   0.000 01O000M000t
00608 SER01A0279_001 f 0.00  0.000     0  0.00  0  0  -3.566  -0.451   0.528   1.033   1.345   0.000 01O000M000t
00609 SER01A0279_002 f 0.00  0.000     0  0.00  0  0  -3.566  -0.451   0.528  -0.156   0.677   0.000 01O000M000t
00610 GLN01A0280_001 f 0.00  0.000     0  0.00  0  0  -2.437  -2.206   1.493   0.102   0.143   0.000 01O000M000t
00611 GLN01A0280_002 f 0.00  0.000     0  0.00  0  0  -2.512  -2.212   1.480   0.189  -0.212   0.000 01R001M000t
00612 ARG01A0281_001 f 0.00  0.000     0  0.00  0  0   1.219 -13.224   1.195   1.173   4.442   0.000 01O000M000t
00613 ARG02A0281_002 f 0.00  0.000     0  0.00  0  0   1.180 -12.638   1.195  -3.125   4.949   0.000 02O000M000t
00614 ARG02A0281_003 f 0.00  0.000     0  0.00  0  0   1.238 -12.619   1.195  -0.893   4.938   0.000 02O000M000t
00615 ARG03A0281_004 f 0.00  0.000     0  0.00  0  0   1.175 -12.669   1.195  -3.001   4.858   0.000 03O000M000t
00616 ARG03A0281_005 f 0.00  0.000     0  0.00  0  0   1.180 -12.570   1.195  -0.353   4.850   0.000 03O000M000t
00617 ARG+1A0281_006 f 0.00  1.000     0 12.50  0  1   1.136 -12.720   1.195  -6.477  11.196   0.000 +1O000M000t
00618 PRO01A0282_001 f 0.00  0.000     0  0.00  0  0  -0.737  -4.071   0.000   0.000   0.000   0.000 01O000M000t
00619 THR01A0283_001 f 0.00  0.000     0  0.00  0  0  -3.584  -0.021   0.389   0.032   1.571   0.000 01O000M000t
00620 THR01A0283_002 f 0.00  0.000     0  0.00  0  0  -3.584  -0.021   0.389   2.450   1.635   0.000 01O000M000t
00621 THR01A0283_003 f 0.00  0.000     0  0.00  0  0  -3.584  -0.021   0.014  -2.133   0.566   0.000 01O000M000t
00622 PHE01A0284_001 f 0.00  0.000     0  0.00  0  0   4.330  -9.583   0.516   0.000   0.000   0.000 01O000M000t
00623 SER01A0285_001 f 0.00  0.000     0  0.00  0  0  -3.329  -1.037   1.030  -0.290   0.311   0.000 01O000M000t
00624 SER01A0285_002 f 0.00  0.000     0  0.00  0  0  -3.329  -1.037   0.655  -0.558   0.101   0.000 01O000M000t
00625 GLU01A0286_001 f 0.00  0.000     0  0.00  0  0  -1.216  -2.707   3.580   2.359   1.075   0.000 01O000M000t
00626 GLU01A0286_002 f 0.00  0.000     0  0.00  0  0  -1.216  -2.707   0.860  -0.405   0.963   0.000 01O000M000t
00627 GLU02A0286_003 f 0.00  0.000     0  0.00  0  0  -1.401  -3.020   3.580  -0.804  -0.116   0.000 02O000M000t
00628 GLU02A0286_004 f 0.00  0.000     0  0.00  0  0  -1.401  -3.020   0.860  -0.886   1.118   0.000 02O000M000t
00629 GLU-1A0286_005 f 0.00 -1.000     0  4.75  0 -1  -1.456  -2.987   0.860  -2.240   1.570   0.000 -1O000M000t
00630 LEU01A0287_001 f 0.00  0.000     0  0.00  0  0   1.873  -4.464   0.758   0.000   0.000   0.000 01O000M000t
00631 VAL01A0288_001 f 0.00  0.000     0  0.00  0  0  -0.585  -1.774   0.257   0.000   0.000   0.000 01O000M000t
00632 GLU01A0289_001 f 0.00  0.000     0  0.00  0  0  -1.662  -2.764   2.931   0.227   0.099   0.000 01O000M000t
00633 GLU01A0289_002 f 0.00  0.000     0  0.00  0  0  -1.662  -2.764   0.211   0.087   0.575   0.000 01O000M000t
00634 GLU02A0289_003 f 0.00  0.000     0  0.00  0  0  -2.109  -2.734   2.931   0.065  -0.411   0.000 02O000M000t
00635 GLU02A0289_004 f 0.00  0.000     0  0.00  0  0  -2.109  -2.734   0.211   0.055   0.658   0.000 02O000M000t
00636 GLU-1A0289_005 f 0.00 -1.000     0  4.75  0 -1  -2.027  -2.713   0.211  -0.222  -0.031   0.000 -1O000M000t
00637 HIS01A0290_001 f 0.00  0.000     0  0.00  0  0  -4.207  -4.488   0.001   0.574   1.646   0.000 01O000M000t
00638 HIS01A0290_002 f 0.00  0.000     0  0.00  0  0  -4.066  -4.470   0.001   0.317   1.593   0.000 01R001M000t
00639 HIS02A0290_003 f 0.00  0.000     0  0.00  0  0  -4.223  -4.523   0.001   0.232   1.485   0.000 02O000M000t
00640 HIS02A0290_004 f 0.00  0.000     0  0.00  0  0  -4.080  -4.489   0.001   0.467   1.981   0.000 02R001M000t
00641 HIS+1A0290_005 f 0.00  1.000     0  6.98  0  1  -4.249  -4.553   0.001   1.364   2.465   0.000 +1O000M000t
00642 HIS+1A0290_006 f 0.00  1.000     0  6.98  0  1  -4.107  -4.500   0.001   1.314   2.847   0.000 +1R001M000t
00643 LEU01A0291_001 f 0.00  0.000     0  0.00  0  0   1.652  -4.840   0.481   0.000   0.000   0.000 01O000M000t
00644 ASN01A0293_001 f 0.00  0.000     0  0.00  0  0  -2.105  -2.556   0.388   0.190   0.316   0.000 01O000M000t
00645 ASN01A0293_002 f 0.00  0.000     0  0.00  0  0  -2.414  -1.562   0.387   0.332   0.639   0.000 01R001M000t
00646 LEU01A0294_001 f 0.00  0.000     0  0.00  0  0   0.799  -3.588   0.406   0.000   0.000   0.000 01O000M000t
00647 LEU01A0295_001 f 0.00  0.000     0  0.00  0  0   0.031  -4.466   1.852   0.000   0.000   0.000 01O000M000t
00648 GLN01A0296_001 f 0.00  0.000     0  0.00  0  0  -2.484  -2.942   0.972  -0.047   0.176   0.000 01O000M000t
00649 GLN01A0296_002 f 0.00  0.000     0  0.00  0  0  -2.297  -2.893   0.973   0.105   0.051   0.000 01R001M000t
00650 ALA01A0297_001 f 0.00  0.000     0  0.00  0  0  -3.483  -1.402   0.000   0.000   0.000   0.000 01O000M000t
00651 ASN01A0298_001 f 0.00  0.000     0  0.00  0  0  -0.357  -3.777   1.274   0.220   1.481   0.000 01O000M000t
00652 ASN01A0298_002 f 0.00  0.000     0  0.00  0  0  -0.281  -3.975   1.269   0.280   1.135   0.000 01R001M000t
00653 BAX01B0001_001 f 0.00 -0.315     0  0.00  0  0   0.000 681.968   0.000  -3.704   6.794   0.004 01O000M000t
00654 BAX+1B0001_002 f 0.00  0.673     0  0.00  0  0   0.000 681.962   0.000  -0.052  10.359   3.207 +1O000M000t
00655 BAX+1B0001_003 f 0.00  0.673     0  0.00  0  0   0.000 681.632   0.000  -1.338  10.398   3.207 +1O000M000t
00656 BAX02B0001_004 f 0.00 -0.000     0  0.00  0  0   0.000 681.851   0.000  -2.431  11.140   3.620 02O000M000t
00657 BAX-2B0001_005 f 0.00 -0.996     0  0.00  0  0   0.000 681.956   0.000  -3.077  11.302   5.840 -2O000M000t
00658 BAXDMB0001_006 t 0.00  0.000     0  0.00  0  0   0.000   0.000   0.000   0.000   0.000   0.000         DMt
