iConf CONFORMER     FL  occ    crg   Em0  pKa0 ne nH    vdw0    vdw1    tors    epol   dsolv   extra    history
00001 ASP01A0001_001 f 0.00  0.000     0  0.00  0  0  -2.027   1.755   3.792   1.830   0.528   0.000 01O000M000t
00002 ASP01A0001_002 f 0.00  0.000     0  0.00  0  0  -2.027   1.755   1.072   0.140   1.223   0.000 01O000M000t
00003 ASP02A0001_003 f 0.00  0.000     0  0.00  0  0  -1.843   0.919   3.792  -0.588  -0.119   0.000 02O000M000t
00004 ASP02A0001_004 f 0.00  0.000     0  0.00  0  0  -1.843   0.919   1.072  -0.403   1.243   0.000 02O000M000t
00005 ASP-1A0001_005 f 0.00 -1.000     0  4.75  0 -1  -1.899   0.972   1.072  -3.270   2.836   0.000 -1O000M000t
00006 TRP01A0002_001 f 0.00  0.000     0  0.00  0  0  -3.424  -3.850   0.010   0.000   0.000   0.000 01O000M000t
00007 GLU01A0003_001 f 0.00  0.000     0  0.00  0  0   0.741  -3.224   3.104   0.255   0.727   0.000 01O000M000t
00008 GLU01A0003_002 f 0.00  0.000     0  0.00  0  0   0.741  -3.224   0.384  -0.023   0.990   0.000 01O000M000t
00009 GLU02A0003_003 f 0.00  0.000     0  0.00  0  0   0.219  -3.249   3.104   0.504   0.315   0.000 02O000M000t
00010 GLU02A0003_004 f 0.00  0.000     0  0.00  0  0   0.219  -3.249   0.384   0.071   0.939   0.000 02O000M000t
00011 GLU-1A0003_005 f 0.00 -1.000     0  4.75  0 -1   0.155  -3.184   0.384  -0.872   1.534   0.000 -1O000M000t
00012 ILE01A0004_001 f 0.00  0.000     0  0.00  0  0   2.201  -2.625   0.435   0.000   0.000   0.000 01O000M000t
00013 PRO01A0005_001 f 0.00  0.000     0  0.00  0  0  -4.447   2.658   0.000   0.000   0.000   0.000 01O000M000t
00014 ASP01A0006_001 f 0.00  0.000     0  0.00  0  0  -1.787   0.030   2.812   1.989   1.008   0.000 01O000M000t
00015 ASP01A0006_002 f 0.00  0.000     0  0.00  0  0  -1.787   0.030   0.092   0.162   0.754   0.000 01O000M000t
00016 ASP02A0006_003 f 0.00  0.000     0  0.00  0  0  -1.643  -0.864   2.812  -0.050   0.306   0.000 02O000M000t
00017 ASP02A0006_004 f 0.00  0.000     0  0.00  0  0  -1.643  -0.864   0.092  -0.139   1.438   0.000 02O000M000t
00018 ASP-1A0006_005 f 0.00 -1.000     0  4.75  0 -1  -1.733  -0.796   0.092  -1.846   3.081   0.000 -1O000M000t
00019 GLN01A0008_001 f 0.00  0.000     0  0.00  0  0  -0.431  -3.238   0.660  -0.104   0.911   0.000 01O000M000t
00020 GLN01A0008_002 f 0.00  0.000     0  0.00  0  0   1.062  -3.293   0.660   0.185   0.757   0.000 01R001M000t
00021 ILE01A0009_001 f 0.00  0.000     0  0.00  0  0   1.872  -0.614   0.473   0.000   0.000   0.000 01O000M000t
00022 THR01A0010_001 f 0.00  0.000     0  0.00  0  0  -5.169  -0.765   0.491  -0.241  -0.026   0.000 01O000M000t
00023 THR01A0010_002 f 0.00  0.000     0  0.00  0  0  -5.169  -0.765   0.116  -0.296  -0.046   0.000 01O000M000t
00024 VAL01A0011_001 f 0.00  0.000     0  0.00  0  0  -1.888   0.153   0.029   0.000   0.000   0.000 01O000M000t
00025 GLN01A0013_001 f 0.00  0.000     0  0.00  0  0  -1.052   0.155   3.991   0.290   0.201   0.000 01O000M000t
00026 GLN01A0013_002 f 0.00  0.000     0  0.00  0  0  -1.622   0.228   3.999  -0.089  -0.024   0.000 01R001M000t
00027 ARG01A0014_001 f 0.00  0.000     0  0.00  0  0  -3.823  -1.906   0.644  -0.020   0.846   0.000 01O000M000t
00028 ARG02A0014_002 f 0.00  0.000     0  0.00  0  0  -3.882  -1.875   0.644  -0.070   1.600   0.000 02O000M000t
00029 ARG03A0014_003 f 0.00  0.000     0  0.00  0  0  -3.883  -1.918   0.644  -0.006   1.402   0.000 03O000M000t
00030 ARG+1A0014_004 f 0.00  1.000     0 12.50  0  1  -3.927  -1.928   0.644   0.603   0.845   0.000 +1O000M000t
00031 ILE01A0015_001 f 0.00  0.000     0  0.00  0  0  -0.348  -1.320   0.417   0.000   0.000   0.000 01O000M000t
00032 SER01A0017_001 f 0.00  0.000     0  0.00  0  0  -3.503  -2.079   0.558  -0.125   0.862   0.000 01O000M000t
00033 SER01A0017_002 f 0.00  0.000     0  0.00  0  0  -3.503  -2.079   0.558  -0.112   0.522   0.000 01O000M000t
00034 SER01A0019_001 f 0.00  0.000     0  0.00  0  0   0.000  -2.814   0.389   0.504   1.687   0.000 01O000M000t
00035 SER01A0019_002 f 0.00  0.000     0  0.00  0  0   0.000  -2.814   0.389  -0.628   0.968   0.000 01O000M000t
00036 PHE01A0020_001 f 0.00  0.000     0  0.00  0  0   3.499  -4.118   0.595   0.000   0.000   0.000 01O000M000t
00037 THR01A0022_001 f 0.00  0.000     0  0.00  0  0  -1.600  -1.848   0.409  -0.107   0.774   0.000 01O000M000t
00038 THR01A0022_002 f 0.00  0.000     0  0.00  0  0  -1.600  -1.848   0.409  -0.256  -0.077   0.000 01O000M000t
00039 VAL01A0023_001 f 0.00  0.000     0  0.00  0  0   0.613  -2.435   0.016   0.000   0.000   0.000 01O000M000t
00040 TYR01A0024_001 f 0.00  0.000     0  0.00  0  0   0.884  -8.226   0.038  -0.037   0.817   0.000 01O000M000t
00041 TYR01A0024_002 f 0.00  0.000     0  0.00  0  0   0.884  -8.226   0.038  -0.037   0.649   0.000 01O000M000t
00042 TYR-1A0024_003 f 0.00 -1.000     0 10.20  0 -1   0.884  -8.226   0.038  -0.125   2.495   0.000 -1O000M000t
00043 LYS01A0025_001 f 0.00  0.000     0  0.00  0  0  -2.723  -3.173   0.846  -0.040   0.186   0.000 01O000M000t
00044 LYS+1A0025_002 f 0.00  1.000     0 10.40  0  1  -2.768  -3.177   0.846   0.281   0.792   0.000 +1O000M000t
00045 LYS01A0027_001 f 0.00  0.000     0  0.00  0  0  -4.555  -4.230   1.057   0.101   0.416   0.000 01O000M000t
00046 LYS+1A0027_002 f 0.00  1.000     0 10.40  0  1  -4.600  -4.273   1.057   0.355   2.020   0.000 +1O000M000t
00047 TRP01A0028_001 f 0.00  0.000     0  0.00  0  0   0.365  -3.501   0.191   0.000   0.000   0.000 01O000M000t
00048 HIS01A0029_001 f 0.00  0.000     0  0.00  0  0  -7.490   1.078   0.005   0.086   0.649   0.000 01O000M000t
00049 HIS01A0029_002 f 0.00  0.000     0  0.00  0  0  -7.699   1.095   0.005   0.314   0.962   0.000 01R001M000t
00050 HIS02A0029_003 f 0.00  0.000     0  0.00  0  0  -7.507   1.047   0.005   0.121   0.498   0.000 02O000M000t
00051 HIS02A0029_004 f 0.00  0.000     0  0.00  0  0  -7.712   1.069   0.005   0.064   1.143   0.000 02R001M000t
00052 HIS+1A0029_005 f 0.00  1.000     0  6.98  0  1  -7.534   1.042   0.005   0.165   0.500   0.000 +1O000M000t
00053 HIS+1A0029_006 f 0.00  1.000     0  6.98  0  1  -7.739   1.065   0.005   0.107   1.530   0.000 +1R001M000t
00054 ASP01A0031_001 f 0.00  0.000     0  0.00  0  0  -1.554  -1.548   3.502   0.363   1.107   0.000 01O000M000t
00055 ASP01A0031_002 f 0.00  0.000     0  0.00  0  0  -1.554  -1.548   0.782   0.275   0.780   0.000 01O000M000t
00056 ASP02A0031_003 f 0.00  0.000     0  0.00  0  0  -1.524  -1.710   3.502   0.306   0.088   0.000 02O000M000t
00057 ASP02A0031_004 f 0.00  0.000     0  0.00  0  0  -1.524  -1.710   0.782   0.258   1.166   0.000 02O000M000t
00058 ASP-1A0031_005 f 0.00 -1.000     0  4.75  0 -1  -1.582  -1.674   0.782  -0.480   1.969   0.000 -1O000M000t
00059 VAL01A0032_001 f 0.00  0.000     0  0.00  0  0   0.528  -4.357   0.035   0.000   0.000   0.000 01O000M000t
00060 ALA01A0033_001 f 0.00  0.000     0  0.00  0  0   0.000  -2.120   0.000   0.000   0.000   0.000 01O000M000t
00061 VAL01A0034_001 f 0.00  0.000     0  0.00  0  0   0.491  -2.784   0.136   0.000   0.000   0.000 01O000M000t
00062 LYS01A0035_001 f 0.00  0.000     0  0.00  0  0   1.231  -5.735   1.493  -0.026   1.494   0.000 01O000M000t
00063 LYS+1A0035_002 f 0.00  1.000     0 10.40  0  1   1.184  -5.754   1.493   1.110  15.504   0.000 +1O000M000t
00064 MET01A0036_001 f 0.00  0.000     0  0.00  0  0  -0.966  -3.301   0.181   0.022   0.088   0.000 01O000M000t
00065 LEU01A0037_001 f 0.00  0.000     0  0.00  0  0   0.967  -5.406   0.868   0.000   0.000   0.000 01O000M000t
00066 ASN01A0038_001 f 0.00  0.000     0  0.00  0  0  -3.613   0.849   0.382   0.049  -0.035   0.000 01O000M000t
00067 ASN01A0038_002 f 0.00  0.000     0  0.00  0  0  -3.611   1.823   0.380   0.387  -0.087   0.000 01R001M000t
00068 VAL01A0039_001 f 0.00  0.000     0  0.00  0  0   0.075 133.933   0.143   0.000   0.000   0.000 01O000M000t
00069 THR01A0040_001 f 0.00  0.000     0  0.00  0  0  -2.360 999.000   0.384  -0.322   0.050   0.000 01O000M000t
00070 THR01A0040_002 f 0.00  0.000     0  0.00  0  0  -2.360 999.000   0.009  -0.601  -0.255   0.000 01O000M000t
00071 ALA01A0041_001 f 0.00  0.000     0  0.00  0  0  -4.649   5.366   0.000   0.000   0.000   0.000 01O000M000t
00072 PRO01A0042_001 f 0.00  0.000     0  0.00  0  0  -1.218  -3.390   0.000   0.000   0.000   0.000 01O000M000t
00073 THR01A0043_001 f 0.00  0.000     0  0.00  0  0  -3.072   2.814   0.411  -0.765   0.109   0.000 01O000M000t
00074 THR01A0043_002 f 0.00  0.000     0  0.00  0  0  -3.072   2.814   0.411   0.109   0.486   0.000 01O000M000t
00075 PRO01A0044_001 f 0.00  0.000     0  0.00  0  0  -6.313  -0.649   0.000   0.000   0.000   0.000 01O000M000t
00076 GLN01A0045_001 f 0.00  0.000     0  0.00  0  0  -2.977  -0.147   3.308   0.617   0.433   0.000 01O000M000t
00077 GLN01A0045_002 f 0.00  0.000     0  0.00  0  0  -3.251  -0.083   3.312  -0.175   0.005   0.000 01R001M000t
00078 GLN01A0046_001 f 0.00  0.000     0  0.00  0  0  -1.279  -3.163   0.902  -1.935   1.146   0.000 01O000M000t
00079 GLN01A0046_002 f 0.00  0.000     0  0.00  0  0  -0.756  -1.757   0.907   3.805   0.927   0.000 01R001M000t
00080 LEU01A0047_001 f 0.00  0.000     0  0.00  0  0  -1.652  -3.425   0.853   0.000   0.000   0.000 01O000M000t
00081 GLN01A0048_001 f 0.00  0.000     0  0.00  0  0  -2.506  -2.120   1.964   0.073   0.190   0.000 01O000M000t
00082 GLN01A0048_002 f 0.00  0.000     0  0.00  0  0  -2.535  -1.793   1.971   0.189   0.320   0.000 01R001M000t
00083 ALA01A0049_001 f 0.00  0.000     0  0.00  0  0  -3.689  -1.452   0.000   0.000   0.000   0.000 01O000M000t
00084 PHE01A0050_001 f 0.00  0.000     0  0.00  0  0   4.548  -6.838   0.002   0.000   0.000   0.000 01O000M000t
00085 LYS01A0051_001 f 0.00  0.000     0  0.00  0  0  -2.266   1.100   1.520  -0.016   0.381   0.000 01O000M000t
00086 LYS+1A0051_002 f 0.00  1.000     0 10.40  0  1  -2.359   1.088   1.520   0.278   2.636   0.000 +1O000M000t
00087 ASN01A0052_001 f 0.00  0.000     0  0.00  0  0  -2.472  -2.099   0.755   0.483   0.529   0.000 01O000M000t
00088 ASN01A0052_002 f 0.00  0.000     0  0.00  0  0  -2.607  -0.495   0.760   0.212   0.376   0.000 01R001M000t
00089 GLU01A0053_001 f 0.00  0.000     0  0.00  0  0   1.352  -2.668   5.999   0.728   1.527   0.000 01O000M000t
00090 GLU01A0053_002 f 0.00  0.000     0  0.00  0  0   1.352  -2.668   3.279   0.313   2.186   0.000 01O000M000t
00091 GLU02A0053_003 f 0.00  0.000     0  0.00  0  0   0.931  -2.778   5.999  -0.069   1.325   0.000 02O000M000t
00092 GLU02A0053_004 f 0.00  0.000     0  0.00  0  0   0.931  -2.778   3.279   0.037   2.502   0.000 02O000M000t
00093 GLU-1A0053_005 f 0.00 -1.000     0  4.75  0 -1   0.932  -2.710   3.279  -0.118   8.220   0.000 -1O000M000t
00094 VAL01A0054_001 f 0.00  0.000     0  0.00  0  0   0.628  -0.479   0.306   0.000   0.000   0.000 01O000M000t
00095 VAL01A0056_001 f 0.00  0.000     0  0.00  0  0  -2.590   2.772   0.000   0.000   0.000   0.000 01O000M000t
00096 LEU01A0057_001 f 0.00  0.000     0  0.00  0  0   1.421   0.183   0.439   0.000   0.000   0.000 01O000M000t
00097 ARG01A0058_001 f 0.00  0.000     0  0.00  0  0   1.326  -0.649   4.389   0.200   0.910   0.000 01O000M000t
00098 ARG02A0058_002 f 0.00  0.000     0  0.00  0  0   1.298  -0.666   4.389  -0.129   1.825   0.000 02O000M000t
00099 ARG03A0058_003 f 0.00  0.000     0  0.00  0  0   1.253  -0.668   4.389   0.067   1.841   0.000 03O000M000t
00100 ARG+1A0058_004 f 0.00  1.000     0 12.50  0  1   1.214  -0.679   4.389   0.052   1.906   0.000 +1O000M000t
00101 LYS01A0059_001 f 0.00  0.000     0  0.00  0  0  -4.408  -2.242   1.290  -0.025   0.346   0.000 01O000M000t
00102 LYS+1A0059_002 f 0.00  1.000     0 10.40  0  1  -4.499  -2.272   1.290  -1.318   1.239   0.000 +1O000M000t
00103 THR01A0060_001 f 0.00  0.000     0  0.00  0  0   0.184  -1.173   0.390  -1.466   1.644   0.000 01O000M000t
00104 THR01A0060_002 f 0.00  0.000     0  0.00  0  0   0.184  -1.173   0.015  -0.085   1.727   0.000 01O000M000t
00105 ARG01A0061_001 f 0.00  0.000     0  0.00  0  0  -7.541  -0.560   1.136   0.152  -0.072   0.000 01O000M000t
00106 ARG02A0061_002 f 0.00  0.000     0  0.00  0  0  -7.555  -0.565   1.136   0.060   1.282   0.000 02O000M000t
00107 ARG03A0061_003 f 0.00  0.000     0  0.00  0  0  -7.563  -0.566   1.136   0.082   0.905   0.000 03O000M000t
00108 ARG+1A0061_004 f 0.00  1.000     0 12.50  0  1  -7.602  -0.567   1.136  -0.551  -0.130   0.000 +1O000M000t
00109 HIS01A0062_001 f 0.00  0.000     0  0.00  0  0  -2.093  -5.781   0.404  -2.275   2.522   0.000 01O000M000t
00110 HIS02A0062_002 f 0.00  0.000     0  0.00  0  0  -2.111  -5.884   0.404   3.854   2.324   0.000 02O000M000t
00111 HIS+1A0062_003 f 0.00  1.000     0  6.98  0  1  -2.138  -5.908   0.404   6.614   4.344   0.000 +1O000M000t
00112 VAL01A0063_001 f 0.00  0.000     0  0.00  0  0  -5.038   1.762   0.008   0.000   0.000   0.000 01O000M000t
00113 ASN01A0064_001 f 0.00  0.000     0  0.00  0  0   0.046  -5.828   0.791  -0.786   2.225   0.000 01O000M000t
00114 ASN01A0064_002 f 0.00  0.000     0  0.00  0  0   0.206  -6.085   0.791   0.758   1.979   0.000 01R001M000t
00115 ILE01A0065_001 f 0.00  0.000     0  0.00  0  0   2.714  -2.125   0.480   0.000   0.000   0.000 01O000M000t
00116 LEU01A0066_001 f 0.00  0.000     0  0.00  0  0   1.712  -5.107   0.587   0.000   0.000   0.000 01O000M000t
00117 LEU01A0067_001 f 0.00  0.000     0  0.00  0  0  -3.036  -1.313   0.546   0.000   0.000   0.000 01O000M000t
00118 PHE01A0068_001 f 0.00  0.000     0  0.00  0  0   4.096  -9.457   0.591   0.000   0.000   0.000 01O000M000t
00119 MET01A0069_001 f 0.00  0.000     0  0.00  0  0  -1.162  -6.143   0.220   0.006   0.060   0.000 01O000M000t
00120 TYR01A0071_001 f 0.00  0.000     0  0.00  0  0   4.224  -8.607   0.067   0.560   1.490   0.000 01O000M000t
00121 TYR01A0071_002 f 0.00  0.000     0  0.00  0  0   4.224  -8.607   0.067  -0.032   1.365   0.000 01O000M000t
00122 TYR-1A0071_003 f 0.00 -1.000     0 10.20  0 -1   4.224  -8.607   0.067  -1.818   5.781   0.000 -1O000M000t
00123 SER01A0072_001 f 0.00  0.000     0  0.00  0  0  -0.128  -3.273   3.092  -0.295   1.378   0.000 01O000M000t
00124 THR01A0073_001 f 0.00  0.000     0  0.00  0  0  -2.583   2.667   2.612  -0.336   0.761   0.000 01O000M000t
00125 THR01A0073_002 f 0.00  0.000     0  0.00  0  0  -2.583   2.667   2.237  -0.399   0.201   0.000 01O000M000t
00126 LYS01A0074_001 f 0.00  0.000     0  0.00  0  0   4.783 308.193   3.628  -0.065  -0.005   0.000 01O000M000t
00127 LYS+1A0074_002 f 0.00  1.000     0 10.40  0  1   4.730 308.189   3.628   0.283   0.068   0.000 +1O000M000t
00128 PRO01A0075_001 f 0.00  0.000     0  0.00  0  0  -4.104  -0.835   0.000   0.000   0.000   0.000 01O000M000t
00129 GLN01A0076_001 f 0.00  0.000     0  0.00  0  0  -0.424  -3.622   0.469   0.416   0.751   0.000 01O000M000t
00130 GLN01A0076_002 f 0.00  0.000     0  0.00  0  0   0.053  -3.826   0.478  -0.527   0.752   0.000 01R001M000t
00131 LEU01A0077_001 f 0.00  0.000     0  0.00  0  0   1.712  -2.599   0.765   0.000   0.000   0.000 01O000M000t
00132 ALA01A0078_001 f 0.00  0.000     0  0.00  0  0   0.000  -2.270   0.000   0.000   0.000   0.000 01O000M000t
00133 ILE01A0079_001 f 0.00  0.000     0  0.00  0  0   2.202  -1.872   0.512   0.000   0.000   0.000 01O000M000t
00134 VAL01A0080_001 f 0.00  0.000     0  0.00  0  0   0.574  -2.666   0.002   0.000   0.000   0.000 01O000M000t
00135 THR01A0081_001 f 0.00  0.000     0  0.00  0  0   0.200  -1.614   0.698  -0.045   1.993   0.000 01O000M000t
00136 THR01A0081_002 f 0.00  0.000     0  0.00  0  0   0.200  -1.614   0.698  -1.525   1.989   0.000 01O000M000t
00137 THR01A0081_003 f 0.00  0.000     0  0.00  0  0   0.200  -1.614   0.323  -0.098   1.992   0.000 01O000M000t
00138 GLN01A0082_001 f 0.00  0.000     0  0.00  0  0   0.214  -2.935   0.874  -1.217   1.945   0.000 01O000M000t
00139 GLN01A0082_002 f 0.00  0.000     0  0.00  0  0   0.014  -2.007   0.885   3.607   1.679   0.000 01R001M000t
00140 TRP01A0083_001 f 0.00  0.000     0  0.00  0  0   1.614 -10.742   0.001   0.000   0.000   0.000 01O000M000t
00141 CYS01A0084_001 f 0.00  0.000     0  0.00  0  0  -0.002  -2.746   0.040  -0.211   0.971   0.000 01O000M000t
00142 CYS01A0084_002 f 0.00  0.000     0  0.00  0  0  -0.002  -2.765   0.040  -0.153   0.979   0.000 01O000M000t
00143 CYS01A0084_003 f 0.00  0.000     0  0.00  0  0  -0.003  -2.741   0.040  -0.291   0.984   0.000 01O000M000t
00144 CYS-1A0084_004 f 0.00 -1.000     0  9.10  0 -1   0.000  -2.702   0.040  -4.088  12.145   0.000 -1O000M000t
00145 GLU01A0085_001 f 0.00  0.000     0  0.00  0  0   0.003  -1.439   3.419   0.108  -0.221   0.000 01O000M000t
00146 GLU01A0085_002 f 0.00  0.000     0  0.00  0  0   0.003  -1.439   0.699   0.111   1.092   0.000 01O000M000t
00147 GLU02A0085_003 f 0.00  0.000     0  0.00  0  0   0.348  -1.347   3.419   0.547   0.174   0.000 02O000M000t
00148 GLU02A0085_004 f 0.00  0.000     0  0.00  0  0   0.348  -1.347   0.699   0.157   0.918   0.000 02O000M000t
00149 GLU-1A0085_005 f 0.00 -1.000     0  4.75  0 -1  -0.122  -1.396   0.699  -0.535   1.462   0.000 -1O000M000t
00150 SER01A0087_001 f 0.00  0.000     0  0.00  0  0  -1.449   1.163   1.905  -0.359   0.677   0.000 01O000M000t
00151 SER01A0087_002 f 0.00  0.000     0  0.00  0  0  -1.449   1.163   1.905   0.044   1.418   0.000 01O000M000t
00152 SER01A0087_003 f 0.00  0.000     0  0.00  0  0  -1.449   1.163   1.530  -0.429   0.620   0.000 01O000M000t
00153 SER01A0088_001 f 0.00  0.000     0  0.00  0  0  -0.589  -1.846   0.556  -1.337   0.937   0.000 01O000M000t
00154 LEU01A0089_001 f 0.00  0.000     0  0.00  0  0   1.753  -3.369   0.650   0.000   0.000   0.000 01O000M000t
00155 TYR01A0090_001 f 0.00  0.000     0  0.00  0  0   0.453  -3.624   0.002   0.706   0.685   0.000 01O000M000t
00156 TYR01A0090_002 f 0.00  0.000     0  0.00  0  0   0.453  -3.624   0.002   0.857   0.754   0.000 01O000M000t
00157 TYR-1A0090_003 f 0.00 -1.000     0 10.20  0 -1   0.453  -3.624   0.002  -0.954   0.730   0.000 -1O000M000t
00158 HIS01A0091_001 f 0.00  0.000     0  0.00  0  0  -5.465  -4.962   0.017   0.220   1.688   0.000 01O000M000t
00159 HIS01A0091_002 f 0.00  0.000     0  0.00  0  0  -5.077  -5.018   0.017   0.677   0.879   0.000 01R001M000t
00160 HIS02A0091_003 f 0.00  0.000     0  0.00  0  0  -5.486  -5.024   0.017   0.649   1.358   0.000 02O000M000t
00161 HIS02A0091_004 f 0.00  0.000     0  0.00  0  0  -5.089  -5.028   0.017   0.538   0.803   0.000 02R001M000t
00162 HIS+1A0091_005 f 0.00  1.000     0  6.98  0  1  -5.512  -5.035   0.017   2.163   1.983   0.000 +1O000M000t
00163 HIS+1A0091_006 f 0.00  1.000     0  6.98  0  1  -5.115  -5.045   0.017   2.021   0.838   0.000 +1R001M000t
00164 HIS01A0092_001 f 0.00  0.000     0  0.00  0  0  -0.977  -6.475   0.235   0.408   2.810   0.000 01O000M000t
00165 HIS02A0092_002 f 0.00  0.000     0  0.00  0  0  -0.993  -6.470   0.235   0.486   3.198   0.000 02O000M000t
00166 HIS+1A0092_003 f 0.00  1.000     0  6.98  0  1  -1.020  -6.529   0.235   2.123   6.467   0.000 +1O000M000t
00167 LEU01A0093_001 f 0.00  0.000     0  0.00  0  0   1.461  -5.228   0.488   0.000   0.000   0.000 01O000M000t
00168 HIS01A0094_001 f 0.00  0.000     0  0.00  0  0  -0.960  -7.577   0.273   1.097   3.107   0.000 01O000M000t
00169 HIS02A0094_002 f 0.00  0.000     0  0.00  0  0  -0.977  -7.690   0.273  -0.649   3.125   0.000 02O000M000t
00170 HIS+1A0094_003 f 0.00  1.000     0  6.98  0  1  -1.003  -7.724   0.273   1.709   7.070   0.000 +1O000M000t
00171 ALA01A0095_001 f 0.00  0.000     0  0.00  0  0  -1.751   0.193   0.000   0.000   0.000   0.000 01O000M000t
00172 SER01A0096_001 f 0.00  0.000     0  0.00  0  0  -1.312  -0.085   0.673   0.347   0.914   0.000 01O000M000t
00173 SER01A0096_002 f 0.00  0.000     0  0.00  0  0  -1.312  -0.085   0.298  -0.654   0.480   0.000 01O000M000t
00174 GLU01A0097_001 f 0.00  0.000     0  0.00  0  0  -1.886   2.224   4.088   0.482  -0.340   0.000 01O000M000t
00175 GLU01A0097_002 f 0.00  0.000     0  0.00  0  0  -1.886   2.224   1.368   0.309   0.793   0.000 01O000M000t
00176 GLU02A0097_003 f 0.00  0.000     0  0.00  0  0  -1.831   3.017   4.088   0.707   1.025   0.000 02O000M000t
00177 GLU02A0097_004 f 0.00  0.000     0  0.00  0  0  -1.831   3.017   1.368   0.017   0.687   0.000 02O000M000t
00178 GLU-1A0097_005 f 0.00 -1.000     0  4.75  0 -1  -1.929   2.269   1.368   0.994   1.170   0.000 -1O000M000t
00179 THR01A0098_001 f 0.00  0.000     0  0.00  0  0  -1.786  -1.675   0.377  -0.657   0.399   0.000 01O000M000t
00180 THR01A0098_002 f 0.00  0.000     0  0.00  0  0  -1.786  -1.675   0.377   0.737   1.563   0.000 01O000M000t
00181 THR01A0098_003 f 0.00  0.000     0  0.00  0  0  -1.786  -1.675   0.002  -0.418   1.012   0.000 01O000M000t
00182 LYS01A0099_001 f 0.00  0.000     0  0.00  0  0 -10.136  -0.974   0.835   0.021  -0.053   0.000 01O000M000t
00183 LYS+1A0099_002 f 0.00  1.000     0 10.40  0  1 -10.181  -0.975   0.835  -0.221  -0.214   0.000 +1O000M000t
00184 PHE01A0100_001 f 0.00  0.000     0  0.00  0  0   4.008  -5.334   0.116   0.000   0.000   0.000 01O000M000t
00185 GLU01A0101_001 f 0.00  0.000     0  0.00  0  0  -2.307   2.470   4.662   0.525   0.179   0.000 01O000M000t
00186 GLU01A0101_002 f 0.00  0.000     0  0.00  0  0  -2.307   2.470   1.942   0.062   0.436   0.000 01O000M000t
00187 GLU02A0101_003 f 0.00  0.000     0  0.00  0  0  -2.685   2.322   4.662   0.091  -0.526   0.000 02O000M000t
00188 GLU02A0101_004 f 0.00  0.000     0  0.00  0  0  -2.685   2.322   1.942   0.077   0.683   0.000 02O000M000t
00189 GLU-1A0101_005 f 0.00 -1.000     0  4.75  0 -1  -2.593   2.348   1.942  -0.271   0.131   0.000 -1O000M000t
00190 MET01A0102_001 f 0.00  0.000     0  0.00  0  0  -0.432  -4.259   0.157   0.021   0.092   0.000 01O000M000t
00191 LYS01A0103_001 f 0.00  0.000     0  0.00  0  0  -9.272  -1.401   1.223  -0.008  -0.041   0.000 01O000M000t
00192 LYS+1A0103_002 f 0.00  1.000     0 10.40  0  1  -9.319  -1.404   1.223  -0.095  -0.322   0.000 +1O000M000t
00193 LYS01A0104_001 f 0.00  0.000     0  0.00  0  0  -1.763   0.552   5.325  -0.110   0.745   0.000 01O000M000t
00194 LYS+1A0104_002 f 0.00  1.000     0 10.40  0  1  -1.807   0.529   5.325  -0.824   4.407   0.000 +1O000M000t
00195 LEU01A0105_001 f 0.00  0.000     0  0.00  0  0   1.692  -5.713   0.487   0.000   0.000   0.000 01O000M000t
00196 ILE01A0106_001 f 0.00  0.000     0  0.00  0  0   3.763  -2.370   0.465   0.000   0.000   0.000 01O000M000t
00197 ASP01A0107_001 f 0.00  0.000     0  0.00  0  0  -0.982  -2.693   3.285   0.775   1.279   0.000 01O000M000t
00198 ASP01A0107_002 f 0.00  0.000     0  0.00  0  0  -0.982  -2.693   0.565   0.417   1.201   0.000 01O000M000t
00199 ASP02A0107_003 f 0.00  0.000     0  0.00  0  0  -0.877  -2.967   3.285   0.579   1.312   0.000 02O000M000t
00200 ASP02A0107_004 f 0.00  0.000     0  0.00  0  0  -0.877  -2.967   0.565   0.388   1.353   0.000 02O000M000t
00201 ASP-1A0107_005 f 0.00 -1.000     0  4.75  0 -1  -0.978  -2.891   0.565  -0.338   4.076   0.000 -1O000M000t
00202 ILE01A0108_001 f 0.00  0.000     0  0.00  0  0   3.445   0.708   0.504   0.000   0.000   0.000 01O000M000t
00203 ALA01A0109_001 f 0.00  0.000     0  0.00  0  0   0.000  -1.492   0.000   0.000   0.000   0.000 01O000M000t
00204 ARG01A0110_001 f 0.00  0.000     0  0.00  0  0   5.113  -5.288   1.800   0.034   2.069   0.000 01O000M000t
00205 ARG02A0110_002 f 0.00  0.000     0  0.00  0  0   5.074  -5.352   1.800   0.114   2.894   0.000 02O000M000t
00206 ARG02A0110_003 f 0.00  0.000     0  0.00  0  0   5.108  -5.349   1.800   0.068   2.721   0.000 02O000M000t
00207 ARG03A0110_004 f 0.00  0.000     0  0.00  0  0   5.067  -5.352   1.800   0.109   2.843   0.000 03O000M000t
00208 ARG03A0110_005 f 0.00  0.000     0  0.00  0  0   5.074  -5.326   1.800  -0.003   2.373   0.000 03O000M000t
00209 ARG+1A0110_006 f 0.00  1.000     0 12.50  0  1   5.028  -5.362   1.800   0.106   5.038   0.000 +1O000M000t
00210 GLN01A0111_001 f 0.00  0.000     0  0.00  0  0   0.448  -3.514   1.181  -1.960   2.063   0.000 01O000M000t
00211 GLN01A0111_002 f 0.00  0.000     0  0.00  0  0   0.727  -2.947   1.194   1.033   2.101   0.000 01R001M000t
00212 THR01A0112_001 f 0.00  0.000     0  0.00  0  0   0.196  -1.729   0.395   0.291   1.996   0.000 01O000M000t
00213 THR01A0112_002 f 0.00  0.000     0  0.00  0  0   0.196  -1.729   0.395  -1.407   1.994   0.000 01O000M000t
00214 ALA01A0113_001 f 0.00  0.000     0  0.00  0  0   0.000  -1.929   0.000   0.000   0.000   0.000 01O000M000t
00215 ARG01A0114_001 f 0.00  0.000     0  0.00  0  0  -3.571  -2.656   1.195   0.049   1.320   0.000 01O000M000t
00216 ARG02A0114_002 f 0.00  0.000     0  0.00  0  0  -3.549  -2.656   1.195  -0.010   1.724   0.000 02O000M000t
00217 ARG03A0114_003 f 0.00  0.000     0  0.00  0  0  -3.615  -2.665   1.195   0.051   1.770   0.000 03O000M000t
00218 ARG03A0114_004 f 0.00  0.000     0  0.00  0  0  -3.611  -2.663   1.195   0.051   1.978   0.000 03O000M000t
00219 ARG+1A0114_005 f 0.00  1.000     0 12.50  0  1  -3.654  -2.667   1.195   0.038   1.956   0.000 +1O000M000t
00220 MET01A0116_001 f 0.00  0.000     0  0.00  0  0   0.847  -3.670   0.082  -0.001   0.100   0.000 01O000M000t
00221 ASP01A0117_001 f 0.00  0.000     0  0.00  0  0  -0.964  -4.260   3.156   1.530   1.201   0.000 01O000M000t
00222 ASP01A0117_002 f 0.00  0.000     0  0.00  0  0  -0.964  -4.260   0.436   0.446   1.188   0.000 01O000M000t
00223 ASP02A0117_003 f 0.00  0.000     0  0.00  0  0  -1.012  -4.632   3.156   0.004   0.772   0.000 02O000M000t
00224 ASP02A0117_004 f 0.00  0.000     0  0.00  0  0  -1.012  -4.632   0.436  -0.070   1.447   0.000 02O000M000t
00225 ASP-1A0117_005 f 0.00 -1.000     0  4.75  0 -1  -0.963  -4.535   0.436  -1.949   4.121   0.000 -1O000M000t
00226 TYR01A0118_001 f 0.00  0.000     0  0.00  0  0   1.858  -3.273   0.074  -1.189   1.528   0.000 01O000M000t
00227 TYR01A0118_002 f 0.00  0.000     0  0.00  0  0   1.858  -3.273   0.074   1.912   2.012   0.000 01O000M000t
00228 TYR-1A0118_003 f 0.00 -1.000     0 10.20  0 -1   1.858  -3.273   0.074  -2.726   6.806   0.000 -1O000M000t
00229 LEU01A0119_001 f 0.00  0.000     0  0.00  0  0   1.745  -3.641   0.694   0.000   0.000   0.000 01O000M000t
00230 HIS01A0120_001 f 0.00  0.000     0  0.00  0  0  -0.833  -4.737   0.169   0.864   3.025   0.000 01O000M000t
00231 HIS02A0120_002 f 0.00  0.000     0  0.00  0  0  -0.853  -4.722   0.169  -0.691   3.265   0.000 02O000M000t
00232 HIS+1A0120_003 f 0.00  1.000     0  6.98  0  1  -0.879  -4.773   0.169   2.354   7.632   0.000 +1O000M000t
00233 ALA01A0121_001 f 0.00  0.000     0  0.00  0  0  -2.659  -1.367   0.000   0.000   0.000   0.000 01O000M000t
00234 LYS01A0122_001 f 0.00  0.000     0  0.00  0  0  -2.986  -3.781   2.248   0.145   0.265   0.000 01O000M000t
00235 LYS+1A0122_002 f 0.00  1.000     0 10.40  0  1  -3.034  -3.793   2.248  -1.250   1.083   0.000 +1O000M000t
00236 SER01A0123_001 f 0.00  0.000     0  0.00  0  0  -4.110   7.123   0.447  -0.981  -0.054   0.000 01O000M000t
00237 ILE01A0124_001 f 0.00  0.000     0  0.00  0  0   3.004  -2.522   0.418   0.000   0.000   0.000 01O000M000t
00238 ILE01A0125_001 f 0.00  0.000     0  0.00  0  0   0.417  -2.339   0.534   0.000   0.000   0.000 01O000M000t
00239 HIS01A0126_001 f 0.00  0.000     0  0.00  0  0  -0.204  -4.981   0.129  -3.650   3.925   0.000 01O000M000t
00240 HIS02A0126_002 f 0.00  0.000     0  0.00  0  0  -0.220  -5.252   0.129   3.782   3.945   0.000 02O000M000t
00241 HIS+1A0126_003 f 0.00  1.000     0  6.98  0  1  -0.247  -5.180   0.129   4.311  11.605   0.000 +1O000M000t
00242 ARG01A0127_001 f 0.00  0.000     0  0.00  0  0  -2.977  -1.772   0.423  -0.221   1.098   0.000 01O000M000t
00243 ARG02A0127_002 f 0.00  0.000     0  0.00  0  0  -2.916  -1.742   0.423   0.105   1.502   0.000 02O000M000t
00244 ARG03A0127_003 f 0.00  0.000     0  0.00  0  0  -2.998  -1.778   0.423  -0.086   1.793   0.000 03O000M000t
00245 ARG+1A0127_004 f 0.00  1.000     0 12.50  0  1  -3.041  -1.785   0.423   0.120   1.366   0.000 +1O000M000t
00246 ASP01A0128_001 f 0.00  0.000     0  0.00  0  0  -0.179  -0.519   3.665   0.585   0.468   0.000 01O000M000t
00247 ASP01A0128_002 f 0.00  0.000     0  0.00  0  0  -0.179  -0.519   0.945   0.255   1.649   0.000 01O000M000t
00248 ASP02A0128_003 f 0.00  0.000     0  0.00  0  0  -0.081  -0.915   3.665  -0.893   1.620   0.000 02O000M000t
00249 ASP02A0128_004 f 0.00  0.000     0  0.00  0  0  -0.081  -0.915   0.945   0.106   1.375   0.000 02O000M000t
00250 ASP-1A0128_005 f 0.00 -1.000     0  4.75  0 -1  -0.178  -0.827   0.945   0.168   4.320   0.000 -1O000M000t
00251 LEU01A0129_001 f 0.00  0.000     0  0.00  0  0   1.638  -4.188   0.537   0.000   0.000   0.000 01O000M000t
00252 LYS01A0130_001 f 0.00  0.000     0  0.00  0  0  -0.145  -1.337   3.882  -0.078   0.403   0.000 01O000M000t
00253 LYS+1A0130_002 f 0.00  1.000     0 10.40  0  1  -0.195  -1.351   3.882   1.081   1.904   0.000 +1O000M000t
00254 SER01A0131_001 f 0.00  0.000     0  0.00  0  0   0.000  -1.592   0.733   0.813   1.984   0.000 01O000M000t
00255 SER01A0131_002 f 0.00  0.000     0  0.00  0  0   0.000  -1.592   0.733   0.221   1.971   0.000 01O000M000t
00256 SER01A0131_003 f 0.00  0.000     0  0.00  0  0   0.000  -1.592   0.358  -1.767   1.985   0.000 01O000M000t
00257 ASN01A0132_001 f 0.00  0.000     0  0.00  0  0  -0.513  -1.880   1.631   0.380   1.466   0.000 01O000M000t
00258 ASN01A0132_002 f 0.00  0.000     0  0.00  0  0  -0.482  -1.901   1.631  -0.257   1.398   0.000 01R001M000t
00259 ASN01A0133_001 f 0.00  0.000     0  0.00  0  0   0.173  21.304   0.827  -1.154   2.755   0.000 01O000M000t
00260 ASN01A0133_002 f 0.00  0.000     0  0.00  0  0  -0.048  12.157   0.828   3.391   2.904   0.000 01R001M000t
00261 ILE01A0134_001 f 0.00  0.000     0  0.00  0  0   2.547  -2.982   0.419   0.000   0.000   0.000 01O000M000t
00262 PHE01A0135_001 f 0.00  0.000     0  0.00  0  0   4.393  -8.383   0.138   0.000   0.000   0.000 01O000M000t
00263 LEU01A0136_001 f 0.00  0.000     0  0.00  0  0   1.785  -3.930   0.554   0.000   0.000   0.000 01O000M000t
00264 HIS01A0137_001 f 0.00  0.000     0  0.00  0  0  -2.381  -5.051   0.048  -2.310   2.509   0.000 01O000M000t
00265 HIS02A0137_002 f 0.00  0.000     0  0.00  0  0  -2.397  -5.202   0.048   2.953   2.211   0.000 02O000M000t
00266 HIS+1A0137_003 f 0.00  1.000     0  6.98  0  1  -2.424  -5.212   0.048   5.515   3.963   0.000 +1O000M000t
00267 GLU01A0138_001 f 0.00  0.000     0  0.00  0  0  -0.664   1.423   3.748   0.542   0.276   0.000 01O000M000t
00268 GLU01A0138_002 f 0.00  0.000     0  0.00  0  0  -0.664   1.423   1.028   0.150   0.631   0.000 01O000M000t
00269 GLU02A0138_003 f 0.00  0.000     0  0.00  0  0  -1.102   1.296   3.748   0.181  -0.340   0.000 02O000M000t
00270 GLU02A0138_004 f 0.00  0.000     0  0.00  0  0  -1.102   1.296   1.028   0.110   0.706   0.000 02O000M000t
00271 GLU-1A0138_005 f 0.00 -1.000     0  4.75  0 -1  -1.140   1.326   1.028  -0.516   0.647   0.000 -1O000M000t
00272 ASP01A0139_001 f 0.00  0.000     0  0.00  0  0  -1.519   2.389   5.256   0.469   0.031   0.000 01O000M000t
00273 ASP01A0139_002 f 0.00  0.000     0  0.00  0  0  -1.519   2.389   2.536   0.263   0.843   0.000 01O000M000t
00274 ASP02A0139_003 f 0.00  0.000     0  0.00  0  0  -1.351   2.360   5.256   0.090   0.108   0.000 02O000M000t
00275 ASP02A0139_004 f 0.00  0.000     0  0.00  0  0  -1.351   2.360   2.536   0.187   1.304   0.000 02O000M000t
00276 ASP-1A0139_005 f 0.00 -1.000     0  4.75  0 -1  -1.418   2.398   2.536  -0.625   2.339   0.000 -1O000M000t
00277 ASN01A0140_001 f 0.00  0.000     0  0.00  0  0  -2.301  -2.169   1.083   0.033   0.391   0.000 01O000M000t
00278 ASN01A0140_002 f 0.00  0.000     0  0.00  0  0  -2.437  -2.456   1.075   0.498   0.232   0.000 01R001M000t
00279 THR01A0141_001 f 0.00  0.000     0  0.00  0  0  -1.660  -1.352   0.460  -0.152   0.066   0.000 01O000M000t
00280 THR01A0141_002 f 0.00  0.000     0  0.00  0  0  -1.660  -1.352   0.085  -0.325   0.067   0.000 01O000M000t
00281 VAL01A0142_001 f 0.00  0.000     0  0.00  0  0   0.590  -2.411   0.605   0.000   0.000   0.000 01O000M000t
00282 LYS01A0143_001 f 0.00  0.000     0  0.00  0  0   0.192  -5.918   1.086  -0.933   0.718   0.000 01O000M000t
00283 LYS+1A0143_002 f 0.00  1.000     0 10.40  0  1   0.144  -5.769   1.086  -3.316   4.486   0.000 +1O000M000t
00284 ILE01A0144_001 f 0.00  0.000     0  0.00  0  0   3.125  -4.202   0.417   0.000   0.000   0.000 01O000M000t
00285 ASP01A0146_001 f 0.00  0.000     0  0.00  0  0   0.090   0.860   3.957   0.463   2.120   0.000 01O000M000t
00286 ASP01A0146_002 f 0.00  0.000     0  0.00  0  0   0.090   0.860   1.237   3.384   2.349   0.000 01O000M000t
00287 ASP02A0146_003 f 0.00  0.000     0  0.00  0  0   0.173   0.184   3.957  -2.178   2.541   0.000 02O000M000t
00288 ASP02A0146_004 f 0.00  0.000     0  0.00  0  0   0.173   0.184   1.237  -0.768   2.477   0.000 02O000M000t
00289 ASP-1A0146_005 f 0.00 -1.000     0  4.75  0 -1   0.082   0.297   1.237  -4.646  10.043   0.000 -1O000M000t
00290 PHE01A0147_001 f 0.00  0.000     0  0.00  0  0   4.057  -1.140   0.050   0.000   0.000   0.000 01O000M000t
00291 LEU01A0149_001 f 0.00  0.000     0  0.00  0  0   8.441 145.901   3.098   0.000   0.000   0.000 01O000M000t
00292 ALA01A0150_001 f 0.00  0.000     0  0.00  0  0  -1.475  29.751   0.000   0.000   0.000   0.000 01O000M000t
00293 THR01A0151_001 f 0.00  0.000     0  0.00  0  0  -3.537  11.273   3.044  -0.157   0.851   0.000 01O000M000t
00294 GLU01A0152_001 f 0.00  0.000     0  0.00  0  0  -1.618   2.826   5.808  -0.442  -0.184   0.000 01O000M000t
00295 GLU01A0152_002 f 0.00  0.000     0  0.00  0  0  -1.618   2.826   3.088  -0.446   0.724   0.000 01O000M000t
00296 GLU02A0152_003 f 0.00  0.000     0  0.00  0  0  -1.555   3.326   5.808   2.084   1.149   0.000 02O000M000t
00297 GLU02A0152_004 f 0.00  0.000     0  0.00  0  0  -1.555   3.326   3.088  -0.132   1.161   0.000 02O000M000t
00298 GLU-1A0152_005 f 0.00 -1.000     0  4.75  0 -1  -1.609   2.873   3.088  -2.242   2.729   0.000 -1O000M000t
00299 LYS01A0153_001 f 0.00  0.000     0  0.00  0  0  20.751   3.164   5.749  -0.036   0.388   0.000 01O000M000t
00300 LYS+1A0153_002 f 0.00  1.000     0 10.40  0  1  20.741   3.145   5.749   1.281   1.982   0.000 +1O000M000t
00301 SER01A0154_001 f 0.00  0.000     0  0.00  0  0  -2.064  48.581   2.515   0.306   0.839   0.000 01O000M000t
00302 SER01A0154_002 f 0.00  0.000     0  0.00  0  0  -2.064  48.581   2.515   0.535   1.139   0.000 01O000M000t
00303 SER01A0154_003 f 0.00  0.000     0  0.00  0  0  -2.064  48.581   2.140  -0.672   0.624   0.000 01O000M000t
00304 ARG01A0155_001 f 0.00  0.000     0  0.00  0  0  -5.258 164.587  22.641   0.223   0.672   0.000 01O000M000t
00305 ARG02A0155_002 f 0.00  0.000     0  0.00  0  0  -5.294 164.626  22.641   0.143   1.903   0.000 02O000M000t
00306 ARG03A0155_003 f 0.00  0.000     0  0.00  0  0  -5.293 164.571  22.641   0.441   1.769   0.000 03O000M000t
00307 ARG+1A0155_004 f 0.00  1.000     0 12.50  0  1  -5.346 164.567  22.641   1.283   1.554   0.000 +1O000M000t
00308 TRP01A0156_001 f 0.00  0.000     0  0.00  0  0  -3.274 999.000   0.749   0.000   0.000   0.000 01O000M000t
00309 SER01A0157_001 f 0.00  0.000     0  0.00  0  0  -5.322  22.920   3.077  -2.036   0.139   0.000 01O000M000t
00310 SER01A0157_002 f 0.00  0.000     0  0.00  0  0  -5.322  22.920   2.702   0.377  -0.035   0.000 01O000M000t
00311 SER01A0159_001 f 0.00  0.000     0  0.00  0  0  -4.687  -0.400   0.610  -0.219  -0.361   0.000 01O000M000t
00312 HIS01A0160_001 f 0.00  0.000     0  0.00  0  0  -5.458   9.421   2.366   0.601   0.888   0.000 01O000M000t
00313 HIS01A0160_002 f 0.00  0.000     0  0.00  0  0  -5.162   9.384   2.366   0.529   0.937   0.000 01R001M000t
00314 HIS02A0160_003 f 0.00  0.000     0  0.00  0  0  -5.472   9.368   2.366   0.894   0.939   0.000 02O000M000t
00315 HIS02A0160_004 f 0.00  0.000     0  0.00  0  0  -5.174   9.263   2.366   0.721   0.795   0.000 02R001M000t
00316 HIS+1A0160_005 f 0.00  1.000     0  6.98  0  1  -5.497   9.358   2.366   2.098   1.004   0.000 +1O000M000t
00317 HIS+1A0160_006 f 0.00  1.000     0  6.98  0  1  -5.201   9.256   2.366   2.106   1.081   0.000 +1R001M000t
00318 GLN01A0161_001 f 0.00  0.000     0  0.00  0  0  -0.035  60.211   1.456   0.413   1.595   0.000 01O000M000t
00319 GLN01A0161_002 f 0.00  0.000     0  0.00  0  0  -0.475  57.691   1.118   0.204   1.255   0.000 01R001M000t
00320 PHE01A0162_001 f 0.00  0.000     0  0.00  0  0  -3.118 999.000   2.398   0.000   0.000   0.000 01O000M000t
00321 GLU01A0163_001 f 0.00  0.000     0  0.00  0  0  -1.357 999.000   8.644  -2.143   0.479   0.000 01O000M000t
00322 GLU01A0163_002 f 0.00  0.000     0  0.00  0  0  -1.357 999.000   5.924  -0.964   0.979   0.000 01O000M000t
00323 GLU02A0163_003 f 0.00  0.000     0  0.00  0  0  -1.216 999.000   8.644  -0.754  -0.023   0.000 02O000M000t
00324 GLU02A0163_004 f 0.00  0.000     0  0.00  0  0  -1.216 999.000   5.924  -0.817   1.051   0.000 02O000M000t
00325 GLU-1A0163_005 f 0.00 -1.000     0  4.75  0 -1  -1.320 999.000   5.924   0.635   1.326   0.000 -1O000M000t
00326 GLN01A0164_001 f 0.00  0.000     0  0.00  0  0  -1.799  94.937   3.927   1.983   1.098   0.000 01O000M000t
00327 GLN01A0164_002 f 0.00  0.000     0  0.00  0  0  -1.392  81.696   4.548  -0.619   1.074   0.000 01R001M000t
00328 LEU01A0165_001 f 0.00  0.000     0  0.00  0  0  -4.020 391.024   3.034   0.000   0.000   0.000 01O000M000t
00329 SER01A0166_001 f 0.00  0.000     0  0.00  0  0  -0.168 999.000   3.163  26.204   1.519   0.000 01O000M000t
00330 SER01A0166_002 f 0.00  0.000     0  0.00  0  0  -0.168 999.000   3.163  12.172   0.916   0.000 01O000M000t
00331 SER01A0166_003 f 0.00  0.000     0  0.00  0  0  -0.168 999.000   2.788   0.998   0.450   0.000 01O000M000t
00332 SER01A0168_001 f 0.00  0.000     0  0.00  0  0  -1.202   1.541   0.417   0.179   0.277   0.000 01O000M000t
00333 SER01A0168_002 f 0.00  0.000     0  0.00  0  0  -1.202   1.541   0.042  -0.316   0.940   0.000 01O000M000t
00334 ILE01A0169_001 f 0.00  0.000     0  0.00  0  0   1.186  -0.865   0.863   0.000   0.000   0.000 01O000M000t
00335 LEU01A0170_001 f 0.00  0.000     0  0.00  0  0  -0.329  -1.645   0.549   0.000   0.000   0.000 01O000M000t
00336 TRP01A0171_001 f 0.00  0.000     0  0.00  0  0   2.220 -10.923   0.042   0.000   0.000   0.000 01O000M000t
00337 MET01A0172_001 f 0.00  0.000     0  0.00  0  0  -0.270  -5.663   0.545   0.071   0.059   0.000 01O000M000t
00338 ALA01A0173_001 f 0.00  0.000     0  0.00  0  0   0.000  -1.850   0.000   0.000   0.000   0.000 01O000M000t
00339 PRO01A0174_001 f 0.00  0.000     0  0.00  0  0   0.266  -2.685   0.000   0.000   0.000   0.000 01O000M000t
00340 GLU01A0175_001 f 0.00  0.000     0  0.00  0  0   3.481  -3.477   4.834   1.379   2.447   0.000 01O000M000t
00341 GLU01A0175_002 f 0.00  0.000     0  0.00  0  0   3.481  -3.477   2.114  -0.730   3.022   0.000 01O000M000t
00342 GLU02A0175_003 f 0.00  0.000     0  0.00  0  0   2.817  -3.777   4.834  -0.364   2.637   0.000 02O000M000t
00343 GLU02A0175_004 f 0.00  0.000     0  0.00  0  0   2.817  -3.777   2.114  -0.458   2.761   0.000 02O000M000t
00344 GLU-1A0175_005 f 0.00 -1.000     0  4.75  0 -1   2.749  -3.648   2.114  -5.200  11.485   0.000 -1O000M000t
00345 VAL01A0176_001 f 0.00  0.000     0  0.00  0  0   0.541  -1.851   0.002   0.000   0.000   0.000 01O000M000t
00346 ILE01A0177_001 f 0.00  0.000     0  0.00  0  0   3.572  -4.746   0.508   0.000   0.000   0.000 01O000M000t
00347 ARG01A0178_001 f 0.00  0.000     0  0.00  0  0  -1.580 999.000   1.356   0.463   1.535   0.000 01O000M000t
00348 ARG02A0178_002 f 0.00  0.000     0  0.00  0  0  -1.611 999.000   1.356  -1.583   2.421   0.000 02O000M000t
00349 ARG03A0178_003 f 0.00  0.000     0  0.00  0  0  -1.612 999.000   1.356  -1.076   2.142   0.000 03O000M000t
00350 ARG+1A0178_004 f 0.00  1.000     0 12.50  0  1  -1.655 999.000   1.356  -3.624   2.545   0.000 +1O000M000t
00351 MET01A0179_001 f 0.00  0.000     0  0.00  0  0  -5.401  84.932   5.810  -0.031   0.046   0.000 01O000M000t
00352 GLN01A0180_001 f 0.00  0.000     0  0.00  0  0   0.009  12.730   2.506  -0.850   0.153   0.000 01O000M000t
00353 ASP01A0181_001 f 0.00  0.000     0  0.00  0  0  -2.728   3.660   5.040  -0.211  -0.443   0.000 01O000M000t
00354 ASP01A0181_002 f 0.00  0.000     0  0.00  0  0  -2.728   3.660   2.320  -0.220   0.681   0.000 01O000M000t
00355 ASP02A0181_003 f 0.00  0.000     0  0.00  0  0  -2.895   5.053   5.040   1.310   0.936   0.000 02O000M000t
00356 ASP02A0181_004 f 0.00  0.000     0  0.00  0  0  -2.895   5.053   2.320  -0.093   0.756   0.000 02O000M000t
00357 ASP-1A0181_005 f 0.00 -1.000     0  4.75  0 -1  -2.712   3.695   2.320  -0.737   0.583   0.000 -1O000M000t
00358 SER01A0182_001 f 0.00  0.000     0  0.00  0  0  -1.023  15.262   0.480  -0.279   0.301   0.000 01O000M000t
00359 ASN01A0183_001 f 0.00  0.000     0  0.00  0  0  -1.982   4.975   0.667   0.871   0.959   0.000 01O000M000t
00360 ASN01A0183_002 f 0.00  0.000     0  0.00  0  0  -1.651   1.809   0.625  -0.287   0.240   0.000 01R001M000t
00361 PRO01A0184_001 f 0.00  0.000     0  0.00  0  0  -2.750 127.209   0.000   0.000   0.000   0.000 01O000M000t
00362 TYR01A0185_001 f 0.00  0.000     0  0.00  0  0   0.428  -4.563   0.256   0.487   0.769   0.000 01O000M000t
00363 TYR-1A0185_002 f 0.00 -1.000     0 10.20  0 -1   0.428  -4.563   0.256  -0.573   2.491   0.000 -1O000M000t
00364 SER01A0186_001 f 0.00  0.000     0  0.00  0  0  -0.943  -1.358   0.480  -0.579   1.880   0.000 01O000M000t
00365 SER01A0186_002 f 0.00  0.000     0  0.00  0  0  -0.943  -1.358   0.106  -1.922   1.803   0.000 01O000M000t
00366 PHE01A0187_001 f 0.00  0.000     0  0.00  0  0   0.545  -5.605   0.009   0.000   0.000   0.000 01O000M000t
00367 GLN01A0188_001 f 0.00  0.000     0  0.00  0  0   0.073  -4.044   1.376  -0.643   0.761   0.000 01O000M000t
00368 GLN01A0188_002 f 0.00  0.000     0  0.00  0  0   0.346  -4.065   1.378   0.453   0.921   0.000 01R001M000t
00369 SER01A0189_001 f 0.00  0.000     0  0.00  0  0  -0.192  -1.887   0.452   1.858   1.702   0.000 01O000M000t
00370 SER01A0189_002 f 0.00  0.000     0  0.00  0  0  -0.192  -1.887   0.452  -1.195   1.348   0.000 01O000M000t
00371 ASP01A0190_001 f 0.00  0.000     0  0.00  0  0   0.068  -1.929   3.967  -1.786   1.935   0.000 01O000M000t
00372 ASP01A0190_002 f 0.00  0.000     0  0.00  0  0   0.068  -1.929   1.247   1.634   2.796   0.000 01O000M000t
00373 ASP02A0190_003 f 0.00  0.000     0  0.00  0  0   0.137  -2.330   3.967  -1.584   2.113   0.000 02O000M000t
00374 ASP02A0190_004 f 0.00  0.000     0  0.00  0  0   0.137  -2.330   1.247   3.073   2.551   0.000 02O000M000t
00375 ASP-1A0190_005 f 0.00 -1.000     0  4.75  0 -1   0.064  -2.541   1.247 -10.077  11.106   0.000 -1O000M000t
00376 VAL01A0191_001 f 0.00  0.000     0  0.00  0  0   0.558   0.549   0.309   0.000   0.000   0.000 01O000M000t
00377 TYR01A0192_001 f 0.00  0.000     0  0.00  0  0   4.331 -12.516   0.002  -0.400   1.725   0.000 01O000M000t
00378 TYR-1A0192_002 f 0.00 -1.000     0 10.20  0 -1   4.331 -12.516   0.002   2.749   8.268   0.000 -1O000M000t
00379 ALA01A0193_001 f 0.00  0.000     0  0.00  0  0  -0.361  -2.304   0.000   0.000   0.000   0.000 01O000M000t
00380 PHE01A0194_001 f 0.00  0.000     0  0.00  0  0   4.746  -7.021   0.009   0.000   0.000   0.000 01O000M000t
00381 ILE01A0196_001 f 0.00  0.000     0  0.00  0  0   3.751  -2.762   0.642   0.000   0.000   0.000 01O000M000t
00382 VAL01A0197_001 f 0.00  0.000     0  0.00  0  0   0.592  -0.992   0.256   0.000   0.000   0.000 01O000M000t
00383 LEU01A0198_001 f 0.00  0.000     0  0.00  0  0   1.599  -1.828   0.519   0.000   0.000   0.000 01O000M000t
00384 TYR01A0199_001 f 0.00  0.000     0  0.00  0  0   4.486  -7.956   0.000  -1.155   2.212   0.000 01O000M000t
00385 TYR-1A0199_002 f 0.00 -1.000     0 10.20  0 -1   4.486  -7.956   0.000  -2.299   8.766   0.000 -1O000M000t
00386 GLU01A0200_001 f 0.00  0.000     0  0.00  0  0   0.705  -4.441   3.977  -1.376   3.046   0.000 01O000M000t
00387 GLU01A0200_002 f 0.00  0.000     0  0.00  0  0   0.705  -4.441   1.257   0.099   3.089   0.000 01O000M000t
00388 GLU02A0200_003 f 0.00  0.000     0  0.00  0  0   0.680  -4.447   3.977  -1.120   3.059   0.000 02O000M000t
00389 GLU02A0200_004 f 0.00  0.000     0  0.00  0  0   0.680  -4.447   1.257   0.864   3.088   0.000 02O000M000t
00390 GLU-1A0200_005 f 0.00 -1.000     0  4.75  0 -1   0.561  -4.348   1.257  -5.543  16.073   0.000 -1O000M000t
00391 LEU01A0201_001 f 0.00  0.000     0  0.00  0  0   1.869  -5.866   0.613   0.000   0.000   0.000 01O000M000t
00392 MET01A0202_001 f 0.00  0.000     0  0.00  0  0  -0.104  -3.874   0.752   0.032   0.094   0.000 01O000M000t
00393 THR01A0203_001 f 0.00  0.000     0  0.00  0  0   0.191  -2.948   0.398   0.172   1.968   0.000 01O000M000t
00394 THR01A0203_002 f 0.00  0.000     0  0.00  0  0   0.191  -2.948   0.398  -0.340   1.971   0.000 01O000M000t
00395 THR01A0203_003 f 0.00  0.000     0  0.00  0  0   0.191  -2.948   0.023  -0.237   1.961   0.000 01O000M000t
00396 GLN01A0205_001 f 0.00  0.000     0  0.00  0  0  -1.185  -2.287   0.690  -0.292   0.321   0.000 01O000M000t
00397 GLN01A0205_002 f 0.00  0.000     0  0.00  0  0  -0.903  -2.266   0.712   0.259   0.621   0.000 01R001M000t
00398 LEU01A0206_001 f 0.00  0.000     0  0.00  0  0  -0.587  -1.578   0.722   0.000   0.000   0.000 01O000M000t
00399 PRO01A0207_001 f 0.00  0.000     0  0.00  0  0   0.262  -1.302   0.000   0.000   0.000   0.000 01O000M000t
00400 TYR01A0208_001 f 0.00  0.000     0  0.00  0  0   4.404  -3.143   1.217   0.645   2.217   0.000 01O000M000t
00401 TYR-1A0208_002 f 0.00 -1.000     0 10.20  0 -1   4.404  -3.143   1.217  -0.263  11.025   0.000 -1O000M000t
00402 SER01A0209_001 f 0.00  0.000     0  0.00  0  0  -1.665  -0.726   0.385   0.343   0.462   0.000 01O000M000t
00403 ASN01A0210_001 f 0.00  0.000     0  0.00  0  0  -2.834  -1.120   1.265   0.561   0.170   0.000 01O000M000t
00404 ASN01A0210_002 f 0.00  0.000     0  0.00  0  0  -3.157  -1.088   1.269  -0.119   0.022   0.000 01R001M000t
00405 ILE01A0211_001 f 0.00  0.000     0  0.00  0  0   1.695  -0.266   0.515   0.000   0.000   0.000 01O000M000t
00406 ASN01A0212_001 f 0.00  0.000     0  0.00  0  0  -3.598   1.915   0.833   0.055  -0.058   0.000 01O000M000t
00407 ASN01A0212_002 f 0.00  0.000     0  0.00  0  0  -3.470   3.047   0.832   0.276  -0.193   0.000 01R001M000t
00408 ASN01A0213_001 f 0.00  0.000     0  0.00  0  0  -2.023  -2.571   1.371  -1.084   0.596   0.000 01O000M000t
00409 ASN01A0213_002 f 0.00  0.000     0  0.00  0  0  -1.981  -1.810   1.374   2.518   0.653   0.000 01R001M000t
00410 ARG01A0214_001 f 0.00  0.000     0  0.00  0  0  -2.472  -0.398   1.382  -0.096   1.634   0.000 01O000M000t
00411 ARG02A0214_002 f 0.00  0.000     0  0.00  0  0  -2.520  -0.375   1.382  -0.177   2.498   0.000 02O000M000t
00412 ARG03A0214_003 f 0.00  0.000     0  0.00  0  0  -2.460  -0.386   1.382   0.026   2.614   0.000 03O000M000t
00413 ARG+1A0214_004 f 0.00  1.000     0 12.50  0  1  -2.564  -0.411   1.382   0.208   2.359   0.000 +1O000M000t
00414 ASP01A0215_001 f 0.00  0.000     0  0.00  0  0  -3.054   1.325   3.437   0.938   0.482   0.000 01O000M000t
00415 ASP01A0215_002 f 0.00  0.000     0  0.00  0  0  -3.054   1.325   0.717   0.215   0.399   0.000 01O000M000t
00416 ASP02A0215_003 f 0.00  0.000     0  0.00  0  0  -3.091   0.671   3.437   0.285  -0.680   0.000 02O000M000t
00417 ASP02A0215_004 f 0.00  0.000     0  0.00  0  0  -3.091   0.671   0.717   0.185   0.651   0.000 02O000M000t
00418 ASP-1A0215_005 f 0.00 -1.000     0  4.75  0 -1  -3.014   0.703   0.717  -0.656   0.258   0.000 -1O000M000t
00419 GLN01A0216_001 f 0.00  0.000     0  0.00  0  0  -0.828  -1.473   1.838   0.090   0.608   0.000 01O000M000t
00420 GLN01A0216_002 f 0.00  0.000     0  0.00  0  0  -1.410  -1.454   1.822   0.105   0.347   0.000 01R001M000t
00421 ILE01A0217_001 f 0.00  0.000     0  0.00  0  0   1.314  -2.432   0.560   0.000   0.000   0.000 01O000M000t
00422 ILE01A0218_001 f 0.00  0.000     0  0.00  0  0  -0.603  -0.550   0.664   0.000   0.000   0.000 01O000M000t
00423 GLU01A0219_001 f 0.00  0.000     0  0.00  0  0  -0.470  -1.877   3.230   0.345  -0.028   0.000 01O000M000t
00424 GLU01A0219_002 f 0.00  0.000     0  0.00  0  0  -0.470  -1.877   0.510   0.110   0.786   0.000 01O000M000t
00425 GLU02A0219_003 f 0.00  0.000     0  0.00  0  0  -0.597  -1.955   3.230   0.149   0.488   0.000 02O000M000t
00426 GLU02A0219_004 f 0.00  0.000     0  0.00  0  0  -0.597  -1.955   0.510   0.104   0.761   0.000 02O000M000t
00427 GLU-1A0219_005 f 0.00 -1.000     0  4.75  0 -1  -0.712  -1.909   0.510   0.083   0.863   0.000 -1O000M000t
00428 MET01A0220_001 f 0.00  0.000     0  0.00  0  0  -0.980   5.867   0.961   0.072   0.057   0.000 01O000M000t
00429 VAL01A0221_001 f 0.00  0.000     0  0.00  0  0   0.659  -2.094   0.060   0.000   0.000   0.000 01O000M000t
00430 ARG01A0223_001 f 0.00  0.000     0  0.00  0  0  -5.651  -4.477   0.692  -0.269   1.523   0.000 01O000M000t
00431 ARG02A0223_002 f 0.00  0.000     0  0.00  0  0  -5.688  -4.543   0.692   0.181   1.985   0.000 02O000M000t
00432 ARG03A0223_003 f 0.00  0.000     0  0.00  0  0  -5.690  -4.531   0.692   0.077   1.704   0.000 03O000M000t
00433 ARG+1A0223_004 f 0.00  1.000     0 12.50  0  1  -5.733  -4.546   0.692   0.658   2.817   0.000 +1O000M000t
00434 SER01A0225_001 f 0.00  0.000     0  0.00  0  0  -2.103  -1.839   0.410   0.239   1.676   0.000 01O000M000t
00435 SER01A0225_002 f 0.00  0.000     0  0.00  0  0  -2.103  -1.839   0.410  -0.052   0.841   0.000 01O000M000t
00436 SER01A0225_003 f 0.00  0.000     0  0.00  0  0  -2.103  -1.839   0.035  -0.840   1.410   0.000 01O000M000t
00437 LEU01A0226_001 f 0.00  0.000     0  0.00  0  0  -0.136  -4.389   0.640   0.000   0.000   0.000 01O000M000t
00438 SER01A0227_001 f 0.00  0.000     0  0.00  0  0  -1.982  -0.204   1.781  -0.306   0.054   0.000 01O000M000t
00439 PRO01A0228_001 f 0.00  0.000     0  0.00  0  0   0.258  -1.060   0.000   0.000   0.000   0.000 01O000M000t
00440 ASP01A0229_001 f 0.00  0.000     0  0.00  0  0  -2.237   0.444   3.014   2.070   0.537   0.000 01O000M000t
00441 ASP01A0229_002 f 0.00  0.000     0  0.00  0  0  -2.237   0.444   0.294  -0.004   1.079   0.000 01O000M000t
00442 ASP02A0229_003 f 0.00  0.000     0  0.00  0  0  -2.104  -0.220   3.014  -0.349   0.380   0.000 02O000M000t
00443 ASP02A0229_004 f 0.00  0.000     0  0.00  0  0  -2.104  -0.220   0.294  -0.531   1.055   0.000 02O000M000t
00444 ASP-1A0229_005 f 0.00 -1.000     0  4.75  0 -1  -2.123  -0.164   0.294  -2.877   2.590   0.000 -1O000M000t
00445 LEU01A0230_001 f 0.00  0.000     0  0.00  0  0  -1.937  -1.646   0.418   0.000   0.000   0.000 01O000M000t
00446 SER01A0231_001 f 0.00  0.000     0  0.00  0  0  -3.431  -0.684   0.696   0.628   1.350   0.000 01O000M000t
00447 SER01A0231_002 f 0.00  0.000     0  0.00  0  0  -3.431  -0.684   0.696  -0.288   0.395   0.000 01O000M000t
00448 LYS01A0232_001 f 0.00  0.000     0  0.00  0  0  -0.737  -2.448   1.351  -0.214   0.477   0.000 01O000M000t
00449 LYS+1A0232_002 f 0.00  1.000     0 10.40  0  1  -0.797  -2.455   1.351   0.599   2.493   0.000 +1O000M000t
00450 VAL01A0233_001 f 0.00  0.000     0  0.00  0  0   0.391   2.270   0.026   0.000   0.000   0.000 01O000M000t
00451 ARG01A0234_001 f 0.00  0.000     0  0.00  0  0  -5.066  -4.592   0.478   0.279   0.538   0.000 01O000M000t
00452 ARG02A0234_002 f 0.00  0.000     0  0.00  0  0  -5.104  -4.623   0.478   0.107   1.365   0.000 02O000M000t
00453 ARG03A0234_003 f 0.00  0.000     0  0.00  0  0  -5.109  -4.622   0.478   0.138   1.286   0.000 03O000M000t
00454 ARG+1A0234_004 f 0.00  1.000     0 12.50  0  1  -5.147  -4.635   0.478  -1.158   1.329   0.000 +1O000M000t
00455 SER01A0235_001 f 0.00  0.000     0  0.00  0  0  -5.386   0.149   0.377   0.007   0.014   0.000 01O000M000t
00456 SER01A0235_002 f 0.00  0.000     0  0.00  0  0  -5.386   0.149   0.002  -0.941   0.019   0.000 01O000M000t
00457 ASN01A0236_001 f 0.00  0.000     0  0.00  0  0  -1.383  27.494   1.578  -2.303   1.175   0.000 01O000M000t
00458 CYS01A0237_001 f 0.00  0.000     0  0.00  0  0  -0.002  -2.547   0.237  -0.926   0.982   0.000 01O000M000t
00459 CYS01A0237_002 f 0.00  0.000     0  0.00  0  0  -0.002  -2.428   0.237   0.057   0.985   0.000 01O000M000t
00460 CYS01A0237_003 f 0.00  0.000     0  0.00  0  0  -0.002  -2.405   0.237  -0.175   0.980   0.000 01O000M000t
00461 CYS-1A0237_004 f 0.00 -1.000     0  9.10  0 -1   0.000  -2.363   0.237  -3.040  12.948   0.000 -1O000M000t
00462 PRO01A0238_001 f 0.00  0.000     0  0.00  0  0  -0.832   0.780   0.000   0.000   0.000   0.000 01O000M000t
00463 LYS01A0239_001 f 0.00  0.000     0  0.00  0  0  -8.531  -0.937   0.970  -0.006   0.012   0.000 01O000M000t
00464 LYS+1A0239_002 f 0.00  1.000     0 10.40  0  1  -8.577  -0.938   0.970   0.006  -0.232   0.000 +1O000M000t
00465 ARG01A0240_001 f 0.00  0.000     0  0.00  0  0  -5.248  -2.408   0.542   0.154   0.552   0.000 01O000M000t
00466 ARG02A0240_002 f 0.00  0.000     0  0.00  0  0  -5.284  -2.401   0.542   0.225   1.718   0.000 02O000M000t
00467 ARG03A0240_003 f 0.00  0.000     0  0.00  0  0  -5.285  -2.412   0.542   0.175   1.300   0.000 03O000M000t
00468 ARG+1A0240_004 f 0.00  1.000     0 12.50  0  1  -5.328  -2.413   0.542   0.643   1.377   0.000 +1O000M000t
00469 MET01A0241_001 f 0.00  0.000     0  0.00  0  0   0.076  -4.030   2.485   0.063   0.091   0.000 01O000M000t
00470 LYS01A0242_001 f 0.00  0.000     0  0.00  0  0  -2.445  -5.728   0.841   0.236   0.168   0.000 01O000M000t
00471 LYS+1A0242_002 f 0.00  1.000     0 10.40  0  1  -2.491  -5.774   0.841  -1.251   1.930   0.000 +1O000M000t
00472 ARG01A0243_001 f 0.00  0.000     0  0.00  0  0  -5.342  -5.203   3.595   0.028   0.983   0.000 01O000M000t
00473 ARG02A0243_002 f 0.00  0.000     0  0.00  0  0  -5.340  -5.203   3.595  -0.015   1.958   0.000 02O000M000t
00474 ARG03A0243_003 f 0.00  0.000     0  0.00  0  0  -5.381  -5.207   3.595  -0.074   2.036   0.000 03O000M000t
00475 ARG+1A0243_004 f 0.00  1.000     0 12.50  0  1  -5.420  -5.224   3.595   0.214   0.873   0.000 +1O000M000t
00476 LEU01A0244_001 f 0.00  0.000     0  0.00  0  0   1.245  -4.257   0.490   0.000   0.000   0.000 01O000M000t
00477 MET01A0245_001 f 0.00  0.000     0  0.00  0  0   1.566  -6.944   0.401   0.010   0.097   0.000 01O000M000t
00478 ALA01A0246_001 f 0.00  0.000     0  0.00  0  0  -1.613  -1.446   0.000   0.000   0.000   0.000 01O000M000t
00479 GLU01A0247_001 f 0.00  0.000     0  0.00  0  0  -1.083   2.272   3.391   0.024  -0.176   0.000 01O000M000t
00480 GLU01A0247_002 f 0.00  0.000     0  0.00  0  0  -1.083   2.272   0.671   0.127   0.854   0.000 01O000M000t
00481 GLU02A0247_003 f 0.00  0.000     0  0.00  0  0  -1.074   2.288   3.391   0.053  -0.169   0.000 02O000M000t
00482 GLU02A0247_004 f 0.00  0.000     0  0.00  0  0  -1.074   2.288   0.671   0.032   0.907   0.000 02O000M000t
00483 GLU-1A0247_005 f 0.00 -1.000     0  4.75  0 -1  -1.284   2.336   0.671   0.281   1.975   0.000 -1O000M000t
00484 CYS01A0248_001 f 0.00  0.000     0  0.00  0  0  -0.002  -4.707   0.055   0.135   0.991   0.000 01O000M000t
00485 CYS01A0248_002 f 0.00  0.000     0  0.00  0  0  -0.002  -4.796   0.055  -0.637   0.983   0.000 01O000M000t
00486 CYS01A0248_003 f 0.00  0.000     0  0.00  0  0  -0.002  -4.701   0.055   0.193   0.994   0.000 01O000M000t
00487 CYS-1A0248_004 f 0.00 -1.000     0  9.10  0 -1   0.000  -4.658   0.055   0.901  14.217   0.000 -1O000M000t
00488 LEU01A0249_001 f 0.00  0.000     0  0.00  0  0   1.479  -3.843   0.627   0.000   0.000   0.000 01O000M000t
00489 LYS01A0250_001 f 0.00  0.000     0  0.00  0  0  -1.923  -3.720   3.716   0.129   0.577   0.000 01O000M000t
00490 LYS+1A0250_002 f 0.00  1.000     0 10.40  0  1  -1.986  -3.744   3.716  -0.878   2.638   0.000 +1O000M000t
00491 LYS01A0251_001 f 0.00  0.000     0  0.00  0  0  -3.293  -0.465   1.693   0.067   0.603   0.000 01O000M000t
00492 LYS+1A0251_002 f 0.00  1.000     0 10.40  0  1  -3.337  -0.551   1.693  -1.907   2.942   0.000 +1O000M000t
00493 LYS01A0252_001 f 0.00  0.000     0  0.00  0  0  -8.005  -1.248   0.837  -0.010   0.062   0.000 01O000M000t
00494 LYS+1A0252_002 f 0.00  1.000     0 10.40  0  1  -8.050  -1.249   0.837   0.048  -0.149   0.000 +1O000M000t
00495 ARG01A0253_001 f 0.00  0.000     0  0.00  0  0   0.052   9.168   3.923  -0.309   1.910   0.000 01O000M000t
00496 ARG02A0253_002 f 0.00  0.000     0  0.00  0  0  -0.004   9.160   3.923   0.142   2.889   0.000 02O000M000t
00497 ARG02A0253_003 f 0.00  0.000     0  0.00  0  0   0.056   9.155   3.923   0.088   2.578   0.000 02O000M000t
00498 ARG03A0253_004 f 0.00  0.000     0  0.00  0  0  -0.009   9.224   3.923   0.170   2.909   0.000 03O000M000t
00499 ARG+1A0253_005 f 0.00  1.000     0 12.50  0  1  -0.048   9.148   3.923   1.208   4.039   0.000 +1O000M000t
00500 ASP01A0254_001 f 0.00  0.000     0  0.00  0  0  -3.028  -0.271   5.054   0.275  -0.510   0.000 01O000M000t
00501 ASP01A0254_002 f 0.00  0.000     0  0.00  0  0  -3.028  -0.271   2.334   0.220   0.499   0.000 01O000M000t
00502 ASP02A0254_003 f 0.00  0.000     0  0.00  0  0  -2.957  -0.346   5.054   0.508  -0.247   0.000 02O000M000t
00503 ASP02A0254_004 f 0.00  0.000     0  0.00  0  0  -2.957  -0.346   2.334   0.265   0.613   0.000 02O000M000t
00504 ASP-1A0254_005 f 0.00 -1.000     0  4.75  0 -1  -2.960  -0.319   2.334  -0.510   0.398   0.000 -1O000M000t
00505 GLU01A0255_001 f 0.00  0.000     0  0.00  0  0  -0.514  -1.636   3.047   0.078  -0.609   0.000 01O000M000t
00506 GLU01A0255_002 f 0.00  0.000     0  0.00  0  0  -0.514  -1.636   0.327   0.046   0.794   0.000 01O000M000t
00507 GLU02A0255_003 f 0.00  0.000     0  0.00  0  0   0.051  -1.661   3.047  -0.025   1.008   0.000 02O000M000t
00508 GLU02A0255_004 f 0.00  0.000     0  0.00  0  0   0.051  -1.661   0.327   0.059   0.732   0.000 02O000M000t
00509 GLU-1A0255_005 f 0.00 -1.000     0  4.75  0 -1  -0.580  -1.612   0.327  -0.117   1.470   0.000 -1O000M000t
00510 ARG01A0256_001 f 0.00  0.000     0  0.00  0  0   2.498 -13.094   2.225   2.054   4.458   0.000 01O000M000t
00511 ARG02A0256_002 f 0.00  0.000     0  0.00  0  0   2.463 -12.504   2.225  -2.595   4.966   0.000 02O000M000t
00512 ARG02A0256_003 f 0.00  0.000     0  0.00  0  0   2.519 -12.410   2.225  -1.174   4.955   0.000 02O000M000t
00513 ARG03A0256_004 f 0.00  0.000     0  0.00  0  0   2.457 -12.523   2.225  -2.431   4.848   0.000 03O000M000t
00514 ARG03A0256_005 f 0.00  0.000     0  0.00  0  0   2.462 -12.410   2.225   0.790   4.850   0.000 03O000M000t
00515 ARG+1A0256_006 f 0.00  1.000     0 12.50  0  1   2.418 -12.586   2.225  -6.706  11.248   0.000 +1O000M000t
00516 PRO01A0257_001 f 0.00  0.000     0  0.00  0  0  -0.587  -2.066   0.000   0.000   0.000   0.000 01O000M000t
00517 SER01A0258_001 f 0.00  0.000     0  0.00  0  0  -3.105  -1.350   0.381  -0.436   0.769   0.000 01O000M000t
00518 SER01A0258_002 f 0.00  0.000     0  0.00  0  0  -3.105  -1.350   0.005  -1.233   0.268   0.000 01O000M000t
00519 PHE01A0259_001 f 0.00  0.000     0  0.00  0  0   4.612  -8.489   1.641   0.000   0.000   0.000 01O000M000t
00520 PRO01A0260_001 f 0.00  0.000     0  0.00  0  0  -4.218  -0.789   0.000   0.000   0.000   0.000 01O000M000t
00521 ARG01A0261_001 f 0.00  0.000     0  0.00  0  0  -7.228  -1.738   1.635   0.046   0.038   0.000 01O000M000t
00522 ARG02A0261_002 f 0.00  0.000     0  0.00  0  0  -7.247  -1.739   1.635   0.073   1.058   0.000 02O000M000t
00523 ARG03A0261_003 f 0.00  0.000     0  0.00  0  0  -7.254  -1.741   1.635   0.070   1.132   0.000 03O000M000t
00524 ARG+1A0261_004 f 0.00  1.000     0 12.50  0  1  -7.293  -1.743   1.635   0.410   0.006   0.000 +1O000M000t
00525 ILE01A0262_001 f 0.00  0.000     0  0.00  0  0   3.004   3.201   0.416   0.000   0.000   0.000 01O000M000t
00526 LEU01A0263_001 f 0.00  0.000     0  0.00  0  0  -0.484  -4.987   0.446   0.000   0.000   0.000 01O000M000t
00527 ALA01A0264_001 f 0.00  0.000     0  0.00  0  0  -2.315  -1.323   0.000   0.000   0.000   0.000 01O000M000t
00528 GLU01A0265_001 f 0.00  0.000     0  0.00  0  0  -0.617  -2.965   7.365   0.193   0.656   0.000 01O000M000t
00529 GLU01A0265_002 f 0.00  0.000     0  0.00  0  0  -0.617  -2.965   4.645   0.106   1.337   0.000 01O000M000t
00530 GLU02A0265_003 f 0.00  0.000     0  0.00  0  0  -0.523  -2.989   7.365   0.200   0.510   0.000 02O000M000t
00531 GLU02A0265_004 f 0.00  0.000     0  0.00  0  0  -0.523  -2.989   4.645   0.222   1.243   0.000 02O000M000t
00532 GLU-1A0265_005 f 0.00 -1.000     0  4.75  0 -1  -0.679  -2.907   4.645  -0.595   3.429   0.000 -1O000M000t
00533 ILE01A0266_001 f 0.00  0.000     0  0.00  0  0   3.840  -0.990   0.445   0.000   0.000   0.000 01O000M000t
00534 GLU01A0267_001 f 0.00  0.000     0  0.00  0  0  -1.052   2.217   5.618   0.189   1.060   0.000 01O000M000t
00535 GLU01A0267_002 f 0.00  0.000     0  0.00  0  0  -1.052   2.217   2.898   0.059   2.220   0.000 01O000M000t
00536 GLU02A0267_003 f 0.00  0.000     0  0.00  0  0  -1.096   2.068   5.618   0.079   0.458   0.000 02O000M000t
00537 GLU02A0267_004 f 0.00  0.000     0  0.00  0  0  -1.096   2.068   2.898   0.040   2.276   0.000 02O000M000t
00538 GLU-1A0267_005 f 0.00 -1.000     0  4.75  0 -1  -1.162   2.117   2.898  -0.035   5.601   0.000 -1O000M000t
00539 GLU01A0268_001 f 0.00  0.000     0  0.00  0  0  -0.843   0.376   3.100  -0.049  -0.495   0.000 01O000M000t
00540 GLU01A0268_002 f 0.00  0.000     0  0.00  0  0  -0.843   0.376   0.380  -0.027   0.802   0.000 01O000M000t
00541 GLU02A0268_003 f 0.00  0.000     0  0.00  0  0  -0.151   0.368   3.100   0.146   0.378   0.000 02O000M000t
00542 GLU02A0268_004 f 0.00  0.000     0  0.00  0  0  -0.151   0.368   0.380  -0.010   0.841   0.000 02O000M000t
00543 GLU-1A0268_005 f 0.00 -1.000     0  4.75  0 -1  -0.649   0.428   0.380  -0.234   1.037   0.000 -1O000M000t
00544 LEU01A0269_001 f 0.00  0.000     0  0.00  0  0   1.505  -3.868   0.480   0.000   0.000   0.000 01O000M000t
00545 ALA01A0270_001 f 0.00  0.000     0  0.00  0  0  -0.515  -0.240   0.000   0.000   0.000   0.000 01O000M000t
00546 ARG01A0271_001 f 0.00  0.000     0  0.00  0  0  -9.520  -2.948   0.496   0.046   0.208   0.000 01O000M000t
00547 ARG02A0271_002 f 0.00  0.000     0  0.00  0  0  -9.493  -2.964   0.496   0.024   0.901   0.000 02O000M000t
00548 ARG03A0271_003 f 0.00  0.000     0  0.00  0  0  -9.556  -2.963   0.496   0.017   1.076   0.000 03O000M000t
00549 ARG+1A0271_004 f 0.00  1.000     0 12.50  0  1  -9.599  -2.968   0.496  -0.093   0.369   0.000 +1O000M000t
00550 GLU01A0272_001 f 0.00  0.000     0  0.00  0  0   0.208   0.561   3.121  -0.029   0.070   0.000 01O000M000t
00551 GLU01A0272_002 f 0.00  0.000     0  0.00  0  0   0.208   0.561   0.401   0.110   0.766   0.000 01O000M000t
00552 GLU02A0272_003 f 0.00  0.000     0  0.00  0  0  -0.267   0.588   3.121   0.104  -0.395   0.000 02O000M000t
00553 GLU02A0272_004 f 0.00  0.000     0  0.00  0  0  -0.267   0.588   0.401   0.175   0.752   0.000 02O000M000t
00554 GLU-1A0272_005 f 0.00 -1.000     0  4.75  0 -1  -0.368   0.615   0.401  -0.091   0.980   0.000 -1O000M000t
00555 P06-1B0001_001 f 0.00 -1.132     0  0.00  0  0   0.000  53.682   0.000 -10.902  16.451   0.191 -1O000M000t
00556 P0601B0001_002 f 0.00  0.001     0  0.00  0  0   0.000  53.194   0.000  -9.105  12.003   0.763 01O000M000t
00557 P06DMB0001_003 t 0.00  0.000     0  0.00  0  0   0.000   0.000   0.000   0.000   0.000   0.000         DMt
