VDW_RAD  EMH+1  C4    1.91
VDW_EPS  EMH+1  C4    0.11
VDW_RAD  EMH+1  C5    1.91
VDW_EPS  EMH+1  C5    0.11
VDW_RAD  EMH+1  C6    1.91
VDW_EPS  EMH+1  C6    0.11
VDW_RAD  EMH+1  C7    1.91
VDW_EPS  EMH+1  C7    0.11
VDW_RAD  EMH+1  C8    1.91
VDW_EPS  EMH+1  C8    0.11
VDW_RAD  EMH+1  C10   1.91
VDW_EPS  EMH+1  C10   0.11
VDW_RAD  EMH+1  C13   1.91
VDW_EPS  EMH+1  C13   0.11
VDW_RAD  EMH+1  C15   1.91
VDW_EPS  EMH+1  C15   0.11
VDW_RAD  EMH+1  C17   1.91
VDW_EPS  EMH+1  C17   0.11
VDW_RAD  EMH+1  C21   1.91
VDW_EPS  EMH+1  C21   0.11
VDW_RAD  EMH+1  C22   1.91
VDW_EPS  EMH+1  C22   0.11
VDW_RAD  EMH+1  C24   1.91
VDW_EPS  EMH+1  C24   0.11
VDW_RAD  EMH+1  C26   1.91
VDW_EPS  EMH+1  C26   0.11
VDW_RAD  EMH+1  C28   1.91
VDW_EPS  EMH+1  C28   0.11
VDW_RAD  EMH+1  N19   1.82
VDW_EPS  EMH+1  N19   0.17
VDW_RAD  EMH+1  C18   1.91
VDW_EPS  EMH+1  C18   0.11
VDW_RAD  EMH+1  C3    1.91
VDW_EPS  EMH+1  C3    0.11
VDW_RAD  EMH+1  C1    1.91
VDW_EPS  EMH+1  C1    0.11
VDW_RAD  EMH+1  C2    1.91
VDW_EPS  EMH+1  C2    0.11
VDW_RAD  EMH+1  N9    1.82
VDW_EPS  EMH+1  N9    0.17
VDW_RAD  EMH+1  C14   1.91
VDW_EPS  EMH+1  C14   0.11
VDW_RAD  EMH+1  C16   1.91
VDW_EPS  EMH+1  C16   0.11
VDW_RAD  EMH+1  O20   1.66
VDW_EPS  EMH+1  O20   0.21
VDW_RAD  EMH+1  C12   1.91
VDW_EPS  EMH+1  C12   0.11
VDW_RAD  EMH+1  C11   1.91
VDW_EPS  EMH+1  C11   0.11
VDW_RAD  EMH+1  C23   1.91
VDW_EPS  EMH+1  C23   0.11
VDW_RAD  EMH+1  N25   1.82
VDW_EPS  EMH+1  N25   0.17
VDW_RAD  EMH+1  C29   1.91
VDW_EPS  EMH+1  C29   0.11
VDW_RAD  EMH+1  C27   1.91
VDW_EPS  EMH+1  C27   0.11
VDW_RAD  EMH+1  C30   1.91
VDW_EPS  EMH+1  C30   0.11
VDW_RAD  EMH+1  N31   1.82
VDW_EPS  EMH+1  N31   0.17
VDW_RAD  EMH+1  C32   1.91
VDW_EPS  EMH+1  C32   0.11
VDW_RAD  EMH+1  C34   1.91
VDW_EPS  EMH+1  C34   0.11
VDW_RAD  EMH+1  O36   1.66
VDW_EPS  EMH+1  O36   0.21
VDW_RAD  EMH+1  C35   1.91
VDW_EPS  EMH+1  C35   0.11
VDW_RAD  EMH+1  C33   1.91
VDW_EPS  EMH+1  C33   0.11
VDW_RAD  EDOBK  C1    1.91
VDW_EPS  EDOBK  C1    0.11
VDW_RAD  EDOBK  O1    1.66
VDW_EPS  EDOBK  O1    0.21
VDW_RAD  EDOBK  C2    1.91
VDW_EPS  EDOBK  C2    0.11
VDW_RAD  EDOBK  O2    1.66
VDW_EPS  EDOBK  O2    0.21
   Error! get_connect12(): connectivity of atom " N   SER A0001" is not complete:

          get_connect12(): atom  C   of residue i-1 is not found 

   Error! get_connect12(): connectivity of atom " C   TYR A0316" is not complete:

          get_connect12(): atom  N   of residue i+1 is not found 

TORSION  SERBK  H    N    CA   C    f        0.0         2    180.00
TORSION  EMH+1  H21  C21  C17  C8   f        0.0         3      0.00
TORSION  EMH+1  H22  C22  C17  C8   f        0.0         3      0.00
TORSION  EMH+1  H24  C24  C23  C11  f        0.0         3      0.00
VDW_RAD  EMH+1   H4   1.91
VDW_EPS  EMH+1   H4   0.11
VDW_RAD  EMH+1   H6   1.91
VDW_EPS  EMH+1   H6   0.11
VDW_RAD  EMH+1 H21A   1.91
VDW_EPS  EMH+1 H21A   0.11
VDW_RAD  EMH+1 H21B   1.91
VDW_EPS  EMH+1 H21B   0.11
VDW_RAD  EMH+1 H22A   1.91
VDW_EPS  EMH+1 H22A   0.11
VDW_RAD  EMH+1 H22B   1.91
VDW_EPS  EMH+1 H22B   0.11
VDW_RAD  EMH+1 H24A   1.91
VDW_EPS  EMH+1 H24A   0.11
VDW_RAD  EMH+1 H24B   1.91
VDW_EPS  EMH+1 H24B   0.11
VDW_RAD  EMH+1 H28A   1.91
VDW_EPS  EMH+1 H28A   0.11
VDW_RAD  EMH+1   H3   1.91
VDW_EPS  EMH+1   H3   0.11
VDW_RAD  EMH+1 H23A   1.91
VDW_EPS  EMH+1 H23A   0.11
VDW_RAD  EMH+1 H29A   1.91
VDW_EPS  EMH+1 H29A   0.11
VDW_RAD  EMH+1 H27A   1.91
VDW_EPS  EMH+1 H27A   0.11
VDW_RAD  EMH+1 H30A   1.91
VDW_EPS  EMH+1 H30A   0.11
VDW_RAD  EMH+1 H32A   1.91
VDW_EPS  EMH+1 H32A   0.11
VDW_RAD  EMH+1 H34A   1.91
VDW_EPS  EMH+1 H34A   0.11
VDW_RAD  EMH+1 H35A   1.91
VDW_EPS  EMH+1 H35A   0.11
VDW_RAD  EMH+1 H33A   1.91
VDW_EPS  EMH+1 H33A   0.11
VDW_RAD  EMH+1   H9   1.91
VDW_EPS  EMH+1   H9   0.11
RADIUS   EDO    C1    1.70
RADIUS   EDO    O1    1.70
RADIUS   EDO    C2    1.70
RADIUS   EDO    O2    1.70
CHARGE   SERBK  HA      0.000
CHARGE   SER01 1HB      0.000
CHARGE   SER01 2HB      0.000
CHARGE   THRBK  HA      0.000
CHARGE   THR01  HB      0.000
CHARGE   THR01 1HG2     0.000
CHARGE   THR01 2HG2     0.000
CHARGE   THR01 3HG2     0.000
CHARGE   ILEBK  HA      0.000
CHARGE   ILE01  CB      0.000
CHARGE   ILE01  HB      0.000
CHARGE   ILE01  CG1     0.000
CHARGE   ILE01 1HG1     0.000
CHARGE   ILE01 2HG1     0.000
CHARGE   ILE01  CG2     0.000
CHARGE   ILE01 1HG2     0.000
CHARGE   ILE01 2HG2     0.000
CHARGE   ILE01 3HG2     0.000
CHARGE   ILE01  CD1     0.000
CHARGE   ILE01 1HD1     0.000
CHARGE   ILE01 2HD1     0.000
CHARGE   ILE01 3HD1     0.000
CHARGE   METBK  HA      0.000
CHARGE   MET01  CB      0.000
CHARGE   MET01 1HB      0.000
CHARGE   MET01 2HB      0.000
CHARGE   MET01 1HG      0.000
CHARGE   MET01 2HG      0.000
CHARGE   MET01 1HE      0.000
CHARGE   MET01 2HE      0.000
CHARGE   MET01 3HE      0.000
CHARGE   ASPBK  HA      0.000
CHARGE   ASP01  CB      0.000
CHARGE   ASP01 1HB      0.000
CHARGE   ASP01 2HB      0.000
CHARGE   TYRBK  HA      0.000
CHARGE   TYR01 1HB      0.000
CHARGE   TYR01 2HB      0.000
CHARGE   ASNBK  HA      0.000
CHARGE   ASN01  CB      0.000
CHARGE   ASN01 1HB      0.000
CHARGE   ASN01 2HB      0.000
CHARGE   PROBK  HA      0.000
CHARGE   PRO01  CB      0.000
CHARGE   PRO01 1HB      0.000
CHARGE   PRO01 2HB      0.000
CHARGE   PRO01  CG      0.000
CHARGE   PRO01 1HG      0.000
CHARGE   PRO01 2HG      0.000
CHARGE   PRO01  CD      0.000
CHARGE   PRO01 1HD      0.000
CHARGE   PRO01 2HD      0.000
CHARGE   CYSBK  HA      0.000
CHARGE   CYS01  CB      0.000
CHARGE   CYS01 1HB      0.000
CHARGE   CYS01 2HB      0.000
CHARGE   PHEBK  HA      0.000
CHARGE   PHE01  CB      0.000
CHARGE   PHE01 1HB      0.000
CHARGE   PHE01 2HB      0.000
CHARGE   PHE01  CG      0.000
CHARGE   PHE01  CD1     0.000
CHARGE   PHE01  HD1     0.000
CHARGE   PHE01  CD2     0.000
CHARGE   PHE01  HD2     0.000
CHARGE   PHE01  CE1     0.000
CHARGE   PHE01  HE1     0.000
CHARGE   PHE01  CE2     0.000
CHARGE   PHE01  HE2     0.000
CHARGE   PHE01  CZ      0.000
CHARGE   PHE01  HZ      0.000
CHARGE   ALABK  HA      0.000
CHARGE   ALA01  CB      0.000
CHARGE   ALA01 1HB      0.000
CHARGE   ALA01 2HB      0.000
CHARGE   ALA01 3HB      0.000
CHARGE   GLYBK 1HA      0.000
CHARGE   GLYBK 2HA      0.000
CHARGE   LYSBK  HA      0.000
CHARGE   LYS01 1HB      0.000
CHARGE   LYS01 2HB      0.000
CHARGE   LYS01  CG      0.000
CHARGE   LYS01 1HG      0.000
CHARGE   LYS01 2HG      0.000
CHARGE   LYS01 1HD      0.000
CHARGE   LYS01 2HD      0.000
CHARGE   LYS01 1HE      0.000
CHARGE   LYS01 2HE      0.000
CHARGE   LEUBK  HA      0.000
CHARGE   LEU01  CB      0.000
CHARGE   LEU01 1HB      0.000
CHARGE   LEU01 2HB      0.000
CHARGE   LEU01  CG      0.000
CHARGE   LEU01  HG      0.000
CHARGE   LEU01  CD1     0.000
CHARGE   LEU01 1HD1     0.000
CHARGE   LEU01 2HD1     0.000
CHARGE   LEU01 3HD1     0.000
CHARGE   LEU01  CD2     0.000
CHARGE   LEU01 1HD2     0.000
CHARGE   LEU01 2HD2     0.000
CHARGE   LEU01 3HD2     0.000
CHARGE   GLUBK  HA      0.000
CHARGE   GLU01  CB      0.000
CHARGE   GLU01 1HB      0.000
CHARGE   GLU01 2HB      0.000
CHARGE   GLU01  CG      0.000
CHARGE   GLU01 1HG      0.000
CHARGE   GLU01 2HG      0.000
CHARGE   VALBK  HA      0.000
CHARGE   VAL01  CB      0.000
CHARGE   VAL01  HB      0.000
CHARGE   VAL01  CG1     0.000
CHARGE   VAL01 1HG1     0.000
CHARGE   VAL01 2HG1     0.000
CHARGE   VAL01 3HG1     0.000
CHARGE   VAL01  CG2     0.000
CHARGE   VAL01 1HG2     0.000
CHARGE   VAL01 2HG2     0.000
CHARGE   VAL01 3HG2     0.000
CHARGE   ARGBK  HA      0.000
CHARGE   ARG01  CB      0.000
CHARGE   ARG01 1HB      0.000
CHARGE   ARG01 2HB      0.000
CHARGE   ARG01  CG      0.000
CHARGE   ARG01 1HG      0.000
CHARGE   ARG01 2HG      0.000
CHARGE   ARG01 1HD      0.000
CHARGE   ARG01 2HD      0.000
CHARGE   HISBK  HA      0.000
CHARGE   HIS01 1HB      0.000
CHARGE   HIS01 2HB      0.000
CHARGE   GLNBK  HA      0.000
CHARGE   GLN01  CB      0.000
CHARGE   GLN01 1HB      0.000
CHARGE   GLN01 2HB      0.000
CHARGE   GLN01  CG      0.000
CHARGE   GLN01 1HG      0.000
CHARGE   GLN01 2HG      0.000
CHARGE   TRPBK  HA      0.000
CHARGE   TRP01  CB      0.000
CHARGE   TRP01 1HB      0.000
CHARGE   TRP01 2HB      0.000
CHARGE   TRP01  CG      0.000
CHARGE   TRP01  CD1     0.000
CHARGE   TRP01  HD1     0.000
CHARGE   TRP01  CD2     0.000
CHARGE   TRP01  NE1     0.000
CHARGE   TRP01  HE1     0.000
CHARGE   TRP01  CE2     0.000
CHARGE   TRP01  CE3     0.000
CHARGE   TRP01  HE3     0.000
CHARGE   TRP01  CZ2     0.000
CHARGE   TRP01  HZ2     0.000
CHARGE   TRP01  CZ3     0.000
CHARGE   TRP01  HZ3     0.000
CHARGE   TRP01  CH2     0.000
CHARGE   TRP01  HH2     0.000
CHARGE   EDOBK  C1      0.000
CHARGE   EDOBK  O1      0.000
CHARGE   EDOBK  C2      0.000
CHARGE   EDOBK  O2      0.000
RADIUS   EMH    H71   1.70
VDW_RAD  EMH+1  H13   1.49
VDW_EPS  EMH+1  H13   0.02
VDW_RAD  EMH+1  H21   1.49
VDW_EPS  EMH+1  H21   0.02
VDW_RAD  EMH+1  H22   1.49
VDW_EPS  EMH+1  H22   0.02
VDW_RAD  EMH+1  H24   1.49
VDW_EPS  EMH+1  H24   0.02
VDW_RAD  EMH+1  H26   1.49
VDW_EPS  EMH+1  H26   0.02
VDW_RAD  EMH+1  H28   1.49
VDW_EPS  EMH+1  H28   0.02
VDW_RAD  EMH+1  H12   1.49
VDW_EPS  EMH+1  H12   0.02
VDW_RAD  EMH+1  H23   1.49
VDW_EPS  EMH+1  H23   0.02
VDW_RAD  EMH+1  H29   1.49
VDW_EPS  EMH+1  H29   0.02
VDW_RAD  EMH+1  H27   1.49
VDW_EPS  EMH+1  H27   0.02
VDW_RAD  EMH+1  H30   1.49
VDW_EPS  EMH+1  H30   0.02
VDW_RAD  EMH+1  H32   1.49
VDW_EPS  EMH+1  H32   0.02
VDW_RAD  EMH+1  H34   1.49
VDW_EPS  EMH+1  H34   0.02
VDW_RAD  EMH+1  H35   1.49
VDW_EPS  EMH+1  H35   0.02
VDW_RAD  EMH+1  H33   1.49
VDW_EPS  EMH+1  H33   0.02
VDW_RAD  EMH+1  H71   1.49
VDW_EPS  EMH+1  H71   0.02
VDW_RAD  EMH01  C4    1.91
VDW_EPS  EMH01  C4    0.11
VDW_RAD  EMH01  C5    1.91
VDW_EPS  EMH01  C5    0.11
VDW_RAD  EMH01  C6    1.91
VDW_EPS  EMH01  C6    0.11
VDW_RAD  EMH01  C7    1.91
VDW_EPS  EMH01  C7    0.11
VDW_RAD  EMH01  C8    1.91
VDW_EPS  EMH01  C8    0.11
VDW_RAD  EMH01  C10   1.91
VDW_EPS  EMH01  C10   0.11
VDW_RAD  EMH01  C13   1.91
VDW_EPS  EMH01  C13   0.11
VDW_RAD  EMH01  C15   1.91
VDW_EPS  EMH01  C15   0.11
VDW_RAD  EMH01  C17   1.91
VDW_EPS  EMH01  C17   0.11
VDW_RAD  EMH01  C21   1.91
VDW_EPS  EMH01  C21   0.11
VDW_RAD  EMH01  C22   1.91
VDW_EPS  EMH01  C22   0.11
VDW_RAD  EMH01  C24   1.91
VDW_EPS  EMH01  C24   0.11
VDW_RAD  EMH01  C26   1.91
VDW_EPS  EMH01  C26   0.11
VDW_RAD  EMH01  C28   1.91
VDW_EPS  EMH01  C28   0.11
VDW_RAD  EMH01  N19   1.82
VDW_EPS  EMH01  N19   0.17
VDW_RAD  EMH01  C18   1.91
VDW_EPS  EMH01  C18   0.11
VDW_RAD  EMH01  C3    1.91
VDW_EPS  EMH01  C3    0.11
VDW_RAD  EMH01  C1    1.91
VDW_EPS  EMH01  C1    0.11
VDW_RAD  EMH01  C2    1.91
VDW_EPS  EMH01  C2    0.11
VDW_RAD  EMH01  N9    1.82
VDW_EPS  EMH01  N9    0.17
VDW_RAD  EMH01  C14   1.91
VDW_EPS  EMH01  C14   0.11
VDW_RAD  EMH01  C16   1.91
VDW_EPS  EMH01  C16   0.11
VDW_RAD  EMH01  O20   1.66
VDW_EPS  EMH01  O20   0.21
VDW_RAD  EMH01  C12   1.91
VDW_EPS  EMH01  C12   0.11
VDW_RAD  EMH01  C11   1.91
VDW_EPS  EMH01  C11   0.11
VDW_RAD  EMH01  C23   1.91
VDW_EPS  EMH01  C23   0.11
VDW_RAD  EMH01  N25   1.82
VDW_EPS  EMH01  N25   0.17
VDW_RAD  EMH01  C29   1.91
VDW_EPS  EMH01  C29   0.11
VDW_RAD  EMH01  C27   1.91
VDW_EPS  EMH01  C27   0.11
VDW_RAD  EMH01  C30   1.91
VDW_EPS  EMH01  C30   0.11
VDW_RAD  EMH01  N31   1.82
VDW_EPS  EMH01  N31   0.17
VDW_RAD  EMH01  C32   1.91
VDW_EPS  EMH01  C32   0.11
VDW_RAD  EMH01  C34   1.91
VDW_EPS  EMH01  C34   0.11
VDW_RAD  EMH01  O36   1.66
VDW_EPS  EMH01  O36   0.21
VDW_RAD  EMH01  C35   1.91
VDW_EPS  EMH01  C35   0.11
VDW_RAD  EMH01  C33   1.91
VDW_EPS  EMH01  C33   0.11
VDW_RAD  EMH01   H4   1.91
VDW_EPS  EMH01   H4   0.11
VDW_RAD  EMH01   H6   1.91
VDW_EPS  EMH01   H6   0.11
VDW_RAD  EMH01  H13   1.49
VDW_EPS  EMH01  H13   0.02
VDW_RAD  EMH01  H21   1.49
VDW_EPS  EMH01  H21   0.02
VDW_RAD  EMH01 H21A   1.91
VDW_EPS  EMH01 H21A   0.11
VDW_RAD  EMH01 H21B   1.91
VDW_EPS  EMH01 H21B   0.11
VDW_RAD  EMH01  H22   1.49
VDW_EPS  EMH01  H22   0.02
VDW_RAD  EMH01 H22A   1.91
VDW_EPS  EMH01 H22A   0.11
VDW_RAD  EMH01 H22B   1.91
VDW_EPS  EMH01 H22B   0.11
VDW_RAD  EMH01  H24   1.49
VDW_EPS  EMH01  H24   0.02
VDW_RAD  EMH01 H24A   1.91
VDW_EPS  EMH01 H24A   0.11
VDW_RAD  EMH01 H24B   1.91
VDW_EPS  EMH01 H24B   0.11
VDW_RAD  EMH01  H26   1.49
VDW_EPS  EMH01  H26   0.02
VDW_RAD  EMH01  H28   1.49
VDW_EPS  EMH01  H28   0.02
VDW_RAD  EMH01 H28A   1.91
VDW_EPS  EMH01 H28A   0.11
VDW_RAD  EMH01   H3   1.91
VDW_EPS  EMH01   H3   0.11
VDW_RAD  EMH01  H12   1.49
VDW_EPS  EMH01  H12   0.02
VDW_RAD  EMH01  H23   1.49
VDW_EPS  EMH01  H23   0.02
VDW_RAD  EMH01 H23A   1.91
VDW_EPS  EMH01 H23A   0.11
VDW_RAD  EMH01  H29   1.49
VDW_EPS  EMH01  H29   0.02
VDW_RAD  EMH01 H29A   1.91
VDW_EPS  EMH01 H29A   0.11
VDW_RAD  EMH01  H27   1.49
VDW_EPS  EMH01  H27   0.02
VDW_RAD  EMH01 H27A   1.91
VDW_EPS  EMH01 H27A   0.11
VDW_RAD  EMH01  H30   1.49
VDW_EPS  EMH01  H30   0.02
VDW_RAD  EMH01 H30A   1.91
VDW_EPS  EMH01 H30A   0.11
VDW_RAD  EMH01  H32   1.49
VDW_EPS  EMH01  H32   0.02
VDW_RAD  EMH01 H32A   1.91
VDW_EPS  EMH01 H32A   0.11
VDW_RAD  EMH01  H34   1.49
VDW_EPS  EMH01  H34   0.02
VDW_RAD  EMH01 H34A   1.91
VDW_EPS  EMH01 H34A   0.11
VDW_RAD  EMH01  H35   1.49
VDW_EPS  EMH01  H35   0.02
VDW_RAD  EMH01 H35A   1.91
VDW_EPS  EMH01 H35A   0.11
VDW_RAD  EMH01  H33   1.49
VDW_EPS  EMH01  H33   0.02
VDW_RAD  EMH01 H33A   1.91
VDW_EPS  EMH01 H33A   0.11
VDW_RAD  EMH01   H9   1.91
VDW_EPS  EMH01   H9   0.11
CHARGE   ASP-1  CB      0.000
CHARGE   ASP-1 1HB      0.000
CHARGE   ASP-1 2HB      0.000
CHARGE   ASP02  CB      0.000
CHARGE   ASP02 1HB      0.000
CHARGE   ASP02 2HB      0.000
CHARGE   TYR-1 1HB      0.000
CHARGE   TYR-1 2HB      0.000
CHARGE   CYS-1 1HB      0.000
CHARGE   CYS-1 2HB      0.000
CHARGE   LYS+1 1HB      0.000
CHARGE   LYS+1 2HB      0.000
CHARGE   LYS+1  CG      0.000
CHARGE   LYS+1 1HG      0.000
CHARGE   LYS+1 2HG      0.000
CHARGE   LYS+1 1HD      0.000
CHARGE   LYS+1 2HD      0.000
CHARGE   LYS+1 1HE      0.000
CHARGE   LYS+1 2HE      0.000
CHARGE   GLU-1  CB      0.000
CHARGE   GLU-1 1HB      0.000
CHARGE   GLU-1 2HB      0.000
CHARGE   GLU-1 1HG      0.000
CHARGE   GLU-1 2HG      0.000
CHARGE   GLU02  CB      0.000
CHARGE   GLU02 1HB      0.000
CHARGE   GLU02 2HB      0.000
CHARGE   GLU02  CG      0.000
CHARGE   GLU02 1HG      0.000
CHARGE   GLU02 2HG      0.000
CHARGE   ARG+1  CB      0.000
CHARGE   ARG+1 1HB      0.000
CHARGE   ARG+1 2HB      0.000
CHARGE   ARG+1  CG      0.000
CHARGE   ARG+1 1HG      0.000
CHARGE   ARG+1 2HG      0.000
CHARGE   ARG+1 1HD      0.000
CHARGE   ARG+1 2HD      0.000
CHARGE   ARG03  CB      0.000
CHARGE   ARG03 1HB      0.000
CHARGE   ARG03 2HB      0.000
CHARGE   ARG03  CG      0.000
CHARGE   ARG03 1HG      0.000
CHARGE   ARG03 2HG      0.000
CHARGE   ARG03 1HD      0.000
CHARGE   ARG03 2HD      0.000
CHARGE   ARG02  CB      0.000
CHARGE   ARG02 1HB      0.000
CHARGE   ARG02 2HB      0.000
CHARGE   ARG02  CG      0.000
CHARGE   ARG02 1HG      0.000
CHARGE   ARG02 2HG      0.000
CHARGE   ARG02 1HD      0.000
CHARGE   ARG02 2HD      0.000
CHARGE   HIS+1 1HB      0.000
CHARGE   HIS+1 2HB      0.000
CHARGE   HIS02 1HB      0.000
CHARGE   HIS02 2HB      0.000
