SER A0001_ R f 00 S f  0.0 H f 00 M 000
THR A0002_ R f 00 S f  0.0 H f 00 M 000
ILE A0003_ R f 00 S f  0.0 H f 00 M 000
MET A0004_ R f 00 S f  0.0 H f 00 M 000
THR A0005_ R f 00 S f  0.0 H f 00 M 000
ASP A0006_ R f 00 S f  0.0 H f 00 M 000
TYR A0007_ R f 00 S f  0.0 H f 00 M 000
ASN A0008_ R f 00 S f  0.0 H f 00 M 000
PRO A0009_ R f 00 S f  0.0 H f 00 M 000
ASN A0010_ R f 00 S f  0.0 H f 00 M 000
TYR A0011_ R f 00 S f  0.0 H f 00 M 000
CYS A0012_ R f 00 S f  0.0 H f 00 M 000
PHE A0013_ R f 00 S f  0.0 H f 00 M 000
ALA A0014_ R f 00 S f  0.0 H f 00 M 000
GLY A0015_ R f 00 S f  0.0 H f 00 M 000
LYS A0016_ R f 00 S f  0.0 H f 00 M 000
THR A0017_ R f 00 S f  0.0 H f 00 M 000
SER A0018_ R f 00 S f  0.0 H f 00 M 000
SER A0019_ R f 00 S f  0.0 H f 00 M 000
ILE A0020_ R f 00 S f  0.0 H f 00 M 000
SER A0021_ R f 00 S f  0.0 H f 00 M 000
ASP A0022_ R f 00 S f  0.0 H f 00 M 000
LEU A0023_ R f 00 S f  0.0 H f 00 M 000
LYS A0024_ R f 00 S f  0.0 H f 00 M 000
GLU A0025_ R f 00 S f  0.0 H f 00 M 000
VAL A0026_ R f 00 S f  0.0 H f 00 M 000
PRO A0027_ R f 00 S f  0.0 H f 00 M 000
ARG A0028_ R f 00 S f  0.0 H f 00 M 000
LYS A0029_ R f 00 S f  0.0 H f 00 M 000
ASN A0030_ R f 00 S f  0.0 H f 00 M 000
ILE A0031_ R f 00 S f  0.0 H f 00 M 000
THR A0032_ R f 00 S f  0.0 H f 00 M 000
LEU A0033_ R f 00 S f  0.0 H f 00 M 000
ILE A0034_ R f 00 S f  0.0 H f 00 M 000
ARG A0035_ R f 00 S f  0.0 H f 00 M 000
GLY A0036_ R f 00 S f  0.0 H f 00 M 000
LEU A0037_ R f 00 S f  0.0 H f 00 M 000
GLY A0038_ R f 00 S f  0.0 H f 00 M 000
HIS A0039_ R f 00 S f  0.0 H f 00 M 000
GLY A0040_ R f 00 S f  0.0 H f 00 M 000
ALA A0041_ R f 00 S f  0.0 H f 00 M 000
PHE A0042_ R f 00 S f  0.0 H f 00 M 000
GLY A0043_ R f 00 S f  0.0 H f 00 M 000
GLU A0044_ R f 00 S f  0.0 H f 00 M 000
VAL A0045_ R f 00 S f  0.0 H f 00 M 000
TYR A0046_ R f 00 S f  0.0 H f 00 M 000
GLU A0047_ R f 00 S f  0.0 H f 00 M 000
GLY A0048_ R f 00 S f  0.0 H f 00 M 000
GLN A0049_ R f 00 S f  0.0 H f 00 M 000
VAL A0050_ R f 00 S f  0.0 H f 00 M 000
SER A0051_ R f 00 S f  0.0 H f 00 M 000
GLY A0052_ R f 00 S f  0.0 H f 00 M 000
MET A0053_ R f 00 S f  0.0 H f 00 M 000
PRO A0054_ R f 00 S f  0.0 H f 00 M 000
ASN A0055_ R f 00 S f  0.0 H f 00 M 000
ASP A0056_ R f 00 S f  0.0 H f 00 M 000
PRO A0057_ R f 00 S f  0.0 H f 00 M 000
SER A0058_ R f 00 S f  0.0 H f 00 M 000
PRO A0059_ R f 00 S f  0.0 H f 00 M 000
LEU A0060_ R f 00 S f  0.0 H f 00 M 000
GLN A0061_ R f 00 S f  0.0 H f 00 M 000
VAL A0062_ R f 00 S f  0.0 H f 00 M 000
ALA A0063_ R f 00 S f  0.0 H f 00 M 000
VAL A0064_ R f 00 S f  0.0 H f 00 M 000
LYS A0065_ R f 00 S f  0.0 H f 00 M 000
THR A0066_ R f 00 S f  0.0 H f 00 M 000
LEU A0067_ R f 00 S f  0.0 H f 00 M 000
PRO A0068_ R f 00 S f  0.0 H f 00 M 000
GLU A0069_ R f 00 S f  0.0 H f 00 M 000
VAL A0070_ R f 00 S f  0.0 H f 00 M 000
CYS A0071_ R f 00 S f  0.0 H f 00 M 000
SER A0072_ R f 00 S f  0.0 H f 00 M 000
GLU A0073_ R f 00 S f  0.0 H f 00 M 000
GLN A0074_ R f 00 S f  0.0 H f 00 M 000
ASP A0075_ R f 00 S f  0.0 H f 00 M 000
GLU A0076_ R f 00 S f  0.0 H f 00 M 000
LEU A0077_ R f 00 S f  0.0 H f 00 M 000
ASP A0078_ R f 00 S f  0.0 H f 00 M 000
PHE A0079_ R f 00 S f  0.0 H f 00 M 000
LEU A0080_ R f 00 S f  0.0 H f 00 M 000
MET A0081_ R f 00 S f  0.0 H f 00 M 000
GLU A0082_ R f 00 S f  0.0 H f 00 M 000
ALA A0083_ R f 00 S f  0.0 H f 00 M 000
LEU A0084_ R f 00 S f  0.0 H f 00 M 000
ILE A0085_ R f 00 S f  0.0 H f 00 M 000
ILE A0086_ R f 00 S f  0.0 H f 00 M 000
SER A0087_ R f 00 S f  0.0 H f 00 M 000
LYS A0088_ R f 00 S f  0.0 H f 00 M 000
PHE A0089_ R f 00 S f  0.0 H f 00 M 000
ASN A0090_ R f 00 S f  0.0 H f 00 M 000
HIS A0091_ R f 00 S f  0.0 H f 00 M 000
GLN A0092_ R f 00 S f  0.0 H f 00 M 000
ASN A0093_ R f 00 S f  0.0 H f 00 M 000
ILE A0094_ R f 00 S f  0.0 H f 00 M 000
VAL A0095_ R f 00 S f  0.0 H f 00 M 000
ARG A0096_ R f 00 S f  0.0 H f 00 M 000
CYS A0097_ R f 00 S f  0.0 H f 00 M 000
ILE A0098_ R f 00 S f  0.0 H f 00 M 000
GLY A0099_ R f 00 S f  0.0 H f 00 M 000
VAL A0100_ R f 00 S f  0.0 H f 00 M 000
SER A0101_ R f 00 S f  0.0 H f 00 M 000
LEU A0102_ R f 00 S f  0.0 H f 00 M 000
GLN A0103_ R f 00 S f  0.0 H f 00 M 000
SER A0104_ R f 00 S f  0.0 H f 00 M 000
LEU A0105_ R f 00 S f  0.0 H f 00 M 000
PRO A0106_ R f 00 S f  0.0 H f 00 M 000
ARG A0107_ R f 00 S f  0.0 H f 00 M 000
PHE A0108_ R f 00 S f  0.0 H f 00 M 000
ILE A0109_ R f 00 S f  0.0 H f 00 M 000
LEU A0110_ R f 00 S f  0.0 H f 00 M 000
LEU A0111_ R f 00 S f  0.0 H f 00 M 000
GLU A0112_ R f 00 S f  0.0 H f 00 M 000
LEU A0113_ R f 00 S f  0.0 H f 00 M 000
MET A0114_ R f 00 S f  0.0 H f 00 M 000
ALA A0115_ R f 00 S f  0.0 H f 00 M 000
GLY A0116_ R f 00 S f  0.0 H f 00 M 000
GLY A0117_ R f 00 S f  0.0 H f 00 M 000
ASP A0118_ R f 00 S f  0.0 H f 00 M 000
LEU A0119_ R f 00 S f  0.0 H f 00 M 000
LYS A0120_ R f 00 S f  0.0 H f 00 M 000
SER A0121_ R f 00 S f  0.0 H f 00 M 000
PHE A0122_ R f 00 S f  0.0 H f 00 M 000
LEU A0123_ R f 00 S f  0.0 H f 00 M 000
ARG A0124_ R f 00 S f  0.0 H f 00 M 000
GLU A0125_ R f 00 S f  0.0 H f 00 M 000
THR A0126_ R f 00 S f  0.0 H f 00 M 000
ARG A0127_ R f 00 S f  0.0 H f 00 M 000
PRO A0128_ R f 00 S f  0.0 H f 00 M 000
ARG A0129_ R f 00 S f  0.0 H f 00 M 000
PRO A0130_ R f 00 S f  0.0 H f 00 M 000
SER A0131_ R f 00 S f  0.0 H f 00 M 000
GLN A0132_ R f 00 S f  0.0 H f 00 M 000
PRO A0133_ R f 00 S f  0.0 H f 00 M 000
SER A0134_ R f 00 S f  0.0 H f 00 M 000
SER A0135_ R f 00 S f  0.0 H f 00 M 000
LEU A0136_ R f 00 S f  0.0 H f 00 M 000
ALA A0137_ R f 00 S f  0.0 H f 00 M 000
MET A0138_ R f 00 S f  0.0 H f 00 M 000
LEU A0139_ R f 00 S f  0.0 H f 00 M 000
ASP A0140_ R f 00 S f  0.0 H f 00 M 000
LEU A0141_ R f 00 S f  0.0 H f 00 M 000
LEU A0142_ R f 00 S f  0.0 H f 00 M 000
HIS A0143_ R f 00 S f  0.0 H f 00 M 000
VAL A0144_ R f 00 S f  0.0 H f 00 M 000
ALA A0145_ R f 00 S f  0.0 H f 00 M 000
ARG A0146_ R f 00 S f  0.0 H f 00 M 000
ASP A0147_ R f 00 S f  0.0 H f 00 M 000
ILE A0148_ R f 00 S f  0.0 H f 00 M 000
ALA A0149_ R f 00 S f  0.0 H f 00 M 000
CYS A0150_ R f 00 S f  0.0 H f 00 M 000
GLY A0151_ R f 00 S f  0.0 H f 00 M 000
CYS A0152_ R f 00 S f  0.0 H f 00 M 000
GLN A0153_ R f 00 S f  0.0 H f 00 M 000
TYR A0154_ R f 00 S f  0.0 H f 00 M 000
LEU A0155_ R f 00 S f  0.0 H f 00 M 000
GLU A0156_ R f 00 S f  0.0 H f 00 M 000
GLU A0157_ R f 00 S f  0.0 H f 00 M 000
ASN A0158_ R f 00 S f  0.0 H f 00 M 000
HIS A0159_ R f 00 S f  0.0 H f 00 M 000
PHE A0160_ R f 00 S f  0.0 H f 00 M 000
ILE A0161_ R f 00 S f  0.0 H f 00 M 000
HIS A0162_ R f 00 S f  0.0 H f 00 M 000
ARG A0163_ R f 00 S f  0.0 H f 00 M 000
ASP A0164_ R f 00 S f  0.0 H f 00 M 000
ILE A0165_ R f 00 S f  0.0 H f 00 M 000
ALA A0166_ R f 00 S f  0.0 H f 00 M 000
ALA A0167_ R f 00 S f  0.0 H f 00 M 000
ARG A0168_ R f 00 S f  0.0 H f 00 M 000
ASN A0169_ R f 00 S f  0.0 H f 00 M 000
CYS A0170_ R f 00 S f  0.0 H f 00 M 000
LEU A0171_ R f 00 S f  0.0 H f 00 M 000
LEU A0172_ R f 00 S f  0.0 H f 00 M 000
THR A0173_ R f 00 S f  0.0 H f 00 M 000
CYS A0174_ R f 00 S f  0.0 H f 00 M 000
PRO A0175_ R f 00 S f  0.0 H f 00 M 000
GLY A0176_ R f 00 S f  0.0 H f 00 M 000
PRO A0177_ R f 00 S f  0.0 H f 00 M 000
GLY A0178_ R f 00 S f  0.0 H f 00 M 000
ARG A0179_ R f 00 S f  0.0 H f 00 M 000
VAL A0180_ R f 00 S f  0.0 H f 00 M 000
ALA A0181_ R f 00 S f  0.0 H f 00 M 000
LYS A0182_ R f 00 S f  0.0 H f 00 M 000
ILE A0183_ R f 00 S f  0.0 H f 00 M 000
GLY A0184_ R f 00 S f  0.0 H f 00 M 000
ASP A0185_ R f 00 S f  0.0 H f 00 M 000
PHE A0186_ R f 00 S f  0.0 H f 00 M 000
GLY A0187_ R f 00 S f  0.0 H f 00 M 000
MET A0188_ R f 00 S f  0.0 H f 00 M 000
ALA A0189_ R f 00 S f  0.0 H f 00 M 000
ARG A0190_ R f 00 S f  0.0 H f 00 M 000
ASP A0191_ R f 00 S f  0.0 H f 00 M 000
ILE A0192_ R f 00 S f  0.0 H f 00 M 000
TYR A0193_ R f 00 S f  0.0 H f 00 M 000
ARG A0194_ R f 00 S f  0.0 H f 00 M 000
ALA A0195_ R f 00 S f  0.0 H f 00 M 000
SER A0196_ R f 00 S f  0.0 H f 00 M 000
TYR A0197_ R f 00 S f  0.0 H f 00 M 000
TYR A0198_ R f 00 S f  0.0 H f 00 M 000
ARG A0199_ R f 00 S f  0.0 H f 00 M 000
LYS A0200_ R f 00 S f  0.0 H f 00 M 000
GLY A0201_ R f 00 S f  0.0 H f 00 M 000
GLY A0202_ R f 00 S f  0.0 H f 00 M 000
CYS A0203_ R f 00 S f  0.0 H f 00 M 000
ALA A0204_ R f 00 S f  0.0 H f 00 M 000
MET A0205_ R f 00 S f  0.0 H f 00 M 000
LEU A0206_ R f 00 S f  0.0 H f 00 M 000
PRO A0207_ R f 00 S f  0.0 H f 00 M 000
VAL A0208_ R f 00 S f  0.0 H f 00 M 000
LYS A0209_ R f 00 S f  0.0 H f 00 M 000
TRP A0210_ R f 00 S f  0.0 H f 00 M 000
MET A0211_ R f 00 S f  0.0 H f 00 M 000
PRO A0212_ R f 00 S f  0.0 H f 00 M 000
PRO A0213_ R f 00 S f  0.0 H f 00 M 000
GLU A0214_ R f 00 S f  0.0 H f 00 M 000
ALA A0215_ R f 00 S f  0.0 H f 00 M 000
PHE A0216_ R f 00 S f  0.0 H f 00 M 000
MET A0217_ R f 00 S f  0.0 H f 00 M 000
GLU A0218_ R f 00 S f  0.0 H f 00 M 000
GLY A0219_ R f 00 S f  0.0 H f 00 M 000
ILE A0220_ R f 00 S f  0.0 H f 00 M 000
PHE A0221_ R f 00 S f  0.0 H f 00 M 000
THR A0222_ R f 00 S f  0.0 H f 00 M 000
SER A0223_ R f 00 S f  0.0 H f 00 M 000
LYS A0224_ R f 00 S f  0.0 H f 00 M 000
THR A0225_ R f 00 S f  0.0 H f 00 M 000
ASP A0226_ R f 00 S f  0.0 H f 00 M 000
THR A0227_ R f 00 S f  0.0 H f 00 M 000
TRP A0228_ R f 00 S f  0.0 H f 00 M 000
SER A0229_ R f 00 S f  0.0 H f 00 M 000
PHE A0230_ R f 00 S f  0.0 H f 00 M 000
GLY A0231_ R f 00 S f  0.0 H f 00 M 000
VAL A0232_ R f 00 S f  0.0 H f 00 M 000
LEU A0233_ R f 00 S f  0.0 H f 00 M 000
LEU A0234_ R f 00 S f  0.0 H f 00 M 000
TRP A0235_ R f 00 S f  0.0 H f 00 M 000
GLU A0236_ R f 00 S f  0.0 H f 00 M 000
ILE A0237_ R f 00 S f  0.0 H f 00 M 000
PHE A0238_ R f 00 S f  0.0 H f 00 M 000
SER A0239_ R f 00 S f  0.0 H f 00 M 000
LEU A0240_ R f 00 S f  0.0 H f 00 M 000
GLY A0241_ R f 00 S f  0.0 H f 00 M 000
TYR A0242_ R f 00 S f  0.0 H f 00 M 000
MET A0243_ R f 00 S f  0.0 H f 00 M 000
PRO A0244_ R f 00 S f  0.0 H f 00 M 000
TYR A0245_ R f 00 S f  0.0 H f 00 M 000
PRO A0246_ R f 00 S f  0.0 H f 00 M 000
SER A0247_ R f 00 S f  0.0 H f 00 M 000
LYS A0248_ R f 00 S f  0.0 H f 00 M 000
SER A0249_ R f 00 S f  0.0 H f 00 M 000
ASN A0250_ R f 00 S f  0.0 H f 00 M 000
GLN A0251_ R f 00 S f  0.0 H f 00 M 000
GLU A0252_ R f 00 S f  0.0 H f 00 M 000
VAL A0253_ R f 00 S f  0.0 H f 00 M 000
LEU A0254_ R f 00 S f  0.0 H f 00 M 000
GLU A0255_ R f 00 S f  0.0 H f 00 M 000
PHE A0256_ R f 00 S f  0.0 H f 00 M 000
VAL A0257_ R f 00 S f  0.0 H f 00 M 000
THR A0258_ R f 00 S f  0.0 H f 00 M 000
SER A0259_ R f 00 S f  0.0 H f 00 M 000
GLY A0260_ R f 00 S f  0.0 H f 00 M 000
GLY A0261_ R f 00 S f  0.0 H f 00 M 000
ARG A0262_ R f 00 S f  0.0 H f 00 M 000
MET A0263_ R f 00 S f  0.0 H f 00 M 000
ASP A0264_ R f 00 S f  0.0 H f 00 M 000
PRO A0265_ R f 00 S f  0.0 H f 00 M 000
PRO A0266_ R f 00 S f  0.0 H f 00 M 000
LYS A0267_ R f 00 S f  0.0 H f 00 M 000
ASN A0268_ R f 00 S f  0.0 H f 00 M 000
CYS A0269_ R f 00 S f  0.0 H f 00 M 000
PRO A0270_ R f 00 S f  0.0 H f 00 M 000
GLY A0271_ R f 00 S f  0.0 H f 00 M 000
PRO A0272_ R f 00 S f  0.0 H f 00 M 000
VAL A0273_ R f 00 S f  0.0 H f 00 M 000
TYR A0274_ R f 00 S f  0.0 H f 00 M 000
ARG A0275_ R f 00 S f  0.0 H f 00 M 000
ILE A0276_ R f 00 S f  0.0 H f 00 M 000
MET A0277_ R f 00 S f  0.0 H f 00 M 000
THR A0278_ R f 00 S f  0.0 H f 00 M 000
GLN A0279_ R f 00 S f  0.0 H f 00 M 000
CYS A0280_ R f 00 S f  0.0 H f 00 M 000
TRP A0281_ R f 00 S f  0.0 H f 00 M 000
GLN A0282_ R f 00 S f  0.0 H f 00 M 000
HIS A0283_ R f 00 S f  0.0 H f 00 M 000
GLN A0284_ R f 00 S f  0.0 H f 00 M 000
PRO A0285_ R f 00 S f  0.0 H f 00 M 000
GLU A0286_ R f 00 S f  0.0 H f 00 M 000
ASP A0287_ R f 00 S f  0.0 H f 00 M 000
ARG A0288_ R f 00 S f  0.0 H f 00 M 000
PRO A0289_ R f 00 S f  0.0 H f 00 M 000
ASN A0290_ R f 00 S f  0.0 H f 00 M 000
PHE A0291_ R f 00 S f  0.0 H f 00 M 000
ALA A0292_ R f 00 S f  0.0 H f 00 M 000
ILE A0293_ R f 00 S f  0.0 H f 00 M 000
ILE A0294_ R f 00 S f  0.0 H f 00 M 000
LEU A0295_ R f 00 S f  0.0 H f 00 M 000
GLU A0296_ R f 00 S f  0.0 H f 00 M 000
ARG A0297_ R f 00 S f  0.0 H f 00 M 000
ILE A0298_ R f 00 S f  0.0 H f 00 M 000
GLU A0299_ R f 00 S f  0.0 H f 00 M 000
TYR A0300_ R f 00 S f  0.0 H f 00 M 000
CYS A0301_ R f 00 S f  0.0 H f 00 M 000
THR A0302_ R f 00 S f  0.0 H f 00 M 000
GLN A0303_ R f 00 S f  0.0 H f 00 M 000
ASP A0304_ R f 00 S f  0.0 H f 00 M 000
PRO A0305_ R f 00 S f  0.0 H f 00 M 000
ASP A0306_ R f 00 S f  0.0 H f 00 M 000
VAL A0307_ R f 00 S f  0.0 H f 00 M 000
ILE A0308_ R f 00 S f  0.0 H f 00 M 000
ASN A0309_ R f 00 S f  0.0 H f 00 M 000
THR A0310_ R f 00 S f  0.0 H f 00 M 000
ALA A0311_ R f 00 S f  0.0 H f 00 M 000
LEU A0312_ R f 00 S f  0.0 H f 00 M 000
PRO A0313_ R f 00 S f  0.0 H f 00 M 000
ILE A0314_ R f 00 S f  0.0 H f 00 M 000
GLU A0315_ R f 00 S f  0.0 H f 00 M 000
TYR A0316_ R f 00 S f  0.0 H f 00 M 000
EMH B0001_ R f 00 S f  0.0 H f 00 M 000
EDO B0002_ R f 00 S f  0.0 H f 00 M 000
EDO B0003_ R f 00 S f  0.0 H f 00 M 000
EDO B0004_ R f 00 S f  0.0 H f 00 M 000
EDO B0005_ R f 00 S f  0.0 H f 00 M 000
