CONFORMER         crg  vdw0  vdw1  tors  epol  self   occ  Hb     history    ASA
SER01A0001_001  0.000  0.00 -1.88  0.38  0.00 -1.50 0.675  00  01O000M000  0.000
SER01A0001_002  0.000  0.00 -1.88  0.38  0.00 -1.50 0.675  00  01O000M000  0.000
THR01A0002_001  0.000 -6.48 -0.08  0.49  0.00 -6.06 0.666  00  01O000M000  0.744
ILE01A0003_001  0.000 -0.96  3.12  1.60  0.00  3.76 1.000  00  01O000M000  0.161
MET01A0004_001  0.000  0.00 -4.63  0.10  0.00 -4.52 1.000  00  01O000M000  0.000
THR01A0005_001  0.000 -4.97  0.02  0.76  0.00 -4.19 0.669  00  01O000M000  0.597
THR01A0005_002  0.000 -4.97  0.02  0.76  0.00 -4.19 0.669  00  01O000M000  0.597
THR01A0005_003  0.000 -4.97  0.02  0.38  0.00 -4.56 0.669  00  01O000M000  0.597
ASP01A0006_001  0.000 -2.59  0.56  3.15  0.00  1.12 1.000  00  01O000M000  0.589
ASP01A0006_002  0.000 -2.59  0.56  0.43  0.00 -1.60 1.000  00  01O000M000  0.589
ASP02A0006_003  0.000 -2.48 -0.20  3.15  0.00  0.47 1.000  00  02O000M000  0.594
ASP02A0006_004  0.000 -2.48 -0.20  0.43  0.00 -2.25 1.000  00  02O000M000  0.594
ASP-1A0006_005 -1.000 -2.55 -0.14  0.43  0.00 -2.27 1.000  00  -1O000M000  0.590
TYR01A0007_001  0.000 -3.71 -2.75  1.49  0.00 -4.97 1.000  00  01O000M000  0.544
TYR-1A0007_002 -1.000 -3.71 -2.75  1.49  0.00 -4.97 1.000  00  -1O000M000  0.544
ASN01A0008_001  0.000 -1.70 -0.82  0.41  0.00 -2.11 0.754  00  01O000M000  0.433
ASN01A0008_002  0.000 -1.81 -0.40  0.40  0.00 -1.81 0.746  00  01R001M000  0.406
PRO01A0009_001  0.000 -0.69 -1.03  0.00  0.00 -1.72 1.000  00  01O000M000  0.106
ASN01A0010_001  0.000 -2.26 -2.39  0.61  0.00 -4.04 0.750  00  01O000M000  0.556
ASN01A0010_002  0.000 -2.43 -1.84  0.60  0.00 -3.67 0.750  00  01R001M000  0.535
TYR01A0011_001  0.000  4.36 -9.01  0.18  0.00 -4.47 1.000  00  01O000M000  0.000
TYR-1A0011_002 -1.000  4.36 -9.01  0.18  0.00 -4.47 1.000  00  -1O000M000  0.000
CYS01A0012_001  0.000 -3.55 -2.17  0.00  0.00 -5.72 1.000  00  01O000M000  0.490
CYS01A0012_002  0.000 -3.55 -2.18  0.00  0.00 -5.73 1.000  00  01O000M000  0.490
CYS01A0012_003  0.000 -3.55 -2.13  0.00  0.00 -5.68 1.000  00  01O000M000  0.490
CYS-1A0012_004 -1.000 -3.55 -2.11  0.00  0.00 -5.66 1.000  00  -1O000M000  0.490
PHE01A0013_001  0.000  3.76 -6.16  0.19  0.00 -2.21 1.000  00  01O000M000  0.037
ALA01A0014_001  0.000 -1.56  2.87  0.00  0.00  1.31 1.000  00  01O000M000  0.298
LYS01A0016_001  0.000 -8.94 -2.43  1.07  0.00-10.30 1.000  00  01O000M000  0.736
LYS+1A0016_002  1.000 -8.99 -2.43  1.07  0.00-10.35 1.000  00  +1O000M000  0.736
THR01A0017_001  0.000 -3.17 -1.74  0.38  0.00 -4.54 0.668  00  01O000M000  0.392
THR01A0017_002  0.000 -3.17 -1.74  0.00  0.00 -4.92 0.668  00  01O000M000  0.392
SER01A0018_001  0.000 -0.24 -1.94  0.38  0.00 -1.80 0.662  00  01O000M000  0.039
SER01A0018_002  0.000 -0.24 -1.94  0.38  0.00 -1.80 0.662  00  01O000M000  0.039
SER01A0018_003  0.000 -0.24 -1.94  0.01  0.00 -2.17 0.662  00  01O000M000  0.039
SER01A0019_001  0.000 -0.89 -1.57  0.55  0.00 -1.91 0.669  00  01O000M000  0.144
SER01A0019_002  0.000 -0.89 -1.57  0.18  0.00 -2.29 0.669  00  01O000M000  0.144
ILE01A0020_001  0.000 -0.05 -2.06  0.59  0.00 -1.51 1.000  00  01O000M000  0.167
SER01A0021_001  0.000 -4.20 -0.85  0.38  0.00 -4.67 0.665  00  01O000M000  0.699
SER01A0021_002  0.000 -4.20 -0.85  0.38  0.00 -4.67 0.665  00  01O000M000  0.699
ASP01A0022_001  0.000 -1.95 -2.20  3.43  0.00 -0.73 1.000  00  01O000M000  0.494
ASP01A0022_002  0.000 -1.95 -2.20  0.71  0.00 -3.45 1.000  00  01O000M000  0.494
ASP02A0022_003  0.000 -1.68 -1.84  3.43  0.00 -0.09 1.000  00  02O000M000  0.461
ASP02A0022_004  0.000 -1.68 -1.84  0.71  0.00 -2.81 1.000  00  02O000M000  0.461
ASP-1A0022_005 -1.000 -1.87 -2.29  0.71  0.00 -3.45 1.000  00  -1O000M000  0.487
LEU01A0023_001  0.000  1.35 -6.08  0.51  0.00 -4.22 1.000  00  01O000M000  0.009
LYS01A0024_001  0.000 -7.26 -2.26  1.04  0.00 -8.48 1.000  00  01O000M000  0.716
LYS+1A0024_002  1.000 -7.34 -2.27  1.04  0.00 -8.58 1.000  00  +1O000M000  0.716
GLU01A0025_001  0.000  1.08 -5.55  3.56  0.00 -0.92 1.000  00  01O000M000  0.111
GLU01A0025_002  0.000  1.08 -5.55  0.84  0.00 -3.64 1.000  00  01O000M000  0.111
GLU02A0025_003  0.000  0.67 -5.45  3.56  0.00 -1.22 1.000  00  02O000M000  0.124
GLU02A0025_004  0.000  0.67 -5.45  0.84  0.00 -3.94 1.000  00  02O000M000  0.124
GLU-1A0025_005 -1.000  0.65 -5.69  0.84  0.00 -4.21 1.000  00  -1O000M000  0.120
VAL01A0026_001  0.000 -0.69 -3.12  0.12  0.00 -3.69 1.000  00  01O000M000  0.114
PRO01A0027_001  0.000 -3.81 -1.60  0.00  0.00 -5.41 1.000  00  01O000M000  0.419
ARG01A0028_001  0.000 -1.99 -6.35  0.46  0.00 -7.87 1.000  00  01O000M000  0.224
ARG02A0028_002  0.000 -2.03 -6.24  0.46  0.00 -7.81 1.000  00  02O000M000  0.224
ARG03A0028_003  0.000 -2.04 -6.39  0.46  0.00 -7.97 1.000  00  03O000M000  0.224
ARG03A0028_004  0.000 -2.03 -6.24  0.46  0.00 -7.81 1.000  00  03O000M000  0.224
ARG+1A0028_005  1.000 -2.08 -6.40  0.46  0.00 -8.01 1.000  00  +1O000M000  0.224
LYS01A0029_001  0.000 -7.56 -1.63  1.17  0.00 -8.01 1.000  00  01O000M000  0.751
LYS+1A0029_002  1.000 -7.65 -1.64  1.17  0.00 -8.11 1.000  00  +1O000M000  0.751
ASN01A0030_001  0.000 -1.28 -2.09  0.39  0.00 -2.97 0.759  00  01O000M000  0.313
ASN01A0030_002  0.000 -1.37 -0.89  0.39  0.00 -1.87 0.741  00  01R001M000  0.299
ILE01A0031_001  0.000  1.70 -2.72  0.61  0.00 -0.40 1.000  00  01O000M000  0.000
THR01A0032_001  0.000 -4.36 -1.80  0.38  0.00 -5.78 0.666  00  01O000M000  0.526
LEU01A0033_001  0.000 -1.73 -3.18  0.45  0.00 -4.46 1.000  00  01O000M000  0.251
ILE01A0034_001  0.000 -2.01  1.08  0.43  0.00 -0.51 1.000  00  01O000M000  0.297
ARG01A0035_001  0.000 -3.64 -1.79  1.26  0.00 -4.17 1.000  00  01O000M000  0.362
ARG02A0035_002  0.000 -3.69 -1.80  1.26  0.00 -4.23 1.000  00  02O000M000  0.362
ARG02A0035_003  0.000 -3.68 -1.80  1.26  0.00 -4.22 1.000  00  02O000M000  0.362
ARG03A0035_004  0.000 -3.68 -1.80  1.26  0.00 -4.22 1.000  00  03O000M000  0.362
ARG+1A0035_005  1.000 -3.73 -1.80  1.26  0.00 -4.27 1.000  00  +1O000M000  0.362
LEU01A0037_001  0.000  1.79 -5.65  0.47  0.00 -3.40 1.000  00  01O000M000  0.000
HIS01A0039_001  0.000 -7.85254.23  2.05  0.00248.43 0.000  00  01O000M000  0.709
HIS01A0039_002  0.000 -7.72184.54  2.05  0.00178.87 1.000  00  01R001M000  0.694
HIS02A0039_003  0.000 -7.86254.40  2.05  0.00248.58 0.000  00  02O000M000  0.709
HIS02A0039_004  0.000 -7.73186.13  2.05  0.00180.45 1.000  00  02R001M000  0.694
HIS+1A0039_005  1.000 -7.88254.39  2.05  0.00248.55 0.000  00  +1O000M000  0.709
HIS+1A0039_006  1.000 -7.76186.12  2.05  0.00180.41 1.000  00  +1R001M000  0.694
ALA01A0041_001  0.000 -4.79  7.94  0.00  0.00  3.15 1.000  00  01O000M000  0.912
PHE01A0042_001  0.000  1.25 -1.00  2.56  0.00  2.80 1.000  00  01O000M000  0.510
GLU01A0044_001  0.000 -0.95 -3.59  3.11  0.00 -1.42 1.000  00  01O000M000  0.490
GLU01A0044_002  0.000 -0.95 -3.59  0.39  0.00 -4.14 1.000  00  01O000M000  0.490
GLU02A0044_003  0.000 -1.30 -3.58  3.11  0.00 -1.77 1.000  00  02O000M000  0.497
GLU02A0044_004  0.000 -1.30 -3.58  0.39  0.00 -4.49 1.000  00  02O000M000  0.497
GLU-1A0044_005 -1.000 -1.35 -3.54  0.39  0.00 -4.50 1.000  00  -1O000M000  0.501
VAL01A0045_001  0.000  0.33 -4.00  0.04  0.00 -3.63 1.000  00  01O000M000  0.022
TYR01A0046_001  0.000  2.01 -9.60  0.12  0.00 -7.48 1.000  00  01O000M000  0.163
TYR01A0046_002  0.000  2.01 -9.60  0.12  0.00 -7.48 1.000  00  01O000M000  0.163
TYR-1A0046_003 -1.000  2.01 -9.60  0.12  0.00 -7.48 1.000  00  -1O000M000  0.163
GLU01A0047_001  0.000  0.54 -3.18  2.94  0.00  0.30 1.000  00  01O000M000  0.207
GLU01A0047_002  0.000  0.54 -3.18  0.22  0.00 -2.42 1.000  00  01O000M000  0.207
GLU02A0047_003  0.000  0.15 -3.18  2.94  0.00 -0.09 1.000  00  02O000M000  0.212
GLU02A0047_004  0.000  0.15 -3.18  0.22  0.00 -2.81 1.000  00  02O000M000  0.212
GLU-1A0047_005 -1.000  0.15 -3.14  0.22  0.00 -2.76 1.000  00  -1O000M000  0.213
GLN01A0049_001  0.000 -0.74 -4.07  1.04  0.00 -3.77 0.747  00  01O000M000  0.389
GLN01A0049_002  0.000 -0.43 -4.09  1.07  0.00 -3.46 0.753  00  01R001M000  0.402
VAL01A0050_001  0.000 -0.06 -2.01  0.08  0.00 -1.99 1.000  00  01O000M000  0.065
SER01A0051_001  0.000 -1.00 -1.92  0.38  0.00 -2.53 0.667  00  01O000M000  0.164
SER01A0051_002  0.000 -1.00 -1.92  0.01  0.00 -2.91 0.667  00  01O000M000  0.164
MET01A0053_001  0.000 -3.61 21.45  5.21  0.00 23.05 1.000  00  01O000M000  0.315
PRO01A0054_001  0.000 -2.18 11.27  0.00  0.00  9.09 1.000  00  01O000M000  0.248
ASN01A0055_001  0.000 -3.21251.39  1.91  0.00250.09 0.000  00  01O000M000  0.738
ASN01A0055_002  0.000 -2.88 50.15  1.91  0.00 49.18 1.000  00  01R001M000  0.767
ASP01A0056_001  0.000 -2.47987.18  4.92  0.00989.63 1.000  00  01O000M000  0.601
ASP01A0056_002  0.000 -2.47987.18  2.20  0.00986.91 1.000  00  01O000M000  0.601
ASP02A0056_003  0.000 -2.52999.00  4.92  0.00999.00 1.000  00  02O000M000  0.583
ASP02A0056_004  0.000 -2.52999.00  2.20  0.00999.00 1.000  00  02O000M000  0.583
ASP-1A0056_005 -1.000 -2.49987.24  2.20  0.00986.95 1.000  00  -1O000M000  0.598
PRO01A0057_001  0.000 -0.55936.32  0.00  0.00935.77 1.000  00  01O000M000  0.074
SER01A0058_001  0.000 -0.18999.00  0.75  0.00999.00 0.000  00  01O000M000  0.038
SER01A0058_002  0.000 -0.18999.00  0.75  0.00999.00 0.000  00  01O000M000  0.038
PRO01A0059_001  0.000 -1.41999.00  0.00  0.00999.00 1.000  00  01O000M000  0.176
LEU01A0060_001  0.000 -4.59  0.09  2.43  0.00 -2.07 1.000  00  01O000M000  0.561
GLN01A0061_001  0.000 -0.76 -3.38  1.06  0.00 -3.09 0.752  00  01O000M000  0.327
GLN01A0061_002  0.000 -0.36 -3.16  1.06  0.00 -2.47 0.748  00  01R001M000  0.329
VAL01A0062_001  0.000  0.52 -4.41  0.02  0.00 -3.87 1.000  00  01O000M000  0.000
ALA01A0063_001  0.000  0.00 -2.40  0.00  0.00 -2.40 1.000  00  01O000M000  0.000
VAL01A0064_001  0.000  0.40 -3.99  0.09  0.00 -3.50 1.000  00  01O000M000  0.000
LYS01A0065_001  0.000  1.32 -3.40  1.40  0.00 -0.68 1.000  00  01O000M000  0.048
LYS+1A0065_002  1.000  1.27 -3.41  1.40  0.00 -0.74 1.000  00  +1O000M000  0.048
THR01A0066_001  0.000 -0.18 -2.08  0.55  0.00 -1.72 0.668  00  01O000M000  0.036
THR01A0066_002  0.000 -0.18 -2.08  0.55  0.00 -1.72 0.668  00  01O000M000  0.036
THR01A0066_003  0.000 -0.18 -2.08  0.17  0.00 -2.09 0.668  00  01O000M000  0.036
LEU01A0067_001  0.000  1.45 -5.56  0.61  0.00 -3.51 1.000  00  01O000M000  0.022
PRO01A0068_001  0.000 -3.44 -1.87  0.00  0.00 -5.31 1.000  00  01O000M000  0.398
GLU01A0069_001  0.000 -1.56 -2.90  4.40  0.00 -0.06 1.000  00  01O000M000  0.561
GLU01A0069_002  0.000 -1.56 -2.90  1.68  0.00 -2.78 1.000  00  01O000M000  0.561
GLU02A0069_003  0.000 -1.51 -2.90  4.40  0.00 -0.00 1.000  00  02O000M000  0.585
GLU02A0069_004  0.000 -1.51 -2.90  1.68  0.00 -2.72 1.000  00  02O000M000  0.585
GLU-1A0069_005 -1.000 -1.56 -2.84  1.68  0.00 -2.72 1.000  00  -1O000M000  0.558
VAL01A0070_001  0.000 -8.63  0.97  0.01  0.00 -7.64 1.000  00  01O000M000  0.898
CYS01A0071_001  0.000 -0.07 -3.55  0.16  0.00 -3.47 1.000  00  01O000M000  0.010
CYS01A0071_002  0.000 -0.07 -3.59  0.16  0.00 -3.50 1.000  00  01O000M000  0.010
CYS01A0071_003  0.000 -0.07 -3.51  0.16  0.00 -3.43 1.000  00  01O000M000  0.010
CYS-1A0071_004 -1.000 -0.07 -3.45  0.16  0.00 -3.36 1.000  00  -1O000M000  0.010
SER01A0072_001  0.000 -2.89 -1.12  0.44  0.00 -3.57 0.665  00  01O000M000  0.493
SER01A0072_002  0.000 -2.89 -1.12  0.44  0.00 -3.57 0.665  00  01O000M000  0.493
SER01A0072_003  0.000 -2.89 -1.12  0.07  0.00 -3.95 0.665  00  01O000M000  0.493
GLU01A0073_001  0.000 -1.28 -1.35  3.10  0.00  0.47 1.000  00  01O000M000  0.646
GLU01A0073_002  0.000 -1.28 -1.35  0.38  0.00 -2.25 1.000  00  01O000M000  0.646
GLU02A0073_003  0.000 -1.68 -1.34  3.10  0.00  0.07 1.000  00  02O000M000  0.643
GLU02A0073_004  0.000 -1.68 -1.34  0.38  0.00 -2.65 1.000  00  02O000M000  0.643
GLU-1A0073_005 -1.000 -1.66 -1.32  0.38  0.00 -2.61 1.000  00  -1O000M000  0.644
GLN01A0074_001  0.000 -0.21  0.71  3.03  0.00  3.54 1.000  00  01O000M000  0.348
ASP01A0075_001  0.000 -1.66 -1.60  3.23  0.00 -0.02 1.000  00  01O000M000  0.401
ASP01A0075_002  0.000 -1.66 -1.60  0.51  0.00 -2.74 1.000  00  01O000M000  0.401
ASP02A0075_003  0.000 -1.52 -1.87  3.23  0.00 -0.15 1.000  00  02O000M000  0.402
ASP02A0075_004  0.000 -1.52 -1.87  0.51  0.00 -2.87 1.000  00  02O000M000  0.402
ASP-1A0075_005 -1.000 -1.61 -1.88  0.51  0.00 -2.97 1.000  00  -1O000M000  0.404
GLU01A0076_001  0.000  4.01 -3.62  5.15  0.00  5.53 1.000  00  01O000M000  0.082
GLU01A0076_002  0.000  4.01 -3.62  2.43  0.00  2.81 1.000  00  01O000M000  0.082
GLU02A0076_003  0.000  3.11 -3.61  5.15  0.00  4.65 1.000  00  02O000M000  0.086
GLU02A0076_004  0.000  3.11 -3.61  2.43  0.00  1.93 1.000  00  02O000M000  0.086
GLU-1A0076_005 -1.000  3.08 -3.56  2.43  0.00  1.94 1.000  00  -1O000M000  0.085
LEU01A0077_001  0.000  1.15 -1.97  0.49  0.00 -0.32 1.000  00  01O000M000  0.013
ASP01A0078_001  0.000 -1.01 -1.72  3.37  0.00  0.64 1.000  00  01O000M000  0.241
ASP01A0078_002  0.000 -1.01 -1.72  0.65  0.00 -2.08 1.000  00  01O000M000  0.241
ASP02A0078_003  0.000 -0.96 -2.21  3.37  0.00  0.20 1.000  00  02O000M000  0.247
ASP02A0078_004  0.000 -0.96 -2.21  0.65  0.00 -2.52 1.000  00  02O000M000  0.247
ASP-1A0078_005 -1.000 -1.00 -2.12  0.65  0.00 -2.47 1.000  00  -1O000M000  0.244
PHE01A0079_001  0.000  3.92-10.20  0.52  0.00 -5.76 1.000  00  01O000M000  0.042
LEU01A0080_001  0.000  1.19 -4.73  0.42  0.00 -3.12 1.000  00  01O000M000  0.000
MET01A0081_001  0.000  3.75 -2.28  1.10  0.00  2.57 1.000  00  01O000M000  0.006
GLU01A0082_001  0.000  1.18 -2.85  3.57  0.00  1.89 1.000  00  01O000M000  0.024
GLU01A0082_002  0.000  1.18 -2.85  0.85  0.00 -0.83 1.000  00  01O000M000  0.024
GLU02A0082_003  0.000  1.00 -2.83  3.57  0.00  1.73 1.000  00  02O000M000  0.015
GLU02A0082_004  0.000  1.00 -2.83  0.85  0.00 -0.99 1.000  00  02O000M000  0.015
GLU-1A0082_005 -1.000  0.91 -2.79  0.85  0.00 -1.03 1.000  00  -1O000M000  0.016
ALA01A0083_001  0.000  0.00 -1.45  0.00  0.00 -1.45 1.000  00  01O000M000  0.000
LEU01A0084_001  0.000  1.28 -7.13  0.60  0.00 -5.26 1.000  00  01O000M000  0.000
ILE01A0085_001  0.000  1.33 -2.59  0.74  0.00 -0.52 1.000  00  01O000M000  0.000
ILE01A0086_001  0.000  1.20 -2.77  1.06  0.00 -0.50 1.000  00  01O000M000  0.000
SER01A0087_001  0.000 -0.73 -1.99  0.48  0.00 -2.24 0.663  00  01O000M000  0.120
SER01A0087_002  0.000 -0.73 -1.99  0.48  0.00 -2.24 0.663  00  01O000M000  0.120
SER01A0087_003  0.000 -0.73 -1.99  0.11  0.00 -2.62 0.663  00  01O000M000  0.120
LYS01A0088_001  0.000  0.73 -6.45  3.42  0.00 -2.29 1.000  00  01O000M000  0.210
LYS+1A0088_002  1.000  0.67 -6.55  3.42  0.00 -2.46 1.000  00  +1O000M000  0.210
PHE01A0089_001  0.000  5.24 -4.98  0.13  0.00  0.39 1.000  00  01O000M000  0.000
ASN01A0090_001  0.000 -3.26  0.97  0.31  0.00 -1.97 0.760  00  01O000M000  0.745
ASN01A0090_002  0.000 -3.23  2.03  0.32  0.00 -0.88 0.740  00  01R001M000  0.690
HIS01A0091_001  0.000 -1.35 -6.02  0.28  0.00 -7.09 0.747  00  01O000M000  0.106
HIS01A0091_002  0.000 -0.97  1.34  0.28  0.00  0.65 0.753  00  01R001M000  0.083
HIS02A0091_003  0.000 -1.37 -6.21  0.28  0.00 -7.29 0.747  00  02O000M000  0.106
HIS02A0091_004  0.000 -0.98  1.39  0.28  0.00  0.68 0.753  00  02R001M000  0.083
HIS+1A0091_005  1.000 -1.40 -6.23  0.28  0.00 -7.34 0.747  00  +1O000M000  0.106
HIS+1A0091_006  1.000 -1.01  1.31  0.28  0.00  0.58 0.753  00  +1R001M000  0.083
GLN01A0092_001  0.000 -2.03  0.46  1.78  0.00  0.21 1.000  00  01O000M000  0.585
ASN01A0093_001  0.000  0.10 -5.29  1.01  0.00 -4.19 0.744  00  01O000M000  0.049
ASN01A0093_002  0.000  0.18 -5.64  0.99  0.00 -4.47 0.756  00  01R001M000  0.066
ILE01A0094_001  0.000  2.18 -3.10  0.42  0.00 -0.49 1.000  00  01O000M000  0.000
VAL01A0095_001  0.000  0.72 -0.91  0.00  0.00 -0.19 1.000  00  01O000M000  0.000
ARG01A0096_001  0.000 -4.21 -6.44  0.54  0.00-10.11 1.000  00  01O000M000  0.365
ARG02A0096_002  0.000 -4.25 -6.40  0.54  0.00-10.12 1.000  00  02O000M000  0.365
ARG02A0096_003  0.000 -4.19 -6.43  0.54  0.00-10.08 1.000  00  02O000M000  0.365
ARG03A0096_004  0.000 -4.25 -6.43  0.54  0.00-10.14 1.000  00  03O000M000  0.365
ARG+1A0096_005  1.000 -4.29 -6.47  0.54  0.00-10.22 1.000  00  +1O000M000  0.365
CYS01A0097_001  0.000 -0.00 -5.09  0.05  0.00 -5.04 1.000  00  01O000M000  0.000
CYS01A0097_002  0.000 -0.00 -5.02  0.05  0.00 -4.97 1.000  00  01O000M000  0.000
CYS01A0097_003  0.000 -0.00 -4.92  0.05  0.00 -4.87 1.000  00  01O000M000  0.000
CYS-1A0097_004 -1.000  0.00 -4.86  0.05  0.00 -4.80 1.000  00  -1O000M000  0.000
ILE01A0098_001  0.000  0.21 -0.79  1.05  0.00  0.46 1.000  00  01O000M000  0.119
VAL01A0100_001  0.000  0.43 -3.14  0.01  0.00 -2.70 1.000  00  01O000M000  0.000
SER01A0101_001  0.000  0.00 -2.91  0.39  0.00 -2.52 0.666  00  01O000M000  0.000
SER01A0101_002  0.000  0.00 -2.91  0.39  0.00 -2.52 0.666  00  01O000M000  0.000
SER01A0101_003  0.000  0.00 -2.91  0.02  0.00 -2.90 0.666  00  01O000M000  0.000
LEU01A0102_001  0.000  1.32 -4.03  0.42  0.00 -2.30 1.000  00  01O000M000  0.000
GLN01A0103_001  0.000 -2.04 -1.03  0.57  0.00 -2.50 0.752  00  01O000M000  0.638
GLN01A0103_002  0.000 -1.69 -1.02  0.57  0.00 -2.14 0.748  00  01R001M000  0.704
SER01A0104_001  0.000 -1.70 -1.50  0.68  0.00 -2.51 0.667  00  01O000M000  0.274
LEU01A0105_001  0.000 -3.78 -2.37  0.51  0.00 -5.64 1.000  00  01O000M000  0.427
PRO01A0106_001  0.000 -2.70 -1.81  0.00  0.00 -4.51 1.000  00  01O000M000  0.303
ARG01A0107_001  0.000  0.61 -6.88  2.24  0.00 -4.04 1.000  00  01O000M000  0.063
ARG02A0107_002  0.000  0.59 -6.86  2.24  0.00 -4.03 1.000  00  02O000M000  0.063
ARG03A0107_003  0.000  0.59 -6.87  2.24  0.00 -4.05 1.000  00  03O000M000  0.063
ARG03A0107_004  0.000  0.59 -6.88  2.24  0.00 -4.06 1.000  00  03O000M000  0.063
ARG+1A0107_005  1.000  0.55 -6.90  2.24  0.00 -4.12 1.000  00  +1O000M000  0.063
PHE01A0108_001  0.000  3.36 -5.48  0.01  0.00 -2.11 1.000  00  01O000M000  0.043
ILE01A0109_001  0.000  2.33 -4.71  0.59  0.00 -1.79 1.000  00  01O000M000  0.000
LEU01A0110_001  0.000  1.54 -6.58  0.57  0.00 -4.46 1.000  00  01O000M000  0.000
LEU01A0111_001  0.000  2.19 -4.21  0.79  0.00 -1.22 1.000  00  01O000M000  0.000
GLU01A0112_001  0.000  0.93 -4.44  3.00  0.00 -0.50 1.000  00  01O000M000  0.236
GLU01A0112_002  0.000  0.93 -4.44  0.28  0.00 -3.22 1.000  00  01O000M000  0.236
GLU02A0112_003  0.000  0.49 -4.65  3.00  0.00 -1.16 1.000  00  02O000M000  0.245
GLU02A0112_004  0.000  0.49 -4.65  0.28  0.00 -3.88 1.000  00  02O000M000  0.245
GLU-1A0112_005 -1.000  0.42 -4.60  0.28  0.00 -3.89 1.000  00  -1O000M000  0.247
LEU01A0113_001  0.000  0.77 -6.09  0.63  0.00 -4.70 1.000  00  01O000M000  0.086
MET01A0114_001  0.000  0.60 -6.82  0.41  0.00 -5.82 1.000  00  01O000M000  0.000
ALA01A0115_001  0.000 -1.78 -1.22  0.00  0.00 -3.00 1.000  00  01O000M000  0.324
ASP01A0118_001  0.000 -0.56 -5.77  4.29  0.00 -2.04 1.000  00  01O000M000  0.219
ASP01A0118_002  0.000 -0.56 -5.77  1.57  0.00 -4.76 1.000  00  01O000M000  0.219
ASP02A0118_003  0.000 -0.42 -5.50  4.29  0.00 -1.63 1.000  00  02O000M000  0.195
ASP02A0118_004  0.000 -0.42 -5.50  1.57  0.00 -4.35 1.000  00  02O000M000  0.195
ASP-1A0118_005 -1.000 -0.56 -5.73  1.57  0.00 -4.73 1.000  00  -1O000M000  0.211
LEU01A0119_001  0.000  1.31 -3.12  0.53  0.00 -1.29 1.000  00  01O000M000  0.000
LYS01A0120_001  0.000 -1.14 -4.47  1.39  0.00 -4.21 1.000  00  01O000M000  0.158
LYS+1A0120_002  1.000 -1.20 -4.39  1.39  0.00 -4.20 1.000  00  +1O000M000  0.158
SER01A0121_001  0.000 -1.62 -1.24  0.38  0.00 -2.48 0.670  00  01O000M000  0.270
SER01A0121_002  0.000 -1.62 -1.24  0.38  0.00 -2.48 0.670  00  01O000M000  0.270
SER01A0121_003  0.000 -1.62 -1.24  0.00  0.00 -2.85 0.670  00  01O000M000  0.270
PHE01A0122_001  0.000  4.42 -6.62  0.16  0.00 -2.04 1.000  00  01O000M000  0.026
LEU01A0123_001  0.000  1.73 -6.74  0.61  0.00 -4.41 1.000  00  01O000M000  0.000
ARG01A0124_001  0.000 -3.55 -5.45  0.43  0.00 -8.57 1.000  00  01O000M000  0.406
ARG02A0124_002  0.000 -3.45 -5.47  0.43  0.00 -8.49 1.000  00  02O000M000  0.406
ARG03A0124_003  0.000 -3.57 -5.46  0.43  0.00 -8.60 1.000  00  03O000M000  0.406
ARG+1A0124_004  1.000 -3.62 -5.49  0.43  0.00 -8.68 1.000  00  +1O000M000  0.406
GLU01A0125_001  0.000 -0.17 -2.44  3.07  0.00  0.46 1.000  00  01O000M000  0.386
GLU01A0125_002  0.000 -0.17 -2.44  0.35  0.00 -2.26 1.000  00  01O000M000  0.386
GLU02A0125_003  0.000 -0.58 -2.43  3.07  0.00  0.06 1.000  00  02O000M000  0.404
GLU02A0125_004  0.000 -0.58 -2.43  0.35  0.00 -2.66 1.000  00  02O000M000  0.404
GLU-1A0125_005 -1.000 -0.57 -2.39  0.35  0.00 -2.61 1.000  00  -1O000M000  0.394
THR01A0126_001  0.000 -1.15  3.58  0.98  0.00  3.41 0.660  00  01O000M000  0.164
THR01A0126_002  0.000 -1.15  3.58  0.98  0.00  3.41 0.660  00  01O000M000  0.164
ARG01A0127_001  0.000  0.13 -3.70  1.25  0.00 -2.32 1.000  00  01O000M000  0.104
ARG02A0127_002  0.000  0.09 -3.58  1.25  0.00 -2.24 1.000  00  02O000M000  0.104
ARG02A0127_003  0.000  0.15 -3.57  1.25  0.00 -2.18 1.000  00  02O000M000  0.104
ARG03A0127_004  0.000  0.08 -3.54  1.25  0.00 -2.21 1.000  00  03O000M000  0.104
ARG+1A0127_005  1.000  0.05 -3.59  1.25  0.00 -2.29 1.000  00  +1O000M000  0.104
PRO01A0128_001  0.000  0.27 -5.20  0.00  0.00 -4.92 1.000  00  01O000M000  0.000
ARG01A0129_001  0.000 -2.92 -5.43  0.62  0.00 -7.73 1.000  00  01O000M000  0.257
ARG02A0129_002  0.000 -2.94 -5.87  0.62  0.00 -8.19 1.000  00  02O000M000  0.257
ARG02A0129_003  0.000 -2.93 -5.42  0.62  0.00 -7.74 1.000  00  02O000M000  0.257
ARG03A0129_004  0.000 -2.93 -5.22  0.62  0.00 -7.53 1.000  00  03O000M000  0.257
ARG+1A0129_005  1.000 -2.98 -5.44  0.62  0.00 -7.80 1.000  00  +1O000M000  0.257
PRO01A0130_001  0.000 -3.45 -2.90  0.00  0.00 -6.35 1.000  00  01O000M000  0.368
SER01A0131_001  0.000 -4.37 -0.44  0.70  0.00 -4.11 0.672  00  01O000M000  0.755
GLN01A0132_001  0.000 -0.05 -3.82  0.43  0.00 -3.44 0.749  00  01O000M000  0.415
GLN01A0132_002  0.000 -0.66 -3.48  0.43  0.00 -3.71 0.751  00  01R001M000  0.368
PRO01A0133_001  0.000 -4.37 -0.79  0.00  0.00 -5.16 1.000  00  01O000M000  0.464
SER01A0134_001  0.000 -4.73  0.09  0.41  0.00 -4.24 0.670  00  01O000M000  0.829
SER01A0135_001  0.000 -0.07 -0.70  0.60  0.00 -0.16 0.670  00  01O000M000  0.011
LEU01A0136_001  0.000  1.84 -3.90  1.13  0.00 -0.94 1.000  00  01O000M000  0.000
ALA01A0137_001  0.000 -2.83 -0.99  0.00  0.00 -3.82 1.000  00  01O000M000  0.504
MET01A0138_001  0.000  0.26 -6.35  1.02  0.00 -5.07 1.000  00  01O000M000  0.000
LEU01A0139_001  0.000 -2.24  3.79  2.65  0.00  4.20 1.000  00  01O000M000  0.313
ASP01A0140_001  0.000 -0.36 -2.78  3.60  0.00  0.46 1.000  00  01O000M000  0.158
ASP01A0140_002  0.000 -0.36 -2.78  0.88  0.00 -2.26 1.000  00  01O000M000  0.158
ASP02A0140_003  0.000 -0.36 -2.42  3.60  0.00  0.82 1.000  00  02O000M000  0.167
ASP02A0140_004  0.000 -0.36 -2.42  0.88  0.00 -1.90 1.000  00  02O000M000  0.167
ASP-1A0140_005 -1.000 -0.46 -2.81  0.88  0.00 -2.39 1.000  00  -1O000M000  0.169
LEU01A0141_001  0.000  1.25 -5.50  0.49  0.00 -3.76 1.000  00  01O000M000  0.000
LEU01A0142_001  0.000  1.54 -5.77  0.73  0.00 -3.50 1.000  00  01O000M000  0.000
HIS01A0143_001  0.000 -4.12 -4.34  0.32  0.00 -8.14 0.753  00  01O000M000  0.336
HIS01A0143_002  0.000 -4.46 -4.48  0.32  0.00 -8.62 0.747  00  01R001M000  0.355
HIS02A0143_003  0.000 -4.14 -4.36  0.32  0.00 -8.18 0.753  00  02O000M000  0.336
HIS02A0143_004  0.000 -4.47 -4.56  0.32  0.00 -8.71 0.747  00  02R001M000  0.355
HIS+1A0143_005  1.000 -4.16 -4.37  0.32  0.00 -8.21 0.753  00  +1O000M000  0.336
HIS+1A0143_006  1.000 -4.49 -4.57  0.32  0.00 -8.75 0.747  00  +1R001M000  0.355
VAL01A0144_001  0.000  0.40 -1.40  0.37  0.00 -0.63 1.000  00  01O000M000  0.000
ALA01A0145_001  0.000  0.00 -1.83  0.00  0.00 -1.83 1.000  00  01O000M000  0.000
ARG01A0146_001  0.000 -2.21 -5.76  1.18  0.00 -6.80 1.000  00  01O000M000  0.330
ARG02A0146_002  0.000 -2.23 -5.76  1.18  0.00 -6.81 1.000  00  02O000M000  0.330
ARG02A0146_003  0.000 -2.14 -5.75  1.18  0.00 -6.70 1.000  00  02O000M000  0.330
ARG03A0146_004  0.000 -2.24 -5.77  1.18  0.00 -6.83 1.000  00  03O000M000  0.330
ARG03A0146_005  0.000 -2.24 -5.76  1.18  0.00 -6.82 1.000  00  03O000M000  0.330
ARG+1A0146_006  1.000 -2.28 -5.78  1.18  0.00 -6.89 1.000  00  +1O000M000  0.330
ASP01A0147_001  0.000 -0.46 -2.45  3.07  0.00  0.17 1.000  00  01O000M000  0.117
ASP01A0147_002  0.000 -0.46 -2.45  0.35  0.00 -2.55 1.000  00  01O000M000  0.117
ASP02A0147_003  0.000 -0.37 -2.46  3.07  0.00  0.25 1.000  00  02O000M000  0.117
ASP02A0147_004  0.000 -0.37 -2.46  0.35  0.00 -2.47 1.000  00  02O000M000  0.117
ASP-1A0147_005 -1.000 -0.40 -2.74  0.35  0.00 -2.79 1.000  00  -1O000M000  0.109
ILE01A0148_001  0.000  1.15 -3.74  0.41  0.00 -2.18 1.000  00  01O000M000  0.000
ALA01A0149_001  0.000  0.00 -2.35  0.00  0.00 -2.35 1.000  00  01O000M000  0.000
CYS01A0150_001  0.000 -1.60 -2.37  0.47  0.00 -3.50 1.000  00  01O000M000  0.223
CYS01A0150_002  0.000 -1.60 -2.34  0.47  0.00 -3.48 1.000  00  01O000M000  0.223
CYS01A0150_003  0.000 -1.60 -2.33  0.47  0.00 -3.46 1.000  00  01O000M000  0.223
CYS-1A0150_004 -1.000 -1.60 -2.32  0.47  0.00 -3.45 1.000  00  -1O000M000  0.223
CYS01A0152_001  0.000 -0.00 -3.39  0.15  0.00 -3.25 1.000  00  01O000M000  0.000
CYS01A0152_002  0.000 -0.00 -3.46  0.15  0.00 -3.32 1.000  00  01O000M000  0.000
CYS01A0152_003  0.000 -0.00 -3.39  0.15  0.00 -3.24 1.000  00  01O000M000  0.000
CYS-1A0152_004 -1.000  0.00 -3.36  0.15  0.00 -3.21 1.000  00  -1O000M000  0.000
GLN01A0153_001  0.000 -0.38 -4.33  0.91  0.00 -3.80 0.750  00  01O000M000  0.338
GLN01A0153_002  0.000 -0.63 -4.19  0.88  0.00 -3.94 0.750  00  01R001M000  0.317
TYR01A0154_001  0.000  2.74 -6.82  0.29  0.00 -3.78 1.000  00  01O000M000  0.127
TYR-1A0154_002 -1.000  2.74 -6.82  0.29  0.00 -3.78 1.000  00  -1O000M000  0.127
LEU01A0155_001  0.000  1.40 -3.98  0.43  0.00 -2.15 1.000  00  01O000M000  0.000
GLU01A0156_001  0.000 -0.19 -3.10  3.91  0.00  0.63 1.000  00  01O000M000  0.165
GLU01A0156_002  0.000 -0.19 -3.10  1.19  0.00 -2.09 1.000  00  01O000M000  0.165
GLU02A0156_003  0.000 -0.25 -3.31  3.91  0.00  0.36 1.000  00  02O000M000  0.178
GLU02A0156_004  0.000 -0.25 -3.31  1.19  0.00 -2.36 1.000  00  02O000M000  0.178
GLU-1A0156_005 -1.000 -0.31 -3.23  1.19  0.00 -2.35 1.000  00  -1O000M000  0.170
GLU01A0157_001  0.000 -0.48 -2.84  3.19  0.00 -0.13 1.000  00  01O000M000  0.532
GLU01A0157_002  0.000 -0.48 -2.84  0.47  0.00 -2.85 1.000  00  01O000M000  0.532
GLU02A0157_003  0.000 -0.83 -2.82  3.19  0.00 -0.46 1.000  00  02O000M000  0.528
GLU02A0157_004  0.000 -0.83 -2.82  0.47  0.00 -3.18 1.000  00  02O000M000  0.528
GLU-1A0157_005 -1.000 -0.83 -2.78  0.47  0.00 -3.14 1.000  00  -1O000M000  0.526
ASN01A0158_001  0.000 -0.77 -2.30  1.44  0.00 -1.63 0.753  00  01O000M000  0.258
ASN01A0158_002  0.000 -0.98 -2.71  1.50  0.00 -2.19 0.747  00  01R001M000  0.276
HIS01A0159_001  0.000 -8.89 -2.16  0.29  0.00-10.76 0.746  00  01O000M000  0.740
HIS01A0159_002  0.000 -9.35 -2.14  0.29  0.00-11.20 0.754  00  01R001M000  0.786
HIS02A0159_003  0.000 -8.90 -2.20  0.29  0.00-10.81 0.746  00  02O000M000  0.740
HIS02A0159_004  0.000 -9.36 -2.18  0.29  0.00-11.25 0.754  00  02R001M000  0.786
HIS+1A0159_005  1.000 -8.93 -2.21  0.29  0.00-10.85 0.746  00  +1O000M000  0.740
HIS+1A0159_006  1.000 -9.39 -2.19  0.29  0.00-11.29 0.754  00  +1R001M000  0.786
PHE01A0160_001  0.000  3.75 -6.29  0.09  0.00 -2.44 1.000  00  01O000M000  0.043
ILE01A0161_001  0.000  0.23 -1.14  0.73  0.00 -0.18 1.000  00  01O000M000  0.148
HIS01A0162_001  0.000 -0.15 -2.89  0.07  0.00 -2.97 1.000  00  01O000M000  0.000
HIS02A0162_002  0.000 -0.17 -3.50  0.07  0.00 -3.61 1.000  00  02O000M000  0.000
HIS+1A0162_003  1.000 -0.20 -3.12  0.07  0.00 -3.25 1.000  00  +1O000M000  0.000
ARG01A0163_001  0.000  0.30  0.47  3.13  0.00  3.90 1.000  00  01O000M000  0.157
ARG02A0163_002  0.000  0.34  0.48  3.13  0.00  3.95 1.000  00  02O000M000  0.157
ARG03A0163_003  0.000  0.26  0.47  3.13  0.00  3.86 1.000  00  03O000M000  0.157
ARG+1A0163_004  1.000  0.22  0.46  3.13  0.00  3.81 1.000  00  +1O000M000  0.157
ASP01A0164_001  0.000 -0.37 -1.01  3.16  0.00  1.78 1.000  00  01O000M000  0.110
ASP01A0164_002  0.000 -0.37 -1.01  0.44  0.00 -0.94 1.000  00  01O000M000  0.110
ASP02A0164_003  0.000 -0.31 -1.27  3.16  0.00  1.57 1.000  00  02O000M000  0.113
ASP02A0164_004  0.000 -0.31 -1.27  0.44  0.00 -1.15 1.000  00  02O000M000  0.113
ASP-1A0164_005 -1.000 -0.37 -1.20  0.44  0.00 -1.14 1.000  00  -1O000M000  0.111
ILE01A0165_001  0.000  1.71 -3.10  0.57  0.00 -0.82 1.000  00  01O000M000  0.000
ALA01A0166_001  0.000  0.00 -1.21  0.00  0.00 -1.21 1.000  00  01O000M000  0.000
ALA01A0167_001  0.000  0.00 -1.76  0.00  0.00 -1.76 1.000  00  01O000M000  0.000
ARG01A0168_001  0.000 -2.46 -3.18  2.72  0.00 -2.92 1.000  00  01O000M000  0.312
ARG02A0168_002  0.000 -2.49 -3.16  2.72  0.00 -2.94 1.000  00  02O000M000  0.312
ARG02A0168_003  0.000 -2.48 -3.17  2.72  0.00 -2.94 1.000  00  02O000M000  0.312
ARG03A0168_004  0.000 -2.48 -3.18  2.72  0.00 -2.94 1.000  00  03O000M000  0.312
ARG03A0168_005  0.000 -2.40 -3.18  2.72  0.00 -2.86 1.000  00  03O000M000  0.312
ARG+1A0168_006  1.000 -2.53 -3.19  2.72  0.00 -3.00 1.000  00  +1O000M000  0.312
ASN01A0169_001  0.000 -0.19 -1.13  0.59  0.00 -0.74 0.751  00  01O000M000  0.100
ASN01A0169_002  0.000 -0.28 -0.67  0.58  0.00 -0.37 0.749  00  01R001M000  0.078
CYS01A0170_001  0.000 -0.00 -4.48  0.00  0.00 -4.47 1.000  00  01O000M000  0.000
CYS01A0170_002  0.000 -0.00 -4.57  0.00  0.00 -4.57 1.000  00  01O000M000  0.000
CYS01A0170_003  0.000 -0.00 -4.45  0.00  0.00 -4.45 1.000  00  01O000M000  0.000
CYS-1A0170_004 -1.000  0.00 -4.41  0.00  0.00 -4.41 1.000  00  -1O000M000  0.000
LEU01A0171_001  0.000  1.99 -6.32  0.55  0.00 -3.78 1.000  00  01O000M000  0.000
LEU01A0172_001  0.000  1.95 -7.58  0.52  0.00 -5.11 1.000  00  01O000M000  0.000
THR01A0173_001  0.000 -1.56 -1.68  0.45  0.00 -2.79 0.669  00  01O000M000  0.195
THR01A0173_002  0.000 -1.56 -1.68  0.45  0.00 -2.79 0.669  00  01O000M000  0.195
THR01A0173_003  0.000 -1.56 -1.68  0.07  0.00 -3.17 0.669  00  01O000M000  0.195
CYS01A0174_001  0.000 -2.52 -3.40  0.00  0.00 -5.92 1.000  00  01O000M000  0.341
CYS01A0174_002  0.000 -2.52 -3.50  0.00  0.00 -6.02 1.000  00  01O000M000  0.341
CYS01A0174_003  0.000 -2.53 -3.33  0.00  0.00 -5.85 1.000  00  01O000M000  0.341
CYS-1A0174_004 -1.000 -2.52 -3.26  0.00  0.00 -5.78 1.000  00  -1O000M000  0.341
PRO01A0175_001  0.000 -4.59 -1.85  0.00  0.00 -6.44 1.000  00  01O000M000  0.501
PRO01A0177_001  0.000 -7.51 -0.12  0.00  0.00 -7.63 1.000  00  01O000M000  0.830
ARG01A0179_001  0.000  1.36 -8.18  1.14  0.00 -5.67 1.000  00  01O000M000  0.031
ARG02A0179_002  0.000  1.33 -8.30  1.14  0.00 -5.83 1.000  00  02O000M000  0.031
ARG02A0179_003  0.000  1.42 -8.30  1.14  0.00 -5.73 1.000  00  02O000M000  0.031
ARG03A0179_004  0.000  1.33 -8.28  1.14  0.00 -5.82 1.000  00  03O000M000  0.031
ARG03A0179_005  0.000  1.33 -8.16  1.14  0.00 -5.69 1.000  00  03O000M000  0.031
ARG+1A0179_006  1.000  1.29 -8.32  1.14  0.00 -5.90 1.000  00  +1O000M000  0.031
VAL01A0180_001  0.000 -2.79 -0.83  0.02  0.00 -3.60 1.000  00  01O000M000  0.307
ALA01A0181_001  0.000  0.00 -2.16  0.00  0.00 -2.16 1.000  00  01O000M000  0.000
LYS01A0182_001  0.000 -0.15 -7.26  1.36  0.00 -6.06 1.000  00  01O000M000  0.074
LYS+1A0182_002  1.000 -0.20 -7.31  1.36  0.00 -6.15 1.000  00  +1O000M000  0.074
ILE01A0183_001  0.000  1.37 -4.11  0.50  0.00 -2.24 1.000  00  01O000M000  0.000
ASP01A0185_001  0.000  0.04 -3.49  3.77  0.00  0.32 1.000  00  01O000M000  0.087
ASP01A0185_002  0.000  0.04 -3.49  1.05  0.00 -2.40 1.000  00  01O000M000  0.087
ASP02A0185_003  0.000  0.07 -3.22  3.77  0.00  0.61 1.000  00  02O000M000  0.082
ASP02A0185_004  0.000  0.07 -3.22  1.05  0.00 -2.11 1.000  00  02O000M000  0.082
ASP-1A0185_005 -1.000 -0.03 -3.44  1.05  0.00 -2.42 1.000  00  -1O000M000  0.087
PHE01A0186_001  0.000  4.75 -4.49  0.14  0.00  0.40 1.000  00  01O000M000  0.000
MET01A0188_001  0.000  6.32 -3.73  0.71  0.00  3.30 1.000  00  01O000M000  0.134
ALA01A0189_001  0.000 -0.10 -1.73  0.00  0.00 -1.83 1.000  00  01O000M000  0.019
ARG01A0190_001  0.000  2.22 -9.79  1.15  0.00 -6.42 1.000  00  01O000M000  0.038
ARG02A0190_002  0.000  2.19 -9.85  1.15  0.00 -6.51 1.000  00  02O000M000  0.038
ARG03A0190_003  0.000  2.18 -9.87  1.15  0.00 -6.54 1.000  00  03O000M000  0.038
ARG03A0190_004  0.000  2.19 -9.85  1.15  0.00 -6.51 1.000  00  03O000M000  0.038
ARG+1A0190_005  1.000  2.14 -9.89  1.15  0.00 -6.60 1.000  00  +1O000M000  0.038
ASP01A0191_001  0.000 -0.89 -2.57  2.99  0.00 -0.47 1.000  00  01O000M000  0.221
ASP01A0191_002  0.000 -0.89 -2.57  0.27  0.00 -3.19 1.000  00  01O000M000  0.221
ASP02A0191_003  0.000 -0.88 -2.98  2.99  0.00 -0.87 1.000  00  02O000M000  0.245
ASP02A0191_004  0.000 -0.88 -2.98  0.27  0.00 -3.59 1.000  00  02O000M000  0.245
ASP-1A0191_005 -1.000 -0.87 -2.91  0.27  0.00 -3.51 1.000  00  -1O000M000  0.226
ILE01A0192_001  0.000 -1.86  5.78  0.79  0.00  4.71 1.000  00  01O000M000  0.251
TYR01A0193_001  0.000 -0.07 -5.33  0.64  0.00 -4.76 1.000  00  01O000M000  0.284
TYR-1A0193_002 -1.000 -0.07 -5.33  0.64  0.00 -4.76 1.000  00  -1O000M000  0.284
ARG01A0194_001  0.000  1.37 -5.26  0.59  0.00 -3.30 1.000  00  01O000M000  0.110
ARG02A0194_002  0.000  1.32 -5.27  0.59  0.00 -3.35 1.000  00  02O000M000  0.110
ARG02A0194_003  0.000  1.33 -5.27  0.59  0.00 -3.35 1.000  00  02O000M000  0.110
ARG03A0194_004  0.000  1.33 -5.24  0.59  0.00 -3.32 1.000  00  03O000M000  0.110
ARG03A0194_005  0.000  1.38 -5.25  0.59  0.00 -3.27 1.000  00  03O000M000  0.110
ARG+1A0194_006  1.000  1.28 -5.29  0.59  0.00 -3.41 1.000  00  +1O000M000  0.110
ALA01A0195_001  0.000 -0.36 29.78  0.00  0.00 29.42 1.000  00  01O000M000  0.067
SER01A0196_001  0.000 -4.66999.00  0.51  0.00999.00 0.666  00  01O000M000  0.890
TYR01A0197_001  0.000 -3.73 55.52  1.81  0.00 53.60 1.000  00  01O000M000  0.667
TYR-1A0197_002 -1.000 -3.73 55.52  1.81  0.00 53.60 1.000  00  -1O000M000  0.667
TYR01A0198_001  0.000  0.64 -0.94  2.03  0.00  1.73 1.000  00  01O000M000  0.506
TYR01A0198_002  0.000  0.64 -0.94  2.03  0.00  1.73 1.000  00  01O000M000  0.506
TYR-1A0198_003 -1.000  0.64 -0.94  2.03  0.00  1.73 1.000  00  -1O000M000  0.506
ARG01A0199_001  0.000 -5.43999.00 12.68  0.00999.00 1.000  00  01O000M000  0.378
ARG02A0199_002  0.000 -5.47999.00 12.68  0.00999.00 1.000  00  02O000M000  0.378
ARG03A0199_003  0.000 -5.47999.00 12.68  0.00999.00 1.000  00  03O000M000  0.378
ARG+1A0199_004  1.000 -5.51999.00 12.68  0.00999.00 1.000  00  +1O000M000  0.378
LYS01A0200_001  0.000999.00  8.36  3.45  0.00999.00 1.000  00  01O000M000  0.455
LYS+1A0200_002  1.000999.00  8.34  3.45  0.00999.00 1.000  00  +1O000M000  0.455
CYS01A0203_001  0.000 -0.50999.00  0.45  0.00999.00 1.000  00  01O000M000  0.069
CYS01A0203_002  0.000 -0.50999.00  0.45  0.00999.00 1.000  00  01O000M000  0.069
CYS01A0203_003  0.000 -0.50999.00  0.45  0.00999.00 1.000  00  01O000M000  0.069
CYS-1A0203_004 -1.000 -0.50999.00  0.45  0.00999.00 1.000  00  -1O000M000  0.069
ALA01A0204_001  0.000 -4.82 -0.37  0.00  0.00 -5.19 1.000  00  01O000M000  0.886
MET01A0205_001  0.000 -7.98 -0.70  0.08  0.00 -8.59 1.000  00  01O000M000  0.841
LEU01A0206_001  0.000  0.88 -3.81  0.97  0.00 -1.96 1.000  00  01O000M000  0.076
PRO01A0207_001  0.000  0.08  0.92  0.00  0.00  1.00 1.000  00  01O000M000  0.016
VAL01A0208_001  0.000  0.57 -0.93  0.08  0.00 -0.27 1.000  00  01O000M000  0.000
LYS01A0209_001  0.000 -0.54 -4.94  2.01  0.00 -3.46 1.000  00  01O000M000  0.079
LYS+1A0209_002  1.000 -0.58 -5.03  2.01  0.00 -3.60 1.000  00  +1O000M000  0.079
TRP01A0210_001  0.000  1.72 -9.98  0.18  0.00 -8.08 1.000  00  01O000M000  0.045
MET01A0211_001  0.000 -0.34 -5.64  0.90  0.00 -5.08 1.000  00  01O000M000  0.032
PRO01A0212_001  0.000  0.32 -0.41  0.00  0.00 -0.09 1.000  00  01O000M000  0.000
PRO01A0213_001  0.000  0.34 -2.01  0.00  0.00 -1.67 1.000  00  01O000M000  0.000
GLU01A0214_001  0.000  2.08 -4.20  4.30  0.00  2.18 1.000  00  01O000M000  0.076
GLU01A0214_002  0.000  2.08 -4.20  1.58  0.00 -0.54 1.000  00  01O000M000  0.076
GLU02A0214_003  0.000  1.60 -4.54  4.30  0.00  1.36 1.000  00  02O000M000  0.082
GLU02A0214_004  0.000  1.60 -4.54  1.58  0.00 -1.36 1.000  00  02O000M000  0.082
GLU-1A0214_005 -1.000  1.52 -4.43  1.58  0.00 -1.32 1.000  00  -1O000M000  0.084
ALA01A0215_001  0.000  0.00 -0.98  0.00  0.00 -0.98 1.000  00  01O000M000  0.000
PHE01A0216_001  0.000  3.54 -8.23  0.28  0.00 -4.40 1.000  00  01O000M000  0.045
MET01A0217_001  0.000 -6.02 -1.80  0.31  0.00 -7.51 1.000  00  01O000M000  0.480
GLU01A0218_001  0.000 -3.03 -1.02  3.51  0.00 -0.53 1.000  00  01O000M000  0.794
GLU01A0218_002  0.000 -3.03 -1.02  0.79  0.00 -3.25 1.000  00  01O000M000  0.794
GLU02A0218_003  0.000 -3.11 -1.19  3.51  0.00 -0.79 1.000  00  02O000M000  0.800
GLU02A0218_004  0.000 -3.11 -1.19  0.79  0.00 -3.51 1.000  00  02O000M000  0.800
GLU-1A0218_005 -1.000 -3.07 -1.15  0.79  0.00 -3.43 1.000  00  -1O000M000  0.785
ILE01A0220_001  0.000 -4.19 -0.12  0.62  0.00 -3.69 1.000  00  01O000M000  0.543
PHE01A0221_001  0.000  2.28 -5.09  0.16  0.00 -2.66 1.000  00  01O000M000  0.134
THR01A0222_001  0.000 -3.22  0.89  0.66  0.00 -1.67 0.670  00  01O000M000  0.382
THR01A0222_002  0.000 -3.22  0.89  0.28  0.00 -2.05 0.670  00  01O000M000  0.382
SER01A0223_001  0.000 -0.85 -2.01  0.76  0.00 -2.10 0.671  00  01O000M000  0.144
SER01A0223_002  0.000 -0.85 -2.01  0.39  0.00 -2.47 0.671  00  01O000M000  0.144
LYS01A0224_001  0.000 -2.39 -6.24  1.01  0.00 -7.62 1.000  00  01O000M000  0.227
LYS+1A0224_002  1.000 -2.44 -6.33  1.01  0.00 -7.76 1.000  00  +1O000M000  0.227
THR01A0225_001  0.000  0.13  0.54  0.63  0.00  1.30 0.668  00  01O000M000  0.011
THR01A0225_002  0.000  0.13  0.54  0.63  0.00  1.30 0.668  00  01O000M000  0.011
THR01A0225_003  0.000  0.13  0.54  0.26  0.00  0.93 0.668  00  01O000M000  0.011
ASP01A0226_001  0.000  0.04 -2.79  3.21  0.00  0.47 1.000  00  01O000M000  0.000
ASP01A0226_002  0.000  0.04 -2.79  0.49  0.00 -2.25 1.000  00  01O000M000  0.000
ASP02A0226_003  0.000  0.11 -2.90  3.21  0.00  0.42 1.000  00  02O000M000  0.000
ASP02A0226_004  0.000  0.11996.10  0.49  0.00996.70 1.000  00  02O000M000  0.000
ASP-1A0226_005 -1.000  0.04 -3.25  0.49  0.00 -2.72 1.000  00  -1O000M000  0.000
THR01A0227_001  0.000  0.16 -3.36  0.53  0.00 -2.67 0.663  00  01O000M000  0.000
THR01A0227_002  0.000  0.16 -3.36  0.15  0.00 -3.05 0.663  00  01O000M000  0.000
TRP01A0228_001  0.000  2.86-13.47  0.02  0.00-10.59 1.000  00  01O000M000  0.000
SER01A0229_001  0.000 -0.12 -1.45  0.38  0.00 -1.20 0.665  00  01O000M000  0.020
SER01A0229_002  0.000 -0.12 -1.45  0.00  0.00 -1.57 0.665  00  01O000M000  0.020
PHE01A0230_001  0.000  4.30 -8.01  0.07  0.00 -3.64 1.000  00  01O000M000  0.000
VAL01A0232_001  0.000  0.32 -4.10  0.00  0.00 -3.78 1.000  00  01O000M000  0.000
LEU01A0233_001  0.000  1.09 -3.63  0.64  0.00 -1.90 1.000  00  01O000M000  0.000
LEU01A0234_001  0.000  2.30 -4.75  1.37  0.00 -1.07 1.000  00  01O000M000  0.000
TRP01A0235_001  0.000  1.96-11.83  0.28  0.00 -9.59 1.000  00  01O000M000  0.049
GLU01A0236_001  0.000  0.60 -4.22  4.06  0.00  0.43 1.000  00  01O000M000  0.000
GLU01A0236_002  0.000  0.60 -4.22  1.34  0.00 -2.29 1.000  00  01O000M000  0.000
GLU02A0236_003  0.000  0.64 -4.92  4.06  0.00 -0.23 1.000  00  02O000M000  0.000
GLU02A0236_004  0.000  0.64 -4.92  1.34  0.00 -2.95 1.000  00  02O000M000  0.000
GLU-1A0236_005 -1.000  0.50 -4.81  1.34  0.00 -2.98 1.000  00  -1O000M000  0.000
ILE01A0237_001  0.000  1.79 -4.15  0.66  0.00 -1.69 1.000  00  01O000M000  0.000
PHE01A0238_001  0.000  4.23 -4.61  0.33  0.00 -0.06 1.000  00  01O000M000  0.000
SER01A0239_001  0.000 -0.19 -2.64  0.80  0.00 -2.03 0.665  00  01O000M000  0.033
SER01A0239_002  0.000 -0.19 -2.64  0.80  0.00 -2.03 0.665  00  01O000M000  0.033
LEU01A0240_001  0.000  1.25 -1.19  0.61  0.00  0.66 1.000  00  01O000M000  0.004
TYR01A0242_001  0.000 -1.69 -2.20  0.68  0.00 -3.22 1.000  00  01O000M000  0.407
TYR-1A0242_002 -1.000 -1.69 -2.20  0.68  0.00 -3.22 1.000  00  -1O000M000  0.407
MET01A0243_001  0.000 -5.17 -2.59  0.16  0.00 -7.60 1.000  00  01O000M000  0.472
PRO01A0244_001  0.000  0.35 -1.20  0.00  0.00 -0.85 1.000  00  01O000M000  0.000
TYR01A0245_001  0.000  4.08 -4.20  0.18  0.00  0.07 1.000  00  01O000M000  0.000
TYR01A0245_002  0.000  4.08 -4.20  0.18  0.00  0.07 1.000  00  01O000M000  0.000
TYR-1A0245_003 -1.000  4.08 -4.20  0.18  0.00  0.07 1.000  00  -1O000M000  0.000
PRO01A0246_001  0.000 -3.55  0.11  0.00  0.00 -3.45 1.000  00  01O000M000  0.408
SER01A0247_001  0.000 -4.23 10.51  1.72  0.00  8.00 0.658  00  01O000M000  0.724
SER01A0247_002  0.000 -4.23 10.51  1.72  0.00  8.00 0.658  00  01O000M000  0.724
LYS01A0248_001  0.000 -1.78 -5.20  2.15  0.00 -4.83 1.000  00  01O000M000  0.269
LYS+1A0248_002  1.000 -1.85 -5.21  2.15  0.00 -4.91 1.000  00  +1O000M000  0.269
SER01A0249_001  0.000 -2.87 -1.24  0.45  0.00 -3.66 0.667  00  01O000M000  0.476
SER01A0249_002  0.000 -2.87 -1.24  0.45  0.00 -3.66 0.667  00  01O000M000  0.476
ASN01A0250_001  0.000 -1.30 -2.16  0.74  0.00 -2.71 0.753  00  01O000M000  0.291
ASN01A0250_002  0.000 -1.45 -0.75  0.74  0.00 -1.45 0.747  00  01R001M000  0.295
GLN01A0251_001  0.000 -1.90 -2.76  0.39  0.00 -4.28 0.755  00  01O000M000  0.541
GLN01A0251_002  0.000 -1.36 -2.29  0.39  0.00 -3.27 0.745  00  01R001M000  0.494
GLU01A0252_001  0.000 -1.23 -1.51  3.55  0.00  0.81 1.000  00  01O000M000  0.560
GLU01A0252_002  0.000 -1.23 -1.51  0.83  0.00 -1.91 1.000  00  01O000M000  0.560
GLU02A0252_003  0.000 -1.64 -2.21  3.55  0.00 -0.29 1.000  00  02O000M000  0.588
GLU02A0252_004  0.000 -1.64 -2.21  0.83  0.00 -3.01 1.000  00  02O000M000  0.588
GLU-1A0252_005 -1.000 -1.56 -2.17  0.83  0.00 -2.90 1.000  00  -1O000M000  0.569
VAL01A0253_001  0.000  0.58 -0.77  0.12  0.00 -0.07 1.000  00  01O000M000  0.000
LEU01A0254_001  0.000  0.40 -3.61  0.67  0.00 -2.54 1.000  00  01O000M000  0.145
GLU01A0255_001  0.000 -1.45 -2.60  3.09  0.00 -0.96 1.000  00  01O000M000  0.683
GLU01A0255_002  0.000 -1.45 -2.60  0.37  0.00 -3.68 1.000  00  01O000M000  0.683
GLU02A0255_003  0.000 -1.75 -2.58  3.09  0.00 -1.25 1.000  00  02O000M000  0.660
GLU02A0255_004  0.000 -1.75 -2.58  0.37  0.00 -3.97 1.000  00  02O000M000  0.660
GLU-1A0255_005 -1.000 -1.75 -2.54  0.37  0.00 -3.92 1.000  00  -1O000M000  0.664
PHE01A0256_001  0.000  0.69 -7.45  0.02  0.00 -6.74 1.000  00  01O000M000  0.277
VAL01A0257_001  0.000  0.65 -0.39  0.02  0.00  0.29 1.000  00  01O000M000  0.000
THR01A0258_001  0.000 -1.82  0.16  0.38  0.00 -1.28 0.665  00  01O000M000  0.239
THR01A0258_002  0.000 -1.82  0.16  0.38  0.00 -1.28 0.665  00  01O000M000  0.239
SER01A0259_001  0.000 -3.29 -1.34  0.91  0.00 -3.73 0.667  00  01O000M000  0.561
ARG01A0262_001  0.000 -1.18 -3.04  0.69  0.00 -3.53 1.000  00  01O000M000  0.159
ARG02A0262_002  0.000 -1.20 -2.94  0.69  0.00 -3.45 1.000  00  02O000M000  0.159
ARG02A0262_003  0.000 -1.12 -3.76  0.69  0.00 -4.19 1.000  00  02O000M000  0.159
ARG03A0262_004  0.000 -1.20 -2.98  0.69  0.00 -3.49 1.000  00  03O000M000  0.159
ARG+1A0262_005  1.000 -1.24 -3.13  0.69  0.00 -3.68 1.000  00  +1O000M000  0.159
MET01A0263_001  0.000  0.16 -4.28  1.17  0.00 -2.95 1.000  00  01O000M000  0.017
ASP01A0264_001  0.000 -3.23 -0.47  3.11  0.00 -0.58 1.000  00  01O000M000  0.736
ASP01A0264_002  0.000 -3.23 -0.47  0.39  0.00 -3.30 1.000  00  01O000M000  0.736
ASP02A0264_003  0.000 -3.04 -0.76  3.11  0.00 -0.69 1.000  00  02O000M000  0.719
ASP02A0264_004  0.000 -3.04 -0.76  0.39  0.00 -3.41 1.000  00  02O000M000  0.719
ASP-1A0264_005 -1.000 -3.10 -0.72  0.39  0.00 -3.43 1.000  00  -1O000M000  0.744
PRO01A0265_001  0.000 -2.83 -1.97  0.00  0.00 -4.79 1.000  00  01O000M000  0.353
PRO01A0266_001  0.000  0.30 -3.77  0.00  0.00 -3.47 1.000  00  01O000M000  0.000
LYS01A0267_001  0.000 -7.56 -1.70  1.92  0.00 -7.33 1.000  00  01O000M000  0.651
LYS+1A0267_002  1.000 -7.60 -1.71  1.92  0.00 -7.39 1.000  00  +1O000M000  0.651
ASN01A0268_001  0.000 -1.63  1.19  0.30  0.00 -0.14 0.752  00  01O000M000  0.382
ASN01A0268_002  0.000 -1.90  2.44  0.30  0.00  0.84 0.748  00  01R001M000  0.406
CYS01A0269_001  0.000 -0.00 -4.15  0.15  0.00 -4.00 1.000  00  01O000M000  0.000
CYS01A0269_002  0.000 -0.00 -4.00  0.15  0.00 -3.85 1.000  00  01O000M000  0.000
CYS01A0269_003  0.000 -0.00 -4.01  0.15  0.00 -3.86 1.000  00  01O000M000  0.000
CYS-1A0269_004 -1.000  0.00 -3.94  0.15  0.00 -3.80 1.000  00  -1O000M000  0.000
PRO01A0270_001  0.000  0.10 -3.47  0.00  0.00 -3.37 1.000  00  01O000M000  0.022
PRO01A0272_001  0.000 -2.24 -1.54  0.00  0.00 -3.77 1.000  00  01O000M000  0.258
VAL01A0273_001  0.000  0.54 -0.71  0.06  0.00 -0.11 1.000  00  01O000M000  0.000
TYR01A0274_001  0.000  1.51 -6.11  0.01  0.00 -4.59 1.000  00  01O000M000  0.181
TYR01A0274_002  0.000  1.51 -6.11  0.01  0.00 -4.59 1.000  00  01O000M000  0.181
TYR-1A0274_003 -1.000  1.51 -6.11  0.01  0.00 -4.59 1.000  00  -1O000M000  0.181
ARG01A0275_001  0.000 -6.56 -6.32  1.62  0.00-11.26 1.000  00  01O000M000  0.549
ARG02A0275_002  0.000 -6.59 -6.30  1.62  0.00-11.28 1.000  00  02O000M000  0.549
ARG03A0275_003  0.000 -6.49 -6.32  1.62  0.00-11.20 1.000  00  03O000M000  0.549
ARG+1A0275_004  1.000 -6.63 -6.34  1.62  0.00-11.36 1.000  00  +1O000M000  0.549
ILE01A0276_001  0.000  2.75 -4.64  0.44  0.00 -1.46 1.000  00  01O000M000  0.000
MET01A0277_001  0.000  0.15 -6.69  1.07  0.00 -5.48 1.000  00  01O000M000  0.000
THR01A0278_001  0.000 -1.46 -2.09  0.41  0.00 -3.14 0.663  00  01O000M000  0.185
GLN01A0279_001  0.000 -1.69 -3.94  1.37  0.00 -4.25 0.746  00  01O000M000  0.436
GLN01A0279_002  0.000 -1.69 -3.98  1.38  0.00 -4.29 0.754  00  01R001M000  0.432
CYS01A0280_001  0.000 -0.00 -5.19  0.15  0.00 -5.04 1.000  00  01O000M000  0.000
CYS01A0280_002  0.000 -0.00 -5.25  0.15  0.00 -5.11 1.000  00  01O000M000  0.000
CYS01A0280_003  0.000 -0.00 -5.21  0.15  0.00 -5.07 1.000  00  01O000M000  0.000
CYS-1A0280_004 -1.000  0.00 -5.13  0.15  0.00 -4.98 1.000  00  -1O000M000  0.000
TRP01A0281_001  0.000  3.09-11.39  0.02  0.00 -8.28 1.000  00  01O000M000  0.000
GLN01A0282_001  0.000 -1.18 -5.77  1.46  0.00 -5.50 0.749  00  01O000M000  0.363
GLN01A0282_002  0.000 -1.31 -5.74  1.49  0.00 -5.56 0.751  00  01R001M000  0.392
HIS01A0283_001  0.000 -4.59 -3.38  0.02  0.00 -7.94 0.754  00  01O000M000  0.387
HIS01A0283_002  0.000 -4.85 -3.39  0.02  0.00 -8.22 0.746  00  01R001M000  0.416
HIS02A0283_003  0.000 -4.61 -3.42  0.02  0.00 -8.00 0.754  00  02O000M000  0.387
HIS02A0283_004  0.000 -4.86 -3.42  0.02  0.00 -8.25 0.746  00  02R001M000  0.416
HIS+1A0283_005  1.000 -4.64 -3.42  0.02  0.00 -8.04 0.754  00  +1O000M000  0.387
HIS+1A0283_006  1.000 -4.89 -3.44  0.02  0.00 -8.31 0.746  00  +1R001M000  0.416
GLN01A0284_001  0.000 -2.08 -2.21  1.71  0.00 -2.57 0.744  00  01O000M000  0.562
GLN01A0284_002  0.000 -2.11 -2.18  1.70  0.00 -2.59 0.756  00  01R001M000  0.544
PRO01A0285_001  0.000 -1.08 -0.02  0.00  0.00 -1.10 1.000  00  01O000M000  0.146
GLU01A0286_001  0.000 -0.97 -1.09  3.76  0.00  1.70 1.000  00  01O000M000  0.563
GLU01A0286_002  0.000 -0.97 -1.09  1.04  0.00 -1.02 1.000  00  01O000M000  0.563
GLU02A0286_003  0.000 -1.49 -1.32  3.76  0.00  0.94 1.000  00  02O000M000  0.592
GLU02A0286_004  0.000 -1.49 -1.32  1.04  0.00 -1.78 1.000  00  02O000M000  0.592
GLU-1A0286_005 -1.000 -1.33 -1.26  1.04  0.00 -1.56 1.000  00  -1O000M000  0.568
ASP01A0287_001  0.000 -2.58 -1.03  3.00  0.00 -0.61 1.000  00  01O000M000  0.598
ASP01A0287_002  0.000 -2.58 -1.03  0.28  0.00 -3.33 1.000  00  01O000M000  0.598
ASP02A0287_003  0.000 -2.57 -1.40  3.00  0.00 -0.97 1.000  00  02O000M000  0.603
ASP02A0287_004  0.000 -2.57 -1.40  0.28  0.00 -3.69 1.000  00  02O000M000  0.603
ASP-1A0287_005 -1.000 -2.58 -1.33  0.28  0.00 -3.64 1.000  00  -1O000M000  0.590
ARG01A0288_001  0.000  1.49-11.63  0.86  0.00 -9.28 1.000  00  01O000M000  0.000
ARG02A0288_002  0.000  1.45-11.39  0.86  0.00 -9.08 1.000  00  02O000M000  0.000
ARG02A0288_003  0.000  1.50-11.33  0.86  0.00 -8.96 1.000  00  02O000M000  0.000
ARG03A0288_004  0.000  1.44-11.39  0.86  0.00 -9.09 1.000  00  03O000M000  0.000
ARG03A0288_005  0.000  1.45-11.26  0.86  0.00 -8.95 1.000  00  03O000M000  0.000
ARG+1A0288_006  1.000  1.40-11.45  0.86  0.00 -9.18 1.000  00  +1O000M000  0.000
PRO01A0289_001  0.000  0.01 -3.30  0.00  0.00 -3.30 1.000  00  01O000M000  0.027
ASN01A0290_001  0.000 -1.73 -1.48  0.33  0.00 -2.88 0.748  00  01O000M000  0.432
ASN01A0290_002  0.000 -1.70  0.89  0.32  0.00 -0.50 0.752  00  01R001M000  0.392
PHE01A0291_001  0.000  4.11 -9.76  0.60  0.00 -5.05 1.000  00  01O000M000  0.000
ALA01A0292_001  0.000 -2.49 -0.62  0.00  0.00 -3.11 1.000  00  01O000M000  0.436
ILE01A0293_001  0.000 -3.29  0.21  0.43  0.00 -2.65 1.000  00  01O000M000  0.425
ILE01A0294_001  0.000  1.69 -4.38  0.68  0.00 -2.01 1.000  00  01O000M000  0.000
LEU01A0295_001  0.000  1.37 -5.45  1.38  0.00 -2.71 1.000  00  01O000M000  0.073
GLU01A0296_001  0.000 -1.43 -2.66  4.10  0.00  0.01 1.000  00  01O000M000  0.675
GLU01A0296_002  0.000 -1.43 -2.66  1.38  0.00 -2.71 1.000  00  01O000M000  0.675
GLU02A0296_003  0.000 -1.74 -2.63  4.10  0.00 -0.27 1.000  00  02O000M000  0.684
GLU02A0296_004  0.000 -1.74 -2.63  1.38  0.00 -2.99 1.000  00  02O000M000  0.684
GLU-1A0296_005 -1.000 -1.69 -2.60  1.38  0.00 -2.90 1.000  00  -1O000M000  0.669
ARG01A0297_001  0.000 -2.06 -4.72  1.05  0.00 -5.73 1.000  00  01O000M000  0.252
ARG02A0297_002  0.000 -2.12 -4.72  1.05  0.00 -5.79 1.000  00  02O000M000  0.252
ARG03A0297_003  0.000 -2.12 -4.64  1.05  0.00 -5.70 1.000  00  03O000M000  0.252
ARG+1A0297_004  1.000 -2.16 -4.74  1.05  0.00 -5.85 1.000  00  +1O000M000  0.252
ILE01A0298_001  0.000  2.69 -4.67  0.55  0.00 -1.43 1.000  00  01O000M000  0.000
GLU01A0299_001  0.000 -1.96 -3.75  3.58  0.00 -2.13 1.000  00  01O000M000  0.530
GLU01A0299_002  0.000 -1.96 -3.75  0.86  0.00 -4.85 1.000  00  01O000M000  0.530
GLU02A0299_003  0.000 -2.09 -3.73  3.58  0.00 -2.24 1.000  00  02O000M000  0.526
GLU02A0299_004  0.000 -2.09 -3.73  0.86  0.00 -4.96 1.000  00  02O000M000  0.526
GLU-1A0299_005 -1.000 -2.06 -3.67  0.86  0.00 -4.88 1.000  00  -1O000M000  0.521
TYR01A0300_001  0.000 -6.55 -3.49  0.60  0.00 -9.45 1.000  00  01O000M000  0.728
TYR-1A0300_002 -1.000 -6.55 -3.49  0.60  0.00 -9.45 1.000  00  -1O000M000  0.728
CYS01A0301_001  0.000 -0.07 -3.83  0.40  0.00 -3.50 1.000  00  01O000M000  0.010
CYS01A0301_002  0.000 -0.07 -3.84  0.40  0.00 -3.51 1.000  00  01O000M000  0.010
CYS01A0301_003  0.000 -0.07 -3.83  0.40  0.00 -3.51 1.000  00  01O000M000  0.010
CYS-1A0301_004 -1.000 -0.07 -3.73  0.40  0.00 -3.41 1.000  00  -1O000M000  0.010
THR01A0302_001  0.000 -1.26 -1.48  0.39  0.00 -2.35 0.674  00  01O000M000  0.177
THR01A0302_002  0.000 -1.26 -1.48  0.39  0.00 -2.35 0.674  00  01O000M000  0.177
GLN01A0303_001  0.000 -3.13 -2.92  1.32  0.00 -4.73 0.751  00  01O000M000  0.754
GLN01A0303_002  0.000 -2.97 -3.04  1.33  0.00 -4.68 0.749  00  01R001M000  0.720
ASP01A0304_001  0.000 -1.31 -0.95  2.74  0.00  0.49 1.000  00  01O000M000  0.311
ASP01A0304_002  0.000 -1.31 -0.95  0.02  0.00 -2.23 1.000  00  01O000M000  0.311
ASP02A0304_003  0.000 -1.12 -1.85  2.74  0.00 -0.23 1.000  00  02O000M000  0.292
ASP02A0304_004  0.000 -1.12 -1.85  0.02  0.00 -2.95 1.000  00  02O000M000  0.292
ASP-1A0304_005 -1.000 -1.17 -1.77  0.02  0.00 -2.91 1.000  00  -1O000M000  0.284
PRO01A0305_001  0.000 -5.20 -0.17  0.00  0.00 -5.37 1.000  00  01O000M000  0.559
ASP01A0306_001  0.000 -3.30  0.34  2.93  0.00 -0.03 1.000  00  01O000M000  0.754
ASP01A0306_002  0.000 -3.30  0.34  0.21  0.00 -2.75 1.000  00  01O000M000  0.754
ASP02A0306_003  0.000 -3.34 -0.18  2.93  0.00 -0.59 1.000  00  02O000M000  0.760
ASP02A0306_004  0.000 -3.34 -0.18  0.21  0.00 -3.31 1.000  00  02O000M000  0.760
ASP-1A0306_005 -1.000 -3.17 -0.15  0.21  0.00 -3.11 1.000  00  -1O000M000  0.753
VAL01A0307_001  0.000  0.27 -2.33  0.23  0.00 -1.83 1.000  00  01O000M000  0.005
ILE01A0308_001  0.000 -0.57 -5.71  0.47  0.00 -5.81 1.000  00  01O000M000  0.157
ASN01A0309_001  0.000 -2.68 -0.70  0.69  0.00 -2.69 0.755  00  01O000M000  0.634
ASN01A0309_002  0.000 -2.79  0.35  0.68  0.00 -1.76 0.745  00  01R001M000  0.623
THR01A0310_001  0.000 -0.84 -2.71  0.39  0.00 -3.16 0.664  00  01O000M000  0.118
THR01A0310_002  0.000 -0.84 -2.71  0.39  0.00 -3.16 0.664  00  01O000M000  0.118
THR01A0310_003  0.000 -0.84 -2.71  0.01  0.00 -3.54 0.664  00  01O000M000  0.118
ALA01A0311_001  0.000 -3.07 -0.50  0.00  0.00 -3.57 1.000  00  01O000M000  0.559
LEU01A0312_001  0.000  1.35 -4.70  0.84  0.00 -2.51 1.000  00  01O000M000  0.008
PRO01A0313_001  0.000 -0.43 -2.17  0.00  0.00 -2.60 1.000  00  01O000M000  0.083
ILE01A0314_001  0.000 -1.47 -2.96  0.58  0.00 -3.86 1.000  00  01O000M000  0.304
GLU01A0315_001  0.000 -1.50 -0.66  4.07  0.00  1.91 1.000  00  01O000M000  0.423
GLU01A0315_002  0.000 -1.50 -0.66  1.35  0.00 -0.81 1.000  00  01O000M000  0.423
GLU02A0315_003  0.000 -1.56 -0.65  4.07  0.00  1.86 1.000  00  02O000M000  0.440
GLU02A0315_004  0.000 -1.56 -0.65  1.35  0.00 -0.86 1.000  00  02O000M000  0.440
GLU-1A0315_005 -1.000 -1.52 -0.62  1.35  0.00 -0.79 1.000  00  -1O000M000  0.415
TYR01A0316_001  0.000 -7.93 -1.63  0.02  0.00 -9.54 1.000  00  01O000M000  0.864
TYR-1A0316_002 -1.000 -7.93 -1.63  0.02  0.00 -9.54 1.000  00  -1O000M000  0.864
EMH+1B0001_001  0.999358.95 67.57  0.00  0.00426.52 0.000  00  +1O000M000  0.238
EMH01B0001_002  0.000346.60 67.58  0.00  0.00414.18 0.000  00  01O000M000  0.238
EMHDMB0001_003  0.000  0.00  0.00  0.00  0.00  0.00 0.000  00  DMO000M000   -nan
