iConf CONFORMER     FL  occ    crg   Em0  pKa0 ne nH    vdw0    vdw1    tors    epol   dsolv   extra    history
00001 SER01A0001_001 f 0.00  0.000     0  0.00  0  0   0.000  -1.885   0.382   2.414   1.698   0.000 01O000M000t
00002 SER01A0001_002 f 0.00  0.000     0  0.00  0  0   0.000  -1.885   0.382  -1.624   0.497   0.000 01O000M000t
00003 THR01A0002_001 f 0.00  0.000     0  0.00  0  0  -6.484  -0.075   0.494  -0.021   0.255   0.000 01O000M000t
00004 ILE01A0003_001 f 0.00  0.000     0  0.00  0  0  -0.960   3.119   1.598   0.000   0.000   0.000 01O000M000t
00005 MET01A0004_001 f 0.00  0.000     0  0.00  0  0   0.004  -4.624   0.103   0.106   0.087   0.000 01O000M000t
00006 THR01A0005_001 f 0.00  0.000     0  0.00  0  0  -4.966   0.017   0.758  -0.006  -0.111   0.000 01O000M000t
00007 THR01A0005_002 f 0.00  0.000     0  0.00  0  0  -4.966   0.017   0.758  -0.802   0.665   0.000 01O000M000t
00008 THR01A0005_003 f 0.00  0.000     0  0.00  0  0  -4.966   0.017   0.383  -0.196   0.034   0.000 01O000M000t
00009 ASP01A0006_001 f 0.00  0.000     0  0.00  0  0  -2.586   0.560   3.146   0.425   0.825   0.000 01O000M000t
00010 ASP01A0006_002 f 0.00  0.000     0  0.00  0  0  -2.586   0.560   0.426   0.142   0.505   0.000 01O000M000t
00011 ASP02A0006_003 f 0.00  0.000     0  0.00  0  0  -2.478  -0.201   3.146   0.188  -0.368   0.000 02O000M000t
00012 ASP02A0006_004 f 0.00  0.000     0  0.00  0  0  -2.478  -0.201   0.426   0.138   1.029   0.000 02O000M000t
00013 ASP-1A0006_005 f 0.00 -1.000     0  4.75  0 -1  -2.552  -0.143   0.426  -0.070   1.054   0.000 -1O000M000t
00014 TYR01A0007_001 f 0.00  0.000     0  0.00  0  0  -3.710  -2.748   1.485   0.403  -0.050   0.000 01O000M000t
00015 TYR-1A0007_002 f 0.00 -1.000     0 10.20  0 -1  -3.710  -2.748   1.485   0.207   0.019   0.000 -1O000M000t
00016 ASN01A0008_001 f 0.00  0.000     0  0.00  0  0  -1.703  -0.817   0.410  -0.482   0.964   0.000 01O000M000t
00017 ASN01A0008_002 f 0.00  0.000     0  0.00  0  0  -1.809  -0.400   0.400   0.967   0.926   0.000 01R001M000t
00018 PRO01A0009_001 f 0.00  0.000     0  0.00  0  0  -0.692  -1.030   0.000   0.000   0.000   0.000 01O000M000t
00019 ASN01A0010_001 f 0.00  0.000     0  0.00  0  0  -2.259  -2.389   0.608   0.297   0.450   0.000 01O000M000t
00020 ASN01A0010_002 f 0.00  0.000     0  0.00  0  0  -2.425  -1.847   0.596   0.005   0.679   0.000 01R001M000t
00021 TYR01A0011_001 f 0.00  0.000     0  0.00  0  0   4.358  -9.012   0.181   0.031   1.794   0.000 01O000M000t
00022 TYR-1A0011_002 f 0.00 -1.000     0 10.20  0 -1   4.358  -9.012   0.181  -0.212   7.574   0.000 -1O000M000t
00023 CYS01A0012_001 f 0.00  0.000     0  0.00  0  0  -3.552  -2.173   0.003  -0.089   0.525   0.000 01O000M000t
00024 CYS01A0012_002 f 0.00  0.000     0  0.00  0  0  -3.552  -2.180   0.003  -0.067   0.227   0.000 01O000M000t
00025 CYS01A0012_003 f 0.00  0.000     0  0.00  0  0  -3.553  -2.126   0.003  -0.191   0.022   0.000 01O000M000t
00026 CYS-1A0012_004 f 0.00 -1.000     0  9.10  0 -1  -3.550  -2.111   0.003  -1.090   1.537   0.000 -1O000M000t
00027 PHE01A0013_001 f 0.00  0.000     0  0.00  0  0   3.761  -6.165   0.194   0.000   0.000   0.000 01O000M000t
00028 ALA01A0014_001 f 0.00  0.000     0  0.00  0  0  -1.561   2.871   0.000   0.000   0.000   0.000 01O000M000t
00029 LYS01A0016_001 f 0.00  0.000     0  0.00  0  0  -8.943  -2.427   1.070   0.018  -0.204   0.000 01O000M000t
00030 LYS+1A0016_002 f 0.00  1.000     0 10.40  0  1  -8.988  -2.431   1.070  -0.248  -0.445   0.000 +1O000M000t
00031 THR01A0017_001 f 0.00  0.000     0  0.00  0  0  -3.172  -1.745   0.377  -0.061   0.969   0.000 01O000M000t
00032 THR01A0017_002 f 0.00  0.000     0  0.00  0  0  -3.172  -1.745   0.002  -0.249   0.019   0.000 01O000M000t
00033 SER01A0018_001 f 0.00  0.000     0  0.00  0  0  -0.240  -1.939   0.380  -0.885   1.797   0.000 01O000M000t
00034 SER01A0018_002 f 0.00  0.000     0  0.00  0  0  -0.240  -1.939   0.380   0.294   1.863   0.000 01O000M000t
00035 SER01A0018_003 f 0.00  0.000     0  0.00  0  0  -0.240  -1.939   0.005  -0.643   1.357   0.000 01O000M000t
00036 SER01A0019_001 f 0.00  0.000     0  0.00  0  0  -0.891  -1.572   0.550  -0.521   0.175   0.000 01O000M000t
00037 SER01A0019_002 f 0.00  0.000     0  0.00  0  0  -0.891  -1.572   0.175  -1.310   0.250   0.000 01O000M000t
00038 ILE01A0020_001 f 0.00  0.000     0  0.00  0  0   0.002  -2.066   0.595   0.000   0.000   0.000 01O000M000t
00039 SER01A0021_001 f 0.00  0.000     0  0.00  0  0  -4.199  -0.848   0.375   0.485   0.758   0.000 01O000M000t
00040 SER01A0021_002 f 0.00  0.000     0  0.00  0  0  -4.199  -0.848   0.375  -0.078   0.337   0.000 01O000M000t
00041 ASP01A0022_001 f 0.00  0.000     0  0.00  0  0  -1.954  -2.206   3.431  -0.625  -0.310   0.000 01O000M000t
00042 ASP01A0022_002 f 0.00  0.000     0  0.00  0  0  -1.954  -2.206   0.711  -0.776   0.739   0.000 01O000M000t
00043 ASP02A0022_003 f 0.00  0.000     0  0.00  0  0  -1.678  -1.842   3.431   3.782   1.311   0.000 02O000M000t
00044 ASP02A0022_004 f 0.00  0.000     0  0.00  0  0  -1.678  -1.842   0.711  -0.359   0.678   0.000 02O000M000t
00045 ASP-1A0022_005 f 0.00 -1.000     0  4.75  0 -1  -1.870  -2.293   0.711  -2.063   1.734   0.000 -1O000M000t
00046 LEU01A0023_001 f 0.00  0.000     0  0.00  0  0   1.348  -6.085   0.510   0.000   0.000   0.000 01O000M000t
00047 LYS01A0024_001 f 0.00  0.000     0  0.00  0  0  -7.256  -2.264   1.040  -0.037  -0.143   0.000 01O000M000t
00048 LYS+1A0024_002 f 0.00  1.000     0 10.40  0  1  -7.344  -2.273   1.040  -0.557   0.161   0.000 +1O000M000t
00049 GLU01A0025_001 f 0.00  0.000     0  0.00  0  0   1.078  -5.545   3.555  -2.056   1.265   0.000 01O000M000t
00050 GLU01A0025_002 f 0.00  0.000     0  0.00  0  0   1.078  -5.545   0.835   2.653   2.509   0.000 01O000M000t
00051 GLU02A0025_003 f 0.00  0.000     0  0.00  0  0   0.671  -5.444   3.555  -2.153   1.112   0.000 02O000M000t
00052 GLU02A0025_004 f 0.00  0.000     0  0.00  0  0   0.671  -5.444   0.835   2.691   2.541   0.000 02O000M000t
00053 GLU-1A0025_005 f 0.00 -1.000     0  4.75  0 -1   0.648  -5.691   0.835  -6.454   7.372   0.000 -1O000M000t
00054 VAL01A0026_001 f 0.00  0.000     0  0.00  0  0  -0.691  -3.119   0.121   0.000   0.000   0.000 01O000M000t
00055 PRO01A0027_001 f 0.00  0.000     0  0.00  0  0  -3.805  -1.603   0.000   0.000   0.000   0.000 01O000M000t
00056 ARG01A0028_001 f 0.00  0.000     0  0.00  0  0  -1.986  -6.342   0.465  -2.171   3.888   0.000 01O000M000t
00057 ARG02A0028_002 f 0.00  0.000     0  0.00  0  0  -2.034  -6.234   0.465  -0.459   4.443   0.000 02O000M000t
00058 ARG03A0028_003 f 0.00  0.000     0  0.00  0  0  -2.038  -6.393   0.465   0.804   4.289   0.000 03O000M000t
00059 ARG03A0028_004 f 0.00  0.000     0  0.00  0  0  -2.033  -6.238   0.465  -1.719   4.220   0.000 03O000M000t
00060 ARG+1A0028_005 f 0.00  1.000     0 12.50  0  1  -2.078  -6.396   0.465  -3.163   7.518   0.000 +1O000M000t
00061 LYS01A0029_001 f 0.00  0.000     0  0.00  0  0  -7.557  -1.626   1.173  -0.101   0.422   0.000 01O000M000t
00062 LYS+1A0029_002 f 0.00  1.000     0 10.40  0  1  -7.647  -1.640   1.173   0.490   2.226   0.000 +1O000M000t
00063 ASN01A0030_001 f 0.00  0.000     0  0.00  0  0  -1.281  -2.087   0.392  -0.047   0.861   0.000 01O000M000t
00064 ASN01A0030_002 f 0.00  0.000     0  0.00  0  0  -1.368  -0.895   0.390   0.291   0.738   0.000 01R001M000t
00065 ILE01A0031_001 f 0.00  0.000     0  0.00  0  0   1.707  -2.729   0.614   0.000   0.000   0.000 01O000M000t
00066 THR01A0032_001 f 0.00  0.000     0  0.00  0  0  -4.359  -1.802   0.382  -0.227  -0.243   0.000 01O000M000t
00067 LEU01A0033_001 f 0.00  0.000     0  0.00  0  0  -1.729  -3.180   0.447   0.000   0.000   0.000 01O000M000t
00068 ILE01A0034_001 f 0.00  0.000     0  0.00  0  0  -2.016   1.073   0.428   0.000   0.000   0.000 01O000M000t
00069 ARG01A0035_001 f 0.00  0.000     0  0.00  0  0  -3.643  -1.791   1.264  -0.225   1.710   0.000 01O000M000t
00070 ARG02A0035_002 f 0.00  0.000     0  0.00  0  0  -3.688  -1.800   1.264   0.023   2.440   0.000 02O000M000t
00071 ARG02A0035_003 f 0.00  0.000     0  0.00  0  0  -3.683  -1.799   1.264  -0.096   2.341   0.000 02O000M000t
00072 ARG03A0035_004 f 0.00  0.000     0  0.00  0  0  -3.683  -1.800   1.264   0.002   2.353   0.000 03O000M000t
00073 ARG+1A0035_005 f 0.00  1.000     0 12.50  0  1  -3.727  -1.803   1.264   0.345   2.650   0.000 +1O000M000t
00074 LEU01A0037_001 f 0.00  0.000     0  0.00  0  0   1.789  -5.651   0.467   0.000   0.000   0.000 01O000M000t
00075 HIS01A0039_001 f 0.00  0.000     0  0.00  0  0  -7.845 254.111   2.047   0.319   0.932   0.000 01O000M000t
00076 HIS01A0039_002 f 0.00  0.000     0  0.00  0  0  -7.719 184.722   2.047   1.072   0.540   0.000 01R001M000t
00077 HIS02A0039_003 f 0.00  0.000     0  0.00  0  0  -7.858 254.274   2.047  -1.415   0.711   0.000 02O000M000t
00078 HIS02A0039_004 f 0.00  0.000     0  0.00  0  0  -7.731 186.319   2.047  -1.258   0.543   0.000 02R001M000t
00079 HIS+1A0039_005 f 0.00  1.000     0  6.98  0  1  -7.883 254.267   2.047  -1.606   1.353   0.000 +1O000M000t
00080 HIS+1A0039_006 f 0.00  1.000     0  6.98  0  1  -7.760 186.303   2.047  -1.313   0.276   0.000 +1R001M000t
00081 ALA01A0041_001 f 0.00  0.000     0  0.00  0  0  -4.787   7.918   0.000   0.000   0.000   0.000 01O000M000t
00082 PHE01A0042_001 f 0.00  0.000     0  0.00  0  0   1.245  -1.002   2.561   0.000   0.000   0.000 01O000M000t
00083 GLU01A0044_001 f 0.00  0.000     0  0.00  0  0  -0.947  -3.591   3.114   0.342   0.394   0.000 01O000M000t
00084 GLU01A0044_002 f 0.00  0.000     0  0.00  0  0  -0.947  -3.591   0.394   0.090   0.793   0.000 01O000M000t
00085 GLU02A0044_003 f 0.00  0.000     0  0.00  0  0  -1.300  -3.584   3.114   0.030  -0.245   0.000 02O000M000t
00086 GLU02A0044_004 f 0.00  0.000     0  0.00  0  0  -1.300  -3.584   0.394   0.024   0.988   0.000 02O000M000t
00087 GLU-1A0044_005 f 0.00 -1.000     0  4.75  0 -1  -1.348  -3.541   0.394  -0.629   1.535   0.000 -1O000M000t
00088 VAL01A0045_001 f 0.00  0.000     0  0.00  0  0   0.329  -3.995   0.041   0.000   0.000   0.000 01O000M000t
00089 TYR01A0046_001 f 0.00  0.000     0  0.00  0  0   2.005  -9.602   0.121   0.154   1.264   0.000 01O000M000t
00090 TYR01A0046_002 f 0.00  0.000     0  0.00  0  0   2.005  -9.602   0.121   0.027   1.170   0.000 01O000M000t
00091 TYR-1A0046_003 f 0.00 -1.000     0 10.20  0 -1   2.005  -9.602   0.121  -0.856   3.799   0.000 -1O000M000t
00092 GLU01A0047_001 f 0.00  0.000     0  0.00  0  0   0.540  -3.182   2.938   0.741   1.820   0.000 01O000M000t
00093 GLU01A0047_002 f 0.00  0.000     0  0.00  0  0   0.540  -3.182   0.218   0.108   1.300   0.000 01O000M000t
00094 GLU02A0047_003 f 0.00  0.000     0  0.00  0  0   0.152  -3.176   2.938   0.119   1.819   0.000 02O000M000t
00095 GLU02A0047_004 f 0.00  0.000     0  0.00  0  0   0.152  -3.176   0.218   0.023   1.451   0.000 02O000M000t
00096 GLU-1A0047_005 f 0.00 -1.000     0  4.75  0 -1   0.152  -3.136   0.218  -0.732   4.150   0.000 -1O000M000t
00097 GLN01A0049_001 f 0.00  0.000     0  0.00  0  0  -0.742  -4.069   1.041   0.030   0.438   0.000 01O000M000t
00098 GLN01A0049_002 f 0.00  0.000     0  0.00  0  0  -0.433  -4.094   1.067   0.030   0.697   0.000 01R001M000t
00099 VAL01A0050_001 f 0.00  0.000     0  0.00  0  0  -0.057  -2.015   0.082   0.000   0.000   0.000 01O000M000t
00100 SER01A0051_001 f 0.00  0.000     0  0.00  0  0  -0.997  -1.921   0.383  -0.251   1.313   0.000 01O000M000t
00101 SER01A0051_002 f 0.00  0.000     0  0.00  0  0  -0.997  -1.921   0.008  -0.678   0.505   0.000 01O000M000t
00102 MET01A0053_001 f 0.00  0.000     0  0.00  0  0  -3.606  21.393   5.210   0.142   0.062   0.000 01O000M000t
00103 PRO01A0054_001 f 0.00  0.000     0  0.00  0  0  -2.179  11.266   0.000   0.000   0.000   0.000 01O000M000t
00104 ASN01A0055_001 f 0.00  0.000     0  0.00  0  0  -3.207 251.335   1.911   0.336   0.570   0.000 01O000M000t
00105 ASN01A0055_002 f 0.00  0.000     0  0.00  0  0  -2.879  50.150   1.910  -0.150   0.175   0.000 01R001M000t
00106 ASP01A0056_001 f 0.00  0.000     0  0.00  0  0  -2.472 986.644   4.918   0.703   0.104   0.000 01O000M000t
00107 ASP01A0056_002 f 0.00  0.000     0  0.00  0  0  -2.472 986.644   2.198   0.243   0.585   0.000 01O000M000t
00108 ASP02A0056_003 f 0.00  0.000     0  0.00  0  0  -2.522 999.000   4.918   4.266   0.927   0.000 02O000M000t
00109 ASP02A0056_004 f 0.00  0.000     0  0.00  0  0  -2.522 999.000   2.198   0.354   0.469   0.000 02O000M000t
00110 ASP-1A0056_005 f 0.00 -1.000     0  4.75  0 -1  -2.492 986.704   2.198  -2.121   1.244   0.000 -1O000M000t
00111 PRO01A0057_001 f 0.00  0.000     0  0.00  0  0  -0.550 935.302   0.000   0.000   0.000   0.000 01O000M000t
00112 SER01A0058_001 f 0.00  0.000     0  0.00  0  0  -0.181 999.000   0.749  -4.137   1.313   0.000 01O000M000t
00113 SER01A0058_002 f 0.00  0.000     0  0.00  0  0  -0.181 999.000   0.749   1.328   0.847   0.000 01O000M000t
00114 PRO01A0059_001 f 0.00  0.000     0  0.00  0  0  -1.414 999.000   0.000   0.000   0.000   0.000 01O000M000t
00115 LEU01A0060_001 f 0.00  0.000     0  0.00  0  0  -4.596   0.082   2.435   0.000   0.000   0.000 01O000M000t
00116 GLN01A0061_001 f 0.00  0.000     0  0.00  0  0  -0.762  -3.382   1.057   0.351   2.135   0.000 01O000M000t
00117 GLN01A0061_002 f 0.00  0.000     0  0.00  0  0  -0.359  -3.165   1.058   0.245   1.314   0.000 01R001M000t
00118 VAL01A0062_001 f 0.00  0.000     0  0.00  0  0   0.522  -4.417   0.018   0.000   0.000   0.000 01O000M000t
00119 ALA01A0063_001 f 0.00  0.000     0  0.00  0  0   0.000  -2.396   0.000   0.000   0.000   0.000 01O000M000t
00120 VAL01A0064_001 f 0.00  0.000     0  0.00  0  0   0.400  -3.990   0.093   0.000   0.000   0.000 01O000M000t
00121 LYS01A0065_001 f 0.00  0.000     0  0.00  0  0   1.319  -3.400   1.400   0.068   0.610   0.000 01O000M000t
00122 LYS+1A0065_002 f 0.00  1.000     0 10.40  0  1   1.271  -3.409   1.400   1.338   4.511   0.000 +1O000M000t
00123 THR01A0066_001 f 0.00  0.000     0  0.00  0  0  -0.178  -2.083   0.545  -0.305   1.511   0.000 01O000M000t
00124 THR01A0066_002 f 0.00  0.000     0  0.00  0  0  -0.178  -2.083   0.545  -0.041   1.061   0.000 01O000M000t
00125 THR01A0066_003 f 0.00  0.000     0  0.00  0  0  -0.178  -2.083   0.170  -0.413   0.628   0.000 01O000M000t
00126 LEU01A0067_001 f 0.00  0.000     0  0.00  0  0   1.446  -5.561   0.606   0.000   0.000   0.000 01O000M000t
00127 PRO01A0068_001 f 0.00  0.000     0  0.00  0  0  -3.442  -1.869   0.000   0.000   0.000   0.000 01O000M000t
00128 GLU01A0069_001 f 0.00  0.000     0  0.00  0  0  -1.566  -2.897   4.403   0.356  -0.248   0.000 01O000M000t
00129 GLU01A0069_002 f 0.00  0.000     0  0.00  0  0  -1.566  -2.897   1.683   0.123   0.920   0.000 01O000M000t
00130 GLU02A0069_003 f 0.00  0.000     0  0.00  0  0  -1.508  -2.895   4.403   0.296   0.290   0.000 02O000M000t
00131 GLU02A0069_004 f 0.00  0.000     0  0.00  0  0  -1.508  -2.895   1.683   0.128   0.656   0.000 02O000M000t
00132 GLU-1A0069_005 f 0.00 -1.000     0  4.75  0 -1  -1.565  -2.841   1.683  -0.698   1.220   0.000 -1O000M000t
00133 VAL01A0070_001 f 0.00  0.000     0  0.00  0  0  -8.626   0.975   0.015   0.000   0.000   0.000 01O000M000t
00134 CYS01A0071_001 f 0.00  0.000     0  0.00  0  0  -0.073  -3.553   0.159  -0.319   0.363   0.000 01O000M000t
00135 CYS01A0071_002 f 0.00  0.000     0  0.00  0  0  -0.073  -3.587   0.159  -0.179   0.521   0.000 01O000M000t
00136 CYS01A0071_003 f 0.00  0.000     0  0.00  0  0  -0.074  -3.510   0.159  -0.056   0.830   0.000 01O000M000t
00137 CYS-1A0071_004 f 0.00 -1.000     0  9.10  0 -1  -0.071  -3.452   0.159  -1.045   5.299   0.000 -1O000M000t
00138 SER01A0072_001 f 0.00  0.000     0  0.00  0  0  -2.888  -1.125   0.441  -0.307   1.092   0.000 01O000M000t
00139 SER01A0072_002 f 0.00  0.000     0  0.00  0  0  -2.888  -1.125   0.441   2.762   1.545   0.000 01O000M000t
00140 SER01A0072_003 f 0.00  0.000     0  0.00  0  0  -2.888  -1.125   0.066  -1.951   0.457   0.000 01O000M000t
00141 GLU01A0073_001 f 0.00  0.000     0  0.00  0  0  -1.282  -1.352   3.101   0.304  -0.048   0.000 01O000M000t
00142 GLU01A0073_002 f 0.00  0.000     0  0.00  0  0  -1.282  -1.352   0.381   0.088   0.718   0.000 01O000M000t
00143 GLU02A0073_003 f 0.00  0.000     0  0.00  0  0  -1.684  -1.343   3.101   0.152  -0.134   0.000 02O000M000t
00144 GLU02A0073_004 f 0.00  0.000     0  0.00  0  0  -1.684  -1.343   0.381   0.068   0.762   0.000 02O000M000t
00145 GLU-1A0073_005 f 0.00 -1.000     0  4.75  0 -1  -1.664  -1.324   0.381  -0.501   0.520   0.000 -1O000M000t
00146 GLN01A0074_001 f 0.00  0.000     0  0.00  0  0  -0.207   0.713   3.031   0.271   0.261   0.000 01O000M000t
00147 ASP01A0075_001 f 0.00  0.000     0  0.00  0  0  -1.658  -1.599   3.234   0.394  -0.324   0.000 01O000M000t
00148 ASP01A0075_002 f 0.00  0.000     0  0.00  0  0  -1.658  -1.599   0.514  -0.103   0.758   0.000 01O000M000t
00149 ASP02A0075_003 f 0.00  0.000     0  0.00  0  0  -1.515  -1.868   3.234   2.095   1.176   0.000 02O000M000t
00150 ASP02A0075_004 f 0.00  0.000     0  0.00  0  0  -1.515  -1.868   0.514   0.082   0.731   0.000 02O000M000t
00151 ASP-1A0075_005 f 0.00 -1.000     0  4.75  0 -1  -1.608  -1.877   0.514  -2.487   1.382   0.000 -1O000M000t
00152 GLU01A0076_001 f 0.00  0.000     0  0.00  0  0   4.010  -3.624   5.147   0.923   1.851   0.000 01O000M000t
00153 GLU01A0076_002 f 0.00  0.000     0  0.00  0  0   4.010  -3.624   2.427   0.225   1.957   0.000 01O000M000t
00154 GLU02A0076_003 f 0.00  0.000     0  0.00  0  0   3.115  -3.612   5.147  -0.363   1.287   0.000 02O000M000t
00155 GLU02A0076_004 f 0.00  0.000     0  0.00  0  0   3.115  -3.612   2.427  -0.247   2.508   0.000 02O000M000t
00156 GLU-1A0076_005 f 0.00 -1.000     0  4.75  0 -1   3.077  -3.558   2.427  -1.859   7.048   0.000 -1O000M000t
00157 LEU01A0077_001 f 0.00  0.000     0  0.00  0  0   1.153  -1.977   0.489   0.000   0.000   0.000 01O000M000t
00158 ASP01A0078_001 f 0.00  0.000     0  0.00  0  0  -1.009  -1.725   3.373   0.624   1.516   0.000 01O000M000t
00159 ASP01A0078_002 f 0.00  0.000     0  0.00  0  0  -1.009  -1.725   0.653   0.119   0.743   0.000 01O000M000t
00160 ASP02A0078_003 f 0.00  0.000     0  0.00  0  0  -0.961  -2.210   3.373   0.285   0.657   0.000 02O000M000t
00161 ASP02A0078_004 f 0.00  0.000     0  0.00  0  0  -0.961  -2.210   0.653   0.168   1.418   0.000 02O000M000t
00162 ASP-1A0078_005 f 0.00 -1.000     0  4.75  0 -1  -1.004  -2.122   0.653  -0.524   4.188   0.000 -1O000M000t
00163 PHE01A0079_001 f 0.00  0.000     0  0.00  0  0   3.918 -10.203   0.524   0.000   0.000   0.000 01O000M000t
00164 LEU01A0080_001 f 0.00  0.000     0  0.00  0  0   1.189  -4.727   0.418   0.000   0.000   0.000 01O000M000t
00165 MET01A0081_001 f 0.00  0.000     0  0.00  0  0   3.746  -2.271   1.099   0.034   0.084   0.000 01O000M000t
00166 GLU01A0082_001 f 0.00  0.000     0  0.00  0  0   1.174  -2.854   3.569   0.006   1.316   0.000 01O000M000t
00167 GLU01A0082_002 f 0.00  0.000     0  0.00  0  0   1.174  -2.854   0.849  -0.000   1.503   0.000 01O000M000t
00168 GLU02A0082_003 f 0.00  0.000     0  0.00  0  0   0.999  -2.833   3.569   0.279   0.466   0.000 02O000M000t
00169 GLU02A0082_004 f 0.00  0.000     0  0.00  0  0   0.999  -2.833   0.849   0.136   1.907   0.000 02O000M000t
00170 GLU-1A0082_005 f 0.00 -1.000     0  4.75  0 -1   0.910  -2.790   0.849  -1.612   5.022   0.000 -1O000M000t
00171 ALA01A0083_001 f 0.00  0.000     0  0.00  0  0   0.000  -1.445   0.000   0.000   0.000   0.000 01O000M000t
00172 LEU01A0084_001 f 0.00  0.000     0  0.00  0  0   1.279  -7.135   0.597   0.000   0.000   0.000 01O000M000t
00173 ILE01A0085_001 f 0.00  0.000     0  0.00  0  0   1.335  -2.592   0.739   0.000   0.000   0.000 01O000M000t
00174 ILE01A0086_001 f 0.00  0.000     0  0.00  0  0   1.201  -2.774   1.065   0.000   0.000   0.000 01O000M000t
00175 SER01A0087_001 f 0.00  0.000     0  0.00  0  0  -0.732  -1.994   0.483   0.279   0.693   0.000 01O000M000t
00176 SER01A0087_002 f 0.00  0.000     0  0.00  0  0  -0.732  -1.994   0.483  -1.079   1.597   0.000 01O000M000t
00177 SER01A0087_003 f 0.00  0.000     0  0.00  0  0  -0.732  -1.994   0.108  -0.075   1.321   0.000 01O000M000t
00178 LYS01A0088_001 f 0.00  0.000     0  0.00  0  0   0.733  -6.447   3.421  -0.256   1.354   0.000 01O000M000t
00179 LYS+1A0088_002 f 0.00  1.000     0 10.40  0  1   0.668  -6.551   3.421  -1.794   9.829   0.000 +1O000M000t
00180 PHE01A0089_001 f 0.00  0.000     0  0.00  0  0   5.241  -4.974   0.127   0.000   0.000   0.000 01O000M000t
00181 ASN01A0090_001 f 0.00  0.000     0  0.00  0  0  -3.260   0.974   0.315  -0.148   0.280   0.000 01O000M000t
00182 ASN01A0090_002 f 0.00  0.000     0  0.00  0  0  -3.225   2.025   0.318   0.669   0.429   0.000 01R001M000t
00183 HIS01A0091_001 f 0.00  0.000     0  0.00  0  0  -1.349  -6.022   0.282  -2.640   2.935   0.000 01O000M000t
00184 HIS01A0091_002 f 0.00  0.000     0  0.00  0  0  -0.971   1.382   0.282   1.265   2.558   0.000 01R001M000t
00185 HIS02A0091_003 f 0.00  0.000     0  0.00  0  0  -1.369  -6.206   0.282   2.757   1.989   0.000 02O000M000t
00186 HIS02A0091_004 f 0.00  0.000     0  0.00  0  0  -0.983   1.430   0.282   0.255   2.736   0.000 02R001M000t
00187 HIS+1A0091_005 f 0.00  1.000     0  6.98  0  1  -1.396  -6.231   0.282   6.543   5.375   0.000 +1O000M000t
00188 HIS+1A0091_006 f 0.00  1.000     0  6.98  0  1  -1.010   1.352   0.282   4.991   5.300   0.000 +1R001M000t
00189 GLN01A0092_001 f 0.00  0.000     0  0.00  0  0  -2.030   0.460   1.779  -1.015   0.333   0.000 01O000M000t
00190 ASN01A0093_001 f 0.00  0.000     0  0.00  0  0   0.099  -5.295   1.005  -1.598   2.024   0.000 01O000M000t
00191 ASN01A0093_002 f 0.00  0.000     0  0.00  0  0   0.184  -5.644   0.991   1.558   2.105   0.000 01R001M000t
00192 ILE01A0094_001 f 0.00  0.000     0  0.00  0  0   2.177  -3.097   0.425   0.000   0.000   0.000 01O000M000t
00193 VAL01A0095_001 f 0.00  0.000     0  0.00  0  0   0.722  -0.910   0.000   0.000   0.000   0.000 01O000M000t
00194 ARG01A0096_001 f 0.00  0.000     0  0.00  0  0  -4.213  -6.437   0.537   0.144   1.219   0.000 01O000M000t
00195 ARG02A0096_002 f 0.00  0.000     0  0.00  0  0  -4.250  -6.404   0.537  -0.158   2.403   0.000 02O000M000t
00196 ARG02A0096_003 f 0.00  0.000     0  0.00  0  0  -4.189  -6.428   0.537   0.336   1.983   0.000 02O000M000t
00197 ARG03A0096_004 f 0.00  0.000     0  0.00  0  0  -4.255  -6.426   0.537   0.035   2.212   0.000 03O000M000t
00198 ARG+1A0096_005 f 0.00  1.000     0 12.50  0  1  -4.293  -6.469   0.537  -0.414   2.024   0.000 +1O000M000t
00199 CYS01A0097_001 f 0.00  0.000     0  0.00  0  0  -0.002  -5.091   0.053  -0.088   0.653   0.000 01O000M000t
00200 CYS01A0097_002 f 0.00  0.000     0  0.00  0  0  -0.002  -5.018   0.053  -0.508   0.915   0.000 01O000M000t
00201 CYS01A0097_003 f 0.00  0.000     0  0.00  0  0  -0.002  -4.918   0.053  -0.297   0.832   0.000 01O000M000t
00202 CYS-1A0097_004 f 0.00 -1.000     0  9.10  0 -1   0.000  -4.856   0.053  -1.593   8.661   0.000 -1O000M000t
00203 ILE01A0098_001 f 0.00  0.000     0  0.00  0  0   0.208  -0.784   1.045   0.000   0.000   0.000 01O000M000t
00204 VAL01A0100_001 f 0.00  0.000     0  0.00  0  0   0.430  -3.139   0.010   0.000   0.000   0.000 01O000M000t
00205 SER01A0101_001 f 0.00  0.000     0  0.00  0  0   0.000  -2.912   0.391  -0.170   1.749   0.000 01O000M000t
00206 SER01A0101_002 f 0.00  0.000     0  0.00  0  0   0.000  -2.912   0.390   0.028   0.931   0.000 01O000M000t
00207 SER01A0101_003 f 0.00  0.000     0  0.00  0  0   0.000  -2.912   0.015  -0.593   1.774   0.000 01O000M000t
00208 LEU01A0102_001 f 0.00  0.000     0  0.00  0  0   1.314  -4.030   0.418   0.000   0.000   0.000 01O000M000t
00209 GLN01A0103_001 f 0.00  0.000     0  0.00  0  0  -2.041  -1.025   0.570   0.071   0.066   0.000 01O000M000t
00210 GLN01A0103_002 f 0.00  0.000     0  0.00  0  0  -1.691  -1.023   0.571   0.145  -0.064   0.000 01R001M000t
00211 SER01A0104_001 f 0.00  0.000     0  0.00  0  0  -1.697  -1.500   0.683  -0.288  -0.130   0.000 01O000M000t
00212 LEU01A0105_001 f 0.00  0.000     0  0.00  0  0  -3.783  -2.373   0.514   0.000   0.000   0.000 01O000M000t
00213 PRO01A0106_001 f 0.00  0.000     0  0.00  0  0  -2.704  -1.811   0.000   0.000   0.000   0.000 01O000M000t
00214 ARG01A0107_001 f 0.00  0.000     0  0.00  0  0   0.609  -6.885   2.238  -0.995   3.152   0.000 01O000M000t
00215 ARG02A0107_002 f 0.00  0.000     0  0.00  0  0   0.593  -6.860   2.238  -0.793   3.640   0.000 02O000M000t
00216 ARG03A0107_003 f 0.00  0.000     0  0.00  0  0   0.586  -6.874   2.238  -0.727   3.356   0.000 03O000M000t
00217 ARG03A0107_004 f 0.00  0.000     0  0.00  0  0   0.591  -6.884   2.238  -0.848   3.305   0.000 03O000M000t
00218 ARG+1A0107_005 f 0.00  1.000     0 12.50  0  1   0.547  -6.902   2.238  -0.498   5.595   0.000 +1O000M000t
00219 PHE01A0108_001 f 0.00  0.000     0  0.00  0  0   3.360  -5.479   0.005   0.000   0.000   0.000 01O000M000t
00220 ILE01A0109_001 f 0.00  0.000     0  0.00  0  0   2.330  -4.707   0.587   0.000   0.000   0.000 01O000M000t
00221 LEU01A0110_001 f 0.00  0.000     0  0.00  0  0   1.539  -6.575   0.572   0.000   0.000   0.000 01O000M000t
00222 LEU01A0111_001 f 0.00  0.000     0  0.00  0  0   2.194  -4.211   0.791   0.000   0.000   0.000 01O000M000t
00223 GLU01A0112_001 f 0.00  0.000     0  0.00  0  0   0.935  -4.438   3.002   2.512   1.914   0.000 01O000M000t
00224 GLU01A0112_002 f 0.00  0.000     0  0.00  0  0   0.935  -4.438   0.282  -0.489   2.021   0.000 01O000M000t
00225 GLU02A0112_003 f 0.00  0.000     0  0.00  0  0   0.490  -4.655   3.002  -1.066   1.287   0.000 02O000M000t
00226 GLU02A0112_004 f 0.00  0.000     0  0.00  0  0   0.490  -4.655   0.282  -1.115   2.411   0.000 02O000M000t
00227 GLU-1A0112_005 f 0.00 -1.000     0  4.75  0 -1   0.426  -4.601   0.282  -2.329   6.584   0.000 -1O000M000t
00228 LEU01A0113_001 f 0.00  0.000     0  0.00  0  0   0.765  -6.096   0.626   0.000   0.000   0.000 01O000M000t
00229 MET01A0114_001 f 0.00  0.000     0  0.00  0  0   0.596  -6.820   0.408   0.025   0.082   0.000 01O000M000t
00230 ALA01A0115_001 f 0.00  0.000     0  0.00  0  0  -1.784  -1.220   0.000   0.000   0.000   0.000 01O000M000t
00231 ASP01A0118_001 f 0.00  0.000     0  0.00  0  0  -0.556  -5.768   4.287  -1.028   0.791   0.000 01O000M000t
00232 ASP01A0118_002 f 0.00  0.000     0  0.00  0  0  -0.556  -5.768   1.567  -1.088   1.743   0.000 01O000M000t
00233 ASP02A0118_003 f 0.00  0.000     0  0.00  0  0  -0.415  -5.502   4.287   1.710   1.748   0.000 02O000M000t
00234 ASP02A0118_004 f 0.00  0.000     0  0.00  0  0  -0.415  -5.502   1.567   0.641   1.664   0.000 02O000M000t
00235 ASP-1A0118_005 f 0.00 -1.000     0  4.75  0 -1  -0.558  -5.734   1.567  -5.307   5.051   0.000 -1O000M000t
00236 LEU01A0119_001 f 0.00  0.000     0  0.00  0  0   1.306  -3.123   0.525   0.000   0.000   0.000 01O000M000t
00237 LYS01A0120_001 f 0.00  0.000     0  0.00  0  0  -1.135  -4.470   1.392  -0.395   0.825   0.000 01O000M000t
00238 LYS+1A0120_002 f 0.00  1.000     0 10.40  0  1  -1.201  -4.391   1.392  -1.211   5.119   0.000 +1O000M000t
00239 SER01A0121_001 f 0.00  0.000     0  0.00  0  0  -1.615  -1.240   0.377  -0.500   0.471   0.000 01O000M000t
00240 SER01A0121_002 f 0.00  0.000     0  0.00  0  0  -1.615  -1.240   0.377   0.596   0.688   0.000 01O000M000t
00241 SER01A0121_003 f 0.00  0.000     0  0.00  0  0  -1.615  -1.240   0.002  -0.655   0.277   0.000 01O000M000t
00242 PHE01A0122_001 f 0.00  0.000     0  0.00  0  0   4.424  -6.620   0.158   0.000   0.000   0.000 01O000M000t
00243 LEU01A0123_001 f 0.00  0.000     0  0.00  0  0   1.726  -6.745   0.607   0.000   0.000   0.000 01O000M000t
00244 ARG01A0124_001 f 0.00  0.000     0  0.00  0  0  -3.549  -5.452   0.429  -0.072   1.337   0.000 01O000M000t
00245 ARG02A0124_002 f 0.00  0.000     0  0.00  0  0  -3.448  -5.478   0.429   0.047   1.855   0.000 02O000M000t
00246 ARG03A0124_003 f 0.00  0.000     0  0.00  0  0  -3.571  -5.463   0.429  -0.190   2.042   0.000 03O000M000t
00247 ARG+1A0124_004 f 0.00  1.000     0 12.50  0  1  -3.615  -5.496   0.429  -0.139   1.503   0.000 +1O000M000t
00248 GLU01A0125_001 f 0.00  0.000     0  0.00  0  0  -0.174  -2.435   3.071  -0.118   0.006   0.000 01O000M000t
00249 GLU01A0125_002 f 0.00  0.000     0  0.00  0  0  -0.174  -2.435   0.351  -0.085   1.009   0.000 01O000M000t
00250 GLU02A0125_003 f 0.00  0.000     0  0.00  0  0  -0.583  -2.429   3.071  -0.099   0.059   0.000 02O000M000t
00251 GLU02A0125_004 f 0.00  0.000     0  0.00  0  0  -0.583  -2.429   0.351  -0.014   0.780   0.000 02O000M000t
00252 GLU-1A0125_005 f 0.00 -1.000     0  4.75  0 -1  -0.574  -2.388   0.351   0.334   0.820   0.000 -1O000M000t
00253 THR01A0126_001 f 0.00  0.000     0  0.00  0  0  -1.146   3.579   0.977   0.518   0.666   0.000 01O000M000t
00254 THR01A0126_002 f 0.00  0.000     0  0.00  0  0  -1.146   3.579   0.977  -1.341   1.306   0.000 01O000M000t
00255 ARG01A0127_001 f 0.00  0.000     0  0.00  0  0   0.194  -3.701   1.247   1.218   2.950   0.000 01O000M000t
00256 ARG02A0127_002 f 0.00  0.000     0  0.00  0  0   0.152  -3.577   1.247  -1.732   3.321   0.000 02O000M000t
00257 ARG02A0127_003 f 0.00  0.000     0  0.00  0  0   0.212  -3.573   1.247  -1.446   3.057   0.000 02O000M000t
00258 ARG03A0127_004 f 0.00  0.000     0  0.00  0  0   0.147  -3.536   1.247  -1.805   3.325   0.000 03O000M000t
00259 ARG+1A0127_005 f 0.00  1.000     0 12.50  0  1   0.109  -3.586   1.247  -5.957   5.380   0.000 +1O000M000t
00260 PRO01A0128_001 f 0.00  0.000     0  0.00  0  0   0.273  -5.198   0.000   0.000   0.000   0.000 01O000M000t
00261 ARG01A0129_001 f 0.00  0.000     0  0.00  0  0  -2.914  -5.429   0.618  -1.297   2.255   0.000 01O000M000t
00262 ARG02A0129_002 f 0.00  0.000     0  0.00  0  0  -2.937  -5.878   0.618   0.582   3.093   0.000 02O000M000t
00263 ARG02A0129_003 f 0.00  0.000     0  0.00  0  0  -2.933  -5.421   0.618  -1.459   3.239   0.000 02O000M000t
00264 ARG03A0129_004 f 0.00  0.000     0  0.00  0  0  -2.930  -5.215   0.618  -0.553   3.052   0.000 03O000M000t
00265 ARG+1A0129_005 f 0.00  1.000     0 12.50  0  1  -2.976  -5.441   0.618  -3.188   3.239   0.000 +1O000M000t
00266 PRO01A0130_001 f 0.00  0.000     0  0.00  0  0  -3.446  -2.903   0.000   0.000   0.000   0.000 01O000M000t
00267 SER01A0131_001 f 0.00  0.000     0  0.00  0  0  -4.368  -0.438   0.700   0.436   0.653   0.000 01O000M000t
00268 GLN01A0132_001 f 0.00  0.000     0  0.00  0  0  -0.050  -3.820   0.428   1.353   1.224   0.000 01O000M000t
00269 GLN01A0132_002 f 0.00  0.000     0  0.00  0  0  -0.661  -3.482   0.429  -1.573   1.134   0.000 01R001M000t
00270 PRO01A0133_001 f 0.00  0.000     0  0.00  0  0  -4.316  -0.793   0.000   0.000   0.000   0.000 01O000M000t
00271 SER01A0134_001 f 0.00  0.000     0  0.00  0  0  -4.734   0.085   0.413  -0.281  -0.025   0.000 01O000M000t
00272 SER01A0135_001 f 0.00  0.000     0  0.00  0  0  -0.068  -0.700   0.605   1.127   1.941   0.000 01O000M000t
00273 LEU01A0136_001 f 0.00  0.000     0  0.00  0  0   1.839  -3.903   1.125   0.000   0.000   0.000 01O000M000t
00274 ALA01A0137_001 f 0.00  0.000     0  0.00  0  0  -2.830  -0.994   0.000   0.000   0.000   0.000 01O000M000t
00275 MET01A0138_001 f 0.00  0.000     0  0.00  0  0   0.263  -6.354   1.018  -0.173   0.095   0.000 01O000M000t
00276 LEU01A0139_001 f 0.00  0.000     0  0.00  0  0  -2.236   3.774   2.646   0.000   0.000   0.000 01O000M000t
00277 ASP01A0140_001 f 0.00  0.000     0  0.00  0  0  -0.360  -2.782   3.601  -0.208   0.458   0.000 01O000M000t
00278 ASP01A0140_002 f 0.00  0.000     0  0.00  0  0  -0.360  -2.782   0.881  -0.563   0.400   0.000 01O000M000t
00279 ASP02A0140_003 f 0.00  0.000     0  0.00  0  0  -0.355  -2.426   3.601   3.792   1.671   0.000 02O000M000t
00280 ASP02A0140_004 f 0.00  0.000     0  0.00  0  0  -0.355  -2.426   0.881  -0.365   1.123   0.000 02O000M000t
00281 ASP-1A0140_005 f 0.00 -1.000     0  4.75  0 -1  -0.463  -2.808   0.881  -2.490   2.706   0.000 -1O000M000t
00282 LEU01A0141_001 f 0.00  0.000     0  0.00  0  0   1.249  -5.505   0.495   0.000   0.000   0.000 01O000M000t
00283 LEU01A0142_001 f 0.00  0.000     0  0.00  0  0   1.541  -5.767   0.730   0.000   0.000   0.000 01O000M000t
00284 HIS01A0143_001 f 0.00  0.000     0  0.00  0  0  -4.116  -4.339   0.315   0.616   1.124   0.000 01O000M000t
00285 HIS01A0143_002 f 0.00  0.000     0  0.00  0  0  -4.459  -4.479   0.315   0.656   1.504   0.000 01R001M000t
00286 HIS02A0143_003 f 0.00  0.000     0  0.00  0  0  -4.136  -4.356   0.315   0.685   0.637   0.000 02O000M000t
00287 HIS02A0143_004 f 0.00  0.000     0  0.00  0  0  -4.468  -4.558   0.315   0.549   1.012   0.000 02R001M000t
00288 HIS+1A0143_005 f 0.00  1.000     0  6.98  0  1  -4.163  -4.366   0.315   0.896   1.291   0.000 +1O000M000t
00289 HIS+1A0143_006 f 0.00  1.000     0  6.98  0  1  -4.495  -4.566   0.315   0.836   2.023   0.000 +1R001M000t
00290 VAL01A0144_001 f 0.00  0.000     0  0.00  0  0   0.404  -1.402   0.365   0.000   0.000   0.000 01O000M000t
00291 ALA01A0145_001 f 0.00  0.000     0  0.00  0  0   0.000  -1.833   0.000   0.000   0.000   0.000 01O000M000t
00292 ARG01A0146_001 f 0.00  0.000     0  0.00  0  0  -2.218  -5.764   1.182   0.060   1.314   0.000 01O000M000t
00293 ARG02A0146_002 f 0.00  0.000     0  0.00  0  0  -2.234  -5.757   1.182   0.049   2.409   0.000 02O000M000t
00294 ARG02A0146_003 f 0.00  0.000     0  0.00  0  0  -2.142  -5.745   1.182  -0.061   2.146   0.000 02O000M000t
00295 ARG03A0146_004 f 0.00  0.000     0  0.00  0  0  -2.245  -5.766   1.182   0.042   2.282   0.000 03O000M000t
00296 ARG03A0146_005 f 0.00  0.000     0  0.00  0  0  -2.241  -5.760   1.182  -0.018   1.864   0.000 03O000M000t
00297 ARG+1A0146_006 f 0.00  1.000     0 12.50  0  1  -2.286  -5.784   1.182   0.273   1.825   0.000 +1O000M000t
00298 ASP01A0147_001 f 0.00  0.000     0  0.00  0  0  -0.456  -2.450   3.074  -0.564   1.062   0.000 01O000M000t
00299 ASP01A0147_002 f 0.00  0.000     0  0.00  0  0  -0.456  -2.450   0.354  -0.868   1.372   0.000 01O000M000t
00300 ASP02A0147_003 f 0.00  0.000     0  0.00  0  0  -0.366  -2.462   3.074   1.973   1.478   0.000 02O000M000t
00301 ASP02A0147_004 f 0.00  0.000     0  0.00  0  0  -0.366  -2.462   0.354  -0.378   1.663   0.000 02O000M000t
00302 ASP-1A0147_005 f 0.00 -1.000     0  4.75  0 -1  -0.403  -2.743   0.354  -1.446   5.146   0.000 -1O000M000t
00303 ILE01A0148_001 f 0.00  0.000     0  0.00  0  0   1.145  -3.735   0.414   0.000   0.000   0.000 01O000M000t
00304 ALA01A0149_001 f 0.00  0.000     0  0.00  0  0   0.000  -2.348   0.000   0.000   0.000   0.000 01O000M000t
00305 CYS01A0150_001 f 0.00  0.000     0  0.00  0  0  -1.598  -2.373   0.467  -0.113   0.581   0.000 01O000M000t
00306 CYS01A0150_002 f 0.00  0.000     0  0.00  0  0  -1.598  -2.343   0.467  -0.295   0.240   0.000 01O000M000t
00307 CYS01A0150_003 f 0.00  0.000     0  0.00  0  0  -1.599  -2.331   0.467  -0.297   0.255   0.000 01O000M000t
00308 CYS-1A0150_004 f 0.00 -1.000     0  9.10  0 -1  -1.596  -2.315   0.467  -1.823   3.105   0.000 -1O000M000t
00309 CYS01A0152_001 f 0.00  0.000     0  0.00  0  0  -0.002  -3.392   0.147   0.090   0.729   0.000 01O000M000t
00310 CYS01A0152_002 f 0.00  0.000     0  0.00  0  0  -0.002  -3.465   0.147  -0.421   0.947   0.000 01O000M000t
00311 CYS01A0152_003 f 0.00  0.000     0  0.00  0  0  -0.003  -3.389   0.147  -0.109   0.906   0.000 01O000M000t
00312 CYS-1A0152_004 f 0.00 -1.000     0  9.10  0 -1   0.000  -3.356   0.147  -4.062  12.071   0.000 -1O000M000t
00313 GLN01A0153_001 f 0.00  0.000     0  0.00  0  0  -0.384  -4.336   0.915  -0.105   0.774   0.000 01O000M000t
00314 GLN01A0153_002 f 0.00  0.000     0  0.00  0  0  -0.628  -4.196   0.882   0.329   0.565   0.000 01R001M000t
00315 TYR01A0154_001 f 0.00  0.000     0  0.00  0  0   2.740  -6.816   0.294  -1.128   1.614   0.000 01O000M000t
00316 TYR-1A0154_002 f 0.00 -1.000     0 10.20  0 -1   2.740  -6.816   0.294  -3.017   7.043   0.000 -1O000M000t
00317 LEU01A0155_001 f 0.00  0.000     0  0.00  0  0   1.401  -3.979   0.433   0.000   0.000   0.000 01O000M000t
00318 GLU01A0156_001 f 0.00  0.000     0  0.00  0  0  -0.187  -3.094   3.913  -0.325   1.142   0.000 01O000M000t
00319 GLU01A0156_002 f 0.00  0.000     0  0.00  0  0  -0.187  -3.094   1.193   3.319   2.144   0.000 01O000M000t
00320 GLU02A0156_003 f 0.00  0.000     0  0.00  0  0  -0.250  -3.303   3.913  -1.503   0.394   0.000 02O000M000t
00321 GLU02A0156_004 f 0.00  0.000     0  0.00  0  0  -0.250  -3.303   1.193  -0.687   1.855   0.000 02O000M000t
00322 GLU-1A0156_005 f 0.00 -1.000     0  4.75  0 -1  -0.312  -3.225   1.193  -3.938   4.083   0.000 -1O000M000t
00323 GLU01A0157_001 f 0.00  0.000     0  0.00  0  0  -0.481  -2.839   3.190  -0.050   0.134   0.000 01O000M000t
00324 GLU01A0157_002 f 0.00  0.000     0  0.00  0  0  -0.481  -2.839   0.470  -0.075   0.877   0.000 01O000M000t
00325 GLU02A0157_003 f 0.00  0.000     0  0.00  0  0  -0.825  -2.822   3.190   0.158  -0.228   0.000 02O000M000t
00326 GLU02A0157_004 f 0.00  0.000     0  0.00  0  0  -0.825  -2.822   0.470  -0.017   0.656   0.000 02O000M000t
00327 GLU-1A0157_005 f 0.00 -1.000     0  4.75  0 -1  -0.829  -2.782   0.470  -0.178   0.849   0.000 -1O000M000t
00328 ASN01A0158_001 f 0.00  0.000     0  0.00  0  0  -0.768  -2.305   1.444  -0.880   1.046   0.000 01O000M000t
00329 ASN01A0158_002 f 0.00  0.000     0  0.00  0  0  -0.979  -2.714   1.499   0.656   0.867   0.000 01R001M000t
00330 HIS01A0159_001 f 0.00  0.000     0  0.00  0  0  -8.887  -2.159   0.292   0.250   0.662   0.000 01O000M000t
00331 HIS01A0159_002 f 0.00  0.000     0  0.00  0  0  -9.350  -2.138   0.292   0.385   0.287   0.000 01R001M000t
00332 HIS02A0159_003 f 0.00  0.000     0  0.00  0  0  -8.904  -2.195   0.292   0.371   0.293   0.000 02O000M000t
00333 HIS02A0159_004 f 0.00  0.000     0  0.00  0  0  -9.363  -2.179   0.292   0.255   0.411   0.000 02R001M000t
00334 HIS+1A0159_005 f 0.00  1.000     0  6.98  0  1  -8.931  -2.212   0.292   0.522  -0.328   0.000 +1O000M000t
00335 HIS+1A0159_006 f 0.00  1.000     0  6.98  0  1  -9.390  -2.193   0.292   0.526  -0.027   0.000 +1R001M000t
00336 PHE01A0160_001 f 0.00  0.000     0  0.00  0  0   3.749  -6.285   0.094   0.000   0.000   0.000 01O000M000t
00337 ILE01A0161_001 f 0.00  0.000     0  0.00  0  0   0.231  -1.150   0.735   0.000   0.000   0.000 01O000M000t
00338 HIS01A0162_001 f 0.00  0.000     0  0.00  0  0  -0.153  -2.890   0.067  -3.567   3.705   0.000 01O000M000t
00339 HIS02A0162_002 f 0.00  0.000     0  0.00  0  0  -0.172  -3.502   0.067   4.668   3.666   0.000 02O000M000t
00340 HIS+1A0162_003 f 0.00  1.000     0  6.98  0  1  -0.198  -3.123   0.067   6.499  10.070   0.000 +1O000M000t
00341 ARG01A0163_001 f 0.00  0.000     0  0.00  0  0   0.296   0.480   3.126  -0.319   2.193   0.000 01O000M000t
00342 ARG02A0163_002 f 0.00  0.000     0  0.00  0  0   0.339   0.488   3.126  -0.268   2.713   0.000 02O000M000t
00343 ARG03A0163_003 f 0.00  0.000     0  0.00  0  0   0.264   0.479   3.126  -0.214   2.796   0.000 03O000M000t
00344 ARG+1A0163_004 f 0.00  1.000     0 12.50  0  1   0.225   0.467   3.126   0.282   2.441   0.000 +1O000M000t
00345 ASP01A0164_001 f 0.00  0.000     0  0.00  0  0  -0.371  -1.006   3.159   0.569   1.675   0.000 01O000M000t
00346 ASP01A0164_002 f 0.00  0.000     0  0.00  0  0  -0.371  -1.006   0.439   0.058   1.894   0.000 01O000M000t
00347 ASP02A0164_003 f 0.00  0.000     0  0.00  0  0  -0.312  -1.274   3.159   0.594   1.443   0.000 02O000M000t
00348 ASP02A0164_004 f 0.00  0.000     0  0.00  0  0  -0.312  -1.274   0.439   0.036   1.801   0.000 02O000M000t
00349 ASP-1A0164_005 f 0.00 -1.000     0  4.75  0 -1  -0.373  -1.202   0.439  -1.620   7.401   0.000 -1O000M000t
00350 ILE01A0165_001 f 0.00  0.000     0  0.00  0  0   1.711  -3.095   0.569   0.000   0.000   0.000 01O000M000t
00351 ALA01A0166_001 f 0.00  0.000     0  0.00  0  0   0.000  -1.209   0.000   0.000   0.000   0.000 01O000M000t
00352 ALA01A0167_001 f 0.00  0.000     0  0.00  0  0   0.000  -1.763   0.000   0.000   0.000   0.000 01O000M000t
00353 ARG01A0168_001 f 0.00  0.000     0  0.00  0  0  -2.461  -3.178   2.716  -0.159   2.338   0.000 01O000M000t
00354 ARG02A0168_002 f 0.00  0.000     0  0.00  0  0  -2.488  -3.165   2.716  -0.065   3.084   0.000 02O000M000t
00355 ARG02A0168_003 f 0.00  0.000     0  0.00  0  0  -2.484  -3.172   2.716  -0.139   3.062   0.000 02O000M000t
00356 ARG03A0168_004 f 0.00  0.000     0  0.00  0  0  -2.480  -3.175   2.716   0.057   3.104   0.000 03O000M000t
00357 ARG03A0168_005 f 0.00  0.000     0  0.00  0  0  -2.400  -3.178   2.716  -0.010   3.100   0.000 03O000M000t
00358 ARG+1A0168_006 f 0.00  1.000     0 12.50  0  1  -2.527  -3.189   2.716   1.866   3.739   0.000 +1O000M000t
00359 ASN01A0169_001 f 0.00  0.000     0  0.00  0  0  -0.191  -1.135   0.585  -1.343   1.707   0.000 01O000M000t
00360 ASN01A0169_002 f 0.00  0.000     0  0.00  0  0  -0.278  -0.671   0.580   0.902   2.139   0.000 01R001M000t
00361 CYS01A0170_001 f 0.00  0.000     0  0.00  0  0  -0.002  -4.477   0.004  -0.054   0.797   0.000 01O000M000t
00362 CYS01A0170_002 f 0.00  0.000     0  0.00  0  0  -0.002  -4.572   0.004  -0.337   0.784   0.000 01O000M000t
00363 CYS01A0170_003 f 0.00  0.000     0  0.00  0  0  -0.002  -4.449   0.004  -0.024   0.958   0.000 01O000M000t
00364 CYS-1A0170_004 f 0.00 -1.000     0  9.10  0 -1   0.000  -4.412   0.004  -4.984  13.027   0.000 -1O000M000t
00365 LEU01A0171_001 f 0.00  0.000     0  0.00  0  0   1.997  -6.329   0.549   0.000   0.000   0.000 01O000M000t
00366 LEU01A0172_001 f 0.00  0.000     0  0.00  0  0   1.954  -7.577   0.517   0.000   0.000   0.000 01O000M000t
00367 THR01A0173_001 f 0.00  0.000     0  0.00  0  0  -1.559  -1.680   0.450   2.906   1.553   0.000 01O000M000t
00368 THR01A0173_002 f 0.00  0.000     0  0.00  0  0  -1.559  -1.680   0.449  -0.241   1.395   0.000 01O000M000t
00369 THR01A0173_003 f 0.00  0.000     0  0.00  0  0  -1.559  -1.680   0.074  -2.079   0.901   0.000 01O000M000t
00370 CYS01A0174_001 f 0.00  0.000     0  0.00  0  0  -2.524  -3.402   0.002   0.100   0.500   0.000 01O000M000t
00371 CYS01A0174_002 f 0.00  0.000     0  0.00  0  0  -2.524  -3.501   0.002  -0.803   0.785   0.000 01O000M000t
00372 CYS01A0174_003 f 0.00  0.000     0  0.00  0  0  -2.525  -3.326   0.002  -0.622   0.249   0.000 01O000M000t
00373 CYS-1A0174_004 f 0.00 -1.000     0  9.10  0 -1  -2.523  -3.260   0.002  -2.768   4.047   0.000 -1O000M000t
00374 PRO01A0175_001 f 0.00  0.000     0  0.00  0  0  -4.586  -1.849   0.000   0.000   0.000   0.000 01O000M000t
00375 PRO01A0177_001 f 0.00  0.000     0  0.00  0  0  -7.507  -0.121   0.000   0.000   0.000   0.000 01O000M000t
00376 ARG01A0179_001 f 0.00  0.000     0  0.00  0  0   1.366  -8.177   1.139   1.413   3.060   0.000 01O000M000t
00377 ARG02A0179_002 f 0.00  0.000     0  0.00  0  0   1.335  -8.297   1.139  -0.853   3.488   0.000 02O000M000t
00378 ARG02A0179_003 f 0.00  0.000     0  0.00  0  0   1.425  -8.295   1.139  -0.717   3.051   0.000 02O000M000t
00379 ARG03A0179_004 f 0.00  0.000     0  0.00  0  0   1.327  -8.284   1.139  -0.772   3.375   0.000 03O000M000t
00380 ARG03A0179_005 f 0.00  0.000     0  0.00  0  0   1.332  -8.158   1.139   0.078   3.227   0.000 03O000M000t
00381 ARG+1A0179_006 f 0.00  1.000     0 12.50  0  1   1.287  -8.324   1.139  -2.693   5.359   0.000 +1O000M000t
00382 VAL01A0180_001 f 0.00  0.000     0  0.00  0  0  -2.840  -0.839   0.016   0.000   0.000   0.000 01O000M000t
00383 ALA01A0181_001 f 0.00  0.000     0  0.00  0  0   0.000  -2.157   0.000   0.000   0.000   0.000 01O000M000t
00384 LYS01A0182_001 f 0.00  0.000     0  0.00  0  0  -0.150  -7.267   1.356   0.054   0.700   0.000 01O000M000t
00385 LYS+1A0182_002 f 0.00  1.000     0 10.40  0  1  -0.196  -7.310   1.356  -1.391   4.766   0.000 +1O000M000t
00386 ILE01A0183_001 f 0.00  0.000     0  0.00  0  0   1.367  -4.109   0.502   0.000   0.000   0.000 01O000M000t
00387 ASP01A0185_001 f 0.00  0.000     0  0.00  0  0   0.043  -3.494   3.769  -0.666   0.365   0.000 01O000M000t
00388 ASP01A0185_002 f 0.00  0.000     0  0.00  0  0   0.043  -3.494   1.049  -0.486   0.783   0.000 01O000M000t
00389 ASP02A0185_003 f 0.00  0.000     0  0.00  0  0   0.065  -3.223   3.769   1.256   0.966   0.000 02O000M000t
00390 ASP02A0185_004 f 0.00  0.000     0  0.00  0  0   0.065  -3.223   1.049   0.405   1.173   0.000 02O000M000t
00391 ASP-1A0185_005 f 0.00 -1.000     0  4.75  0 -1  -0.034  -3.436   1.049  -3.676   2.612   0.000 -1O000M000t
00392 PHE01A0186_001 f 0.00  0.000     0  0.00  0  0   4.753  -4.492   0.140   0.000   0.000   0.000 01O000M000t
00393 MET01A0188_001 f 0.00  0.000     0  0.00  0  0   6.327  -3.727   0.712   0.091   0.058   0.000 01O000M000t
00394 ALA01A0189_001 f 0.00  0.000     0  0.00  0  0  -0.103  -1.730   0.000   0.000   0.000   0.000 01O000M000t
00395 ARG01A0190_001 f 0.00  0.000     0  0.00  0  0   2.218  -9.793   1.151  -0.501   2.491   0.000 01O000M000t
00396 ARG02A0190_002 f 0.00  0.000     0  0.00  0  0   2.192  -9.856   1.151  -0.751   3.081   0.000 02O000M000t
00397 ARG03A0190_003 f 0.00  0.000     0  0.00  0  0   2.183  -9.874   1.151  -0.788   2.982   0.000 03O000M000t
00398 ARG03A0190_004 f 0.00  0.000     0  0.00  0  0   2.188  -9.853   1.151  -0.585   2.994   0.000 03O000M000t
00399 ARG+1A0190_005 f 0.00  1.000     0 12.50  0  1   2.143  -9.893   1.151   0.015   5.212   0.000 +1O000M000t
00400 ASP01A0191_001 f 0.00  0.000     0  0.00  0  0  -0.891  -2.571   2.992   0.397  -0.704   0.000 01O000M000t
00401 ASP01A0191_002 f 0.00  0.000     0  0.00  0  0  -0.891  -2.571   0.272   0.111   0.537   0.000 01O000M000t
00402 ASP02A0191_003 f 0.00  0.000     0  0.00  0  0  -0.884  -2.980   2.992   0.279   0.421   0.000 02O000M000t
00403 ASP02A0191_004 f 0.00  0.000     0  0.00  0  0  -0.884  -2.980   0.272   0.207   0.974   0.000 02O000M000t
00404 ASP-1A0191_005 f 0.00 -1.000     0  4.75  0 -1  -0.873  -2.907   0.272  -0.519   2.708   0.000 -1O000M000t
00405 ILE01A0192_001 f 0.00  0.000     0  0.00  0  0  -1.860   5.756   0.794   0.000   0.000   0.000 01O000M000t
00406 TYR01A0193_001 f 0.00  0.000     0  0.00  0  0  -0.070  -5.332   0.644  -0.564   1.071   0.000 01O000M000t
00407 TYR-1A0193_002 f 0.00 -1.000     0 10.20  0 -1  -0.070  -5.332   0.644  -1.656   2.770   0.000 -1O000M000t
00408 ARG01A0194_001 f 0.00  0.000     0  0.00  0  0   1.368  -5.263   0.594  -0.047   2.102   0.000 01O000M000t
00409 ARG02A0194_002 f 0.00  0.000     0  0.00  0  0   1.324  -5.268   0.594  -0.208   3.257   0.000 02O000M000t
00410 ARG02A0194_003 f 0.00  0.000     0  0.00  0  0   1.330  -5.274   0.594  -0.095   3.270   0.000 02O000M000t
00411 ARG03A0194_004 f 0.00  0.000     0  0.00  0  0   1.331  -5.245   0.594  -0.181   3.122   0.000 03O000M000t
00412 ARG03A0194_005 f 0.00  0.000     0  0.00  0  0   1.384  -5.252   0.594  -0.144   3.069   0.000 03O000M000t
00413 ARG+1A0194_006 f 0.00  1.000     0 12.50  0  1   1.285  -5.288   0.594   0.108   3.516   0.000 +1O000M000t
00414 ALA01A0195_001 f 0.00  0.000     0  0.00  0  0  -0.361  29.772   0.000   0.000   0.000   0.000 01O000M000t
00415 SER01A0196_001 f 0.00  0.000     0  0.00  0  0  -4.663 999.000   0.515   0.570   0.133   0.000 01O000M000t
00416 TYR01A0197_001 f 0.00  0.000     0  0.00  0  0  -3.726  55.516   1.808   0.311   0.280   0.000 01O000M000t
00417 TYR-1A0197_002 f 0.00 -1.000     0 10.20  0 -1  -3.726  55.516   1.808   0.658  -0.194   0.000 -1O000M000t
00418 TYR01A0198_001 f 0.00  0.000     0  0.00  0  0   0.636  -0.935   2.028   0.478   0.314   0.000 01O000M000t
00419 TYR01A0198_002 f 0.00  0.000     0  0.00  0  0   0.636  -0.935   2.028   0.449   0.283   0.000 01O000M000t
00420 TYR-1A0198_003 f 0.00 -1.000     0 10.20  0 -1   0.636  -0.935   2.028   0.126  -0.884   0.000 -1O000M000t
00421 ARG01A0199_001 f 0.00  0.000     0  0.00  0  0  -5.433 999.000  12.676   1.230   1.364   0.000 01O000M000t
00422 ARG02A0199_002 f 0.00  0.000     0  0.00  0  0  -5.470 999.000  12.676   1.313   2.544   0.000 02O000M000t
00423 ARG03A0199_003 f 0.00  0.000     0  0.00  0  0  -5.467 999.000  12.676   1.024   2.018   0.000 03O000M000t
00424 ARG+1A0199_004 f 0.00  1.000     0 12.50  0  1  -5.513 999.000  12.676   4.941   2.231   0.000 +1O000M000t
00425 LYS01A0200_001 f 0.00  0.000     0  0.00  0  0 999.000   8.357   3.455  -0.115   0.315   0.000 01O000M000t
00426 LYS+1A0200_002 f 0.00  1.000     0 10.40  0  1 999.000   8.341   3.455   0.349   0.922   0.000 +1O000M000t
00427 CYS01A0203_001 f 0.00  0.000     0  0.00  0  0  -0.502 999.000   0.451   1.136   0.747   0.000 01O000M000t
00428 CYS01A0203_002 f 0.00  0.000     0  0.00  0  0  -0.502 999.000   0.451  -0.761   0.221   0.000 01O000M000t
00429 CYS01A0203_003 f 0.00  0.000     0  0.00  0  0  -0.503 999.000   0.451  -0.774   0.313   0.000 01O000M000t
00430 CYS-1A0203_004 f 0.00 -1.000     0  9.10  0 -1  -0.500 999.000   0.451  -5.306   3.662   0.000 -1O000M000t
00431 ALA01A0204_001 f 0.00  0.000     0  0.00  0  0  -4.823  -0.369   0.000   0.000   0.000   0.000 01O000M000t
00432 MET01A0205_001 f 0.00  0.000     0  0.00  0  0  -8.024  -0.697   0.085   0.055   0.040   0.000 01O000M000t
00433 LEU01A0206_001 f 0.00  0.000     0  0.00  0  0   0.882  -3.814   0.974   0.000   0.000   0.000 01O000M000t
00434 PRO01A0207_001 f 0.00  0.000     0  0.00  0  0   0.078   0.922   0.000   0.000   0.000   0.000 01O000M000t
00435 VAL01A0208_001 f 0.00  0.000     0  0.00  0  0   0.572  -0.930   0.085   0.000   0.000   0.000 01O000M000t
00436 LYS01A0209_001 f 0.00  0.000     0  0.00  0  0  -0.539  -4.936   2.011  -0.269   0.753   0.000 01O000M000t
00437 LYS+1A0209_002 f 0.00  1.000     0 10.40  0  1  -0.578  -5.033   2.011  -4.834   5.373   0.000 +1O000M000t
00438 TRP01A0210_001 f 0.00  0.000     0  0.00  0  0   1.719  -9.979   0.180   0.000   0.000   0.000 01O000M000t
00439 MET01A0211_001 f 0.00  0.000     0  0.00  0  0  -0.337  -5.638   0.895  -0.064   0.088   0.000 01O000M000t
00440 PRO01A0212_001 f 0.00  0.000     0  0.00  0  0   0.320  -0.414   0.000   0.000   0.000   0.000 01O000M000t
00441 PRO01A0213_001 f 0.00  0.000     0  0.00  0  0   0.341  -2.014   0.000   0.000   0.000   0.000 01O000M000t
00442 GLU01A0214_001 f 0.00  0.000     0  0.00  0  0   2.080  -4.200   4.301   1.744   1.911   0.000 01O000M000t
00443 GLU01A0214_002 f 0.00  0.000     0  0.00  0  0   2.080  -4.200   1.581  -0.333   2.781   0.000 01O000M000t
00444 GLU02A0214_003 f 0.00  0.000     0  0.00  0  0   1.597  -4.537   4.301  -0.599   1.253   0.000 02O000M000t
00445 GLU02A0214_004 f 0.00  0.000     0  0.00  0  0   1.597  -4.537   1.581  -0.658   2.633   0.000 02O000M000t
00446 GLU-1A0214_005 f 0.00 -1.000     0  4.75  0 -1   1.519  -4.427   1.581  -4.432  10.001   0.000 -1O000M000t
00447 ALA01A0215_001 f 0.00  0.000     0  0.00  0  0   0.000  -0.983   0.000   0.000   0.000   0.000 01O000M000t
00448 PHE01A0216_001 f 0.00  0.000     0  0.00  0  0   3.541  -8.227   0.281   0.000   0.000   0.000 01O000M000t
00449 MET01A0217_001 f 0.00  0.000     0  0.00  0  0  -6.018  -1.799   0.311   0.070   0.045   0.000 01O000M000t
00450 GLU01A0218_001 f 0.00  0.000     0  0.00  0  0  -3.032  -1.016   3.513   0.304  -0.356   0.000 01O000M000t
00451 GLU01A0218_002 f 0.00  0.000     0  0.00  0  0  -3.032  -1.016   0.793   0.120   0.548   0.000 01O000M000t
00452 GLU02A0218_003 f 0.00  0.000     0  0.00  0  0  -3.111  -1.194   3.513   0.282  -0.346   0.000 02O000M000t
00453 GLU02A0218_004 f 0.00  0.000     0  0.00  0  0  -3.111  -1.194   0.793   0.147   0.682   0.000 02O000M000t
00454 GLU-1A0218_005 f 0.00 -1.000     0  4.75  0 -1  -3.072  -1.148   0.793  -0.155   0.159   0.000 -1O000M000t
00455 ILE01A0220_001 f 0.00  0.000     0  0.00  0  0  -4.192  -0.121   0.624   0.000   0.000   0.000 01O000M000t
00456 PHE01A0221_001 f 0.00  0.000     0  0.00  0  0   2.273  -5.089   0.159   0.000   0.000   0.000 01O000M000t
00457 THR01A0222_001 f 0.00  0.000     0  0.00  0  0  -3.220   0.892   0.659  -0.350   1.068   0.000 01O000M000t
00458 THR01A0222_002 f 0.00  0.000     0  0.00  0  0  -3.220   0.892   0.284  -1.902   0.936   0.000 01O000M000t
00459 SER01A0223_001 f 0.00  0.000     0  0.00  0  0  -0.853  -2.012   0.765   0.070   0.889   0.000 01O000M000t
00460 SER01A0223_002 f 0.00  0.000     0  0.00  0  0  -0.853  -2.012   0.390  -0.451   1.051   0.000 01O000M000t
00461 LYS01A0224_001 f 0.00  0.000     0  0.00  0  0  -2.391  -6.241   1.010   0.327   0.556   0.000 01O000M000t
00462 LYS+1A0224_002 f 0.00  1.000     0 10.40  0  1  -2.434  -6.330   1.010  -0.545   2.594   0.000 +1O000M000t
00463 THR01A0225_001 f 0.00  0.000     0  0.00  0  0   0.134   0.542   0.632  -1.216   1.725   0.000 01O000M000t
00464 THR01A0225_002 f 0.00  0.000     0  0.00  0  0   0.134   0.542   0.632  -0.352   1.306   0.000 01O000M000t
00465 THR01A0225_003 f 0.00  0.000     0  0.00  0  0   0.134   0.542   0.256  -0.415   1.783   0.000 01O000M000t
00466 ASP01A0226_001 f 0.00  0.000     0  0.00  0  0   0.043  -2.789   3.213  -1.735   1.614   0.000 01O000M000t
00467 ASP01A0226_002 f 0.00  0.000     0  0.00  0  0   0.043  -2.789   0.493   3.035   2.408   0.000 01O000M000t
00468 ASP02A0226_003 f 0.00  0.000     0  0.00  0  0   0.107  -2.899   3.213  -2.438   1.477   0.000 02O000M000t
00469 ASP02A0226_004 f 0.00  0.000     0  0.00  0  0   0.107 996.101   0.493   3.619   2.730   0.000 02O000M000t
00470 ASP-1A0226_005 f 0.00 -1.000     0  4.75  0 -1   0.042  -3.253   0.493 -10.184  10.772   0.000 -1O000M000t
00471 THR01A0227_001 f 0.00  0.000     0  0.00  0  0   0.164  -3.360   0.529  -0.131   1.784   0.000 01O000M000t
00472 THR01A0227_002 f 0.00  0.000     0  0.00  0  0   0.164  -3.360   0.154  -1.671   1.628   0.000 01O000M000t
00473 TRP01A0228_001 f 0.00  0.000     0  0.00  0  0   2.859 -13.466   0.015   0.000   0.000   0.000 01O000M000t
00474 SER01A0229_001 f 0.00  0.000     0  0.00  0  0  -0.120  -1.455   0.380  -2.692   1.354   0.000 01O000M000t
00475 SER01A0229_002 f 0.00  0.000     0  0.00  0  0  -0.120  -1.455   0.005   0.927   0.727   0.000 01O000M000t
00476 PHE01A0230_001 f 0.00  0.000     0  0.00  0  0   4.300  -8.007   0.070   0.000   0.000   0.000 01O000M000t
00477 VAL01A0232_001 f 0.00  0.000     0  0.00  0  0   0.318  -4.104   0.001   0.000   0.000   0.000 01O000M000t
00478 LEU01A0233_001 f 0.00  0.000     0  0.00  0  0   1.090  -3.628   0.636   0.000   0.000   0.000 01O000M000t
00479 LEU01A0234_001 f 0.00  0.000     0  0.00  0  0   2.301  -4.747   1.374   0.000   0.000   0.000 01O000M000t
00480 TRP01A0235_001 f 0.00  0.000     0  0.00  0  0   1.961 -11.827   0.279   0.000   0.000   0.000 01O000M000t
00481 GLU01A0236_001 f 0.00  0.000     0  0.00  0  0   0.595  -4.222   4.056  -0.688   1.977   0.000 01O000M000t
00482 GLU01A0236_002 f 0.00  0.000     0  0.00  0  0   0.595  -4.222   1.336   2.719   2.232   0.000 01O000M000t
00483 GLU02A0236_003 f 0.00  0.000     0  0.00  0  0   0.636  -4.922   4.056  -2.644   2.698   0.000 02O000M000t
00484 GLU02A0236_004 f 0.00  0.000     0  0.00  0  0   0.636  -4.922   1.336  -1.036   2.598   0.000 02O000M000t
00485 GLU-1A0236_005 f 0.00 -1.000     0  4.75  0 -1   0.500  -4.815   1.336  -6.328  10.742   0.000 -1O000M000t
00486 ILE01A0237_001 f 0.00  0.000     0  0.00  0  0   1.791  -4.151   0.662   0.000   0.000   0.000 01O000M000t
00487 PHE01A0238_001 f 0.00  0.000     0  0.00  0  0   4.230  -4.615   0.325   0.000   0.000   0.000 01O000M000t
00488 SER01A0239_001 f 0.00  0.000     0  0.00  0  0  -0.192  -2.637   0.803  -1.169   1.942   0.000 01O000M000t
00489 SER01A0239_002 f 0.00  0.000     0  0.00  0  0  -0.192  -2.637   0.803   2.319   1.956   0.000 01O000M000t
00490 LEU01A0240_001 f 0.00  0.000     0  0.00  0  0   1.246  -1.192   0.609   0.000   0.000   0.000 01O000M000t
00491 TYR01A0242_001 f 0.00  0.000     0  0.00  0  0  -1.688  -2.207   0.675   0.186   0.103   0.000 01O000M000t
00492 TYR-1A0242_002 f 0.00 -1.000     0 10.20  0 -1  -1.688  -2.207   0.675   0.671  -0.950   0.000 -1O000M000t
00493 MET01A0243_001 f 0.00  0.000     0  0.00  0  0  -5.171  -2.593   0.164   0.001   0.062   0.000 01O000M000t
00494 PRO01A0244_001 f 0.00  0.000     0  0.00  0  0   0.349  -1.195   0.000   0.000   0.000   0.000 01O000M000t
00495 TYR01A0245_001 f 0.00  0.000     0  0.00  0  0   4.083  -4.199   0.183   0.004   2.148   0.000 01O000M000t
00496 TYR01A0245_002 f 0.00  0.000     0  0.00  0  0   4.083  -4.199   0.183  -0.877   2.048   0.000 01O000M000t
00497 TYR-1A0245_003 f 0.00 -1.000     0 10.20  0 -1   4.083  -4.199   0.183   0.698   9.382   0.000 -1O000M000t
00498 PRO01A0246_001 f 0.00  0.000     0  0.00  0  0  -3.553   0.110   0.000   0.000   0.000   0.000 01O000M000t
00499 SER01A0247_001 f 0.00  0.000     0  0.00  0  0  -4.228  10.511   1.716  -2.063   0.423   0.000 01O000M000t
00500 SER01A0247_002 f 0.00  0.000     0  0.00  0  0  -4.228  10.511   1.716   0.029   0.092   0.000 01O000M000t
00501 LYS01A0248_001 f 0.00  0.000     0  0.00  0  0  -1.782  -5.200   2.150  -0.019   0.179   0.000 01O000M000t
00502 LYS+1A0248_002 f 0.00  1.000     0 10.40  0  1  -1.851  -5.211   2.150   0.061   1.428   0.000 +1O000M000t
00503 SER01A0249_001 f 0.00  0.000     0  0.00  0  0  -2.868  -1.235   0.447   0.027   1.440   0.000 01O000M000t
00504 SER01A0249_002 f 0.00  0.000     0  0.00  0  0  -2.868  -1.235   0.447   2.148   1.504   0.000 01O000M000t
00505 ASN01A0250_001 f 0.00  0.000     0  0.00  0  0  -1.302  -2.154   0.743  -0.106   0.746   0.000 01O000M000t
00506 ASN01A0250_002 f 0.00  0.000     0  0.00  0  0  -1.445  -0.745   0.742   0.568   0.822   0.000 01R001M000t
00507 GLN01A0251_001 f 0.00  0.000     0  0.00  0  0  -1.904  -2.763   0.386  -0.075   0.932   0.000 01O000M000t
00508 GLN01A0251_002 f 0.00  0.000     0  0.00  0  0  -1.363  -2.294   0.386   0.321   0.842   0.000 01R001M000t
00509 GLU01A0252_001 f 0.00  0.000     0  0.00  0  0  -1.228  -1.516   3.552   1.921   1.169   0.000 01O000M000t
00510 GLU01A0252_002 f 0.00  0.000     0  0.00  0  0  -1.228  -1.516   0.832  -0.458   0.534   0.000 01O000M000t
00511 GLU02A0252_003 f 0.00  0.000     0  0.00  0  0  -1.636  -2.209   3.552  -0.732  -0.657   0.000 02O000M000t
00512 GLU02A0252_004 f 0.00  0.000     0  0.00  0  0  -1.636  -2.209   0.832  -0.817   1.041   0.000 02O000M000t
00513 GLU-1A0252_005 f 0.00 -1.000     0  4.75  0 -1  -1.563  -2.172   0.832  -2.021   1.093   0.000 -1O000M000t
00514 VAL01A0253_001 f 0.00  0.000     0  0.00  0  0   0.583  -0.778   0.122   0.000   0.000   0.000 01O000M000t
00515 LEU01A0254_001 f 0.00  0.000     0  0.00  0  0   0.400  -3.605   0.674   0.000   0.000   0.000 01O000M000t
00516 GLU01A0255_001 f 0.00  0.000     0  0.00  0  0  -1.447  -2.595   3.087  -0.010   0.095   0.000 01O000M000t
00517 GLU01A0255_002 f 0.00  0.000     0  0.00  0  0  -1.447  -2.595   0.367  -0.024   0.642   0.000 01O000M000t
00518 GLU02A0255_003 f 0.00  0.000     0  0.00  0  0  -1.751  -2.582   3.087  -0.145  -0.290   0.000 02O000M000t
00519 GLU02A0255_004 f 0.00  0.000     0  0.00  0  0  -1.751  -2.582   0.367  -0.033   0.790   0.000 02O000M000t
00520 GLU-1A0255_005 f 0.00 -1.000     0  4.75  0 -1  -1.749  -2.541   0.367   0.081   0.876   0.000 -1O000M000t
00521 PHE01A0256_001 f 0.00  0.000     0  0.00  0  0   0.686  -7.449   0.024   0.000   0.000   0.000 01O000M000t
00522 VAL01A0257_001 f 0.00  0.000     0  0.00  0  0   0.655  -0.383   0.024   0.000   0.000   0.000 01O000M000t
00523 THR01A0258_001 f 0.00  0.000     0  0.00  0  0  -1.817   0.159   0.381   0.467   1.206   0.000 01O000M000t
00524 THR01A0258_002 f 0.00  0.000     0  0.00  0  0  -1.817   0.159   0.381  -1.815   1.675   0.000 01O000M000t
00525 SER01A0259_001 f 0.00  0.000     0  0.00  0  0  -3.290  -1.341   0.906  -1.272   1.307   0.000 01O000M000t
00526 ARG01A0262_001 f 0.00  0.000     0  0.00  0  0  -1.180  -3.039   0.688  -2.022   3.126   0.000 01O000M000t
00527 ARG02A0262_002 f 0.00  0.000     0  0.00  0  0  -1.200  -2.941   0.688  -1.779   4.052   0.000 02O000M000t
00528 ARG02A0262_003 f 0.00  0.000     0  0.00  0  0  -1.126  -3.762   0.688  -0.342   3.992   0.000 02O000M000t
00529 ARG03A0262_004 f 0.00  0.000     0  0.00  0  0  -1.201  -2.983   0.688  -1.795   3.833   0.000 03O000M000t
00530 ARG+1A0262_005 f 0.00  1.000     0 12.50  0  1  -1.245  -3.128   0.688  -7.301   6.262   0.000 +1O000M000t
00531 MET01A0263_001 f 0.00  0.000     0  0.00  0  0   0.154  -4.278   1.175  -0.212   0.091   0.000 01O000M000t
00532 ASP01A0264_001 f 0.00  0.000     0  0.00  0  0  -3.226  -0.467   3.113   0.578  -0.297   0.000 01O000M000t
00533 ASP01A0264_002 f 0.00  0.000     0  0.00  0  0  -3.226  -0.467   0.393   0.237   0.529   0.000 01O000M000t
00534 ASP02A0264_003 f 0.00  0.000     0  0.00  0  0  -3.043  -0.757   3.113   0.340  -0.544   0.000 02O000M000t
00535 ASP02A0264_004 f 0.00  0.000     0  0.00  0  0  -3.043  -0.757   0.393   0.266   0.512   0.000 02O000M000t
00536 ASP-1A0264_005 f 0.00 -1.000     0  4.75  0 -1  -3.100  -0.720   0.393  -0.294   0.248   0.000 -1O000M000t
00537 PRO01A0265_001 f 0.00  0.000     0  0.00  0  0  -2.827  -1.964   0.000   0.000   0.000   0.000 01O000M000t
00538 PRO01A0266_001 f 0.00  0.000     0  0.00  0  0   0.298  -3.773   0.000   0.000   0.000   0.000 01O000M000t
00539 LYS01A0267_001 f 0.00  0.000     0  0.00  0  0  -7.556  -1.700   1.923  -0.020  -0.106   0.000 01O000M000t
00540 LYS+1A0267_002 f 0.00  1.000     0 10.40  0  1  -7.603  -1.705   1.923  -0.202   0.212   0.000 +1O000M000t
00541 ASN01A0268_001 f 0.00  0.000     0  0.00  0  0  -1.626   1.187   0.299  -1.003   0.996   0.000 01O000M000t
00542 ASN01A0268_002 f 0.00  0.000     0  0.00  0  0  -1.896   2.441   0.300   0.527   0.713   0.000 01R001M000t
00543 CYS01A0269_001 f 0.00  0.000     0  0.00  0  0  -0.002  -4.151   0.149  -0.167   0.975   0.000 01O000M000t
00544 CYS01A0269_002 f 0.00  0.000     0  0.00  0  0  -0.002  -3.999   0.149  -0.270   0.962   0.000 01O000M000t
00545 CYS01A0269_003 f 0.00  0.000     0  0.00  0  0  -0.003  -4.009   0.149  -0.133   0.980   0.000 01O000M000t
00546 CYS-1A0269_004 f 0.00 -1.000     0  9.10  0 -1   0.000  -3.944   0.149  -3.990  12.060   0.000 -1O000M000t
00547 PRO01A0270_001 f 0.00  0.000     0  0.00  0  0   0.097  -3.470   0.000   0.000   0.000   0.000 01O000M000t
00548 PRO01A0272_001 f 0.00  0.000     0  0.00  0  0  -2.237  -1.537   0.000   0.000   0.000   0.000 01O000M000t
00549 VAL01A0273_001 f 0.00  0.000     0  0.00  0  0   0.540  -0.714   0.057   0.000   0.000   0.000 01O000M000t
00550 TYR01A0274_001 f 0.00  0.000     0  0.00  0  0   1.513  -6.109   0.010  -2.078   1.576   0.000 01O000M000t
00551 TYR01A0274_002 f 0.00  0.000     0  0.00  0  0   1.513  -6.109   0.010   0.967   1.287   0.000 01O000M000t
00552 TYR-1A0274_003 f 0.00 -1.000     0 10.20  0 -1   1.513  -6.109   0.010   1.238   6.059   0.000 -1O000M000t
00553 ARG01A0275_001 f 0.00  0.000     0  0.00  0  0  -6.566  -6.315   1.617  -0.366   0.966   0.000 01O000M000t
00554 ARG02A0275_002 f 0.00  0.000     0  0.00  0  0  -6.591  -6.301   1.617  -0.470   1.822   0.000 02O000M000t
00555 ARG03A0275_003 f 0.00  0.000     0  0.00  0  0  -6.492  -6.321   1.617  -0.249   1.795   0.000 03O000M000t
00556 ARG+1A0275_004 f 0.00  1.000     0 12.50  0  1  -6.635  -6.343   1.617   0.363   0.652   0.000 +1O000M000t
00557 ILE01A0276_001 f 0.00  0.000     0  0.00  0  0   2.738  -4.643   0.436   0.000   0.000   0.000 01O000M000t
00558 MET01A0277_001 f 0.00  0.000     0  0.00  0  0   0.147  -6.692   1.067   0.040   0.099   0.000 01O000M000t
00559 THR01A0278_001 f 0.00  0.000     0  0.00  0  0  -1.462  -2.088   0.409   0.033   1.469   0.000 01O000M000t
00560 GLN01A0279_001 f 0.00  0.000     0  0.00  0  0  -1.687  -3.941   1.375   0.228   0.497   0.000 01O000M000t
00561 GLN01A0279_002 f 0.00  0.000     0  0.00  0  0  -1.691  -3.978   1.381  -0.020   0.294   0.000 01R001M000t
00562 CYS01A0280_001 f 0.00  0.000     0  0.00  0  0  -0.002  -5.188   0.145   0.015   0.993   0.000 01O000M000t
00563 CYS01A0280_002 f 0.00  0.000     0  0.00  0  0  -0.002  -5.255   0.145  -0.276   0.993   0.000 01O000M000t
00564 CYS01A0280_003 f 0.00  0.000     0  0.00  0  0  -0.002  -5.215   0.145   0.297   0.995   0.000 01O000M000t
00565 CYS-1A0280_004 f 0.00 -1.000     0  9.10  0 -1   0.000  -5.128   0.145   1.531  14.732   0.000 -1O000M000t
00566 TRP01A0281_001 f 0.00  0.000     0  0.00  0  0   3.090 -11.389   0.015   0.000   0.000   0.000 01O000M000t
00567 GLN01A0282_001 f 0.00  0.000     0  0.00  0  0  -1.184  -5.770   1.457  -0.816   0.694   0.000 01O000M000t
00568 GLN01A0282_002 f 0.00  0.000     0  0.00  0  0  -1.312  -5.738   1.486   0.363   0.260   0.000 01R001M000t
00569 HIS01A0283_001 f 0.00  0.000     0  0.00  0  0  -4.589  -3.378   0.022   0.745   1.437   0.000 01O000M000t
00570 HIS01A0283_002 f 0.00  0.000     0  0.00  0  0  -4.849  -3.389   0.022   0.248   1.028   0.000 01R001M000t
00571 HIS02A0283_003 f 0.00  0.000     0  0.00  0  0  -4.608  -3.416   0.022   0.020   1.169   0.000 02O000M000t
00572 HIS02A0283_004 f 0.00  0.000     0  0.00  0  0  -4.861  -3.416   0.022   0.246   1.528   0.000 02R001M000t
00573 HIS+1A0283_005 f 0.00  1.000     0  6.98  0  1  -4.635  -3.425   0.022   0.264   2.464   0.000 +1O000M000t
00574 HIS+1A0283_006 f 0.00  1.000     0  6.98  0  1  -4.888  -3.442   0.022   0.454   2.605   0.000 +1R001M000t
00575 GLN01A0284_001 f 0.00  0.000     0  0.00  0  0  -2.076  -2.210   1.712   0.159   0.314   0.000 01O000M000t
00576 GLN01A0284_002 f 0.00  0.000     0  0.00  0  0  -2.114  -2.178   1.700  -0.006   0.284   0.000 01R001M000t
00577 PRO01A0285_001 f 0.00  0.000     0  0.00  0  0  -1.082  -0.021   0.000   0.000   0.000   0.000 01O000M000t
00578 GLU01A0286_001 f 0.00  0.000     0  0.00  0  0  -0.966  -1.088   3.757   0.719   0.566   0.000 01O000M000t
00579 GLU01A0286_002 f 0.00  0.000     0  0.00  0  0  -0.966  -1.088   1.037   0.590   1.835   0.000 01O000M000t
00580 GLU02A0286_003 f 0.00  0.000     0  0.00  0  0  -1.495  -1.317   3.757  -0.978   0.300   0.000 02O000M000t
00581 GLU02A0286_004 f 0.00  0.000     0  0.00  0  0  -1.495  -1.317   1.037  -0.575   1.669   0.000 02O000M000t
00582 GLU-1A0286_005 f 0.00 -1.000     0  4.75  0 -1  -1.330  -1.262   1.037  -3.830   3.515   0.000 -1O000M000t
00583 ASP01A0287_001 f 0.00  0.000     0  0.00  0  0  -2.583  -1.024   2.996   0.419  -0.023   0.000 01O000M000t
00584 ASP01A0287_002 f 0.00  0.000     0  0.00  0  0  -2.583  -1.024   0.276   0.163   0.535   0.000 01O000M000t
00585 ASP02A0287_003 f 0.00  0.000     0  0.00  0  0  -2.566  -1.395   2.996   0.309   0.208   0.000 02O000M000t
00586 ASP02A0287_004 f 0.00  0.000     0  0.00  0  0  -2.566  -1.395   0.276   0.189   0.881   0.000 02O000M000t
00587 ASP-1A0287_005 f 0.00 -1.000     0  4.75  0 -1  -2.579  -1.332   0.276  -0.580   0.952   0.000 -1O000M000t
00588 ARG01A0288_001 f 0.00  0.000     0  0.00  0  0   1.487 -11.633   0.862   0.988   4.434   0.000 01O000M000t
00589 ARG02A0288_002 f 0.00  0.000     0  0.00  0  0   1.448 -11.388   0.862  -3.063   4.938   0.000 02O000M000t
00590 ARG02A0288_003 f 0.00  0.000     0  0.00  0  0   1.506 -11.329   0.862  -1.153   4.927   0.000 02O000M000t
00591 ARG03A0288_004 f 0.00  0.000     0  0.00  0  0   1.443 -11.389   0.862  -3.152   4.847   0.000 03O000M000t
00592 ARG03A0288_005 f 0.00  0.000     0  0.00  0  0   1.449 -11.259   0.862  -0.218   4.844   0.000 03O000M000t
00593 ARG+1A0288_006 f 0.00  1.000     0 12.50  0  1   1.405 -11.445   0.862  -8.202  11.183   0.000 +1O000M000t
00594 PRO01A0289_001 f 0.00  0.000     0  0.00  0  0   0.007  -3.302   0.000   0.000   0.000   0.000 01O000M000t
00595 ASN01A0290_001 f 0.00  0.000     0  0.00  0  0  -1.735  -1.483   0.331  -2.224   1.585   0.000 01O000M000t
00596 ASN01A0290_002 f 0.00  0.000     0  0.00  0  0  -1.702   0.888   0.315   2.616   1.092   0.000 01R001M000t
00597 PHE01A0291_001 f 0.00  0.000     0  0.00  0  0   4.114  -9.759   0.600   0.000   0.000   0.000 01O000M000t
00598 ALA01A0292_001 f 0.00  0.000     0  0.00  0  0  -2.485  -0.620   0.000   0.000   0.000   0.000 01O000M000t
00599 ILE01A0293_001 f 0.00  0.000     0  0.00  0  0  -3.292   0.212   0.433   0.000   0.000   0.000 01O000M000t
00600 ILE01A0294_001 f 0.00  0.000     0  0.00  0  0   1.690  -4.381   0.683   0.000   0.000   0.000 01O000M000t
00601 LEU01A0295_001 f 0.00  0.000     0  0.00  0  0   1.369  -5.450   1.375   0.000   0.000   0.000 01O000M000t
00602 GLU01A0296_001 f 0.00  0.000     0  0.00  0  0  -1.435  -2.656   4.105   0.127   0.090   0.000 01O000M000t
00603 GLU01A0296_002 f 0.00  0.000     0  0.00  0  0  -1.435  -2.656   1.385   0.037   0.525   0.000 01O000M000t
00604 GLU02A0296_003 f 0.00  0.000     0  0.00  0  0  -1.743  -2.631   4.105   0.029  -0.476   0.000 02O000M000t
00605 GLU02A0296_004 f 0.00  0.000     0  0.00  0  0  -1.743  -2.631   1.385   0.027   0.864   0.000 02O000M000t
00606 GLU-1A0296_005 f 0.00 -1.000     0  4.75  0 -1  -1.687  -2.601   1.385  -0.209   0.728   0.000 -1O000M000t
00607 ARG01A0297_001 f 0.00  0.000     0  0.00  0  0  -2.061  -4.718   1.054  -0.365   1.647   0.000 01O000M000t
00608 ARG02A0297_002 f 0.00  0.000     0  0.00  0  0  -2.118  -4.718   1.054  -0.336   2.740   0.000 02O000M000t
00609 ARG03A0297_003 f 0.00  0.000     0  0.00  0  0  -2.118  -4.634   1.054   0.130   2.851   0.000 03O000M000t
00610 ARG+1A0297_004 f 0.00  1.000     0 12.50  0  1  -2.162  -4.736   1.054  -0.175   2.963   0.000 +1O000M000t
00611 ILE01A0298_001 f 0.00  0.000     0  0.00  0  0   2.693  -4.677   0.552   0.000   0.000   0.000 01O000M000t
00612 GLU01A0299_001 f 0.00  0.000     0  0.00  0  0  -1.955  -3.757   3.576  -0.143   0.381   0.000 01O000M000t
00613 GLU01A0299_002 f 0.00  0.000     0  0.00  0  0  -1.955  -3.757   0.856  -0.079   0.928   0.000 01O000M000t
00614 GLU02A0299_003 f 0.00  0.000     0  0.00  0  0  -2.090  -3.731   3.576  -0.096   0.782   0.000 02O000M000t
00615 GLU02A0299_004 f 0.00  0.000     0  0.00  0  0  -2.090  -3.731   0.856  -0.072   0.767   0.000 02O000M000t
00616 GLU-1A0299_005 f 0.00 -1.000     0  4.75  0 -1  -2.059  -3.677   0.856   0.069   1.812   0.000 -1O000M000t
00617 TYR01A0300_001 f 0.00  0.000     0  0.00  0  0  -6.553  -3.492   0.596   0.331  -0.139   0.000 01O000M000t
00618 TYR-1A0300_002 f 0.00 -1.000     0 10.20  0 -1  -6.553  -3.492   0.596   0.074  -0.808   0.000 -1O000M000t
00619 CYS01A0301_001 f 0.00  0.000     0  0.00  0  0  -0.073  -3.829   0.399   0.301   0.825   0.000 01O000M000t
00620 CYS01A0301_002 f 0.00  0.000     0  0.00  0  0  -0.073  -3.839   0.399  -0.635   0.505   0.000 01O000M000t
00621 CYS01A0301_003 f 0.00  0.000     0  0.00  0  0  -0.074  -3.834   0.399   0.050   0.818   0.000 01O000M000t
00622 CYS-1A0301_004 f 0.00 -1.000     0  9.10  0 -1  -0.071  -3.733   0.399  -2.652   7.347   0.000 -1O000M000t
00623 THR01A0302_001 f 0.00  0.000     0  0.00  0  0  -1.264  -1.478   0.390   0.380   1.781   0.000 01O000M000t
00624 THR01A0302_002 f 0.00  0.000     0  0.00  0  0  -1.264  -1.478   0.390  -1.421   1.806   0.000 01O000M000t
00625 GLN01A0303_001 f 0.00  0.000     0  0.00  0  0  -3.127  -2.923   1.320   0.031   0.295   0.000 01O000M000t
00626 GLN01A0303_002 f 0.00  0.000     0  0.00  0  0  -2.973  -3.041   1.332  -0.031   0.339   0.000 01R001M000t
00627 ASP01A0304_001 f 0.00  0.000     0  0.00  0  0  -1.306  -0.948   2.743   3.366   1.165   0.000 01O000M000t
00628 ASP01A0304_002 f 0.00  0.000     0  0.00  0  0  -1.306  -0.948   0.023  -0.129   0.988   0.000 01O000M000t
00629 ASP02A0304_003 f 0.00  0.000     0  0.00  0  0  -1.121  -1.847   2.743  -1.110   0.586   0.000 02O000M000t
00630 ASP02A0304_004 f 0.00  0.000     0  0.00  0  0  -1.121  -1.847   0.023  -1.161   1.482   0.000 02O000M000t
00631 ASP-1A0304_005 f 0.00 -1.000     0  4.75  0 -1  -1.171  -1.766   0.023  -4.095   3.318   0.000 -1O000M000t
00632 PRO01A0305_001 f 0.00  0.000     0  0.00  0  0  -5.197  -0.170   0.000   0.000   0.000   0.000 01O000M000t
00633 ASP01A0306_001 f 0.00  0.000     0  0.00  0  0  -3.304   0.341   2.931   0.909   0.028   0.000 01O000M000t
00634 ASP01A0306_002 f 0.00  0.000     0  0.00  0  0  -3.304   0.341   0.211   0.328   0.410   0.000 01O000M000t
00635 ASP02A0306_003 f 0.00  0.000     0  0.00  0  0  -3.341  -0.181   2.931   0.375  -0.620   0.000 02O000M000t
00636 ASP02A0306_004 f 0.00  0.000     0  0.00  0  0  -3.341  -0.181   0.211   0.312   0.581   0.000 02O000M000t
00637 ASP-1A0306_005 f 0.00 -1.000     0  4.75  0 -1  -3.174  -0.148   0.211  -0.849   0.094   0.000 -1O000M000t
00638 VAL01A0307_001 f 0.00  0.000     0  0.00  0  0   0.270  -2.327   0.229   0.000   0.000   0.000 01O000M000t
00639 ILE01A0308_001 f 0.00  0.000     0  0.00  0  0  -0.571  -5.708   0.470   0.000   0.000   0.000 01O000M000t
00640 ASN01A0309_001 f 0.00  0.000     0  0.00  0  0  -2.682  -0.698   0.689   0.102   0.232   0.000 01O000M000t
00641 ASN01A0309_002 f 0.00  0.000     0  0.00  0  0  -2.786   0.351   0.680   0.207   0.172   0.000 01R001M000t
00642 THR01A0310_001 f 0.00  0.000     0  0.00  0  0  -0.839  -2.713   0.390   0.512   0.222   0.000 01O000M000t
00643 THR01A0310_002 f 0.00  0.000     0  0.00  0  0  -0.839  -2.713   0.390  -1.396   1.344   0.000 01O000M000t
00644 THR01A0310_003 f 0.00  0.000     0  0.00  0  0  -0.839  -2.713   0.015   0.123   0.463   0.000 01O000M000t
00645 ALA01A0311_001 f 0.00  0.000     0  0.00  0  0  -3.071  -0.500   0.000   0.000   0.000   0.000 01O000M000t
00646 LEU01A0312_001 f 0.00  0.000     0  0.00  0  0   1.348  -4.704   0.842   0.000   0.000   0.000 01O000M000t
00647 PRO01A0313_001 f 0.00  0.000     0  0.00  0  0  -0.429  -2.175   0.000   0.000   0.000   0.000 01O000M000t
00648 ILE01A0314_001 f 0.00  0.000     0  0.00  0  0  -1.467  -2.955   0.576   0.000   0.000   0.000 01O000M000t
00649 GLU01A0315_001 f 0.00  0.000     0  0.00  0  0  -1.498  -0.661   4.071   0.018   0.325   0.000 01O000M000t
00650 GLU01A0315_002 f 0.00  0.000     0  0.00  0  0  -1.498  -0.661   1.351   0.044   1.480   0.000 01O000M000t
00651 GLU02A0315_003 f 0.00  0.000     0  0.00  0  0  -1.561  -0.651   4.071   0.177   0.310   0.000 02O000M000t
00652 GLU02A0315_004 f 0.00  0.000     0  0.00  0  0  -1.561  -0.651   1.351   0.081   1.731   0.000 02O000M000t
00653 GLU-1A0315_005 f 0.00 -1.000     0  4.75  0 -1  -1.519  -0.617   1.351   0.822   3.367   0.000 -1O000M000t
00654 TYR01A0316_001 f 0.00  0.000     0  0.00  0  0  -7.926  -1.632   0.020   0.270  -0.001   0.000 01O000M000t
00655 TYR-1A0316_002 f 0.00 -1.000     0 10.20  0 -1  -7.926  -1.632   0.020   0.079  -0.735   0.000 -1O000M000t
00656 EMH+1B0001_001 f 0.00  1.003     0  0.00  0  0 358.929  67.554   0.000  -2.738   5.343   0.342 +1O000M000t
00657 EMH01B0001_002 f 0.00 -0.001     0  0.00  0  0 346.588  67.566   0.000  -2.771   5.231   0.488 01O000M000t
00658 EMHDMB0001_003 f 0.00  0.000     0  0.00  0  0   0.000   0.000   0.000   0.000   0.000   0.000         DMt
