 ph           7.4
SER_A0001_   0.00
THR_A0002_   0.00
ILE_A0003_   0.00
MET_A0004_   0.00
THR_A0005_   0.00
ASP_A0006_   0.00
TYR_A0007_   0.00
ASN_A0008_   0.00
PRO_A0009_   0.00
ASN_A0010_  -0.00
TYR_A0011_   0.00
CYS_A0012_   0.00
PHE_A0013_   0.00
ALA_A0014_   0.00
LYS_A0016_   0.00
THR_A0017_   0.00
SER_A0018_  -0.00
SER_A0019_   0.00
ILE_A0020_   0.00
SER_A0021_   0.00
ASP_A0022_   0.00
LEU_A0023_   0.00
LYS_A0024_  -0.00
GLU_A0025_   0.00
VAL_A0026_   0.00
PRO_A0027_   0.00
ARG_A0028_  -0.01
LYS_A0029_   0.00
ASN_A0030_  -0.00
ILE_A0031_   0.00
THR_A0032_  -0.00
LEU_A0033_   0.00
ILE_A0034_  -0.02
ARG_A0035_   3.31
LEU_A0037_  64.76
HIS_A0039_  -0.26
ALA_A0041_   0.00
PHE_A0042_  -0.06
GLU_A0044_  -0.04
VAL_A0045_  -2.90
TYR_A0046_  -0.03
GLU_A0047_  -1.10
GLN_A0049_  -0.00
VAL_A0050_   0.00
SER_A0051_  -0.00
MET_A0053_   0.00
PRO_A0054_   0.00
ASN_A0055_   0.00
ASP_A0056_  -0.00
PRO_A0057_   0.00
SER_A0058_   0.00
PRO_A0059_   0.00
LEU_A0060_   0.00
GLN_A0061_  -0.05
VAL_A0062_  -0.04
ALA_A0063_   0.26
VAL_A0064_  -0.03
LYS_A0065_  -1.97
THR_A0066_   0.00
LEU_A0067_   0.00
PRO_A0068_   0.00
GLU_A0069_  -0.01
VAL_A0070_   0.00
CYS_A0071_  -0.00
SER_A0072_   0.00
GLU_A0073_  -0.00
GLN_A0074_   0.00
ASP_A0075_  -0.01
GLU_A0076_   0.00
LEU_A0077_   0.00
ASP_A0078_  -0.00
PHE_A0079_  -0.00
LEU_A0080_   0.00
MET_A0081_  -0.00
GLU_A0082_  -0.01
ALA_A0083_  -0.00
LEU_A0084_   0.00
ILE_A0085_  -0.00
ILE_A0086_  -0.26
SER_A0087_  -0.01
LYS_A0088_  -0.00
PHE_A0089_  -0.00
ASN_A0090_  -0.00
HIS_A0091_   0.00
GLN_A0092_   0.00
ASN_A0093_   0.01
ILE_A0094_  -0.01
VAL_A0095_  65.00
ARG_A0096_  -0.01
CYS_A0097_  -0.02
ILE_A0098_  -0.03
VAL_A0100_   0.00
SER_A0101_   0.00
LEU_A0102_   0.00
GLN_A0103_  -0.00
SER_A0104_   0.00
LEU_A0105_   0.00
PRO_A0106_   0.00
ARG_A0107_  -0.00
PHE_A0108_   0.00
ILE_A0109_  -0.07
LEU_A0110_  -0.01
LEU_A0111_  30.28
GLU_A0112_  -0.34
LEU_A0113_  -1.90
MET_A0114_  -1.88
ALA_A0115_  -0.63
ASP_A0118_  -1.57
LEU_A0119_  -0.01
LYS_A0120_   0.08
SER_A0121_  -0.14
PHE_A0122_  -0.05
LEU_A0123_   0.00
ARG_A0124_   0.17
GLU_A0125_  -1.39
THR_A0126_   0.01
ARG_A0127_   0.07
PRO_A0128_   0.00
ARG_A0129_   0.08
PRO_A0130_   0.00
SER_A0131_  -0.00
GLN_A0132_  -0.00
PRO_A0133_   0.00
SER_A0134_  -0.00
SER_A0135_   0.00
LEU_A0136_   0.00
ALA_A0137_   0.00
MET_A0138_  -0.00
LEU_A0139_   0.00
ASP_A0140_  -0.04
LEU_A0141_   0.00
LEU_A0142_   0.00
HIS_A0143_   0.00
VAL_A0144_   0.00
ALA_A0145_   0.00
ARG_A0146_   0.01
ASP_A0147_  -0.03
ILE_A0148_   0.00
ALA_A0149_   0.00
CYS_A0150_  -0.00
CYS_A0152_   0.00
GLN_A0153_   0.00
TYR_A0154_   0.00
LEU_A0155_   0.00
GLU_A0156_  -0.00
GLU_A0157_  -0.00
ASN_A0158_  -0.00
HIS_A0159_   0.00
PHE_A0160_   0.00
ILE_A0161_   0.00
HIS_A0162_  -0.01
ARG_A0163_   0.00
ASP_A0164_  -0.03
ILE_A0165_   0.00
ALA_A0166_   0.00
ALA_A0167_   0.00
ARG_A0168_   0.09
ASN_A0169_  -0.06
CYS_A0170_  -0.01
LEU_A0171_  32.15
LEU_A0172_  -0.06
THR_A0173_  -0.00
CYS_A0174_  -0.02
PRO_A0175_  -0.18
PRO_A0177_   0.00
ARG_A0179_   0.10
VAL_A0180_   0.00
ALA_A0181_   0.00
LYS_A0182_  -0.03
ILE_A0183_  -0.01
ASP_A0185_  -0.28
PHE_A0186_  -0.08
MET_A0188_   0.00
ALA_A0189_   0.00
ARG_A0190_  -0.04
ASP_A0191_  -0.01
ILE_A0192_   0.00
TYR_A0193_   0.00
ARG_A0194_  -0.00
ALA_A0195_   0.00
SER_A0196_   0.00
TYR_A0197_   0.00
TYR_A0198_  -0.00
ARG_A0199_   0.00
LYS_A0200_   0.00
CYS_A0203_  -0.00
ALA_A0204_   0.00
MET_A0205_   0.00
LEU_A0206_   0.00
PRO_A0207_   0.00
VAL_A0208_   0.00
LYS_A0209_   0.03
TRP_A0210_   0.00
MET_A0211_   0.00
PRO_A0212_   0.00
PRO_A0213_   0.00
GLU_A0214_  -0.00
ALA_A0215_   0.00
PHE_A0216_   0.00
MET_A0217_   0.00
GLU_A0218_   0.00
ILE_A0220_   0.00
PHE_A0221_   0.00
THR_A0222_   0.00
SER_A0223_   0.00
LYS_A0224_   0.00
THR_A0225_   0.00
ASP_A0226_  -0.01
THR_A0227_  -0.00
TRP_A0228_   0.00
SER_A0229_  -0.00
PHE_A0230_   0.00
VAL_A0232_   0.00
LEU_A0233_   0.00
LEU_A0234_   0.00
TRP_A0235_   0.00
GLU_A0236_  -0.10
ILE_A0237_   0.00
PHE_A0238_   0.00
SER_A0239_   0.00
LEU_A0240_   0.00
TYR_A0242_  -0.00
MET_A0243_   0.00
PRO_A0244_   0.00
TYR_A0245_  -0.00
PRO_A0246_   0.00
SER_A0247_  -0.00
LYS_A0248_   0.00
SER_A0249_  -0.00
ASN_A0250_  -0.00
GLN_A0251_   0.00
GLU_A0252_  -0.00
VAL_A0253_   0.00
LEU_A0254_   0.00
GLU_A0255_  -0.00
PHE_A0256_   0.00
VAL_A0257_   0.00
THR_A0258_   0.00
SER_A0259_   0.00
ARG_A0262_   0.00
MET_A0263_   0.00
ASP_A0264_  -0.00
PRO_A0265_   0.00
PRO_A0266_   0.00
LYS_A0267_   0.01
ASN_A0268_   0.00
CYS_A0269_   0.00
PRO_A0270_   0.00
PRO_A0272_   0.00
VAL_A0273_   0.00
TYR_A0274_   0.00
ARG_A0275_   0.00
ILE_A0276_   0.00
MET_A0277_   0.00
THR_A0278_   0.00
GLN_A0279_   0.00
CYS_A0280_   0.00
TRP_A0281_   0.00
GLN_A0282_   0.00
HIS_A0283_   0.00
GLN_A0284_   0.00
PRO_A0285_   0.00
GLU_A0286_   0.00
ASP_A0287_   0.00
ARG_A0288_   0.00
PRO_A0289_   0.00
ASN_A0290_   0.00
PHE_A0291_   0.00
ALA_A0292_   0.00
ILE_A0293_   0.00
ILE_A0294_   0.00
LEU_A0295_   0.00
GLU_A0296_   0.00
ARG_A0297_   0.00
ILE_A0298_   0.00
GLU_A0299_  -0.00
TYR_A0300_   0.00
CYS_A0301_   0.00
THR_A0302_   0.00
GLN_A0303_   0.00
ASP_A0304_  -0.00
PRO_A0305_   0.00
ASP_A0306_  -0.00
VAL_A0307_   0.00
ILE_A0308_   0.00
ASN_A0309_  -0.00
THR_A0310_  -0.00
ALA_A0311_   0.00
LEU_A0312_   0.00
PRO_A0313_   0.00
ILE_A0314_   0.00
GLU_A0315_  -0.04
TYR_A0316_  -0.00
EMH_B0001_   0.00
SUM         180.5
