  pH           7
ASP-A0006_ -1.00
TYR-A0007_ -0.00
TYR-A0011_ -0.00
CYS-A0012_ -0.00
LYS+A0016_  1.00
ASP-A0022_ -1.00
LYS+A0024_  1.00
GLU-A0025_ -1.00
ARG+A0028_  1.00
LYS+A0029_  0.97
ARG+A0035_  1.00
HIS+A0039_  0.44
GLU-A0044_ -1.00
TYR-A0046_ -0.00
GLU-A0047_ -1.00
ASP-A0056_ -1.00
LYS+A0065_  1.00
GLU-A0069_ -1.00
CYS-A0071_ -0.00
GLU-A0073_ -1.00
ASP-A0075_ -1.00
GLU-A0076_ -1.00
ASP-A0078_ -0.94
GLU-A0082_ -1.00
LYS+A0088_  0.02
HIS+A0091_  0.00
ARG+A0096_  1.00
CYS-A0097_ -0.00
ARG+A0107_  1.00
GLU-A0112_ -1.00
ASP-A0118_ -1.00
LYS+A0120_  0.83
ARG+A0124_  1.00
GLU-A0125_ -1.00
ARG+A0127_  1.00
ARG+A0129_  1.00
ASP-A0140_ -1.00
HIS+A0143_  0.03
ARG+A0146_  1.00
ASP-A0147_ -1.00
CYS-A0150_ -0.00
CYS-A0152_ -0.00
TYR-A0154_ -0.00
GLU-A0156_ -1.00
GLU-A0157_ -1.00
HIS+A0159_  0.48
HIS+A0162_  0.00
ARG+A0163_  1.00
ASP-A0164_ -0.48
ARG+A0168_  1.00
CYS-A0170_ -0.00
CYS-A0174_ -0.01
ARG+A0179_  1.00
LYS+A0182_  1.00
ASP-A0185_ -1.00
ARG+A0190_  1.00
ASP-A0191_ -0.99
TYR-A0193_ -0.00
ARG+A0194_  1.00
TYR-A0197_ -0.00
TYR-A0198_ -0.03
ARG+A0199_  0.98
LYS+A0200_  0.99
CYS-A0203_ -0.14
LYS+A0209_  1.00
GLU-A0214_ -1.00
GLU-A0218_ -1.00
LYS+A0224_  1.00
ASP-A0226_ -1.00
GLU-A0236_ -1.00
TYR-A0242_ -0.14
TYR-A0245_ -0.00
LYS+A0248_  0.99
GLU-A0252_ -1.00
GLU-A0255_ -1.00
ARG+A0262_  1.00
ASP-A0264_ -1.00
LYS+A0267_  1.00
CYS-A0269_ -0.00
TYR-A0274_ -0.00
ARG+A0275_  1.00
CYS-A0280_ -0.00
HIS+A0283_  0.01
GLU-A0286_ -1.00
ASP-A0287_ -1.00
ARG+A0288_  1.00
GLU-A0296_ -1.00
ARG+A0297_  1.00
GLU-A0299_ -0.99
TYR-A0300_ -0.00
CYS-A0301_ -0.00
ASP-A0304_ -1.00
ASP-A0306_ -1.00
GLU-A0315_ -1.00
TYR-A0316_ -0.01
----------
Net_Charge -5.97
Protons    -5.97
Electrons   0.00
