   confID        vdw0    sas     sum
SER01A0001_001   0.000   0.000   0.000
SER01A0001_002   0.000   0.000   0.000
THR01A0002_001   0.163  -6.646  -6.484
ILE01A0003_001   0.997  -1.957  -0.960
MET01A0004_001   0.004   0.000   0.004
THR01A0005_001   0.200  -5.166  -4.966
THR01A0005_002   0.200  -5.166  -4.966
THR01A0005_003   0.200  -5.166  -4.966
ASP01A0006_001   0.076  -2.662  -2.586
ASP01A0006_002   0.076  -2.662  -2.586
ASP02A0006_003   0.142  -2.620  -2.478
ASP02A0006_004   0.142  -2.620  -2.478
ASP-1A0006_005   0.071  -2.623  -2.552
TYR01A0007_001   4.173  -7.882  -3.710
TYR-1A0007_002   4.173  -7.882  -3.710
ASN01A0008_001   0.334  -2.037  -1.703
ASN01A0008_002   0.121  -1.929  -1.809
PRO01A0009_001   0.302  -0.995  -0.692
ASN01A0010_001   0.308  -2.567  -2.259
ASN01A0010_002   0.100  -2.524  -2.425
TYR01A0011_001   4.358   0.000   4.358
TYR-1A0011_002   4.358   0.000   4.358
CYS01A0012_001  -0.002  -3.550  -3.552
CYS01A0012_002  -0.002  -3.550  -3.552
CYS01A0012_003  -0.002  -3.550  -3.553
CYS-1A0012_004   0.000  -3.550  -3.550
PHE01A0013_001   4.267  -0.505   3.761
ALA01A0014_001   0.000  -1.561  -1.561
LYS01A0016_001   0.584  -9.527  -8.943
LYS+1A0016_002   0.539  -9.527  -8.988
THR01A0017_001   0.187  -3.359  -3.172
THR01A0017_002   0.187  -3.359  -3.172
SER01A0018_001   0.000  -0.240  -0.240
SER01A0018_002   0.000  -0.240  -0.240
SER01A0018_003   0.000  -0.240  -0.240
SER01A0019_001   0.000  -0.891  -0.891
SER01A0019_002   0.000  -0.891  -0.891
ILE01A0020_001   1.976  -1.974   0.002
SER01A0021_001   0.000  -4.199  -4.199
SER01A0021_002   0.000  -4.199  -4.199
ASP01A0022_001   0.283  -2.237  -1.954
ASP01A0022_002   0.283  -2.237  -1.954
ASP02A0022_003   0.356  -2.034  -1.678
ASP02A0022_004   0.356  -2.034  -1.678
ASP-1A0022_005   0.253  -2.123  -1.870
LEU01A0023_001   1.451  -0.103   1.348
LYS01A0024_001   1.429  -8.685  -7.256
LYS+1A0024_002   1.341  -8.685  -7.344
GLU01A0025_001   1.602  -0.524   1.078
GLU01A0025_002   1.602  -0.524   1.078
GLU02A0025_003   1.260  -0.589   0.671
GLU02A0025_004   1.260  -0.589   0.671
GLU-1A0025_005   1.207  -0.559   0.648
VAL01A0026_001   0.443  -1.133  -0.691
PRO01A0027_001   0.247  -4.052  -3.805
ARG01A0028_001   1.121  -3.106  -1.986
ARG02A0028_002   1.073  -3.106  -2.034
ARG03A0028_003   1.068  -3.106  -2.038
ARG03A0028_004   1.074  -3.106  -2.033
ARG+1A0028_005   1.028  -3.106  -2.078
LYS01A0029_001   1.524  -9.081  -7.557
LYS+1A0029_002   1.434  -9.081  -7.647
ASN01A0030_001   0.146  -1.427  -1.281
ASN01A0030_002  -0.009  -1.358  -1.368
ILE01A0031_001   1.707   0.000   1.707
THR01A0032_001   0.217  -4.576  -4.359
LEU01A0033_001   1.291  -3.020  -1.729
ILE01A0034_001   1.570  -3.586  -2.016
ARG01A0035_001   1.672  -5.315  -3.643
ARG02A0035_002   1.626  -5.315  -3.688
ARG02A0035_003   1.631  -5.315  -3.683
ARG03A0035_004   1.632  -5.315  -3.683
ARG+1A0035_005   1.588  -5.315  -3.727
LEU01A0037_001   1.789   0.000   1.789
HIS01A0039_001  -0.199  -7.646  -7.845
HIS01A0039_002  -0.221  -7.498  -7.719
HIS02A0039_003  -0.212  -7.646  -7.858
HIS02A0039_004  -0.233  -7.498  -7.731
HIS+1A0039_005  -0.237  -7.646  -7.883
HIS+1A0039_006  -0.261  -7.498  -7.760
ALA01A0041_001   0.000  -4.787  -4.787
PHE01A0042_001   8.537  -7.291   1.245
GLU01A0044_001   1.284  -2.232  -0.947
GLU01A0044_002   1.284  -2.232  -0.947
GLU02A0044_003   1.030  -2.330  -1.300
GLU02A0044_004   1.030  -2.330  -1.300
GLU-1A0044_005   0.960  -2.309  -1.348
VAL01A0045_001   0.551  -0.222   0.329
TYR01A0046_001   4.439  -2.434   2.005
TYR01A0046_002   4.439  -2.434   2.005
TYR-1A0046_003   4.439  -2.434   2.005
GLU01A0047_001   1.450  -0.910   0.540
GLU01A0047_002   1.450  -0.910   0.540
GLU02A0047_003   1.152  -1.000   0.152
GLU02A0047_004   1.152  -1.000   0.152
GLU-1A0047_005   1.082  -0.930   0.152
GLN01A0049_001   1.173  -1.915  -0.742
GLN01A0049_002   1.511  -1.944  -0.433
VAL01A0050_001   0.612  -0.670  -0.057
SER01A0051_001   0.000  -0.997  -0.997
SER01A0051_002   0.000  -0.997  -0.997
MET01A0053_001   0.020  -3.626  -3.606
PRO01A0054_001   0.258  -2.437  -2.179
ASN01A0055_001   0.256  -3.463  -3.207
ASN01A0055_002   0.598  -3.476  -2.879
ASP01A0056_001   0.219  -2.691  -2.472
ASP01A0056_002   0.219  -2.691  -2.472
ASP02A0056_003   0.132  -2.653  -2.522
ASP02A0056_004   0.132  -2.653  -2.522
ASP-1A0056_005   0.127  -2.619  -2.492
PRO01A0057_001   0.141  -0.691  -0.550
SER01A0058_001   0.000  -0.181  -0.181
SER01A0058_002   0.000  -0.181  -0.181
PRO01A0059_001   0.287  -1.701  -1.414
LEU01A0060_001   1.978  -6.574  -4.596
GLN01A0061_001   0.879  -1.641  -0.762
GLN01A0061_002   1.297  -1.656  -0.359
VAL01A0062_001   0.522   0.000   0.522
ALA01A0063_001   0.000   0.000   0.000
VAL01A0064_001   0.400   0.000   0.400
LYS01A0065_001   1.924  -0.605   1.319
LYS+1A0065_002   1.876  -0.605   1.271
THR01A0066_001   0.141  -0.319  -0.178
THR01A0066_002   0.141  -0.319  -0.178
THR01A0066_003   0.141  -0.319  -0.178
LEU01A0067_001   1.704  -0.258   1.446
PRO01A0068_001   0.265  -3.707  -3.442
GLU01A0069_001   1.068  -2.634  -1.566
GLU01A0069_002   1.068  -2.634  -1.566
GLU02A0069_003   1.214  -2.722  -1.508
GLU02A0069_004   1.214  -2.722  -1.508
GLU-1A0069_005   0.959  -2.524  -1.565
VAL01A0070_001   0.434  -9.060  -8.626
CYS01A0071_001  -0.002  -0.071  -0.073
CYS01A0071_002  -0.002  -0.071  -0.073
CYS01A0071_003  -0.002  -0.071  -0.074
CYS-1A0071_004   0.000  -0.071  -0.071
SER01A0072_001   0.000  -2.888  -2.888
SER01A0072_002   0.000  -2.888  -2.888
SER01A0072_003   0.000  -2.888  -2.888
GLU01A0073_001   1.708  -2.990  -1.282
GLU01A0073_002   1.708  -2.990  -1.282
GLU02A0073_003   1.392  -3.076  -1.684
GLU02A0073_004   1.392  -3.076  -1.684
GLU-1A0073_005   1.308  -2.972  -1.664
GLN01A0074_001   1.503  -1.710  -0.207
ASP01A0075_001   0.155  -1.814  -1.658
ASP01A0075_002   0.155  -1.814  -1.658
ASP02A0075_003   0.245  -1.760  -1.515
ASP02A0075_004   0.245  -1.760  -1.515
ASP-1A0075_005   0.150  -1.757  -1.608
GLU01A0076_001   4.389  -0.379   4.010
GLU01A0076_002   4.389  -0.379   4.010
GLU02A0076_003   3.513  -0.398   3.115
GLU02A0076_004   3.513  -0.398   3.115
GLU-1A0076_005   3.456  -0.379   3.077
LEU01A0077_001   1.308  -0.155   1.153
ASP01A0078_001   0.080  -1.090  -1.009
ASP01A0078_002   0.080  -1.090  -1.009
ASP02A0078_003   0.153  -1.114  -0.961
ASP02A0078_004   0.153  -1.114  -0.961
ASP-1A0078_005   0.077  -1.081  -1.004
PHE01A0079_001   4.525  -0.607   3.918
LEU01A0080_001   1.189   0.000   1.189
MET01A0081_001   3.817  -0.071   3.746
GLU01A0082_001   1.283  -0.109   1.174
GLU01A0082_002   1.283  -0.109   1.174
GLU02A0082_003   1.068  -0.069   0.999
GLU02A0082_004   1.068  -0.069   0.999
GLU-1A0082_005   0.979  -0.069   0.910
ALA01A0083_001   0.000   0.000   0.000
LEU01A0084_001   1.279   0.000   1.279
ILE01A0085_001   1.335   0.000   1.335
ILE01A0086_001   1.201   0.000   1.201
SER01A0087_001   0.000  -0.732  -0.732
SER01A0087_002   0.000  -0.732  -0.732
SER01A0087_003   0.000  -0.732  -0.732
LYS01A0088_001   3.373  -2.640   0.733
LYS+1A0088_002   3.308  -2.640   0.668
PHE01A0089_001   5.241   0.000   5.241
ASN01A0090_001   0.290  -3.550  -3.260
ASN01A0090_002   0.087  -3.312  -3.225
HIS01A0091_001  -0.116  -1.233  -1.349
HIS01A0091_002  -0.051  -0.920  -0.971
HIS02A0091_003  -0.136  -1.233  -1.369
HIS02A0091_004  -0.063  -0.920  -0.983
HIS+1A0091_005  -0.163  -1.233  -1.396
HIS+1A0091_006  -0.089  -0.920  -1.010
GLN01A0092_001   0.890  -2.920  -2.030
ASN01A0093_001   0.326  -0.226   0.099
ASN01A0093_002   0.489  -0.305   0.184
ILE01A0094_001   2.177   0.000   2.177
VAL01A0095_001   0.722   0.000   0.722
ARG01A0096_001   1.249  -5.463  -4.213
ARG02A0096_002   1.213  -5.463  -4.250
ARG02A0096_003   1.273  -5.463  -4.189
ARG03A0096_004   1.208  -5.463  -4.255
ARG+1A0096_005   1.170  -5.463  -4.293
CYS01A0097_001  -0.002   0.000  -0.002
CYS01A0097_002  -0.002   0.000  -0.002
CYS01A0097_003  -0.002   0.000  -0.002
CYS-1A0097_004   0.000   0.000   0.000
ILE01A0098_001   1.651  -1.442   0.208
VAL01A0100_001   0.430   0.000   0.430
SER01A0101_001   0.000   0.000   0.000
SER01A0101_002   0.000   0.000   0.000
SER01A0101_003   0.000   0.000   0.000
LEU01A0102_001   1.314   0.000   1.314
GLN01A0103_001   1.028  -3.070  -2.041
GLN01A0103_002   1.542  -3.233  -1.691
SER01A0104_001   0.000  -1.697  -1.697
LEU01A0105_001   1.468  -5.251  -3.783
PRO01A0106_001   0.193  -2.897  -2.704
ARG01A0107_001   1.508  -0.899   0.609
ARG02A0107_002   1.493  -0.899   0.593
ARG03A0107_003   1.486  -0.899   0.586
ARG03A0107_004   1.490  -0.899   0.591
ARG+1A0107_005   1.446  -0.899   0.547
PHE01A0108_001   3.967  -0.606   3.360
ILE01A0109_001   2.330   0.000   2.330
LEU01A0110_001   1.539   0.000   1.539
LEU01A0111_001   2.194   0.000   2.194
GLU01A0112_001   2.001  -1.065   0.935
GLU01A0112_002   2.001  -1.065   0.935
GLU02A0112_003   1.592  -1.102   0.490
GLU02A0112_004   1.592  -1.102   0.490
GLU-1A0112_005   1.524  -1.098   0.426
LEU01A0113_001   1.795  -1.030   0.765
MET01A0114_001   0.596   0.000   0.596
ALA01A0115_001   0.000  -1.784  -1.784
ASP01A0118_001   0.413  -0.969  -0.556
ASP01A0118_002   0.413  -0.969  -0.556
ASP02A0118_003   0.421  -0.836  -0.415
ASP02A0118_004   0.421  -0.836  -0.415
ASP-1A0118_005   0.338  -0.896  -0.558
LEU01A0119_001   1.306   0.000   1.306
LYS01A0120_001   0.867  -2.002  -1.135
LYS+1A0120_002   0.801  -2.002  -1.201
SER01A0121_001   0.000  -1.615  -1.615
SER01A0121_002   0.000  -1.615  -1.615
SER01A0121_003   0.000  -1.615  -1.615
PHE01A0122_001   4.778  -0.354   4.424
LEU01A0123_001   1.726   0.000   1.726
ARG01A0124_001   2.118  -5.667  -3.549
ARG02A0124_002   2.219  -5.667  -3.448
ARG03A0124_003   2.095  -5.667  -3.571
ARG+1A0124_004   2.051  -5.667  -3.615
GLU01A0125_001   1.580  -1.754  -0.174
GLU01A0125_002   1.580  -1.754  -0.174
GLU02A0125_003   1.257  -1.840  -0.583
GLU02A0125_004   1.257  -1.840  -0.583
GLU-1A0125_005   1.187  -1.761  -0.574
THR01A0126_001   0.245  -1.391  -1.146
THR01A0126_002   0.245  -1.391  -1.146
ARG01A0127_001   1.655  -1.461   0.194
ARG02A0127_002   1.613  -1.461   0.152
ARG02A0127_003   1.673  -1.461   0.212
ARG03A0127_004   1.608  -1.461   0.147
ARG+1A0127_005   1.570  -1.461   0.109
PRO01A0128_001   0.273   0.000   0.273
ARG01A0129_001   0.741  -3.654  -2.914
ARG02A0129_002   0.718  -3.654  -2.937
ARG02A0129_003   0.721  -3.654  -2.933
ARG03A0129_004   0.724  -3.654  -2.930
ARG+1A0129_005   0.679  -3.654  -2.976
PRO01A0130_001   0.203  -3.649  -3.446
SER01A0131_001   0.000  -4.368  -4.368
GLN01A0132_001   1.832  -1.882  -0.050
GLN01A0132_002   1.066  -1.727  -0.661
PRO01A0133_001   0.236  -4.552  -4.316
SER01A0134_001   0.000  -4.734  -4.734
SER01A0135_001   0.000  -0.068  -0.068
LEU01A0136_001   1.839   0.000   1.839
ALA01A0137_001   0.000  -2.830  -2.830
MET01A0138_001   0.263   0.000   0.263
LEU01A0139_001   1.521  -3.757  -2.236
ASP01A0140_001   0.347  -0.707  -0.360
ASP01A0140_002   0.347  -0.707  -0.360
ASP02A0140_003   0.390  -0.745  -0.355
ASP02A0140_004   0.390  -0.745  -0.355
ASP-1A0140_005   0.295  -0.758  -0.463
LEU01A0141_001   1.249   0.000   1.249
LEU01A0142_001   1.541   0.000   1.541
HIS01A0143_001  -0.239  -3.877  -4.116
HIS01A0143_002  -0.199  -4.260  -4.459
HIS02A0143_003  -0.260  -3.877  -4.136
HIS02A0143_004  -0.208  -4.260  -4.468
HIS+1A0143_005  -0.286  -3.877  -4.163
HIS+1A0143_006  -0.235  -4.260  -4.495
VAL01A0144_001   0.404   0.000   0.404
ALA01A0145_001   0.000   0.000   0.000
ARG01A0146_001   2.245  -4.462  -2.218
ARG02A0146_002   2.228  -4.462  -2.234
ARG02A0146_003   2.320  -4.462  -2.142
ARG03A0146_004   2.217  -4.462  -2.245
ARG03A0146_005   2.221  -4.462  -2.241
ARG+1A0146_006   2.177  -4.462  -2.286
ASP01A0147_001   0.084  -0.540  -0.456
ASP01A0147_002   0.084  -0.540  -0.456
ASP02A0147_003   0.157  -0.522  -0.366
ASP02A0147_004   0.157  -0.522  -0.366
ASP-1A0147_005   0.080  -0.482  -0.403
ILE01A0148_001   1.145   0.000   1.145
ALA01A0149_001   0.000   0.000   0.000
CYS01A0150_001  -0.002  -1.596  -1.598
CYS01A0150_002  -0.002  -1.596  -1.598
CYS01A0150_003  -0.002  -1.596  -1.599
CYS-1A0150_004   0.000  -1.596  -1.596
CYS01A0152_001  -0.002   0.000  -0.002
CYS01A0152_002  -0.002   0.000  -0.002
CYS01A0152_003  -0.003   0.000  -0.003
CYS-1A0152_004   0.000   0.000   0.000
GLN01A0153_001   1.216  -1.600  -0.384
GLN01A0153_002   0.888  -1.516  -0.628
TYR01A0154_001   4.570  -1.830   2.740
TYR-1A0154_002   4.570  -1.830   2.740
LEU01A0155_001   1.401   0.000   1.401
GLU01A0156_001   0.571  -0.758  -0.187
GLU01A0156_002   0.571  -0.758  -0.187
GLU02A0156_003   0.546  -0.797  -0.250
GLU02A0156_004   0.546  -0.797  -0.250
GLU-1A0156_005   0.446  -0.758  -0.312
GLU01A0157_001   1.910  -2.391  -0.481
GLU01A0157_002   1.910  -2.391  -0.481
GLU02A0157_003   1.501  -2.326  -0.825
GLU02A0157_004   1.501  -2.326  -0.825
GLU-1A0157_005   1.440  -2.270  -0.829
ASN01A0158_001   0.418  -1.186  -0.768
ASN01A0158_002   0.330  -1.309  -0.979
HIS01A0159_001  -0.206  -8.681  -8.887
HIS01A0159_002  -0.166  -9.184  -9.350
HIS02A0159_003  -0.223  -8.681  -8.904
HIS02A0159_004  -0.180  -9.184  -9.363
HIS+1A0159_005  -0.250  -8.681  -8.931
HIS+1A0159_006  -0.206  -9.184  -9.390
PHE01A0160_001   4.306  -0.556   3.749
ILE01A0161_001   1.983  -1.751   0.231
HIS01A0162_001  -0.153   0.000  -0.153
HIS02A0162_002  -0.172   0.000  -0.172
HIS+1A0162_003  -0.198   0.000  -0.198
ARG01A0163_001   2.487  -2.190   0.296
ARG02A0163_002   2.530  -2.190   0.339
ARG03A0163_003   2.454  -2.190   0.264
ARG+1A0163_004   2.415  -2.190   0.225
ASP01A0164_001   0.111  -0.482  -0.371
ASP01A0164_002   0.111  -0.482  -0.371
ASP02A0164_003   0.195  -0.507  -0.312
ASP02A0164_004   0.195  -0.507  -0.312
ASP-1A0164_005   0.109  -0.482  -0.373
ILE01A0165_001   1.711   0.000   1.711
ALA01A0166_001   0.000   0.000   0.000
ALA01A0167_001   0.000   0.000   0.000
ARG01A0168_001   2.077  -4.538  -2.461
ARG02A0168_002   2.051  -4.538  -2.488
ARG02A0168_003   2.055  -4.538  -2.484
ARG03A0168_004   2.058  -4.538  -2.480
ARG03A0168_005   2.139  -4.538  -2.400
ARG+1A0168_006   2.011  -4.538  -2.527
ASN01A0169_001   0.266  -0.458  -0.191
ASN01A0169_002   0.077  -0.354  -0.278
CYS01A0170_001  -0.002   0.000  -0.002
CYS01A0170_002  -0.002   0.000  -0.002
CYS01A0170_003  -0.002   0.000  -0.002
CYS-1A0170_004   0.000   0.000   0.000
LEU01A0171_001   1.997   0.000   1.997
LEU01A0172_001   1.954   0.000   1.954
THR01A0173_001   0.172  -1.730  -1.559
THR01A0173_002   0.172  -1.730  -1.559
THR01A0173_003   0.172  -1.730  -1.559
CYS01A0174_001  -0.002  -2.523  -2.524
CYS01A0174_002  -0.002  -2.523  -2.524
CYS01A0174_003  -0.002  -2.523  -2.525
CYS-1A0174_004   0.000  -2.523  -2.523
PRO01A0175_001   0.326  -4.912  -4.586
PRO01A0177_001   0.277  -7.784  -7.507
ARG01A0179_001   1.791  -0.424   1.366
ARG02A0179_002   1.759  -0.424   1.335
ARG02A0179_003   1.849  -0.424   1.425
ARG03A0179_004   1.751  -0.424   1.327
ARG03A0179_005   1.756  -0.424   1.332
ARG+1A0179_006   1.711  -0.424   1.287
VAL01A0180_001   0.402  -3.242  -2.840
ALA01A0181_001   0.000   0.000   0.000
LYS01A0182_001   0.813  -0.964  -0.150
LYS+1A0182_002   0.767  -0.964  -0.196
ILE01A0183_001   1.367   0.000   1.367
ASP01A0185_001   0.431  -0.388   0.043
ASP01A0185_002   0.431  -0.388   0.043
ASP02A0185_003   0.420  -0.355   0.065
ASP02A0185_004   0.420  -0.355   0.065
ASP-1A0185_005   0.345  -0.379  -0.034
PHE01A0186_001   4.753   0.000   4.753
MET01A0188_001   7.873  -1.546   6.327
ALA01A0189_001   0.000  -0.103  -0.103
ARG01A0190_001   2.732  -0.514   2.218
ARG02A0190_002   2.706  -0.514   2.192
ARG03A0190_003   2.697  -0.514   2.183
ARG03A0190_004   2.702  -0.514   2.188
ARG+1A0190_005   2.657  -0.514   2.143
ASP01A0191_001   0.133  -1.024  -0.891
ASP01A0191_002   0.133  -1.024  -0.891
ASP02A0191_003   0.214  -1.098  -0.884
ASP02A0191_004   0.214  -1.098  -0.884
ASP-1A0191_005   0.126  -0.999  -0.873
ILE01A0192_001   1.124  -2.984  -1.860
TYR01A0193_001   4.017  -4.086  -0.070
TYR-1A0193_002   4.017  -4.086  -0.070
ARG01A0194_001   2.897  -1.530   1.368
ARG02A0194_002   2.854  -1.530   1.324
ARG02A0194_003   2.859  -1.530   1.330
ARG03A0194_004   2.860  -1.530   1.331
ARG03A0194_005   2.914  -1.530   1.384
ARG+1A0194_006   2.814  -1.530   1.285
ALA01A0195_001   0.000  -0.361  -0.361
SER01A0196_001   0.000  -4.663  -4.663
TYR01A0197_001   5.500  -9.226  -3.726
TYR-1A0197_002   5.500  -9.226  -3.726
TYR01A0198_001   7.957  -7.321   0.636
TYR01A0198_002   7.957  -7.321   0.636
TYR-1A0198_003   7.957  -7.321   0.636
ARG01A0199_001   0.140  -5.573  -5.433
ARG02A0199_002   0.102  -5.573  -5.470
ARG03A0199_003   0.105  -5.573  -5.467
ARG+1A0199_004   0.060  -5.573  -5.513
LYS01A0200_0012494.303  -5.4742488.829
LYS+1A0200_0023528.513  -5.4743523.039
CYS01A0203_001  -0.002  -0.500  -0.502
CYS01A0203_002  -0.002  -0.500  -0.502
CYS01A0203_003  -0.002  -0.500  -0.503
CYS-1A0203_004   0.000  -0.500  -0.500
ALA01A0204_001   0.000  -4.823  -4.823
MET01A0205_001   1.210  -9.234  -8.024
LEU01A0206_001   1.790  -0.908   0.882
PRO01A0207_001   0.232  -0.155   0.078
VAL01A0208_001   0.572   0.000   0.572
LYS01A0209_001   0.468  -1.007  -0.539
LYS+1A0209_002   0.429  -1.007  -0.578
TRP01A0210_001   2.476  -0.758   1.719
MET01A0211_001   0.023  -0.359  -0.337
PRO01A0212_001   0.320   0.000   0.320
PRO01A0213_001   0.341   0.000   0.341
GLU01A0214_001   2.435  -0.356   2.080
GLU01A0214_002   2.435  -0.356   2.080
GLU02A0214_003   1.989  -0.392   1.597
GLU02A0214_004   1.989  -0.392   1.597
GLU-1A0214_005   1.910  -0.391   1.519
ALA01A0215_001   0.000   0.000   0.000
PHE01A0216_001   4.153  -0.612   3.541
MET01A0217_001  -0.051  -5.968  -6.018
GLU01A0218_001   0.766  -3.799  -3.032
GLU01A0218_002   0.766  -3.799  -3.032
GLU02A0218_003   0.666  -3.777  -3.111
GLU02A0218_004   0.666  -3.777  -3.111
GLU-1A0218_005   0.575  -3.647  -3.072
ILE01A0220_001   2.279  -6.471  -4.192
PHE01A0221_001   4.129  -1.857   2.273
THR01A0222_001   0.184  -3.404  -3.220
THR01A0222_002   0.184  -3.404  -3.220
SER01A0223_001   0.000  -0.853  -0.853
SER01A0223_002   0.000  -0.853  -0.853
LYS01A0224_001   0.527  -2.918  -2.391
LYS+1A0224_002   0.483  -2.918  -2.434
THR01A0225_001   0.230  -0.096   0.134
THR01A0225_002   0.230  -0.096   0.134
THR01A0225_003   0.230  -0.096   0.134
ASP01A0226_001   0.043   0.000   0.043
ASP01A0226_002   0.043   0.000   0.043
ASP02A0226_003   0.107   0.000   0.107
ASP02A0226_004   0.107   0.000   0.107
ASP-1A0226_005   0.042   0.000   0.042
THR01A0227_001   0.164   0.000   0.164
THR01A0227_002   0.164   0.000   0.164
TRP01A0228_001   2.859   0.000   2.859
SER01A0229_001   0.000  -0.120  -0.120
SER01A0229_002   0.000  -0.120  -0.120
PHE01A0230_001   4.300   0.000   4.300
VAL01A0232_001   0.318   0.000   0.318
LEU01A0233_001   1.090   0.000   1.090
LEU01A0234_001   2.301   0.000   2.301
TRP01A0235_001   2.736  -0.775   1.961
GLU01A0236_001   0.595   0.000   0.595
GLU01A0236_002   0.595   0.000   0.595
GLU02A0236_003   0.636   0.000   0.636
GLU02A0236_004   0.636   0.000   0.636
GLU-1A0236_005   0.500   0.000   0.500
ILE01A0237_001   1.791   0.000   1.791
PHE01A0238_001   4.230   0.000   4.230
SER01A0239_001   0.000  -0.192  -0.192
SER01A0239_002   0.000  -0.192  -0.192
LEU01A0240_001   1.298  -0.052   1.246
TYR01A0242_001   4.259  -5.947  -1.688
TYR-1A0242_002   4.259  -5.947  -1.688
MET01A0243_001   0.308  -5.479  -5.171
PRO01A0244_001   0.349   0.000   0.349
TYR01A0245_001   4.083   0.000   4.083
TYR01A0245_002   4.083   0.000   4.083
TYR-1A0245_003   4.083   0.000   4.083
PRO01A0246_001   0.377  -3.929  -3.553
SER01A0247_001   0.000  -4.228  -4.228
SER01A0247_002   0.000  -4.228  -4.228
LYS01A0248_001   1.448  -3.230  -1.782
LYS+1A0248_002   1.379  -3.230  -1.851
SER01A0249_001   0.000  -2.868  -2.868
SER01A0249_002   0.000  -2.868  -2.868
ASN01A0250_001   0.123  -1.425  -1.302
ASN01A0250_002  -0.021  -1.425  -1.445
GLN01A0251_001   0.718  -2.622  -1.904
GLN01A0251_002   1.034  -2.397  -1.363
GLU01A0252_001   1.310  -2.538  -1.228
GLU01A0252_002   1.310  -2.538  -1.228
GLU02A0252_003   1.058  -2.693  -1.636
GLU02A0252_004   1.058  -2.693  -1.636
GLU-1A0252_005   0.987  -2.549  -1.563
VAL01A0253_001   0.583   0.000   0.583
LEU01A0254_001   2.080  -1.681   0.400
GLU01A0255_001   1.651  -3.098  -1.447
GLU01A0255_002   1.651  -3.098  -1.447
GLU02A0255_003   1.322  -3.073  -1.751
GLU02A0255_004   1.322  -3.073  -1.751
GLU-1A0255_005   1.248  -2.997  -1.749
PHE01A0256_001   4.594  -3.909   0.686
VAL01A0257_001   0.655   0.000   0.655
THR01A0258_001   0.265  -2.082  -1.817
THR01A0258_002   0.265  -2.082  -1.817
SER01A0259_001   0.000  -3.290  -3.290
ARG01A0262_001   1.140  -2.320  -1.180
ARG02A0262_002   1.120  -2.320  -1.200
ARG02A0262_003   1.195  -2.320  -1.126
ARG03A0262_004   1.119  -2.320  -1.201
ARG+1A0262_005   1.075  -2.320  -1.245
MET01A0263_001   0.350  -0.196   0.154
ASP01A0264_001   0.148  -3.375  -3.226
ASP01A0264_002   0.148  -3.375  -3.226
ASP02A0264_003   0.227  -3.271  -3.043
ASP02A0264_004   0.227  -3.271  -3.043
ASP-1A0264_005   0.139  -3.239  -3.100
PRO01A0265_001   0.487  -3.314  -2.827
PRO01A0266_001   0.298   0.000   0.298
LYS01A0267_001   0.618  -8.174  -7.556
LYS+1A0267_002   0.571  -8.174  -7.603
ASN01A0268_001   0.132  -1.757  -1.626
ASN01A0268_002  -0.016  -1.880  -1.896
CYS01A0269_001  -0.002   0.000  -0.002
CYS01A0269_002  -0.002   0.000  -0.002
CYS01A0269_003  -0.003   0.000  -0.003
CYS-1A0269_004   0.000   0.000   0.000
PRO01A0270_001   0.303  -0.206   0.097
PRO01A0272_001   0.274  -2.511  -2.237
VAL01A0273_001   0.540   0.000   0.540
TYR01A0274_001   4.213  -2.700   1.513
TYR01A0274_002   4.213  -2.700   1.513
TYR-1A0274_003   4.213  -2.700   1.513
ARG01A0275_001   1.211  -7.777  -6.566
ARG02A0275_002   1.186  -7.777  -6.591
ARG03A0275_003   1.285  -7.777  -6.492
ARG+1A0275_004   1.143  -7.777  -6.635
ILE01A0276_001   2.738   0.000   2.738
MET01A0277_001   0.147   0.000   0.147
THR01A0278_001   0.202  -1.664  -1.462
GLN01A0279_001   0.523  -2.210  -1.687
GLN01A0279_002   0.524  -2.215  -1.691
CYS01A0280_001  -0.002   0.000  -0.002
CYS01A0280_002  -0.002   0.000  -0.002
CYS01A0280_003  -0.002   0.000  -0.002
CYS-1A0280_004   0.000   0.000   0.000
TRP01A0281_001   3.090   0.000   3.090
GLN01A0282_001   0.603  -1.787  -1.184
GLN01A0282_002   0.627  -1.939  -1.312
HIS01A0283_001  -0.151  -4.438  -4.589
HIS01A0283_002  -0.104  -4.745  -4.849
HIS02A0283_003  -0.171  -4.438  -4.608
HIS02A0283_004  -0.116  -4.745  -4.861
HIS+1A0283_005  -0.197  -4.438  -4.635
HIS+1A0283_006  -0.143  -4.745  -4.888
GLN01A0284_001   0.705  -2.782  -2.076
GLN01A0284_002   0.592  -2.706  -2.114
PRO01A0285_001   0.347  -1.429  -1.082
GLU01A0286_001   1.668  -2.634  -0.966
GLU01A0286_002   1.668  -2.634  -0.966
GLU02A0286_003   1.336  -2.831  -1.495
GLU02A0286_004   1.336  -2.831  -1.495
GLU-1A0286_005   1.269  -2.599  -1.330
ASP01A0287_001   0.077  -2.660  -2.583
ASP01A0287_002   0.077  -2.660  -2.583
ASP02A0287_003   0.149  -2.715  -2.566
ASP02A0287_004   0.149  -2.715  -2.566
ASP-1A0287_005   0.074  -2.653  -2.579
ARG01A0288_001   1.487   0.000   1.487
ARG02A0288_002   1.448   0.000   1.448
ARG02A0288_003   1.506   0.000   1.506
ARG03A0288_004   1.443   0.000   1.443
ARG03A0288_005   1.449   0.000   1.449
ARG+1A0288_006   1.405   0.000   1.405
PRO01A0289_001   0.264  -0.258   0.007
ASN01A0290_001   0.273  -2.008  -1.735
ASN01A0290_002   0.075  -1.777  -1.702
PHE01A0291_001   4.114   0.000   4.114
ALA01A0292_001   0.000  -2.485  -2.485
ILE01A0293_001   1.753  -5.045  -3.292
ILE01A0294_001   1.690   0.000   1.690
LEU01A0295_001   2.244  -0.876   1.369
GLU01A0296_001   1.733  -3.168  -1.435
GLU01A0296_002   1.733  -3.168  -1.435
GLU02A0296_003   1.384  -3.127  -1.743
GLU02A0296_004   1.384  -3.127  -1.743
GLU-1A0296_005   1.319  -3.006  -1.687
ARG01A0297_001   1.663  -3.724  -2.061
ARG02A0297_002   1.606  -3.724  -2.118
ARG03A0297_003   1.606  -3.724  -2.118
ARG+1A0297_004   1.562  -3.724  -2.162
ILE01A0298_001   2.693   0.000   2.693
GLU01A0299_001   0.507  -2.462  -1.955
GLU01A0299_002   0.507  -2.462  -1.955
GLU02A0299_003   0.374  -2.463  -2.090
GLU02A0299_004   0.374  -2.463  -2.090
GLU-1A0299_005   0.323  -2.381  -2.059
TYR01A0300_001   3.971 -10.525  -6.553
TYR-1A0300_002   3.971 -10.525  -6.553
CYS01A0301_001  -0.002  -0.071  -0.073
CYS01A0301_002  -0.002  -0.071  -0.073
CYS01A0301_003  -0.002  -0.071  -0.074
CYS-1A0301_004   0.000  -0.071  -0.071
THR01A0302_001   0.239  -1.503  -1.264
THR01A0302_002   0.239  -1.503  -1.264
GLN01A0303_001   0.443  -3.570  -3.127
GLN01A0303_002   0.503  -3.476  -2.973
ASP01A0304_001   0.108  -1.414  -1.306
ASP01A0304_002   0.108  -1.414  -1.306
ASP02A0304_003   0.190  -1.310  -1.121
ASP02A0304_004   0.190  -1.310  -1.121
ASP-1A0304_005   0.104  -1.275  -1.171
PRO01A0305_001   0.228  -5.424  -5.197
ASP01A0306_001   0.055  -3.358  -3.304
ASP01A0306_002   0.055  -3.358  -3.304
ASP02A0306_003   0.121  -3.462  -3.341
ASP02A0306_004   0.121  -3.462  -3.341
ASP-1A0306_005   0.052  -3.226  -3.174
VAL01A0307_001   0.322  -0.052   0.270
ILE01A0308_001   1.332  -1.903  -0.571
ASN01A0309_001   0.316  -2.998  -2.682
ASN01A0309_002   0.112  -2.899  -2.786
THR01A0310_001   0.176  -1.014  -0.839
THR01A0310_002   0.176  -1.014  -0.839
THR01A0310_003   0.176  -1.014  -0.839
ALA01A0311_001   0.000  -3.071  -3.071
LEU01A0312_001   1.451  -0.103   1.348
PRO01A0313_001   0.360  -0.789  -0.429
ILE01A0314_001   2.191  -3.657  -1.467
GLU01A0315_001   0.408  -1.906  -1.498
GLU01A0315_002   0.408  -1.906  -1.498
GLU02A0315_003   0.421  -1.983  -1.561
GLU02A0315_004   0.421  -1.983  -1.561
GLU-1A0315_005   0.311  -1.830  -1.519
TYR01A0316_001   4.099 -12.026  -7.926
TYR-1A0316_002   4.099 -12.026  -7.926
EMH+1B0001_001 372.302 -13.372 358.929
EMH01B0001_002 359.960 -13.372 346.588
