  pH           7
ARG+A0001_  1.00
ASP-A0003_ -1.00
ARG+A0006_  1.00
ARG+A0008_  1.00
ARG+A0010_  1.00
LYS+A0012_  1.00
GLU-A0013_ -1.00
LYS+A0014_  1.00
GLU-A0017_ -1.00
GLU-A0022_ -0.97
HIS+A0024_  0.03
CYS-A0026_ -0.00
GLU-A0027_ -1.00
ASP-A0029_ -1.00
ASP-A0033_ -1.00
ASP-A0038_ -1.00
ARG+A0044_  1.00
LYS+A0045_  1.00
HIS+A0047_  0.11
LYS+A0054_  1.00
ARG+A0057_  0.00
ASP-A0059_ -1.00
LYS+A0062_  0.98
ARG+A0065_  0.97
ASP-A0067_ -1.00
LYS+A0070_  0.99
GLU-A0071_ -1.00
LYS+A0073_  1.00
ARG+A0077_  1.00
LYS+A0079_  1.00
ASP-A0080_ -1.00
ARG+A0085_  1.00
CYS-A0090_ -0.00
ASP-A0093_ -1.00
ASP-A0094_ -1.00
CYS-A0097_ -0.00
ASP-A0101_ -1.00
TYR-A0102_ -0.00
GLU-A0104_ -1.00
ASP-A0107_ -1.00
HIS+A0115_  0.07
GLU-A0118_ -1.00
ASP-A0119_ -1.00
LYS+A0120_  0.00
GLU-A0123_ -1.00
ASP-A0128_ -1.00
TYR-A0139_ -0.00
HIS+A0144_  0.10
ARG+A0154_  1.00
TYR-A0155_ -0.00
HIS+A0163_  0.00
ARG+A0164_  1.00
ASP-A0165_ -1.00
ARG+A0169_  1.00
CYS-A0171_ -0.00
GLU-A0175_ -1.00
LYS+A0180_  1.00
ASP-A0183_ -1.00
ARG+A0188_  1.00
TYR-A0191_ -0.00
ASP-A0194_ -0.98
TYR-A0195_ -0.00
TYR-A0196_ -0.00
ARG+A0197_  1.00
ARG+A0201_  1.00
ARG+A0207_  1.00
GLU-A0212_ -1.00
CYS-A0213_ -0.00
LYS+A0218_  1.00
ASP-A0224_ -1.00
GLU-A0234_ -0.98
CYS-A0239_ -0.00
ARG+A0240_  1.00
ASP-A0249_ -1.00
GLU-A0250_ -1.00
GLU-A0254_ -1.00
GLU-A0258_ -0.73
ARG+A0261_  0.00
ASP-A0262_ -1.00
ARG+A0265_  0.00
TYR-A0268_ -0.00
ARG+A0271_  1.00
CYS-A0275_ -0.00
TYR-A0280_ -0.00
GLU-A0281_ -1.00
ARG+A0285_  1.00
CYS-A0286_ -0.00
ARG+A0289_  1.00
GLU-A0290_ -1.00
GLU-A0292_ -1.00
ARG+A0294_  1.00
HIS+A0301_  0.01
ARG+A0302_  1.00
GLU-A0306_ -1.00
ASP-A0307_ -1.00
ARG+B0004_  0.82
ASP-B0006_ -1.00
ARG+B0009_  1.00
ARG+B0011_  1.00
ARG+B0013_  1.00
LYS+B0015_  1.00
GLU-B0016_ -1.00
LYS+B0017_  1.00
GLU-B0020_ -1.00
GLU-B0025_ -0.99
HIS+B0027_  0.00
CYS-B0029_ -0.00
GLU-B0030_ -1.00
ASP-B0032_ -1.00
ASP-B0036_ -0.95
ASP-B0041_ -1.00
ARG+B0047_  1.00
LYS+B0048_  0.99
HIS+B0050_  0.08
LYS+B0057_  0.75
ARG+B0060_  1.00
ASP-B0062_ -1.00
LYS+B0065_  0.95
ARG+B0068_  1.00
ASP-B0070_ -1.00
LYS+B0073_  0.99
GLU-B0074_ -0.99
LYS+B0076_  1.00
ARG+B0080_  1.00
LYS+B0082_  0.98
ASP-B0083_ -1.00
ARG+B0088_  1.00
CYS-B0093_ -0.00
ASP-B0096_ -1.00
ASP-B0097_ -1.00
CYS-B0100_ -0.00
ASP-B0104_ -1.00
TYR-B0105_ -0.00
GLU-B0107_ -1.00
ASP-B0110_ -1.00
HIS+B0118_  0.06
GLU-B0121_ -1.00
ASP-B0122_ -1.00
LYS+B0123_  1.00
TYR-B0130_ -0.00
HIS+B0135_  0.12
ARG+B0145_  1.00
TYR-B0146_ -0.00
HIS+B0154_  0.00
ARG+B0155_  1.00
ASP-B0156_ -1.00
ARG+B0160_  1.00
CYS-B0162_ -0.00
GLU-B0166_ -1.00
LYS+B0171_  1.00
ASP-B0174_ -1.00
ARG+B0179_  1.00
TYR-B0182_ -0.00
ASP-B0185_ -0.99
TYR-B0186_ -0.00
TYR-B0187_ -0.00
ARG+B0188_  1.00
ARG+B0192_  1.00
ARG+B0198_  1.00
GLU-B0203_ -1.00
CYS-B0204_ -0.00
LYS+B0209_  1.00
ASP-B0215_ -1.00
GLU-B0225_ -0.98
CYS-B0230_ -0.00
ARG+B0231_  1.00
ASP-B0240_ -1.00
GLU-B0241_ -1.00
GLU-B0245_ -1.00
GLU-B0249_ -0.99
ARG+B0252_  1.00
ASP-B0253_ -1.00
ARG+B0256_  1.00
TYR-B0259_ -0.00
ARG+B0262_  1.00
CYS-B0266_ -0.00
TYR-B0271_ -0.00
GLU-B0272_ -1.00
ARG+B0276_  1.00
CYS-B0277_ -0.00
ARG+B0280_  1.00
GLU-B0281_ -1.00
GLU-B0283_ -1.00
ARG+B0285_  1.00
HIS+B0292_  0.00
ARG+B0293_  0.00
GLU-B0297_ -0.99
ASP-B0298_ -1.00
----------
Net_Charge -8.52
Protons    -8.52
Electrons   0.00
