iConf CONFORMER     FL  occ    crg   Em0  pKa0 ne nH    vdw0    vdw1    tors    epol   dsolv   extra    history
00001 ASN01A0001_001 f 0.00  0.000     0  0.00  0  0  -2.174   1.486   1.416   0.045   0.796   0.000 01O000M000t
00002 ASN01A0001_002 f 0.00  0.000     0  0.00  0  0  -2.332   0.414   1.417   0.380   0.277   0.000 01R001M000t
00003 PRO01A0002_001 f 0.00  0.000     0  0.00  0  0  -1.548   4.909   0.000   0.000   0.000   0.000 01O000M000t
00004 ASN01A0003_001 f 0.00  0.000     0  0.00  0  0  -2.520  -1.503   0.625   0.282   0.593   0.000 01O000M000t
00005 ASN01A0003_002 f 0.00  0.000     0  0.00  0  0  -2.360  -0.496   0.625   0.033   0.751   0.000 01R001M000t
00006 TYR01A0004_001 f 0.00  0.000     0  0.00  0  0   4.357  -9.235   0.061  -0.000   1.777   0.000 01O000M000t
00007 TYR-1A0004_002 f 0.00 -1.000     0 10.20  0 -1   4.357  -9.235   0.061  -0.031   8.400   0.000 -1O000M000t
00008 CYS01A0005_001 f 0.00  0.000     0  0.00  0  0  -3.269  -2.107   0.093  -0.073   0.371   0.000 01O000M000t
00009 CYS01A0005_002 f 0.00  0.000     0  0.00  0  0  -3.269  -2.115   0.093  -0.077   0.241   0.000 01O000M000t
00010 CYS01A0005_003 f 0.00  0.000     0  0.00  0  0  -3.269  -2.062   0.093  -0.217   0.029   0.000 01O000M000t
00011 CYS-1A0005_004 f 0.00 -1.000     0  9.10  0 -1  -3.267  -2.047   0.093  -1.211   1.663   0.000 -1O000M000t
00012 PHE01A0006_001 f 0.00  0.000     0  0.00  0  0   4.003  -6.164   0.208   0.000   0.000   0.000 01O000M000t
00013 ALA01A0007_001 f 0.00  0.000     0  0.00  0  0  -1.732   3.992   0.000   0.000   0.000   0.000 01O000M000t
00014 LYS01A0009_001 f 0.00  0.000     0  0.00  0  0  -6.489  12.893   1.858  -0.286   0.063   0.000 01O000M000t
00015 LYS+1A0009_002 f 0.00  1.000     0 10.40  0  1  -6.536  12.869   1.858   0.703   0.313   0.000 +1O000M000t
00016 THR01A0010_001 f 0.00  0.000     0  0.00  0  0  -2.936  -1.111   0.378  -0.048   1.098   0.000 01O000M000t
00017 THR01A0010_002 f 0.00  0.000     0  0.00  0  0  -2.936  -1.111   0.378  -0.160   0.087   0.000 01O000M000t
00018 SER01A0011_001 f 0.00  0.000     0  0.00  0  0  -0.144  -2.077   0.385  -0.718   1.280   0.000 01O000M000t
00019 SER01A0012_001 f 0.00  0.000     0  0.00  0  0  -1.288   1.533   0.534   1.950   1.250   0.000 01O000M000t
00020 ILE01A0013_001 f 0.00  0.000     0  0.00  0  0  -0.753  41.233   0.513   0.000   0.000   0.000 01O000M000t
00021 SER01A0014_001 f 0.00  0.000     0  0.00  0  0  -4.484  -0.860   0.504  -0.359  -0.136   0.000 01O000M000t
00022 ASP01A0015_001 f 0.00  0.000     0  0.00  0  0  -1.806   2.857   3.401  -1.103  -0.343   0.000 01O000M000t
00023 ASP01A0015_002 f 0.00  0.000     0  0.00  0  0  -1.806   2.857   0.681  -1.286   0.747   0.000 01O000M000t
00024 ASP02A0015_003 f 0.00  0.000     0  0.00  0  0  -1.556 999.000   3.401   3.862   1.259   0.000 02O000M000t
00025 ASP02A0015_004 f 0.00  0.000     0  0.00  0  0  -1.556   4.857   0.681  -0.658   0.622   0.000 02O000M000t
00026 ASP-1A0015_005 f 0.00 -1.000     0  4.75  0 -1  -1.688   2.759   0.681  -2.689   1.698   0.000 -1O000M000t
00027 LEU01A0016_001 f 0.00  0.000     0  0.00  0  0   1.763  -6.133   0.486   0.000   0.000   0.000 01O000M000t
00028 LYS01A0017_001 f 0.00  0.000     0  0.00  0  0  -5.766  -1.754   0.956  -0.552   0.541   0.000 01O000M000t
00029 LYS+1A0017_002 f 0.00  1.000     0 10.40  0  1  -5.848  -1.833   0.956  -0.675   3.447   0.000 +1O000M000t
00030 GLU01A0018_001 f 0.00  0.000     0  0.00  0  0   2.009  -5.042   3.632  -1.887   1.286   0.000 01O000M000t
00031 GLU01A0018_002 f 0.00  0.000     0  0.00  0  0   2.009  -5.042   0.912   3.067   2.345   0.000 01O000M000t
00032 GLU02A0018_003 f 0.00  0.000     0  0.00  0  0   1.428  -5.154   3.632  -1.862   1.165   0.000 02O000M000t
00033 GLU02A0018_004 f 0.00  0.000     0  0.00  0  0   1.428  -5.154   0.912   2.227   2.399   0.000 02O000M000t
00034 GLU-1A0018_005 f 0.00 -1.000     0  4.75  0 -1   1.429  -5.235   0.912  -5.950   6.638   0.000 -1O000M000t
00035 VAL01A0019_001 f 0.00  0.000     0  0.00  0  0   0.061  -1.937   0.038   0.000   0.000   0.000 01O000M000t
00036 PRO01A0020_001 f 0.00  0.000     0  0.00  0  0  -3.038  -1.586   0.000   0.000   0.000   0.000 01O000M000t
00037 ARG01A0021_001 f 0.00  0.000     0  0.00  0  0  -0.770  -6.108   0.534  -2.111   3.904   0.000 01O000M000t
00038 ARG02A0021_002 f 0.00  0.000     0  0.00  0  0  -0.823  -5.996   0.534  -0.478   4.442   0.000 02O000M000t
00039 ARG03A0021_003 f 0.00  0.000     0  0.00  0  0  -0.829  -6.065   0.534   1.093   4.306   0.000 03O000M000t
00040 ARG+1A0021_004 f 0.00  1.000     0 12.50  0  1  -0.869  -6.165   0.534  -3.042   7.327   0.000 +1O000M000t
00041 LYS01A0022_001 f 0.00  0.000     0  0.00  0  0  -7.812  -1.242   0.873  -0.104   0.332   0.000 01O000M000t
00042 LYS+1A0022_002 f 0.00  1.000     0 10.40  0  1  -7.896  -1.253   0.873   0.603   1.729   0.000 +1O000M000t
00043 ASN01A0023_001 f 0.00  0.000     0  0.00  0  0  -1.286   3.661   0.254   0.479   1.007   0.000 01O000M000t
00044 ASN01A0023_002 f 0.00  0.000     0  0.00  0  0  -1.083   0.525   0.254  -0.241   0.845   0.000 01R001M000t
00045 ILE01A0024_001 f 0.00  0.000     0  0.00  0  0   2.021  -3.186   0.530   0.000   0.000   0.000 01O000M000t
00046 THR01A0025_001 f 0.00  0.000     0  0.00  0  0  -4.604  -1.003   0.378  -0.208  -0.221   0.000 01O000M000t
00047 LEU01A0026_001 f 0.00  0.000     0  0.00  0  0  -1.021   1.140   1.988   0.000   0.000   0.000 01O000M000t
00048 ILE01A0027_001 f 0.00  0.000     0  0.00  0  0  -0.540   0.238   0.475   0.000   0.000   0.000 01O000M000t
00049 ARG01A0028_001 f 0.00  0.000     0  0.00  0  0  -5.080  -1.441   0.484   0.005   0.604   0.000 01O000M000t
00050 ARG02A0028_002 f 0.00  0.000     0  0.00  0  0  -5.130  -1.449   0.484   0.002   1.835   0.000 02O000M000t
00051 ARG02A0028_003 f 0.00  0.000     0  0.00  0  0  -5.067  -1.445   0.484  -0.092   1.594   0.000 02O000M000t
00052 ARG03A0028_004 f 0.00  0.000     0  0.00  0  0  -5.137  -1.450   0.484  -0.008   1.690   0.000 03O000M000t
00053 ARG+1A0028_005 f 0.00  1.000     0 12.50  0  1  -5.177  -1.451   0.484   0.122   0.832   0.000 +1O000M000t
00054 LEU01A0030_001 f 0.00  0.000     0  0.00  0  0   1.779  -4.742   0.418   0.000   0.000   0.000 01O000M000t
00055 HIS01A0032_001 f 0.00  0.000     0  0.00  0  0 -11.159   1.797   1.752   0.332   0.279   0.000 01O000M000t
00056 HIS01A0032_002 f 0.00  0.000     0  0.00  0  0 -11.543   0.671   1.752   0.331   0.279   0.000 01R001M000t
00057 HIS02A0032_003 f 0.00  0.000     0  0.00  0  0 -11.182   1.794   1.752   0.273  -0.186   0.000 02O000M000t
00058 HIS02A0032_004 f 0.00  0.000     0  0.00  0  0 -11.549   0.541   1.752   0.331   0.223   0.000 02R001M000t
00059 HIS+1A0032_005 f 0.00  1.000     0  6.98  0  1 -11.208   1.788   1.752   0.632  -0.180   0.000 +1O000M000t
00060 HIS+1A0032_006 f 0.00  1.000     0  6.98  0  1 -11.574   0.539   1.752   0.627   0.041   0.000 +1R001M000t
00061 ALA01A0034_001 f 0.00  0.000     0  0.00  0  0  -4.288   1.833   0.000   0.000   0.000   0.000 01O000M000t
00062 PHE01A0035_001 f 0.00  0.000     0  0.00  0  0  -1.154  -3.799   0.086   0.000   0.000   0.000 01O000M000t
00063 GLU01A0037_001 f 0.00  0.000     0  0.00  0  0  -1.145  -1.559   3.363   0.353   0.068   0.000 01O000M000t
00064 GLU01A0037_002 f 0.00  0.000     0  0.00  0  0  -1.145  -1.559   0.643   0.072   0.764   0.000 01O000M000t
00065 GLU02A0037_003 f 0.00  0.000     0  0.00  0  0  -1.283  -1.545   3.363   0.072  -0.331   0.000 02O000M000t
00066 GLU02A0037_004 f 0.00  0.000     0  0.00  0  0  -1.283  -1.545   0.643   0.019   0.800   0.000 02O000M000t
00067 GLU-1A0037_005 f 0.00 -1.000     0  4.75  0 -1  -1.433  -1.522   0.643  -0.750   1.147   0.000 -1O000M000t
00068 VAL01A0038_001 f 0.00  0.000     0  0.00  0  0   0.435  -1.877   0.008   0.000   0.000   0.000 01O000M000t
00069 TYR01A0039_001 f 0.00  0.000     0  0.00  0  0   1.690  -8.389   0.047   0.352   1.215   0.000 01O000M000t
00070 TYR01A0039_002 f 0.00  0.000     0  0.00  0  0   1.690  -8.389   0.047   0.228   0.811   0.000 01O000M000t
00071 TYR-1A0039_003 f 0.00 -1.000     0 10.20  0 -1   1.690  -8.389   0.047  -0.606   1.731   0.000 -1O000M000t
00072 GLU01A0040_001 f 0.00  0.000     0  0.00  0  0   0.950  -3.378   3.025   0.442   1.174   0.000 01O000M000t
00073 GLU01A0040_002 f 0.00  0.000     0  0.00  0  0   0.950  -3.378   0.305   0.154   0.925   0.000 01O000M000t
00074 GLU02A0040_003 f 0.00  0.000     0  0.00  0  0   0.557  -3.371   3.025   0.117   0.905   0.000 02O000M000t
00075 GLU02A0040_004 f 0.00  0.000     0  0.00  0  0   0.557  -3.371   0.305   0.077   1.171   0.000 02O000M000t
00076 GLU-1A0040_005 f 0.00 -1.000     0  4.75  0 -1   0.519  -3.331   0.305  -0.395   3.260   0.000 -1O000M000t
00077 GLN01A0042_001 f 0.00  0.000     0  0.00  0  0  -0.659  -3.872   0.493   0.014   0.161   0.000 01O000M000t
00078 GLN01A0042_002 f 0.00  0.000     0  0.00  0  0   0.223  -3.903   0.493   0.094   0.069   0.000 01R001M000t
00079 VAL01A0043_001 f 0.00  0.000     0  0.00  0  0  -0.301  17.362   0.013   0.000   0.000   0.000 01O000M000t
00080 SER01A0044_001 f 0.00  0.000     0  0.00  0  0  -1.220  -1.388   1.620  -0.192   1.131   0.000 01O000M000t
00081 SER01A0044_002 f 0.00  0.000     0  0.00  0  0  -1.220  -1.388   1.245  -0.274   1.261   0.000 01O000M000t
00082 MET01A0046_001 f 0.00  0.000     0  0.00  0  0  -7.170  11.882   5.331   0.041   0.047   0.000 01O000M000t
00083 PRO01A0047_001 f 0.00  0.000     0  0.00  0  0  -6.250 999.000   0.000   0.000   0.000   0.000 01O000M000t
00084 ASN01A0048_001 f 0.00  0.000     0  0.00  0  0  -3.112 450.379   2.998  -0.977   0.726   0.000 01O000M000t
00085 ASP01A0049_001 f 0.00  0.000     0  0.00  0  0  -2.832 129.658   5.606   0.258  -0.841   0.000 01O000M000t
00086 ASP01A0049_002 f 0.00  0.000     0  0.00  0  0  -2.832 129.658   2.886   0.161   0.530   0.000 01O000M000t
00087 ASP02A0049_003 f 0.00  0.000     0  0.00  0  0  -3.214 129.657   5.606   0.155  -1.199   0.000 02O000M000t
00088 ASP02A0049_004 f 0.00  0.000     0  0.00  0  0  -3.214 129.657   2.886   0.141   0.673   0.000 02O000M000t
00089 ASP-1A0049_005 f 0.00 -1.000     0  4.75  0 -1  -3.115 129.683   2.886  -0.082  -1.014   0.000 -1O000M000t
00090 PRO01A0050_001 f 0.00  0.000     0  0.00  0  0  -1.377  46.384   0.000   0.000   0.000   0.000 01O000M000t
00091 SER01A0051_001 f 0.00  0.000     0  0.00  0  0  -1.464  92.633   1.668   0.615   1.219   0.000 01O000M000t
00092 PRO01A0052_001 f 0.00  0.000     0  0.00  0  0  -1.458 999.000   0.000   0.000   0.000   0.000 01O000M000t
00093 LEU01A0053_001 f 0.00  0.000     0  0.00  0  0  -3.588  -2.596   0.731   0.000   0.000   0.000 01O000M000t
00094 GLN01A0054_001 f 0.00  0.000     0  0.00  0  0  -1.452  -0.448   0.357   0.044   0.086   0.000 01O000M000t
00095 GLN01A0054_002 f 0.00  0.000     0  0.00  0  0  -0.416  -0.458   0.357   0.125  -0.196   0.000 01R001M000t
00096 VAL01A0055_001 f 0.00  0.000     0  0.00  0  0   0.638  -2.922   0.013   0.000   0.000   0.000 01O000M000t
00097 ALA01A0056_001 f 0.00  0.000     0  0.00  0  0   0.000  -2.239   0.000   0.000   0.000   0.000 01O000M000t
00098 VAL01A0057_001 f 0.00  0.000     0  0.00  0  0   0.530  -3.152   0.009   0.000   0.000   0.000 01O000M000t
00099 LYS01A0058_001 f 0.00  0.000     0  0.00  0  0   0.733  -3.956   1.131  -0.052   0.444   0.000 01O000M000t
00100 LYS+1A0058_002 f 0.00  1.000     0 10.40  0  1   0.651  -3.970   1.131   0.246   3.759   0.000 +1O000M000t
00101 THR01A0059_001 f 0.00  0.000     0  0.00  0  0  -0.071  -2.469   0.545  -0.069   1.600   0.000 01O000M000t
00102 LEU01A0060_001 f 0.00  0.000     0  0.00  0  0   1.716  -4.698   0.517   0.000   0.000   0.000 01O000M000t
00103 PRO01A0061_001 f 0.00  0.000     0  0.00  0  0  -0.940  -2.810   0.000   0.000   0.000   0.000 01O000M000t
00104 GLU01A0062_001 f 0.00  0.000     0  0.00  0  0  -1.771  -3.178   4.275   0.240   0.355   0.000 01O000M000t
00105 GLU01A0062_002 f 0.00  0.000     0  0.00  0  0  -1.771  -3.178   1.555   0.110   0.859   0.000 01O000M000t
00106 GLU02A0062_003 f 0.00  0.000     0  0.00  0  0  -1.811  -3.186   4.275   0.440  -0.033   0.000 02O000M000t
00107 GLU02A0062_004 f 0.00  0.000     0  0.00  0  0  -1.811  -3.186   1.555   0.141   0.931   0.000 02O000M000t
00108 GLU-1A0062_005 f 0.00 -1.000     0  4.75  0 -1  -1.918  -3.127   1.555  -0.674   1.420   0.000 -1O000M000t
00109 VAL01A0063_001 f 0.00  0.000     0  0.00  0  0  -7.689  14.085   0.134   0.000   0.000   0.000 01O000M000t
00110 CYS01A0064_001 f 0.00  0.000     0  0.00  0  0  -0.002  -3.229   0.062  -0.401   0.388   0.000 01O000M000t
00111 CYS01A0064_002 f 0.00  0.000     0  0.00  0  0  -0.002  -3.239   0.062  -0.190   0.517   0.000 01O000M000t
00112 CYS01A0064_003 f 0.00  0.000     0  0.00  0  0  -0.002  -3.168   0.062  -0.136   0.834   0.000 01O000M000t
00113 CYS-1A0064_004 f 0.00 -1.000     0  9.10  0 -1   0.000  -3.108   0.062  -1.008   5.338   0.000 -1O000M000t
00114 SER01A0065_001 f 0.00  0.000     0  0.00  0  0  -3.056  -1.273   0.429  -0.103   0.837   0.000 01O000M000t
00115 SER01A0065_002 f 0.00  0.000     0  0.00  0  0  -3.056  -1.273   0.429   2.365   1.495   0.000 01O000M000t
00116 GLU01A0066_001 f 0.00  0.000     0  0.00  0  0  -0.646  -1.175   4.288   0.410   0.559   0.000 01O000M000t
00117 GLU01A0066_002 f 0.00  0.000     0  0.00  0  0  -0.646  -1.175   1.568   0.113   0.823   0.000 01O000M000t
00118 GLU02A0066_003 f 0.00  0.000     0  0.00  0  0  -1.171  -1.246   4.288   0.082  -0.512   0.000 02O000M000t
00119 GLU02A0066_004 f 0.00  0.000     0  0.00  0  0  -1.171  -1.246   1.568   0.060   0.904   0.000 02O000M000t
00120 GLU-1A0066_005 f 0.00 -1.000     0  4.75  0 -1  -1.264  -1.218   1.568  -0.374   0.886   0.000 -1O000M000t
00121 GLN01A0067_001 f 0.00  0.000     0  0.00  0  0  -0.141  15.711   0.849   0.486   2.496   0.000 01O000M000t
00122 GLN01A0067_002 f 0.00  0.000     0  0.00  0  0  -0.172   6.681   0.849  -0.284   2.255   0.000 01R001M000t
00123 ASP01A0068_001 f 0.00  0.000     0  0.00  0  0  -0.780  -1.236   2.977   0.435  -0.291   0.000 01O000M000t
00124 ASP01A0068_002 f 0.00  0.000     0  0.00  0  0  -0.780  -1.236   0.257  -0.148   0.763   0.000 01O000M000t
00125 ASP02A0068_003 f 0.00  0.000     0  0.00  0  0  -0.753  -1.649   2.977   2.100   1.436   0.000 02O000M000t
00126 ASP02A0068_004 f 0.00  0.000     0  0.00  0  0  -0.753  -1.649   0.257   0.033   0.729   0.000 02O000M000t
00127 ASP-1A0068_005 f 0.00 -1.000     0  4.75  0 -1  -0.769  -1.677   0.257  -2.902   2.319   0.000 -1O000M000t
00128 GLU01A0069_001 f 0.00  0.000     0  0.00  0  0   3.589  -1.903   4.965   0.476   0.118   0.000 01O000M000t
00129 GLU01A0069_002 f 0.00  0.000     0  0.00  0  0   3.589  -1.903   2.245   0.113   1.527   0.000 01O000M000t
00130 GLU02A0069_003 f 0.00  0.000     0  0.00  0  0   2.657  -1.916   4.965   0.004   0.316   0.000 02O000M000t
00131 GLU02A0069_004 f 0.00  0.000     0  0.00  0  0   2.657  -1.916   2.245   0.039   1.655   0.000 02O000M000t
00132 GLU-1A0069_005 f 0.00 -1.000     0  4.75  0 -1   2.630  -1.867   2.245  -0.309   3.315   0.000 -1O000M000t
00133 LEU01A0070_001 f 0.00  0.000     0  0.00  0  0  -1.090  -1.061   0.408   0.000   0.000   0.000 01O000M000t
00134 ASP01A0071_001 f 0.00  0.000     0  0.00  0  0  -0.401  -1.896   3.233   0.259   1.126   0.000 01O000M000t
00135 ASP01A0071_002 f 0.00  0.000     0  0.00  0  0  -0.401  -1.896   0.513   0.179   1.826   0.000 01O000M000t
00136 ASP02A0071_003 f 0.00  0.000     0  0.00  0  0  -0.354  -2.442   3.233   0.260   0.993   0.000 02O000M000t
00137 ASP02A0071_004 f 0.00  0.000     0  0.00  0  0  -0.354  -2.442   0.513   0.278   1.902   0.000 02O000M000t
00138 ASP-1A0071_005 f 0.00 -1.000     0  4.75  0 -1  -0.405  -2.355   0.513  -0.322   6.061   0.000 -1O000M000t
00139 PHE01A0072_001 f 0.00  0.000     0  0.00  0  0   4.323  -9.929   0.363   0.000   0.000   0.000 01O000M000t
00140 LEU01A0073_001 f 0.00  0.000     0  0.00  0  0   0.713  -2.456   0.408   0.000   0.000   0.000 01O000M000t
00141 MET01A0074_001 f 0.00  0.000     0  0.00  0  0   3.744  -6.155   0.485   0.050   0.095   0.000 01O000M000t
00142 GLU01A0075_001 f 0.00  0.000     0  0.00  0  0   1.893  -1.790   3.044   0.034   1.496   0.000 01O000M000t
00143 GLU01A0075_002 f 0.00  0.000     0  0.00  0  0   1.893  -1.790   0.324   0.036   1.858   0.000 01O000M000t
00144 GLU02A0075_003 f 0.00  0.000     0  0.00  0  0   1.505  -1.764   3.044   0.173   0.655   0.000 02O000M000t
00145 GLU02A0075_004 f 0.00  0.000     0  0.00  0  0   1.505  -1.764   0.324   0.152   2.121   0.000 02O000M000t
00146 GLU-1A0075_005 f 0.00 -1.000     0  4.75  0 -1   1.433  -1.716   0.324  -0.532   5.652   0.000 -1O000M000t
00147 ALA01A0076_001 f 0.00  0.000     0  0.00  0  0   0.000  -0.613   0.000   0.000   0.000   0.000 01O000M000t
00148 LEU01A0077_001 f 0.00  0.000     0  0.00  0  0   1.712  13.011   1.170   0.000   0.000   0.000 01O000M000t
00149 ILE01A0078_001 f 0.00  0.000     0  0.00  0  0   2.297  -0.601   0.515   0.000   0.000   0.000 01O000M000t
00150 ILE01A0079_001 f 0.00  0.000     0  0.00  0  0   2.755  -2.406   0.481   0.000   0.000   0.000 01O000M000t
00151 SER01A0080_001 f 0.00  0.000     0  0.00  0  0  -0.744  -2.552   0.674   0.257   0.658   0.000 01O000M000t
00152 SER01A0080_002 f 0.00  0.000     0  0.00  0  0  -0.744  -2.552   0.299  -0.044   1.302   0.000 01O000M000t
00153 LYS01A0081_001 f 0.00  0.000     0  0.00  0  0  -1.248  -2.409   0.962   0.032   0.112   0.000 01O000M000t
00154 LYS+1A0081_002 f 0.00  1.000     0 10.40  0  1  -1.294  -2.423   0.962  -0.694   0.761   0.000 +1O000M000t
00155 PHE01A0082_001 f 0.00  0.000     0  0.00  0  0   4.521  -4.859   0.070   0.000   0.000   0.000 01O000M000t
00156 ASN01A0083_001 f 0.00  0.000     0  0.00  0  0  -3.204   1.209   0.627  -0.127   0.358   0.000 01O000M000t
00157 ASN01A0083_002 f 0.00  0.000     0  0.00  0  0  -3.198   2.197   0.633   0.577   0.478   0.000 01R001M000t
00158 HIS01A0084_001 f 0.00  0.000     0  0.00  0  0  -2.000  -5.321   0.207  -2.280   2.690   0.000 01O000M000t
00159 HIS01A0084_002 f 0.00  0.000     0  0.00  0  0  -1.794   7.323   0.207   1.312   2.145   0.000 01R001M000t
00160 HIS02A0084_003 f 0.00  0.000     0  0.00  0  0  -2.020  -5.479   0.207   2.826   1.809   0.000 02O000M000t
00161 HIS02A0084_004 f 0.00  0.000     0  0.00  0  0  -1.807   7.373   0.207   0.786   2.191   0.000 02R001M000t
00162 HIS+1A0084_005 f 0.00  1.000     0  6.98  0  1  -2.047  -5.502   0.207   6.074   4.933   0.000 +1O000M000t
00163 HIS+1A0084_006 f 0.00  1.000     0  6.98  0  1  -1.833   7.292   0.207   4.509   4.428   0.000 +1R001M000t
00164 GLN01A0085_001 f 0.00  0.000     0  0.00  0  0  -1.887   0.051   0.570  -0.036   0.146   0.000 01O000M000t
00165 GLN01A0085_002 f 0.00  0.000     0  0.00  0  0  -1.176   0.043   0.570   0.125  -0.108   0.000 01R001M000t
00166 ASN01A0086_001 f 0.00  0.000     0  0.00  0  0   0.090  -5.585   1.030  -1.474   1.619   0.000 01O000M000t
00167 ASN01A0086_002 f 0.00  0.000     0  0.00  0  0   0.099  -5.850   1.026   1.450   2.064   0.000 01R001M000t
00168 ILE01A0087_001 f 0.00  0.000     0  0.00  0  0   2.793  -3.824   0.456   0.000   0.000   0.000 01O000M000t
00169 VAL01A0088_001 f 0.00  0.000     0  0.00  0  0   0.656  -1.772   0.000   0.000   0.000   0.000 01O000M000t
00170 ARG01A0089_001 f 0.00  0.000     0  0.00  0  0  -3.836  -6.310   0.641   0.341   1.244   0.000 01O000M000t
00171 ARG02A0089_002 f 0.00  0.000     0  0.00  0  0  -3.872  -6.267   0.641   0.029   2.377   0.000 02O000M000t
00172 ARG02A0089_003 f 0.00  0.000     0  0.00  0  0  -3.811  -6.294   0.641   0.530   1.862   0.000 02O000M000t
00173 ARG03A0089_004 f 0.00  0.000     0  0.00  0  0  -3.873  -6.290   0.641   0.319   2.000   0.000 03O000M000t
00174 ARG+1A0089_005 f 0.00  1.000     0 12.50  0  1  -3.916  -6.336   0.641  -0.432   2.034   0.000 +1O000M000t
00175 CYS01A0090_001 f 0.00  0.000     0  0.00  0  0  -0.002  -4.925   0.003  -0.046   0.763   0.000 01O000M000t
00176 CYS01A0090_002 f 0.00  0.000     0  0.00  0  0  -0.002  -4.814   0.003  -0.472   0.913   0.000 01O000M000t
00177 CYS01A0090_003 f 0.00  0.000     0  0.00  0  0  -0.002  -4.741   0.003  -0.337   0.843   0.000 01O000M000t
00178 CYS-1A0090_004 f 0.00 -1.000     0  9.10  0 -1   0.000  -4.680   0.003  -1.228   8.992   0.000 -1O000M000t
00179 ILE01A0091_001 f 0.00  0.000     0  0.00  0  0  -0.298  -1.876   0.524   0.000   0.000   0.000 01O000M000t
00180 VAL01A0093_001 f 0.00  0.000     0  0.00  0  0   0.601  -1.855   0.001   0.000   0.000   0.000 01O000M000t
00181 SER01A0094_001 f 0.00  0.000     0  0.00  0  0   0.000  -2.332   0.438  -0.026   1.515   0.000 01O000M000t
00182 SER01A0094_002 f 0.00  0.000     0  0.00  0  0   0.000  -2.332   0.438  -0.159   1.070   0.000 01O000M000t
00183 SER01A0094_003 f 0.00  0.000     0  0.00  0  0   0.000  -2.332   0.063  -0.587   1.751   0.000 01O000M000t
00184 LEU01A0095_001 f 0.00  0.000     0  0.00  0  0   0.944  -3.502   0.450   0.000   0.000   0.000 01O000M000t
00185 GLN01A0096_001 f 0.00  0.000     0  0.00  0  0  -0.794  -0.897   0.585   0.188   0.004   0.000 01O000M000t
00186 GLN01A0096_002 f 0.00  0.000     0  0.00  0  0  -1.707  -0.885   0.585   0.018  -0.176   0.000 01R001M000t
00187 SER01A0097_001 f 0.00  0.000     0  0.00  0  0  -1.817  -1.370   0.440  -0.335  -0.058   0.000 01O000M000t
00188 LEU01A0098_001 f 0.00  0.000     0  0.00  0  0  -2.605  -2.771   0.495   0.000   0.000   0.000 01O000M000t
00189 PRO01A0099_001 f 0.00  0.000     0  0.00  0  0  -2.683  -2.422   0.000   0.000   0.000   0.000 01O000M000t
00190 ARG01A0100_001 f 0.00  0.000     0  0.00  0  0  -1.094  -3.963   1.627  -0.876   1.902   0.000 01O000M000t
00191 ARG02A0100_002 f 0.00  0.000     0  0.00  0  0  -1.002  -3.961   1.627   0.803   2.507   0.000 02O000M000t
00192 ARG03A0100_003 f 0.00  0.000     0  0.00  0  0  -1.115  -3.970   1.627  -0.784   2.588   0.000 03O000M000t
00193 ARG03A0100_004 f 0.00  0.000     0  0.00  0  0  -1.111  -3.970   1.627  -0.813   2.399   0.000 03O000M000t
00194 ARG+1A0100_005 f 0.00  1.000     0 12.50  0  1  -1.154  -3.975   1.627  -1.236   3.743   0.000 +1O000M000t
00195 PHE01A0101_001 f 0.00  0.000     0  0.00  0  0   3.877  -3.012   0.068   0.000   0.000   0.000 01O000M000t
00196 ILE01A0102_001 f 0.00  0.000     0  0.00  0  0   2.304  -3.368   0.481   0.000   0.000   0.000 01O000M000t
00197 LEU01A0103_001 f 0.00  0.000     0  0.00  0  0   1.764  -6.058   0.611   0.000   0.000   0.000 01O000M000t
00198 MET01A0104_001 f 0.00  0.000     0  0.00  0  0   0.570  -6.123   0.781   0.056   0.079   0.000 01O000M000t
00199 GLU01A0105_001 f 0.00  0.000     0  0.00  0  0   1.424  -4.197   2.925   2.210   1.958   0.000 01O000M000t
00200 GLU01A0105_002 f 0.00  0.000     0  0.00  0  0   1.424  -4.197   0.205  -0.434   2.200   0.000 01O000M000t
00201 GLU02A0105_003 f 0.00  0.000     0  0.00  0  0   0.780  -4.433   2.925  -1.136   1.338   0.000 02O000M000t
00202 GLU02A0105_004 f 0.00  0.000     0  0.00  0  0   0.780  -4.433   0.205  -1.181   2.404   0.000 02O000M000t
00203 GLU-1A0105_005 f 0.00 -1.000     0  4.75  0 -1   0.840  -4.381   0.205  -2.448   7.335   0.000 -1O000M000t
00204 LEU01A0106_001 f 0.00  0.000     0  0.00  0  0   1.225  -4.926   0.466   0.000   0.000   0.000 01O000M000t
00205 MET01A0107_001 f 0.00  0.000     0  0.00  0  0  -0.239  46.440   0.492  -0.044   0.095   0.000 01O000M000t
00206 ALA01A0108_001 f 0.00  0.000     0  0.00  0  0  -2.109  -0.949   0.000   0.000   0.000   0.000 01O000M000t
00207 ASP01A0111_001 f 0.00  0.000     0  0.00  0  0  -0.379  -4.602   4.160  -1.275   0.910   0.000 01O000M000t
00208 ASP01A0111_002 f 0.00  0.000     0  0.00  0  0  -0.379  -4.602   1.440  -1.355   1.818   0.000 01O000M000t
00209 ASP02A0111_003 f 0.00  0.000     0  0.00  0  0  -0.337  -4.048   4.160   1.857   1.713   0.000 02O000M000t
00210 ASP02A0111_004 f 0.00  0.000     0  0.00  0  0  -0.337  -4.048   1.440   0.917   1.759   0.000 02O000M000t
00211 ASP-1A0111_005 f 0.00 -1.000     0  4.75  0 -1  -0.418  -4.568   1.440  -5.396   5.197   0.000 -1O000M000t
00212 LEU01A0112_001 f 0.00  0.000     0  0.00  0  0   1.823  -3.859   0.477   0.000   0.000   0.000 01O000M000t
00213 LYS01A0113_001 f 0.00  0.000     0  0.00  0  0  -1.163  -4.591   0.987  -0.622   0.921   0.000 01O000M000t
00214 LYS+1A0113_002 f 0.00  1.000     0 10.40  0  1  -1.241  -4.640   0.987  -1.236   5.806   0.000 +1O000M000t
00215 SER01A0114_001 f 0.00  0.000     0  0.00  0  0  -2.005  -1.503   0.394  -0.536   0.059   0.000 01O000M000t
00216 SER01A0114_002 f 0.00  0.000     0  0.00  0  0  -2.005  -1.503   0.394   0.479   0.496   0.000 01O000M000t
00217 SER01A0114_003 f 0.00  0.000     0  0.00  0  0  -2.005  -1.503   0.019  -0.587   0.066   0.000 01O000M000t
00218 PHE01A0115_001 f 0.00  0.000     0  0.00  0  0   4.411  -6.633   0.213   0.000   0.000   0.000 01O000M000t
00219 LEU01A0116_001 f 0.00  0.000     0  0.00  0  0   1.847  -6.034   0.539   0.000   0.000   0.000 01O000M000t
00220 ARG01A0117_001 f 0.00  0.000     0  0.00  0  0  -4.154  -5.212   0.505  -0.594   0.536   0.000 01O000M000t
00221 ARG02A0117_002 f 0.00  0.000     0  0.00  0  0  -4.207  -5.217   0.505  -0.685   1.636   0.000 02O000M000t
00222 ARG03A0117_003 f 0.00  0.000     0  0.00  0  0  -4.214  -5.224   0.505  -0.567   1.660   0.000 03O000M000t
00223 ARG+1A0117_004 f 0.00  1.000     0 12.50  0  1  -4.253  -5.226   0.505  -1.178   0.996   0.000 +1O000M000t
00224 GLU01A0118_001 f 0.00  0.000     0  0.00  0  0  -0.596  -2.104   2.973  -0.113  -0.069   0.000 01O000M000t
00225 GLU01A0118_002 f 0.00  0.000     0  0.00  0  0  -0.596  -2.104   0.253  -0.090   0.821   0.000 01O000M000t
00226 GLU02A0118_003 f 0.00  0.000     0  0.00  0  0  -1.060  -2.100   2.973  -0.054  -0.423   0.000 02O000M000t
00227 GLU02A0118_004 f 0.00  0.000     0  0.00  0  0  -1.060  -2.100   0.253  -0.018   0.708   0.000 02O000M000t
00228 GLU-1A0118_005 f 0.00 -1.000     0  4.75  0 -1  -0.981  -2.051   0.253   0.314   0.550   0.000 -1O000M000t
00229 THR01A0119_001 f 0.00  0.000     0  0.00  0  0  -0.778  21.531   0.781  -1.375   1.473   0.000 01O000M000t
00230 ARG01A0120_001 f 0.00  0.000     0  0.00  0  0   0.461  -2.991   0.555   1.533   2.834   0.000 01O000M000t
00231 ARG02A0120_002 f 0.00  0.000     0  0.00  0  0   0.426  -2.717   0.555  -1.650   3.181   0.000 02O000M000t
00232 ARG02A0120_003 f 0.00  0.000     0  0.00  0  0   0.485  -2.713   0.555  -1.505   2.976   0.000 02O000M000t
00233 ARG03A0120_004 f 0.00  0.000     0  0.00  0  0   0.420  -2.691   0.555  -1.823   3.199   0.000 03O000M000t
00234 ARG+1A0120_005 f 0.00  1.000     0 12.50  0  1   0.382  -2.725   0.555  -5.739   5.362   0.000 +1O000M000t
00235 PRO01A0121_001 f 0.00  0.000     0  0.00  0  0   0.251   7.763   0.000   0.000   0.000   0.000 01O000M000t
00236 ARG01A0122_001 f 0.00  0.000     0  0.00  0  0  -3.607  -1.322   2.380   1.086   1.462   0.000 01O000M000t
00237 ARG02A0122_002 f 0.00  0.000     0  0.00  0  0  -3.647  -1.327   2.380   1.454   2.467   0.000 02O000M000t
00238 ARG02A0122_003 f 0.00  0.000     0  0.00  0  0  -3.586  -1.322   2.380   1.500   2.083   0.000 02O000M000t
00239 ARG03A0122_004 f 0.00  0.000     0  0.00  0  0  -3.652  -1.336   2.380   1.371   2.112   0.000 03O000M000t
00240 ARG+1A0122_005 f 0.00  1.000     0 12.50  0  1  -3.691  -1.355   2.380   0.643   2.168   0.000 +1O000M000t
00241 PRO01A0123_001 f 0.00  0.000     0  0.00  0  0  -4.915  -1.981   0.000   0.000   0.000   0.000 01O000M000t
00242 SER01A0124_001 f 0.00  0.000     0  0.00  0  0  -3.633  -0.034   0.375   1.085   1.251   0.000 01O000M000t
00243 GLN01A0125_001 f 0.00  0.000     0  0.00  0  0   1.357  -1.451   0.384  -0.105   0.833   0.000 01O000M000t
00244 GLN01A0125_002 f 0.00  0.000     0  0.00  0  0  -0.641  -1.243   0.384   0.255   0.360   0.000 01R001M000t
00245 PRO01A0126_001 f 0.00  0.000     0  0.00  0  0  -4.334  -1.964   0.000   0.000   0.000   0.000 01O000M000t
00246 SER01A0127_001 f 0.00  0.000     0  0.00  0  0  -4.638   3.719   0.376  -1.036   0.209   0.000 01O000M000t
00247 SER01A0127_002 f 0.00  0.000     0  0.00  0  0  -4.638   3.719   0.376  -0.031  -0.225   0.000 01O000M000t
00248 SER01A0128_001 f 0.00  0.000     0  0.00  0  0  -0.260   0.739   0.445   1.510   1.919   0.000 01O000M000t
00249 SER01A0128_002 f 0.00  0.000     0  0.00  0  0  -0.260   0.739   0.444   0.081   1.943   0.000 01O000M000t
00250 LEU01A0129_001 f 0.00  0.000     0  0.00  0  0   1.798  10.728   2.610   0.000   0.000   0.000 01O000M000t
00251 ALA01A0130_001 f 0.00  0.000     0  0.00  0  0  -2.418  -0.606   0.000   0.000   0.000   0.000 01O000M000t
00252 MET01A0131_001 f 0.00  0.000     0  0.00  0  0  -0.127  -5.297   2.380  -0.081   0.094   0.000 01O000M000t
00253 LEU01A0132_001 f 0.00  0.000     0  0.00  0  0  -2.476  -1.597   0.961   0.000   0.000   0.000 01O000M000t
00254 ASP01A0133_001 f 0.00  0.000     0  0.00  0  0  -0.220  -1.601   3.769  -0.410   0.396   0.000 01O000M000t
00255 ASP01A0133_002 f 0.00  0.000     0  0.00  0  0  -0.220  -1.601   1.049  -0.639   0.173   0.000 01O000M000t
00256 ASP02A0133_003 f 0.00  0.000     0  0.00  0  0  -0.193  -1.109   3.769   3.931   1.724   0.000 02O000M000t
00257 ASP02A0133_004 f 0.00  0.000     0  0.00  0  0  -0.193  -1.109   1.049  -0.310   1.201   0.000 02O000M000t
00258 ASP-1A0133_005 f 0.00 -1.000     0  4.75  0 -1  -0.285  -1.611   1.049  -2.320   2.843   0.000 -1O000M000t
00259 LEU01A0134_001 f 0.00  0.000     0  0.00  0  0   1.721  -4.427   0.441   0.000   0.000   0.000 01O000M000t
00260 LEU01A0135_001 f 0.00  0.000     0  0.00  0  0   1.869  -5.286   0.884   0.000   0.000   0.000 01O000M000t
00261 HIS01A0136_001 f 0.00  0.000     0  0.00  0  0  -3.513  -4.093   0.399   0.669   1.189   0.000 01O000M000t
00262 HIS01A0136_002 f 0.00  0.000     0  0.00  0  0  -3.440  -4.282   0.399   0.527   1.639   0.000 01R001M000t
00263 HIS02A0136_003 f 0.00  0.000     0  0.00  0  0  -3.533  -4.110   0.399   0.538   0.770   0.000 02O000M000t
00264 HIS02A0136_004 f 0.00  0.000     0  0.00  0  0  -3.449  -4.368   0.399   0.546   1.163   0.000 02R001M000t
00265 HIS+1A0136_005 f 0.00  1.000     0  6.98  0  1  -3.560  -4.120   0.399   0.441   1.347   0.000 +1O000M000t
00266 HIS+1A0136_006 f 0.00  1.000     0  6.98  0  1  -3.476  -4.376   0.399   0.429   2.136   0.000 +1R001M000t
00267 VAL01A0137_001 f 0.00  0.000     0  0.00  0  0   0.616  -0.053   0.203   0.000   0.000   0.000 01O000M000t
00268 ALA01A0138_001 f 0.00  0.000     0  0.00  0  0   0.000  -1.600   0.000   0.000   0.000   0.000 01O000M000t
00269 ARG01A0139_001 f 0.00  0.000     0  0.00  0  0  -2.152  -2.344   3.190  -0.037   0.905   0.000 01O000M000t
00270 ARG02A0139_002 f 0.00  0.000     0  0.00  0  0  -2.194  -2.337   3.190   0.010   2.231   0.000 02O000M000t
00271 ARG02A0139_003 f 0.00  0.000     0  0.00  0  0  -2.137  -2.306   3.190   0.172   1.861   0.000 02O000M000t
00272 ARG03A0139_004 f 0.00  0.000     0  0.00  0  0  -2.200  -2.349   3.190   0.002   2.209   0.000 03O000M000t
00273 ARG+1A0139_005 f 0.00  1.000     0 12.50  0  1  -2.239  -2.355   3.190  -0.045   1.767   0.000 +1O000M000t
00274 ASP01A0140_001 f 0.00  0.000     0  0.00  0  0  -0.291  -2.743   2.903  -0.406   1.172   0.000 01O000M000t
00275 ASP01A0140_002 f 0.00  0.000     0  0.00  0  0  -0.291  -2.743   0.183  -0.783   1.542   0.000 01O000M000t
00276 ASP02A0140_003 f 0.00  0.000     0  0.00  0  0  -0.140  -3.003   2.903   1.859   1.605   0.000 02O000M000t
00277 ASP02A0140_004 f 0.00  0.000     0  0.00  0  0  -0.140  -3.003   0.183  -0.371   1.642   0.000 02O000M000t
00278 ASP-1A0140_005 f 0.00 -1.000     0  4.75  0 -1  -0.209  -3.133   0.183  -0.767   5.013   0.000 -1O000M000t
00279 ILE01A0141_001 f 0.00  0.000     0  0.00  0  0   3.815  -2.593   0.481   0.000   0.000   0.000 01O000M000t
00280 ALA01A0142_001 f 0.00  0.000     0  0.00  0  0   0.000  -2.143   0.000   0.000   0.000   0.000 01O000M000t
00281 CYS01A0143_001 f 0.00  0.000     0  0.00  0  0  -1.907  -2.251   0.304  -0.100   0.552   0.000 01O000M000t
00282 CYS01A0143_002 f 0.00  0.000     0  0.00  0  0  -1.907  -2.222   0.304  -0.282   0.206   0.000 01O000M000t
00283 CYS01A0143_003 f 0.00  0.000     0  0.00  0  0  -1.908  -2.210   0.304  -0.304   0.162   0.000 01O000M000t
00284 CYS-1A0143_004 f 0.00 -1.000     0  9.10  0 -1  -1.906  -2.194   0.304  -1.734   2.714   0.000 -1O000M000t
00285 CYS01A0145_001 f 0.00  0.000     0  0.00  0  0  -0.002  -3.334   0.516   0.126   0.785   0.000 01O000M000t
00286 CYS01A0145_002 f 0.00  0.000     0  0.00  0  0  -0.002  -3.393   0.516  -0.337   0.948   0.000 01O000M000t
00287 CYS01A0145_003 f 0.00  0.000     0  0.00  0  0  -0.002  -3.333   0.516  -0.071   0.897   0.000 01O000M000t
00288 CYS-1A0145_004 f 0.00 -1.000     0  9.10  0 -1   0.000  -3.298   0.516  -3.599  11.805   0.000 -1O000M000t
00289 GLN01A0146_001 f 0.00  0.000     0  0.00  0  0  -0.237  -4.072   0.562  -0.003   0.715   0.000 01O000M000t
00290 GLN01A0146_002 f 0.00  0.000     0  0.00  0  0  -0.720  -4.025   0.567   0.266   0.426   0.000 01R001M000t
00291 TYR01A0147_001 f 0.00  0.000     0  0.00  0  0   3.237  -6.556   0.195  -1.032   1.648   0.000 01O000M000t
00292 TYR-1A0147_002 f 0.00 -1.000     0 10.20  0 -1   3.237  -6.556   0.195  -2.614   6.864   0.000 -1O000M000t
00293 LEU01A0148_001 f 0.00  0.000     0  0.00  0  0   1.735  -2.885   0.467   0.000   0.000   0.000 01O000M000t
00294 GLU01A0149_001 f 0.00  0.000     0  0.00  0  0  -0.084  -4.043   3.528  -0.233   0.990   0.000 01O000M000t
00295 GLU01A0149_002 f 0.00  0.000     0  0.00  0  0  -0.084  -4.043   0.808   2.716   1.920   0.000 01O000M000t
00296 GLU02A0149_003 f 0.00  0.000     0  0.00  0  0  -0.204  -4.162   3.528  -1.245   0.235   0.000 02O000M000t
00297 GLU02A0149_004 f 0.00  0.000     0  0.00  0  0  -0.204  -4.162   0.808  -0.556   1.922   0.000 02O000M000t
00298 GLU-1A0149_005 f 0.00 -1.000     0  4.75  0 -1  -0.264  -4.089   0.808  -3.272   3.684   0.000 -1O000M000t
00299 GLU01A0150_001 f 0.00  0.000     0  0.00  0  0   0.276  -0.001   3.121   0.086   0.190   0.000 01O000M000t
00300 GLU01A0150_002 f 0.00  0.000     0  0.00  0  0   0.276  -0.001   0.401   0.028   0.824   0.000 01O000M000t
00301 GLU02A0150_003 f 0.00  0.000     0  0.00  0  0  -0.149   0.014   3.121  -0.111   0.434   0.000 02O000M000t
00302 GLU02A0150_004 f 0.00  0.000     0  0.00  0  0  -0.149   0.014   0.401  -0.012   0.846   0.000 02O000M000t
00303 GLU-1A0150_005 f 0.00 -1.000     0  4.75  0 -1  -0.265   0.065   0.401  -0.051   1.224   0.000 -1O000M000t
00304 ASN01A0151_001 f 0.00  0.000     0  0.00  0  0  -0.844  -2.561   1.463   0.695   1.446   0.000 01O000M000t
00305 ASN01A0151_002 f 0.00  0.000     0  0.00  0  0  -0.700  -1.920   1.459  -1.036   1.090   0.000 01R001M000t
00306 HIS01A0152_001 f 0.00  0.000     0  0.00  0  0  -8.913  -1.365   0.213   0.330   0.722   0.000 01O000M000t
00307 HIS01A0152_002 f 0.00  0.000     0  0.00  0  0  -8.696  -1.383   0.213   0.216   0.545   0.000 01R001M000t
00308 HIS02A0152_003 f 0.00  0.000     0  0.00  0  0  -8.935  -1.412   0.213   0.223   0.500   0.000 02O000M000t
00309 HIS02A0152_004 f 0.00  0.000     0  0.00  0  0  -8.707  -1.410   0.213   0.340   0.441   0.000 02R001M000t
00310 HIS+1A0152_005 f 0.00  1.000     0  6.98  0  1  -8.962  -1.425   0.213   0.422  -0.143   0.000 +1O000M000t
00311 HIS+1A0152_006 f 0.00  1.000     0  6.98  0  1  -8.733  -1.428   0.213   0.461  -0.083   0.000 +1R001M000t
00312 PHE01A0153_001 f 0.00  0.000     0  0.00  0  0   3.915  -5.779   0.026   0.000   0.000   0.000 01O000M000t
00313 ILE01A0154_001 f 0.00  0.000     0  0.00  0  0  -0.358  -3.354   0.503   0.000   0.000   0.000 01O000M000t
00314 HIS01A0155_001 f 0.00  0.000     0  0.00  0  0  -0.153  -3.533   0.073  -3.672   3.825   0.000 01O000M000t
00315 HIS02A0155_002 f 0.00  0.000     0  0.00  0  0  -0.172  -3.904   0.073   4.561   3.745   0.000 02O000M000t
00316 HIS+1A0155_003 f 0.00  1.000     0  6.98  0  1  -0.199  -3.736   0.073   6.364  10.033   0.000 +1O000M000t
00317 ARG01A0156_001 f 0.00  0.000     0  0.00  0  0   0.701   5.312   0.460  -0.160   1.815   0.000 01O000M000t
00318 ARG02A0156_002 f 0.00  0.000     0  0.00  0  0   0.693   5.289   0.460  -0.349   3.263   0.000 02O000M000t
00319 ARG03A0156_003 f 0.00  0.000     0  0.00  0  0   0.671   5.289   0.460  -0.197   2.883   0.000 03O000M000t
00320 ARG+1A0156_004 f 0.00  1.000     0 12.50  0  1   0.628   5.278   0.460   0.124   2.944   0.000 +1O000M000t
00321 ASP01A0157_001 f 0.00  0.000     0  0.00  0  0  -0.351   2.043   3.159   0.984   1.753   0.000 01O000M000t
00322 ASP01A0157_002 f 0.00  0.000     0  0.00  0  0  -0.351   2.043   0.439   0.142   2.212   0.000 01O000M000t
00323 ASP02A0157_003 f 0.00  0.000     0  0.00  0  0  -0.306   1.398   3.159   0.071   1.555   0.000 02O000M000t
00324 ASP02A0157_004 f 0.00  0.000     0  0.00  0  0  -0.306   1.398   0.439  -0.082   2.190   0.000 02O000M000t
00325 ASP-1A0157_005 f 0.00 -1.000     0  4.75  0 -1  -0.355   1.466   0.439  -1.743   8.658   0.000 -1O000M000t
00326 ILE01A0158_001 f 0.00  0.000     0  0.00  0  0   2.627   0.066   0.565   0.000   0.000   0.000 01O000M000t
00327 ALA01A0159_001 f 0.00  0.000     0  0.00  0  0   0.000  -1.261   0.000   0.000   0.000   0.000 01O000M000t
00328 ALA01A0160_001 f 0.00  0.000     0  0.00  0  0   0.000  -1.652   0.000   0.000   0.000   0.000 01O000M000t
00329 ARG01A0161_001 f 0.00  0.000     0  0.00  0  0  -1.936  -2.253   1.546   0.049   2.058   0.000 01O000M000t
00330 ARG02A0161_002 f 0.00  0.000     0  0.00  0  0  -1.949  -2.251   1.546  -0.275   3.127   0.000 02O000M000t
00331 ARG03A0161_003 f 0.00  0.000     0  0.00  0  0  -1.959  -2.243   1.546  -0.230   3.049   0.000 03O000M000t
00332 ARG03A0161_004 f 0.00  0.000     0  0.00  0  0  -1.955  -2.245   1.546  -0.041   2.768   0.000 03O000M000t
00333 ARG+1A0161_005 f 0.00  1.000     0 12.50  0  1  -1.998  -2.263   1.546   1.878   4.035   0.000 +1O000M000t
00334 ASN01A0162_001 f 0.00  0.000     0  0.00  0  0  -0.245  -2.064   0.356  -1.179   1.500   0.000 01O000M000t
00335 ASN01A0162_002 f 0.00  0.000     0  0.00  0  0  -0.502  -2.000   0.360   0.845   1.707   0.000 01R001M000t
00336 CYS01A0163_001 f 0.00  0.000     0  0.00  0  0  -0.002  -4.698   0.001   0.009   0.888   0.000 01O000M000t
00337 CYS01A0163_002 f 0.00  0.000     0  0.00  0  0  -0.002  -4.786   0.001  -0.302   0.807   0.000 01O000M000t
00338 CYS01A0163_003 f 0.00  0.000     0  0.00  0  0  -0.002  -4.660   0.001  -0.024   0.970   0.000 01O000M000t
00339 CYS-1A0163_004 f 0.00 -1.000     0  9.10  0 -1   0.000  -4.622   0.001  -4.695  13.227   0.000 -1O000M000t
00340 LEU01A0164_001 f 0.00  0.000     0  0.00  0  0   2.187  -5.650   0.509   0.000   0.000   0.000 01O000M000t
00341 LEU01A0165_001 f 0.00  0.000     0  0.00  0  0   1.910  -5.377   0.531   0.000   0.000   0.000 01O000M000t
00342 THR01A0166_001 f 0.00  0.000     0  0.00  0  0  -1.413  -2.145   0.451   2.947   1.564   0.000 01O000M000t
00343 THR01A0166_002 f 0.00  0.000     0  0.00  0  0  -1.413  -2.145   0.451  -0.332   1.364   0.000 01O000M000t
00344 CYS01A0167_001 f 0.00  0.000     0  0.00  0  0  -2.759  -2.897   0.025   0.011   0.507   0.000 01O000M000t
00345 CYS01A0167_002 f 0.00  0.000     0  0.00  0  0  -2.759  -3.034   0.025  -0.623   0.771   0.000 01O000M000t
00346 CYS01A0167_003 f 0.00  0.000     0  0.00  0  0  -2.760  -2.831   0.025  -0.583   0.262   0.000 01O000M000t
00347 CYS-1A0167_004 f 0.00 -1.000     0  9.10  0 -1  -2.758  -2.770   0.025  -3.357   4.153   0.000 -1O000M000t
00348 PRO01A0168_001 f 0.00  0.000     0  0.00  0  0  -4.316  -0.999   0.000   0.000   0.000   0.000 01O000M000t
00349 PRO01A0170_001 f 0.00  0.000     0  0.00  0  0  -7.359   0.397   0.000   0.000   0.000   0.000 01O000M000t
00350 ARG01A0172_001 f 0.00  0.000     0  0.00  0  0   1.873  -6.933   0.978   1.056   3.215   0.000 01O000M000t
00351 ARG02A0172_002 f 0.00  0.000     0  0.00  0  0   1.839  -7.061   0.978  -0.843   3.747   0.000 02O000M000t
00352 ARG02A0172_003 f 0.00  0.000     0  0.00  0  0   1.926  -7.063   0.978  -0.672   3.294   0.000 02O000M000t
00353 ARG03A0172_004 f 0.00  0.000     0  0.00  0  0   1.831  -7.040   0.978  -0.783   3.449   0.000 03O000M000t
00354 ARG03A0172_005 f 0.00  0.000     0  0.00  0  0   1.836  -6.932   0.978   0.090   3.465   0.000 03O000M000t
00355 ARG+1A0172_006 f 0.00  1.000     0 12.50  0  1   1.791  -7.096   0.978  -2.883   5.439   0.000 +1O000M000t
00356 VAL01A0173_001 f 0.00  0.000     0  0.00  0  0  -1.386  -0.426   0.054   0.000   0.000   0.000 01O000M000t
00357 ALA01A0174_001 f 0.00  0.000     0  0.00  0  0   0.000  -2.047   0.000   0.000   0.000   0.000 01O000M000t
00358 LYS01A0175_001 f 0.00  0.000     0  0.00  0  0   0.015  -7.249   1.299   0.130   0.767   0.000 01O000M000t
00359 LYS+1A0175_002 f 0.00  1.000     0 10.40  0  1  -0.030  -7.286   1.299  -1.482   5.536   0.000 +1O000M000t
00360 ILE01A0176_001 f 0.00  0.000     0  0.00  0  0   2.201  -3.409   0.438   0.000   0.000   0.000 01O000M000t
00361 ASP01A0178_001 f 0.00  0.000     0  0.00  0  0  -0.324  -1.264   3.696   0.968   0.526   0.000 01O000M000t
00362 ASP01A0178_002 f 0.00  0.000     0  0.00  0  0  -0.324  -1.264   0.976   0.666   0.983   0.000 01O000M000t
00363 ASP02A0178_003 f 0.00  0.000     0  0.00  0  0  -0.271  -2.019   3.696  -0.533  -0.105   0.000 02O000M000t
00364 ASP02A0178_004 f 0.00  0.000     0  0.00  0  0  -0.271  -2.019   0.976  -0.590   0.864   0.000 02O000M000t
00365 ASP-1A0178_005 f 0.00 -1.000     0  4.75  0 -1  -0.372  -1.960   0.976  -3.480   2.084   0.000 -1O000M000t
00366 PHE01A0179_001 f 0.00  0.000     0  0.00  0  0   4.362  -4.879   0.092   0.000   0.000   0.000 01O000M000t
00367 MET01A0181_001 f 0.00  0.000     0  0.00  0  0   0.032  -3.894   0.026   0.095   0.063   0.000 01O000M000t
00368 ALA01A0182_001 f 0.00  0.000     0  0.00  0  0  -0.206  -1.918   0.000   0.000   0.000   0.000 01O000M000t
00369 ARG01A0183_001 f 0.00  0.000     0  0.00  0  0   3.476  -5.163   0.924  -0.858   2.389   0.000 01O000M000t
00370 ARG02A0183_002 f 0.00  0.000     0  0.00  0  0   3.536  -5.186   0.924   0.275   2.828   0.000 02O000M000t
00371 ARG03A0183_003 f 0.00  0.000     0  0.00  0  0   3.439  -5.259   0.924  -0.996   2.890   0.000 03O000M000t
00372 ARG03A0183_004 f 0.00  0.000     0  0.00  0  0   3.444  -5.242   0.924  -0.917   2.826   0.000 03O000M000t
00373 ARG+1A0183_005 f 0.00  1.000     0 12.50  0  1   3.399  -5.276   0.924  -0.737   5.438   0.000 +1O000M000t
00374 ASP01A0184_001 f 0.00  0.000     0  0.00  0  0  -0.731  -1.700   3.061   0.403   1.052   0.000 01O000M000t
00375 ASP01A0184_002 f 0.00  0.000     0  0.00  0  0  -0.731  -1.700   0.341   0.076   0.743   0.000 01O000M000t
00376 ASP02A0184_003 f 0.00  0.000     0  0.00  0  0  -0.675  -2.251   3.061   0.201   0.630   0.000 02O000M000t
00377 ASP02A0184_004 f 0.00  0.000     0  0.00  0  0  -0.675  -2.251   0.341   0.164   1.263   0.000 02O000M000t
00378 ASP-1A0184_005 f 0.00 -1.000     0  4.75  0 -1  -0.737  -2.168   0.341  -0.706   2.843   0.000 -1O000M000t
00379 ILE01A0185_001 f 0.00  0.000     0  0.00  0  0  -0.780   4.446   0.495   0.000   0.000   0.000 01O000M000t
00380 TYR01A0186_001 f 0.00  0.000     0  0.00  0  0   0.299  -0.546   0.199  -0.896   1.162   0.000 01O000M000t
00381 TYR-1A0186_002 f 0.00 -1.000     0 10.20  0 -1   0.299  -0.546   0.199  -1.198   2.648   0.000 -1O000M000t
00382 ARG01A0187_001 f 0.00  0.000     0  0.00  0  0  -0.930  11.445   0.800   0.489   3.327   0.000 01O000M000t
00383 ARG02A0187_002 f 0.00  0.000     0  0.00  0  0  -0.925  11.467   0.800  -0.476   3.941   0.000 02O000M000t
00384 ARG03A0187_003 f 0.00  0.000     0  0.00  0  0  -0.986  11.333   0.800  -0.266   3.693   0.000 03O000M000t
00385 ARG+1A0187_004 f 0.00  1.000     0 12.50  0  1  -1.030  11.266   0.800  -0.456   6.457   0.000 +1O000M000t
00386 ALA01A0188_001 f 0.00  0.000     0  0.00  0  0   0.000   3.370   0.000   0.000   0.000   0.000 01O000M000t
00387 SER01A0189_001 f 0.00  0.000     0  0.00  0  0  -3.907   6.272   0.776   0.016  -0.072   0.000 01O000M000t
00388 TYR01A0190_001 f 0.00  0.000     0  0.00  0  0   2.140  43.857   2.082   0.429   0.449   0.000 01O000M000t
00389 TYR01A0190_002 f 0.00  0.000     0  0.00  0  0   2.140  43.857   2.082   0.460   0.312   0.000 01O000M000t
00390 TYR-1A0190_003 f 0.00 -1.000     0 10.20  0 -1   2.140  43.857   2.082   0.488   0.210   0.000 -1O000M000t
00391 TYR01A0191_001 f 0.00  0.000     0  0.00  0  0   6.144  -4.703   0.274  -0.183   1.437   0.000 01O000M000t
00392 TYR01A0191_002 f 0.00  0.000     0  0.00  0  0   6.144  -4.703   0.274  -0.132   1.049   0.000 01O000M000t
00393 TYR-1A0191_003 f 0.00 -1.000     0 10.20  0 -1   6.144  -4.703   0.274  -0.762   2.107   0.000 -1O000M000t
00394 ARG01A0192_001 f 0.00  0.000     0  0.00  0  0  -3.576  -2.615   3.642  -0.106  -0.071   0.000 01O000M000t
00395 ARG02A0192_002 f 0.00  0.000     0  0.00  0  0  -3.575  -2.616   3.642  -0.067   1.305   0.000 02O000M000t
00396 ARG03A0192_003 f 0.00  0.000     0  0.00  0  0  -3.587  -2.624   3.642  -0.026   1.301   0.000 03O000M000t
00397 ARG+1A0192_004 f 0.00  1.000     0 12.50  0  1  -3.626  -2.625   3.642   0.189   0.503   0.000 +1O000M000t
00398 LYS01A0193_001 f 0.00  0.000     0  0.00  0  0  -7.299 999.000   2.569  -2.951   0.859   0.000 01O000M000t
00399 LYS+1A0193_002 f 0.00  1.000     0 10.40  0  1  -7.312 999.000   2.569   2.653   5.385   0.000 +1O000M000t
00400 CYS01A0196_001 f 0.00  0.000     0  0.00  0  0  -6.085  -0.611   0.171  -0.173  -0.037   0.000 01O000M000t
00401 CYS01A0196_002 f 0.00  0.000     0  0.00  0  0  -6.085  -0.570   0.171  -0.298   0.073   0.000 01O000M000t
00402 CYS01A0196_003 f 0.00  0.000     0  0.00  0  0  -6.086  -0.550   0.171  -0.302   0.029   0.000 01O000M000t
00403 CYS-1A0196_004 f 0.00 -1.000     0  9.10  0 -1  -6.083  -0.537   0.171  -1.753   0.506   0.000 -1O000M000t
00404 ALA01A0197_001 f 0.00  0.000     0  0.00  0  0  -4.514  -0.337   0.000   0.000   0.000   0.000 01O000M000t
00405 MET01A0198_001 f 0.00  0.000     0  0.00  0  0  -6.473  -3.279   0.313   0.051   0.052   0.000 01O000M000t
00406 LEU01A0199_001 f 0.00  0.000     0  0.00  0  0  -1.974  -2.807   1.107   0.000   0.000   0.000 01O000M000t
00407 PRO01A0200_001 f 0.00  0.000     0  0.00  0  0   0.003   1.495   0.000   0.000   0.000   0.000 01O000M000t
00408 VAL01A0201_001 f 0.00  0.000     0  0.00  0  0   0.476   1.897   0.148   0.000   0.000   0.000 01O000M000t
00409 LYS01A0202_001 f 0.00  0.000     0  0.00  0  0  -0.669  -5.007   1.392   0.289   0.466   0.000 01O000M000t
00410 LYS+1A0202_002 f 0.00  1.000     0 10.40  0  1  -0.716  -5.061   1.392  -0.854   2.999   0.000 +1O000M000t
00411 TRP01A0203_001 f 0.00  0.000     0  0.00  0  0   2.080  -9.587   0.376   0.000   0.000   0.000 01O000M000t
00412 MET01A0204_001 f 0.00  0.000     0  0.00  0  0   0.292  -7.256   0.546  -0.014   0.087   0.000 01O000M000t
00413 PRO01A0205_001 f 0.00  0.000     0  0.00  0  0   0.219  -2.154   0.000   0.000   0.000   0.000 01O000M000t
00414 PRO01A0206_001 f 0.00  0.000     0  0.00  0  0   0.134  -1.267   0.000   0.000   0.000   0.000 01O000M000t
00415 GLU01A0207_001 f 0.00  0.000     0  0.00  0  0   2.511  -0.395   4.500   1.668   1.836   0.000 01O000M000t
00416 GLU01A0207_002 f 0.00  0.000     0  0.00  0  0   2.511  -0.395   1.780  -0.240   2.696   0.000 01O000M000t
00417 GLU02A0207_003 f 0.00  0.000     0  0.00  0  0   1.965  -0.978   4.500  -0.681   1.553   0.000 02O000M000t
00418 GLU02A0207_004 f 0.00  0.000     0  0.00  0  0   1.965  -0.978   1.780  -0.689   2.712   0.000 02O000M000t
00419 GLU-1A0207_005 f 0.00 -1.000     0  4.75  0 -1   1.898  -0.857   1.780  -5.159   9.562   0.000 -1O000M000t
00420 ALA01A0208_001 f 0.00  0.000     0  0.00  0  0   0.000  -1.318   0.000   0.000   0.000   0.000 01O000M000t
00421 PHE01A0209_001 f 0.00  0.000     0  0.00  0  0   4.484  -7.125   0.000   0.000   0.000   0.000 01O000M000t
00422 MET01A0210_001 f 0.00  0.000     0  0.00  0  0  -3.845  -0.450   0.348   0.017   0.057   0.000 01O000M000t
00423 GLU01A0211_001 f 0.00  0.000     0  0.00  0  0  -0.781  -2.159   3.578   0.280  -0.189   0.000 01O000M000t
00424 GLU01A0211_002 f 0.00  0.000     0  0.00  0  0  -0.781  -2.159   0.858   0.105   0.602   0.000 01O000M000t
00425 GLU02A0211_003 f 0.00  0.000     0  0.00  0  0  -1.294  -2.172   3.578   0.202  -0.588   0.000 02O000M000t
00426 GLU02A0211_004 f 0.00  0.000     0  0.00  0  0  -1.294  -2.172   0.858   0.116   0.368   0.000 02O000M000t
00427 GLU-1A0211_005 f 0.00 -1.000     0  4.75  0 -1  -1.318  -2.134   0.858  -0.122   0.108   0.000 -1O000M000t
00428 ILE01A0213_001 f 0.00  0.000     0  0.00  0  0  -1.824   0.246   0.581   0.000   0.000   0.000 01O000M000t
00429 PHE01A0214_001 f 0.00  0.000     0  0.00  0  0   2.809  -5.833   0.006   0.000   0.000   0.000 01O000M000t
00430 THR01A0215_001 f 0.00  0.000     0  0.00  0  0  -3.202   1.271   0.498  -0.644   0.908   0.000 01O000M000t
00431 THR01A0215_002 f 0.00  0.000     0  0.00  0  0  -3.202   1.271   0.498   3.198   1.533   0.000 01O000M000t
00432 SER01A0216_001 f 0.00  0.000     0  0.00  0  0  -1.804  -0.598   0.448  -0.056  -0.008   0.000 01O000M000t
00433 LYS01A0217_001 f 0.00  0.000     0  0.00  0  0  -0.909  -2.966   1.027  -0.475   0.557   0.000 01O000M000t
00434 LYS+1A0217_002 f 0.00  1.000     0 10.40  0  1  -0.993  -2.992   1.027  -2.962   3.266   0.000 +1O000M000t
00435 THR01A0218_001 f 0.00  0.000     0  0.00  0  0   0.172   0.192   0.375  -1.224   1.659   0.000 01O000M000t
00436 THR01A0218_002 f 0.00  0.000     0  0.00  0  0   0.172   0.192   0.000  -0.180   1.851   0.000 01O000M000t
00437 ASP01A0219_001 f 0.00  0.000     0  0.00  0  0   0.075  -2.688   3.073  -0.807   2.139   0.000 01O000M000t
00438 ASP01A0219_002 f 0.00  0.000     0  0.00  0  0   0.075  -2.688   0.353   3.230   2.417   0.000 01O000M000t
00439 ASP02A0219_003 f 0.00  0.000     0  0.00  0  0   0.144  -2.863   3.073  -3.662   1.674   0.000 02O000M000t
00440 ASP02A0219_004 f 0.00  0.000     0  0.00  0  0   0.144 996.137   0.353   3.690   3.015   0.000 02O000M000t
00441 ASP-1A0219_005 f 0.00 -1.000     0  4.75  0 -1   0.071  -3.265   0.353 -11.557  10.737   0.000 -1O000M000t
00442 THR01A0220_001 f 0.00  0.000     0  0.00  0  0   0.168  -2.905   0.549  -0.259   1.791   0.000 01O000M000t
00443 THR01A0220_002 f 0.00  0.000     0  0.00  0  0   0.168  -2.905   0.549   1.147   1.404   0.000 01O000M000t
00444 TRP01A0221_001 f 0.00  0.000     0  0.00  0  0   2.914 -13.494   0.006   0.000   0.000   0.000 01O000M000t
00445 SER01A0222_001 f 0.00  0.000     0  0.00  0  0   0.000  -1.062   0.376  -3.131   1.538   0.000 01O000M000t
00446 SER01A0222_002 f 0.00  0.000     0  0.00  0  0   0.000  -1.062   0.001   1.021   1.328   0.000 01O000M000t
00447 PHE01A0223_001 f 0.00  0.000     0  0.00  0  0   4.468  -7.971   0.016   0.000   0.000   0.000 01O000M000t
00448 VAL01A0225_001 f 0.00  0.000     0  0.00  0  0   0.538  -2.392   0.011   0.000   0.000   0.000 01O000M000t
00449 LEU01A0226_001 f 0.00  0.000     0  0.00  0  0   1.728  -4.363   0.598   0.000   0.000   0.000 01O000M000t
00450 LEU01A0227_001 f 0.00  0.000     0  0.00  0  0   1.738  -3.347   1.801   0.000   0.000   0.000 01O000M000t
00451 TRP01A0228_001 f 0.00  0.000     0  0.00  0  0   2.374 -11.431   0.169   0.000   0.000   0.000 01O000M000t
00452 GLU01A0229_001 f 0.00  0.000     0  0.00  0  0   0.562  -4.622   4.150  -0.653   2.088   0.000 01O000M000t
00453 GLU01A0229_002 f 0.00  0.000     0  0.00  0  0   0.562  -4.622   1.430   3.003   2.310   0.000 01O000M000t
00454 GLU02A0229_003 f 0.00  0.000     0  0.00  0  0   0.555  -5.066   4.150  -2.513   2.797   0.000 02O000M000t
00455 GLU02A0229_004 f 0.00  0.000     0  0.00  0  0   0.555  -5.066   1.430  -0.598   2.714   0.000 02O000M000t
00456 GLU-1A0229_005 f 0.00 -1.000     0  4.75  0 -1   0.445  -4.958   1.430  -6.196  10.854   0.000 -1O000M000t
00457 ILE01A0230_001 f 0.00  0.000     0  0.00  0  0   1.767  -2.617   0.550   0.000   0.000   0.000 01O000M000t
00458 PHE01A0231_001 f 0.00  0.000     0  0.00  0  0   4.484  -4.451   0.448   0.000   0.000   0.000 01O000M000t
00459 SER01A0232_001 f 0.00  0.000     0  0.00  0  0  -0.240  -2.509   0.742  -1.363   1.947   0.000 01O000M000t
00460 SER01A0232_002 f 0.00  0.000     0  0.00  0  0  -0.240  -2.509   0.742   2.353   1.957   0.000 01O000M000t
00461 SER01A0232_003 f 0.00  0.000     0  0.00  0  0  -0.240  -2.509   0.367  -1.008   1.957   0.000 01O000M000t
00462 LEU01A0233_001 f 0.00  0.000     0  0.00  0  0   1.459  14.243   0.451   0.000   0.000   0.000 01O000M000t
00463 TYR01A0235_001 f 0.00  0.000     0  0.00  0  0  -0.785  -1.500   0.736   0.142   0.283   0.000 01O000M000t
00464 TYR-1A0235_002 f 0.00 -1.000     0 10.20  0 -1  -0.785  -1.500   0.736   0.608  -0.401   0.000 -1O000M000t
00465 MET01A0236_001 f 0.00  0.000     0  0.00  0  0  -3.847  -1.353   0.353  -0.010   0.068   0.000 01O000M000t
00466 PRO01A0237_001 f 0.00  0.000     0  0.00  0  0   0.230  -0.732   0.000   0.000   0.000   0.000 01O000M000t
00467 TYR01A0238_001 f 0.00  0.000     0  0.00  0  0   4.445  -3.345   0.029  -0.018   2.323   0.000 01O000M000t
00468 TYR-1A0238_002 f 0.00 -1.000     0 10.20  0 -1   4.445  -3.345   0.029   0.164   9.222   0.000 -1O000M000t
00469 PRO01A0239_001 f 0.00  0.000     0  0.00  0  0  -4.253  -0.772   0.000   0.000   0.000   0.000 01O000M000t
00470 SER01A0240_001 f 0.00  0.000     0  0.00  0  0  -4.120  13.901   1.148  -2.788   0.379   0.000 01O000M000t
00471 SER01A0240_002 f 0.00  0.000     0  0.00  0  0  -4.120  13.901   1.148   0.206   0.209   0.000 01O000M000t
00472 LYS01A0241_001 f 0.00  0.000     0  0.00  0  0  -1.870  -4.954   1.134  -0.009   0.213   0.000 01O000M000t
00473 LYS+1A0241_002 f 0.00  1.000     0 10.40  0  1  -1.958  -4.969   1.134   0.031   1.652   0.000 +1O000M000t
00474 SER01A0242_001 f 0.00  0.000     0  0.00  0  0  -2.936  -0.952   0.536   0.073   1.490   0.000 01O000M000t
00475 SER01A0242_002 f 0.00  0.000     0  0.00  0  0  -2.936  -0.952   0.536   2.128   1.500   0.000 01O000M000t
00476 ASN01A0243_001 f 0.00  0.000     0  0.00  0  0  -1.158  -1.379   0.940  -0.087   0.838   0.000 01O000M000t
00477 ASN01A0243_002 f 0.00  0.000     0  0.00  0  0  -1.113  -0.065   0.940   0.552   0.847   0.000 01R001M000t
00478 GLN01A0244_001 f 0.00  0.000     0  0.00  0  0  -1.668  -1.646   0.304  -0.026   0.643   0.000 01O000M000t
00479 GLN01A0244_002 f 0.00  0.000     0  0.00  0  0  -1.135  -1.312   0.305   0.275   0.523   0.000 01R001M000t
00480 GLU01A0245_001 f 0.00  0.000     0  0.00  0  0  -0.481  -2.556   3.181   1.865   1.122   0.000 01O000M000t
00481 GLU01A0245_002 f 0.00  0.000     0  0.00  0  0  -0.481  -2.556   0.461  -0.435   0.894   0.000 01O000M000t
00482 GLU02A0245_003 f 0.00  0.000     0  0.00  0  0  -1.037  -2.992   3.181  -0.709  -0.522   0.000 02O000M000t
00483 GLU02A0245_004 f 0.00  0.000     0  0.00  0  0  -1.037  -2.992   0.461  -0.742   1.062   0.000 02O000M000t
00484 GLU-1A0245_005 f 0.00 -1.000     0  4.75  0 -1  -0.977  -2.956   0.461  -1.903   1.356   0.000 -1O000M000t
00485 VAL01A0246_001 f 0.00  0.000     0  0.00  0  0   0.598  -0.489   0.155   0.000   0.000   0.000 01O000M000t
00486 LEU01A0247_001 f 0.00  0.000     0  0.00  0  0   0.174  -1.890   0.678   0.000   0.000   0.000 01O000M000t
00487 GLU01A0248_001 f 0.00  0.000     0  0.00  0  0  -1.151  -0.931   3.015   0.050  -0.020   0.000 01O000M000t
00488 GLU01A0248_002 f 0.00  0.000     0  0.00  0  0  -1.151  -0.931   0.295   0.014   0.811   0.000 01O000M000t
00489 GLU02A0248_003 f 0.00  0.000     0  0.00  0  0  -1.503  -0.931   3.015  -0.118   0.414   0.000 02O000M000t
00490 GLU02A0248_004 f 0.00  0.000     0  0.00  0  0  -1.503  -0.931   0.295   0.013   0.473   0.000 02O000M000t
00491 GLU-1A0248_005 f 0.00 -1.000     0  4.75  0 -1  -1.508  -0.890   0.295   0.006   0.453   0.000 -1O000M000t
00492 PHE01A0249_001 f 0.00  0.000     0  0.00  0  0   0.729  -7.611   0.004   0.000   0.000   0.000 01O000M000t
00493 VAL01A0250_001 f 0.00  0.000     0  0.00  0  0   0.642  -0.608   0.391   0.000   0.000   0.000 01O000M000t
00494 THR01A0251_001 f 0.00  0.000     0  0.00  0  0  -1.851   2.190   0.420   0.542   1.841   0.000 01O000M000t
00495 THR01A0251_002 f 0.00  0.000     0  0.00  0  0  -1.851   2.190   0.419  -1.425   1.837   0.000 01O000M000t
00496 SER01A0252_001 f 0.00  0.000     0  0.00  0  0  -3.545  -1.335   0.388   0.036   0.076   0.000 01O000M000t
00497 SER01A0252_002 f 0.00  0.000     0  0.00  0  0  -3.545  -1.335   0.388  -0.948   0.711   0.000 01O000M000t
00498 ARG01A0255_001 f 0.00  0.000     0  0.00  0  0  -0.311  -4.488   0.697  -1.520   3.108   0.000 01O000M000t
00499 ARG02A0255_002 f 0.00  0.000     0  0.00  0  0  -0.330  -4.383   0.697  -1.499   4.104   0.000 02O000M000t
00500 ARG02A0255_003 f 0.00  0.000     0  0.00  0  0  -0.274  -4.686   0.697  -0.116   3.984   0.000 02O000M000t
00501 ARG03A0255_004 f 0.00  0.000     0  0.00  0  0  -0.333  -4.414   0.697  -1.507   3.807   0.000 03O000M000t
00502 ARG+1A0255_005 f 0.00  1.000     0 12.50  0  1  -0.376  -4.565   0.697  -6.397   6.272   0.000 +1O000M000t
00503 MET01A0256_001 f 0.00  0.000     0  0.00  0  0   0.137  -4.045   1.364  -0.248   0.092   0.000 01O000M000t
00504 ASP01A0257_001 f 0.00  0.000     0  0.00  0  0  -3.450   0.431   3.045   0.604   0.021   0.000 01O000M000t
00505 ASP01A0257_002 f 0.00  0.000     0  0.00  0  0  -3.450   0.431   0.325   0.240   0.551   0.000 01O000M000t
00506 ASP02A0257_003 f 0.00  0.000     0  0.00  0  0  -3.307  -0.039   3.045   0.326  -0.453   0.000 02O000M000t
00507 ASP02A0257_004 f 0.00  0.000     0  0.00  0  0  -3.307  -0.039   0.325   0.260   0.701   0.000 02O000M000t
00508 ASP-1A0257_005 f 0.00 -1.000     0  4.75  0 -1  -3.391  -0.004   0.325  -0.315   0.354   0.000 -1O000M000t
00509 PRO01A0258_001 f 0.00  0.000     0  0.00  0  0  -3.241  -1.742   0.000   0.000   0.000   0.000 01O000M000t
00510 PRO01A0259_001 f 0.00  0.000     0  0.00  0  0   0.214  -2.841   0.000   0.000   0.000   0.000 01O000M000t
00511 LYS01A0260_001 f 0.00  0.000     0  0.00  0  0  -2.507  -2.086   0.907  -0.010  -0.005   0.000 01O000M000t
00512 LYS+1A0260_002 f 0.00  1.000     0 10.40  0  1  -2.554  -2.092   0.907  -0.237   0.640   0.000 +1O000M000t
00513 ASN01A0261_001 f 0.00  0.000     0  0.00  0  0  -1.963   5.759   0.514  -0.688   0.934   0.000 01O000M000t
00514 ASN01A0261_002 f 0.00  0.000     0  0.00  0  0  -2.202   7.166   0.514   0.362   0.634   0.000 01R001M000t
00515 CYS01A0262_001 f 0.00  0.000     0  0.00  0  0  -0.002  -4.330   0.064  -0.111   0.973   0.000 01O000M000t
00516 CYS01A0262_002 f 0.00  0.000     0  0.00  0  0  -0.002  -4.174   0.064  -0.267   0.966   0.000 01O000M000t
00517 CYS01A0262_003 f 0.00  0.000     0  0.00  0  0  -0.002  -4.183   0.064  -0.139   0.982   0.000 01O000M000t
00518 CYS-1A0262_004 f 0.00 -1.000     0  9.10  0 -1   0.000  -4.118   0.064  -3.993  12.137   0.000 -1O000M000t
00519 PRO01A0263_001 f 0.00  0.000     0  0.00  0  0  -0.029  -2.133   0.000   0.000   0.000   0.000 01O000M000t
00520 PRO01A0265_001 f 0.00  0.000     0  0.00  0  0  -2.249  -1.155   0.000   0.000   0.000   0.000 01O000M000t
00521 VAL01A0266_001 f 0.00  0.000     0  0.00  0  0   0.681  -0.771   0.045   0.000   0.000   0.000 01O000M000t
00522 TYR01A0267_001 f 0.00  0.000     0  0.00  0  0   1.900  -6.532   0.013  -1.753   1.460   0.000 01O000M000t
00523 TYR01A0267_002 f 0.00  0.000     0  0.00  0  0   1.900  -6.532   0.013   0.900   1.353   0.000 01O000M000t
00524 TYR-1A0267_003 f 0.00 -1.000     0 10.20  0 -1   1.900  -6.532   0.013   0.974   5.447   0.000 -1O000M000t
00525 ARG01A0268_001 f 0.00  0.000     0  0.00  0  0  -3.715  -4.640   3.486  -0.234   0.942   0.000 01O000M000t
00526 ARG02A0268_002 f 0.00  0.000     0  0.00  0  0  -3.775  -4.642   3.486  -0.289   1.862   0.000 02O000M000t
00527 ARG03A0268_003 f 0.00  0.000     0  0.00  0  0  -3.781  -4.632   3.486  -0.354   1.875   0.000 03O000M000t
00528 ARG+1A0268_004 f 0.00  1.000     0 12.50  0  1  -3.820  -4.666   3.486   0.336   0.640   0.000 +1O000M000t
00529 ILE01A0269_001 f 0.00  0.000     0  0.00  0  0   1.792  -2.978   0.483   0.000   0.000   0.000 01O000M000t
00530 MET01A0270_001 f 0.00  0.000     0  0.00  0  0   0.172  -6.672   0.775   0.036   0.099   0.000 01O000M000t
00531 THR01A0271_001 f 0.00  0.000     0  0.00  0  0  -1.718  -1.472   0.376   0.015   1.450   0.000 01O000M000t
00532 THR01A0271_002 f 0.00  0.000     0  0.00  0  0  -1.718  -1.472   0.376  -0.254   0.723   0.000 01O000M000t
00533 GLN01A0272_001 f 0.00  0.000     0  0.00  0  0  -0.531  -0.030   0.554  -0.051   1.514   0.000 01O000M000t
00534 GLN01A0272_002 f 0.00  0.000     0  0.00  0  0   0.052  -0.064   0.549  -0.125   1.343   0.000 01R001M000t
00535 CYS01A0273_001 f 0.00  0.000     0  0.00  0  0  -0.002  -5.157   0.293   0.010   0.994   0.000 01O000M000t
00536 CYS01A0273_002 f 0.00  0.000     0  0.00  0  0  -0.002  -5.218   0.293  -0.291   0.993   0.000 01O000M000t
00537 CYS01A0273_003 f 0.00  0.000     0  0.00  0  0  -0.002  -5.179   0.293   0.310   0.995   0.000 01O000M000t
00538 CYS-1A0273_004 f 0.00 -1.000     0  9.10  0 -1   0.000  -5.094   0.293   1.751  14.821   0.000 -1O000M000t
00539 TRP01A0274_001 f 0.00  0.000     0  0.00  0  0   2.633 -12.247   0.013   0.000   0.000   0.000 01O000M000t
00540 GLN01A0275_001 f 0.00  0.000     0  0.00  0  0  -1.260  -5.574   1.278  -0.893   0.584   0.000 01O000M000t
00541 GLN01A0275_002 f 0.00  0.000     0  0.00  0  0  -1.247  -5.631   1.282   0.451   0.154   0.000 01R001M000t
00542 HIS01A0276_001 f 0.00  0.000     0  0.00  0  0  -5.429  -2.919   0.053   0.216   1.254   0.000 01O000M000t
00543 HIS01A0276_002 f 0.00  0.000     0  0.00  0  0  -5.070  -2.912   0.053   0.636   1.075   0.000 01R001M000t
00544 HIS02A0276_003 f 0.00  0.000     0  0.00  0  0  -5.449  -2.970   0.053   0.354   1.443   0.000 02O000M000t
00545 HIS02A0276_004 f 0.00  0.000     0  0.00  0  0  -5.082  -2.940   0.053   0.201   1.237   0.000 02R001M000t
00546 HIS+1A0276_005 f 0.00  1.000     0  6.98  0  1  -5.476  -2.986   0.053   0.717   2.427   0.000 +1O000M000t
00547 HIS+1A0276_006 f 0.00  1.000     0  6.98  0  1  -5.109  -2.949   0.053   0.594   2.027   0.000 +1R001M000t
00548 GLN01A0277_001 f 0.00  0.000     0  0.00  0  0  -2.350  -1.606   1.450   0.047   0.310   0.000 01O000M000t
00549 GLN01A0277_002 f 0.00  0.000     0  0.00  0  0  -2.393  -1.409   1.449   0.220   0.487   0.000 01R001M000t
00550 PRO01A0278_001 f 0.00  0.000     0  0.00  0  0  -1.509  -1.392   0.000   0.000   0.000   0.000 01O000M000t
00551 GLU01A0279_001 f 0.00  0.000     0  0.00  0  0   0.218   2.801   3.789   0.706   0.882   0.000 01O000M000t
00552 GLU01A0279_002 f 0.00  0.000     0  0.00  0  0   0.218   2.801   1.069   0.155   1.695   0.000 01O000M000t
00553 GLU02A0279_003 f 0.00  0.000     0  0.00  0  0  -0.293   1.669   3.789  -0.299   0.499   0.000 02O000M000t
00554 GLU02A0279_004 f 0.00  0.000     0  0.00  0  0  -0.293   1.669   1.069  -0.090   1.633   0.000 02O000M000t
00555 GLU-1A0279_005 f 0.00 -1.000     0  4.75  0 -1  -0.313   1.745   1.069  -4.236   3.918   0.000 -1O000M000t
00556 ASP01A0280_001 f 0.00  0.000     0  0.00  0  0  -2.469  -0.451   2.997   0.449  -0.011   0.000 01O000M000t
00557 ASP01A0280_002 f 0.00  0.000     0  0.00  0  0  -2.469  -0.451   0.277   0.160   0.566   0.000 01O000M000t
00558 ASP02A0280_003 f 0.00  0.000     0  0.00  0  0  -2.352  -0.952   2.997   0.433   0.296   0.000 02O000M000t
00559 ASP02A0280_004 f 0.00  0.000     0  0.00  0  0  -2.352  -0.952   0.277   0.201   0.928   0.000 02O000M000t
00560 ASP-1A0280_005 f 0.00 -1.000     0  4.75  0 -1  -2.346  -0.886   0.277  -0.773   1.348   0.000 -1O000M000t
00561 ARG01A0281_001 f 0.00  0.000     0  0.00  0  0   2.504   4.634   2.169  -1.767   4.436   0.000 01O000M000t
00562 ARG02A0281_002 f 0.00  0.000     0  0.00  0  0   2.471   4.606   2.169  -2.374   4.962   0.000 02O000M000t
00563 ARG02A0281_003 f 0.00  0.000     0  0.00  0  0   2.532   3.221   2.169   1.101   4.946   0.000 02O000M000t
00564 ARG03A0281_004 f 0.00  0.000     0  0.00  0  0   2.465   4.545   2.169  -3.396   4.864   0.000 03O000M000t
00565 ARG03A0281_005 f 0.00  0.000     0  0.00  0  0   2.470   4.656   2.169  -2.366   4.836   0.000 03O000M000t
00566 ARG+1A0281_006 f 0.00  1.000     0 12.50  0  1   2.425   4.503   2.169  -6.818  11.428   0.000 +1O000M000t
00567 PRO01A0282_001 f 0.00  0.000     0  0.00  0  0  -0.002  -3.643   0.000   0.000   0.000   0.000 01O000M000t
00568 ASN01A0283_001 f 0.00  0.000     0  0.00  0  0  -1.614   0.920   0.343  -2.547   1.661   0.000 01O000M000t
00569 PHE01A0284_001 f 0.00  0.000     0  0.00  0  0   4.492  -9.738   0.604   0.000   0.000   0.000 01O000M000t
00570 ALA01A0285_001 f 0.00  0.000     0  0.00  0  0  -2.592  -0.389   0.000   0.000   0.000   0.000 01O000M000t
00571 ILE01A0286_001 f 0.00  0.000     0  0.00  0  0  -1.279   1.482   0.506   0.000   0.000   0.000 01O000M000t
00572 ILE01A0287_001 f 0.00  0.000     0  0.00  0  0   2.838  -2.230   0.526   0.000   0.000   0.000 01O000M000t
00573 LEU01A0288_001 f 0.00  0.000     0  0.00  0  0   0.311  -5.916   1.204   0.000   0.000   0.000 01O000M000t
00574 GLU01A0289_001 f 0.00  0.000     0  0.00  0  0  -1.354   0.265   3.549   0.132   0.338   0.000 01O000M000t
00575 GLU01A0289_002 f 0.00  0.000     0  0.00  0  0  -1.354   0.265   0.829   0.015   0.662   0.000 01O000M000t
00576 GLU02A0289_003 f 0.00  0.000     0  0.00  0  0  -1.746   0.294   3.549  -0.005  -0.413   0.000 02O000M000t
00577 GLU02A0289_004 f 0.00  0.000     0  0.00  0  0  -1.746   0.294   0.829   0.000   0.806   0.000 02O000M000t
00578 GLU-1A0289_005 f 0.00 -1.000     0  4.75  0 -1  -1.714   0.324   0.829  -0.197   0.629   0.000 -1O000M000t
00579 ARG01A0290_001 f 0.00  0.000     0  0.00  0  0  -2.912  -4.088   1.112   0.005   1.439   0.000 01O000M000t
00580 ARG02A0290_002 f 0.00  0.000     0  0.00  0  0  -2.936  -4.119   1.112   0.150   2.195   0.000 02O000M000t
00581 ARG02A0290_003 f 0.00  0.000     0  0.00  0  0  -2.890  -4.114   1.112   0.128   1.974   0.000 02O000M000t
00582 ARG03A0290_004 f 0.00  0.000     0  0.00  0  0  -2.942  -4.119   1.112   0.153   2.128   0.000 03O000M000t
00583 ARG+1A0290_005 f 0.00  1.000     0 12.50  0  1  -2.981  -4.122   1.112   0.327   3.257   0.000 +1O000M000t
00584 ILE01A0291_001 f 0.00  0.000     0  0.00  0  0   3.180  -3.065   0.507   0.000   0.000   0.000 01O000M000t
00585 GLU01A0292_001 f 0.00  0.000     0  0.00  0  0  -1.662   2.767   6.026   0.118  -0.034   0.000 01O000M000t
00586 GLU01A0292_002 f 0.00  0.000     0  0.00  0  0  -1.662   2.767   3.306   0.080   1.287   0.000 01O000M000t
00587 GLU02A0292_003 f 0.00  0.000     0  0.00  0  0  -1.633   3.182   6.026   0.308   1.235   0.000 02O000M000t
00588 GLU02A0292_004 f 0.00  0.000     0  0.00  0  0  -1.633   3.182   3.306   0.102   1.361   0.000 02O000M000t
00589 GLU-1A0292_005 f 0.00 -1.000     0  4.75  0 -1  -1.719   2.789   3.306  -0.246   3.259   0.000 -1O000M000t
00590 TYR01A0293_001 f 0.00  0.000     0  0.00  0  0  -5.274  -3.564   0.958   0.333   0.056   0.000 01O000M000t
00591 TYR-1A0293_002 f 0.00 -1.000     0 10.20  0 -1  -5.274  -3.564   0.958   0.102  -0.485   0.000 -1O000M000t
00592 CYS01A0294_001 f 0.00  0.000     0  0.00  0  0  -0.002  -3.768   0.477   0.385   0.856   0.000 01O000M000t
00593 CYS01A0294_002 f 0.00  0.000     0  0.00  0  0  -0.002  -3.779   0.477  -0.646   0.460   0.000 01O000M000t
00594 CYS01A0294_003 f 0.00  0.000     0  0.00  0  0  -0.003  -3.764   0.477   0.021   0.820   0.000 01O000M000t
00595 CYS-1A0294_004 f 0.00 -1.000     0  9.10  0 -1   0.000  -3.667   0.477  -2.395   7.462   0.000 -1O000M000t
00596 THR01A0295_001 f 0.00  0.000     0  0.00  0  0  -0.367  39.334   0.655  -1.856   1.508   0.000 01O000M000t
00597 THR01A0295_002 f 0.00  0.000     0  0.00  0  0  -0.367  39.334   0.655   0.102   0.771   0.000 01O000M000t
00598 THR01A0295_003 f 0.00  0.000     0  0.00  0  0  -0.367  39.334   0.279  -0.295   0.790   0.000 01O000M000t
00599 GLN01A0296_001 f 0.00  0.000     0  0.00  0  0  -2.487  -3.206   1.376   0.028   0.405   0.000 01O000M000t
00600 GLN01A0296_002 f 0.00  0.000     0  0.00  0  0  -2.330  -3.276   1.385  -0.006   0.302   0.000 01R001M000t
00601 ASP01A0297_001 f 0.00  0.000     0  0.00  0  0  -1.286  -0.038   2.850   3.814   1.174   0.000 01O000M000t
00602 ASP01A0297_002 f 0.00  0.000     0  0.00  0  0  -1.286  -0.038   0.130  -0.244   0.886   0.000 01O000M000t
00603 ASP02A0297_003 f 0.00  0.000     0  0.00  0  0  -1.158  -1.172   2.850  -1.363   0.506   0.000 02O000M000t
00604 ASP02A0297_004 f 0.00  0.000     0  0.00  0  0  -1.158  -1.172   0.130  -1.445   1.527   0.000 02O000M000t
00605 ASP-1A0297_005 f 0.00 -1.000     0  4.75  0 -1  -1.192  -1.096   0.130  -4.335   3.199   0.000 -1O000M000t
00606 PRO01A0298_001 f 0.00  0.000     0  0.00  0  0  -4.938   1.963   0.000   0.000   0.000   0.000 01O000M000t
00607 ASP01A0299_001 f 0.00  0.000     0  0.00  0  0  -3.426   0.825   3.007   0.909  -0.143   0.000 01O000M000t
00608 ASP01A0299_002 f 0.00  0.000     0  0.00  0  0  -3.426   0.825   0.287   0.329   0.417   0.000 01O000M000t
00609 ASP02A0299_003 f 0.00  0.000     0  0.00  0  0  -3.417   0.215   3.007   0.435  -0.458   0.000 02O000M000t
00610 ASP02A0299_004 f 0.00  0.000     0  0.00  0  0  -3.417   0.215   0.287   0.308   0.493   0.000 02O000M000t
00611 ASP-1A0299_005 f 0.00 -1.000     0  4.75  0 -1  -3.394   0.248   0.287  -0.835   0.287   0.000 -1O000M000t
00612 VAL01A0300_001 f 0.00  0.000     0  0.00  0  0   0.541  -0.979   0.123   0.000   0.000   0.000 01O000M000t
00613 ILE01A0301_001 f 0.00  0.000     0  0.00  0  0   1.122  -4.357   0.422   0.000   0.000   0.000 01O000M000t
00614 ASN01A0302_001 f 0.00  0.000     0  0.00  0  0  -2.848   1.460   0.728   0.111   0.267   0.000 01O000M000t
00615 ASN01A0302_002 f 0.00  0.000     0  0.00  0  0  -2.887   2.184   0.730   0.249   0.181   0.000 01R001M000t
00616 THR01A0303_001 f 0.00  0.000     0  0.00  0  0  -1.790  -0.950   0.380   0.537   0.270   0.000 01O000M000t
00617 ALA01A0304_001 f 0.00  0.000     0  0.00  0  0  -4.272  -0.642   0.000   0.000   0.000   0.000 01O000M000t
00618 LEU01A0305_001 f 0.00  0.000     0  0.00  0  0   1.712  -4.617   0.746   0.000   0.000   0.000 01O000M000t
00619 PRO01A0306_001 f 0.00  0.000     0  0.00  0  0  -0.096  -2.138   0.000   0.000   0.000   0.000 01O000M000t
00620 ILE01A0307_001 f 0.00  0.000     0  0.00  0  0  -0.873  -3.550   0.402   0.000   0.000   0.000 01O000M000t
00621 GLU01A0308_001 f 0.00  0.000     0  0.00  0  0   0.272   1.183   4.702  -0.045   0.903   0.000 01O000M000t
00622 GLU01A0308_002 f 0.00  0.000     0  0.00  0  0   0.272   1.183   1.982   0.046   0.988   0.000 01O000M000t
00623 GLU02A0308_003 f 0.00  0.000     0  0.00  0  0   0.017   1.205   4.702   0.071   0.104   0.000 02O000M000t
00624 GLU02A0308_004 f 0.00  0.000     0  0.00  0  0   0.017   1.205   1.982   0.087   0.826   0.000 02O000M000t
00625 GLU-1A0308_005 f 0.00 -1.000     0  4.75  0 -1  -0.039   1.235   1.982   0.653   2.074   0.000 -1O000M000t
00626 TYR01A0309_001 f 0.00  0.000     0  0.00  0  0  53.761  59.378   2.429   0.734   0.134   0.000 01O000M000t
00627 TYR-1A0309_002 f 0.00 -1.000     0 10.20  0 -1  53.761  59.378   2.429   0.408   0.377   0.000 -1O000M000t
00628 VGH+aB0001_001 f 0.00  1.998     0  0.00  0  0   0.000 999.000   0.000   0.057  10.472   0.283 +aO000M000t
00629 VGH+aB0001_002 f 0.00  1.998     0  0.00  0  0   0.000 999.000   0.000  -0.693  10.559   0.283 +aO000M000t
00630 VGH+1B0001_003 f 0.00  0.995     0  0.00  0  0   0.000 999.000   0.000  -2.510   6.719   0.585 +1O000M000t
00631 VGH01B0001_004 f 0.00  0.003     0  0.00  0  0   0.000 999.000   0.000  -2.194   6.240   3.192 01O000M000t
00632 VGH+2B0001_005 f 0.00  1.002     0  0.00  0  0   0.000 999.000   0.000  -0.297   9.041   3.587 +2O000M000t
00633 VGH+2B0001_006 f 0.00  1.002     0  0.00  0  0   0.000 999.000   0.000   0.800   9.548   3.587 +2O000M000t
00634 VGHDMB0001_007 t 0.00  0.000     0  0.00  0  0   0.000   0.000   0.000   0.000   0.000   0.000         DMt
