  pH           7
ASP-A0002_ -1.00
GLU-A0004_ -1.00
ASP-A0007_ -1.00
ARG+A0015_  1.00
TYR-A0025_ -0.00
LYS+A0026_  1.00
LYS+A0028_  1.00
HIS+A0030_  0.30
ASP-A0032_ -1.00
LYS+A0036_  0.99
LYS+A0047_  1.00
GLU-A0049_ -1.00
ARG+A0054_  1.00
LYS+A0055_  1.00
ARG+A0057_  1.00
HIS+A0058_  0.00
TYR-A0067_ -0.00
LYS+A0070_  1.00
CYS-A0080_ -0.00
GLU-A0081_ -1.00
TYR-A0086_ -0.00
HIS+A0087_  0.02
HIS+A0088_  0.02
HIS+A0090_  0.67
GLU-A0093_ -1.00
LYS+A0095_  1.00
GLU-A0097_ -1.00
LYS+A0100_  1.00
ASP-A0103_ -1.00
ARG+A0106_  1.00
ASP-A0113_ -1.00
TYR-A0114_ -0.00
HIS+A0116_  0.01
LYS+A0118_  1.00
HIS+A0122_  0.00
ARG+A0123_  1.00
ASP-A0124_ -1.00
LYS+A0126_  1.00
HIS+A0133_  0.00
GLU-A0134_ -0.99
ASP-A0135_ -1.00
LYS+A0139_  1.00
ASP-A0142_ -1.00
LYS+A0149_  1.00
ARG+A0151_  1.00
HIS+A0156_  0.12
GLU-A0159_ -0.97
GLU-A0171_ -1.00
ARG+A0174_  1.00
ASP-A0177_ -1.00
LYS+A0178_  1.00
TYR-A0181_ -0.00
ASP-A0186_ -1.00
TYR-A0188_ -0.00
TYR-A0195_ -0.00
GLU-A0196_ -1.00
TYR-A0204_ -0.00
ARG+A0210_  1.00
ASP-A0211_ -1.00
ARG+A0219_  1.00
TYR-A0221_ -0.01
ASP-A0225_ -1.00
LYS+A0228_  0.99
ARG+A0230_  1.00
CYS-A0233_ -0.00
LYS+A0235_  1.00
LYS+A0238_  0.99
ARG+A0239_  1.00
GLU-A0243_ -1.00
CYS-A0244_ -0.00
LYS+A0246_  1.00
LYS+A0247_  1.00
LYS+A0248_  1.00
ARG+A0249_  1.00
ASP-A0250_ -1.00
GLU-A0251_ -1.00
ARG+A0252_  1.00
GLU-A0263_ -1.00
ARG+A0267_  1.00
----------
Net_Charge  9.12
Protons     9.12
Electrons   0.00
