  pH           7
ASP-A0002_ -1.00
ASP-A0004_ -1.00
GLU-A0005_ -1.00
ASP-A0009_ -0.99
GLU-A0010_ -1.00
HIS+A0011_  0.27
CYS-A0012_ -0.00
GLU-A0013_ -1.00
ARG+A0014_  1.00
TYR-A0017_ -0.00
ASP-A0018_ -1.00
LYS+A0021_  1.00
GLU-A0023_ -1.00
ARG+A0026_  1.00
ASP-A0027_ -1.00
ARG+A0028_  1.00
LYS+A0030_  1.00
LYS+A0033_  1.00
ARG+A0037_  1.00
GLU-A0045_ -1.00
ASP-A0047_ -1.00
ASP-A0052_ -1.00
LYS+A0053_  1.00
CYS-A0057_ -0.03
ARG+A0058_  1.00
LYS+A0063_  1.00
LYS+A0066_  0.99
GLU-A0067_ -1.00
HIS+A0071_  0.29
GLU-A0073_ -1.00
HIS+A0074_  0.03
ARG+A0075_  1.00
GLU-A0080_ -1.00
LYS+A0082_  1.00
HIS+A0086_  0.02
HIS+A0089_  0.31
HIS+A0090_  0.00
CYS-A0100_ -0.00
LYS+A0102_  1.00
GLU-A0112_ -1.00
CYS-A0114_ -0.00
LYS+A0115_  1.00
TYR-A0122_ -0.00
ARG+A0124_  1.00
LYS+A0126_  1.00
ARG+A0127_  1.00
GLU-A0129_ -1.00
TYR-A0133_ -0.00
LYS+A0134_  1.00
GLU-A0138_ -1.00
ASP-A0139_ -1.00
TYR-A0141_ -0.00
LYS+A0142_  1.00
ASP-A0143_ -1.00
GLU-A0148_ -1.00
HIS+A0149_  0.01
CYS-A0152_ -0.01
TYR-A0153_ -0.00
LYS+A0159_  1.00
GLU-A0162_ -1.00
ARG+A0167_  1.00
LYS+A0168_  1.00
CYS-A0169_ -0.00
HIS+A0171_  0.02
ARG+A0172_  1.00
ASP-A0173_ -1.00
ARG+A0177_  1.00
GLU-A0183_ -1.00
LYS+A0184_  1.00
LYS+A0188_  1.00
CYS-A0190_ -0.00
ASP-A0191_ -0.88
ARG+A0196_  1.00
ASP-A0197_ -1.00
TYR-A0199_ -0.00
LYS+A0200_  1.00
ASP-A0201_ -1.00
ASP-A0203_ -1.00
TYR-A0204_ -0.00
ARG+A0206_  1.00
LYS+A0207_  1.00
ASP-A0209_ -1.00
ARG+A0211_  1.00
LYS+A0215_  1.00
GLU-A0220_ -1.00
ASP-A0224_ -1.00
ARG+A0225_  1.00
TYR-A0227_ -0.00
ASP-A0232_ -1.00
GLU-A0242_ -0.98
TYR-A0251_ -0.00
LYS+A0255_  1.00
ASP-A0257_ -1.00
GLU-A0258_ -1.00
GLU-A0259_ -1.00
CYS-A0261_ -0.00
ARG+A0262_  1.00
ARG+A0263_  1.00
LYS+A0265_  1.00
GLU-A0266_ -1.00
ARG+A0269_  1.00
ARG+A0271_  1.00
ASP-A0274_ -1.00
TYR-A0275_ -0.00
GLU-A0279_ -1.00
TYR-A0281_ -0.00
ASP-A0286_ -0.99
CYS-A0287_ -0.00
HIS+A0289_  0.02
GLU-A0291_ -1.00
ARG+A0295_  1.00
GLU-A0300_ -1.00
GLU-A0303_ -1.00
HIS+A0304_  0.53
BAX+B0001_  0.00
BAX-B0001_  0.00
----------
Net_Charge -0.37
Protons    -0.37
Electrons   0.00
