 ph         7.4   7.4   7.4   7.4   7.4
NTR A0001  0.06  0.06  0.06  0.07  0.06
TYR A0003  0.00  0.00  0.00  0.00  0.00
ASP A0004 -1.00 -1.00 -1.00 -1.00 -1.00
LYS A0007  1.00  1.00  1.00  1.00  1.00
GLU A0009 -1.00 -1.00 -1.00 -1.00 -1.00
ARG A0012  1.00  1.00  1.00  1.00  1.00
ASP A0013 -1.00 -1.00 -1.00 -1.00 -1.00
ARG A0014  1.00  1.00  1.00  1.00  1.00
LYS A0016  1.00  1.00  1.00  1.00  1.00
LYS A0019  1.00  1.00  1.00  1.00  1.00
CTR A0022 -1.00 -1.00 -1.00 -1.00 -1.00
NTG A0023  0.84  0.83  0.84  0.83  0.84
GLU A0027 -1.00 -1.00 -1.00 -1.00 -1.00
ASP A0029 -1.00 -1.00 -0.99 -1.00 -1.00
ASP A0034 -1.00 -1.00 -1.00 -1.00 -1.00
LYS A0035  1.00  1.00  1.00  1.00  1.00
CYS A0039 -0.04 -0.04 -0.04 -0.04 -0.04
ARG A0040  1.00  1.00  1.00  1.00  1.00
LYS A0045  1.00  1.00  1.00  1.00  1.00
LYS A0048  1.00  1.00  1.00  1.00  1.00
GLU A0049 -1.00 -1.00 -1.00 -1.00 -1.00
HIS A0053  0.04  0.04  0.04  0.04  0.04
GLU A0055 -1.00 -1.00 -1.00 -1.00 -1.00
HIS A0056  0.03  0.03  0.03  0.03  0.03
ARG A0057  1.00  1.00  1.00  1.00  1.00
GLU A0062 -0.97 -0.96 -0.97 -0.96 -0.97
LYS A0064  1.00  1.00  1.00  1.00  1.00
HIS A0068  0.27  0.27  0.27  0.27  0.27
HIS A0071  0.02  0.02  0.02  0.02  0.02
HIS A0072  0.00  0.00  0.00  0.00  0.00
CYS A0082  0.00  0.00  0.00  0.00  0.00
LYS A0084  1.00  1.00  1.00  1.00  1.00
GLU A0094 -1.00 -1.00 -1.00 -1.00 -1.00
CYS A0096  0.00  0.00  0.00  0.00  0.00
LYS A0097  1.00  1.00  1.00  1.00  1.00
TYR A0104 -0.00 -0.00 -0.00 -0.00 -0.00
ARG A0106  1.00  1.00  1.00  1.00  1.00
LYS A0108  1.00  1.00  1.00  1.00  1.00
ARG A0109  1.00  1.00  1.00  1.00  1.00
GLU A0111 -1.00 -1.00 -1.00 -1.00 -1.00
TYR A0115 -0.00 -0.00 -0.00 -0.00 -0.00
LYS A0116  1.00  1.00  1.00  1.00  1.00
GLU A0120 -1.00 -1.00 -1.00 -1.00 -1.00
ASP A0121 -1.00 -1.00 -1.00 -1.00 -1.00
TYR A0123 -0.00 -0.00 -0.00 -0.00 -0.00
LYS A0124  1.00  1.00  1.00  1.00  1.00
ASP A0125 -1.00 -1.00 -1.00 -1.00 -1.00
GLU A0130 -1.00 -1.00 -1.00 -1.00 -1.00
HIS A0131  0.00  0.00  0.00  0.00  0.00
CYS A0134 -0.01 -0.01 -0.01 -0.01 -0.01
TYR A0135  0.00  0.00  0.00  0.00  0.00
LYS A0141  1.00  1.00  1.00  1.00  1.00
GLU A0144 -0.99 -0.99 -0.99 -0.99 -0.99
ARG A0149  1.00  1.00  1.00  1.00  1.00
LYS A0150  1.00  1.00  1.00  1.00  1.00
CYS A0151  0.00 -0.00  0.00  0.00 -0.00
HIS A0153  0.00  0.00  0.00  0.00  0.00
ARG A0154  1.00  1.00  1.00  1.00  1.00
ASP A0155 -0.82 -0.83 -0.83 -0.82 -0.82
ARG A0159  1.00  1.00  1.00  1.00  1.00
GLU A0165 -1.00 -1.00 -1.00 -1.00 -1.00
LYS A0166  1.00  1.00  1.00  1.00  1.00
LYS A0170  1.00  1.00  1.00  1.00  1.00
CYS A0172  0.00  0.00  0.00  0.00  0.00
ASP A0173 -0.99 -0.99 -0.99 -0.99 -0.99
CTR A0177 -1.00 -1.00 -1.00 -1.00 -1.00
NTR A0178  0.00  0.00  0.00  0.00  0.00
LYS A0181  0.99  0.99  0.99  0.99  0.99
GLU A0186 -1.00 -1.00 -1.00 -1.00 -1.00
ASP A0190 -1.00 -1.00 -1.00 -1.00 -1.00
ARG A0191  1.00  1.00  1.00  1.00  1.00
TYR A0193 -0.00 -0.00 -0.00 -0.00 -0.00
ASP A0198 -0.99 -0.99 -0.99 -0.99 -0.99
GLU A0208 -0.99 -0.99 -0.99 -0.99 -0.99
TYR A0217 -0.00 -0.00 -0.00 -0.00  0.00
LYS A0221  1.00  1.00  1.00  1.00  1.00
ASP A0223 -1.00 -1.00 -1.00 -1.00 -1.00
GLU A0224 -1.00 -1.00 -1.00 -1.00 -1.00
GLU A0225 -1.00 -1.00 -1.00 -1.00 -1.00
CYS A0227  0.00  0.00 -0.00 -0.00 -0.00
ARG A0228  1.00  1.00  1.00  1.00  1.00
ARG A0229  1.00  1.00  1.00  1.00  1.00
LYS A0231  1.00  1.00  1.00  1.00  1.00
GLU A0232 -1.00 -1.00 -1.00 -1.00 -1.00
ARG A0235  1.00  1.00  1.00  1.00  1.00
ARG A0237  1.00  1.00  1.00  1.00  1.00
ASP A0240 -1.00 -1.00 -1.00 -1.00 -1.00
TYR A0241 -0.00 -0.00 -0.00 -0.00 -0.00
GLU A0245 -1.00 -1.00 -1.00 -1.00 -1.00
TYR A0247  0.00  0.00  0.00  0.00  0.00
ASP A0252 -0.99 -0.99 -0.99 -0.99 -0.99
CYS A0253  0.00  0.00  0.00  0.00  0.00
HIS A0255  0.05  0.05  0.05  0.05  0.05
GLU A0257 -1.00 -1.00 -1.00 -1.00 -1.00
ARG A0261  1.00  1.00  1.00  1.00  1.00
GLU A0266 -0.99 -0.99 -0.99 -0.99 -0.99
GLU A0269 -1.00 -1.00 -1.00 -1.00 -1.00
HIS A0270  0.31  0.31  0.31  0.31  0.31
CTR A0278 -0.87 -0.87 -0.87 -0.87 -0.87

Tot Protn  -0.0  -0.0  -0.0  -0.0  -0.0
Tot Elec    0.0   0.0   0.0   0.0   0.0
Net crg    -0.4  -0.3  -0.3  -0.3  -0.3
