iConf CONFORMER     FL  occ    crg   Em0  pKa0 ne nH    vdw0    vdw1    tors    epol   dsolv   extra    history
00001 GLU01A0002_001 f 0.00  0.000     0  0.00  0  0   0.107  -0.915   3.024   0.142  -0.109   0.000 01O000M000t
00002 GLU01A0002_002 f 0.00  0.000     0  0.00  0  0   0.107  -0.915   0.304   0.043   0.726   0.000 01O000M000t
00003 GLU02A0002_003 f 0.00  0.000     0  0.00  0  0  -0.248  -0.913   3.024   0.005  -0.490   0.000 02O000M000t
00004 GLU02A0002_004 f 0.00  0.000     0  0.00  0  0  -0.248  -0.913   0.304  -0.019   0.771   0.000 02O000M000t
00005 GLU-1A0002_005 f 0.00 -1.000     0  4.75  0 -1  -0.406  -0.879   0.304   0.557   0.233   0.000 -1O000M000t
00006 ALA01A0003_001 f 0.00  0.000     0  0.00  0  0  -4.015  -0.228   0.000   0.000   0.000   0.000 01O000M000t
00007 PRO01A0004_001 f 0.00  0.000     0  0.00  0  0  -5.391  -0.795   0.000   0.000   0.000   0.000 01O000M000t
00008 ASN01A0005_001 f 0.00  0.000     0  0.00  0  0  -0.910  -1.694   1.232   0.298   1.204   0.000 01O000M000t
00009 ASN01A0005_002 f 0.00  0.000     0  0.00  0  0  -1.109  -0.675   1.193   0.316   1.413   0.000 01R001M000t
00010 GLN01A0006_001 f 0.00  0.000     0  0.00  0  0  -2.417  -0.564   3.262   0.119   0.009   0.000 01O000M000t
00011 GLN01A0006_002 f 0.00  0.000     0  0.00  0  0  -2.756  -0.528   3.271  -0.001  -0.200   0.000 01R001M000t
00012 ALA01A0007_001 f 0.00  0.000     0  0.00  0  0  -0.464  -1.879   0.000   0.000   0.000   0.000 01O000M000t
00013 LEU01A0008_001 f 0.00  0.000     0  0.00  0  0  -5.636  -1.357   0.410   0.000   0.000   0.000 01O000M000t
00014 LEU01A0009_001 f 0.00  0.000     0  0.00  0  0  -1.103  -2.624   1.266   0.000   0.000   0.000 01O000M000t
00015 ARG01A0010_001 f 0.00  0.000     0  0.00  0  0  -1.427  -3.569   0.981  -0.522   0.926   0.000 01O000M000t
00016 ARG02A0010_002 f 0.00  0.000     0  0.00  0  0  -1.444  -3.559   0.981  -0.281   1.985   0.000 02O000M000t
00017 ARG03A0010_003 f 0.00  0.000     0  0.00  0  0  -1.451  -3.561   0.981  -0.372   1.899   0.000 03O000M000t
00018 ARG+1A0010_004 f 0.00  1.000     0 12.50  0  1  -1.490  -3.575   0.981  -1.030   1.016   0.000 +1O000M000t
00019 ILE01A0011_001 f 0.00  0.000     0  0.00  0  0  -3.692  -1.291   1.244   0.000   0.000   0.000 01O000M000t
00020 LEU01A0012_001 f 0.00  0.000     0  0.00  0  0   1.333  -3.506   0.415   0.000   0.000   0.000 01O000M000t
00021 LYS01A0013_001 f 0.00  0.000     0  0.00  0  0  -5.343  -1.469   2.615  -0.102   0.272   0.000 01O000M000t
00022 LYS+1A0013_002 f 0.00  1.000     0 10.40  0  1  -5.415  -1.477   2.615   0.693   1.891   0.000 +1O000M000t
00023 GLU01A0014_001 f 0.00  0.000     0  0.00  0  0  -0.742  -0.922   4.371   0.172   1.064   0.000 01O000M000t
00024 GLU01A0014_002 f 0.00  0.000     0  0.00  0  0  -0.742  -0.922   1.651   0.060   0.930   0.000 01O000M000t
00025 GLU02A0014_003 f 0.00  0.000     0  0.00  0  0  -0.571  -0.921   4.371   0.201  -0.299   0.000 02O000M000t
00026 GLU02A0014_004 f 0.00  0.000     0  0.00  0  0  -0.571  -0.921   1.651   0.088   1.062   0.000 02O000M000t
00027 GLU-1A0014_005 f 0.00 -1.000     0  4.75  0 -1  -0.845  -0.890   1.651  -0.443   2.013   0.000 -1O000M000t
00028 THR01A0015_001 f 0.00  0.000     0  0.00  0  0  -4.695   1.135   0.412   1.088   1.510   0.000 01O000M000t
00029 THR01A0015_002 f 0.00  0.000     0  0.00  0  0  -4.695   1.135   0.412  -0.211   1.100   0.000 01O000M000t
00030 GLU01A0016_001 f 0.00  0.000     0  0.00  0  0  -0.020  -6.884   3.451   0.720   1.766   0.000 01O000M000t
00031 GLU01A0016_002 f 0.00  0.000     0  0.00  0  0  -0.020  -6.884   0.731  -0.747   1.669   0.000 01O000M000t
00032 GLU02A0016_003 f 0.00  0.000     0  0.00  0  0   0.018  -6.842   3.451   1.052   1.893   0.000 02O000M000t
00033 GLU02A0016_004 f 0.00  0.000     0  0.00  0  0   0.018  -6.842   0.731  -0.747   1.343   0.000 02O000M000t
00034 GLU-1A0016_005 f 0.00 -1.000     0  4.75  0 -1  -0.133  -6.876   0.731  -3.172   5.383   0.000 -1O000M000t
00035 PHE01A0017_001 f 0.00  0.000     0  0.00  0  0   4.219  -7.725   0.000   0.000   0.000   0.000 01O000M000t
00036 LYS01A0018_001 f 0.00  0.000     0  0.00  0  0  -6.238  -1.571   2.453   0.000   0.020   0.000 01O000M000t
00037 LYS+1A0018_002 f 0.00  1.000     0 10.40  0  1  -6.282  -1.574   2.453  -0.067  -0.371   0.000 +1O000M000t
00038 LYS01A0019_001 f 0.00  0.000     0  0.00  0  0  -1.748  -0.822   1.556  -0.100   0.713   0.000 01O000M000t
00039 LYS+1A0019_002 f 0.00  1.000     0 10.40  0  1  -1.793  -0.829   1.556   0.636   5.680   0.000 +1O000M000t
00040 ILE01A0020_001 f 0.00  0.000     0  0.00  0  0  -1.993  27.198   0.646   0.000   0.000   0.000 01O000M000t
00041 LYS01A0021_001 f 0.00  0.000     0  0.00  0  0  -7.265   0.001   1.394  -0.012  -0.162   0.000 01O000M000t
00042 LYS+1A0021_002 f 0.00  1.000     0 10.40  0  1  -7.341  -0.002   1.394   0.026  -0.284   0.000 +1O000M000t
00043 VAL01A0022_001 f 0.00  0.000     0  0.00  0  0  -5.482   5.381   0.334   0.000   0.000   0.000 01O000M000t
00044 LEU01A0023_001 f 0.00  0.000     0  0.00  0  0   0.889  -3.740   0.428   0.000   0.000   0.000 01O000M000t
00045 SER01A0025_001 f 0.00  0.000     0  0.00  0  0  -2.660  -1.158   0.691  -0.205  -0.025   0.000 01O000M000t
00046 ALA01A0027_001 f 0.00  0.000     0  0.00  0  0  -3.500  -0.361   0.000   0.000   0.000   0.000 01O000M000t
00047 PHE01A0028_001 f 0.00  0.000     0  0.00  0  0  -0.620  -3.947   0.116   0.000   0.000   0.000 01O000M000t
00048 THR01A0030_001 f 0.00  0.000     0  0.00  0  0  -1.368   0.862   0.375  -0.324   1.072   0.000 01O000M000t
00049 THR01A0030_002 f 0.00  0.000     0  0.00  0  0  -1.368   0.862   0.000  -0.153   0.069   0.000 01O000M000t
00050 VAL01A0031_001 f 0.00  0.000     0  0.00  0  0   0.222  -1.708   0.483   0.000   0.000   0.000 01O000M000t
00051 TYR01A0032_001 f 0.00  0.000     0  0.00  0  0   1.283  -7.037   0.053   0.350   0.800   0.000 01O000M000t
00052 TYR01A0032_002 f 0.00  0.000     0  0.00  0  0   1.283  -7.037   0.053   0.403   1.225   0.000 01O000M000t
00053 TYR-1A0032_003 f 0.00 -1.000     0 10.20  0 -1   1.283  -7.037   0.053  -0.659   2.193   0.000 -1O000M000t
00054 LYS01A0033_001 f 0.00  0.000     0  0.00  0  0  -3.825  -2.564   1.202  -0.032   0.109   0.000 01O000M000t
00055 LYS+1A0033_002 f 0.00  1.000     0 10.40  0  1  -3.870  -2.568   1.202   0.044   0.357   0.000 +1O000M000t
00056 LEU01A0035_001 f 0.00  0.000     0  0.00  0  0  -0.376  -3.977   1.498   0.000   0.000   0.000 01O000M000t
00057 TRP01A0036_001 f 0.00  0.000     0  0.00  0  0   1.533  -9.018   0.036   0.000   0.000   0.000 01O000M000t
00058 ILE01A0037_001 f 0.00  0.000     0  0.00  0  0  -1.372   2.775   1.105   0.000   0.000   0.000 01O000M000t
00059 PRO01A0038_001 f 0.00  0.000     0  0.00  0  0   0.319   0.914   0.000   0.000   0.000   0.000 01O000M000t
00060 GLU01A0039_001 f 0.00  0.000     0  0.00  0  0  -1.362  -1.548   4.441   0.559   0.709   0.000 01O000M000t
00061 GLU01A0039_002 f 0.00  0.000     0  0.00  0  0  -1.362  -1.548   1.721   0.078   1.204   0.000 01O000M000t
00062 GLU02A0039_003 f 0.00  0.000     0  0.00  0  0  -1.657  -1.685   4.441   0.111   0.047   0.000 02O000M000t
00063 GLU02A0039_004 f 0.00  0.000     0  0.00  0  0  -1.657  -1.685   1.721   0.068   1.268   0.000 02O000M000t
00064 GLU-1A0039_005 f 0.00 -1.000     0  4.75  0 -1  -1.612  -1.658   1.721  -0.500   2.318   0.000 -1O000M000t
00065 GLU01A0041_001 f 0.00  0.000     0  0.00  0  0  -1.411  -2.431   4.560   0.090  -0.345   0.000 01O000M000t
00066 GLU01A0041_002 f 0.00  0.000     0  0.00  0  0  -1.411  -2.431   1.840   0.023   0.843   0.000 01O000M000t
00067 GLU02A0041_003 f 0.00  0.000     0  0.00  0  0  -1.584  -2.447   4.560   0.087  -0.297   0.000 02O000M000t
00068 GLU02A0041_004 f 0.00  0.000     0  0.00  0  0  -1.584  -2.447   1.840   0.095   0.843   0.000 02O000M000t
00069 GLU-1A0041_005 f 0.00 -1.000     0  4.75  0 -1  -1.555  -2.386   1.840  -0.006   1.512   0.000 -1O000M000t
00070 LYS01A0042_001 f 0.00  0.000     0  0.00  0  0 -10.036  -0.514   1.027   0.017  -0.189   0.000 01O000M000t
00071 LYS+1A0042_002 f 0.00  1.000     0 10.40  0  1 -10.081  -0.522   1.027  -0.458  -0.054   0.000 +1O000M000t
00072 VAL01A0043_001 f 0.00  0.000     0  0.00  0  0  -2.518   0.640   2.061   0.000   0.000   0.000 01O000M000t
00073 LYS01A0044_001 f 0.00  0.000     0  0.00  0  0  -4.003  -2.954   1.006  -0.065  -0.132   0.000 01O000M000t
00074 LYS+1A0044_002 f 0.00  1.000     0 10.40  0  1  -4.067  -2.960   1.006   0.220   0.455   0.000 +1O000M000t
00075 ILE01A0045_001 f 0.00  0.000     0  0.00  0  0   1.769  -0.890   0.448   0.000   0.000   0.000 01O000M000t
00076 PRO01A0046_001 f 0.00  0.000     0  0.00  0  0  -1.550   0.385   0.000   0.000   0.000   0.000 01O000M000t
00077 VAL01A0047_001 f 0.00  0.000     0  0.00  0  0   0.624   0.159   0.051   0.000   0.000   0.000 01O000M000t
00078 ALA01A0048_001 f 0.00  0.000     0  0.00  0  0   0.000  -2.066   0.000   0.000   0.000   0.000 01O000M000t
00079 ILE01A0049_001 f 0.00  0.000     0  0.00  0  0   1.846  -3.612   0.555   0.000   0.000   0.000 01O000M000t
00080 LYS01A0050_001 f 0.00  0.000     0  0.00  0  0   0.188  -4.282   1.392   0.152   0.824   0.000 01O000M000t
00081 LYS+1A0050_002 f 0.00  1.000     0 10.40  0  1   0.143  -4.294   1.392   1.081   5.468   0.000 +1O000M000t
00082 GLU01A0051_001 f 0.00  0.000     0  0.00  0  0   0.129  -3.681   2.961   0.383   1.098   0.000 01O000M000t
00083 GLU01A0051_002 f 0.00  0.000     0  0.00  0  0   0.129  -3.681   0.241   0.082   0.855   0.000 01O000M000t
00084 GLU02A0051_003 f 0.00  0.000     0  0.00  0  0  -0.246  -3.693   2.961  -0.455   0.480   0.000 02O000M000t
00085 GLU02A0051_004 f 0.00  0.000     0  0.00  0  0  -0.246  -3.693   0.241  -0.037   1.200   0.000 02O000M000t
00086 GLU-1A0051_005 f 0.00 -1.000     0  4.75  0 -1  -0.151  -3.635   0.241   0.122   2.661   0.000 -1O000M000t
00087 LEU01A0052_001 f 0.00  0.000     0  0.00  0  0   0.555  -2.622   0.751   0.000   0.000   0.000 01O000M000t
00088 ARG01A0053_001 f 0.00  0.000     0  0.00  0  0  -8.253  -2.703   0.429  -0.091   0.085   0.000 01O000M000t
00089 ARG02A0053_002 f 0.00  0.000     0  0.00  0  0  -8.290  -2.706   0.429  -0.087   1.236   0.000 02O000M000t
00090 ARG03A0053_003 f 0.00  0.000     0  0.00  0  0  -8.295  -2.709   0.429  -0.091   1.016   0.000 03O000M000t
00091 ARG+1A0053_004 f 0.00  1.000     0 12.50  0  1  -8.334  -2.710   0.429  -0.079   0.332   0.000 +1O000M000t
00092 GLU01A0054_001 f 0.00  0.000     0  0.00  0  0  -0.656 999.000   4.691   5.023   1.322   0.000 01O000M000t
00093 GLU01A0054_002 f 0.00  0.000     0  0.00  0  0  -0.656   3.282   1.971  -0.740   1.008   0.000 01O000M000t
00094 GLU02A0054_003 f 0.00  0.000     0  0.00  0  0  -0.826   1.698   4.691  -0.995   0.710   0.000 02O000M000t
00095 GLU02A0054_004 f 0.00  0.000     0  0.00  0  0  -0.826   1.698   1.971  -1.122   0.908   0.000 02O000M000t
00096 GLU-1A0054_005 f 0.00 -1.000     0  4.75  0 -1  -0.812   1.752   1.971  -2.663   2.092   0.000 -1O000M000t
00097 ALA01A0055_001 f 0.00  0.000     0  0.00  0  0  -1.030  -0.764   0.000   0.000   0.000   0.000 01O000M000t
00098 THR01A0056_001 f 0.00  0.000     0  0.00  0  0  -6.567   7.601   0.878   0.114  -0.165   0.000 01O000M000t
00099 SER01A0057_001 f 0.00  0.000     0  0.00  0  0  -2.285  -1.666   0.376   0.807   0.524   0.000 01O000M000t
00100 PRO01A0058_001 f 0.00  0.000     0  0.00  0  0  -6.469   1.196   0.000   0.000   0.000   0.000 01O000M000t
00101 LYS01A0059_001 f 0.00  0.000     0  0.00  0  0  -9.835  -1.108   0.829  -0.033   0.045   0.000 01O000M000t
00102 LYS+1A0059_002 f 0.00  1.000     0 10.40  0  1  -9.880  -1.110   0.829   0.140  -0.323   0.000 +1O000M000t
00103 ALA01A0060_001 f 0.00  0.000     0  0.00  0  0  -0.979  -0.473   0.000   0.000   0.000   0.000 01O000M000t
00104 ASN01A0061_001 f 0.00  0.000     0  0.00  0  0  -0.335  -5.118   1.644  -0.090   1.225   0.000 01O000M000t
00105 ASN01A0061_002 f 0.00  0.000     0  0.00  0  0  -0.462  -5.059   1.624  -0.004   0.935   0.000 01R001M000t
00106 LYS01A0062_001 f 0.00  0.000     0  0.00  0  0  -6.920  -1.689   2.100  -0.004   0.029   0.000 01O000M000t
00107 LYS+1A0062_002 f 0.00  1.000     0 10.40  0  1  -6.999  -1.693   2.100  -0.005  -0.154   0.000 +1O000M000t
00108 GLU01A0063_001 f 0.00  0.000     0  0.00  0  0   0.250  -2.773   6.133   0.035  -0.375   0.000 01O000M000t
00109 GLU01A0063_002 f 0.00  0.000     0  0.00  0  0   0.250  -2.773   3.413  -0.012   0.523   0.000 01O000M000t
00110 GLU02A0063_003 f 0.00  0.000     0  0.00  0  0   0.002  -2.748   6.133   0.199  -0.614   0.000 02O000M000t
00111 GLU02A0063_004 f 0.00  0.000     0  0.00  0  0   0.002  -2.748   3.413   0.112   0.659   0.000 02O000M000t
00112 GLU-1A0063_005 f 0.00 -1.000     0  4.75  0 -1  -0.122  -2.714   3.413   0.162   0.840   0.000 -1O000M000t
00113 ILE01A0064_001 f 0.00  0.000     0  0.00  0  0   1.365  -0.069   0.529   0.000   0.000   0.000 01O000M000t
00114 LEU01A0065_001 f 0.00  0.000     0  0.00  0  0  -3.162  -1.068   0.813   0.000   0.000   0.000 01O000M000t
00115 ASP01A0066_001 f 0.00  0.000     0  0.00  0  0  -1.583   0.477   2.724   0.289   0.556   0.000 01O000M000t
00116 ASP01A0066_002 f 0.00  0.000     0  0.00  0  0  -1.583   0.477   0.004   0.115   1.071   0.000 01O000M000t
00117 ASP02A0066_003 f 0.00  0.000     0  0.00  0  0  -1.440  -0.421   2.724   0.242  -0.119   0.000 02O000M000t
00118 ASP02A0066_004 f 0.00  0.000     0  0.00  0  0  -1.440  -0.421   0.004   0.162   1.735   0.000 02O000M000t
00119 ASP-1A0066_005 f 0.00 -1.000     0  4.75  0 -1  -1.510  -0.336   0.004   0.639   2.570   0.000 -1O000M000t
00120 GLU01A0067_001 f 0.00  0.000     0  0.00  0  0   1.217  -5.277   3.231  -0.980   1.952   0.000 01O000M000t
00121 GLU01A0067_002 f 0.00  0.000     0  0.00  0  0   1.217  -5.277   0.511  -0.717   2.564   0.000 01O000M000t
00122 GLU02A0067_003 f 0.00  0.000     0  0.00  0  0   0.892  -5.340   3.231   0.751   2.135   0.000 02O000M000t
00123 GLU02A0067_004 f 0.00  0.000     0  0.00  0  0   0.892  -5.340   0.511   0.244   2.384   0.000 02O000M000t
00124 GLU-1A0067_005 f 0.00 -1.000     0  4.75  0 -1   0.824  -5.235   0.511  -2.459   9.651   0.000 -1O000M000t
00125 ALA01A0068_001 f 0.00  0.000     0  0.00  0  0  -0.052  -0.807   0.000   0.000   0.000   0.000 01O000M000t
00126 TYR01A0069_001 f 0.00  0.000     0  0.00  0  0  -2.438  -3.548   0.037   0.312   0.353   0.000 01O000M000t
00127 TYR01A0069_002 f 0.00  0.000     0  0.00  0  0  -2.438  -3.548   0.037   0.187   0.435   0.000 01O000M000t
00128 TYR-1A0069_003 f 0.00 -1.000     0 10.20  0 -1  -2.438  -3.548   0.037   0.237   0.338   0.000 -1O000M000t
00129 VAL01A0070_001 f 0.00  0.000     0  0.00  0  0   0.741   4.746   0.002   0.000   0.000   0.000 01O000M000t
00130 MET01A0071_001 f 0.00  0.000     0  0.00  0  0   0.261  -6.463   1.892  -0.109   0.099   0.000 01O000M000t
00131 ALA01A0072_001 f 0.00  0.000     0  0.00  0  0  -0.103  -1.932   0.000   0.000   0.000   0.000 01O000M000t
00132 SER01A0073_001 f 0.00  0.000     0  0.00  0  0  -0.740   2.669   0.393   0.364   0.985   0.000 01O000M000t
00133 SER01A0073_002 f 0.00  0.000     0  0.00  0  0  -0.740   2.669   0.393  -1.930   1.108   0.000 01O000M000t
00134 VAL01A0074_001 f 0.00  0.000     0  0.00  0  0   0.425  -0.565   0.010   0.000   0.000   0.000 01O000M000t
00135 ASP01A0075_001 f 0.00  0.000     0  0.00  0  0  -2.420   1.506   2.766   1.153   0.060   0.000 01O000M000t
00136 ASP01A0075_002 f 0.00  0.000     0  0.00  0  0  -2.420   1.506   0.046   0.132   0.508   0.000 01O000M000t
00137 ASP02A0075_003 f 0.00  0.000     0  0.00  0  0  -2.597   0.883   2.766  -0.140  -0.354   0.000 02O000M000t
00138 ASP02A0075_004 f 0.00  0.000     0  0.00  0  0  -2.597   0.883   0.046   0.020   0.826   0.000 02O000M000t
00139 ASP-1A0075_005 f 0.00 -1.000     0  4.75  0 -1  -2.390   0.925   0.046  -0.174   0.768   0.000 -1O000M000t
00140 ASN01A0076_001 f 0.00  0.000     0  0.00  0  0  -0.082  -3.300   1.190   1.660   2.101   0.000 01O000M000t
00141 ASN01A0076_002 f 0.00  0.000     0  0.00  0  0  -0.317  -4.532   1.183  -2.207   2.319   0.000 01R001M000t
00142 PRO01A0077_001 f 0.00  0.000     0  0.00  0  0  -4.668   0.952   0.000   0.000   0.000   0.000 01O000M000t
00143 HIS01A0078_001 f 0.00  0.000     0  0.00  0  0  -0.815  -6.148   0.174  -0.266   2.457   0.000 01O000M000t
00144 HIS01A0078_002 f 0.00  0.000     0  0.00  0  0  -0.692  -6.311   0.174   0.443   2.820   0.000 01R001M000t
00145 HIS02A0078_003 f 0.00  0.000     0  0.00  0  0  -0.837  -6.185   0.174  -0.027   2.351   0.000 02O000M000t
00146 HIS02A0078_004 f 0.00  0.000     0  0.00  0  0  -0.703  -6.406   0.174  -0.113   2.758   0.000 02R001M000t
00147 HIS+1A0078_005 f 0.00  1.000     0  6.98  0  1  -0.863  -6.203   0.174   1.212   4.755   0.000 +1O000M000t
00148 HIS+1A0078_006 f 0.00  1.000     0  6.98  0  1  -0.730  -6.421   0.174   0.940   5.498   0.000 +1R001M000t
00149 VAL01A0079_001 f 0.00  0.000     0  0.00  0  0   0.697  -1.815   0.007   0.000   0.000   0.000 01O000M000t
00150 CYS01A0080_001 f 0.00  0.000     0  0.00  0  0  -0.002  -3.327   0.163  -0.253   0.945   0.000 01O000M000t
00151 CYS01A0080_002 f 0.00  0.000     0  0.00  0  0  -0.002  -3.434   0.163   0.643   0.950   0.000 01O000M000t
00152 CYS01A0080_003 f 0.00  0.000     0  0.00  0  0  -0.003  -3.325   0.163  -0.154   0.966   0.000 01O000M000t
00153 CYS-1A0080_004 f 0.00 -1.000     0  9.10  0 -1   0.000  -3.284   0.163  -4.079  11.674   0.000 -1O000M000t
00154 ARG01A0081_001 f 0.00  0.000     0  0.00  0  0  -4.363  -2.580   2.373   0.857   1.286   0.000 01O000M000t
00155 ARG02A0081_002 f 0.00  0.000     0  0.00  0  0  -4.418  -2.692   2.373  -1.227   1.859   0.000 02O000M000t
00156 ARG03A0081_003 f 0.00  0.000     0  0.00  0  0  -4.423  -2.675   2.373  -1.236   1.962   0.000 03O000M000t
00157 ARG03A0081_004 f 0.00  0.000     0  0.00  0  0  -4.418  -2.591   2.373   0.058   1.514   0.000 03O000M000t
00158 ARG+1A0081_005 f 0.00  1.000     0 12.50  0  1  -4.462  -2.699   2.373  -4.054   3.047   0.000 +1O000M000t
00159 LEU01A0082_001 f 0.00  0.000     0  0.00  0  0   2.084  -7.110   0.808   0.000   0.000   0.000 01O000M000t
00160 LEU01A0083_001 f 0.00  0.000     0  0.00  0  0   1.208  -2.102   2.377   0.000   0.000   0.000 01O000M000t
00161 ILE01A0085_001 f 0.00  0.000     0  0.00  0  0   2.818  -0.173   1.005   0.000   0.000   0.000 01O000M000t
00162 CYS01A0086_001 f 0.00  0.000     0  0.00  0  0  -0.216  -3.616   0.224   0.263   0.491   0.000 01O000M000t
00163 CYS01A0086_002 f 0.00  0.000     0  0.00  0  0  -0.216  -3.618   0.224  -0.927   0.473   0.000 01O000M000t
00164 CYS01A0086_003 f 0.00  0.000     0  0.00  0  0  -0.217  -3.523   0.224  -0.306   0.858   0.000 01O000M000t
00165 CYS-1A0086_004 f 0.00 -1.000     0  9.10  0 -1  -0.214  -3.456   0.224  -3.596   7.775   0.000 -1O000M000t
00166 LEU01A0087_001 f 0.00  0.000     0  0.00  0  0  -4.050   0.351   1.434   0.000   0.000   0.000 01O000M000t
00167 THR01A0088_001 f 0.00  0.000     0  0.00  0  0  -1.611   0.613   0.934   0.298   0.407   0.000 01O000M000t
00168 THR01A0088_002 f 0.00  0.000     0  0.00  0  0  -1.611   0.613   0.558  -0.692   0.431   0.000 01O000M000t
00169 SER01A0089_001 f 0.00  0.000     0  0.00  0  0  -3.321   1.934   1.116   0.158   1.215   0.000 01O000M000t
00170 THR01A0090_001 f 0.00  0.000     0  0.00  0  0  -2.242  -0.836   0.408   0.714   0.682   0.000 01O000M000t
00171 THR01A0090_002 f 0.00  0.000     0  0.00  0  0  -2.242  -0.836   0.408  -1.650   1.377   0.000 01O000M000t
00172 THR01A0090_003 f 0.00  0.000     0  0.00  0  0  -2.242  -0.836   0.033   0.175   0.427   0.000 01O000M000t
00173 VAL01A0091_001 f 0.00  0.000     0  0.00  0  0   0.167  -1.337   0.069   0.000   0.000   0.000 01O000M000t
00174 GLN01A0092_001 f 0.00  0.000     0  0.00  0  0   0.488  -4.338   1.139  -0.846   2.724   0.000 01O000M000t
00175 GLN01A0092_002 f 0.00  0.000     0  0.00  0  0   1.017  -4.319   1.135   0.673   1.950   0.000 01R001M000t
00176 LEU01A0093_001 f 0.00  0.000     0  0.00  0  0   1.728  -4.233   0.531   0.000   0.000   0.000 01O000M000t
00177 ILE01A0094_001 f 0.00  0.000     0  0.00  0  0   1.182  -1.763   0.854   0.000   0.000   0.000 01O000M000t
00178 MET01A0095_001 f 0.00  0.000     0  0.00  0  0   1.064  -4.121   2.868  -0.003   0.097   0.000 01O000M000t
00179 GLN01A0096_001 f 0.00  0.000     0  0.00  0  0   0.744  -4.058   4.326  -0.393   1.316   0.000 01O000M000t
00180 GLN01A0096_002 f 0.00  0.000     0  0.00  0  0   0.722  -3.971   4.325   0.571   1.155   0.000 01R001M000t
00181 LEU01A0097_001 f 0.00  0.000     0  0.00  0  0   1.101  -3.791   0.716   0.000   0.000   0.000 01O000M000t
00182 MET01A0098_001 f 0.00  0.000     0  0.00  0  0  -0.134  -4.003   0.331   0.065   0.088   0.000 01O000M000t
00183 PRO01A0099_001 f 0.00  0.000     0  0.00  0  0  -2.854  -0.261   0.000   0.000   0.000   0.000 01O000M000t
00184 PHE01A0100_001 f 0.00  0.000     0  0.00  0  0  -0.945  -5.130   0.011   0.000   0.000   0.000 01O000M000t
00185 CYS01A0102_001 f 0.00  0.000     0  0.00  0  0  -0.002  -2.645   0.143  -0.572   0.877   0.000 01O000M000t
00186 CYS01A0102_002 f 0.00  0.000     0  0.00  0  0  -0.002  -2.772   0.143   1.336   0.950   0.000 01O000M000t
00187 CYS01A0102_003 f 0.00  0.000     0  0.00  0  0  -0.003  -2.620   0.143  -0.493   0.928   0.000 01O000M000t
00188 CYS-1A0102_004 f 0.00 -1.000     0  9.10  0 -1   0.000  -2.589   0.143  -5.321  10.189   0.000 -1O000M000t
00189 LEU01A0103_001 f 0.00  0.000     0  0.00  0  0   1.855  -4.673   0.657   0.000   0.000   0.000 01O000M000t
00190 LEU01A0104_001 f 0.00  0.000     0  0.00  0  0   0.831  -2.852   0.472   0.000   0.000   0.000 01O000M000t
00191 ASP01A0105_001 f 0.00  0.000     0  0.00  0  0  -1.106   0.063   2.760   1.236   0.610   0.000 01O000M000t
00192 ASP01A0105_002 f 0.00  0.000     0  0.00  0  0  -1.106   0.063   0.040   0.299   1.126   0.000 01O000M000t
00193 ASP02A0105_003 f 0.00  0.000     0  0.00  0  0  -1.088  -0.480   2.760  -0.042   0.290   0.000 02O000M000t
00194 ASP02A0105_004 f 0.00  0.000     0  0.00  0  0  -1.088  -0.480   0.040   0.069   1.547   0.000 02O000M000t
00195 ASP-1A0105_005 f 0.00 -1.000     0  4.75  0 -1  -1.118  -0.418   0.040  -1.777   3.144   0.000 -1O000M000t
00196 TYR01A0106_001 f 0.00  0.000     0  0.00  0  0   3.920  -5.890   0.357   0.168   1.167   0.000 01O000M000t
00197 TYR01A0106_002 f 0.00  0.000     0  0.00  0  0   3.920  -5.890   0.357   0.333   1.168   0.000 01O000M000t
00198 TYR-1A0106_003 f 0.00 -1.000     0 10.20  0 -1   3.920  -5.890   0.357  -0.519   4.486   0.000 -1O000M000t
00199 VAL01A0107_001 f 0.00  0.000     0  0.00  0  0   0.639  -2.094   0.001   0.000   0.000   0.000 01O000M000t
00200 ARG01A0108_001 f 0.00  0.000     0  0.00  0  0  -4.804  -5.640   0.677  -0.184   1.267   0.000 01O000M000t
00201 ARG02A0108_002 f 0.00  0.000     0  0.00  0  0  -4.780  -5.730   0.677  -0.142   1.923   0.000 02O000M000t
00202 ARG03A0108_003 f 0.00  0.000     0  0.00  0  0  -4.845  -5.726   0.677  -0.208   2.166   0.000 03O000M000t
00203 ARG+1A0108_004 f 0.00  1.000     0 12.50  0  1  -4.883  -5.736   0.677  -0.149   2.934   0.000 +1O000M000t
00204 GLU01A0109_001 f 0.00  0.000     0  0.00  0  0   0.123  -0.869   4.971   0.438   0.976   0.000 01O000M000t
00205 GLU01A0109_002 f 0.00  0.000     0  0.00  0  0   0.123  -0.869   2.251   0.032   0.686   0.000 01O000M000t
00206 GLU02A0109_003 f 0.00  0.000     0  0.00  0  0  -0.382  -0.836   4.971   0.035  -0.255   0.000 02O000M000t
00207 GLU02A0109_004 f 0.00  0.000     0  0.00  0  0  -0.382  -0.836   2.251   0.011   0.923   0.000 02O000M000t
00208 GLU-1A0109_005 f 0.00 -1.000     0  4.75  0 -1  -0.483  -0.809   2.251  -0.180   1.080   0.000 -1O000M000t
00209 HIS01A0110_001 f 0.00  0.000     0  0.00  0  0  -3.383  -2.293   0.000   0.112   2.050   0.000 01O000M000t
00210 HIS01A0110_002 f 0.00  0.000     0  0.00  0  0  -3.626  -1.885   0.000   0.402   0.989   0.000 01R001M000t
00211 HIS02A0110_003 f 0.00  0.000     0  0.00  0  0  -3.400  -2.446   0.000   0.391   1.484   0.000 02O000M000t
00212 HIS02A0110_004 f 0.00  0.000     0  0.00  0  0  -3.639  -1.887   0.000   0.390   1.274   0.000 02R001M000t
00213 HIS+1A0110_005 f 0.00  1.000     0  6.98  0  1  -3.427  -2.451   0.000   0.906   3.018   0.000 +1O000M000t
00214 HIS+1A0110_006 f 0.00  1.000     0  6.98  0  1  -3.666  -1.900   0.000   0.826   1.790   0.000 +1R001M000t
00215 LYS01A0111_001 f 0.00  0.000     0  0.00  0  0  -2.612  -2.860   1.217   0.172   0.379   0.000 01O000M000t
00216 LYS+1A0111_002 f 0.00  1.000     0 10.40  0  1  -2.667  -2.929   1.217  -0.991   2.004   0.000 +1O000M000t
00217 ASP01A0112_001 f 0.00  0.000     0  0.00  0  0  -2.764   3.215   2.809   0.773   0.591   0.000 01O000M000t
00218 ASP01A0112_002 f 0.00  0.000     0  0.00  0  0  -2.764   3.215   0.089   0.085   0.473   0.000 01O000M000t
00219 ASP02A0112_003 f 0.00  0.000     0  0.00  0  0  -2.696   2.072   2.809   0.033  -0.246   0.000 02O000M000t
00220 ASP02A0112_004 f 0.00  0.000     0  0.00  0  0  -2.696   2.072   0.089  -0.001   0.871   0.000 02O000M000t
00221 ASP-1A0112_005 f 0.00 -1.000     0  4.75  0 -1  -2.673   2.106   0.089  -0.210   1.205   0.000 -1O000M000t
00222 ASN01A0113_001 f 0.00  0.000     0  0.00  0  0  -1.853  -1.064   0.483   0.256   0.216   0.000 01O000M000t
00223 ASN01A0113_002 f 0.00  0.000     0  0.00  0  0  -1.926   0.195   0.482  -0.007   0.379   0.000 01R001M000t
00224 ILE01A0114_001 f 0.00  0.000     0  0.00  0  0   1.945   6.284   0.703   0.000   0.000   0.000 01O000M000t
00225 SER01A0116_001 f 0.00  0.000     0  0.00  0  0  -0.301  -1.898   0.750  -0.018   1.044   0.000 01O000M000t
00226 SER01A0116_002 f 0.00  0.000     0  0.00  0  0  -0.301  -1.898   0.750   0.037   0.672   0.000 01O000M000t
00227 SER01A0116_003 f 0.00  0.000     0  0.00  0  0  -0.301  -1.898   0.375  -0.763   1.532   0.000 01O000M000t
00228 GLN01A0117_001 f 0.00  0.000     0  0.00  0  0  -1.905  -1.757   0.648   0.410   1.678   0.000 01O000M000t
00229 GLN01A0117_002 f 0.00  0.000     0  0.00  0  0  -1.449  -0.180   0.636  -0.525   0.896   0.000 01R001M000t
00230 TYR01A0118_001 f 0.00  0.000     0  0.00  0  0  -0.386  -3.639   0.532   0.535   0.300   0.000 01O000M000t
00231 TYR01A0118_002 f 0.00  0.000     0  0.00  0  0  -0.386  -3.639   0.532   0.608   0.619   0.000 01O000M000t
00232 TYR-1A0118_003 f 0.00 -1.000     0 10.20  0 -1  -0.386  -3.639   0.532   0.137  -0.461   0.000 -1O000M000t
00233 LEU01A0119_001 f 0.00  0.000     0  0.00  0  0   1.916  -5.093   1.996   0.000   0.000   0.000 01O000M000t
00234 LEU01A0120_001 f 0.00  0.000     0  0.00  0  0   1.795  -6.859   0.489   0.000   0.000   0.000 01O000M000t
00235 ASN01A0121_001 f 0.00  0.000     0  0.00  0  0  -1.013  -1.391   1.545   0.641   0.694   0.000 01O000M000t
00236 ASN01A0121_002 f 0.00  0.000     0  0.00  0  0  -0.842  -1.699   1.540  -0.336   0.329   0.000 01R001M000t
00237 TRP01A0122_001 f 0.00  0.000     0  0.00  0  0   2.626  -4.325   0.723   0.000   0.000   0.000 01O000M000t
00238 CYS01A0123_001 f 0.00  0.000     0  0.00  0  0  -0.002  -2.460   0.090   0.201   0.995   0.000 01O000M000t
00239 CYS01A0123_002 f 0.00  0.000     0  0.00  0  0  -0.002  -2.487   0.090  -1.174   0.992   0.000 01O000M000t
00240 CYS01A0123_003 f 0.00  0.000     0  0.00  0  0  -0.002  -2.449   0.090  -0.187   0.991   0.000 01O000M000t
00241 CYS-1A0123_004 f 0.00 -1.000     0  9.10  0 -1   0.000  -2.416   0.090  -1.485  15.047   0.000 -1O000M000t
00242 VAL01A0124_001 f 0.00  0.000     0  0.00  0  0   0.383  -1.376   0.568   0.000   0.000   0.000 01O000M000t
00243 GLN01A0125_001 f 0.00  0.000     0  0.00  0  0   0.404  -3.031   0.425  -1.498   1.970   0.000 01O000M000t
00244 GLN01A0125_002 f 0.00  0.000     0  0.00  0  0   1.022  -2.097   0.418   1.107   2.033   0.000 01R001M000t
00245 ILE01A0126_001 f 0.00  0.000     0  0.00  0  0   3.589  -2.382   0.413   0.000   0.000   0.000 01O000M000t
00246 ALA01A0127_001 f 0.00  0.000     0  0.00  0  0   0.000  -2.739   0.000   0.000   0.000   0.000 01O000M000t
00247 LYS01A0128_001 f 0.00  0.000     0  0.00  0  0  -4.068  -3.150   3.149  -0.015   0.355   0.000 01O000M000t
00248 LYS+1A0128_002 f 0.00  1.000     0 10.40  0  1  -4.115  -3.166   3.149   0.062   1.913   0.000 +1O000M000t
00249 MET01A0130_001 f 0.00  0.000     0  0.00  0  0   1.438  -3.580   0.494   0.017   0.098   0.000 01O000M000t
00250 ASN01A0131_001 f 0.00  0.000     0  0.00  0  0  -0.390  -5.269   1.327  -0.998   1.432   0.000 01O000M000t
00251 ASN01A0131_002 f 0.00  0.000     0  0.00  0  0  -0.399  -4.706   1.349   1.614   0.762   0.000 01R001M000t
00252 TYR01A0132_001 f 0.00  0.000     0  0.00  0  0   2.698  -4.398   0.703  -0.509   1.683   0.000 01O000M000t
00253 TYR01A0132_002 f 0.00  0.000     0  0.00  0  0   2.698  -4.398   0.703   1.020   2.043   0.000 01O000M000t
00254 TYR-1A0132_003 f 0.00 -1.000     0 10.20  0 -1   2.698  -4.398   0.703  -1.222   6.184   0.000 -1O000M000t
00255 LEU01A0133_001 f 0.00  0.000     0  0.00  0  0   1.475  -2.932   0.517   0.000   0.000   0.000 01O000M000t
00256 GLU01A0134_001 f 0.00  0.000     0  0.00  0  0   0.424  -3.860   2.953   0.173   1.489   0.000 01O000M000t
00257 GLU01A0134_002 f 0.00  0.000     0  0.00  0  0   0.424  -3.860   0.233   1.019   1.835   0.000 01O000M000t
00258 GLU02A0134_003 f 0.00  0.000     0  0.00  0  0   0.089  -3.800   2.953  -1.387   0.934   0.000 02O000M000t
00259 GLU02A0134_004 f 0.00  0.000     0  0.00  0  0   0.089  -3.800   0.233  -0.454   2.725   0.000 02O000M000t
00260 GLU-1A0134_005 f 0.00 -1.000     0  4.75  0 -1   0.126  -3.759   0.233  -3.088   6.917   0.000 -1O000M000t
00261 ASP01A0135_001 f 0.00  0.000     0  0.00  0  0  -1.979   1.054   3.488   0.421  -0.179   0.000 01O000M000t
00262 ASP01A0135_002 f 0.00  0.000     0  0.00  0  0  -1.979   1.054   0.768   0.228   0.861   0.000 01O000M000t
00263 ASP02A0135_003 f 0.00  0.000     0  0.00  0  0  -1.805   0.757   3.488   0.126   0.294   0.000 02O000M000t
00264 ASP02A0135_004 f 0.00  0.000     0  0.00  0  0  -1.805   0.757   0.768   0.173   0.910   0.000 02O000M000t
00265 ASP-1A0135_005 f 0.00 -1.000     0  4.75  0 -1  -1.899   0.759   0.768   0.233   1.417   0.000 -1O000M000t
00266 ARG01A0136_001 f 0.00  0.000     0  0.00  0  0  -5.820  -2.060   0.654  -0.017   0.186   0.000 01O000M000t
00267 ARG02A0136_002 f 0.00  0.000     0  0.00  0  0  -5.841  -2.066   0.654  -0.013   0.934   0.000 02O000M000t
00268 ARG03A0136_003 f 0.00  0.000     0  0.00  0  0  -5.774  -2.062   0.654   0.038   0.596   0.000 03O000M000t
00269 ARG+1A0136_004 f 0.00  1.000     0 12.50  0  1  -5.884  -2.070   0.654  -0.614   0.875   0.000 +1O000M000t
00270 ARG01A0137_001 f 0.00  0.000     0  0.00  0  0  -2.834  -2.464   1.056   1.223   1.701   0.000 01O000M000t
00271 ARG02A0137_002 f 0.00  0.000     0  0.00  0  0  -2.865  -2.407   1.056   0.858   2.280   0.000 02O000M000t
00272 ARG03A0137_003 f 0.00  0.000     0  0.00  0  0  -2.861  -2.569   1.056  -1.446   2.340   0.000 03O000M000t
00273 ARG+1A0137_004 f 0.00  1.000     0 12.50  0  1  -2.909  -2.581   1.056  -5.400   3.559   0.000 +1O000M000t
00274 LEU01A0138_001 f 0.00  0.000     0  0.00  0  0   1.362  -4.188   0.629   0.000   0.000   0.000 01O000M000t
00275 VAL01A0139_001 f 0.00  0.000     0  0.00  0  0   0.652  -2.488   0.007   0.000   0.000   0.000 01O000M000t
00276 HIS01A0140_001 f 0.00  0.000     0  0.00  0  0  -0.210  -2.494   0.512  -2.333   3.802   0.000 01O000M000t
00277 HIS02A0140_002 f 0.00  0.000     0  0.00  0  0  -0.226  -2.620   0.512   2.655   3.786   0.000 02O000M000t
00278 HIS+1A0140_003 f 0.00  1.000     0  6.98  0  1  -0.253  -2.700   0.512   1.539  11.006   0.000 +1O000M000t
00279 ARG01A0141_001 f 0.00  0.000     0  0.00  0  0   3.066  -0.718   0.844   0.188   3.158   0.000 01O000M000t
00280 ARG02A0141_002 f 0.00  0.000     0  0.00  0  0   2.991  -0.727   0.844   0.291   3.757   0.000 02O000M000t
00281 ARG02A0141_003 f 0.00  0.000     0  0.00  0  0   2.998  -0.727   0.844   0.335   3.678   0.000 02O000M000t
00282 ARG03A0141_004 f 0.00  0.000     0  0.00  0  0   2.996  -0.702   0.844   0.287   3.553   0.000 03O000M000t
00283 ARG+1A0141_005 f 0.00  1.000     0 12.50  0  1   2.952  -0.740   0.844  -1.763   5.535   0.000 +1O000M000t
00284 ASP01A0142_001 f 0.00  0.000     0  0.00  0  0  -0.467   1.589   3.008   0.555   1.399   0.000 01O000M000t
00285 ASP01A0142_002 f 0.00  0.000     0  0.00  0  0  -0.467   1.589   0.288  -0.116   2.092   0.000 01O000M000t
00286 ASP02A0142_003 f 0.00  0.000     0  0.00  0  0  -0.498   0.961   3.008   0.047   1.251   0.000 02O000M000t
00287 ASP02A0142_004 f 0.00  0.000     0  0.00  0  0  -0.498   0.961   0.288   0.017   2.189   0.000 02O000M000t
00288 ASP-1A0142_005 f 0.00 -1.000     0  4.75  0 -1  -0.507   1.028   0.288   0.034   7.268   0.000 -1O000M000t
00289 LEU01A0143_001 f 0.00  0.000     0  0.00  0  0   1.467  -0.583   2.041   0.000   0.000   0.000 01O000M000t
00290 ALA01A0144_001 f 0.00  0.000     0  0.00  0  0   0.000   9.552   0.000   0.000   0.000   0.000 01O000M000t
00291 ALA01A0145_001 f 0.00  0.000     0  0.00  0  0   0.000  -0.947   0.000   0.000   0.000   0.000 01O000M000t
00292 ARG01A0146_001 f 0.00  0.000     0  0.00  0  0  -1.747  -2.033   1.136  -0.037   2.040   0.000 01O000M000t
00293 ARG02A0146_002 f 0.00  0.000     0  0.00  0  0  -1.774  -2.025   1.136  -0.064   2.996   0.000 02O000M000t
00294 ARG02A0146_003 f 0.00  0.000     0  0.00  0  0  -1.770  -2.027   1.136  -0.025   2.983   0.000 02O000M000t
00295 ARG03A0146_004 f 0.00  0.000     0  0.00  0  0  -1.648  -2.027   1.136  -0.271   2.622   0.000 03O000M000t
00296 ARG+1A0146_005 f 0.00  1.000     0 12.50  0  1  -1.814  -2.043   1.136   1.085   2.450   0.000 +1O000M000t
00297 ASN01A0147_001 f 0.00  0.000     0  0.00  0  0  -0.013  -2.767   0.964   0.549   2.311   0.000 01O000M000t
00298 ASN01A0147_002 f 0.00  0.000     0  0.00  0  0   0.152  -2.868   0.947  -0.534   2.043   0.000 01R001M000t
00299 VAL01A0148_001 f 0.00  0.000     0  0.00  0  0   0.536  -1.303   0.408   0.000   0.000   0.000 01O000M000t
00300 LEU01A0149_001 f 0.00  0.000     0  0.00  0  0   1.689  -1.917   0.561   0.000   0.000   0.000 01O000M000t
00301 VAL01A0150_001 f 0.00  0.000     0  0.00  0  0   0.579  -2.895   0.078   0.000   0.000   0.000 01O000M000t
00302 LYS01A0151_001 f 0.00  0.000     0  0.00  0  0  -1.353  -2.036   2.188  -0.108   0.979   0.000 01O000M000t
00303 LYS+1A0151_002 f 0.00  1.000     0 10.40  0  1  -1.419  -2.045   2.188   0.220   5.413   0.000 +1O000M000t
00304 THR01A0152_001 f 0.00  0.000     0  0.00  0  0  -2.757   1.553   2.168   1.417   1.408   0.000 01O000M000t
00305 PRO01A0153_001 f 0.00  0.000     0  0.00  0  0  -1.561  -0.091   0.000   0.000   0.000   0.000 01O000M000t
00306 GLN01A0154_001 f 0.00  0.000     0  0.00  0  0  -1.979  11.733   1.352  -2.470   1.493   0.000 01O000M000t
00307 HIS01A0155_001 f 0.00  0.000     0  0.00  0  0  -2.367  -0.491   0.260  -1.036   2.139   0.000 01O000M000t
00308 HIS02A0155_002 f 0.00  0.000     0  0.00  0  0  -2.389  -1.187   0.260   1.306   1.805   0.000 02O000M000t
00309 HIS+1A0155_003 f 0.00  1.000     0  6.98  0  1  -2.416  -0.512   0.260  -0.805   4.128   0.000 +1O000M000t
00310 VAL01A0156_001 f 0.00  0.000     0  0.00  0  0   0.679  -1.210   0.376   0.000   0.000   0.000 01O000M000t
00311 LYS01A0157_001 f 0.00  0.000     0  0.00  0  0  -0.386  -6.328   1.174  -0.069   0.280   0.000 01O000M000t
00312 LYS+1A0157_002 f 0.00  1.000     0 10.40  0  1  -0.432  -6.368   1.174   0.123   3.170   0.000 +1O000M000t
00313 ILE01A0158_001 f 0.00  0.000     0  0.00  0  0   1.879  -2.280   0.695   0.000   0.000   0.000 01O000M000t
00314 THR01A0159_001 f 0.00  0.000     0  0.00  0  0   0.278  -0.455   1.252  -0.204   1.892   0.000 01O000M000t
00315 THR01A0159_002 f 0.00  0.000     0  0.00  0  0   0.278  -0.455   0.877  -0.188   1.845   0.000 01O000M000t
00316 ASP01A0160_001 f 0.00  0.000     0  0.00  0  0  -0.344   1.521   3.501   1.796   1.591   0.000 01O000M000t
00317 ASP01A0160_002 f 0.00  0.000     0  0.00  0  0  -0.344   1.521   0.781   0.139   1.041   0.000 01O000M000t
00318 ASP02A0160_003 f 0.00  0.000     0  0.00  0  0  -0.305   1.212   3.501  -1.014   1.631   0.000 02O000M000t
00319 ASP02A0160_004 f 0.00  0.000     0  0.00  0  0  -0.305   1.212   0.781  -0.223   1.094   0.000 02O000M000t
00320 ASP-1A0160_005 f 0.00 -1.000     0  4.75  0 -1  -0.350   1.286   0.781  -2.050   4.081   0.000 -1O000M000t
00321 PHE01A0161_001 f 0.00  0.000     0  0.00  0  0   4.478  -4.656   0.008   0.000   0.000   0.000 01O000M000t
00322 LEU01A0163_001 f 0.00  0.000     0  0.00  0  0  -1.154  -0.923   1.055   0.000   0.000   0.000 01O000M000t
00323 ALA01A0164_001 f 0.00  0.000     0  0.00  0  0  -0.052  -2.271   0.000   0.000   0.000   0.000 01O000M000t
00324 LYS01A0165_001 f 0.00  0.000     0  0.00  0  0  -1.843  -1.889   1.856  -0.155   0.752   0.000 01O000M000t
00325 LYS+1A0165_002 f 0.00  1.000     0 10.40  0  1  -1.903  -1.917   1.856  -1.339   2.916   0.000 +1O000M000t
00326 LEU01A0166_001 f 0.00  0.000     0  0.00  0  0  -2.204  -2.652   0.708   0.000   0.000   0.000 01O000M000t
00327 LEU01A0167_001 f 0.00  0.000     0  0.00  0  0   1.711  -6.709   0.719   0.000   0.000   0.000 01O000M000t
00328 ALA01A0169_001 f 0.00  0.000     0  0.00  0  0  -4.700   0.434   0.000   0.000   0.000   0.000 01O000M000t
00329 GLU01A0170_001 f 0.00  0.000     0  0.00  0  0  -3.266  -0.786   4.959   0.169  -0.658   0.000 01O000M000t
00330 GLU01A0170_002 f 0.00  0.000     0  0.00  0  0  -3.266  -0.786   2.239   0.106   0.511   0.000 01O000M000t
00331 GLU02A0170_003 f 0.00  0.000     0  0.00  0  0  -3.209  -0.765   4.959   0.201  -0.176   0.000 02O000M000t
00332 GLU02A0170_004 f 0.00  0.000     0  0.00  0  0  -3.209  -0.765   2.239   0.066   0.391   0.000 02O000M000t
00333 GLU-1A0170_005 f 0.00 -1.000     0  4.75  0 -1  -3.304  -0.770   2.239  -0.076  -0.183   0.000 -1O000M000t
00334 GLU01A0171_001 f 0.00  0.000     0  0.00  0  0   0.050  -1.297   3.673   2.458   1.259   0.000 01O000M000t
00335 GLU01A0171_002 f 0.00  0.000     0  0.00  0  0   0.050  -1.297   0.953  -0.740   0.925   0.000 01O000M000t
00336 GLU02A0171_003 f 0.00  0.000     0  0.00  0  0  -0.491  -2.351   3.673  -0.995  -0.159   0.000 02O000M000t
00337 GLU02A0171_004 f 0.00  0.000     0  0.00  0  0  -0.491  -2.351   0.953  -1.107   1.160   0.000 02O000M000t
00338 GLU-1A0171_005 f 0.00 -1.000     0  4.75  0 -1  -0.430  -2.302   0.953  -2.421   1.861   0.000 -1O000M000t
00339 LYS01A0172_001 f 0.00  0.000     0  0.00  0  0  -9.683  -1.002   1.175   0.043   0.069   0.000 01O000M000t
00340 LYS+1A0172_002 f 0.00  1.000     0 10.40  0  1  -9.726  -1.004   1.175  -0.189  -0.221   0.000 +1O000M000t
00341 GLU01A0173_001 f 0.00  0.000     0  0.00  0  0  -0.087  -1.269   2.969   0.339   0.890   0.000 01O000M000t
00342 GLU01A0173_002 f 0.00  0.000     0  0.00  0  0  -0.087  -1.269   0.249   0.076   0.853   0.000 01O000M000t
00343 GLU02A0173_003 f 0.00  0.000     0  0.00  0  0  -0.545  -1.240   2.969   0.055  -0.099   0.000 02O000M000t
00344 GLU02A0173_004 f 0.00  0.000     0  0.00  0  0  -0.545  -1.240   0.249  -0.003   1.009   0.000 02O000M000t
00345 GLU-1A0173_005 f 0.00 -1.000     0  4.75  0 -1  -0.524  -1.211   0.249  -0.594   1.070   0.000 -1O000M000t
00346 TYR01A0174_001 f 0.00  0.000     0  0.00  0  0   0.845  -5.809   1.040   0.058   1.133   0.000 01O000M000t
00347 TYR-1A0174_002 f 0.00 -1.000     0 10.20  0 -1   0.845  -5.809   1.040   0.138   4.705   0.000 -1O000M000t
00348 HIS01A0175_001 f 0.00  0.000     0  0.00  0  0  -5.602   0.396   0.523   2.068   1.601   0.000 01O000M000t
00349 HIS02A0175_002 f 0.00  0.000     0  0.00  0  0  -5.619   0.430   0.523  -0.408   1.860   0.000 02O000M000t
00350 HIS+1A0175_003 f 0.00  1.000     0  6.98  0  1  -5.645   0.367   0.523  -2.677   2.570   0.000 +1O000M000t
00351 ALA01A0176_001 f 0.00  0.000     0  0.00  0  0  -0.464  -0.742   0.000   0.000   0.000   0.000 01O000M000t
00352 GLU01A0177_001 f 0.00  0.000     0  0.00  0  0  -2.868  -0.107   3.628  -0.027  -0.367   0.000 01O000M000t
00353 GLU01A0177_002 f 0.00  0.000     0  0.00  0  0  -2.868  -0.107   0.908  -0.014   0.586   0.000 01O000M000t
00354 GLU02A0177_003 f 0.00  0.000     0  0.00  0  0  -3.209  -0.103   3.628  -0.104  -0.659   0.000 02O000M000t
00355 GLU02A0177_004 f 0.00  0.000     0  0.00  0  0  -3.209  -0.103   0.908  -0.019   0.609   0.000 02O000M000t
00356 GLU-1A0177_005 f 0.00 -1.000     0  4.75  0 -1  -3.068  -0.080   0.908   0.186  -0.149   0.000 -1O000M000t
00357 LYS01A0180_001 f 0.00  0.000     0  0.00  0  0  -7.369  -1.546   1.310  -0.015  -0.085   0.000 01O000M000t
00358 LYS+1A0180_002 f 0.00  1.000     0 10.40  0  1  -7.440  -1.554   1.310   0.672   0.441   0.000 +1O000M000t
00359 VAL01A0181_001 f 0.00  0.000     0  0.00  0  0  -0.834  -0.698   0.553   0.000   0.000   0.000 01O000M000t
00360 PRO01A0182_001 f 0.00  0.000     0  0.00  0  0  -0.833  -0.616   0.000   0.000   0.000   0.000 01O000M000t
00361 ILE01A0183_001 f 0.00  0.000     0  0.00  0  0  -1.426   0.600   1.089   0.000   0.000   0.000 01O000M000t
00362 LYS01A0184_001 f 0.00  0.000     0  0.00  0  0  -1.099  10.907   1.019   0.514   0.475   0.000 01O000M000t
00363 LYS+1A0184_002 f 0.00  1.000     0 10.40  0  1  -1.144  11.112   1.019  -4.439   2.504   0.000 +1O000M000t
00364 TRP01A0185_001 f 0.00  0.000     0  0.00  0  0   0.870  -7.110   2.130   0.000   0.000   0.000 01O000M000t
00365 MET01A0186_001 f 0.00  0.000     0  0.00  0  0   0.064  -5.734   2.687   0.082   0.092   0.000 01O000M000t
00366 ALA01A0187_001 f 0.00  0.000     0  0.00  0  0   0.000  -1.761   0.000   0.000   0.000   0.000 01O000M000t
00367 LEU01A0188_001 f 0.00  0.000     0  0.00  0  0   1.279  -3.616   0.795   0.000   0.000   0.000 01O000M000t
00368 GLU01A0189_001 f 0.00  0.000     0  0.00  0  0   0.020  -4.745   3.553   0.112   2.208   0.000 01O000M000t
00369 GLU01A0189_002 f 0.00  0.000     0  0.00  0  0   0.020  -4.745   0.833   0.367   2.666   0.000 01O000M000t
00370 GLU02A0189_003 f 0.00  0.000     0  0.00  0  0   0.009  -4.715   3.553   0.612   2.132   0.000 02O000M000t
00371 GLU02A0189_004 f 0.00  0.000     0  0.00  0  0   0.009  -4.715   0.833   0.469   2.449   0.000 02O000M000t
00372 GLU-1A0189_005 f 0.00 -1.000     0  4.75  0 -1  -0.098  -4.640   0.833  -3.485   9.346   0.000 -1O000M000t
00373 SER01A0190_001 f 0.00  0.000     0  0.00  0  0   0.000  -1.100   0.636  -3.091   1.965   0.000 01O000M000t
00374 SER01A0190_002 f 0.00  0.000     0  0.00  0  0   0.000  -1.100   0.636   1.625   1.954   0.000 01O000M000t
00375 SER01A0190_003 f 0.00  0.000     0  0.00  0  0   0.000  -1.100   0.261   0.515   1.761   0.000 01O000M000t
00376 ILE01A0191_001 f 0.00  0.000     0  0.00  0  0   0.141  -1.156   0.588   0.000   0.000   0.000 01O000M000t
00377 LEU01A0192_001 f 0.00  0.000     0  0.00  0  0  -2.075  -1.939   0.809   0.000   0.000   0.000 01O000M000t
00378 HIS01A0193_001 f 0.00  0.000     0  0.00  0  0  -5.785  -3.372   0.350  -0.034   1.690   0.000 01O000M000t
00379 HIS01A0193_002 f 0.00  0.000     0  0.00  0  0  -5.532  -2.712   0.350   0.541   0.720   0.000 01R001M000t
00380 HIS02A0193_003 f 0.00  0.000     0  0.00  0  0  -5.804  -3.561   0.350   0.385   1.492   0.000 02O000M000t
00381 HIS02A0193_004 f 0.00  0.000     0  0.00  0  0  -5.545  -2.711   0.350   0.295   0.880   0.000 02R001M000t
00382 HIS+1A0193_005 f 0.00  1.000     0  6.98  0  1  -5.830  -3.567   0.350   1.205   2.527   0.000 +1O000M000t
00383 HIS+1A0193_006 f 0.00  1.000     0  6.98  0  1  -5.571  -2.730   0.350   1.185   1.120   0.000 +1R001M000t
00384 ARG01A0194_001 f 0.00  0.000     0  0.00  0  0  -5.749  -3.377   1.050  -0.195   0.295   0.000 01O000M000t
00385 ARG02A0194_002 f 0.00  0.000     0  0.00  0  0  -5.672  -3.352   1.050  -0.340   1.020   0.000 02O000M000t
00386 ARG03A0194_003 f 0.00  0.000     0  0.00  0  0  -5.770  -3.385   1.050  -0.271   1.411   0.000 03O000M000t
00387 ARG+1A0194_004 f 0.00  1.000     0 12.50  0  1  -5.809  -3.391   1.050  -0.505   0.331   0.000 +1O000M000t
00388 ILE01A0195_001 f 0.00  0.000     0  0.00  0  0  -1.153  -0.342   0.500   0.000   0.000   0.000 01O000M000t
00389 TYR01A0196_001 f 0.00  0.000     0  0.00  0  0   3.941  -7.887   0.010   0.504   1.699   0.000 01O000M000t
00390 TYR-1A0196_002 f 0.00 -1.000     0 10.20  0 -1   3.941  -7.887   0.010   0.449   7.289   0.000 -1O000M000t
00391 THR01A0197_001 f 0.00  0.000     0  0.00  0  0  -0.957   7.416   0.810   0.692   1.823   0.000 01O000M000t
00392 THR01A0197_002 f 0.00  0.000     0  0.00  0  0  -0.957   7.416   0.810   2.675   1.708   0.000 01O000M000t
00393 HIS01A0198_001 f 0.00  0.000     0  0.00  0  0  -1.466  -6.067   0.062  -0.053   2.450   0.000 01O000M000t
00394 HIS01A0198_002 f 0.00  0.000     0  0.00  0  0  -1.336  -5.412   0.062   0.086   2.133   0.000 01R001M000t
00395 HIS02A0198_003 f 0.00  0.000     0  0.00  0  0  -1.486  -5.933   0.062   0.860   2.247   0.000 02O000M000t
00396 HIS02A0198_004 f 0.00  0.000     0  0.00  0  0  -1.349  -5.449   0.062   0.715   2.291   0.000 02R001M000t
00397 HIS+1A0198_005 f 0.00  1.000     0  6.98  0  1  -1.513  -6.123   0.062   1.482   5.155   0.000 +1O000M000t
00398 HIS+1A0198_006 f 0.00  1.000     0  6.98  0  1  -1.375  -5.489   0.062   1.592   4.495   0.000 +1R001M000t
00399 GLN01A0199_001 f 0.00  0.000     0  0.00  0  0   0.223  -5.415   1.216  -1.856   2.496   0.000 01O000M000t
00400 GLN01A0199_002 f 0.00  0.000     0  0.00  0  0   0.048  -5.163   1.213   2.269   2.208   0.000 01R001M000t
00401 SER01A0200_001 f 0.00  0.000     0  0.00  0  0  -0.060  -3.920   0.506  -0.646   1.207   0.000 01O000M000t
00402 SER01A0200_002 f 0.00  0.000     0  0.00  0  0  -0.060  -3.920   0.506   0.205   1.694   0.000 01O000M000t
00403 ASP01A0201_001 f 0.00  0.000     0  0.00  0  0   0.052  -1.712   3.882  -1.717   1.542   0.000 01O000M000t
00404 ASP01A0201_002 f 0.00  0.000     0  0.00  0  0   0.052  -1.712   1.163   1.096   2.544   0.000 01O000M000t
00405 ASP02A0201_003 f 0.00  0.000     0  0.00  0  0   0.128  -1.627   3.882  -1.815   1.420   0.000 02O000M000t
00406 ASP02A0201_004 f 0.00  0.000     0  0.00  0  0   0.128  -1.627   1.163   3.665   1.946   0.000 02O000M000t
00407 ASP-1A0201_005 f 0.00 -1.000     0  4.75  0 -1   0.050  -2.146   1.162  -8.910   8.686   0.000 -1O000M000t
00408 VAL01A0202_001 f 0.00  0.000     0  0.00  0  0   0.562   4.221   0.873   0.000   0.000   0.000 01O000M000t
00409 TRP01A0203_001 f 0.00  0.000     0  0.00  0  0   3.370  -8.217   0.009   0.000   0.000   0.000 01O000M000t
00410 SER01A0204_001 f 0.00  0.000     0  0.00  0  0  -0.241   0.671   0.440  -2.487   1.546   0.000 01O000M000t
00411 SER01A0204_002 f 0.00  0.000     0  0.00  0  0  -0.241   0.671   0.065   0.758   0.469   0.000 01O000M000t
00412 TYR01A0205_001 f 0.00  0.000     0  0.00  0  0   4.793  -2.764   0.019   0.710   2.604   0.000 01O000M000t
00413 TYR01A0205_002 f 0.00  0.000     0  0.00  0  0   4.793  -2.764   0.019  -1.032   2.644   0.000 01O000M000t
00414 TYR-1A0205_003 f 0.00 -1.000     0 10.20  0 -1   4.793  -2.764   0.019  -0.306  15.050   0.000 -1O000M000t
00415 VAL01A0207_001 f 0.00  0.000     0  0.00  0  0   0.608  -2.256   0.101   0.000   0.000   0.000 01O000M000t
00416 THR01A0208_001 f 0.00  0.000     0  0.00  0  0   0.172  -2.218   0.555   1.162   1.985   0.000 01O000M000t
00417 VAL01A0209_001 f 0.00  0.000     0  0.00  0  0   0.617   3.441   0.022   0.000   0.000   0.000 01O000M000t
00418 TRP01A0210_001 f 0.00  0.000     0  0.00  0  0   1.794  -9.139   0.010   0.000   0.000   0.000 01O000M000t
00419 GLU01A0211_001 f 0.00  0.000     0  0.00  0  0   0.470  -4.218   4.689   0.137   2.303   0.000 01O000M000t
00420 GLU01A0211_002 f 0.00  0.000     0  0.00  0  0   0.470  -4.218   1.969   0.564   1.863   0.000 01O000M000t
00421 GLU02A0211_003 f 0.00  0.000     0  0.00  0  0   0.457  -4.187   4.689  -2.992   2.224   0.000 02O000M000t
00422 GLU02A0211_004 f 0.00  0.000     0  0.00  0  0   0.457  -4.187   1.969  -0.896   2.449   0.000 02O000M000t
00423 GLU-1A0211_005 f 0.00 -1.000     0  4.75  0 -1   0.354  -4.090   1.969  -1.052   8.747   0.000 -1O000M000t
00424 LEU01A0212_001 f 0.00  0.000     0  0.00  0  0   1.763  -2.915   2.883   0.000   0.000   0.000 01O000M000t
00425 MET01A0213_001 f 0.00  0.000     0  0.00  0  0  -0.128  -4.442   0.559  -0.001   0.099   0.000 01O000M000t
00426 THR01A0214_001 f 0.00  0.000     0  0.00  0  0  -0.256   1.581   0.852  -1.702   1.960   0.000 01O000M000t
00427 THR01A0214_002 f 0.00  0.000     0  0.00  0  0  -0.256   1.581   0.852   0.517   1.952   0.000 01O000M000t
00428 PHE01A0215_001 f 0.00  0.000     0  0.00  0  0   2.739  -0.466   0.395   0.000   0.000   0.000 01O000M000t
00429 SER01A0217_001 f 0.00  0.000     0  0.00  0  0  -2.093  -1.951   0.424  -0.102   0.102   0.000 01O000M000t
00430 LYS01A0218_001 f 0.00  0.000     0  0.00  0  0  -6.832  -1.806   1.713  -0.023   0.150   0.000 01O000M000t
00431 LYS+1A0218_002 f 0.00  1.000     0 10.40  0  1  -6.876  -1.811   1.713   0.198   0.260   0.000 +1O000M000t
00432 PRO01A0219_001 f 0.00  0.000     0  0.00  0  0   0.181  -1.218   0.000   0.000   0.000   0.000 01O000M000t
00433 TYR01A0220_001 f 0.00  0.000     0  0.00  0  0   4.095  -2.252   0.086  -0.134   1.941   0.000 01O000M000t
00434 TYR-1A0220_002 f 0.00 -1.000     0 10.20  0 -1   4.095  -2.252   0.086   1.331   7.852   0.000 -1O000M000t
00435 ASP01A0221_001 f 0.00  0.000     0  0.00  0  0  -2.432   0.554   3.592   1.286   0.422   0.000 01O000M000t
00436 ASP01A0221_002 f 0.00  0.000     0  0.00  0  0  -2.432   0.554   0.872   0.195   1.329   0.000 01O000M000t
00437 ASP02A0221_003 f 0.00  0.000     0  0.00  0  0  -2.411  -0.073   3.592   0.082  -0.318   0.000 02O000M000t
00438 ASP02A0221_004 f 0.00  0.000     0  0.00  0  0  -2.411  -0.073   0.872   0.068   0.779   0.000 02O000M000t
00439 ASP-1A0221_005 f 0.00 -1.000     0  4.75  0 -1  -2.329  -0.018   0.872  -0.941   2.232   0.000 -1O000M000t
00440 ILE01A0223_001 f 0.00  0.000     0  0.00  0  0   0.029  -1.488   0.404   0.000   0.000   0.000 01O000M000t
00441 PRO01A0224_001 f 0.00  0.000     0  0.00  0  0  -4.065  -0.554   0.000   0.000   0.000   0.000 01O000M000t
00442 ALA01A0225_001 f 0.00  0.000     0  0.00  0  0  -2.112  -0.486   0.000   0.000   0.000   0.000 01O000M000t
00443 SER01A0226_001 f 0.00  0.000     0  0.00  0  0  -3.694  -0.030   0.399   0.928   1.049   0.000 01O000M000t
00444 SER01A0226_002 f 0.00  0.000     0  0.00  0  0  -3.694  -0.030   0.399  -0.035   0.727   0.000 01O000M000t
00445 GLU01A0227_001 f 0.00  0.000     0  0.00  0  0   1.514  -2.670   4.839   0.351   0.639   0.000 01O000M000t
00446 GLU01A0227_002 f 0.00  0.000     0  0.00  0  0   1.514  -2.670   2.119   0.174   1.192   0.000 01O000M000t
00447 GLU02A0227_003 f 0.00  0.000     0  0.00  0  0   0.920  -2.710   4.839   0.297   0.625   0.000 02O000M000t
00448 GLU02A0227_004 f 0.00  0.000     0  0.00  0  0   0.920  -2.710   2.119   0.220   1.247   0.000 02O000M000t
00449 GLU-1A0227_005 f 0.00 -1.000     0  4.75  0 -1   0.832  -2.639   2.119  -1.200   2.741   0.000 -1O000M000t
00450 ILE01A0228_001 f 0.00  0.000     0  0.00  0  0   2.066   1.111   0.635   0.000   0.000   0.000 01O000M000t
00451 SER01A0229_001 f 0.00  0.000     0  0.00  0  0  -1.348   0.752   0.678   0.071   0.478   0.000 01O000M000t
00452 SER01A0230_001 f 0.00  0.000     0  0.00  0  0  -2.216  -0.520   1.158  -0.563  -0.082   0.000 01O000M000t
00453 SER01A0230_002 f 0.00  0.000     0  0.00  0  0  -2.216  -0.520   1.158   1.045   0.709   0.000 01O000M000t
00454 ILE01A0231_001 f 0.00  0.000     0  0.00  0  0  -0.138  -2.045   1.103   0.000   0.000   0.000 01O000M000t
00455 LEU01A0232_001 f 0.00  0.000     0  0.00  0  0   1.625  -3.097   2.097   0.000   0.000   0.000 01O000M000t
00456 GLU01A0233_001 f 0.00  0.000     0  0.00  0  0  -1.751  -2.465   5.555   0.052  -0.126   0.000 01O000M000t
00457 GLU01A0233_002 f 0.00  0.000     0  0.00  0  0  -1.751  -2.465   2.835   0.028   0.586   0.000 01O000M000t
00458 GLU02A0233_003 f 0.00  0.000     0  0.00  0  0  -1.775  -2.442   5.555   0.013  -0.577   0.000 02O000M000t
00459 GLU02A0233_004 f 0.00  0.000     0  0.00  0  0  -1.775  -2.442   2.835   0.009   0.509   0.000 02O000M000t
00460 GLU-1A0233_005 f 0.00 -1.000     0  4.75  0 -1  -1.810  -2.417   2.835  -0.085   0.226   0.000 -1O000M000t
00461 LYS01A0234_001 f 0.00  0.000     0  0.00  0  0  -7.918  -2.235   2.497   0.073   0.122   0.000 01O000M000t
00462 LYS+1A0234_002 f 0.00  1.000     0 10.40  0  1  -7.963  -2.251   2.497  -0.183   0.597   0.000 +1O000M000t
00463 GLU01A0236_001 f 0.00  0.000     0  0.00  0  0  -1.399  -1.938   3.187   0.119   0.323   0.000 01O000M000t
00464 GLU01A0236_002 f 0.00  0.000     0  0.00  0  0  -1.399  -1.938   0.467   0.059   0.864   0.000 01O000M000t
00465 GLU02A0236_003 f 0.00  0.000     0  0.00  0  0  -1.614  -1.927   3.187   0.014  -0.267   0.000 02O000M000t
00466 GLU02A0236_004 f 0.00  0.000     0  0.00  0  0  -1.614  -1.927   0.467   0.053   0.871   0.000 02O000M000t
00467 GLU-1A0236_005 f 0.00 -1.000     0  4.75  0 -1  -1.711  -1.898   0.467   0.031   0.704   0.000 -1O000M000t
00468 ARG01A0237_001 f 0.00  0.000     0  0.00  0  0   0.326  -1.496   2.459   0.478   3.155   0.000 01O000M000t
00469 ARG02A0237_002 f 0.00  0.000     0  0.00  0  0   0.282  -1.567   2.459   0.521   3.664   0.000 02O000M000t
00470 ARG03A0237_003 f 0.00  0.000     0  0.00  0  0   0.344  -1.561   2.459   0.865   3.782   0.000 03O000M000t
00471 ARG+1A0237_004 f 0.00  1.000     0 12.50  0  1   0.243  -1.628   2.459  -2.935   6.616   0.000 +1O000M000t
00472 LEU01A0238_001 f 0.00  0.000     0  0.00  0  0   0.946  -1.235   0.485   0.000   0.000   0.000 01O000M000t
00473 PRO01A0239_001 f 0.00  0.000     0  0.00  0  0  -5.238  -0.814   0.000   0.000   0.000   0.000 01O000M000t
00474 GLN01A0240_001 f 0.00  0.000     0  0.00  0  0  -0.396  -2.641   1.401  -0.557   1.347   0.000 01O000M000t
00475 GLN01A0240_002 f 0.00  0.000     0  0.00  0  0   0.142  -3.433   1.401   0.510   1.146   0.000 01R001M000t
00476 PRO01A0241_001 f 0.00  0.000     0  0.00  0  0   0.293  -3.452   0.000   0.000   0.000   0.000 01O000M000t
00477 PRO01A0242_001 f 0.00  0.000     0  0.00  0  0  -5.796   1.913   0.000   0.000   0.000   0.000 01O000M000t
00478 ILE01A0243_001 f 0.00  0.000     0  0.00  0  0   0.737  -3.135   0.519   0.000   0.000   0.000 01O000M000t
00479 CYS01A0244_001 f 0.00  0.000     0  0.00  0  0  -0.002  -3.383   0.477  -0.247   0.992   0.000 01O000M000t
00480 CYS01A0244_002 f 0.00  0.000     0  0.00  0  0  -0.002  -3.411   0.477   0.084   0.987   0.000 01O000M000t
00481 CYS01A0244_003 f 0.00  0.000     0  0.00  0  0  -0.003  -3.381   0.477  -0.282   0.991   0.000 01O000M000t
00482 CYS-1A0244_004 f 0.00 -1.000     0  9.10  0 -1   0.000  -3.344   0.477  -5.092  13.866   0.000 -1O000M000t
00483 THR01A0245_001 f 0.00  0.000     0  0.00  0  0  -1.366  18.567   0.388  -3.796   1.913   0.000 01O000M000t
00484 THR01A0245_002 f 0.00  0.000     0  0.00  0  0  -1.366  18.567   0.387   2.013   1.925   0.000 01O000M000t
00485 ILE01A0246_001 f 0.00  0.000     0  0.00  0  0  -6.216   4.421   0.661   0.000   0.000   0.000 01O000M000t
00486 ASP01A0247_001 f 0.00  0.000     0  0.00  0  0  -1.667  -1.282   3.645   0.081  -0.280   0.000 01O000M000t
00487 ASP01A0247_002 f 0.00  0.000     0  0.00  0  0  -1.667  -1.282   0.925  -0.059   0.479   0.000 01O000M000t
00488 ASP02A0247_003 f 0.00  0.000     0  0.00  0  0  -1.725  -1.068   3.645   2.599   1.003   0.000 02O000M000t
00489 ASP02A0247_004 f 0.00  0.000     0  0.00  0  0  -1.725  -1.068   0.925   0.154   0.852   0.000 02O000M000t
00490 ASP-1A0247_005 f 0.00 -1.000     0  4.75  0 -1  -1.742  -1.254   0.925  -1.562   1.459   0.000 -1O000M000t
00491 VAL01A0248_001 f 0.00  0.000     0  0.00  0  0   0.657  -2.082   0.205   0.000   0.000   0.000 01O000M000t
00492 TYR01A0249_001 f 0.00  0.000     0  0.00  0  0   2.455  -7.096   0.001  -1.439   1.757   0.000 01O000M000t
00493 TYR01A0249_002 f 0.00  0.000     0  0.00  0  0   2.455  -7.096   0.001   0.738   1.306   0.000 01O000M000t
00494 TYR-1A0249_003 f 0.00 -1.000     0 10.20  0 -1   2.455  -7.096   0.001   0.534   5.299   0.000 -1O000M000t
00495 MET01A0250_001 f 0.00  0.000     0  0.00  0  0  -5.441   0.630   0.877   0.041   0.051   0.000 01O000M000t
00496 ILE01A0251_001 f 0.00  0.000     0  0.00  0  0   1.703  -0.904   0.629   0.000   0.000   0.000 01O000M000t
00497 MET01A0252_001 f 0.00  0.000     0  0.00  0  0   0.028  -1.969   3.379   0.028   0.096   0.000 01O000M000t
00498 VAL01A0253_001 f 0.00  0.000     0  0.00  0  0  -2.425   0.591   0.004   0.000   0.000   0.000 01O000M000t
00499 LYS01A0254_001 f 0.00  0.000     0  0.00  0  0  -2.206  -4.058   1.336  -0.001   0.586   0.000 01O000M000t
00500 LYS+1A0254_002 f 0.00  1.000     0 10.40  0  1  -2.271  -4.079   1.336   0.147   2.392   0.000 +1O000M000t
00501 CYS01A0255_001 f 0.00  0.000     0  0.00  0  0  -0.002  -4.919   0.004   0.141   0.929   0.000 01O000M000t
00502 CYS01A0255_002 f 0.00  0.000     0  0.00  0  0  -0.002  -4.999   0.004  -0.851   0.944   0.000 01O000M000t
00503 CYS01A0255_003 f 0.00  0.000     0  0.00  0  0  -0.002  -4.916   0.004   0.265   0.645   0.000 01O000M000t
00504 CYS-1A0255_004 f 0.00 -1.000     0  9.10  0 -1   0.000  -4.854   0.004   1.018  12.122   0.000 -1O000M000t
00505 TRP01A0256_001 f 0.00  0.000     0  0.00  0  0   2.805 -11.367   0.027   0.000   0.000   0.000 01O000M000t
00506 MET01A0257_001 f 0.00  0.000     0  0.00  0  0  -4.194  -5.401   2.294  -0.094   0.051   0.000 01O000M000t
00507 ILE01A0258_001 f 0.00  0.000     0  0.00  0  0  -2.102  -0.109   0.465   0.000   0.000   0.000 01O000M000t
00508 ASP01A0259_001 f 0.00  0.000     0  0.00  0  0  -2.024  26.713   3.202   2.137   1.259   0.000 01O000M000t
00509 ASP01A0259_002 f 0.00  0.000     0  0.00  0  0  -2.024  26.713   0.482   0.260   1.202   0.000 01O000M000t
00510 ASP02A0259_003 f 0.00  0.000     0  0.00  0  0  -2.058  20.073   3.202  -1.913   0.426   0.000 02O000M000t
00511 ASP02A0259_004 f 0.00  0.000     0  0.00  0  0  -2.058  20.073   0.482  -1.830   1.570   0.000 02O000M000t
00512 ASP-1A0259_005 f 0.00 -1.000     0  4.75  0 -1  -1.989  20.149   0.482  -4.557   3.181   0.000 -1O000M000t
00513 ALA01A0260_001 f 0.00  0.000     0  0.00  0  0  -1.545  -0.627   0.000   0.000   0.000   0.000 01O000M000t
00514 ASP01A0261_001 f 0.00  0.000     0  0.00  0  0  -2.648   0.033   3.307   0.333   0.021   0.000 01O000M000t
00515 ASP01A0261_002 f 0.00  0.000     0  0.00  0  0  -2.648   0.033   0.587   0.256   0.253   0.000 01O000M000t
00516 ASP02A0261_003 f 0.00  0.000     0  0.00  0  0  -2.545  -0.267   3.307   0.278  -0.371   0.000 02O000M000t
00517 ASP02A0261_004 f 0.00  0.000     0  0.00  0  0  -2.545  -0.267   0.587   0.209   0.890   0.000 02O000M000t
00518 ASP-1A0261_005 f 0.00 -1.000     0  4.75  0 -1  -2.531  -0.231   0.587  -0.681   0.547   0.000 -1O000M000t
00519 SER01A0262_001 f 0.00  0.000     0  0.00  0  0  -2.106  -1.666   0.710  -0.395   0.057   0.000 01O000M000t
00520 SER01A0262_002 f 0.00  0.000     0  0.00  0  0  -2.106  -1.666   0.710   0.123   0.399   0.000 01O000M000t
00521 ARG01A0263_001 f 0.00  0.000     0  0.00  0  0   1.532 -11.862   1.283   1.756   4.118   0.000 01O000M000t
00522 ARG02A0263_002 f 0.00  0.000     0  0.00  0  0   1.493 -12.035   1.283  -1.766   4.747   0.000 02O000M000t
00523 ARG02A0263_003 f 0.00  0.000     0  0.00  0  0   1.554 -11.972   1.283   0.803   4.677   0.000 02O000M000t
00524 ARG03A0263_004 f 0.00  0.000     0  0.00  0  0   1.488 -12.057   1.283  -1.691   4.566   0.000 03O000M000t
00525 ARG03A0263_005 f 0.00  0.000     0  0.00  0  0   1.492 -11.912   1.283   0.451   4.445   0.000 03O000M000t
00526 ARG+1A0263_006 f 0.00  1.000     0 12.50  0  1   1.449 -12.112   1.283  -6.071   9.741   0.000 +1O000M000t
00527 PRO01A0264_001 f 0.00  0.000     0  0.00  0  0   0.187  -1.569   0.000   0.000   0.000   0.000 01O000M000t
00528 LYS01A0265_001 f 0.00  0.000     0  0.00  0  0  -0.416  -2.521   2.194   0.135   0.670   0.000 01O000M000t
00529 LYS+1A0265_002 f 0.00  1.000     0 10.40  0  1  -0.533  -2.561   2.194   2.452   5.254   0.000 +1O000M000t
00530 PHE01A0266_001 f 0.00  0.000     0  0.00  0  0   4.887 -10.245   0.000   0.000   0.000   0.000 01O000M000t
00531 ARG01A0267_001 f 0.00  0.000     0  0.00  0  0  -6.455  -1.841   0.931  -0.201   0.443   0.000 01O000M000t
00532 ARG02A0267_002 f 0.00  0.000     0  0.00  0  0  -6.497  -1.846   0.931  -0.211   1.937   0.000 02O000M000t
00533 ARG03A0267_003 f 0.00  0.000     0  0.00  0  0  -6.504  -1.847   0.931  -0.183   1.762   0.000 03O000M000t
00534 ARG+1A0267_004 f 0.00  1.000     0 12.50  0  1  -6.543  -1.849   0.931   0.538   0.391   0.000 +1O000M000t
00535 GLU01A0268_001 f 0.00  0.000     0  0.00  0  0  -0.671   0.432   3.882   0.731   0.082   0.000 01O000M000t
00536 GLU01A0268_002 f 0.00  0.000     0  0.00  0  0  -0.671   0.432   1.162   0.210   0.532   0.000 01O000M000t
00537 GLU02A0268_003 f 0.00  0.000     0  0.00  0  0  -0.803   0.825   3.882   0.918  -0.012   0.000 02O000M000t
00538 GLU02A0268_004 f 0.00  0.000     0  0.00  0  0  -0.803   0.825   1.162   0.205   0.607   0.000 02O000M000t
00539 GLU-1A0268_005 f 0.00 -1.000     0  4.75  0 -1  -0.875   0.500   1.162  -1.200   1.146   0.000 -1O000M000t
00540 LEU01A0269_001 f 0.00  0.000     0  0.00  0  0   1.714  -5.102   0.854   0.000   0.000   0.000 01O000M000t
00541 ILE01A0270_001 f 0.00  0.000     0  0.00  0  0   0.149  -0.595   1.071   0.000   0.000   0.000 01O000M000t
00542 ILE01A0271_001 f 0.00  0.000     0  0.00  0  0  -3.506   0.280   1.131   0.000   0.000   0.000 01O000M000t
00543 GLU01A0272_001 f 0.00  0.000     0  0.00  0  0  -0.216  -2.588   4.576   0.299   0.534   0.000 01O000M000t
00544 GLU01A0272_002 f 0.00  0.000     0  0.00  0  0  -0.216  -2.588   1.856   0.275   1.431   0.000 01O000M000t
00545 GLU02A0272_003 f 0.00  0.000     0  0.00  0  0   0.176  -2.328   4.576  -0.135   1.477   0.000 02O000M000t
00546 GLU02A0272_004 f 0.00  0.000     0  0.00  0  0   0.176  -2.328   1.856   0.135   1.462   0.000 02O000M000t
00547 GLU-1A0272_005 f 0.00 -1.000     0  4.75  0 -1  -0.210  -2.555   1.856   0.331   3.439   0.000 -1O000M000t
00548 PHE01A0273_001 f 0.00  0.000     0  0.00  0  0   4.690  -5.932   0.290   0.000   0.000   0.000 01O000M000t
00549 SER01A0274_001 f 0.00  0.000     0  0.00  0  0  -2.450  -2.483   0.888  -0.194   0.451   0.000 01O000M000t
00550 LYS01A0275_001 f 0.00  0.000     0  0.00  0  0  -3.979  -3.011   1.185   0.005   0.284   0.000 01O000M000t
00551 LYS+1A0275_002 f 0.00  1.000     0 10.40  0  1  -4.026  -3.020   1.185   0.032   1.740   0.000 +1O000M000t
00552 MET01A0276_001 f 0.00  0.000     0  0.00  0  0  -0.024  -3.765   0.228   0.060   0.095   0.000 01O000M000t
00553 ALA01A0277_001 f 0.00  0.000     0  0.00  0  0  -0.567   0.934   0.000   0.000   0.000   0.000 01O000M000t
00554 ARG01A0278_001 f 0.00  0.000     0  0.00  0  0  -3.445  -3.110   2.026   0.116   0.852   0.000 01O000M000t
00555 ARG02A0278_002 f 0.00  0.000     0  0.00  0  0  -3.495  -3.108   2.026   0.101   1.922   0.000 02O000M000t
00556 ARG03A0278_003 f 0.00  0.000     0  0.00  0  0  -3.486  -3.041   2.026   0.007   1.736   0.000 03O000M000t
00557 ARG+1A0278_004 f 0.00  1.000     0 12.50  0  1  -3.536  -3.120   2.026   0.058   0.784   0.000 +1O000M000t
00558 ASP01A0279_001 f 0.00  0.000     0  0.00  0  0  -1.625   0.528   2.791   1.807   0.820   0.000 01O000M000t
00559 ASP01A0279_002 f 0.00  0.000     0  0.00  0  0  -1.625   0.528   0.071  -0.069   0.983   0.000 01O000M000t
00560 ASP02A0279_003 f 0.00  0.000     0  0.00  0  0  -1.504  -0.117   2.791  -0.694  -0.439   0.000 02O000M000t
00561 ASP02A0279_004 f 0.00  0.000     0  0.00  0  0  -1.504  -0.117   0.071  -0.503   0.870   0.000 02O000M000t
00562 ASP-1A0279_005 f 0.00 -1.000     0  4.75  0 -1  -1.554  -0.050   0.071  -1.774   2.275   0.000 -1O000M000t
00563 PRO01A0280_001 f 0.00  0.000     0  0.00  0  0  -0.774  -3.242   0.000   0.000   0.000   0.000 01O000M000t
00564 GLN01A0281_001 f 0.00  0.000     0  0.00  0  0  -1.398  -1.927   0.471   0.208   0.704   0.000 01O000M000t
00565 GLN01A0281_002 f 0.00  0.000     0  0.00  0  0  -1.028  -1.910   0.462   0.114   0.402   0.000 01R001M000t
00566 ARG01A0282_001 f 0.00  0.000     0  0.00  0  0  -7.854  -0.770   2.906  -0.068   0.395   0.000 01O000M000t
00567 ARG02A0282_002 f 0.00  0.000     0  0.00  0  0  -7.909  -0.778   2.906  -0.047   1.290   0.000 02O000M000t
00568 ARG03A0282_003 f 0.00  0.000     0  0.00  0  0  -7.909  -0.777   2.906  -0.052   1.046   0.000 03O000M000t
00569 ARG+1A0282_004 f 0.00  1.000     0 12.50  0  1  -7.952  -0.779   2.906  -0.071   0.740   0.000 +1O000M000t
00570 TYR01A0283_001 f 0.00  0.000     0  0.00  0  0   3.808  -6.244   0.001   0.295   1.081   0.000 01O000M000t
00571 TYR-1A0283_002 f 0.00 -1.000     0 10.20  0 -1   3.808  -6.244   0.001   0.102   3.388   0.000 -1O000M000t
00572 LEU01A0284_001 f 0.00  0.000     0  0.00  0  0   1.990  -4.925   1.543   0.000   0.000   0.000 01O000M000t
00573 VAL01A0285_001 f 0.00  0.000     0  0.00  0  0  -5.329   0.578   0.008   0.000   0.000   0.000 01O000M000t
00574 ILE01A0286_001 f 0.00  0.000     0  0.00  0  0   0.661  -0.840   0.544   0.000   0.000   0.000 01O000M000t
00575 GLN01A0287_001 f 0.00  0.000     0  0.00  0  0  -1.555  -1.446   1.522  -0.103   0.045   0.000 01O000M000t
00576 GLN01A0287_002 f 0.00  0.000     0  0.00  0  0  -0.660  -1.281   1.520   0.284  -0.113   0.000 01R001M000t
00577 ASP01A0289_001 f 0.00  0.000     0  0.00  0  0  -0.428  -2.202   4.675  -0.534   1.304   0.000 01O000M000t
00578 ASP01A0289_002 f 0.00  0.000     0  0.00  0  0  -0.428  -2.202   1.955   0.738   2.301   0.000 01O000M000t
00579 ASP02A0289_003 f 0.00  0.000     0  0.00  0  0  -0.494  -2.731   4.675  -0.191   1.157   0.000 02O000M000t
00580 ASP02A0289_004 f 0.00  0.000     0  0.00  0  0  -0.494  -2.731   1.955   0.175   2.785   0.000 02O000M000t
00581 ASP-1A0289_005 f 0.00 -1.000     0  4.75  0 -1  -0.494  -2.612   1.955  -1.274   6.915   0.000 -1O000M000t
00582 GLU01A0290_001 f 0.00  0.000     0  0.00  0  0  -1.718   0.874   3.734   0.207  -0.344   0.000 01O000M000t
00583 GLU01A0290_002 f 0.00  0.000     0  0.00  0  0  -1.718   0.874   1.014   0.039   0.702   0.000 01O000M000t
00584 GLU02A0290_003 f 0.00  0.000     0  0.00  0  0  -2.011   0.889   3.734   0.042  -0.377   0.000 02O000M000t
00585 GLU02A0290_004 f 0.00  0.000     0  0.00  0  0  -2.011   0.889   1.014   0.011   0.482   0.000 02O000M000t
00586 GLU-1A0290_005 f 0.00 -1.000     0  4.75  0 -1  -2.046   0.904   1.014  -0.330   0.083   0.000 -1O000M000t
00587 ARG01A0291_001 f 0.00  0.000     0  0.00  0  0  -5.674 999.000   0.609  -0.249   0.671   0.000 01O000M000t
00588 ARG02A0291_002 f 0.00  0.000     0  0.00  0  0  -5.707 999.000   0.609   0.066   1.553   0.000 02O000M000t
00589 ARG03A0291_003 f 0.00  0.000     0  0.00  0  0  -5.708 999.000   0.609  -0.129   1.149   0.000 03O000M000t
00590 ARG+1A0291_004 f 0.00  1.000     0 12.50  0  1  -5.750 999.000   0.609   0.105   0.636   0.000 +1O000M000t
00591 MET01A0292_001 f 0.00  0.000     0  0.00  0  0  -3.720 999.000   4.136  -0.059   0.045   0.000 01O000M000t
00592 HIS01A0293_001 f 0.00  0.000     0  0.00  0  0  -8.423 999.000   1.287   0.231   0.280   0.000 01O000M000t
00593 HIS01A0293_002 f 0.00  0.000     0  0.00  0  0  -8.884 999.000   1.287   0.442   0.180   0.000 01R001M000t
00594 HIS02A0293_003 f 0.00  0.000     0  0.00  0  0  -8.427 999.000   1.287   0.258   0.001   0.000 02O000M000t
00595 HIS02A0293_004 f 0.00  0.000     0  0.00  0  0  -8.915 999.000   1.287   0.247   0.195   0.000 02R001M000t
00596 HIS+1A0293_005 f 0.00  1.000     0  6.98  0  1  -8.454 999.000   1.287   0.289  -0.352   0.000 +1O000M000t
00597 HIS+1A0293_006 f 0.00  1.000     0  6.98  0  1  -8.941 999.000   1.287   0.292  -0.492   0.000 +1R001M000t
00598 LEU01A0294_001 f 0.00  0.000     0  0.00  0  0  -2.217 120.810   0.348   0.000   0.000   0.000 01O000M000t
00599 PRO01A0295_001 f 0.00  0.000     0  0.00  0  0  -6.309   4.226   0.000   0.000   0.000   0.000 01O000M000t
00600 SER01A0296_001 f 0.00  0.000     0  0.00  0  0  -3.717   0.763   1.356   0.214   0.387   0.000 01O000M000t
00601 PRO01A0297_001 f 0.00  0.000     0  0.00  0  0  -4.361 999.000   0.000   0.000   0.000   0.000 01O000M000t
00602 THR01A0298_001 f 0.00  0.000     0  0.00  0  0  -3.435  -0.768   0.378  -0.427   0.277   0.000 01O000M000t
00603 THR01A0298_002 f 0.00  0.000     0  0.00  0  0  -3.435  -0.768   0.378   0.723   0.806   0.000 01O000M000t
00604 ASP01A0299_001 f 0.00  0.000     0  0.00  0  0  -1.885   0.382   5.640   0.652  -0.188   0.000 01O000M000t
00605 ASP01A0299_002 f 0.00  0.000     0  0.00  0  0  -1.885   0.382   2.920   0.344   0.124   0.000 01O000M000t
00606 ASP02A0299_003 f 0.00  0.000     0  0.00  0  0  -2.049   0.140   5.640   0.364  -0.151   0.000 02O000M000t
00607 ASP02A0299_004 f 0.00  0.000     0  0.00  0  0  -2.049   0.140   2.920   0.276   0.251   0.000 02O000M000t
00608 ASP-1A0299_005 f 0.00 -1.000     0  4.75  0 -1  -2.035   0.173   2.920  -0.654  -0.017   0.000 -1O000M000t
00609 SER01A0300_001 f 0.00  0.000     0  0.00  0  0  -0.902 999.000   3.149   0.232   1.248   0.000 01O000M000t
00610 ASN01A0301_001 f 0.00  0.000     0  0.00  0  0  -2.187 231.644   0.898   1.602   0.820   0.000 01O000M000t
00611 ASN01A0301_002 f 0.00  0.000     0  0.00  0  0  -1.860 221.241   0.508  -0.300   0.031   0.000 01R001M000t
00612 PHE01A0302_001 f 0.00  0.000     0  0.00  0  0  -3.443 999.000   2.799   0.000   0.000   0.000 01O000M000t
00613 TYR01A0303_001 f 0.00  0.000     0  0.00  0  0  -3.219 999.000   0.680   0.438   0.427   0.000 01O000M000t
00614 TYR-1A0303_002 f 0.00 -1.000     0 10.20  0 -1  -3.219 999.000   0.680  -1.391   0.531   0.000 -1O000M000t
00615 ARG01A0304_001 f 0.00  0.000     0  0.00  0  0  -5.242 999.000   9.689  -0.282   1.165   0.000 01O000M000t
00616 ARG02A0304_002 f 0.00  0.000     0  0.00  0  0  -5.265 999.000   9.689   0.142   2.149   0.000 02O000M000t
00617 ARG03A0304_003 f 0.00  0.000     0  0.00  0  0  -5.260 999.000   9.689   0.102   1.959   0.000 03O000M000t
00618 ARG+1A0304_004 f 0.00  1.000     0 12.50  0  1  -5.302 999.000   9.689   1.407   2.277   0.000 +1O000M000t
00619 ALA01A0305_001 f 0.00  0.000     0  0.00  0  0   0.000 999.000   0.000   0.000   0.000   0.000 01O000M000t
00620 LEU01A0306_001 f 0.00  0.000     0  0.00  0  0   1.916  43.378   3.123   0.000   0.000   0.000 01O000M000t
00621 MET01A0307_001 f 0.00  0.000     0  0.00  0  0   0.137  46.920   3.109   0.024   0.040   0.000 01O000M000t
00622 ASP01A0308_001 f 0.00  0.000     0  0.00  0  0  -1.681 999.000   5.259   2.554   1.046   0.000 01O000M000t
00623 ASP01A0308_002 f 0.00  0.000     0  0.00  0  0  -1.681 999.000   2.539   0.003   0.568   0.000 01O000M000t
00624 ASP02A0308_003 f 0.00  0.000     0  0.00  0  0  -1.742 999.000   5.259  -0.137   0.164   0.000 02O000M000t
00625 ASP02A0308_004 f 0.00  0.000     0  0.00  0  0  -1.742 999.000   2.539  -0.294   0.846   0.000 02O000M000t
00626 ASP-1A0308_005 f 0.00 -1.000     0  4.75  0 -1  -1.793 999.000   2.539  -1.874   1.353   0.000 -1O000M000t
00627 GLU01A0309_001 f 0.00  0.000     0  0.00  0  0  -2.222  -1.586   3.634   0.265  -0.347   0.000 01O000M000t
00628 GLU01A0309_002 f 0.00  0.000     0  0.00  0  0  -2.222  -1.586   0.914   0.150   0.365   0.000 01O000M000t
00629 GLU02A0309_003 f 0.00  0.000     0  0.00  0  0  -2.213  -1.578   3.634   0.235  -0.409   0.000 02O000M000t
00630 GLU02A0309_004 f 0.00  0.000     0  0.00  0  0  -2.213  -1.578   0.914   0.157   0.550   0.000 02O000M000t
00631 GLU-1A0309_005 f 0.00 -1.000     0  4.75  0 -1  -2.299  -1.561   0.914  -0.303   0.593   0.000 -1O000M000t
00632 GLU01A0310_001 f 0.00  0.000     0  0.00  0  0  -1.795  21.504   6.398   1.121   0.598   0.000 01O000M000t
00633 GLU01A0310_002 f 0.00  0.000     0  0.00  0  0  -1.795  21.504   3.678   0.315   0.936   0.000 01O000M000t
00634 GLU02A0310_003 f 0.00  0.000     0  0.00  0  0  -1.917  21.549   6.398   0.138   0.001   0.000 02O000M000t
00635 GLU02A0310_004 f 0.00  0.000     0  0.00  0  0  -1.917  21.549   3.678   0.096   1.381   0.000 02O000M000t
00636 GLU-1A0310_005 f 0.00 -1.000     0  4.75  0 -1  -1.930  21.598   3.678  -0.897   1.430   0.000 -1O000M000t
00637 ASP01A0311_001 f 0.00  0.000     0  0.00  0  0  -3.104 999.000   5.078   3.009  -0.042   0.000 01O000M000t
00638 ASP01A0311_002 f 0.00  0.000     0  0.00  0  0  -3.104 999.000   2.358   3.373   1.093   0.000 01O000M000t
00639 ASP02A0311_003 f 0.00  0.000     0  0.00  0  0  -3.100 999.000   5.078  -0.057   1.203   0.000 02O000M000t
00640 ASP02A0311_004 f 0.00  0.000     0  0.00  0  0  -3.100 999.000   2.358  -9.934   1.123   0.000 02O000M000t
00641 ASP-1A0311_005 f 0.00 -1.000     0  4.75  0 -1  -3.014 999.000   2.358   4.636   2.130   0.000 -1O000M000t
00642 MET01A0312_001 f 0.00  0.000     0  0.00  0  0  -5.720  21.797   3.797   0.088   0.052   0.000 01O000M000t
00643 ASP01A0313_001 f 0.00  0.000     0  0.00  0  0  -2.014  21.369   5.317   0.572   0.374   0.000 01O000M000t
00644 ASP01A0313_002 f 0.00  0.000     0  0.00  0  0  -2.014  21.369   2.597   0.250   0.369   0.000 01O000M000t
00645 ASP02A0313_003 f 0.00  0.000     0  0.00  0  0  -1.895  20.825   5.317   0.286  -0.041   0.000 02O000M000t
00646 ASP02A0313_004 f 0.00  0.000     0  0.00  0  0  -1.895  20.825   2.597   0.202   0.958   0.000 02O000M000t
00647 ASP-1A0313_005 f 0.00 -1.000     0  4.75  0 -1  -1.986  20.873   2.597  -0.365   1.295   0.000 -1O000M000t
00648 ASP01A0314_001 f 0.00  0.000     0  0.00  0  0  -1.912 999.000   2.876   4.674   1.021   0.000 01O000M000t
00649 ASP01A0314_002 f 0.00  0.000     0  0.00  0  0  -1.912 999.000   0.156  -0.398   1.232   0.000 01O000M000t
00650 ASP02A0314_003 f 0.00  0.000     0  0.00  0  0  -1.779 999.000   2.876  -1.519   0.327   0.000 02O000M000t
00651 ASP02A0314_004 f 0.00  0.000     0  0.00  0  0  -1.779 999.000   0.156  -1.450   1.762   0.000 02O000M000t
00652 ASP-1A0314_005 f 0.00 -1.000     0  4.75  0 -1  -1.886 999.000   0.156  -3.331   3.575   0.000 -1O000M000t
00653 VAL01A0315_001 f 0.00  0.000     0  0.00  0  0  -3.437  -0.556   0.193   0.000   0.000   0.000 01O000M000t
00654 VAL01A0316_001 f 0.00  0.000     0  0.00  0  0  -2.081   0.672   0.008   0.000   0.000   0.000 01O000M000t
00655 ASP01A0317_001 f 0.00  0.000     0  0.00  0  0  -1.096  -1.743   3.890   0.398   0.115   0.000 01O000M000t
00656 ASP01A0317_002 f 0.00  0.000     0  0.00  0  0  -1.096  -1.743   1.170   0.174   1.167   0.000 01O000M000t
00657 ASP02A0317_003 f 0.00  0.000     0  0.00  0  0  -1.098  -1.886   3.890   1.096   0.510   0.000 02O000M000t
00658 ASP02A0317_004 f 0.00  0.000     0  0.00  0  0  -1.098  -1.886   1.170   0.372   1.572   0.000 02O000M000t
00659 ASP-1A0317_005 f 0.00 -1.000     0  4.75  0 -1  -1.166  -1.834   1.170  -0.027   2.506   0.000 -1O000M000t
00660 ALA01A0318_001 f 0.00  0.000     0  0.00  0  0   0.000  13.581   0.000   0.000   0.000   0.000 01O000M000t
00661 ASP01A0319_001 f 0.00  0.000     0  0.00  0  0  -1.383   4.147   3.167   1.925   1.269   0.000 01O000M000t
00662 ASP01A0319_002 f 0.00  0.000     0  0.00  0  0  -1.383   4.147   0.447  -0.018   1.710   0.000 01O000M000t
00663 ASP02A0319_003 f 0.00  0.000     0  0.00  0  0  -1.421   3.069   3.167  -0.005   0.761   0.000 02O000M000t
00664 ASP02A0319_004 f 0.00  0.000     0  0.00  0  0  -1.421   3.069   0.447  -0.040   2.220   0.000 02O000M000t
00665 ASP-1A0319_005 f 0.00 -1.000     0  4.75  0 -1  -1.355   3.106   0.447  -0.729   4.270   0.000 -1O000M000t
00666 GLU01A0320_001 f 0.00  0.000     0  0.00  0  0  -0.658   3.136   4.465  -1.525   0.653   0.000 01O000M000t
00667 GLU01A0320_002 f 0.00  0.000     0  0.00  0  0  -0.658   3.136   1.745  -0.887   1.935   0.000 01O000M000t
00668 GLU02A0320_003 f 0.00  0.000     0  0.00  0  0  -0.678   3.883   4.465  -0.200   0.265   0.000 02O000M000t
00669 GLU02A0320_004 f 0.00  0.000     0  0.00  0  0  -0.678   3.883   1.745   1.685   1.999   0.000 02O000M000t
00670 GLU-1A0320_005 f 0.00 -1.000     0  4.75  0 -1  -0.748   3.121   1.745  -2.269   4.469   0.000 -1O000M000t
00671 TYR01A0321_001 f 0.00  0.000     0  0.00  0  0  -8.993   2.386   0.025   0.389   0.017   0.000 01O000M000t
00672 TYR01A0321_002 f 0.00  0.000     0  0.00  0  0  -8.993   2.386   0.025   0.375   0.038   0.000 01O000M000t
00673 TYR-1A0321_003 f 0.00 -1.000     0 10.20  0 -1  -8.993   2.386   0.025   0.319  -0.931   0.000 -1O000M000t
00674 0WN11B0001_001 f 0.00  0.998     0  0.00  0  0 000.000  79.565   0.000  -1.558   5.748   0.005 11O000M000t
00675 0WN11B0001_002 f 0.00  0.998     0  0.00  0  0 000.000  80.592   0.000  -0.195   5.537   0.005 11O000M000t
00676 0WN01B0001_003 f 0.00 -0.003     0  0.00  0  0 000.000  79.650   0.000  -2.643   4.248   2.861 01O000M000t
00677 0WN01B0001_004 f 0.00 -0.003     0  0.00  0  0 000.000  80.677   0.000  -1.240   4.295   2.861 01O000M000t
00678 0WN21B0001_005 f 0.00  2.002     0  0.00  0  0 000.000  81.798   0.000   1.594   9.554   4.147 21O000M000t
00679 0WN21B0001_006 f 0.00  2.002     0  0.00  0  0 000.000  82.824   0.000   3.020   9.826   4.147 21O000M000t
00680 0WNDMB0001_007 t 0.00  0.000     0  0.00  0  0   0.000   0.000   0.000   0.000   0.000   0.000         DMt
