   confID        vdw0    sas     sum
GLU01A0002_001   1.775  -1.668   0.107
GLU01A0002_002   1.775  -1.668   0.107
GLU02A0002_003   1.415  -1.662  -0.248
GLU02A0002_004   1.415  -1.662  -0.248
GLU-1A0002_005   1.347  -1.753  -0.406
ALA01A0003_001   0.000  -4.015  -4.015
PRO01A0004_001   0.274  -5.665  -5.391
ASN01A0005_001   0.402  -1.312  -0.910
ASN01A0005_002   0.180  -1.289  -1.109
GLN01A0006_001   1.377  -3.795  -2.417
GLN01A0006_002   1.116  -3.872  -2.756
ALA01A0007_001   0.000  -0.464  -0.464
LEU01A0008_001   1.608  -7.244  -5.636
LEU01A0009_001   1.984  -3.087  -1.103
ARG01A0010_001   1.788  -3.215  -1.427
ARG02A0010_002   1.771  -3.215  -1.444
ARG03A0010_003   1.764  -3.215  -1.451
ARG+1A0010_004   1.725  -3.215  -1.490
ILE01A0011_001   1.682  -5.373  -3.692
LEU01A0012_001   1.658  -0.325   1.333
LYS01A0013_001   1.549  -6.892  -5.343
LYS+1A0013_002   1.477  -6.892  -5.415
GLU01A0014_001   1.543  -2.286  -0.742
GLU01A0014_002   1.543  -2.286  -0.742
GLU02A0014_003   1.729  -2.300  -0.571
GLU02A0014_004   1.729  -2.300  -0.571
GLU-1A0014_005   1.416  -2.261  -0.845
THR01A0015_001   0.182  -4.877  -4.695
THR01A0015_002   0.182  -4.877  -4.695
GLU01A0016_001   0.583  -0.603  -0.020
GLU01A0016_002   0.583  -0.603  -0.020
GLU02A0016_003   0.652  -0.634   0.018
GLU02A0016_004   0.652  -0.634   0.018
GLU-1A0016_005   0.488  -0.620  -0.133
PHE01A0017_001   4.270  -0.051   4.219
LYS01A0018_001   0.816  -7.054  -6.238
LYS+1A0018_002   0.772  -7.054  -6.282
LYS01A0019_001   1.077  -2.825  -1.748
LYS+1A0019_002   1.032  -2.825  -1.793
ILE01A0020_001   1.423  -3.416  -1.993
LYS01A0021_001   0.721  -7.986  -7.265
LYS+1A0021_002   0.645  -7.986  -7.341
VAL01A0022_001   0.558  -6.040  -5.482
LEU01A0023_001   1.678  -0.789   0.889
SER01A0025_001   0.000  -2.660  -2.660
ALA01A0027_001   0.000  -3.500  -3.500
PHE01A0028_001   4.364  -4.984  -0.620
THR01A0030_001   0.211  -1.578  -1.368
THR01A0030_002   0.211  -1.578  -1.368
VAL01A0031_001   0.634  -0.412   0.222
TYR01A0032_001   4.652  -3.368   1.283
TYR01A0032_002   4.652  -3.368   1.283
TYR-1A0032_003   4.652  -3.368   1.283
LYS01A0033_001   0.626  -4.451  -3.825
LYS+1A0033_002   0.581  -4.451  -3.870
LEU01A0035_001   1.890  -2.266  -0.376
TRP01A0036_001   2.897  -1.364   1.533
ILE01A0037_001   1.323  -2.695  -1.372
PRO01A0038_001   0.370  -0.052   0.319
GLU01A0039_001   1.079  -2.441  -1.362
GLU01A0039_002   1.079  -2.441  -1.362
GLU02A0039_003   0.915  -2.572  -1.657
GLU02A0039_004   0.915  -2.572  -1.657
GLU-1A0039_005   0.837  -2.449  -1.612
GLU01A0041_001   1.122  -2.533  -1.411
GLU01A0041_002   1.122  -2.533  -1.411
GLU02A0041_003   1.053  -2.638  -1.584
GLU02A0041_004   1.053  -2.638  -1.584
GLU-1A0041_005   0.938  -2.493  -1.555
LYS01A0042_001   0.622 -10.658 -10.036
LYS+1A0042_002   0.576 -10.658 -10.081
VAL01A0043_001   0.605  -3.123  -2.518
LYS01A0044_001   1.244  -5.247  -4.003
LYS+1A0044_002   1.180  -5.247  -4.067
ILE01A0045_001   1.872  -0.103   1.769
PRO01A0046_001   0.246  -1.796  -1.550
VAL01A0047_001   0.624   0.000   0.624
ALA01A0048_001   0.000   0.000   0.000
ILE01A0049_001   1.846   0.000   1.846
LYS01A0050_001   0.885  -0.697   0.188
LYS+1A0050_002   0.841  -0.697   0.143
GLU01A0051_001   1.458  -1.329   0.129
GLU01A0051_002   1.458  -1.329   0.129
GLU02A0051_003   1.153  -1.399  -0.246
GLU02A0051_004   1.153  -1.399  -0.246
GLU-1A0051_005   1.089  -1.240  -0.151
LEU01A0052_001   1.637  -1.082   0.555
ARG01A0053_001   1.038  -9.292  -8.253
ARG02A0053_002   1.002  -9.292  -8.290
ARG03A0053_003   0.997  -9.292  -8.295
ARG+1A0053_004   0.958  -9.292  -8.334
GLU01A0054_001   0.903  -1.559  -0.656
GLU01A0054_002   0.903  -1.559  -0.656
GLU02A0054_003   0.846  -1.671  -0.826
GLU02A0054_004   0.846  -1.671  -0.826
GLU-1A0054_005   0.741  -1.554  -0.812
ALA01A0055_001   0.000  -1.030  -1.030
THR01A0056_001   0.183  -6.750  -6.567
SER01A0057_001   0.000  -2.285  -2.285
PRO01A0058_001   0.272  -6.740  -6.469
LYS01A0059_001   0.728 -10.563  -9.835
LYS+1A0059_002   0.683 -10.563  -9.880
ALA01A0060_001   0.000  -0.979  -0.979
ASN01A0061_001   0.488  -0.823  -0.335
ASN01A0061_002   0.302  -0.764  -0.462
LYS01A0062_001   1.017  -7.937  -6.920
LYS+1A0062_002   0.938  -7.937  -6.999
GLU01A0063_001   2.002  -1.752   0.250
GLU01A0063_002   2.002  -1.752   0.250
GLU02A0063_003   1.709  -1.707   0.002
GLU02A0063_004   1.709  -1.707   0.002
GLU-1A0063_005   1.618  -1.740  -0.122
ILE01A0064_001   1.468  -0.103   1.365
LEU01A0065_001   1.625  -4.787  -3.162
ASP01A0066_001   0.034  -1.617  -1.583
ASP01A0066_002   0.034  -1.617  -1.583
ASP02A0066_003   0.094  -1.533  -1.440
ASP02A0066_004   0.094  -1.533  -1.440
ASP-1A0066_005   0.031  -1.542  -1.510
GLU01A0067_001   1.388  -0.171   1.217
GLU01A0067_002   1.388  -0.171   1.217
GLU02A0067_003   1.103  -0.211   0.892
GLU02A0067_004   1.103  -0.211   0.892
GLU-1A0067_005   1.035  -0.211   0.824
ALA01A0068_001   0.000  -0.052  -0.052
TYR01A0069_001   4.473  -6.911  -2.438
TYR01A0069_002   4.473  -6.911  -2.438
TYR-1A0069_003   4.473  -6.911  -2.438
VAL01A0070_001   0.844  -0.103   0.741
MET01A0071_001   0.261   0.000   0.261
ALA01A0072_001   0.000  -0.103  -0.103
SER01A0073_001   0.000  -0.740  -0.740
SER01A0073_002   0.000  -0.740  -0.740
VAL01A0074_001   0.580  -0.155   0.425
ASP01A0075_001   0.060  -2.480  -2.420
ASP01A0075_002   0.060  -2.480  -2.420
ASP02A0075_003   0.126  -2.723  -2.597
ASP02A0075_004   0.126  -2.723  -2.597
ASP-1A0075_005   0.056  -2.446  -2.390
ASN01A0076_001   0.504  -0.586  -0.082
ASN01A0076_002   0.431  -0.748  -0.317
PRO01A0077_001   0.280  -4.948  -4.668
HIS01A0078_001  -0.088  -0.727  -0.815
HIS01A0078_002  -0.010  -0.682  -0.692
HIS02A0078_003  -0.109  -0.727  -0.837
HIS02A0078_004  -0.021  -0.682  -0.703
HIS+1A0078_005  -0.136  -0.727  -0.863
HIS+1A0078_006  -0.048  -0.682  -0.730
VAL01A0079_001   0.697   0.000   0.697
CYS01A0080_001  -0.002   0.000  -0.002
CYS01A0080_002  -0.002   0.000  -0.002
CYS01A0080_003  -0.003   0.000  -0.003
CYS-1A0080_004   0.000   0.000   0.000
ARG01A0081_001   1.459  -5.822  -4.363
ARG02A0081_002   1.404  -5.822  -4.418
ARG03A0081_003   1.399  -5.822  -4.423
ARG03A0081_004   1.405  -5.822  -4.418
ARG+1A0081_005   1.360  -5.822  -4.462
LEU01A0082_001   2.084   0.000   2.084
LEU01A0083_001   1.775  -0.567   1.208
ILE01A0085_001   2.870  -0.052   2.818
CYS01A0086_001  -0.002  -0.214  -0.216
CYS01A0086_002  -0.002  -0.214  -0.216
CYS01A0086_003  -0.002  -0.214  -0.217
CYS-1A0086_004   0.000  -0.214  -0.214
LEU01A0087_001   1.613  -5.663  -4.050
THR01A0088_001   0.137  -1.748  -1.611
THR01A0088_002   0.137  -1.748  -1.611
SER01A0089_001   0.000  -3.321  -3.321
THR01A0090_001   0.160  -2.402  -2.242
THR01A0090_002   0.160  -2.402  -2.242
THR01A0090_003   0.160  -2.402  -2.242
VAL01A0091_001   0.628  -0.460   0.167
GLN01A0092_001   1.000  -0.512   0.488
GLN01A0092_002   1.401  -0.384   1.017
LEU01A0093_001   1.728   0.000   1.728
ILE01A0094_001   1.182   0.000   1.182
MET01A0095_001   1.064   0.000   1.064
GLN01A0096_001   1.020  -0.276   0.744
GLN01A0096_002   0.958  -0.236   0.722
LEU01A0097_001   1.684  -0.583   1.101
MET01A0098_001  -0.134   0.000  -0.134
PRO01A0099_001   0.297  -3.151  -2.854
PHE01A0100_001   4.244  -5.189  -0.945
CYS01A0102_001  -0.002   0.000  -0.002
CYS01A0102_002  -0.002   0.000  -0.002
CYS01A0102_003  -0.003   0.000  -0.003
CYS-1A0102_004   0.000   0.000   0.000
LEU01A0103_001   1.855   0.000   1.855
LEU01A0104_001   1.497  -0.666   0.831
ASP01A0105_001   0.056  -1.162  -1.106
ASP01A0105_002   0.056  -1.162  -1.106
ASP02A0105_003   0.123  -1.210  -1.088
ASP02A0105_004   0.123  -1.210  -1.088
ASP-1A0105_005   0.053  -1.172  -1.118
TYR01A0106_001   4.914  -0.994   3.920
TYR01A0106_002   4.914  -0.994   3.920
TYR-1A0106_003   4.914  -0.994   3.920
VAL01A0107_001   0.639   0.000   0.639
ARG01A0108_001   1.214  -6.018  -4.804
ARG02A0108_002   1.238  -6.018  -4.780
ARG03A0108_003   1.173  -6.018  -4.845
ARG+1A0108_004   1.135  -6.018  -4.883
GLU01A0109_001   2.924  -2.800   0.123
GLU01A0109_002   2.924  -2.800   0.123
GLU02A0109_003   2.360  -2.742  -0.382
GLU02A0109_004   2.360  -2.742  -0.382
GLU-1A0109_005   2.285  -2.769  -0.483
HIS01A0110_001  -0.189  -3.194  -3.383
HIS01A0110_002  -0.156  -3.469  -3.626
HIS02A0110_003  -0.206  -3.194  -3.400
HIS02A0110_004  -0.170  -3.469  -3.639
HIS+1A0110_005  -0.233  -3.194  -3.427
HIS+1A0110_006  -0.196  -3.469  -3.666
LYS01A0111_001   2.623  -5.234  -2.612
LYS+1A0111_002   2.567  -5.234  -2.667
ASP01A0112_001   0.044  -2.808  -2.764
ASP01A0112_002   0.044  -2.808  -2.764
ASP02A0112_003   0.102  -2.799  -2.696
ASP02A0112_004   0.102  -2.799  -2.696
ASP-1A0112_005   0.040  -2.713  -2.673
ASN01A0113_001   0.166  -2.019  -1.853
ASN01A0113_002   0.004  -1.930  -1.926
ILE01A0114_001   2.099  -0.155   1.945
SER01A0116_001   0.000  -0.301  -0.301
SER01A0116_002   0.000  -0.301  -0.301
SER01A0116_003   0.000  -0.301  -0.301
GLN01A0117_001   0.553  -2.458  -1.905
GLN01A0117_002   0.649  -2.098  -1.449
TYR01A0118_001   4.325  -4.711  -0.386
TYR01A0118_002   4.325  -4.711  -0.386
TYR-1A0118_003   4.325  -4.711  -0.386
LEU01A0119_001   1.916   0.000   1.916
LEU01A0120_001   1.795   0.000   1.795
ASN01A0121_001   0.202  -1.216  -1.013
ASN01A0121_002   0.408  -1.250  -0.842
TRP01A0122_001   2.626   0.000   2.626
CYS01A0123_001  -0.002   0.000  -0.002
CYS01A0123_002  -0.002   0.000  -0.002
CYS01A0123_003  -0.002   0.000  -0.002
CYS-1A0123_004   0.000   0.000   0.000
VAL01A0124_001   0.692  -0.309   0.383
GLN01A0125_001   1.074  -0.669   0.404
GLN01A0125_002   1.538  -0.517   1.022
ILE01A0126_001   3.589   0.000   3.589
ALA01A0127_001   0.000   0.000   0.000
LYS01A0128_001   0.975  -5.043  -4.068
LYS+1A0128_002   0.928  -5.043  -4.115
MET01A0130_001   1.438   0.000   1.438
ASN01A0131_001   0.516  -0.906  -0.390
ASN01A0131_002   0.290  -0.689  -0.399
TYR01A0132_001   4.745  -2.048   2.698
TYR01A0132_002   4.745  -2.048   2.698
TYR-1A0132_003   4.745  -2.048   2.698
LEU01A0133_001   1.475   0.000   1.475
GLU01A0134_001   1.147  -0.724   0.424
GLU01A0134_002   1.147  -0.724   0.424
GLU02A0134_003   0.922  -0.833   0.089
GLU02A0134_004   0.922  -0.833   0.089
GLU-1A0134_005   0.849  -0.724   0.126
ASP01A0135_001   0.188  -2.167  -1.979
ASP01A0135_002   0.188  -2.167  -1.979
ASP02A0135_003   0.275  -2.080  -1.805
ASP02A0135_004   0.275  -2.080  -1.805
ASP-1A0135_005   0.177  -2.076  -1.899
ARG01A0136_001   1.419  -7.239  -5.820
ARG02A0136_002   1.397  -7.239  -5.841
ARG03A0136_003   1.465  -7.239  -5.774
ARG+1A0136_004   1.354  -7.239  -5.884
ARG01A0137_001   1.783  -4.616  -2.834
ARG02A0137_002   1.751  -4.616  -2.865
ARG03A0137_003   1.755  -4.616  -2.861
ARG+1A0137_004   1.708  -4.616  -2.909
LEU01A0138_001   1.568  -0.206   1.362
VAL01A0139_001   0.652   0.000   0.652
HIS01A0140_001  -0.210   0.000  -0.210
HIS02A0140_002  -0.226   0.000  -0.226
HIS+1A0140_003  -0.253   0.000  -0.253
ARG01A0141_001   3.388  -0.321   3.066
ARG02A0141_002   3.312  -0.321   2.991
ARG02A0141_003   3.319  -0.321   2.998
ARG03A0141_004   3.317  -0.321   2.996
ARG+1A0141_005   3.273  -0.321   2.952
ASP01A0142_001   0.084  -0.551  -0.467
ASP01A0142_002   0.084  -0.551  -0.467
ASP02A0142_003   0.153  -0.650  -0.498
ASP02A0142_004   0.153  -0.650  -0.498
ASP-1A0142_005   0.079  -0.586  -0.507
LEU01A0143_001   1.467   0.000   1.467
ALA01A0144_001   0.000   0.000   0.000
ALA01A0145_001   0.000   0.000   0.000
ARG01A0146_001   1.526  -3.273  -1.747
ARG02A0146_002   1.499  -3.273  -1.774
ARG02A0146_003   1.503  -3.273  -1.770
ARG03A0146_004   1.625  -3.273  -1.648
ARG+1A0146_005   1.459  -3.273  -1.814
ASN01A0147_001   0.263  -0.276  -0.013
ASN01A0147_002   0.398  -0.246   0.152
VAL01A0148_001   0.536   0.000   0.536
LEU01A0149_001   1.689   0.000   1.689
VAL01A0150_001   0.579   0.000   0.579
LYS01A0151_001   0.972  -2.325  -1.353
LYS+1A0151_002   0.906  -2.325  -1.419
THR01A0152_001   0.257  -3.014  -2.757
PRO01A0153_001   0.334  -1.895  -1.561
GLN01A0154_001   0.847  -2.826  -1.979
HIS01A0155_001  -0.082  -2.285  -2.367
HIS02A0155_002  -0.104  -2.285  -2.389
HIS+1A0155_003  -0.130  -2.285  -2.416
VAL01A0156_001   0.679   0.000   0.679
LYS01A0157_001   0.951  -1.336  -0.386
LYS+1A0157_002   0.904  -1.336  -0.432
ILE01A0158_001   1.879   0.000   1.879
THR01A0159_001   0.278   0.000   0.278
THR01A0159_002   0.278   0.000   0.278
ASP01A0160_001   0.214  -0.558  -0.344
ASP01A0160_002   0.214  -0.558  -0.344
ASP02A0160_003   0.303  -0.609  -0.305
ASP02A0160_004   0.303  -0.609  -0.305
ASP-1A0160_005   0.201  -0.551  -0.350
PHE01A0161_001   4.478   0.000   4.478
LEU01A0163_001   1.366  -2.521  -1.154
ALA01A0164_001   0.000  -0.052  -0.052
LYS01A0165_001   0.796  -2.640  -1.843
LYS+1A0165_002   0.737  -2.640  -1.903
LEU01A0166_001   1.711  -3.915  -2.204
LEU01A0167_001   1.763  -0.052   1.711
ALA01A0169_001   0.000  -4.700  -4.700
GLU01A0170_001   0.906  -4.172  -3.266
GLU01A0170_002   0.906  -4.172  -3.266
GLU02A0170_003   0.968  -4.177  -3.209
GLU02A0170_004   0.968  -4.177  -3.209
GLU-1A0170_005   0.799  -4.103  -3.304
GLU01A0171_001   2.323  -2.273   0.050
GLU01A0171_002   2.323  -2.273   0.050
GLU02A0171_003   1.857  -2.348  -0.491
GLU02A0171_004   1.857  -2.348  -0.491
GLU-1A0171_005   1.796  -2.226  -0.430
LYS01A0172_001   0.613 -10.296  -9.683
LYS+1A0172_002   0.570 -10.296  -9.726
GLU01A0173_001   2.143  -2.230  -0.087
GLU01A0173_002   2.143  -2.230  -0.087
GLU02A0173_003   1.717  -2.263  -0.545
GLU02A0173_004   1.717  -2.263  -0.545
GLU-1A0173_005   1.647  -2.171  -0.524
TYR01A0174_001   4.224  -3.378   0.845
TYR-1A0174_002   4.224  -3.378   0.845
HIS01A0175_001  -0.192  -5.410  -5.602
HIS02A0175_002  -0.209  -5.410  -5.619
HIS+1A0175_003  -0.235  -5.410  -5.645
ALA01A0176_001   0.000  -0.464  -0.464
GLU01A0177_001   0.781  -3.648  -2.868
GLU01A0177_002   0.781  -3.648  -2.868
GLU02A0177_003   0.680  -3.889  -3.209
GLU02A0177_004   0.680  -3.889  -3.209
GLU-1A0177_005   0.588  -3.656  -3.068
LYS01A0180_001   2.350  -9.719  -7.369
LYS+1A0180_002   2.280  -9.719  -7.440
VAL01A0181_001   0.573  -1.407  -0.834
PRO01A0182_001   0.273  -1.105  -0.833
ILE01A0183_001   1.301  -2.727  -1.426
LYS01A0184_001   1.078  -2.177  -1.099
LYS+1A0184_002   1.033  -2.177  -1.144
TRP01A0185_001   3.011  -2.141   0.870
MET01A0186_001   0.163  -0.100   0.064
ALA01A0187_001   0.000   0.000   0.000
LEU01A0188_001   1.588  -0.309   1.279
GLU01A0189_001   0.509  -0.489   0.020
GLU01A0189_002   0.509  -0.489   0.020
GLU02A0189_003   0.491  -0.482   0.009
GLU02A0189_004   0.491  -0.482   0.009
GLU-1A0189_005   0.384  -0.482  -0.098
SER01A0190_001   0.000   0.000   0.000
SER01A0190_002   0.000   0.000   0.000
SER01A0190_003   0.000   0.000   0.000
ILE01A0191_001   1.085  -0.943   0.141
LEU01A0192_001   1.444  -3.519  -2.075
HIS01A0193_001  -0.148  -5.637  -5.785
HIS01A0193_002  -0.104  -5.427  -5.532
HIS02A0193_003  -0.166  -5.637  -5.804
HIS02A0193_004  -0.118  -5.427  -5.545
HIS+1A0193_005  -0.193  -5.637  -5.830
HIS+1A0193_006  -0.144  -5.427  -5.571
ARG01A0194_001   1.226  -6.975  -5.749
ARG02A0194_002   1.303  -6.975  -5.672
ARG03A0194_003   1.204  -6.975  -5.770
ARG+1A0194_004   1.165  -6.975  -5.809
ILE01A0195_001   1.574  -2.727  -1.153
TYR01A0196_001   4.111  -0.171   3.941
TYR-1A0196_002   4.111  -0.171   3.941
THR01A0197_001   0.210  -1.167  -0.957
THR01A0197_002   0.210  -1.167  -0.957
HIS01A0198_001  -0.125  -1.341  -1.466
HIS01A0198_002  -0.071  -1.265  -1.336
HIS02A0198_003  -0.145  -1.341  -1.486
HIS02A0198_004  -0.084  -1.265  -1.349
HIS+1A0198_005  -0.172  -1.341  -1.513
HIS+1A0198_006  -0.110  -1.265  -1.375
GLN01A0199_001   0.479  -0.256   0.223
GLN01A0199_002   0.405  -0.357   0.048
SER01A0200_001   0.000  -0.060  -0.060
SER01A0200_002   0.000  -0.060  -0.060
ASP01A0201_001   0.088  -0.036   0.052
ASP01A0201_002   0.088  -0.036   0.052
ASP02A0201_003   0.163  -0.034   0.128
ASP02A0201_004   0.163  -0.034   0.128
ASP-1A0201_005   0.084  -0.034   0.050
VAL01A0202_001   0.562   0.000   0.562
TRP01A0203_001   3.434  -0.064   3.370
SER01A0204_001   0.000  -0.241  -0.241
SER01A0204_002   0.000  -0.241  -0.241
TYR01A0205_001   4.793   0.000   4.793
TYR01A0205_002   4.793   0.000   4.793
TYR-1A0205_003   4.793   0.000   4.793
VAL01A0207_001   0.608   0.000   0.608
THR01A0208_001   0.172   0.000   0.172
VAL01A0209_001   0.669  -0.052   0.617
TRP01A0210_001   2.754  -0.960   1.794
GLU01A0211_001   0.538  -0.069   0.470
GLU01A0211_002   0.538  -0.069   0.470
GLU02A0211_003   0.530  -0.072   0.457
GLU02A0211_004   0.530  -0.072   0.457
GLU-1A0211_005   0.423  -0.069   0.354
LEU01A0212_001   1.763   0.000   1.763
MET01A0213_001  -0.128   0.000  -0.128
THR01A0214_001   0.208  -0.464  -0.256
THR01A0214_002   0.208  -0.464  -0.256
PHE01A0215_001   4.231  -1.492   2.739
SER01A0217_001   0.000  -2.093  -2.093
LYS01A0218_001   0.736  -7.568  -6.832
LYS+1A0218_002   0.692  -7.568  -6.876
PRO01A0219_001   0.277  -0.096   0.181
TYR01A0220_001   4.266  -0.171   4.095
TYR-1A0220_002   4.266  -0.171   4.095
ASP01A0221_001   0.064  -2.496  -2.432
ASP01A0221_002   0.064  -2.496  -2.432
ASP02A0221_003   0.132  -2.543  -2.411
ASP02A0221_004   0.132  -2.543  -2.411
ASP-1A0221_005   0.061  -2.390  -2.329
ILE01A0223_001   3.841  -3.812   0.029
PRO01A0224_001   0.231  -4.296  -4.065
ALA01A0225_001   0.000  -2.112  -2.112
SER01A0226_001   0.000  -3.694  -3.694
SER01A0226_002   0.000  -3.694  -3.694
GLU01A0227_001   3.820  -2.306   1.514
GLU01A0227_002   3.820  -2.306   1.514
GLU02A0227_003   3.069  -2.148   0.920
GLU02A0227_004   3.069  -2.148   0.920
GLU-1A0227_005   2.998  -2.166   0.832
ILE01A0228_001   2.066   0.000   2.066
SER01A0229_001   0.000  -1.348  -1.348
SER01A0230_001   0.000  -2.216  -2.216
SER01A0230_002   0.000  -2.216  -2.216
ILE01A0231_001   1.356  -1.494  -0.138
LEU01A0232_001   1.677  -0.052   1.625
GLU01A0233_001   0.774  -2.525  -1.751
GLU01A0233_002   0.774  -2.525  -1.751
GLU02A0233_003   0.728  -2.503  -1.775
GLU02A0233_004   0.728  -2.503  -1.775
GLU-1A0233_005   0.627  -2.438  -1.810
LYS01A0234_001   0.672  -8.590  -7.918
LYS+1A0234_002   0.627  -8.590  -7.963
GLU01A0236_001   1.107  -2.506  -1.399
GLU01A0236_002   1.107  -2.506  -1.399
GLU02A0236_003   0.854  -2.468  -1.614
GLU02A0236_004   0.854  -2.468  -1.614
GLU-1A0236_005   0.799  -2.510  -1.711
ARG01A0237_001   1.722  -1.396   0.326
ARG02A0237_002   1.678  -1.396   0.282
ARG03A0237_003   1.740  -1.396   0.344
ARG+1A0237_004   1.639  -1.396   0.243
LEU01A0238_001   1.358  -0.412   0.946
PRO01A0239_001   0.263  -5.502  -5.238
GLN01A0240_001   1.302  -1.699  -0.396
GLN01A0240_002   1.980  -1.838   0.142
PRO01A0241_001   0.293   0.000   0.293
PRO01A0242_001   0.301  -6.097  -5.796
ILE01A0243_001   2.089  -1.352   0.737
CYS01A0244_001  -0.002   0.000  -0.002
CYS01A0244_002  -0.002   0.000  -0.002
CYS01A0244_003  -0.003   0.000  -0.003
CYS-1A0244_004   0.000   0.000   0.000
THR01A0245_001   0.178  -1.544  -1.366
THR01A0245_002   0.178  -1.544  -1.366
ILE01A0246_001   1.298  -7.514  -6.216
ASP01A0247_001   0.473  -2.140  -1.667
ASP01A0247_002   0.473  -2.140  -1.667
ASP02A0247_003   0.413  -2.137  -1.725
ASP02A0247_004   0.413  -2.137  -1.725
ASP-1A0247_005   0.360  -2.102  -1.742
VAL01A0248_001   0.657   0.000   0.657
TYR01A0249_001   4.522  -2.067   2.455
TYR01A0249_002   4.522  -2.067   2.455
TYR-1A0249_003   4.522  -2.067   2.455
MET01A0250_001   0.008  -5.449  -5.441
ILE01A0251_001   1.806  -0.103   1.703
MET01A0252_001   0.028   0.000   0.028
VAL01A0253_001   0.527  -2.952  -2.425
LYS01A0254_001   1.370  -3.577  -2.206
LYS+1A0254_002   1.306  -3.577  -2.271
CYS01A0255_001  -0.002   0.000  -0.002
CYS01A0255_002  -0.002   0.000  -0.002
CYS01A0255_003  -0.002   0.000  -0.002
CYS-1A0255_004   0.000   0.000   0.000
TRP01A0256_001   2.805   0.000   2.805
MET01A0257_001   0.253  -4.446  -4.194
ILE01A0258_001   3.252  -5.354  -2.102
ASP01A0259_001   0.182  -2.207  -2.024
ASP01A0259_002   0.182  -2.207  -2.024
ASP02A0259_003   0.271  -2.329  -2.058
ASP02A0259_004   0.271  -2.329  -2.058
ASP-1A0259_005   0.173  -2.162  -1.989
ALA01A0260_001   0.000  -1.545  -1.545
ASP01A0261_001   0.191  -2.839  -2.648
ASP01A0261_002   0.191  -2.839  -2.648
ASP02A0261_003   0.283  -2.828  -2.545
ASP02A0261_004   0.283  -2.828  -2.545
ASP-1A0261_005   0.182  -2.713  -2.531
SER01A0262_001   0.000  -2.106  -2.106
SER01A0262_002   0.000  -2.106  -2.106
ARG01A0263_001   1.532   0.000   1.532
ARG02A0263_002   1.493   0.000   1.493
ARG02A0263_003   1.554   0.000   1.554
ARG03A0263_004   1.488   0.000   1.488
ARG03A0263_005   1.492   0.000   1.492
ARG+1A0263_006   1.449   0.000   1.449
PRO01A0264_001   0.290  -0.103   0.187
LYS01A0265_001   2.561  -2.977  -0.416
LYS+1A0265_002   2.444  -2.977  -0.533
PHE01A0266_001   4.887   0.000   4.887
ARG01A0267_001   1.548  -8.003  -6.455
ARG02A0267_002   1.506  -8.003  -6.497
ARG03A0267_003   1.499  -8.003  -6.504
ARG+1A0267_004   1.460  -8.003  -6.543
GLU01A0268_001   1.252  -1.922  -0.671
GLU01A0268_002   1.252  -1.922  -0.671
GLU02A0268_003   1.028  -1.831  -0.803
GLU02A0268_004   1.028  -1.831  -0.803
GLU-1A0268_005   0.951  -1.826  -0.875
LEU01A0269_001   1.714   0.000   1.714
ILE01A0270_001   2.036  -1.887   0.149
ILE01A0271_001   3.477  -6.983  -3.506
GLU01A0272_001   1.195  -1.411  -0.216
GLU01A0272_002   1.195  -1.411  -0.216
GLU02A0272_003   1.487  -1.311   0.176
GLU02A0272_004   1.487  -1.311   0.176
GLU-1A0272_005   1.134  -1.344  -0.210
PHE01A0273_001   4.690   0.000   4.690
SER01A0274_001   0.000  -2.450  -2.450
LYS01A0275_001   1.065  -5.044  -3.979
LYS+1A0275_002   1.017  -5.044  -4.026
MET01A0276_001  -0.024   0.000  -0.024
ALA01A0277_001   0.000  -0.567  -0.567
ARG01A0278_001   5.940  -9.385  -3.445
ARG02A0278_002   5.890  -9.385  -3.495
ARG03A0278_003   5.899  -9.385  -3.486
ARG+1A0278_004   5.849  -9.385  -3.536
ASP01A0279_001   0.108  -1.733  -1.625
ASP01A0279_002   0.108  -1.733  -1.625
ASP02A0279_003   0.189  -1.693  -1.504
ASP02A0279_004   0.189  -1.693  -1.504
ASP-1A0279_005   0.104  -1.658  -1.554
PRO01A0280_001   0.275  -1.049  -0.774
GLN01A0281_001   0.852  -2.250  -1.398
GLN01A0281_002   1.245  -2.273  -1.028
ARG01A0282_001   1.770  -9.623  -7.854
ARG02A0282_002   1.714  -9.623  -7.909
ARG03A0282_003   1.715  -9.623  -7.909
ARG+1A0282_004   1.671  -9.623  -7.952
TYR01A0283_001   4.530  -0.722   3.808
TYR-1A0283_002   4.530  -0.722   3.808
LEU01A0284_001   1.990   0.000   1.990
VAL01A0285_001   0.572  -5.901  -5.329
ILE01A0286_001   1.362  -0.702   0.661
GLN01A0287_001   1.738  -3.293  -1.555
GLN01A0287_002   2.872  -3.532  -0.660
ASP01A0289_001   0.034  -0.462  -0.428
ASP01A0289_002   0.034  -0.462  -0.428
ASP02A0289_003   0.094  -0.588  -0.494
ASP02A0289_004   0.094  -0.588  -0.494
ASP-1A0289_005   0.031  -0.525  -0.494
GLU01A0290_001   1.700  -3.417  -1.718
GLU01A0290_002   1.700  -3.417  -1.718
GLU02A0290_003   1.410  -3.421  -2.011
GLU02A0290_004   1.410  -3.421  -2.011
GLU-1A0290_005   1.318  -3.363  -2.046
ARG01A0291_001   1.153  -6.827  -5.674
ARG02A0291_002   1.120  -6.827  -5.707
ARG03A0291_003   1.119  -6.827  -5.708
ARG+1A0291_004   1.077  -6.827  -5.750
MET01A0292_001   0.489  -4.209  -3.720
HIS01A0293_001   1.355  -9.778  -8.423
HIS01A0293_002   0.948  -9.831  -8.884
HIS02A0293_003   1.351  -9.778  -8.427
HIS02A0293_004   0.916  -9.831  -8.915
HIS+1A0293_005   1.324  -9.778  -8.454
HIS+1A0293_006   0.890  -9.831  -8.941
LEU01A0294_001   4.615  -6.832  -2.217
PRO01A0295_001   0.090  -6.399  -6.309
SER01A0296_001   0.000  -3.717  -3.717
PRO01A0297_001   0.145  -4.506  -4.361
THR01A0298_001   0.188  -3.623  -3.435
THR01A0298_002   0.188  -3.623  -3.435
ASP01A0299_001   1.445  -3.330  -1.885
ASP01A0299_002   1.445  -3.330  -1.885
ASP02A0299_003   1.397  -3.445  -2.049
ASP02A0299_004   1.397  -3.445  -2.049
ASP-1A0299_005   1.208  -3.243  -2.035
SER01A0300_001   0.000  -0.902  -0.902
ASN01A0301_001   0.497  -2.684  -2.187
ASN01A0301_002   0.998  -2.859  -1.860
PHE01A0302_001   5.118  -8.561  -3.443
TYR01A0303_001   3.139  -6.358  -3.219
TYR-1A0303_002   3.139  -6.358  -3.219
ARG01A0304_001   1.580  -6.823  -5.242
ARG02A0304_002   1.558  -6.823  -5.265
ARG03A0304_003   1.562  -6.823  -5.260
ARG+1A0304_004   1.520  -6.823  -5.302
ALA01A0305_001   0.000   0.000   0.000
LEU01A0306_001   5.812  -3.896   1.916
MET01A0307_001   7.079  -6.942   0.137
ASP01A0308_001   0.380  -2.061  -1.681
ASP01A0308_002   0.380  -2.061  -1.681
ASP02A0308_003   0.548  -2.290  -1.742
ASP02A0308_004   0.548  -2.290  -1.742
ASP-1A0308_005   0.378  -2.171  -1.793
GLU01A0309_001   1.000  -3.223  -2.222
GLU01A0309_002   1.000  -3.223  -2.222
GLU02A0309_003   0.957  -3.170  -2.213
GLU02A0309_004   0.957  -3.170  -2.213
GLU-1A0309_005   0.815  -3.114  -2.299
GLU01A0310_001   0.716  -2.510  -1.795
GLU01A0310_002   0.716  -2.510  -1.795
GLU02A0310_003   0.559  -2.475  -1.917
GLU02A0310_004   0.559  -2.475  -1.917
GLU-1A0310_005   0.525  -2.455  -1.930
ASP01A0311_001  -0.027  -3.077  -3.104
ASP01A0311_002  -0.027  -3.077  -3.104
ASP02A0311_003  -0.040  -3.059  -3.100
ASP02A0311_004  -0.040  -3.059  -3.100
ASP-1A0311_005  -0.052  -2.962  -3.014
MET01A0312_001  -0.294  -5.426  -5.720
ASP01A0313_001   0.292  -2.306  -2.014
ASP01A0313_002   0.292  -2.306  -2.014
ASP02A0313_003   0.431  -2.326  -1.895
ASP02A0313_004   0.431  -2.326  -1.895
ASP-1A0313_005   0.288  -2.274  -1.986
ASP01A0314_001   0.042  -1.954  -1.912
ASP01A0314_002   0.042  -1.954  -1.912
ASP02A0314_003   0.103  -1.882  -1.779
ASP02A0314_004   0.103  -1.882  -1.779
ASP-1A0314_005   0.039  -1.925  -1.886
VAL01A0315_001   0.629  -4.066  -3.437
VAL01A0316_001   0.630  -2.711  -2.081
ASP01A0317_001   0.313  -1.409  -1.096
ASP01A0317_002   0.313  -1.409  -1.096
ASP02A0317_003   0.389  -1.487  -1.098
ASP02A0317_004   0.389  -1.487  -1.098
ASP-1A0317_005   0.280  -1.446  -1.166
ALA01A0318_001   0.000   0.000   0.000
ASP01A0319_001   0.236  -1.619  -1.383
ASP01A0319_002   0.236  -1.619  -1.383
ASP02A0319_003   0.329  -1.749  -1.421
ASP02A0319_004   0.329  -1.749  -1.421
ASP-1A0319_005   0.221  -1.576  -1.355
GLU01A0320_001   0.628  -1.285  -0.658
GLU01A0320_002   0.628  -1.285  -0.658
GLU02A0320_003   0.648  -1.326  -0.678
GLU02A0320_004   0.648  -1.326  -0.678
GLU-1A0320_005   0.507  -1.255  -0.748
TYR01A0321_001   4.164 -13.157  -8.993
TYR01A0321_002   4.164 -13.157  -8.993
TYR-1A0321_003   4.164 -13.157  -8.993
0WN11B0001_001 814.337 -10.238 804.099
0WN11B0001_002 809.953 -10.238 799.715
0WN01B0001_003 812.733 -10.187 802.547
0WN01B0001_004 808.350 -10.187 798.163
0WN21B0001_005 817.618 -10.238 807.380
0WN21B0001_006 813.234 -10.238 802.996
