  pH           7     7     7     7     7     7     7     7     7     7
NTR+A0001_  0.01  0.01  0.01  0.01  0.01  0.01  0.01  0.01  0.01  0.01
TYR-A0008_ -0.00 -0.00 -0.00 -0.00 -0.00 -0.00 -0.00 -0.00 -0.00 -0.00
HIS+A0009_  0.54  0.56  0.53  0.52  0.52  0.55  0.52  0.53  0.54  0.53
LYS+A0010_  1.00  1.00  1.00  1.00  1.00  1.00  1.00  1.00  1.00  1.00
ASP-A0013_ -1.00 -1.00 -1.00 -1.00 -1.00 -1.00 -1.00 -1.00 -1.00 -1.00
ARG+A0015_  1.00  1.00  1.00  1.00  1.00  1.00  1.00  1.00  1.00  1.00
TYR-A0016_ -0.06 -0.05 -0.04 -0.04 -0.06 -0.04 -0.05 -0.05 -0.05 -0.05
ARG+A0019_  1.00  1.00  1.00  1.00  1.00  1.00  1.00  1.00  1.00  1.00
ARG+A0029_  1.00  1.00  1.00  1.00  1.00  1.00  1.00  1.00  1.00  1.00
HIS+A0030_  0.00  0.00  0.00  0.00  0.00  0.00  0.00  0.00  0.00  0.00
ASP-A0032_ -1.00 -1.00 -1.00 -1.00 -1.00 -1.00 -1.00 -1.00 -1.00 -1.00
ARG+A0034_  1.00  1.00  1.00  1.00  1.00  1.00  1.00  1.00  1.00  1.00
LYS+A0040_  1.00  1.00  1.00  1.00  1.00  1.00  1.00  1.00  1.00  1.00
HIS+A0041_  0.01  0.01  0.01  0.01  0.02  0.01  0.01  0.01  0.01  0.01
HIS+A0043_  0.18  0.18  0.19  0.19  0.20  0.19  0.19  0.19  0.20  0.17
HIS+A0045_  0.26  0.28  0.27  0.26  0.27  0.27  0.26  0.28  0.27  0.27
ASP-A0050_ -1.00 -1.00 -1.00 -1.00 -1.00 -1.00 -1.00 -1.00 -1.00 -1.00
GLU-A0052_ -0.16 -0.12 -0.15 -0.09 -0.18 -0.16 -0.17 -0.13 -0.16 -0.09
ARG+A0053_  1.00  1.00  1.00  1.00  1.00  1.00  1.00  1.00  1.00  1.00
LYS+A0054_  1.00  1.00  1.00  1.00  1.00  1.00  1.00  1.00  1.00  1.00
ASP-A0055_ -1.00 -1.00 -1.00 -1.00 -1.00 -1.00 -1.00 -1.00 -1.00 -1.00
ARG+A0058_  1.00  1.00  1.00  1.00  1.00  1.00  1.00  1.00  1.00  1.00
GLU-A0059_ -1.00 -1.00 -1.00 -1.00 -1.00 -1.00 -1.00 -1.00 -1.00 -1.00
GLU-A0061_ -1.00 -1.00 -1.00 -1.00 -1.00 -1.00 -1.00 -1.00 -1.00 -1.00
HIS+A0064_  0.00  0.00  0.00  0.00  0.00  0.00  0.00  0.00  0.00  0.00
LYS+A0065_  1.00  1.00  1.00  1.00  1.00  1.00  1.00  1.00  1.00  1.00
ARG+A0067_  1.00  1.00  1.00  1.00  1.00  1.00  1.00  1.00  1.00  1.00
TYR-A0070_ -0.00 -0.00 -0.00 -0.00 -0.00 -0.00 -0.00 -0.00 -0.00 -0.00
CYS-A0078_ -0.00 -0.00 -0.00 -0.00 -0.00 -0.00 -0.00 -0.00 -0.00 -0.00
GLU-A0080_ -1.00 -1.00 -1.00 -1.00 -1.00 -1.00 -1.00 -1.00 -1.00 -1.00
GLU-A0082_ -1.00 -1.00 -1.00 -1.00 -1.00 -1.00 -1.00 -1.00 -1.00 -1.00
GLU-A0089_ -1.00 -1.00 -1.00 -1.00 -1.00 -1.00 -1.00 -1.00 -1.00 -0.99
TYR-A0090_ -0.00 -0.00 -0.00 -0.00 -0.00 -0.00 -0.00 -0.00 -0.00 -0.00
GLU-A0098_ -1.00 -1.00 -1.00 -1.00 -1.00 -1.00 -1.00 -1.00 -1.00 -1.00
HIS+A0101_  0.13  0.16  0.19  0.15  0.17  0.18  0.15  0.17  0.17  0.15
ARG+A0102_  1.00  1.00  1.00  1.00  1.00  1.00  1.00  1.00  1.00  1.00
LYS+A0103_  0.99  0.99  0.99  0.99  0.99  0.99  0.99  0.99  0.99  0.99
GLU-A0105_ -0.99 -0.99 -1.00 -1.00 -0.99 -1.00 -1.00 -0.99 -1.00 -0.99
TYR-A0106_ -0.00 -0.00 -0.00 -0.00 -0.00 -0.00 -0.00 -0.00 -0.00 -0.00
ASP-A0108_ -1.00 -1.00 -1.00 -1.00 -1.00 -1.00 -1.00 -1.00 -1.00 -1.00
ARG+A0114_  1.00  1.00  1.00  1.00  1.00  1.00  1.00  1.00  1.00  1.00
ARG+A0116_  1.00  1.00  1.00  1.00  1.00  1.00  1.00  1.00  1.00  1.00
HIS+A0119_  0.04  0.04  0.04  0.03  0.04  0.05  0.05  0.04  0.05  0.04
GLU-A0120_ -1.00 -1.00 -1.00 -1.00 -1.00 -1.00 -1.00 -1.00 -1.00 -1.00
TYR-A0127_ -0.00 -0.00 -0.00 -0.00 -0.00 -0.00 -0.00 -0.00 -0.00 -0.00
HIS+A0129_  0.06  0.06  0.07  0.05  0.06  0.06  0.06  0.06  0.06  0.06
HIS+A0137_  0.00  0.00  0.00  0.00  0.00  0.00  0.00  0.00  0.00  0.00
HIS+A0138_  0.00  0.00  0.00  0.00  0.00  0.00  0.00  0.00  0.00  0.00
ASP-A0139_ -1.00 -1.00 -1.00 -1.00 -1.00 -1.00 -1.00 -1.00 -1.00 -1.00
LYS+A0141_  1.00  1.00  1.00  1.00  1.00  1.00  1.00  1.00  1.00  1.00
ASP-A0148_ -1.00 -1.00 -1.00 -1.00 -1.00 -1.00 -1.00 -1.00 -1.00 -1.00
GLU-A0150_ -1.00 -1.00 -1.00 -1.00 -1.00 -1.00 -1.00 -1.00 -0.99 -1.00
HIS+A0152_  0.94  0.99  0.96  0.99  0.95  0.94  0.97  0.98  0.95  0.95
LYS+A0154_  1.00  1.00  1.00  1.00  1.00  1.00  1.00  1.00  1.00  1.00
ASP-A0157_ -0.24 -0.26 -0.23 -0.27 -0.23 -0.25 -0.24 -0.26 -0.24 -0.25
LYS+A0162_  1.00  1.00  1.00  1.00  1.00  1.00  1.00  1.00  1.00  1.00
CYS-A0164_ -0.01 -0.00 -0.00 -0.00 -0.01 -0.01 -0.01 -0.00 -0.01 -0.01
ARG+A0172_  1.00  1.00  1.00  1.00  1.00  1.00  1.00  1.00  1.00  1.00
LYS+A0175_  0.99  0.99  0.99  0.99  0.99  0.99  0.99  0.99  0.99  0.99
GLU-A0179_ -1.00 -1.00 -1.00 -1.00 -1.00 -1.00 -1.00 -1.00 -1.00 -1.00
TYR-A0185_ -0.00 -0.00 -0.00 -0.00 -0.00 -0.00 -0.00 -0.00 -0.00 -0.00
GLU-A0189_ -1.00 -1.00 -1.00 -1.00 -1.00 -1.00 -1.00 -1.00 -1.00 -1.00
TYR-A0191_ -0.00 -0.00 -0.00 -0.00 -0.00 -0.00 -0.00 -0.00 -0.00 -0.00
GLU-A0192_ -0.98 -0.97 -0.98 -0.97 -0.98 -0.97 -0.97 -0.97 -0.97 -0.98
LYS+A0196_  1.00  1.00  1.00  1.00  1.00  1.00  1.00  1.00  1.00  1.00
ARG+A0198_  1.00  1.00  1.00  1.00  1.00  1.00  1.00  1.00  1.00  1.00
LYS+A0202_  0.98  0.98  0.97  0.98  0.98  0.97  0.97  0.97  0.98  0.98
HIS+A0203_  0.00  0.00  0.00  0.00  0.00  0.00  0.00  0.00  0.00  0.00
ASP-A0204_ -1.00 -1.00 -1.00 -1.00 -1.00 -1.00 -1.00 -1.00 -1.00 -1.00
TYR-A0206_ -0.00 -0.00 -0.00 -0.00 -0.00 -0.00 -0.00 -0.00 -0.00 -0.00
TYR-A0208_ -0.00 -0.00 -0.00 -0.00 -0.00 -0.00 -0.00 -0.00 -0.00 -0.00
GLU-A0214_ -0.69 -0.71 -0.76 -0.71 -0.75 -0.74 -0.74 -0.72 -0.72 -0.69
ARG+A0218_  1.00  1.00  1.00  1.00  1.00  1.00  1.00  1.00  1.00  1.00
LYS+A0219_  1.00  1.00  1.00  1.00  1.00  1.00  1.00  1.00  1.00  1.00
GLU-A0223_ -1.00 -1.00 -1.00 -1.00 -1.00 -1.00 -1.00 -1.00 -1.00 -1.00
ASP-A0224_ -1.00 -1.00 -1.00 -1.00 -1.00 -1.00 -1.00 -1.00 -1.00 -1.00
TYR-A0233_ -0.00 -0.00 -0.00 -0.00 -0.00 -0.00 -0.00 -0.00 -0.00 -0.00
HIS+A0239_  0.28  0.29  0.26  0.29  0.28  0.29  0.28  0.26  0.28  0.28
ARG+A0240_  1.00  1.00  1.00  1.00  1.00  1.00  1.00  1.00  1.00  1.00
GLU-A0245_ -1.00 -1.00 -1.00 -1.00 -1.00 -1.00 -1.00 -1.00 -1.00 -1.00
GLU-A0246_ -1.00 -1.00 -1.00 -1.00 -1.00 -1.00 -1.00 -1.00 -1.00 -1.00
TYR-A0250_ -0.00 -0.00 -0.00 -0.00 -0.00 -0.00 -0.00 -0.00 -0.00 -0.00
ASP-A0251_ -1.00 -1.00 -1.00 -1.00 -1.00 -1.00 -1.00 -1.00 -1.00 -1.00
HIS+A0254_  0.01  0.01  0.01  0.01  0.01  0.01  0.01  0.01  0.01  0.01
ARG+A0255_  1.00  1.00  1.00  1.00  1.00  1.00  1.00  1.00  1.00  1.00
ARG+A0257_  1.00  1.00  1.00  1.00  1.00  1.00  1.00  1.00  1.00  1.00
GLU-A0263_ -1.00 -1.00 -0.99 -1.00 -1.00 -1.00 -1.00 -1.00 -1.00 -1.00
ASP-A0271_ -1.00 -1.00 -1.00 -1.00 -1.00 -1.00 -1.00 -1.00 -1.00 -1.00
GLU-A0272_ -1.00 -1.00 -1.00 -1.00 -1.00 -1.00 -1.00 -1.00 -1.00 -1.00
ARG+A0273_  1.00  1.00  1.00  1.00  1.00  1.00  1.00  1.00  1.00  1.00
LYS+A0278_  1.00  1.00  1.00  1.00  1.00  1.00  1.00  1.00  1.00  1.00
CYS-A0279_ -0.00 -0.00 -0.00 -0.00 -0.00 -0.00 -0.00 -0.00 -0.00 -0.00
GLU-A0282_ -1.00 -1.00 -1.00 -1.00 -1.00 -1.00 -1.00 -1.00 -1.00 -1.00
GLU-A0284_ -1.00 -1.00 -1.00 -1.00 -1.00 -1.00 -1.00 -1.00 -1.00 -1.00
ARG+A0288_  1.00  1.00  1.00  1.00  1.00  1.00  1.00  1.00  1.00  1.00
GLU-A0291_ -1.00 -1.00 -1.00 -1.00 -1.00 -1.00 -1.00 -1.00 -1.00 -1.00
GLU-A0292_ -1.00 -1.00 -1.00 -1.00 -1.00 -1.00 -1.00 -1.00 -1.00 -1.00
GLU-A0297_ -0.99 -0.99 -0.99 -0.99 -0.99 -0.99 -0.99 -0.99 -0.99 -0.99
LYS+A0303_  0.97  0.96  0.97  0.96  0.97  0.97  0.96  0.97  0.97  0.97
LYS+A0304_  1.00  1.00  1.00  1.00  1.00  1.00  1.00  1.00  1.00  1.00
LYS+A0306_  1.00  1.00  1.00  1.00  1.00  1.00  1.00  1.00  1.00  1.00
CTR-A0310_ -1.00 -1.00 -1.00 -1.00 -1.00 -1.00 -1.00 -1.00 -1.00 -1.00
NTR+B0001_  0.84  0.84  0.84  0.84  0.84  0.84  0.84  0.84  0.84  0.84
HIS+B0003_  0.11  0.12  0.12  0.11  0.11  0.12  0.11  0.11  0.11  0.12
HIS+B0004_  0.01  0.01  0.01  0.01  0.01  0.01  0.01  0.01  0.01  0.01
HIS+B0005_  0.20  0.21  0.20  0.21  0.20  0.21  0.21  0.21  0.22  0.20
HIS+B0006_  0.00  0.00  0.00  0.00  0.00  0.00  0.00  0.00  0.00  0.00
HIS+B0007_  0.08  0.09  0.09  0.09  0.08  0.09  0.09  0.09  0.09  0.09
HIS+B0008_  0.37  0.40  0.41  0.40  0.40  0.37  0.37  0.37  0.40  0.38
ASP-B0013_ -1.00 -1.00 -1.00 -1.00 -1.00 -1.00 -1.00 -1.00 -1.00 -1.00
GLU-B0017_ -1.00 -1.00 -1.00 -1.00 -1.00 -1.00 -1.00 -1.00 -1.00 -1.00
TYR-B0020_ -0.00 -0.00 -0.00 -0.00 -0.00 -0.00 -0.00 -0.00 -0.00 -0.00
TYR-B0032_ -0.00 -0.00 -0.00 -0.00 -0.00 -0.00 -0.00 -0.00 -0.00 -0.00
HIS+B0033_  0.11  0.11  0.12  0.13  0.11  0.12  0.12  0.13  0.13  0.11
LYS+B0034_  1.00  1.00  1.00  1.00  1.00  1.00  1.00  1.00  1.00  1.00
ASP-B0037_ -1.00 -1.00 -1.00 -1.00 -1.00 -1.00 -1.00 -1.00 -1.00 -1.00
ARG+B0039_  1.00  1.00  1.00  1.00  1.00  1.00  1.00  1.00  1.00  1.00
TYR-B0040_ -0.02 -0.02 -0.03 -0.03 -0.02 -0.03 -0.03 -0.02 -0.03 -0.02
ARG+B0043_  1.00  1.00  1.00  1.00  1.00  1.00  1.00  1.00  1.00  1.00
ARG+B0053_  1.00  1.00  1.00  1.00  1.00  1.00  1.00  1.00  1.00  1.00
HIS+B0054_  0.00  0.00  0.00  0.00  0.00  0.00  0.00  0.00  0.00  0.00
ASP-B0056_ -1.00 -1.00 -1.00 -1.00 -1.00 -1.00 -1.00 -1.00 -1.00 -1.00
ARG+B0058_  1.00  1.00  1.00  1.00  1.00  1.00  1.00  1.00  1.00  1.00
LYS+B0064_  0.22  0.19  0.17  0.16  0.18  0.21  0.18  0.16  0.16  0.23
HIS+B0065_  0.02  0.02  0.02  0.02  0.02  0.02  0.02  0.02  0.02  0.02
HIS+B0067_  0.70  0.71  0.72  0.70  0.71  0.71  0.72  0.70  0.69  0.71
HIS+B0069_  0.15  0.16  0.17  0.17  0.17  0.17  0.16  0.16  0.17  0.16
ASP-B0074_ -1.00 -1.00 -1.00 -1.00 -1.00 -1.00 -1.00 -1.00 -1.00 -1.00
GLU-B0076_ -1.00 -1.00 -1.00 -1.00 -1.00 -1.00 -1.00 -1.00 -1.00 -1.00
ARG+B0077_  0.00  0.00  0.00  0.00  0.00  0.00  0.00  0.00  0.00  0.02
LYS+B0078_  1.00  1.00  1.00  1.00  1.00  1.00  1.00  1.00  1.00  1.00
ASP-B0079_ -1.00 -1.00 -0.99 -1.00 -1.00 -0.99 -0.99 -0.99 -1.00 -0.99
ARG+B0082_  1.00  1.00  1.00  1.00  1.00  1.00  1.00  1.00  1.00  1.00
GLU-B0083_ -0.99 -0.99 -1.00 -1.00 -1.00 -1.00 -0.99 -1.00 -1.00 -0.99
GLU-B0085_ -1.00 -1.00 -1.00 -1.00 -1.00 -1.00 -1.00 -1.00 -1.00 -1.00
HIS+B0088_  0.00  0.00  0.00  0.00  0.00  0.00  0.00  0.00  0.00  0.00
LYS+B0089_  1.00  1.00  1.00  1.00  1.00  1.00  1.00  1.00  1.00  1.00
ARG+B0091_  1.00  1.00  1.00  1.00  1.00  1.00  1.00  1.00  1.00  1.00
TYR-B0094_ -0.00 -0.00 -0.00 -0.00 -0.00 -0.00 -0.00 -0.00 -0.00 -0.00
CYS-B0102_ -0.00 -0.00 -0.00 -0.00 -0.00 -0.00 -0.00 -0.00 -0.00 -0.00
GLU-B0104_ -1.00 -1.00 -1.00 -1.00 -1.00 -1.00 -1.00 -1.00 -1.00 -1.00
GLU-B0106_ -1.00 -1.00 -1.00 -1.00 -1.00 -1.00 -1.00 -1.00 -1.00 -1.00
GLU-B0113_ -1.00 -1.00 -1.00 -1.00 -1.00 -1.00 -1.00 -1.00 -1.00 -1.00
TYR-B0114_ -0.00 -0.00 -0.00 -0.00 -0.00 -0.00 -0.00 -0.00 -0.00 -0.00
GLU-B0122_ -1.00 -1.00 -1.00 -1.00 -1.00 -1.00 -1.00 -1.00 -1.00 -1.00
HIS+B0125_  0.04  0.03  0.04  0.04  0.03  0.04  0.03  0.03  0.03  0.03
ARG+B0126_  1.00  1.00  1.00  1.00  1.00  1.00  1.00  1.00  1.00  1.00
LYS+B0127_  1.00  0.99  0.99  0.99  0.99  0.99  0.99  0.99  1.00  0.99
GLU-B0129_ -1.00 -1.00 -1.00 -1.00 -1.00 -1.00 -1.00 -1.00 -1.00 -1.00
TYR-B0130_ -0.00 -0.00 -0.00 -0.00 -0.00 -0.00 -0.00 -0.00 -0.00 -0.00
ASP-B0132_ -1.00 -1.00 -1.00 -1.00 -1.00 -1.00 -1.00 -1.00 -1.00 -1.00
ARG+B0138_  1.00  1.00  1.00  1.00  1.00  1.00  1.00  1.00  1.00  1.00
ARG+B0140_  1.00  1.00  1.00  1.00  1.00  1.00  1.00  1.00  1.00  1.00
HIS+B0143_  0.03  0.02  0.03  0.02  0.03  0.03  0.03  0.02  0.03  0.03
GLU-B0144_ -1.00 -0.99 -0.99 -1.00 -1.00 -0.99 -1.00 -0.99 -1.00 -1.00
TYR-B0151_ -0.00 -0.00 -0.00 -0.00 -0.00 -0.00 -0.00 -0.00 -0.00 -0.00
HIS+B0153_  0.41  0.41  0.40  0.44  0.41  0.46  0.41  0.46  0.41  0.41
HIS+B0161_  0.00  0.00  0.00  0.00  0.00  0.00  0.00  0.00  0.00  0.00
HIS+B0162_  0.04  0.04  0.04  0.04  0.04  0.04  0.04  0.04  0.04  0.04
ASP-B0163_ -0.98 -0.98 -0.99 -0.98 -0.98 -0.97 -0.98 -0.98 -0.98 -0.98
LYS+B0165_  1.00  1.00  1.00  1.00  1.00  1.00  1.00  1.00  1.00  1.00
ASP-B0172_ -1.00 -1.00 -1.00 -1.00 -1.00 -1.00 -1.00 -1.00 -1.00 -1.00
GLU-B0174_ -1.00 -1.00 -1.00 -1.00 -1.00 -1.00 -1.00 -1.00 -1.00 -1.00
HIS+B0176_  0.87  0.88  0.86  0.90  0.89  0.90  0.89  0.87  0.86  0.86
LYS+B0178_  1.00  1.00  1.00  1.00  1.00  1.00  1.00  1.00  1.00  1.00
ASP-B0181_ -0.12 -0.10 -0.09 -0.10 -0.11 -0.12 -0.12 -0.09 -0.10 -0.13
LYS+B0186_  1.00  1.00  1.00  1.00  1.00  1.00  1.00  1.00  1.00  1.00
CYS-B0188_ -0.58 -0.59 -0.57 -0.57 -0.58 -0.57 -0.57 -0.57 -0.58 -0.59
ARG+B0196_  1.00  1.00  1.00  1.00  1.00  1.00  1.00  1.00  1.00  1.00
LYS+B0199_  1.00  1.00  1.00  1.00  1.00  1.00  1.00  1.00  0.99  1.00
GLU-B0203_ -1.00 -1.00 -1.00 -1.00 -1.00 -1.00 -1.00 -1.00 -1.00 -1.00
TYR-B0209_ -0.00 -0.00 -0.00 -0.00 -0.00 -0.00 -0.00 -0.00 -0.00 -0.00
GLU-B0213_ -1.00 -1.00 -1.00 -1.00 -1.00 -1.00 -1.00 -1.00 -1.00 -1.00
TYR-B0215_ -0.00 -0.00 -0.00 -0.00 -0.00 -0.00 -0.00 -0.00 -0.00 -0.00
GLU-B0216_ -1.00 -1.00 -1.00 -1.00 -1.00 -1.00 -1.00 -1.00 -1.00 -1.00
LYS+B0220_  1.00  1.00  1.00  1.00  1.00  1.00  1.00  1.00  1.00  1.00
ARG+B0222_  1.00  1.00  1.00  1.00  1.00  1.00  1.00  1.00  1.00  1.00
LYS+B0226_  0.99  0.99  0.99  0.99  1.00  0.99  0.99  1.00  0.99  0.99
HIS+B0227_  0.00  0.01  0.01  0.01  0.00  0.01  0.00  0.00  0.01  0.01
ASP-B0228_ -1.00 -1.00 -1.00 -1.00 -1.00 -1.00 -1.00 -1.00 -1.00 -1.00
TYR-B0230_ -0.00 -0.00 -0.00 -0.00 -0.00 -0.00 -0.00 -0.00 -0.00 -0.00
TYR-B0232_ -0.00 -0.00 -0.00 -0.00 -0.00 -0.00 -0.00 -0.00 -0.00 -0.00
GLU-B0238_ -0.29 -0.32 -0.34 -0.29 -0.33 -0.37 -0.28 -0.33 -0.33 -0.37
ARG+B0242_  1.00  1.00  1.00  1.00  1.00  1.00  1.00  1.00  1.00  1.00
LYS+B0243_  0.98  0.98  0.98  1.00  0.99  0.98  1.00  0.99  0.99  0.99
GLU-B0247_ -1.00 -1.00 -1.00 -1.00 -1.00 -1.00 -1.00 -1.00 -1.00 -1.00
ASP-B0248_ -1.00 -1.00 -1.00 -1.00 -1.00 -1.00 -1.00 -1.00 -1.00 -1.00
TYR-B0257_ -0.00 -0.00 -0.00 -0.00 -0.00 -0.00 -0.00 -0.00 -0.00 -0.00
HIS+B0263_  0.16  0.18  0.18  0.18  0.17  0.17  0.17  0.17  0.18  0.17
ARG+B0264_  1.00  1.00  1.00  1.00  1.00  1.00  1.00  1.00  1.00  1.00
GLU-B0269_ -1.00 -1.00 -1.00 -1.00 -1.00 -1.00 -1.00 -1.00 -1.00 -1.00
GLU-B0270_ -1.00 -1.00 -1.00 -1.00 -1.00 -1.00 -1.00 -1.00 -1.00 -1.00
TYR-B0274_ -0.00 -0.00 -0.00 -0.00 -0.00 -0.00 -0.00 -0.00 -0.00 -0.00
ASP-B0275_ -1.00 -1.00 -1.00 -1.00 -1.00 -1.00 -1.00 -1.00 -1.00 -1.00
HIS+B0278_  0.01  0.01  0.01  0.01  0.01  0.01  0.01  0.01  0.01  0.01
ARG+B0279_  1.00  1.00  1.00  1.00  1.00  1.00  1.00  1.00  1.00  1.00
ARG+B0281_  1.00  1.00  1.00  1.00  1.00  1.00  1.00  1.00  1.00  1.00
GLU-B0287_ -0.99 -0.99 -0.99 -0.99 -0.99 -1.00 -0.99 -0.99 -0.99 -0.99
ASP-B0295_ -1.00 -1.00 -1.00 -1.00 -1.00 -1.00 -1.00 -1.00 -1.00 -1.00
GLU-B0296_ -1.00 -1.00 -1.00 -1.00 -1.00 -1.00 -1.00 -1.00 -1.00 -1.00
ARG+B0297_  1.00  1.00  1.00  1.00  1.00  1.00  1.00  1.00  1.00  1.00
LYS+B0302_  1.00  1.00  1.00  1.00  1.00  1.00  1.00  1.00  1.00  1.00
CYS-B0303_ -0.00 -0.00 -0.00 -0.00 -0.00 -0.00 -0.00 -0.00 -0.00 -0.00
GLU-B0306_ -1.00 -1.00 -1.00 -1.00 -1.00 -1.00 -1.00 -1.00 -1.00 -1.00
GLU-B0308_ -1.00 -1.00 -1.00 -1.00 -1.00 -1.00 -1.00 -1.00 -1.00 -1.00
ARG+B0312_  1.00  1.00  1.00  1.00  1.00  1.00  1.00  1.00  1.00  1.00
GLU-B0315_ -0.99 -1.00 -1.00 -1.00 -1.00 -1.00 -1.00 -1.00 -1.00 -1.00
GLU-B0316_ -1.00 -1.00 -1.00 -1.00 -1.00 -1.00 -1.00 -1.00 -1.00 -1.00
GLU-B0321_ -0.99 -0.99 -0.99 -0.99 -0.99 -0.99 -0.99 -0.99 -1.00 -0.99
LYS+B0327_  1.00  1.00  1.00  1.00  1.00  1.00  1.00  1.00  1.00  1.00
LYS+B0328_  1.00  1.00  1.00  1.00  1.00  1.00  1.00  1.00  1.00  1.00
LYS+B0330_  1.00  1.00  1.00  1.00  1.00  1.00  1.00  1.00  1.00  1.00
CTR-B0333_ -0.99 -0.99 -0.99 -0.99 -0.99 -0.99 -0.99 -0.99 -0.99 -0.99
0LI+C0001_  0.00  0.00  0.00  0.00  0.00  0.00  0.00  0.00  0.00  0.00
0LI+D0001_  0.00  0.00  0.00  0.00  0.00  0.00  0.00  0.00  0.00  0.00
----------
Net_Charge -0.30 -0.11 -0.24 -0.12 -0.30 -0.23 -0.23 -0.22 -0.25 -0.24
Protons    -0.30 -0.11 -0.24 -0.12 -0.30 -0.23 -0.23 -0.22 -0.25 -0.24
Electrons   0.00  0.00  0.00  0.00  0.00  0.00  0.00  0.00  0.00  0.00
