iConf CONFORMER     FL  occ    crg   Em0  pKa0 ne nH    vdw0    vdw1    tors    epol   dsolv   extra    history
00001 THR01A0001_001 f 0.00  0.000     0  0.00  0  0  -4.599   0.280   0.377  -0.175  -0.015   0.000 01O000M000t
00002 ILE01A0002_001 f 0.00  0.000     0  0.00  0  0  -4.823  -1.075   0.579   0.000   0.000   0.000 01O000M000t
00003 PHE01A0003_001 f 0.00  0.000     0  0.00  0  0   2.747  -7.345   0.285   0.000   0.000   0.000 01O000M000t
00004 GLU01A0004_001 f 0.00  0.000     0  0.00  0  0  -1.424  -1.711   4.435   0.393  -0.049   0.000 01O000M000t
00005 GLU01A0004_002 f 0.00  0.000     0  0.00  0  0  -1.424  -1.711   1.715   0.139   1.057   0.000 01O000M000t
00006 GLU02A0004_003 f 0.00  0.000     0  0.00  0  0  -1.595  -1.699   4.435   0.117  -0.208   0.000 02O000M000t
00007 GLU02A0004_004 f 0.00  0.000     0  0.00  0  0  -1.595  -1.699   1.715   0.067   1.041   0.000 02O000M000t
00008 GLU-1A0004_005 f 0.00 -1.000     0  4.75  0 -1  -1.631  -1.680   1.715  -0.669   1.713   0.000 -1O000M000t
00009 GLU01A0005_001 f 0.00  0.000     0  0.00  0  0  -0.631  -2.358   4.892   0.571   1.823   0.000 01O000M000t
00010 GLU01A0005_002 f 0.00  0.000     0  0.00  0  0  -0.631  -2.358   2.172   0.206   2.235   0.000 01O000M000t
00011 GLU02A0005_003 f 0.00  0.000     0  0.00  0  0  -0.655  -2.362   4.892  -0.127   1.200   0.000 02O000M000t
00012 GLU02A0005_004 f 0.00  0.000     0  0.00  0  0  -0.655  -2.362   2.172  -0.174   1.996   0.000 02O000M000t
00013 GLU-1A0005_005 f 0.00 -1.000     0  4.75  0 -1  -0.754  -2.313   2.172  -0.820   6.855   0.000 -1O000M000t
00014 ARG01A0006_001 f 0.00  0.000     0  0.00  0  0  -7.443  -1.621   0.851  -0.175   1.148   0.000 01O000M000t
00015 ARG02A0006_002 f 0.00  0.000     0  0.00  0  0  -7.476  -1.627   0.851   0.006   1.772   0.000 02O000M000t
00016 ARG02A0006_003 f 0.00  0.000     0  0.00  0  0  -7.472  -1.627   0.851  -0.071   1.715   0.000 02O000M000t
00017 ARG03A0006_004 f 0.00  0.000     0  0.00  0  0  -7.416  -1.625   0.851   0.011   1.344   0.000 03O000M000t
00018 ARG+1A0006_005 f 0.00  1.000     0 12.50  0  1  -7.515  -1.629   0.851   0.533   1.054   0.000 +1O000M000t
00019 HIS01A0007_001 f 0.00  0.000     0  0.00  0  0  -1.946  -4.993   0.018   0.162   1.848   0.000 01O000M000t
00020 HIS01A0007_002 f 0.00  0.000     0  0.00  0  0  -1.729  -4.542   0.018  -0.069   1.887   0.000 01R001M000t
00021 HIS02A0007_003 f 0.00  0.000     0  0.00  0  0  -1.960  -5.112   0.018   0.063   1.195   0.000 02O000M000t
00022 HIS02A0007_004 f 0.00  0.000     0  0.00  0  0  -1.743  -4.548   0.018   0.362   1.025   0.000 02R001M000t
00023 HIS+1A0007_005 f 0.00  1.000     0  6.98  0  1  -1.987  -5.122   0.018   1.787   1.990   0.000 +1O000M000t
00024 HIS+1A0007_006 f 0.00  1.000     0  6.98  0  1  -1.769  -4.569   0.018   1.879   2.295   0.000 +1R001M000t
00025 LEU01A0008_001 f 0.00  0.000     0  0.00  0  0   1.445  -4.478   0.991   0.000   0.000   0.000 01O000M000t
00026 LYS01A0009_001 f 0.00  0.000     0  0.00  0  0  -4.001  -6.552   1.278  -0.020   0.935   0.000 01O000M000t
00027 LYS+1A0009_002 f 0.00  1.000     0 10.40  0  1  -4.066  -6.665   1.278  -0.607   6.557   0.000 +1O000M000t
00028 TYR01A0010_001 f 0.00  0.000     0  0.00  0  0  -1.966  -2.373   0.207   0.190   1.566   0.000 01O000M000t
00029 TYR01A0010_002 f 0.00  0.000     0  0.00  0  0  -1.966  -2.373   0.207  -0.463   0.998   0.000 01O000M000t
00030 TYR-1A0010_003 f 0.00 -1.000     0 10.20  0 -1  -1.966  -2.373   0.207  -1.362   3.091   0.000 -1O000M000t
00031 ILE01A0011_001 f 0.00  0.000     0  0.00  0  0  -1.641   1.279   0.444   0.000   0.000   0.000 01O000M000t
00032 SER01A0012_001 f 0.00  0.000     0  0.00  0  0  -2.315  -0.309   0.513   0.036   1.568   0.000 01O000M000t
00033 GLN01A0013_001 f 0.00  0.000     0  0.00  0  0  -1.180  -2.579   0.428  -0.035   1.216   0.000 01O000M000t
00034 GLN01A0013_002 f 0.00  0.000     0  0.00  0  0  -0.461  -2.543   0.408   0.208   0.844   0.000 01R001M000t
00035 LEU01A0014_001 f 0.00  0.000     0  0.00  0  0   0.452  -6.350   0.451   0.000   0.000   0.000 01O000M000t
00036 LYS01A0016_001 f 0.00  0.000     0  0.00  0  0  -6.472  -1.196   1.004  -0.014   0.004   0.000 01O000M000t
00037 LYS+1A0016_002 f 0.00  1.000     0 10.40  0  1  -6.542  -1.203   1.004   0.494   0.016   0.000 +1O000M000t
00038 ASN01A0018_001 f 0.00  0.000     0  0.00  0  0  -0.118  -1.266   0.878   0.289   1.104   0.000 01O000M000t
00039 ASN01A0018_002 f 0.00  0.000     0  0.00  0  0  -0.261  -0.955   0.845  -0.271   0.828   0.000 01R001M000t
00040 PHE01A0019_001 f 0.00  0.000     0  0.00  0  0  -2.344   3.419   0.209   0.000   0.000   0.000 01O000M000t
00041 SER01A0021_001 f 0.00  0.000     0  0.00  0  0  -0.356  -2.240   0.408  -0.336   1.536   0.000 01O000M000t
00042 SER01A0021_002 f 0.00  0.000     0  0.00  0  0  -0.356  -2.240   0.408  -0.118   1.628   0.000 01O000M000t
00043 VAL01A0022_001 f 0.00  0.000     0  0.00  0  0   0.554  -4.335   0.002   0.000   0.000   0.000 01O000M000t
00044 GLU01A0023_001 f 0.00  0.000     0  0.00  0  0   0.651  -4.337   3.000   0.290   0.936   0.000 01O000M000t
00045 GLU01A0023_002 f 0.00  0.000     0  0.00  0  0   0.651  -4.337   0.280   0.064   1.060   0.000 01O000M000t
00046 GLU02A0023_003 f 0.00  0.000     0  0.00  0  0   0.204  -4.315   3.000   0.155   0.491   0.000 02O000M000t
00047 GLU02A0023_004 f 0.00  0.000     0  0.00  0  0   0.204  -4.315   0.280   0.035   0.823   0.000 02O000M000t
00048 GLU-1A0023_005 f 0.00 -1.000     0  4.75  0 -1   0.202  -4.276   0.280  -0.222   2.783   0.000 -1O000M000t
00049 LEU01A0024_001 f 0.00  0.000     0  0.00  0  0   0.403  -4.785   0.495   0.000   0.000   0.000 01O000M000t
00050 CYS01A0025_001 f 0.00  0.000     0  0.00  0  0  -0.145  -4.854   0.052  -0.075   0.621   0.000 01O000M000t
00051 CYS01A0025_002 f 0.00  0.000     0  0.00  0  0  -0.145  -4.854   0.052  -0.119   0.878   0.000 01O000M000t
00052 CYS01A0025_003 f 0.00  0.000     0  0.00  0  0  -0.145  -4.768   0.052  -0.193   0.507   0.000 01O000M000t
00053 CYS-1A0025_004 f 0.00 -1.000     0  9.10  0 -1  -0.143  -4.733   0.052  -1.666   7.497   0.000 -1O000M000t
00054 ARG01A0026_001 f 0.00  0.000     0  0.00  0  0  -1.403  -9.888   0.693  -0.619   1.935   0.000 01O000M000t
00055 ARG02A0026_002 f 0.00  0.000     0  0.00  0  0  -1.433  -9.888   0.693  -0.489   2.721   0.000 02O000M000t
00056 ARG03A0026_003 f 0.00  0.000     0  0.00  0  0  -1.440  -9.912   0.693  -0.475   2.644   0.000 03O000M000t
00057 ARG+1A0026_004 f 0.00  1.000     0 12.50  0  1  -1.481  -9.921   0.693  -0.156   2.317   0.000 +1O000M000t
00058 TYR01A0027_001 f 0.00  0.000     0  0.00  0  0   1.525  -6.835   0.382   1.933   1.829   0.000 01O000M000t
00059 TYR-1A0027_002 f 0.00 -1.000     0 10.20  0 -1   1.525  -6.835   0.382  -3.947   5.686   0.000 -1O000M000t
00060 ASP01A0028_001 f 0.00  0.000     0  0.00  0  0   0.179  -3.913   3.671  -3.929   1.374   0.000 01O000M000t
00061 ASP01A0028_002 f 0.00  0.000     0  0.00  0  0   0.179  -3.913   0.951   2.771   2.550   0.000 01O000M000t
00062 ASP02A0028_003 f 0.00  0.000     0  0.00  0  0   0.092  -3.932   3.671  -0.719   2.147   0.000 02O000M000t
00063 ASP02A0028_004 f 0.00  0.000     0  0.00  0  0   0.092  -3.932   0.951   2.112   2.591   0.000 02O000M000t
00064 ASP-1A0028_005 f 0.00 -1.000     0  4.75  0 -1   0.083  -4.420   0.951 -11.808   8.559   0.000 -1O000M000t
00065 PRO01A0029_001 f 0.00  0.000     0  0.00  0  0  -2.948  -1.539   0.000   0.000   0.000   0.000 01O000M000t
00066 LEU01A0030_001 f 0.00  0.000     0  0.00  0  0  -5.843  -1.696   0.415   0.000   0.000   0.000 01O000M000t
00067 ASP01A0032_001 f 0.00  0.000     0  0.00  0  0  -1.559   0.140   2.756   4.489   1.520   0.000 01O000M000t
00068 ASP01A0032_002 f 0.00  0.000     0  0.00  0  0  -1.559   0.140   0.036   0.034   1.836   0.000 01O000M000t
00069 ASP02A0032_003 f 0.00  0.000     0  0.00  0  0  -1.617  -0.757   2.756  -2.622   0.802   0.000 02O000M000t
00070 ASP02A0032_004 f 0.00  0.000     0  0.00  0  0  -1.617  -0.757   0.036  -2.173   2.192   0.000 02O000M000t
00071 ASP-1A0032_005 f 0.00 -1.000     0  4.75  0 -1  -1.575  -0.689   0.036  -6.484   5.836   0.000 -1O000M000t
00072 ASN01A0033_001 f 0.00  0.000     0  0.00  0  0  -2.735   2.521   0.330  -0.067   0.013   0.000 01O000M000t
00073 ASN01A0033_002 f 0.00  0.000     0  0.00  0  0  -2.610   3.225   0.320   0.758   0.140   0.000 01R001M000t
00074 THR01A0034_001 f 0.00  0.000     0  0.00  0  0  -4.006  -0.336   0.491   1.321   1.318   0.000 01O000M000t
00075 THR01A0034_002 f 0.00  0.000     0  0.00  0  0  -4.006  -0.336   0.491  -0.431   0.648   0.000 01O000M000t
00076 THR01A0034_003 f 0.00  0.000     0  0.00  0  0  -4.006  -0.336   0.116  -1.337   0.663   0.000 01O000M000t
00077 ALA01A0036_001 f 0.00  0.000     0  0.00  0  0  -3.535  -0.903   0.000   0.000   0.000   0.000 01O000M000t
00078 LEU01A0037_001 f 0.00  0.000     0  0.00  0  0  -1.805  -2.978   0.452   0.000   0.000   0.000 01O000M000t
00079 VAL01A0038_001 f 0.00  0.000     0  0.00  0  0   0.298  -4.442   0.238   0.000   0.000   0.000 01O000M000t
00080 ALA01A0039_001 f 0.00  0.000     0  0.00  0  0   0.000  -2.286   0.000   0.000   0.000   0.000 01O000M000t
00081 VAL01A0040_001 f 0.00  0.000     0  0.00  0  0   0.340  -3.311   0.017   0.000   0.000   0.000 01O000M000t
00082 LYS01A0041_001 f 0.00  0.000     0  0.00  0  0   0.658  -5.829   0.970   0.360   1.046   0.000 01O000M000t
00083 LYS+1A0041_002 f 0.00  1.000     0 10.40  0  1   0.614  -5.863   0.970   2.067   8.018   0.000 +1O000M000t
00084 GLN01A0042_001 f 0.00  0.000     0  0.00  0  0   0.617  -6.493   1.702  -0.372   2.861   0.000 01O000M000t
00085 GLN01A0042_002 f 0.00  0.000     0  0.00  0  0   0.897  -6.770   1.701   0.595   2.917   0.000 01R001M000t
00086 LEU01A0043_001 f 0.00  0.000     0  0.00  0  0   0.969  -3.930   0.472   0.000   0.000   0.000 01O000M000t
00087 GLN01A0044_001 f 0.00  0.000     0  0.00  0  0  -0.604  -6.171   1.307  -0.131   0.612   0.000 01O000M000t
00088 GLN01A0044_002 f 0.00  0.000     0  0.00  0  0  -0.320  -6.177   1.298   0.239   0.545   0.000 01R001M000t
00089 HIS01A0045_001 f 0.00  0.000     0  0.00  0  0  -7.161  -1.508   0.002   0.320   0.805   0.000 01O000M000t
00090 HIS01A0045_002 f 0.00  0.000     0  0.00  0  0  -6.990  -3.340   0.002   0.488   0.711   0.000 01R001M000t
00091 HIS02A0045_003 f 0.00  0.000     0  0.00  0  0  -7.182  -1.525   0.002   0.098   0.504   0.000 02O000M000t
00092 HIS02A0045_004 f 0.00  0.000     0  0.00  0  0  -7.001  -3.491   0.002  -0.212   0.853   0.000 02R001M000t
00093 HIS+1A0045_005 f 0.00  1.000     0  6.98  0  1  -7.209  -1.535   0.002   0.617   0.485   0.000 +1O000M000t
00094 HIS+1A0045_006 f 0.00  1.000     0  6.98  0  1  -7.027  -3.496   0.002   0.398   0.778   0.000 +1R001M000t
00095 SER01A0046_001 f 0.00  0.000     0  0.00  0  0  -5.205  -0.652   0.925  -0.198  -0.204   0.000 01O000M000t
00096 PRO01A0048_001 f 0.00  0.000     0  0.00  0  0  -7.205  -0.612   0.000   0.000   0.000   0.000 01O000M000t
00097 ASP01A0049_001 f 0.00  0.000     0  0.00  0  0  -2.596   0.182   3.095   0.955   0.203   0.000 01O000M000t
00098 ASP01A0049_002 f 0.00  0.000     0  0.00  0  0  -2.596   0.182   0.375   0.353   0.511   0.000 01O000M000t
00099 ASP02A0049_003 f 0.00  0.000     0  0.00  0  0  -2.619  -0.236   3.095   0.460  -0.523   0.000 02O000M000t
00100 ASP02A0049_004 f 0.00  0.000     0  0.00  0  0  -2.619  -0.236   0.375   0.345   0.570   0.000 02O000M000t
00101 ASP-1A0049_005 f 0.00 -1.000     0  4.75  0 -1  -2.583  -0.204   0.375  -0.929   0.424   0.000 -1O000M000t
00102 GLN01A0050_001 f 0.00  0.000     0  0.00  0  0  -0.500  -4.301   1.882  -0.433   0.576   0.000 01O000M000t
00103 GLN01A0050_002 f 0.00  0.000     0  0.00  0  0   0.060  -4.326   1.874   0.399   0.449   0.000 01R001M000t
00104 GLN01A0051_001 f 0.00  0.000     0  0.00  0  0   0.898  -3.793   0.615   0.776   2.099   0.000 01O000M000t
00105 ARG01A0052_001 f 0.00  0.000     0  0.00  0  0  -1.405  -4.852   1.043   0.134   2.028   0.000 01O000M000t
00106 ARG02A0052_002 f 0.00  0.000     0  0.00  0  0  -1.459  -4.888   1.043   0.224   2.854   0.000 02O000M000t
00107 ARG02A0052_003 f 0.00  0.000     0  0.00  0  0  -1.380  -4.886   1.043   0.161   2.664   0.000 02O000M000t
00108 ARG03A0052_004 f 0.00  0.000     0  0.00  0  0  -1.465  -4.879   1.043   0.200   2.797   0.000 03O000M000t
00109 ARG03A0052_005 f 0.00  0.000     0  0.00  0  0  -1.458  -4.819   1.043   0.022   2.428   0.000 03O000M000t
00110 ARG+1A0052_006 f 0.00  1.000     0 12.50  0  1  -1.505  -4.897   1.043   0.526   2.875   0.000 +1O000M000t
00111 ASP01A0053_001 f 0.00  0.000     0  0.00  0  0  -0.650  -2.038   3.146   0.036   0.553   0.000 01O000M000t
00112 ASP01A0053_002 f 0.00  0.000     0  0.00  0  0  -0.650  -2.038   0.426   0.136   1.450   0.000 01O000M000t
00113 ASP02A0053_003 f 0.00  0.000     0  0.00  0  0  -0.781  -1.439   3.146   0.535   1.188   0.000 02O000M000t
00114 ASP02A0053_004 f 0.00  0.000     0  0.00  0  0  -0.781  -1.439   0.426   0.174   1.412   0.000 02O000M000t
00115 ASP-1A0053_005 f 0.00 -1.000     0  4.75  0 -1  -0.710  -1.960   0.426  -0.001   4.734   0.000 -1O000M000t
00116 PHE01A0054_001 f 0.00  0.000     0  0.00  0  0   4.382  -8.755   0.162   0.000   0.000   0.000 01O000M000t
00117 GLN01A0055_001 f 0.00  0.000     0  0.00  0  0  30.364 249.352   3.223   0.178   2.880   0.000 01O000M000t
00118 ARG01A0056_001 f 0.00  0.000     0  0.00  0  0  -4.336  -3.793   7.908  -0.004   0.784   0.000 01O000M000t
00119 ARG02A0056_002 f 0.00  0.000     0  0.00  0  0  -4.387  -3.801   7.908  -0.090   2.493   0.000 02O000M000t
00120 ARG02A0056_003 f 0.00  0.000     0  0.00  0  0  -4.392  -3.799   7.908  -0.013   1.946   0.000 02O000M000t
00121 ARG03A0056_004 f 0.00  0.000     0  0.00  0  0  -4.378  -3.801   7.908  -0.078   2.201   0.000 03O000M000t
00122 ARG+1A0056_005 f 0.00  1.000     0 12.50  0  1  -4.425  -3.804   7.908  -0.287   1.254   0.000 +1O000M000t
00123 GLU01A0057_001 f 0.00  0.000     0  0.00  0  0   1.980  -5.972   2.966  -0.667   1.570   0.000 01O000M000t
00124 GLU01A0057_002 f 0.00  0.000     0  0.00  0  0   1.980  -5.972   0.246  -0.531   1.959   0.000 01O000M000t
00125 GLU02A0057_003 f 0.00  0.000     0  0.00  0  0   1.574  -6.059   2.966   0.802   0.533   0.000 02O000M000t
00126 GLU02A0057_004 f 0.00  0.000     0  0.00  0  0   1.574  -6.059   0.246   0.401   1.508   0.000 02O000M000t
00127 GLU-1A0057_005 f 0.00 -1.000     0  4.75  0 -1   1.507  -5.969   0.246  -1.543   6.308   0.000 -1O000M000t
00128 ILE01A0058_001 f 0.00  0.000     0  0.00  0  0   2.308  -2.902   0.659   0.000   0.000   0.000 01O000M000t
00129 GLN01A0059_001 f 0.00  0.000     0  0.00  0  0  -1.799  -2.412   0.952  -0.025   0.391   0.000 01O000M000t
00130 GLN01A0059_002 f 0.00  0.000     0  0.00  0  0  -1.838  -2.439   0.933   0.136   0.127   0.000 01R001M000t
00131 ILE01A0060_001 f 0.00  0.000     0  0.00  0  0   2.457  -3.350   0.498   0.000   0.000   0.000 01O000M000t
00132 LEU01A0061_001 f 0.00  0.000     0  0.00  0  0   1.238  -4.326   0.607   0.000   0.000   0.000 01O000M000t
00133 LYS01A0062_001 f 0.00  0.000     0  0.00  0  0  -0.427  -3.013   2.893  -0.064   0.190   0.000 01O000M000t
00134 LYS+1A0062_002 f 0.00  1.000     0 10.40  0  1  -0.523  -3.025   2.893  -0.315   0.525   0.000 +1O000M000t
00135 ALA01A0063_001 f 0.00  0.000     0  0.00  0  0  -2.692  -0.753   0.000   0.000   0.000   0.000 01O000M000t
00136 LEU01A0064_001 f 0.00  0.000     0  0.00  0  0   1.389  -0.778   0.406   0.000   0.000   0.000 01O000M000t
00137 HIS01A0065_001 f 0.00  0.000     0  0.00  0  0  -8.516  -3.127   0.293   0.534   0.892   0.000 01O000M000t
00138 HIS01A0065_002 f 0.00  0.000     0  0.00  0  0  -8.154  -3.121   0.293   0.298   0.848   0.000 01R001M000t
00139 HIS02A0065_003 f 0.00  0.000     0  0.00  0  0  -8.535  -3.120   0.293   0.371   0.577   0.000 02O000M000t
00140 HIS02A0065_004 f 0.00  0.000     0  0.00  0  0  -8.167  -3.156   0.293   0.463   0.691   0.000 02R001M000t
00141 HIS+1A0065_005 f 0.00  1.000     0  6.98  0  1  -8.562  -3.164   0.293  -0.089   0.159   0.000 +1O000M000t
00142 HIS+1A0065_006 f 0.00  1.000     0  6.98  0  1  -8.193  -3.183   0.293  -0.162   0.319   0.000 +1R001M000t
00143 SER01A0066_001 f 0.00  0.000     0  0.00  0  0  -0.337  -1.587   0.614   3.934   1.572   0.000 01O000M000t
00144 SER01A0066_002 f 0.00  0.000     0  0.00  0  0  -0.337  -1.587   0.239  -1.291   1.106   0.000 01O000M000t
00145 ASP01A0067_001 f 0.00  0.000     0  0.00  0  0  -2.988  -0.139   2.998   0.364  -0.501   0.000 01O000M000t
00146 ASP01A0067_002 f 0.00  0.000     0  0.00  0  0  -2.988  -0.139   0.278   0.272   0.239   0.000 01O000M000t
00147 ASP02A0067_003 f 0.00  0.000     0  0.00  0  0  -3.016   0.236   2.998   0.464  -0.123   0.000 02O000M000t
00148 ASP02A0067_004 f 0.00  0.000     0  0.00  0  0  -3.016   0.236   0.278   0.253   0.582   0.000 02O000M000t
00149 ASP-1A0067_005 f 0.00 -1.000     0  4.75  0 -1  -2.918  -0.107   0.278  -0.346   0.093   0.000 -1O000M000t
00150 PHE01A0068_001 f 0.00  0.000     0  0.00  0  0   1.556  -7.324   0.256   0.000   0.000   0.000 01O000M000t
00151 ILE01A0069_001 f 0.00  0.000     0  0.00  0  0   2.127  -4.602   0.650   0.000   0.000   0.000 01O000M000t
00152 VAL01A0070_001 f 0.00  0.000     0  0.00  0  0   0.492  -2.763   0.058   0.000   0.000   0.000 01O000M000t
00153 LYS01A0071_001 f 0.00  0.000     0  0.00  0  0  -4.357  -2.056   1.420  -0.020   0.107   0.000 01O000M000t
00154 LYS+1A0071_002 f 0.00  1.000     0 10.40  0  1  -4.405  -2.059   1.420  -0.047   0.468   0.000 +1O000M000t
00155 TYR01A0072_001 f 0.00  0.000     0  0.00  0  0   3.169 -10.754   0.182  -0.195   1.946   0.000 01O000M000t
00156 TYR-1A0072_002 f 0.00 -1.000     0 10.20  0 -1   3.169 -10.754   0.182  -1.299   7.563   0.000 -1O000M000t
00157 ARG01A0073_001 f 0.00  0.000     0  0.00  0  0  -4.250  -4.670   1.073  -0.177   0.726   0.000 01O000M000t
00158 ARG02A0073_002 f 0.00  0.000     0  0.00  0  0  -4.292  -4.705   1.073  -0.041   2.201   0.000 02O000M000t
00159 ARG03A0073_003 f 0.00  0.000     0  0.00  0  0  -4.296  -4.706   1.073  -0.064   1.761   0.000 03O000M000t
00160 ARG+1A0073_004 f 0.00  1.000     0 12.50  0  1  -4.335  -4.710   1.073   0.202   1.280   0.000 +1O000M000t
00161 VAL01A0075_001 f 0.00  0.000     0  0.00  0  0   0.359  -2.171   0.128   0.000   0.000   0.000 01O000M000t
00162 SER01A0076_001 f 0.00  0.000     0  0.00  0  0   0.000  -0.336   1.456   0.079   1.956   0.000 01O000M000t
00163 SER01A0076_002 f 0.00  0.000     0  0.00  0  0   0.000  -0.336   1.456  -0.165   1.962   0.000 01O000M000t
00164 SER01A0076_003 f 0.00  0.000     0  0.00  0  0   0.000  -0.336   1.081  -0.727   1.955   0.000 01O000M000t
00165 TYR01A0077_001 f 0.00  0.000     0  0.00  0  0   2.970  -5.232   0.161   0.234   0.572   0.000 01O000M000t
00166 TYR-1A0077_002 f 0.00 -1.000     0 10.20  0 -1   2.970  -5.232   0.161  -0.574   1.804   0.000 -1O000M000t
00167 PRO01A0079_001 f 0.00  0.000     0  0.00  0  0  -5.061  -0.645   0.000   0.000   0.000   0.000 01O000M000t
00168 ARG01A0081_001 f 0.00  0.000     0  0.00  0  0 -13.031   0.104  17.715   0.039  -0.157   0.000 01O000M000t
00169 ARG02A0081_002 f 0.00  0.000     0  0.00  0  0 -13.038   0.102  17.715   0.041   0.475   0.000 02O000M000t
00170 ARG03A0081_003 f 0.00  0.000     0  0.00  0  0 -13.052   0.102  17.715   0.050   1.287   0.000 03O000M000t
00171 ARG+1A0081_004 f 0.00  1.000     0 12.50  0  1 -13.092   0.101  17.715   0.154  -0.252   0.000 +1O000M000t
00172 GLN01A0082_001 f 0.00  0.000     0  0.00  0  0  -0.275   3.005   2.015   0.052   0.932   0.000 01O000M000t
00173 GLN01A0082_002 f 0.00  0.000     0  0.00  0  0   0.179   2.860   1.997   0.035   0.467   0.000 01R001M000t
00174 SER01A0083_001 f 0.00  0.000     0  0.00  0  0  -0.361  -1.305   0.382  -0.142   1.057   0.000 01O000M000t
00175 SER01A0083_002 f 0.00  0.000     0  0.00  0  0  -0.361  -1.305   0.007  -0.528   0.762   0.000 01O000M000t
00176 LEU01A0084_001 f 0.00  0.000     0  0.00  0  0  -2.083  -3.833   0.545   0.000   0.000   0.000 01O000M000t
00177 ARG01A0085_001 f 0.00  0.000     0  0.00  0  0  -1.241  -4.142   1.355  -0.025   1.680   0.000 01O000M000t
00178 ARG02A0085_002 f 0.00  0.000     0  0.00  0  0  -1.256  -4.149   1.355   0.143   2.424   0.000 02O000M000t
00179 ARG02A0085_003 f 0.00  0.000     0  0.00  0  0  -1.162  -4.138   1.355   0.113   2.053   0.000 02O000M000t
00180 ARG03A0085_004 f 0.00  0.000     0  0.00  0  0  -1.264  -4.153   1.355   0.119   2.346   0.000 03O000M000t
00181 ARG03A0085_005 f 0.00  0.000     0  0.00  0  0  -1.260  -4.150   1.355   0.082   1.991   0.000 03O000M000t
00182 ARG+1A0085_006 f 0.00  1.000     0 12.50  0  1  -1.303  -4.156   1.355   0.350   4.180   0.000 +1O000M000t
00183 LEU01A0086_001 f 0.00  0.000     0  0.00  0  0   1.364  -5.235   0.619   0.000   0.000   0.000 01O000M000t
00184 VAL01A0087_001 f 0.00  0.000     0  0.00  0  0   0.566  -4.191   0.053   0.000   0.000   0.000 01O000M000t
00185 MET01A0088_001 f 0.00  0.000     0  0.00  0  0   0.362  -6.508   0.523   0.006   0.086   0.000 01O000M000t
00186 GLU01A0089_001 f 0.00  0.000     0  0.00  0  0   1.384  -2.257   3.087  -1.196   1.785   0.000 01O000M000t
00187 GLU01A0089_002 f 0.00  0.000     0  0.00  0  0   1.384  -2.257   0.367  -1.153   2.022   0.000 01O000M000t
00188 GLU02A0089_003 f 0.00  0.000     0  0.00  0  0   1.085  -1.772   3.087   3.098   1.888   0.000 02O000M000t
00189 GLU02A0089_004 f 0.00  0.000     0  0.00  0  0   1.085  -1.772   0.367  -0.252   2.428   0.000 02O000M000t
00190 GLU-1A0089_005 f 0.00 -1.000     0  4.75  0 -1   0.996  -2.194   0.367  -3.976   9.599   0.000 -1O000M000t
00191 TYR01A0090_001 f 0.00  0.000     0  0.00  0  0   3.062  -7.738   0.175  -0.236   1.157   0.000 01O000M000t
00192 TYR01A0090_002 f 0.00  0.000     0  0.00  0  0   3.062  -7.738   0.175  -0.225   1.108   0.000 01O000M000t
00193 TYR-1A0090_003 f 0.00 -1.000     0 10.20  0 -1   3.062  -7.738   0.175  -1.959   4.675   0.000 -1O000M000t
00194 LEU01A0091_001 f 0.00  0.000     0  0.00  0  0   0.301   0.725   0.568   0.000   0.000   0.000 01O000M000t
00195 PRO01A0092_001 f 0.00  0.000     0  0.00  0  0  -4.558  -0.299   0.000   0.000   0.000   0.000 01O000M000t
00196 SER01A0093_001 f 0.00  0.000     0  0.00  0  0  -1.445  -1.718   0.381  -0.292  -0.116   0.000 01O000M000t
00197 SER01A0093_002 f 0.00  0.000     0  0.00  0  0  -1.445  -1.718   0.381   0.091   0.186   0.000 01O000M000t
00198 CYS01A0095_001 f 0.00  0.000     0  0.00  0  0  -0.502  -2.954   0.118   1.745   0.900   0.000 01O000M000t
00199 CYS01A0095_002 f 0.00  0.000     0  0.00  0  0  -0.502  -3.005   0.118  -0.946   0.903   0.000 01O000M000t
00200 CYS01A0095_003 f 0.00  0.000     0  0.00  0  0  -0.502  -2.829   0.118  -0.724   0.674   0.000 01O000M000t
00201 CYS-1A0095_004 f 0.00 -1.000     0  9.10  0 -1  -0.500  -2.728   0.118  -5.814   7.340   0.000 -1O000M000t
00202 LEU01A0096_001 f 0.00  0.000     0  0.00  0  0   1.385  -5.035   0.492   0.000   0.000   0.000 01O000M000t
00203 ARG01A0097_001 f 0.00  0.000     0  0.00  0  0  -3.945  -4.608   0.560  -0.181   0.782   0.000 01O000M000t
00204 ARG02A0097_002 f 0.00  0.000     0  0.00  0  0  -3.968  -4.630   0.560  -0.269   1.546   0.000 02O000M000t
00205 ARG03A0097_003 f 0.00  0.000     0  0.00  0  0  -4.021  -4.627   0.560   0.023   1.650   0.000 03O000M000t
00206 ARG+1A0097_004 f 0.00  1.000     0 12.50  0  1  -4.067  -4.637   0.560   1.871   1.000   0.000 +1O000M000t
00207 ASP01A0098_001 f 0.00  0.000     0  0.00  0  0  -1.773  -2.252   3.181   0.774  -0.408   0.000 01O000M000t
00208 ASP01A0098_002 f 0.00  0.000     0  0.00  0  0  -1.773  -2.252   0.461   0.485   0.841   0.000 01O000M000t
00209 ASP02A0098_003 f 0.00  0.000     0  0.00  0  0  -1.631  -2.449   3.181   0.585   0.275   0.000 02O000M000t
00210 ASP02A0098_004 f 0.00  0.000     0  0.00  0  0  -1.631  -2.449   0.461   0.471   0.980   0.000 02O000M000t
00211 ASP-1A0098_005 f 0.00 -1.000     0  4.75  0 -1  -1.696  -2.375   0.461  -0.423   1.895   0.000 -1O000M000t
00212 PHE01A0099_001 f 0.00  0.000     0  0.00  0  0   3.769  -6.976   0.202   0.000   0.000   0.000 01O000M000t
00213 LEU01A0100_001 f 0.00  0.000     0  0.00  0  0   1.675  -6.514   0.597   0.000   0.000   0.000 01O000M000t
00214 GLN01A0101_001 f 0.00  0.000     0  0.00  0  0   1.460  -6.198   1.049   0.195   1.277   0.000 01O000M000t
00215 GLN01A0101_002 f 0.00  0.000     0  0.00  0  0   0.521  -6.058   1.048  -1.035   0.652   0.000 01R001M000t
00216 ARG01A0102_001 f 0.00  0.000     0  0.00  0  0  -6.300  -3.429   0.885  -0.118   0.542   0.000 01O000M000t
00217 ARG02A0102_002 f 0.00  0.000     0  0.00  0  0  -6.346  -3.430   0.885  -0.094   1.606   0.000 02O000M000t
00218 ARG03A0102_003 f 0.00  0.000     0  0.00  0  0  -6.351  -3.435   0.885  -0.107   1.508   0.000 03O000M000t
00219 ARG+1A0102_004 f 0.00  1.000     0 12.50  0  1  -6.390  -3.437   0.885  -0.190   0.704   0.000 +1O000M000t
00220 HIS01A0103_001 f 0.00  0.000     0  0.00  0  0  -2.538  -3.565   0.280   0.065   1.235   0.000 01O000M000t
00221 HIS01A0103_002 f 0.00  0.000     0  0.00  0  0  -2.221  -3.913   0.280   0.730   1.938   0.000 01R001M000t
00222 HIS02A0103_003 f 0.00  0.000     0  0.00  0  0  -2.554  -3.604   0.280   0.013   1.375   0.000 02O000M000t
00223 HIS02A0103_004 f 0.00  0.000     0  0.00  0  0  -2.235  -4.015   0.280  -0.036   2.146   0.000 02R001M000t
00224 HIS+1A0103_005 f 0.00  1.000     0  6.98  0  1  -2.581  -3.622   0.280  -0.023   2.373   0.000 +1O000M000t
00225 HIS+1A0103_006 f 0.00  1.000     0  6.98  0  1  -2.262  -4.024   0.280  -0.163   3.962   0.000 +1R001M000t
00226 ARG01A0104_001 f 0.00  0.000     0  0.00  0  0  -2.545  -3.185   3.566  -0.110   0.722   0.000 01O000M000t
00227 ARG02A0104_002 f 0.00  0.000     0  0.00  0  0  -2.498  -3.163   3.566   0.068   1.429   0.000 02O000M000t
00228 ARG03A0104_003 f 0.00  0.000     0  0.00  0  0  -2.577  -3.187   3.566  -0.041   1.665   0.000 03O000M000t
00229 ARG+1A0104_004 f 0.00  1.000     0 12.50  0  1  -2.617  -3.196   3.566  -0.647   0.551   0.000 +1O000M000t
00230 ALA01A0105_001 f 0.00  0.000     0  0.00  0  0  -4.736  -0.378   0.000   0.000   0.000   0.000 01O000M000t
00231 ARG01A0106_001 f 0.00  0.000     0  0.00  0  0  -7.465  -0.043   0.670   0.017   0.248   0.000 01O000M000t
00232 ARG02A0106_002 f 0.00  0.000     0  0.00  0  0  -7.539  -0.054   0.670   0.015   1.221   0.000 02O000M000t
00233 ARG02A0106_003 f 0.00  0.000     0  0.00  0  0  -7.480  -0.052   0.670   0.012   0.553   0.000 02O000M000t
00234 ARG03A0106_004 f 0.00  0.000     0  0.00  0  0  -7.538  -0.053   0.670   0.030   1.127   0.000 03O000M000t
00235 ARG+1A0106_005 f 0.00  1.000     0 12.50  0  1  -7.582  -0.055   0.670   0.087   0.627   0.000 +1O000M000t
00236 LEU01A0107_001 f 0.00  0.000     0  0.00  0  0   1.791  -3.628   0.622   0.000   0.000   0.000 01O000M000t
00237 ASP01A0108_001 f 0.00  0.000     0  0.00  0  0  -2.367  -0.806   2.834  -0.927  -0.396   0.000 01O000M000t
00238 ASP01A0108_002 f 0.00  0.000     0  0.00  0  0  -2.367  -0.806   0.114  -0.841   1.212   0.000 01O000M000t
00239 ASP02A0108_003 f 0.00  0.000     0  0.00  0  0  -2.305   0.101   2.834   2.217   1.255   0.000 02O000M000t
00240 ASP02A0108_004 f 0.00  0.000     0  0.00  0  0  -2.305   0.101   0.114   0.054   1.034   0.000 02O000M000t
00241 ASP-1A0108_005 f 0.00 -1.000     0  4.75  0 -1  -2.301  -0.745   0.114  -2.954   2.210   0.000 -1O000M000t
00242 ALA01A0109_001 f 0.00  0.000     0  0.00  0  0  -2.318  -0.501   0.000   0.000   0.000   0.000 01O000M000t
00243 SER01A0110_001 f 0.00  0.000     0  0.00  0  0  -4.428  -0.922   0.589  -0.367  -0.281   0.000 01O000M000t
00244 SER01A0110_002 f 0.00  0.000     0  0.00  0  0  -4.428  -0.922   0.214  -0.415  -0.289   0.000 01O000M000t
00245 ARG01A0111_001 f 0.00  0.000     0  0.00  0  0  -2.360  -0.947   0.630  -0.427   1.483   0.000 01O000M000t
00246 ARG02A0111_002 f 0.00  0.000     0  0.00  0  0  -2.385  -0.981   0.630  -0.412   2.288   0.000 02O000M000t
00247 ARG02A0111_003 f 0.00  0.000     0  0.00  0  0  -2.287  -0.932   0.630   0.717   1.854   0.000 02O000M000t
00248 ARG03A0111_004 f 0.00  0.000     0  0.00  0  0  -2.388  -0.993   0.630  -0.342   2.132   0.000 03O000M000t
00249 ARG+1A0111_005 f 0.00  1.000     0 12.50  0  1  -2.433  -1.002   0.630  -1.134   2.876   0.000 +1O000M000t
00250 LEU01A0112_001 f 0.00  0.000     0  0.00  0  0   1.285  -5.209   0.428   0.000   0.000   0.000 01O000M000t
00251 LEU01A0113_001 f 0.00  0.000     0  0.00  0  0   0.767  -5.115   0.921   0.000   0.000   0.000 01O000M000t
00252 LEU01A0114_001 f 0.00  0.000     0  0.00  0  0  -2.342  -3.669   0.606   0.000   0.000   0.000 01O000M000t
00253 TYR01A0115_001 f 0.00  0.000     0  0.00  0  0   4.125  -2.844   0.000  -1.532   2.679   0.000 01O000M000t
00254 TYR01A0115_002 f 0.00  0.000     0  0.00  0  0   4.125  -2.844   0.000   1.760   2.684   0.000 01O000M000t
00255 TYR-1A0115_003 f 0.00 -1.000     0 10.20  0 -1   4.125  -2.844   0.000   3.303  14.261   0.000 -1O000M000t
00256 SER01A0116_001 f 0.00  0.000     0  0.00  0  0   0.000  -1.182   0.395   0.206   1.991   0.000 01O000M000t
00257 SER01A0116_002 f 0.00  0.000     0  0.00  0  0   0.000  -1.182   0.395  -1.943   1.994   0.000 01O000M000t
00258 SER01A0117_001 f 0.00  0.000     0  0.00  0  0   0.000  -2.656   0.458  -0.208   1.352   0.000 01O000M000t
00259 SER01A0117_002 f 0.00  0.000     0  0.00  0  0   0.000  -2.656   0.458  -0.335   1.528   0.000 01O000M000t
00260 SER01A0117_003 f 0.00  0.000     0  0.00  0  0   0.000  -2.656   0.083  -0.565   1.124   0.000 01O000M000t
00261 GLN01A0118_001 f 0.00  0.000     0  0.00  0  0   0.384  -4.641   0.356  -2.550   2.481   0.000 01O000M000t
00262 GLN01A0118_002 f 0.00  0.000     0  0.00  0  0   1.113  -3.941   0.348   1.572   2.022   0.000 01R001M000t
00263 ILE01A0119_001 f 0.00  0.000     0  0.00  0  0   1.484  -3.126   0.556   0.000   0.000   0.000 01O000M000t
00264 CYS01A0120_001 f 0.00  0.000     0  0.00  0  0  -0.002  -4.708   0.037  -0.779   0.762   0.000 01O000M000t
00265 CYS01A0120_002 f 0.00  0.000     0  0.00  0  0  -0.002  -4.630   0.037  -0.026   0.948   0.000 01O000M000t
00266 CYS01A0120_003 f 0.00  0.000     0  0.00  0  0  -0.003  -4.731   0.037   0.113   0.963   0.000 01O000M000t
00267 CYS-1A0120_004 f 0.00 -1.000     0  9.10  0 -1   0.000  -4.523   0.037  -2.371  11.474   0.000 -1O000M000t
00268 LYS01A0121_001 f 0.00  0.000     0  0.00  0  0  -3.925  -3.861   1.228   0.009   0.022   0.000 01O000M000t
00269 LYS+1A0121_002 f 0.00  1.000     0 10.40  0  1  -3.972  -3.868   1.228  -0.034   1.006   0.000 +1O000M000t
00270 MET01A0123_001 f 0.00  0.000     0  0.00  0  0   0.970  -4.484   0.172  -0.050   0.097   0.000 01O000M000t
00271 GLU01A0124_001 f 0.00  0.000     0  0.00  0  0  -0.812  -5.378   3.004   0.243   0.615   0.000 01O000M000t
00272 GLU01A0124_002 f 0.00  0.000     0  0.00  0  0  -0.812  -5.378   0.284   0.089   0.950   0.000 01O000M000t
00273 GLU02A0124_003 f 0.00  0.000     0  0.00  0  0  -0.984  -5.309   3.004   0.221  -0.059   0.000 02O000M000t
00274 GLU02A0124_004 f 0.00  0.000     0  0.00  0  0  -0.984  -5.309   0.284   0.089   0.903   0.000 02O000M000t
00275 GLU-1A0124_005 f 0.00 -1.000     0  4.75  0 -1  -1.013  -5.277   0.284  -0.430   1.911   0.000 -1O000M000t
00276 TYR01A0125_001 f 0.00  0.000     0  0.00  0  0   1.159  -6.549   0.041  -0.912   1.456   0.000 01O000M000t
00277 TYR01A0125_002 f 0.00  0.000     0  0.00  0  0   1.159  -6.549   0.041   2.873   1.947   0.000 01O000M000t
00278 TYR-1A0125_003 f 0.00 -1.000     0 10.20  0 -1   1.159  -6.549   0.041  -2.317   4.078   0.000 -1O000M000t
00279 LEU01A0126_001 f 0.00  0.000     0  0.00  0  0   1.925  -3.429   2.733   0.000   0.000   0.000 01O000M000t
00280 SER01A0128_001 f 0.00  0.000     0  0.00  0  0  -2.376  -0.306   1.516  -2.216   1.541   0.000 01O000M000t
00281 SER01A0128_002 f 0.00  0.000     0  0.00  0  0  -2.376  -0.306   1.516   0.228   0.930   0.000 01O000M000t
00282 SER01A0128_003 f 0.00  0.000     0  0.00  0  0  -2.376  -0.306   1.141  -0.209   0.328   0.000 01O000M000t
00283 ARG01A0129_001 f 0.00  0.000     0  0.00  0  0  -5.053  -2.311   0.677   0.077   0.312   0.000 01O000M000t
00284 ARG02A0129_002 f 0.00  0.000     0  0.00  0  0  -5.126  -2.337   0.677  -0.031   1.252   0.000 02O000M000t
00285 ARG03A0129_003 f 0.00  0.000     0  0.00  0  0  -5.130  -2.339   0.677  -0.037   1.144   0.000 03O000M000t
00286 ARG+1A0129_004 f 0.00  1.000     0 12.50  0  1  -5.169  -2.342   0.677  -0.439   1.010   0.000 +1O000M000t
00287 ARG01A0130_001 f 0.00  0.000     0  0.00  0  0  -0.383  -5.892   0.503  -0.085   2.879   0.000 01O000M000t
00288 ARG02A0130_002 f 0.00  0.000     0  0.00  0  0  -0.420  -6.006   0.503  -1.723   3.584   0.000 02O000M000t
00289 ARG02A0130_003 f 0.00  0.000     0  0.00  0  0  -0.415  -5.909   0.503   0.816   3.604   0.000 02O000M000t
00290 ARG03A0130_004 f 0.00  0.000     0  0.00  0  0  -0.411  -6.065   0.503  -1.835   3.425   0.000 03O000M000t
00291 ARG03A0130_005 f 0.00  0.000     0  0.00  0  0  -0.310  -6.063   0.503  -1.836   3.230   0.000 03O000M000t
00292 ARG+1A0130_006 f 0.00  1.000     0 12.50  0  1  -0.460  -6.077   0.503  -4.387   4.987   0.000 +1O000M000t
00293 CYS01A0131_001 f 0.00  0.000     0  0.00  0  0  -0.002  -4.020   0.005   0.174   0.969   0.000 01O000M000t
00294 CYS01A0131_002 f 0.00  0.000     0  0.00  0  0  -0.002  -3.973   0.005  -0.315   0.969   0.000 01O000M000t
00295 CYS01A0131_003 f 0.00  0.000     0  0.00  0  0  -0.002  -3.884   0.005  -0.185   0.982   0.000 01O000M000t
00296 CYS-1A0131_004 f 0.00 -1.000     0  9.10  0 -1   0.000  -3.850   0.005  -2.535  12.348   0.000 -1O000M000t
00297 VAL01A0132_001 f 0.00  0.000     0  0.00  0  0   0.726  -4.829   0.010   0.000   0.000   0.000 01O000M000t
00298 HIS01A0133_001 f 0.00  0.000     0  0.00  0  0  -0.147  -2.637   0.177  -3.552   3.811   0.000 01O000M000t
00299 HIS02A0133_002 f 0.00  0.000     0  0.00  0  0  -0.166  -3.713   0.177   4.373   3.754   0.000 02O000M000t
00300 HIS+1A0133_003 f 0.00  1.000     0  6.98  0  1  -0.193  -2.920   0.177   6.754  10.844   0.000 +1O000M000t
00301 ARG01A0134_001 f 0.00  0.000     0  0.00  0  0   0.531   2.610   1.698   0.815   2.647   0.000 01O000M000t
00302 ARG02A0134_002 f 0.00  0.000     0  0.00  0  0   0.525   2.590   1.698   0.222   2.943   0.000 02O000M000t
00303 ARG03A0134_003 f 0.00  0.000     0  0.00  0  0   0.461   2.588   1.698   0.394   3.083   0.000 03O000M000t
00304 ARG03A0134_004 f 0.00  0.000     0  0.00  0  0   0.467   2.599   1.698   0.826   2.955   0.000 03O000M000t
00305 ARG+1A0134_005 f 0.00  1.000     0 12.50  0  1   0.422   2.577   1.698  -0.372   5.614   0.000 +1O000M000t
00306 ASP01A0135_001 f 0.00  0.000     0  0.00  0  0   0.058  -0.594   3.501   0.364   0.511   0.000 01O000M000t
00307 ASP01A0135_002 f 0.00  0.000     0  0.00  0  0   0.058  -0.594   0.781  -0.123   1.073   0.000 01O000M000t
00308 ASP02A0135_003 f 0.00  0.000     0  0.00  0  0   0.089  -0.962   3.501   0.896   1.267   0.000 02O000M000t
00309 ASP02A0135_004 f 0.00  0.000     0  0.00  0  0   0.089  -0.962   0.781  -0.056   1.661   0.000 02O000M000t
00310 ASP-1A0135_005 f 0.00 -1.000     0  4.75  0 -1   0.017  -0.891   0.781  -2.322   5.223   0.000 -1O000M000t
00311 LEU01A0136_001 f 0.00  0.000     0  0.00  0  0   1.541  -5.361   0.555   0.000   0.000   0.000 01O000M000t
00312 ALA01A0137_001 f 0.00  0.000     0  0.00  0  0   0.000  -0.974   0.000   0.000   0.000   0.000 01O000M000t
00313 ALA01A0138_001 f 0.00  0.000     0  0.00  0  0   0.000  -1.453   0.000   0.000   0.000   0.000 01O000M000t
00314 ARG01A0139_001 f 0.00  0.000     0  0.00  0  0  -0.757  -3.482   0.629   0.131   2.505   0.000 01O000M000t
00315 ARG02A0139_002 f 0.00  0.000     0  0.00  0  0  -0.786  -3.473   0.629  -0.187   3.453   0.000 02O000M000t
00316 ARG02A0139_003 f 0.00  0.000     0  0.00  0  0  -0.781  -3.474   0.629   0.065   3.365   0.000 02O000M000t
00317 ARG03A0139_004 f 0.00  0.000     0  0.00  0  0  -0.781  -3.481   0.629  -0.261   3.482   0.000 03O000M000t
00318 ARG+1A0139_005 f 0.00  1.000     0 12.50  0  1  -0.826  -3.495   0.629   2.493   3.526   0.000 +1O000M000t
00319 ASN01A0140_001 f 0.00  0.000     0  0.00  0  0   0.373  -1.795   0.625  -0.907   1.379   0.000 01O000M000t
00320 ASN01A0140_002 f 0.00  0.000     0  0.00  0  0   0.087  -2.050   0.639   0.752   2.380   0.000 01R001M000t
00321 ILE01A0141_001 f 0.00  0.000     0  0.00  0  0   1.031  -5.077   0.519   0.000   0.000   0.000 01O000M000t
00322 LEU01A0142_001 f 0.00  0.000     0  0.00  0  0   1.337  -4.740   0.405   0.000   0.000   0.000 01O000M000t
00323 VAL01A0143_001 f 0.00  0.000     0  0.00  0  0   0.371  -4.302   0.019   0.000   0.000   0.000 01O000M000t
00324 GLU01A0144_001 f 0.00  0.000     0  0.00  0  0  -0.045  -1.808   3.564   0.503   1.600   0.000 01O000M000t
00325 GLU01A0144_002 f 0.00  0.000     0  0.00  0  0  -0.045  -1.808   0.844   0.092   1.252   0.000 01O000M000t
00326 GLU02A0144_003 f 0.00  0.000     0  0.00  0  0  -0.390  -1.780   3.564   0.175   0.408   0.000 02O000M000t
00327 GLU02A0144_004 f 0.00  0.000     0  0.00  0  0  -0.390  -1.780   0.844   0.142   1.654   0.000 02O000M000t
00328 GLU-1A0144_005 f 0.00 -1.000     0  4.75  0 -1  -0.458  -1.755   0.844  -0.287   3.784   0.000 -1O000M000t
00329 SER01A0145_001 f 0.00  0.000     0  0.00  0  0  -2.745  -0.416   1.001  -0.182   1.257   0.000 01O000M000t
00330 SER01A0145_002 f 0.00  0.000     0  0.00  0  0  -2.745  -0.416   1.001   1.946   0.980   0.000 01O000M000t
00331 GLU01A0146_001 f 0.00  0.000     0  0.00  0  0  -1.623  -1.080   6.017   0.071   0.182   0.000 01O000M000t
00332 GLU01A0146_002 f 0.00  0.000     0  0.00  0  0  -1.623  -1.080   3.297   0.026   1.196   0.000 01O000M000t
00333 GLU02A0146_003 f 0.00  0.000     0  0.00  0  0  -1.543  -1.084   6.017  -0.071   0.411   0.000 02O000M000t
00334 GLU02A0146_004 f 0.00  0.000     0  0.00  0  0  -1.543  -1.084   3.297  -0.016   1.136   0.000 02O000M000t
00335 GLU-1A0146_005 f 0.00 -1.000     0  4.75  0 -1  -1.661  -1.057   3.297  -0.040   2.225   0.000 -1O000M000t
00336 ALA01A0147_001 f 0.00  0.000     0  0.00  0  0  -2.556   0.636   0.000   0.000   0.000   0.000 01O000M000t
00337 HIS01A0148_001 f 0.00  0.000     0  0.00  0  0  -2.537   1.315   0.110  -1.805   1.996   0.000 01O000M000t
00338 HIS02A0148_002 f 0.00  0.000     0  0.00  0  0  -2.557   0.196   0.110   2.006   2.253   0.000 02O000M000t
00339 HIS+1A0148_003 f 0.00  1.000     0  6.98  0  1  -2.584   1.298   0.110  -2.113   4.541   0.000 +1O000M000t
00340 VAL01A0149_001 f 0.00  0.000     0  0.00  0  0   0.391  -3.935   0.001   0.000   0.000   0.000 01O000M000t
00341 LYS01A0150_001 f 0.00  0.000     0  0.00  0  0   0.987  -8.607   1.085  -0.021   1.218   0.000 01O000M000t
00342 LYS+1A0150_002 f 0.00  1.000     0 10.40  0  1   0.944  -8.637   1.085   0.391   8.531   0.000 +1O000M000t
00343 ILE01A0151_001 f 0.00  0.000     0  0.00  0  0   1.309  -4.445   0.436   0.000   0.000   0.000 01O000M000t
00344 ALA01A0152_001 f 0.00  0.000     0  0.00  0  0   0.000  -1.358   0.000   0.000   0.000   0.000 01O000M000t
00345 ASP01A0153_001 f 0.00  0.000     0  0.00  0  0   0.348  -3.350   3.994  -0.376   1.298   0.000 01O000M000t
00346 ASP01A0153_002 f 0.00  0.000     0  0.00  0  0   0.348  -3.350   1.274  -0.214   1.907   0.000 01O000M000t
00347 ASP02A0153_003 f 0.00  0.000     0  0.00  0  0   0.369  -3.192   3.994   1.363   1.636   0.000 02O000M000t
00348 ASP02A0153_004 f 0.00  0.000     0  0.00  0  0   0.369  -3.192   1.274   0.522   1.862   0.000 02O000M000t
00349 ASP-1A0153_005 f 0.00 -1.000     0  4.75  0 -1   0.287  -3.316   1.274  -4.967   7.017   0.000 -1O000M000t
00350 PHE01A0154_001 f 0.00  0.000     0  0.00  0  0   4.647  -5.409   0.001   0.000   0.000   0.000 01O000M000t
00351 LEU01A0156_001 f 0.00  0.000     0  0.00  0  0  -0.255  -2.554   0.458   0.000   0.000   0.000 01O000M000t
00352 ALA01A0157_001 f 0.00  0.000     0  0.00  0  0   0.000  -2.390   0.000   0.000   0.000   0.000 01O000M000t
00353 LYS01A0158_001 f 0.00  0.000     0  0.00  0  0  -1.536  -2.986   2.251   0.021   0.407   0.000 01O000M000t
00354 LYS+1A0158_002 f 0.00  1.000     0 10.40  0  1  -1.581  -2.995   2.251  -0.657   2.237   0.000 +1O000M000t
00355 LEU01A0159_001 f 0.00  0.000     0  0.00  0  0  -3.335  -2.232   2.259   0.000   0.000   0.000 01O000M000t
00356 LEU01A0160_001 f 0.00  0.000     0  0.00  0  0   2.040  -8.288   0.473   0.000   0.000   0.000 01O000M000t
00357 PRO01A0161_001 f 0.00  0.000     0  0.00  0  0  -3.662  -1.840   0.000   0.000   0.000   0.000 01O000M000t
00358 LEU01A0162_001 f 0.00  0.000     0  0.00  0  0  -7.823   0.660   0.660   0.000   0.000   0.000 01O000M000t
00359 ASP01A0163_001 f 0.00  0.000     0  0.00  0  0  -2.723   2.609   2.893   2.539   0.934   0.000 01O000M000t
00360 ASP01A0163_002 f 0.00  0.000     0  0.00  0  0  -2.723   2.609   0.173  -0.174   0.692   0.000 01O000M000t
00361 ASP02A0163_003 f 0.00  0.000     0  0.00  0  0  -2.809   1.601   2.893  -0.475  -0.060   0.000 02O000M000t
00362 ASP02A0163_004 f 0.00  0.000     0  0.00  0  0  -2.809   1.601   0.173  -0.485   1.112   0.000 02O000M000t
00363 ASP-1A0163_005 f 0.00 -1.000     0  4.75  0 -1  -2.706   1.646   0.173  -1.756   1.315   0.000 -1O000M000t
00364 LYS01A0164_001 f 0.00  0.000     0  0.00  0  0  -4.363  -3.740   1.605   0.027   0.245   0.000 01O000M000t
00365 LYS+1A0164_002 f 0.00  1.000     0 10.40  0  1  -4.407  -3.753   1.605  -0.092   0.989   0.000 +1O000M000t
00366 ASP01A0165_001 f 0.00  0.000     0  0.00  0  0  -2.492   1.703   3.007   0.104   1.170   0.000 01O000M000t
00367 ASP01A0165_002 f 0.00  0.000     0  0.00  0  0  -2.492   1.703   0.287   0.194   0.741   0.000 01O000M000t
00368 ASP02A0165_003 f 0.00  0.000     0  0.00  0  0  -2.440   1.070   3.007   0.477  -0.087   0.000 02O000M000t
00369 ASP02A0165_004 f 0.00  0.000     0  0.00  0  0  -2.440   1.070   0.287   0.320   1.228   0.000 02O000M000t
00370 ASP-1A0165_005 f 0.00 -1.000     0  4.75  0 -1  -2.376   1.109   0.287  -0.158   1.894   0.000 -1O000M000t
00371 TYR01A0166_001 f 0.00  0.000     0  0.00  0  0  -1.500  -3.764   0.007   0.221   0.394   0.000 01O000M000t
00372 TYR-1A0166_002 f 0.00 -1.000     0 10.20  0 -1  -1.500  -3.764   0.007  -0.548   0.909   0.000 -1O000M000t
00373 TYR01A0167_001 f 0.00  0.000     0  0.00  0  0   3.122  -5.710   0.375   0.722   2.488   0.000 01O000M000t
00374 TYR01A0167_002 f 0.00  0.000     0  0.00  0  0   3.122  -5.710   0.375   0.464   2.495   0.000 01O000M000t
00375 TYR-1A0167_003 f 0.00 -1.000     0 10.20  0 -1   3.122  -5.710   0.375   0.501  11.898   0.000 -1O000M000t
00376 VAL01A0168_001 f 0.00  0.000     0  0.00  0  0  -2.250  -0.714   0.000   0.000   0.000   0.000 01O000M000t
00377 VAL01A0169_001 f 0.00  0.000     0  0.00  0  0   0.581   6.051   1.721   0.000   0.000   0.000 01O000M000t
00378 ARG01A0170_001 f 0.00  0.000     0  0.00  0  0  -9.414 432.448  11.470   0.194  -0.028   0.000 01O000M000t
00379 ARG02A0170_002 f 0.00  0.000     0  0.00  0  0  -9.427 432.452  11.470   0.235   1.647   0.000 02O000M000t
00380 ARG03A0170_003 f 0.00  0.000     0  0.00  0  0  -9.428 432.445  11.470   0.203   0.973   0.000 03O000M000t
00381 ARG+1A0170_004 f 0.00  1.000     0 12.50  0  1  -9.475 432.441  11.470   0.204   0.227   0.000 +1O000M000t
00382 GLU01A0171_001 f 0.00  0.000     0  0.00  0  0  -2.148  -0.897   6.054   0.113  -1.292   0.000 01O000M000t
00383 GLU01A0171_002 f 0.00  0.000     0  0.00  0  0  -2.148  -0.897   3.334   0.095   0.495   0.000 01O000M000t
00384 GLU02A0171_003 f 0.00  0.000     0  0.00  0  0  -2.478  -0.904   6.054   0.425  -0.289   0.000 02O000M000t
00385 GLU02A0171_004 f 0.00  0.000     0  0.00  0  0  -2.478  -0.904   3.334   0.124   0.766   0.000 02O000M000t
00386 GLU-1A0171_005 f 0.00 -1.000     0  4.75  0 -1  -2.394  -0.866   3.334  -0.457  -0.090   0.000 -1O000M000t
00387 PRO01A0172_001 f 0.00  0.000     0  0.00  0  0  -4.629  -1.803   0.000   0.000   0.000   0.000 01O000M000t
00388 GLN01A0174_001 f 0.00  0.000     0  0.00  0  0  -2.491   1.526   2.469  -0.001   0.246   0.000 01O000M000t
00389 GLN01A0174_002 f 0.00  0.000     0  0.00  0  0  -3.056   1.287   2.463   0.034  -0.200   0.000 01R001M000t
00390 SER01A0175_001 f 0.00  0.000     0  0.00  0  0  -0.096  -1.159   0.530  -0.421   0.547   0.000 01O000M000t
00391 SER01A0175_002 f 0.00  0.000     0  0.00  0  0  -0.096  -1.159   0.530  -0.065   0.718   0.000 01O000M000t
00392 SER01A0175_003 f 0.00  0.000     0  0.00  0  0  -0.096  -1.159   0.155  -0.388   0.983   0.000 01O000M000t
00393 PRO01A0176_001 f 0.00  0.000     0  0.00  0  0  -3.262  -0.865   0.000   0.000   0.000   0.000 01O000M000t
00394 ILE01A0177_001 f 0.00  0.000     0  0.00  0  0  -0.218  -2.473   0.493   0.000   0.000   0.000 01O000M000t
00395 PHE01A0178_001 f 0.00  0.000     0  0.00  0  0   3.341  -6.937   0.140   0.000   0.000   0.000 01O000M000t
00396 TRP01A0179_001 f 0.00  0.000     0  0.00  0  0   1.660  -8.314   0.392   0.000   0.000   0.000 01O000M000t
00397 TYR01A0180_001 f 0.00  0.000     0  0.00  0  0   3.962  -8.319   0.366   0.485   1.631   0.000 01O000M000t
00398 TYR-1A0180_002 f 0.00 -1.000     0 10.20  0 -1   3.962  -8.319   0.366  -2.667   4.935   0.000 -1O000M000t
00399 ALA01A0181_001 f 0.00  0.000     0  0.00  0  0   0.000  -2.015   0.000   0.000   0.000   0.000 01O000M000t
00400 PRO01A0182_001 f 0.00  0.000     0  0.00  0  0  -0.395  -1.853   0.000   0.000   0.000   0.000 01O000M000t
00401 GLU01A0183_001 f 0.00  0.000     0  0.00  0  0   1.570  -3.206   4.478  -0.935   1.767   0.000 01O000M000t
00402 GLU01A0183_002 f 0.00  0.000     0  0.00  0  0   1.570  -3.206   1.758  -0.780   2.895   0.000 01O000M000t
00403 GLU02A0183_003 f 0.00  0.000     0  0.00  0  0   2.006  -2.561   4.478   1.903   2.132   0.000 02O000M000t
00404 GLU02A0183_004 f 0.00  0.000     0  0.00  0  0   2.006  -2.561   1.758  -0.474   2.794   0.000 02O000M000t
00405 GLU-1A0183_005 f 0.00 -1.000     0  4.75  0 -1   1.487  -3.078   1.758  -6.411  10.102   0.000 -1O000M000t
00406 SER01A0184_001 f 0.00  0.000     0  0.00  0  0   0.000  -0.048   0.515  -3.445   1.812   0.000 01O000M000t
00407 SER01A0184_002 f 0.00  0.000     0  0.00  0  0   0.000  -0.048   0.515   1.188   1.727   0.000 01O000M000t
00408 SER01A0184_003 f 0.00  0.000     0  0.00  0  0   0.000  -0.048   0.140   0.405   1.218   0.000 01O000M000t
00409 LEU01A0185_001 f 0.00  0.000     0  0.00  0  0   1.997  -6.822   0.509   0.000   0.000   0.000 01O000M000t
00410 SER01A0186_001 f 0.00  0.000     0  0.00  0  0  -1.642  -1.433   0.376  -0.091   1.457   0.000 01O000M000t
00411 SER01A0186_002 f 0.00  0.000     0  0.00  0  0  -1.642  -1.433   0.376   0.394   1.358   0.000 01O000M000t
00412 SER01A0186_003 f 0.00  0.000     0  0.00  0  0  -1.642  -1.433   0.001  -1.107   0.328   0.000 01O000M000t
00413 ASP01A0187_001 f 0.00  0.000     0  0.00  0  0  -2.539  -1.369   3.721   0.111  -0.767   0.000 01O000M000t
00414 ASP01A0187_002 f 0.00  0.000     0  0.00  0  0  -2.539  -1.369   1.001   0.095   0.483   0.000 01O000M000t
00415 ASP02A0187_003 f 0.00  0.000     0  0.00  0  0  -2.538  -1.402   3.721   0.717   0.382   0.000 02O000M000t
00416 ASP02A0187_004 f 0.00  0.000     0  0.00  0  0  -2.538  -1.402   1.001   0.235   0.816   0.000 02O000M000t
00417 ASP-1A0187_005 f 0.00 -1.000     0  4.75  0 -1  -2.610  -1.392   1.001  -0.484   0.965   0.000 -1O000M000t
00418 ASN01A0188_001 f 0.00  0.000     0  0.00  0  0  -0.514  -4.326   0.730  -0.308   0.758   0.000 01O000M000t
00419 ASN01A0188_002 f 0.00  0.000     0  0.00  0  0  -0.564  -3.784   0.721   0.381  -0.009   0.000 01R001M000t
00420 ILE01A0189_001 f 0.00  0.000     0  0.00  0  0   0.801  -2.206   0.426   0.000   0.000   0.000 01O000M000t
00421 PHE01A0190_001 f 0.00  0.000     0  0.00  0  0   3.954  -7.748   0.080   0.000   0.000   0.000 01O000M000t
00422 SER01A0191_001 f 0.00  0.000     0  0.00  0  0  -0.548  -1.570   0.512  -0.156   1.144   0.000 01O000M000t
00423 ARG01A0192_001 f 0.00  0.000     0  0.00  0  0  -1.536  -5.774   0.850  -0.851   1.818   0.000 01O000M000t
00424 ARG02A0192_002 f 0.00  0.000     0  0.00  0  0  -1.611  -5.774   0.850  -0.460   2.767   0.000 02O000M000t
00425 ARG03A0192_003 f 0.00  0.000     0  0.00  0  0  -1.615  -5.796   0.850  -0.467   2.582   0.000 03O000M000t
00426 ARG+1A0192_004 f 0.00  1.000     0 12.50  0  1  -1.654  -5.807   0.850   0.220   3.174   0.000 +1O000M000t
00427 GLN01A0193_001 f 0.00  0.000     0  0.00  0  0  -0.649  -6.523   1.938  -1.680   1.803   0.000 01O000M000t
00428 GLN01A0193_002 f 0.00  0.000     0  0.00  0  0  -0.670  -6.395   1.952   1.446   1.777   0.000 01R001M000t
00429 SER01A0194_001 f 0.00  0.000     0  0.00  0  0   0.000  -1.578   0.398   1.932   1.758   0.000 01O000M000t
00430 SER01A0194_002 f 0.00  0.000     0  0.00  0  0   0.000  -1.578   0.398  -1.289   1.312   0.000 01O000M000t
00431 SER01A0194_003 f 0.00  0.000     0  0.00  0  0   0.000  -1.578   0.023  -0.659   1.785   0.000 01O000M000t
00432 ASP01A0195_001 f 0.00  0.000     0  0.00  0  0   0.108  -2.022   3.260  -2.659   1.422   0.000 01O000M000t
00433 ASP01A0195_002 f 0.00  0.000     0  0.00  0  0   0.108 996.978   0.540   3.680   2.499   0.000 01O000M000t
00434 ASP02A0195_003 f 0.00  0.000     0  0.00  0  0   0.026  -2.074   3.260  -1.959   1.984   0.000 02O000M000t
00435 ASP02A0195_004 f 0.00  0.000     0  0.00  0  0   0.026  -2.074   0.540   2.890   2.695   0.000 02O000M000t
00436 ASP-1A0195_005 f 0.00 -1.000     0  4.75  0 -1   0.026  -2.590   0.540 -11.211  10.319   0.000 -1O000M000t
00437 VAL01A0196_001 f 0.00  0.000     0  0.00  0  0   0.436  -2.414   0.177   0.000   0.000   0.000 01O000M000t
00438 TRP01A0197_001 f 0.00  0.000     0  0.00  0  0   2.759 -11.605   0.037   0.000   0.000   0.000 01O000M000t
00439 SER01A0198_001 f 0.00  0.000     0  0.00  0  0  -0.241  -2.909   0.405  -2.130   1.270   0.000 01O000M000t
00440 SER01A0198_002 f 0.00  0.000     0  0.00  0  0  -0.241  -2.909   0.405   0.060   0.955   0.000 01O000M000t
00441 PHE01A0199_001 f 0.00  0.000     0  0.00  0  0   4.366  -7.478   0.049   0.000   0.000   0.000 01O000M000t
00442 VAL01A0201_001 f 0.00  0.000     0  0.00  0  0   0.459  -1.560   0.053   0.000   0.000   0.000 01O000M000t
00443 VAL01A0202_001 f 0.00  0.000     0  0.00  0  0   0.506  -3.329   0.169   0.000   0.000   0.000 01O000M000t
00444 LEU01A0203_001 f 0.00  0.000     0  0.00  0  0   1.466  -4.958   0.525   0.000   0.000   0.000 01O000M000t
00445 TYR01A0204_001 f 0.00  0.000     0  0.00  0  0   4.134  -0.707   0.008   0.739   2.440   0.000 01O000M000t
00446 TYR01A0204_002 f 0.00  0.000     0  0.00  0  0   4.134  -0.707   0.008  -2.497   2.580   0.000 01O000M000t
00447 TYR-1A0204_003 f 0.00 -1.000     0 10.20  0 -1   4.134  -0.707   0.008   2.677  12.237   0.000 -1O000M000t
00448 GLU01A0205_001 f 0.00  0.000     0  0.00  0  0   0.469  -4.078   4.091  -2.149   1.781   0.000 01O000M000t
00449 GLU01A0205_002 f 0.00  0.000     0  0.00  0  0   0.469  -4.078   1.371  -0.864   2.524   0.000 01O000M000t
00450 GLU02A0205_003 f 0.00  0.000     0  0.00  0  0   0.455  -3.538   4.091  -0.794   2.206   0.000 02O000M000t
00451 GLU02A0205_004 f 0.00  0.000     0  0.00  0  0   0.455  -3.538   1.371   3.201   2.298   0.000 02O000M000t
00452 GLU-1A0205_005 f 0.00 -1.000     0  4.75  0 -1   0.357  -3.987   1.371  -7.816   9.954   0.000 -1O000M000t
00453 LEU01A0206_001 f 0.00  0.000     0  0.00  0  0   1.943  -6.372   1.424   0.000   0.000   0.000 01O000M000t
00454 PHE01A0207_001 f 0.00  0.000     0  0.00  0  0   4.033  -4.985   0.525   0.000   0.000   0.000 01O000M000t
00455 THR01A0208_001 f 0.00  0.000     0  0.00  0  0   0.175  -3.919   0.379  -1.299   1.976   0.000 01O000M000t
00456 THR01A0208_002 f 0.00  0.000     0  0.00  0  0   0.175  -3.919   0.379   1.200   1.972   0.000 01O000M000t
00457 THR01A0208_003 f 0.00  0.000     0  0.00  0  0   0.175  -3.919   0.004  -0.701   1.963   0.000 01O000M000t
00458 TYR01A0209_001 f 0.00  0.000     0  0.00  0  0   3.111  -6.117   0.020   1.024   1.027   0.000 01O000M000t
00459 TYR01A0209_002 f 0.00  0.000     0  0.00  0  0   3.111  -6.117   0.020  -1.737   1.941   0.000 01O000M000t
00460 TYR-1A0209_003 f 0.00 -1.000     0 10.20  0 -1   3.111  -6.117   0.020   2.897   3.875   0.000 -1O000M000t
00461 CYS01A0210_001 f 0.00  0.000     0  0.00  0  0  -0.194  -2.419   0.056   0.287   0.829   0.000 01O000M000t
00462 CYS01A0210_002 f 0.00  0.000     0  0.00  0  0  -0.194  -2.474   0.056  -0.186   0.927   0.000 01O000M000t
00463 CYS01A0210_003 f 0.00  0.000     0  0.00  0  0  -0.194  -2.453   0.056   0.466   0.947   0.000 01O000M000t
00464 CYS-1A0210_004 f 0.00 -1.000     0  9.10  0 -1  -0.192  -2.350   0.056  -3.153  10.057   0.000 -1O000M000t
00465 ASP01A0211_001 f 0.00  0.000     0  0.00  0  0  -1.133  -1.646   3.838   2.691   1.211   0.000 01O000M000t
00466 ASP01A0211_002 f 0.00  0.000     0  0.00  0  0  -1.133  -1.646   1.118  -0.148   0.410   0.000 01O000M000t
00467 ASP02A0211_003 f 0.00  0.000     0  0.00  0  0  -1.242  -2.169   3.838  -1.081   0.568   0.000 02O000M000t
00468 ASP02A0211_004 f 0.00  0.000     0  0.00  0  0  -1.242  -2.169   1.118  -0.989   1.241   0.000 02O000M000t
00469 ASP-1A0211_005 f 0.00 -1.000     0  4.75  0 -1  -1.258  -2.118   1.118  -2.555   1.929   0.000 -1O000M000t
00470 LYS01A0212_001 f 0.00  0.000     0  0.00  0  0  -5.540   0.518   2.119  -0.064   0.256   0.000 01O000M000t
00471 LYS+1A0212_002 f 0.00  1.000     0 10.40  0  1  -5.626   0.511   2.119   0.301   0.967   0.000 +1O000M000t
00472 SER01A0213_001 f 0.00  0.000     0  0.00  0  0  -4.215  -0.514   0.420   0.494   1.026   0.000 01O000M000t
00473 SER01A0213_002 f 0.00  0.000     0  0.00  0  0  -4.215  -0.514   0.420  -0.080   0.344   0.000 01O000M000t
00474 SER01A0213_003 f 0.00  0.000     0  0.00  0  0  -4.215  -0.514   0.045  -1.203   0.130   0.000 01O000M000t
00475 CYS01A0214_001 f 0.00  0.000     0  0.00  0  0  -1.220  -1.172   0.000   0.233   0.633   0.000 01O000M000t
00476 CYS01A0214_002 f 0.00  0.000     0  0.00  0  0  -1.220  -1.189   0.000  -0.358   0.826   0.000 01O000M000t
00477 CYS01A0214_003 f 0.00  0.000     0  0.00  0  0  -1.221  -1.123   0.000  -0.311   0.604   0.000 01O000M000t
00478 CYS-1A0214_004 f 0.00 -1.000     0  9.10  0 -1  -1.219  -1.091   0.000  -1.224   5.813   0.000 -1O000M000t
00479 SER01A0215_001 f 0.00  0.000     0  0.00  0  0  -1.039  -2.992   0.425  -1.136   1.521   0.000 01O000M000t
00480 SER01A0215_002 f 0.00  0.000     0  0.00  0  0  -1.039  -2.992   0.425   2.792   1.638   0.000 01O000M000t
00481 PRO01A0216_001 f 0.00  0.000     0  0.00  0  0   0.170  -2.747   0.000   0.000   0.000   0.000 01O000M000t
00482 SER01A0217_001 f 0.00  0.000     0  0.00  0  0  -2.217  -0.171   0.400   0.547   0.554   0.000 01O000M000t
00483 ALA01A0218_001 f 0.00  0.000     0  0.00  0  0  -1.545  -2.430   0.000   0.000   0.000   0.000 01O000M000t
00484 GLU01A0219_001 f 0.00  0.000     0  0.00  0  0  -0.135  -4.449   3.111   0.415   1.125   0.000 01O000M000t
00485 GLU01A0219_002 f 0.00  0.000     0  0.00  0  0  -0.135  -4.449   0.391   0.116   1.373   0.000 01O000M000t
00486 GLU02A0219_003 f 0.00  0.000     0  0.00  0  0  -0.179  -4.696   3.111   0.216   1.595   0.000 02O000M000t
00487 GLU02A0219_004 f 0.00  0.000     0  0.00  0  0  -0.179  -4.696   0.391   0.086   1.705   0.000 02O000M000t
00488 GLU-1A0219_005 f 0.00 -1.000     0  4.75  0 -1  -0.255  -4.624   0.391   0.154   4.461   0.000 -1O000M000t
00489 PHE01A0220_001 f 0.00  0.000     0  0.00  0  0   4.083  -3.107   1.550   0.000   0.000   0.000 01O000M000t
00490 LEU01A0221_001 f 0.00  0.000     0  0.00  0  0  -3.315  -3.705   0.804   0.000   0.000   0.000 01O000M000t
00491 ARG01A0222_001 f 0.00  0.000     0  0.00  0  0  -5.992  -3.958   0.955  -0.008   1.180   0.000 01O000M000t
00492 ARG02A0222_002 f 0.00  0.000     0  0.00  0  0  -6.037  -3.984   0.955  -0.033   1.755   0.000 02O000M000t
00493 ARG02A0222_003 f 0.00  0.000     0  0.00  0  0  -6.032  -3.978   0.955  -0.025   1.876   0.000 02O000M000t
00494 ARG03A0222_004 f 0.00  0.000     0  0.00  0  0  -6.029  -3.985   0.955  -0.028   1.878   0.000 03O000M000t
00495 ARG+1A0222_005 f 0.00  1.000     0 12.50  0  1  -6.077  -3.990   0.955  -0.258   2.325   0.000 +1O000M000t
00496 MET01A0223_001 f 0.00  0.000     0  0.00  0  0  -0.169  -5.108   0.446  -0.023   0.088   0.000 01O000M000t
00497 MET01A0224_001 f 0.00  0.000     0  0.00  0  0  -0.063 999.000   2.287  -0.071   0.096   0.000 01O000M000t
00498 CYS01A0226_001 f 0.00  0.000     0  0.00  0  0  -0.145 999.000   1.204 -12.062   0.775   0.000 01O000M000t
00499 CYS01A0226_002 f 0.00  0.000     0  0.00  0  0  -0.145 999.000   1.204  -1.718   0.839   0.000 01O000M000t
00500 CYS01A0226_003 f 0.00  0.000     0  0.00  0  0  -0.145 999.000   1.204  -0.906   0.484   0.000 01O000M000t
00501 CYS-1A0226_004 f 0.00 -1.000     0  9.10  0 -1  -0.143 999.000   1.204 -14.730   7.404   0.000 -1O000M000t
00502 GLU01A0227_001 f 0.00  0.000     0  0.00  0  0  -2.152   4.171   6.250   0.485  -0.907   0.000 01O000M000t
00503 GLU01A0227_002 f 0.00  0.000     0  0.00  0  0  -2.152   4.171   3.530   0.305   0.197   0.000 01O000M000t
00504 GLU02A0227_003 f 0.00  0.000     0  0.00  0  0  -2.429   4.146   6.250  -0.176  -0.524   0.000 02O000M000t
00505 GLU02A0227_004 f 0.00  0.000     0  0.00  0  0  -2.429   4.146   3.530   0.144   0.726   0.000 02O000M000t
00506 GLU-1A0227_005 f 0.00 -1.000     0  4.75  0 -1  -2.353   4.201   3.530   0.346   0.396   0.000 -1O000M000t
00507 ARG01A0228_001 f 0.00  0.000     0  0.00  0  0  -5.641 165.957  22.179  -0.893   2.484   0.000 01O000M000t
00508 ARG02A0228_002 f 0.00  0.000     0  0.00  0  0  -5.587 165.969  22.179   0.115   2.748   0.000 02O000M000t
00509 ARG03A0228_003 f 0.00  0.000     0  0.00  0  0  -5.649 165.882  22.179   0.646   2.781   0.000 03O000M000t
00510 ARG03A0228_004 f 0.00  0.000     0  0.00  0  0  -5.608 165.901  22.179   0.356   2.257   0.000 03O000M000t
00511 ARG+1A0228_005 f 0.00  1.000     0 12.50  0  1  -5.692 165.874  22.179   4.066   4.658   0.000 +1O000M000t
00512 ASP01A0229_001 f 0.00  0.000     0  0.00  0  0  -1.402 999.000   4.596  -1.175   0.703   0.000 01O000M000t
00513 ASP01A0229_002 f 0.00  0.000     0  0.00  0  0  -1.402 999.000   1.876  -1.114   1.918   0.000 01O000M000t
00514 ASP02A0229_003 f 0.00  0.000     0  0.00  0  0  -1.424 999.000   4.596   5.013   1.654   0.000 02O000M000t
00515 ASP02A0229_004 f 0.00  0.000     0  0.00  0  0  -1.424 999.000   1.876   0.366   2.045   0.000 02O000M000t
00516 ASP-1A0229_005 f 0.00 -1.000     0  4.75  0 -1  -1.463 999.000   1.876  -5.143   5.807   0.000 -1O000M000t
00517 VAL01A0230_001 f 0.00  0.000     0  0.00  0  0   1.260 999.000   2.761   0.000   0.000   0.000 01O000M000t
00518 PRO01A0231_001 f 0.00  0.000     0  0.00  0  0  -4.672  -1.145   0.000   0.000   0.000   0.000 01O000M000t
00519 ALA01A0232_001 f 0.00  0.000     0  0.00  0  0  -2.505  -0.496   0.000   0.000   0.000   0.000 01O000M000t
00520 LEU01A0233_001 f 0.00  0.000     0  0.00  0  0  -0.939   2.729   0.527   0.000   0.000   0.000 01O000M000t
00521 SER01A0234_001 f 0.00  0.000     0  0.00  0  0  -2.069  -1.915   0.375  -0.517   0.020   0.000 01O000M000t
00522 SER01A0234_002 f 0.00  0.000     0  0.00  0  0  -2.069  -1.915   0.375   0.216   0.546   0.000 01O000M000t
00523 SER01A0234_003 f 0.00  0.000     0  0.00  0  0  -2.069  -1.915   0.000  -0.447   0.014   0.000 01O000M000t
00524 ARG01A0235_001 f 0.00  0.000     0  0.00  0  0   3.865 893.195   2.729   0.827   3.082   0.000 01O000M000t
00525 ARG02A0235_002 f 0.00  0.000     0  0.00  0  0   3.807 729.818   2.729   0.574   4.107   0.000 02O000M000t
00526 ARG02A0235_003 f 0.00  0.000     0  0.00  0  0   3.878 892.696   2.729  -0.097   3.634   0.000 02O000M000t
00527 ARG03A0235_004 f 0.00  0.000     0  0.00  0  0   3.802 891.095   2.729   2.048   3.884   0.000 03O000M000t
00528 ARG03A0235_005 f 0.00  0.000     0  0.00  0  0   3.808 893.233   2.729   1.274   3.669   0.000 03O000M000t
00529 ARG+1A0235_006 f 0.00  1.000     0 12.50  0  1   3.762 893.102   2.729   5.764   7.031   0.000 +1O000M000t
00530 LEU01A0236_001 f 0.00  0.000     0  0.00  0  0   1.379  -4.827   0.416   0.000   0.000   0.000 01O000M000t
00531 LEU01A0237_001 f 0.00  0.000     0  0.00  0  0   0.411  -2.988   2.706   0.000   0.000   0.000 01O000M000t
00532 GLU01A0238_001 f 0.00  0.000     0  0.00  0  0  -0.960  -1.668   4.677  -0.085  -0.295   0.000 01O000M000t
00533 GLU01A0238_002 f 0.00  0.000     0  0.00  0  0  -0.960  -1.668   1.957  -0.081   1.100   0.000 01O000M000t
00534 GLU02A0238_003 f 0.00  0.000     0  0.00  0  0  -0.677  -1.714   4.677   0.183   0.605   0.000 02O000M000t
00535 GLU02A0238_004 f 0.00  0.000     0  0.00  0  0  -0.677  -1.714   1.957   0.033   0.906   0.000 02O000M000t
00536 GLU-1A0238_005 f 0.00 -1.000     0  4.75  0 -1  -0.973  -1.638   1.957  -0.328   1.471   0.000 -1O000M000t
00537 LEU01A0239_001 f 0.00  0.000     0  0.00  0  0   2.231  -6.042   0.643   0.000   0.000   0.000 01O000M000t
00538 LEU01A0240_001 f 0.00  0.000     0  0.00  0  0   1.527  -4.316   0.532   0.000   0.000   0.000 01O000M000t
00539 GLU01A0241_001 f 0.00  0.000     0  0.00  0  0  -1.093  -3.779   3.470  -0.106   0.239   0.000 01O000M000t
00540 GLU01A0241_002 f 0.00  0.000     0  0.00  0  0  -1.093  -3.779   0.750  -0.066   0.952   0.000 01O000M000t
00541 GLU02A0241_003 f 0.00  0.000     0  0.00  0  0  -1.357  -3.751   3.470  -0.039  -0.018   0.000 02O000M000t
00542 GLU02A0241_004 f 0.00  0.000     0  0.00  0  0  -1.357  -3.751   0.750  -0.041   0.740   0.000 02O000M000t
00543 GLU-1A0241_005 f 0.00 -1.000     0  4.75  0 -1  -1.441  -3.707   0.750   0.028   1.440   0.000 -1O000M000t
00544 GLU01A0242_001 f 0.00  0.000     0  0.00  0  0  -0.805  -2.522   3.177  -0.061  -0.023   0.000 01O000M000t
00545 GLU01A0242_002 f 0.00  0.000     0  0.00  0  0  -0.805  -2.522   0.457   0.006   0.690   0.000 01O000M000t
00546 GLU02A0242_003 f 0.00  0.000     0  0.00  0  0  -0.351  -2.519   3.177   0.007   0.175   0.000 02O000M000t
00547 GLU02A0242_004 f 0.00  0.000     0  0.00  0  0  -0.351  -2.519   0.457  -0.026   0.611   0.000 02O000M000t
00548 GLU-1A0242_005 f 0.00 -1.000     0  4.75  0 -1  -0.758  -2.459   0.457   0.174   1.112   0.000 -1O000M000t
00549 GLN01A0244_001 f 0.00  0.000     0  0.00  0  0  -1.148  -3.212   1.189   0.003   0.942   0.000 01O000M000t
00550 GLN01A0244_002 f 0.00  0.000     0  0.00  0  0  -0.886  -3.196   1.209   0.012   0.018   0.000 01R001M000t
00551 ARG01A0245_001 f 0.00  0.000     0  0.00  0  0  -0.024  -7.249   0.638  -1.784   2.747   0.000 01O000M000t
00552 ARG02A0245_002 f 0.00  0.000     0  0.00  0  0  -0.048  -7.297   0.638  -2.950   3.723   0.000 02O000M000t
00553 ARG02A0245_003 f 0.00  0.000     0  0.00  0  0  -0.045  -7.275   0.638  -1.313   3.469   0.000 02O000M000t
00554 ARG03A0245_004 f 0.00  0.000     0  0.00  0  0  -0.041  -7.191   0.638  -1.657   3.841   0.000 03O000M000t
00555 ARG+1A0245_005 f 0.00  1.000     0 12.50  0  1  -0.087  -7.356   0.638  -6.434   5.963   0.000 +1O000M000t
00556 LEU01A0246_001 f 0.00  0.000     0  0.00  0  0   1.438  -3.950   0.617   0.000   0.000   0.000 01O000M000t
00557 PRO01A0247_001 f 0.00  0.000     0  0.00  0  0  -3.194  -1.420   0.000   0.000   0.000   0.000 01O000M000t
00558 ALA01A0248_001 f 0.00  0.000     0  0.00  0  0  -1.819  -0.856   0.000   0.000   0.000   0.000 01O000M000t
00559 PRO01A0249_001 f 0.00  0.000     0  0.00  0  0   0.241  -4.245   0.000   0.000   0.000   0.000 01O000M000t
00560 PRO01A0250_001 f 0.00  0.000     0  0.00  0  0  -4.889   0.210   0.000   0.000   0.000   0.000 01O000M000t
00561 ALA01A0251_001 f 0.00  0.000     0  0.00  0  0  -4.169   2.434   0.000   0.000   0.000   0.000 01O000M000t
00562 CYS01A0252_001 f 0.00  0.000     0  0.00  0  0  -0.002  -3.962   0.177  -0.396   0.973   0.000 01O000M000t
00563 CYS01A0252_002 f 0.00  0.000     0  0.00  0  0  -0.002  -3.810   0.177  -0.209   0.945   0.000 01O000M000t
00564 CYS01A0252_003 f 0.00  0.000     0  0.00  0  0  -0.002  -3.833   0.177  -0.185   0.976   0.000 01O000M000t
00565 CYS-1A0252_004 f 0.00 -1.000     0  9.10  0 -1   0.000  -3.757   0.177  -4.214  11.247   0.000 -1O000M000t
00566 PRO01A0253_001 f 0.00  0.000     0  0.00  0  0  -1.331  -2.285   0.000   0.000   0.000   0.000 01O000M000t
00567 ALA01A0254_001 f 0.00  0.000     0  0.00  0  0  -4.391  -0.449   0.000   0.000   0.000   0.000 01O000M000t
00568 GLU01A0255_001 f 0.00  0.000     0  0.00  0  0  -2.195   2.763   5.407  -1.509   0.296   0.000 01O000M000t
00569 GLU01A0255_002 f 0.00  0.000     0  0.00  0  0  -2.195   2.763   2.687  -1.464   1.214   0.000 01O000M000t
00570 GLU02A0255_003 f 0.00  0.000     0  0.00  0  0  -2.100   4.589   5.407   3.403   0.906   0.000 02O000M000t
00571 GLU02A0255_004 f 0.00  0.000     0  0.00  0  0  -2.100   4.589   2.687  -0.563   1.148   0.000 02O000M000t
00572 GLU-1A0255_005 f 0.00 -1.000     0  4.75  0 -1  -2.180   2.811   2.687  -4.203   2.323   0.000 -1O000M000t
00573 VAL01A0256_001 f 0.00  0.000     0  0.00  0  0   0.527  -0.553   0.091   0.000   0.000   0.000 01O000M000t
00574 HIS01A0257_001 f 0.00  0.000     0  0.00  0  0  -2.193  -6.127   0.002   0.480   1.657   0.000 01O000M000t
00575 HIS01A0257_002 f 0.00  0.000     0  0.00  0  0  -1.979  -6.152   0.002   0.566   2.225   0.000 01R001M000t
00576 HIS02A0257_003 f 0.00  0.000     0  0.00  0  0  -2.216  -6.111   0.002   0.439   1.161   0.000 02O000M000t
00577 HIS02A0257_004 f 0.00  0.000     0  0.00  0  0  -1.989  -6.225   0.002   0.349   2.402   0.000 02R001M000t
00578 HIS+1A0257_005 f 0.00  1.000     0  6.98  0  1  -2.242  -6.156   0.002   1.123   2.733   0.000 +1O000M000t
00579 HIS+1A0257_006 f 0.00  1.000     0  6.98  0  1  -2.015  -6.236   0.002   1.242   4.231   0.000 +1R001M000t
00580 GLU01A0258_001 f 0.00  0.000     0  0.00  0  0  -1.548  -2.285   3.504   0.233  -0.487   0.000 01O000M000t
00581 GLU01A0258_002 f 0.00  0.000     0  0.00  0  0  -1.548  -2.285   0.784   0.085   0.895   0.000 01O000M000t
00582 GLU02A0258_003 f 0.00  0.000     0  0.00  0  0  -1.619  -2.407   3.504   0.153   0.113   0.000 02O000M000t
00583 GLU02A0258_004 f 0.00  0.000     0  0.00  0  0  -1.619  -2.407   0.784   0.124   1.247   0.000 02O000M000t
00584 GLU-1A0258_005 f 0.00 -1.000     0  4.75  0 -1  -1.629  -2.353   0.784  -0.223   1.973   0.000 -1O000M000t
00585 LEU01A0259_001 f 0.00  0.000     0  0.00  0  0   0.859  -1.369   1.025   0.000   0.000   0.000 01O000M000t
00586 MET01A0260_001 f 0.00  0.000     0  0.00  0  0   0.267  -7.044   1.053   0.078   0.099   0.000 01O000M000t
00587 LYS01A0261_001 f 0.00  0.000     0  0.00  0  0  -3.406  -3.878   1.538  -0.005   0.312   0.000 01O000M000t
00588 LYS+1A0261_002 f 0.00  1.000     0 10.40  0  1  -3.452  -3.885   1.538  -0.159   0.816   0.000 +1O000M000t
00589 LEU01A0262_001 f 0.00  0.000     0  0.00  0  0  -3.742  -2.777   0.657   0.000   0.000   0.000 01O000M000t
00590 CYS01A0263_001 f 0.00  0.000     0  0.00  0  0  -0.002  -5.095   0.300  -0.020   0.994   0.000 01O000M000t
00591 CYS01A0263_002 f 0.00  0.000     0  0.00  0  0  -0.002  -5.153   0.300  -0.335   0.993   0.000 01O000M000t
00592 CYS01A0263_003 f 0.00  0.000     0  0.00  0  0  -0.003  -5.114   0.300   0.203   0.995   0.000 01O000M000t
00593 CYS-1A0263_004 f 0.00 -1.000     0  9.10  0 -1   0.000  -5.041   0.300   0.499  14.778   0.000 -1O000M000t
00594 TRP01A0264_001 f 0.00  0.000     0  0.00  0  0   2.678 -11.915   0.002   0.000   0.000   0.000 01O000M000t
00595 ALA01A0265_001 f 0.00  0.000     0  0.00  0  0  -0.309  -2.793   0.000   0.000   0.000   0.000 01O000M000t
00596 PRO01A0266_001 f 0.00  0.000     0  0.00  0  0  -4.808  -1.347   0.000   0.000   0.000   0.000 01O000M000t
00597 SER01A0267_001 f 0.00  0.000     0  0.00  0  0  -1.956  -0.980   0.532   0.059   0.880   0.000 01O000M000t
00598 SER01A0267_002 f 0.00  0.000     0  0.00  0  0  -1.956  -0.980   0.532   0.245   1.429   0.000 01O000M000t
00599 PRO01A0268_001 f 0.00  0.000     0  0.00  0  0  -1.314  -0.327   0.000   0.000   0.000   0.000 01O000M000t
00600 GLN01A0269_001 f 0.00  0.000     0  0.00  0  0  -1.540  -0.927   1.330  -1.400   1.048   0.000 01O000M000t
00601 ASP01A0270_001 f 0.00  0.000     0  0.00  0  0  -2.369  -1.443   3.051   0.526  -0.512   0.000 01O000M000t
00602 ASP01A0270_002 f 0.00  0.000     0  0.00  0  0  -2.369  -1.443   0.331   0.251   0.647   0.000 01O000M000t
00603 ASP02A0270_003 f 0.00  0.000     0  0.00  0  0  -2.547  -0.986   3.051   0.454   0.226   0.000 02O000M000t
00604 ASP02A0270_004 f 0.00  0.000     0  0.00  0  0  -2.547  -0.986   0.331   0.222   0.726   0.000 02O000M000t
00605 ASP-1A0270_005 f 0.00 -1.000     0  4.75  0 -1  -2.412  -1.375   0.331  -0.971   1.019   0.000 -1O000M000t
00606 ARG01A0271_001 f 0.00  0.000     0  0.00  0  0   1.567 -14.673   1.228   0.375   4.444   0.000 01O000M000t
00607 ARG02A0271_002 f 0.00  0.000     0  0.00  0  0   1.523 -14.642   1.228  -3.040   4.959   0.000 02O000M000t
00608 ARG02A0271_003 f 0.00  0.000     0  0.00  0  0   1.528 -14.514   1.228  -0.263   4.950   0.000 02O000M000t
00609 ARG03A0271_004 f 0.00  0.000     0  0.00  0  0   1.527 -14.632   1.228  -3.119   4.851   0.000 03O000M000t
00610 ARG03A0271_005 f 0.00  0.000     0  0.00  0  0   1.587 -14.548   1.228  -1.288   4.836   0.000 03O000M000t
00611 ARG+1A0271_006 f 0.00  1.000     0 12.50  0  1   1.484 -14.704   1.228  -5.233  11.229   0.000 +1O000M000t
00612 PRO01A0272_001 f 0.00  0.000     0  0.00  0  0  -0.237  -3.741   0.000   0.000   0.000   0.000 01O000M000t
00613 SER01A0273_001 f 0.00  0.000     0  0.00  0  0  -3.068   1.268   0.463  -0.912   0.738   0.000 01O000M000t
00614 SER01A0273_002 f 0.00  0.000     0  0.00  0  0  -3.068   1.268   0.463   3.860   1.532   0.000 01O000M000t
00615 PHE01A0274_001 f 0.00  0.000     0  0.00  0  0   4.218  -9.423   0.290   0.000   0.000   0.000 01O000M000t
00616 SER01A0275_001 f 0.00  0.000     0  0.00  0  0  -3.695  -1.054   0.375  -0.142  -0.116   0.000 01O000M000t
00617 SER01A0275_002 f 0.00  0.000     0  0.00  0  0  -3.695  -1.054   0.375  -0.442   0.028   0.000 01O000M000t
00618 ALA01A0276_001 f 0.00  0.000     0  0.00  0  0  -2.485  -1.314   0.000   0.000   0.000   0.000 01O000M000t
00619 LEU01A0277_001 f 0.00  0.000     0  0.00  0  0   1.467  -5.740   0.811   0.000   0.000   0.000 01O000M000t
00620 PRO01A0279_001 f 0.00  0.000     0  0.00  0  0  -5.238  -1.385   0.000   0.000   0.000   0.000 01O000M000t
00621 GLN01A0280_001 f 0.00  0.000     0  0.00  0  0  -1.054  -3.302   0.968   0.090   0.759   0.000 01O000M000t
00622 GLN01A0280_002 f 0.00  0.000     0  0.00  0  0  -1.395  -3.403   0.983  -0.169   0.650   0.000 01R001M000t
00623 LEU01A0281_001 f 0.00  0.000     0  0.00  0  0   1.522  -6.102   0.641   0.000   0.000   0.000 01O000M000t
00624 ASP01A0282_001 f 0.00  0.000     0  0.00  0  0  -1.308  -3.129   3.206   0.429   0.293   0.000 01O000M000t
00625 ASP01A0282_002 f 0.00  0.000     0  0.00  0  0  -1.308  -3.129   0.486   0.235   1.139   0.000 01O000M000t
00626 ASP02A0282_003 f 0.00  0.000     0  0.00  0  0  -1.275  -3.452   3.206   0.277   0.475   0.000 02O000M000t
00627 ASP02A0282_004 f 0.00  0.000     0  0.00  0  0  -1.275  -3.452   0.486   0.198   1.956   0.000 02O000M000t
00628 ASP-1A0282_005 f 0.00 -1.000     0  4.75  0 -1  -1.283  -3.386   0.486  -0.136   3.978   0.000 -1O000M000t
00629 MET01A0283_001 f 0.00  0.000     0  0.00  0  0  -9.310   5.963   1.159   0.044   0.050   0.000 01O000M000t
00630 LEU01A0284_001 f 0.00  0.000     0  0.00  0  0   0.037  -3.356   0.575   0.000   0.000   0.000 01O000M000t
00631 MI101B0001_001 f 0.00  0.002     0  0.00  0  0   0.000  39.095   0.000  -3.104   7.170   0.018 01O000M000t
00632 MI1+1B0001_002 f 0.00  1.000     0  0.00  0  0   0.000  39.073   0.000  -1.764   9.269   2.096 +1O000M000t
00633 MI1+1B0001_003 f 0.00  1.000     0  0.00  0  0   0.000  38.933   0.000  -1.879   8.502   2.096 +1O000M000t
00634 MI1DMB0001_004 t 0.00  0.000     0  0.00  0  0   0.000   0.000   0.000   0.000   0.000   0.000         DMt
