 ph         7.4   7.4   7.4   7.4   7.4
TYR A0008 -0.00 -0.00 -0.00 -0.00 -0.00
HIS A0009  0.05  0.05  0.05  0.05  0.05
LYS A0010  1.00  1.00  1.00  1.00  1.00
ASP A0013 -1.00 -1.00 -1.00 -1.00 -1.00
ARG A0015  0.00  0.00  0.00  0.00  0.00
TYR A0016 -0.03 -0.03 -0.03 -0.03 -0.03
ARG A0019  1.00  1.00  1.00  1.00  1.00
ARG A0029  1.00  1.00  1.00  1.00  1.00
HIS A0030  0.00  0.00  0.00  0.00  0.00
ASP A0032 -1.00 -1.00 -1.00 -1.00 -1.00
ARG A0034  1.00  1.00  1.00  1.00  1.00
LYS A0040  1.00  1.00  1.00  1.00  1.00
HIS A0041  0.02  0.02  0.02  0.02  0.02
HIS A0043  0.28  0.28  0.28  0.28  0.28
HIS A0045  0.47  0.47  0.47  0.47  0.47
ASP A0050 -1.00 -1.00 -1.00 -1.00 -1.00
GLU A0052 -0.93 -0.93 -0.93 -0.93 -0.93
ARG A0053  1.00  1.00  1.00  1.00  1.00
LYS A0054  0.99  0.99  0.99  0.99  0.99
ASP A0055 -1.00 -1.00 -1.00 -1.00 -1.00
ARG A0058  1.00  1.00  1.00  1.00  1.00
GLU A0059 -1.00 -1.00 -1.00 -1.00 -1.00
GLU A0061 -1.00 -1.00 -1.00 -1.00 -1.00
HIS A0064  0.00  0.00  0.00  0.00  0.00
LYS A0065  1.00  1.00  1.00  1.00  1.00
ARG A0067  1.00  1.00  1.00  1.00  1.00
TYR A0070 -0.00 -0.00 -0.00 -0.00 -0.00
CYS A0078  0.00  0.00  0.00  0.00  0.00
GLU A0080 -1.00 -1.00 -1.00 -1.00 -1.00
GLU A0082 -1.00 -1.00 -1.00 -1.00 -1.00
GLU A0089 -1.00 -1.00 -1.00 -1.00 -1.00
TYR A0090 -0.00 -0.00 -0.00 -0.00 -0.00
GLU A0098 -1.00 -1.00 -1.00 -1.00 -1.00
HIS A0101  0.02  0.02  0.02  0.02  0.02
ARG A0102  1.00  1.00  1.00  1.00  1.00
LYS A0103  0.97  0.97  0.97  0.97  0.97
GLU A0105 -1.00 -1.00 -1.00 -1.00 -1.00
TYR A0106 -0.00 -0.00 -0.00 -0.00 -0.00
ASP A0108 -1.00 -1.00 -1.00 -1.00 -1.00
ARG A0114  1.00  1.00  1.00  1.00  1.00
ARG A0116  1.00  1.00  1.00  1.00  1.00
HIS A0119  0.00  0.00  0.00  0.00  0.00
GLU A0120 -1.00 -1.00 -1.00 -1.00 -1.00
TYR A0127  0.00  0.00  0.00  0.00  0.00
HIS A0129  0.04  0.04  0.04  0.04  0.04
HIS A0137  0.00  0.00  0.00  0.00  0.00
HIS A0138  0.00  0.00  0.00  0.00  0.00
ASP A0139 -0.98 -0.98 -0.98 -0.98 -0.98
LYS A0141  1.00  1.00  1.00  1.00  1.00
ASP A0148 -1.00 -1.00 -1.00 -1.00 -1.00
GLU A0150 -1.00 -1.00 -1.00 -1.00 -1.00
HIS A0152  1.00  1.00  1.00  1.00  1.00
LYS A0154  1.00  1.00  1.00  1.00  1.00
ASP A0157 -0.47 -0.47 -0.47 -0.47 -0.47
LYS A0162  1.00  1.00  1.00  1.00  1.00
CYS A0164 -0.07 -0.07 -0.07 -0.07 -0.07
ARG A0172  1.00  1.00  1.00  1.00  1.00
LYS A0175  1.00  1.00  1.00  1.00  1.00
GLU A0179 -1.00 -1.00 -1.00 -1.00 -1.00
TYR A0185  0.00  0.00  0.00 -0.00  0.00
GLU A0189 -1.00 -1.00 -1.00 -1.00 -1.00
TYR A0191  0.00  0.00  0.00  0.00  0.00
GLU A0192 -0.99 -0.99 -0.99 -0.99 -0.99
LYS A0196  1.00  1.00  1.00  1.00  1.00
ARG A0198  1.00  1.00  1.00  1.00  1.00
LYS A0202  1.00  1.00  1.00  1.00  1.00
HIS A0203  0.00  0.00  0.00  0.00  0.00
ASP A0204 -1.00 -1.00 -1.00 -1.00 -1.00
TYR A0206  0.00  0.00  0.00  0.00  0.00
TYR A0208  0.00  0.00  0.00  0.00  0.00
GLU A0214 -0.95 -0.95 -0.95 -0.95 -0.95
ARG A0218  1.00  1.00  1.00  1.00  1.00
LYS A0219  1.00  1.00  1.00  1.00  1.00
GLU A0223 -1.00 -1.00 -1.00 -1.00 -1.00
ASP A0224 -1.00 -1.00 -1.00 -1.00 -1.00
TYR A0233 -0.00 -0.00 -0.00 -0.00 -0.00
HIS A0239  0.26  0.26  0.26  0.26  0.26
ARG A0240  1.00  1.00  1.00  1.00  1.00
GLU A0245 -1.00 -1.00 -1.00 -1.00 -1.00
GLU A0246 -1.00 -1.00 -1.00 -1.00 -1.00
TYR A0250 -0.00 -0.00 -0.00 -0.00 -0.00
ASP A0251 -1.00 -1.00 -1.00 -1.00 -1.00
HIS A0254  0.00  0.00  0.00  0.00  0.00
ARG A0255  1.00  1.00  1.00  1.00  1.00
ARG A0257  1.00  1.00  1.00  1.00  1.00
GLU A0263 -1.00 -1.00 -1.00 -1.00 -1.00
ASP A0271 -1.00 -1.00 -1.00 -1.00 -1.00
GLU A0272 -1.00 -1.00 -1.00 -1.00 -1.00
ARG A0273  1.00  1.00  1.00  1.00  1.00
LYS A0278  0.00  0.00  0.00  0.00  0.00
CYS A0279  0.00  0.00  0.00  0.00  0.00
GLU A0282 -1.00 -1.00 -1.00 -1.00 -1.00
GLU A0284 -1.00 -1.00 -1.00 -1.00 -1.00
ARG A0288  1.00  1.00  1.00  1.00  1.00
GLU A0291 -1.00 -1.00 -1.00 -0.99 -0.99
GLU A0292 -1.00 -1.00 -1.00 -1.00 -1.00
GLU A0297 -0.99 -0.99 -0.99 -0.99 -0.99
LYS A0303  1.00  1.00  1.00  1.00  1.00
LYS A0304  1.00  1.00  1.00  1.00  1.00
LYS A0306  0.98  0.98  0.98  0.98  0.98
HIS B0003  0.16  0.16  0.16  0.16  0.16
HIS B0004  0.33  0.33  0.33  0.33  0.33
HIS B0005  0.22  0.22  0.22  0.22  0.22
HIS B0006  0.24  0.24  0.24  0.24  0.24
HIS B0007  0.00  0.00  0.00  0.00  0.00
HIS B0008  0.36  0.36  0.36  0.36  0.36
ASP B0013 -1.00 -1.00 -1.00 -1.00 -1.00
GLU B0017 -1.00 -1.00 -1.00 -1.00 -1.00
TYR B0020 -0.01 -0.01 -0.01 -0.01 -0.01
TYR B0032 -0.00 -0.00 -0.00 -0.00 -0.00
HIS B0033  0.01  0.01  0.01  0.01  0.01
LYS B0034  1.00  1.00  1.00  1.00  1.00
ASP B0037 -1.00 -1.00 -1.00 -1.00 -1.00
ARG B0039  1.00  1.00  1.00  1.00  1.00
TYR B0040 -0.22 -0.22 -0.22 -0.22 -0.22
ARG B0043  1.00  1.00  1.00  1.00  1.00
ARG B0053  1.00  1.00  1.00  1.00  1.00
HIS B0054  0.00  0.00  0.00  0.00  0.00
ASP B0056 -1.00 -1.00 -1.00 -1.00 -1.00
ARG B0058  1.00  1.00  1.00  1.00  1.00
LYS B0064  0.89  0.89  0.89  0.89  0.89
HIS B0065  0.02  0.02  0.02  0.02  0.02
HIS B0067  0.40  0.41  0.41  0.41  0.41
HIS B0069  0.05  0.05  0.05  0.05  0.05
ASP B0074 -1.00 -1.00 -1.00 -1.00 -1.00
GLU B0076 -0.95 -0.95 -0.95 -0.95 -0.95
ARG B0077  1.00  1.00  1.00  1.00  1.00
LYS B0078  0.99  0.99  0.99  0.99  0.99
ASP B0079 -0.99 -0.99 -0.99 -0.99 -0.99
ARG B0082  1.00  1.00  1.00  1.00  1.00
GLU B0083 -1.00 -1.00 -1.00 -1.00 -1.00
GLU B0085 -1.00 -1.00 -1.00 -1.00 -1.00
HIS B0088  0.00  0.00  0.00  0.00  0.00
LYS B0089  0.98  0.98  0.98  0.98  0.98
ARG B0091  1.00  1.00  1.00  1.00  1.00
TYR B0094  0.00 -0.00 -0.00  0.00 -0.00
CYS B0102  0.00  0.00  0.00  0.00  0.00
GLU B0104 -1.00 -1.00 -1.00 -1.00 -1.00
GLU B0106 -1.00 -1.00 -1.00 -1.00 -1.00
GLU B0113 -1.00 -1.00 -1.00 -1.00 -1.00
TYR B0114 -0.00 -0.00 -0.00 -0.00 -0.00
GLU B0122 -1.00 -1.00 -1.00 -1.00 -1.00
HIS B0125  0.03  0.03  0.03  0.03  0.03
ARG B0126  1.00  1.00  1.00  1.00  1.00
LYS B0127  1.00  1.00  1.00  1.00  1.00
GLU B0129 -1.00 -1.00 -1.00 -1.00 -1.00
TYR B0130  0.00  0.00  0.00  0.00  0.00
ASP B0132 -1.00 -1.00 -1.00 -1.00 -1.00
ARG B0138  1.00  1.00  1.00  1.00  1.00
ARG B0140  1.00  1.00  1.00  1.00  1.00
HIS B0143  0.04  0.04  0.04  0.04  0.04
GLU B0144 -1.00 -1.00 -1.00 -1.00 -1.00
TYR B0151  0.00  0.00  0.00  0.00  0.00
HIS B0153  0.07  0.07  0.07  0.07  0.07
HIS B0161  0.00  0.00  0.00  0.00  0.00
HIS B0162  0.03  0.03  0.03  0.03  0.03
ASP B0163 -0.98 -0.98 -0.98 -0.98 -0.98
LYS B0165  1.00  1.00  1.00  1.00  1.00
ASP B0172 -1.00 -1.00 -1.00 -1.00 -1.00
GLU B0174 -1.00 -1.00 -1.00 -1.00 -1.00
HIS B0176  1.00  1.00  1.00  1.00  1.00
LYS B0178  1.00  1.00  1.00  1.00  1.00
ASP B0181 -0.16 -0.16 -0.16 -0.16 -0.16
LYS B0186  0.99  0.99  0.99  0.99  0.99
CYS B0188 -0.11 -0.11 -0.11 -0.11 -0.11
ARG B0196  1.00  1.00  1.00  1.00  1.00
LYS B0199  1.00  1.00  1.00  1.00  1.00
GLU B0203 -0.98 -0.98 -0.98 -0.98 -0.98
TYR B0209  0.00 -0.00 -0.00 -0.00 -0.00
GLU B0213 -1.00 -1.00 -1.00 -1.00 -1.00
TYR B0215  0.00  0.00  0.00  0.00  0.00
GLU B0216 -1.00 -1.00 -1.00 -1.00 -1.00
LYS B0220  1.00  1.00  1.00  1.00  1.00
ARG B0222  1.00  1.00  1.00  1.00  1.00
LYS B0226  1.00  1.00  1.00  1.00  1.00
HIS B0227  0.01  0.01  0.01  0.01  0.01
ASP B0228 -1.00 -1.00 -1.00 -1.00 -1.00
TYR B0230  0.00  0.00  0.00  0.00  0.00
TYR B0232  0.00  0.00  0.00  0.00  0.00
GLU B0238 -0.86 -0.86 -0.86 -0.86 -0.86
ARG B0242  1.00  1.00  1.00  1.00  1.00
LYS B0243  1.00  1.00  1.00  1.00  1.00
GLU B0247 -1.00 -1.00 -1.00 -1.00 -1.00
ASP B0248 -1.00 -1.00 -1.00 -1.00 -1.00
TYR B0257 -0.00 -0.00 -0.00 -0.00 -0.00
HIS B0263  0.33  0.33  0.33  0.33  0.33
ARG B0264  1.00  1.00  1.00  1.00  1.00
GLU B0269 -1.00 -1.00 -1.00 -1.00 -1.00
GLU B0270 -1.00 -1.00 -1.00 -1.00 -1.00
TYR B0274 -0.00 -0.00 -0.00 -0.00 -0.00
ASP B0275 -1.00 -1.00 -1.00 -1.00 -1.00
HIS B0278  0.00  0.00  0.00  0.00  0.00
ARG B0279  1.00  1.00  1.00  1.00  1.00
ARG B0281  1.00  1.00  1.00  1.00  1.00
GLU B0287 -0.99 -0.99 -0.99 -0.99 -0.99
ASP B0295 -1.00 -1.00 -1.00 -1.00 -1.00
GLU B0296 -1.00 -1.00 -1.00 -1.00 -1.00
ARG B0297  1.00  1.00  1.00  1.00  1.00
LYS B0302  1.00  1.00  1.00  1.00  1.00
CYS B0303  0.00  0.00  0.00  0.00  0.00
GLU B0306 -1.00 -1.00 -1.00 -1.00 -1.00
GLU B0308 -1.00 -1.00 -1.00 -1.00 -1.00
ARG B0312  1.00  1.00  1.00  1.00  1.00
GLU B0315 -1.00 -1.00 -1.00 -1.00 -1.00
GLU B0316 -1.00 -1.00 -1.00 -1.00 -1.00
GLU B0321 -1.00 -1.00 -1.00 -1.00 -1.00
LYS B0327  1.00  1.00  1.00  1.00  1.00
LYS B0328  1.00  1.00  1.00  1.00  1.00
LYS B0330  1.00  1.00  1.00  1.00  1.00

Tot Protn  -1.4  -1.4  -1.4  -1.4  -1.4
Tot Elec    0.0   0.0   0.0   0.0   0.0
Net crg     0.6   0.6   0.6   0.6   0.6
