  pH           7
TYR-A0002_ -0.00
ASP-A0008_ -0.98
ASP-A0010_ -1.00
GLU-A0011_ -0.98
ASP-A0015_ -1.00
GLU-A0016_ -1.00
HIS+A0017_  0.21
CYS-A0018_ -0.01
GLU-A0019_ -1.00
ARG+A0020_  1.00
TYR-A0023_ -0.00
ASP-A0024_ -1.00
LYS+A0027_  1.00
GLU-A0029_ -1.00
ARG+A0032_  1.00
ASP-A0033_ -1.00
ARG+A0034_  1.00
LYS+A0036_  1.00
LYS+A0039_  1.00
ARG+A0043_  1.00
GLU-A0051_ -0.99
ASP-A0053_ -0.99
ASP-A0058_ -1.00
LYS+A0059_  1.00
CYS-A0063_ -0.03
ARG+A0064_  1.00
LYS+A0069_  1.00
LYS+A0072_  1.00
GLU-A0073_ -1.00
HIS+A0077_  0.04
GLU-A0079_ -1.00
HIS+A0080_  0.05
ARG+A0081_  1.00
GLU-A0086_ -1.00
LYS+A0088_  0.87
HIS+A0092_  0.01
HIS+A0095_  0.03
HIS+A0096_  0.00
CYS-A0106_ -0.00
LYS+A0108_  1.00
GLU-A0118_ -1.00
CYS-A0120_ -0.00
LYS+A0121_  1.00
TYR-A0128_ -0.00
ARG+A0130_  1.00
LYS+A0132_  1.00
ARG+A0133_  1.00
GLU-A0135_ -1.00
TYR-A0139_ -0.01
LYS+A0140_  1.00
GLU-A0144_ -1.00
ASP-A0145_ -1.00
TYR-A0147_ -0.00
LYS+A0148_  1.00
ASP-A0149_ -1.00
GLU-A0154_ -1.00
HIS+A0155_  0.00
CYS-A0158_ -0.00
TYR-A0159_ -0.00
LYS+A0165_  1.00
GLU-A0168_ -0.99
ARG+A0173_  1.00
LYS+A0174_  1.00
CYS-A0175_ -0.00
HIS+A0177_  0.00
ARG+A0178_  1.00
ASP-A0179_ -1.00
ARG+A0183_  1.00
GLU-A0189_ -1.00
LYS+A0190_  1.00
LYS+A0194_  1.00
CYS-A0196_ -0.00
ASP-A0197_ -1.00
ARG+A0202_  1.00
ASP-A0203_ -1.00
TYR-A0205_ -0.02
LYS+A0206_  1.00
ASP-A0207_ -1.00
ASP-A0209_ -1.00
TYR-A0210_ -0.00
ARG+A0212_  1.00
LYS+A0213_  0.98
ASP-A0215_ -1.00
ARG+A0217_  1.00
LYS+A0221_  1.00
GLU-A0226_ -1.00
ASP-A0230_ -1.00
ARG+A0231_  1.00
TYR-A0233_ -0.00
ASP-A0238_ -0.00
GLU-A0248_ -1.00
TYR-A0257_ -0.00
LYS+A0261_  1.00
ASP-A0263_ -1.00
GLU-A0264_ -1.00
GLU-A0265_ -1.00
CYS-A0267_ -0.00
ARG+A0268_  1.00
ARG+A0269_  1.00
LYS+A0271_  1.00
GLU-A0272_ -1.00
ARG+A0275_  1.00
ARG+A0277_  1.00
ASP-A0280_ -1.00
TYR-A0281_ -0.00
GLU-A0285_ -1.00
TYR-A0287_ -0.00
ASP-A0292_ -0.99
CYS-A0293_ -0.00
HIS+A0295_  0.00
GLU-A0297_ -1.00
ARG+A0301_  1.00
GLU-A0306_ -0.99
GLU-A0309_ -1.00
HIS+A0310_  0.29
AXI+B0001_  0.00
----------
Net_Charge -0.51
Protons    -0.51
Electrons   0.00
